Build Started 21_08_2024_08_46_35
2024-08-21 08:48:11.818 7 WARNING cinder.scheduler.host_manager [None req-456822e7-a854-488c-be20-17659452477c aa3493ddb6a64cf892df61c951595077 256850d8af794207966f1872ae7f7133 - - - -] volume service is down. (host: rack04-server68@LIGHTOSboocrr)
2024-08-21 08:48:11.975 7 WARNING cinder.scheduler.host_manager [req-a0876447-a373-48e3-b8a7-ce34bdfb9016 req-909fb54f-55c5-458f-a0eb-df945a3a94c0 3fafc188b65b4b77914a495ac1b7c447 c36b690fda6a4da780ce11c94ef6ed8d - - - -] volume service is down. (host: rack04-server68@LIGHTOSboocrr)
2024-08-21 08:48:12.753 7 WARNING cinder.scheduler.host_manager [None req-d7f628c1-e103-4011-80aa-667e4dfd5b1f a93747d0698b49d9a638f2863c2d1a4f 7d3462c770044246a77a27bac3e6345e - - - -] volume service is down. (host: rack04-server68@LIGHTOSboocrr)
2024-08-21 08:48:13.282 7 WARNING cinder.scheduler.host_manager [None req-b8fab4f9-75a4-492d-bf61-cd67a8d18d30 a93747d0698b49d9a638f2863c2d1a4f 7d3462c770044246a77a27bac3e6345e - - - -] volume service is down. (host: rack04-server68@LIGHTOSboocrr)
2024-08-21 08:48:13.449 7 WARNING cinder.scheduler.host_manager [None req-54fb79d1-d8bb-462b-bab8-2943e53f8126 aa3493ddb6a64cf892df61c951595077 256850d8af794207966f1872ae7f7133 - - - -] volume service is down. (host: rack04-server68@LIGHTOSboocrr)
2024-08-21 08:48:13.542 7 WARNING cinder.scheduler.host_manager [req-ecd4816d-445a-44be-8678-03c1366a1dd6 req-abff3a5a-d447-4c50-bb0a-8b25090e7ac6 3fafc188b65b4b77914a495ac1b7c447 c36b690fda6a4da780ce11c94ef6ed8d - - - -] volume service is down. (host: rack04-server68@LIGHTOSboocrr)
2024-08-21 08:48:14.888 7 WARNING cinder.scheduler.host_manager [None req-ec6fbef1-87b4-46fb-8cd3-6b9d682fa500 aa3493ddb6a64cf892df61c951595077 256850d8af794207966f1872ae7f7133 - - - -] volume service is down. (host: rack04-server68@LIGHTOSboocrr)
2024-08-21 08:48:22.597 7 WARNING cinder.scheduler.host_manager [None req-37bedc24-a0e0-499c-b19c-eadbb7a9cfbc 5368807ab518482a9a447b60c3934ad0 4742b804534043db906a9d573aaeca37 - - - -] volume service is down. (host: rack04-server68@LIGHTOSboocrr)
2024-08-21 08:48:22.604 7 WARNING cinder.scheduler.host_manager [None req-37bedc24-a0e0-499c-b19c-eadbb7a9cfbc 5368807ab518482a9a447b60c3934ad0 4742b804534043db906a9d573aaeca37 - - - -] volume service is down. (host: rack04-server68@LIGHTOSboocrr)
2024-08-21 08:48:22.862 7 WARNING cinder.scheduler.host_manager [req-4276f973-eb05-4b51-a4fc-35e3542f00c9 req-f90d7457-2a12-4a74-9ea0-c4d303ae4f5d 84be74fbd3dd442aae100e97af24541c e82991fdc83b491d9c36fb8c2ce75df1 - - - -] volume service is down. (host: rack04-server68@LIGHTOSboocrr)
2024-08-21 08:48:23.985 7 WARNING cinder.scheduler.host_manager [None req-e72fa643-4fe3-486b-a45b-478d7bf944e1 5368807ab518482a9a447b60c3934ad0 4742b804534043db906a9d573aaeca37 - - - -] volume service is down. (host: rack04-server68@LIGHTOSboocrr)
2024-08-21 08:48:25.321 7 WARNING cinder.scheduler.host_manager [None req-95d4849a-2097-4af8-aafa-2d1487e399e4 5368807ab518482a9a447b60c3934ad0 4742b804534043db906a9d573aaeca37 - - - -] volume service is down. (host: rack04-server68@LIGHTOSboocrr)
2024-08-21 08:48:26.615 7 WARNING cinder.scheduler.host_manager [None req-a11421f1-2cdb-4f48-8846-e5f8caf170c9 3fc3c43e65064b5a930be23ae39400f6 f1dbd2a505bf4ab2a6cf2c515f84fbf9 - - - -] volume service is down. (host: rack04-server68@LIGHTOSboocrr)
2024-08-21 08:48:26.621 7 WARNING cinder.scheduler.host_manager [None req-a11421f1-2cdb-4f48-8846-e5f8caf170c9 3fc3c43e65064b5a930be23ae39400f6 f1dbd2a505bf4ab2a6cf2c515f84fbf9 - - - -] volume service is down. (host: rack04-server68@LIGHTOSboocrr)
2024-08-21 08:48:27.966 7 WARNING cinder.scheduler.host_manager [None req-57199648-1dc3-47b3-a6f7-f4525de5b688 3fc3c43e65064b5a930be23ae39400f6 f1dbd2a505bf4ab2a6cf2c515f84fbf9 - - - -] volume service is down. (host: rack04-server68@LIGHTOSboocrr)
2024-08-21 08:48:32.098 7 WARNING cinder.scheduler.host_manager [None req-68b79fe2-07ac-42e0-a58b-290cc636ba1b f197c219707d49c08246ba97db313243 d7edbbc826b843aca20b8bdfc5d99cb1 - - - -] volume service is down. (host: rack04-server68@LIGHTOSboocrr)
2024-08-21 08:48:32.104 7 WARNING cinder.scheduler.host_manager [None req-68b79fe2-07ac-42e0-a58b-290cc636ba1b f197c219707d49c08246ba97db313243 d7edbbc826b843aca20b8bdfc5d99cb1 - - - -] volume service is down. (host: rack04-server68@LIGHTOSboocrr)
2024-08-21 08:48:33.744 7 WARNING cinder.scheduler.host_manager [None req-d4b58056-c627-4361-be4c-5b7e5d23620b f197c219707d49c08246ba97db313243 d7edbbc826b843aca20b8bdfc5d99cb1 - - - -] volume service is down. (host: rack04-server68@LIGHTOSboocrr)
2024-08-21 08:48:37.451 7 WARNING cinder.scheduler.host_manager [None req-53cd126c-3111-4c0b-a42c-a8ffc28a1dd9 f197c219707d49c08246ba97db313243 d7edbbc826b843aca20b8bdfc5d99cb1 - - - -] volume service is down. (host: rack04-server68@LIGHTOSboocrr)
2024-08-21 08:48:38.420 7 WARNING cinder.scheduler.host_manager [None req-99ccb8af-ce58-49d1-908c-43edb1a760ce 548a9bedf18e43538a3596707755030a 04aff94ab577479cbd14f90393f103b6 - - - -] volume service is down. (host: rack04-server68@LIGHTOSboocrr)
2024-08-21 08:48:38.431 7 WARNING cinder.scheduler.host_manager [None req-99ccb8af-ce58-49d1-908c-43edb1a760ce 548a9bedf18e43538a3596707755030a 04aff94ab577479cbd14f90393f103b6 - - - -] volume service is down. (host: rack04-server68@LIGHTOSboocrr)
2024-08-21 08:48:40.560 7 WARNING cinder.scheduler.host_manager [None req-14ff217c-d044-44d0-ab12-ca6105aa3bfe fdbf3ede743d49fd80449d471eac43fe 2c245e49c8ae4453bae7a86977785033 - - - -] volume service is down. (host: rack04-server68@LIGHTOSboocrr)
2024-08-21 08:48:41.805 7 WARNING cinder.scheduler.host_manager [None req-666c2903-85ff-4b29-b4a7-a932d947318e fdbf3ede743d49fd80449d471eac43fe 2c245e49c8ae4453bae7a86977785033 - - - -] volume service is down. (host: rack04-server68@LIGHTOSboocrr)
2024-08-21 08:48:44.342 7 WARNING cinder.scheduler.host_manager [None req-45142b26-57fa-4da7-be63-c85ddb0e70d2 fdbf3ede743d49fd80449d471eac43fe 2c245e49c8ae4453bae7a86977785033 - - - -] volume service is down. (host: rack04-server68@LIGHTOSboocrr)
2024-08-21 08:48:48.899 7 WARNING cinder.scheduler.host_manager [None req-9094bdd3-0dc5-4231-8c43-2b726a1fafc7 fdbf3ede743d49fd80449d471eac43fe 2c245e49c8ae4453bae7a86977785033 - - - -] volume service is down. (host: rack04-server68@LIGHTOSboocrr)
2024-08-21 08:48:48.926 7 WARNING cinder.scheduler.host_manager [None req-38e11b85-5633-463e-af9c-0516a6156051 f197c219707d49c08246ba97db313243 d7edbbc826b843aca20b8bdfc5d99cb1 - - - -] volume service is down. (host: rack04-server68@LIGHTOSboocrr)
2024-08-21 08:48:48.930 7 WARNING cinder.scheduler.host_manager [None req-38e11b85-5633-463e-af9c-0516a6156051 f197c219707d49c08246ba97db313243 d7edbbc826b843aca20b8bdfc5d99cb1 - - - -] volume service is down. (host: rack04-server68@LIGHTOSboocrr)
2024-08-21 08:48:49.601 7 WARNING cinder.scheduler.host_manager [None req-66f73b78-4a83-4be0-b024-f25eee915907 109b49442586441687dd55b8a4cbd880 f1f729e7946c4dc1abd81d891d373266 - - - -] volume service is down. (host: rack04-server68@LIGHTOSboocrr)
2024-08-21 08:48:50.309 7 WARNING cinder.scheduler.host_manager [None req-9c7f0aa1-5804-472b-ab24-717c54e93cbe f197c219707d49c08246ba97db313243 d7edbbc826b843aca20b8bdfc5d99cb1 - - - -] volume service is down. (host: rack04-server68@LIGHTOSboocrr)
2024-08-21 08:48:51.779 7 WARNING cinder.scheduler.host_manager [None req-e7cb5f22-b23f-4995-aec0-86df8f54fc94 f197c219707d49c08246ba97db313243 d7edbbc826b843aca20b8bdfc5d99cb1 - - - -] volume service is down. (host: rack04-server68@LIGHTOSboocrr)
2024-08-21 08:48:53.483 7 WARNING cinder.scheduler.host_manager [None req-c9b48e9b-6c45-4859-9b5c-564a9460e2df fdbf3ede743d49fd80449d471eac43fe 2c245e49c8ae4453bae7a86977785033 - - - -] volume service is down. (host: rack04-server68@LIGHTOSboocrr)
2024-08-21 08:48:53.889 7 WARNING cinder.scheduler.host_manager [None req-670b030c-810f-4ade-be66-c3384e3f72ef 4e278944615e4cadb1ba4ec5d9e699f8 4b1c714f11084079889cb2f63cb79c7a - - - -] volume service is down. (host: rack04-server68@LIGHTOSboocrr)
2024-08-21 08:48:55.501 7 WARNING cinder.scheduler.host_manager [None req-785ac869-ed73-4060-b86d-09799911091a 4e278944615e4cadb1ba4ec5d9e699f8 4b1c714f11084079889cb2f63cb79c7a - - - -] volume service is down. (host: rack04-server68@LIGHTOSboocrr)
2024-08-21 08:48:58.072 7 WARNING cinder.scheduler.host_manager [None req-1de1795e-46a4-487c-a8a9-2c8fe3bcc498 fdbf3ede743d49fd80449d471eac43fe 2c245e49c8ae4453bae7a86977785033 - - - -] volume service is down. (host: rack04-server68@LIGHTOSboocrr)
2024-08-21 08:49:02.972 7 WARNING cinder.scheduler.host_manager [None req-7eedea55-5c4d-45b9-b1c3-36e7104df2ce ed2ac62a44604ab7ae86964e6714115e 79848abe7a89480ebc17d8040a331349 - - - -] volume service is down. (host: rack04-server68@LIGHTOSboocrr)
2024-08-21 08:49:09.491 7 WARNING cinder.scheduler.host_manager [None req-941a7a24-bf96-4c8d-8d29-4128ae3ba1ed f197c219707d49c08246ba97db313243 d7edbbc826b843aca20b8bdfc5d99cb1 - - - -] volume service is down. (host: rack04-server68@LIGHTOSboocrr)
2024-08-21 08:49:09.497 7 WARNING cinder.scheduler.host_manager [None req-941a7a24-bf96-4c8d-8d29-4128ae3ba1ed f197c219707d49c08246ba97db313243 d7edbbc826b843aca20b8bdfc5d99cb1 - - - -] volume service is down. (host: rack04-server68@LIGHTOSboocrr)
2024-08-21 08:49:10.852 7 WARNING cinder.scheduler.host_manager [None req-f33b9615-2abe-4220-94f5-252a36ec30ca f197c219707d49c08246ba97db313243 d7edbbc826b843aca20b8bdfc5d99cb1 - - - -] volume service is down. (host: rack04-server68@LIGHTOSboocrr)
2024-08-21 08:49:11.068 7 WARNING cinder.scheduler.host_manager [None req-9f137d65-fb2d-49ce-92c9-dd0143165a60 786da66a993b449486a4438b0208fc22 d93274d8104a498e98d5f275cdaa5bfb - - - -] volume service is down. (host: rack04-server68@LIGHTOSboocrr)
2024-08-21 08:49:11.068 7 INFO cinder.scheduler.base_filter [None req-9f137d65-fb2d-49ce-92c9-dd0143165a60 786da66a993b449486a4438b0208fc22 d93274d8104a498e98d5f275cdaa5bfb - - - -] Filtering removed all hosts for the request with volume ID '2ba2be8b-dbe8-46d7-9db4-a95cfb406063'. Filter results: AvailabilityZoneFilter: (start: 1, end: 1), CapacityFilter: (start: 1, end: 1), CapabilitiesFilter: (start: 1, end: 0)
2024-08-21 08:49:11.069 7 WARNING cinder.scheduler.filter_scheduler [None req-9f137d65-fb2d-49ce-92c9-dd0143165a60 786da66a993b449486a4438b0208fc22 d93274d8104a498e98d5f275cdaa5bfb - - - -] No weighed backend found for volume with properties: {'id': 'be825081-2476-463e-a64a-74899596927c', 'name': 'tempest-UserMessagesTest-volume-type-925909695', 'description': None, 'is_public': True, 'projects': [], 'extra_specs': {'storage_protocol': 'tempest-storage_protocol-321821490', 'vendor_name': 'tempest-vendor_name-1862878402'}, 'qos_specs_id': None, 'created_at': '2024-08-21T08:49:10.000000', 'updated_at': None, 'deleted_at': None, 'deleted': False}
2024-08-21 08:49:11.069 7 INFO cinder.message.api [None req-9f137d65-fb2d-49ce-92c9-dd0143165a60 786da66a993b449486a4438b0208fc22 d93274d8104a498e98d5f275cdaa5bfb - - - -] Creating message record for request_id = req-9f137d65-fb2d-49ce-92c9-dd0143165a60
2024-08-21 08:49:11.072 7 ERROR cinder.scheduler.flows.create_volume [None req-9f137d65-fb2d-49ce-92c9-dd0143165a60 786da66a993b449486a4438b0208fc22 d93274d8104a498e98d5f275cdaa5bfb - - - -] Failed to run task cinder.scheduler.flows.create_volume.ScheduleCreateVolumeTask;volume:create: No valid backend was found. No weighed backends available: cinder.exception.NoValidBackend: No valid backend was found. No weighed backends available
2024-08-21 08:49:12.941 7 WARNING cinder.scheduler.host_manager [None req-88973749-8516-451a-af0a-9d36bf4bbc0e 786da66a993b449486a4438b0208fc22 d93274d8104a498e98d5f275cdaa5bfb - - - -] volume service is down. (host: rack04-server68@LIGHTOSboocrr)
2024-08-21 08:49:12.941 7 INFO cinder.scheduler.base_filter [None req-88973749-8516-451a-af0a-9d36bf4bbc0e 786da66a993b449486a4438b0208fc22 d93274d8104a498e98d5f275cdaa5bfb - - - -] Filtering removed all hosts for the request with volume ID '572fbfb7-9988-4fb5-828b-4efd4fd52b3c'. Filter results: AvailabilityZoneFilter: (start: 1, end: 1), CapacityFilter: (start: 1, end: 1), CapabilitiesFilter: (start: 1, end: 0)
2024-08-21 08:49:12.942 7 WARNING cinder.scheduler.filter_scheduler [None req-88973749-8516-451a-af0a-9d36bf4bbc0e 786da66a993b449486a4438b0208fc22 d93274d8104a498e98d5f275cdaa5bfb - - - -] No weighed backend found for volume with properties: {'id': 'e4374d9c-46fb-4722-85ae-f47104ff0971', 'name': 'tempest-UserMessagesTest-volume-type-1032247874', 'description': None, 'is_public': True, 'projects': [], 'extra_specs': {'storage_protocol': 'tempest-storage_protocol-545124887', 'vendor_name': 'tempest-vendor_name-986234972'}, 'qos_specs_id': None, 'created_at': '2024-08-21T08:49:12.000000', 'updated_at': None, 'deleted_at': None, 'deleted': False}
2024-08-21 08:49:12.942 7 INFO cinder.message.api [None req-88973749-8516-451a-af0a-9d36bf4bbc0e 786da66a993b449486a4438b0208fc22 d93274d8104a498e98d5f275cdaa5bfb - - - -] Creating message record for request_id = req-88973749-8516-451a-af0a-9d36bf4bbc0e
2024-08-21 08:49:12.945 7 ERROR cinder.scheduler.flows.create_volume [None req-88973749-8516-451a-af0a-9d36bf4bbc0e 786da66a993b449486a4438b0208fc22 d93274d8104a498e98d5f275cdaa5bfb - - - -] Failed to run task cinder.scheduler.flows.create_volume.ScheduleCreateVolumeTask;volume:create: No valid backend was found. No weighed backends available: cinder.exception.NoValidBackend: No valid backend was found. No weighed backends available
2024-08-21 08:49:21.492 7 WARNING cinder.scheduler.host_manager [None req-ab13731f-ea58-43ad-af18-996b8883ab28 902381e4192241bda50460d9cfc042e3 9ef59ddf24d042d3a09a8a86707928e9 - - - -] volume service is down. (host: rack04-server68@LIGHTOSboocrr)
2024-08-21 08:49:26.738 7 WARNING cinder.scheduler.host_manager [None req-67e9e4e3-3e4c-47b4-b3f8-0608bf9b0860 3801d8ee89224169a7854c44daed12a4 8b49f796e8934404af2a1778905e575c - - - -] volume service is down. (host: rack04-server68@LIGHTOSboocrr)
2024-08-21 08:49:26.746 7 WARNING cinder.scheduler.host_manager [None req-67e9e4e3-3e4c-47b4-b3f8-0608bf9b0860 3801d8ee89224169a7854c44daed12a4 8b49f796e8934404af2a1778905e575c - - - -] volume service is down. (host: rack04-server68@LIGHTOSboocrr)
2024-08-21 08:49:27.652 7 WARNING cinder.scheduler.host_manager [None req-22ba3518-01ff-4a80-9ac4-c3535fd312fa a1bfe8e00fa44467ba0f3129724abcb1 0aad677909394fedb7a9e80ff0c70950 - - - -] volume service is down. (host: rack04-server68@LIGHTOSboocrr)
2024-08-21 08:49:27.941 7 WARNING cinder.scheduler.host_manager [None req-217f2023-4ee9-4711-a8e2-68735c09cd61 3801d8ee89224169a7854c44daed12a4 8b49f796e8934404af2a1778905e575c - - - -] volume service is down. (host: rack04-server68@LIGHTOSboocrr)
2024-08-21 08:49:27.947 7 WARNING cinder.scheduler.host_manager [None req-217f2023-4ee9-4711-a8e2-68735c09cd61 3801d8ee89224169a7854c44daed12a4 8b49f796e8934404af2a1778905e575c - - - -] volume service is down. (host: rack04-server68@LIGHTOSboocrr)
2024-08-21 08:49:29.284 7 WARNING cinder.scheduler.host_manager [None req-2f24be06-a5e1-4b77-a180-10e602a761e3 3801d8ee89224169a7854c44daed12a4 8b49f796e8934404af2a1778905e575c - - - -] volume service is down. (host: rack04-server68@LIGHTOSboocrr)
2024-08-21 08:49:33.992 7 WARNING cinder.scheduler.host_manager [None req-9674c82d-15ec-4a6f-ae73-e3d90b029c8f 4ef9317845b64db49f8c5ccdf0d5b9de f1be2e934a8e4a5c81e6546a4e9a2f2d - - - -] volume service is down. (host: rack04-server68@LIGHTOSboocrr)
2024-08-21 08:49:35.247 7 WARNING cinder.scheduler.host_manager [None req-6c3026cb-6da2-48b7-962e-7c08789a1596 4ef9317845b64db49f8c5ccdf0d5b9de f1be2e934a8e4a5c81e6546a4e9a2f2d - - - -] volume service is down. (host: rack04-server68@LIGHTOSboocrr)
2024-08-21 08:49:35.668 7 WARNING cinder.scheduler.host_manager [None req-28aef43d-b33a-4327-a59f-c003c83bc9eb 3801d8ee89224169a7854c44daed12a4 8b49f796e8934404af2a1778905e575c - - - -] volume service is down. (host: rack04-server68@LIGHTOSboocrr)
2024-08-21 08:49:35.674 7 WARNING cinder.scheduler.host_manager [None req-28aef43d-b33a-4327-a59f-c003c83bc9eb 3801d8ee89224169a7854c44daed12a4 8b49f796e8934404af2a1778905e575c - - - -] volume service is down. (host: rack04-server68@LIGHTOSboocrr)
2024-08-21 08:49:37.018 7 WARNING cinder.scheduler.host_manager [None req-52821c3a-7adf-4d5b-b108-677e53da6784 3801d8ee89224169a7854c44daed12a4 8b49f796e8934404af2a1778905e575c - - - -] volume service is down. (host: rack04-server68@LIGHTOSboocrr)
2024-08-21 08:49:38.460 7 WARNING cinder.scheduler.host_manager [None req-8333e34c-d069-41d2-929e-32a1fec80412 3801d8ee89224169a7854c44daed12a4 8b49f796e8934404af2a1778905e575c - - - -] volume service is down. (host: rack04-server68@LIGHTOSboocrr)
2024-08-21 08:49:43.402 7 WARNING cinder.scheduler.host_manager [None req-0dc11b18-34fb-4b71-8db7-c4b37ad41787 0f5b920bcec34bf3b2d0993be9efd5d8 205893bacd4642c797d0cedb02656a07 - - - -] volume service is down. (host: rack04-server68@LIGHTOSboocrr)
2024-08-21 08:49:44.804 7 WARNING cinder.scheduler.host_manager [None req-419fb3c8-b6a5-4bcf-8de5-5d8ac966d95b 0f5b920bcec34bf3b2d0993be9efd5d8 205893bacd4642c797d0cedb02656a07 - - - -] volume service is down. (host: rack04-server68@LIGHTOSboocrr)
2024-08-21 08:49:46.185 7 WARNING cinder.scheduler.host_manager [None req-06dddde5-d267-4f7e-8a42-ff8bcbba9c94 0f5b920bcec34bf3b2d0993be9efd5d8 205893bacd4642c797d0cedb02656a07 - - - -] volume service is down. (host: rack04-server68@LIGHTOSboocrr)
2024-08-21 08:49:46.559 7 WARNING cinder.scheduler.host_manager [None req-50e460b3-62c4-4213-8932-55ca80eef471 3398c2d411ea4b40999f802f790e1b54 82526cc66d454108be26c3691630176d - - - -] volume service is down. (host: rack04-server68@LIGHTOSboocrr)
2024-08-21 08:49:47.715 7 WARNING cinder.scheduler.host_manager [None req-b345f5e5-bbbf-425d-a838-070c1b40e1d9 114dba7ed11b488cb0f7636391420cd4 9b5480df433c4444ad6a4ff24ad25655 - - - -] volume service is down. (host: rack04-server68@LIGHTOSboocrr)
2024-08-21 08:49:53.160 7 WARNING cinder.scheduler.host_manager [None req-f186da22-881c-47b4-ae15-7305ea8f4c35 3398c2d411ea4b40999f802f790e1b54 82526cc66d454108be26c3691630176d - - - -] volume service is down. (host: rack04-server68@LIGHTOSboocrr)
2024-08-21 08:49:55.273 7 WARNING cinder.scheduler.host_manager [None req-19d919c5-188e-44c2-a59d-713437d66143 aafcae8cf33a48bcb62589df96083141 b7363b8c60ae4f25a09c781c15de2d2e - - - -] volume service is down. (host: rack04-server68@LIGHTOSboocrr)
2024-08-21 08:50:00.021 7 WARNING cinder.scheduler.host_manager [None req-757b59d1-7b56-4724-a6f6-05daf874d766 aafcae8cf33a48bcb62589df96083141 b7363b8c60ae4f25a09c781c15de2d2e - - - -] volume service is down. (host: rack04-server68@LIGHTOSboocrr)
2024-08-21 08:50:00.226 7 WARNING cinder.scheduler.host_manager [None req-bbc83125-32f9-459c-97d1-9aa8b325c75d 25a7740f19cf4c438761961cd9704cd4 06f1cdf53a184b319e4bd1863c799e0b - - - -] volume service is down. (host: rack04-server68@LIGHTOSboocrr)
2024-08-21 08:50:02.574 7 WARNING cinder.scheduler.host_manager [None req-885b55bf-122d-4406-9229-bc732fe910ed 25a7740f19cf4c438761961cd9704cd4 06f1cdf53a184b319e4bd1863c799e0b - - - -] volume service is down. (host: rack04-server68@LIGHTOSboocrr)
2024-08-21 08:50:02.589 7 WARNING cinder.scheduler.host_manager [None req-db9b35e1-6077-4a00-bbd4-1b33131a130e 47d5e772297e48568e16d44e08b00e59 6669dd67d57245cfa1a3175ffdf431c8 - - - -] volume service is down. (host: rack04-server68@LIGHTOSboocrr)
2024-08-21 08:50:04.828 7 WARNING cinder.scheduler.host_manager [None req-8c7a9969-22d8-4a83-b446-e360d150b57e 25a7740f19cf4c438761961cd9704cd4 06f1cdf53a184b319e4bd1863c799e0b - - - -] volume service is down. (host: rack04-server68@LIGHTOSboocrr)
2024-08-21 08:50:07.702 7 WARNING cinder.scheduler.host_manager [None req-2412d65e-2a0f-4955-a726-c941fe02c30d 47d5e772297e48568e16d44e08b00e59 6669dd67d57245cfa1a3175ffdf431c8 - - - -] volume service is down. (host: rack04-server68@LIGHTOSboocrr)
2024-08-21 08:50:10.061 7 WARNING cinder.scheduler.host_manager [None req-2d65f3c4-2934-4590-9c6f-ef1fbecac249 b97c2d48de164650992df4371f3df5bd b13ca4cf52b1408ab863b465d868f695 - - - -] volume service is down. (host: rack04-server68@LIGHTOSboocrr)
2024-08-21 08:50:11.557 7 WARNING cinder.scheduler.host_manager [None req-f6a04f8e-373f-46d9-aa8a-e4aad0f06cb5 b97c2d48de164650992df4371f3df5bd b13ca4cf52b1408ab863b465d868f695 - - - -] volume service is down. (host: rack04-server68@LIGHTOSboocrr)
2024-08-21 08:50:12.753 7 WARNING cinder.scheduler.host_manager [None req-f1849ceb-0d59-4cb4-8d0d-fedfd7f26ec8 25a7740f19cf4c438761961cd9704cd4 06f1cdf53a184b319e4bd1863c799e0b - - - -] volume service is down. (host: rack04-server68@LIGHTOSboocrr)
2024-08-21 08:50:13.999 7 WARNING cinder.scheduler.host_manager [None req-5000ec73-1e95-4d4c-a11b-1300f2aa4022 25a7740f19cf4c438761961cd9704cd4 06f1cdf53a184b319e4bd1863c799e0b - - - -] volume service is down. (host: rack04-server68@LIGHTOSboocrr)
2024-08-21 08:50:15.227 7 WARNING cinder.scheduler.host_manager [None req-ed7d4205-bbfd-4339-b57f-a767a2dc26ae 5456a2182fba4e44ae0ef9b67c25a9ca ce6f5e6ee4b34dacbbdd9607786d0e4a - - - -] volume service is down. (host: rack04-server68@LIGHTOSboocrr)
2024-08-21 08:50:16.394 7 WARNING cinder.scheduler.host_manager [None req-85ac4510-f055-4d8c-97a0-3fc13e04e0c5 25a7740f19cf4c438761961cd9704cd4 06f1cdf53a184b319e4bd1863c799e0b - - - -] volume service is down. (host: rack04-server68@LIGHTOSboocrr)
2024-08-21 08:50:21.808 7 WARNING cinder.scheduler.host_manager [None req-8e22c67a-0d03-432d-aded-969156716504 5456a2182fba4e44ae0ef9b67c25a9ca ce6f5e6ee4b34dacbbdd9607786d0e4a - - - -] volume service is down. (host: rack04-server68@LIGHTOSboocrr)
2024-08-21 08:50:26.525 7 WARNING cinder.scheduler.host_manager [None req-cea5ae50-e2ec-465c-8005-db5376901ab5 5456a2182fba4e44ae0ef9b67c25a9ca ce6f5e6ee4b34dacbbdd9607786d0e4a - - - -] volume service is down. (host: rack04-server68@LIGHTOSboocrr)
2024-08-21 08:50:27.767 7 WARNING cinder.scheduler.host_manager [None req-ecdde210-b4f4-4fb9-a999-a3fca723319b 5456a2182fba4e44ae0ef9b67c25a9ca ce6f5e6ee4b34dacbbdd9607786d0e4a - - - -] volume service is down. (host: rack04-server68@LIGHTOSboocrr)
2024-08-21 08:50:28.985 7 WARNING cinder.scheduler.host_manager [None req-3dea2094-a508-48dd-9557-5d8d5640c3ee 78e0bec1fe5e4e198b1bb4e14deffe37 f6b1b17bc0134c7c9e3fc914ad569cca - - - -] volume service is down. (host: rack04-server68@LIGHTOSboocrr)
2024-08-21 08:50:30.032 7 WARNING cinder.scheduler.host_manager [None req-fe02b6ef-908d-4d01-b27f-aa659012ff7a 5456a2182fba4e44ae0ef9b67c25a9ca ce6f5e6ee4b34dacbbdd9607786d0e4a - - - -] volume service is down. (host: rack04-server68@LIGHTOSboocrr)
2024-08-21 08:50:33.079 7 WARNING cinder.scheduler.host_manager [None req-d2f792bb-1482-4fff-b79b-85d8cd7332f9 1730c7dc0b8d435589b863e65d9d7caf 10de417d454642749591f59690f110e0 - - - -] volume service is down. (host: rack04-server68@LIGHTOSboocrr)
2024-08-21 08:50:37.043 7 WARNING cinder.scheduler.host_manager [None req-0e960bca-9591-488f-bcd4-16381501ff22 c0c136b2f522490297d157678aaa5871 fca13d4d6f1141968a711b4b30ad90ba - - - -] volume service is down. (host: rack04-server68@LIGHTOSboocrr)
2024-08-21 08:50:39.074 7 WARNING cinder.scheduler.host_manager [None req-985c5439-62e1-4a4d-9885-bbcc1090d733 3f02ed714864494e8bf52c65c679d244 1d45237de7434c569b76d0d2a8d52d88 - - - -] volume service is down. (host: rack04-server68@LIGHTOSboocrr)
2024-08-21 08:50:39.935 7 WARNING cinder.scheduler.host_manager [None req-b94e2ba2-dcf7-46c6-b7be-8a80a91196da a5845344a07548ad817049d64759fe6f 36d143a1d64044588f0bb2d1965b41f4 - - - -] volume service is down. (host: rack04-server68@LIGHTOSboocrr)
2024-08-21 08:50:41.509 7 WARNING cinder.scheduler.host_manager [None req-c8b83e0f-fff8-4e27-a2cd-379adebf7e9c a5845344a07548ad817049d64759fe6f 36d143a1d64044588f0bb2d1965b41f4 - - - -] volume service is down. (host: rack04-server68@LIGHTOSboocrr)
2024-08-21 08:50:42.517 7 WARNING cinder.scheduler.host_manager [None req-5e279f09-501e-4003-80d7-e977fd6005cf c0c136b2f522490297d157678aaa5871 fca13d4d6f1141968a711b4b30ad90ba - - - -] volume service is down. (host: rack04-server68@LIGHTOSboocrr)
2024-08-21 08:50:44.775 7 WARNING cinder.scheduler.host_manager [None req-b2bdd47b-99c3-4dbd-aa75-8889ec618b1d 1f63e594df7c419bb700a050e4de754e 4f9bdd1e76704854b4ac3616ae72310b - - - -] volume service is down. (host: rack04-server68@LIGHTOSboocrr)
2024-08-21 08:50:46.205 7 WARNING cinder.scheduler.host_manager [None req-e3f0eac0-b80a-4169-a6a1-70feb19b97b4 1f63e594df7c419bb700a050e4de754e 4f9bdd1e76704854b4ac3616ae72310b - - - -] volume service is down. (host: rack04-server68@LIGHTOSboocrr)
2024-08-21 08:50:47.364 7 WARNING cinder.scheduler.host_manager [None req-4d3dbd98-c244-4330-b791-a13b59cc3d77 a5845344a07548ad817049d64759fe6f 36d143a1d64044588f0bb2d1965b41f4 - - - -] volume service is down. (host: rack04-server68@LIGHTOSboocrr)
2024-08-21 08:50:47.603 7 WARNING cinder.scheduler.host_manager [None req-04138664-616e-4c04-b7f9-cbb10189fc1c 1f63e594df7c419bb700a050e4de754e 4f9bdd1e76704854b4ac3616ae72310b - - - -] volume service is down. (host: rack04-server68@LIGHTOSboocrr)
2024-08-21 08:50:48.784 7 WARNING cinder.scheduler.host_manager [None req-7d8e81d9-ddf2-4e9a-b0f9-046280dd28d7 a5845344a07548ad817049d64759fe6f 36d143a1d64044588f0bb2d1965b41f4 - - - -] volume service is down. (host: rack04-server68@LIGHTOSboocrr)
2024-08-21 08:50:49.933 7 WARNING cinder.scheduler.host_manager [None req-1a7c8a60-299d-4287-90f3-4dd091bb6e66 3530dd8b1d32450eb477e17a0a0d8937 509da65fee1940a3bd6b5c330d3f2f6c - - - -] volume service is down. (host: rack04-server68@LIGHTOSboocrr)
2024-08-21 08:50:52.474 7 WARNING cinder.scheduler.host_manager [None req-23b74b9e-6da1-4e69-b212-f476b39f6a94 a5845344a07548ad817049d64759fe6f 36d143a1d64044588f0bb2d1965b41f4 - - - -] volume service is down. (host: rack04-server68@LIGHTOSboocrr)
2024-08-21 08:50:56.606 7 WARNING cinder.scheduler.host_manager [None req-990608e7-aa33-43c0-9343-d5a6dd821fb5 3530dd8b1d32450eb477e17a0a0d8937 509da65fee1940a3bd6b5c330d3f2f6c - - - -] volume service is down. (host: rack04-server68@LIGHTOSboocrr)
2024-08-21 08:51:00.541 7 WARNING cinder.scheduler.host_manager [None req-410f9f36-96a8-4b4d-a87e-7dc289d43f42 415b6aa086754458ba84f75796a45ea8 a0267c367e6d469889106a30207517ae - - - -] volume service is down. (host: rack04-server68@LIGHTOSboocrr)
2024-08-21 08:51:01.697 7 WARNING cinder.scheduler.host_manager [None req-cacfc37e-e78e-4594-a6bb-282fd0ddb888 a5845344a07548ad817049d64759fe6f 36d143a1d64044588f0bb2d1965b41f4 - - - -] volume service is down. (host: rack04-server68@LIGHTOSboocrr)
2024-08-21 08:51:05.625 7 WARNING cinder.scheduler.host_manager [None req-773f7757-4cb0-446c-8fc3-7975644c0ab6 3530dd8b1d32450eb477e17a0a0d8937 509da65fee1940a3bd6b5c330d3f2f6c - - - -] volume service is down. (host: rack04-server68@LIGHTOSboocrr)
2024-08-21 08:51:07.049 7 WARNING cinder.scheduler.host_manager [None req-7f94cdce-3422-4b9d-8330-73c96cb4fd6d 3530dd8b1d32450eb477e17a0a0d8937 509da65fee1940a3bd6b5c330d3f2f6c - - - -] volume service is down. (host: rack04-server68@LIGHTOSboocrr)
2024-08-21 08:51:08.579 7 WARNING cinder.scheduler.host_manager [None req-f450e142-61a9-4dbf-9701-3e06e863326b a5845344a07548ad817049d64759fe6f 36d143a1d64044588f0bb2d1965b41f4 - - - -] volume service is down. (host: rack04-server68@LIGHTOSboocrr)
2024-08-21 08:51:18.054 7 WARNING cinder.scheduler.host_manager [None req-496cef3d-3cd5-4755-b09f-7ea19277f11e 51da9a357b084df58b60559c16564757 29c353ef20a44fafad9e9245edcc71b7 - - - -] volume service is down. (host: rack04-server68@LIGHTOSboocrr)
2024-08-21 08:51:19.349 7 WARNING cinder.scheduler.host_manager [None req-e8a6d819-720e-4a89-a18f-06bf3cdbd9d7 51da9a357b084df58b60559c16564757 29c353ef20a44fafad9e9245edcc71b7 - - - -] volume service is down. (host: rack04-server68@LIGHTOSboocrr)
2024-08-21 08:51:21.618 7 WARNING cinder.scheduler.host_manager [None req-0d5163a7-ffcf-4332-9fd2-f7b9451936d0 51da9a357b084df58b60559c16564757 29c353ef20a44fafad9e9245edcc71b7 - - - -] volume service is down. (host: rack04-server68@LIGHTOSboocrr)
2024-08-21 08:51:23.853 7 WARNING cinder.scheduler.host_manager [None req-f545d022-fa4e-41a7-9e39-efac4056738e 51da9a357b084df58b60559c16564757 29c353ef20a44fafad9e9245edcc71b7 - - - -] volume service is down. (host: rack04-server68@LIGHTOSboocrr)
2024-08-21 08:51:37.912 7 WARNING cinder.scheduler.host_manager [None req-949ed4e1-d264-47fb-aefa-93cc363f8c04 2cb8b970f7d64d88b7156797eeef11d0 5145ff55c44947269183805de840cae6 - - - -] volume service is down. (host: rack04-server68@LIGHTOSboocrr)
2024-08-21 08:51:39.200 7 WARNING cinder.scheduler.host_manager [None req-aa63df62-71ef-46d2-8be8-88d9814a9389 2cb8b970f7d64d88b7156797eeef11d0 5145ff55c44947269183805de840cae6 - - - -] volume service is down. (host: rack04-server68@LIGHTOSboocrr)
2024-08-21 08:51:52.616 7 WARNING cinder.scheduler.host_manager [None req-0f07f986-50f9-4702-bbd9-e8c0ca8171b6 fc82acf52fa3407b88f20285d4235c6a 8611227deacd44f880079017dd52a760 - - - -] volume service is down. (host: rack04-server68@LIGHTOSboocrr)
2024-08-21 08:51:52.691 7 WARNING cinder.scheduler.host_manager [None req-84ec9d72-f277-4511-b2b1-df610c8a23a8 7a42b9a2a1f8402bba9cb6c6970ae83d 6d61db6006c24e75a2dcdccc63bf2d2c - - - -] volume service is down. (host: rack04-server68@LIGHTOSboocrr)
2024-08-21 08:51:52.694 7 WARNING cinder.scheduler.host_manager [None req-beb531d8-2c64-4e02-8fe4-38782f60c1f6 d85f7a9c44da45a0afded65dbf157f38 590ab21e74c54d36b93ad072c4022a84 - - - -] volume service is down. (host: rack04-server68@LIGHTOSboocrr)
2024-08-21 08:51:52.896 7 WARNING cinder.scheduler.host_manager [None req-14d84cd5-0ad0-4f78-82a9-7d4466c5c45b 7a42b9a2a1f8402bba9cb6c6970ae83d 6d61db6006c24e75a2dcdccc63bf2d2c - - - -] volume service is down. (host: rack04-server68@LIGHTOSboocrr)
2024-08-21 08:51:53.109 7 WARNING cinder.scheduler.host_manager [None req-4050be1c-41bb-4359-af57-10ef42101381 7a42b9a2a1f8402bba9cb6c6970ae83d 6d61db6006c24e75a2dcdccc63bf2d2c - - - -] volume service is down. (host: rack04-server68@LIGHTOSboocrr)
2024-08-21 08:51:53.351 7 WARNING cinder.scheduler.host_manager [None req-3ce677b5-126b-418a-8819-b43603c2cb81 7a42b9a2a1f8402bba9cb6c6970ae83d 6d61db6006c24e75a2dcdccc63bf2d2c - - - -] volume service is down. (host: rack04-server68@LIGHTOSboocrr)
2024-08-21 08:51:53.615 7 WARNING cinder.scheduler.host_manager [None req-8b0f8c3d-7cf9-4b17-9b39-373077a57c13 7a42b9a2a1f8402bba9cb6c6970ae83d 6d61db6006c24e75a2dcdccc63bf2d2c - - - -] volume service is down. (host: rack04-server68@LIGHTOSboocrr)
2024-08-21 08:51:54.012 7 WARNING cinder.scheduler.host_manager [None req-b32686a8-17a5-4b0e-99b3-6c932b5b50d0 fc82acf52fa3407b88f20285d4235c6a 8611227deacd44f880079017dd52a760 - - - -] volume service is down. (host: rack04-server68@LIGHTOSboocrr)
2024-08-21 08:51:54.257 7 WARNING cinder.scheduler.host_manager [None req-7a005db8-15f4-4a55-bbb4-733dc102d7c5 fc82acf52fa3407b88f20285d4235c6a 8611227deacd44f880079017dd52a760 - - - -] volume service is down. (host: rack04-server68@LIGHTOSboocrr)
2024-08-21 08:51:54.518 7 WARNING cinder.scheduler.host_manager [None req-08a65fcc-6b63-4e31-a041-d54c14c72611 fc82acf52fa3407b88f20285d4235c6a 8611227deacd44f880079017dd52a760 - - - -] volume service is down. (host: rack04-server68@LIGHTOSboocrr)
2024-08-21 08:51:54.985 7 WARNING cinder.scheduler.host_manager [None req-29a0302d-0a34-4724-b130-49cf777710e1 d85f7a9c44da45a0afded65dbf157f38 590ab21e74c54d36b93ad072c4022a84 - - - -] volume service is down. (host: rack04-server68@LIGHTOSboocrr)
2024-08-21 08:51:54.989 7 WARNING cinder.scheduler.host_manager [None req-b305452d-0719-4303-a060-8d3b9a84891d fc82acf52fa3407b88f20285d4235c6a 8611227deacd44f880079017dd52a760 - - - -] volume service is down. (host: rack04-server68@LIGHTOSboocrr)
2024-08-21 08:51:55.211 7 WARNING cinder.scheduler.host_manager [None req-6a10f0d8-7741-4a32-aac2-9b463a3581c8 fc82acf52fa3407b88f20285d4235c6a 8611227deacd44f880079017dd52a760 - - - -] volume service is down. (host: rack04-server68@LIGHTOSboocrr)
2024-08-21 08:51:58.360 7 WARNING cinder.scheduler.host_manager [None req-c7c2d13e-2d48-42dd-82d5-a03ca35cbea0 d85f7a9c44da45a0afded65dbf157f38 590ab21e74c54d36b93ad072c4022a84 - - - -] volume service is down. (host: rack04-server68@LIGHTOSboocrr)
2024-08-21 08:51:58.824 7 WARNING cinder.scheduler.host_manager [None req-c25c2362-463b-4d82-9c3c-6f63a7562974 d85f7a9c44da45a0afded65dbf157f38 590ab21e74c54d36b93ad072c4022a84 - - - -] volume service is down. (host: rack04-server68@LIGHTOSboocrr)
2024-08-21 08:51:59.067 7 WARNING cinder.scheduler.host_manager [None req-2c6ef217-ceaf-46c1-bbff-33b8bc222ef5 d85f7a9c44da45a0afded65dbf157f38 590ab21e74c54d36b93ad072c4022a84 - - - -] volume service is down. (host: rack04-server68@LIGHTOSboocrr)
2024-08-21 08:51:59.319 7 WARNING cinder.scheduler.host_manager [None req-3b85d3da-4dc4-4271-88b0-c84e54afba02 d85f7a9c44da45a0afded65dbf157f38 590ab21e74c54d36b93ad072c4022a84 - - - -] volume service is down. (host: rack04-server68@LIGHTOSboocrr)
2024-08-21 08:51:59.578 7 WARNING cinder.scheduler.host_manager [None req-d5cc518f-ede0-4986-b22b-a6ab465c3ed5 d85f7a9c44da45a0afded65dbf157f38 590ab21e74c54d36b93ad072c4022a84 - - - -] volume service is down. (host: rack04-server68@LIGHTOSboocrr)
2024-08-21 08:52:10.580 7 WARNING cinder.scheduler.host_manager [None req-5d9614e2-4d8f-49a6-b6fa-4069bb9772d0 507f817de5ee42df8b8bbd06ef2325ac e879933b139249d1896b036b57c44c87 - - - -] volume service is down. (host: rack04-server68@LIGHTOSboocrr)
2024-08-21 08:52:12.007 7 WARNING cinder.scheduler.host_manager [None req-9f7c9609-a938-441d-9002-fc782f6f23a6 507f817de5ee42df8b8bbd06ef2325ac e879933b139249d1896b036b57c44c87 - - - -] volume service is down. (host: rack04-server68@LIGHTOSboocrr)
2024-08-21 08:52:13.311 7 WARNING cinder.scheduler.host_manager [None req-5865b11e-dfa8-4874-a7ef-b026735a7f3f 507f817de5ee42df8b8bbd06ef2325ac e879933b139249d1896b036b57c44c87 - - - -] volume service is down. (host: rack04-server68@LIGHTOSboocrr)
