Build Started 02_09_2022_13_09_24
2022-09-02 16:11:49.350 7 WARNING cinder.scheduler.host_manager [None req-ec33e15f-c6d7-4caf-af28-9c706e9cabdb 42498cf0b181434d9b7a48956526ff5d 60e44a783c4642fbbe78f4133fefdbca - - - -] volume service is down. (host: rack03-server59@lvm-1)
2022-09-02 16:11:50.722 7 WARNING cinder.scheduler.host_manager [None req-2e4b5e58-8a7e-4d60-bde3-a0ba0783c0b2 364ed60982db4654ae4d249907bd1384 1460c02aebaf4a3187d1a37767b2634d - - - -] volume service is down. (host: rack03-server59@lvm-1)
2022-09-02 16:11:50.760 7 WARNING cinder.scheduler.host_manager [None req-7cd9d83b-d9f0-40b8-9a72-23dd584e059a 364ed60982db4654ae4d249907bd1384 1460c02aebaf4a3187d1a37767b2634d - - - -] volume service is down. (host: rack03-server59@lvm-1)
2022-09-02 16:11:50.825 7 WARNING cinder.scheduler.host_manager [None req-12f48178-28e4-40dc-9fd6-836b10f3b32d ea66a129ba574de6b503e9ce6f62c542 c884fa428b464f998daa990aef0e92c8 - - - -] volume service is down. (host: rack03-server59@lvm-1)
2022-09-02 16:11:50.835 7 WARNING cinder.scheduler.host_manager [None req-12f48178-28e4-40dc-9fd6-836b10f3b32d ea66a129ba574de6b503e9ce6f62c542 c884fa428b464f998daa990aef0e92c8 - - - -] volume service is down. (host: rack03-server59@lvm-1)
2022-09-02 16:11:52.227 7 WARNING cinder.scheduler.host_manager [None req-bd2e59d7-4bbd-472f-ab16-2e02def71785 ea66a129ba574de6b503e9ce6f62c542 c884fa428b464f998daa990aef0e92c8 - - - -] volume service is down. (host: rack03-server59@lvm-1)
2022-09-02 16:11:55.816 7 WARNING cinder.scheduler.host_manager [None req-e8da6f2c-7264-4a74-a594-112c5c9ede02 ea66a129ba574de6b503e9ce6f62c542 c884fa428b464f998daa990aef0e92c8 - - - -] volume service is down. (host: rack03-server59@lvm-1)
2022-09-02 16:12:01.404 7 WARNING cinder.scheduler.host_manager [None req-188fe6d3-9216-43ee-8eb9-ec89bd130ee2 ea66a129ba574de6b503e9ce6f62c542 c884fa428b464f998daa990aef0e92c8 - - - -] volume service is down. (host: rack03-server59@lvm-1)
2022-09-02 16:12:01.413 7 WARNING cinder.scheduler.host_manager [None req-188fe6d3-9216-43ee-8eb9-ec89bd130ee2 ea66a129ba574de6b503e9ce6f62c542 c884fa428b464f998daa990aef0e92c8 - - - -] volume service is down. (host: rack03-server59@lvm-1)
2022-09-02 16:12:02.200 7 WARNING cinder.scheduler.host_manager [None req-9b35cbcb-88e4-45eb-93c0-a6d625be7a94 027ef3bc461a4fce829212a6b4fb69ce 11726225b55e487ca87e33dd0c874286 - - - -] volume service is down. (host: rack03-server59@lvm-1)
2022-09-02 16:12:02.208 7 WARNING cinder.scheduler.host_manager [None req-9b35cbcb-88e4-45eb-93c0-a6d625be7a94 027ef3bc461a4fce829212a6b4fb69ce 11726225b55e487ca87e33dd0c874286 - - - -] volume service is down. (host: rack03-server59@lvm-1)
2022-09-02 16:12:02.779 7 WARNING cinder.scheduler.host_manager [None req-efe1dbea-cdff-4b09-93cc-d0bdfcabf608 ea66a129ba574de6b503e9ce6f62c542 c884fa428b464f998daa990aef0e92c8 - - - -] volume service is down. (host: rack03-server59@lvm-1)
2022-09-02 16:12:03.604 7 WARNING cinder.scheduler.host_manager [None req-7e53c4ad-3737-4a99-a4bb-a92628929b8f 027ef3bc461a4fce829212a6b4fb69ce 11726225b55e487ca87e33dd0c874286 - - - -] volume service is down. (host: rack03-server59@lvm-1)
2022-09-02 16:12:04.896 7 WARNING cinder.scheduler.host_manager [None req-bac7f338-ac75-4431-9937-de27175e4d48 027ef3bc461a4fce829212a6b4fb69ce 11726225b55e487ca87e33dd0c874286 - - - -] volume service is down. (host: rack03-server59@lvm-1)
2022-09-02 16:12:05.252 7 WARNING cinder.scheduler.host_manager [None req-57b35eab-a712-4c9e-9897-8245c81307be ea66a129ba574de6b503e9ce6f62c542 c884fa428b464f998daa990aef0e92c8 - - - -] volume service is down. (host: rack03-server59@lvm-1)
2022-09-02 16:12:16.145 7 WARNING cinder.scheduler.host_manager [None req-82f59915-68d3-4124-b193-526dab74d008 1aa196b6f09346c2bc901fd295ade098 076c3d5e9c1d481f8cb2f8370f987f61 - - - -] volume service is down. (host: rack03-server59@lvm-1)
2022-09-02 16:12:16.146 7 INFO cinder.scheduler.base_filter [None req-82f59915-68d3-4124-b193-526dab74d008 1aa196b6f09346c2bc901fd295ade098 076c3d5e9c1d481f8cb2f8370f987f61 - - - -] Filtering removed all hosts for the request with volume ID '6f474f15-d6e5-4325-85c6-269bfcd93ad5'. Filter results: AvailabilityZoneFilter: (start: 1, end: 1), CapacityFilter: (start: 1, end: 1), CapabilitiesFilter: (start: 1, end: 0)
2022-09-02 16:12:16.146 7 WARNING cinder.scheduler.filter_scheduler [None req-82f59915-68d3-4124-b193-526dab74d008 1aa196b6f09346c2bc901fd295ade098 076c3d5e9c1d481f8cb2f8370f987f61 - - - -] No weighed backend found for volume with properties: {'id': '1f156518-ac90-460b-808f-92a94efe3861', 'name': 'tempest-UserMessagesTest-volume-type-930368319', 'description': None, 'is_public': True, 'projects': [], 'extra_specs': {'storage_protocol': 'tempest-storage_protocol-1727015614', 'vendor_name': 'tempest-vendor_name-1876769042'}, 'qos_specs_id': None, 'created_at': '2022-09-02T13:12:15.000000', 'updated_at': None, 'deleted_at': None, 'deleted': False}
2022-09-02 16:12:16.147 7 INFO cinder.message.api [None req-82f59915-68d3-4124-b193-526dab74d008 1aa196b6f09346c2bc901fd295ade098 076c3d5e9c1d481f8cb2f8370f987f61 - - - -] Creating message record for request_id = req-82f59915-68d3-4124-b193-526dab74d008
2022-09-02 16:12:16.153 7 ERROR cinder.scheduler.flows.create_volume [None req-82f59915-68d3-4124-b193-526dab74d008 1aa196b6f09346c2bc901fd295ade098 076c3d5e9c1d481f8cb2f8370f987f61 - - - -] Failed to run task cinder.scheduler.flows.create_volume.ScheduleCreateVolumeTask;volume:create: No valid backend was found. No weighed backends available: cinder.exception.NoValidBackend: No valid backend was found. No weighed backends available
2022-09-02 16:12:17.303 7 WARNING cinder.scheduler.host_manager [None req-fd58d67a-17c9-4310-8ba0-d225c26fd71d 42498cf0b181434d9b7a48956526ff5d 60e44a783c4642fbbe78f4133fefdbca - - - -] volume service is down. (host: rack03-server59@lvm-1)
2022-09-02 16:12:17.371 7 WARNING cinder.scheduler.host_manager [None req-41b8a314-39ed-4223-9709-9af0d5268268 ea66a129ba574de6b503e9ce6f62c542 c884fa428b464f998daa990aef0e92c8 - - - -] volume service is down. (host: rack03-server59@lvm-1)
2022-09-02 16:12:17.379 7 WARNING cinder.scheduler.host_manager [None req-41b8a314-39ed-4223-9709-9af0d5268268 ea66a129ba574de6b503e9ce6f62c542 c884fa428b464f998daa990aef0e92c8 - - - -] volume service is down. (host: rack03-server59@lvm-1)
2022-09-02 16:12:17.631 7 WARNING cinder.scheduler.host_manager [None req-fee797b2-8a02-4eaa-87f2-05679e9aa69a 1aa196b6f09346c2bc901fd295ade098 076c3d5e9c1d481f8cb2f8370f987f61 - - - -] volume service is down. (host: rack03-server59@lvm-1)
2022-09-02 16:12:17.631 7 INFO cinder.scheduler.base_filter [None req-fee797b2-8a02-4eaa-87f2-05679e9aa69a 1aa196b6f09346c2bc901fd295ade098 076c3d5e9c1d481f8cb2f8370f987f61 - - - -] Filtering removed all hosts for the request with volume ID '99d1a469-cde5-4306-b31d-353192d9efda'. Filter results: AvailabilityZoneFilter: (start: 1, end: 1), CapacityFilter: (start: 1, end: 1), CapabilitiesFilter: (start: 1, end: 0)
2022-09-02 16:12:17.632 7 WARNING cinder.scheduler.filter_scheduler [None req-fee797b2-8a02-4eaa-87f2-05679e9aa69a 1aa196b6f09346c2bc901fd295ade098 076c3d5e9c1d481f8cb2f8370f987f61 - - - -] No weighed backend found for volume with properties: {'id': 'c3541dd8-8433-49cf-80a4-c32b00358bf0', 'name': 'tempest-UserMessagesTest-volume-type-286003939', 'description': None, 'is_public': True, 'projects': [], 'extra_specs': {'storage_protocol': 'tempest-storage_protocol-5046772', 'vendor_name': 'tempest-vendor_name-480979146'}, 'qos_specs_id': None, 'created_at': '2022-09-02T13:12:17.000000', 'updated_at': None, 'deleted_at': None, 'deleted': False}
2022-09-02 16:12:17.632 7 INFO cinder.message.api [None req-fee797b2-8a02-4eaa-87f2-05679e9aa69a 1aa196b6f09346c2bc901fd295ade098 076c3d5e9c1d481f8cb2f8370f987f61 - - - -] Creating message record for request_id = req-fee797b2-8a02-4eaa-87f2-05679e9aa69a
2022-09-02 16:12:17.638 7 ERROR cinder.scheduler.flows.create_volume [None req-fee797b2-8a02-4eaa-87f2-05679e9aa69a 1aa196b6f09346c2bc901fd295ade098 076c3d5e9c1d481f8cb2f8370f987f61 - - - -] Failed to run task cinder.scheduler.flows.create_volume.ScheduleCreateVolumeTask;volume:create: No valid backend was found. No weighed backends available: cinder.exception.NoValidBackend: No valid backend was found. No weighed backends available
2022-09-02 16:12:18.776 7 WARNING cinder.scheduler.host_manager [None req-13339a77-173e-4277-ab5e-87be5dc11e68 ea66a129ba574de6b503e9ce6f62c542 c884fa428b464f998daa990aef0e92c8 - - - -] volume service is down. (host: rack03-server59@lvm-1)
2022-09-02 16:12:32.736 7 WARNING cinder.scheduler.host_manager [None req-5c6020ef-e595-4db9-9fc3-adb937d6c7e6 6598d7794c564da79b87cdd375f81813 5250e2aa20464b6bbd36cb57d2fdf6e4 - - - -] volume service is down. (host: rack03-server59@lvm-1)
2022-09-02 16:12:35.267 7 WARNING cinder.scheduler.host_manager [None req-8d942533-42f7-4b29-8ca0-05356e7e14ea 6598d7794c564da79b87cdd375f81813 5250e2aa20464b6bbd36cb57d2fdf6e4 - - - -] volume service is down. (host: rack03-server59@lvm-1)
2022-09-02 16:12:36.186 7 WARNING cinder.scheduler.host_manager [None req-331c6157-7f92-4680-9949-e9fa890b14b5 90b016ddfe2745f780a6f469b5985d3a 1dfa5fbd4ff14527abe22ded07bb7aca - - - -] volume service is down. (host: rack03-server59@lvm-1)
2022-09-02 16:12:36.194 7 WARNING cinder.scheduler.host_manager [None req-331c6157-7f92-4680-9949-e9fa890b14b5 90b016ddfe2745f780a6f469b5985d3a 1dfa5fbd4ff14527abe22ded07bb7aca - - - -] volume service is down. (host: rack03-server59@lvm-1)
2022-09-02 16:12:37.356 7 WARNING cinder.scheduler.host_manager [None req-44dfd6cd-a183-411b-8c20-3056be38b6f4 90b016ddfe2745f780a6f469b5985d3a 1dfa5fbd4ff14527abe22ded07bb7aca - - - -] volume service is down. (host: rack03-server59@lvm-1)
2022-09-02 16:12:37.364 7 WARNING cinder.scheduler.host_manager [None req-44dfd6cd-a183-411b-8c20-3056be38b6f4 90b016ddfe2745f780a6f469b5985d3a 1dfa5fbd4ff14527abe22ded07bb7aca - - - -] volume service is down. (host: rack03-server59@lvm-1)
2022-09-02 16:12:38.762 7 WARNING cinder.scheduler.host_manager [None req-917e8b6a-acfc-4ad2-b457-b24572598ddc 90b016ddfe2745f780a6f469b5985d3a 1dfa5fbd4ff14527abe22ded07bb7aca - - - -] volume service is down. (host: rack03-server59@lvm-1)
2022-09-02 16:12:42.889 7 WARNING cinder.scheduler.host_manager [None req-898c010c-1b8f-4d1d-ae58-829719bb25e0 90b016ddfe2745f780a6f469b5985d3a 1dfa5fbd4ff14527abe22ded07bb7aca - - - -] volume service is down. (host: rack03-server59@lvm-1)
2022-09-02 16:12:42.897 7 WARNING cinder.scheduler.host_manager [None req-898c010c-1b8f-4d1d-ae58-829719bb25e0 90b016ddfe2745f780a6f469b5985d3a 1dfa5fbd4ff14527abe22ded07bb7aca - - - -] volume service is down. (host: rack03-server59@lvm-1)
2022-09-02 16:12:44.274 7 WARNING cinder.scheduler.host_manager [None req-a8cdd50e-ed55-400b-91ef-dd92dcc51c86 90b016ddfe2745f780a6f469b5985d3a 1dfa5fbd4ff14527abe22ded07bb7aca - - - -] volume service is down. (host: rack03-server59@lvm-1)
2022-09-02 16:12:45.664 7 WARNING cinder.scheduler.host_manager [None req-0b5f1125-f199-42e6-b8ad-440aef194d1a 90b016ddfe2745f780a6f469b5985d3a 1dfa5fbd4ff14527abe22ded07bb7aca - - - -] volume service is down. (host: rack03-server59@lvm-1)
2022-09-02 16:12:46.520 7 WARNING cinder.scheduler.host_manager [None req-a657268a-7feb-4907-a8c4-6b9f1e9755c8 41c208dceeaa4043b0bd6bf58c9d9498 439ecd6d937b4397a1312c2bc1c53c9e - - - -] volume service is down. (host: rack03-server59@lvm-1)
2022-09-02 16:12:47.755 7 WARNING cinder.scheduler.host_manager [None req-42fa153f-35fc-4ddf-a765-36e096adfbdf 41c208dceeaa4043b0bd6bf58c9d9498 439ecd6d937b4397a1312c2bc1c53c9e - - - -] volume service is down. (host: rack03-server59@lvm-1)
2022-09-02 16:12:56.358 7 WARNING cinder.scheduler.host_manager [None req-99e6115b-6320-4c4a-9ad7-e0316753cea6 556aed5f3c8341d18fb4fafab9f03a12 19bfacd267414d13ae0222054851f2d0 - - - -] volume service is down. (host: rack03-server59@lvm-1)
2022-09-02 16:12:56.366 7 WARNING cinder.scheduler.host_manager [None req-99e6115b-6320-4c4a-9ad7-e0316753cea6 556aed5f3c8341d18fb4fafab9f03a12 19bfacd267414d13ae0222054851f2d0 - - - -] volume service is down. (host: rack03-server59@lvm-1)
2022-09-02 16:13:04.288 7 WARNING cinder.scheduler.host_manager [None req-5db77de2-0799-46a3-8eb4-5d3bbb0e517a d7538adc05ef474183e87d0de52adbaa aaa5bd824db44d91bd25b1cc1d27877d - - - -] volume service is down. (host: rack03-server59@lvm-1)
2022-09-02 16:13:09.094 7 WARNING cinder.scheduler.host_manager [None req-2cd1159a-ece3-413e-95cc-5f5368d1d624 8aed1c8784f64ebf9aa3a861b3fdf901 b3be7c7caa5b476aa00a529b1eabddb1 - - - -] volume service is down. (host: rack03-server59@lvm-1)
2022-09-02 16:13:14.752 7 WARNING cinder.scheduler.host_manager [None req-37e82614-4eb4-4c5d-a611-961043ac010a 8aed1c8784f64ebf9aa3a861b3fdf901 b3be7c7caa5b476aa00a529b1eabddb1 - - - -] volume service is down. (host: rack03-server59@lvm-1)
2022-09-02 16:13:16.226 7 WARNING cinder.scheduler.host_manager [None req-87b340a1-0b79-4891-88cf-b89478b159ba 851a746a7caa44c1aaf81e91a66dd001 6331866aa2f844089205821fa5721a06 - - - -] volume service is down. (host: rack03-server59@lvm-1)
2022-09-02 16:13:17.348 7 WARNING cinder.scheduler.host_manager [None req-a085e25e-29e3-437a-a081-85c2694f5d8c 8aed1c8784f64ebf9aa3a861b3fdf901 b3be7c7caa5b476aa00a529b1eabddb1 - - - -] volume service is down. (host: rack03-server59@lvm-1)
2022-09-02 16:13:19.960 7 WARNING cinder.scheduler.host_manager [None req-bd10caa8-5813-4af3-abeb-341030027313 8aed1c8784f64ebf9aa3a861b3fdf901 b3be7c7caa5b476aa00a529b1eabddb1 - - - -] volume service is down. (host: rack03-server59@lvm-1)
2022-09-02 16:13:22.536 7 WARNING cinder.scheduler.host_manager [None req-07cb24f0-2f9e-4f48-949b-f414645b0c73 8aed1c8784f64ebf9aa3a861b3fdf901 b3be7c7caa5b476aa00a529b1eabddb1 - - - -] volume service is down. (host: rack03-server59@lvm-1)
2022-09-02 16:13:25.117 7 WARNING cinder.scheduler.host_manager [None req-f00a1614-569c-4591-bcd7-0cfea36e36e2 8aed1c8784f64ebf9aa3a861b3fdf901 b3be7c7caa5b476aa00a529b1eabddb1 - - - -] volume service is down. (host: rack03-server59@lvm-1)
2022-09-02 16:13:30.455 7 WARNING cinder.scheduler.host_manager [None req-0bd12e32-440d-488e-a201-86be25dac32d 42498cf0b181434d9b7a48956526ff5d 60e44a783c4642fbbe78f4133fefdbca - - - -] volume service is down. (host: rack03-server59@lvm-1)
2022-09-02 16:13:35.800 7 WARNING cinder.scheduler.host_manager [None req-5162b815-f046-4955-9a8d-f13bcdf6df02 af3c033e14464516833341af9fa7e585 c4db0c79a0684217a3f0059161e3fb61 - - - -] volume service is down. (host: rack03-server59@lvm-1)
2022-09-02 16:13:38.097 7 WARNING cinder.scheduler.host_manager [None req-06ea0151-e8ce-4858-aa67-0845247296dd af3c033e14464516833341af9fa7e585 c4db0c79a0684217a3f0059161e3fb61 - - - -] volume service is down. (host: rack03-server59@lvm-1)
2022-09-02 16:13:40.349 7 WARNING cinder.scheduler.host_manager [None req-fdc80e3e-0470-429c-8264-d4c05cbc2911 af3c033e14464516833341af9fa7e585 c4db0c79a0684217a3f0059161e3fb61 - - - -] volume service is down. (host: rack03-server59@lvm-1)
2022-09-02 16:13:43.143 7 WARNING cinder.scheduler.host_manager [None req-0eb4d168-9550-4e13-9ca8-a26ae4fc37d9 750de3aff5b94f4b899eae4a424e2b21 271d75150ab84e678d8ea6cd296acfe2 - - - -] volume service is down. (host: rack03-server59@lvm-1)
2022-09-02 16:13:43.930 7 WARNING cinder.scheduler.host_manager [None req-e12cb2bd-c858-42f4-a62b-92a1a18a0125 af3c033e14464516833341af9fa7e585 c4db0c79a0684217a3f0059161e3fb61 - - - -] volume service is down. (host: rack03-server59@lvm-1)
2022-09-02 16:13:44.511 7 WARNING cinder.scheduler.host_manager [None req-667675cd-1f77-4230-9d44-bc34b6e26d4d 750de3aff5b94f4b899eae4a424e2b21 271d75150ab84e678d8ea6cd296acfe2 - - - -] volume service is down. (host: rack03-server59@lvm-1)
2022-09-02 16:13:45.156 7 WARNING cinder.scheduler.host_manager [None req-65bf62a6-4fe6-436c-a9b8-0dd4f6a7c832 af3c033e14464516833341af9fa7e585 c4db0c79a0684217a3f0059161e3fb61 - - - -] volume service is down. (host: rack03-server59@lvm-1)
2022-09-02 16:13:45.889 7 WARNING cinder.scheduler.host_manager [None req-ce2dc258-8d80-4b90-9f94-713d36e5a329 750de3aff5b94f4b899eae4a424e2b21 271d75150ab84e678d8ea6cd296acfe2 - - - -] volume service is down. (host: rack03-server59@lvm-1)
2022-09-02 16:13:47.378 7 WARNING cinder.scheduler.host_manager [None req-bdd04310-4cd3-454e-bc6d-267077247f61 b99c2abe865642c1b401e775c5b04285 9ca5ecc6aa30490898829a10d49fe46a - - - -] volume service is down. (host: rack03-server59@lvm-1)
2022-09-02 16:13:47.560 7 WARNING cinder.scheduler.host_manager [None req-754dc918-19f7-4f1e-8217-83d8f8c93bd2 af3c033e14464516833341af9fa7e585 c4db0c79a0684217a3f0059161e3fb61 - - - -] volume service is down. (host: rack03-server59@lvm-1)
2022-09-02 16:13:48.052 7 WARNING cinder.scheduler.host_manager [req-f11e92d6-4043-426f-830f-d832627f533a req-bd3b3a36-7d96-4831-a98d-068462cdbf61 42498cf0b181434d9b7a48956526ff5d 60e44a783c4642fbbe78f4133fefdbca - - - -] volume service is down. (host: rack03-server59@lvm-1)
2022-09-02 16:13:54.597 7 WARNING cinder.scheduler.host_manager [None req-75a0e2c0-1742-4ff7-a8b6-5cbf369e8a16 f8d3ac5020d24c88a4eb32fbda4f61e8 725f8e9d49454a72bb013603af66cab9 - - - -] volume service is down. (host: rack03-server59@lvm-1)
2022-09-02 16:14:00.808 7 WARNING cinder.scheduler.host_manager [None req-aeb0bde8-287c-413a-b8e6-bfff62c1f7f7 80b6a43bff4a415f9d0ae39faf69249b 2f842a664d074516b0b2a113bd829b23 - - - -] volume service is down. (host: rack03-server59@lvm-1)
2022-09-02 16:14:02.979 7 WARNING cinder.scheduler.host_manager [None req-8a1fcde4-e6ff-4ccf-a6c6-9287928c9f33 cde6ddac3232417d9a227880719cb067 5c5a1a0e9b6e492cb288261da814eb44 - - - -] volume service is down. (host: rack03-server59@lvm-1)
2022-09-02 16:14:03.983 7 WARNING cinder.scheduler.host_manager [req-df77af94-f932-4e84-be8c-d00a0856d182 req-2190a27b-3877-41aa-993b-91c5e4d66b7f 5cb3686c8a2f4bd693a78f5efdb4de9e 655bb2ccb8394620bd1dac28277064db - - - -] volume service is down. (host: rack03-server59@lvm-1)
2022-09-02 16:14:06.386 7 WARNING cinder.scheduler.host_manager [req-15adad23-cda5-44b5-a729-0f2744a199ae req-a8b70e25-d121-4871-9da6-7d9147c85311 5cb3686c8a2f4bd693a78f5efdb4de9e 655bb2ccb8394620bd1dac28277064db - - - -] volume service is down. (host: rack03-server59@lvm-1)
2022-09-02 16:14:06.487 7 WARNING cinder.scheduler.host_manager [None req-c455c9bc-cee8-415a-aac6-2dde2b8d113e cde6ddac3232417d9a227880719cb067 5c5a1a0e9b6e492cb288261da814eb44 - - - -] volume service is down. (host: rack03-server59@lvm-1)
2022-09-02 16:14:12.746 7 WARNING cinder.scheduler.host_manager [None req-03de0e18-44b7-4cea-8880-ebb781a79060 80b6a43bff4a415f9d0ae39faf69249b 2f842a664d074516b0b2a113bd829b23 - - - -] volume service is down. (host: rack03-server59@lvm-1)
2022-09-02 16:14:14.454 7 WARNING cinder.scheduler.host_manager [req-2c497143-6663-4457-bd6c-adf78d574bff req-b2f62b2b-1fbd-40d6-b4bc-2e5a7cf27f13 a7c0ae6632b74833a49110b28d3cd3d4 ec9b991849584e3eb558b56cc21964fd - - - -] volume service is down. (host: rack03-server59@lvm-1)
2022-09-02 16:14:15.218 7 WARNING cinder.scheduler.host_manager [None req-e749a0ad-b8c0-4a1d-a54e-d21f552353ce 80b6a43bff4a415f9d0ae39faf69249b 2f842a664d074516b0b2a113bd829b23 - - - -] volume service is down. (host: rack03-server59@lvm-1)
2022-09-02 16:14:16.060 7 WARNING cinder.scheduler.host_manager [None req-349a5d87-c718-41d6-aa4e-2b657ecbbaa3 a1dadfa04245498aa2fc0ec9145e6579 713dc11bc8ca4a14858ff6d7a6f625e8 - - - -] volume service is down. (host: rack03-server59@lvm-1)
2022-09-02 16:14:17.613 7 WARNING cinder.scheduler.host_manager [None req-0542c091-3753-441b-ad1e-f5d761c36d40 80b6a43bff4a415f9d0ae39faf69249b 2f842a664d074516b0b2a113bd829b23 - - - -] volume service is down. (host: rack03-server59@lvm-1)
2022-09-02 16:14:19.626 7 WARNING cinder.scheduler.host_manager [None req-47c445eb-32f8-44f3-83e2-a754c5436065 a1dadfa04245498aa2fc0ec9145e6579 713dc11bc8ca4a14858ff6d7a6f625e8 - - - -] volume service is down. (host: rack03-server59@lvm-1)
2022-09-02 16:14:20.137 7 WARNING cinder.scheduler.host_manager [None req-ed4f48b2-a414-450d-acf1-c457e8357938 6c5ac58353344a41b67643092093e727 0a1fd8ef3d354b6880fdbafccc57a1ab - - - -] volume service is down. (host: rack03-server59@lvm-1)
2022-09-02 16:14:21.538 7 WARNING cinder.scheduler.host_manager [None req-8776dd4e-5b66-4985-9806-cd77ee047fa5 6c5ac58353344a41b67643092093e727 0a1fd8ef3d354b6880fdbafccc57a1ab - - - -] volume service is down. (host: rack03-server59@lvm-1)
2022-09-02 16:14:22.938 7 WARNING cinder.scheduler.host_manager [None req-3261d532-f2fb-4907-810c-b7c4c59e13d8 6c5ac58353344a41b67643092093e727 0a1fd8ef3d354b6880fdbafccc57a1ab - - - -] volume service is down. (host: rack03-server59@lvm-1)
2022-09-02 16:14:26.188 7 WARNING cinder.scheduler.host_manager [None req-18794ee6-535c-41d8-bee3-d2b897d3ba83 154931137cb54e648764cba31501fd58 cafc50469303469a8fcea1abf7905e5b - - - -] volume service is down. (host: rack03-server59@lvm-1)
2022-09-02 16:14:28.701 7 WARNING cinder.scheduler.host_manager [None req-0f7e50f7-50fa-409c-bcb5-af0108916b5a d08b48fad492434dbe5d18b78758ab66 0b6bbe3a239544af88868c56684755e4 - - - -] volume service is down. (host: rack03-server59@lvm-1)
2022-09-02 16:14:38.661 7 WARNING cinder.scheduler.host_manager [None req-ecd66f39-00d0-403e-8ff4-5d9c4f0ee991 5bc311bdaae3448398dbc259a2420bb0 a52d0f3df4984575b54aa0bbb8289bf1 - - - -] volume service is down. (host: rack03-server59@lvm-1)
2022-09-02 16:14:40.090 7 WARNING cinder.scheduler.host_manager [None req-7bdff2ec-8c5d-4ed5-a250-121b5b532b63 5bc311bdaae3448398dbc259a2420bb0 a52d0f3df4984575b54aa0bbb8289bf1 - - - -] volume service is down. (host: rack03-server59@lvm-1)
2022-09-02 16:14:42.529 7 WARNING cinder.scheduler.host_manager [None req-74ded79f-a1e1-4b99-9884-217cc2e2f67a 5bc311bdaae3448398dbc259a2420bb0 a52d0f3df4984575b54aa0bbb8289bf1 - - - -] volume service is down. (host: rack03-server59@lvm-1)
2022-09-02 16:14:51.918 7 WARNING cinder.scheduler.host_manager [None req-7e107c46-35d6-402e-a89d-3537634f0ad1 cdc29c16473a4991afae9988ecc0857a b2663c36dbce4dccb136283a79958ded - - - -] volume service is down. (host: rack03-server59@lvm-1)
2022-09-02 16:14:54.983 7 WARNING cinder.scheduler.host_manager [None req-b6ca8dfc-9955-437f-8ca2-c5eab7425644 89157e5a47fc488fa53198c4ea894a09 304bba2585c2427583cda10751b5e0a9 - - - -] volume service is down. (host: rack03-server59@lvm-1)
2022-09-02 16:14:56.231 7 WARNING cinder.scheduler.host_manager [None req-22eb3228-99b1-49b8-b6bc-5f6dc79abeb1 89157e5a47fc488fa53198c4ea894a09 304bba2585c2427583cda10751b5e0a9 - - - -] volume service is down. (host: rack03-server59@lvm-1)
2022-09-02 16:14:58.853 7 WARNING cinder.scheduler.host_manager [None req-0dfcfc38-0df0-4701-9dda-5f4008392de6 89157e5a47fc488fa53198c4ea894a09 304bba2585c2427583cda10751b5e0a9 - - - -] volume service is down. (host: rack03-server59@lvm-1)
2022-09-02 16:15:00.527 7 WARNING cinder.scheduler.host_manager [None req-0090b6b9-cbf9-40d3-9d08-c3a5427fdc8d cdc29c16473a4991afae9988ecc0857a b2663c36dbce4dccb136283a79958ded - - - -] volume service is down. (host: rack03-server59@lvm-1)
2022-09-02 16:15:00.602 7 WARNING cinder.scheduler.host_manager [None req-65d7c293-b852-4973-97f6-cbb5af3d34f9 9130cb1381aa47dc9311961788840998 dcf6264d6fb34a61a99fccbe582d6d81 - - - -] volume service is down. (host: rack03-server59@lvm-1)
2022-09-02 16:15:02.371 7 WARNING cinder.scheduler.host_manager [None req-fc11e422-f2bd-4593-a0ab-2b04dae631ad 89157e5a47fc488fa53198c4ea894a09 304bba2585c2427583cda10751b5e0a9 - - - -] volume service is down. (host: rack03-server59@lvm-1)
2022-09-02 16:15:05.899 7 WARNING cinder.scheduler.host_manager [None req-29e8218d-da99-4dc0-83ba-802d6a97fb17 89157e5a47fc488fa53198c4ea894a09 304bba2585c2427583cda10751b5e0a9 - - - -] volume service is down. (host: rack03-server59@lvm-1)
2022-09-02 16:15:09.425 7 WARNING cinder.scheduler.host_manager [None req-64258598-4b15-4ba7-be82-59bb30b148c5 89157e5a47fc488fa53198c4ea894a09 304bba2585c2427583cda10751b5e0a9 - - - -] volume service is down. (host: rack03-server59@lvm-1)
2022-09-02 16:15:12.399 7 WARNING cinder.scheduler.host_manager [None req-2c3bcfe3-f334-4de7-bf3a-1a64aa1c5e34 9130cb1381aa47dc9311961788840998 dcf6264d6fb34a61a99fccbe582d6d81 - - - -] volume service is down. (host: rack03-server59@lvm-1)
2022-09-02 16:15:13.826 7 WARNING cinder.scheduler.host_manager [None req-30955ef6-33d9-4d87-8d8b-f51cdfcef267 9130cb1381aa47dc9311961788840998 dcf6264d6fb34a61a99fccbe582d6d81 - - - -] volume service is down. (host: rack03-server59@lvm-1)
2022-09-02 16:15:14.959 7 WARNING cinder.scheduler.host_manager [None req-4d9460b9-a525-47dd-8ed8-fa8929bada96 cdc29c16473a4991afae9988ecc0857a b2663c36dbce4dccb136283a79958ded - - - -] volume service is down. (host: rack03-server59@lvm-1)
2022-09-02 16:15:15.091 7 WARNING cinder.scheduler.host_manager [None req-51f7f49d-9807-4ed0-8404-7f6aa9991b7f 9130cb1381aa47dc9311961788840998 dcf6264d6fb34a61a99fccbe582d6d81 - - - -] volume service is down. (host: rack03-server59@lvm-1)
2022-09-02 16:15:17.221 7 WARNING cinder.scheduler.host_manager [None req-af059b4c-9c3f-422e-9d64-9d27784bc4ce cdc29c16473a4991afae9988ecc0857a b2663c36dbce4dccb136283a79958ded - - - -] volume service is down. (host: rack03-server59@lvm-1)
2022-09-02 16:15:17.330 7 WARNING cinder.scheduler.host_manager [None req-1c414448-ca02-40d3-8105-810fb1a00721 9130cb1381aa47dc9311961788840998 dcf6264d6fb34a61a99fccbe582d6d81 - - - -] volume service is down. (host: rack03-server59@lvm-1)
2022-09-02 16:15:19.467 7 WARNING cinder.scheduler.host_manager [None req-9bb60374-0462-4563-a12c-348d0998dc0b cdc29c16473a4991afae9988ecc0857a b2663c36dbce4dccb136283a79958ded - - - -] volume service is down. (host: rack03-server59@lvm-1)
2022-09-02 16:15:20.992 7 WARNING cinder.scheduler.host_manager [None req-b13ba044-bc6b-43bd-a233-5faf153a2754 498d9f9ae99f4ccdb606e95cf6069c0a 0cfe59ea0c8248d49dec47c9792f0128 - - - -] volume service is down. (host: rack03-server59@lvm-1)
2022-09-02 16:15:23.382 7 WARNING cinder.scheduler.host_manager [None req-7724bdef-7804-4cb2-b43a-003849aa9ede 498d9f9ae99f4ccdb606e95cf6069c0a 0cfe59ea0c8248d49dec47c9792f0128 - - - -] volume service is down. (host: rack03-server59@lvm-1)
2022-09-02 16:15:25.195 7 WARNING cinder.scheduler.host_manager [None req-ae17930e-6c51-440f-983e-c1b60d46cb3d f0e61be66e2d49b7b1a83dd005d356ec b293a847486f41ac92ec1e2c2e5571af - - - -] volume service is down. (host: rack03-server59@lvm-1)
2022-09-02 16:15:26.740 7 WARNING cinder.scheduler.host_manager [None req-7fb776be-77ab-4b0e-bcb0-7a65196b8968 f0e61be66e2d49b7b1a83dd005d356ec b293a847486f41ac92ec1e2c2e5571af - - - -] volume service is down. (host: rack03-server59@lvm-1)
2022-09-02 16:15:28.655 7 WARNING cinder.scheduler.host_manager [None req-20462ce2-acc3-43cb-9976-4b07dcc38b21 cdc29c16473a4991afae9988ecc0857a b2663c36dbce4dccb136283a79958ded - - - -] volume service is down. (host: rack03-server59@lvm-1)
2022-09-02 16:15:30.409 7 WARNING cinder.scheduler.host_manager [None req-ee8c7a77-2448-4f27-8fc9-90cfec2a3c06 f0e61be66e2d49b7b1a83dd005d356ec b293a847486f41ac92ec1e2c2e5571af - - - -] volume service is down. (host: rack03-server59@lvm-1)
2022-09-02 16:15:31.597 7 WARNING cinder.scheduler.host_manager [None req-5e951ea4-e2db-4b37-a304-3451dd47fcea c27620caad5740ec85cc63ccc7788090 676b73901cfe40768831719476391ed3 - - - -] volume service is down. (host: rack03-server59@lvm-1)
2022-09-02 16:15:31.773 7 WARNING cinder.scheduler.host_manager [None req-e05bd4ed-c958-47f8-bc98-c049309d167e f0e61be66e2d49b7b1a83dd005d356ec b293a847486f41ac92ec1e2c2e5571af - - - -] volume service is down. (host: rack03-server59@lvm-1)
2022-09-02 16:15:32.131 7 WARNING cinder.scheduler.host_manager [None req-2ddf96b7-985a-4a8f-9807-3cbc30eed613 cdc29c16473a4991afae9988ecc0857a b2663c36dbce4dccb136283a79958ded - - - -] volume service is down. (host: rack03-server59@lvm-1)
2022-09-02 16:15:34.372 7 WARNING cinder.scheduler.host_manager [None req-8bea7b24-9426-4176-9854-c62256298ff0 f0e61be66e2d49b7b1a83dd005d356ec b293a847486f41ac92ec1e2c2e5571af - - - -] volume service is down. (host: rack03-server59@lvm-1)
2022-09-02 16:15:39.237 7 WARNING cinder.scheduler.host_manager [None req-58f06bde-dd73-4fa9-8621-8f20a609a656 f0e61be66e2d49b7b1a83dd005d356ec b293a847486f41ac92ec1e2c2e5571af - - - -] volume service is down. (host: rack03-server59@lvm-1)
2022-09-02 16:15:41.122 7 WARNING cinder.scheduler.host_manager [None req-7132647e-9ace-485b-9028-3cd0f67ff9b0 cdc29c16473a4991afae9988ecc0857a b2663c36dbce4dccb136283a79958ded - - - -] volume service is down. (host: rack03-server59@lvm-1)
2022-09-02 16:15:43.359 7 WARNING cinder.scheduler.host_manager [None req-3ee0c94a-6b54-46c4-9500-331fc4973bba cdc29c16473a4991afae9988ecc0857a b2663c36dbce4dccb136283a79958ded - - - -] volume service is down. (host: rack03-server59@lvm-1)
2022-09-02 16:15:51.338 7 WARNING cinder.scheduler.host_manager [None req-e4257a86-7c5c-4b99-ad3c-6b8c6b996003 f0e61be66e2d49b7b1a83dd005d356ec b293a847486f41ac92ec1e2c2e5571af - - - -] volume service is down. (host: rack03-server59@lvm-1)
2022-09-02 16:15:51.944 7 WARNING cinder.scheduler.host_manager [None req-e1614a9e-dfde-4cf9-a391-007c8cd1a59f 973e3f0109264822a34f7092067d3585 24feb083544c42079ecc68c29f655aea - - - -] volume service is down. (host: rack03-server59@lvm-1)
2022-09-02 16:15:52.695 7 WARNING cinder.scheduler.host_manager [None req-f38b04ab-7cf7-433d-8b53-ef3489291e12 cdc29c16473a4991afae9988ecc0857a b2663c36dbce4dccb136283a79958ded - - - -] volume service is down. (host: rack03-server59@lvm-1)
2022-09-02 16:15:53.926 7 WARNING cinder.scheduler.host_manager [None req-37b8e448-d89c-4c6e-b434-93457b238827 cdc29c16473a4991afae9988ecc0857a b2663c36dbce4dccb136283a79958ded - - - -] volume service is down. (host: rack03-server59@lvm-1)
2022-09-02 16:15:56.330 7 WARNING cinder.scheduler.host_manager [None req-95af0799-7d4c-4740-b74e-7649b08abe5e cdc29c16473a4991afae9988ecc0857a b2663c36dbce4dccb136283a79958ded - - - -] volume service is down. (host: rack03-server59@lvm-1)
2022-09-02 16:15:58.849 7 WARNING cinder.scheduler.host_manager [None req-6f7dfea0-41d8-4604-a138-6c13a1c26f23 cdc29c16473a4991afae9988ecc0857a b2663c36dbce4dccb136283a79958ded - - - -] volume service is down. (host: rack03-server59@lvm-1)
2022-09-02 16:15:59.227 7 WARNING cinder.scheduler.host_manager [None req-105b7d89-0d11-4617-9198-f69e0d360c95 e9c5bbea147a450085f961a0a4d72b61 0158d7cc390d4550ae27bd7a6dc9b1ed - - - -] volume service is down. (host: rack03-server59@lvm-1)
2022-09-02 16:16:00.080 7 WARNING cinder.scheduler.host_manager [None req-c47b629f-265d-43a7-8b18-d000ce4544d5 cdc29c16473a4991afae9988ecc0857a b2663c36dbce4dccb136283a79958ded - - - -] volume service is down. (host: rack03-server59@lvm-1)
2022-09-02 16:16:02.496 7 WARNING cinder.scheduler.host_manager [None req-b79a3147-2500-46a9-aac0-ec24a891e66c cdc29c16473a4991afae9988ecc0857a b2663c36dbce4dccb136283a79958ded - - - -] volume service is down. (host: rack03-server59@lvm-1)
2022-09-02 16:16:08.239 7 WARNING cinder.scheduler.host_manager [None req-136a3a4e-16f0-4ca7-b231-5e43fa13785f 6b0c3e38e21b469697cfe3010a5d559f de487ae0e4124b1f81b23b373573c1bb - - - -] volume service is down. (host: rack03-server59@lvm-1)
2022-09-02 16:16:09.492 7 WARNING cinder.scheduler.host_manager [None req-c4f9c44d-2a84-4207-b808-a33bf8ba64cf 6b0c3e38e21b469697cfe3010a5d559f de487ae0e4124b1f81b23b373573c1bb - - - -] volume service is down. (host: rack03-server59@lvm-1)
2022-09-02 16:16:14.119 7 WARNING cinder.scheduler.host_manager [None req-ec9f05b0-9b1b-4875-97f0-e17864954bf4 fdadb72ad45a43b48432e1f156842cc0 0cb6e3ab389e40c29074454e5e35277c - - - -] volume service is down. (host: rack03-server59@lvm-1)
2022-09-02 16:16:15.348 7 WARNING cinder.scheduler.host_manager [None req-a0ec5ea6-5572-4c60-b7bd-a758c883302d fdadb72ad45a43b48432e1f156842cc0 0cb6e3ab389e40c29074454e5e35277c - - - -] volume service is down. (host: rack03-server59@lvm-1)
2022-09-02 16:16:15.510 7 WARNING cinder.scheduler.host_manager [None req-6357c8bd-3dad-4e84-89dc-cae885ebd447 1dbdd5bdc79d4a38bf50e9b5c3644ee0 c2745ff37a7b448e8f16adcf5aadacb3 - - - -] volume service is down. (host: rack03-server59@lvm-1)
2022-09-02 16:16:16.730 7 WARNING cinder.scheduler.host_manager [None req-a1164f6a-a8c3-4cc0-a49c-6bea49f5eac0 1dbdd5bdc79d4a38bf50e9b5c3644ee0 c2745ff37a7b448e8f16adcf5aadacb3 - - - -] volume service is down. (host: rack03-server59@lvm-1)
2022-09-02 16:16:17.587 7 WARNING cinder.scheduler.host_manager [None req-99fc8723-a397-4c52-9d2a-3579e60a3a4a fdadb72ad45a43b48432e1f156842cc0 0cb6e3ab389e40c29074454e5e35277c - - - -] volume service is down. (host: rack03-server59@lvm-1)
2022-09-02 16:16:19.499 7 WARNING cinder.scheduler.host_manager [None req-f3104b1e-33f5-4310-85ea-91765a451156 8cdd1b6c39894300ad7a00b28ed0a81e 31b89e5f7dca45769b2861010f52104f - - - -] volume service is down. (host: rack03-server59@lvm-1)
2022-09-02 16:16:19.826 7 WARNING cinder.scheduler.host_manager [None req-28b12b89-6d37-4f29-ae29-3447cea27a64 fdadb72ad45a43b48432e1f156842cc0 0cb6e3ab389e40c29074454e5e35277c - - - -] volume service is down. (host: rack03-server59@lvm-1)
2022-09-02 16:16:27.261 7 WARNING cinder.scheduler.host_manager [None req-f82ad2b9-1066-4349-91d9-d999c3eb0b25 ffff611818724e4fbb263770134a21e6 98a11882796042d5a0ef8e7416980e56 - - - -] volume service is down. (host: rack03-server59@lvm-1)
2022-09-02 16:16:35.477 7 WARNING cinder.scheduler.host_manager [None req-5d8081bc-b8d6-4952-8f0a-459a5e68641b ffff611818724e4fbb263770134a21e6 98a11882796042d5a0ef8e7416980e56 - - - -] volume service is down. (host: rack03-server59@lvm-1)
2022-09-02 16:16:50.539 7 WARNING cinder.scheduler.host_manager [None req-f11ade85-5e21-46db-9934-61336500c30d 436f65f6f2c840ebbb5fd91bee94eb14 0eb1a22b4fed483fb773e9f4346733ac - - - -] volume service is down. (host: rack03-server59@lvm-1)
2022-09-02 16:16:50.575 7 WARNING cinder.scheduler.host_manager [None req-b2a73af9-f77d-4c44-893b-390938379d4f 6cf30fb509fa49b097fbdf88507a88e8 1a6838abd35d44679fd21f24eb354485 - - - -] volume service is down. (host: rack03-server59@lvm-1)
2022-09-02 16:16:50.645 7 WARNING cinder.scheduler.host_manager [None req-e76e2942-671e-422b-a307-7bdeb2cbb920 dda35d7374d54efc997ebe283ebdb3a1 5b710f89a3d44bf5b1716e19749ebf7a - - - -] volume service is down. (host: rack03-server59@lvm-1)
2022-09-02 16:16:50.773 7 WARNING cinder.scheduler.host_manager [None req-d70d9d27-9765-4fb0-9f32-d4c10481ae4e 6cf30fb509fa49b097fbdf88507a88e8 1a6838abd35d44679fd21f24eb354485 - - - -] volume service is down. (host: rack03-server59@lvm-1)
2022-09-02 16:16:50.981 7 WARNING cinder.scheduler.host_manager [None req-3e32c937-3554-402c-ab84-fd4245e3c559 6cf30fb509fa49b097fbdf88507a88e8 1a6838abd35d44679fd21f24eb354485 - - - -] volume service is down. (host: rack03-server59@lvm-1)
2022-09-02 16:16:51.201 7 WARNING cinder.scheduler.host_manager [None req-f228eb6d-07fd-49b3-8407-8229f9abc7de 6cf30fb509fa49b097fbdf88507a88e8 1a6838abd35d44679fd21f24eb354485 - - - -] volume service is down. (host: rack03-server59@lvm-1)
2022-09-02 16:16:51.427 7 WARNING cinder.scheduler.host_manager [None req-165923f3-8741-417a-9940-99aba66cc491 6cf30fb509fa49b097fbdf88507a88e8 1a6838abd35d44679fd21f24eb354485 - - - -] volume service is down. (host: rack03-server59@lvm-1)
2022-09-02 16:16:51.741 7 WARNING cinder.scheduler.host_manager [None req-7396aa4b-3dd7-4d94-b525-4e35bb4993df 436f65f6f2c840ebbb5fd91bee94eb14 0eb1a22b4fed483fb773e9f4346733ac - - - -] volume service is down. (host: rack03-server59@lvm-1)
2022-09-02 16:16:51.943 7 WARNING cinder.scheduler.host_manager [None req-a7b2b8db-f68b-43d2-8014-4fc3192b7a4d dda35d7374d54efc997ebe283ebdb3a1 5b710f89a3d44bf5b1716e19749ebf7a - - - -] volume service is down. (host: rack03-server59@lvm-1)
2022-09-02 16:16:54.091 7 WARNING cinder.scheduler.host_manager [None req-fffd7672-ef24-47fa-9274-f7a012f8ab8d 436f65f6f2c840ebbb5fd91bee94eb14 0eb1a22b4fed483fb773e9f4346733ac - - - -] volume service is down. (host: rack03-server59@lvm-1)
2022-09-02 16:16:54.323 7 WARNING cinder.scheduler.host_manager [None req-a50897ae-feef-4ab7-923d-f118808121d7 dda35d7374d54efc997ebe283ebdb3a1 5b710f89a3d44bf5b1716e19749ebf7a - - - -] volume service is down. (host: rack03-server59@lvm-1)
2022-09-02 16:16:54.328 7 WARNING cinder.scheduler.host_manager [None req-50b91f64-56e2-4478-a386-1f9afc9f3fc7 436f65f6f2c840ebbb5fd91bee94eb14 0eb1a22b4fed483fb773e9f4346733ac - - - -] volume service is down. (host: rack03-server59@lvm-1)
2022-09-02 16:16:54.531 7 WARNING cinder.scheduler.host_manager [None req-37ae883c-8696-4ee2-9949-850f76cf53b7 436f65f6f2c840ebbb5fd91bee94eb14 0eb1a22b4fed483fb773e9f4346733ac - - - -] volume service is down. (host: rack03-server59@lvm-1)
2022-09-02 16:16:54.744 7 WARNING cinder.scheduler.host_manager [None req-f1a89d50-4c2e-4bf4-9c59-4719caaa59ad 436f65f6f2c840ebbb5fd91bee94eb14 0eb1a22b4fed483fb773e9f4346733ac - - - -] volume service is down. (host: rack03-server59@lvm-1)
2022-09-02 16:16:54.954 7 WARNING cinder.scheduler.host_manager [None req-4829f80c-df34-4737-aec3-6331bcb95f19 436f65f6f2c840ebbb5fd91bee94eb14 0eb1a22b4fed483fb773e9f4346733ac - - - -] volume service is down. (host: rack03-server59@lvm-1)
2022-09-02 16:17:01.834 7 WARNING cinder.scheduler.host_manager [None req-a35d8a41-1d77-432a-95aa-706120b6b6c6 c15c2f3d5ad74ae2aed3269dc2c5b24c 5ccb63dad30d46428274c42d0143f786 - - - -] volume service is down. (host: rack03-server59@lvm-1)
2022-09-02 16:17:03.176 7 WARNING cinder.scheduler.host_manager [None req-4b11692e-634c-4b37-aabb-f22d50653a28 c15c2f3d5ad74ae2aed3269dc2c5b24c 5ccb63dad30d46428274c42d0143f786 - - - -] volume service is down. (host: rack03-server59@lvm-1)
2022-09-02 16:17:03.415 7 WARNING cinder.scheduler.host_manager [None req-07d1a8f0-751f-49e2-bbab-c9984246b6c8 c15c2f3d5ad74ae2aed3269dc2c5b24c 5ccb63dad30d46428274c42d0143f786 - - - -] volume service is down. (host: rack03-server59@lvm-1)
2022-09-02 16:17:03.637 7 WARNING cinder.scheduler.host_manager [None req-fbecac13-9d9b-4754-bf47-93c687226905 c15c2f3d5ad74ae2aed3269dc2c5b24c 5ccb63dad30d46428274c42d0143f786 - - - -] volume service is down. (host: rack03-server59@lvm-1)
2022-09-02 16:17:03.852 7 WARNING cinder.scheduler.host_manager [None req-2df4d202-4f2d-4bdc-8257-2bd4f7f79450 c15c2f3d5ad74ae2aed3269dc2c5b24c 5ccb63dad30d46428274c42d0143f786 - - - -] volume service is down. (host: rack03-server59@lvm-1)
2022-09-02 16:17:04.067 7 WARNING cinder.scheduler.host_manager [None req-2c154046-850f-4ae1-8713-982c0670cf1f c15c2f3d5ad74ae2aed3269dc2c5b24c 5ccb63dad30d46428274c42d0143f786 - - - -] volume service is down. (host: rack03-server59@lvm-1)
