Build Started 03_11_2022_18_27_50
2022-11-03 18:29:50.689 7 WARNING cinder.scheduler.host_manager [None req-f15b8a19-6903-4d1f-8c88-7134592b58c8 c37aee2ee2104a3cab530e8f4b54970a ad56ea87b4724a3190df690f73a3edb5 - - - -] volume service is down. (host: rack05-server64@lvm-1)
2022-11-03 18:29:52.213 7 WARNING cinder.scheduler.host_manager [None req-48c4adfe-f268-4c21-8b93-28bb358c7dba 2c9a1fba6cb743d68a535c764812acf2 e31fba3be2054b9c9b7c2fdcba753d8b - - - -] volume service is down. (host: rack05-server64@lvm-1)
2022-11-03 18:29:52.220 7 WARNING cinder.scheduler.host_manager [None req-48c4adfe-f268-4c21-8b93-28bb358c7dba 2c9a1fba6cb743d68a535c764812acf2 e31fba3be2054b9c9b7c2fdcba753d8b - - - -] volume service is down. (host: rack05-server64@lvm-1)
2022-11-03 18:29:53.716 7 WARNING cinder.scheduler.host_manager [None req-34488974-a5ee-4b56-9c2a-11260dd14b7f 2c9a1fba6cb743d68a535c764812acf2 e31fba3be2054b9c9b7c2fdcba753d8b - - - -] volume service is down. (host: rack05-server64@lvm-1)
2022-11-03 18:29:54.729 7 WARNING cinder.scheduler.host_manager [None req-bc8b7d19-8c78-4016-8a1d-3a2ccc3c1288 abf893fcf2384b8187df1ae3846cc0b8 0c880bb633dd4730947a47031a2226cb - - - -] volume service is down. (host: rack05-server64@lvm-1)
2022-11-03 18:29:54.771 7 WARNING cinder.scheduler.host_manager [None req-56e19167-85bd-481c-a5ee-0b7b307b6757 abf893fcf2384b8187df1ae3846cc0b8 0c880bb633dd4730947a47031a2226cb - - - -] volume service is down. (host: rack05-server64@lvm-1)
2022-11-03 18:29:56.086 7 WARNING cinder.scheduler.host_manager [None req-d1a012cd-4a38-4442-8eaa-1d06ff56e1cc 2c9a1fba6cb743d68a535c764812acf2 e31fba3be2054b9c9b7c2fdcba753d8b - - - -] volume service is down. (host: rack05-server64@lvm-1)
2022-11-03 18:30:04.393 7 WARNING cinder.scheduler.host_manager [None req-9a88b73c-87ca-4a64-9ed9-3071cc115e1b bfe047f0739f4ae881eed0d93d1c53f1 6ccebb38a8e9438dbede10381c1be2a8 - - - -] volume service is down. (host: rack05-server64@lvm-1)
2022-11-03 18:30:04.400 7 WARNING cinder.scheduler.host_manager [None req-9a88b73c-87ca-4a64-9ed9-3071cc115e1b bfe047f0739f4ae881eed0d93d1c53f1 6ccebb38a8e9438dbede10381c1be2a8 - - - -] volume service is down. (host: rack05-server64@lvm-1)
2022-11-03 18:30:05.898 7 WARNING cinder.scheduler.host_manager [None req-e85a5998-4946-4aa7-b3e0-a4b5057a2a0c bfe047f0739f4ae881eed0d93d1c53f1 6ccebb38a8e9438dbede10381c1be2a8 - - - -] volume service is down. (host: rack05-server64@lvm-1)
2022-11-03 18:30:08.268 7 WARNING cinder.scheduler.host_manager [None req-86637000-78b8-48bc-a2de-b65ac2a98fa8 642c23f224ca4a84ba2778ae1f6fc630 6b3689c770ab4b969d85c1455784d4ff - - - -] volume service is down. (host: rack05-server64@lvm-1)
2022-11-03 18:30:08.268 7 INFO cinder.scheduler.base_filter [None req-86637000-78b8-48bc-a2de-b65ac2a98fa8 642c23f224ca4a84ba2778ae1f6fc630 6b3689c770ab4b969d85c1455784d4ff - - - -] Filtering removed all hosts for the request with volume ID '21bae1c9-4471-454c-9f28-461d40a2f8ee'. Filter results: AvailabilityZoneFilter: (start: 1, end: 1), CapacityFilter: (start: 1, end: 1), CapabilitiesFilter: (start: 1, end: 0)
2022-11-03 18:30:08.269 7 WARNING cinder.scheduler.filter_scheduler [None req-86637000-78b8-48bc-a2de-b65ac2a98fa8 642c23f224ca4a84ba2778ae1f6fc630 6b3689c770ab4b969d85c1455784d4ff - - - -] No weighed backend found for volume with properties: {'id': 'c88cc978-2701-463e-b117-3d65ccb622e4', 'name': 'tempest-UserMessagesTest-volume-type-1355064664', 'description': None, 'is_public': True, 'projects': [], 'extra_specs': {'storage_protocol': 'tempest-storage_protocol-1331641937', 'vendor_name': 'tempest-vendor_name-1889847289'}, 'qos_specs_id': None, 'created_at': '2022-11-03T18:30:07.000000', 'updated_at': None, 'deleted_at': None, 'deleted': False}
2022-11-03 18:30:08.269 7 INFO cinder.message.api [None req-86637000-78b8-48bc-a2de-b65ac2a98fa8 642c23f224ca4a84ba2778ae1f6fc630 6b3689c770ab4b969d85c1455784d4ff - - - -] Creating message record for request_id = req-86637000-78b8-48bc-a2de-b65ac2a98fa8
2022-11-03 18:30:08.276 7 ERROR cinder.scheduler.flows.create_volume [None req-86637000-78b8-48bc-a2de-b65ac2a98fa8 642c23f224ca4a84ba2778ae1f6fc630 6b3689c770ab4b969d85c1455784d4ff - - - -] Failed to run task cinder.scheduler.flows.create_volume.ScheduleCreateVolumeTask;volume:create: No valid backend was found. No weighed backends available: cinder.exception.NoValidBackend: No valid backend was found. No weighed backends available
2022-11-03 18:30:10.090 7 WARNING cinder.scheduler.host_manager [None req-116f7dac-fab9-4080-98e5-c52dcfe380f0 642c23f224ca4a84ba2778ae1f6fc630 6b3689c770ab4b969d85c1455784d4ff - - - -] volume service is down. (host: rack05-server64@lvm-1)
2022-11-03 18:30:10.091 7 INFO cinder.scheduler.base_filter [None req-116f7dac-fab9-4080-98e5-c52dcfe380f0 642c23f224ca4a84ba2778ae1f6fc630 6b3689c770ab4b969d85c1455784d4ff - - - -] Filtering removed all hosts for the request with volume ID '037efebd-649e-4127-aab6-cfcee3fc2515'. Filter results: AvailabilityZoneFilter: (start: 1, end: 1), CapacityFilter: (start: 1, end: 1), CapabilitiesFilter: (start: 1, end: 0)
2022-11-03 18:30:10.091 7 WARNING cinder.scheduler.filter_scheduler [None req-116f7dac-fab9-4080-98e5-c52dcfe380f0 642c23f224ca4a84ba2778ae1f6fc630 6b3689c770ab4b969d85c1455784d4ff - - - -] No weighed backend found for volume with properties: {'id': '4c459514-732d-4dc6-92dd-aa2d6269ac1d', 'name': 'tempest-UserMessagesTest-volume-type-533669590', 'description': None, 'is_public': True, 'projects': [], 'extra_specs': {'storage_protocol': 'tempest-storage_protocol-282283825', 'vendor_name': 'tempest-vendor_name-2048159918'}, 'qos_specs_id': None, 'created_at': '2022-11-03T18:30:09.000000', 'updated_at': None, 'deleted_at': None, 'deleted': False}
2022-11-03 18:30:10.092 7 INFO cinder.message.api [None req-116f7dac-fab9-4080-98e5-c52dcfe380f0 642c23f224ca4a84ba2778ae1f6fc630 6b3689c770ab4b969d85c1455784d4ff - - - -] Creating message record for request_id = req-116f7dac-fab9-4080-98e5-c52dcfe380f0
2022-11-03 18:30:10.099 7 ERROR cinder.scheduler.flows.create_volume [None req-116f7dac-fab9-4080-98e5-c52dcfe380f0 642c23f224ca4a84ba2778ae1f6fc630 6b3689c770ab4b969d85c1455784d4ff - - - -] Failed to run task cinder.scheduler.flows.create_volume.ScheduleCreateVolumeTask;volume:create: No valid backend was found. No weighed backends available: cinder.exception.NoValidBackend: No valid backend was found. No weighed backends available
2022-11-03 18:30:10.682 7 WARNING cinder.scheduler.host_manager [None req-054832a3-84c3-4421-bb28-7b2ecb1424c9 bfe047f0739f4ae881eed0d93d1c53f1 6ccebb38a8e9438dbede10381c1be2a8 - - - -] volume service is down. (host: rack05-server64@lvm-1)
2022-11-03 18:30:16.489 7 WARNING cinder.scheduler.host_manager [None req-2b1fd013-8d1b-4d32-b37e-683be76221f5 bfe047f0739f4ae881eed0d93d1c53f1 6ccebb38a8e9438dbede10381c1be2a8 - - - -] volume service is down. (host: rack05-server64@lvm-1)
2022-11-03 18:30:16.497 7 WARNING cinder.scheduler.host_manager [None req-2b1fd013-8d1b-4d32-b37e-683be76221f5 bfe047f0739f4ae881eed0d93d1c53f1 6ccebb38a8e9438dbede10381c1be2a8 - - - -] volume service is down. (host: rack05-server64@lvm-1)
2022-11-03 18:30:17.943 7 WARNING cinder.scheduler.host_manager [None req-ec86b4bd-3ce7-456a-8a9e-25c7c18a9731 bfe047f0739f4ae881eed0d93d1c53f1 6ccebb38a8e9438dbede10381c1be2a8 - - - -] volume service is down. (host: rack05-server64@lvm-1)
2022-11-03 18:30:20.507 7 WARNING cinder.scheduler.host_manager [None req-a5481497-fb08-4b90-a647-8f839aeb723e bfe047f0739f4ae881eed0d93d1c53f1 6ccebb38a8e9438dbede10381c1be2a8 - - - -] volume service is down. (host: rack05-server64@lvm-1)
2022-11-03 18:30:20.969 7 WARNING cinder.scheduler.host_manager [None req-c3b14b0c-d674-448d-90ab-c98bb9093a11 c37aee2ee2104a3cab530e8f4b54970a ad56ea87b4724a3190df690f73a3edb5 - - - -] volume service is down. (host: rack05-server64@lvm-1)
2022-11-03 18:30:23.948 7 WARNING cinder.scheduler.host_manager [None req-67e60799-4707-42b9-9203-c60af5e1d719 2adbfd373936423e9b768abb69fd4759 1238db037e8e4dfbaa51282957796156 - - - -] volume service is down. (host: rack05-server64@lvm-1)
2022-11-03 18:30:33.907 7 WARNING cinder.scheduler.host_manager [None req-5c8b01a9-60d0-4252-91a5-157244fd48ef bfe047f0739f4ae881eed0d93d1c53f1 6ccebb38a8e9438dbede10381c1be2a8 - - - -] volume service is down. (host: rack05-server64@lvm-1)
2022-11-03 18:30:33.914 7 WARNING cinder.scheduler.host_manager [None req-5c8b01a9-60d0-4252-91a5-157244fd48ef bfe047f0739f4ae881eed0d93d1c53f1 6ccebb38a8e9438dbede10381c1be2a8 - - - -] volume service is down. (host: rack05-server64@lvm-1)
2022-11-03 18:30:35.360 7 WARNING cinder.scheduler.host_manager [None req-e18b864a-48b3-4b69-9479-15ba6de82ffa bfe047f0739f4ae881eed0d93d1c53f1 6ccebb38a8e9438dbede10381c1be2a8 - - - -] volume service is down. (host: rack05-server64@lvm-1)
2022-11-03 18:30:50.094 7 WARNING cinder.scheduler.host_manager [None req-7490bba3-feba-4e37-ac9a-b2e41f0e08a0 58cd0224965b482c8d9adb36a924a1bb 9afd73e529844fe2bd8db33d3e3c9b79 - - - -] volume service is down. (host: rack05-server64@lvm-1)
2022-11-03 18:30:52.618 7 WARNING cinder.scheduler.host_manager [None req-8c5324b5-1999-4113-998c-7abcfa30890c 58cd0224965b482c8d9adb36a924a1bb 9afd73e529844fe2bd8db33d3e3c9b79 - - - -] volume service is down. (host: rack05-server64@lvm-1)
2022-11-03 18:30:55.168 7 WARNING cinder.scheduler.host_manager [None req-6aa97509-2f34-4062-ac37-94e517dc8276 58cd0224965b482c8d9adb36a924a1bb 9afd73e529844fe2bd8db33d3e3c9b79 - - - -] volume service is down. (host: rack05-server64@lvm-1)
2022-11-03 18:30:57.337 7 WARNING cinder.scheduler.host_manager [None req-4b0e396d-33ef-467c-b87f-deb0f53fa5fb 20b968c5e041497ab6760cb111fa9271 6801230d07fd4409800ca39051e0f00b - - - -] volume service is down. (host: rack05-server64@lvm-1)
2022-11-03 18:30:57.345 7 WARNING cinder.scheduler.host_manager [None req-4b0e396d-33ef-467c-b87f-deb0f53fa5fb 20b968c5e041497ab6760cb111fa9271 6801230d07fd4409800ca39051e0f00b - - - -] volume service is down. (host: rack05-server64@lvm-1)
2022-11-03 18:30:57.812 7 WARNING cinder.scheduler.host_manager [None req-4e33ff3b-9572-4604-b26c-d84fb4a1e8d4 68c8c4ca2ec94bffa8364ccf87b8348d 3c44d1b3c5104aba8f1509fb271d7130 - - - -] volume service is down. (host: rack05-server64@lvm-1)
2022-11-03 18:30:58.542 7 WARNING cinder.scheduler.host_manager [None req-ff731280-7eb0-411c-b1c0-e53876f32a2f 20b968c5e041497ab6760cb111fa9271 6801230d07fd4409800ca39051e0f00b - - - -] volume service is down. (host: rack05-server64@lvm-1)
2022-11-03 18:30:58.548 7 WARNING cinder.scheduler.host_manager [None req-ff731280-7eb0-411c-b1c0-e53876f32a2f 20b968c5e041497ab6760cb111fa9271 6801230d07fd4409800ca39051e0f00b - - - -] volume service is down. (host: rack05-server64@lvm-1)
2022-11-03 18:31:00.038 7 WARNING cinder.scheduler.host_manager [None req-7a0891bf-f884-42d1-bbac-62b009998c47 20b968c5e041497ab6760cb111fa9271 6801230d07fd4409800ca39051e0f00b - - - -] volume service is down. (host: rack05-server64@lvm-1)
2022-11-03 18:31:04.337 7 WARNING cinder.scheduler.host_manager [None req-e65fda94-b2d0-4079-ad87-e11919482222 20b968c5e041497ab6760cb111fa9271 6801230d07fd4409800ca39051e0f00b - - - -] volume service is down. (host: rack05-server64@lvm-1)
2022-11-03 18:31:04.344 7 WARNING cinder.scheduler.host_manager [None req-e65fda94-b2d0-4079-ad87-e11919482222 20b968c5e041497ab6760cb111fa9271 6801230d07fd4409800ca39051e0f00b - - - -] volume service is down. (host: rack05-server64@lvm-1)
2022-11-03 18:31:05.808 7 WARNING cinder.scheduler.host_manager [None req-b12bb041-c212-4e45-869d-ea5978db5657 20b968c5e041497ab6760cb111fa9271 6801230d07fd4409800ca39051e0f00b - - - -] volume service is down. (host: rack05-server64@lvm-1)
2022-11-03 18:31:07.014 7 WARNING cinder.scheduler.host_manager [None req-c2299547-a00f-410f-9447-d9c43b8a6a28 f3c4d46d57994bfb8938672c70c9c559 dfa71c7083b146978e6b4cb62ce4cf0c - - - -] volume service is down. (host: rack05-server64@lvm-1)
2022-11-03 18:31:08.342 7 WARNING cinder.scheduler.host_manager [None req-49bed378-d49b-4711-b306-4b5544aee4d3 20b968c5e041497ab6760cb111fa9271 6801230d07fd4409800ca39051e0f00b - - - -] volume service is down. (host: rack05-server64@lvm-1)
2022-11-03 18:31:09.339 7 WARNING cinder.scheduler.host_manager [None req-67a066e3-2b3f-4a24-80a3-f70d1d659a01 f3c4d46d57994bfb8938672c70c9c559 dfa71c7083b146978e6b4cb62ce4cf0c - - - -] volume service is down. (host: rack05-server64@lvm-1)
2022-11-03 18:31:21.673 7 WARNING cinder.scheduler.host_manager [None req-79cb56c0-322f-4439-bded-01db699de3af 882b689c9a514941b6bde51fab585d03 4668941dffda47568599eb3a80e8cbb7 - - - -] volume service is down. (host: rack05-server64@lvm-1)
2022-11-03 18:31:24.832 7 WARNING cinder.scheduler.host_manager [None req-1c471df5-dd48-4f6a-8a13-a48940193e49 c7aee514b26e4bceaa4ffc21ba233a06 1f5087207e414b1c854c6c870a59814a - - - -] volume service is down. (host: rack05-server64@lvm-1)
2022-11-03 18:31:27.193 7 WARNING cinder.scheduler.host_manager [None req-8346dde8-ce0a-47ad-a7ac-1376a310f5f1 c7aee514b26e4bceaa4ffc21ba233a06 1f5087207e414b1c854c6c870a59814a - - - -] volume service is down. (host: rack05-server64@lvm-1)
2022-11-03 18:31:28.525 7 WARNING cinder.scheduler.host_manager [None req-463a6e77-9b35-42ed-a609-92052ec6caea 21370786b63c435e88863617d8ff8936 7b3b827ab9654424bb0dd57e235e3489 - - - -] volume service is down. (host: rack05-server64@lvm-1)
2022-11-03 18:31:29.764 7 WARNING cinder.scheduler.host_manager [None req-dacbbbe2-413a-46c0-9bd2-4c9469ec11e9 c7aee514b26e4bceaa4ffc21ba233a06 1f5087207e414b1c854c6c870a59814a - - - -] volume service is down. (host: rack05-server64@lvm-1)
2022-11-03 18:31:30.861 7 WARNING cinder.scheduler.host_manager [None req-703d399e-ffb3-4806-883b-5df648fc2162 21370786b63c435e88863617d8ff8936 7b3b827ab9654424bb0dd57e235e3489 - - - -] volume service is down. (host: rack05-server64@lvm-1)
2022-11-03 18:31:33.135 7 WARNING cinder.scheduler.host_manager [None req-982c25ca-edc2-4b49-bbfe-31ea858c7862 21370786b63c435e88863617d8ff8936 7b3b827ab9654424bb0dd57e235e3489 - - - -] volume service is down. (host: rack05-server64@lvm-1)
2022-11-03 18:31:33.328 7 WARNING cinder.scheduler.host_manager [None req-ba80f941-4a21-42bc-9eb7-77d4b7139c97 c7aee514b26e4bceaa4ffc21ba233a06 1f5087207e414b1c854c6c870a59814a - - - -] volume service is down. (host: rack05-server64@lvm-1)
2022-11-03 18:31:34.503 7 WARNING cinder.scheduler.host_manager [None req-91b0405d-efef-433e-be9c-a262465373e0 c37aee2ee2104a3cab530e8f4b54970a ad56ea87b4724a3190df690f73a3edb5 - - - -] volume service is down. (host: rack05-server64@lvm-1)
2022-11-03 18:31:36.836 7 WARNING cinder.scheduler.host_manager [None req-fff50f7f-8afb-463d-9991-9f55394a2ef9 21370786b63c435e88863617d8ff8936 7b3b827ab9654424bb0dd57e235e3489 - - - -] volume service is down. (host: rack05-server64@lvm-1)
2022-11-03 18:31:36.893 7 WARNING cinder.scheduler.host_manager [None req-34a03ebf-8e5d-42d8-835c-39a6c828aba1 c7aee514b26e4bceaa4ffc21ba233a06 1f5087207e414b1c854c6c870a59814a - - - -] volume service is down. (host: rack05-server64@lvm-1)
2022-11-03 18:31:38.125 7 WARNING cinder.scheduler.host_manager [None req-89753a86-c9e7-40ab-88ca-f648fd32c704 21370786b63c435e88863617d8ff8936 7b3b827ab9654424bb0dd57e235e3489 - - - -] volume service is down. (host: rack05-server64@lvm-1)
2022-11-03 18:31:40.498 7 WARNING cinder.scheduler.host_manager [None req-3b74a9d3-89ab-481a-b98f-68741eae34cc c7aee514b26e4bceaa4ffc21ba233a06 1f5087207e414b1c854c6c870a59814a - - - -] volume service is down. (host: rack05-server64@lvm-1)
2022-11-03 18:31:40.589 7 WARNING cinder.scheduler.host_manager [None req-726312db-770c-4c5f-a50d-6cb4f3c236d2 21370786b63c435e88863617d8ff8936 7b3b827ab9654424bb0dd57e235e3489 - - - -] volume service is down. (host: rack05-server64@lvm-1)
2022-11-03 18:31:51.302 7 WARNING cinder.scheduler.host_manager [None req-b8c9e134-b8a6-4ad2-97a6-41f351188386 96e398958116498cb2f6870649432473 997c0151f25e4d1196fd9251ff81b41c - - - -] volume service is down. (host: rack05-server64@lvm-1)
2022-11-03 18:31:51.631 7 WARNING cinder.scheduler.host_manager [None req-263da397-0d4f-40b6-83dd-ae273a6969ca f983dbe13cfd4c8599fbe3c1650c55ee 17ca3d9427ab47e996b1206698bdd1d1 - - - -] volume service is down. (host: rack05-server64@lvm-1)
2022-11-03 18:31:53.219 7 WARNING cinder.scheduler.host_manager [req-501ce23c-3aff-4032-b0e7-93f9a639a8a7 req-e90523e1-ef97-46cb-9e2c-7946a30c2d51 c37aee2ee2104a3cab530e8f4b54970a ad56ea87b4724a3190df690f73a3edb5 - - - -] volume service is down. (host: rack05-server64@lvm-1)
2022-11-03 18:31:54.060 7 WARNING cinder.scheduler.host_manager [None req-d499f09d-71ac-40fa-81b8-65461549d7f4 f983dbe13cfd4c8599fbe3c1650c55ee 17ca3d9427ab47e996b1206698bdd1d1 - - - -] volume service is down. (host: rack05-server64@lvm-1)
2022-11-03 18:31:56.011 7 WARNING cinder.scheduler.host_manager [None req-e8bee77c-255e-44f3-91bb-bbcf89e15dda 96e398958116498cb2f6870649432473 997c0151f25e4d1196fd9251ff81b41c - - - -] volume service is down. (host: rack05-server64@lvm-1)
2022-11-03 18:32:02.031 7 WARNING cinder.scheduler.host_manager [None req-349adc44-fde4-4a9d-8d9b-754e4d6d7b0a 40847662848b40488ffa57a0debde6cb 540a1ce562204fe590e361d74263953c - - - -] volume service is down. (host: rack05-server64@lvm-1)
2022-11-03 18:32:03.030 7 WARNING cinder.scheduler.host_manager [None req-0db0e41b-ca2f-4b15-b1b4-b21f6fe7f8af b386ae9145574233943da32ab7cf18c3 949ca1d4c9014a0e99124993dee0de46 - - - -] volume service is down. (host: rack05-server64@lvm-1)
2022-11-03 18:32:10.280 7 WARNING cinder.scheduler.host_manager [req-43d8e115-5e7d-4363-b54c-379d98444c4b req-f59f4f55-47d4-45f9-85c5-f49f9823bcc6 c4634622c2344bffb55bb29e3c10a77d 97bb61837158436b8e8447282945f873 - - - -] volume service is down. (host: rack05-server64@lvm-1)
2022-11-03 18:32:10.673 7 WARNING cinder.scheduler.host_manager [None req-eb681739-cd7e-4725-8070-22e238e919dc 82aabd3864a54225be60d8de60f76d49 6e8aef061f244476aacf65a2ae40f03e - - - -] volume service is down. (host: rack05-server64@lvm-1)
2022-11-03 18:32:12.758 7 WARNING cinder.scheduler.host_manager [req-f8bb4c81-fff5-4bbc-805a-8774cecdf145 req-2d92c08d-e611-46d8-810d-d17db547a3cf c4634622c2344bffb55bb29e3c10a77d 97bb61837158436b8e8447282945f873 - - - -] volume service is down. (host: rack05-server64@lvm-1)
2022-11-03 18:32:13.030 7 WARNING cinder.scheduler.host_manager [None req-7387b639-bae8-4d44-a88a-29ad2b7167be 82aabd3864a54225be60d8de60f76d49 6e8aef061f244476aacf65a2ae40f03e - - - -] volume service is down. (host: rack05-server64@lvm-1)
2022-11-03 18:32:20.820 7 WARNING cinder.scheduler.host_manager [req-812130eb-2a63-414a-aafb-2c537d156b06 req-086f1102-0e31-41a1-8dc0-56b3feb73789 2b2ecb8c01f545559dac0dd405415b2e 295f2cd33815482abfcf2eb1d3335628 - - - -] volume service is down. (host: rack05-server64@lvm-1)
2022-11-03 18:32:26.917 7 WARNING cinder.scheduler.host_manager [None req-95259ad9-52e2-4f64-a6b9-295de40ff0cd b59255475a444b72beb247ec51d1c1cd a671f957343740d4a6ab4f5a7fc409e9 - - - -] volume service is down. (host: rack05-server64@lvm-1)
2022-11-03 18:32:30.872 7 WARNING cinder.scheduler.host_manager [None req-43ce1645-0a12-4710-bb16-a285cb03ced5 b59255475a444b72beb247ec51d1c1cd a671f957343740d4a6ab4f5a7fc409e9 - - - -] volume service is down. (host: rack05-server64@lvm-1)
2022-11-03 18:32:32.849 7 WARNING cinder.scheduler.host_manager [None req-040ef975-8bc8-4ba8-8411-2bd87f47d8b7 b59255475a444b72beb247ec51d1c1cd a671f957343740d4a6ab4f5a7fc409e9 - - - -] volume service is down. (host: rack05-server64@lvm-1)
2022-11-03 18:32:34.770 7 WARNING cinder.scheduler.host_manager [None req-48356b54-93a4-4c70-997e-d33800cf5d6e d075c0749c6049e393c214c8842cd21d e248e8afa6cb465bb4902a178bf2732d - - - -] volume service is down. (host: rack05-server64@lvm-1)
2022-11-03 18:32:39.518 7 WARNING cinder.scheduler.host_manager [None req-073cb3b0-61cc-4749-bccc-ba28851dd0b3 d082e32634cf4ca4816f951c49f867b4 de4324f7c56449399581ed15b30cdf1d - - - -] volume service is down. (host: rack05-server64@lvm-1)
2022-11-03 18:32:39.578 7 WARNING cinder.scheduler.host_manager [None req-7dcc70d0-3c01-4689-a19b-19705062bdc0 d075c0749c6049e393c214c8842cd21d e248e8afa6cb465bb4902a178bf2732d - - - -] volume service is down. (host: rack05-server64@lvm-1)
2022-11-03 18:32:43.252 7 WARNING cinder.scheduler.host_manager [None req-a6c3c91d-0834-4a33-a9b4-ea26b71cdf96 d075c0749c6049e393c214c8842cd21d e248e8afa6cb465bb4902a178bf2732d - - - -] volume service is down. (host: rack05-server64@lvm-1)
2022-11-03 18:32:46.998 7 WARNING cinder.scheduler.host_manager [None req-3bcdad64-ade3-4357-ad9b-c1bec89dfb7b d075c0749c6049e393c214c8842cd21d e248e8afa6cb465bb4902a178bf2732d - - - -] volume service is down. (host: rack05-server64@lvm-1)
2022-11-03 18:32:48.721 7 WARNING cinder.scheduler.host_manager [None req-3d25cfc9-d66c-4a9e-b73d-303587ad844a c8c7709e468742b29be8eaf38d3040ae 72a66b19f0014c8cb4cbc7aa828ebb57 - - - -] volume service is down. (host: rack05-server64@lvm-1)
2022-11-03 18:32:48.728 7 WARNING cinder.scheduler.host_manager [None req-3d25cfc9-d66c-4a9e-b73d-303587ad844a c8c7709e468742b29be8eaf38d3040ae 72a66b19f0014c8cb4cbc7aa828ebb57 - - - -] volume service is down. (host: rack05-server64@lvm-1)
2022-11-03 18:32:50.725 7 WARNING cinder.scheduler.host_manager [None req-2662c2bd-57cb-4de5-81f1-d3a0343d5205 d075c0749c6049e393c214c8842cd21d e248e8afa6cb465bb4902a178bf2732d - - - -] volume service is down. (host: rack05-server64@lvm-1)
2022-11-03 18:32:51.509 7 WARNING cinder.scheduler.host_manager [None req-a4f7b1c3-0a6d-4feb-952f-2c2d074d3ace d082e32634cf4ca4816f951c49f867b4 de4324f7c56449399581ed15b30cdf1d - - - -] volume service is down. (host: rack05-server64@lvm-1)
2022-11-03 18:32:54.444 7 WARNING cinder.scheduler.host_manager [None req-17399343-fb0a-49ea-a430-e98a06f34cdc d075c0749c6049e393c214c8842cd21d e248e8afa6cb465bb4902a178bf2732d - - - -] volume service is down. (host: rack05-server64@lvm-1)
2022-11-03 18:32:55.049 7 WARNING cinder.scheduler.host_manager [None req-4a8cf857-b405-44df-9dfc-b7c80e3fb5b5 d082e32634cf4ca4816f951c49f867b4 de4324f7c56449399581ed15b30cdf1d - - - -] volume service is down. (host: rack05-server64@lvm-1)
2022-11-03 18:32:57.514 7 WARNING cinder.scheduler.host_manager [None req-fedf396a-7059-40eb-af26-8a6524675a4c d082e32634cf4ca4816f951c49f867b4 de4324f7c56449399581ed15b30cdf1d - - - -] volume service is down. (host: rack05-server64@lvm-1)
2022-11-03 18:33:00.823 7 WARNING cinder.scheduler.host_manager [None req-1152e068-bafc-4366-b527-66328ac9fa88 d345fc0e6d10460789eb226fb6427a64 d810f255c3714e64941a33c854c3c839 - - - -] volume service is down. (host: rack05-server64@lvm-1)
2022-11-03 18:33:05.337 7 WARNING cinder.scheduler.host_manager [None req-4eaa205c-41c0-41af-a6b5-102ca256fca9 95372ea897aa4c349c9cc840450215a6 1cabe4c95cae4200b701d411744b5c38 - - - -] volume service is down. (host: rack05-server64@lvm-1)
2022-11-03 18:33:07.272 7 WARNING cinder.scheduler.host_manager [None req-5b091679-cda4-47a4-b077-c544f3beae2a 3319d9249a1f4ea6a62c63239c91be37 4a281e2fc26249ee90b2cfa8b4afa870 - - - -] volume service is down. (host: rack05-server64@lvm-1)
2022-11-03 18:33:08.072 7 WARNING cinder.scheduler.host_manager [None req-30d5bf71-8df5-48e8-8951-f405a0797e3a 8e9d0552446c435ab97154a2f96d4b8e 8908777a1a28453fbe82ec7d5b1f1365 - - - -] volume service is down. (host: rack05-server64@lvm-1)
2022-11-03 18:33:11.738 7 WARNING cinder.scheduler.host_manager [None req-604df482-6264-467f-9cc0-0f8a846016d3 8e9d0552446c435ab97154a2f96d4b8e 8908777a1a28453fbe82ec7d5b1f1365 - - - -] volume service is down. (host: rack05-server64@lvm-1)
2022-11-03 18:33:15.167 7 WARNING cinder.scheduler.host_manager [None req-7cc47bc4-4dc6-4a7d-92ea-0e9f159566b0 df9d3455d09542dc8342c3935d16cb41 90697af119a345b68fbfc4b3e7f0d868 - - - -] volume service is down. (host: rack05-server64@lvm-1)
2022-11-03 18:33:15.223 7 WARNING cinder.scheduler.host_manager [None req-eb346874-2731-4f19-902a-684a174c8d8c 3319d9249a1f4ea6a62c63239c91be37 4a281e2fc26249ee90b2cfa8b4afa870 - - - -] volume service is down. (host: rack05-server64@lvm-1)
2022-11-03 18:33:19.997 7 WARNING cinder.scheduler.host_manager [None req-74d58b6f-5c31-437f-b2e3-41590e379cb7 df9d3455d09542dc8342c3935d16cb41 90697af119a345b68fbfc4b3e7f0d868 - - - -] volume service is down. (host: rack05-server64@lvm-1)
2022-11-03 18:33:27.295 7 WARNING cinder.scheduler.host_manager [None req-954f8515-6a7c-4cc0-b81c-345cd6cded10 8eec29a3b8b946ea843e653c480e5555 9566eb6625ae4616be5424566bef6778 - - - -] volume service is down. (host: rack05-server64@lvm-1)
2022-11-03 18:33:30.679 7 WARNING cinder.scheduler.host_manager [None req-e02bffb3-8f37-467f-aed2-8ac116ff8411 3319d9249a1f4ea6a62c63239c91be37 4a281e2fc26249ee90b2cfa8b4afa870 - - - -] volume service is down. (host: rack05-server64@lvm-1)
2022-11-03 18:33:33.001 7 WARNING cinder.scheduler.host_manager [None req-49923578-517c-4935-93c9-dc828ecad84a 3319d9249a1f4ea6a62c63239c91be37 4a281e2fc26249ee90b2cfa8b4afa870 - - - -] volume service is down. (host: rack05-server64@lvm-1)
2022-11-03 18:33:33.748 7 WARNING cinder.scheduler.host_manager [None req-9a8173b5-0aee-48d1-bb3d-90ba6ef142ff 15d1d24e8ada473a941e5fabeca28c26 4e4d1d62c8464ef697ebd3acde1a3429 - - - -] volume service is down. (host: rack05-server64@lvm-1)
2022-11-03 18:33:33.937 7 WARNING cinder.scheduler.host_manager [None req-defbf61c-2049-4892-928e-cbdaba8db7df 7f8dc295ef1b47aabb170495e79cf843 97744a7213784caca4668e7ab143064a - - - -] volume service is down. (host: rack05-server64@lvm-1)
2022-11-03 18:33:35.273 7 WARNING cinder.scheduler.host_manager [None req-cf8c11d4-4a25-417c-bba7-e9b1a0cab7ba 3319d9249a1f4ea6a62c63239c91be37 4a281e2fc26249ee90b2cfa8b4afa870 - - - -] volume service is down. (host: rack05-server64@lvm-1)
2022-11-03 18:33:44.593 7 WARNING cinder.scheduler.host_manager [None req-dc8583eb-756f-4692-9b77-31156ac17c23 3319d9249a1f4ea6a62c63239c91be37 4a281e2fc26249ee90b2cfa8b4afa870 - - - -] volume service is down. (host: rack05-server64@lvm-1)
2022-11-03 18:33:46.622 7 WARNING cinder.scheduler.host_manager [None req-c1692140-cda8-44b2-bf25-91ec3845d497 15d1d24e8ada473a941e5fabeca28c26 4e4d1d62c8464ef697ebd3acde1a3429 - - - -] volume service is down. (host: rack05-server64@lvm-1)
2022-11-03 18:33:48.127 7 WARNING cinder.scheduler.host_manager [None req-bb312fc9-7f2c-460d-895f-a6a55b0fa62d 3319d9249a1f4ea6a62c63239c91be37 4a281e2fc26249ee90b2cfa8b4afa870 - - - -] volume service is down. (host: rack05-server64@lvm-1)
2022-11-03 18:33:48.132 7 WARNING cinder.scheduler.host_manager [None req-4c9090ad-b328-4a0b-810e-9bd6ae2930a8 15d1d24e8ada473a941e5fabeca28c26 4e4d1d62c8464ef697ebd3acde1a3429 - - - -] volume service is down. (host: rack05-server64@lvm-1)
2022-11-03 18:33:50.467 7 WARNING cinder.scheduler.host_manager [None req-66c297a2-2702-40fa-81e9-80ada80d0bef 15d1d24e8ada473a941e5fabeca28c26 4e4d1d62c8464ef697ebd3acde1a3429 - - - -] volume service is down. (host: rack05-server64@lvm-1)
2022-11-03 18:33:52.519 7 WARNING cinder.scheduler.host_manager [None req-86628edb-b9c8-48e6-a9cd-56e9c6771181 143b5320c23a4eab90b308c7dff11127 b027c9c7bb4f49d5918553b7ff37830f - - - -] volume service is down. (host: rack05-server64@lvm-1)
2022-11-03 18:33:52.749 7 WARNING cinder.scheduler.host_manager [None req-316b4927-ff09-404c-ab51-19fbbba53bab 15d1d24e8ada473a941e5fabeca28c26 4e4d1d62c8464ef697ebd3acde1a3429 - - - -] volume service is down. (host: rack05-server64@lvm-1)
2022-11-03 18:33:57.068 7 WARNING cinder.scheduler.host_manager [None req-a4b51168-b0a8-471e-9255-c85ecaab58b1 3319d9249a1f4ea6a62c63239c91be37 4a281e2fc26249ee90b2cfa8b4afa870 - - - -] volume service is down. (host: rack05-server64@lvm-1)
2022-11-03 18:33:59.401 7 WARNING cinder.scheduler.host_manager [None req-8ccc8178-dda1-4973-b6cd-354d774792ed 3319d9249a1f4ea6a62c63239c91be37 4a281e2fc26249ee90b2cfa8b4afa870 - - - -] volume service is down. (host: rack05-server64@lvm-1)
2022-11-03 18:34:00.444 7 WARNING cinder.scheduler.host_manager [None req-f7311964-8083-499a-bf8b-6c946fe31acf 5f15753aadd149daa0709c10f2fffab3 9e268a0fa7994f6f9b327356119ff86f - - - -] volume service is down. (host: rack05-server64@lvm-1)
2022-11-03 18:34:01.564 7 WARNING cinder.scheduler.host_manager [None req-f4c24dd8-0594-4bf7-8095-c6bc091a24d8 143b5320c23a4eab90b308c7dff11127 b027c9c7bb4f49d5918553b7ff37830f - - - -] volume service is down. (host: rack05-server64@lvm-1)
2022-11-03 18:34:03.125 7 WARNING cinder.scheduler.host_manager [None req-5913207a-744b-4d4c-98fc-d4fe3e73f14c 5f15753aadd149daa0709c10f2fffab3 9e268a0fa7994f6f9b327356119ff86f - - - -] volume service is down. (host: rack05-server64@lvm-1)
2022-11-03 18:34:06.869 7 WARNING cinder.scheduler.host_manager [None req-8fbbc74a-7866-45b1-b6bd-e08f1ce61415 5f15753aadd149daa0709c10f2fffab3 9e268a0fa7994f6f9b327356119ff86f - - - -] volume service is down. (host: rack05-server64@lvm-1)
2022-11-03 18:34:08.822 7 WARNING cinder.scheduler.host_manager [None req-2ab50f8b-dce3-4ff0-9d76-4e9927d6db8d 3319d9249a1f4ea6a62c63239c91be37 4a281e2fc26249ee90b2cfa8b4afa870 - - - -] volume service is down. (host: rack05-server64@lvm-1)
2022-11-03 18:34:09.336 7 WARNING cinder.scheduler.host_manager [None req-c7975dfe-1c39-45fc-8673-adcc4daf82ba 5f15753aadd149daa0709c10f2fffab3 9e268a0fa7994f6f9b327356119ff86f - - - -] volume service is down. (host: rack05-server64@lvm-1)
2022-11-03 18:34:11.122 7 WARNING cinder.scheduler.host_manager [None req-703f967a-9f94-4efa-8b71-b43f0df574cb 3319d9249a1f4ea6a62c63239c91be37 4a281e2fc26249ee90b2cfa8b4afa870 - - - -] volume service is down. (host: rack05-server64@lvm-1)
2022-11-03 18:34:13.029 7 WARNING cinder.scheduler.host_manager [None req-ed58f307-04bf-4719-94e5-afd6d40d39b1 5f15753aadd149daa0709c10f2fffab3 9e268a0fa7994f6f9b327356119ff86f - - - -] volume service is down. (host: rack05-server64@lvm-1)
2022-11-03 18:34:13.595 7 WARNING cinder.scheduler.host_manager [None req-d1867659-2d09-4204-b5b4-dac6f43e9c09 3319d9249a1f4ea6a62c63239c91be37 4a281e2fc26249ee90b2cfa8b4afa870 - - - -] volume service is down. (host: rack05-server64@lvm-1)
2022-11-03 18:34:14.846 7 WARNING cinder.scheduler.host_manager [None req-fa50f2cd-0c9b-4d05-9ac2-3e1cc25c6058 93b1709c9dab4b3db74d00a89ba8bbd5 eb77515aa89046328686d1b0c63fc75f - - - -] volume service is down. (host: rack05-server64@lvm-1)
2022-11-03 18:34:17.246 7 WARNING cinder.scheduler.host_manager [None req-730cdd01-5965-458c-8ae7-43166b6e626e 3319d9249a1f4ea6a62c63239c91be37 4a281e2fc26249ee90b2cfa8b4afa870 - - - -] volume service is down. (host: rack05-server64@lvm-1)
2022-11-03 18:34:17.335 7 WARNING cinder.scheduler.host_manager [None req-75bc8c77-3d6f-433e-8347-be0ea90d5ad1 93b1709c9dab4b3db74d00a89ba8bbd5 eb77515aa89046328686d1b0c63fc75f - - - -] volume service is down. (host: rack05-server64@lvm-1)
2022-11-03 18:34:18.379 7 WARNING cinder.scheduler.host_manager [None req-a5902230-589e-4de6-81a9-ade24a66ad1b 5f15753aadd149daa0709c10f2fffab3 9e268a0fa7994f6f9b327356119ff86f - - - -] volume service is down. (host: rack05-server64@lvm-1)
2022-11-03 18:34:19.631 7 WARNING cinder.scheduler.host_manager [None req-046daa0e-0811-48fd-8b15-3c79a12dd04b 3319d9249a1f4ea6a62c63239c91be37 4a281e2fc26249ee90b2cfa8b4afa870 - - - -] volume service is down. (host: rack05-server64@lvm-1)
2022-11-03 18:34:19.856 7 WARNING cinder.scheduler.host_manager [None req-fd12ff50-b40b-4fa3-9202-5c95374f19e2 93b1709c9dab4b3db74d00a89ba8bbd5 eb77515aa89046328686d1b0c63fc75f - - - -] volume service is down. (host: rack05-server64@lvm-1)
2022-11-03 18:34:22.115 7 WARNING cinder.scheduler.host_manager [None req-c4ce5b68-b9ec-4a1e-9adb-b054473bd66c 3319d9249a1f4ea6a62c63239c91be37 4a281e2fc26249ee90b2cfa8b4afa870 - - - -] volume service is down. (host: rack05-server64@lvm-1)
2022-11-03 18:34:30.398 7 WARNING cinder.scheduler.host_manager [None req-b13d961d-acae-451b-bc5f-ff2ba68e1a74 cf6805261a7e4123ae345e64ad1e42b3 9d5901bc599549c0a3ecfa2e96c8e102 - - - -] volume service is down. (host: rack05-server64@lvm-1)
2022-11-03 18:34:31.645 7 WARNING cinder.scheduler.host_manager [None req-745b10ab-ad02-48a4-a6cc-864676ac4643 5f15753aadd149daa0709c10f2fffab3 9e268a0fa7994f6f9b327356119ff86f - - - -] volume service is down. (host: rack05-server64@lvm-1)
2022-11-03 18:34:35.825 7 WARNING cinder.scheduler.host_manager [None req-26c8efea-cb23-4db6-8124-d568faf09787 51b060ecd421430bace769972618314b bb237183dd9a4bae87bd4a604559a26b - - - -] volume service is down. (host: rack05-server64@lvm-1)
2022-11-03 18:34:38.203 7 WARNING cinder.scheduler.host_manager [None req-115912d0-c00a-4c24-856b-35113360c9f1 51b060ecd421430bace769972618314b bb237183dd9a4bae87bd4a604559a26b - - - -] volume service is down. (host: rack05-server64@lvm-1)
2022-11-03 18:34:40.482 7 WARNING cinder.scheduler.host_manager [None req-17cd855b-d4de-4d85-9062-38183495c093 51b060ecd421430bace769972618314b bb237183dd9a4bae87bd4a604559a26b - - - -] volume service is down. (host: rack05-server64@lvm-1)
2022-11-03 18:34:42.758 7 WARNING cinder.scheduler.host_manager [None req-6f1864a5-2ab0-4d1e-a769-09030a169e4a 51b060ecd421430bace769972618314b bb237183dd9a4bae87bd4a604559a26b - - - -] volume service is down. (host: rack05-server64@lvm-1)
2022-11-03 18:34:53.290 7 WARNING cinder.scheduler.host_manager [None req-38cb349e-65b5-4e4c-a07d-707847ef67e6 018092ffde12447e81cfb7a4de659546 304d3f8962e44861ad0764a4a8ad7919 - - - -] volume service is down. (host: rack05-server64@lvm-1)
2022-11-03 18:34:55.650 7 WARNING cinder.scheduler.host_manager [None req-c8f66e92-6930-412b-97b7-3d0c1078d8af 018092ffde12447e81cfb7a4de659546 304d3f8962e44861ad0764a4a8ad7919 - - - -] volume service is down. (host: rack05-server64@lvm-1)
2022-11-03 18:35:08.523 7 WARNING cinder.scheduler.host_manager [None req-b3af5bb9-192a-4a5e-b0b5-32afa9a5e49c 83a1b79a3dc44e96bf66c6e527404b8f 285166569db24074a1472943abaa9abf - - - -] volume service is down. (host: rack05-server64@lvm-1)
2022-11-03 18:35:08.536 7 WARNING cinder.scheduler.host_manager [None req-28152598-9ca7-44f3-b67d-4f85fdf34cd4 fd9e2fe773464c4e98ef9e0c2fc4c1db 72570c661ea04c1cb363c25b9a2e934f - - - -] volume service is down. (host: rack05-server64@lvm-1)
2022-11-03 18:35:08.544 7 WARNING cinder.scheduler.host_manager [None req-5f46fa33-7461-4a19-ad4b-f0e677f1e03e 1e030fc6876e4e38a9d044036f627d2c 59fb3a2ed3e2416c96bf574fcb9d386b - - - -] volume service is down. (host: rack05-server64@lvm-1)
2022-11-03 18:35:08.766 7 WARNING cinder.scheduler.host_manager [None req-21aad078-47f8-4df1-8f92-1d6cfa66a4e7 1e030fc6876e4e38a9d044036f627d2c 59fb3a2ed3e2416c96bf574fcb9d386b - - - -] volume service is down. (host: rack05-server64@lvm-1)
2022-11-03 18:35:09.072 7 WARNING cinder.scheduler.host_manager [None req-1fdd0e32-1693-4aa6-96db-29e110f0c9f2 1e030fc6876e4e38a9d044036f627d2c 59fb3a2ed3e2416c96bf574fcb9d386b - - - -] volume service is down. (host: rack05-server64@lvm-1)
2022-11-03 18:35:09.344 7 WARNING cinder.scheduler.host_manager [None req-e2f4cd29-13f9-49a9-ae78-7fb7a511a6b7 1e030fc6876e4e38a9d044036f627d2c 59fb3a2ed3e2416c96bf574fcb9d386b - - - -] volume service is down. (host: rack05-server64@lvm-1)
2022-11-03 18:35:09.641 7 WARNING cinder.scheduler.host_manager [None req-3787c1fd-2581-4c51-9aa1-762beace6572 1e030fc6876e4e38a9d044036f627d2c 59fb3a2ed3e2416c96bf574fcb9d386b - - - -] volume service is down. (host: rack05-server64@lvm-1)
2022-11-03 18:35:10.798 7 WARNING cinder.scheduler.host_manager [None req-0c3e509e-0edb-4d3d-b83d-7cbb69bfcf7a fd9e2fe773464c4e98ef9e0c2fc4c1db 72570c661ea04c1cb363c25b9a2e934f - - - -] volume service is down. (host: rack05-server64@lvm-1)
2022-11-03 18:35:10.871 7 WARNING cinder.scheduler.host_manager [None req-23a51ba0-92d9-4b34-90a0-163f2029205b 83a1b79a3dc44e96bf66c6e527404b8f 285166569db24074a1472943abaa9abf - - - -] volume service is down. (host: rack05-server64@lvm-1)
2022-11-03 18:35:11.141 7 WARNING cinder.scheduler.host_manager [None req-6b9f830e-03e4-4f4d-b62a-b2ce4c2419c1 83a1b79a3dc44e96bf66c6e527404b8f 285166569db24074a1472943abaa9abf - - - -] volume service is down. (host: rack05-server64@lvm-1)
2022-11-03 18:35:11.415 7 WARNING cinder.scheduler.host_manager [None req-766f679c-2f61-4216-a7d0-98b9cc2b2c11 83a1b79a3dc44e96bf66c6e527404b8f 285166569db24074a1472943abaa9abf - - - -] volume service is down. (host: rack05-server64@lvm-1)
2022-11-03 18:35:11.696 7 WARNING cinder.scheduler.host_manager [None req-48de7df7-230f-4bff-8b0a-ba5e5a3e487c 83a1b79a3dc44e96bf66c6e527404b8f 285166569db24074a1472943abaa9abf - - - -] volume service is down. (host: rack05-server64@lvm-1)
2022-11-03 18:35:11.987 7 WARNING cinder.scheduler.host_manager [None req-375f7273-d3f8-41d4-b4b6-f1aa175d4b6d 83a1b79a3dc44e96bf66c6e527404b8f 285166569db24074a1472943abaa9abf - - - -] volume service is down. (host: rack05-server64@lvm-1)
2022-11-03 18:35:13.232 7 WARNING cinder.scheduler.host_manager [None req-f324ddce-7879-48fd-bcd0-76a8117ac3bc fd9e2fe773464c4e98ef9e0c2fc4c1db 72570c661ea04c1cb363c25b9a2e934f - - - -] volume service is down. (host: rack05-server64@lvm-1)
2022-11-03 18:35:13.506 7 WARNING cinder.scheduler.host_manager [None req-4d11d779-30f9-4058-969a-3e50938b57e3 fd9e2fe773464c4e98ef9e0c2fc4c1db 72570c661ea04c1cb363c25b9a2e934f - - - -] volume service is down. (host: rack05-server64@lvm-1)
2022-11-03 18:35:13.821 7 WARNING cinder.scheduler.host_manager [None req-b4b3dfbd-a95d-428f-bde3-d94881c28c78 fd9e2fe773464c4e98ef9e0c2fc4c1db 72570c661ea04c1cb363c25b9a2e934f - - - -] volume service is down. (host: rack05-server64@lvm-1)
2022-11-03 18:35:14.113 7 WARNING cinder.scheduler.host_manager [None req-825bc35e-826c-4122-9b73-eaa129d783aa fd9e2fe773464c4e98ef9e0c2fc4c1db 72570c661ea04c1cb363c25b9a2e934f - - - -] volume service is down. (host: rack05-server64@lvm-1)
2022-11-03 18:35:14.379 7 WARNING cinder.scheduler.host_manager [None req-f3d6936a-fc5f-4fe0-b4ad-e6918cfa7244 fd9e2fe773464c4e98ef9e0c2fc4c1db 72570c661ea04c1cb363c25b9a2e934f - - - -] volume service is down. (host: rack05-server64@lvm-1)
2022-11-03 18:35:19.702 7 WARNING cinder.scheduler.host_manager [None req-3e105bc4-2e45-486d-9384-d9840b99fdeb 5f770fa2f8a44b719252a77a8b11034c 3a3a3957267e4074923e2760944e4395 - - - -] volume service is down. (host: rack05-server64@lvm-1)
2022-11-03 18:35:22.221 7 WARNING cinder.scheduler.host_manager [None req-b8181431-f977-44a7-9466-b65a6a510cfc 5f770fa2f8a44b719252a77a8b11034c 3a3a3957267e4074923e2760944e4395 - - - -] volume service is down. (host: rack05-server64@lvm-1)
2022-11-03 18:35:24.610 7 WARNING cinder.scheduler.host_manager [None req-75c9d878-aab6-4196-a219-86d1ba4d6e38 5f770fa2f8a44b719252a77a8b11034c 3a3a3957267e4074923e2760944e4395 - - - -] volume service is down. (host: rack05-server64@lvm-1)
