Build Started 13_01_2025_14_59_59
2025-01-13 15:01:10.455 7 WARNING cinder.scheduler.host_manager [req-8371d42e-5ff6-4c6f-b463-6f63250c911e req-20604fec-9bf2-43d1-b50f-55d13173565e e55ca6aa507d496e88f32bb9f94e0431 d2f554c9405442209e5acfff24bb101e - - - -] volume service is down. (host: rack13-server67@lvm-1)
2025-01-13 15:01:10.531 7 WARNING cinder.scheduler.host_manager [req-4e97dd6b-dd8c-4a0c-99fe-4449bcd37716 req-fbd12a8f-da23-404b-bcb3-8ac45885a60b a1c134c24f0f47a4b907b5a2bca11882 3b16002dfbd843cbbf930e2815829110 - - - -] volume service is down. (host: rack13-server67@lvm-1)
2025-01-13 15:01:12.959 7 WARNING cinder.scheduler.host_manager [req-e56b703b-a7a0-4d37-8ada-35fec98efc96 req-a2460867-a42f-44dd-ad4a-85ee11973c9d a1c134c24f0f47a4b907b5a2bca11882 3b16002dfbd843cbbf930e2815829110 - - - -] volume service is down. (host: rack13-server67@lvm-1)
2025-01-13 15:01:15.958 7 WARNING cinder.scheduler.host_manager [None req-bed3e42a-9dcc-4d59-8019-fdcadff92a32 e345f01cf645411587c80c7565e1b3b9 70d3a229fe294b24abe5b8162becd9ba - - - -] volume service is down. (host: rack13-server67@lvm-1)
2025-01-13 15:01:15.966 7 WARNING cinder.scheduler.host_manager [None req-bed3e42a-9dcc-4d59-8019-fdcadff92a32 e345f01cf645411587c80c7565e1b3b9 70d3a229fe294b24abe5b8162becd9ba - - - -] volume service is down. (host: rack13-server67@lvm-1)
2025-01-13 15:01:17.335 7 WARNING cinder.scheduler.host_manager [None req-df388a69-0bb6-46fc-8399-43a8f6bdb48c e345f01cf645411587c80c7565e1b3b9 70d3a229fe294b24abe5b8162becd9ba - - - -] volume service is down. (host: rack13-server67@lvm-1)
2025-01-13 15:01:19.722 7 WARNING cinder.scheduler.host_manager [None req-71dcc99e-c34e-4fc3-b98a-97b873631586 647fbd47922e46a4bb706ec2af059b4c 3c377e7619f147f9b183fd6a4b04b96b - - - -] volume service is down. (host: rack13-server67@lvm-1)
2025-01-13 15:01:19.730 7 WARNING cinder.scheduler.host_manager [None req-71dcc99e-c34e-4fc3-b98a-97b873631586 647fbd47922e46a4bb706ec2af059b4c 3c377e7619f147f9b183fd6a4b04b96b - - - -] volume service is down. (host: rack13-server67@lvm-1)
2025-01-13 15:01:21.092 7 WARNING cinder.scheduler.host_manager [None req-d438c40d-e594-4c49-b517-062f0dcd789c 647fbd47922e46a4bb706ec2af059b4c 3c377e7619f147f9b183fd6a4b04b96b - - - -] volume service is down. (host: rack13-server67@lvm-1)
2025-01-13 15:01:21.318 7 WARNING cinder.scheduler.host_manager [None req-3d564097-4d97-454c-8cf0-1cd7940c5380 a6664488fd654d968dd0fc1e3f1e775c 3a434e1830244c2592ef78453c8ff128 - - - -] volume service is down. (host: rack13-server67@lvm-1)
2025-01-13 15:01:22.025 7 WARNING cinder.scheduler.host_manager [None req-04f092e9-56f2-4f29-a05c-3b8f307e0f6a e345f01cf645411587c80c7565e1b3b9 70d3a229fe294b24abe5b8162becd9ba - - - -] volume service is down. (host: rack13-server67@lvm-1)
2025-01-13 15:01:23.860 7 WARNING cinder.scheduler.host_manager [None req-fbca5592-852f-44a1-8a6f-a52ff66d991e a6664488fd654d968dd0fc1e3f1e775c 3a434e1830244c2592ef78453c8ff128 - - - -] volume service is down. (host: rack13-server67@lvm-1)
2025-01-13 15:01:26.350 7 WARNING cinder.scheduler.host_manager [None req-9cfa0117-6620-4a14-9194-39d3bafea83e a6664488fd654d968dd0fc1e3f1e775c 3a434e1830244c2592ef78453c8ff128 - - - -] volume service is down. (host: rack13-server67@lvm-1)
2025-01-13 15:01:29.340 7 WARNING cinder.scheduler.host_manager [None req-011add94-8ddb-496f-aa89-a5890f538f52 e345f01cf645411587c80c7565e1b3b9 70d3a229fe294b24abe5b8162becd9ba - - - -] volume service is down. (host: rack13-server67@lvm-1)
2025-01-13 15:01:29.347 7 WARNING cinder.scheduler.host_manager [None req-011add94-8ddb-496f-aa89-a5890f538f52 e345f01cf645411587c80c7565e1b3b9 70d3a229fe294b24abe5b8162becd9ba - - - -] volume service is down. (host: rack13-server67@lvm-1)
2025-01-13 15:01:30.689 7 WARNING cinder.scheduler.host_manager [None req-0788fe98-c08e-4dee-a2be-023e22533b42 e345f01cf645411587c80c7565e1b3b9 70d3a229fe294b24abe5b8162becd9ba - - - -] volume service is down. (host: rack13-server67@lvm-1)
2025-01-13 15:01:33.177 7 WARNING cinder.scheduler.host_manager [None req-ada3b755-3893-4fdd-b896-0b6e7926da9c e345f01cf645411587c80c7565e1b3b9 70d3a229fe294b24abe5b8162becd9ba - - - -] volume service is down. (host: rack13-server67@lvm-1)
2025-01-13 15:01:37.579 7 WARNING cinder.scheduler.host_manager [None req-9d8594df-f616-4165-9dae-ae31bfb24ada f7ddadd6c8db44c68a78e9ace789a1c6 d644959263a643ce97e3a551ead330ba - - - -] volume service is down. (host: rack13-server67@lvm-1)
2025-01-13 15:01:38.103 7 WARNING cinder.scheduler.host_manager [None req-18f0c212-e7db-4cbb-a953-cdb2f0a640a9 f7ddadd6c8db44c68a78e9ace789a1c6 d644959263a643ce97e3a551ead330ba - - - -] volume service is down. (host: rack13-server67@lvm-1)
2025-01-13 15:01:40.097 7 WARNING cinder.scheduler.host_manager [None req-faf43ff0-2b67-47c1-ae30-76cbf593ae26 7839e569d35f47afad8cb0bd9cd11da2 df96b150b9a54f9490dab61009d68a17 - - - -] volume service is down. (host: rack13-server67@lvm-1)
2025-01-13 15:01:40.098 7 INFO cinder.scheduler.base_filter [None req-faf43ff0-2b67-47c1-ae30-76cbf593ae26 7839e569d35f47afad8cb0bd9cd11da2 df96b150b9a54f9490dab61009d68a17 - - - -] Filtering removed all hosts for the request with volume ID '7036f73a-2997-4ca6-9f7c-5dab8a86b9fb'. Filter results: AvailabilityZoneFilter: (start: 1, end: 1), CapacityFilter: (start: 1, end: 1), CapabilitiesFilter: (start: 1, end: 0)
2025-01-13 15:01:40.099 7 WARNING cinder.scheduler.filter_scheduler [None req-faf43ff0-2b67-47c1-ae30-76cbf593ae26 7839e569d35f47afad8cb0bd9cd11da2 df96b150b9a54f9490dab61009d68a17 - - - -] No weighed backend found for volume with properties: {'id': '8358ba5a-bddc-40de-b6be-c6edc2b894be', 'name': 'tempest-UserMessagesTest-volume-type-1946465803', 'description': None, 'is_public': True, 'projects': [], 'extra_specs': {'storage_protocol': 'tempest-storage_protocol-126029468', 'vendor_name': 'tempest-vendor_name-1803760893'}, 'qos_specs_id': None, 'created_at': '2025-01-13T15:01:39.000000', 'updated_at': None, 'deleted_at': None, 'deleted': False}
2025-01-13 15:01:40.099 7 INFO cinder.message.api [None req-faf43ff0-2b67-47c1-ae30-76cbf593ae26 7839e569d35f47afad8cb0bd9cd11da2 df96b150b9a54f9490dab61009d68a17 - - - -] Creating message record for request_id = req-faf43ff0-2b67-47c1-ae30-76cbf593ae26
2025-01-13 15:01:40.104 7 ERROR cinder.scheduler.flows.create_volume [None req-faf43ff0-2b67-47c1-ae30-76cbf593ae26 7839e569d35f47afad8cb0bd9cd11da2 df96b150b9a54f9490dab61009d68a17 - - - -] Failed to run task cinder.scheduler.flows.create_volume.ScheduleCreateVolumeTask;volume:create: No valid backend was found. No weighed backends available: cinder.exception.NoValidBackend: No valid backend was found. No weighed backends available
2025-01-13 15:01:41.945 7 WARNING cinder.scheduler.host_manager [None req-b7f01714-2ff8-4f96-ae86-4dfceb6c1d29 7839e569d35f47afad8cb0bd9cd11da2 df96b150b9a54f9490dab61009d68a17 - - - -] volume service is down. (host: rack13-server67@lvm-1)
2025-01-13 15:01:41.946 7 INFO cinder.scheduler.base_filter [None req-b7f01714-2ff8-4f96-ae86-4dfceb6c1d29 7839e569d35f47afad8cb0bd9cd11da2 df96b150b9a54f9490dab61009d68a17 - - - -] Filtering removed all hosts for the request with volume ID '8230339c-e982-43ad-b384-24c2d608e556'. Filter results: AvailabilityZoneFilter: (start: 1, end: 1), CapacityFilter: (start: 1, end: 1), CapabilitiesFilter: (start: 1, end: 0)
2025-01-13 15:01:41.946 7 WARNING cinder.scheduler.filter_scheduler [None req-b7f01714-2ff8-4f96-ae86-4dfceb6c1d29 7839e569d35f47afad8cb0bd9cd11da2 df96b150b9a54f9490dab61009d68a17 - - - -] No weighed backend found for volume with properties: {'id': 'e559a421-f886-4e19-9350-7f7d3baef14c', 'name': 'tempest-UserMessagesTest-volume-type-857773359', 'description': None, 'is_public': True, 'projects': [], 'extra_specs': {'storage_protocol': 'tempest-storage_protocol-140849477', 'vendor_name': 'tempest-vendor_name-1855966532'}, 'qos_specs_id': None, 'created_at': '2025-01-13T15:01:41.000000', 'updated_at': None, 'deleted_at': None, 'deleted': False}
2025-01-13 15:01:41.947 7 INFO cinder.message.api [None req-b7f01714-2ff8-4f96-ae86-4dfceb6c1d29 7839e569d35f47afad8cb0bd9cd11da2 df96b150b9a54f9490dab61009d68a17 - - - -] Creating message record for request_id = req-b7f01714-2ff8-4f96-ae86-4dfceb6c1d29
2025-01-13 15:01:41.952 7 ERROR cinder.scheduler.flows.create_volume [None req-b7f01714-2ff8-4f96-ae86-4dfceb6c1d29 7839e569d35f47afad8cb0bd9cd11da2 df96b150b9a54f9490dab61009d68a17 - - - -] Failed to run task cinder.scheduler.flows.create_volume.ScheduleCreateVolumeTask;volume:create: No valid backend was found. No weighed backends available: cinder.exception.NoValidBackend: No valid backend was found. No weighed backends available
2025-01-13 15:01:45.466 7 WARNING cinder.scheduler.host_manager [None req-b1a63465-09c9-4b8d-9fc8-fd49633a867c 4e8c5cf43abd41a1a7751c50f657a415 4415c718498f4e98a7c82dd1a0671800 - - - -] volume service is down. (host: rack13-server67@lvm-1)
2025-01-13 15:01:45.474 7 WARNING cinder.scheduler.host_manager [None req-b1a63465-09c9-4b8d-9fc8-fd49633a867c 4e8c5cf43abd41a1a7751c50f657a415 4415c718498f4e98a7c82dd1a0671800 - - - -] volume service is down. (host: rack13-server67@lvm-1)
2025-01-13 15:01:46.461 7 WARNING cinder.scheduler.host_manager [None req-82770c2e-4c07-4ef1-9cbd-81b1334481e3 e345f01cf645411587c80c7565e1b3b9 70d3a229fe294b24abe5b8162becd9ba - - - -] volume service is down. (host: rack13-server67@lvm-1)
2025-01-13 15:01:46.468 7 WARNING cinder.scheduler.host_manager [None req-82770c2e-4c07-4ef1-9cbd-81b1334481e3 e345f01cf645411587c80c7565e1b3b9 70d3a229fe294b24abe5b8162becd9ba - - - -] volume service is down. (host: rack13-server67@lvm-1)
2025-01-13 15:01:47.822 7 WARNING cinder.scheduler.host_manager [None req-44cffe17-8a2f-4a47-b34c-268a148294c6 e345f01cf645411587c80c7565e1b3b9 70d3a229fe294b24abe5b8162becd9ba - - - -] volume service is down. (host: rack13-server67@lvm-1)
2025-01-13 15:01:53.956 7 WARNING cinder.scheduler.host_manager [None req-f84efc6b-c9a8-46e3-a0cd-4130e9fdce63 af50b9c8db4945b7accbc9e89d9ad729 102bbcdda9944c24963046f1b950edff - - - -] volume service is down. (host: rack13-server67@lvm-1)
2025-01-13 15:01:56.277 7 WARNING cinder.scheduler.host_manager [None req-c68eb6b4-b862-4f0c-8d0e-b2ef3b9896d0 af50b9c8db4945b7accbc9e89d9ad729 102bbcdda9944c24963046f1b950edff - - - -] volume service is down. (host: rack13-server67@lvm-1)
2025-01-13 15:01:58.907 7 WARNING cinder.scheduler.host_manager [None req-00597b03-c390-4078-bcbc-1eba8b3dbf65 af50b9c8db4945b7accbc9e89d9ad729 102bbcdda9944c24963046f1b950edff - - - -] volume service is down. (host: rack13-server67@lvm-1)
2025-01-13 15:02:02.476 7 WARNING cinder.scheduler.host_manager [None req-617f5670-7f8c-45e3-8b5c-ea80243b1f1d af50b9c8db4945b7accbc9e89d9ad729 102bbcdda9944c24963046f1b950edff - - - -] volume service is down. (host: rack13-server67@lvm-1)
2025-01-13 15:02:03.062 7 WARNING cinder.scheduler.host_manager [None req-fda0b8c6-73f2-4b8f-b082-db7b6b507d26 b84b898b5eef4a1b9723629a4de4ed91 a06da1a013a94e36bce9948f53fe6af3 - - - -] volume service is down. (host: rack13-server67@lvm-1)
2025-01-13 15:02:06.051 7 WARNING cinder.scheduler.host_manager [None req-92514322-d0a8-41dd-adf9-6252be060752 af50b9c8db4945b7accbc9e89d9ad729 102bbcdda9944c24963046f1b950edff - - - -] volume service is down. (host: rack13-server67@lvm-1)
2025-01-13 15:02:06.625 7 WARNING cinder.scheduler.host_manager [None req-ba217186-4ac7-46ed-84d0-6ad0d0bcb855 01f89a1e25294b9d9ba2eb917bb57313 b3e0e67ad96844eeaeace59b2201b672 - - - -] volume service is down. (host: rack13-server67@lvm-1)
2025-01-13 15:02:06.633 7 WARNING cinder.scheduler.host_manager [None req-ba217186-4ac7-46ed-84d0-6ad0d0bcb855 01f89a1e25294b9d9ba2eb917bb57313 b3e0e67ad96844eeaeace59b2201b672 - - - -] volume service is down. (host: rack13-server67@lvm-1)
2025-01-13 15:02:06.788 7 WARNING cinder.scheduler.host_manager [None req-cdb01942-b2e1-4c5e-909c-cd955c869a0b b84b898b5eef4a1b9723629a4de4ed91 a06da1a013a94e36bce9948f53fe6af3 - - - -] volume service is down. (host: rack13-server67@lvm-1)
2025-01-13 15:02:07.812 7 WARNING cinder.scheduler.host_manager [None req-d7f57654-5503-4536-bec3-712293390be0 01f89a1e25294b9d9ba2eb917bb57313 b3e0e67ad96844eeaeace59b2201b672 - - - -] volume service is down. (host: rack13-server67@lvm-1)
2025-01-13 15:02:07.819 7 WARNING cinder.scheduler.host_manager [None req-d7f57654-5503-4536-bec3-712293390be0 01f89a1e25294b9d9ba2eb917bb57313 b3e0e67ad96844eeaeace59b2201b672 - - - -] volume service is down. (host: rack13-server67@lvm-1)
2025-01-13 15:02:09.204 7 WARNING cinder.scheduler.host_manager [None req-0c9b808d-44bc-4b62-b7c1-333215b04be1 01f89a1e25294b9d9ba2eb917bb57313 b3e0e67ad96844eeaeace59b2201b672 - - - -] volume service is down. (host: rack13-server67@lvm-1)
2025-01-13 15:02:09.631 7 WARNING cinder.scheduler.host_manager [None req-bd3fd2c4-602e-47b0-a21b-05c3ca76f062 af50b9c8db4945b7accbc9e89d9ad729 102bbcdda9944c24963046f1b950edff - - - -] volume service is down. (host: rack13-server67@lvm-1)
2025-01-13 15:02:14.488 7 WARNING cinder.scheduler.host_manager [None req-d173e186-65b5-4b7e-8dc7-a21bd8e0fd53 01f89a1e25294b9d9ba2eb917bb57313 b3e0e67ad96844eeaeace59b2201b672 - - - -] volume service is down. (host: rack13-server67@lvm-1)
2025-01-13 15:02:14.495 7 WARNING cinder.scheduler.host_manager [None req-d173e186-65b5-4b7e-8dc7-a21bd8e0fd53 01f89a1e25294b9d9ba2eb917bb57313 b3e0e67ad96844eeaeace59b2201b672 - - - -] volume service is down. (host: rack13-server67@lvm-1)
2025-01-13 15:02:15.798 7 WARNING cinder.scheduler.host_manager [None req-9d34e44e-8f13-4b63-bf01-17a9cbc1e39c 01f89a1e25294b9d9ba2eb917bb57313 b3e0e67ad96844eeaeace59b2201b672 - - - -] volume service is down. (host: rack13-server67@lvm-1)
2025-01-13 15:02:18.085 7 WARNING cinder.scheduler.host_manager [None req-63dd716e-c9ac-4923-98a3-cc59cf44e0d9 6fe8ac2aa55f4ef09896e1d2e04f68f2 9f62c5af859a4f3db688ee62babcccc8 - - - -] volume service is down. (host: rack13-server67@lvm-1)
2025-01-13 15:02:18.225 7 WARNING cinder.scheduler.host_manager [None req-a597250e-7534-4be1-a28b-1ad2a8b32066 01f89a1e25294b9d9ba2eb917bb57313 b3e0e67ad96844eeaeace59b2201b672 - - - -] volume service is down. (host: rack13-server67@lvm-1)
2025-01-13 15:02:20.499 7 WARNING cinder.scheduler.host_manager [None req-6ea242de-c00d-49f2-8b78-b6704ae237e6 6fe8ac2aa55f4ef09896e1d2e04f68f2 9f62c5af859a4f3db688ee62babcccc8 - - - -] volume service is down. (host: rack13-server67@lvm-1)
2025-01-13 15:02:21.378 7 WARNING cinder.scheduler.host_manager [None req-ff53eeca-85ec-4a4d-8eb5-d23a0a380210 361283a3345444eead63fbbb915c664c 32904db96d704b07ae4c1142a42d5a9c - - - -] volume service is down. (host: rack13-server67@lvm-1)
2025-01-13 15:02:30.606 7 WARNING cinder.scheduler.host_manager [None req-d2891af5-d87c-491c-87ca-9432ad573a12 be1d5e3efaca45deac0948d879983ac1 99721e25f87e455e907b5f7b8911ee2c - - - -] volume service is down. (host: rack13-server67@lvm-1)
2025-01-13 15:02:30.614 7 WARNING cinder.scheduler.host_manager [None req-d2891af5-d87c-491c-87ca-9432ad573a12 be1d5e3efaca45deac0948d879983ac1 99721e25f87e455e907b5f7b8911ee2c - - - -] volume service is down. (host: rack13-server67@lvm-1)
2025-01-13 15:02:31.661 7 WARNING cinder.scheduler.host_manager [None req-bed5fef0-6a91-4aef-921e-084184964b3f 931b08e7d2564ba0aadff8ff04617c0c 76953bc52e04436d8e4e774ce863e10c - - - -] volume service is down. (host: rack13-server67@lvm-1)
2025-01-13 15:02:31.988 7 WARNING cinder.scheduler.host_manager [None req-511e6047-080e-474c-bc06-787a2a58981a be1d5e3efaca45deac0948d879983ac1 99721e25f87e455e907b5f7b8911ee2c - - - -] volume service is down. (host: rack13-server67@lvm-1)
2025-01-13 15:02:33.985 7 WARNING cinder.scheduler.host_manager [None req-e7e1d41d-5968-4f90-9afb-e76d3408ac74 931b08e7d2564ba0aadff8ff04617c0c 76953bc52e04436d8e4e774ce863e10c - - - -] volume service is down. (host: rack13-server67@lvm-1)
2025-01-13 15:02:34.357 7 WARNING cinder.scheduler.host_manager [None req-b23de5bc-e482-4782-a06a-80d24f1255d5 be1d5e3efaca45deac0948d879983ac1 99721e25f87e455e907b5f7b8911ee2c - - - -] volume service is down. (host: rack13-server67@lvm-1)
2025-01-13 15:02:52.137 7 WARNING cinder.scheduler.host_manager [None req-e9a11a06-6f04-4179-890b-bbc83848590d f41b06c2a5fc4c26b6aa83f1b916f30a 2670dc3e6b484e038ddf62acffd41b3d - - - -] volume service is down. (host: rack13-server67@lvm-1)
2025-01-13 15:02:53.706 7 WARNING cinder.scheduler.host_manager [None req-756f3c6b-31e5-4dc0-ae58-57fb3a19c229 3d7460f0d6704b90a9642dea6dfffa87 bd7e8b0e1d5f4e978d8255627758a2a2 - - - -] volume service is down. (host: rack13-server67@lvm-1)
2025-01-13 15:03:00.082 7 WARNING cinder.scheduler.host_manager [None req-cf33095b-5ada-4532-b43e-959730af7cdf ef89f36ea8694f4287a7055511aa34ae fd4e50fd0b32455dac79ee0245780e9f - - - -] volume service is down. (host: rack13-server67@lvm-1)
2025-01-13 15:03:06.848 7 WARNING cinder.scheduler.host_manager [None req-5822c1d1-3395-491c-8ff3-814d4399e4ed 8186938b2fb648e2a18fc8d421ae2d79 b6ff4fba94c640f4a46f3cd7e6809f7a - - - -] volume service is down. (host: rack13-server67@lvm-1)
2025-01-13 15:03:09.192 7 WARNING cinder.scheduler.host_manager [None req-994bb481-a5ea-461c-a4e6-ad783544d40b 8186938b2fb648e2a18fc8d421ae2d79 b6ff4fba94c640f4a46f3cd7e6809f7a - - - -] volume service is down. (host: rack13-server67@lvm-1)
2025-01-13 15:03:19.667 7 WARNING cinder.scheduler.host_manager [None req-5cce8a5d-b370-4199-99f2-d55b12d92c2c faf9182e040742e1a11af29650da4c68 3c99cd605a4a4328b89d8c2bb5ee723f - - - -] volume service is down. (host: rack13-server67@lvm-1)
2025-01-13 15:03:27.998 7 WARNING cinder.scheduler.host_manager [None req-eed6928c-fd6f-401a-a4ea-175a1fd56e45 a8836ad6d69d4d02ab2090fec1d38705 a3a171614cd140aea07cec90b0d14f84 - - - -] volume service is down. (host: rack13-server67@lvm-1)
2025-01-13 15:03:30.272 7 WARNING cinder.scheduler.host_manager [None req-6445bb64-ba7b-45d6-8f65-6221e1bda39c 5329575095fc40db96ef52c43d17bb31 f92f8637d83c47f29a0197ca33782cbf - - - -] volume service is down. (host: rack13-server67@lvm-1)
2025-01-13 15:03:30.532 7 WARNING cinder.scheduler.host_manager [None req-cbb98ed4-5200-46a9-843a-afcbce0f029c a8836ad6d69d4d02ab2090fec1d38705 a3a171614cd140aea07cec90b0d14f84 - - - -] volume service is down. (host: rack13-server67@lvm-1)
2025-01-13 15:03:33.024 7 WARNING cinder.scheduler.host_manager [None req-2d80ab27-3950-4da7-ae53-1b4e5fd75ca2 a8836ad6d69d4d02ab2090fec1d38705 a3a171614cd140aea07cec90b0d14f84 - - - -] volume service is down. (host: rack13-server67@lvm-1)
2025-01-13 15:03:35.428 7 WARNING cinder.scheduler.host_manager [None req-462203a4-dae6-4646-b2d8-41dd2be50251 5329575095fc40db96ef52c43d17bb31 f92f8637d83c47f29a0197ca33782cbf - - - -] volume service is down. (host: rack13-server67@lvm-1)
2025-01-13 15:03:35.628 7 WARNING cinder.scheduler.host_manager [None req-6dc74325-9a19-4a76-b87a-a0b2cb9ae337 30cafc9a8c3b4f599ba96366512a01c7 83a3de1cb2be4c039f96fb11dc9efb5d - - - -] volume service is down. (host: rack13-server67@lvm-1)
2025-01-13 15:03:43.626 7 WARNING cinder.scheduler.host_manager [None req-bdac9479-f59d-43c6-871f-4abc700cbe55 0c31fc6210c648af8f45f579133e9a96 9bf56548d4514b5db5fcbae133b6c13a - - - -] volume service is down. (host: rack13-server67@lvm-1)
2025-01-13 15:03:48.740 7 WARNING cinder.scheduler.host_manager [None req-29581967-45ed-4416-9ed1-d57778c86d4d 4e5aa16316c3434689351dada422f813 f5c456ee4b0a42aa9085d56480f42161 - - - -] volume service is down. (host: rack13-server67@lvm-1)
2025-01-13 15:03:52.349 7 WARNING cinder.scheduler.host_manager [None req-6cabe3b9-a618-4445-866d-1b2ee4dc1056 0c31fc6210c648af8f45f579133e9a96 9bf56548d4514b5db5fcbae133b6c13a - - - -] volume service is down. (host: rack13-server67@lvm-1)
2025-01-13 15:03:55.392 7 WARNING cinder.scheduler.host_manager [None req-0dbc1a2b-c5a2-4b64-b8b8-f5ccd39c205a 0c31fc6210c648af8f45f579133e9a96 9bf56548d4514b5db5fcbae133b6c13a - - - -] volume service is down. (host: rack13-server67@lvm-1)
2025-01-13 15:03:57.703 7 WARNING cinder.scheduler.host_manager [None req-8defab1d-9d4b-40e2-a227-d84d4b486fac 0c31fc6210c648af8f45f579133e9a96 9bf56548d4514b5db5fcbae133b6c13a - - - -] volume service is down. (host: rack13-server67@lvm-1)
2025-01-13 15:03:59.895 7 WARNING cinder.scheduler.host_manager [None req-23cd584b-d464-444c-8fa8-97edd615ec73 0c31fc6210c648af8f45f579133e9a96 9bf56548d4514b5db5fcbae133b6c13a - - - -] volume service is down. (host: rack13-server67@lvm-1)
2025-01-13 15:04:00.035 7 WARNING cinder.scheduler.host_manager [None req-1225144c-6330-4ed6-9c1d-4316916e395e e9baef78cf2b45ef8ca7cc7c53c3df8a fd19462eb935449a82a0045afa40bf68 - - - -] volume service is down. (host: rack13-server67@lvm-1)
2025-01-13 15:04:03.954 7 WARNING cinder.scheduler.host_manager [None req-009d08d1-6b43-4b9c-8625-febef8c5b9b7 e9baef78cf2b45ef8ca7cc7c53c3df8a fd19462eb935449a82a0045afa40bf68 - - - -] volume service is down. (host: rack13-server67@lvm-1)
2025-01-13 15:04:07.009 7 WARNING cinder.scheduler.host_manager [None req-1b5a7cbb-ece8-4c6d-a20d-e9e66a83b8f2 8e21c53d453f4c2495a4930d43d97415 726b875bdf9944659ff33012e5ba2549 - - - -] volume service is down. (host: rack13-server67@lvm-1)
2025-01-13 15:04:09.687 7 WARNING cinder.scheduler.host_manager [None req-3e96f8e2-7631-4dc7-bd63-ea8bdeddddba 8e21c53d453f4c2495a4930d43d97415 726b875bdf9944659ff33012e5ba2549 - - - -] volume service is down. (host: rack13-server67@lvm-1)
2025-01-13 15:04:14.485 7 WARNING cinder.scheduler.host_manager [None req-edaf2671-36ba-4c16-98e3-a99095d86798 8e21c53d453f4c2495a4930d43d97415 726b875bdf9944659ff33012e5ba2549 - - - -] volume service is down. (host: rack13-server67@lvm-1)
2025-01-13 15:04:15.400 7 WARNING cinder.scheduler.host_manager [None req-8e94bbf9-bb9f-454f-b1a8-0b662d3d64d9 e112dfd5cde1477e967ea207ee7ea29f de75a47d5df94f148eb747e8367616a8 - - - -] volume service is down. (host: rack13-server67@lvm-1)
2025-01-13 15:04:16.917 7 WARNING cinder.scheduler.host_manager [None req-f48bef0d-b0a6-4644-b2ab-43601b1970db 8e21c53d453f4c2495a4930d43d97415 726b875bdf9944659ff33012e5ba2549 - - - -] volume service is down. (host: rack13-server67@lvm-1)
2025-01-13 15:04:19.395 7 WARNING cinder.scheduler.host_manager [None req-be6bfddc-d4f1-433e-921b-36129de4e37a e112dfd5cde1477e967ea207ee7ea29f de75a47d5df94f148eb747e8367616a8 - - - -] volume service is down. (host: rack13-server67@lvm-1)
2025-01-13 15:04:19.589 7 WARNING cinder.scheduler.host_manager [None req-438d02b4-fc9b-4a98-af97-ff29eea66e2c 8e21c53d453f4c2495a4930d43d97415 726b875bdf9944659ff33012e5ba2549 - - - -] volume service is down. (host: rack13-server67@lvm-1)
2025-01-13 15:04:25.801 7 WARNING cinder.scheduler.host_manager [None req-747f576f-d5d4-4c75-86f4-00a012bcdada 8e21c53d453f4c2495a4930d43d97415 726b875bdf9944659ff33012e5ba2549 - - - -] volume service is down. (host: rack13-server67@lvm-1)
2025-01-13 15:04:27.159 7 WARNING cinder.scheduler.host_manager [None req-1862e897-81df-4b59-a86e-a8c7584a60cf 01d9f356ef734e0bb4c1c142da38e467 8b1ddb8714b5404eb756d51ca5d756f4 - - - -] volume service is down. (host: rack13-server67@lvm-1)
2025-01-13 15:04:34.855 7 WARNING cinder.scheduler.host_manager [None req-b7c53080-f228-402e-b254-85c2fef7ef4e 8e21c53d453f4c2495a4930d43d97415 726b875bdf9944659ff33012e5ba2549 - - - -] volume service is down. (host: rack13-server67@lvm-1)
2025-01-13 15:04:43.046 7 WARNING cinder.scheduler.host_manager [None req-f46fcf2d-9bd2-49ab-a3f3-6decb9ced41f a33445886d664354a479bbd3d9596c7b 2e4b4481fcb440128e193f6b1fd9a3ea - - - -] volume service is down. (host: rack13-server67@lvm-1)
2025-01-13 15:04:45.540 7 WARNING cinder.scheduler.host_manager [None req-bec5f2fb-593d-4df5-a325-10977e1abdc7 a33445886d664354a479bbd3d9596c7b 2e4b4481fcb440128e193f6b1fd9a3ea - - - -] volume service is down. (host: rack13-server67@lvm-1)
2025-01-13 15:04:48.023 7 WARNING cinder.scheduler.host_manager [None req-522c654a-9247-4a8b-b196-bc4e217a03b0 a33445886d664354a479bbd3d9596c7b 2e4b4481fcb440128e193f6b1fd9a3ea - - - -] volume service is down. (host: rack13-server67@lvm-1)
2025-01-13 15:04:59.171 7 WARNING cinder.scheduler.host_manager [None req-73095419-6768-45b2-a780-2c6c3ffe7f0f c30698b8a30541c4947f8ae369475340 128354eca3d34bd99b9eb5d880e59b44 - - - -] volume service is down. (host: rack13-server67@lvm-1)
2025-01-13 15:05:01.538 7 WARNING cinder.scheduler.host_manager [None req-e0c95c20-75bc-4b0b-acb8-7237688e9933 c30698b8a30541c4947f8ae369475340 128354eca3d34bd99b9eb5d880e59b44 - - - -] volume service is down. (host: rack13-server67@lvm-1)
2025-01-13 15:07:40.762 7 WARNING cinder.scheduler.host_manager [None req-653431c2-6d37-4137-b977-624f2de9d99e 7537a0c07bcc4bc2847620f6d455d3fe a71d28f6b6294e7f95ca87419caaca80 - - - -] volume service is down. (host: rack13-server67@lvm-1)
2025-01-13 15:07:43.103 7 WARNING cinder.scheduler.host_manager [None req-a0e014b5-bb39-4a7b-acc3-b5cb0afc04fb 7537a0c07bcc4bc2847620f6d455d3fe a71d28f6b6294e7f95ca87419caaca80 - - - -] volume service is down. (host: rack13-server67@lvm-1)
2025-01-13 15:07:45.369 7 WARNING cinder.scheduler.host_manager [None req-f5bbd7d2-9663-4e8c-8c5a-6c819840f556 7537a0c07bcc4bc2847620f6d455d3fe a71d28f6b6294e7f95ca87419caaca80 - - - -] volume service is down. (host: rack13-server67@lvm-1)
2025-01-13 15:07:49.076 7 WARNING cinder.scheduler.host_manager [None req-5b4ab821-9dd0-4444-857f-a787109ae780 7537a0c07bcc4bc2847620f6d455d3fe a71d28f6b6294e7f95ca87419caaca80 - - - -] volume service is down. (host: rack13-server67@lvm-1)
2025-01-13 15:07:51.383 7 WARNING cinder.scheduler.host_manager [None req-ce5f5876-bf4f-4f3f-923a-ceff1a4d3a46 7537a0c07bcc4bc2847620f6d455d3fe a71d28f6b6294e7f95ca87419caaca80 - - - -] volume service is down. (host: rack13-server67@lvm-1)
2025-01-13 15:07:53.772 7 WARNING cinder.scheduler.host_manager [None req-ed0b28fc-192c-48cf-9300-cea9f1ea0656 7537a0c07bcc4bc2847620f6d455d3fe a71d28f6b6294e7f95ca87419caaca80 - - - -] volume service is down. (host: rack13-server67@lvm-1)
2025-01-13 15:08:02.335 7 WARNING cinder.scheduler.host_manager [None req-6a5faf19-0176-41ef-803e-f85051205760 4748add69e3745cd97ce598485a4dabc dd0250c95ec64b77b28627e3ba468a68 - - - -] volume service is down. (host: rack13-server67@lvm-1)
2025-01-13 15:08:11.168 7 WARNING cinder.scheduler.host_manager [None req-702c2745-8f4e-49ab-8ec3-80b7c7abcdd4 4748add69e3745cd97ce598485a4dabc dd0250c95ec64b77b28627e3ba468a68 - - - -] volume service is down. (host: rack13-server67@lvm-1)
2025-01-13 15:08:17.232 7 WARNING cinder.scheduler.host_manager [None req-2cdd488e-d7fb-401a-aa39-9b2c372b93b1 4748add69e3745cd97ce598485a4dabc dd0250c95ec64b77b28627e3ba468a68 - - - -] volume service is down. (host: rack13-server67@lvm-1)
2025-01-13 15:08:19.687 7 WARNING cinder.scheduler.host_manager [None req-e7e974a2-ae83-49ce-a474-8d6097718cea 4748add69e3745cd97ce598485a4dabc dd0250c95ec64b77b28627e3ba468a68 - - - -] volume service is down. (host: rack13-server67@lvm-1)
2025-01-13 15:08:31.455 7 WARNING cinder.scheduler.host_manager [None req-cecfb062-65d6-48ee-9563-9c1864fa1732 388232cedd4345f985d98f4bf3c468c2 075e4383044e4fb3b654487c4e00e731 - - - -] volume service is down. (host: rack13-server67@lvm-1)
2025-01-13 15:09:01.705 7 WARNING cinder.scheduler.host_manager [None req-64316b2a-63fe-4fad-ad31-5569e4e3505f 657657a574b644d086dbd18b0a6cf47b 8d63be2d025843d3918e87840f8f7ad9 - - - -] volume service is down. (host: rack13-server67@lvm-1)
2025-01-13 15:09:04.039 7 WARNING cinder.scheduler.host_manager [None req-b66685ff-76a5-451f-b7e3-e687c07053d1 657657a574b644d086dbd18b0a6cf47b 8d63be2d025843d3918e87840f8f7ad9 - - - -] volume service is down. (host: rack13-server67@lvm-1)
2025-01-13 15:09:06.300 7 WARNING cinder.scheduler.host_manager [None req-bdbec489-d397-4d77-86cf-81fe6e151697 657657a574b644d086dbd18b0a6cf47b 8d63be2d025843d3918e87840f8f7ad9 - - - -] volume service is down. (host: rack13-server67@lvm-1)
2025-01-13 15:09:08.561 7 WARNING cinder.scheduler.host_manager [None req-5d495b62-80a1-4618-9aae-60934f741b17 657657a574b644d086dbd18b0a6cf47b 8d63be2d025843d3918e87840f8f7ad9 - - - -] volume service is down. (host: rack13-server67@lvm-1)
2025-01-13 15:09:23.910 7 WARNING cinder.scheduler.host_manager [None req-d52bdc6a-c75a-4dde-9261-2c9793e3f492 8eb3d93545874002a962a26e556c2dac 555e2bc8be9548cba9a2ee0cefdfa87f - - - -] volume service is down. (host: rack13-server67@lvm-1)
2025-01-13 15:09:23.988 7 WARNING cinder.scheduler.host_manager [None req-01e3624c-7fb1-4e0c-90bd-3ac76867b6e5 be06d641d9f649d2befcf562319d98a0 6d47eb9b94fa442f87fecf1de29b30d1 - - - -] volume service is down. (host: rack13-server67@lvm-1)
2025-01-13 15:09:23.991 7 WARNING cinder.scheduler.host_manager [None req-b4ef5304-2fe0-4aec-9e1d-9df1e6ff498b ac26eacf304948e4b8e224fc87750ddd f8c2df465a494221bb5f8ae93d4e957e - - - -] volume service is down. (host: rack13-server67@lvm-1)
2025-01-13 15:09:24.152 7 WARNING cinder.scheduler.host_manager [None req-42ff806f-7034-4cda-af59-53f1e41184cf be06d641d9f649d2befcf562319d98a0 6d47eb9b94fa442f87fecf1de29b30d1 - - - -] volume service is down. (host: rack13-server67@lvm-1)
2025-01-13 15:09:24.367 7 WARNING cinder.scheduler.host_manager [None req-9aeee5e9-2f13-4bd0-9e04-5e4a139c3300 be06d641d9f649d2befcf562319d98a0 6d47eb9b94fa442f87fecf1de29b30d1 - - - -] volume service is down. (host: rack13-server67@lvm-1)
2025-01-13 15:09:24.567 7 WARNING cinder.scheduler.host_manager [None req-8d1b6f06-bdaf-4333-b7d0-b0d8b7608dcd be06d641d9f649d2befcf562319d98a0 6d47eb9b94fa442f87fecf1de29b30d1 - - - -] volume service is down. (host: rack13-server67@lvm-1)
2025-01-13 15:09:24.780 7 WARNING cinder.scheduler.host_manager [None req-1d4bfbbf-58a2-4fbe-951f-e9ba7cf3c842 be06d641d9f649d2befcf562319d98a0 6d47eb9b94fa442f87fecf1de29b30d1 - - - -] volume service is down. (host: rack13-server67@lvm-1)
2025-01-13 15:09:25.159 7 WARNING cinder.scheduler.host_manager [None req-822675ff-1728-4f36-9ff5-28b324632116 8eb3d93545874002a962a26e556c2dac 555e2bc8be9548cba9a2ee0cefdfa87f - - - -] volume service is down. (host: rack13-server67@lvm-1)
2025-01-13 15:09:25.294 7 WARNING cinder.scheduler.host_manager [None req-8a59794a-d8e4-49a5-b2cc-36d137ebcb3f ac26eacf304948e4b8e224fc87750ddd f8c2df465a494221bb5f8ae93d4e957e - - - -] volume service is down. (host: rack13-server67@lvm-1)
2025-01-13 15:09:25.484 7 WARNING cinder.scheduler.host_manager [None req-b9652e55-27ea-49a9-af2c-72870a9d57c0 ac26eacf304948e4b8e224fc87750ddd f8c2df465a494221bb5f8ae93d4e957e - - - -] volume service is down. (host: rack13-server67@lvm-1)
2025-01-13 15:09:25.695 7 WARNING cinder.scheduler.host_manager [None req-8970bedc-d80a-4298-94ea-c2cdc1e505d0 ac26eacf304948e4b8e224fc87750ddd f8c2df465a494221bb5f8ae93d4e957e - - - -] volume service is down. (host: rack13-server67@lvm-1)
2025-01-13 15:09:25.960 7 WARNING cinder.scheduler.host_manager [None req-2a425d14-e803-49f5-aa21-2e44d3744f94 ac26eacf304948e4b8e224fc87750ddd f8c2df465a494221bb5f8ae93d4e957e - - - -] volume service is down. (host: rack13-server67@lvm-1)
2025-01-13 15:09:26.155 7 WARNING cinder.scheduler.host_manager [None req-e587c587-0bc4-4832-bd37-ab6447aa97d2 ac26eacf304948e4b8e224fc87750ddd f8c2df465a494221bb5f8ae93d4e957e - - - -] volume service is down. (host: rack13-server67@lvm-1)
2025-01-13 15:09:27.519 7 WARNING cinder.scheduler.host_manager [None req-937f8251-611c-4d6c-8362-6cacb401b87c 8eb3d93545874002a962a26e556c2dac 555e2bc8be9548cba9a2ee0cefdfa87f - - - -] volume service is down. (host: rack13-server67@lvm-1)
2025-01-13 15:09:27.751 7 WARNING cinder.scheduler.host_manager [None req-49f2b6d5-b1b2-4ff9-9bdb-5b8260b41ddf 8eb3d93545874002a962a26e556c2dac 555e2bc8be9548cba9a2ee0cefdfa87f - - - -] volume service is down. (host: rack13-server67@lvm-1)
2025-01-13 15:09:27.986 7 WARNING cinder.scheduler.host_manager [None req-de6ab1f3-cb6b-4209-8c93-5fb64e754a24 8eb3d93545874002a962a26e556c2dac 555e2bc8be9548cba9a2ee0cefdfa87f - - - -] volume service is down. (host: rack13-server67@lvm-1)
2025-01-13 15:09:28.209 7 WARNING cinder.scheduler.host_manager [None req-f08f8733-0a78-40c8-b97c-bf3cf3cbaa2d 8eb3d93545874002a962a26e556c2dac 555e2bc8be9548cba9a2ee0cefdfa87f - - - -] volume service is down. (host: rack13-server67@lvm-1)
2025-01-13 15:09:28.442 7 WARNING cinder.scheduler.host_manager [None req-8894e1bb-da23-4289-a10e-9b88a28702bd 8eb3d93545874002a962a26e556c2dac 555e2bc8be9548cba9a2ee0cefdfa87f - - - -] volume service is down. (host: rack13-server67@lvm-1)
2025-01-13 15:09:36.814 7 WARNING cinder.scheduler.host_manager [None req-48ed4b05-5b13-43e3-84c0-63aa3abb8435 062a849d55484478b698265d0d7f810c d68798e3b9f34b0295fe6ef0062f344f - - - -] volume service is down. (host: rack13-server67@lvm-1)
2025-01-13 15:09:39.298 7 WARNING cinder.scheduler.host_manager [None req-e0c78f71-fe98-488b-bbcb-b4c73af9075e 062a849d55484478b698265d0d7f810c d68798e3b9f34b0295fe6ef0062f344f - - - -] volume service is down. (host: rack13-server67@lvm-1)
2025-01-13 15:09:40.632 7 WARNING cinder.scheduler.host_manager [None req-e83a103d-e21a-45ae-b191-e71967a04f19 062a849d55484478b698265d0d7f810c d68798e3b9f34b0295fe6ef0062f344f - - - -] volume service is down. (host: rack13-server67@lvm-1)
