Build Started 14_01_2025_03_25_29
2025-01-14 03:26:55.144 7 WARNING cinder.scheduler.host_manager [None req-83cf0153-483f-42de-89ef-707b796a49ae c147a9b395734048b7179c0096f9ba3a b13165d865584cea97e07b700a263332 - - - -] volume service is down. (host: rack13-server67@lvm-1)
2025-01-14 03:26:55.167 7 WARNING cinder.scheduler.host_manager [req-15657679-d5b9-46b8-b352-69bfe1d00e3c req-4ebab166-a17f-4b8d-ac47-b23587faeede ea09960bed924690ade523139b5039f0 71d5922d01d5459493de4f2af11d3a68 - - - -] volume service is down. (host: rack13-server67@lvm-1)
2025-01-14 03:26:55.171 7 WARNING cinder.scheduler.host_manager [req-68aebfb3-a5b7-42c8-a4b7-d8b8b3d0e5ca req-6120f441-902c-4bf2-a219-2db215e45ea3 e655ddc7a33e46f5ab7e1af9531e35d9 e0957c7ce9b04ffcacc39b8203f3aa03 - - - -] volume service is down. (host: rack13-server67@lvm-1)
2025-01-14 03:26:57.632 7 WARNING cinder.scheduler.host_manager [None req-d76fbb16-31c8-44ba-b64f-f3afff753adc c147a9b395734048b7179c0096f9ba3a b13165d865584cea97e07b700a263332 - - - -] volume service is down. (host: rack13-server67@lvm-1)
2025-01-14 03:26:57.691 7 WARNING cinder.scheduler.host_manager [req-2eddce53-4eea-4b33-b8ef-d604fdba5594 req-2ee73310-0869-4989-9ac6-23b1d6ec7681 e655ddc7a33e46f5ab7e1af9531e35d9 e0957c7ce9b04ffcacc39b8203f3aa03 - - - -] volume service is down. (host: rack13-server67@lvm-1)
2025-01-14 03:27:00.158 7 WARNING cinder.scheduler.host_manager [None req-51ee207e-a427-41a9-b6bc-9cd0946b5ad1 c147a9b395734048b7179c0096f9ba3a b13165d865584cea97e07b700a263332 - - - -] volume service is down. (host: rack13-server67@lvm-1)
2025-01-14 03:27:11.477 7 WARNING cinder.scheduler.host_manager [None req-b8650df2-4bd2-4db9-a070-3fc13749a651 2d8fa99df380458bba3fc158d32e1c75 6b38eb3c47dd4b9b8e87acffd77c2231 - - - -] volume service is down. (host: rack13-server67@lvm-1)
2025-01-14 03:27:11.786 7 WARNING cinder.scheduler.host_manager [None req-98dce88f-1be1-4cd5-94d2-eebb15a46f98 2d8a562d7546406ea28ff3242cfefdd4 5f2f469a58e44230bdf27906ec2a11d4 - - - -] volume service is down. (host: rack13-server67@lvm-1)
2025-01-14 03:27:11.794 7 WARNING cinder.scheduler.host_manager [None req-98dce88f-1be1-4cd5-94d2-eebb15a46f98 2d8a562d7546406ea28ff3242cfefdd4 5f2f469a58e44230bdf27906ec2a11d4 - - - -] volume service is down. (host: rack13-server67@lvm-1)
2025-01-14 03:27:12.000 7 WARNING cinder.scheduler.host_manager [None req-4f11c17f-fe4a-40f0-a370-7523ccddadad 2d8fa99df380458bba3fc158d32e1c75 6b38eb3c47dd4b9b8e87acffd77c2231 - - - -] volume service is down. (host: rack13-server67@lvm-1)
2025-01-14 03:27:13.151 7 WARNING cinder.scheduler.host_manager [None req-5afb34fc-818c-42e9-89a3-5ef34337f998 2d8a562d7546406ea28ff3242cfefdd4 5f2f469a58e44230bdf27906ec2a11d4 - - - -] volume service is down. (host: rack13-server67@lvm-1)
2025-01-14 03:27:15.560 7 WARNING cinder.scheduler.host_manager [None req-26cc084b-2a3c-406b-8c64-b08c611af0c1 2d8a562d7546406ea28ff3242cfefdd4 5f2f469a58e44230bdf27906ec2a11d4 - - - -] volume service is down. (host: rack13-server67@lvm-1)
2025-01-14 03:27:16.182 7 WARNING cinder.scheduler.host_manager [None req-c4ee6b1a-951e-436a-892d-4ed266980fd9 9dfef05b77cc4abaa5da9228119df3bb c837b13e35da4188b176e5fae0aef7d3 - - - -] volume service is down. (host: rack13-server67@lvm-1)
2025-01-14 03:27:18.550 7 WARNING cinder.scheduler.host_manager [None req-df8e71e7-234a-4a2f-ae2f-897184cc8132 9dfef05b77cc4abaa5da9228119df3bb c837b13e35da4188b176e5fae0aef7d3 - - - -] volume service is down. (host: rack13-server67@lvm-1)
2025-01-14 03:27:19.700 7 WARNING cinder.scheduler.host_manager [None req-8dd65e72-a155-4540-8978-85b0a1169e8c d73b9b797a5b4a5796d6619eb6f69069 01470c3a7c1f430f859c7eb0e8fc8ddf - - - -] volume service is down. (host: rack13-server67@lvm-1)
2025-01-14 03:27:19.708 7 WARNING cinder.scheduler.host_manager [None req-8dd65e72-a155-4540-8978-85b0a1169e8c d73b9b797a5b4a5796d6619eb6f69069 01470c3a7c1f430f859c7eb0e8fc8ddf - - - -] volume service is down. (host: rack13-server67@lvm-1)
2025-01-14 03:27:21.101 7 WARNING cinder.scheduler.host_manager [None req-3d50df81-eea8-439c-b2b4-b87244d594c7 d73b9b797a5b4a5796d6619eb6f69069 01470c3a7c1f430f859c7eb0e8fc8ddf - - - -] volume service is down. (host: rack13-server67@lvm-1)
2025-01-14 03:27:21.224 7 WARNING cinder.scheduler.host_manager [None req-1dea9c34-fa3b-4b9a-8814-800991f223dd 9dfef05b77cc4abaa5da9228119df3bb c837b13e35da4188b176e5fae0aef7d3 - - - -] volume service is down. (host: rack13-server67@lvm-1)
2025-01-14 03:27:24.839 7 WARNING cinder.scheduler.host_manager [None req-ea9ab084-4f54-4b3a-890d-88003207532f 9dfef05b77cc4abaa5da9228119df3bb c837b13e35da4188b176e5fae0aef7d3 - - - -] volume service is down. (host: rack13-server67@lvm-1)
2025-01-14 03:27:25.836 7 WARNING cinder.scheduler.host_manager [None req-64d9c1bc-03d5-4d6c-9f38-380aecd3aab0 d73b9b797a5b4a5796d6619eb6f69069 01470c3a7c1f430f859c7eb0e8fc8ddf - - - -] volume service is down. (host: rack13-server67@lvm-1)
2025-01-14 03:27:28.458 7 WARNING cinder.scheduler.host_manager [None req-b51f45a4-97fd-491b-977b-2bda56f409ad 9dfef05b77cc4abaa5da9228119df3bb c837b13e35da4188b176e5fae0aef7d3 - - - -] volume service is down. (host: rack13-server67@lvm-1)
2025-01-14 03:27:28.718 7 WARNING cinder.scheduler.host_manager [None req-e82b0ea0-f7b8-45f3-9e4d-eb4dc19b7d58 2f32c068a4ec43ddaff18aa498c8429e 2a968a12c2fe484286df5482ff5a18f5 - - - -] volume service is down. (host: rack13-server67@lvm-1)
2025-01-14 03:27:28.727 7 WARNING cinder.scheduler.host_manager [None req-e82b0ea0-f7b8-45f3-9e4d-eb4dc19b7d58 2f32c068a4ec43ddaff18aa498c8429e 2a968a12c2fe484286df5482ff5a18f5 - - - -] volume service is down. (host: rack13-server67@lvm-1)
2025-01-14 03:27:32.044 7 WARNING cinder.scheduler.host_manager [None req-600877e8-3dd6-4bbc-801f-ab5f0bb55066 9dfef05b77cc4abaa5da9228119df3bb c837b13e35da4188b176e5fae0aef7d3 - - - -] volume service is down. (host: rack13-server67@lvm-1)
2025-01-14 03:27:32.172 7 WARNING cinder.scheduler.host_manager [None req-118bce52-2d82-4d54-9995-edb69d7e13e1 d73b9b797a5b4a5796d6619eb6f69069 01470c3a7c1f430f859c7eb0e8fc8ddf - - - -] volume service is down. (host: rack13-server67@lvm-1)
2025-01-14 03:27:32.180 7 WARNING cinder.scheduler.host_manager [None req-118bce52-2d82-4d54-9995-edb69d7e13e1 d73b9b797a5b4a5796d6619eb6f69069 01470c3a7c1f430f859c7eb0e8fc8ddf - - - -] volume service is down. (host: rack13-server67@lvm-1)
2025-01-14 03:27:33.591 7 WARNING cinder.scheduler.host_manager [None req-9ed9a71d-1c32-4826-9631-7a98fb45146b d73b9b797a5b4a5796d6619eb6f69069 01470c3a7c1f430f859c7eb0e8fc8ddf - - - -] volume service is down. (host: rack13-server67@lvm-1)
2025-01-14 03:27:36.100 7 WARNING cinder.scheduler.host_manager [None req-8ede191a-fff4-4599-ba52-cb22623179d9 d73b9b797a5b4a5796d6619eb6f69069 01470c3a7c1f430f859c7eb0e8fc8ddf - - - -] volume service is down. (host: rack13-server67@lvm-1)
2025-01-14 03:27:37.627 7 WARNING cinder.scheduler.host_manager [None req-ba5d468a-1bd9-4cca-a89a-ff3e7bce2e2f 0fd0d760299d4f27b4e61d1fd6234604 034b05e8d455473ca2f9555c8749f812 - - - -] volume service is down. (host: rack13-server67@lvm-1)
2025-01-14 03:27:44.306 7 WARNING cinder.scheduler.host_manager [None req-52aaecc6-d550-4306-81f4-cf21081908f5 e15e4c0182fd46a2a463d798a5528d68 821d92b0098c45a8a8ed507af01009d0 - - - -] volume service is down. (host: rack13-server67@lvm-1)
2025-01-14 03:27:44.307 7 INFO cinder.scheduler.base_filter [None req-52aaecc6-d550-4306-81f4-cf21081908f5 e15e4c0182fd46a2a463d798a5528d68 821d92b0098c45a8a8ed507af01009d0 - - - -] Filtering removed all hosts for the request with volume ID '6089323b-5ff7-4200-a9d8-0316fd01cd94'. Filter results: AvailabilityZoneFilter: (start: 1, end: 1), CapacityFilter: (start: 1, end: 1), CapabilitiesFilter: (start: 1, end: 0)
2025-01-14 03:27:44.308 7 WARNING cinder.scheduler.filter_scheduler [None req-52aaecc6-d550-4306-81f4-cf21081908f5 e15e4c0182fd46a2a463d798a5528d68 821d92b0098c45a8a8ed507af01009d0 - - - -] No weighed backend found for volume with properties: {'id': 'd29e68f2-6936-456f-aeda-4c2471ff0fd5', 'name': 'tempest-UserMessagesTest-volume-type-803310636', 'description': None, 'is_public': True, 'projects': [], 'extra_specs': {'storage_protocol': 'tempest-storage_protocol-126368539', 'vendor_name': 'tempest-vendor_name-1032400096'}, 'qos_specs_id': None, 'created_at': '2025-01-14T03:27:43.000000', 'updated_at': None, 'deleted_at': None, 'deleted': False}
2025-01-14 03:27:44.309 7 INFO cinder.message.api [None req-52aaecc6-d550-4306-81f4-cf21081908f5 e15e4c0182fd46a2a463d798a5528d68 821d92b0098c45a8a8ed507af01009d0 - - - -] Creating message record for request_id = req-52aaecc6-d550-4306-81f4-cf21081908f5
2025-01-14 03:27:44.315 7 ERROR cinder.scheduler.flows.create_volume [None req-52aaecc6-d550-4306-81f4-cf21081908f5 e15e4c0182fd46a2a463d798a5528d68 821d92b0098c45a8a8ed507af01009d0 - - - -] Failed to run task cinder.scheduler.flows.create_volume.ScheduleCreateVolumeTask;volume:create: No valid backend was found. No weighed backends available: cinder.exception.NoValidBackend: No valid backend was found. No weighed backends available
2025-01-14 03:27:46.081 7 WARNING cinder.scheduler.host_manager [None req-a5a47044-7fc7-426d-91bb-12e05497a7dc e15e4c0182fd46a2a463d798a5528d68 821d92b0098c45a8a8ed507af01009d0 - - - -] volume service is down. (host: rack13-server67@lvm-1)
2025-01-14 03:27:46.082 7 INFO cinder.scheduler.base_filter [None req-a5a47044-7fc7-426d-91bb-12e05497a7dc e15e4c0182fd46a2a463d798a5528d68 821d92b0098c45a8a8ed507af01009d0 - - - -] Filtering removed all hosts for the request with volume ID 'ce1d9ca1-c23f-4d55-a6c0-bd97acba54df'. Filter results: AvailabilityZoneFilter: (start: 1, end: 1), CapacityFilter: (start: 1, end: 1), CapabilitiesFilter: (start: 1, end: 0)
2025-01-14 03:27:46.082 7 WARNING cinder.scheduler.filter_scheduler [None req-a5a47044-7fc7-426d-91bb-12e05497a7dc e15e4c0182fd46a2a463d798a5528d68 821d92b0098c45a8a8ed507af01009d0 - - - -] No weighed backend found for volume with properties: {'id': '05abc5b4-3cfe-4ebd-adfc-6145800abc7b', 'name': 'tempest-UserMessagesTest-volume-type-149041224', 'description': None, 'is_public': True, 'projects': [], 'extra_specs': {'storage_protocol': 'tempest-storage_protocol-75756573', 'vendor_name': 'tempest-vendor_name-803624413'}, 'qos_specs_id': None, 'created_at': '2025-01-14T03:27:45.000000', 'updated_at': None, 'deleted_at': None, 'deleted': False}
2025-01-14 03:27:46.083 7 INFO cinder.message.api [None req-a5a47044-7fc7-426d-91bb-12e05497a7dc e15e4c0182fd46a2a463d798a5528d68 821d92b0098c45a8a8ed507af01009d0 - - - -] Creating message record for request_id = req-a5a47044-7fc7-426d-91bb-12e05497a7dc
2025-01-14 03:27:46.087 7 ERROR cinder.scheduler.flows.create_volume [None req-a5a47044-7fc7-426d-91bb-12e05497a7dc e15e4c0182fd46a2a463d798a5528d68 821d92b0098c45a8a8ed507af01009d0 - - - -] Failed to run task cinder.scheduler.flows.create_volume.ScheduleCreateVolumeTask;volume:create: No valid backend was found. No weighed backends available: cinder.exception.NoValidBackend: No valid backend was found. No weighed backends available
2025-01-14 03:27:48.647 7 WARNING cinder.scheduler.host_manager [None req-87caaec6-3d88-45e8-adc3-0f16b271c824 f2bcbdcab0624873912d5a81afcfa7cf bd46278622cc41b3af4c0f51517bde0e - - - -] volume service is down. (host: rack13-server67@lvm-1)
2025-01-14 03:27:49.442 7 WARNING cinder.scheduler.host_manager [None req-12f3ee21-64ad-444a-86dd-e9133b3c8261 d73b9b797a5b4a5796d6619eb6f69069 01470c3a7c1f430f859c7eb0e8fc8ddf - - - -] volume service is down. (host: rack13-server67@lvm-1)
2025-01-14 03:27:49.450 7 WARNING cinder.scheduler.host_manager [None req-12f3ee21-64ad-444a-86dd-e9133b3c8261 d73b9b797a5b4a5796d6619eb6f69069 01470c3a7c1f430f859c7eb0e8fc8ddf - - - -] volume service is down. (host: rack13-server67@lvm-1)
2025-01-14 03:27:50.838 7 WARNING cinder.scheduler.host_manager [None req-df122f03-8f75-428a-8b17-b7b00b1dfb1d d73b9b797a5b4a5796d6619eb6f69069 01470c3a7c1f430f859c7eb0e8fc8ddf - - - -] volume service is down. (host: rack13-server67@lvm-1)
2025-01-14 03:27:50.995 7 WARNING cinder.scheduler.host_manager [None req-87319cee-f18b-4960-96ab-a10cffc3217e f2bcbdcab0624873912d5a81afcfa7cf bd46278622cc41b3af4c0f51517bde0e - - - -] volume service is down. (host: rack13-server67@lvm-1)
2025-01-14 03:27:52.981 7 WARNING cinder.scheduler.host_manager [None req-25be574b-bc53-4b0a-92c2-a840972feb5c 28c2aa0c568141f0bad9c8842096a86c 87226953a93d42aebc6fd7fb4dfbefe6 - - - -] volume service is down. (host: rack13-server67@lvm-1)
2025-01-14 03:28:04.252 7 WARNING cinder.scheduler.host_manager [None req-42a3f1f6-eac0-4377-ab36-3f0151599522 383408c9c8544ec0b912f718eb533bd4 6045d017494141e29c742f7098c0a095 - - - -] volume service is down. (host: rack13-server67@lvm-1)
2025-01-14 03:28:04.261 7 WARNING cinder.scheduler.host_manager [None req-42a3f1f6-eac0-4377-ab36-3f0151599522 383408c9c8544ec0b912f718eb533bd4 6045d017494141e29c742f7098c0a095 - - - -] volume service is down. (host: rack13-server67@lvm-1)
2025-01-14 03:28:05.674 7 WARNING cinder.scheduler.host_manager [None req-c283995c-f411-4998-9309-4d1cd1e16931 383408c9c8544ec0b912f718eb533bd4 6045d017494141e29c742f7098c0a095 - - - -] volume service is down. (host: rack13-server67@lvm-1)
2025-01-14 03:28:15.293 7 WARNING cinder.scheduler.host_manager [None req-4428a955-a151-46e0-b76b-25f4f2d668cd 536632036b0843f5b743c1d64082e84d 263f25da33014fe890e9635dd5d0761e - - - -] volume service is down. (host: rack13-server67@lvm-1)
2025-01-14 03:28:17.801 7 WARNING cinder.scheduler.host_manager [None req-bcb485e2-cf1d-48f4-8420-954deeb43e4a 536632036b0843f5b743c1d64082e84d 263f25da33014fe890e9635dd5d0761e - - - -] volume service is down. (host: rack13-server67@lvm-1)
2025-01-14 03:28:20.348 7 WARNING cinder.scheduler.host_manager [None req-87ce35a2-09e4-4bd1-9cba-aa1b7a79d12d 536632036b0843f5b743c1d64082e84d 263f25da33014fe890e9635dd5d0761e - - - -] volume service is down. (host: rack13-server67@lvm-1)
2025-01-14 03:28:21.200 7 WARNING cinder.scheduler.host_manager [None req-55f1b650-86cf-4847-91f8-8f2613f25799 9fffa2b8a6324ccfbb92e5cb954183e7 372d0d487fc44bbd8e1de838e86686fd - - - -] volume service is down. (host: rack13-server67@lvm-1)
2025-01-14 03:28:22.094 7 WARNING cinder.scheduler.host_manager [None req-4dc51365-1dfd-4303-b654-905555021825 5c5624a8e2734946bb0acae2050d44f9 8b89c0aadd8f48a4a43795954159ec10 - - - -] volume service is down. (host: rack13-server67@lvm-1)
2025-01-14 03:28:24.426 7 WARNING cinder.scheduler.host_manager [None req-0be2cf17-9b15-43e1-b138-9f32096a1155 9e5790520588481fb3dfb64d6352b12c 394a35e5a2c04b8fa45fc91f7349925e - - - -] volume service is down. (host: rack13-server67@lvm-1)
2025-01-14 03:28:24.431 7 WARNING cinder.scheduler.host_manager [None req-0be2cf17-9b15-43e1-b138-9f32096a1155 9e5790520588481fb3dfb64d6352b12c 394a35e5a2c04b8fa45fc91f7349925e - - - -] volume service is down. (host: rack13-server67@lvm-1)
2025-01-14 03:28:25.547 7 WARNING cinder.scheduler.host_manager [None req-4add276c-05df-4a0e-96df-8f523b9e7499 9fffa2b8a6324ccfbb92e5cb954183e7 372d0d487fc44bbd8e1de838e86686fd - - - -] volume service is down. (host: rack13-server67@lvm-1)
2025-01-14 03:28:25.613 7 WARNING cinder.scheduler.host_manager [None req-83001fdb-1d1c-48ee-971e-6a6f7f3e76a4 9e5790520588481fb3dfb64d6352b12c 394a35e5a2c04b8fa45fc91f7349925e - - - -] volume service is down. (host: rack13-server67@lvm-1)
2025-01-14 03:28:25.619 7 WARNING cinder.scheduler.host_manager [None req-83001fdb-1d1c-48ee-971e-6a6f7f3e76a4 9e5790520588481fb3dfb64d6352b12c 394a35e5a2c04b8fa45fc91f7349925e - - - -] volume service is down. (host: rack13-server67@lvm-1)
2025-01-14 03:28:27.084 7 WARNING cinder.scheduler.host_manager [None req-1d39c952-061c-417d-b639-3ae445ec5390 9e5790520588481fb3dfb64d6352b12c 394a35e5a2c04b8fa45fc91f7349925e - - - -] volume service is down. (host: rack13-server67@lvm-1)
2025-01-14 03:28:32.312 7 WARNING cinder.scheduler.host_manager [None req-a2ff2fc3-6a7f-4bdb-bd63-3192db2dae79 ce77dd11476245088882b4428e36c806 7186dd9ee7e247c3b920f058d586d1b6 - - - -] volume service is down. (host: rack13-server67@lvm-1)
2025-01-14 03:28:32.477 7 WARNING cinder.scheduler.host_manager [None req-0aeb7b21-97a8-4579-92cf-8495dd249d76 9e5790520588481fb3dfb64d6352b12c 394a35e5a2c04b8fa45fc91f7349925e - - - -] volume service is down. (host: rack13-server67@lvm-1)
2025-01-14 03:28:32.483 7 WARNING cinder.scheduler.host_manager [None req-0aeb7b21-97a8-4579-92cf-8495dd249d76 9e5790520588481fb3dfb64d6352b12c 394a35e5a2c04b8fa45fc91f7349925e - - - -] volume service is down. (host: rack13-server67@lvm-1)
2025-01-14 03:28:33.495 7 WARNING cinder.scheduler.host_manager [None req-24ecd204-a33e-4a1f-9ece-9cf510a7390b 4e8c4c27f8154c4eb5dcaffce17d2ce5 724c4c06bdec4ca0882bd884f6e05e92 - - - -] volume service is down. (host: rack13-server67@lvm-1)
2025-01-14 03:28:33.892 7 WARNING cinder.scheduler.host_manager [None req-bc0eaa84-09ab-47d2-9633-e0d4879f3704 9e5790520588481fb3dfb64d6352b12c 394a35e5a2c04b8fa45fc91f7349925e - - - -] volume service is down. (host: rack13-server67@lvm-1)
2025-01-14 03:28:36.444 7 WARNING cinder.scheduler.host_manager [None req-b9f71448-e174-4443-a37a-af771209438c 9e5790520588481fb3dfb64d6352b12c 394a35e5a2c04b8fa45fc91f7349925e - - - -] volume service is down. (host: rack13-server67@lvm-1)
2025-01-14 03:28:40.798 7 WARNING cinder.scheduler.host_manager [None req-34f30ef3-b585-4d70-8f11-44ef4978a964 9564a2549a01413c92eb2debb25d6aff 051aa7172c0d4089b91938f551ea23db - - - -] volume service is down. (host: rack13-server67@lvm-1)
2025-01-14 03:28:47.086 7 WARNING cinder.scheduler.host_manager [None req-b3475911-952f-486c-85d3-d18b49fe563a 057dc3b0126f4b95b0090fc9dc614b1c 4cb8e814eff34613915a132abb4193d6 - - - -] volume service is down. (host: rack13-server67@lvm-1)
2025-01-14 03:28:49.435 7 WARNING cinder.scheduler.host_manager [None req-80947385-d4ed-4f3d-ae1b-6ff48b0cae58 057dc3b0126f4b95b0090fc9dc614b1c 4cb8e814eff34613915a132abb4193d6 - - - -] volume service is down. (host: rack13-server67@lvm-1)
2025-01-14 03:28:49.530 7 WARNING cinder.scheduler.host_manager [None req-580c5909-7776-4d77-b34e-783815459a9f 9564a2549a01413c92eb2debb25d6aff 051aa7172c0d4089b91938f551ea23db - - - -] volume service is down. (host: rack13-server67@lvm-1)
2025-01-14 03:28:52.235 7 WARNING cinder.scheduler.host_manager [None req-24d75a99-ce1d-437b-beed-ef0e6ba22947 9564a2549a01413c92eb2debb25d6aff 051aa7172c0d4089b91938f551ea23db - - - -] volume service is down. (host: rack13-server67@lvm-1)
2025-01-14 03:28:54.541 7 WARNING cinder.scheduler.host_manager [None req-aab94a64-c761-4e6a-aa82-161c27c047f2 9564a2549a01413c92eb2debb25d6aff 051aa7172c0d4089b91938f551ea23db - - - -] volume service is down. (host: rack13-server67@lvm-1)
2025-01-14 03:28:56.798 7 WARNING cinder.scheduler.host_manager [None req-b085c806-cfa4-410c-9a10-117b734b27db 9564a2549a01413c92eb2debb25d6aff 051aa7172c0d4089b91938f551ea23db - - - -] volume service is down. (host: rack13-server67@lvm-1)
2025-01-14 03:28:58.080 7 WARNING cinder.scheduler.host_manager [None req-9042585b-9158-47c5-9e87-7502963fa518 524051d66eef4bfe9999d4776a1c131e 544a0d9ae9714730a5067ecf9724f985 - - - -] volume service is down. (host: rack13-server67@lvm-1)
2025-01-14 03:29:00.377 7 WARNING cinder.scheduler.host_manager [None req-7ecc45b2-c423-4e75-a6d3-7c33e3f45eb0 524051d66eef4bfe9999d4776a1c131e 544a0d9ae9714730a5067ecf9724f985 - - - -] volume service is down. (host: rack13-server67@lvm-1)
2025-01-14 03:29:02.632 7 WARNING cinder.scheduler.host_manager [None req-ed4afa2c-ece6-4f15-a33a-09cac10c8fe1 524051d66eef4bfe9999d4776a1c131e 544a0d9ae9714730a5067ecf9724f985 - - - -] volume service is down. (host: rack13-server67@lvm-1)
2025-01-14 03:29:03.447 7 WARNING cinder.scheduler.host_manager [None req-fe3a89cf-eb10-4976-b557-e042d3cb6279 1eaf341d5b25423cab9ba7f5aeb1a130 e1d1799cd48b478bad376ac00d7fb0fd - - - -] volume service is down. (host: rack13-server67@lvm-1)
2025-01-14 03:29:03.742 7 WARNING cinder.scheduler.host_manager [None req-c087164d-4617-438a-b9ce-c9374e9ae389 54a9a7ee2c7d49cdbc03c135a8824bd3 76343d0069ca41fb82c32225dbafc894 - - - -] volume service is down. (host: rack13-server67@lvm-1)
2025-01-14 03:29:06.363 7 WARNING cinder.scheduler.host_manager [None req-74d03e3f-e5d6-42f9-9b0d-233147728968 524051d66eef4bfe9999d4776a1c131e 544a0d9ae9714730a5067ecf9724f985 - - - -] volume service is down. (host: rack13-server67@lvm-1)
2025-01-14 03:29:06.498 7 WARNING cinder.scheduler.host_manager [None req-699dd3ca-7fd0-4c89-aa59-7b9d59e3b300 54a9a7ee2c7d49cdbc03c135a8824bd3 76343d0069ca41fb82c32225dbafc894 - - - -] volume service is down. (host: rack13-server67@lvm-1)
2025-01-14 03:29:07.219 7 WARNING cinder.scheduler.host_manager [None req-22a04b90-9208-4f95-a927-296389b3fa61 1eaf341d5b25423cab9ba7f5aeb1a130 e1d1799cd48b478bad376ac00d7fb0fd - - - -] volume service is down. (host: rack13-server67@lvm-1)
2025-01-14 03:29:08.700 7 WARNING cinder.scheduler.host_manager [None req-35b518ee-0e93-4153-8194-f0fead25f922 524051d66eef4bfe9999d4776a1c131e 544a0d9ae9714730a5067ecf9724f985 - - - -] volume service is down. (host: rack13-server67@lvm-1)
2025-01-14 03:29:11.185 7 WARNING cinder.scheduler.host_manager [None req-3024703c-84e7-4555-ac90-0e7dc120c40e 524051d66eef4bfe9999d4776a1c131e 544a0d9ae9714730a5067ecf9724f985 - - - -] volume service is down. (host: rack13-server67@lvm-1)
2025-01-14 03:29:11.362 7 WARNING cinder.scheduler.host_manager [None req-e9a44f7f-c241-4978-9012-cdd01614ea7a 54a9a7ee2c7d49cdbc03c135a8824bd3 76343d0069ca41fb82c32225dbafc894 - - - -] volume service is down. (host: rack13-server67@lvm-1)
2025-01-14 03:29:13.886 7 WARNING cinder.scheduler.host_manager [None req-c8f3fdda-70c8-48bc-92f0-606e0ab49858 54a9a7ee2c7d49cdbc03c135a8824bd3 76343d0069ca41fb82c32225dbafc894 - - - -] volume service is down. (host: rack13-server67@lvm-1)
2025-01-14 03:29:17.686 7 WARNING cinder.scheduler.host_manager [None req-ad823d76-a8d2-45f0-b563-71f4563ff94f 54a9a7ee2c7d49cdbc03c135a8824bd3 76343d0069ca41fb82c32225dbafc894 - - - -] volume service is down. (host: rack13-server67@lvm-1)
2025-01-14 03:29:20.309 7 WARNING cinder.scheduler.host_manager [None req-52032256-abcf-4e13-9660-77335c41fcce 9833bf3c235f42b9b1dbc9259e77ac26 94bda660d19e4fe4948a29b31e083618 - - - -] volume service is down. (host: rack13-server67@lvm-1)
2025-01-14 03:29:22.749 7 WARNING cinder.scheduler.host_manager [None req-11a4ed9b-75e5-4667-86ac-6fca5b3c7482 9833bf3c235f42b9b1dbc9259e77ac26 94bda660d19e4fe4948a29b31e083618 - - - -] volume service is down. (host: rack13-server67@lvm-1)
2025-01-14 03:29:23.419 7 WARNING cinder.scheduler.host_manager [None req-47044409-dd31-4659-901d-cbd556cf1ff1 21eecffa40f540a8970b0f73da00ab20 ade0a5a5d59e49e4a3d7ea7b4442d20c - - - -] volume service is down. (host: rack13-server67@lvm-1)
2025-01-14 03:29:23.902 7 WARNING cinder.scheduler.host_manager [None req-88a0550b-53ac-4172-a38f-f8e64e19e4bc 54a9a7ee2c7d49cdbc03c135a8824bd3 76343d0069ca41fb82c32225dbafc894 - - - -] volume service is down. (host: rack13-server67@lvm-1)
2025-01-14 03:29:29.062 7 WARNING cinder.scheduler.host_manager [None req-e21d5785-d94a-4144-9743-dde2f5081e1c 21eecffa40f540a8970b0f73da00ab20 ade0a5a5d59e49e4a3d7ea7b4442d20c - - - -] volume service is down. (host: rack13-server67@lvm-1)
2025-01-14 03:29:31.733 7 WARNING cinder.scheduler.host_manager [None req-77fc770d-59f8-413c-8efc-4e47fefe9fa0 f1296fb64aa749a9845edd7bb054775e 7f3d83e2f0be4abba865b072487cd2e4 - - - -] volume service is down. (host: rack13-server67@lvm-1)
2025-01-14 03:29:32.956 7 WARNING cinder.scheduler.host_manager [None req-dc91a118-cd2e-4b12-8c63-6df38733a6e1 54a9a7ee2c7d49cdbc03c135a8824bd3 76343d0069ca41fb82c32225dbafc894 - - - -] volume service is down. (host: rack13-server67@lvm-1)
2025-01-14 03:29:36.885 7 WARNING cinder.scheduler.host_manager [None req-df3d8054-0913-46c8-8574-ab6faf5dab39 17a243e6bfc5445a9e578e1141575b57 857cdc5a8f724fc896fd4590a4001f47 - - - -] volume service is down. (host: rack13-server67@lvm-1)
2025-01-14 03:29:40.985 7 WARNING cinder.scheduler.host_manager [None req-d0d502dd-400e-4177-8771-205306d3a886 0b146cc18b4548a2a6962fe16eabcdf8 1d2b154ce7314ea4a65c399e1d65c374 - - - -] volume service is down. (host: rack13-server67@lvm-1)
2025-01-14 03:29:43.333 7 WARNING cinder.scheduler.host_manager [None req-42232b80-d214-4b9f-99d3-72f9823635ca 0b146cc18b4548a2a6962fe16eabcdf8 1d2b154ce7314ea4a65c399e1d65c374 - - - -] volume service is down. (host: rack13-server67@lvm-1)
2025-01-14 03:29:45.599 7 WARNING cinder.scheduler.host_manager [None req-82849d2e-40a7-41d1-bd44-b3a5d05e27cd 0b146cc18b4548a2a6962fe16eabcdf8 1d2b154ce7314ea4a65c399e1d65c374 - - - -] volume service is down. (host: rack13-server67@lvm-1)
2025-01-14 03:29:45.756 7 WARNING cinder.scheduler.host_manager [None req-08a7e677-420c-4f61-a2db-b5420dba7630 17a243e6bfc5445a9e578e1141575b57 857cdc5a8f724fc896fd4590a4001f47 - - - -] volume service is down. (host: rack13-server67@lvm-1)
2025-01-14 03:29:47.854 7 WARNING cinder.scheduler.host_manager [None req-f1d66571-c089-4864-ba43-5da8c2979f45 0b146cc18b4548a2a6962fe16eabcdf8 1d2b154ce7314ea4a65c399e1d65c374 - - - -] volume service is down. (host: rack13-server67@lvm-1)
2025-01-14 03:29:50.679 7 WARNING cinder.scheduler.host_manager [None req-8edbcd2d-3e7d-4087-bbd0-ac770cd731fe 17a243e6bfc5445a9e578e1141575b57 857cdc5a8f724fc896fd4590a4001f47 - - - -] volume service is down. (host: rack13-server67@lvm-1)
2025-01-14 03:29:52.077 7 WARNING cinder.scheduler.host_manager [None req-b73a39a1-bde6-4ee8-ba1d-eda1ca69dd88 17a243e6bfc5445a9e578e1141575b57 857cdc5a8f724fc896fd4590a4001f47 - - - -] volume service is down. (host: rack13-server67@lvm-1)
2025-01-14 03:29:56.280 7 WARNING cinder.scheduler.host_manager [None req-16ed0284-ac7a-4724-bd57-b27058c226be 19cf4babc6ef40889982792f70b005e8 032d34bb150d4c419d42ef4d4cd388d2 - - - -] volume service is down. (host: rack13-server67@lvm-1)
2025-01-14 03:29:58.826 7 WARNING cinder.scheduler.host_manager [None req-595a261c-e9e1-430e-919c-64714a3b2fd2 f083b40809764297920d89d917345a99 27659c35df344608b734859533e87cff - - - -] volume service is down. (host: rack13-server67@lvm-1)
2025-01-14 03:30:01.144 7 WARNING cinder.scheduler.host_manager [None req-c1c8214f-5336-4035-be72-b2281715c187 f083b40809764297920d89d917345a99 27659c35df344608b734859533e87cff - - - -] volume service is down. (host: rack13-server67@lvm-1)
2025-01-14 03:30:03.663 7 WARNING cinder.scheduler.host_manager [None req-9eaef42e-0666-4f56-afcf-9de5bf7a7556 81a4d2fd09f042d696ee5165e80b980a 08aa764324354e6eab72afff413a6e8e - - - -] volume service is down. (host: rack13-server67@lvm-1)
2025-01-14 03:30:04.836 7 WARNING cinder.scheduler.host_manager [None req-a91a3028-4217-4559-9186-9367596282c3 8312dfd963d74c57ad924f751dae69c4 3a5e4e5560ad405f9061a9ee72b8cc52 - - - -] volume service is down. (host: rack13-server67@lvm-1)
2025-01-14 03:30:07.356 7 WARNING cinder.scheduler.host_manager [None req-34ba9028-9d0c-40cc-9fff-17bf2e4c0f62 8312dfd963d74c57ad924f751dae69c4 3a5e4e5560ad405f9061a9ee72b8cc52 - - - -] volume service is down. (host: rack13-server67@lvm-1)
2025-01-14 03:30:09.859 7 WARNING cinder.scheduler.host_manager [None req-7a617a31-4244-4ea7-851d-b99b357232e8 8312dfd963d74c57ad924f751dae69c4 3a5e4e5560ad405f9061a9ee72b8cc52 - - - -] volume service is down. (host: rack13-server67@lvm-1)
2025-01-14 03:30:14.472 7 WARNING cinder.scheduler.host_manager [None req-97a3ebd8-d42b-4a23-88ac-1836f1b6de43 7b2069b673614c2fb4af37bf22f74c7d a10fd78d67c940bb8415758b6d5baea1 - - - -] volume service is down. (host: rack13-server67@lvm-1)
2025-01-14 03:30:19.945 7 WARNING cinder.scheduler.host_manager [None req-c8d6aa51-2134-4372-972d-831886b03f52 7b2069b673614c2fb4af37bf22f74c7d a10fd78d67c940bb8415758b6d5baea1 - - - -] volume service is down. (host: rack13-server67@lvm-1)
2025-01-14 03:30:21.015 7 WARNING cinder.scheduler.host_manager [None req-3c02e87d-01a8-4a77-bcc1-47c55a418fd9 c0f7bec8fd8e40b191a82db96d6646d1 4c3d4994554d431a9dcacaaf046866d5 - - - -] volume service is down. (host: rack13-server67@lvm-1)
2025-01-14 03:30:56.168 7 WARNING cinder.scheduler.host_manager [None req-c4495d7e-7048-4b48-92b0-aa1ac81c89c0 78b51fd60c6a4602a0b0bcff3458078f fa7e92c6b7154cefa888d9013e81e8b5 - - - -] volume service is down. (host: rack13-server67@lvm-1)
2025-01-14 03:30:56.235 7 WARNING cinder.scheduler.host_manager [None req-f71e5937-3f40-4ef0-8290-c02b758851b5 9cca5326728440b99269149877e35d0e 540214cfc28745afbbaaf01d2feed865 - - - -] volume service is down. (host: rack13-server67@lvm-1)
2025-01-14 03:30:56.298 7 WARNING cinder.scheduler.host_manager [None req-7e03d71b-7845-46a4-8e9d-a81f4f31f6e5 7753e8c9aafd4ed6b917c334e0060251 de7341c19c614f46abf7acf01661ebe2 - - - -] volume service is down. (host: rack13-server67@lvm-1)
2025-01-14 03:30:56.413 7 WARNING cinder.scheduler.host_manager [None req-29ea828c-6095-41ef-a742-a3f6dd332b17 78b51fd60c6a4602a0b0bcff3458078f fa7e92c6b7154cefa888d9013e81e8b5 - - - -] volume service is down. (host: rack13-server67@lvm-1)
2025-01-14 03:30:56.706 7 WARNING cinder.scheduler.host_manager [None req-ee4cc68d-4d30-41ae-bc5a-eac069b6cd84 78b51fd60c6a4602a0b0bcff3458078f fa7e92c6b7154cefa888d9013e81e8b5 - - - -] volume service is down. (host: rack13-server67@lvm-1)
2025-01-14 03:30:56.971 7 WARNING cinder.scheduler.host_manager [None req-13753634-07e8-4691-8e10-6d71fa66c36d 78b51fd60c6a4602a0b0bcff3458078f fa7e92c6b7154cefa888d9013e81e8b5 - - - -] volume service is down. (host: rack13-server67@lvm-1)
2025-01-14 03:30:57.279 7 WARNING cinder.scheduler.host_manager [None req-0ce26c33-320d-4721-adac-542e63e41429 78b51fd60c6a4602a0b0bcff3458078f fa7e92c6b7154cefa888d9013e81e8b5 - - - -] volume service is down. (host: rack13-server67@lvm-1)
2025-01-14 03:30:58.603 7 WARNING cinder.scheduler.host_manager [None req-d1e916c6-1e0e-416c-8024-7aeb2f0f818c 9cca5326728440b99269149877e35d0e 540214cfc28745afbbaaf01d2feed865 - - - -] volume service is down. (host: rack13-server67@lvm-1)
2025-01-14 03:30:58.792 7 WARNING cinder.scheduler.host_manager [None req-2cf90536-037c-4429-a161-f965b3489383 7753e8c9aafd4ed6b917c334e0060251 de7341c19c614f46abf7acf01661ebe2 - - - -] volume service is down. (host: rack13-server67@lvm-1)
2025-01-14 03:30:59.070 7 WARNING cinder.scheduler.host_manager [None req-f549ee25-983f-43a7-917b-8245c4557715 7753e8c9aafd4ed6b917c334e0060251 de7341c19c614f46abf7acf01661ebe2 - - - -] volume service is down. (host: rack13-server67@lvm-1)
2025-01-14 03:30:59.333 7 WARNING cinder.scheduler.host_manager [None req-3a273b24-505e-4d39-8312-4824eab29458 7753e8c9aafd4ed6b917c334e0060251 de7341c19c614f46abf7acf01661ebe2 - - - -] volume service is down. (host: rack13-server67@lvm-1)
2025-01-14 03:30:59.623 7 WARNING cinder.scheduler.host_manager [None req-ff79867d-de15-4d82-bbfe-13c0a72c7e17 7753e8c9aafd4ed6b917c334e0060251 de7341c19c614f46abf7acf01661ebe2 - - - -] volume service is down. (host: rack13-server67@lvm-1)
2025-01-14 03:30:59.908 7 WARNING cinder.scheduler.host_manager [None req-e8da61db-2dcb-4977-831d-535659d08cbd 7753e8c9aafd4ed6b917c334e0060251 de7341c19c614f46abf7acf01661ebe2 - - - -] volume service is down. (host: rack13-server67@lvm-1)
2025-01-14 03:31:01.025 7 WARNING cinder.scheduler.host_manager [None req-35c9eabc-35f7-4d16-bbbe-a88326366dfd 9cca5326728440b99269149877e35d0e 540214cfc28745afbbaaf01d2feed865 - - - -] volume service is down. (host: rack13-server67@lvm-1)
2025-01-14 03:31:01.282 7 WARNING cinder.scheduler.host_manager [None req-ceceaffc-5e4f-41d6-92e7-b829c0d72886 9cca5326728440b99269149877e35d0e 540214cfc28745afbbaaf01d2feed865 - - - -] volume service is down. (host: rack13-server67@lvm-1)
2025-01-14 03:31:01.563 7 WARNING cinder.scheduler.host_manager [None req-b243bb58-60d0-4cec-8540-2c74839466d6 9cca5326728440b99269149877e35d0e 540214cfc28745afbbaaf01d2feed865 - - - -] volume service is down. (host: rack13-server67@lvm-1)
2025-01-14 03:31:02.097 7 WARNING cinder.scheduler.host_manager [None req-b5c76ff3-4b9b-4af3-8bd0-f56f70019578 9cca5326728440b99269149877e35d0e 540214cfc28745afbbaaf01d2feed865 - - - -] volume service is down. (host: rack13-server67@lvm-1)
2025-01-14 03:31:02.368 7 WARNING cinder.scheduler.host_manager [None req-c6b8d88e-baf3-46f5-8b09-24924c0c41aa 9cca5326728440b99269149877e35d0e 540214cfc28745afbbaaf01d2feed865 - - - -] volume service is down. (host: rack13-server67@lvm-1)
2025-01-14 03:31:08.229 7 WARNING cinder.scheduler.host_manager [None req-5e0b7e8c-c7a2-4926-a3ae-6a14b0d5e968 d8b55b51c01f4d97859d47c7378cd181 0be88fd1f12d41019dd7f42d14b6a489 - - - -] volume service is down. (host: rack13-server67@lvm-1)
2025-01-14 03:31:09.731 7 WARNING cinder.scheduler.host_manager [None req-3e1d77ca-985f-4f0e-bcf4-e30a0b10b3ea d8b55b51c01f4d97859d47c7378cd181 0be88fd1f12d41019dd7f42d14b6a489 - - - -] volume service is down. (host: rack13-server67@lvm-1)
2025-01-14 03:31:12.131 7 WARNING cinder.scheduler.host_manager [None req-0cde8e9e-e5f4-4c1f-9309-ac0fde03e7be d8b55b51c01f4d97859d47c7378cd181 0be88fd1f12d41019dd7f42d14b6a489 - - - -] volume service is down. (host: rack13-server67@lvm-1)
