Build Started 14_01_2025_19_26_12
2025-01-14 19:27:25.608 7 WARNING cinder.scheduler.host_manager [req-dbcb3fd8-32d9-4309-b191-ba5d57b10298 req-5b96b47e-e5a1-4181-a392-564ba1d87e1f aa3285ada21140b695f6e97cd1c9750a 8f9cd80d4379463a937ed1d5cca4bbc5 - - - -] volume service is down. (host: rack13-server67@lvm-1)
2025-01-14 19:27:25.666 7 WARNING cinder.scheduler.host_manager [None req-65706432-10e0-4c11-b38b-0b4ac1e5dd58 52764a7d9e3f48209f0ac0f350d60bdd 12a406582c59402dab98f736182607ba - - - -] volume service is down. (host: rack13-server67@lvm-1)
2025-01-14 19:27:28.062 7 WARNING cinder.scheduler.host_manager [req-328d0775-247d-4c7e-afef-ee54035aec27 req-08b228be-6dbf-442c-991e-fb6e60a073f3 aa3285ada21140b695f6e97cd1c9750a 8f9cd80d4379463a937ed1d5cca4bbc5 - - - -] volume service is down. (host: rack13-server67@lvm-1)
2025-01-14 19:27:28.229 7 WARNING cinder.scheduler.host_manager [None req-645048e6-2121-4aab-99a6-b92cff355498 52764a7d9e3f48209f0ac0f350d60bdd 12a406582c59402dab98f736182607ba - - - -] volume service is down. (host: rack13-server67@lvm-1)
2025-01-14 19:27:30.844 7 WARNING cinder.scheduler.host_manager [None req-9e9064ca-48a8-4153-82dc-36d4870311ab 52764a7d9e3f48209f0ac0f350d60bdd 12a406582c59402dab98f736182607ba - - - -] volume service is down. (host: rack13-server67@lvm-1)
2025-01-14 19:27:36.324 7 WARNING cinder.scheduler.host_manager [req-2f98d00b-97ce-4690-a321-248532cfcaf5 req-e5208be6-31fa-4821-b082-5baf56dff9cd fdaf6cbd49294c9d8ad922e53b5e88f4 3a2feb1282a847e98c007f069a0601b0 - - - -] volume service is down. (host: rack13-server67@lvm-1)
2025-01-14 19:27:41.756 7 WARNING cinder.scheduler.host_manager [None req-62dd444f-edc8-43e9-8cc6-ffaf6cf9efaa fe38d2520e8b48009da35623371a82af 82be9d6f05bd4d1b986c591d705af192 - - - -] volume service is down. (host: rack13-server67@lvm-1)
2025-01-14 19:27:41.764 7 WARNING cinder.scheduler.host_manager [None req-62dd444f-edc8-43e9-8cc6-ffaf6cf9efaa fe38d2520e8b48009da35623371a82af 82be9d6f05bd4d1b986c591d705af192 - - - -] volume service is down. (host: rack13-server67@lvm-1)
2025-01-14 19:27:43.247 7 WARNING cinder.scheduler.host_manager [None req-d7ee46d9-f2f4-492a-b65d-239b5c04c6fc fe38d2520e8b48009da35623371a82af 82be9d6f05bd4d1b986c591d705af192 - - - -] volume service is down. (host: rack13-server67@lvm-1)
2025-01-14 19:27:43.750 7 WARNING cinder.scheduler.host_manager [None req-99daf3fe-f8bf-49e6-a0b2-4ea284069f5a 3c24157bcb2546ca92ea225a98de2412 72db810df9b14768a769102806268752 - - - -] volume service is down. (host: rack13-server67@lvm-1)
2025-01-14 19:27:44.797 7 WARNING cinder.scheduler.host_manager [None req-c3d1debc-ee69-46f0-abb6-f54a916b5511 320a71138990412b9d3ee62224afbb95 e8c0afa0f3054bfd97c50618d3d1060b - - - -] volume service is down. (host: rack13-server67@lvm-1)
2025-01-14 19:27:45.329 7 WARNING cinder.scheduler.host_manager [None req-17b7e031-bbb6-4a4a-a51a-c141097f2e58 320a71138990412b9d3ee62224afbb95 e8c0afa0f3054bfd97c50618d3d1060b - - - -] volume service is down. (host: rack13-server67@lvm-1)
2025-01-14 19:27:46.113 7 WARNING cinder.scheduler.host_manager [None req-afe4fde4-9147-4b0c-9a40-c52d6635f7c8 3c24157bcb2546ca92ea225a98de2412 72db810df9b14768a769102806268752 - - - -] volume service is down. (host: rack13-server67@lvm-1)
2025-01-14 19:27:48.057 7 WARNING cinder.scheduler.host_manager [None req-0e8aba7e-bef4-43ed-a7fc-271bb6ca149e fe38d2520e8b48009da35623371a82af 82be9d6f05bd4d1b986c591d705af192 - - - -] volume service is down. (host: rack13-server67@lvm-1)
2025-01-14 19:27:48.860 7 WARNING cinder.scheduler.host_manager [None req-eca05fbb-d664-45d1-a548-a93b19f4e2a5 3c24157bcb2546ca92ea225a98de2412 72db810df9b14768a769102806268752 - - - -] volume service is down. (host: rack13-server67@lvm-1)
2025-01-14 19:27:52.529 7 WARNING cinder.scheduler.host_manager [None req-ad1189c4-bf03-4386-9cc4-646a9d1deff3 3c24157bcb2546ca92ea225a98de2412 72db810df9b14768a769102806268752 - - - -] volume service is down. (host: rack13-server67@lvm-1)
2025-01-14 19:27:52.665 7 WARNING cinder.scheduler.host_manager [None req-ce65c20e-fb1c-4c2a-b722-8c8723640820 585e64844c0b45fcbaa381e4faf992ff 91d2048d847e4076a966a400e2119368 - - - -] volume service is down. (host: rack13-server67@lvm-1)
2025-01-14 19:27:52.673 7 WARNING cinder.scheduler.host_manager [None req-ce65c20e-fb1c-4c2a-b722-8c8723640820 585e64844c0b45fcbaa381e4faf992ff 91d2048d847e4076a966a400e2119368 - - - -] volume service is down. (host: rack13-server67@lvm-1)
2025-01-14 19:27:54.154 7 WARNING cinder.scheduler.host_manager [None req-4bcc5055-5620-4fa2-9202-37bd41fc542c 585e64844c0b45fcbaa381e4faf992ff 91d2048d847e4076a966a400e2119368 - - - -] volume service is down. (host: rack13-server67@lvm-1)
2025-01-14 19:27:55.644 7 WARNING cinder.scheduler.host_manager [None req-e6c0d8fd-2a0a-43df-8b02-3ea2c545b939 fe38d2520e8b48009da35623371a82af 82be9d6f05bd4d1b986c591d705af192 - - - -] volume service is down. (host: rack13-server67@lvm-1)
2025-01-14 19:27:55.652 7 WARNING cinder.scheduler.host_manager [None req-e6c0d8fd-2a0a-43df-8b02-3ea2c545b939 fe38d2520e8b48009da35623371a82af 82be9d6f05bd4d1b986c591d705af192 - - - -] volume service is down. (host: rack13-server67@lvm-1)
2025-01-14 19:27:56.154 7 WARNING cinder.scheduler.host_manager [None req-67d40c32-49e1-4f46-be07-c52f4459ca4f 3c24157bcb2546ca92ea225a98de2412 72db810df9b14768a769102806268752 - - - -] volume service is down. (host: rack13-server67@lvm-1)
2025-01-14 19:27:57.495 7 WARNING cinder.scheduler.host_manager [None req-3f548d91-0d62-41f8-bf23-328464bafb74 fe38d2520e8b48009da35623371a82af 82be9d6f05bd4d1b986c591d705af192 - - - -] volume service is down. (host: rack13-server67@lvm-1)
2025-01-14 19:27:59.836 7 WARNING cinder.scheduler.host_manager [None req-c50d3e4d-1494-472d-8f04-3e9823c23c37 3c24157bcb2546ca92ea225a98de2412 72db810df9b14768a769102806268752 - - - -] volume service is down. (host: rack13-server67@lvm-1)
2025-01-14 19:28:00.167 7 WARNING cinder.scheduler.host_manager [None req-006f37d4-ce98-4918-a48d-781f5393671a fe38d2520e8b48009da35623371a82af 82be9d6f05bd4d1b986c591d705af192 - - - -] volume service is down. (host: rack13-server67@lvm-1)
2025-01-14 19:28:13.259 7 WARNING cinder.scheduler.host_manager [None req-a180cff6-4fda-4ff5-b91a-8ecca6c84ee9 5f8b10d8c68b41d4874846535b78608d 14d828cec8d144ec955d8e946e0aef75 - - - -] volume service is down. (host: rack13-server67@lvm-1)
2025-01-14 19:28:13.266 7 WARNING cinder.scheduler.host_manager [None req-a180cff6-4fda-4ff5-b91a-8ecca6c84ee9 5f8b10d8c68b41d4874846535b78608d 14d828cec8d144ec955d8e946e0aef75 - - - -] volume service is down. (host: rack13-server67@lvm-1)
2025-01-14 19:28:13.501 7 WARNING cinder.scheduler.host_manager [None req-6588a07f-6914-404d-848b-6d275d87786f fe38d2520e8b48009da35623371a82af 82be9d6f05bd4d1b986c591d705af192 - - - -] volume service is down. (host: rack13-server67@lvm-1)
2025-01-14 19:28:13.509 7 WARNING cinder.scheduler.host_manager [None req-6588a07f-6914-404d-848b-6d275d87786f fe38d2520e8b48009da35623371a82af 82be9d6f05bd4d1b986c591d705af192 - - - -] volume service is down. (host: rack13-server67@lvm-1)
2025-01-14 19:28:14.739 7 WARNING cinder.scheduler.host_manager [None req-057ed3d1-cef3-4adc-a499-a1865ec21ec0 5f8b10d8c68b41d4874846535b78608d 14d828cec8d144ec955d8e946e0aef75 - - - -] volume service is down. (host: rack13-server67@lvm-1)
2025-01-14 19:28:14.911 7 WARNING cinder.scheduler.host_manager [None req-d9efaa67-663a-45be-8e39-4c3533b22984 fe38d2520e8b48009da35623371a82af 82be9d6f05bd4d1b986c591d705af192 - - - -] volume service is down. (host: rack13-server67@lvm-1)
2025-01-14 19:28:17.158 7 WARNING cinder.scheduler.host_manager [None req-7d617ec7-9325-40f3-a315-8207ad89229d 5f8b10d8c68b41d4874846535b78608d 14d828cec8d144ec955d8e946e0aef75 - - - -] volume service is down. (host: rack13-server67@lvm-1)
2025-01-14 19:28:18.853 7 WARNING cinder.scheduler.host_manager [None req-71363d50-ebe2-476f-80e4-3b9c5aaf6bb1 4fae26b7695c47bb9cf236bb2af6f9b8 e7377b46be814c638615701f3a1df8ab - - - -] volume service is down. (host: rack13-server67@lvm-1)
2025-01-14 19:28:27.256 7 WARNING cinder.scheduler.host_manager [None req-d4b694d4-5d17-4d38-aefc-8b31f3e43049 414980b829f2460c86104d0e74860bcd ce3d37f1c092426a95cbdaaf638807c3 - - - -] volume service is down. (host: rack13-server67@lvm-1)
2025-01-14 19:28:27.263 7 WARNING cinder.scheduler.host_manager [None req-d4b694d4-5d17-4d38-aefc-8b31f3e43049 414980b829f2460c86104d0e74860bcd ce3d37f1c092426a95cbdaaf638807c3 - - - -] volume service is down. (host: rack13-server67@lvm-1)
2025-01-14 19:28:28.488 7 WARNING cinder.scheduler.host_manager [None req-0efb6049-a2f2-456a-ad3c-33dea9e168dc 414980b829f2460c86104d0e74860bcd ce3d37f1c092426a95cbdaaf638807c3 - - - -] volume service is down. (host: rack13-server67@lvm-1)
2025-01-14 19:28:28.498 7 WARNING cinder.scheduler.host_manager [None req-0efb6049-a2f2-456a-ad3c-33dea9e168dc 414980b829f2460c86104d0e74860bcd ce3d37f1c092426a95cbdaaf638807c3 - - - -] volume service is down. (host: rack13-server67@lvm-1)
2025-01-14 19:28:28.588 7 WARNING cinder.scheduler.host_manager [None req-9b7bc603-3942-44db-ba9f-9cb55cd5dbc8 abee0e9318eb4874a97e1f0d5418e862 9dbe9f252c514f16a422af13d231fa62 - - - -] volume service is down. (host: rack13-server67@lvm-1)
2025-01-14 19:28:30.306 7 WARNING cinder.scheduler.host_manager [None req-d9565076-6674-4342-8345-597c24c658b3 414980b829f2460c86104d0e74860bcd ce3d37f1c092426a95cbdaaf638807c3 - - - -] volume service is down. (host: rack13-server67@lvm-1)
2025-01-14 19:28:30.558 7 WARNING cinder.scheduler.host_manager [None req-a0741f38-06fb-40ea-99aa-eaf32125020c 5514a256375046e5813b81826a3d2bdf f89c234f124e416c9d93a40622679958 - - - -] volume service is down. (host: rack13-server67@lvm-1)
2025-01-14 19:28:30.559 7 INFO cinder.scheduler.base_filter [None req-a0741f38-06fb-40ea-99aa-eaf32125020c 5514a256375046e5813b81826a3d2bdf f89c234f124e416c9d93a40622679958 - - - -] Filtering removed all hosts for the request with volume ID '2dd70c21-28c7-43dd-a985-847c2825a899'. Filter results: AvailabilityZoneFilter: (start: 1, end: 1), CapacityFilter: (start: 1, end: 1), CapabilitiesFilter: (start: 1, end: 0)
2025-01-14 19:28:30.560 7 WARNING cinder.scheduler.filter_scheduler [None req-a0741f38-06fb-40ea-99aa-eaf32125020c 5514a256375046e5813b81826a3d2bdf f89c234f124e416c9d93a40622679958 - - - -] No weighed backend found for volume with properties: {'id': '70d22054-cf33-4b5e-b0cd-fd378f5574be', 'name': 'tempest-UserMessagesTest-volume-type-2111479495', 'description': None, 'is_public': True, 'projects': [], 'extra_specs': {'storage_protocol': 'tempest-storage_protocol-1108380618', 'vendor_name': 'tempest-vendor_name-2018830393'}, 'qos_specs_id': None, 'created_at': '2025-01-14T19:28:29.000000', 'updated_at': None, 'deleted_at': None, 'deleted': False}
2025-01-14 19:28:30.560 7 INFO cinder.message.api [None req-a0741f38-06fb-40ea-99aa-eaf32125020c 5514a256375046e5813b81826a3d2bdf f89c234f124e416c9d93a40622679958 - - - -] Creating message record for request_id = req-a0741f38-06fb-40ea-99aa-eaf32125020c
2025-01-14 19:28:30.566 7 ERROR cinder.scheduler.flows.create_volume [None req-a0741f38-06fb-40ea-99aa-eaf32125020c 5514a256375046e5813b81826a3d2bdf f89c234f124e416c9d93a40622679958 - - - -] Failed to run task cinder.scheduler.flows.create_volume.ScheduleCreateVolumeTask;volume:create: No valid backend was found. No weighed backends available: cinder.exception.NoValidBackend: No valid backend was found. No weighed backends available
2025-01-14 19:28:30.960 7 WARNING cinder.scheduler.host_manager [None req-987c0097-44f5-4031-8783-0378ceabf462 abee0e9318eb4874a97e1f0d5418e862 9dbe9f252c514f16a422af13d231fa62 - - - -] volume service is down. (host: rack13-server67@lvm-1)
2025-01-14 19:28:32.830 7 WARNING cinder.scheduler.host_manager [None req-3c7faf98-3f8a-4b5e-b4a4-27befc107b22 5514a256375046e5813b81826a3d2bdf f89c234f124e416c9d93a40622679958 - - - -] volume service is down. (host: rack13-server67@lvm-1)
2025-01-14 19:28:32.831 7 INFO cinder.scheduler.base_filter [None req-3c7faf98-3f8a-4b5e-b4a4-27befc107b22 5514a256375046e5813b81826a3d2bdf f89c234f124e416c9d93a40622679958 - - - -] Filtering removed all hosts for the request with volume ID '1970a45a-f609-4d77-8052-22a33eea6dda'. Filter results: AvailabilityZoneFilter: (start: 1, end: 1), CapacityFilter: (start: 1, end: 1), CapabilitiesFilter: (start: 1, end: 0)
2025-01-14 19:28:32.832 7 WARNING cinder.scheduler.filter_scheduler [None req-3c7faf98-3f8a-4b5e-b4a4-27befc107b22 5514a256375046e5813b81826a3d2bdf f89c234f124e416c9d93a40622679958 - - - -] No weighed backend found for volume with properties: {'id': '1b8dc506-529c-4b81-83f5-f2fb83a2b0eb', 'name': 'tempest-UserMessagesTest-volume-type-1618253182', 'description': None, 'is_public': True, 'projects': [], 'extra_specs': {'storage_protocol': 'tempest-storage_protocol-2078744', 'vendor_name': 'tempest-vendor_name-925175363'}, 'qos_specs_id': None, 'created_at': '2025-01-14T19:28:32.000000', 'updated_at': None, 'deleted_at': None, 'deleted': False}
2025-01-14 19:28:32.832 7 INFO cinder.message.api [None req-3c7faf98-3f8a-4b5e-b4a4-27befc107b22 5514a256375046e5813b81826a3d2bdf f89c234f124e416c9d93a40622679958 - - - -] Creating message record for request_id = req-3c7faf98-3f8a-4b5e-b4a4-27befc107b22
2025-01-14 19:28:32.838 7 ERROR cinder.scheduler.flows.create_volume [None req-3c7faf98-3f8a-4b5e-b4a4-27befc107b22 5514a256375046e5813b81826a3d2bdf f89c234f124e416c9d93a40622679958 - - - -] Failed to run task cinder.scheduler.flows.create_volume.ScheduleCreateVolumeTask;volume:create: No valid backend was found. No weighed backends available: cinder.exception.NoValidBackend: No valid backend was found. No weighed backends available
2025-01-14 19:28:35.723 7 WARNING cinder.scheduler.host_manager [None req-29f6b54b-7a5c-4824-8673-978c59f732e6 414980b829f2460c86104d0e74860bcd ce3d37f1c092426a95cbdaaf638807c3 - - - -] volume service is down. (host: rack13-server67@lvm-1)
2025-01-14 19:28:35.731 7 WARNING cinder.scheduler.host_manager [None req-29f6b54b-7a5c-4824-8673-978c59f732e6 414980b829f2460c86104d0e74860bcd ce3d37f1c092426a95cbdaaf638807c3 - - - -] volume service is down. (host: rack13-server67@lvm-1)
2025-01-14 19:28:37.209 7 WARNING cinder.scheduler.host_manager [None req-6e68b089-a28e-4d4c-80d4-510d10301607 414980b829f2460c86104d0e74860bcd ce3d37f1c092426a95cbdaaf638807c3 - - - -] volume service is down. (host: rack13-server67@lvm-1)
2025-01-14 19:28:39.860 7 WARNING cinder.scheduler.host_manager [None req-ef53ab62-e0e1-4bbc-97b9-7f3950b73e56 414980b829f2460c86104d0e74860bcd ce3d37f1c092426a95cbdaaf638807c3 - - - -] volume service is down. (host: rack13-server67@lvm-1)
2025-01-14 19:28:40.909 7 WARNING cinder.scheduler.host_manager [None req-090b3e84-306c-4956-9dd0-6d095f160c74 9159703506464bab939f5f4e5bcbe59c 629b29b418ce4c1982aa27bc57825b5f - - - -] volume service is down. (host: rack13-server67@lvm-1)
2025-01-14 19:28:44.199 7 WARNING cinder.scheduler.host_manager [None req-933dc2a9-5397-43f4-8936-77be947c6327 46b21f8390de49b9a04ecf422a73814c 9cb0e9a03c944086b9cd857d30d52dfc - - - -] volume service is down. (host: rack13-server67@lvm-1)
2025-01-14 19:28:51.774 7 WARNING cinder.scheduler.host_manager [None req-06719f06-3082-4bd6-8025-727088bfe257 492bd9f11fcd4296b86592dfa70d1cf5 fb1c5867006d416694d34397f92c7926 - - - -] volume service is down. (host: rack13-server67@lvm-1)
2025-01-14 19:28:51.782 7 WARNING cinder.scheduler.host_manager [None req-06719f06-3082-4bd6-8025-727088bfe257 492bd9f11fcd4296b86592dfa70d1cf5 fb1c5867006d416694d34397f92c7926 - - - -] volume service is down. (host: rack13-server67@lvm-1)
2025-01-14 19:28:58.970 7 WARNING cinder.scheduler.host_manager [None req-54da7cc2-fbb2-47ac-a9ab-6332ff3f2954 9c35af88fca34b1ca00354d7ac781693 86a10cdea6aa4eec92150a829ba08734 - - - -] volume service is down. (host: rack13-server67@lvm-1)
2025-01-14 19:29:01.350 7 WARNING cinder.scheduler.host_manager [None req-abbd2fd5-47c9-4a8e-9998-6be01a8097fc 9c35af88fca34b1ca00354d7ac781693 86a10cdea6aa4eec92150a829ba08734 - - - -] volume service is down. (host: rack13-server67@lvm-1)
2025-01-14 19:29:05.812 7 WARNING cinder.scheduler.host_manager [None req-e132d814-257a-417c-90f1-cc699ae4525d ec0dc9c4e8994c79bd81cb3c60d0dfe6 e8194e753d554014b9e20495ca3a0e8d - - - -] volume service is down. (host: rack13-server67@lvm-1)
2025-01-14 19:29:13.153 7 WARNING cinder.scheduler.host_manager [None req-c69043b6-23c2-42dd-a686-723d2cc32f46 7dd14a5f73414e2aa5fc9e17ab996cfa e0296a9d0feb45b9b8f86d39b61555c8 - - - -] volume service is down. (host: rack13-server67@lvm-1)
2025-01-14 19:29:15.522 7 WARNING cinder.scheduler.host_manager [None req-f02238d0-a007-4104-804f-99158f39120b f65a7de319034786baf02aceb6d1859c e93aea8c859f4527ab4ab5df1f2d8c5f - - - -] volume service is down. (host: rack13-server67@lvm-1)
2025-01-14 19:29:18.843 7 WARNING cinder.scheduler.host_manager [None req-e12a1ce3-1493-4d22-bad3-0eedb4b0c904 7dd14a5f73414e2aa5fc9e17ab996cfa e0296a9d0feb45b9b8f86d39b61555c8 - - - -] volume service is down. (host: rack13-server67@lvm-1)
2025-01-14 19:29:19.451 7 WARNING cinder.scheduler.host_manager [None req-e7b106da-5bfc-4159-9156-d15764c3bf7d f65a7de319034786baf02aceb6d1859c e93aea8c859f4527ab4ab5df1f2d8c5f - - - -] volume service is down. (host: rack13-server67@lvm-1)
2025-01-14 19:29:27.092 7 WARNING cinder.scheduler.host_manager [None req-c56ece54-e81d-42e6-897b-bcfe7ff24ee0 3f1d8c87deea4b42bddb926ae3590e58 379261014a2c4b849daa0b237db2d4ff - - - -] volume service is down. (host: rack13-server67@lvm-1)
2025-01-14 19:29:29.985 7 WARNING cinder.scheduler.host_manager [None req-05dd8c58-dd73-466c-88ff-26558ae3a5d6 e73b2513dbee4919b9d87ee7bf071703 f53439c6c28e407292160b80cc440f0e - - - -] volume service is down. (host: rack13-server67@lvm-1)
2025-01-14 19:29:32.754 7 WARNING cinder.scheduler.host_manager [None req-5ea9dd6d-80e9-4714-b6c4-7700d1eeb3f0 41d138ad70394748a8597dea4a57a838 b0d289d4cf674e99bd0f7638208632d4 - - - -] volume service is down. (host: rack13-server67@lvm-1)
2025-01-14 19:29:35.242 7 WARNING cinder.scheduler.host_manager [None req-1c0170e8-b389-437d-9e2c-a2af0fd69bf9 cdce5912a6c24ce7817a2ae4eb6dda6e 77b49f47ac064ba58989e39859ade9c6 - - - -] volume service is down. (host: rack13-server67@lvm-1)
2025-01-14 19:29:35.268 7 WARNING cinder.scheduler.host_manager [None req-9cb6c22a-8368-4b92-9027-64d5ab938aad 41d138ad70394748a8597dea4a57a838 b0d289d4cf674e99bd0f7638208632d4 - - - -] volume service is down. (host: rack13-server67@lvm-1)
2025-01-14 19:29:35.497 7 WARNING cinder.scheduler.host_manager [None req-30c37b9e-2211-469d-9084-b1b9d8a22bf0 e73b2513dbee4919b9d87ee7bf071703 f53439c6c28e407292160b80cc440f0e - - - -] volume service is down. (host: rack13-server67@lvm-1)
2025-01-14 19:29:37.624 7 WARNING cinder.scheduler.host_manager [None req-ff305a34-764a-42b2-b9a3-120048ef684d cdce5912a6c24ce7817a2ae4eb6dda6e 77b49f47ac064ba58989e39859ade9c6 - - - -] volume service is down. (host: rack13-server67@lvm-1)
2025-01-14 19:29:39.929 7 WARNING cinder.scheduler.host_manager [None req-222bab4b-88d5-4e4d-8943-0e31ecf45f58 cdce5912a6c24ce7817a2ae4eb6dda6e 77b49f47ac064ba58989e39859ade9c6 - - - -] volume service is down. (host: rack13-server67@lvm-1)
2025-01-14 19:29:43.368 7 WARNING cinder.scheduler.host_manager [None req-d2706e01-2052-4f41-a4e1-9527adf22ede 790aaa06a70e41f28cd3e27a32b2ddf8 c644f19eea44405aa8b756d09831ddb0 - - - -] volume service is down. (host: rack13-server67@lvm-1)
2025-01-14 19:29:43.754 7 WARNING cinder.scheduler.host_manager [None req-db0bae34-b96c-446c-ba4f-39f6b8919378 cdce5912a6c24ce7817a2ae4eb6dda6e 77b49f47ac064ba58989e39859ade9c6 - - - -] volume service is down. (host: rack13-server67@lvm-1)
2025-01-14 19:29:46.113 7 WARNING cinder.scheduler.host_manager [None req-33ff049f-c807-41eb-8347-62318bba9344 cdce5912a6c24ce7817a2ae4eb6dda6e 77b49f47ac064ba58989e39859ade9c6 - - - -] volume service is down. (host: rack13-server67@lvm-1)
2025-01-14 19:29:48.615 7 WARNING cinder.scheduler.host_manager [None req-001a1faf-cfa2-47e3-8b23-7e97941c28d3 cdce5912a6c24ce7817a2ae4eb6dda6e 77b49f47ac064ba58989e39859ade9c6 - - - -] volume service is down. (host: rack13-server67@lvm-1)
2025-01-14 19:29:49.659 7 WARNING cinder.scheduler.host_manager [None req-3f6f7974-c583-4af6-9527-5e3010f57dc9 3aec9a091b474613884a879362d999e8 a1bf6cd510614f79858f37dc8bdcef4f - - - -] volume service is down. (host: rack13-server67@lvm-1)
2025-01-14 19:29:49.864 7 WARNING cinder.scheduler.host_manager [None req-aaebae81-e33f-41e9-8a4f-d724619866c3 f96a157dd0a24aebbb3303ee9b6bb90a 18d2bcbf31364e91a897925f8013213b - - - -] volume service is down. (host: rack13-server67@lvm-1)
2025-01-14 19:29:52.444 7 WARNING cinder.scheduler.host_manager [None req-b32fb136-9acc-4581-8098-29e0c38f8b7a f96a157dd0a24aebbb3303ee9b6bb90a 18d2bcbf31364e91a897925f8013213b - - - -] volume service is down. (host: rack13-server67@lvm-1)
2025-01-14 19:29:55.062 7 WARNING cinder.scheduler.host_manager [None req-e0ace4d7-d361-4b8f-8c04-64ad31cb5972 f96a157dd0a24aebbb3303ee9b6bb90a 18d2bcbf31364e91a897925f8013213b - - - -] volume service is down. (host: rack13-server67@lvm-1)
2025-01-14 19:29:57.173 7 WARNING cinder.scheduler.host_manager [None req-87ced3fe-efa1-45e3-b2e7-372e04fc899f be34846901d442ed887bf491e124d512 91f5f9c5dadb46e59e683e9a5bbef626 - - - -] volume service is down. (host: rack13-server67@lvm-1)
2025-01-14 19:29:57.840 7 WARNING cinder.scheduler.host_manager [None req-7036794e-0d25-4208-a323-8d53be841cd7 c699ea778b8f413aa1a9b0008703e7c9 1d4479f3ba5743cdb6f736db5656bb9c - - - -] volume service is down. (host: rack13-server67@lvm-1)
2025-01-14 19:29:58.430 7 WARNING cinder.scheduler.host_manager [None req-b85f033a-dbae-4d88-ae4f-d82a8e0abced 3aec9a091b474613884a879362d999e8 a1bf6cd510614f79858f37dc8bdcef4f - - - -] volume service is down. (host: rack13-server67@lvm-1)
2025-01-14 19:30:01.199 7 WARNING cinder.scheduler.host_manager [None req-1fdaf1b2-d031-4cbb-8962-4fcffa070a00 3aec9a091b474613884a879362d999e8 a1bf6cd510614f79858f37dc8bdcef4f - - - -] volume service is down. (host: rack13-server67@lvm-1)
2025-01-14 19:30:03.586 7 WARNING cinder.scheduler.host_manager [None req-cf335fcd-604e-49c5-aae8-474046d1826d 3aec9a091b474613884a879362d999e8 a1bf6cd510614f79858f37dc8bdcef4f - - - -] volume service is down. (host: rack13-server67@lvm-1)
2025-01-14 19:30:05.942 7 WARNING cinder.scheduler.host_manager [None req-6ad82826-7c14-4e87-a695-0750725f6386 3aec9a091b474613884a879362d999e8 a1bf6cd510614f79858f37dc8bdcef4f - - - -] volume service is down. (host: rack13-server67@lvm-1)
2025-01-14 19:30:06.089 7 WARNING cinder.scheduler.host_manager [None req-4e75f34b-4e7f-4b9b-b9b8-2674f3a3a847 be34846901d442ed887bf491e124d512 91f5f9c5dadb46e59e683e9a5bbef626 - - - -] volume service is down. (host: rack13-server67@lvm-1)
2025-01-14 19:30:11.460 7 WARNING cinder.scheduler.host_manager [None req-592d2d35-5e88-4ef2-a653-8e4d7f2d5fb6 c7aaf13016ae45aca654264254adbc5a fc1f2e4579c54c5d97bfd86a75c2cfd0 - - - -] volume service is down. (host: rack13-server67@lvm-1)
2025-01-14 19:30:13.049 7 WARNING cinder.scheduler.host_manager [None req-66c9bfd1-7056-4273-9a92-f4a3517e5140 a08afac5da42423f8fbaa0b1107a8f73 355565b4ba2f4bea8f17e29a6b9d4860 - - - -] volume service is down. (host: rack13-server67@lvm-1)
2025-01-14 19:30:13.260 7 WARNING cinder.scheduler.host_manager [None req-21c9d743-411d-42d5-9d96-43dc3c8557f2 be34846901d442ed887bf491e124d512 91f5f9c5dadb46e59e683e9a5bbef626 - - - -] volume service is down. (host: rack13-server67@lvm-1)
2025-01-14 19:30:15.753 7 WARNING cinder.scheduler.host_manager [None req-c0a6ded2-5976-4682-821f-c54c39c00508 be34846901d442ed887bf491e124d512 91f5f9c5dadb46e59e683e9a5bbef626 - - - -] volume service is down. (host: rack13-server67@lvm-1)
2025-01-14 19:30:15.826 7 WARNING cinder.scheduler.host_manager [None req-96be5814-6389-4a58-90c2-d8227116c69b a08afac5da42423f8fbaa0b1107a8f73 355565b4ba2f4bea8f17e29a6b9d4860 - - - -] volume service is down. (host: rack13-server67@lvm-1)
2025-01-14 19:30:20.683 7 WARNING cinder.scheduler.host_manager [None req-7a9c9b8b-979b-47a5-b3ea-e6777b84cea1 a08afac5da42423f8fbaa0b1107a8f73 355565b4ba2f4bea8f17e29a6b9d4860 - - - -] volume service is down. (host: rack13-server67@lvm-1)
2025-01-14 19:30:22.630 7 WARNING cinder.scheduler.host_manager [None req-beed2da6-65f3-4fcf-9a0e-766e5b21276c 45a326275e7e40be9f29050e98232805 255d1da24bd34b76a4b7f63b4b321b52 - - - -] volume service is down. (host: rack13-server67@lvm-1)
2025-01-14 19:30:23.232 7 WARNING cinder.scheduler.host_manager [None req-9611560a-3a3f-4fe2-9a0f-e743be3908c9 a08afac5da42423f8fbaa0b1107a8f73 355565b4ba2f4bea8f17e29a6b9d4860 - - - -] volume service is down. (host: rack13-server67@lvm-1)
2025-01-14 19:30:25.540 7 WARNING cinder.scheduler.host_manager [None req-847436d3-3c51-4303-8783-55a3744e2354 4c7b824484684a43a088ef7c3a23569d 1565d57c05de459fb2f697830044433a - - - -] volume service is down. (host: rack13-server67@lvm-1)
2025-01-14 19:30:27.071 7 WARNING cinder.scheduler.host_manager [None req-5dbdaef5-97ca-4ef3-9b2d-957d8ad7a3e9 a08afac5da42423f8fbaa0b1107a8f73 355565b4ba2f4bea8f17e29a6b9d4860 - - - -] volume service is down. (host: rack13-server67@lvm-1)
2025-01-14 19:30:28.192 7 WARNING cinder.scheduler.host_manager [None req-6dcf4dd1-329d-44a0-9bf2-df4a67b6fa57 45a326275e7e40be9f29050e98232805 255d1da24bd34b76a4b7f63b4b321b52 - - - -] volume service is down. (host: rack13-server67@lvm-1)
2025-01-14 19:30:33.241 7 WARNING cinder.scheduler.host_manager [None req-c85d6c1b-cac7-41f5-8fee-c7bd9aea7b9a a08afac5da42423f8fbaa0b1107a8f73 355565b4ba2f4bea8f17e29a6b9d4860 - - - -] volume service is down. (host: rack13-server67@lvm-1)
2025-01-14 19:30:39.363 7 WARNING cinder.scheduler.host_manager [None req-70e032f9-7f91-4b9c-871f-1dde67d156d5 939a056d0ae94209b41d1f651a1128ca 1538a1f240214b3c935aab720365ddc7 - - - -] volume service is down. (host: rack13-server67@lvm-1)
2025-01-14 19:30:42.020 7 WARNING cinder.scheduler.host_manager [None req-8c560bb5-a00e-4df6-9d8c-00cdd450a408 939a056d0ae94209b41d1f651a1128ca 1538a1f240214b3c935aab720365ddc7 - - - -] volume service is down. (host: rack13-server67@lvm-1)
2025-01-14 19:30:42.825 7 WARNING cinder.scheduler.host_manager [None req-c3e5e619-3e59-47de-a77b-59cb0301a052 a08afac5da42423f8fbaa0b1107a8f73 355565b4ba2f4bea8f17e29a6b9d4860 - - - -] volume service is down. (host: rack13-server67@lvm-1)
2025-01-14 19:30:44.625 7 WARNING cinder.scheduler.host_manager [None req-45181dcd-fd85-4e28-bc76-a1a730a2a29a 939a056d0ae94209b41d1f651a1128ca 1538a1f240214b3c935aab720365ddc7 - - - -] volume service is down. (host: rack13-server67@lvm-1)
2025-01-14 19:30:51.037 7 WARNING cinder.scheduler.host_manager [None req-107062c2-00ef-494f-9112-0e58b816535e e4fb17bb296d4fee8a6ccdfab0e87f1b 70cf56cd4faf4d06aa684c4d3e2eca27 - - - -] volume service is down. (host: rack13-server67@lvm-1)
2025-01-14 19:30:53.417 7 WARNING cinder.scheduler.host_manager [None req-300e051d-b324-4fd8-89bb-613dac475278 e4fb17bb296d4fee8a6ccdfab0e87f1b 70cf56cd4faf4d06aa684c4d3e2eca27 - - - -] volume service is down. (host: rack13-server67@lvm-1)
2025-01-14 19:30:55.751 7 WARNING cinder.scheduler.host_manager [None req-9b617451-49e1-48ea-86de-6bc17b89b909 e4fb17bb296d4fee8a6ccdfab0e87f1b 70cf56cd4faf4d06aa684c4d3e2eca27 - - - -] volume service is down. (host: rack13-server67@lvm-1)
2025-01-14 19:30:55.767 7 WARNING cinder.scheduler.host_manager [None req-e872276c-db3d-4191-ad1b-aba7e1e1561c cb6b1766225b4d56933377f9b97aafd6 0a0a550697f04b7b82cd4b54ed37ada0 - - - -] volume service is down. (host: rack13-server67@lvm-1)
2025-01-14 19:30:58.052 7 WARNING cinder.scheduler.host_manager [None req-7a12acea-881c-4e39-8c03-8b2bb3d5ad1e e4fb17bb296d4fee8a6ccdfab0e87f1b 70cf56cd4faf4d06aa684c4d3e2eca27 - - - -] volume service is down. (host: rack13-server67@lvm-1)
2025-01-14 19:30:58.180 7 WARNING cinder.scheduler.host_manager [None req-80e09481-8880-47a1-89fd-0462f2bcdef6 cb6b1766225b4d56933377f9b97aafd6 0a0a550697f04b7b82cd4b54ed37ada0 - - - -] volume service is down. (host: rack13-server67@lvm-1)
2025-01-14 19:31:13.587 7 WARNING cinder.scheduler.host_manager [None req-ef61069c-a5b9-4078-92ea-a3abd84d4131 1cf4757e4bc64f479ddbc58109f45361 e0297b76a7544e019017421ae0a9fb4b - - - -] volume service is down. (host: rack13-server67@lvm-1)
2025-01-14 19:31:13.617 7 WARNING cinder.scheduler.host_manager [None req-756674d7-d210-4c1b-8017-fc3b70cd75c6 d05258372cb544bb98b7c5e42e21013c a9f3c5b2ed8e4e25b77a75993985c550 - - - -] volume service is down. (host: rack13-server67@lvm-1)
2025-01-14 19:31:13.628 7 WARNING cinder.scheduler.host_manager [None req-8f5eead2-178f-4dff-87ae-f18898ab803b 11c5615f9e4848bc88ab515f44db5211 5dfdaec465434889b225b24dad7f9122 - - - -] volume service is down. (host: rack13-server67@lvm-1)
2025-01-14 19:31:13.846 7 WARNING cinder.scheduler.host_manager [None req-59e81f84-922f-4f66-99ce-8e76f867706e d05258372cb544bb98b7c5e42e21013c a9f3c5b2ed8e4e25b77a75993985c550 - - - -] volume service is down. (host: rack13-server67@lvm-1)
2025-01-14 19:31:14.187 7 WARNING cinder.scheduler.host_manager [None req-f6355be7-a4d2-44c9-8cfc-5cb5d4fa6e0b d05258372cb544bb98b7c5e42e21013c a9f3c5b2ed8e4e25b77a75993985c550 - - - -] volume service is down. (host: rack13-server67@lvm-1)
2025-01-14 19:31:14.883 7 WARNING cinder.scheduler.host_manager [None req-0483851d-f500-43a4-ab3e-3cd44c92c52b d05258372cb544bb98b7c5e42e21013c a9f3c5b2ed8e4e25b77a75993985c550 - - - -] volume service is down. (host: rack13-server67@lvm-1)
2025-01-14 19:31:15.255 7 WARNING cinder.scheduler.host_manager [None req-3459d5bc-7489-4a36-8848-c25aa40d8d20 d05258372cb544bb98b7c5e42e21013c a9f3c5b2ed8e4e25b77a75993985c550 - - - -] volume service is down. (host: rack13-server67@lvm-1)
2025-01-14 19:31:15.947 7 WARNING cinder.scheduler.host_manager [None req-9bad4283-e52e-4af5-a4c0-ec10e46c148f 1cf4757e4bc64f479ddbc58109f45361 e0297b76a7544e019017421ae0a9fb4b - - - -] volume service is down. (host: rack13-server67@lvm-1)
2025-01-14 19:31:16.094 7 WARNING cinder.scheduler.host_manager [None req-bf913e2b-c91f-4099-9eb4-f9ee94368d3c 11c5615f9e4848bc88ab515f44db5211 5dfdaec465434889b225b24dad7f9122 - - - -] volume service is down. (host: rack13-server67@lvm-1)
2025-01-14 19:31:16.450 7 WARNING cinder.scheduler.host_manager [None req-f19a2e09-0bb0-434c-920f-4fc22e27f7c9 11c5615f9e4848bc88ab515f44db5211 5dfdaec465434889b225b24dad7f9122 - - - -] volume service is down. (host: rack13-server67@lvm-1)
2025-01-14 19:31:16.791 7 WARNING cinder.scheduler.host_manager [None req-58abdaf9-3fed-4fde-addf-a7e4f780dfc2 11c5615f9e4848bc88ab515f44db5211 5dfdaec465434889b225b24dad7f9122 - - - -] volume service is down. (host: rack13-server67@lvm-1)
2025-01-14 19:31:17.117 7 WARNING cinder.scheduler.host_manager [None req-d65411d2-bc44-4ec7-87dd-84d690184cf6 11c5615f9e4848bc88ab515f44db5211 5dfdaec465434889b225b24dad7f9122 - - - -] volume service is down. (host: rack13-server67@lvm-1)
2025-01-14 19:31:17.447 7 WARNING cinder.scheduler.host_manager [None req-2b1606b0-8a73-4743-9d9c-b3f9297178a4 11c5615f9e4848bc88ab515f44db5211 5dfdaec465434889b225b24dad7f9122 - - - -] volume service is down. (host: rack13-server67@lvm-1)
2025-01-14 19:31:18.430 7 WARNING cinder.scheduler.host_manager [None req-3d4e3026-944d-49fa-b5fc-1a7fbfffa15f 1cf4757e4bc64f479ddbc58109f45361 e0297b76a7544e019017421ae0a9fb4b - - - -] volume service is down. (host: rack13-server67@lvm-1)
2025-01-14 19:31:19.109 7 WARNING cinder.scheduler.host_manager [None req-d594384c-b2c2-4092-8507-695cf6050b51 1cf4757e4bc64f479ddbc58109f45361 e0297b76a7544e019017421ae0a9fb4b - - - -] volume service is down. (host: rack13-server67@lvm-1)
2025-01-14 19:31:19.770 7 WARNING cinder.scheduler.host_manager [None req-3cbd932a-e2c2-4a0b-9af9-47a6b0103bc7 1cf4757e4bc64f479ddbc58109f45361 e0297b76a7544e019017421ae0a9fb4b - - - -] volume service is down. (host: rack13-server67@lvm-1)
2025-01-14 19:31:20.453 7 WARNING cinder.scheduler.host_manager [None req-538b9842-fe90-4cb3-9355-dc7205817321 1cf4757e4bc64f479ddbc58109f45361 e0297b76a7544e019017421ae0a9fb4b - - - -] volume service is down. (host: rack13-server67@lvm-1)
2025-01-14 19:31:20.782 7 WARNING cinder.scheduler.host_manager [None req-3d22bf46-fd14-428f-9114-ae62afda3ede 1cf4757e4bc64f479ddbc58109f45361 e0297b76a7544e019017421ae0a9fb4b - - - -] volume service is down. (host: rack13-server67@lvm-1)
2025-01-14 19:31:26.219 7 WARNING cinder.scheduler.host_manager [None req-7c17b4c3-530d-4cd8-be05-0ebaba599a60 6c6f012b55e840a7972eddb8d3f1f040 500d17b1c3664a73bc24a17105906376 - - - -] volume service is down. (host: rack13-server67@lvm-1)
2025-01-14 19:31:28.828 7 WARNING cinder.scheduler.host_manager [None req-ed7cdad1-14ec-42a6-b6de-a06f8a30e7a5 6c6f012b55e840a7972eddb8d3f1f040 500d17b1c3664a73bc24a17105906376 - - - -] volume service is down. (host: rack13-server67@lvm-1)
2025-01-14 19:31:31.255 7 WARNING cinder.scheduler.host_manager [None req-0f2690ea-9abc-4ec6-bca1-7b3907c450fb 6c6f012b55e840a7972eddb8d3f1f040 500d17b1c3664a73bc24a17105906376 - - - -] volume service is down. (host: rack13-server67@lvm-1)
