Build Started 19_07_2024_16_09_34
2024-07-19 16:11:07.667 7 WARNING cinder.scheduler.host_manager [req-2631fa60-58c3-4614-9bdf-7bcc819ec135 req-7cfb4f19-7251-4d75-8a86-f65f084cd81c 78e7690190c64d67a2464620d92a04a9 42e51c0eebea4f7097db9b855dd8936b - - - -] volume service is down. (host: rack11-server75@LIGHTOSxgzdqh)
2024-07-19 16:11:09.201 7 WARNING cinder.scheduler.host_manager [None req-48fcb1c9-f018-418f-a2e8-6840d26062be d99a8408ae6c4edeb73d3eac2610c8e1 0c2f0735632d43b0a8ace576ca6b389c - - - -] volume service is down. (host: rack11-server75@LIGHTOSxgzdqh)
2024-07-19 16:11:09.376 7 WARNING cinder.scheduler.host_manager [req-0354e21d-b641-4b2a-b6e7-fd85a54e103e req-d1c6a892-ab65-4e6d-9932-8cb1d5891614 78e7690190c64d67a2464620d92a04a9 42e51c0eebea4f7097db9b855dd8936b - - - -] volume service is down. (host: rack11-server75@LIGHTOSxgzdqh)
2024-07-19 16:11:09.407 7 WARNING cinder.scheduler.host_manager [None req-fd348b7d-2c9d-4c0d-9b5c-24a7337c4c31 40aca16c5c734b24bba9eb83eb56d0e3 7160c7a79a524e009bdabb3b6e718345 - - - -] volume service is down. (host: rack11-server75@LIGHTOSxgzdqh)
2024-07-19 16:11:09.416 7 WARNING cinder.scheduler.host_manager [None req-fd348b7d-2c9d-4c0d-9b5c-24a7337c4c31 40aca16c5c734b24bba9eb83eb56d0e3 7160c7a79a524e009bdabb3b6e718345 - - - -] volume service is down. (host: rack11-server75@LIGHTOSxgzdqh)
2024-07-19 16:11:09.727 7 WARNING cinder.scheduler.host_manager [None req-30d2f422-5568-4e9d-bdba-e1a0cf0fe617 d99a8408ae6c4edeb73d3eac2610c8e1 0c2f0735632d43b0a8ace576ca6b389c - - - -] volume service is down. (host: rack11-server75@LIGHTOSxgzdqh)
2024-07-19 16:11:10.860 7 WARNING cinder.scheduler.host_manager [None req-2497e6f9-1b5b-4e94-9bf1-639e9079970b 40aca16c5c734b24bba9eb83eb56d0e3 7160c7a79a524e009bdabb3b6e718345 - - - -] volume service is down. (host: rack11-server75@LIGHTOSxgzdqh)
2024-07-19 16:11:17.228 7 WARNING cinder.scheduler.host_manager [None req-1ace5657-44ff-40b1-abd6-39611cf1bcde a81bc08889cf4907b4a64f178becd0ea dab6220227a5452590e6103ddf713948 - - - -] volume service is down. (host: rack11-server75@LIGHTOSxgzdqh)
2024-07-19 16:11:17.238 7 WARNING cinder.scheduler.host_manager [None req-1ace5657-44ff-40b1-abd6-39611cf1bcde a81bc08889cf4907b4a64f178becd0ea dab6220227a5452590e6103ddf713948 - - - -] volume service is down. (host: rack11-server75@LIGHTOSxgzdqh)
2024-07-19 16:11:17.869 7 WARNING cinder.scheduler.host_manager [req-8e20ee4a-8e15-4281-9a1d-6f42083b12bb req-c0ed1748-9758-4ca9-b019-5a0527b91167 92582a1e12a943e4bf05eac7660ce3f6 24b41ba50f904b298207c998e1ac11c4 - - - -] volume service is down. (host: rack11-server75@LIGHTOSxgzdqh)
2024-07-19 16:11:18.623 7 WARNING cinder.scheduler.host_manager [None req-92aeb990-4b83-4ccb-9ae3-32a68020cee5 a81bc08889cf4907b4a64f178becd0ea dab6220227a5452590e6103ddf713948 - - - -] volume service is down. (host: rack11-server75@LIGHTOSxgzdqh)
2024-07-19 16:11:21.188 7 WARNING cinder.scheduler.host_manager [None req-b62130ba-11ca-44a1-b405-7413f0c1dd6a a81bc08889cf4907b4a64f178becd0ea dab6220227a5452590e6103ddf713948 - - - -] volume service is down. (host: rack11-server75@LIGHTOSxgzdqh)
2024-07-19 16:11:23.370 7 WARNING cinder.scheduler.host_manager [None req-31143e53-8510-49ed-a987-a706bc5cc732 18dca2a39ee741b29890f1200390e3d1 f2b26a90ee5543af8fe73d53465a5c6c - - - -] volume service is down. (host: rack11-server75@LIGHTOSxgzdqh)
2024-07-19 16:11:23.379 7 WARNING cinder.scheduler.host_manager [None req-31143e53-8510-49ed-a987-a706bc5cc732 18dca2a39ee741b29890f1200390e3d1 f2b26a90ee5543af8fe73d53465a5c6c - - - -] volume service is down. (host: rack11-server75@LIGHTOSxgzdqh)
2024-07-19 16:11:24.954 7 WARNING cinder.scheduler.host_manager [None req-1a8eac45-0db1-4ae6-a583-d12f5cfb016e e3d1ff67ae9e44ce82b95df7cd76a4bf 6b20d5d2db6640feaa869e723dffad1a - - - -] volume service is down. (host: rack11-server75@LIGHTOSxgzdqh)
2024-07-19 16:11:26.431 7 WARNING cinder.scheduler.host_manager [None req-bfda01cc-8e9c-4c1e-9c9d-f563b4777313 e3d1ff67ae9e44ce82b95df7cd76a4bf 6b20d5d2db6640feaa869e723dffad1a - - - -] volume service is down. (host: rack11-server75@LIGHTOSxgzdqh)
2024-07-19 16:11:27.900 7 WARNING cinder.scheduler.host_manager [None req-b102319c-cf68-4953-9f0b-1465dd797543 e3d1ff67ae9e44ce82b95df7cd76a4bf 6b20d5d2db6640feaa869e723dffad1a - - - -] volume service is down. (host: rack11-server75@LIGHTOSxgzdqh)
2024-07-19 16:11:30.805 7 WARNING cinder.scheduler.host_manager [None req-5d92335b-de99-4b24-babb-2b16ca941e23 a81bc08889cf4907b4a64f178becd0ea dab6220227a5452590e6103ddf713948 - - - -] volume service is down. (host: rack11-server75@LIGHTOSxgzdqh)
2024-07-19 16:11:30.813 7 WARNING cinder.scheduler.host_manager [None req-5d92335b-de99-4b24-babb-2b16ca941e23 a81bc08889cf4907b4a64f178becd0ea dab6220227a5452590e6103ddf713948 - - - -] volume service is down. (host: rack11-server75@LIGHTOSxgzdqh)
2024-07-19 16:11:32.230 7 WARNING cinder.scheduler.host_manager [None req-eae745db-45c7-457d-8060-e93e72883b70 a81bc08889cf4907b4a64f178becd0ea dab6220227a5452590e6103ddf713948 - - - -] volume service is down. (host: rack11-server75@LIGHTOSxgzdqh)
2024-07-19 16:11:33.690 7 WARNING cinder.scheduler.host_manager [None req-d25d8715-6c8c-4c7a-8ee3-c2cfb33176d7 a81bc08889cf4907b4a64f178becd0ea dab6220227a5452590e6103ddf713948 - - - -] volume service is down. (host: rack11-server75@LIGHTOSxgzdqh)
2024-07-19 16:11:39.384 7 WARNING cinder.scheduler.host_manager [None req-92d6a860-42e8-458e-ace3-15bcf7a4b216 0401f8be113a4179b831f2849e39f39d 204ddd12563b49018584f1457c618610 - - - -] volume service is down. (host: rack11-server75@LIGHTOSxgzdqh)
2024-07-19 16:11:40.685 7 WARNING cinder.scheduler.host_manager [None req-ab87c521-43c9-451d-8be6-ca5677b052b7 0401f8be113a4179b831f2849e39f39d 204ddd12563b49018584f1457c618610 - - - -] volume service is down. (host: rack11-server75@LIGHTOSxgzdqh)
2024-07-19 16:11:42.372 7 WARNING cinder.scheduler.host_manager [None req-fd7f7670-4505-4946-8e75-9d2f25370f1f 0401f8be113a4179b831f2849e39f39d 204ddd12563b49018584f1457c618610 - - - -] volume service is down. (host: rack11-server75@LIGHTOSxgzdqh)
2024-07-19 16:11:44.970 7 WARNING cinder.scheduler.host_manager [None req-6c6ca824-115b-476b-9768-3d108520f34d 0401f8be113a4179b831f2849e39f39d 204ddd12563b49018584f1457c618610 - - - -] volume service is down. (host: rack11-server75@LIGHTOSxgzdqh)
2024-07-19 16:11:47.565 7 WARNING cinder.scheduler.host_manager [None req-059ae661-7014-4412-9734-011f90165bf9 0401f8be113a4179b831f2849e39f39d 204ddd12563b49018584f1457c618610 - - - -] volume service is down. (host: rack11-server75@LIGHTOSxgzdqh)
2024-07-19 16:11:48.295 7 WARNING cinder.scheduler.host_manager [None req-1d4a2c34-15c4-4130-8e8d-e6b8da620e0d a81bc08889cf4907b4a64f178becd0ea dab6220227a5452590e6103ddf713948 - - - -] volume service is down. (host: rack11-server75@LIGHTOSxgzdqh)
2024-07-19 16:11:48.304 7 WARNING cinder.scheduler.host_manager [None req-1d4a2c34-15c4-4130-8e8d-e6b8da620e0d a81bc08889cf4907b4a64f178becd0ea dab6220227a5452590e6103ddf713948 - - - -] volume service is down. (host: rack11-server75@LIGHTOSxgzdqh)
2024-07-19 16:11:49.703 7 WARNING cinder.scheduler.host_manager [None req-b4064a3f-9e49-4432-b10d-453212a10bef a81bc08889cf4907b4a64f178becd0ea dab6220227a5452590e6103ddf713948 - - - -] volume service is down. (host: rack11-server75@LIGHTOSxgzdqh)
2024-07-19 16:11:50.184 7 WARNING cinder.scheduler.host_manager [None req-b09de178-6a7a-413e-b6ed-cf88853c367e 0401f8be113a4179b831f2849e39f39d 204ddd12563b49018584f1457c618610 - - - -] volume service is down. (host: rack11-server75@LIGHTOSxgzdqh)
2024-07-19 16:11:51.852 7 WARNING cinder.scheduler.host_manager [None req-19cd7178-faeb-41ac-ac19-e44af43e9272 1fe549d6fc7041a4b0ff6da5fa76f530 5ab3c6f29ae94e7bb5d972ede24ecf1c - - - -] volume service is down. (host: rack11-server75@LIGHTOSxgzdqh)
2024-07-19 16:11:51.861 7 WARNING cinder.scheduler.host_manager [None req-19cd7178-faeb-41ac-ac19-e44af43e9272 1fe549d6fc7041a4b0ff6da5fa76f530 5ab3c6f29ae94e7bb5d972ede24ecf1c - - - -] volume service is down. (host: rack11-server75@LIGHTOSxgzdqh)
2024-07-19 16:11:53.049 7 WARNING cinder.scheduler.host_manager [None req-eceb942e-fe3c-40e5-8aaf-172cf4c20ac7 1fe549d6fc7041a4b0ff6da5fa76f530 5ab3c6f29ae94e7bb5d972ede24ecf1c - - - -] volume service is down. (host: rack11-server75@LIGHTOSxgzdqh)
2024-07-19 16:11:53.058 7 WARNING cinder.scheduler.host_manager [None req-eceb942e-fe3c-40e5-8aaf-172cf4c20ac7 1fe549d6fc7041a4b0ff6da5fa76f530 5ab3c6f29ae94e7bb5d972ede24ecf1c - - - -] volume service is down. (host: rack11-server75@LIGHTOSxgzdqh)
2024-07-19 16:11:54.464 7 WARNING cinder.scheduler.host_manager [None req-f65917ba-3c73-4be0-aff3-6f45e02deec7 1fe549d6fc7041a4b0ff6da5fa76f530 5ab3c6f29ae94e7bb5d972ede24ecf1c - - - -] volume service is down. (host: rack11-server75@LIGHTOSxgzdqh)
2024-07-19 16:11:59.833 7 WARNING cinder.scheduler.host_manager [None req-0307bd0d-9fbe-430f-8f42-f72e3dcb0e6b 1fe549d6fc7041a4b0ff6da5fa76f530 5ab3c6f29ae94e7bb5d972ede24ecf1c - - - -] volume service is down. (host: rack11-server75@LIGHTOSxgzdqh)
2024-07-19 16:11:59.842 7 WARNING cinder.scheduler.host_manager [None req-0307bd0d-9fbe-430f-8f42-f72e3dcb0e6b 1fe549d6fc7041a4b0ff6da5fa76f530 5ab3c6f29ae94e7bb5d972ede24ecf1c - - - -] volume service is down. (host: rack11-server75@LIGHTOSxgzdqh)
2024-07-19 16:12:01.222 7 WARNING cinder.scheduler.host_manager [None req-b2abef56-eb0a-4ee7-9f82-6b6f11594477 1fe549d6fc7041a4b0ff6da5fa76f530 5ab3c6f29ae94e7bb5d972ede24ecf1c - - - -] volume service is down. (host: rack11-server75@LIGHTOSxgzdqh)
2024-07-19 16:12:01.594 7 WARNING cinder.scheduler.host_manager [None req-c685979a-7b11-4e7b-af3e-7ef618d81cee 19f737afb3de44dea3fa4a4529d4ce9d 9ea40d9c2ec747a38f47285870d61305 - - - -] volume service is down. (host: rack11-server75@LIGHTOSxgzdqh)
2024-07-19 16:12:02.636 7 WARNING cinder.scheduler.host_manager [None req-0758775b-edc3-4ba9-9930-a15a49ff6d38 1fe549d6fc7041a4b0ff6da5fa76f530 5ab3c6f29ae94e7bb5d972ede24ecf1c - - - -] volume service is down. (host: rack11-server75@LIGHTOSxgzdqh)
2024-07-19 16:12:07.913 7 WARNING cinder.scheduler.host_manager [None req-ccb1f70c-6f1b-4b2c-b2d6-12211e1c37d4 2f4efcd7638f4adbaa00a76f806e0a3a cf977b660d8846d69f6c8c29b91401ec - - - -] volume service is down. (host: rack11-server75@LIGHTOSxgzdqh)
2024-07-19 16:12:08.002 7 WARNING cinder.scheduler.host_manager [None req-ac594c20-2731-4f8e-a35e-e979f444a8f1 c9fbbd7e99214ce5bc02ddfd4595ee02 9571b18a2cba4fe881ed2349c7661128 - - - -] volume service is down. (host: rack11-server75@LIGHTOSxgzdqh)
2024-07-19 16:12:08.003 7 INFO cinder.scheduler.base_filter [None req-ac594c20-2731-4f8e-a35e-e979f444a8f1 c9fbbd7e99214ce5bc02ddfd4595ee02 9571b18a2cba4fe881ed2349c7661128 - - - -] Filtering removed all hosts for the request with volume ID '2ad938b6-f368-4015-9d8f-e07b839dcee9'. Filter results: AvailabilityZoneFilter: (start: 1, end: 1), CapacityFilter: (start: 1, end: 1), CapabilitiesFilter: (start: 1, end: 0)
2024-07-19 16:12:08.003 7 WARNING cinder.scheduler.filter_scheduler [None req-ac594c20-2731-4f8e-a35e-e979f444a8f1 c9fbbd7e99214ce5bc02ddfd4595ee02 9571b18a2cba4fe881ed2349c7661128 - - - -] No weighed backend found for volume with properties: {'id': '97c42034-fefb-4f0b-8ec6-29ac39e89db5', 'name': 'tempest-UserMessagesTest-volume-type-1552281128', 'description': None, 'is_public': True, 'projects': [], 'extra_specs': {'storage_protocol': 'tempest-storage_protocol-73411922', 'vendor_name': 'tempest-vendor_name-936781372'}, 'qos_specs_id': None, 'created_at': '2024-07-19T16:12:07.000000', 'updated_at': None, 'deleted_at': None, 'deleted': False}
2024-07-19 16:12:08.004 7 INFO cinder.message.api [None req-ac594c20-2731-4f8e-a35e-e979f444a8f1 c9fbbd7e99214ce5bc02ddfd4595ee02 9571b18a2cba4fe881ed2349c7661128 - - - -] Creating message record for request_id = req-ac594c20-2731-4f8e-a35e-e979f444a8f1
2024-07-19 16:12:08.009 7 ERROR cinder.scheduler.flows.create_volume [None req-ac594c20-2731-4f8e-a35e-e979f444a8f1 c9fbbd7e99214ce5bc02ddfd4595ee02 9571b18a2cba4fe881ed2349c7661128 - - - -] Failed to run task cinder.scheduler.flows.create_volume.ScheduleCreateVolumeTask;volume:create: No valid backend was found. No weighed backends available: cinder.exception.NoValidBackend: No valid backend was found. No weighed backends available
2024-07-19 16:12:09.852 7 WARNING cinder.scheduler.host_manager [None req-c1665faf-4461-47c8-8e2a-91eef9106918 c9fbbd7e99214ce5bc02ddfd4595ee02 9571b18a2cba4fe881ed2349c7661128 - - - -] volume service is down. (host: rack11-server75@LIGHTOSxgzdqh)
2024-07-19 16:12:09.853 7 INFO cinder.scheduler.base_filter [None req-c1665faf-4461-47c8-8e2a-91eef9106918 c9fbbd7e99214ce5bc02ddfd4595ee02 9571b18a2cba4fe881ed2349c7661128 - - - -] Filtering removed all hosts for the request with volume ID 'd5568601-4af7-49e7-a75c-3a51a26cf4b1'. Filter results: AvailabilityZoneFilter: (start: 1, end: 1), CapacityFilter: (start: 1, end: 1), CapabilitiesFilter: (start: 1, end: 0)
2024-07-19 16:12:09.854 7 WARNING cinder.scheduler.filter_scheduler [None req-c1665faf-4461-47c8-8e2a-91eef9106918 c9fbbd7e99214ce5bc02ddfd4595ee02 9571b18a2cba4fe881ed2349c7661128 - - - -] No weighed backend found for volume with properties: {'id': '7b2138eb-bcc8-485f-a81f-fbdf07834bd4', 'name': 'tempest-UserMessagesTest-volume-type-1886900643', 'description': None, 'is_public': True, 'projects': [], 'extra_specs': {'storage_protocol': 'tempest-storage_protocol-1094890507', 'vendor_name': 'tempest-vendor_name-952958385'}, 'qos_specs_id': None, 'created_at': '2024-07-19T16:12:09.000000', 'updated_at': None, 'deleted_at': None, 'deleted': False}
2024-07-19 16:12:09.854 7 INFO cinder.message.api [None req-c1665faf-4461-47c8-8e2a-91eef9106918 c9fbbd7e99214ce5bc02ddfd4595ee02 9571b18a2cba4fe881ed2349c7661128 - - - -] Creating message record for request_id = req-c1665faf-4461-47c8-8e2a-91eef9106918
2024-07-19 16:12:09.860 7 ERROR cinder.scheduler.flows.create_volume [None req-c1665faf-4461-47c8-8e2a-91eef9106918 c9fbbd7e99214ce5bc02ddfd4595ee02 9571b18a2cba4fe881ed2349c7661128 - - - -] Failed to run task cinder.scheduler.flows.create_volume.ScheduleCreateVolumeTask;volume:create: No valid backend was found. No weighed backends available: cinder.exception.NoValidBackend: No valid backend was found. No weighed backends available
2024-07-19 16:12:16.197 7 WARNING cinder.scheduler.host_manager [None req-a32cce0f-7d86-46fc-84d5-75994c73f4b4 71a465b9caa54be7abaac4520b9ea665 85638820e9df41ad95845a3f118b121c - - - -] volume service is down. (host: rack11-server75@LIGHTOSxgzdqh)
2024-07-19 16:12:16.206 7 WARNING cinder.scheduler.host_manager [None req-a32cce0f-7d86-46fc-84d5-75994c73f4b4 71a465b9caa54be7abaac4520b9ea665 85638820e9df41ad95845a3f118b121c - - - -] volume service is down. (host: rack11-server75@LIGHTOSxgzdqh)
2024-07-19 16:12:17.606 7 WARNING cinder.scheduler.host_manager [None req-4de143cf-ac68-46fa-9642-84a6b31a5240 71a465b9caa54be7abaac4520b9ea665 85638820e9df41ad95845a3f118b121c - - - -] volume service is down. (host: rack11-server75@LIGHTOSxgzdqh)
2024-07-19 16:12:18.382 7 WARNING cinder.scheduler.host_manager [None req-c1f9ec80-be5c-4e3c-8a76-1712df8962fb 6ca9d88debd64e68acc193d01954ac88 83b7de8cf6964fac83088ef59751494f - - - -] volume service is down. (host: rack11-server75@LIGHTOSxgzdqh)
2024-07-19 16:12:18.882 7 WARNING cinder.scheduler.host_manager [None req-3d6c169a-ae26-4bcb-b7c2-be6d4392cd00 71a465b9caa54be7abaac4520b9ea665 85638820e9df41ad95845a3f118b121c - - - -] volume service is down. (host: rack11-server75@LIGHTOSxgzdqh)
2024-07-19 16:12:19.730 7 WARNING cinder.scheduler.host_manager [None req-368366c3-7ae8-4c1c-bc89-47e84acc0940 6ca9d88debd64e68acc193d01954ac88 83b7de8cf6964fac83088ef59751494f - - - -] volume service is down. (host: rack11-server75@LIGHTOSxgzdqh)
2024-07-19 16:12:26.797 7 WARNING cinder.scheduler.host_manager [None req-5f01af9c-83e5-4daa-a417-2197da59db4a 6e0196adcd6a4655aed230b1d957bdf3 6d3777093b5844bb94af0ce9474d3750 - - - -] volume service is down. (host: rack11-server75@LIGHTOSxgzdqh)
2024-07-19 16:12:30.502 7 WARNING cinder.scheduler.host_manager [None req-4a89e5e2-0f9a-4ddd-8fe9-93fedd5cb3a8 6e0196adcd6a4655aed230b1d957bdf3 6d3777093b5844bb94af0ce9474d3750 - - - -] volume service is down. (host: rack11-server75@LIGHTOSxgzdqh)
2024-07-19 16:12:38.303 7 WARNING cinder.scheduler.host_manager [None req-62b3ea5a-60bd-441b-9340-03288e9bb95f da727dc97f80493b89d103792ff2bcc7 d343c4b5c7af4597a181ca87445610de - - - -] volume service is down. (host: rack11-server75@LIGHTOSxgzdqh)
2024-07-19 16:12:40.422 7 WARNING cinder.scheduler.host_manager [None req-1f6d943e-d292-4c0b-a2e6-097fc1a76bed caeff5e757d14313965579e275cba90d e5afc19eac4046ab83b3318717b36e18 - - - -] volume service is down. (host: rack11-server75@LIGHTOSxgzdqh)
2024-07-19 16:12:41.863 7 WARNING cinder.scheduler.host_manager [None req-a71ff68b-44c8-49c0-ba13-4b1e6f711d1f caeff5e757d14313965579e275cba90d e5afc19eac4046ab83b3318717b36e18 - - - -] volume service is down. (host: rack11-server75@LIGHTOSxgzdqh)
2024-07-19 16:12:43.279 7 WARNING cinder.scheduler.host_manager [None req-6c7a331e-b05e-4984-9a1f-aac1f3217552 caeff5e757d14313965579e275cba90d e5afc19eac4046ab83b3318717b36e18 - - - -] volume service is down. (host: rack11-server75@LIGHTOSxgzdqh)
2024-07-19 16:12:45.014 7 WARNING cinder.scheduler.host_manager [None req-b347de2d-892e-4167-8f85-704ca4a22ca8 c7b2323ec922476d9abf8a2284d29f4c 065fe83562fc40cb82e768d913168f2e - - - -] volume service is down. (host: rack11-server75@LIGHTOSxgzdqh)
2024-07-19 16:12:48.091 7 WARNING cinder.scheduler.host_manager [None req-01da30dd-fe62-4e41-8414-454591e3cf25 9ef3b8aa1554402cb3f8a9d5f6aad1f3 e09586d1c20d4479af07acd47ced5572 - - - -] volume service is down. (host: rack11-server75@LIGHTOSxgzdqh)
2024-07-19 16:12:49.381 7 WARNING cinder.scheduler.host_manager [None req-911821eb-4273-4c06-aeaf-060fd43ea13b 9ef3b8aa1554402cb3f8a9d5f6aad1f3 e09586d1c20d4479af07acd47ced5572 - - - -] volume service is down. (host: rack11-server75@LIGHTOSxgzdqh)
2024-07-19 16:13:00.308 7 WARNING cinder.scheduler.host_manager [None req-ac81140e-0a03-4190-b858-c009ebbb5311 4c59f6ff40694f6ea65bc92ecf37c66e 125cdd03c0694b5fbd86c13359eef4e1 - - - -] volume service is down. (host: rack11-server75@LIGHTOSxgzdqh)
2024-07-19 16:13:01.561 7 WARNING cinder.scheduler.host_manager [None req-21cf300d-1a22-4a9b-a253-e926999ef2ee 4c59f6ff40694f6ea65bc92ecf37c66e 125cdd03c0694b5fbd86c13359eef4e1 - - - -] volume service is down. (host: rack11-server75@LIGHTOSxgzdqh)
2024-07-19 16:13:01.859 7 WARNING cinder.scheduler.host_manager [None req-bfb2a9b9-08b0-489f-8888-2faab702e485 36c36ef4c6e546419c5a934018019569 6f59e66f13f644be8eae09eff85a6884 - - - -] volume service is down. (host: rack11-server75@LIGHTOSxgzdqh)
2024-07-19 16:13:02.857 7 WARNING cinder.scheduler.host_manager [None req-64eb1457-9050-4d88-98f2-77a77928f4bd 4c59f6ff40694f6ea65bc92ecf37c66e 125cdd03c0694b5fbd86c13359eef4e1 - - - -] volume service is down. (host: rack11-server75@LIGHTOSxgzdqh)
2024-07-19 16:13:03.135 7 WARNING cinder.scheduler.host_manager [None req-92413d9e-2221-4851-8c24-67e4ede89d28 36c36ef4c6e546419c5a934018019569 6f59e66f13f644be8eae09eff85a6884 - - - -] volume service is down. (host: rack11-server75@LIGHTOSxgzdqh)
2024-07-19 16:13:06.981 7 WARNING cinder.scheduler.host_manager [None req-82e418c3-a468-4ac4-a37a-e1a43448cf0d 9e4490faaaa147c38e6c0a542a90fbe2 6280a60f5aa3405595fd95dde2e6371f - - - -] volume service is down. (host: rack11-server75@LIGHTOSxgzdqh)
2024-07-19 16:13:07.672 7 WARNING cinder.scheduler.host_manager [None req-93332d76-697b-4026-a3a9-ea33fd8f5300 4c59f6ff40694f6ea65bc92ecf37c66e 125cdd03c0694b5fbd86c13359eef4e1 - - - -] volume service is down. (host: rack11-server75@LIGHTOSxgzdqh)
2024-07-19 16:13:08.871 7 WARNING cinder.scheduler.host_manager [None req-a2a93a42-bd38-40c5-ab8a-abb63946493d 4c59f6ff40694f6ea65bc92ecf37c66e 125cdd03c0694b5fbd86c13359eef4e1 - - - -] volume service is down. (host: rack11-server75@LIGHTOSxgzdqh)
2024-07-19 16:13:10.292 7 WARNING cinder.scheduler.host_manager [None req-86befbc2-17ed-4d32-81f0-739f30d04e96 4c59f6ff40694f6ea65bc92ecf37c66e 125cdd03c0694b5fbd86c13359eef4e1 - - - -] volume service is down. (host: rack11-server75@LIGHTOSxgzdqh)
2024-07-19 16:13:15.196 7 WARNING cinder.scheduler.host_manager [None req-8c885e10-6eeb-48de-b721-3c16958b068e 2c71777f5f29422b893bbe04ce26b3dc 0abcd163264c487a9a45e2ffe32594a5 - - - -] volume service is down. (host: rack11-server75@LIGHTOSxgzdqh)
2024-07-19 16:13:20.684 7 WARNING cinder.scheduler.host_manager [None req-4c8d6136-516f-4ae0-8e8f-2437eaeab0dd 2c71777f5f29422b893bbe04ce26b3dc 0abcd163264c487a9a45e2ffe32594a5 - - - -] volume service is down. (host: rack11-server75@LIGHTOSxgzdqh)
2024-07-19 16:13:22.020 7 WARNING cinder.scheduler.host_manager [None req-c4116d3e-5e52-4676-b582-3ad5886dda22 9f960fa9bc5c4a29ac23a278e64f10ca 43ce4301b4a04165b23082b2fa2a06f9 - - - -] volume service is down. (host: rack11-server75@LIGHTOSxgzdqh)
2024-07-19 16:13:23.695 7 WARNING cinder.scheduler.host_manager [None req-f586b33d-132d-46e2-b83d-a299a1c84089 c62ce273fa1945baa33cbf80a73cf5a4 d559df195b864c7e8af0c0348eb94c64 - - - -] volume service is down. (host: rack11-server75@LIGHTOSxgzdqh)
2024-07-19 16:13:28.799 7 WARNING cinder.scheduler.host_manager [None req-36b7e4c8-fc89-492e-958a-06c52819c291 2d8fcc85084e4ad3bd5133d3c53cf3cf 66722cc0f248480aba996171fc107b89 - - - -] volume service is down. (host: rack11-server75@LIGHTOSxgzdqh)
2024-07-19 16:13:33.209 7 WARNING cinder.scheduler.host_manager [None req-6eb2a713-9dfd-452e-b7dd-1f12fb730f1c e1559859bb3c4622a6e9ce051635b514 aaaddcd4451145408054eb9ed120190b - - - -] volume service is down. (host: rack11-server75@LIGHTOSxgzdqh)
2024-07-19 16:13:33.417 7 WARNING cinder.scheduler.host_manager [None req-117a1ebb-2efc-47e0-8ccd-f279f3bbb970 2d8fcc85084e4ad3bd5133d3c53cf3cf 66722cc0f248480aba996171fc107b89 - - - -] volume service is down. (host: rack11-server75@LIGHTOSxgzdqh)
2024-07-19 16:13:34.546 7 WARNING cinder.scheduler.host_manager [None req-aeb013b9-4aa5-4712-9d2d-a2b618c68bc0 c5994227b75e4fa59c4bad9792aaa7e2 ac7ee3a4dab7437d9353f8cf0d560ad4 - - - -] volume service is down. (host: rack11-server75@LIGHTOSxgzdqh)
2024-07-19 16:13:38.670 7 WARNING cinder.scheduler.host_manager [None req-321625ec-9e31-4ca0-bc3c-631961ee9dbf e1559859bb3c4622a6e9ce051635b514 aaaddcd4451145408054eb9ed120190b - - - -] volume service is down. (host: rack11-server75@LIGHTOSxgzdqh)
2024-07-19 16:13:39.718 7 WARNING cinder.scheduler.host_manager [None req-05f363a3-abeb-4e35-b8f5-7954a9951018 c5994227b75e4fa59c4bad9792aaa7e2 ac7ee3a4dab7437d9353f8cf0d560ad4 - - - -] volume service is down. (host: rack11-server75@LIGHTOSxgzdqh)
2024-07-19 16:13:40.511 7 WARNING cinder.scheduler.host_manager [None req-1a7601a6-3e78-494f-a5e6-7e59cb2ad068 2d8fcc85084e4ad3bd5133d3c53cf3cf 66722cc0f248480aba996171fc107b89 - - - -] volume service is down. (host: rack11-server75@LIGHTOSxgzdqh)
2024-07-19 16:13:41.906 7 WARNING cinder.scheduler.host_manager [None req-b1c7c1fa-04a9-4b42-955b-a362f30b238f 2d8fcc85084e4ad3bd5133d3c53cf3cf 66722cc0f248480aba996171fc107b89 - - - -] volume service is down. (host: rack11-server75@LIGHTOSxgzdqh)
2024-07-19 16:13:46.268 7 WARNING cinder.scheduler.host_manager [None req-5b64d24d-e793-48c5-afbc-9b6bb493f899 694d0ba80e8a42ccbada76125377dd56 c41ceb7b5c4f4f2ca68e7e01e1686756 - - - -] volume service is down. (host: rack11-server75@LIGHTOSxgzdqh)
2024-07-19 16:13:47.625 7 WARNING cinder.scheduler.host_manager [None req-4cf62fe9-66a6-4aab-bd93-9c0fa5ce605c 48c3ddf735fe47b5b68c9588ba5a582a 46f81414bfe343aba314b93ebc14c6bc - - - -] volume service is down. (host: rack11-server75@LIGHTOSxgzdqh)
2024-07-19 16:13:47.915 7 WARNING cinder.scheduler.host_manager [None req-29c81a19-88e9-4fcf-98d9-86e9d20f824f 694d0ba80e8a42ccbada76125377dd56 c41ceb7b5c4f4f2ca68e7e01e1686756 - - - -] volume service is down. (host: rack11-server75@LIGHTOSxgzdqh)
2024-07-19 16:13:52.071 7 WARNING cinder.scheduler.host_manager [None req-8ec8f22e-bc39-43af-9b21-c3ec4d0fe213 48c3ddf735fe47b5b68c9588ba5a582a 46f81414bfe343aba314b93ebc14c6bc - - - -] volume service is down. (host: rack11-server75@LIGHTOSxgzdqh)
2024-07-19 16:13:53.347 7 WARNING cinder.scheduler.host_manager [None req-751a6062-ac27-45e8-96a4-2ce8d9c7ba9d 100baa9905d645d8a33bfdd89296323b cfe70dde89fa4d9e8d79a3ee7c450d0e - - - -] volume service is down. (host: rack11-server75@LIGHTOSxgzdqh)
2024-07-19 16:13:53.842 7 WARNING cinder.scheduler.host_manager [None req-4c3404c9-7850-44c7-a338-0d54447248d6 694d0ba80e8a42ccbada76125377dd56 c41ceb7b5c4f4f2ca68e7e01e1686756 - - - -] volume service is down. (host: rack11-server75@LIGHTOSxgzdqh)
2024-07-19 16:13:55.276 7 WARNING cinder.scheduler.host_manager [None req-58d65d93-ad32-4a01-b22a-205e3830d2ef 694d0ba80e8a42ccbada76125377dd56 c41ceb7b5c4f4f2ca68e7e01e1686756 - - - -] volume service is down. (host: rack11-server75@LIGHTOSxgzdqh)
2024-07-19 16:13:55.921 7 WARNING cinder.scheduler.host_manager [None req-681e4ad1-63fb-4eaf-b04e-7ed2460c34a0 48c3ddf735fe47b5b68c9588ba5a582a 46f81414bfe343aba314b93ebc14c6bc - - - -] volume service is down. (host: rack11-server75@LIGHTOSxgzdqh)
2024-07-19 16:13:57.198 7 WARNING cinder.scheduler.host_manager [None req-6c494598-ba0c-4091-837b-ca5e6b4e0d15 48c3ddf735fe47b5b68c9588ba5a582a 46f81414bfe343aba314b93ebc14c6bc - - - -] volume service is down. (host: rack11-server75@LIGHTOSxgzdqh)
2024-07-19 16:13:57.977 7 WARNING cinder.scheduler.host_manager [None req-5ef753e8-0408-446d-a83b-f2dc2d81f521 694d0ba80e8a42ccbada76125377dd56 c41ceb7b5c4f4f2ca68e7e01e1686756 - - - -] volume service is down. (host: rack11-server75@LIGHTOSxgzdqh)
2024-07-19 16:13:58.423 7 WARNING cinder.scheduler.host_manager [None req-fceb7b10-52fc-4866-b315-0a04d92024eb 48c3ddf735fe47b5b68c9588ba5a582a 46f81414bfe343aba314b93ebc14c6bc - - - -] volume service is down. (host: rack11-server75@LIGHTOSxgzdqh)
2024-07-19 16:14:00.506 7 WARNING cinder.scheduler.host_manager [None req-8d9b19dc-7f60-4491-92a8-56c28fadc66a a03352cd5d634a32993ce8f2b032a7d4 a0e29a3f9c154317a806f5da876bf3a6 - - - -] volume service is down. (host: rack11-server75@LIGHTOSxgzdqh)
2024-07-19 16:14:01.933 7 WARNING cinder.scheduler.host_manager [None req-bb621c86-e8ae-446d-80b5-9bf7a75f38e5 a03352cd5d634a32993ce8f2b032a7d4 a0e29a3f9c154317a806f5da876bf3a6 - - - -] volume service is down. (host: rack11-server75@LIGHTOSxgzdqh)
2024-07-19 16:14:03.385 7 WARNING cinder.scheduler.host_manager [None req-ddf997fc-80fc-43f8-b47b-62bc4366cdcd a03352cd5d634a32993ce8f2b032a7d4 a0e29a3f9c154317a806f5da876bf3a6 - - - -] volume service is down. (host: rack11-server75@LIGHTOSxgzdqh)
2024-07-19 16:14:06.327 7 WARNING cinder.scheduler.host_manager [None req-e7a79175-4623-4391-bed7-ec2010f243e0 694d0ba80e8a42ccbada76125377dd56 c41ceb7b5c4f4f2ca68e7e01e1686756 - - - -] volume service is down. (host: rack11-server75@LIGHTOSxgzdqh)
2024-07-19 16:14:06.729 7 WARNING cinder.scheduler.host_manager [None req-96068a8f-fb39-4984-9cf6-b276b7515bc3 24d5dd45f7074df6a79e968d8d3e05e3 3e786dd9c7f34cca8d212c4403ecaebf - - - -] volume service is down. (host: rack11-server75@LIGHTOSxgzdqh)
2024-07-19 16:14:08.003 7 WARNING cinder.scheduler.host_manager [None req-58df53f8-3380-4753-8389-1d4ee2c21b45 24d5dd45f7074df6a79e968d8d3e05e3 3e786dd9c7f34cca8d212c4403ecaebf - - - -] volume service is down. (host: rack11-server75@LIGHTOSxgzdqh)
2024-07-19 16:14:11.170 7 WARNING cinder.scheduler.host_manager [None req-0cf372f8-12e7-4182-8e61-af45dd16af2c 694d0ba80e8a42ccbada76125377dd56 c41ceb7b5c4f4f2ca68e7e01e1686756 - - - -] volume service is down. (host: rack11-server75@LIGHTOSxgzdqh)
2024-07-19 16:14:16.470 7 WARNING cinder.scheduler.host_manager [None req-040c04f5-6a3a-4324-a407-578f9eccd7e7 dfae027de778455e9c2534cc9f4efded e81abe1626cd44fcaa5b175d14b3b429 - - - -] volume service is down. (host: rack11-server75@LIGHTOSxgzdqh)
2024-07-19 16:14:23.527 7 WARNING cinder.scheduler.host_manager [None req-c5814004-75ae-41e4-9b88-fd93ceeb4e40 f46ca3d29f2649d882408f0adc09c525 f3b0e199ab5d42f6a5fa82fa590b9cfe - - - -] volume service is down. (host: rack11-server75@LIGHTOSxgzdqh)
2024-07-19 16:14:24.816 7 WARNING cinder.scheduler.host_manager [None req-06170062-d2dc-4dc5-b36c-51f1c1ecfc5c f46ca3d29f2649d882408f0adc09c525 f3b0e199ab5d42f6a5fa82fa590b9cfe - - - -] volume service is down. (host: rack11-server75@LIGHTOSxgzdqh)
2024-07-19 16:14:26.058 7 WARNING cinder.scheduler.host_manager [None req-6741065d-fc09-4b00-8ded-de122e3761dc f46ca3d29f2649d882408f0adc09c525 f3b0e199ab5d42f6a5fa82fa590b9cfe - - - -] volume service is down. (host: rack11-server75@LIGHTOSxgzdqh)
2024-07-19 16:14:27.302 7 WARNING cinder.scheduler.host_manager [None req-752a977a-07b2-4650-8812-d01bcd5624f9 f46ca3d29f2649d882408f0adc09c525 f3b0e199ab5d42f6a5fa82fa590b9cfe - - - -] volume service is down. (host: rack11-server75@LIGHTOSxgzdqh)
2024-07-19 16:14:41.237 7 WARNING cinder.scheduler.host_manager [None req-4fc09d15-d13f-45b2-8418-668de260259b d59afac762734beba76c94cb4437e733 07bff2b994af4f48a2aa5507dd74bb28 - - - -] volume service is down. (host: rack11-server75@LIGHTOSxgzdqh)
2024-07-19 16:14:41.342 7 WARNING cinder.scheduler.host_manager [None req-8d55894b-3750-4228-a08b-034b0b5ee25a 13c4640838a343b8bdbf1eef29e4f537 ebbd70632892491b8565d3fb51a81750 - - - -] volume service is down. (host: rack11-server75@LIGHTOSxgzdqh)
2024-07-19 16:14:41.345 7 WARNING cinder.scheduler.host_manager [None req-ae9f0e1c-a701-46c2-b8fb-bfea9f85e12e de959af9fb7d43629715d1f495c87aed 6637c289ad68454baebd598954a9f9b8 - - - -] volume service is down. (host: rack11-server75@LIGHTOSxgzdqh)
2024-07-19 16:14:41.534 7 WARNING cinder.scheduler.host_manager [None req-9b486754-cd9e-4dd0-96ad-46e12cb0279a 13c4640838a343b8bdbf1eef29e4f537 ebbd70632892491b8565d3fb51a81750 - - - -] volume service is down. (host: rack11-server75@LIGHTOSxgzdqh)
2024-07-19 16:14:41.815 7 WARNING cinder.scheduler.host_manager [None req-9d02c5b6-cf13-456c-8b3e-4e41980faac0 13c4640838a343b8bdbf1eef29e4f537 ebbd70632892491b8565d3fb51a81750 - - - -] volume service is down. (host: rack11-server75@LIGHTOSxgzdqh)
2024-07-19 16:14:42.066 7 WARNING cinder.scheduler.host_manager [None req-b6c49f0d-f8db-4954-8488-1698d7afb6e9 13c4640838a343b8bdbf1eef29e4f537 ebbd70632892491b8565d3fb51a81750 - - - -] volume service is down. (host: rack11-server75@LIGHTOSxgzdqh)
2024-07-19 16:14:42.327 7 WARNING cinder.scheduler.host_manager [None req-94cfafe2-e00e-4b78-8e17-ebac3cfdc7ce 13c4640838a343b8bdbf1eef29e4f537 ebbd70632892491b8565d3fb51a81750 - - - -] volume service is down. (host: rack11-server75@LIGHTOSxgzdqh)
2024-07-19 16:14:42.606 7 WARNING cinder.scheduler.host_manager [None req-8248a3a6-3d5f-4198-915b-be55dcc60dac de959af9fb7d43629715d1f495c87aed 6637c289ad68454baebd598954a9f9b8 - - - -] volume service is down. (host: rack11-server75@LIGHTOSxgzdqh)
2024-07-19 16:14:42.634 7 WARNING cinder.scheduler.host_manager [None req-3d8c7036-096d-479c-888a-4bbeaf78b3e7 d59afac762734beba76c94cb4437e733 07bff2b994af4f48a2aa5507dd74bb28 - - - -] volume service is down. (host: rack11-server75@LIGHTOSxgzdqh)
2024-07-19 16:14:42.859 7 WARNING cinder.scheduler.host_manager [None req-4a8cd47c-1c2a-43db-8c79-616e86f63c20 d59afac762734beba76c94cb4437e733 07bff2b994af4f48a2aa5507dd74bb28 - - - -] volume service is down. (host: rack11-server75@LIGHTOSxgzdqh)
2024-07-19 16:14:43.110 7 WARNING cinder.scheduler.host_manager [None req-b6c62fd6-db4b-4b0d-a3e5-6536ea3c34fa d59afac762734beba76c94cb4437e733 07bff2b994af4f48a2aa5507dd74bb28 - - - -] volume service is down. (host: rack11-server75@LIGHTOSxgzdqh)
2024-07-19 16:14:43.336 7 WARNING cinder.scheduler.host_manager [None req-9d69f1aa-8e21-4a11-8818-791b1072698e d59afac762734beba76c94cb4437e733 07bff2b994af4f48a2aa5507dd74bb28 - - - -] volume service is down. (host: rack11-server75@LIGHTOSxgzdqh)
2024-07-19 16:14:43.602 7 WARNING cinder.scheduler.host_manager [None req-255d8833-c881-471c-834f-065982463209 d59afac762734beba76c94cb4437e733 07bff2b994af4f48a2aa5507dd74bb28 - - - -] volume service is down. (host: rack11-server75@LIGHTOSxgzdqh)
2024-07-19 16:14:43.933 7 WARNING cinder.scheduler.host_manager [None req-714ad65a-92ea-4ae8-8e8b-a38336d4a4d7 de959af9fb7d43629715d1f495c87aed 6637c289ad68454baebd598954a9f9b8 - - - -] volume service is down. (host: rack11-server75@LIGHTOSxgzdqh)
2024-07-19 16:14:44.187 7 WARNING cinder.scheduler.host_manager [None req-a4fee695-6c96-4def-a063-e9bdc41d7507 de959af9fb7d43629715d1f495c87aed 6637c289ad68454baebd598954a9f9b8 - - - -] volume service is down. (host: rack11-server75@LIGHTOSxgzdqh)
2024-07-19 16:14:44.447 7 WARNING cinder.scheduler.host_manager [None req-28e57cc4-04e6-41df-b2ce-310365db6d5e de959af9fb7d43629715d1f495c87aed 6637c289ad68454baebd598954a9f9b8 - - - -] volume service is down. (host: rack11-server75@LIGHTOSxgzdqh)
2024-07-19 16:14:44.720 7 WARNING cinder.scheduler.host_manager [None req-96bfa542-0028-41a8-9ca6-7d6be653e1cf de959af9fb7d43629715d1f495c87aed 6637c289ad68454baebd598954a9f9b8 - - - -] volume service is down. (host: rack11-server75@LIGHTOSxgzdqh)
2024-07-19 16:14:44.988 7 WARNING cinder.scheduler.host_manager [None req-b67432f2-6098-465c-8c9f-3d1af112dad4 de959af9fb7d43629715d1f495c87aed 6637c289ad68454baebd598954a9f9b8 - - - -] volume service is down. (host: rack11-server75@LIGHTOSxgzdqh)
2024-07-19 16:14:58.423 7 WARNING cinder.scheduler.host_manager [None req-81e2c57a-041b-40e7-a44b-712e9fff1098 ebc59be4e177495ea26a489060c87cb0 7c5e2e27f2b346ffb0b35ff3db90b613 - - - -] volume service is down. (host: rack11-server75@LIGHTOSxgzdqh)
2024-07-19 16:14:59.909 7 WARNING cinder.scheduler.host_manager [None req-132e589d-ca71-41f1-a03c-4bd300c66022 ebc59be4e177495ea26a489060c87cb0 7c5e2e27f2b346ffb0b35ff3db90b613 - - - -] volume service is down. (host: rack11-server75@LIGHTOSxgzdqh)
2024-07-19 16:15:01.242 7 WARNING cinder.scheduler.host_manager [None req-98a4c740-acb3-4943-9158-e857e3f3f336 ebc59be4e177495ea26a489060c87cb0 7c5e2e27f2b346ffb0b35ff3db90b613 - - - -] volume service is down. (host: rack11-server75@LIGHTOSxgzdqh)
