Build Started 07_08_2022_19_21_21
2022-08-07 22:21:40.466 7 INFO oslo_service.service [req-2a5ee06c-e586-4ef7-85b0-dfd550f68d95 - - - - -] Caught SIGTERM, stopping children
2022-08-07 22:21:40.471 7 INFO oslo_service.service [req-2a5ee06c-e586-4ef7-85b0-dfd550f68d95 - - - - -] Waiting on 1 children to exit
2022-08-07 22:21:41.350 24 WARNING amqp [req-2a5ee06c-e586-4ef7-85b0-dfd550f68d95 - - - - -] Received method (60, 30) during closing channel 1. This method will be ignored
2022-08-07 22:21:41.356 24 WARNING amqp [req-2a5ee06c-e586-4ef7-85b0-dfd550f68d95 - - - - -] Received method (60, 30) during closing channel 1. This method will be ignored
2022-08-07 22:21:41.367 7 INFO oslo_service.service [req-2a5ee06c-e586-4ef7-85b0-dfd550f68d95 - - - - -] Child 24 exited with status 0
2022-08-07 22:21:46.658 8 INFO cinder.rpc [req-98794021-691b-4123-9bb2-411f1c6cfb94 - - - - -] Automatically selected cinder-scheduler objects version 1.39 as minimum service version.
2022-08-07 22:21:46.664 8 INFO cinder.rpc [req-98794021-691b-4123-9bb2-411f1c6cfb94 - - - - -] Automatically selected cinder-scheduler RPC version 3.12 as minimum service version.
2022-08-07 22:21:46.826 8 INFO cinder.volume.manager [req-98794021-691b-4123-9bb2-411f1c6cfb94 - - - - -] Determined volume DB was empty at startup.
2022-08-07 22:21:46.851 8 INFO cinder.volume.manager [req-98794021-691b-4123-9bb2-411f1c6cfb94 - - - - -] Image-volume cache disabled for host rack03-server59@LIGHTOSsetykm.
2022-08-07 22:21:46.868 8 INFO oslo_service.service [req-98794021-691b-4123-9bb2-411f1c6cfb94 - - - - -] Starting 1 workers
2022-08-07 22:21:46.879 25 INFO cinder.service [-] Starting cinder-volume node (version 20.0.0)
2022-08-07 22:21:46.899 25 INFO cinder.volume.manager [req-5f0a9ca3-162c-49db-9183-cd34272d47e2 - - - - -] Starting volume driver LightOSVolumeDriver (2.3.12)
2022-08-07 22:21:46.900 25 INFO cinder.volume.drivers.lightos [req-5f0a9ca3-162c-49db-9183-cd34272d47e2 - - - - -] Invoking get_cluster_info using GET url: /api/v2/clusterinfo             request.body: {} ssl_verify: False
2022-08-07 22:21:46.987 25 INFO cinder.volume.drivers.lightos [req-5f0a9ca3-162c-49db-9183-cd34272d47e2 - - - - -] Connected to LightOS cluster 20262816-0d9a-4ea3-b7f6-8afed5735f34 subsysnqn nqn.2016-01.com.lightbitslabs:uuid:f37ef4ef-5bfc-40f0-90cf-ff2f68c58c0f
2022-08-07 22:21:46.988 25 INFO cinder.volume.drivers.lightos [req-5f0a9ca3-162c-49db-9183-cd34272d47e2 - - - - -] Invoking get_nodes using GET url: /api/v2/nodes             request.body: {} ssl_verify: False
2022-08-07 22:21:47.145 25 INFO cinder.keymgr.migration [req-3510bd80-37be-43b8-a03d-0c57e5bd3eb2 - - - - -] Not migrating encryption keys because the ConfKeyManager's fixed_key is not in use.
2022-08-07 22:21:47.165 25 INFO cinder.volume.manager [req-5f0a9ca3-162c-49db-9183-cd34272d47e2 - - - - -] Driver initialization completed successfully.
2022-08-07 22:21:47.166 25 INFO cinder.manager [req-5f0a9ca3-162c-49db-9183-cd34272d47e2 - - - - -] Initiating service 4 cleanup
2022-08-07 22:21:47.178 25 INFO cinder.manager [req-5f0a9ca3-162c-49db-9183-cd34272d47e2 - - - - -] Service 4 cleanup completed.
2022-08-07 22:21:47.228 25 INFO cinder.volume.manager [req-5f0a9ca3-162c-49db-9183-cd34272d47e2 - - - - -] Initializing RPC dependent components of volume driver LightOSVolumeDriver (2.3.12)
2022-08-07 22:21:47.238 25 INFO cinder.volume.manager [req-5f0a9ca3-162c-49db-9183-cd34272d47e2 - - - - -] Driver post RPC initialization completed successfully.
