Build Started 04_09_2024_06_20_34
2024-09-04 06:21:36.669 7 WARNING cinder.scheduler.host_manager [req-d9fa87b4-4a32-4d70-8081-66c8f5d8fa06 req-853cd466-c4a8-466f-a98f-53197db84675 bd2c870dd34e4a4f92a1f36e2bd2f3f5 29f762d2210a48d392f9fc4dc55809af - - - -] volume service is down. (host: rack04-server60@lvm-1)
2024-09-04 06:21:36.729 7 WARNING cinder.scheduler.host_manager [req-e5ad8fae-5248-4317-9fe2-220ba9bac604 req-9178938a-abb7-4e65-b26e-f96868b31ee7 58a940a34d5f447f9e16c64b25ab4e08 5674b8eedef84d078262b2c7cd6af829 - - - -] volume service is down. (host: rack04-server60@lvm-1)
2024-09-04 06:21:37.995 7 WARNING cinder.scheduler.host_manager [None req-407e5802-39c3-4d68-92c2-57ce68a57130 7d332b843a4c4ac59ef6d09f58094871 962414ee924f4b8587a11b771158eb23 - - - -] volume service is down. (host: rack04-server60@lvm-1)
2024-09-04 06:21:38.522 7 WARNING cinder.scheduler.host_manager [None req-a189c16a-2161-47b0-a93f-aace16898a09 7d332b843a4c4ac59ef6d09f58094871 962414ee924f4b8587a11b771158eb23 - - - -] volume service is down. (host: rack04-server60@lvm-1)
2024-09-04 06:21:39.167 7 WARNING cinder.scheduler.host_manager [req-3977c88b-eafe-421a-a48d-0ef35bd2e169 req-2165e309-e46f-4267-aa16-dec4744507f7 bd2c870dd34e4a4f92a1f36e2bd2f3f5 29f762d2210a48d392f9fc4dc55809af - - - -] volume service is down. (host: rack04-server60@lvm-1)
2024-09-04 06:21:45.901 7 WARNING cinder.scheduler.host_manager [None req-1b0f6814-9fb2-466b-a64f-15d36df669a6 fb2ff46746384e2e80ff36a97f0fc96d cee62c39ce1347d9ba10e369cdd4b8cd - - - -] volume service is down. (host: rack04-server60@lvm-1)
2024-09-04 06:21:45.910 7 WARNING cinder.scheduler.host_manager [None req-1b0f6814-9fb2-466b-a64f-15d36df669a6 fb2ff46746384e2e80ff36a97f0fc96d cee62c39ce1347d9ba10e369cdd4b8cd - - - -] volume service is down. (host: rack04-server60@lvm-1)
2024-09-04 06:21:46.319 7 WARNING cinder.scheduler.host_manager [None req-565b60e9-5992-4505-b3d8-ca982f73dead 5b8aa124df744d8096323769e889b7f8 011a04027a834507ba11666a539ae632 - - - -] volume service is down. (host: rack04-server60@lvm-1)
2024-09-04 06:21:47.283 7 WARNING cinder.scheduler.host_manager [None req-1118013e-3b56-4d9f-b1af-e017651aa79d fb2ff46746384e2e80ff36a97f0fc96d cee62c39ce1347d9ba10e369cdd4b8cd - - - -] volume service is down. (host: rack04-server60@lvm-1)
2024-09-04 06:21:48.875 7 WARNING cinder.scheduler.host_manager [None req-032956ca-be88-43dc-947c-9f7b186e04fb 5b8aa124df744d8096323769e889b7f8 011a04027a834507ba11666a539ae632 - - - -] volume service is down. (host: rack04-server60@lvm-1)
2024-09-04 06:21:49.161 7 WARNING cinder.scheduler.host_manager [None req-a27b412e-cf41-4ac8-8f25-7623923e801b bd6bbe22c544463e8f26655301734517 62d7ff0679844fd78c509e96fd91542b - - - -] volume service is down. (host: rack04-server60@lvm-1)
2024-09-04 06:21:49.170 7 WARNING cinder.scheduler.host_manager [None req-a27b412e-cf41-4ac8-8f25-7623923e801b bd6bbe22c544463e8f26655301734517 62d7ff0679844fd78c509e96fd91542b - - - -] volume service is down. (host: rack04-server60@lvm-1)
2024-09-04 06:21:50.557 7 WARNING cinder.scheduler.host_manager [None req-0d057c1c-14d4-489d-bb59-d54675f572bd bd6bbe22c544463e8f26655301734517 62d7ff0679844fd78c509e96fd91542b - - - -] volume service is down. (host: rack04-server60@lvm-1)
2024-09-04 06:21:51.411 7 WARNING cinder.scheduler.host_manager [None req-717f17c3-a41b-4811-a68c-4856edcd3698 5b8aa124df744d8096323769e889b7f8 011a04027a834507ba11666a539ae632 - - - -] volume service is down. (host: rack04-server60@lvm-1)
2024-09-04 06:21:55.296 7 WARNING cinder.scheduler.host_manager [None req-20a32650-92e4-434c-b227-79f2f84d1f40 bd6bbe22c544463e8f26655301734517 62d7ff0679844fd78c509e96fd91542b - - - -] volume service is down. (host: rack04-server60@lvm-1)
2024-09-04 06:22:00.581 7 WARNING cinder.scheduler.host_manager [None req-00d7d677-7631-4756-8e55-72b49c5c8b29 2766f5379d6e46929e86eeaee80ef253 23938c97f8094beaa8b03f9c0be06efb - - - -] volume service is down. (host: rack04-server60@lvm-1)
2024-09-04 06:22:00.589 7 WARNING cinder.scheduler.host_manager [None req-00d7d677-7631-4756-8e55-72b49c5c8b29 2766f5379d6e46929e86eeaee80ef253 23938c97f8094beaa8b03f9c0be06efb - - - -] volume service is down. (host: rack04-server60@lvm-1)
2024-09-04 06:22:01.433 7 WARNING cinder.scheduler.host_manager [None req-390596a0-3af3-44a3-97e5-8adc20c1e8a6 bd6bbe22c544463e8f26655301734517 62d7ff0679844fd78c509e96fd91542b - - - -] volume service is down. (host: rack04-server60@lvm-1)
2024-09-04 06:22:01.442 7 WARNING cinder.scheduler.host_manager [None req-390596a0-3af3-44a3-97e5-8adc20c1e8a6 bd6bbe22c544463e8f26655301734517 62d7ff0679844fd78c509e96fd91542b - - - -] volume service is down. (host: rack04-server60@lvm-1)
2024-09-04 06:22:01.778 7 WARNING cinder.scheduler.host_manager [None req-1c8da46d-ffea-419c-ad9f-84b722faac3b 2766f5379d6e46929e86eeaee80ef253 23938c97f8094beaa8b03f9c0be06efb - - - -] volume service is down. (host: rack04-server60@lvm-1)
2024-09-04 06:22:01.787 7 WARNING cinder.scheduler.host_manager [None req-1c8da46d-ffea-419c-ad9f-84b722faac3b 2766f5379d6e46929e86eeaee80ef253 23938c97f8094beaa8b03f9c0be06efb - - - -] volume service is down. (host: rack04-server60@lvm-1)
2024-09-04 06:22:02.746 7 WARNING cinder.scheduler.host_manager [None req-e0172847-52e9-405b-8d14-2cdc12956336 bd6bbe22c544463e8f26655301734517 62d7ff0679844fd78c509e96fd91542b - - - -] volume service is down. (host: rack04-server60@lvm-1)
2024-09-04 06:22:03.103 7 WARNING cinder.scheduler.host_manager [None req-639551ed-1e1d-46d8-ba13-11be6fe89443 2766f5379d6e46929e86eeaee80ef253 23938c97f8094beaa8b03f9c0be06efb - - - -] volume service is down. (host: rack04-server60@lvm-1)
2024-09-04 06:22:05.254 7 WARNING cinder.scheduler.host_manager [None req-1ed67515-2ab3-44d9-bc4d-acd6c1cfd629 bd6bbe22c544463e8f26655301734517 62d7ff0679844fd78c509e96fd91542b - - - -] volume service is down. (host: rack04-server60@lvm-1)
2024-09-04 06:22:08.515 7 WARNING cinder.scheduler.host_manager [None req-7396d3dd-1dd9-4131-af1f-d08519c1e003 2766f5379d6e46929e86eeaee80ef253 23938c97f8094beaa8b03f9c0be06efb - - - -] volume service is down. (host: rack04-server60@lvm-1)
2024-09-04 06:22:08.525 7 WARNING cinder.scheduler.host_manager [None req-7396d3dd-1dd9-4131-af1f-d08519c1e003 2766f5379d6e46929e86eeaee80ef253 23938c97f8094beaa8b03f9c0be06efb - - - -] volume service is down. (host: rack04-server60@lvm-1)
2024-09-04 06:22:08.743 7 WARNING cinder.scheduler.host_manager [None req-dd0e2dd7-96e9-4be1-b51d-f0fe49f71ced 4962583404af400ca65be6a5212dbb9e b596a4d3af054022aae515bc93e1977c - - - -] volume service is down. (host: rack04-server60@lvm-1)
2024-09-04 06:22:08.752 7 WARNING cinder.scheduler.host_manager [None req-dd0e2dd7-96e9-4be1-b51d-f0fe49f71ced 4962583404af400ca65be6a5212dbb9e b596a4d3af054022aae515bc93e1977c - - - -] volume service is down. (host: rack04-server60@lvm-1)
2024-09-04 06:22:09.908 7 WARNING cinder.scheduler.host_manager [None req-220b9a8f-8234-4753-abbe-8c751c4cf5b0 2766f5379d6e46929e86eeaee80ef253 23938c97f8094beaa8b03f9c0be06efb - - - -] volume service is down. (host: rack04-server60@lvm-1)
2024-09-04 06:22:12.436 7 WARNING cinder.scheduler.host_manager [None req-541d054f-b3fe-44e5-93e9-ba0433291c52 2766f5379d6e46929e86eeaee80ef253 23938c97f8094beaa8b03f9c0be06efb - - - -] volume service is down. (host: rack04-server60@lvm-1)
2024-09-04 06:22:18.673 7 WARNING cinder.scheduler.host_manager [None req-c25b2025-a25f-4ceb-9078-1d2134212d79 bd6bbe22c544463e8f26655301734517 62d7ff0679844fd78c509e96fd91542b - - - -] volume service is down. (host: rack04-server60@lvm-1)
2024-09-04 06:22:18.684 7 WARNING cinder.scheduler.host_manager [None req-c25b2025-a25f-4ceb-9078-1d2134212d79 bd6bbe22c544463e8f26655301734517 62d7ff0679844fd78c509e96fd91542b - - - -] volume service is down. (host: rack04-server60@lvm-1)
2024-09-04 06:22:20.041 7 WARNING cinder.scheduler.host_manager [None req-99e885d7-1cd2-44ff-b074-7db6bb1e3b8e bd6bbe22c544463e8f26655301734517 62d7ff0679844fd78c509e96fd91542b - - - -] volume service is down. (host: rack04-server60@lvm-1)
2024-09-04 06:22:24.190 7 WARNING cinder.scheduler.host_manager [None req-03787030-8161-4f3f-a622-573e03b38365 ee728df14ad2460ebaf2ce34a8f66e7e 7a1c44efda0245b89d29c29c1604a4f2 - - - -] volume service is down. (host: rack04-server60@lvm-1)
2024-09-04 06:22:26.513 7 WARNING cinder.scheduler.host_manager [None req-59f785b7-5371-40fb-b597-1aed51932098 ee728df14ad2460ebaf2ce34a8f66e7e 7a1c44efda0245b89d29c29c1604a4f2 - - - -] volume service is down. (host: rack04-server60@lvm-1)
2024-09-04 06:22:29.180 7 WARNING cinder.scheduler.host_manager [None req-8885a1ff-d950-44e6-a7a0-3e37e1838b56 ee728df14ad2460ebaf2ce34a8f66e7e 7a1c44efda0245b89d29c29c1604a4f2 - - - -] volume service is down. (host: rack04-server60@lvm-1)
2024-09-04 06:22:31.278 7 WARNING cinder.scheduler.host_manager [None req-8d9b00bf-10fd-494d-8ef5-2512e208bad5 7797563f28ed48e38b67403832e13709 89f106b75d4c4cbcb0cb0ff942f10787 - - - -] volume service is down. (host: rack04-server60@lvm-1)
2024-09-04 06:22:32.773 7 WARNING cinder.scheduler.host_manager [None req-ffaa5650-2255-46ba-9eb2-7886132a8efd ee728df14ad2460ebaf2ce34a8f66e7e 7a1c44efda0245b89d29c29c1604a4f2 - - - -] volume service is down. (host: rack04-server60@lvm-1)
2024-09-04 06:22:36.333 7 WARNING cinder.scheduler.host_manager [None req-df9ea921-f456-42fd-86c6-94437f6fa41d ee728df14ad2460ebaf2ce34a8f66e7e 7a1c44efda0245b89d29c29c1604a4f2 - - - -] volume service is down. (host: rack04-server60@lvm-1)
2024-09-04 06:22:38.992 7 WARNING cinder.scheduler.host_manager [None req-52dc8f5e-6801-4a44-8579-b19c724c5a4a e3e4916ec00c41c0875a7ade7cfc9804 f938ece97aca44bc9aa6cc7b219fd641 - - - -] volume service is down. (host: rack04-server60@lvm-1)
2024-09-04 06:22:39.001 7 WARNING cinder.scheduler.host_manager [None req-52dc8f5e-6801-4a44-8579-b19c724c5a4a e3e4916ec00c41c0875a7ade7cfc9804 f938ece97aca44bc9aa6cc7b219fd641 - - - -] volume service is down. (host: rack04-server60@lvm-1)
2024-09-04 06:22:39.872 7 WARNING cinder.scheduler.host_manager [None req-796e709f-005e-471f-a7e3-8df2bf440eb3 ee728df14ad2460ebaf2ce34a8f66e7e 7a1c44efda0245b89d29c29c1604a4f2 - - - -] volume service is down. (host: rack04-server60@lvm-1)
2024-09-04 06:22:40.384 7 WARNING cinder.scheduler.host_manager [None req-efd55df4-f145-4d4c-990c-a22560450207 e3e4916ec00c41c0875a7ade7cfc9804 f938ece97aca44bc9aa6cc7b219fd641 - - - -] volume service is down. (host: rack04-server60@lvm-1)
2024-09-04 06:22:41.169 7 WARNING cinder.scheduler.host_manager [None req-47d53e44-80dc-4808-ad85-9e587e2da8ab 282b276bc9cd48eab0cfae33de815676 1b8a5a96d38b490ab2dc65397483b181 - - - -] volume service is down. (host: rack04-server60@lvm-1)
2024-09-04 06:22:42.769 7 WARNING cinder.scheduler.host_manager [None req-8a8c45e3-16bf-44f3-85e3-9dc99b5fa67f e3e4916ec00c41c0875a7ade7cfc9804 f938ece97aca44bc9aa6cc7b219fd641 - - - -] volume service is down. (host: rack04-server60@lvm-1)
2024-09-04 06:22:43.594 7 WARNING cinder.scheduler.host_manager [None req-da8e0903-9eaf-4049-b064-ae247fa812b7 282b276bc9cd48eab0cfae33de815676 1b8a5a96d38b490ab2dc65397483b181 - - - -] volume service is down. (host: rack04-server60@lvm-1)
2024-09-04 06:22:55.528 7 WARNING cinder.scheduler.host_manager [None req-305035fc-2551-4472-a627-77960a160d3d ca85d1b4dfbd4654a355ccbf16dc2959 59a86aa196194096b73f3e4483afdffa - - - -] volume service is down. (host: rack04-server60@lvm-1)
2024-09-04 06:22:55.530 7 INFO cinder.scheduler.base_filter [None req-305035fc-2551-4472-a627-77960a160d3d ca85d1b4dfbd4654a355ccbf16dc2959 59a86aa196194096b73f3e4483afdffa - - - -] Filtering removed all hosts for the request with volume ID '8c3af931-42fb-42e0-b497-147e70343b18'. Filter results: AvailabilityZoneFilter: (start: 1, end: 1), CapacityFilter: (start: 1, end: 1), CapabilitiesFilter: (start: 1, end: 0)
2024-09-04 06:22:55.530 7 WARNING cinder.scheduler.filter_scheduler [None req-305035fc-2551-4472-a627-77960a160d3d ca85d1b4dfbd4654a355ccbf16dc2959 59a86aa196194096b73f3e4483afdffa - - - -] No weighed backend found for volume with properties: {'id': '99922808-d384-41fc-a461-a087974fb4db', 'name': 'tempest-UserMessagesTest-volume-type-1005009979', 'description': None, 'is_public': True, 'projects': [], 'extra_specs': {'storage_protocol': 'tempest-storage_protocol-37200665', 'vendor_name': 'tempest-vendor_name-702220012'}, 'qos_specs_id': None, 'created_at': '2024-09-04T06:22:55.000000', 'updated_at': None, 'deleted_at': None, 'deleted': False}
2024-09-04 06:22:55.531 7 INFO cinder.message.api [None req-305035fc-2551-4472-a627-77960a160d3d ca85d1b4dfbd4654a355ccbf16dc2959 59a86aa196194096b73f3e4483afdffa - - - -] Creating message record for request_id = req-305035fc-2551-4472-a627-77960a160d3d
2024-09-04 06:22:55.537 7 ERROR cinder.scheduler.flows.create_volume [None req-305035fc-2551-4472-a627-77960a160d3d ca85d1b4dfbd4654a355ccbf16dc2959 59a86aa196194096b73f3e4483afdffa - - - -] Failed to run task cinder.scheduler.flows.create_volume.ScheduleCreateVolumeTask;volume:create: No valid backend was found. No weighed backends available: cinder.exception.NoValidBackend: No valid backend was found. No weighed backends available
2024-09-04 06:22:57.238 7 WARNING cinder.scheduler.host_manager [None req-7c85b076-9cd2-4237-9a6b-226fcc1d4aed 1d0a7cc685514e8d885c16424865a8bb 4cd363998121456f8b884de135615666 - - - -] volume service is down. (host: rack04-server60@lvm-1)
2024-09-04 06:22:57.336 7 WARNING cinder.scheduler.host_manager [None req-77b4ba39-d98c-4840-a2bd-c187c63f31a5 ca85d1b4dfbd4654a355ccbf16dc2959 59a86aa196194096b73f3e4483afdffa - - - -] volume service is down. (host: rack04-server60@lvm-1)
2024-09-04 06:22:57.337 7 INFO cinder.scheduler.base_filter [None req-77b4ba39-d98c-4840-a2bd-c187c63f31a5 ca85d1b4dfbd4654a355ccbf16dc2959 59a86aa196194096b73f3e4483afdffa - - - -] Filtering removed all hosts for the request with volume ID 'a4ba4235-9a26-403d-a8e8-bb10eb1eb868'. Filter results: AvailabilityZoneFilter: (start: 1, end: 1), CapacityFilter: (start: 1, end: 1), CapabilitiesFilter: (start: 1, end: 0)
2024-09-04 06:22:57.338 7 WARNING cinder.scheduler.filter_scheduler [None req-77b4ba39-d98c-4840-a2bd-c187c63f31a5 ca85d1b4dfbd4654a355ccbf16dc2959 59a86aa196194096b73f3e4483afdffa - - - -] No weighed backend found for volume with properties: {'id': '819b28ed-5ac0-49ef-86fa-79ce308c688d', 'name': 'tempest-UserMessagesTest-volume-type-1740375010', 'description': None, 'is_public': True, 'projects': [], 'extra_specs': {'storage_protocol': 'tempest-storage_protocol-678023384', 'vendor_name': 'tempest-vendor_name-1687191997'}, 'qos_specs_id': None, 'created_at': '2024-09-04T06:22:57.000000', 'updated_at': None, 'deleted_at': None, 'deleted': False}
2024-09-04 06:22:57.339 7 INFO cinder.message.api [None req-77b4ba39-d98c-4840-a2bd-c187c63f31a5 ca85d1b4dfbd4654a355ccbf16dc2959 59a86aa196194096b73f3e4483afdffa - - - -] Creating message record for request_id = req-77b4ba39-d98c-4840-a2bd-c187c63f31a5
2024-09-04 06:22:57.344 7 ERROR cinder.scheduler.flows.create_volume [None req-77b4ba39-d98c-4840-a2bd-c187c63f31a5 ca85d1b4dfbd4654a355ccbf16dc2959 59a86aa196194096b73f3e4483afdffa - - - -] Failed to run task cinder.scheduler.flows.create_volume.ScheduleCreateVolumeTask;volume:create: No valid backend was found. No weighed backends available: cinder.exception.NoValidBackend: No valid backend was found. No weighed backends available
2024-09-04 06:23:05.918 7 WARNING cinder.scheduler.host_manager [None req-1951aacb-a6b8-4606-913b-f1b94435eb21 ee3c7798642449c797f8cf3e54b51b36 095050bef95246fa964663c5914b30fa - - - -] volume service is down. (host: rack04-server60@lvm-1)
2024-09-04 06:23:09.593 7 WARNING cinder.scheduler.host_manager [None req-0c158f1d-9c03-429a-99ac-7fb6bbbff28e ee3c7798642449c797f8cf3e54b51b36 095050bef95246fa964663c5914b30fa - - - -] volume service is down. (host: rack04-server60@lvm-1)
2024-09-04 06:23:11.450 7 WARNING cinder.scheduler.host_manager [None req-d8747083-06b4-4bf6-9738-d93dee9fcc3c 70395882a635468ca17ee4ce137096b1 45250d9fa0a04e08895d53334bb3d24d - - - -] volume service is down. (host: rack04-server60@lvm-1)
2024-09-04 06:23:20.829 7 WARNING cinder.scheduler.host_manager [None req-62cf4b59-0a4a-49b0-bed8-1c08eacd44c6 91af0ac2f64c4e45a52707cbc8cf1fda 5a0f34be4542445b9f5ae8a6de396f71 - - - -] volume service is down. (host: rack04-server60@lvm-1)
2024-09-04 06:23:24.033 7 WARNING cinder.scheduler.host_manager [None req-c44b9684-fdde-4aec-8962-c665b61be949 417d57c61ed54c58a08e68c3980b9429 2331e58349ab4d099fa0a1068d7abd45 - - - -] volume service is down. (host: rack04-server60@lvm-1)
2024-09-04 06:23:26.532 7 WARNING cinder.scheduler.host_manager [None req-ad545374-a879-41c7-849c-53392f3e0c4a 417d57c61ed54c58a08e68c3980b9429 2331e58349ab4d099fa0a1068d7abd45 - - - -] volume service is down. (host: rack04-server60@lvm-1)
2024-09-04 06:23:27.234 7 WARNING cinder.scheduler.host_manager [None req-57da03b3-0d46-486e-95bd-2d9689b2422f 2cffc79de74048a58b1ee236807ef6f5 8e43d2ee637243a8ac614d154170078f - - - -] volume service is down. (host: rack04-server60@lvm-1)
2024-09-04 06:23:29.060 7 WARNING cinder.scheduler.host_manager [None req-fe8f4559-507a-40a4-b8d1-ab26445c49eb 417d57c61ed54c58a08e68c3980b9429 2331e58349ab4d099fa0a1068d7abd45 - - - -] volume service is down. (host: rack04-server60@lvm-1)
2024-09-04 06:23:30.336 7 WARNING cinder.scheduler.host_manager [None req-a7d5cda8-9b6b-44a3-a1be-aafa6ed558d1 d8fa79b4ca084c4fb8db9108979bb14e b0b45966c64f456ea551f2f0fab7f19f - - - -] volume service is down. (host: rack04-server60@lvm-1)
2024-09-04 06:23:31.745 7 WARNING cinder.scheduler.host_manager [None req-4a5d0287-4186-487c-8fb6-ce6c3ec43f70 1e09dc8b25e3416e8d6c031a5df57a1d 203b40d31d484ab89b68b08486fc631a - - - -] volume service is down. (host: rack04-server60@lvm-1)
2024-09-04 06:23:32.709 7 WARNING cinder.scheduler.host_manager [None req-cd00c9d7-9740-4203-a4f0-a7b5d488939c d8fa79b4ca084c4fb8db9108979bb14e b0b45966c64f456ea551f2f0fab7f19f - - - -] volume service is down. (host: rack04-server60@lvm-1)
2024-09-04 06:23:38.402 7 WARNING cinder.scheduler.host_manager [None req-212ebf2b-57ff-4d3e-9014-768e7c84d852 1efa0e74225840b3996b827249763b61 58375ab6f8424dc4b61e4b4f1fd2acab - - - -] volume service is down. (host: rack04-server60@lvm-1)
2024-09-04 06:23:43.697 7 WARNING cinder.scheduler.host_manager [None req-438e5b7e-ffc3-49c1-bb98-01c93f057b5a 1efa0e74225840b3996b827249763b61 58375ab6f8424dc4b61e4b4f1fd2acab - - - -] volume service is down. (host: rack04-server60@lvm-1)
2024-09-04 06:23:44.794 7 WARNING cinder.scheduler.host_manager [None req-fa117b4f-ca23-459a-ba18-6a4d6de4fc04 0f462b0bb20045169676624695752ecf faa275f1847c409c8ffcf7499d510047 - - - -] volume service is down. (host: rack04-server60@lvm-1)
2024-09-04 06:23:46.706 7 WARNING cinder.scheduler.host_manager [None req-c850e8a2-0408-4f00-a0de-c30c7423a9cf 0473a20d6c4744b2a748cf148d8205f3 4aa2eb7c97db428b90a783d185b371a3 - - - -] volume service is down. (host: rack04-server60@lvm-1)
2024-09-04 06:23:47.117 7 WARNING cinder.scheduler.host_manager [None req-a62939b6-65d1-4d37-9776-d3f0e203e635 0f462b0bb20045169676624695752ecf faa275f1847c409c8ffcf7499d510047 - - - -] volume service is down. (host: rack04-server60@lvm-1)
2024-09-04 06:23:51.447 7 WARNING cinder.scheduler.host_manager [None req-2d02240e-f416-4ab6-b342-b32f3f8d56c4 471e7e594d584ce3b913afe8ea7a8312 ff721510204a4474b4fa41d65de1d0ef - - - -] volume service is down. (host: rack04-server60@lvm-1)
2024-09-04 06:23:55.728 7 WARNING cinder.scheduler.host_manager [None req-0446d5e8-c5f6-4078-999a-836d5ecbfb11 ca28614b8e244b79b20ebd0ae6c973f4 b769ade8762742cb9f812ad90fa3787d - - - -] volume service is down. (host: rack04-server60@lvm-1)
2024-09-04 06:23:57.366 7 WARNING cinder.scheduler.host_manager [None req-45a6a613-2f90-4ae3-b175-c1faf42a3e0c 6bd06fa7535d4d38bdab341bd352feb3 72415af43581446393e3f7bf7ea10c54 - - - -] volume service is down. (host: rack04-server60@lvm-1)
2024-09-04 06:23:58.016 7 WARNING cinder.scheduler.host_manager [None req-bafd2cb9-1f9c-4f35-afd6-37282ec0b798 ca28614b8e244b79b20ebd0ae6c973f4 b769ade8762742cb9f812ad90fa3787d - - - -] volume service is down. (host: rack04-server60@lvm-1)
2024-09-04 06:23:58.332 7 WARNING cinder.scheduler.host_manager [None req-693a8976-76e1-43c0-98b7-82d37eea1e07 0a46dcb0cb144f93972e8fcc28fd64e6 ef99ccdce09f4e16b5849581ca6c196f - - - -] volume service is down. (host: rack04-server60@lvm-1)
2024-09-04 06:24:00.278 7 WARNING cinder.scheduler.host_manager [None req-b6720d49-55f9-4abd-8ce3-0a45785e84eb ca28614b8e244b79b20ebd0ae6c973f4 b769ade8762742cb9f812ad90fa3787d - - - -] volume service is down. (host: rack04-server60@lvm-1)
2024-09-04 06:24:01.088 7 WARNING cinder.scheduler.host_manager [None req-76478c52-c3a9-4bf8-b3ba-7caf1812327f 0a46dcb0cb144f93972e8fcc28fd64e6 ef99ccdce09f4e16b5849581ca6c196f - - - -] volume service is down. (host: rack04-server60@lvm-1)
2024-09-04 06:24:02.678 7 WARNING cinder.scheduler.host_manager [None req-fa0dc2ff-7aa4-430e-94bb-39114d0251c7 6bd06fa7535d4d38bdab341bd352feb3 72415af43581446393e3f7bf7ea10c54 - - - -] volume service is down. (host: rack04-server60@lvm-1)
2024-09-04 06:24:04.042 7 WARNING cinder.scheduler.host_manager [None req-ce66b1b4-1480-45b0-8e99-154557d2bbfd ca28614b8e244b79b20ebd0ae6c973f4 b769ade8762742cb9f812ad90fa3787d - - - -] volume service is down. (host: rack04-server60@lvm-1)
2024-09-04 06:24:05.952 7 WARNING cinder.scheduler.host_manager [None req-5c9ea4ea-77c9-4f84-813c-f127d8c035b2 0a46dcb0cb144f93972e8fcc28fd64e6 ef99ccdce09f4e16b5849581ca6c196f - - - -] volume service is down. (host: rack04-server60@lvm-1)
2024-09-04 06:24:06.366 7 WARNING cinder.scheduler.host_manager [None req-9550d0b2-edec-488c-9ee4-7d2967294d35 ca28614b8e244b79b20ebd0ae6c973f4 b769ade8762742cb9f812ad90fa3787d - - - -] volume service is down. (host: rack04-server60@lvm-1)
2024-09-04 06:24:08.423 7 WARNING cinder.scheduler.host_manager [None req-a2ef85c9-e23b-4912-8b59-37eae3f461e4 0a46dcb0cb144f93972e8fcc28fd64e6 ef99ccdce09f4e16b5849581ca6c196f - - - -] volume service is down. (host: rack04-server60@lvm-1)
2024-09-04 06:24:08.805 7 WARNING cinder.scheduler.host_manager [None req-6c46cf94-cf01-4549-b492-3c71c33a7cc6 ca28614b8e244b79b20ebd0ae6c973f4 b769ade8762742cb9f812ad90fa3787d - - - -] volume service is down. (host: rack04-server60@lvm-1)
2024-09-04 06:24:11.270 7 WARNING cinder.scheduler.host_manager [None req-530ceb06-8139-4339-a18c-7810a1c2a416 b473a29b30e54734b657e9b1d068209b 90d0afc0ef3d4aff8a49129f6383a35c - - - -] volume service is down. (host: rack04-server60@lvm-1)
2024-09-04 06:24:12.247 7 WARNING cinder.scheduler.host_manager [None req-7b3a8257-4792-45dc-863a-df86c01a44d4 0a46dcb0cb144f93972e8fcc28fd64e6 ef99ccdce09f4e16b5849581ca6c196f - - - -] volume service is down. (host: rack04-server60@lvm-1)
2024-09-04 06:24:18.436 7 WARNING cinder.scheduler.host_manager [None req-4c4f4e4a-af75-4a94-97cc-b5171ff059c4 0a46dcb0cb144f93972e8fcc28fd64e6 ef99ccdce09f4e16b5849581ca6c196f - - - -] volume service is down. (host: rack04-server60@lvm-1)
2024-09-04 06:24:20.203 7 WARNING cinder.scheduler.host_manager [None req-9e4ec3b6-5144-4aac-9fbb-2d3ba80498c9 b473a29b30e54734b657e9b1d068209b 90d0afc0ef3d4aff8a49129f6383a35c - - - -] volume service is down. (host: rack04-server60@lvm-1)
2024-09-04 06:24:20.855 7 WARNING cinder.scheduler.host_manager [None req-f6010d29-137c-4296-bc1f-9fde4e9c80d8 c7cbfe5b755e48ff9be63ae417dfdb36 59378c92bae74c71b998db917e721b40 - - - -] volume service is down. (host: rack04-server60@lvm-1)
2024-09-04 06:24:25.867 7 WARNING cinder.scheduler.host_manager [None req-929d0c69-58c6-419e-8441-c63737bec6f9 c7cbfe5b755e48ff9be63ae417dfdb36 59378c92bae74c71b998db917e721b40 - - - -] volume service is down. (host: rack04-server60@lvm-1)
2024-09-04 06:24:26.188 7 WARNING cinder.scheduler.host_manager [None req-32bb0c59-67e0-47a1-ac15-2f1096430854 b473a29b30e54734b657e9b1d068209b 90d0afc0ef3d4aff8a49129f6383a35c - - - -] volume service is down. (host: rack04-server60@lvm-1)
2024-09-04 06:24:27.591 7 WARNING cinder.scheduler.host_manager [None req-4becbda9-4310-44ea-b102-490bb3dcc4df 0a46dcb0cb144f93972e8fcc28fd64e6 ef99ccdce09f4e16b5849581ca6c196f - - - -] volume service is down. (host: rack04-server60@lvm-1)
2024-09-04 06:24:28.699 7 WARNING cinder.scheduler.host_manager [None req-38428e94-ddab-4be5-9d6c-d89c6619b915 b473a29b30e54734b657e9b1d068209b 90d0afc0ef3d4aff8a49129f6383a35c - - - -] volume service is down. (host: rack04-server60@lvm-1)
2024-09-04 06:24:35.759 7 WARNING cinder.scheduler.host_manager [None req-6fa69760-3e42-4568-b439-da9763cb4545 f1fa73f3e8234a0eb4ca7d52332efb88 a10a5c0d454943748512abaa4317bb1e - - - -] volume service is down. (host: rack04-server60@lvm-1)
2024-09-04 06:24:37.330 7 WARNING cinder.scheduler.host_manager [None req-9f8cc69d-fc15-4d51-bebf-084a39716584 99d8792026dc443ab49bacf0d798a820 a45bbcbd050c44019a714122df9f675c - - - -] volume service is down. (host: rack04-server60@lvm-1)
2024-09-04 06:24:38.185 7 WARNING cinder.scheduler.host_manager [None req-94b1c908-96c6-4d9f-b98d-e8e0521548ca a88f774d7052414e9523929859d99dc6 117b530ce9804986bd97c573930bfbdb - - - -] volume service is down. (host: rack04-server60@lvm-1)
2024-09-04 06:24:38.264 7 WARNING cinder.scheduler.host_manager [None req-9323ee40-9b08-4701-9409-285c8c980a36 f1fa73f3e8234a0eb4ca7d52332efb88 a10a5c0d454943748512abaa4317bb1e - - - -] volume service is down. (host: rack04-server60@lvm-1)
2024-09-04 06:24:39.691 7 WARNING cinder.scheduler.host_manager [None req-063301b8-704a-40ce-ade8-004428e30204 99d8792026dc443ab49bacf0d798a820 a45bbcbd050c44019a714122df9f675c - - - -] volume service is down. (host: rack04-server60@lvm-1)
2024-09-04 06:24:40.793 7 WARNING cinder.scheduler.host_manager [None req-c9244b4b-56bc-4a69-b74e-62fff18a28c8 f1fa73f3e8234a0eb4ca7d52332efb88 a10a5c0d454943748512abaa4317bb1e - - - -] volume service is down. (host: rack04-server60@lvm-1)
2024-09-04 06:24:46.938 7 WARNING cinder.scheduler.host_manager [None req-f29b9e69-c232-4963-aad1-9b07e05ff1a4 a88f774d7052414e9523929859d99dc6 117b530ce9804986bd97c573930bfbdb - - - -] volume service is down. (host: rack04-server60@lvm-1)
2024-09-04 06:24:49.666 7 WARNING cinder.scheduler.host_manager [None req-aad8fece-ed26-443f-b016-92c45681b4fa a88f774d7052414e9523929859d99dc6 117b530ce9804986bd97c573930bfbdb - - - -] volume service is down. (host: rack04-server60@lvm-1)
2024-09-04 06:24:52.006 7 WARNING cinder.scheduler.host_manager [None req-237b684b-8e35-4e29-8b81-765aa1568ddf a88f774d7052414e9523929859d99dc6 117b530ce9804986bd97c573930bfbdb - - - -] volume service is down. (host: rack04-server60@lvm-1)
2024-09-04 06:24:52.100 7 WARNING cinder.scheduler.host_manager [None req-acbedadd-a276-4d44-ba96-b0e6c125f91b e7efd394a4e447aea5703fa328621ca5 c7be5b65b71541739b8b7f000ce1421e - - - -] volume service is down. (host: rack04-server60@lvm-1)
2024-09-04 06:24:54.250 7 WARNING cinder.scheduler.host_manager [None req-3ed5f70a-f923-4386-a8e0-ae6f3496f855 a88f774d7052414e9523929859d99dc6 117b530ce9804986bd97c573930bfbdb - - - -] volume service is down. (host: rack04-server60@lvm-1)
2024-09-04 06:25:01.170 7 WARNING cinder.scheduler.host_manager [None req-51c39ea1-bf4f-4582-b154-44852b7f22d8 31a38cd8270249ccb4ddf1d6c9536c45 1d76e5f8643546e98f9b4f0abe92d0d7 - - - -] volume service is down. (host: rack04-server60@lvm-1)
2024-09-04 06:25:03.561 7 WARNING cinder.scheduler.host_manager [None req-4ea81373-acb5-4794-a9b8-e992e731ba43 31a38cd8270249ccb4ddf1d6c9536c45 1d76e5f8643546e98f9b4f0abe92d0d7 - - - -] volume service is down. (host: rack04-server60@lvm-1)
2024-09-04 06:25:05.834 7 WARNING cinder.scheduler.host_manager [None req-e8f73016-bad5-4471-92a9-29a4a3252a3f 31a38cd8270249ccb4ddf1d6c9536c45 1d76e5f8643546e98f9b4f0abe92d0d7 - - - -] volume service is down. (host: rack04-server60@lvm-1)
2024-09-04 06:25:08.109 7 WARNING cinder.scheduler.host_manager [None req-d03b5107-e1d1-46de-bbff-02bee8421af2 31a38cd8270249ccb4ddf1d6c9536c45 1d76e5f8643546e98f9b4f0abe92d0d7 - - - -] volume service is down. (host: rack04-server60@lvm-1)
2024-09-04 06:25:23.417 7 WARNING cinder.scheduler.host_manager [None req-7ab075d4-da1a-44df-a095-ff5b03359135 66602dfdf8264d4f83344ac10b885757 465201b44fd5485a96d96ab0b0502dc9 - - - -] volume service is down. (host: rack04-server60@lvm-1)
2024-09-04 06:25:23.452 7 WARNING cinder.scheduler.host_manager [None req-cf62fc75-27e0-423c-86a4-7aab9fcc3868 0307ed034ac949f09c7e29a4ab32b4b8 9fac827a51cb495596b99f376a646b65 - - - -] volume service is down. (host: rack04-server60@lvm-1)
2024-09-04 06:25:23.504 7 WARNING cinder.scheduler.host_manager [None req-794404db-ee2a-4f71-b893-477284552266 36b3303575f1468596a79c210e0f20db bd149f68e28d4ecb835900bf0f19710f - - - -] volume service is down. (host: rack04-server60@lvm-1)
2024-09-04 06:25:23.571 7 WARNING cinder.scheduler.host_manager [None req-d90a9288-7692-4bc3-b699-cf6d80e5e4d4 66602dfdf8264d4f83344ac10b885757 465201b44fd5485a96d96ab0b0502dc9 - - - -] volume service is down. (host: rack04-server60@lvm-1)
2024-09-04 06:25:23.799 7 WARNING cinder.scheduler.host_manager [None req-f68ef2e1-1077-4daf-9c3d-515361c0a6ff 66602dfdf8264d4f83344ac10b885757 465201b44fd5485a96d96ab0b0502dc9 - - - -] volume service is down. (host: rack04-server60@lvm-1)
2024-09-04 06:25:24.010 7 WARNING cinder.scheduler.host_manager [None req-c485bdab-55fe-45a7-be13-5956215135af 66602dfdf8264d4f83344ac10b885757 465201b44fd5485a96d96ab0b0502dc9 - - - -] volume service is down. (host: rack04-server60@lvm-1)
2024-09-04 06:25:24.244 7 WARNING cinder.scheduler.host_manager [None req-0631e28e-b6a6-4b56-8893-44a48c956995 66602dfdf8264d4f83344ac10b885757 465201b44fd5485a96d96ab0b0502dc9 - - - -] volume service is down. (host: rack04-server60@lvm-1)
2024-09-04 06:25:24.741 7 WARNING cinder.scheduler.host_manager [None req-a1d97f3e-3999-4817-8673-b83f3ec74f1f 0307ed034ac949f09c7e29a4ab32b4b8 9fac827a51cb495596b99f376a646b65 - - - -] volume service is down. (host: rack04-server60@lvm-1)
2024-09-04 06:25:24.978 7 WARNING cinder.scheduler.host_manager [None req-f7538789-9a88-4561-be5f-3d687a613cbf 0307ed034ac949f09c7e29a4ab32b4b8 9fac827a51cb495596b99f376a646b65 - - - -] volume service is down. (host: rack04-server60@lvm-1)
2024-09-04 06:25:25.206 7 WARNING cinder.scheduler.host_manager [None req-7dce9fac-fd61-43b4-8b43-047c5bcb017a 0307ed034ac949f09c7e29a4ab32b4b8 9fac827a51cb495596b99f376a646b65 - - - -] volume service is down. (host: rack04-server60@lvm-1)
2024-09-04 06:25:25.471 7 WARNING cinder.scheduler.host_manager [None req-3e9b207d-1c67-4bec-9b27-b1b151b19cd8 0307ed034ac949f09c7e29a4ab32b4b8 9fac827a51cb495596b99f376a646b65 - - - -] volume service is down. (host: rack04-server60@lvm-1)
2024-09-04 06:25:25.717 7 WARNING cinder.scheduler.host_manager [None req-d7a5b243-639a-4a05-8b1f-d4dead3b0e43 0307ed034ac949f09c7e29a4ab32b4b8 9fac827a51cb495596b99f376a646b65 - - - -] volume service is down. (host: rack04-server60@lvm-1)
2024-09-04 06:25:25.795 7 WARNING cinder.scheduler.host_manager [None req-961ca027-6ed0-4bec-a94d-5e235448de7a 36b3303575f1468596a79c210e0f20db bd149f68e28d4ecb835900bf0f19710f - - - -] volume service is down. (host: rack04-server60@lvm-1)
2024-09-04 06:25:28.180 7 WARNING cinder.scheduler.host_manager [None req-34d188b3-1868-47d0-b1ba-94b6a59d46dc 36b3303575f1468596a79c210e0f20db bd149f68e28d4ecb835900bf0f19710f - - - -] volume service is down. (host: rack04-server60@lvm-1)
2024-09-04 06:25:28.363 7 WARNING cinder.scheduler.host_manager [None req-23dbcf9c-eb75-4353-be0f-5636a62e6242 36b3303575f1468596a79c210e0f20db bd149f68e28d4ecb835900bf0f19710f - - - -] volume service is down. (host: rack04-server60@lvm-1)
2024-09-04 06:25:28.912 7 WARNING cinder.scheduler.host_manager [None req-e4e694c0-0a10-4058-b255-7dfd9de1fceb 36b3303575f1468596a79c210e0f20db bd149f68e28d4ecb835900bf0f19710f - - - -] volume service is down. (host: rack04-server60@lvm-1)
2024-09-04 06:25:29.407 7 WARNING cinder.scheduler.host_manager [None req-85453e39-10d8-4448-9c38-f506720d784d 36b3303575f1468596a79c210e0f20db bd149f68e28d4ecb835900bf0f19710f - - - -] volume service is down. (host: rack04-server60@lvm-1)
2024-09-04 06:25:29.657 7 WARNING cinder.scheduler.host_manager [None req-4223a2a4-a2b1-4476-b073-4298d8c446bf 36b3303575f1468596a79c210e0f20db bd149f68e28d4ecb835900bf0f19710f - - - -] volume service is down. (host: rack04-server60@lvm-1)
2024-09-04 06:25:34.940 7 WARNING cinder.scheduler.host_manager [None req-b50c4c47-1a4c-415e-88ec-7d5d8b2c2685 8a49945d03624f47bcf49d8d4deca964 b3826b98025a42ffb75dfce29fbc25f6 - - - -] volume service is down. (host: rack04-server60@lvm-1)
2024-09-04 06:25:37.454 7 WARNING cinder.scheduler.host_manager [None req-5d1365a7-9bfb-4be7-8be7-9dd1d64e6d91 8a49945d03624f47bcf49d8d4deca964 b3826b98025a42ffb75dfce29fbc25f6 - - - -] volume service is down. (host: rack04-server60@lvm-1)
2024-09-04 06:25:39.876 7 WARNING cinder.scheduler.host_manager [None req-fb660841-1ca7-4339-b626-21d3c96329c9 8a49945d03624f47bcf49d8d4deca964 b3826b98025a42ffb75dfce29fbc25f6 - - - -] volume service is down. (host: rack04-server60@lvm-1)
