Build Started 01_08_2024_20_37_42
2024-08-01 20:39:08.599 7 WARNING cinder.scheduler.host_manager [req-036d776a-544d-4781-b0a5-91a19a1b4d78 req-15503ba7-782e-4340-9e98-0e1c3ff949e9 f6f687f94c1d4231abd1f881f87481c6 c17b36d526164bcba09b1f141a19b3b9 - - - -] volume service is down. (host: rack04-server68@LIGHTOSboocrr)
2024-08-01 20:39:08.647 7 WARNING cinder.scheduler.host_manager [req-5d73b487-b369-467d-ae11-ea486f425e2b req-013d470a-62ca-4a9b-ae74-d74f052807ac c82b2b6f7f014b93ba5635a6932357fa 39e160e417fe46b19820f446acc5933f - - - -] volume service is down. (host: rack04-server68@LIGHTOSboocrr)
2024-08-01 20:39:09.722 7 WARNING cinder.scheduler.host_manager [None req-cc64fdf4-89a7-49e2-b089-71780c7e27af 50d9df4df8e34af18e53dc10cb696d5b a59f06ef68d04627abbc9cbea9a7692c - - - -] volume service is down. (host: rack04-server68@LIGHTOSboocrr)
2024-08-01 20:39:09.728 7 WARNING cinder.scheduler.host_manager [None req-cc64fdf4-89a7-49e2-b089-71780c7e27af 50d9df4df8e34af18e53dc10cb696d5b a59f06ef68d04627abbc9cbea9a7692c - - - -] volume service is down. (host: rack04-server68@LIGHTOSboocrr)
2024-08-01 20:39:10.112 7 WARNING cinder.scheduler.host_manager [req-09a67c7e-c451-40d2-98fa-d6b58bf25658 req-e126af93-2ca2-4d63-b549-5b7faf901cb7 f6f687f94c1d4231abd1f881f87481c6 c17b36d526164bcba09b1f141a19b3b9 - - - -] volume service is down. (host: rack04-server68@LIGHTOSboocrr)
2024-08-01 20:39:11.051 7 WARNING cinder.scheduler.host_manager [None req-4420ff00-4173-4a42-b408-583acdcf1357 50d9df4df8e34af18e53dc10cb696d5b a59f06ef68d04627abbc9cbea9a7692c - - - -] volume service is down. (host: rack04-server68@LIGHTOSboocrr)
2024-08-01 20:39:12.355 7 WARNING cinder.scheduler.host_manager [None req-0e8dd36e-cbf1-4a4b-a4db-5965504b71dc 50d9df4df8e34af18e53dc10cb696d5b a59f06ef68d04627abbc9cbea9a7692c - - - -] volume service is down. (host: rack04-server68@LIGHTOSboocrr)
2024-08-01 20:39:14.758 7 WARNING cinder.scheduler.host_manager [None req-702cca28-7166-4d0c-86c6-f53a19e567a4 faf1771baa2f40d0981c17b575b2e762 a92ec6233e204247afc0d2c27f036aac - - - -] volume service is down. (host: rack04-server68@LIGHTOSboocrr)
2024-08-01 20:39:16.161 7 WARNING cinder.scheduler.host_manager [None req-ddaac1b1-8de5-4f69-b3c5-0163ae1ce088 faf1771baa2f40d0981c17b575b2e762 a92ec6233e204247afc0d2c27f036aac - - - -] volume service is down. (host: rack04-server68@LIGHTOSboocrr)
2024-08-01 20:39:17.523 7 WARNING cinder.scheduler.host_manager [None req-bc2d0859-6a73-4d3a-985e-630d68860522 faf1771baa2f40d0981c17b575b2e762 a92ec6233e204247afc0d2c27f036aac - - - -] volume service is down. (host: rack04-server68@LIGHTOSboocrr)
2024-08-01 20:39:22.481 7 WARNING cinder.scheduler.host_manager [None req-db099cd1-d784-4858-9456-b20ad4bc2b9a acd66c4cae3343979e83d59dcc05c88d a541b34d52254965a1ff010bd05300e4 - - - -] volume service is down. (host: rack04-server68@LIGHTOSboocrr)
2024-08-01 20:39:23.009 7 WARNING cinder.scheduler.host_manager [None req-b2ddecf7-a806-4b0a-a693-a66092a564d6 acd66c4cae3343979e83d59dcc05c88d a541b34d52254965a1ff010bd05300e4 - - - -] volume service is down. (host: rack04-server68@LIGHTOSboocrr)
2024-08-01 20:39:29.759 7 WARNING cinder.scheduler.host_manager [None req-6c3bf9cb-b145-4fad-8226-6ccfaf4a7671 db3716a72e0a443f977f2b7bf773480f 60ee8f5c89d0430fb67c574b3e96f5a1 - - - -] volume service is down. (host: rack04-server68@LIGHTOSboocrr)
2024-08-01 20:39:29.764 7 WARNING cinder.scheduler.host_manager [None req-6c3bf9cb-b145-4fad-8226-6ccfaf4a7671 db3716a72e0a443f977f2b7bf773480f 60ee8f5c89d0430fb67c574b3e96f5a1 - - - -] volume service is down. (host: rack04-server68@LIGHTOSboocrr)
2024-08-01 20:39:31.111 7 WARNING cinder.scheduler.host_manager [None req-7abb4112-268b-4851-9ccc-41437a1c7f9e db3716a72e0a443f977f2b7bf773480f 60ee8f5c89d0430fb67c574b3e96f5a1 - - - -] volume service is down. (host: rack04-server68@LIGHTOSboocrr)
2024-08-01 20:39:32.846 7 WARNING cinder.scheduler.host_manager [None req-aae484c0-2ca1-458a-8d8c-525144ac84b3 583fa793a5784496a7f837f3e0d9bc2e 6d9be34817a64f968bf46f71979747b5 - - - -] volume service is down. (host: rack04-server68@LIGHTOSboocrr)
2024-08-01 20:39:34.665 7 WARNING cinder.scheduler.host_manager [None req-c3676a6b-bdb2-498e-b5cf-ea6b75aa3010 db3716a72e0a443f977f2b7bf773480f 60ee8f5c89d0430fb67c574b3e96f5a1 - - - -] volume service is down. (host: rack04-server68@LIGHTOSboocrr)
2024-08-01 20:39:36.941 7 WARNING cinder.scheduler.host_manager [None req-0e1bf398-8599-4505-b948-13a572c24c85 76a73ef37fa9453fb441dc340fe53352 e7080f4cde13488d9ec3bd1a3c086555 - - - -] volume service is down. (host: rack04-server68@LIGHTOSboocrr)
2024-08-01 20:39:36.947 7 WARNING cinder.scheduler.host_manager [None req-0e1bf398-8599-4505-b948-13a572c24c85 76a73ef37fa9453fb441dc340fe53352 e7080f4cde13488d9ec3bd1a3c086555 - - - -] volume service is down. (host: rack04-server68@LIGHTOSboocrr)
2024-08-01 20:39:37.184 7 WARNING cinder.scheduler.host_manager [None req-4402ae6b-3dec-4b2f-8a1f-4763fdcef979 bd71ef5748ef446b801de352f074f8d8 9b81f062102c4858b785ecaf55bd0efa - - - -] volume service is down. (host: rack04-server68@LIGHTOSboocrr)
2024-08-01 20:39:43.285 7 WARNING cinder.scheduler.host_manager [None req-0ae2fd0a-2485-4a72-bed2-445776bdf2db d8790b92f5004d468628be2bd3667f26 34aeca1df6934ae3968b028d66b635cc - - - -] volume service is down. (host: rack04-server68@LIGHTOSboocrr)
2024-08-01 20:39:44.527 7 WARNING cinder.scheduler.host_manager [None req-b7cf918d-73e8-49a7-a24b-4ce657a0c607 d8790b92f5004d468628be2bd3667f26 34aeca1df6934ae3968b028d66b635cc - - - -] volume service is down. (host: rack04-server68@LIGHTOSboocrr)
2024-08-01 20:39:46.048 7 WARNING cinder.scheduler.host_manager [None req-112b814e-33ed-4473-98d2-c50a195c8f48 db3716a72e0a443f977f2b7bf773480f 60ee8f5c89d0430fb67c574b3e96f5a1 - - - -] volume service is down. (host: rack04-server68@LIGHTOSboocrr)
2024-08-01 20:39:46.054 7 WARNING cinder.scheduler.host_manager [None req-112b814e-33ed-4473-98d2-c50a195c8f48 db3716a72e0a443f977f2b7bf773480f 60ee8f5c89d0430fb67c574b3e96f5a1 - - - -] volume service is down. (host: rack04-server68@LIGHTOSboocrr)
2024-08-01 20:39:47.034 7 WARNING cinder.scheduler.host_manager [None req-259bbd9b-404b-448f-8f19-5ebba1227751 d8790b92f5004d468628be2bd3667f26 34aeca1df6934ae3968b028d66b635cc - - - -] volume service is down. (host: rack04-server68@LIGHTOSboocrr)
2024-08-01 20:39:47.354 7 WARNING cinder.scheduler.host_manager [None req-78c24d4a-bc2d-4af1-bc13-cfde02f135f6 db3716a72e0a443f977f2b7bf773480f 60ee8f5c89d0430fb67c574b3e96f5a1 - - - -] volume service is down. (host: rack04-server68@LIGHTOSboocrr)
2024-08-01 20:39:48.756 7 WARNING cinder.scheduler.host_manager [None req-515f8fa8-b248-4261-9deb-07054212078c db3716a72e0a443f977f2b7bf773480f 60ee8f5c89d0430fb67c574b3e96f5a1 - - - -] volume service is down. (host: rack04-server68@LIGHTOSboocrr)
2024-08-01 20:39:49.080 7 WARNING cinder.scheduler.host_manager [None req-8fe9f2cb-40b6-4060-adf3-4f4b733c3807 ee135cd39526476e87a2b97abd05a667 21b8d623d5d442f3894e2904ed1227c9 - - - -] volume service is down. (host: rack04-server68@LIGHTOSboocrr)
2024-08-01 20:39:50.316 7 WARNING cinder.scheduler.host_manager [None req-7eb6e09a-b6a4-4f72-8159-241755e0eb83 ee135cd39526476e87a2b97abd05a667 21b8d623d5d442f3894e2904ed1227c9 - - - -] volume service is down. (host: rack04-server68@LIGHTOSboocrr)
2024-08-01 20:39:51.628 7 WARNING cinder.scheduler.host_manager [None req-0117ea50-9221-4a3f-9b2e-fda2bd3ab2de d8790b92f5004d468628be2bd3667f26 34aeca1df6934ae3968b028d66b635cc - - - -] volume service is down. (host: rack04-server68@LIGHTOSboocrr)
2024-08-01 20:39:56.194 7 WARNING cinder.scheduler.host_manager [None req-312726e0-3319-4520-9ebc-5ea9c8f9a0eb d8790b92f5004d468628be2bd3667f26 34aeca1df6934ae3968b028d66b635cc - - - -] volume service is down. (host: rack04-server68@LIGHTOSboocrr)
2024-08-01 20:40:00.789 7 WARNING cinder.scheduler.host_manager [None req-74b7afdb-ab53-427d-9f85-83ec444acf3b d8790b92f5004d468628be2bd3667f26 34aeca1df6934ae3968b028d66b635cc - - - -] volume service is down. (host: rack04-server68@LIGHTOSboocrr)
2024-08-01 20:40:05.344 7 WARNING cinder.scheduler.host_manager [None req-351f7cf8-8c53-4624-9cef-41f357d401fb eaac786323bf4ae8a10dd84cf3a9f181 d997081518f64c77b8329e013453bb3d - - - -] volume service is down. (host: rack04-server68@LIGHTOSboocrr)
2024-08-01 20:40:06.209 7 WARNING cinder.scheduler.host_manager [None req-2787d316-5479-417d-862f-0589767a5adb db3716a72e0a443f977f2b7bf773480f 60ee8f5c89d0430fb67c574b3e96f5a1 - - - -] volume service is down. (host: rack04-server68@LIGHTOSboocrr)
2024-08-01 20:40:06.215 7 WARNING cinder.scheduler.host_manager [None req-2787d316-5479-417d-862f-0589767a5adb db3716a72e0a443f977f2b7bf773480f 60ee8f5c89d0430fb67c574b3e96f5a1 - - - -] volume service is down. (host: rack04-server68@LIGHTOSboocrr)
2024-08-01 20:40:06.715 7 WARNING cinder.scheduler.host_manager [None req-36521d1b-9c67-40c9-aba8-659ecbc59784 eaac786323bf4ae8a10dd84cf3a9f181 d997081518f64c77b8329e013453bb3d - - - -] volume service is down. (host: rack04-server68@LIGHTOSboocrr)
2024-08-01 20:40:07.524 7 WARNING cinder.scheduler.host_manager [None req-01f4f0fe-bc01-4d74-ada2-98a785e42057 db3716a72e0a443f977f2b7bf773480f 60ee8f5c89d0430fb67c574b3e96f5a1 - - - -] volume service is down. (host: rack04-server68@LIGHTOSboocrr)
2024-08-01 20:40:08.131 7 WARNING cinder.scheduler.host_manager [None req-2644e356-73c9-47d4-a9d7-e9c1a307babb eaac786323bf4ae8a10dd84cf3a9f181 d997081518f64c77b8329e013453bb3d - - - -] volume service is down. (host: rack04-server68@LIGHTOSboocrr)
2024-08-01 20:40:09.606 7 WARNING cinder.scheduler.host_manager [None req-8af21a3c-744f-462f-9950-219b3481be07 c42f0fb38b30474dba12baa0ba156a8e 019e5064096b40a099204565e21f6c6f - - - -] volume service is down. (host: rack04-server68@LIGHTOSboocrr)
2024-08-01 20:40:13.612 7 WARNING cinder.scheduler.host_manager [None req-e92b1a5b-2dc1-48db-8beb-2d29f5169b84 5561c68fdaad4702bf9b2c291f6bc46f 20fa5e8440514b13a404541f21193646 - - - -] volume service is down. (host: rack04-server68@LIGHTOSboocrr)
2024-08-01 20:40:13.612 7 INFO cinder.scheduler.base_filter [None req-e92b1a5b-2dc1-48db-8beb-2d29f5169b84 5561c68fdaad4702bf9b2c291f6bc46f 20fa5e8440514b13a404541f21193646 - - - -] Filtering removed all hosts for the request with volume ID '685b835d-f9be-49f6-b761-0540dc894c66'. Filter results: AvailabilityZoneFilter: (start: 1, end: 1), CapacityFilter: (start: 1, end: 1), CapabilitiesFilter: (start: 1, end: 0)
2024-08-01 20:40:13.613 7 WARNING cinder.scheduler.filter_scheduler [None req-e92b1a5b-2dc1-48db-8beb-2d29f5169b84 5561c68fdaad4702bf9b2c291f6bc46f 20fa5e8440514b13a404541f21193646 - - - -] No weighed backend found for volume with properties: {'id': '887cc196-bcf0-48ab-8b39-a88534e571cc', 'name': 'tempest-UserMessagesTest-volume-type-926781821', 'description': None, 'is_public': True, 'projects': [], 'extra_specs': {'storage_protocol': 'tempest-storage_protocol-1815983544', 'vendor_name': 'tempest-vendor_name-447879840'}, 'qos_specs_id': None, 'created_at': '2024-08-01T20:40:13.000000', 'updated_at': None, 'deleted_at': None, 'deleted': False}
2024-08-01 20:40:13.613 7 INFO cinder.message.api [None req-e92b1a5b-2dc1-48db-8beb-2d29f5169b84 5561c68fdaad4702bf9b2c291f6bc46f 20fa5e8440514b13a404541f21193646 - - - -] Creating message record for request_id = req-e92b1a5b-2dc1-48db-8beb-2d29f5169b84
2024-08-01 20:40:13.616 7 ERROR cinder.scheduler.flows.create_volume [None req-e92b1a5b-2dc1-48db-8beb-2d29f5169b84 5561c68fdaad4702bf9b2c291f6bc46f 20fa5e8440514b13a404541f21193646 - - - -] Failed to run task cinder.scheduler.flows.create_volume.ScheduleCreateVolumeTask;volume:create: No valid backend was found. No weighed backends available: cinder.exception.NoValidBackend: No valid backend was found. No weighed backends available
2024-08-01 20:40:15.332 7 WARNING cinder.scheduler.host_manager [None req-39568027-a7a3-4fa1-af54-0133b27fe8d5 5561c68fdaad4702bf9b2c291f6bc46f 20fa5e8440514b13a404541f21193646 - - - -] volume service is down. (host: rack04-server68@LIGHTOSboocrr)
2024-08-01 20:40:15.333 7 INFO cinder.scheduler.base_filter [None req-39568027-a7a3-4fa1-af54-0133b27fe8d5 5561c68fdaad4702bf9b2c291f6bc46f 20fa5e8440514b13a404541f21193646 - - - -] Filtering removed all hosts for the request with volume ID '6ce72f1b-45ea-49a0-a5bd-f4dc2181b6df'. Filter results: AvailabilityZoneFilter: (start: 1, end: 1), CapacityFilter: (start: 1, end: 1), CapabilitiesFilter: (start: 1, end: 0)
2024-08-01 20:40:15.333 7 WARNING cinder.scheduler.filter_scheduler [None req-39568027-a7a3-4fa1-af54-0133b27fe8d5 5561c68fdaad4702bf9b2c291f6bc46f 20fa5e8440514b13a404541f21193646 - - - -] No weighed backend found for volume with properties: {'id': '5a7b60f1-c6b0-4b61-8a8f-0719ef5d7fbd', 'name': 'tempest-UserMessagesTest-volume-type-733599794', 'description': None, 'is_public': True, 'projects': [], 'extra_specs': {'storage_protocol': 'tempest-storage_protocol-445966014', 'vendor_name': 'tempest-vendor_name-1483676585'}, 'qos_specs_id': None, 'created_at': '2024-08-01T20:40:15.000000', 'updated_at': None, 'deleted_at': None, 'deleted': False}
2024-08-01 20:40:15.333 7 INFO cinder.message.api [None req-39568027-a7a3-4fa1-af54-0133b27fe8d5 5561c68fdaad4702bf9b2c291f6bc46f 20fa5e8440514b13a404541f21193646 - - - -] Creating message record for request_id = req-39568027-a7a3-4fa1-af54-0133b27fe8d5
2024-08-01 20:40:15.337 7 ERROR cinder.scheduler.flows.create_volume [None req-39568027-a7a3-4fa1-af54-0133b27fe8d5 5561c68fdaad4702bf9b2c291f6bc46f 20fa5e8440514b13a404541f21193646 - - - -] Failed to run task cinder.scheduler.flows.create_volume.ScheduleCreateVolumeTask;volume:create: No valid backend was found. No weighed backends available: cinder.exception.NoValidBackend: No valid backend was found. No weighed backends available
2024-08-01 20:40:19.823 7 WARNING cinder.scheduler.host_manager [None req-9647b96e-2d01-4d1d-9fd4-9cebbabb08b4 4c7db42b42444ba1be7db760af62cff1 f96d31fbdf5b415d814127e9390a3cef - - - -] volume service is down. (host: rack04-server68@LIGHTOSboocrr)
2024-08-01 20:40:19.829 7 WARNING cinder.scheduler.host_manager [None req-9647b96e-2d01-4d1d-9fd4-9cebbabb08b4 4c7db42b42444ba1be7db760af62cff1 f96d31fbdf5b415d814127e9390a3cef - - - -] volume service is down. (host: rack04-server68@LIGHTOSboocrr)
2024-08-01 20:40:21.135 7 WARNING cinder.scheduler.host_manager [None req-f58c6767-6357-4392-adae-3f1febe22df6 4c7db42b42444ba1be7db760af62cff1 f96d31fbdf5b415d814127e9390a3cef - - - -] volume service is down. (host: rack04-server68@LIGHTOSboocrr)
2024-08-01 20:40:22.435 7 WARNING cinder.scheduler.host_manager [None req-aa7ec733-47d4-4df4-9781-ebc1740649ae a0a64802d41d4a5eae8a582c91f19e7a 8508db79bf6f446591737a004452fedc - - - -] volume service is down. (host: rack04-server68@LIGHTOSboocrr)
2024-08-01 20:40:23.713 7 WARNING cinder.scheduler.host_manager [None req-aa2ca60f-3228-4585-85bb-65cf8dfc55ed a0a64802d41d4a5eae8a582c91f19e7a 8508db79bf6f446591737a004452fedc - - - -] volume service is down. (host: rack04-server68@LIGHTOSboocrr)
2024-08-01 20:40:27.347 7 WARNING cinder.scheduler.host_manager [None req-dc5b355a-e9df-4da6-87ca-5c5207056813 0154de2d70e44e9892fbb1f9596e113d 0c106833b61d42e6aa906279222930b1 - - - -] volume service is down. (host: rack04-server68@LIGHTOSboocrr)
2024-08-01 20:40:30.982 7 WARNING cinder.scheduler.host_manager [None req-31387d56-c2c5-4f44-bc58-969c16b8877e 0154de2d70e44e9892fbb1f9596e113d 0c106833b61d42e6aa906279222930b1 - - - -] volume service is down. (host: rack04-server68@LIGHTOSboocrr)
2024-08-01 20:40:33.621 7 WARNING cinder.scheduler.host_manager [None req-d6520d46-21be-43ab-80ae-91b09220779f e423b6470c3144058a23ba21634945e0 da2b8ab61d6443f79f42d5239ee86303 - - - -] volume service is down. (host: rack04-server68@LIGHTOSboocrr)
2024-08-01 20:40:33.628 7 WARNING cinder.scheduler.host_manager [None req-d6520d46-21be-43ab-80ae-91b09220779f e423b6470c3144058a23ba21634945e0 da2b8ab61d6443f79f42d5239ee86303 - - - -] volume service is down. (host: rack04-server68@LIGHTOSboocrr)
2024-08-01 20:40:34.797 7 WARNING cinder.scheduler.host_manager [None req-4e257c1a-610d-4c83-8655-e7c447cda903 e423b6470c3144058a23ba21634945e0 da2b8ab61d6443f79f42d5239ee86303 - - - -] volume service is down. (host: rack04-server68@LIGHTOSboocrr)
2024-08-01 20:40:34.803 7 WARNING cinder.scheduler.host_manager [None req-4e257c1a-610d-4c83-8655-e7c447cda903 e423b6470c3144058a23ba21634945e0 da2b8ab61d6443f79f42d5239ee86303 - - - -] volume service is down. (host: rack04-server68@LIGHTOSboocrr)
2024-08-01 20:40:35.192 7 WARNING cinder.scheduler.host_manager [None req-689a6f88-eb19-4aae-9777-086926ed361e ab9b1c5b6eaa4e8ca73562a8101b16cc e2667cca8c064dc5bf3b4b3311731a11 - - - -] volume service is down. (host: rack04-server68@LIGHTOSboocrr)
2024-08-01 20:40:36.118 7 WARNING cinder.scheduler.host_manager [None req-60a547d0-4316-45c5-b0e0-b09b528a5a4c e423b6470c3144058a23ba21634945e0 da2b8ab61d6443f79f42d5239ee86303 - - - -] volume service is down. (host: rack04-server68@LIGHTOSboocrr)
2024-08-01 20:40:40.119 7 WARNING cinder.scheduler.host_manager [None req-74106ac1-ac2b-4ce2-b0cb-8a0c81157bff ab9b1c5b6eaa4e8ca73562a8101b16cc e2667cca8c064dc5bf3b4b3311731a11 - - - -] volume service is down. (host: rack04-server68@LIGHTOSboocrr)
2024-08-01 20:40:40.897 7 WARNING cinder.scheduler.host_manager [None req-0646b921-2644-4162-97b4-a72e1d5286c3 f424e33a33534e598a51ffc1cb1747fb e5f341c2c258494983e2d03a30ef7a91 - - - -] volume service is down. (host: rack04-server68@LIGHTOSboocrr)
2024-08-01 20:40:41.383 7 WARNING cinder.scheduler.host_manager [None req-58fe3244-c868-4f5c-82f7-e036f18a56b3 e423b6470c3144058a23ba21634945e0 da2b8ab61d6443f79f42d5239ee86303 - - - -] volume service is down. (host: rack04-server68@LIGHTOSboocrr)
2024-08-01 20:40:41.389 7 WARNING cinder.scheduler.host_manager [None req-58fe3244-c868-4f5c-82f7-e036f18a56b3 e423b6470c3144058a23ba21634945e0 da2b8ab61d6443f79f42d5239ee86303 - - - -] volume service is down. (host: rack04-server68@LIGHTOSboocrr)
2024-08-01 20:40:42.222 7 WARNING cinder.scheduler.host_manager [None req-d3a62d51-ded7-4dd6-8fd6-a772f29439c0 f424e33a33534e598a51ffc1cb1747fb e5f341c2c258494983e2d03a30ef7a91 - - - -] volume service is down. (host: rack04-server68@LIGHTOSboocrr)
2024-08-01 20:40:42.692 7 WARNING cinder.scheduler.host_manager [None req-fedeb0ac-76d7-40d5-b3ff-fb07a525a38b e423b6470c3144058a23ba21634945e0 da2b8ab61d6443f79f42d5239ee86303 - - - -] volume service is down. (host: rack04-server68@LIGHTOSboocrr)
2024-08-01 20:40:44.064 7 WARNING cinder.scheduler.host_manager [None req-8751cb7c-0732-45b9-80ac-cd8723433784 e423b6470c3144058a23ba21634945e0 da2b8ab61d6443f79f42d5239ee86303 - - - -] volume service is down. (host: rack04-server68@LIGHTOSboocrr)
2024-08-01 20:40:48.816 7 WARNING cinder.scheduler.host_manager [None req-9d976e48-6c91-4601-bdc4-80bffc065cbe e3c586cb8bb44199ad12eb524e63cb43 5978c8c52525486e8b0c38c8384e71fd - - - -] volume service is down. (host: rack04-server68@LIGHTOSboocrr)
2024-08-01 20:40:53.391 7 WARNING cinder.scheduler.host_manager [None req-ba23d957-a87e-4c0b-8708-94d9eb45a03c 32462346c9754c9289ad652c4b96dc98 f5b2201ec65f42f697e421cd6cf45e9e - - - -] volume service is down. (host: rack04-server68@LIGHTOSboocrr)
2024-08-01 20:40:53.785 7 WARNING cinder.scheduler.host_manager [None req-d8bfc99f-c489-4175-841a-7cd59d481288 e3c586cb8bb44199ad12eb524e63cb43 5978c8c52525486e8b0c38c8384e71fd - - - -] volume service is down. (host: rack04-server68@LIGHTOSboocrr)
2024-08-01 20:40:56.251 7 WARNING cinder.scheduler.host_manager [None req-6ddf2b42-e3c1-4ff0-9560-6dc3c629ae19 9d1fc551e4f74c7cac25419aca10302f 211f44c2090b470898b99f605a8878d5 - - - -] volume service is down. (host: rack04-server68@LIGHTOSboocrr)
2024-08-01 20:40:59.956 7 WARNING cinder.scheduler.host_manager [None req-ff3569ae-ec94-42f9-8d97-68ff35b55b5e ed79c327f45f46e8a9cb6a769d3df65e 8d0d61f68e8f429f95edf57dbc31b981 - - - -] volume service is down. (host: rack04-server68@LIGHTOSboocrr)
2024-08-01 20:41:05.896 7 WARNING cinder.scheduler.host_manager [None req-9f092612-e340-41d6-aa56-d4b4521ffe3a fb5921947fd54f99ad2cad3182cf5b94 6a2fc16d9fb341228949f6c5369593e0 - - - -] volume service is down. (host: rack04-server68@LIGHTOSboocrr)
2024-08-01 20:41:06.955 7 WARNING cinder.scheduler.host_manager [None req-9123be04-4175-464d-81ba-8a11eb34a44c 5d1c906c246d47468334f41372300316 2f5ac44b2a34424faf8b50c33c7afc4f - - - -] volume service is down. (host: rack04-server68@LIGHTOSboocrr)
2024-08-01 20:41:12.402 7 WARNING cinder.scheduler.host_manager [None req-b1dafda1-5864-46f6-a352-9da9e5549f14 fb5921947fd54f99ad2cad3182cf5b94 6a2fc16d9fb341228949f6c5369593e0 - - - -] volume service is down. (host: rack04-server68@LIGHTOSboocrr)
2024-08-01 20:41:13.050 7 WARNING cinder.scheduler.host_manager [None req-c91144ad-6de0-44b5-91df-ac1ab14cf55e 0970273c581d4bbfb757baa70ba78d9f 15c7efb07213480b9ce45fb79b3c20fa - - - -] volume service is down. (host: rack04-server68@LIGHTOSboocrr)
2024-08-01 20:41:14.271 7 WARNING cinder.scheduler.host_manager [None req-ffa1d9c0-8718-483d-976c-28a0ba3a5cce 0970273c581d4bbfb757baa70ba78d9f 15c7efb07213480b9ce45fb79b3c20fa - - - -] volume service is down. (host: rack04-server68@LIGHTOSboocrr)
2024-08-01 20:41:16.511 7 WARNING cinder.scheduler.host_manager [None req-8ad4154b-8eb8-482e-8eef-a1334c191e6f 0970273c581d4bbfb757baa70ba78d9f 15c7efb07213480b9ce45fb79b3c20fa - - - -] volume service is down. (host: rack04-server68@LIGHTOSboocrr)
2024-08-01 20:41:17.109 7 WARNING cinder.scheduler.host_manager [None req-0f52a8a1-03e7-49ae-b872-800eebba9378 fb5921947fd54f99ad2cad3182cf5b94 6a2fc16d9fb341228949f6c5369593e0 - - - -] volume service is down. (host: rack04-server68@LIGHTOSboocrr)
2024-08-01 20:41:18.346 7 WARNING cinder.scheduler.host_manager [None req-e0b4a7df-b79e-45a0-a1f9-1e4dcdb2a027 fb5921947fd54f99ad2cad3182cf5b94 6a2fc16d9fb341228949f6c5369593e0 - - - -] volume service is down. (host: rack04-server68@LIGHTOSboocrr)
2024-08-01 20:41:18.741 7 WARNING cinder.scheduler.host_manager [None req-a10cf81a-eb8b-4d88-a0bd-854b3e2ab0f0 69994bb00e9b48f7ba7eb58dd2355eb1 938437d0760d4d88aeb4da3cf5b0e037 - - - -] volume service is down. (host: rack04-server68@LIGHTOSboocrr)
2024-08-01 20:41:20.577 7 WARNING cinder.scheduler.host_manager [None req-25243303-fa6d-4141-85a1-5aae1b3df280 fb5921947fd54f99ad2cad3182cf5b94 6a2fc16d9fb341228949f6c5369593e0 - - - -] volume service is down. (host: rack04-server68@LIGHTOSboocrr)
2024-08-01 20:41:24.439 7 WARNING cinder.scheduler.host_manager [None req-31d3e2b6-0cd4-456b-bce1-273f0a1dbfb0 0970273c581d4bbfb757baa70ba78d9f 15c7efb07213480b9ce45fb79b3c20fa - - - -] volume service is down. (host: rack04-server68@LIGHTOSboocrr)
2024-08-01 20:41:25.745 7 WARNING cinder.scheduler.host_manager [None req-94a7a43a-9d84-4e6c-a1e5-0d03ce34c858 0970273c581d4bbfb757baa70ba78d9f 15c7efb07213480b9ce45fb79b3c20fa - - - -] volume service is down. (host: rack04-server68@LIGHTOSboocrr)
2024-08-01 20:41:27.369 7 WARNING cinder.scheduler.host_manager [None req-54f67460-b070-4d8d-8de1-7375bd63e74e a97fef609094479ba7f896700f19c2f1 ba6b0629b3284938898b123dddf06936 - - - -] volume service is down. (host: rack04-server68@LIGHTOSboocrr)
2024-08-01 20:41:28.092 7 WARNING cinder.scheduler.host_manager [None req-042c56d3-9e77-413a-a089-02bcfc38ecdd 0970273c581d4bbfb757baa70ba78d9f 15c7efb07213480b9ce45fb79b3c20fa - - - -] volume service is down. (host: rack04-server68@LIGHTOSboocrr)
2024-08-01 20:41:29.509 7 WARNING cinder.scheduler.host_manager [None req-53c9b0b8-4755-4903-9bf0-7e21516054f2 bc997c1152854de2abcbc63106c61a93 7ed6b189f672420a903fcd1d6f164945 - - - -] volume service is down. (host: rack04-server68@LIGHTOSboocrr)
2024-08-01 20:41:31.077 7 WARNING cinder.scheduler.host_manager [None req-7978c964-660e-44bc-b787-283e0299f977 bc997c1152854de2abcbc63106c61a93 7ed6b189f672420a903fcd1d6f164945 - - - -] volume service is down. (host: rack04-server68@LIGHTOSboocrr)
2024-08-01 20:41:32.349 7 WARNING cinder.scheduler.host_manager [None req-5b45b0e0-40a3-46d8-aba4-fe5e9b111ae4 a97fef609094479ba7f896700f19c2f1 ba6b0629b3284938898b123dddf06936 - - - -] volume service is down. (host: rack04-server68@LIGHTOSboocrr)
2024-08-01 20:41:36.907 7 WARNING cinder.scheduler.host_manager [None req-92b12c01-21db-477c-8b01-9305f6a2ce6b bc997c1152854de2abcbc63106c61a93 7ed6b189f672420a903fcd1d6f164945 - - - -] volume service is down. (host: rack04-server68@LIGHTOSboocrr)
2024-08-01 20:41:38.244 7 WARNING cinder.scheduler.host_manager [None req-bc6561b4-8aa7-46f9-87d8-b6c562ff866a bc997c1152854de2abcbc63106c61a93 7ed6b189f672420a903fcd1d6f164945 - - - -] volume service is down. (host: rack04-server68@LIGHTOSboocrr)
2024-08-01 20:41:39.059 7 WARNING cinder.scheduler.host_manager [None req-4624bee0-1e7b-4a92-b79d-3eb7141b9f91 bf77e8dd5e834d7780cbd419dac4c246 0b492c77a3f74cb09d21690916daadb1 - - - -] volume service is down. (host: rack04-server68@LIGHTOSboocrr)
2024-08-01 20:41:39.565 7 WARNING cinder.scheduler.host_manager [None req-bcebf2cd-32a4-4b5b-8a65-3c3f5c6e2810 b321b3f2cb3c4696b00f3ccd164faa21 a4130599559f4fa586201e787fd59c9a - - - -] volume service is down. (host: rack04-server68@LIGHTOSboocrr)
2024-08-01 20:41:40.432 7 WARNING cinder.scheduler.host_manager [None req-72c72536-5141-48be-88a5-4235a0925369 bf77e8dd5e834d7780cbd419dac4c246 0b492c77a3f74cb09d21690916daadb1 - - - -] volume service is down. (host: rack04-server68@LIGHTOSboocrr)
2024-08-01 20:41:40.821 7 WARNING cinder.scheduler.host_manager [None req-4283c1f4-3ece-455e-b3d1-d3865f8ce898 bc997c1152854de2abcbc63106c61a93 7ed6b189f672420a903fcd1d6f164945 - - - -] volume service is down. (host: rack04-server68@LIGHTOSboocrr)
2024-08-01 20:41:41.902 7 WARNING cinder.scheduler.host_manager [None req-e9c2f792-a392-4813-a288-8a8341d6f322 bf77e8dd5e834d7780cbd419dac4c246 0b492c77a3f74cb09d21690916daadb1 - - - -] volume service is down. (host: rack04-server68@LIGHTOSboocrr)
2024-08-01 20:41:46.215 7 WARNING cinder.scheduler.host_manager [None req-85a1455f-abae-46e8-b261-fb7cac4c3c6e b321b3f2cb3c4696b00f3ccd164faa21 a4130599559f4fa586201e787fd59c9a - - - -] volume service is down. (host: rack04-server68@LIGHTOSboocrr)
2024-08-01 20:41:48.935 7 WARNING cinder.scheduler.host_manager [None req-f2ef9dea-fcf8-443f-973e-2a54ae347dd6 bc997c1152854de2abcbc63106c61a93 7ed6b189f672420a903fcd1d6f164945 - - - -] volume service is down. (host: rack04-server68@LIGHTOSboocrr)
2024-08-01 20:41:53.792 7 WARNING cinder.scheduler.host_manager [None req-864d9f0b-0e1d-4cb4-b584-edffac839869 a85fb4dd810c4342a6904f9ab8cf55b1 47f26fe4741945d8bba62748a9cebfac - - - -] volume service is down. (host: rack04-server68@LIGHTOSboocrr)
2024-08-01 20:41:54.210 7 WARNING cinder.scheduler.host_manager [None req-bfca6e8e-5d7a-496e-a081-ac6cdfb9d6d3 b321b3f2cb3c4696b00f3ccd164faa21 a4130599559f4fa586201e787fd59c9a - - - -] volume service is down. (host: rack04-server68@LIGHTOSboocrr)
2024-08-01 20:41:55.061 7 WARNING cinder.scheduler.host_manager [None req-c21ffb95-210a-49b4-a13f-9eca2c18f7b7 a85fb4dd810c4342a6904f9ab8cf55b1 47f26fe4741945d8bba62748a9cebfac - - - -] volume service is down. (host: rack04-server68@LIGHTOSboocrr)
2024-08-01 20:41:55.607 7 WARNING cinder.scheduler.host_manager [None req-62c416c1-0c6b-4638-803a-ee28db050dcc b321b3f2cb3c4696b00f3ccd164faa21 a4130599559f4fa586201e787fd59c9a - - - -] volume service is down. (host: rack04-server68@LIGHTOSboocrr)
2024-08-01 20:41:55.741 7 WARNING cinder.scheduler.host_manager [None req-8f6a707b-b066-477f-a6aa-b702b53b4c52 bc997c1152854de2abcbc63106c61a93 7ed6b189f672420a903fcd1d6f164945 - - - -] volume service is down. (host: rack04-server68@LIGHTOSboocrr)
2024-08-01 20:42:03.578 7 WARNING cinder.scheduler.host_manager [None req-1de59f17-547d-4d9b-8790-95e9aa02d968 cdb6411459044be3a95567aaa4653eb8 36bf3b455fd64a74b3bbb2f49293d256 - - - -] volume service is down. (host: rack04-server68@LIGHTOSboocrr)
2024-08-01 20:42:08.758 7 WARNING cinder.scheduler.host_manager [None req-d51e4971-63f3-41d0-a862-6243829783f4 3c39e3d768dc4da381eef2cbe584884c 66937adcce124110a3404bd08ec1103d - - - -] volume service is down. (host: rack04-server68@LIGHTOSboocrr)
2024-08-01 20:42:10.009 7 WARNING cinder.scheduler.host_manager [None req-0e5e1070-bb8a-4977-8da6-91f2e3ab6286 3c39e3d768dc4da381eef2cbe584884c 66937adcce124110a3404bd08ec1103d - - - -] volume service is down. (host: rack04-server68@LIGHTOSboocrr)
2024-08-01 20:42:12.258 7 WARNING cinder.scheduler.host_manager [None req-f0824dff-8201-43b4-8ae3-c933e5c692d4 3c39e3d768dc4da381eef2cbe584884c 66937adcce124110a3404bd08ec1103d - - - -] volume service is down. (host: rack04-server68@LIGHTOSboocrr)
2024-08-01 20:42:14.522 7 WARNING cinder.scheduler.host_manager [None req-13f14853-7c8e-4f31-9bea-0382ba9520b1 3c39e3d768dc4da381eef2cbe584884c 66937adcce124110a3404bd08ec1103d - - - -] volume service is down. (host: rack04-server68@LIGHTOSboocrr)
2024-08-01 20:42:32.890 7 WARNING cinder.scheduler.host_manager [None req-8c631b39-040d-49e0-8f80-767819304ebb 2f8463936d5a4c85b71a0d9d41ebff33 8e686548011a4713ab5817eb2fedb369 - - - -] volume service is down. (host: rack04-server68@LIGHTOSboocrr)
2024-08-01 20:42:32.948 7 WARNING cinder.scheduler.host_manager [None req-25229173-3e01-4fbf-8925-64a7a0234abd 473e82bf23de4c76924e96c233310234 0ce3a55c5fc541f59619f17634ba3d4c - - - -] volume service is down. (host: rack04-server68@LIGHTOSboocrr)
2024-08-01 20:42:33.187 7 WARNING cinder.scheduler.host_manager [None req-930945b2-a308-4815-8a24-84540b65e0f4 89b4a7722be3446f94e99fde26bee702 5042faa67e304f90a6b76bb750d860fb - - - -] volume service is down. (host: rack04-server68@LIGHTOSboocrr)
2024-08-01 20:42:33.364 7 WARNING cinder.scheduler.host_manager [None req-0a0e1c3a-8ad5-4325-bb3c-1b09a2fc40b5 89b4a7722be3446f94e99fde26bee702 5042faa67e304f90a6b76bb750d860fb - - - -] volume service is down. (host: rack04-server68@LIGHTOSboocrr)
2024-08-01 20:42:33.565 7 WARNING cinder.scheduler.host_manager [None req-73caf37e-fd1e-4410-8f6a-3124b555f60f 89b4a7722be3446f94e99fde26bee702 5042faa67e304f90a6b76bb750d860fb - - - -] volume service is down. (host: rack04-server68@LIGHTOSboocrr)
2024-08-01 20:42:33.766 7 WARNING cinder.scheduler.host_manager [None req-08160cd8-ebbf-4ef9-8ad3-d1116adc1e50 89b4a7722be3446f94e99fde26bee702 5042faa67e304f90a6b76bb750d860fb - - - -] volume service is down. (host: rack04-server68@LIGHTOSboocrr)
2024-08-01 20:42:33.991 7 WARNING cinder.scheduler.host_manager [None req-4ad1ab12-fc1d-4f9f-b083-c343ae59099f 89b4a7722be3446f94e99fde26bee702 5042faa67e304f90a6b76bb750d860fb - - - -] volume service is down. (host: rack04-server68@LIGHTOSboocrr)
2024-08-01 20:42:34.185 7 WARNING cinder.scheduler.host_manager [None req-1b9dbd28-5feb-4a46-8138-1b718dc849ed 473e82bf23de4c76924e96c233310234 0ce3a55c5fc541f59619f17634ba3d4c - - - -] volume service is down. (host: rack04-server68@LIGHTOSboocrr)
2024-08-01 20:42:34.253 7 WARNING cinder.scheduler.host_manager [None req-8ccd5a07-5e54-45c5-b522-48e25db95868 2f8463936d5a4c85b71a0d9d41ebff33 8e686548011a4713ab5817eb2fedb369 - - - -] volume service is down. (host: rack04-server68@LIGHTOSboocrr)
2024-08-01 20:42:35.602 7 WARNING cinder.scheduler.host_manager [None req-401a9003-f589-4042-ba3f-614d1f138786 2f8463936d5a4c85b71a0d9d41ebff33 8e686548011a4713ab5817eb2fedb369 - - - -] volume service is down. (host: rack04-server68@LIGHTOSboocrr)
2024-08-01 20:42:36.492 7 WARNING cinder.scheduler.host_manager [None req-54c629fc-a590-446e-b20f-6da668ad6c3d 473e82bf23de4c76924e96c233310234 0ce3a55c5fc541f59619f17634ba3d4c - - - -] volume service is down. (host: rack04-server68@LIGHTOSboocrr)
2024-08-01 20:42:36.694 7 WARNING cinder.scheduler.host_manager [None req-e4189dda-bf7c-4b41-9a05-609db1e0e937 473e82bf23de4c76924e96c233310234 0ce3a55c5fc541f59619f17634ba3d4c - - - -] volume service is down. (host: rack04-server68@LIGHTOSboocrr)
2024-08-01 20:42:36.895 7 WARNING cinder.scheduler.host_manager [None req-74f6237a-172d-4265-975a-2518e04af535 473e82bf23de4c76924e96c233310234 0ce3a55c5fc541f59619f17634ba3d4c - - - -] volume service is down. (host: rack04-server68@LIGHTOSboocrr)
2024-08-01 20:42:37.109 7 WARNING cinder.scheduler.host_manager [None req-eff016c3-abaa-4635-b31d-c2b8a4b65fa4 473e82bf23de4c76924e96c233310234 0ce3a55c5fc541f59619f17634ba3d4c - - - -] volume service is down. (host: rack04-server68@LIGHTOSboocrr)
2024-08-01 20:42:37.325 7 WARNING cinder.scheduler.host_manager [None req-cfe8f847-8012-4390-b83b-73979336485a 473e82bf23de4c76924e96c233310234 0ce3a55c5fc541f59619f17634ba3d4c - - - -] volume service is down. (host: rack04-server68@LIGHTOSboocrr)
2024-08-01 20:42:48.839 7 WARNING cinder.scheduler.host_manager [None req-8ff7485a-6510-4bf1-aacc-6f709cf249b7 c08b8d3fab694defb363a426480fe12a 41abda46c21b4c6382b0f75f1401a900 - - - -] volume service is down. (host: rack04-server68@LIGHTOSboocrr)
2024-08-01 20:42:50.177 7 WARNING cinder.scheduler.host_manager [None req-6e979676-4bd6-4792-8d77-ef053fdb3067 c08b8d3fab694defb363a426480fe12a 41abda46c21b4c6382b0f75f1401a900 - - - -] volume service is down. (host: rack04-server68@LIGHTOSboocrr)
2024-08-01 20:42:50.371 7 WARNING cinder.scheduler.host_manager [None req-5e5799d6-92b1-4986-b4c9-56d85c3640fa c08b8d3fab694defb363a426480fe12a 41abda46c21b4c6382b0f75f1401a900 - - - -] volume service is down. (host: rack04-server68@LIGHTOSboocrr)
2024-08-01 20:42:50.564 7 WARNING cinder.scheduler.host_manager [None req-87cca236-4adc-4fc7-b1a2-9c8290ad3134 c08b8d3fab694defb363a426480fe12a 41abda46c21b4c6382b0f75f1401a900 - - - -] volume service is down. (host: rack04-server68@LIGHTOSboocrr)
2024-08-01 20:42:50.782 7 WARNING cinder.scheduler.host_manager [None req-41192d16-f87e-4db5-8a76-6b3f8e823a5a c08b8d3fab694defb363a426480fe12a 41abda46c21b4c6382b0f75f1401a900 - - - -] volume service is down. (host: rack04-server68@LIGHTOSboocrr)
2024-08-01 20:42:50.987 7 WARNING cinder.scheduler.host_manager [None req-70bafdd9-5f65-4ff7-82c7-e0053d332a65 c08b8d3fab694defb363a426480fe12a 41abda46c21b4c6382b0f75f1401a900 - - - -] volume service is down. (host: rack04-server68@LIGHTOSboocrr)
