Build Started 14_02_2023_16_39_34
2023-02-14 16:41:33.949 7 WARNING cinder.scheduler.host_manager [None req-bc888d97-4d40-45a6-9e54-725be17dace4 8e4d48f3c80e41208e6a66725024ec2c caf10bea5b0e4c778bc6d26295118637 - - - -] volume service is down. (host: rack09-server62@lvm-1)
2023-02-14 16:41:34.731 7 WARNING cinder.scheduler.host_manager [req-42e5f11c-9698-44c1-853b-fac8775ace8b req-a27c2758-3cbc-40bc-b1ae-8039b1b93aa9 3605ce5baa8c4b1abc6b66381de9d7ae 4f61405ed24144848b559872ff138bb1 - - - -] volume service is down. (host: rack09-server62@lvm-1)
2023-02-14 16:41:34.734 7 WARNING cinder.scheduler.host_manager [req-cf618d94-1e2f-42eb-917c-419a65e3aeca req-c96c2207-ce0f-4356-91e1-f5044f510b50 a5d518e9433d45cf845cf1870182b4bc dbb29c0cb75f44f79f07376b3589d035 - - - -] volume service is down. (host: rack09-server62@lvm-1)
2023-02-14 16:41:36.575 7 WARNING cinder.scheduler.host_manager [req-33a31337-8b64-4722-8fd9-39015b150d56 req-48ec88d7-a4a4-4221-aff0-5c8c96d032df 3605ce5baa8c4b1abc6b66381de9d7ae 4f61405ed24144848b559872ff138bb1 - - - -] volume service is down. (host: rack09-server62@lvm-1)
2023-02-14 16:41:36.576 7 WARNING oslo_messaging.rpc.client [req-33a31337-8b64-4722-8fd9-39015b150d56 req-48ec88d7-a4a4-4221-aff0-5c8c96d032df 3605ce5baa8c4b1abc6b66381de9d7ae 4f61405ed24144848b559872ff138bb1 - - - -] Using RPCClient manually to instantiate client. Please use get_rpc_client to obtain an RPC client instance.
2023-02-14 16:41:41.448 7 WARNING cinder.scheduler.host_manager [None req-ed318f06-1c35-4e68-8571-3357f0e79f14 6427834f7233409a95af10fc5e434a9e 0c14d05c24e2477d807bc30f37eca701 - - - -] volume service is down. (host: rack09-server62@lvm-1)
2023-02-14 16:41:43.950 7 WARNING cinder.scheduler.host_manager [None req-5e920736-d7dc-43f7-8eea-98fc580c09d6 6427834f7233409a95af10fc5e434a9e 0c14d05c24e2477d807bc30f37eca701 - - - -] volume service is down. (host: rack09-server62@lvm-1)
2023-02-14 16:41:45.484 7 WARNING cinder.scheduler.host_manager [None req-afb40f81-3007-40f3-ac77-5876b779172c 24bfa675ab6545cba582afc6392e4677 3772e3678762445282ea1f4e9290ff33 - - - -] volume service is down. (host: rack09-server62@lvm-1)
2023-02-14 16:41:45.522 7 WARNING cinder.scheduler.host_manager [None req-a05ee7cc-a2da-4878-bd51-e6b8453f512a 24bfa675ab6545cba582afc6392e4677 3772e3678762445282ea1f4e9290ff33 - - - -] volume service is down. (host: rack09-server62@lvm-1)
2023-02-14 16:41:46.631 7 WARNING cinder.scheduler.host_manager [None req-1175a742-5e7f-4443-bed9-0b5df2064195 6427834f7233409a95af10fc5e434a9e 0c14d05c24e2477d807bc30f37eca701 - - - -] volume service is down. (host: rack09-server62@lvm-1)
2023-02-14 16:41:50.485 7 WARNING cinder.scheduler.host_manager [None req-b6fbf2f9-738a-4315-b66a-9d424ec2c8b5 e7919fe70c52402d8ded99ca91ff6c6e 142c2f6e89764877bde7a55eb429e9d9 - - - -] volume service is down. (host: rack09-server62@lvm-1)
2023-02-14 16:41:50.492 7 WARNING cinder.scheduler.host_manager [None req-b6fbf2f9-738a-4315-b66a-9d424ec2c8b5 e7919fe70c52402d8ded99ca91ff6c6e 142c2f6e89764877bde7a55eb429e9d9 - - - -] volume service is down. (host: rack09-server62@lvm-1)
2023-02-14 16:41:52.033 7 WARNING cinder.scheduler.host_manager [None req-6d75fa1d-bf25-4edc-b957-3bf569964ab5 e7919fe70c52402d8ded99ca91ff6c6e 142c2f6e89764877bde7a55eb429e9d9 - - - -] volume service is down. (host: rack09-server62@lvm-1)
2023-02-14 16:41:56.806 7 WARNING cinder.scheduler.host_manager [None req-ba055e90-c13c-4816-8598-fe1ecb58a4b7 e7919fe70c52402d8ded99ca91ff6c6e 142c2f6e89764877bde7a55eb429e9d9 - - - -] volume service is down. (host: rack09-server62@lvm-1)
2023-02-14 16:42:02.644 7 WARNING cinder.scheduler.host_manager [None req-ddf704b0-1b43-4308-84c0-ff0d826c279a e7919fe70c52402d8ded99ca91ff6c6e 142c2f6e89764877bde7a55eb429e9d9 - - - -] volume service is down. (host: rack09-server62@lvm-1)
2023-02-14 16:42:02.652 7 WARNING cinder.scheduler.host_manager [None req-ddf704b0-1b43-4308-84c0-ff0d826c279a e7919fe70c52402d8ded99ca91ff6c6e 142c2f6e89764877bde7a55eb429e9d9 - - - -] volume service is down. (host: rack09-server62@lvm-1)
2023-02-14 16:42:04.086 7 WARNING cinder.scheduler.host_manager [None req-b522e84e-936d-400b-8261-3038c95dc569 e7919fe70c52402d8ded99ca91ff6c6e 142c2f6e89764877bde7a55eb429e9d9 - - - -] volume service is down. (host: rack09-server62@lvm-1)
2023-02-14 16:42:04.574 7 WARNING cinder.scheduler.host_manager [None req-e19f8f54-eaf1-481a-b220-19b1095352ff 8e4d48f3c80e41208e6a66725024ec2c caf10bea5b0e4c778bc6d26295118637 - - - -] volume service is down. (host: rack09-server62@lvm-1)
2023-02-14 16:42:06.629 7 WARNING cinder.scheduler.host_manager [None req-5015aefd-8fdd-4a35-b8f3-f8614ef243cc e7919fe70c52402d8ded99ca91ff6c6e 142c2f6e89764877bde7a55eb429e9d9 - - - -] volume service is down. (host: rack09-server62@lvm-1)
2023-02-14 16:42:12.197 7 WARNING cinder.scheduler.host_manager [None req-a14b1af7-96b1-4348-a423-95a0b1db7312 3f64c547545e45de8362a92f0a1b5873 e6871278466746f5a96cf33d4e9409dc - - - -] volume service is down. (host: rack09-server62@lvm-1)
2023-02-14 16:42:12.198 7 INFO cinder.scheduler.base_filter [None req-a14b1af7-96b1-4348-a423-95a0b1db7312 3f64c547545e45de8362a92f0a1b5873 e6871278466746f5a96cf33d4e9409dc - - - -] Filtering removed all hosts for the request with volume ID 'ee399106-3f4a-4157-8f34-2069ce52f989'. Filter results: AvailabilityZoneFilter: (start: 1, end: 1), CapacityFilter: (start: 1, end: 1), CapabilitiesFilter: (start: 1, end: 0)
2023-02-14 16:42:12.199 7 WARNING cinder.scheduler.filter_scheduler [None req-a14b1af7-96b1-4348-a423-95a0b1db7312 3f64c547545e45de8362a92f0a1b5873 e6871278466746f5a96cf33d4e9409dc - - - -] No weighed backend found for volume with properties: {'id': 'b75985a4-c0ab-4c89-ad46-97e52a53441b', 'name': 'tempest-UserMessagesTest-volume-type-951159537', 'description': None, 'is_public': True, 'projects': [], 'extra_specs': {'storage_protocol': 'tempest-storage_protocol-1396355274', 'vendor_name': 'tempest-vendor_name-694563265'}, 'qos_specs_id': None, 'created_at': '2023-02-14T16:42:11.000000', 'updated_at': None, 'deleted_at': None, 'deleted': False}
2023-02-14 16:42:12.199 7 INFO cinder.message.api [None req-a14b1af7-96b1-4348-a423-95a0b1db7312 3f64c547545e45de8362a92f0a1b5873 e6871278466746f5a96cf33d4e9409dc - - - -] Creating message record for request_id = req-a14b1af7-96b1-4348-a423-95a0b1db7312
2023-02-14 16:42:12.204 7 ERROR cinder.scheduler.flows.create_volume [None req-a14b1af7-96b1-4348-a423-95a0b1db7312 3f64c547545e45de8362a92f0a1b5873 e6871278466746f5a96cf33d4e9409dc - - - -] Failed to run task cinder.scheduler.flows.create_volume.ScheduleCreateVolumeTask;volume:create: No valid backend was found. No weighed backends available: cinder.exception.NoValidBackend: No valid backend was found. No weighed backends available
2023-02-14 16:42:13.807 7 WARNING cinder.scheduler.host_manager [None req-85109801-a4c8-47e1-9d02-cd5fda9a1e47 3f64c547545e45de8362a92f0a1b5873 e6871278466746f5a96cf33d4e9409dc - - - -] volume service is down. (host: rack09-server62@lvm-1)
2023-02-14 16:42:13.808 7 INFO cinder.scheduler.base_filter [None req-85109801-a4c8-47e1-9d02-cd5fda9a1e47 3f64c547545e45de8362a92f0a1b5873 e6871278466746f5a96cf33d4e9409dc - - - -] Filtering removed all hosts for the request with volume ID '6148b3a2-8750-4ad1-8471-49a2e8b3a478'. Filter results: AvailabilityZoneFilter: (start: 1, end: 1), CapacityFilter: (start: 1, end: 1), CapabilitiesFilter: (start: 1, end: 0)
2023-02-14 16:42:13.808 7 WARNING cinder.scheduler.filter_scheduler [None req-85109801-a4c8-47e1-9d02-cd5fda9a1e47 3f64c547545e45de8362a92f0a1b5873 e6871278466746f5a96cf33d4e9409dc - - - -] No weighed backend found for volume with properties: {'id': '20fd4e2c-5b1f-4737-9eb5-4bda77ad03d2', 'name': 'tempest-UserMessagesTest-volume-type-1373651804', 'description': None, 'is_public': True, 'projects': [], 'extra_specs': {'storage_protocol': 'tempest-storage_protocol-699118603', 'vendor_name': 'tempest-vendor_name-78806580'}, 'qos_specs_id': None, 'created_at': '2023-02-14T16:42:13.000000', 'updated_at': None, 'deleted_at': None, 'deleted': False}
2023-02-14 16:42:13.809 7 INFO cinder.message.api [None req-85109801-a4c8-47e1-9d02-cd5fda9a1e47 3f64c547545e45de8362a92f0a1b5873 e6871278466746f5a96cf33d4e9409dc - - - -] Creating message record for request_id = req-85109801-a4c8-47e1-9d02-cd5fda9a1e47
2023-02-14 16:42:13.813 7 ERROR cinder.scheduler.flows.create_volume [None req-85109801-a4c8-47e1-9d02-cd5fda9a1e47 3f64c547545e45de8362a92f0a1b5873 e6871278466746f5a96cf33d4e9409dc - - - -] Failed to run task cinder.scheduler.flows.create_volume.ScheduleCreateVolumeTask;volume:create: No valid backend was found. No weighed backends available: cinder.exception.NoValidBackend: No valid backend was found. No weighed backends available
2023-02-14 16:42:19.915 7 WARNING cinder.scheduler.host_manager [None req-dff61058-655c-4d28-972b-0c8872ba1125 e7919fe70c52402d8ded99ca91ff6c6e 142c2f6e89764877bde7a55eb429e9d9 - - - -] volume service is down. (host: rack09-server62@lvm-1)
2023-02-14 16:42:19.922 7 WARNING cinder.scheduler.host_manager [None req-dff61058-655c-4d28-972b-0c8872ba1125 e7919fe70c52402d8ded99ca91ff6c6e 142c2f6e89764877bde7a55eb429e9d9 - - - -] volume service is down. (host: rack09-server62@lvm-1)
2023-02-14 16:42:21.360 7 WARNING cinder.scheduler.host_manager [None req-dd429a70-22fa-402a-ae52-ec04e52c94d4 e7919fe70c52402d8ded99ca91ff6c6e 142c2f6e89764877bde7a55eb429e9d9 - - - -] volume service is down. (host: rack09-server62@lvm-1)
2023-02-14 16:42:24.773 7 WARNING cinder.scheduler.host_manager [None req-0930bfc1-1588-4f77-8205-2bc997056186 f195cd41b31f430085e8b542a3bee905 5296e34a25584476968b8d1601721e12 - - - -] volume service is down. (host: rack09-server62@lvm-1)
2023-02-14 16:42:39.366 7 WARNING cinder.scheduler.host_manager [None req-1416921b-13c0-45f9-a721-08704662a48e 622e237c432a4589b6c9bfc2681ce67b d4c25540c5f747a6afea517e0f5080c4 - - - -] volume service is down. (host: rack09-server62@lvm-1)
2023-02-14 16:42:39.373 7 WARNING cinder.scheduler.host_manager [None req-1416921b-13c0-45f9-a721-08704662a48e 622e237c432a4589b6c9bfc2681ce67b d4c25540c5f747a6afea517e0f5080c4 - - - -] volume service is down. (host: rack09-server62@lvm-1)
2023-02-14 16:42:43.844 7 WARNING cinder.scheduler.host_manager [None req-47060d8b-9138-439e-9df6-8b39bb425ad2 9281c89849dc42d9900f2b8bdc2cd315 3e91c5fa3aa5480bb4d8da88e45fb75d - - - -] volume service is down. (host: rack09-server62@lvm-1)
2023-02-14 16:42:49.445 7 WARNING cinder.scheduler.host_manager [None req-34a10935-4803-4ef0-ada7-4e93c7161438 97fcd1d2220342a58acb7fa40994ba1a 2af01e7f6cee48b7a22c9bbb82eae0f2 - - - -] volume service is down. (host: rack09-server62@lvm-1)
2023-02-14 16:42:53.185 7 WARNING cinder.scheduler.host_manager [None req-926cc922-f3d6-4381-afaa-4cad3f7007e3 97fcd1d2220342a58acb7fa40994ba1a 2af01e7f6cee48b7a22c9bbb82eae0f2 - - - -] volume service is down. (host: rack09-server62@lvm-1)
2023-02-14 16:42:59.908 7 WARNING cinder.scheduler.host_manager [None req-e1209fee-be1c-4054-810b-b60738d0f9dc 134f1da4553c4deaae78aba2943b44ef 4e85b9bf757545afb5b353a8cf17dfe9 - - - -] volume service is down. (host: rack09-server62@lvm-1)
2023-02-14 16:43:02.244 7 WARNING cinder.scheduler.host_manager [None req-3fefdd8e-a2bf-4cf2-95cd-10fec93b1683 134f1da4553c4deaae78aba2943b44ef 4e85b9bf757545afb5b353a8cf17dfe9 - - - -] volume service is down. (host: rack09-server62@lvm-1)
2023-02-14 16:43:02.245 7 WARNING oslo_messaging.rpc.client [None req-3fefdd8e-a2bf-4cf2-95cd-10fec93b1683 134f1da4553c4deaae78aba2943b44ef 4e85b9bf757545afb5b353a8cf17dfe9 - - - -] Using RPCClient manually to instantiate client. Please use get_rpc_client to obtain an RPC client instance.
2023-02-14 16:43:04.001 7 WARNING cinder.scheduler.host_manager [None req-53f3383c-47b4-4db1-9914-64fd36e15afa 2e7a6a979eb44b0d8464f7ccf5e72335 3e8f3faae7df4d29b4ad7977d202595b - - - -] volume service is down. (host: rack09-server62@lvm-1)
2023-02-14 16:43:04.536 7 WARNING cinder.scheduler.host_manager [None req-2fc99fbd-62b7-4d78-aef2-0311773a7264 134f1da4553c4deaae78aba2943b44ef 4e85b9bf757545afb5b353a8cf17dfe9 - - - -] volume service is down. (host: rack09-server62@lvm-1)
2023-02-14 16:43:04.537 7 WARNING oslo_messaging.rpc.client [None req-2fc99fbd-62b7-4d78-aef2-0311773a7264 134f1da4553c4deaae78aba2943b44ef 4e85b9bf757545afb5b353a8cf17dfe9 - - - -] Using RPCClient manually to instantiate client. Please use get_rpc_client to obtain an RPC client instance.
2023-02-14 16:43:08.233 7 WARNING cinder.scheduler.host_manager [None req-863a1eea-bf05-40ba-889b-976222022894 134f1da4553c4deaae78aba2943b44ef 4e85b9bf757545afb5b353a8cf17dfe9 - - - -] volume service is down. (host: rack09-server62@lvm-1)
2023-02-14 16:43:10.568 7 WARNING cinder.scheduler.host_manager [None req-84d7b637-825c-43d5-a2b2-f70173b0ca99 134f1da4553c4deaae78aba2943b44ef 4e85b9bf757545afb5b353a8cf17dfe9 - - - -] volume service is down. (host: rack09-server62@lvm-1)
2023-02-14 16:43:10.569 7 WARNING oslo_messaging.rpc.client [None req-84d7b637-825c-43d5-a2b2-f70173b0ca99 134f1da4553c4deaae78aba2943b44ef 4e85b9bf757545afb5b353a8cf17dfe9 - - - -] Using RPCClient manually to instantiate client. Please use get_rpc_client to obtain an RPC client instance.
2023-02-14 16:43:13.032 7 WARNING cinder.scheduler.host_manager [None req-f4e44fa9-a2ee-42a0-ada8-0241a1652398 134f1da4553c4deaae78aba2943b44ef 4e85b9bf757545afb5b353a8cf17dfe9 - - - -] volume service is down. (host: rack09-server62@lvm-1)
2023-02-14 16:43:17.780 7 WARNING cinder.scheduler.host_manager [None req-7173f794-4016-439f-afec-41042fb01e9a 8e4d48f3c80e41208e6a66725024ec2c caf10bea5b0e4c778bc6d26295118637 - - - -] volume service is down. (host: rack09-server62@lvm-1)
2023-02-14 16:43:20.750 7 WARNING cinder.scheduler.host_manager [None req-7609a847-8844-4078-b74f-55ec6ce2dcb9 70e06c9edfc14e8ca9095985005610e9 8d4b9533078d4a30b2af54f72d2d4dd7 - - - -] volume service is down. (host: rack09-server62@lvm-1)
2023-02-14 16:43:30.316 7 WARNING cinder.scheduler.host_manager [None req-f001bd4d-56c6-47ff-b676-dab5162fd15f 0022af82af4d4d60a1a9245d397b4020 8a42f438a75c44e3ba5acb94be9d0e44 - - - -] volume service is down. (host: rack09-server62@lvm-1)
2023-02-14 16:43:33.514 7 WARNING cinder.scheduler.host_manager [None req-50a3a28e-ca44-46cc-a739-00a3db54ee94 8bd7178f8df64bc596c5ff354fddfa6e 00ade165c6824c5c8e7f869a61ce67c5 - - - -] volume service is down. (host: rack09-server62@lvm-1)
2023-02-14 16:43:35.106 7 WARNING cinder.scheduler.host_manager [None req-7320f01e-f410-4eb6-99fa-58579f5d1159 0022af82af4d4d60a1a9245d397b4020 8a42f438a75c44e3ba5acb94be9d0e44 - - - -] volume service is down. (host: rack09-server62@lvm-1)
2023-02-14 16:43:35.385 7 WARNING cinder.scheduler.host_manager [req-79aeec70-75bf-4eaf-9fd1-9c21f29e7721 req-f85bfa3d-129e-4db8-890a-7c632b9330e9 8e4d48f3c80e41208e6a66725024ec2c caf10bea5b0e4c778bc6d26295118637 - - - -] volume service is down. (host: rack09-server62@lvm-1)
2023-02-14 16:43:35.386 7 WARNING oslo_messaging.rpc.client [req-79aeec70-75bf-4eaf-9fd1-9c21f29e7721 req-f85bfa3d-129e-4db8-890a-7c632b9330e9 8e4d48f3c80e41208e6a66725024ec2c caf10bea5b0e4c778bc6d26295118637 - - - -] Using RPCClient manually to instantiate client. Please use get_rpc_client to obtain an RPC client instance.
2023-02-14 16:43:39.212 7 WARNING cinder.scheduler.host_manager [None req-76f69a5d-9ef9-4cb8-95fd-fed89d1722be 8bd7178f8df64bc596c5ff354fddfa6e 00ade165c6824c5c8e7f869a61ce67c5 - - - -] volume service is down. (host: rack09-server62@lvm-1)
2023-02-14 16:43:42.891 7 WARNING cinder.scheduler.host_manager [None req-08766138-dbe4-4b05-8c9e-5134ec73f284 8bd7178f8df64bc596c5ff354fddfa6e 00ade165c6824c5c8e7f869a61ce67c5 - - - -] volume service is down. (host: rack09-server62@lvm-1)
2023-02-14 16:43:45.180 7 WARNING cinder.scheduler.host_manager [None req-7a00eb32-57b1-4bbd-b65f-1d511a3442a9 1b9a7aa5adfb43558e5f6a2755423497 4bd79c7118c346da94d76e2909b108cc - - - -] volume service is down. (host: rack09-server62@lvm-1)
2023-02-14 16:43:46.632 7 WARNING cinder.scheduler.host_manager [None req-b403f358-438b-48ed-bbcb-79e1f874576b 8bd7178f8df64bc596c5ff354fddfa6e 00ade165c6824c5c8e7f869a61ce67c5 - - - -] volume service is down. (host: rack09-server62@lvm-1)
2023-02-14 16:43:50.062 7 WARNING cinder.scheduler.host_manager [None req-0f16754e-a04d-4b75-8023-156ef1565a1c 1b9a7aa5adfb43558e5f6a2755423497 4bd79c7118c346da94d76e2909b108cc - - - -] volume service is down. (host: rack09-server62@lvm-1)
2023-02-14 16:43:50.334 7 WARNING cinder.scheduler.host_manager [None req-fe9eae5c-a25d-4572-b8d4-da70721c4c2c 8bd7178f8df64bc596c5ff354fddfa6e 00ade165c6824c5c8e7f869a61ce67c5 - - - -] volume service is down. (host: rack09-server62@lvm-1)
2023-02-14 16:43:54.042 7 WARNING cinder.scheduler.host_manager [None req-4b4c57b1-42f2-4052-b082-98a13f44b447 8bd7178f8df64bc596c5ff354fddfa6e 00ade165c6824c5c8e7f869a61ce67c5 - - - -] volume service is down. (host: rack09-server62@lvm-1)
2023-02-14 16:43:57.036 7 WARNING cinder.scheduler.host_manager [None req-98a5a21f-6fd8-4ec2-bbbb-d67ec8d2dce8 4d81db46ec714954b740b26db231c109 b976d06b0b43418a80c679d669f186ac - - - -] volume service is down. (host: rack09-server62@lvm-1)
2023-02-14 16:44:01.266 7 WARNING cinder.scheduler.host_manager [None req-22a3e9f8-0cc7-4aad-9270-5380464f597b 3c9caf7e852446838efed9a499fa4fff 2b462295ff0a4783bb784d70dc5ded03 - - - -] volume service is down. (host: rack09-server62@lvm-1)
2023-02-14 16:44:01.273 7 WARNING cinder.scheduler.host_manager [None req-22a3e9f8-0cc7-4aad-9270-5380464f597b 3c9caf7e852446838efed9a499fa4fff 2b462295ff0a4783bb784d70dc5ded03 - - - -] volume service is down. (host: rack09-server62@lvm-1)
2023-02-14 16:44:02.476 7 WARNING cinder.scheduler.host_manager [None req-f9161d5b-fe7f-4c7c-8d1c-eee9ab59016b 3c9caf7e852446838efed9a499fa4fff 2b462295ff0a4783bb784d70dc5ded03 - - - -] volume service is down. (host: rack09-server62@lvm-1)
2023-02-14 16:44:02.482 7 WARNING cinder.scheduler.host_manager [None req-f9161d5b-fe7f-4c7c-8d1c-eee9ab59016b 3c9caf7e852446838efed9a499fa4fff 2b462295ff0a4783bb784d70dc5ded03 - - - -] volume service is down. (host: rack09-server62@lvm-1)
2023-02-14 16:44:03.985 7 WARNING cinder.scheduler.host_manager [None req-0402d568-6a7d-43f1-8a65-5e2bd75c40c2 3c9caf7e852446838efed9a499fa4fff 2b462295ff0a4783bb784d70dc5ded03 - - - -] volume service is down. (host: rack09-server62@lvm-1)
2023-02-14 16:44:08.122 7 WARNING cinder.scheduler.host_manager [None req-320162c1-a461-4e6f-aa2c-ae5514a932d6 085b1263cd75427e96fff43b32368bf2 bfe97a22f71640ceaa37bbde424c5c4b - - - -] volume service is down. (host: rack09-server62@lvm-1)
2023-02-14 16:44:09.377 7 WARNING cinder.scheduler.host_manager [None req-220b5bf9-6d22-4819-ac76-72d302176845 3c9caf7e852446838efed9a499fa4fff 2b462295ff0a4783bb784d70dc5ded03 - - - -] volume service is down. (host: rack09-server62@lvm-1)
2023-02-14 16:44:09.384 7 WARNING cinder.scheduler.host_manager [None req-220b5bf9-6d22-4819-ac76-72d302176845 3c9caf7e852446838efed9a499fa4fff 2b462295ff0a4783bb784d70dc5ded03 - - - -] volume service is down. (host: rack09-server62@lvm-1)
2023-02-14 16:44:11.181 7 WARNING cinder.scheduler.host_manager [None req-eb37e9e2-a9ca-4f47-9d20-04091513b399 3c9caf7e852446838efed9a499fa4fff 2b462295ff0a4783bb784d70dc5ded03 - - - -] volume service is down. (host: rack09-server62@lvm-1)
2023-02-14 16:44:13.779 7 WARNING cinder.scheduler.host_manager [None req-9a63feb9-7a86-4322-bc67-5534b0fb480c 3c9caf7e852446838efed9a499fa4fff 2b462295ff0a4783bb784d70dc5ded03 - - - -] volume service is down. (host: rack09-server62@lvm-1)
2023-02-14 16:44:20.105 7 WARNING cinder.scheduler.host_manager [None req-0000ad3d-91c2-4925-9d01-4193a8a9c127 085b1263cd75427e96fff43b32368bf2 bfe97a22f71640ceaa37bbde424c5c4b - - - -] volume service is down. (host: rack09-server62@lvm-1)
2023-02-14 16:44:24.701 7 WARNING cinder.scheduler.host_manager [None req-3b5a1a89-bbfe-4ae8-a77b-5f4f18f866e9 085b1263cd75427e96fff43b32368bf2 bfe97a22f71640ceaa37bbde424c5c4b - - - -] volume service is down. (host: rack09-server62@lvm-1)
2023-02-14 16:44:25.215 7 WARNING cinder.scheduler.host_manager [None req-7e99eb22-6567-4e06-b9d6-bd3a34655a58 542abcaca01d43f7ac94c6905ca1d8f1 c9f5ada8a8ac4d3caf373e9600f3a443 - - - -] volume service is down. (host: rack09-server62@lvm-1)
2023-02-14 16:44:25.222 7 WARNING cinder.scheduler.host_manager [None req-7e99eb22-6567-4e06-b9d6-bd3a34655a58 542abcaca01d43f7ac94c6905ca1d8f1 c9f5ada8a8ac4d3caf373e9600f3a443 - - - -] volume service is down. (host: rack09-server62@lvm-1)
2023-02-14 16:44:27.528 7 WARNING cinder.scheduler.host_manager [None req-89409ca5-d1dc-426f-a897-4e57f7ed0a8b 542abcaca01d43f7ac94c6905ca1d8f1 c9f5ada8a8ac4d3caf373e9600f3a443 - - - -] volume service is down. (host: rack09-server62@lvm-1)
2023-02-14 16:44:27.631 7 WARNING cinder.scheduler.host_manager [None req-f8659b20-c595-42c4-a213-1d5c5747c851 085b1263cd75427e96fff43b32368bf2 bfe97a22f71640ceaa37bbde424c5c4b - - - -] volume service is down. (host: rack09-server62@lvm-1)
2023-02-14 16:44:29.913 7 WARNING cinder.scheduler.host_manager [None req-3ad5165d-d3ed-4a8f-b498-c7bf713c5e58 542abcaca01d43f7ac94c6905ca1d8f1 c9f5ada8a8ac4d3caf373e9600f3a443 - - - -] volume service is down. (host: rack09-server62@lvm-1)
2023-02-14 16:44:31.844 7 WARNING cinder.scheduler.host_manager [None req-98ea5538-14d5-448c-9595-bf126850a6de 8ba660956d0d4f39903325b569f0ddbd ef78009b1a4d49c19e22b119f9ed808f - - - -] volume service is down. (host: rack09-server62@lvm-1)
2023-02-14 16:44:38.509 7 WARNING cinder.scheduler.host_manager [None req-fb88d36d-80c9-42a4-93a6-da2d1b627c14 a2c644a623574c4690e2c91f5ddffa1f 0b3daa6106b84564863d40b557119dfa - - - -] volume service is down. (host: rack09-server62@lvm-1)
2023-02-14 16:44:41.192 7 WARNING cinder.scheduler.host_manager [None req-92eeb918-6f2b-4c38-a674-b99abb19a2ac c9343e01dc0a4df8b2fddf0ccb8a437a 3a380261352a4c3cb8c261b007bc11b2 - - - -] volume service is down. (host: rack09-server62@lvm-1)
2023-02-14 16:44:43.512 7 WARNING cinder.scheduler.host_manager [None req-d6e3aed0-e6c1-4c19-ae51-87730eb5a50f c9343e01dc0a4df8b2fddf0ccb8a437a 3a380261352a4c3cb8c261b007bc11b2 - - - -] volume service is down. (host: rack09-server62@lvm-1)
2023-02-14 16:44:43.513 7 WARNING oslo_messaging.rpc.client [None req-d6e3aed0-e6c1-4c19-ae51-87730eb5a50f c9343e01dc0a4df8b2fddf0ccb8a437a 3a380261352a4c3cb8c261b007bc11b2 - - - -] Using RPCClient manually to instantiate client. Please use get_rpc_client to obtain an RPC client instance.
2023-02-14 16:44:45.892 7 WARNING cinder.scheduler.host_manager [None req-9454bfae-2574-4339-b9b7-6ee8515fc21b b62fd1101e684d5d946a613f507c74ef c6da9bd5030545d8bc31434d34611d24 - - - -] volume service is down. (host: rack09-server62@lvm-1)
2023-02-14 16:44:46.211 7 WARNING cinder.scheduler.host_manager [None req-c6467d6d-3a40-47b2-96a8-47ca427fb98e c9343e01dc0a4df8b2fddf0ccb8a437a 3a380261352a4c3cb8c261b007bc11b2 - - - -] volume service is down. (host: rack09-server62@lvm-1)
2023-02-14 16:44:46.212 7 WARNING oslo_messaging.rpc.client [None req-c6467d6d-3a40-47b2-96a8-47ca427fb98e c9343e01dc0a4df8b2fddf0ccb8a437a 3a380261352a4c3cb8c261b007bc11b2 - - - -] Using RPCClient manually to instantiate client. Please use get_rpc_client to obtain an RPC client instance.
2023-02-14 16:44:46.382 7 WARNING cinder.scheduler.host_manager [None req-53518739-8604-4f70-bb9e-fbaaad4e5ea2 f51d85e264a0462e9b486dc9f26b65b0 dc1a1975fe3548f2b09415c363e93215 - - - -] volume service is down. (host: rack09-server62@lvm-1)
2023-02-14 16:44:49.749 7 WARNING cinder.scheduler.host_manager [None req-d927b81c-f270-4c35-bef9-b7b276c4c077 c9343e01dc0a4df8b2fddf0ccb8a437a 3a380261352a4c3cb8c261b007bc11b2 - - - -] volume service is down. (host: rack09-server62@lvm-1)
2023-02-14 16:44:49.750 7 WARNING oslo_messaging.rpc.client [None req-d927b81c-f270-4c35-bef9-b7b276c4c077 c9343e01dc0a4df8b2fddf0ccb8a437a 3a380261352a4c3cb8c261b007bc11b2 - - - -] Using RPCClient manually to instantiate client. Please use get_rpc_client to obtain an RPC client instance.
2023-02-14 16:44:53.371 7 WARNING cinder.scheduler.host_manager [None req-8182e506-553a-40d5-b8eb-29c8f1db5056 c9343e01dc0a4df8b2fddf0ccb8a437a 3a380261352a4c3cb8c261b007bc11b2 - - - -] volume service is down. (host: rack09-server62@lvm-1)
2023-02-14 16:44:53.372 7 WARNING oslo_messaging.rpc.client [None req-8182e506-553a-40d5-b8eb-29c8f1db5056 c9343e01dc0a4df8b2fddf0ccb8a437a 3a380261352a4c3cb8c261b007bc11b2 - - - -] Using RPCClient manually to instantiate client. Please use get_rpc_client to obtain an RPC client instance.
2023-02-14 16:44:54.790 7 WARNING cinder.scheduler.host_manager [None req-14a2e9d7-eb91-4b57-9860-c32ba403e00d b62fd1101e684d5d946a613f507c74ef c6da9bd5030545d8bc31434d34611d24 - - - -] volume service is down. (host: rack09-server62@lvm-1)
2023-02-14 16:44:56.980 7 WARNING cinder.scheduler.host_manager [None req-c85b1313-8e0c-47b5-99b7-a71b8a805c95 c9343e01dc0a4df8b2fddf0ccb8a437a 3a380261352a4c3cb8c261b007bc11b2 - - - -] volume service is down. (host: rack09-server62@lvm-1)
2023-02-14 16:44:56.980 7 WARNING oslo_messaging.rpc.client [None req-c85b1313-8e0c-47b5-99b7-a71b8a805c95 c9343e01dc0a4df8b2fddf0ccb8a437a 3a380261352a4c3cb8c261b007bc11b2 - - - -] Using RPCClient manually to instantiate client. Please use get_rpc_client to obtain an RPC client instance.
2023-02-14 16:44:57.577 7 WARNING cinder.scheduler.host_manager [None req-5de933be-065d-40b6-be8b-9790a1033f22 f51d85e264a0462e9b486dc9f26b65b0 dc1a1975fe3548f2b09415c363e93215 - - - -] volume service is down. (host: rack09-server62@lvm-1)
2023-02-14 16:44:57.578 7 WARNING oslo_messaging.rpc.client [None req-5de933be-065d-40b6-be8b-9790a1033f22 f51d85e264a0462e9b486dc9f26b65b0 dc1a1975fe3548f2b09415c363e93215 - - - -] Using RPCClient manually to instantiate client. Please use get_rpc_client to obtain an RPC client instance.
2023-02-14 16:45:07.171 7 WARNING cinder.scheduler.host_manager [None req-e1f36ca6-5e50-4db0-a532-420b1f44f435 ffbdfffd9bd0481896f8342f69697986 07ee61b840a34c84b332fe8195da2a89 - - - -] volume service is down. (host: rack09-server62@lvm-1)
2023-02-14 16:45:08.098 7 WARNING cinder.scheduler.host_manager [None req-6ced5f29-8759-42bc-a680-36e1224298fa 0e5797256d0341f387a844bdf6fdd417 860fe40e62fd439895e6e0f90d40b271 - - - -] volume service is down. (host: rack09-server62@lvm-1)
2023-02-14 16:45:09.152 7 WARNING cinder.scheduler.host_manager [None req-825bc0d2-dcdd-4c10-bca3-6c8e39838b10 b62fd1101e684d5d946a613f507c74ef c6da9bd5030545d8bc31434d34611d24 - - - -] volume service is down. (host: rack09-server62@lvm-1)
2023-02-14 16:45:09.153 7 WARNING oslo_messaging.rpc.client [None req-825bc0d2-dcdd-4c10-bca3-6c8e39838b10 b62fd1101e684d5d946a613f507c74ef c6da9bd5030545d8bc31434d34611d24 - - - -] Using RPCClient manually to instantiate client. Please use get_rpc_client to obtain an RPC client instance.
2023-02-14 16:45:11.462 7 WARNING cinder.scheduler.host_manager [None req-2d52fc62-8fbd-436a-a6cc-e1bcd8a5eb3d b62fd1101e684d5d946a613f507c74ef c6da9bd5030545d8bc31434d34611d24 - - - -] volume service is down. (host: rack09-server62@lvm-1)
2023-02-14 16:45:11.463 7 WARNING oslo_messaging.rpc.client [None req-2d52fc62-8fbd-436a-a6cc-e1bcd8a5eb3d b62fd1101e684d5d946a613f507c74ef c6da9bd5030545d8bc31434d34611d24 - - - -] Using RPCClient manually to instantiate client. Please use get_rpc_client to obtain an RPC client instance.
2023-02-14 16:45:14.306 7 WARNING cinder.scheduler.host_manager [None req-97801953-ee82-40fa-ac39-56231efd3fff b62fd1101e684d5d946a613f507c74ef c6da9bd5030545d8bc31434d34611d24 - - - -] volume service is down. (host: rack09-server62@lvm-1)
2023-02-14 16:45:14.307 7 WARNING oslo_messaging.rpc.client [None req-97801953-ee82-40fa-ac39-56231efd3fff b62fd1101e684d5d946a613f507c74ef c6da9bd5030545d8bc31434d34611d24 - - - -] Using RPCClient manually to instantiate client. Please use get_rpc_client to obtain an RPC client instance.
2023-02-14 16:45:17.949 7 WARNING cinder.scheduler.host_manager [None req-b92715d3-5cac-472a-a0eb-46365a32587c ee35c50c4b7449a68a923c3fa678a2c0 1073bd8c1bfe455b8d0e583148abcf54 - - - -] volume service is down. (host: rack09-server62@lvm-1)
2023-02-14 16:45:19.025 7 WARNING cinder.scheduler.host_manager [None req-c4039786-3d0c-49b3-94cb-c825401b0d9f ffbdfffd9bd0481896f8342f69697986 07ee61b840a34c84b332fe8195da2a89 - - - -] volume service is down. (host: rack09-server62@lvm-1)
2023-02-14 16:45:19.026 7 WARNING oslo_messaging.rpc.client [None req-c4039786-3d0c-49b3-94cb-c825401b0d9f ffbdfffd9bd0481896f8342f69697986 07ee61b840a34c84b332fe8195da2a89 - - - -] Using RPCClient manually to instantiate client. Please use get_rpc_client to obtain an RPC client instance.
2023-02-14 16:45:20.444 7 WARNING cinder.scheduler.host_manager [None req-eafe6de2-b4ed-4bda-bb87-7ac94a297c0f ee35c50c4b7449a68a923c3fa678a2c0 1073bd8c1bfe455b8d0e583148abcf54 - - - -] volume service is down. (host: rack09-server62@lvm-1)
2023-02-14 16:45:20.445 7 WARNING oslo_messaging.rpc.client [None req-eafe6de2-b4ed-4bda-bb87-7ac94a297c0f ee35c50c4b7449a68a923c3fa678a2c0 1073bd8c1bfe455b8d0e583148abcf54 - - - -] Using RPCClient manually to instantiate client. Please use get_rpc_client to obtain an RPC client instance.
2023-02-14 16:45:20.517 7 WARNING cinder.scheduler.host_manager [None req-ceb1fc9e-2f81-4335-a56c-1f7e161436bd ffbdfffd9bd0481896f8342f69697986 07ee61b840a34c84b332fe8195da2a89 - - - -] volume service is down. (host: rack09-server62@lvm-1)
2023-02-14 16:45:22.867 7 WARNING cinder.scheduler.host_manager [None req-1ff7d728-1986-42e8-9870-965d9dd8e4b0 ffbdfffd9bd0481896f8342f69697986 07ee61b840a34c84b332fe8195da2a89 - - - -] volume service is down. (host: rack09-server62@lvm-1)
2023-02-14 16:45:22.868 7 WARNING oslo_messaging.rpc.client [None req-1ff7d728-1986-42e8-9870-965d9dd8e4b0 ffbdfffd9bd0481896f8342f69697986 07ee61b840a34c84b332fe8195da2a89 - - - -] Using RPCClient manually to instantiate client. Please use get_rpc_client to obtain an RPC client instance.
2023-02-14 16:45:23.609 7 WARNING cinder.scheduler.host_manager [None req-d0b5e8c8-55b7-44b4-b6f6-28a172732856 b62fd1101e684d5d946a613f507c74ef c6da9bd5030545d8bc31434d34611d24 - - - -] volume service is down. (host: rack09-server62@lvm-1)
2023-02-14 16:45:23.610 7 WARNING oslo_messaging.rpc.client [None req-d0b5e8c8-55b7-44b4-b6f6-28a172732856 b62fd1101e684d5d946a613f507c74ef c6da9bd5030545d8bc31434d34611d24 - - - -] Using RPCClient manually to instantiate client. Please use get_rpc_client to obtain an RPC client instance.
2023-02-14 16:45:25.158 7 WARNING cinder.scheduler.host_manager [None req-5460c820-b0f8-4e5d-98e1-ddb54134ba85 ffbdfffd9bd0481896f8342f69697986 07ee61b840a34c84b332fe8195da2a89 - - - -] volume service is down. (host: rack09-server62@lvm-1)
2023-02-14 16:45:25.159 7 WARNING oslo_messaging.rpc.client [None req-5460c820-b0f8-4e5d-98e1-ddb54134ba85 ffbdfffd9bd0481896f8342f69697986 07ee61b840a34c84b332fe8195da2a89 - - - -] Using RPCClient manually to instantiate client. Please use get_rpc_client to obtain an RPC client instance.
2023-02-14 16:45:27.156 7 WARNING cinder.scheduler.host_manager [None req-089e4097-d6bc-42a0-a317-d1741d9340a1 b62fd1101e684d5d946a613f507c74ef c6da9bd5030545d8bc31434d34611d24 - - - -] volume service is down. (host: rack09-server62@lvm-1)
2023-02-14 16:45:27.157 7 WARNING oslo_messaging.rpc.client [None req-089e4097-d6bc-42a0-a317-d1741d9340a1 b62fd1101e684d5d946a613f507c74ef c6da9bd5030545d8bc31434d34611d24 - - - -] Using RPCClient manually to instantiate client. Please use get_rpc_client to obtain an RPC client instance.
2023-02-14 16:45:32.609 7 WARNING cinder.scheduler.host_manager [None req-90923eae-c2dc-4e90-802b-2c40f934e007 bd6c980604d745b8be2e57688935cae6 d93e75a8c26a42929239fa599bf1f4dd - - - -] volume service is down. (host: rack09-server62@lvm-1)
2023-02-14 16:45:33.024 7 WARNING cinder.scheduler.host_manager [None req-4ea3f2af-4458-453b-8e72-38e9e38ef652 663ae9c2b28f4ec98491ce5555ee20d1 01fac24b31ea4df092eb1db5457132a3 - - - -] volume service is down. (host: rack09-server62@lvm-1)
2023-02-14 16:45:35.304 7 WARNING cinder.scheduler.host_manager [None req-a0d0e425-d760-48b0-b9bd-185785cfbe82 bd6c980604d745b8be2e57688935cae6 d93e75a8c26a42929239fa599bf1f4dd - - - -] volume service is down. (host: rack09-server62@lvm-1)
2023-02-14 16:45:35.399 7 WARNING cinder.scheduler.host_manager [None req-84239642-1dee-4839-ae7e-e6f9f79c9524 663ae9c2b28f4ec98491ce5555ee20d1 01fac24b31ea4df092eb1db5457132a3 - - - -] volume service is down. (host: rack09-server62@lvm-1)
2023-02-14 16:45:35.400 7 WARNING oslo_messaging.rpc.client [None req-84239642-1dee-4839-ae7e-e6f9f79c9524 663ae9c2b28f4ec98491ce5555ee20d1 01fac24b31ea4df092eb1db5457132a3 - - - -] Using RPCClient manually to instantiate client. Please use get_rpc_client to obtain an RPC client instance.
2023-02-14 16:45:40.116 7 WARNING cinder.scheduler.host_manager [None req-39c41938-5fc3-405a-b73f-069733bc9f4d bd6c980604d745b8be2e57688935cae6 d93e75a8c26a42929239fa599bf1f4dd - - - -] volume service is down. (host: rack09-server62@lvm-1)
2023-02-14 16:45:42.606 7 WARNING cinder.scheduler.host_manager [None req-95bc525f-3a6e-4923-bfb3-367b7fcf5f67 bd6c980604d745b8be2e57688935cae6 d93e75a8c26a42929239fa599bf1f4dd - - - -] volume service is down. (host: rack09-server62@lvm-1)
2023-02-14 16:45:46.345 7 WARNING cinder.scheduler.host_manager [None req-c47606bf-5bda-4583-8420-f11f6f28bb6a bd6c980604d745b8be2e57688935cae6 d93e75a8c26a42929239fa599bf1f4dd - - - -] volume service is down. (host: rack09-server62@lvm-1)
2023-02-14 16:45:50.272 7 WARNING cinder.scheduler.host_manager [None req-5c5f046f-6e96-4cff-b5b6-8885c7ef60b5 00923ee931b149bf97741f20d2a9d043 b2eef92e1591454b9990e2a901f5ff67 - - - -] volume service is down. (host: rack09-server62@lvm-1)
2023-02-14 16:45:51.301 7 WARNING cinder.scheduler.host_manager [None req-3a441140-7e66-4946-8b21-79d3c93d5cb5 bd6c980604d745b8be2e57688935cae6 d93e75a8c26a42929239fa599bf1f4dd - - - -] volume service is down. (host: rack09-server62@lvm-1)
2023-02-14 16:45:52.781 7 WARNING cinder.scheduler.host_manager [None req-bf9e4d55-ce66-40b6-819d-74990d436d48 00923ee931b149bf97741f20d2a9d043 b2eef92e1591454b9990e2a901f5ff67 - - - -] volume service is down. (host: rack09-server62@lvm-1)
2023-02-14 16:45:55.303 7 WARNING cinder.scheduler.host_manager [None req-531c76dc-30ba-4f39-a35f-774dec9a4d5a 00923ee931b149bf97741f20d2a9d043 b2eef92e1591454b9990e2a901f5ff67 - - - -] volume service is down. (host: rack09-server62@lvm-1)
2023-02-14 16:45:58.059 7 WARNING cinder.scheduler.host_manager [None req-830dd057-9c9d-40fd-abf5-00b1635ea2c0 6f5c397e15e54719bfda0653e32af0d9 b89e28b99839490894ebebb3b869467c - - - -] volume service is down. (host: rack09-server62@lvm-1)
2023-02-14 16:46:03.471 7 WARNING cinder.scheduler.host_manager [None req-678b1c11-207d-4b9a-bb0b-78a9091f8299 bd6c980604d745b8be2e57688935cae6 d93e75a8c26a42929239fa599bf1f4dd - - - -] volume service is down. (host: rack09-server62@lvm-1)
2023-02-14 16:46:07.140 7 WARNING cinder.scheduler.host_manager [None req-d928fa0c-311a-4ae2-8b43-06010f0a2b07 373a266adc0448d2949c591bb2c990ec 3de80706bd92417db3deac97217878d3 - - - -] volume service is down. (host: rack09-server62@lvm-1)
2023-02-14 16:46:09.479 7 WARNING cinder.scheduler.host_manager [None req-529a97da-af95-493e-9c69-28717649d1d8 373a266adc0448d2949c591bb2c990ec 3de80706bd92417db3deac97217878d3 - - - -] volume service is down. (host: rack09-server62@lvm-1)
2023-02-14 16:46:09.480 7 WARNING oslo_messaging.rpc.client [None req-529a97da-af95-493e-9c69-28717649d1d8 373a266adc0448d2949c591bb2c990ec 3de80706bd92417db3deac97217878d3 - - - -] Using RPCClient manually to instantiate client. Please use get_rpc_client to obtain an RPC client instance.
2023-02-14 16:46:14.636 7 WARNING cinder.scheduler.host_manager [None req-df7db143-5f71-4bac-827e-c11112209562 653286a726f149b7963b26f6f2c95ce6 1cae385c945a4cefa147f58704391f3d - - - -] volume service is down. (host: rack09-server62@lvm-1)
2023-02-14 16:46:17.003 7 WARNING cinder.scheduler.host_manager [None req-4fc76591-099c-47bb-ad5f-59134fe63601 653286a726f149b7963b26f6f2c95ce6 1cae385c945a4cefa147f58704391f3d - - - -] volume service is down. (host: rack09-server62@lvm-1)
2023-02-14 16:46:17.004 7 WARNING oslo_messaging.rpc.client [None req-4fc76591-099c-47bb-ad5f-59134fe63601 653286a726f149b7963b26f6f2c95ce6 1cae385c945a4cefa147f58704391f3d - - - -] Using RPCClient manually to instantiate client. Please use get_rpc_client to obtain an RPC client instance.
2023-02-14 16:46:18.939 7 WARNING cinder.scheduler.host_manager [None req-a0518559-08cc-4f0a-ba78-6803e75d5d45 f16d59cc97c7423d89cadb2cc8b4c476 ba202239fe1d4dd1b2ec8f72bf75cc9c - - - -] volume service is down. (host: rack09-server62@lvm-1)
2023-02-14 16:46:19.312 7 WARNING cinder.scheduler.host_manager [None req-3f576686-8e78-4474-97db-3d0e0950e554 653286a726f149b7963b26f6f2c95ce6 1cae385c945a4cefa147f58704391f3d - - - -] volume service is down. (host: rack09-server62@lvm-1)
2023-02-14 16:46:19.313 7 WARNING oslo_messaging.rpc.client [None req-3f576686-8e78-4474-97db-3d0e0950e554 653286a726f149b7963b26f6f2c95ce6 1cae385c945a4cefa147f58704391f3d - - - -] Using RPCClient manually to instantiate client. Please use get_rpc_client to obtain an RPC client instance.
2023-02-14 16:46:21.923 7 WARNING cinder.scheduler.host_manager [None req-2ce462b3-5c72-4cd7-ada2-3f81291a1675 653286a726f149b7963b26f6f2c95ce6 1cae385c945a4cefa147f58704391f3d - - - -] volume service is down. (host: rack09-server62@lvm-1)
2023-02-14 16:46:21.924 7 WARNING oslo_messaging.rpc.client [None req-2ce462b3-5c72-4cd7-ada2-3f81291a1675 653286a726f149b7963b26f6f2c95ce6 1cae385c945a4cefa147f58704391f3d - - - -] Using RPCClient manually to instantiate client. Please use get_rpc_client to obtain an RPC client instance.
2023-02-14 16:46:25.769 7 WARNING cinder.scheduler.host_manager [None req-cd1923de-458e-40ca-9dfb-ebc7a255e36b 9c4925ee283e42f69e4ad1b298499f6a eda16e31965240878b8db496839ef46c - - - -] volume service is down. (host: rack09-server62@lvm-1)
2023-02-14 16:46:28.328 7 WARNING cinder.scheduler.host_manager [None req-c0f33f2e-3db9-42c3-bc46-b41654f1b0db 9c4925ee283e42f69e4ad1b298499f6a eda16e31965240878b8db496839ef46c - - - -] volume service is down. (host: rack09-server62@lvm-1)
2023-02-14 16:46:30.119 7 WARNING cinder.scheduler.host_manager [None req-bc6c93ce-ce96-416d-aef1-b44b0562d7e8 b62fd1101e684d5d946a613f507c74ef c6da9bd5030545d8bc31434d34611d24 - - - -] volume service is down. (host: rack09-server62@lvm-1)
2023-02-14 16:46:30.866 7 WARNING cinder.scheduler.host_manager [None req-17a532d0-90df-433a-b7c5-9dc83d670ace 9c4925ee283e42f69e4ad1b298499f6a eda16e31965240878b8db496839ef46c - - - -] volume service is down. (host: rack09-server62@lvm-1)
2023-02-14 16:46:32.432 7 WARNING cinder.scheduler.host_manager [None req-be742173-8577-44c6-8aa9-4fcbc0737af3 b62fd1101e684d5d946a613f507c74ef c6da9bd5030545d8bc31434d34611d24 - - - -] volume service is down. (host: rack09-server62@lvm-1)
2023-02-14 16:46:32.433 7 WARNING oslo_messaging.rpc.client [None req-be742173-8577-44c6-8aa9-4fcbc0737af3 b62fd1101e684d5d946a613f507c74ef c6da9bd5030545d8bc31434d34611d24 - - - -] Using RPCClient manually to instantiate client. Please use get_rpc_client to obtain an RPC client instance.
2023-02-14 16:46:34.927 7 WARNING cinder.scheduler.host_manager [None req-ab24c0c9-e0c6-49c7-ad67-dc240bd79b08 b62fd1101e684d5d946a613f507c74ef c6da9bd5030545d8bc31434d34611d24 - - - -] volume service is down. (host: rack09-server62@lvm-1)
2023-02-14 16:46:39.022 7 WARNING cinder.scheduler.host_manager [None req-3fd35054-a5b7-4f55-99c7-73cddf655010 b62fd1101e684d5d946a613f507c74ef c6da9bd5030545d8bc31434d34611d24 - - - -] volume service is down. (host: rack09-server62@lvm-1)
2023-02-14 16:46:40.257 7 WARNING cinder.scheduler.host_manager [None req-58a4b103-c70a-4bd0-9bea-d291c94ce8aa b62fd1101e684d5d946a613f507c74ef c6da9bd5030545d8bc31434d34611d24 - - - -] volume service is down. (host: rack09-server62@lvm-1)
2023-02-14 16:46:40.258 7 WARNING oslo_messaging.rpc.client [None req-58a4b103-c70a-4bd0-9bea-d291c94ce8aa b62fd1101e684d5d946a613f507c74ef c6da9bd5030545d8bc31434d34611d24 - - - -] Using RPCClient manually to instantiate client. Please use get_rpc_client to obtain an RPC client instance.
2023-02-14 16:46:41.708 7 WARNING cinder.scheduler.host_manager [None req-bed4f6b1-56fb-47c8-9a86-9ec86af968b0 ccc786872e4e4c6db1076c38fe77a97d 2f0f34404c944960b3841accaadcae17 - - - -] volume service is down. (host: rack09-server62@lvm-1)
2023-02-14 16:46:42.744 7 WARNING cinder.scheduler.host_manager [None req-53334857-f201-4c6a-a219-62ec236ea4c3 b62fd1101e684d5d946a613f507c74ef c6da9bd5030545d8bc31434d34611d24 - - - -] volume service is down. (host: rack09-server62@lvm-1)
2023-02-14 16:46:44.049 7 WARNING cinder.scheduler.host_manager [None req-367baf74-63c6-4cef-b96a-e5a2d8abb4c1 ccc786872e4e4c6db1076c38fe77a97d 2f0f34404c944960b3841accaadcae17 - - - -] volume service is down. (host: rack09-server62@lvm-1)
2023-02-14 16:46:44.050 7 WARNING oslo_messaging.rpc.client [None req-367baf74-63c6-4cef-b96a-e5a2d8abb4c1 ccc786872e4e4c6db1076c38fe77a97d 2f0f34404c944960b3841accaadcae17 - - - -] Using RPCClient manually to instantiate client. Please use get_rpc_client to obtain an RPC client instance.
2023-02-14 16:47:02.785 7 WARNING cinder.scheduler.host_manager [None req-ffbfa7e2-a953-4990-8744-761c94f16d50 4a5d32c35d5f4c26a59479c56f3d1478 454af77e773b488e99719d9d5944d8b9 - - - -] volume service is down. (host: rack09-server62@lvm-1)
2023-02-14 16:47:02.806 7 WARNING cinder.scheduler.host_manager [None req-8f275073-f9df-44bd-a15f-01957e86b6a7 a64393eb267b4d00afe070ce41673824 9e990e85094249d1bf31be6fb18d3c2f - - - -] volume service is down. (host: rack09-server62@lvm-1)
2023-02-14 16:47:02.820 7 WARNING cinder.scheduler.host_manager [None req-72bd1b91-a7c0-431e-869a-e201d90d2ef0 8ce4b1db4ccc4786a9c71bc3507de93f 680f45ca1c4c4103af2b94444f9fc934 - - - -] volume service is down. (host: rack09-server62@lvm-1)
2023-02-14 16:47:03.019 7 WARNING cinder.scheduler.host_manager [None req-e2583790-c42c-47a9-835f-b55649ac290c a64393eb267b4d00afe070ce41673824 9e990e85094249d1bf31be6fb18d3c2f - - - -] volume service is down. (host: rack09-server62@lvm-1)
2023-02-14 16:47:03.308 7 WARNING cinder.scheduler.host_manager [None req-fbabaf8b-745f-4ea0-a562-67533e8cb77a a64393eb267b4d00afe070ce41673824 9e990e85094249d1bf31be6fb18d3c2f - - - -] volume service is down. (host: rack09-server62@lvm-1)
2023-02-14 16:47:03.601 7 WARNING cinder.scheduler.host_manager [None req-85270f02-b73c-4128-91d5-6f9c1eda676a a64393eb267b4d00afe070ce41673824 9e990e85094249d1bf31be6fb18d3c2f - - - -] volume service is down. (host: rack09-server62@lvm-1)
2023-02-14 16:47:03.916 7 WARNING cinder.scheduler.host_manager [None req-d956cd55-666d-4b04-a3a7-9be33c3071b5 a64393eb267b4d00afe070ce41673824 9e990e85094249d1bf31be6fb18d3c2f - - - -] volume service is down. (host: rack09-server62@lvm-1)
2023-02-14 16:47:05.074 7 WARNING cinder.scheduler.host_manager [None req-a0cb6d6a-2ac7-4c4e-a4f1-e9be2b3f0a52 8ce4b1db4ccc4786a9c71bc3507de93f 680f45ca1c4c4103af2b94444f9fc934 - - - -] volume service is down. (host: rack09-server62@lvm-1)
2023-02-14 16:47:05.075 7 WARNING oslo_messaging.rpc.client [None req-a0cb6d6a-2ac7-4c4e-a4f1-e9be2b3f0a52 8ce4b1db4ccc4786a9c71bc3507de93f 680f45ca1c4c4103af2b94444f9fc934 - - - -] Using RPCClient manually to instantiate client. Please use get_rpc_client to obtain an RPC client instance.
2023-02-14 16:47:05.202 7 WARNING cinder.scheduler.host_manager [None req-8f9e181d-4c0d-4b04-bcd6-d2d11126431e 4a5d32c35d5f4c26a59479c56f3d1478 454af77e773b488e99719d9d5944d8b9 - - - -] volume service is down. (host: rack09-server62@lvm-1)
2023-02-14 16:47:05.510 7 WARNING cinder.scheduler.host_manager [None req-78970b9b-92b4-4931-94e6-60f65aee632d 4a5d32c35d5f4c26a59479c56f3d1478 454af77e773b488e99719d9d5944d8b9 - - - -] volume service is down. (host: rack09-server62@lvm-1)
2023-02-14 16:47:06.192 7 WARNING cinder.scheduler.host_manager [None req-6b564df0-47ee-40f2-a674-a445d48c1863 4a5d32c35d5f4c26a59479c56f3d1478 454af77e773b488e99719d9d5944d8b9 - - - -] volume service is down. (host: rack09-server62@lvm-1)
2023-02-14 16:47:06.495 7 WARNING cinder.scheduler.host_manager [None req-5e16017e-4ceb-4065-9767-3a750ac77a8f 4a5d32c35d5f4c26a59479c56f3d1478 454af77e773b488e99719d9d5944d8b9 - - - -] volume service is down. (host: rack09-server62@lvm-1)
2023-02-14 16:47:06.771 7 WARNING cinder.scheduler.host_manager [None req-47c52c01-d3b2-46b9-bc85-7177b426817c 4a5d32c35d5f4c26a59479c56f3d1478 454af77e773b488e99719d9d5944d8b9 - - - -] volume service is down. (host: rack09-server62@lvm-1)
2023-02-14 16:47:07.492 7 WARNING cinder.scheduler.host_manager [None req-99dd60be-e6d2-46ec-a7a0-5c441b61f670 8ce4b1db4ccc4786a9c71bc3507de93f 680f45ca1c4c4103af2b94444f9fc934 - - - -] volume service is down. (host: rack09-server62@lvm-1)
2023-02-14 16:47:07.787 7 WARNING cinder.scheduler.host_manager [None req-41494787-954d-40c1-be4a-00d32c9e331e 8ce4b1db4ccc4786a9c71bc3507de93f 680f45ca1c4c4103af2b94444f9fc934 - - - -] volume service is down. (host: rack09-server62@lvm-1)
2023-02-14 16:47:08.071 7 WARNING cinder.scheduler.host_manager [None req-a0cf743a-0a02-41b7-bc1c-3f038918436e 8ce4b1db4ccc4786a9c71bc3507de93f 680f45ca1c4c4103af2b94444f9fc934 - - - -] volume service is down. (host: rack09-server62@lvm-1)
2023-02-14 16:47:08.357 7 WARNING cinder.scheduler.host_manager [None req-62255fc3-a843-4c64-b186-22687cf9f612 8ce4b1db4ccc4786a9c71bc3507de93f 680f45ca1c4c4103af2b94444f9fc934 - - - -] volume service is down. (host: rack09-server62@lvm-1)
2023-02-14 16:47:08.641 7 WARNING cinder.scheduler.host_manager [None req-85be5243-868c-4a57-b2fe-3465f0ab9890 8ce4b1db4ccc4786a9c71bc3507de93f 680f45ca1c4c4103af2b94444f9fc934 - - - -] volume service is down. (host: rack09-server62@lvm-1)
2023-02-14 16:47:13.955 7 WARNING cinder.scheduler.host_manager [None req-cbd71786-1189-430f-8800-65cffdbca108 dc6ffad2bf0b4868b6afeeda9f6a9da2 66dfc755f51844fdb55833f1f281b15b - - - -] volume service is down. (host: rack09-server62@lvm-1)
2023-02-14 16:47:16.446 7 WARNING cinder.scheduler.host_manager [None req-c9ac9bfa-660b-4613-b584-a5503b25e185 dc6ffad2bf0b4868b6afeeda9f6a9da2 66dfc755f51844fdb55833f1f281b15b - - - -] volume service is down. (host: rack09-server62@lvm-1)
2023-02-14 16:47:18.858 7 WARNING cinder.scheduler.host_manager [None req-a236d8e4-08a8-4914-9f75-a2a6338b75e6 dc6ffad2bf0b4868b6afeeda9f6a9da2 66dfc755f51844fdb55833f1f281b15b - - - -] volume service is down. (host: rack09-server62@lvm-1)
2023-02-14 16:47:18.859 7 WARNING oslo_messaging.rpc.client [None req-a236d8e4-08a8-4914-9f75-a2a6338b75e6 dc6ffad2bf0b4868b6afeeda9f6a9da2 66dfc755f51844fdb55833f1f281b15b - - - -] Using RPCClient manually to instantiate client. Please use get_rpc_client to obtain an RPC client instance.
