Build Started 10_10_2024_14_52_26
2024-10-10 14:53:46.995 7 WARNING cinder.scheduler.host_manager [req-6ba47df3-b1e5-4bd9-82ca-49260b281988 req-4bad7518-8495-4e61-8508-90c07f99ae26 69a5fd2586084b349e7227e5ead80cb2 9f395c66ce734dc581cdc399ace97f94 - - - -] volume service is down. (host: rack04-server60@lvm-1)
2024-10-10 14:53:47.280 7 WARNING cinder.scheduler.host_manager [req-9d824f03-7b4c-4a5d-9478-c22fb87638ff req-9b27fa7c-9a47-4625-9ae8-252fd246f4c6 e1867e1db3974eceb5ee35271e6f4c86 fd2f544715124cc987a971c98e55e6e8 - - - -] volume service is down. (host: rack04-server60@lvm-1)
2024-10-10 14:53:48.293 7 WARNING cinder.scheduler.host_manager [None req-81a6508f-636d-4a14-9d67-50083e6c6e38 17d11624d8854f09a772830910c8d544 8a6a517759ce45f6949a52a8e02d58cd - - - -] volume service is down. (host: rack04-server60@lvm-1)
2024-10-10 14:53:48.830 7 WARNING cinder.scheduler.host_manager [None req-24d7e739-a0f7-4b6a-afd6-8515c89b7772 17d11624d8854f09a772830910c8d544 8a6a517759ce45f6949a52a8e02d58cd - - - -] volume service is down. (host: rack04-server60@lvm-1)
2024-10-10 14:53:48.840 7 WARNING cinder.scheduler.host_manager [req-86cf0554-f37f-4cf9-805e-8c0bdcc86c04 req-b06f5b39-4e10-4fa0-b70a-b7a1a7745f56 e1867e1db3974eceb5ee35271e6f4c86 fd2f544715124cc987a971c98e55e6e8 - - - -] volume service is down. (host: rack04-server60@lvm-1)
2024-10-10 14:53:56.336 7 WARNING cinder.scheduler.host_manager [None req-57d981eb-f2be-4091-a192-2a6a43c6d5d1 e0c11ebe420b47f797abdf979a28cc6a 65d8a5596d544b40b563aa81e1cfb635 - - - -] volume service is down. (host: rack04-server60@lvm-1)
2024-10-10 14:53:56.345 7 WARNING cinder.scheduler.host_manager [None req-57d981eb-f2be-4091-a192-2a6a43c6d5d1 e0c11ebe420b47f797abdf979a28cc6a 65d8a5596d544b40b563aa81e1cfb635 - - - -] volume service is down. (host: rack04-server60@lvm-1)
2024-10-10 14:53:57.224 7 WARNING cinder.scheduler.host_manager [None req-5fd445d2-7fdd-419a-b999-b4be973a2d7c 0b3e375fae6f4511a43ee70888a56191 cffb4808bc334d0f8dc60eac9632e314 - - - -] volume service is down. (host: rack04-server60@lvm-1)
2024-10-10 14:53:57.766 7 WARNING cinder.scheduler.host_manager [None req-62153d54-6806-4ca2-94c2-168d6498cc66 e0c11ebe420b47f797abdf979a28cc6a 65d8a5596d544b40b563aa81e1cfb635 - - - -] volume service is down. (host: rack04-server60@lvm-1)
2024-10-10 14:53:58.500 7 WARNING cinder.scheduler.host_manager [None req-6424914f-c8da-4714-ba1e-1ed102edb89a 078e03f8ade2451f8b5e6944ae6b7c35 4462c920224c4008a426e00ed357cc07 - - - -] volume service is down. (host: rack04-server60@lvm-1)
2024-10-10 14:53:59.830 7 WARNING cinder.scheduler.host_manager [None req-9b9a135c-1f78-4f46-8c62-6ad39ddb7958 0b3e375fae6f4511a43ee70888a56191 cffb4808bc334d0f8dc60eac9632e314 - - - -] volume service is down. (host: rack04-server60@lvm-1)
2024-10-10 14:54:02.415 7 WARNING cinder.scheduler.host_manager [None req-26ac946d-6557-4e48-837c-399640287949 0b3e375fae6f4511a43ee70888a56191 cffb4808bc334d0f8dc60eac9632e314 - - - -] volume service is down. (host: rack04-server60@lvm-1)
2024-10-10 14:54:02.937 7 WARNING cinder.scheduler.host_manager [None req-7f856ad2-9174-4081-aa0f-45fa3a7429d1 e0c11ebe420b47f797abdf979a28cc6a 65d8a5596d544b40b563aa81e1cfb635 - - - -] volume service is down. (host: rack04-server60@lvm-1)
2024-10-10 14:54:07.611 7 WARNING cinder.scheduler.host_manager [None req-435ed5b3-9d46-4c16-bc9e-93ca634911df 215e035d0e6848d9a4894d3b51ce68f0 2a250cf5eb8942f38dbf9b92ce2ffe59 - - - -] volume service is down. (host: rack04-server60@lvm-1)
2024-10-10 14:54:10.295 7 WARNING cinder.scheduler.host_manager [None req-7f767856-80fe-4a23-b7c5-d2c2b73dde12 e0c11ebe420b47f797abdf979a28cc6a 65d8a5596d544b40b563aa81e1cfb635 - - - -] volume service is down. (host: rack04-server60@lvm-1)
2024-10-10 14:54:10.301 7 WARNING cinder.scheduler.host_manager [None req-7f767856-80fe-4a23-b7c5-d2c2b73dde12 e0c11ebe420b47f797abdf979a28cc6a 65d8a5596d544b40b563aa81e1cfb635 - - - -] volume service is down. (host: rack04-server60@lvm-1)
2024-10-10 14:54:11.361 7 WARNING cinder.scheduler.host_manager [None req-989a06e1-677a-4f56-bd3d-34309f142403 215e035d0e6848d9a4894d3b51ce68f0 2a250cf5eb8942f38dbf9b92ce2ffe59 - - - -] volume service is down. (host: rack04-server60@lvm-1)
2024-10-10 14:54:11.721 7 WARNING cinder.scheduler.host_manager [None req-46684831-e43e-4cb7-81f2-9fe5ea58bab1 e0c11ebe420b47f797abdf979a28cc6a 65d8a5596d544b40b563aa81e1cfb635 - - - -] volume service is down. (host: rack04-server60@lvm-1)
2024-10-10 14:54:14.066 7 WARNING cinder.scheduler.host_manager [None req-e7856518-6d4f-4676-a3be-b1c69e55a0a3 6a2c5f7a464d4e9da3f06fd20b7af074 782f1c9985264a37b6760e8e8f869f44 - - - -] volume service is down. (host: rack04-server60@lvm-1)
2024-10-10 14:54:14.074 7 WARNING cinder.scheduler.host_manager [None req-e7856518-6d4f-4676-a3be-b1c69e55a0a3 6a2c5f7a464d4e9da3f06fd20b7af074 782f1c9985264a37b6760e8e8f869f44 - - - -] volume service is down. (host: rack04-server60@lvm-1)
2024-10-10 14:54:14.251 7 WARNING cinder.scheduler.host_manager [None req-a9e6efeb-7d86-49f1-9067-0469bedcc88a e0c11ebe420b47f797abdf979a28cc6a 65d8a5596d544b40b563aa81e1cfb635 - - - -] volume service is down. (host: rack04-server60@lvm-1)
2024-10-10 14:54:15.469 7 WARNING cinder.scheduler.host_manager [None req-25cd96e8-6167-497c-89f2-81cc08fd1ecd 6a2c5f7a464d4e9da3f06fd20b7af074 782f1c9985264a37b6760e8e8f869f44 - - - -] volume service is down. (host: rack04-server60@lvm-1)
2024-10-10 14:54:23.415 7 WARNING cinder.scheduler.host_manager [None req-439768ed-09e2-4e50-8080-50ff382f2c17 2c27e928c0654acf80477e6b955dabe0 b2ea8c9a083a44d18ebdf8ef3a6b4e66 - - - -] volume service is down. (host: rack04-server60@lvm-1)
2024-10-10 14:54:25.877 7 WARNING cinder.scheduler.host_manager [None req-3621cc74-7287-4bb9-ac96-d1ce5b990148 2c27e928c0654acf80477e6b955dabe0 b2ea8c9a083a44d18ebdf8ef3a6b4e66 - - - -] volume service is down. (host: rack04-server60@lvm-1)
2024-10-10 14:54:27.784 7 WARNING cinder.scheduler.host_manager [None req-a3109431-bdc6-4071-a8c7-23ecdfac958d e0c11ebe420b47f797abdf979a28cc6a 65d8a5596d544b40b563aa81e1cfb635 - - - -] volume service is down. (host: rack04-server60@lvm-1)
2024-10-10 14:54:27.793 7 WARNING cinder.scheduler.host_manager [None req-a3109431-bdc6-4071-a8c7-23ecdfac958d e0c11ebe420b47f797abdf979a28cc6a 65d8a5596d544b40b563aa81e1cfb635 - - - -] volume service is down. (host: rack04-server60@lvm-1)
2024-10-10 14:54:29.194 7 WARNING cinder.scheduler.host_manager [None req-9124166a-3f8b-4432-8278-2c24e6a9587b e0c11ebe420b47f797abdf979a28cc6a 65d8a5596d544b40b563aa81e1cfb635 - - - -] volume service is down. (host: rack04-server60@lvm-1)
2024-10-10 14:54:34.795 7 WARNING cinder.scheduler.host_manager [None req-5eeed4f5-f596-4478-93ea-af78db06a585 8d83347cb33e43079120879eca28a964 367ed143eb6349bdb878bc7f105eabdf - - - -] volume service is down. (host: rack04-server60@lvm-1)
2024-10-10 14:54:35.459 7 WARNING cinder.scheduler.host_manager [None req-1e917ea1-6c9e-4dc8-9166-880148d42eb1 325b162d05a9412380a36e73356585a6 7329cadc690d4fe6833e99e7dbfb831b - - - -] volume service is down. (host: rack04-server60@lvm-1)
2024-10-10 14:54:35.467 7 WARNING cinder.scheduler.host_manager [None req-1e917ea1-6c9e-4dc8-9166-880148d42eb1 325b162d05a9412380a36e73356585a6 7329cadc690d4fe6833e99e7dbfb831b - - - -] volume service is down. (host: rack04-server60@lvm-1)
2024-10-10 14:54:48.375 7 WARNING cinder.scheduler.host_manager [None req-d0aba225-2220-4946-bc7c-c01322039bf7 8ec60204708e4d3db37a8a899471156a e39e34649661412dac84c5f21795af15 - - - -] volume service is down. (host: rack04-server60@lvm-1)
2024-10-10 14:54:48.381 7 WARNING cinder.scheduler.host_manager [None req-d0aba225-2220-4946-bc7c-c01322039bf7 8ec60204708e4d3db37a8a899471156a e39e34649661412dac84c5f21795af15 - - - -] volume service is down. (host: rack04-server60@lvm-1)
2024-10-10 14:54:49.554 7 WARNING cinder.scheduler.host_manager [None req-a35bfc22-a247-4af4-b9d0-0a427804704c 8ec60204708e4d3db37a8a899471156a e39e34649661412dac84c5f21795af15 - - - -] volume service is down. (host: rack04-server60@lvm-1)
2024-10-10 14:54:49.560 7 WARNING cinder.scheduler.host_manager [None req-a35bfc22-a247-4af4-b9d0-0a427804704c 8ec60204708e4d3db37a8a899471156a e39e34649661412dac84c5f21795af15 - - - -] volume service is down. (host: rack04-server60@lvm-1)
2024-10-10 14:54:50.767 7 WARNING cinder.scheduler.host_manager [None req-21368633-9802-43e9-8004-5c7223b31674 41624ead69c14f1f8bb64212051102b9 3a7ffe387a9f4246991c45a5ba236d77 - - - -] volume service is down. (host: rack04-server60@lvm-1)
2024-10-10 14:54:50.964 7 WARNING cinder.scheduler.host_manager [None req-6592f8a3-be30-41b8-b63f-56c88cd04ae8 8ec60204708e4d3db37a8a899471156a e39e34649661412dac84c5f21795af15 - - - -] volume service is down. (host: rack04-server60@lvm-1)
2024-10-10 14:54:52.932 7 WARNING cinder.scheduler.host_manager [None req-8561c474-be78-462c-8561-9c4068a3d513 6a5d94db7a944c73937692ce576fedc0 b5ebd38fa0254ac2bd18e53349fe906d - - - -] volume service is down. (host: rack04-server60@lvm-1)
2024-10-10 14:54:53.147 7 WARNING cinder.scheduler.host_manager [None req-560cccf0-b5c2-4b63-a5c0-d9641e223475 41624ead69c14f1f8bb64212051102b9 3a7ffe387a9f4246991c45a5ba236d77 - - - -] volume service is down. (host: rack04-server60@lvm-1)
2024-10-10 14:54:54.208 7 WARNING cinder.scheduler.host_manager [None req-b33739a6-f90d-40c6-8b8a-5c3194641abe 6a5d94db7a944c73937692ce576fedc0 b5ebd38fa0254ac2bd18e53349fe906d - - - -] volume service is down. (host: rack04-server60@lvm-1)
2024-10-10 14:54:55.842 7 WARNING cinder.scheduler.host_manager [None req-88ec649d-f378-4cad-90a9-315b4668d9c2 41624ead69c14f1f8bb64212051102b9 3a7ffe387a9f4246991c45a5ba236d77 - - - -] volume service is down. (host: rack04-server60@lvm-1)
2024-10-10 14:54:56.465 7 WARNING cinder.scheduler.host_manager [None req-64a58510-3639-4f92-a1ef-2bd81c42c8f9 8ec60204708e4d3db37a8a899471156a e39e34649661412dac84c5f21795af15 - - - -] volume service is down. (host: rack04-server60@lvm-1)
2024-10-10 14:54:56.474 7 WARNING cinder.scheduler.host_manager [None req-64a58510-3639-4f92-a1ef-2bd81c42c8f9 8ec60204708e4d3db37a8a899471156a e39e34649661412dac84c5f21795af15 - - - -] volume service is down. (host: rack04-server60@lvm-1)
2024-10-10 14:54:57.893 7 WARNING cinder.scheduler.host_manager [None req-16c83ffc-ec70-4938-9065-16c6ffcccbe0 8ec60204708e4d3db37a8a899471156a e39e34649661412dac84c5f21795af15 - - - -] volume service is down. (host: rack04-server60@lvm-1)
2024-10-10 14:54:59.512 7 WARNING cinder.scheduler.host_manager [None req-6acba33c-8394-4639-b78a-c46d8763d0ea 41624ead69c14f1f8bb64212051102b9 3a7ffe387a9f4246991c45a5ba236d77 - - - -] volume service is down. (host: rack04-server60@lvm-1)
2024-10-10 14:55:00.426 7 WARNING cinder.scheduler.host_manager [None req-f73c07d6-7225-494b-b131-52bf6172448f 8ec60204708e4d3db37a8a899471156a e39e34649661412dac84c5f21795af15 - - - -] volume service is down. (host: rack04-server60@lvm-1)
2024-10-10 14:55:03.148 7 WARNING cinder.scheduler.host_manager [None req-c9db93c7-d777-49e5-9d60-24f8bc5cb6ae 41624ead69c14f1f8bb64212051102b9 3a7ffe387a9f4246991c45a5ba236d77 - - - -] volume service is down. (host: rack04-server60@lvm-1)
2024-10-10 14:55:06.792 7 WARNING cinder.scheduler.host_manager [None req-416739f8-ed29-4b47-aaf4-7f2cbe080f77 41624ead69c14f1f8bb64212051102b9 3a7ffe387a9f4246991c45a5ba236d77 - - - -] volume service is down. (host: rack04-server60@lvm-1)
2024-10-10 14:55:08.350 7 WARNING cinder.scheduler.host_manager [None req-2b2c7d35-371c-42ee-a5a2-d01a52d2b4df 24d20ab9b825457184e17b32c2136399 acf328b2eaa3484789a26ba0663d16e7 - - - -] volume service is down. (host: rack04-server60@lvm-1)
2024-10-10 14:55:12.839 7 WARNING cinder.scheduler.host_manager [None req-56ae1eea-c584-4efa-802f-c2c21a4f4715 518ae8866fac417caaf3ef3404dded61 931f8364ee864af9819f4220a144d1f1 - - - -] volume service is down. (host: rack04-server60@lvm-1)
2024-10-10 14:55:12.848 7 WARNING cinder.scheduler.host_manager [None req-56ae1eea-c584-4efa-802f-c2c21a4f4715 518ae8866fac417caaf3ef3404dded61 931f8364ee864af9819f4220a144d1f1 - - - -] volume service is down. (host: rack04-server60@lvm-1)
2024-10-10 14:55:14.264 7 WARNING cinder.scheduler.host_manager [None req-978e2912-a42e-4bee-bdd0-710ef5c33a02 518ae8866fac417caaf3ef3404dded61 931f8364ee864af9819f4220a144d1f1 - - - -] volume service is down. (host: rack04-server60@lvm-1)
2024-10-10 14:55:15.844 7 WARNING cinder.scheduler.host_manager [None req-203fd9a8-2822-4920-a4a6-6da5eade5c27 93518008d2d6462080bd16f476ef7950 6a0420787d6c4030b134d6c4346a911d - - - -] volume service is down. (host: rack04-server60@lvm-1)
2024-10-10 14:55:16.634 7 WARNING cinder.scheduler.host_manager [None req-d8d367f8-b93d-4869-9cc4-dca3d8d494cd 518ae8866fac417caaf3ef3404dded61 931f8364ee864af9819f4220a144d1f1 - - - -] volume service is down. (host: rack04-server60@lvm-1)
2024-10-10 14:55:18.195 7 WARNING cinder.scheduler.host_manager [None req-79c94e79-6620-4c62-a8d9-bda8e9554c34 93518008d2d6462080bd16f476ef7950 6a0420787d6c4030b134d6c4346a911d - - - -] volume service is down. (host: rack04-server60@lvm-1)
2024-10-10 14:55:19.096 7 WARNING cinder.scheduler.host_manager [None req-791935dc-83a1-43f1-b9f7-8a2f69e62edd 751d0ec2ca554930a4d80e2be00b0442 f4208b2c5f1847ea8783cb888356b42c - - - -] volume service is down. (host: rack04-server60@lvm-1)
2024-10-10 14:55:20.494 7 WARNING cinder.scheduler.host_manager [None req-f770e63a-b004-414a-a29a-e3982d6ac204 93518008d2d6462080bd16f476ef7950 6a0420787d6c4030b134d6c4346a911d - - - -] volume service is down. (host: rack04-server60@lvm-1)
2024-10-10 14:55:21.479 7 WARNING cinder.scheduler.host_manager [None req-c7784edb-75c6-4f3c-a1ba-f5dce28e5816 751d0ec2ca554930a4d80e2be00b0442 f4208b2c5f1847ea8783cb888356b42c - - - -] volume service is down. (host: rack04-server60@lvm-1)
2024-10-10 14:55:24.177 7 WARNING cinder.scheduler.host_manager [None req-79fe379b-dad1-4f34-a4e0-bae7a3f0c43d 93518008d2d6462080bd16f476ef7950 6a0420787d6c4030b134d6c4346a911d - - - -] volume service is down. (host: rack04-server60@lvm-1)
2024-10-10 14:55:26.505 7 WARNING cinder.scheduler.host_manager [None req-5dc6c56c-3b8b-4c4a-8e84-cce4da2e75d4 93518008d2d6462080bd16f476ef7950 6a0420787d6c4030b134d6c4346a911d - - - -] volume service is down. (host: rack04-server60@lvm-1)
2024-10-10 14:55:28.957 7 WARNING cinder.scheduler.host_manager [None req-0d4ce552-240a-40e7-ae46-5d782ede3efd 93518008d2d6462080bd16f476ef7950 6a0420787d6c4030b134d6c4346a911d - - - -] volume service is down. (host: rack04-server60@lvm-1)
2024-10-10 14:55:29.552 7 WARNING cinder.scheduler.host_manager [None req-49e873e6-6258-451c-9804-27f8e1bee32b 7d288fb2762044fba22bcbfc6e25bdc8 31d832c41a7346ff93220b2c491421ed - - - -] volume service is down. (host: rack04-server60@lvm-1)
2024-10-10 14:55:29.552 7 INFO cinder.scheduler.base_filter [None req-49e873e6-6258-451c-9804-27f8e1bee32b 7d288fb2762044fba22bcbfc6e25bdc8 31d832c41a7346ff93220b2c491421ed - - - -] Filtering removed all hosts for the request with volume ID 'e8b17cb0-0726-44db-afe7-fb18c279970e'. Filter results: AvailabilityZoneFilter: (start: 1, end: 1), CapacityFilter: (start: 1, end: 1), CapabilitiesFilter: (start: 1, end: 0)
2024-10-10 14:55:29.553 7 WARNING cinder.scheduler.filter_scheduler [None req-49e873e6-6258-451c-9804-27f8e1bee32b 7d288fb2762044fba22bcbfc6e25bdc8 31d832c41a7346ff93220b2c491421ed - - - -] No weighed backend found for volume with properties: {'id': '37f54128-faa1-43b4-a5ce-4c6fe4280b63', 'name': 'tempest-UserMessagesTest-volume-type-1030273432', 'description': None, 'is_public': True, 'projects': [], 'extra_specs': {'storage_protocol': 'tempest-storage_protocol-1806456660', 'vendor_name': 'tempest-vendor_name-685428636'}, 'qos_specs_id': None, 'created_at': '2024-10-10T14:55:29.000000', 'updated_at': None, 'deleted_at': None, 'deleted': False}
2024-10-10 14:55:29.553 7 INFO cinder.message.api [None req-49e873e6-6258-451c-9804-27f8e1bee32b 7d288fb2762044fba22bcbfc6e25bdc8 31d832c41a7346ff93220b2c491421ed - - - -] Creating message record for request_id = req-49e873e6-6258-451c-9804-27f8e1bee32b
2024-10-10 14:55:29.558 7 ERROR cinder.scheduler.flows.create_volume [None req-49e873e6-6258-451c-9804-27f8e1bee32b 7d288fb2762044fba22bcbfc6e25bdc8 31d832c41a7346ff93220b2c491421ed - - - -] Failed to run task cinder.scheduler.flows.create_volume.ScheduleCreateVolumeTask;volume:create: No valid backend was found. No weighed backends available: cinder.exception.NoValidBackend: No valid backend was found. No weighed backends available
2024-10-10 14:55:31.428 7 WARNING cinder.scheduler.host_manager [None req-7dfd3579-9706-45ab-a740-07ac89f2c624 7d288fb2762044fba22bcbfc6e25bdc8 31d832c41a7346ff93220b2c491421ed - - - -] volume service is down. (host: rack04-server60@lvm-1)
2024-10-10 14:55:31.429 7 INFO cinder.scheduler.base_filter [None req-7dfd3579-9706-45ab-a740-07ac89f2c624 7d288fb2762044fba22bcbfc6e25bdc8 31d832c41a7346ff93220b2c491421ed - - - -] Filtering removed all hosts for the request with volume ID '72d71d67-fa7e-402c-9c22-34d08aefd653'. Filter results: AvailabilityZoneFilter: (start: 1, end: 1), CapacityFilter: (start: 1, end: 1), CapabilitiesFilter: (start: 1, end: 0)
2024-10-10 14:55:31.429 7 WARNING cinder.scheduler.filter_scheduler [None req-7dfd3579-9706-45ab-a740-07ac89f2c624 7d288fb2762044fba22bcbfc6e25bdc8 31d832c41a7346ff93220b2c491421ed - - - -] No weighed backend found for volume with properties: {'id': '71071424-de2d-424a-ac6b-3d856402303d', 'name': 'tempest-UserMessagesTest-volume-type-1965190967', 'description': None, 'is_public': True, 'projects': [], 'extra_specs': {'storage_protocol': 'tempest-storage_protocol-1190299562', 'vendor_name': 'tempest-vendor_name-2007532956'}, 'qos_specs_id': None, 'created_at': '2024-10-10T14:55:31.000000', 'updated_at': None, 'deleted_at': None, 'deleted': False}
2024-10-10 14:55:31.430 7 INFO cinder.message.api [None req-7dfd3579-9706-45ab-a740-07ac89f2c624 7d288fb2762044fba22bcbfc6e25bdc8 31d832c41a7346ff93220b2c491421ed - - - -] Creating message record for request_id = req-7dfd3579-9706-45ab-a740-07ac89f2c624
2024-10-10 14:55:31.435 7 ERROR cinder.scheduler.flows.create_volume [None req-7dfd3579-9706-45ab-a740-07ac89f2c624 7d288fb2762044fba22bcbfc6e25bdc8 31d832c41a7346ff93220b2c491421ed - - - -] Failed to run task cinder.scheduler.flows.create_volume.ScheduleCreateVolumeTask;volume:create: No valid backend was found. No weighed backends available: cinder.exception.NoValidBackend: No valid backend was found. No weighed backends available
2024-10-10 14:55:37.361 7 WARNING cinder.scheduler.host_manager [None req-2a175a31-8b2f-48d6-8175-e4e691e6e4db 5022c773c7d24671bf4ad02a69359047 e00505efd42845f48e1f0d77876818bd - - - -] volume service is down. (host: rack04-server60@lvm-1)
2024-10-10 14:55:44.807 7 WARNING cinder.scheduler.host_manager [None req-a451974c-53cf-4122-86f5-ec1699870d69 5d36fff48ffe4ceb8136b75f723222da 11f363a288184ee2a26fa5bd70bb4d15 - - - -] volume service is down. (host: rack04-server60@lvm-1)
2024-10-10 14:55:47.334 7 WARNING cinder.scheduler.host_manager [None req-944eb2ae-3d18-417b-b2b0-4e88ab812a45 5d36fff48ffe4ceb8136b75f723222da 11f363a288184ee2a26fa5bd70bb4d15 - - - -] volume service is down. (host: rack04-server60@lvm-1)
2024-10-10 14:55:48.685 7 WARNING cinder.scheduler.host_manager [None req-f4170cb9-6327-4854-afe9-8293adf36e79 e33bb806ed9440c082739658f1d07681 c55a0ce0113146149f8a22c7cf092815 - - - -] volume service is down. (host: rack04-server60@lvm-1)
2024-10-10 14:55:49.862 7 WARNING cinder.scheduler.host_manager [None req-c0a8a374-eee1-4732-b676-349dbbb61e18 5d36fff48ffe4ceb8136b75f723222da 11f363a288184ee2a26fa5bd70bb4d15 - - - -] volume service is down. (host: rack04-server60@lvm-1)
2024-10-10 14:55:51.712 7 WARNING cinder.scheduler.host_manager [None req-bd0467ca-f1bd-428f-a515-fdb598f6e3bf e6a5d4df406241b7b9829ea158853a64 98b5e0f9a10b4f9892e6445c9fa404a8 - - - -] volume service is down. (host: rack04-server60@lvm-1)
2024-10-10 14:55:52.581 7 WARNING cinder.scheduler.host_manager [None req-fa96f1c6-6ba6-4d17-b3f5-0ba60f8cba78 40cf6143fe2848de97c1a36286ee0075 e1b5f14d1dca4e66aa2643ca4a574d8c - - - -] volume service is down. (host: rack04-server60@lvm-1)
2024-10-10 14:55:54.002 7 WARNING cinder.scheduler.host_manager [None req-c5587dbf-1254-491e-8310-0979e1661bc4 e33bb806ed9440c082739658f1d07681 c55a0ce0113146149f8a22c7cf092815 - - - -] volume service is down. (host: rack04-server60@lvm-1)
2024-10-10 14:56:01.610 7 WARNING cinder.scheduler.host_manager [None req-ab6c54be-7012-4892-9462-f3c2d05b16a7 15161160fff74c48972beeae5203c2a5 7f0ab10623b5471a895b7dc3685ce0d2 - - - -] volume service is down. (host: rack04-server60@lvm-1)
2024-10-10 14:56:05.681 7 WARNING cinder.scheduler.host_manager [None req-20587313-e81f-41bd-9e77-0b41eeba9601 0c14972f41be488380230ea38b71d6bc d07021ffeac9459084fd55e2a532b3be - - - -] volume service is down. (host: rack04-server60@lvm-1)
2024-10-10 14:56:12.593 7 WARNING cinder.scheduler.host_manager [None req-cc57207d-2633-4853-807e-30ae65cd4d15 15161160fff74c48972beeae5203c2a5 7f0ab10623b5471a895b7dc3685ce0d2 - - - -] volume service is down. (host: rack04-server60@lvm-1)
2024-10-10 14:56:14.463 7 WARNING cinder.scheduler.host_manager [None req-4740b0cd-9109-48c8-baa0-01c2579acdb2 0c14972f41be488380230ea38b71d6bc d07021ffeac9459084fd55e2a532b3be - - - -] volume service is down. (host: rack04-server60@lvm-1)
2024-10-10 14:56:17.255 7 WARNING cinder.scheduler.host_manager [None req-adb6a7eb-5f85-452c-aad3-ef62fa48c40d 0c14972f41be488380230ea38b71d6bc d07021ffeac9459084fd55e2a532b3be - - - -] volume service is down. (host: rack04-server60@lvm-1)
2024-10-10 14:56:18.189 7 WARNING cinder.scheduler.host_manager [None req-2d575c1f-6b96-4ecc-9c6b-9d64ef47b84e 3dfc0303bfad4ee998c26d68e6cdf91a f41b09aea8f84862a4f237b54907a18c - - - -] volume service is down. (host: rack04-server60@lvm-1)
2024-10-10 14:56:18.650 7 WARNING cinder.scheduler.host_manager [None req-d4a64b53-e58c-4a15-a296-4b94f4699dbe 15161160fff74c48972beeae5203c2a5 7f0ab10623b5471a895b7dc3685ce0d2 - - - -] volume service is down. (host: rack04-server60@lvm-1)
2024-10-10 14:56:19.606 7 WARNING cinder.scheduler.host_manager [None req-e6925c51-2d33-46e1-9e38-35dc58f8d839 0c14972f41be488380230ea38b71d6bc d07021ffeac9459084fd55e2a532b3be - - - -] volume service is down. (host: rack04-server60@lvm-1)
2024-10-10 14:56:21.137 7 WARNING cinder.scheduler.host_manager [None req-e2f17596-8e1d-47df-a45a-eae07f161a20 15161160fff74c48972beeae5203c2a5 7f0ab10623b5471a895b7dc3685ce0d2 - - - -] volume service is down. (host: rack04-server60@lvm-1)
2024-10-10 14:56:21.893 7 WARNING cinder.scheduler.host_manager [None req-fb0a6808-dff3-4792-a633-8dd45d3ec419 0c14972f41be488380230ea38b71d6bc d07021ffeac9459084fd55e2a532b3be - - - -] volume service is down. (host: rack04-server60@lvm-1)
2024-10-10 14:56:29.189 7 WARNING cinder.scheduler.host_manager [None req-0c02cd1b-7958-4876-b943-a6bf71b80a8e ce129223443d4896a7ba9112352856df 96e5b5775202475eb30e84ffccfced8b - - - -] volume service is down. (host: rack04-server60@lvm-1)
2024-10-10 14:56:30.618 7 WARNING cinder.scheduler.host_manager [None req-75fcf0e5-5309-4503-a0a7-f72c13a6247d 4256680dc135446bb5bf05fa3b001472 61e02c46f5a644f7b16520dd7607551b - - - -] volume service is down. (host: rack04-server60@lvm-1)
2024-10-10 14:56:31.863 7 WARNING cinder.scheduler.host_manager [None req-a712f0f9-0fe0-47aa-8480-6258a474bca5 ce129223443d4896a7ba9112352856df 96e5b5775202475eb30e84ffccfced8b - - - -] volume service is down. (host: rack04-server60@lvm-1)
2024-10-10 14:56:33.067 7 WARNING cinder.scheduler.host_manager [None req-a19e7d10-e6f3-47b4-8ef1-ddf1215c97d5 4256680dc135446bb5bf05fa3b001472 61e02c46f5a644f7b16520dd7607551b - - - -] volume service is down. (host: rack04-server60@lvm-1)
2024-10-10 14:56:35.810 7 WARNING cinder.scheduler.host_manager [None req-8bd31efe-657c-428e-83c0-62e4024564c4 1b04d5660b8847a68444b2533b3b847b b7ad96a715dd437cabe53ae122ea84e7 - - - -] volume service is down. (host: rack04-server60@lvm-1)
2024-10-10 14:56:35.862 7 WARNING cinder.scheduler.host_manager [None req-072613f4-fbaa-49ce-b3c3-f358b21fa9ef 4256680dc135446bb5bf05fa3b001472 61e02c46f5a644f7b16520dd7607551b - - - -] volume service is down. (host: rack04-server60@lvm-1)
2024-10-10 14:56:37.111 7 WARNING cinder.scheduler.host_manager [None req-1c4119a6-ad1d-4fd7-a976-3c64a9a8aabc ce129223443d4896a7ba9112352856df 96e5b5775202475eb30e84ffccfced8b - - - -] volume service is down. (host: rack04-server60@lvm-1)
2024-10-10 14:56:39.652 7 WARNING cinder.scheduler.host_manager [None req-aca58009-48d8-4471-af8b-33a15d051afd ce129223443d4896a7ba9112352856df 96e5b5775202475eb30e84ffccfced8b - - - -] volume service is down. (host: rack04-server60@lvm-1)
2024-10-10 14:56:39.891 7 WARNING cinder.scheduler.host_manager [None req-64330b5f-9d63-495a-b498-4902e436bf2d 1b04d5660b8847a68444b2533b3b847b b7ad96a715dd437cabe53ae122ea84e7 - - - -] volume service is down. (host: rack04-server60@lvm-1)
2024-10-10 14:56:43.440 7 INFO cinder.message.api [None req-8f45f1b3-1b4e-4c27-8fac-5ba0f52e7b65 - - - - - -] Deleted 0 expired messages.
2024-10-10 14:56:43.453 7 WARNING cinder.scheduler.host_manager [None req-04a5883e-6e62-481a-b373-299230e6badd ce129223443d4896a7ba9112352856df 96e5b5775202475eb30e84ffccfced8b - - - -] volume service is down. (host: rack04-server60@lvm-1)
2024-10-10 14:56:47.117 7 WARNING cinder.scheduler.host_manager [None req-10788bb9-f96f-43a7-9d51-d9cb0d0ea143 017165dc44ee42af9c4f42dfd5852db0 07ca16d985464cc683e1041bac5603c3 - - - -] volume service is down. (host: rack04-server60@lvm-1)
2024-10-10 14:56:49.636 7 WARNING cinder.scheduler.host_manager [None req-a1abfd8c-f800-4a76-ad50-80bb471181db ce129223443d4896a7ba9112352856df 96e5b5775202475eb30e84ffccfced8b - - - -] volume service is down. (host: rack04-server60@lvm-1)
2024-10-10 14:56:51.238 7 WARNING cinder.scheduler.host_manager [None req-56c9a4d0-a78f-46d5-8916-d7cb28699225 48f48fe770244ac2a6b63740b2a1bd22 0e4143df09bd411c8c2b745f20cb6ea0 - - - -] volume service is down. (host: rack04-server60@lvm-1)
2024-10-10 14:56:57.101 7 WARNING cinder.scheduler.host_manager [None req-3d5fe6c3-a137-458c-b8bc-00a13895f81d 48f48fe770244ac2a6b63740b2a1bd22 0e4143df09bd411c8c2b745f20cb6ea0 - - - -] volume service is down. (host: rack04-server60@lvm-1)
2024-10-10 14:56:58.816 7 WARNING cinder.scheduler.host_manager [None req-25b67d20-ffa1-4ba7-96e7-7119269855d9 ce129223443d4896a7ba9112352856df 96e5b5775202475eb30e84ffccfced8b - - - -] volume service is down. (host: rack04-server60@lvm-1)
2024-10-10 14:57:05.074 7 WARNING cinder.scheduler.host_manager [None req-fcfce522-d707-4b46-89d2-6ba566e132a4 db18e6e79d1c4888b4fa957a65bade0b e84c1559b4854e87a58281525f4e9ebf - - - -] volume service is down. (host: rack04-server60@lvm-1)
2024-10-10 14:57:10.374 7 WARNING cinder.scheduler.host_manager [None req-9c8090ae-f90a-4e4a-9d83-018d382b1324 cc90cef1afd24da59eda89a5aae53ba7 68bee80d68004091a9ffb72a61881489 - - - -] volume service is down. (host: rack04-server60@lvm-1)
2024-10-10 14:57:12.162 7 WARNING cinder.scheduler.host_manager [None req-a0ec6428-21e6-4956-8338-f50df0d114ba f920a6e554104634ab53ea9527025764 798ff851a9c845acbd63715fb409c168 - - - -] volume service is down. (host: rack04-server60@lvm-1)
2024-10-10 14:57:12.702 7 WARNING cinder.scheduler.host_manager [None req-fdfc3774-3684-4f4f-bbe2-31d15c2d9b69 cc90cef1afd24da59eda89a5aae53ba7 68bee80d68004091a9ffb72a61881489 - - - -] volume service is down. (host: rack04-server60@lvm-1)
2024-10-10 14:57:14.518 7 WARNING cinder.scheduler.host_manager [None req-8601217e-c9a6-4de3-9107-0e758cd52b58 f920a6e554104634ab53ea9527025764 798ff851a9c845acbd63715fb409c168 - - - -] volume service is down. (host: rack04-server60@lvm-1)
2024-10-10 14:57:16.803 7 WARNING cinder.scheduler.host_manager [None req-a40a702d-4016-44e2-914e-a1b6077d608f f920a6e554104634ab53ea9527025764 798ff851a9c845acbd63715fb409c168 - - - -] volume service is down. (host: rack04-server60@lvm-1)
2024-10-10 14:57:19.132 7 WARNING cinder.scheduler.host_manager [None req-56b02f31-4cda-4ee2-9740-e85a61f6a618 f920a6e554104634ab53ea9527025764 798ff851a9c845acbd63715fb409c168 - - - -] volume service is down. (host: rack04-server60@lvm-1)
2024-10-10 14:57:32.796 7 WARNING cinder.scheduler.host_manager [None req-f711a2c7-1a7b-4986-8a49-facf13d9d07b e95277ce1f2e4090af02ed4736448b03 980a0d7e90824fdb9f5f71a0bb858003 - - - -] volume service is down. (host: rack04-server60@lvm-1)
2024-10-10 14:57:32.865 7 WARNING cinder.scheduler.host_manager [None req-06887615-5c6a-4f00-8538-075e775572e3 177481d342ce451daf0dc8924c50a64e 973d638f2f06460ea895675b928e1d6f - - - -] volume service is down. (host: rack04-server60@lvm-1)
2024-10-10 14:57:32.920 7 WARNING cinder.scheduler.host_manager [None req-0501478a-1775-4661-8b3e-fe51e60d1219 7f2506adf543416c93f0a4d997e83ed4 f5618f73cbb84bbf8230917b45ef6a65 - - - -] volume service is down. (host: rack04-server60@lvm-1)
2024-10-10 14:57:33.033 7 WARNING cinder.scheduler.host_manager [None req-5f7c953d-7dd1-4f60-b985-50a191f03dea 177481d342ce451daf0dc8924c50a64e 973d638f2f06460ea895675b928e1d6f - - - -] volume service is down. (host: rack04-server60@lvm-1)
2024-10-10 14:57:33.305 7 WARNING cinder.scheduler.host_manager [None req-b1b510bc-8f23-4c24-9748-4e9ede36583c 177481d342ce451daf0dc8924c50a64e 973d638f2f06460ea895675b928e1d6f - - - -] volume service is down. (host: rack04-server60@lvm-1)
2024-10-10 14:57:33.577 7 WARNING cinder.scheduler.host_manager [None req-04fadea7-7124-4873-affc-9a6a0038f7c1 177481d342ce451daf0dc8924c50a64e 973d638f2f06460ea895675b928e1d6f - - - -] volume service is down. (host: rack04-server60@lvm-1)
2024-10-10 14:57:33.860 7 WARNING cinder.scheduler.host_manager [None req-5adcf852-a5a1-4ba1-945d-73230b8aaa9c 177481d342ce451daf0dc8924c50a64e 973d638f2f06460ea895675b928e1d6f - - - -] volume service is down. (host: rack04-server60@lvm-1)
2024-10-10 14:57:35.132 7 WARNING cinder.scheduler.host_manager [None req-06dd2de4-0be9-4ab1-83a6-39d31cc432ad e95277ce1f2e4090af02ed4736448b03 980a0d7e90824fdb9f5f71a0bb858003 - - - -] volume service is down. (host: rack04-server60@lvm-1)
2024-10-10 14:57:35.311 7 WARNING cinder.scheduler.host_manager [None req-b326beee-acf8-48c1-8e2d-3c0063880322 7f2506adf543416c93f0a4d997e83ed4 f5618f73cbb84bbf8230917b45ef6a65 - - - -] volume service is down. (host: rack04-server60@lvm-1)
2024-10-10 14:57:35.596 7 WARNING cinder.scheduler.host_manager [None req-738d0bee-0926-437e-ab10-fc773d1fbd2e 7f2506adf543416c93f0a4d997e83ed4 f5618f73cbb84bbf8230917b45ef6a65 - - - -] volume service is down. (host: rack04-server60@lvm-1)
2024-10-10 14:57:35.880 7 WARNING cinder.scheduler.host_manager [None req-c5b1d562-2535-44a2-90b1-c9348e0f5c93 7f2506adf543416c93f0a4d997e83ed4 f5618f73cbb84bbf8230917b45ef6a65 - - - -] volume service is down. (host: rack04-server60@lvm-1)
2024-10-10 14:57:36.167 7 WARNING cinder.scheduler.host_manager [None req-4f7b5174-0ce6-4f45-94b3-7e0466854639 7f2506adf543416c93f0a4d997e83ed4 f5618f73cbb84bbf8230917b45ef6a65 - - - -] volume service is down. (host: rack04-server60@lvm-1)
2024-10-10 14:57:36.435 7 WARNING cinder.scheduler.host_manager [None req-86cf6ba0-ea82-4ec0-8bb1-ee542f159491 7f2506adf543416c93f0a4d997e83ed4 f5618f73cbb84bbf8230917b45ef6a65 - - - -] volume service is down. (host: rack04-server60@lvm-1)
2024-10-10 14:57:37.573 7 WARNING cinder.scheduler.host_manager [None req-b03cccbd-556d-4731-bde9-657f8aa84d78 e95277ce1f2e4090af02ed4736448b03 980a0d7e90824fdb9f5f71a0bb858003 - - - -] volume service is down. (host: rack04-server60@lvm-1)
2024-10-10 14:57:37.849 7 WARNING cinder.scheduler.host_manager [None req-bcfb7e72-3045-41f7-93b1-71418c75a152 e95277ce1f2e4090af02ed4736448b03 980a0d7e90824fdb9f5f71a0bb858003 - - - -] volume service is down. (host: rack04-server60@lvm-1)
2024-10-10 14:57:38.124 7 WARNING cinder.scheduler.host_manager [None req-07211857-5fb6-49ef-9f15-896d612f9685 e95277ce1f2e4090af02ed4736448b03 980a0d7e90824fdb9f5f71a0bb858003 - - - -] volume service is down. (host: rack04-server60@lvm-1)
2024-10-10 14:57:38.391 7 WARNING cinder.scheduler.host_manager [None req-87ea7833-a287-487d-814c-c6f74655ebc2 e95277ce1f2e4090af02ed4736448b03 980a0d7e90824fdb9f5f71a0bb858003 - - - -] volume service is down. (host: rack04-server60@lvm-1)
2024-10-10 14:57:38.660 7 WARNING cinder.scheduler.host_manager [None req-ac816f83-92d3-4375-90de-c615fa9aae0c e95277ce1f2e4090af02ed4736448b03 980a0d7e90824fdb9f5f71a0bb858003 - - - -] volume service is down. (host: rack04-server60@lvm-1)
2024-10-10 14:57:44.587 7 WARNING cinder.scheduler.host_manager [None req-9e5b537c-c20e-47fc-b6cf-caf330ec65c8 a4c9bb8a6b6c466dad1bea62bce0bdaf 1945d3f7a5254f4fb4cdd913090ee066 - - - -] volume service is down. (host: rack04-server60@lvm-1)
2024-10-10 14:57:47.080 7 WARNING cinder.scheduler.host_manager [None req-e9c520f5-86e0-4501-96a3-2997ffe94108 a4c9bb8a6b6c466dad1bea62bce0bdaf 1945d3f7a5254f4fb4cdd913090ee066 - - - -] volume service is down. (host: rack04-server60@lvm-1)
2024-10-10 14:57:49.471 7 WARNING cinder.scheduler.host_manager [None req-bf905343-6bee-4624-9101-74e703d07abb a4c9bb8a6b6c466dad1bea62bce0bdaf 1945d3f7a5254f4fb4cdd913090ee066 - - - -] volume service is down. (host: rack04-server60@lvm-1)
