Build Started 11_04_2022_22_08_31
2022-04-12 01:10:39.476 11 WARNING cinder.scheduler.host_manager [req-bf740be2-6424-4e6b-8d46-b243bdd30c8a 7acfa24ec9034f6a811fd399eff2d32b - - - -] volume service is down. (host: rack08-server75@lvm-1)
2022-04-12 01:10:39.482 11 WARNING cinder.scheduler.host_manager [req-2d2f106a-631e-4f52-b33b-984f6cb35ca2 d7ff64d9712f46c2b1a5c0eeed0792aa - - - -] volume service is down. (host: rack08-server75@lvm-1)
2022-04-12 01:10:41.191 11 WARNING cinder.scheduler.host_manager [req-ebd5501c-4220-4bbb-b8e8-3d143c329671 d7ff64d9712f46c2b1a5c0eeed0792aa - - - -] volume service is down. (host: rack08-server75@lvm-1)
2022-04-12 01:10:55.050 11 WARNING cinder.scheduler.host_manager [req-82e3b86e-68eb-48a9-b42e-68fcee9018bd df3d7f76dcfb488f93bb5f6ff415a1c2 - - - -] volume service is down. (host: rack08-server75@lvm-1)
2022-04-12 01:10:55.057 11 WARNING cinder.scheduler.host_manager [req-82e3b86e-68eb-48a9-b42e-68fcee9018bd df3d7f76dcfb488f93bb5f6ff415a1c2 - - - -] volume service is down. (host: rack08-server75@lvm-1)
2022-04-12 01:10:56.528 11 WARNING cinder.scheduler.host_manager [req-2f045d08-0338-4613-8657-23889a26e71b df3d7f76dcfb488f93bb5f6ff415a1c2 - - - -] volume service is down. (host: rack08-server75@lvm-1)
2022-04-12 01:11:01.212 11 WARNING cinder.scheduler.host_manager [req-a4a73ddb-02f3-4d80-91d7-a24ea3fffe83 df3d7f76dcfb488f93bb5f6ff415a1c2 - - - -] volume service is down. (host: rack08-server75@lvm-1)
2022-04-12 01:11:06.865 11 WARNING cinder.scheduler.host_manager [req-1688092b-e8b4-489a-8bda-2952a8a3d764 df3d7f76dcfb488f93bb5f6ff415a1c2 - - - -] volume service is down. (host: rack08-server75@lvm-1)
2022-04-12 01:11:06.872 11 WARNING cinder.scheduler.host_manager [req-1688092b-e8b4-489a-8bda-2952a8a3d764 df3d7f76dcfb488f93bb5f6ff415a1c2 - - - -] volume service is down. (host: rack08-server75@lvm-1)
2022-04-12 01:11:08.308 11 WARNING cinder.scheduler.host_manager [req-4f16ab28-7d02-471d-8c4f-8040aae7e5ea df3d7f76dcfb488f93bb5f6ff415a1c2 - - - -] volume service is down. (host: rack08-server75@lvm-1)
2022-04-12 01:11:10.852 11 WARNING cinder.scheduler.host_manager [req-f71f6bfa-f507-45ca-b7dd-bb89ae9dd334 df3d7f76dcfb488f93bb5f6ff415a1c2 - - - -] volume service is down. (host: rack08-server75@lvm-1)
2022-04-12 01:11:24.258 11 WARNING cinder.scheduler.host_manager [req-b79b6776-e4a9-498e-8f7a-9352cce306f7 df3d7f76dcfb488f93bb5f6ff415a1c2 - - - -] volume service is down. (host: rack08-server75@lvm-1)
2022-04-12 01:11:24.267 11 WARNING cinder.scheduler.host_manager [req-b79b6776-e4a9-498e-8f7a-9352cce306f7 df3d7f76dcfb488f93bb5f6ff415a1c2 - - - -] volume service is down. (host: rack08-server75@lvm-1)
2022-04-12 01:11:25.680 11 WARNING cinder.scheduler.host_manager [req-533fb2ce-3c84-416e-904c-214f2b708f39 df3d7f76dcfb488f93bb5f6ff415a1c2 - - - -] volume service is down. (host: rack08-server75@lvm-1)
2022-04-12 01:11:49.341 11 WARNING cinder.scheduler.host_manager [req-3c8131bd-c8ef-4d8c-8f7b-4b1f360e2573 0cd02fd7dd8f4b48887d49aae5c3433a - - - -] volume service is down. (host: rack08-server75@lvm-1)
2022-04-12 01:11:49.350 11 WARNING cinder.scheduler.host_manager [req-3c8131bd-c8ef-4d8c-8f7b-4b1f360e2573 0cd02fd7dd8f4b48887d49aae5c3433a - - - -] volume service is down. (host: rack08-server75@lvm-1)
2022-04-12 01:11:50.817 11 WARNING cinder.scheduler.host_manager [req-3fc9d53c-2f2f-459c-88ab-fee6522f275a 0cd02fd7dd8f4b48887d49aae5c3433a - - - -] volume service is down. (host: rack08-server75@lvm-1)
2022-04-12 01:11:53.141 11 WARNING cinder.scheduler.host_manager [req-25496d13-2f21-443a-93fe-d9fc87f46c05 0cd02fd7dd8f4b48887d49aae5c3433a - - - -] volume service is down. (host: rack08-server75@lvm-1)
2022-04-12 01:12:10.655 11 WARNING cinder.scheduler.host_manager [req-6bac0123-267a-4e75-9aa1-41f0705b0c30 f6e3f5da840049e99d7f65d656dddabf - - - -] volume service is down. (host: rack08-server75@lvm-1)
2022-04-12 01:12:12.982 11 WARNING cinder.scheduler.host_manager [req-04aa8694-6f39-415b-b315-0c88ffe2eb81 f6e3f5da840049e99d7f65d656dddabf - - - -] volume service is down. (host: rack08-server75@lvm-1)
2022-04-12 01:12:15.538 11 WARNING cinder.scheduler.host_manager [req-37497d08-ebd4-4909-bf5c-d7c8fa25062f f6e3f5da840049e99d7f65d656dddabf - - - -] volume service is down. (host: rack08-server75@lvm-1)
2022-04-12 01:12:19.080 11 WARNING cinder.scheduler.host_manager [req-606715da-a9fa-46bf-be90-48e98ceeaef4 f6e3f5da840049e99d7f65d656dddabf - - - -] volume service is down. (host: rack08-server75@lvm-1)
2022-04-12 01:12:22.611 11 WARNING cinder.scheduler.host_manager [req-f488b8ed-547d-4754-8343-028a8d4e5b44 f6e3f5da840049e99d7f65d656dddabf - - - -] volume service is down. (host: rack08-server75@lvm-1)
2022-04-12 01:12:26.155 11 WARNING cinder.scheduler.host_manager [req-7c4c0f65-efb2-4594-b738-e19f8089099c f6e3f5da840049e99d7f65d656dddabf - - - -] volume service is down. (host: rack08-server75@lvm-1)
2022-04-12 01:12:37.194 11 WARNING cinder.scheduler.host_manager [req-66d932cd-99da-4c28-973a-2be962e3cb89 59d5a08dd9a64558b041e0e772f44682 - - - -] volume service is down. (host: rack08-server75@lvm-1)
2022-04-12 01:12:42.929 11 WARNING cinder.scheduler.host_manager [req-261f9f65-ae2c-4357-9651-735c43a7c0e6 d16e47937cf044089d114e78abeda68d - - - -] volume service is down. (host: rack08-server75@lvm-1)
2022-04-12 01:12:45.258 11 WARNING cinder.scheduler.host_manager [req-a996a77d-b92c-4e90-bd13-05805a98b68b d16e47937cf044089d114e78abeda68d - - - -] volume service is down. (host: rack08-server75@lvm-1)
2022-04-12 01:13:03.243 11 WARNING cinder.scheduler.host_manager [req-4649215d-f42c-4810-a919-fabb05aa8df0 56ec8677f31d4c09a6208f8ab54140f5 - - - -] volume service is down. (host: rack08-server75@lvm-1)
2022-04-12 01:13:05.733 11 WARNING cinder.scheduler.host_manager [req-34a06427-7d28-473a-93d5-282fd5b97b22 56ec8677f31d4c09a6208f8ab54140f5 - - - -] volume service is down. (host: rack08-server75@lvm-1)
2022-04-12 01:13:08.211 11 WARNING cinder.scheduler.host_manager [req-d6e652e8-507f-4e73-8d37-118d29c127a2 56ec8677f31d4c09a6208f8ab54140f5 - - - -] volume service is down. (host: rack08-server75@lvm-1)
2022-04-12 01:13:10.974 11 WARNING cinder.scheduler.host_manager [req-d367c9cb-aa01-4cb0-b06f-cbd0c6589805 f41c8772e9aa439091ce544f85e7dfa9 - - - -] volume service is down. (host: rack08-server75@lvm-1)
2022-04-12 01:13:11.287 11 WARNING cinder.scheduler.host_manager [req-5f6e9181-177d-4a69-a808-e65c03bc9f8f 7d1b22fcfecd45d5a7f49ec2e13c728b - - - -] volume service is down. (host: rack08-server75@lvm-1)
2022-04-12 01:13:20.448 11 WARNING cinder.scheduler.host_manager [req-8be097d1-ca55-4329-adc8-b9bb89a58b8f bc7b3fe014434e0aae657cecb6d57dea - - - -] volume service is down. (host: rack08-server75@lvm-1)
2022-04-12 01:13:38.798 11 WARNING cinder.scheduler.host_manager [req-6acd0bc8-2871-410a-8208-1d78263664a6 1b95095be97047578c4f2044d5098131 - - - -] volume service is down. (host: rack08-server75@lvm-1)
2022-04-12 01:14:21.995 11 WARNING cinder.scheduler.host_manager [req-3062c062-b306-45ee-8581-77ca5c6e5292 7acfa24ec9034f6a811fd399eff2d32b - - - -] volume service is down. (host: rack08-server75@lvm-1)
2022-04-12 01:17:21.609 11 WARNING cinder.scheduler.host_manager [req-fdb57bb5-895e-4021-8ab1-73e1b9ed7549 7d1b22fcfecd45d5a7f49ec2e13c728b - - - -] volume service is down. (host: rack08-server75@lvm-1)
2022-04-12 01:18:15.289 11 WARNING cinder.scheduler.host_manager [req-d18210f7-ed8c-493a-8d2a-192ea6f9cc80 7acfa24ec9034f6a811fd399eff2d32b - - - -] volume service is down. (host: rack08-server75@lvm-1)
2022-04-12 01:19:47.046 11 WARNING cinder.scheduler.host_manager [req-e4a5ed91-9528-4ff7-848f-888388e4c130 f5704396bfbf45d795cb75ba9346f64c - - - -] volume service is down. (host: rack08-server75@lvm-1)
2022-04-12 01:19:57.999 11 WARNING cinder.scheduler.host_manager [req-20258588-7b30-4a4c-94b2-5fedac7c0782 f5704396bfbf45d795cb75ba9346f64c - - - -] volume service is down. (host: rack08-server75@lvm-1)
2022-04-12 01:20:04.797 11 WARNING cinder.scheduler.host_manager [req-f4b7bacc-eb3d-46cd-8e68-7c2fceb632c9 f5704396bfbf45d795cb75ba9346f64c - - - -] volume service is down. (host: rack08-server75@lvm-1)
2022-04-12 01:20:07.278 11 WARNING cinder.scheduler.host_manager [req-2793da1c-9378-49a2-905a-6b49c050fa2f f5704396bfbf45d795cb75ba9346f64c - - - -] volume service is down. (host: rack08-server75@lvm-1)
2022-04-12 01:20:19.241 11 WARNING cinder.scheduler.host_manager [req-a9b6ed83-7274-4fdb-9d73-9827149ee9f0 7acfa24ec9034f6a811fd399eff2d32b - - - -] volume service is down. (host: rack08-server75@lvm-1)
2022-04-12 01:20:20.336 11 WARNING cinder.scheduler.host_manager [req-a8b22701-c3b1-4ac0-abbe-4bfaf6548201 e19162611a0c4ddf957faaa3a1d6883e - - - -] volume service is down. (host: rack08-server75@lvm-1)
2022-04-12 01:20:22.993 11 WARNING cinder.scheduler.host_manager [req-9f77c733-b9ff-4bb2-8feb-3bbb0c45931f 7d1b22fcfecd45d5a7f49ec2e13c728b - - - -] volume service is down. (host: rack08-server75@lvm-1)
2022-04-12 01:23:16.562 11 WARNING cinder.scheduler.host_manager [req-0b36cbe5-70ea-436b-9279-277e371de118 e19162611a0c4ddf957faaa3a1d6883e - - - -] volume service is down. (host: rack08-server75@lvm-1)
2022-04-12 01:25:26.941 11 WARNING cinder.scheduler.host_manager [req-a506c2a0-d5eb-4e6e-9a4d-574977dc8501 ad236bdbfdee4ed48c66c072d603cd0b - - - -] volume service is down. (host: rack08-server75@lvm-1)
2022-04-12 01:25:29.439 11 WARNING cinder.scheduler.host_manager [req-eaa8cdab-7497-4210-8c00-bbbab7ed22d0 ad236bdbfdee4ed48c66c072d603cd0b - - - -] volume service is down. (host: rack08-server75@lvm-1)
2022-04-12 01:25:31.917 11 WARNING cinder.scheduler.host_manager [req-ad1a2035-e526-4df3-bbb2-83deb634f704 ad236bdbfdee4ed48c66c072d603cd0b - - - -] volume service is down. (host: rack08-server75@lvm-1)
2022-04-12 01:25:42.638 11 WARNING cinder.scheduler.host_manager [req-8aa06c60-f86a-4248-812f-5178103807bc 11261265f2364a02a8e9c1373f951362 - - - -] volume service is down. (host: rack08-server75@lvm-1)
2022-04-12 01:26:16.117 11 WARNING cinder.scheduler.host_manager [req-870e414c-bb6d-435c-8114-b7022340cde5 f7a59807431c4d7e91777ef2778ea5f3 - - - -] volume service is down. (host: rack08-server75@lvm-1)
2022-04-12 01:26:22.972 11 WARNING cinder.scheduler.host_manager [req-f5fe258e-cbb6-456c-a8fa-1b2e8f47d492 35126d535edd4cc8bbf0e89037d528fe - - - -] volume service is down. (host: rack08-server75@lvm-1)
2022-04-12 01:26:25.481 11 WARNING cinder.scheduler.host_manager [req-c64b3242-cf54-4bbb-a695-2504dbe545a8 35126d535edd4cc8bbf0e89037d528fe - - - -] volume service is down. (host: rack08-server75@lvm-1)
2022-04-12 01:26:27.952 11 WARNING cinder.scheduler.host_manager [req-93502ba1-ec7d-4abe-ba1c-c2fd6d3a02a7 35126d535edd4cc8bbf0e89037d528fe - - - -] volume service is down. (host: rack08-server75@lvm-1)
2022-04-12 01:26:44.502 11 WARNING cinder.scheduler.host_manager [req-1aebd52c-db9e-4270-a8a1-fd9caa626027 66d843e0a2a34feb98f3546ded30e533 - - - -] volume service is down. (host: rack08-server75@lvm-1)
2022-04-12 01:26:44.509 11 WARNING cinder.scheduler.host_manager [req-1aebd52c-db9e-4270-a8a1-fd9caa626027 66d843e0a2a34feb98f3546ded30e533 - - - -] volume service is down. (host: rack08-server75@lvm-1)
2022-04-12 01:26:45.703 11 WARNING cinder.scheduler.host_manager [req-a7cfe34f-67a5-4082-8794-62fb76020c6f 66d843e0a2a34feb98f3546ded30e533 - - - -] volume service is down. (host: rack08-server75@lvm-1)
2022-04-12 01:26:45.710 11 WARNING cinder.scheduler.host_manager [req-a7cfe34f-67a5-4082-8794-62fb76020c6f 66d843e0a2a34feb98f3546ded30e533 - - - -] volume service is down. (host: rack08-server75@lvm-1)
2022-04-12 01:26:47.207 11 WARNING cinder.scheduler.host_manager [req-e977e9db-5344-4d01-8d9f-369d22a64b1b 66d843e0a2a34feb98f3546ded30e533 - - - -] volume service is down. (host: rack08-server75@lvm-1)
2022-04-12 01:26:52.468 11 WARNING cinder.scheduler.host_manager [req-127bd9b4-d2d1-4bf9-8d57-5e5557a6ce2f 66d843e0a2a34feb98f3546ded30e533 - - - -] volume service is down. (host: rack08-server75@lvm-1)
2022-04-12 01:26:52.477 11 WARNING cinder.scheduler.host_manager [req-127bd9b4-d2d1-4bf9-8d57-5e5557a6ce2f 66d843e0a2a34feb98f3546ded30e533 - - - -] volume service is down. (host: rack08-server75@lvm-1)
2022-04-12 01:26:53.894 11 WARNING cinder.scheduler.host_manager [req-723decf9-9af7-42a7-b3d8-33892fc6ea76 66d843e0a2a34feb98f3546ded30e533 - - - -] volume service is down. (host: rack08-server75@lvm-1)
2022-04-12 01:26:56.393 11 WARNING cinder.scheduler.host_manager [req-550d1e12-af43-42fe-971a-6f9c47ef79ea 66d843e0a2a34feb98f3546ded30e533 - - - -] volume service is down. (host: rack08-server75@lvm-1)
2022-04-12 01:27:08.299 11 WARNING cinder.scheduler.host_manager [req-5b91547d-8bbf-4a1d-b831-169070e778df 7aa4e958b273497e8737f350a97b72a6 - - - -] volume service is down. (host: rack08-server75@lvm-1)
2022-04-12 01:27:08.300 11 INFO cinder.scheduler.base_filter [req-5b91547d-8bbf-4a1d-b831-169070e778df 7aa4e958b273497e8737f350a97b72a6 - - - -] Filtering removed all hosts for the request with volume ID '99b3b1bb-8b1d-4e17-9902-a331b4cbafa0'. Filter results: AvailabilityZoneFilter: (start: 1, end: 1), CapacityFilter: (start: 1, end: 1), CapabilitiesFilter: (start: 1, end: 0)
2022-04-12 01:27:08.300 11 WARNING cinder.scheduler.filter_scheduler [req-5b91547d-8bbf-4a1d-b831-169070e778df 7aa4e958b273497e8737f350a97b72a6 - - - -] No weighed backend found for volume with properties: {'id': '900c2181-7fc4-4e34-91ce-f70378f566f0', 'name': 'tempest-UserMessagesTest-volume-type-1277911855', 'description': None, 'is_public': True, 'projects': [], 'extra_specs': {'storage_protocol': 'tempest-storage_protocol-2001354682', 'vendor_name': 'tempest-vendor_name-348235221'}, 'qos_specs_id': None, 'created_at': '2022-04-11T22:27:07.000000', 'updated_at': None, 'deleted_at': None, 'deleted': False}
2022-04-12 01:27:08.301 11 INFO cinder.message.api [req-5b91547d-8bbf-4a1d-b831-169070e778df 7aa4e958b273497e8737f350a97b72a6 - - - -] Creating message record for request_id = req-5b91547d-8bbf-4a1d-b831-169070e778df
2022-04-12 01:27:08.307 11 ERROR cinder.scheduler.flows.create_volume [req-5b91547d-8bbf-4a1d-b831-169070e778df 7aa4e958b273497e8737f350a97b72a6 - - - -] Failed to run task cinder.scheduler.flows.create_volume.ScheduleCreateVolumeTask;volume:create: No valid backend was found. No weighed backends available: cinder.exception.NoValidBackend: No valid backend was found. No weighed backends available
2022-04-12 01:27:23.151 11 WARNING cinder.scheduler.host_manager [req-d6e5e4bf-48d4-4b00-9317-fedadd6fdfdd 74bacdf0183d4fed8911eaf3e31dcb1e - - - -] volume service is down. (host: rack08-server75@lvm-1)
2022-04-12 01:27:23.191 11 WARNING cinder.scheduler.host_manager [req-b46f3750-45e6-4d2c-9b56-c17b96a4c5a0 74bacdf0183d4fed8911eaf3e31dcb1e - - - -] volume service is down. (host: rack08-server75@lvm-1)
2022-04-12 01:27:28.634 11 WARNING cinder.scheduler.host_manager [req-5ad6c225-277e-4738-96d8-f8b8a5f7ec47 907ade805cf14d69a2658c7cbff1a594 - - - -] volume service is down. (host: rack08-server75@lvm-1)
2022-04-12 01:27:28.642 11 WARNING cinder.scheduler.host_manager [req-5ad6c225-277e-4738-96d8-f8b8a5f7ec47 907ade805cf14d69a2658c7cbff1a594 - - - -] volume service is down. (host: rack08-server75@lvm-1)
2022-04-12 01:27:36.914 11 WARNING cinder.scheduler.host_manager [req-267ba0ac-e1d0-4b1e-a68a-e60ae2ccc147 3cef4e78677f4489a6b4a8eaaaad1cae - - - -] volume service is down. (host: rack08-server75@lvm-1)
2022-04-12 01:28:22.571 11 WARNING cinder.scheduler.host_manager [req-ab4a85b5-01c6-419a-b3fe-2276137d9c0e 83293dc112094a1296219d4b2ff3f258 - - - -] volume service is down. (host: rack08-server75@lvm-1)
2022-04-12 01:28:24.888 11 WARNING cinder.scheduler.host_manager [req-028d79a1-52d6-4b4e-b307-48724b81b984 83293dc112094a1296219d4b2ff3f258 - - - -] volume service is down. (host: rack08-server75@lvm-1)
2022-04-12 01:28:27.169 11 WARNING cinder.scheduler.host_manager [req-69216252-f8ca-475f-baf0-1f479a3c9132 83293dc112094a1296219d4b2ff3f258 - - - -] volume service is down. (host: rack08-server75@lvm-1)
2022-04-12 01:28:29.438 11 WARNING cinder.scheduler.host_manager [req-7634ab98-0dde-43f3-8703-b6673b2ebb1f 83293dc112094a1296219d4b2ff3f258 - - - -] volume service is down. (host: rack08-server75@lvm-1)
2022-04-12 01:28:40.054 11 WARNING cinder.scheduler.host_manager [req-86f7948b-488e-4870-914a-d61e31e3f495 5333eb4f51044451b5badcfe8cac152e - - - -] volume service is down. (host: rack08-server75@lvm-1)
2022-04-12 01:28:42.395 11 WARNING cinder.scheduler.host_manager [req-e40e1b49-1548-4093-b7dc-c8307087b1f1 5333eb4f51044451b5badcfe8cac152e - - - -] volume service is down. (host: rack08-server75@lvm-1)
2022-04-12 01:29:18.539 11 WARNING cinder.scheduler.host_manager [req-20109ab3-6b02-431a-bbb9-080dcd7b2fd0 5cad1a5c4ec74c1ebd7b4e4b3f78a299 - - - -] volume service is down. (host: rack08-server75@lvm-1)
2022-04-12 01:31:13.802 11 WARNING cinder.scheduler.host_manager [req-c97777e9-a21d-443b-93ea-12d5b0d95a0a 5cad1a5c4ec74c1ebd7b4e4b3f78a299 - - - -] volume service is down. (host: rack08-server75@lvm-1)
2022-04-12 01:31:17.498 11 WARNING cinder.scheduler.host_manager [req-8060a501-6d79-47ca-86fa-9506f37a6d71 5cad1a5c4ec74c1ebd7b4e4b3f78a299 - - - -] volume service is down. (host: rack08-server75@lvm-1)
2022-04-12 01:31:21.182 11 WARNING cinder.scheduler.host_manager [req-fa94c9ed-d853-478b-9459-592e8b041e70 5cad1a5c4ec74c1ebd7b4e4b3f78a299 - - - -] volume service is down. (host: rack08-server75@lvm-1)
2022-04-12 01:31:24.885 11 WARNING cinder.scheduler.host_manager [req-0f09d73b-6b09-4081-ad2f-8c822f657f0d 5cad1a5c4ec74c1ebd7b4e4b3f78a299 - - - -] volume service is down. (host: rack08-server75@lvm-1)
2022-04-12 01:31:28.663 11 WARNING cinder.scheduler.host_manager [req-4f6d94a3-2d83-4c22-a998-0eb538899666 5cad1a5c4ec74c1ebd7b4e4b3f78a299 - - - -] volume service is down. (host: rack08-server75@lvm-1)
2022-04-12 01:31:40.052 11 WARNING cinder.scheduler.host_manager [req-61332bba-7f6f-44e3-9eb7-92c4a57d6c14 22f3d2a7be7c42b19a5d6d0024c0c45e - - - -] volume service is down. (host: rack08-server75@lvm-1)
2022-04-12 01:31:42.371 11 WARNING cinder.scheduler.host_manager [req-af5fb60d-4e37-482f-a77c-0f4f237f2ee3 22f3d2a7be7c42b19a5d6d0024c0c45e - - - -] volume service is down. (host: rack08-server75@lvm-1)
2022-04-12 01:31:53.759 11 WARNING cinder.scheduler.host_manager [req-88fbc2ff-9ad1-41bf-9b6a-c004bb079047 7bbf2d9e62a846ac8ba5dcedd575a3a1 - - - -] volume service is down. (host: rack08-server75@lvm-1)
2022-04-12 01:31:58.457 11 WARNING cinder.scheduler.host_manager [req-8cd2fbf8-3a74-4241-9f46-10c76f93b62d 7bbf2d9e62a846ac8ba5dcedd575a3a1 - - - -] volume service is down. (host: rack08-server75@lvm-1)
2022-04-12 01:32:09.003 11 WARNING cinder.scheduler.host_manager [req-83e9d2aa-6640-4af9-ae72-6f1f53a2b436 9ad325734327414bbbff4360c3876333 - - - -] volume service is down. (host: rack08-server75@lvm-1)
2022-04-12 01:32:13.681 11 WARNING cinder.scheduler.host_manager [req-0ab98b1d-d543-4cbe-81d3-0bc5a8a7b7c6 9ad325734327414bbbff4360c3876333 - - - -] volume service is down. (host: rack08-server75@lvm-1)
2022-04-12 01:32:21.138 11 WARNING cinder.scheduler.host_manager [req-4ef4a2d6-ebfe-447f-b5ee-c98f381729eb 37cda1c110884da1b1b91c64f09f69c8 - - - -] volume service is down. (host: rack08-server75@lvm-1)
2022-04-12 01:32:28.228 11 WARNING cinder.scheduler.host_manager [req-a3e5b295-6d41-4350-8cb5-3b1038081b27 571f685a46a942f999fb434dd79fad8e - - - -] volume service is down. (host: rack08-server75@lvm-1)
2022-04-12 01:32:39.380 11 WARNING cinder.scheduler.host_manager [req-f3f9c379-7b6b-423c-8f11-46ce8cd9378e 571f685a46a942f999fb434dd79fad8e - - - -] volume service is down. (host: rack08-server75@lvm-1)
2022-04-12 01:32:40.863 11 WARNING cinder.scheduler.host_manager [req-3c6072e3-80a8-47e4-9489-b9f4545103b3 571f685a46a942f999fb434dd79fad8e - - - -] volume service is down. (host: rack08-server75@lvm-1)
2022-04-12 01:32:43.173 11 WARNING cinder.scheduler.host_manager [req-86797f5e-3016-45b9-85ce-982b2f4d1624 571f685a46a942f999fb434dd79fad8e - - - -] volume service is down. (host: rack08-server75@lvm-1)
2022-04-12 01:32:45.437 11 WARNING cinder.scheduler.host_manager [req-f4da25df-def2-42d3-8550-290c65907047 571f685a46a942f999fb434dd79fad8e - - - -] volume service is down. (host: rack08-server75@lvm-1)
2022-04-12 01:32:56.089 11 WARNING cinder.scheduler.host_manager [req-2f346dda-591a-46fa-bcf5-13829dbbbcc0 36a254e27f1a4b6d907c2ffe5727c642 - - - -] volume service is down. (host: rack08-server75@lvm-1)
2022-04-12 01:34:20.152 11 WARNING cinder.scheduler.host_manager [req-d8baea65-9cf4-49b0-a0e4-3f51d9e855d3 36a254e27f1a4b6d907c2ffe5727c642 - - - -] volume service is down. (host: rack08-server75@lvm-1)
2022-04-12 01:35:16.883 11 WARNING cinder.scheduler.host_manager [req-61da5f1e-309d-4519-bdd8-0eb4e6a4ead5 36a254e27f1a4b6d907c2ffe5727c642 - - - -] volume service is down. (host: rack08-server75@lvm-1)
2022-04-12 01:35:22.263 11 WARNING cinder.scheduler.host_manager [req-79cb231b-3c87-4811-8cf7-ce8cd1732909 36a254e27f1a4b6d907c2ffe5727c642 - - - -] volume service is down. (host: rack08-server75@lvm-1)
2022-04-12 01:35:24.538 11 WARNING cinder.scheduler.host_manager [req-6bae898f-79a7-4e9e-8ae8-c414873c47f1 36a254e27f1a4b6d907c2ffe5727c642 - - - -] volume service is down. (host: rack08-server75@lvm-1)
2022-04-12 01:38:19.516 11 WARNING cinder.scheduler.host_manager [req-bc1d66fa-af77-4063-ba1c-08e62ad41a62 36a254e27f1a4b6d907c2ffe5727c642 - - - -] volume service is down. (host: rack08-server75@lvm-1)
2022-04-12 01:38:23.035 11 WARNING cinder.scheduler.host_manager [req-f7ca846a-83f6-46f5-9e6d-eca597da9a92 36a254e27f1a4b6d907c2ffe5727c642 - - - -] volume service is down. (host: rack08-server75@lvm-1)
2022-04-12 01:40:23.308 11 WARNING cinder.scheduler.host_manager [req-ce9d1736-2499-4494-908a-35e975dfdabc 36a254e27f1a4b6d907c2ffe5727c642 - - - -] volume service is down. (host: rack08-server75@lvm-1)
2022-04-12 01:40:25.585 11 WARNING cinder.scheduler.host_manager [req-c05e5ac0-a913-4f8d-b837-559413498acf 36a254e27f1a4b6d907c2ffe5727c642 - - - -] volume service is down. (host: rack08-server75@lvm-1)
2022-04-12 01:42:24.309 11 WARNING cinder.scheduler.host_manager [req-ff4f55df-c0dd-4ffa-a316-f9cb1ae6ae2c 36a254e27f1a4b6d907c2ffe5727c642 - - - -] volume service is down. (host: rack08-server75@lvm-1)
2022-04-12 01:42:26.467 11 WARNING cinder.scheduler.host_manager [req-560598c9-7231-4bf1-8b32-01777f9a2b8d 36a254e27f1a4b6d907c2ffe5727c642 - - - -] volume service is down. (host: rack08-server75@lvm-1)
2022-04-12 01:42:28.924 11 WARNING cinder.scheduler.host_manager [req-f07f07e8-b1fe-41ba-89ac-2d76dd1b2300 36a254e27f1a4b6d907c2ffe5727c642 - - - -] volume service is down. (host: rack08-server75@lvm-1)
2022-04-12 01:42:32.539 11 WARNING cinder.scheduler.host_manager [req-6f80324c-2455-4ec4-8b4d-f23e5154db42 36a254e27f1a4b6d907c2ffe5727c642 - - - -] volume service is down. (host: rack08-server75@lvm-1)
2022-04-12 01:42:34.842 11 WARNING cinder.scheduler.host_manager [req-ac2b8175-b008-4d4a-91ea-fd5909b14535 36a254e27f1a4b6d907c2ffe5727c642 - - - -] volume service is down. (host: rack08-server75@lvm-1)
2022-04-12 01:42:37.294 11 WARNING cinder.scheduler.host_manager [req-fb264d5b-0c42-497a-a0e5-fd6cadb04ad4 36a254e27f1a4b6d907c2ffe5727c642 - - - -] volume service is down. (host: rack08-server75@lvm-1)
2022-04-12 01:42:56.946 11 WARNING cinder.scheduler.host_manager [req-f90b7fa9-0047-4d6e-8097-d521330ba7d9 045e9e453d6f43c48d8033e91324981b - - - -] volume service is down. (host: rack08-server75@lvm-1)
2022-04-12 01:42:57.227 11 WARNING cinder.scheduler.host_manager [req-c0c7c6eb-a6ba-44fa-ac15-b213099f6d42 f7248ccab4214099926c654bb2c92970 - - - -] volume service is down. (host: rack08-server75@lvm-1)
2022-04-12 01:42:57.619 11 WARNING cinder.scheduler.host_manager [req-e7e16dc3-f053-49f6-a747-4160d4f1c546 f7248ccab4214099926c654bb2c92970 - - - -] volume service is down. (host: rack08-server75@lvm-1)
2022-04-12 01:42:58.028 11 WARNING cinder.scheduler.host_manager [req-6d850218-7a3c-4e46-918d-2c4e415ef2ab f7248ccab4214099926c654bb2c92970 - - - -] volume service is down. (host: rack08-server75@lvm-1)
2022-04-12 01:42:58.447 11 WARNING cinder.scheduler.host_manager [req-ce2d3a7c-5888-4e46-b9ac-dd92e2942d36 f7248ccab4214099926c654bb2c92970 - - - -] volume service is down. (host: rack08-server75@lvm-1)
2022-04-12 01:42:58.853 11 WARNING cinder.scheduler.host_manager [req-a3fe4afb-67a8-4d3f-b006-5c1d14c79264 f7248ccab4214099926c654bb2c92970 - - - -] volume service is down. (host: rack08-server75@lvm-1)
2022-04-12 01:42:59.405 11 WARNING cinder.scheduler.host_manager [req-90ae5c1b-63a2-4d96-9934-9080ebdb1ad5 045e9e453d6f43c48d8033e91324981b - - - -] volume service is down. (host: rack08-server75@lvm-1)
2022-04-12 01:43:01.779 11 WARNING cinder.scheduler.host_manager [req-1cc7de46-a99b-4ca6-9b59-1fb1a3576c66 045e9e453d6f43c48d8033e91324981b - - - -] volume service is down. (host: rack08-server75@lvm-1)
