Build Started 14_04_2022_01_26_12
2022-04-14 04:28:15.771 11 WARNING cinder.scheduler.host_manager [req-fda942f2-6bb3-4ad1-a181-39443b586b5c cc3da4d0f5d2488db41c00abbe2dffb5 - - - -] volume service is down. (host: rack08-server75@lvm-1)
2022-04-14 04:28:15.856 11 WARNING cinder.scheduler.host_manager [req-721bca70-0d61-418f-b25f-8dc0425147fa 1ceb648641dd4e56a4f84b72c4112975 - - - -] volume service is down. (host: rack08-server75@lvm-1)
2022-04-14 04:28:15.982 11 WARNING cinder.scheduler.host_manager [req-4304e2cf-b31d-42b2-aa46-ac450526b47a a189848869114f86a1efd619db31a18a - - - -] volume service is down. (host: rack08-server75@lvm-1)
2022-04-14 04:28:17.270 11 WARNING cinder.scheduler.host_manager [req-8127fb05-1321-42a0-85b7-4fbab221e0e2 cc3da4d0f5d2488db41c00abbe2dffb5 - - - -] volume service is down. (host: rack08-server75@lvm-1)
2022-04-14 04:28:21.666 11 WARNING cinder.scheduler.host_manager [req-d7d3b110-1bd8-476b-ad7e-776ba707e2e0 5ea5b38cd4f64a38a9f58dbdf4c55c8e - - - -] volume service is down. (host: rack08-server75@lvm-1)
2022-04-14 04:28:24.169 11 WARNING cinder.scheduler.host_manager [req-156be63c-9efb-4a1b-9618-dd17a347da8b 5ea5b38cd4f64a38a9f58dbdf4c55c8e - - - -] volume service is down. (host: rack08-server75@lvm-1)
2022-04-14 04:28:26.689 11 WARNING cinder.scheduler.host_manager [req-087a550d-8ea1-4f3d-be98-57fb11072a3e 5ea5b38cd4f64a38a9f58dbdf4c55c8e - - - -] volume service is down. (host: rack08-server75@lvm-1)
2022-04-14 04:28:28.947 11 WARNING cinder.scheduler.host_manager [req-cccfb0e8-92ba-464d-9b1b-495eac85ca06 464475e1b0db49ff9fd52e7c50f64ce3 - - - -] volume service is down. (host: rack08-server75@lvm-1)
2022-04-14 04:28:28.984 11 WARNING cinder.scheduler.host_manager [req-9c0e1c8d-6e47-40fd-a71e-81d3df6406da 464475e1b0db49ff9fd52e7c50f64ce3 - - - -] volume service is down. (host: rack08-server75@lvm-1)
2022-04-14 04:28:39.884 11 WARNING cinder.scheduler.host_manager [req-c50e8eb8-d61f-4852-ac94-05ee3e33a51d 5948e2b2dfee4ffea5a339a4576ada72 - - - -] volume service is down. (host: rack08-server75@lvm-1)
2022-04-14 04:28:39.891 11 WARNING cinder.scheduler.host_manager [req-c50e8eb8-d61f-4852-ac94-05ee3e33a51d 5948e2b2dfee4ffea5a339a4576ada72 - - - -] volume service is down. (host: rack08-server75@lvm-1)
2022-04-14 04:28:43.404 11 WARNING cinder.scheduler.host_manager [req-9221a129-e468-4999-a009-8d257fbe54ac 080b8b9049ee4109a9ea9810e2e964aa - - - -] volume service is down. (host: rack08-server75@lvm-1)
2022-04-14 04:28:43.412 11 WARNING cinder.scheduler.host_manager [req-9221a129-e468-4999-a009-8d257fbe54ac 080b8b9049ee4109a9ea9810e2e964aa - - - -] volume service is down. (host: rack08-server75@lvm-1)
2022-04-14 04:28:44.906 11 WARNING cinder.scheduler.host_manager [req-1bc0aadc-974d-4687-ac83-4528eb94a6a1 080b8b9049ee4109a9ea9810e2e964aa - - - -] volume service is down. (host: rack08-server75@lvm-1)
2022-04-14 04:28:47.258 11 WARNING cinder.scheduler.host_manager [req-fc528b8c-9ec2-4f0e-8c16-f6c0928d533f 080b8b9049ee4109a9ea9810e2e964aa - - - -] volume service is down. (host: rack08-server75@lvm-1)
2022-04-14 04:28:48.025 11 WARNING cinder.scheduler.host_manager [req-88aa2fa9-096e-4091-a1a0-0aeed50cb756 9b13ed1d729b4159a38c8816dba52aa8 - - - -] volume service is down. (host: rack08-server75@lvm-1)
2022-04-14 04:28:50.364 11 WARNING cinder.scheduler.host_manager [req-5c989fbc-987a-4ca3-8dd3-b3539386eb9a 9b13ed1d729b4159a38c8816dba52aa8 - - - -] volume service is down. (host: rack08-server75@lvm-1)
2022-04-14 04:28:52.911 11 WARNING cinder.scheduler.host_manager [req-67f91b09-fb65-4635-9c9a-35ae5dd21ba4 9b13ed1d729b4159a38c8816dba52aa8 - - - -] volume service is down. (host: rack08-server75@lvm-1)
2022-04-14 04:28:56.444 11 WARNING cinder.scheduler.host_manager [req-51e58ed7-89b4-4b17-bb61-98eff6dcdf4b 9b13ed1d729b4159a38c8816dba52aa8 - - - -] volume service is down. (host: rack08-server75@lvm-1)
2022-04-14 04:29:00.004 11 WARNING cinder.scheduler.host_manager [req-326d40bc-2d94-48ff-84d0-4be856f1b5d6 9b13ed1d729b4159a38c8816dba52aa8 - - - -] volume service is down. (host: rack08-server75@lvm-1)
2022-04-14 04:29:03.541 11 WARNING cinder.scheduler.host_manager [req-d2750d4e-acbd-4d37-b010-131319115ce7 9b13ed1d729b4159a38c8816dba52aa8 - - - -] volume service is down. (host: rack08-server75@lvm-1)
2022-04-14 04:29:05.317 11 WARNING cinder.scheduler.host_manager [req-f192084e-ee8e-4d9b-bef7-5be9a9523f32 7a152b53589446b4aab5d9024cb217ed - - - -] volume service is down. (host: rack08-server75@lvm-1)
2022-04-14 04:29:07.802 11 WARNING cinder.scheduler.host_manager [req-f56dbec3-fc23-40d7-b418-ab5a1bf6dbf9 7a152b53589446b4aab5d9024cb217ed - - - -] volume service is down. (host: rack08-server75@lvm-1)
2022-04-14 04:29:20.864 11 WARNING cinder.scheduler.host_manager [req-a127def9-fcc9-4bcf-81a6-6e4694d5db6c 10a31181d3a642128a8cec1f0587293d - - - -] volume service is down. (host: rack08-server75@lvm-1)
2022-04-14 04:29:33.954 11 WARNING cinder.scheduler.host_manager [req-1f0150bb-9ebb-443c-8837-e005d9eae78c 6c787817f63847b6a23ec0a5be027e43 - - - -] volume service is down. (host: rack08-server75@lvm-1)
2022-04-14 04:29:52.168 11 WARNING cinder.scheduler.host_manager [req-974c53b4-fddf-465c-bd91-0bcbed4ed6c4 36dcb3cbcba24485a348225d3035e030 - - - -] volume service is down. (host: rack08-server75@lvm-1)
2022-04-14 04:29:54.513 11 WARNING cinder.scheduler.host_manager [req-2ed1607f-85cc-4b9e-ab3d-eeefeef7c276 36dcb3cbcba24485a348225d3035e030 - - - -] volume service is down. (host: rack08-server75@lvm-1)
2022-04-14 04:29:56.783 11 WARNING cinder.scheduler.host_manager [req-8fb573df-9d14-4991-b58a-6cd5f4349f1b 36dcb3cbcba24485a348225d3035e030 - - - -] volume service is down. (host: rack08-server75@lvm-1)
2022-04-14 04:30:00.444 11 WARNING cinder.scheduler.host_manager [req-ea7e9fae-448b-4685-854a-f2877ef648af 36dcb3cbcba24485a348225d3035e030 - - - -] volume service is down. (host: rack08-server75@lvm-1)
2022-04-14 04:30:02.735 11 WARNING cinder.scheduler.host_manager [req-fa242cac-a74c-4b6d-9b2e-f7841545e6bc 36dcb3cbcba24485a348225d3035e030 - - - -] volume service is down. (host: rack08-server75@lvm-1)
2022-04-14 04:30:05.202 11 WARNING cinder.scheduler.host_manager [req-f4949ce3-0fd0-4676-b859-0ce2f84bb8d9 36dcb3cbcba24485a348225d3035e030 - - - -] volume service is down. (host: rack08-server75@lvm-1)
2022-04-14 04:30:16.551 11 WARNING cinder.scheduler.host_manager [req-c70a09b4-9c23-403b-b101-d86be0345aad 0b032a4b388e4cb6b101b0ca07ff9d37 - - - -] volume service is down. (host: rack08-server75@lvm-1)
2022-04-14 04:30:21.281 11 WARNING cinder.scheduler.host_manager [req-e3761684-cba1-4250-9293-e8571e07d9df 0b032a4b388e4cb6b101b0ca07ff9d37 - - - -] volume service is down. (host: rack08-server75@lvm-1)
2022-04-14 04:30:28.792 11 WARNING cinder.scheduler.host_manager [req-bcc6f9ed-a039-416b-a420-34474221f02d 9ad4f3fd34284f18980975e175211662 - - - -] volume service is down. (host: rack08-server75@lvm-1)
2022-04-14 04:30:35.429 11 WARNING cinder.scheduler.host_manager [req-1ca6ce33-5ba1-4818-a723-9f7939d78324 516d6934192c46d9bc66e1ddfc184e30 - - - -] volume service is down. (host: rack08-server75@lvm-1)
2022-04-14 04:30:54.769 11 WARNING cinder.scheduler.host_manager [req-6902bd03-d024-453a-b8db-5217584d9ed0 ebd0840056e643008edb9880569f60b5 - - - -] volume service is down. (host: rack08-server75@lvm-1)
2022-04-14 04:31:53.822 11 WARNING cinder.scheduler.host_manager [req-05143c31-3d9c-4d95-8949-dd196bb99134 516d6934192c46d9bc66e1ddfc184e30 - - - -] volume service is down. (host: rack08-server75@lvm-1)
2022-04-14 04:31:54.382 11 WARNING cinder.scheduler.host_manager [req-c7c498dd-aa99-4721-bfea-ce4dfa2566ab a189848869114f86a1efd619db31a18a - - - -] volume service is down. (host: rack08-server75@lvm-1)
2022-04-14 04:32:55.720 11 WARNING cinder.scheduler.host_manager [req-e1b8dff4-78d8-4cab-bb1f-11d45bcca48a ebd0840056e643008edb9880569f60b5 - - - -] volume service is down. (host: rack08-server75@lvm-1)
2022-04-14 04:32:59.430 11 WARNING cinder.scheduler.host_manager [req-e8774d82-1f20-4367-bc4d-af5c41b4c0ec ebd0840056e643008edb9880569f60b5 - - - -] volume service is down. (host: rack08-server75@lvm-1)
2022-04-14 04:33:00.986 11 WARNING cinder.scheduler.host_manager [req-ddc515cd-c293-4497-b3ac-ed741e63ae16 516d6934192c46d9bc66e1ddfc184e30 - - - -] volume service is down. (host: rack08-server75@lvm-1)
2022-04-14 04:33:03.121 11 WARNING cinder.scheduler.host_manager [req-afdaff20-78c9-4d8e-9684-6368420e9bd6 ebd0840056e643008edb9880569f60b5 - - - -] volume service is down. (host: rack08-server75@lvm-1)
2022-04-14 04:33:03.254 11 WARNING cinder.scheduler.host_manager [req-05e0b2b6-ae8a-4933-b08d-0ed4cd741902 516d6934192c46d9bc66e1ddfc184e30 - - - -] volume service is down. (host: rack08-server75@lvm-1)
2022-04-14 04:33:05.522 11 WARNING cinder.scheduler.host_manager [req-1f79a029-2574-440c-b931-54cd15348b2c 516d6934192c46d9bc66e1ddfc184e30 - - - -] volume service is down. (host: rack08-server75@lvm-1)
2022-04-14 04:33:07.074 11 WARNING cinder.scheduler.host_manager [req-4169e5e5-f761-4c9c-887a-7780e71dac0e ebd0840056e643008edb9880569f60b5 - - - -] volume service is down. (host: rack08-server75@lvm-1)
2022-04-14 04:33:10.518 11 WARNING cinder.scheduler.host_manager [req-3fd6fa94-c2d3-49f1-8210-170835e18569 ebd0840056e643008edb9880569f60b5 - - - -] volume service is down. (host: rack08-server75@lvm-1)
2022-04-14 04:33:20.867 11 WARNING cinder.scheduler.host_manager [req-810dff36-41eb-47b2-8e6f-23cbf7222332 c269fcd1d5d44dc1b3b545010af7d6e3 - - - -] volume service is down. (host: rack08-server75@lvm-1)
2022-04-14 04:33:23.353 11 WARNING cinder.scheduler.host_manager [req-e581973e-f7cd-4b13-9eaf-9fc5e42fc624 c269fcd1d5d44dc1b3b545010af7d6e3 - - - -] volume service is down. (host: rack08-server75@lvm-1)
2022-04-14 04:33:25.865 11 WARNING cinder.scheduler.host_manager [req-91391f32-176d-4927-9590-57806611dcf8 c269fcd1d5d44dc1b3b545010af7d6e3 - - - -] volume service is down. (host: rack08-server75@lvm-1)
2022-04-14 04:33:28.728 11 WARNING cinder.scheduler.host_manager [req-59c7fd4f-a2f7-4cf5-b9b6-429f87798049 6256b910d76e473ba2c18411e7ee4e61 - - - -] volume service is down. (host: rack08-server75@lvm-1)
2022-04-14 04:33:37.948 11 WARNING cinder.scheduler.host_manager [req-901efcd2-3b67-4325-bedc-998e236bf804 7da64dfbc947465ea453f2b9440157f9 - - - -] volume service is down. (host: rack08-server75@lvm-1)
2022-04-14 04:33:40.278 11 WARNING cinder.scheduler.host_manager [req-36f2d6d0-2602-4e89-90ec-34280e71cdf8 7da64dfbc947465ea453f2b9440157f9 - - - -] volume service is down. (host: rack08-server75@lvm-1)
2022-04-14 04:33:50.182 11 WARNING cinder.scheduler.host_manager [req-6f123bda-14a2-4625-b4d8-37c2d749fcff 297a74980091489b886fe5df0a17de76 - - - -] volume service is down. (host: rack08-server75@lvm-1)
2022-04-14 04:34:00.625 11 WARNING cinder.scheduler.host_manager [req-18278a7a-0196-4bc1-a54b-639a52cdfc84 adbf5615bc3746cc885cd5d2559f9961 - - - -] volume service is down. (host: rack08-server75@lvm-1)
2022-04-14 04:34:05.476 11 WARNING cinder.scheduler.host_manager [req-94e23d88-8bd5-440e-a01b-d3cd49cfdee7 adbf5615bc3746cc885cd5d2559f9961 - - - -] volume service is down. (host: rack08-server75@lvm-1)
2022-04-14 04:34:13.066 11 WARNING cinder.scheduler.host_manager [req-8916b7c3-e633-4b77-9ea7-e26cb5065d8e ff89d566b80a4174bf571b826d846e71 - - - -] volume service is down. (host: rack08-server75@lvm-1)
2022-04-14 04:35:56.530 11 WARNING cinder.scheduler.host_manager [req-627ca2b3-9e7d-4eef-8a27-013a1cc0c7b7 516d6934192c46d9bc66e1ddfc184e30 - - - -] volume service is down. (host: rack08-server75@lvm-1)
2022-04-14 04:36:00.052 11 WARNING cinder.scheduler.host_manager [req-ee0d71e1-1481-4460-bba3-09647ecbbbbd 516d6934192c46d9bc66e1ddfc184e30 - - - -] volume service is down. (host: rack08-server75@lvm-1)
2022-04-14 04:36:02.105 11 WARNING cinder.scheduler.host_manager [req-0db23cb8-530a-475f-8dfe-13f671534d42 a189848869114f86a1efd619db31a18a - - - -] volume service is down. (host: rack08-server75@lvm-1)
2022-04-14 04:38:00.915 11 WARNING cinder.scheduler.host_manager [req-f85c0d13-2b9a-42d9-9a36-7553d890f436 a189848869114f86a1efd619db31a18a - - - -] volume service is down. (host: rack08-server75@lvm-1)
2022-04-14 04:38:59.051 11 WARNING cinder.scheduler.host_manager [req-78b450b7-4b11-4573-b765-2aea33c9f9eb 516d6934192c46d9bc66e1ddfc184e30 - - - -] volume service is down. (host: rack08-server75@lvm-1)
2022-04-14 04:39:01.317 11 WARNING cinder.scheduler.host_manager [req-21fb66e0-5779-462e-8d0d-85c1dde9f2ec 516d6934192c46d9bc66e1ddfc184e30 - - - -] volume service is down. (host: rack08-server75@lvm-1)
2022-04-14 04:40:21.797 11 WARNING cinder.scheduler.host_manager [req-0a795d57-c2c9-49bc-983e-5bf6c6938a0d 3697d5423b3246d3ab33d779642ae154 - - - -] volume service is down. (host: rack08-server75@lvm-1)
2022-04-14 04:41:56.656 11 WARNING cinder.scheduler.host_manager [req-0c70e693-57c8-4b5c-b589-42d1b16f3a43 516d6934192c46d9bc66e1ddfc184e30 - - - -] volume service is down. (host: rack08-server75@lvm-1)
2022-04-14 04:41:58.962 11 WARNING cinder.scheduler.host_manager [req-9bd05116-191d-4a90-b2aa-d604cef8506b 516d6934192c46d9bc66e1ddfc184e30 - - - -] volume service is down. (host: rack08-server75@lvm-1)
2022-04-14 04:42:01.442 11 WARNING cinder.scheduler.host_manager [req-dcf620a2-faa4-4fbc-b679-7824d7ff77d3 516d6934192c46d9bc66e1ddfc184e30 - - - -] volume service is down. (host: rack08-server75@lvm-1)
2022-04-14 04:42:04.058 11 WARNING cinder.scheduler.host_manager [req-2d955c5f-783a-481c-ae4a-158f896d3101 516d6934192c46d9bc66e1ddfc184e30 - - - -] volume service is down. (host: rack08-server75@lvm-1)
2022-04-14 04:42:06.423 11 WARNING cinder.scheduler.host_manager [req-fc11a797-a44e-4fc5-895a-05d8c3adb04a 516d6934192c46d9bc66e1ddfc184e30 - - - -] volume service is down. (host: rack08-server75@lvm-1)
2022-04-14 04:42:08.971 11 WARNING cinder.scheduler.host_manager [req-a360fce9-ad52-4b8d-845c-0b796f9bd8b6 516d6934192c46d9bc66e1ddfc184e30 - - - -] volume service is down. (host: rack08-server75@lvm-1)
2022-04-14 04:42:53.820 11 WARNING cinder.scheduler.host_manager [req-64d7d969-dc32-4176-900c-ff5a0245b682 3697d5423b3246d3ab33d779642ae154 - - - -] volume service is down. (host: rack08-server75@lvm-1)
2022-04-14 04:44:59.910 11 WARNING cinder.scheduler.host_manager [req-91b5bde1-9538-4cbd-83fe-bb0c3fd5f66e 88866d170a7b484bbc6eb219660546f8 - - - -] volume service is down. (host: rack08-server75@lvm-1)
2022-04-14 04:45:04.277 11 WARNING cinder.scheduler.host_manager [req-8c43101b-115e-4fa8-8da9-9f99f17603ba 95defe1c9fd6424593360794eb5d408d - - - -] volume service is down. (host: rack08-server75@lvm-1)
2022-04-14 04:45:15.047 11 WARNING cinder.scheduler.host_manager [req-054ce915-7df3-4790-8cb9-27448183810b 95defe1c9fd6424593360794eb5d408d - - - -] volume service is down. (host: rack08-server75@lvm-1)
2022-04-14 04:45:16.564 11 WARNING cinder.scheduler.host_manager [req-be9085bc-52f7-41d5-b590-ad09f44dc44a 95defe1c9fd6424593360794eb5d408d - - - -] volume service is down. (host: rack08-server75@lvm-1)
2022-04-14 04:45:18.921 11 WARNING cinder.scheduler.host_manager [req-0df196e7-17c8-473c-a978-e19d3939ebcd 95defe1c9fd6424593360794eb5d408d - - - -] volume service is down. (host: rack08-server75@lvm-1)
2022-04-14 04:45:21.218 11 WARNING cinder.scheduler.host_manager [req-39040e9c-6575-49e3-8e41-42fd225ec7fb 95defe1c9fd6424593360794eb5d408d - - - -] volume service is down. (host: rack08-server75@lvm-1)
2022-04-14 04:45:29.124 11 WARNING cinder.scheduler.host_manager [req-6912547f-6d5b-425c-8e9c-77420e6ac292 ceb7c14180cf435191fc91b7360a7651 - - - -] volume service is down. (host: rack08-server75@lvm-1)
2022-04-14 04:45:31.761 11 WARNING cinder.scheduler.host_manager [req-5a0320d8-9f45-4d57-a511-fb2801d1100a ceb7c14180cf435191fc91b7360a7651 - - - -] volume service is down. (host: rack08-server75@lvm-1)
2022-04-14 04:45:36.545 11 WARNING cinder.scheduler.host_manager [req-f42a4632-5c4c-4559-ae94-6b840138d6c7 ceb7c14180cf435191fc91b7360a7651 - - - -] volume service is down. (host: rack08-server75@lvm-1)
2022-04-14 04:45:39.010 11 WARNING cinder.scheduler.host_manager [req-09aa286c-cc56-4ac0-8154-b91ff56aa28e ceb7c14180cf435191fc91b7360a7651 - - - -] volume service is down. (host: rack08-server75@lvm-1)
2022-04-14 04:45:42.720 11 WARNING cinder.scheduler.host_manager [req-860b4e6a-e572-4f47-b078-62f9f17b27e0 ceb7c14180cf435191fc91b7360a7651 - - - -] volume service is down. (host: rack08-server75@lvm-1)
2022-04-14 04:45:47.865 11 WARNING cinder.scheduler.host_manager [req-e15b8360-1009-4dc0-bbe3-60bf762424c5 ceb7c14180cf435191fc91b7360a7651 - - - -] volume service is down. (host: rack08-server75@lvm-1)
2022-04-14 04:45:59.005 11 WARNING cinder.scheduler.host_manager [req-149dec5d-e380-4220-b692-28d03360263f ceb7c14180cf435191fc91b7360a7651 - - - -] volume service is down. (host: rack08-server75@lvm-1)
2022-04-14 04:48:54.936 11 WARNING cinder.scheduler.host_manager [req-8151866e-7769-4da7-a51a-670003099607 88866d170a7b484bbc6eb219660546f8 - - - -] volume service is down. (host: rack08-server75@lvm-1)
2022-04-14 04:51:01.536 11 WARNING cinder.scheduler.host_manager [req-e02d904b-c3f7-4605-bc7c-53d8a64938e9 88866d170a7b484bbc6eb219660546f8 - - - -] volume service is down. (host: rack08-server75@lvm-1)
2022-04-14 04:55:14.850 11 WARNING cinder.scheduler.host_manager [req-34d4c38d-9ceb-479f-bfe4-0cb1c4677444 1fb8e99eb24a40d7b3ade3024a341a00 - - - -] volume service is down. (host: rack08-server75@lvm-1)
2022-04-14 04:55:14.858 11 WARNING cinder.scheduler.host_manager [req-34d4c38d-9ceb-479f-bfe4-0cb1c4677444 1fb8e99eb24a40d7b3ade3024a341a00 - - - -] volume service is down. (host: rack08-server75@lvm-1)
2022-04-14 04:55:16.789 11 WARNING cinder.scheduler.host_manager [req-e48bf3e3-b625-4a03-a013-4c45f34f87e1 1fb8e99eb24a40d7b3ade3024a341a00 - - - -] volume service is down. (host: rack08-server75@lvm-1)
2022-04-14 04:55:21.470 11 WARNING cinder.scheduler.host_manager [req-c9f7c60a-d5eb-4752-b4b9-c16eb642cc9f 1fb8e99eb24a40d7b3ade3024a341a00 - - - -] volume service is down. (host: rack08-server75@lvm-1)
2022-04-14 04:55:27.250 11 WARNING cinder.scheduler.host_manager [req-d4d78736-1358-4183-b8cb-73ad9cad9b7d 1fb8e99eb24a40d7b3ade3024a341a00 - - - -] volume service is down. (host: rack08-server75@lvm-1)
2022-04-14 04:55:27.257 11 WARNING cinder.scheduler.host_manager [req-d4d78736-1358-4183-b8cb-73ad9cad9b7d 1fb8e99eb24a40d7b3ade3024a341a00 - - - -] volume service is down. (host: rack08-server75@lvm-1)
2022-04-14 04:55:28.727 11 WARNING cinder.scheduler.host_manager [req-f77d7dc8-b5e9-42d5-af42-2d7604a074c8 1fb8e99eb24a40d7b3ade3024a341a00 - - - -] volume service is down. (host: rack08-server75@lvm-1)
2022-04-14 04:55:31.280 11 WARNING cinder.scheduler.host_manager [req-45a7325c-6aaa-47d3-9355-d5170e09969b 1fb8e99eb24a40d7b3ade3024a341a00 - - - -] volume service is down. (host: rack08-server75@lvm-1)
2022-04-14 04:55:44.499 11 WARNING cinder.scheduler.host_manager [req-f07135b7-50d4-40ed-b0d1-747ab91c0bd9 1fb8e99eb24a40d7b3ade3024a341a00 - - - -] volume service is down. (host: rack08-server75@lvm-1)
2022-04-14 04:55:44.506 11 WARNING cinder.scheduler.host_manager [req-f07135b7-50d4-40ed-b0d1-747ab91c0bd9 1fb8e99eb24a40d7b3ade3024a341a00 - - - -] volume service is down. (host: rack08-server75@lvm-1)
2022-04-14 04:55:45.956 11 WARNING cinder.scheduler.host_manager [req-84e5c2c2-3032-48e3-b671-5dfc1ab71c1f 1fb8e99eb24a40d7b3ade3024a341a00 - - - -] volume service is down. (host: rack08-server75@lvm-1)
2022-04-14 04:56:03.773 11 WARNING cinder.scheduler.host_manager [req-23c22645-ce73-466d-bd20-ad0047717383 068abcfacb794fddaff8c19641cacfde - - - -] volume service is down. (host: rack08-server75@lvm-1)
2022-04-14 04:56:03.780 11 WARNING cinder.scheduler.host_manager [req-23c22645-ce73-466d-bd20-ad0047717383 068abcfacb794fddaff8c19641cacfde - - - -] volume service is down. (host: rack08-server75@lvm-1)
2022-04-14 04:56:04.980 11 WARNING cinder.scheduler.host_manager [req-a1068dff-cbcb-424b-aed9-f316ec979306 068abcfacb794fddaff8c19641cacfde - - - -] volume service is down. (host: rack08-server75@lvm-1)
2022-04-14 04:56:04.987 11 WARNING cinder.scheduler.host_manager [req-a1068dff-cbcb-424b-aed9-f316ec979306 068abcfacb794fddaff8c19641cacfde - - - -] volume service is down. (host: rack08-server75@lvm-1)
2022-04-14 04:56:06.481 11 WARNING cinder.scheduler.host_manager [req-1a8aa8a7-7228-4baa-be1d-a5d301168331 068abcfacb794fddaff8c19641cacfde - - - -] volume service is down. (host: rack08-server75@lvm-1)
2022-04-14 04:56:11.747 11 WARNING cinder.scheduler.host_manager [req-a4ca7b64-e10c-4b60-9dbb-0c48a13caec8 068abcfacb794fddaff8c19641cacfde - - - -] volume service is down. (host: rack08-server75@lvm-1)
2022-04-14 04:56:11.754 11 WARNING cinder.scheduler.host_manager [req-a4ca7b64-e10c-4b60-9dbb-0c48a13caec8 068abcfacb794fddaff8c19641cacfde - - - -] volume service is down. (host: rack08-server75@lvm-1)
2022-04-14 04:56:13.202 11 WARNING cinder.scheduler.host_manager [req-d9b9c93f-093d-4959-ab5c-67c7668cda50 068abcfacb794fddaff8c19641cacfde - - - -] volume service is down. (host: rack08-server75@lvm-1)
2022-04-14 04:56:15.752 11 WARNING cinder.scheduler.host_manager [req-5ed7f550-322f-48c4-b5fa-398c9748add3 068abcfacb794fddaff8c19641cacfde - - - -] volume service is down. (host: rack08-server75@lvm-1)
2022-04-14 04:56:27.622 11 WARNING cinder.scheduler.host_manager [req-58660abe-19d1-4911-a451-1a7644bef5eb 0303fa6502ba4fde81c37203374253f3 - - - -] volume service is down. (host: rack08-server75@lvm-1)
2022-04-14 04:56:27.623 11 INFO cinder.scheduler.base_filter [req-58660abe-19d1-4911-a451-1a7644bef5eb 0303fa6502ba4fde81c37203374253f3 - - - -] Filtering removed all hosts for the request with volume ID 'ed7b5192-e283-4d91-9380-470d859ba823'. Filter results: AvailabilityZoneFilter: (start: 1, end: 1), CapacityFilter: (start: 1, end: 1), CapabilitiesFilter: (start: 1, end: 0)
2022-04-14 04:56:27.623 11 WARNING cinder.scheduler.filter_scheduler [req-58660abe-19d1-4911-a451-1a7644bef5eb 0303fa6502ba4fde81c37203374253f3 - - - -] No weighed backend found for volume with properties: {'id': '48dbf93a-be81-468e-a4a6-ac5eb4250b21', 'name': 'tempest-UserMessagesTest-volume-type-1085436006', 'description': None, 'is_public': True, 'projects': [], 'extra_specs': {'storage_protocol': 'tempest-storage_protocol-2011720840', 'vendor_name': 'tempest-vendor_name-1885844057'}, 'qos_specs_id': None, 'created_at': '2022-04-14T01:56:27.000000', 'updated_at': None, 'deleted_at': None, 'deleted': False}
2022-04-14 04:56:27.624 11 INFO cinder.message.api [req-58660abe-19d1-4911-a451-1a7644bef5eb 0303fa6502ba4fde81c37203374253f3 - - - -] Creating message record for request_id = req-58660abe-19d1-4911-a451-1a7644bef5eb
2022-04-14 04:56:27.631 11 ERROR cinder.scheduler.flows.create_volume [req-58660abe-19d1-4911-a451-1a7644bef5eb 0303fa6502ba4fde81c37203374253f3 - - - -] Failed to run task cinder.scheduler.flows.create_volume.ScheduleCreateVolumeTask;volume:create: No valid backend was found. No weighed backends available: cinder.exception.NoValidBackend: No valid backend was found. No weighed backends available
2022-04-14 04:56:44.932 11 WARNING cinder.scheduler.host_manager [req-e45cfc65-1a0c-40a9-9fd7-3fa65de051ad ff445a898ac2452eb3aea31e90c46a1c - - - -] volume service is down. (host: rack08-server75@lvm-1)
2022-04-14 04:56:45.012 11 WARNING cinder.scheduler.host_manager [req-0c36ccb7-4827-4789-85ce-29b43967cab0 81bf901b2bde4cf6895f6bb2869285cd - - - -] volume service is down. (host: rack08-server75@lvm-1)
2022-04-14 04:56:45.455 11 WARNING cinder.scheduler.host_manager [req-3b5232db-fb25-47d6-bad1-3b01687f3f36 81bf901b2bde4cf6895f6bb2869285cd - - - -] volume service is down. (host: rack08-server75@lvm-1)
2022-04-14 04:56:45.896 11 WARNING cinder.scheduler.host_manager [req-a2f06922-769a-4605-b7c9-6fe705c5529c 81bf901b2bde4cf6895f6bb2869285cd - - - -] volume service is down. (host: rack08-server75@lvm-1)
2022-04-14 04:56:46.311 11 WARNING cinder.scheduler.host_manager [req-7356a47a-715b-4668-8e4e-cc29287d559d 81bf901b2bde4cf6895f6bb2869285cd - - - -] volume service is down. (host: rack08-server75@lvm-1)
2022-04-14 04:56:46.462 11 WARNING cinder.scheduler.host_manager [req-22e3bb32-35e5-4a14-932f-aee1efe2d536 ff445a898ac2452eb3aea31e90c46a1c - - - -] volume service is down. (host: rack08-server75@lvm-1)
2022-04-14 04:56:46.728 11 WARNING cinder.scheduler.host_manager [req-e532c894-f4f3-4d53-a0dc-7898b4db8017 81bf901b2bde4cf6895f6bb2869285cd - - - -] volume service is down. (host: rack08-server75@lvm-1)
2022-04-14 04:56:48.747 11 WARNING cinder.scheduler.host_manager [req-ed00cce9-dcb6-477b-a32c-4a9fc6681ef9 ff445a898ac2452eb3aea31e90c46a1c - - - -] volume service is down. (host: rack08-server75@lvm-1)
