Build Started 21_08_2024_14_09_41
2024-08-21 14:11:18.648 7 WARNING cinder.scheduler.host_manager [None req-270db812-b1b4-4eec-bf48-1a53d982116b 25d993e5afd64bf28813b7f052798c26 f4a9107f9a794010997c4150efaee86b - - - -] volume service is down. (host: rack04-server68@LIGHTOSboocrr)
2024-08-21 14:11:18.692 7 WARNING cinder.scheduler.host_manager [req-6790729a-4694-4bd1-92e9-3d2c4e28afa6 req-184187f9-23b9-45e3-a2a9-b26b86201c1a c98f086de9c6420ba7a34322feb4cae0 bc953820e7a24a93b1d0766bcfb960d9 - - - -] volume service is down. (host: rack04-server68@LIGHTOSboocrr)
2024-08-21 14:11:20.393 7 WARNING cinder.scheduler.host_manager [req-b1564087-19c2-4cb2-9b8f-4eea9078238b req-23ae3b6a-0e99-40d8-8fff-75a5d8473908 c98f086de9c6420ba7a34322feb4cae0 bc953820e7a24a93b1d0766bcfb960d9 - - - -] volume service is down. (host: rack04-server68@LIGHTOSboocrr)
2024-08-21 14:11:21.206 7 WARNING cinder.scheduler.host_manager [None req-b67de79a-6e2b-4278-9632-2737d5a14130 25d993e5afd64bf28813b7f052798c26 f4a9107f9a794010997c4150efaee86b - - - -] volume service is down. (host: rack04-server68@LIGHTOSboocrr)
2024-08-21 14:11:22.660 7 WARNING cinder.scheduler.host_manager [None req-842a1e1f-2de2-4c58-9160-6174050a8e8b 25d993e5afd64bf28813b7f052798c26 f4a9107f9a794010997c4150efaee86b - - - -] volume service is down. (host: rack04-server68@LIGHTOSboocrr)
2024-08-21 14:11:24.535 7 WARNING cinder.scheduler.host_manager [None req-71cda7ef-5458-436a-89da-b51f14cbc1aa 775c7d17f4414a5681ca414eed45d363 d84ab256d0f84a809a0608e08033303d - - - -] volume service is down. (host: rack04-server68@LIGHTOSboocrr)
2024-08-21 14:11:25.780 7 WARNING cinder.scheduler.host_manager [None req-e127a514-2804-4f94-87ea-342d93ace97d 775c7d17f4414a5681ca414eed45d363 d84ab256d0f84a809a0608e08033303d - - - -] volume service is down. (host: rack04-server68@LIGHTOSboocrr)
2024-08-21 14:11:28.314 7 WARNING cinder.scheduler.host_manager [None req-bbae39f9-ec74-4cd8-9941-cdeb638bb044 775c7d17f4414a5681ca414eed45d363 d84ab256d0f84a809a0608e08033303d - - - -] volume service is down. (host: rack04-server68@LIGHTOSboocrr)
2024-08-21 14:11:30.258 7 WARNING cinder.scheduler.host_manager [req-fa1c536b-8cc5-4fa1-a897-53f3eeda6a55 req-e084047e-1d03-41ee-9e7a-e66a152b1bbb b5579fa8e6544fa8b6339ac592d6e7e4 307085b04212400891ebb5207fc9d968 - - - -] volume service is down. (host: rack04-server68@LIGHTOSboocrr)
2024-08-21 14:11:32.936 7 WARNING cinder.scheduler.host_manager [None req-4da3056f-0631-4f34-99d9-742079856813 775c7d17f4414a5681ca414eed45d363 d84ab256d0f84a809a0608e08033303d - - - -] volume service is down. (host: rack04-server68@LIGHTOSboocrr)
2024-08-21 14:11:37.196 7 WARNING cinder.scheduler.host_manager [None req-dd8e0793-49c8-4501-99b0-6ab67d0ff8a2 e6ed82f24f9a4adb93be525cae8f08d9 f97f62c631054d1ea763470d2ed12853 - - - -] volume service is down. (host: rack04-server68@LIGHTOSboocrr)
2024-08-21 14:11:37.517 7 WARNING cinder.scheduler.host_manager [None req-91a6859a-b0f4-4eb7-88a3-b5620fa6cbe6 775c7d17f4414a5681ca414eed45d363 d84ab256d0f84a809a0608e08033303d - - - -] volume service is down. (host: rack04-server68@LIGHTOSboocrr)
2024-08-21 14:11:37.701 7 WARNING cinder.scheduler.host_manager [None req-de44d984-d619-49a3-9fe9-d32eaba280ad 12e5be2dee3a4c979581dc447746b096 2a9b9fa723594606bdd1e16427451537 - - - -] volume service is down. (host: rack04-server68@LIGHTOSboocrr)
2024-08-21 14:11:37.708 7 WARNING cinder.scheduler.host_manager [None req-de44d984-d619-49a3-9fe9-d32eaba280ad 12e5be2dee3a4c979581dc447746b096 2a9b9fa723594606bdd1e16427451537 - - - -] volume service is down. (host: rack04-server68@LIGHTOSboocrr)
2024-08-21 14:11:37.718 7 WARNING cinder.scheduler.host_manager [None req-8486ca58-3bbe-4666-83d7-582779fbb6c4 e6ed82f24f9a4adb93be525cae8f08d9 f97f62c631054d1ea763470d2ed12853 - - - -] volume service is down. (host: rack04-server68@LIGHTOSboocrr)
2024-08-21 14:11:39.096 7 WARNING cinder.scheduler.host_manager [None req-bdb02f56-8022-4052-a063-28ae0c973759 12e5be2dee3a4c979581dc447746b096 2a9b9fa723594606bdd1e16427451537 - - - -] volume service is down. (host: rack04-server68@LIGHTOSboocrr)
2024-08-21 14:11:42.138 7 WARNING cinder.scheduler.host_manager [None req-699c8ead-2ee2-4625-a975-4e81f737b4d3 775c7d17f4414a5681ca414eed45d363 d84ab256d0f84a809a0608e08033303d - - - -] volume service is down. (host: rack04-server68@LIGHTOSboocrr)
2024-08-21 14:11:42.824 7 WARNING cinder.scheduler.host_manager [None req-3a0e2a36-7b2a-4a79-b4f5-e81446da03bd 12e5be2dee3a4c979581dc447746b096 2a9b9fa723594606bdd1e16427451537 - - - -] volume service is down. (host: rack04-server68@LIGHTOSboocrr)
2024-08-21 14:11:43.708 7 WARNING cinder.scheduler.host_manager [None req-568dea94-129b-4306-ba5e-1fdf3a1c58e3 2494c63f179f4282b0dd6aabf673da8a 3d0e6974bd874f629fe0f8cfa37ef699 - - - -] volume service is down. (host: rack04-server68@LIGHTOSboocrr)
2024-08-21 14:11:43.716 7 WARNING cinder.scheduler.host_manager [None req-568dea94-129b-4306-ba5e-1fdf3a1c58e3 2494c63f179f4282b0dd6aabf673da8a 3d0e6974bd874f629fe0f8cfa37ef699 - - - -] volume service is down. (host: rack04-server68@LIGHTOSboocrr)
2024-08-21 14:11:45.097 7 WARNING cinder.scheduler.host_manager [None req-8ea07a14-dc46-43ee-bd3b-a2f9ba29808b 2494c63f179f4282b0dd6aabf673da8a 3d0e6974bd874f629fe0f8cfa37ef699 - - - -] volume service is down. (host: rack04-server68@LIGHTOSboocrr)
2024-08-21 14:11:54.350 7 WARNING cinder.scheduler.host_manager [None req-b46241f4-c65b-4369-819c-bd1c8b73bbd5 12e5be2dee3a4c979581dc447746b096 2a9b9fa723594606bdd1e16427451537 - - - -] volume service is down. (host: rack04-server68@LIGHTOSboocrr)
2024-08-21 14:11:54.356 7 WARNING cinder.scheduler.host_manager [None req-b46241f4-c65b-4369-819c-bd1c8b73bbd5 12e5be2dee3a4c979581dc447746b096 2a9b9fa723594606bdd1e16427451537 - - - -] volume service is down. (host: rack04-server68@LIGHTOSboocrr)
2024-08-21 14:11:55.696 7 WARNING cinder.scheduler.host_manager [None req-01dc145b-c875-4437-904d-7952a08f3ce0 12e5be2dee3a4c979581dc447746b096 2a9b9fa723594606bdd1e16427451537 - - - -] volume service is down. (host: rack04-server68@LIGHTOSboocrr)
2024-08-21 14:11:56.551 7 WARNING cinder.scheduler.host_manager [None req-3229bb74-0e6c-43bd-bfdc-7f0e3b22d2fb cfe1a9880f824bca94c95057076b1bad 9f4e755c56564382941a0313cf1e173b - - - -] volume service is down. (host: rack04-server68@LIGHTOSboocrr)
2024-08-21 14:11:56.551 7 INFO cinder.scheduler.base_filter [None req-3229bb74-0e6c-43bd-bfdc-7f0e3b22d2fb cfe1a9880f824bca94c95057076b1bad 9f4e755c56564382941a0313cf1e173b - - - -] Filtering removed all hosts for the request with volume ID '24d495b9-7c12-4e36-9861-fe8ed6d4d4fa'. Filter results: AvailabilityZoneFilter: (start: 1, end: 1), CapacityFilter: (start: 1, end: 1), CapabilitiesFilter: (start: 1, end: 0)
2024-08-21 14:11:56.552 7 WARNING cinder.scheduler.filter_scheduler [None req-3229bb74-0e6c-43bd-bfdc-7f0e3b22d2fb cfe1a9880f824bca94c95057076b1bad 9f4e755c56564382941a0313cf1e173b - - - -] No weighed backend found for volume with properties: {'id': '8eb67976-6958-4ec5-a5c9-4b9ae8bbc9d0', 'name': 'tempest-UserMessagesTest-volume-type-24477194', 'description': None, 'is_public': True, 'projects': [], 'extra_specs': {'storage_protocol': 'tempest-storage_protocol-688473470', 'vendor_name': 'tempest-vendor_name-1960948547'}, 'qos_specs_id': None, 'created_at': '2024-08-21T14:11:56.000000', 'updated_at': None, 'deleted_at': None, 'deleted': False}
2024-08-21 14:11:56.552 7 INFO cinder.message.api [None req-3229bb74-0e6c-43bd-bfdc-7f0e3b22d2fb cfe1a9880f824bca94c95057076b1bad 9f4e755c56564382941a0313cf1e173b - - - -] Creating message record for request_id = req-3229bb74-0e6c-43bd-bfdc-7f0e3b22d2fb
2024-08-21 14:11:56.556 7 ERROR cinder.scheduler.flows.create_volume [None req-3229bb74-0e6c-43bd-bfdc-7f0e3b22d2fb cfe1a9880f824bca94c95057076b1bad 9f4e755c56564382941a0313cf1e173b - - - -] Failed to run task cinder.scheduler.flows.create_volume.ScheduleCreateVolumeTask;volume:create: No valid backend was found. No weighed backends available: cinder.exception.NoValidBackend: No valid backend was found. No weighed backends available
2024-08-21 14:11:57.173 7 WARNING cinder.scheduler.host_manager [None req-3c872274-16cc-4b51-b602-0451c9412b74 12e5be2dee3a4c979581dc447746b096 2a9b9fa723594606bdd1e16427451537 - - - -] volume service is down. (host: rack04-server68@LIGHTOSboocrr)
2024-08-21 14:11:57.910 7 WARNING cinder.scheduler.host_manager [None req-2b52728e-f9c2-44b3-a09e-4ed65913195c 908c0aa089ef4e75bc1dd555616b35ae d507be16ccce487b829638196127274d - - - -] volume service is down. (host: rack04-server68@LIGHTOSboocrr)
2024-08-21 14:11:57.917 7 WARNING cinder.scheduler.host_manager [None req-2b52728e-f9c2-44b3-a09e-4ed65913195c 908c0aa089ef4e75bc1dd555616b35ae d507be16ccce487b829638196127274d - - - -] volume service is down. (host: rack04-server68@LIGHTOSboocrr)
2024-08-21 14:11:58.506 7 WARNING cinder.scheduler.host_manager [None req-8b87e47c-7d99-43bc-bcd1-22af1edbe043 cfe1a9880f824bca94c95057076b1bad 9f4e755c56564382941a0313cf1e173b - - - -] volume service is down. (host: rack04-server68@LIGHTOSboocrr)
2024-08-21 14:11:58.506 7 INFO cinder.scheduler.base_filter [None req-8b87e47c-7d99-43bc-bcd1-22af1edbe043 cfe1a9880f824bca94c95057076b1bad 9f4e755c56564382941a0313cf1e173b - - - -] Filtering removed all hosts for the request with volume ID '066a1b9e-67c7-4649-8b8a-25955167c864'. Filter results: AvailabilityZoneFilter: (start: 1, end: 1), CapacityFilter: (start: 1, end: 1), CapabilitiesFilter: (start: 1, end: 0)
2024-08-21 14:11:58.507 7 WARNING cinder.scheduler.filter_scheduler [None req-8b87e47c-7d99-43bc-bcd1-22af1edbe043 cfe1a9880f824bca94c95057076b1bad 9f4e755c56564382941a0313cf1e173b - - - -] No weighed backend found for volume with properties: {'id': 'bbe1bf85-5c62-404a-8347-50b8f076d4bb', 'name': 'tempest-UserMessagesTest-volume-type-1879452646', 'description': None, 'is_public': True, 'projects': [], 'extra_specs': {'storage_protocol': 'tempest-storage_protocol-377530789', 'vendor_name': 'tempest-vendor_name-1721514227'}, 'qos_specs_id': None, 'created_at': '2024-08-21T14:11:58.000000', 'updated_at': None, 'deleted_at': None, 'deleted': False}
2024-08-21 14:11:58.507 7 INFO cinder.message.api [None req-8b87e47c-7d99-43bc-bcd1-22af1edbe043 cfe1a9880f824bca94c95057076b1bad 9f4e755c56564382941a0313cf1e173b - - - -] Creating message record for request_id = req-8b87e47c-7d99-43bc-bcd1-22af1edbe043
2024-08-21 14:11:58.510 7 ERROR cinder.scheduler.flows.create_volume [None req-8b87e47c-7d99-43bc-bcd1-22af1edbe043 cfe1a9880f824bca94c95057076b1bad 9f4e755c56564382941a0313cf1e173b - - - -] Failed to run task cinder.scheduler.flows.create_volume.ScheduleCreateVolumeTask;volume:create: No valid backend was found. No weighed backends available: cinder.exception.NoValidBackend: No valid backend was found. No weighed backends available
2024-08-21 14:11:59.265 7 WARNING cinder.scheduler.host_manager [None req-1fd72440-c29c-4eb1-a2c7-9d22918d28bc 908c0aa089ef4e75bc1dd555616b35ae d507be16ccce487b829638196127274d - - - -] volume service is down. (host: rack04-server68@LIGHTOSboocrr)
2024-08-21 14:12:00.553 7 WARNING cinder.scheduler.host_manager [None req-5db6b40f-8b0d-49c6-9c67-fa885e30f9dc 908c0aa089ef4e75bc1dd555616b35ae d507be16ccce487b829638196127274d - - - -] volume service is down. (host: rack04-server68@LIGHTOSboocrr)
2024-08-21 14:12:04.374 7 WARNING cinder.scheduler.host_manager [None req-a7e434b7-715b-45e0-91cb-2ca6787d1ea5 df5264f678f544bfbf26d0fed40c1f82 ce4eafa4e3fa4739a9f8047bb403678b - - - -] volume service is down. (host: rack04-server68@LIGHTOSboocrr)
2024-08-21 14:12:12.924 7 WARNING cinder.scheduler.host_manager [None req-443b8248-534c-4889-9561-466fc55dead5 4f3e818c389c48eab237e30f9a48b238 c3104765bbb241158e6dcd01bc87a39a - - - -] volume service is down. (host: rack04-server68@LIGHTOSboocrr)
2024-08-21 14:12:12.931 7 WARNING cinder.scheduler.host_manager [None req-443b8248-534c-4889-9561-466fc55dead5 4f3e818c389c48eab237e30f9a48b238 c3104765bbb241158e6dcd01bc87a39a - - - -] volume service is down. (host: rack04-server68@LIGHTOSboocrr)
2024-08-21 14:12:14.646 7 WARNING cinder.scheduler.host_manager [None req-be8937e6-b288-4447-91fe-28edb76546e0 12e5be2dee3a4c979581dc447746b096 2a9b9fa723594606bdd1e16427451537 - - - -] volume service is down. (host: rack04-server68@LIGHTOSboocrr)
2024-08-21 14:12:14.652 7 WARNING cinder.scheduler.host_manager [None req-be8937e6-b288-4447-91fe-28edb76546e0 12e5be2dee3a4c979581dc447746b096 2a9b9fa723594606bdd1e16427451537 - - - -] volume service is down. (host: rack04-server68@LIGHTOSboocrr)
2024-08-21 14:12:16.001 7 WARNING cinder.scheduler.host_manager [None req-3cb83e43-610c-40bb-a2a6-b8b5111d830c 12e5be2dee3a4c979581dc447746b096 2a9b9fa723594606bdd1e16427451537 - - - -] volume service is down. (host: rack04-server68@LIGHTOSboocrr)
2024-08-21 14:12:26.007 7 WARNING cinder.scheduler.host_manager [None req-1aca9296-b914-4866-8112-5377e242ad6c faffca6605f64ca4bf3f83c98a657c29 234258c18a8b4639a7e3ee32af73d86b - - - -] volume service is down. (host: rack04-server68@LIGHTOSboocrr)
2024-08-21 14:12:27.477 7 WARNING cinder.scheduler.host_manager [None req-a7e5cbd7-596f-4e7e-bca4-eb85a459baa0 faffca6605f64ca4bf3f83c98a657c29 234258c18a8b4639a7e3ee32af73d86b - - - -] volume service is down. (host: rack04-server68@LIGHTOSboocrr)
2024-08-21 14:12:28.901 7 WARNING cinder.scheduler.host_manager [None req-91db8457-d977-4aa2-98a5-aecb367d8f4e faffca6605f64ca4bf3f83c98a657c29 234258c18a8b4639a7e3ee32af73d86b - - - -] volume service is down. (host: rack04-server68@LIGHTOSboocrr)
2024-08-21 14:12:29.368 7 WARNING cinder.scheduler.host_manager [None req-1c0ff7fb-d660-4c2e-ac4d-b79eccd3f3a1 9737376f055746bfb4bc48345c1e2861 96cc4c9d992f4c6982175c154f3424eb - - - -] volume service is down. (host: rack04-server68@LIGHTOSboocrr)
2024-08-21 14:12:30.531 7 WARNING cinder.scheduler.host_manager [None req-86797dd7-43f9-49c5-bbff-74974fc9104f a2dc33590b7f4a5ca92e28a81a79e784 5af3540eebb442f5b811e2aee34c2020 - - - -] volume service is down. (host: rack04-server68@LIGHTOSboocrr)
2024-08-21 14:12:32.621 7 WARNING cinder.scheduler.host_manager [None req-4b617c7b-2c32-4f75-a8c1-5915d90bd5d7 8dcef4ebedb241d3b977e84afb9d8110 b8842d19ce914635a8a409d5cffe667a - - - -] volume service is down. (host: rack04-server68@LIGHTOSboocrr)
2024-08-21 14:12:32.627 7 WARNING cinder.scheduler.host_manager [None req-4b617c7b-2c32-4f75-a8c1-5915d90bd5d7 8dcef4ebedb241d3b977e84afb9d8110 b8842d19ce914635a8a409d5cffe667a - - - -] volume service is down. (host: rack04-server68@LIGHTOSboocrr)
2024-08-21 14:12:33.828 7 WARNING cinder.scheduler.host_manager [None req-49ba3875-6fe0-45c7-a0af-1cd1bfd4e57d 8dcef4ebedb241d3b977e84afb9d8110 b8842d19ce914635a8a409d5cffe667a - - - -] volume service is down. (host: rack04-server68@LIGHTOSboocrr)
2024-08-21 14:12:33.834 7 WARNING cinder.scheduler.host_manager [None req-49ba3875-6fe0-45c7-a0af-1cd1bfd4e57d 8dcef4ebedb241d3b977e84afb9d8110 b8842d19ce914635a8a409d5cffe667a - - - -] volume service is down. (host: rack04-server68@LIGHTOSboocrr)
2024-08-21 14:12:35.202 7 WARNING cinder.scheduler.host_manager [None req-e1d6769b-ab29-4144-986a-f0081eb581fb 8dcef4ebedb241d3b977e84afb9d8110 b8842d19ce914635a8a409d5cffe667a - - - -] volume service is down. (host: rack04-server68@LIGHTOSboocrr)
2024-08-21 14:12:40.511 7 WARNING cinder.scheduler.host_manager [None req-07091bdb-c917-4976-a9a0-2b62a2179f2d 8dcef4ebedb241d3b977e84afb9d8110 b8842d19ce914635a8a409d5cffe667a - - - -] volume service is down. (host: rack04-server68@LIGHTOSboocrr)
2024-08-21 14:12:40.517 7 WARNING cinder.scheduler.host_manager [None req-07091bdb-c917-4976-a9a0-2b62a2179f2d 8dcef4ebedb241d3b977e84afb9d8110 b8842d19ce914635a8a409d5cffe667a - - - -] volume service is down. (host: rack04-server68@LIGHTOSboocrr)
2024-08-21 14:12:41.884 7 WARNING cinder.scheduler.host_manager [None req-d7678d35-a01f-4e02-aaec-5da76c8463f7 8dcef4ebedb241d3b977e84afb9d8110 b8842d19ce914635a8a409d5cffe667a - - - -] volume service is down. (host: rack04-server68@LIGHTOSboocrr)
2024-08-21 14:12:42.674 7 WARNING cinder.scheduler.host_manager [None req-bed39c1b-0970-45c5-9cb7-329d2cdbda19 295fbdc19fea4f5a88db30802bffa878 293c19df69e2401c99f265cd1b32c781 - - - -] volume service is down. (host: rack04-server68@LIGHTOSboocrr)
2024-08-21 14:12:43.583 7 WARNING cinder.scheduler.host_manager [None req-36ab25e5-c033-47d6-a5c6-03acbd92d40f 8dcef4ebedb241d3b977e84afb9d8110 b8842d19ce914635a8a409d5cffe667a - - - -] volume service is down. (host: rack04-server68@LIGHTOSboocrr)
2024-08-21 14:12:47.990 7 WARNING cinder.scheduler.host_manager [None req-b0798193-8c7c-4bc6-b81c-c965f7cc3c32 590bebf963724423869bf9272e8bdfa3 5bdd94fc6a9147018525d4b2d774c55c - - - -] volume service is down. (host: rack04-server68@LIGHTOSboocrr)
2024-08-21 14:12:49.251 7 WARNING cinder.scheduler.host_manager [None req-aebd6fc8-5814-4a98-8c18-5cae5266adfe 590bebf963724423869bf9272e8bdfa3 5bdd94fc6a9147018525d4b2d774c55c - - - -] volume service is down. (host: rack04-server68@LIGHTOSboocrr)
2024-08-21 14:12:51.471 7 WARNING cinder.scheduler.host_manager [None req-d6f78225-5b99-4947-ac09-4904e9497c35 6219b12f8e544f12beadc5f34361336f b3b42627a6b54ac5822ebd0c04afa28b - - - -] volume service is down. (host: rack04-server68@LIGHTOSboocrr)
2024-08-21 14:12:55.772 7 WARNING cinder.scheduler.host_manager [None req-3eddc6d8-9712-4bad-85db-dc898878348c c9d3b1e4fba548ddac48d2682fe6ed0f 08d0fcf9ae274ee2b9940038a91776ef - - - -] volume service is down. (host: rack04-server68@LIGHTOSboocrr)
2024-08-21 14:12:56.924 7 WARNING cinder.scheduler.host_manager [None req-a850464e-53ff-4dd5-bca9-aa7e1d10e01c 6219b12f8e544f12beadc5f34361336f b3b42627a6b54ac5822ebd0c04afa28b - - - -] volume service is down. (host: rack04-server68@LIGHTOSboocrr)
2024-08-21 14:12:58.746 7 WARNING cinder.scheduler.host_manager [None req-c6b99bb1-ce32-4f7f-b35d-d6908ca0757f da159121ddc544ab98e8de3a4dd7244c 471e3b330cda4c6d8bf5c45f00068694 - - - -] volume service is down. (host: rack04-server68@LIGHTOSboocrr)
2024-08-21 14:13:00.010 7 WARNING cinder.scheduler.host_manager [None req-f373f047-236f-4889-a8b0-b7e9051cc2c9 da159121ddc544ab98e8de3a4dd7244c 471e3b330cda4c6d8bf5c45f00068694 - - - -] volume service is down. (host: rack04-server68@LIGHTOSboocrr)
2024-08-21 14:13:02.267 7 WARNING cinder.scheduler.host_manager [None req-29694ec7-45f1-42fb-9d45-dae3ba50cebd da159121ddc544ab98e8de3a4dd7244c 471e3b330cda4c6d8bf5c45f00068694 - - - -] volume service is down. (host: rack04-server68@LIGHTOSboocrr)
2024-08-21 14:13:03.652 7 WARNING cinder.scheduler.host_manager [None req-39e55d84-96c0-4ad9-9dee-80711fa1a256 e570341034fe4f3e8540962ae191edc4 eb189e9bafb248a2a8154b2ec8903046 - - - -] volume service is down. (host: rack04-server68@LIGHTOSboocrr)
2024-08-21 14:13:08.141 7 WARNING cinder.scheduler.host_manager [None req-d001edce-0467-4afe-a1a3-79b9c5db7499 dd2d8e2254bd4d90b20992a1dfdf8dda cba664ad4f9748be8bdf32458bdc7e66 - - - -] volume service is down. (host: rack04-server68@LIGHTOSboocrr)
2024-08-21 14:13:10.193 7 WARNING cinder.scheduler.host_manager [None req-7271271e-adbd-4a76-859f-28b195a9a82a da159121ddc544ab98e8de3a4dd7244c 471e3b330cda4c6d8bf5c45f00068694 - - - -] volume service is down. (host: rack04-server68@LIGHTOSboocrr)
2024-08-21 14:13:11.258 7 WARNING cinder.scheduler.host_manager [None req-100d01fe-9d9b-4a98-99df-f2b4e6ecded0 e570341034fe4f3e8540962ae191edc4 eb189e9bafb248a2a8154b2ec8903046 - - - -] volume service is down. (host: rack04-server68@LIGHTOSboocrr)
2024-08-21 14:13:11.470 7 WARNING cinder.scheduler.host_manager [None req-2e4977af-410d-4ee8-9c19-e2a74f3c3928 da159121ddc544ab98e8de3a4dd7244c 471e3b330cda4c6d8bf5c45f00068694 - - - -] volume service is down. (host: rack04-server68@LIGHTOSboocrr)
2024-08-21 14:13:12.901 7 WARNING cinder.scheduler.host_manager [None req-8e368a30-a9dd-43c0-bced-8e43d6804954 dd2d8e2254bd4d90b20992a1dfdf8dda cba664ad4f9748be8bdf32458bdc7e66 - - - -] volume service is down. (host: rack04-server68@LIGHTOSboocrr)
2024-08-21 14:13:13.868 7 WARNING cinder.scheduler.host_manager [None req-802904d6-8281-4942-a0f0-75019e68f9c9 da159121ddc544ab98e8de3a4dd7244c 471e3b330cda4c6d8bf5c45f00068694 - - - -] volume service is down. (host: rack04-server68@LIGHTOSboocrr)
2024-08-21 14:13:17.048 7 WARNING cinder.scheduler.host_manager [None req-dd40db66-7c41-4ee5-95b1-8fe5d8e38e90 e570341034fe4f3e8540962ae191edc4 eb189e9bafb248a2a8154b2ec8903046 - - - -] volume service is down. (host: rack04-server68@LIGHTOSboocrr)
2024-08-21 14:13:18.296 7 WARNING cinder.scheduler.host_manager [None req-34a5e800-4b88-4b15-ad82-f656a287310a e570341034fe4f3e8540962ae191edc4 eb189e9bafb248a2a8154b2ec8903046 - - - -] volume service is down. (host: rack04-server68@LIGHTOSboocrr)
2024-08-21 14:13:20.573 7 WARNING cinder.scheduler.host_manager [None req-3797da28-e45b-434a-94df-fb565c233768 e570341034fe4f3e8540962ae191edc4 eb189e9bafb248a2a8154b2ec8903046 - - - -] volume service is down. (host: rack04-server68@LIGHTOSboocrr)
2024-08-21 14:13:22.693 7 WARNING cinder.scheduler.host_manager [None req-26121b88-4ad4-453e-89fd-8f4f3c4977cd 76bc6b7ad3794ef0a494973fd3083828 f423708326db4d1f85d5ca671ebba9bb - - - -] volume service is down. (host: rack04-server68@LIGHTOSboocrr)
2024-08-21 14:13:25.153 7 WARNING cinder.scheduler.host_manager [None req-62915d12-3b00-4e5b-9da8-495183c556b2 76bc6b7ad3794ef0a494973fd3083828 f423708326db4d1f85d5ca671ebba9bb - - - -] volume service is down. (host: rack04-server68@LIGHTOSboocrr)
2024-08-21 14:13:28.188 7 WARNING cinder.scheduler.host_manager [None req-12a47e6c-ceae-4f1a-83b0-093bdeebeff5 b888c9ec36c940a18295e8e76c87349f b35ebfece06b4baaa729d969dadd7cc8 - - - -] volume service is down. (host: rack04-server68@LIGHTOSboocrr)
2024-08-21 14:13:29.515 7 WARNING cinder.scheduler.host_manager [None req-45069847-f6c4-4c88-bce5-4e07a976a23f 7d35be1f875f476b861e6444aa2ac6cf 3f46479299494ea4b79ffcf051ab9bdd - - - -] volume service is down. (host: rack04-server68@LIGHTOSboocrr)
2024-08-21 14:13:31.128 7 WARNING cinder.scheduler.host_manager [None req-a0566a70-6d75-4db2-b454-a7f28e78ef25 7d35be1f875f476b861e6444aa2ac6cf 3f46479299494ea4b79ffcf051ab9bdd - - - -] volume service is down. (host: rack04-server68@LIGHTOSboocrr)
2024-08-21 14:13:32.783 7 WARNING cinder.scheduler.host_manager [None req-b2b41849-5d34-4594-828c-fed2e5833150 b078f93e647a4ab2a6455dd0fe9016f6 e96400d00ab842baa80415cb01eb39a5 - - - -] volume service is down. (host: rack04-server68@LIGHTOSboocrr)
2024-08-21 14:13:33.553 7 WARNING cinder.scheduler.host_manager [None req-8872eba0-3c75-47bc-ab37-de3846e5d33d b888c9ec36c940a18295e8e76c87349f b35ebfece06b4baaa729d969dadd7cc8 - - - -] volume service is down. (host: rack04-server68@LIGHTOSboocrr)
2024-08-21 14:13:34.050 7 WARNING cinder.scheduler.host_manager [None req-e0864fe1-85ef-4fcc-b70b-b3d1a2a4456f b078f93e647a4ab2a6455dd0fe9016f6 e96400d00ab842baa80415cb01eb39a5 - - - -] volume service is down. (host: rack04-server68@LIGHTOSboocrr)
2024-08-21 14:13:36.990 7 WARNING cinder.scheduler.host_manager [None req-90d2274f-f0e7-4998-8ce5-214fc1a94bec 7d35be1f875f476b861e6444aa2ac6cf 3f46479299494ea4b79ffcf051ab9bdd - - - -] volume service is down. (host: rack04-server68@LIGHTOSboocrr)
2024-08-21 14:13:38.390 7 WARNING cinder.scheduler.host_manager [None req-4fe8264d-91af-4daf-a0e6-562fc5ef5736 7d35be1f875f476b861e6444aa2ac6cf 3f46479299494ea4b79ffcf051ab9bdd - - - -] volume service is down. (host: rack04-server68@LIGHTOSboocrr)
2024-08-21 14:13:42.067 7 WARNING cinder.scheduler.host_manager [None req-320dd233-fe41-4bee-aa51-6a118dba5f73 7d35be1f875f476b861e6444aa2ac6cf 3f46479299494ea4b79ffcf051ab9bdd - - - -] volume service is down. (host: rack04-server68@LIGHTOSboocrr)
2024-08-21 14:13:42.158 7 WARNING cinder.scheduler.host_manager [None req-410ae078-7413-44b8-9585-9f6994724c08 543a7f1fdf894502a3d60dafd86e50d9 f466995f7103449ab0f0c50054a82e90 - - - -] volume service is down. (host: rack04-server68@LIGHTOSboocrr)
2024-08-21 14:13:48.757 7 WARNING cinder.scheduler.host_manager [None req-f670a734-b8f6-4a6a-acf2-78f191839b1d 543a7f1fdf894502a3d60dafd86e50d9 f466995f7103449ab0f0c50054a82e90 - - - -] volume service is down. (host: rack04-server68@LIGHTOSboocrr)
2024-08-21 14:13:51.304 7 WARNING cinder.scheduler.host_manager [None req-5f2cc66c-b1d8-4319-b555-4f82500ddf96 7d35be1f875f476b861e6444aa2ac6cf 3f46479299494ea4b79ffcf051ab9bdd - - - -] volume service is down. (host: rack04-server68@LIGHTOSboocrr)
2024-08-21 14:13:52.401 7 WARNING cinder.scheduler.host_manager [None req-6d839675-b3b4-4d13-ba4f-f36f17b26b01 89a4f162915e41caa460b1458dc65e7f 465bcce1b2a943139cb5387c3423cae5 - - - -] volume service is down. (host: rack04-server68@LIGHTOSboocrr)
2024-08-21 14:13:55.353 7 WARNING cinder.scheduler.host_manager [None req-64cb5097-3d0d-440e-88a4-3827ad11f758 3395744d02884f2f96514d7ea4c8d8f6 3606f0f1cf8840bfa2899ad6e105fad4 - - - -] volume service is down. (host: rack04-server68@LIGHTOSboocrr)
2024-08-21 14:13:58.179 7 WARNING cinder.scheduler.host_manager [None req-2be5dde9-e920-4c65-99ff-8781211ee087 7d35be1f875f476b861e6444aa2ac6cf 3f46479299494ea4b79ffcf051ab9bdd - - - -] volume service is down. (host: rack04-server68@LIGHTOSboocrr)
2024-08-21 14:14:01.973 7 WARNING cinder.scheduler.host_manager [None req-4bd242fc-d654-47fe-b21e-aaa6fe36282e 3395744d02884f2f96514d7ea4c8d8f6 3606f0f1cf8840bfa2899ad6e105fad4 - - - -] volume service is down. (host: rack04-server68@LIGHTOSboocrr)
2024-08-21 14:14:05.786 7 WARNING cinder.scheduler.host_manager [None req-2473fe5a-cade-48bc-83ed-f0a3a41aa8ff e40da368458449b5af34fff5ae9df828 26d6eca751a446d99abf00b846e6d6da - - - -] volume service is down. (host: rack04-server68@LIGHTOSboocrr)
2024-08-21 14:14:09.275 7 WARNING cinder.scheduler.host_manager [None req-7b6ef4f8-62b7-46fd-ae36-8c277ae934d4 4fae8227669f4708980dbbd1cd947bef 2d4e270715e2465086dc8e26dc0db9c0 - - - -] volume service is down. (host: rack04-server68@LIGHTOSboocrr)
2024-08-21 14:14:10.014 7 WARNING cinder.scheduler.host_manager [None req-435e87d4-66db-4c29-9fc6-6e4aaf061b06 3395744d02884f2f96514d7ea4c8d8f6 3606f0f1cf8840bfa2899ad6e105fad4 - - - -] volume service is down. (host: rack04-server68@LIGHTOSboocrr)
2024-08-21 14:14:10.521 7 WARNING cinder.scheduler.host_manager [None req-63a980fb-024b-4092-8df9-f80eec296ba4 4fae8227669f4708980dbbd1cd947bef 2d4e270715e2465086dc8e26dc0db9c0 - - - -] volume service is down. (host: rack04-server68@LIGHTOSboocrr)
2024-08-21 14:14:11.410 7 WARNING cinder.scheduler.host_manager [None req-483365a4-e45f-4f83-a0c7-9fb4c372bbce 3395744d02884f2f96514d7ea4c8d8f6 3606f0f1cf8840bfa2899ad6e105fad4 - - - -] volume service is down. (host: rack04-server68@LIGHTOSboocrr)
2024-08-21 14:14:12.382 7 WARNING cinder.scheduler.host_manager [None req-b85be62b-2a73-42cd-a32c-b2ca3eacfe01 089b15f054bf4ce0a0442085ff3eacc6 a09074baf38c4b4b8adaf072f56b4441 - - - -] volume service is down. (host: rack04-server68@LIGHTOSboocrr)
2024-08-21 14:14:13.816 7 WARNING cinder.scheduler.host_manager [None req-068e2465-4f5a-4a63-b136-f20a33b56580 089b15f054bf4ce0a0442085ff3eacc6 a09074baf38c4b4b8adaf072f56b4441 - - - -] volume service is down. (host: rack04-server68@LIGHTOSboocrr)
2024-08-21 14:14:15.258 7 WARNING cinder.scheduler.host_manager [None req-55bcd176-1481-4857-aee4-12b1eef46b81 089b15f054bf4ce0a0442085ff3eacc6 a09074baf38c4b4b8adaf072f56b4441 - - - -] volume service is down. (host: rack04-server68@LIGHTOSboocrr)
2024-08-21 14:14:23.568 7 WARNING cinder.scheduler.host_manager [None req-1831bb01-dbd6-4da7-800c-a35ac7b758b0 0158837d50cf4bf1bf11b215a90ae21b 45c09abbc6cb4e3e84f88075a8daf2ce - - - -] volume service is down. (host: rack04-server68@LIGHTOSboocrr)
2024-08-21 14:14:26.853 7 WARNING cinder.scheduler.host_manager [None req-66680bc5-ca22-4338-897a-a343c286b63c 8224bacce9c6438290108c874dfb3f9b eeb5e042b1364524b6c4587faf5aeeca - - - -] volume service is down. (host: rack04-server68@LIGHTOSboocrr)
2024-08-21 14:14:31.397 7 WARNING cinder.scheduler.host_manager [None req-b71855e0-7b76-4c65-baef-f6c938f3c7aa 74d34526fd2f49eb8a3003ab8c8c0245 a16a74595bea4f0bb91ecbabec27c8bb - - - -] volume service is down. (host: rack04-server68@LIGHTOSboocrr)
2024-08-21 14:14:32.719 7 WARNING cinder.scheduler.host_manager [None req-355de2c2-17c9-4a6e-8aa4-1e7ca624d69e 74d34526fd2f49eb8a3003ab8c8c0245 a16a74595bea4f0bb91ecbabec27c8bb - - - -] volume service is down. (host: rack04-server68@LIGHTOSboocrr)
2024-08-21 14:14:35.008 7 WARNING cinder.scheduler.host_manager [None req-14dd8210-92d8-4898-a401-958469ef1a97 74d34526fd2f49eb8a3003ab8c8c0245 a16a74595bea4f0bb91ecbabec27c8bb - - - -] volume service is down. (host: rack04-server68@LIGHTOSboocrr)
2024-08-21 14:14:37.262 7 WARNING cinder.scheduler.host_manager [None req-584d3f10-35a1-47df-87b3-b1df5ae35f5a 74d34526fd2f49eb8a3003ab8c8c0245 a16a74595bea4f0bb91ecbabec27c8bb - - - -] volume service is down. (host: rack04-server68@LIGHTOSboocrr)
2024-08-21 14:14:55.596 7 WARNING cinder.scheduler.host_manager [None req-ff625d33-318f-4468-bf1c-aa42ad554f03 f57a2b0b640441deb294e79f1179936c 4187d6024b5e4dcb81a3323ceb03b5e5 - - - -] volume service is down. (host: rack04-server68@LIGHTOSboocrr)
2024-08-21 14:14:55.599 7 WARNING cinder.scheduler.host_manager [None req-f9fcc09a-c8c3-4233-ba89-7fafc05d0e07 c5876b24151e4852a586b45374ce269b 743e1b38d5e34dcdbc434fbfb7368256 - - - -] volume service is down. (host: rack04-server68@LIGHTOSboocrr)
2024-08-21 14:14:55.644 7 WARNING cinder.scheduler.host_manager [None req-e591bbcf-201d-477a-b629-921d25566e48 398ca6d7261741cca7769738802150b1 931a5acea0574913822a739f74954f5d - - - -] volume service is down. (host: rack04-server68@LIGHTOSboocrr)
2024-08-21 14:14:55.845 7 WARNING cinder.scheduler.host_manager [None req-348e9777-bbe1-4c98-b861-dd9c5b4053b1 c5876b24151e4852a586b45374ce269b 743e1b38d5e34dcdbc434fbfb7368256 - - - -] volume service is down. (host: rack04-server68@LIGHTOSboocrr)
2024-08-21 14:14:56.096 7 WARNING cinder.scheduler.host_manager [None req-10aa8831-80ed-4ecb-88c6-dc1341aedbe9 c5876b24151e4852a586b45374ce269b 743e1b38d5e34dcdbc434fbfb7368256 - - - -] volume service is down. (host: rack04-server68@LIGHTOSboocrr)
2024-08-21 14:14:56.313 7 WARNING cinder.scheduler.host_manager [None req-5a25f850-d613-4b95-8706-5baed7f7e55c c5876b24151e4852a586b45374ce269b 743e1b38d5e34dcdbc434fbfb7368256 - - - -] volume service is down. (host: rack04-server68@LIGHTOSboocrr)
2024-08-21 14:14:56.580 7 WARNING cinder.scheduler.host_manager [None req-fe58c22a-786c-43e9-aeb1-6ba90b899316 c5876b24151e4852a586b45374ce269b 743e1b38d5e34dcdbc434fbfb7368256 - - - -] volume service is down. (host: rack04-server68@LIGHTOSboocrr)
2024-08-21 14:14:57.999 7 WARNING cinder.scheduler.host_manager [None req-bd965a49-dd60-4afb-aa5f-fec64268b53f f57a2b0b640441deb294e79f1179936c 4187d6024b5e4dcb81a3323ceb03b5e5 - - - -] volume service is down. (host: rack04-server68@LIGHTOSboocrr)
2024-08-21 14:14:58.157 7 WARNING cinder.scheduler.host_manager [None req-f5627001-9942-49ff-8949-18b7e2b49a43 398ca6d7261741cca7769738802150b1 931a5acea0574913822a739f74954f5d - - - -] volume service is down. (host: rack04-server68@LIGHTOSboocrr)
2024-08-21 14:14:58.254 7 WARNING cinder.scheduler.host_manager [None req-e6680db1-56dd-4b79-ac36-3bc2e6484abe f57a2b0b640441deb294e79f1179936c 4187d6024b5e4dcb81a3323ceb03b5e5 - - - -] volume service is down. (host: rack04-server68@LIGHTOSboocrr)
2024-08-21 14:14:58.485 7 WARNING cinder.scheduler.host_manager [None req-9d99fc6f-733d-4adc-8db2-e1bf4221b591 f57a2b0b640441deb294e79f1179936c 4187d6024b5e4dcb81a3323ceb03b5e5 - - - -] volume service is down. (host: rack04-server68@LIGHTOSboocrr)
2024-08-21 14:14:58.721 7 WARNING cinder.scheduler.host_manager [None req-4b053de1-1f3e-4b07-b036-727d22df132f f57a2b0b640441deb294e79f1179936c 4187d6024b5e4dcb81a3323ceb03b5e5 - - - -] volume service is down. (host: rack04-server68@LIGHTOSboocrr)
2024-08-21 14:14:58.964 7 WARNING cinder.scheduler.host_manager [None req-dd77e4ac-cc22-473c-9d56-7305568c2adf f57a2b0b640441deb294e79f1179936c 4187d6024b5e4dcb81a3323ceb03b5e5 - - - -] volume service is down. (host: rack04-server68@LIGHTOSboocrr)
2024-08-21 14:15:00.493 7 WARNING cinder.scheduler.host_manager [None req-58ec4988-e8e2-47de-9a58-d67e8f37d115 398ca6d7261741cca7769738802150b1 931a5acea0574913822a739f74954f5d - - - -] volume service is down. (host: rack04-server68@LIGHTOSboocrr)
2024-08-21 14:15:00.733 7 WARNING cinder.scheduler.host_manager [None req-4488cfd2-60fc-4497-8084-7e3e09eae15a 398ca6d7261741cca7769738802150b1 931a5acea0574913822a739f74954f5d - - - -] volume service is down. (host: rack04-server68@LIGHTOSboocrr)
2024-08-21 14:15:00.955 7 WARNING cinder.scheduler.host_manager [None req-4d2bbd3f-9f08-4ccb-af86-e6dd9b7c1daa 398ca6d7261741cca7769738802150b1 931a5acea0574913822a739f74954f5d - - - -] volume service is down. (host: rack04-server68@LIGHTOSboocrr)
2024-08-21 14:15:01.204 7 WARNING cinder.scheduler.host_manager [None req-3e0506ba-166b-472e-ab28-61563220cf70 398ca6d7261741cca7769738802150b1 931a5acea0574913822a739f74954f5d - - - -] volume service is down. (host: rack04-server68@LIGHTOSboocrr)
2024-08-21 14:15:01.455 7 WARNING cinder.scheduler.host_manager [None req-5e7278e6-e7e4-4da7-b8d3-12a5f3293f04 398ca6d7261741cca7769738802150b1 931a5acea0574913822a739f74954f5d - - - -] volume service is down. (host: rack04-server68@LIGHTOSboocrr)
2024-08-21 14:15:14.696 7 WARNING cinder.scheduler.host_manager [None req-9ff2946c-cd52-4513-8e54-3439d629f348 38b94d9069234d128b8764b1b9f53ec8 3737b79d105543f8809a6a017c78e40b - - - -] volume service is down. (host: rack04-server68@LIGHTOSboocrr)
2024-08-21 14:15:16.196 7 WARNING cinder.scheduler.host_manager [None req-16b9df64-dc07-4f6b-92a3-96bcb98dcef6 38b94d9069234d128b8764b1b9f53ec8 3737b79d105543f8809a6a017c78e40b - - - -] volume service is down. (host: rack04-server68@LIGHTOSboocrr)
2024-08-21 14:15:18.585 7 WARNING cinder.scheduler.host_manager [None req-8699512b-1dc1-4513-9ef4-83ab2a7d5ecd 38b94d9069234d128b8764b1b9f53ec8 3737b79d105543f8809a6a017c78e40b - - - -] volume service is down. (host: rack04-server68@LIGHTOSboocrr)
