Build Started 13_01_2025_17_12_19
2025-01-13 17:13:30.725 7 WARNING cinder.scheduler.host_manager [req-ea9c6cd2-88d8-4748-b9d5-b7484206c6d6 req-28b91bbe-986b-40bb-aec8-fcf6719016ce e97603810382484490b69201aca67135 c1679b6c7b84468484a9f134bc8ef6df - - - -] volume service is down. (host: rack13-server67@lvm-1)
2025-01-13 17:13:30.790 7 WARNING cinder.scheduler.host_manager [req-40555983-648e-48c6-be85-57f9c12eaf75 req-d500e67a-90b4-4d5b-94fb-b7f651dd1137 b7b0d61e57004fa9942bd767ae13b136 8f07dbeaaa234d69aea3c67d865bc8fd - - - -] volume service is down. (host: rack13-server67@lvm-1)
2025-01-13 17:13:30.835 7 WARNING cinder.scheduler.host_manager [None req-d2c71978-fc0e-43fe-9dfb-16c32d45a2d7 a3262587a74c48dda8b522693a2b79b8 b19aaffcea6440dfb4cb9039234edc45 - - - -] volume service is down. (host: rack13-server67@lvm-1)
2025-01-13 17:13:33.132 7 WARNING cinder.scheduler.host_manager [req-fbf198d7-e656-46ef-8ddc-5fbc9d027012 req-c57fdd76-e2b4-4407-ac2c-36ca6dd30519 b7b0d61e57004fa9942bd767ae13b136 8f07dbeaaa234d69aea3c67d865bc8fd - - - -] volume service is down. (host: rack13-server67@lvm-1)
2025-01-13 17:13:33.259 7 WARNING cinder.scheduler.host_manager [None req-142d8a6e-f27f-4dd1-bc40-3c5546995705 a3262587a74c48dda8b522693a2b79b8 b19aaffcea6440dfb4cb9039234edc45 - - - -] volume service is down. (host: rack13-server67@lvm-1)
2025-01-13 17:13:35.748 7 WARNING cinder.scheduler.host_manager [None req-249ded71-59e2-49d9-b5bb-a6e05e4e5af7 a3262587a74c48dda8b522693a2b79b8 b19aaffcea6440dfb4cb9039234edc45 - - - -] volume service is down. (host: rack13-server67@lvm-1)
2025-01-13 17:13:38.718 7 WARNING cinder.scheduler.host_manager [None req-c067a5ea-bf89-42c4-b662-ceaa325d046d 40d07b4d228540089029f7a6c0271f33 ecca3a94ab4245e1b6c1e0227b5cf48d - - - -] volume service is down. (host: rack13-server67@lvm-1)
2025-01-13 17:13:38.726 7 WARNING cinder.scheduler.host_manager [None req-c067a5ea-bf89-42c4-b662-ceaa325d046d 40d07b4d228540089029f7a6c0271f33 ecca3a94ab4245e1b6c1e0227b5cf48d - - - -] volume service is down. (host: rack13-server67@lvm-1)
2025-01-13 17:13:40.118 7 WARNING cinder.scheduler.host_manager [None req-3a161b80-2168-429e-b81b-48e56b1dedff 40d07b4d228540089029f7a6c0271f33 ecca3a94ab4245e1b6c1e0227b5cf48d - - - -] volume service is down. (host: rack13-server67@lvm-1)
2025-01-13 17:13:43.136 7 WARNING cinder.scheduler.host_manager [None req-44a2a75a-7ea9-4d19-b19b-0593438c0664 f646122104d04a819ae250e962d3950f 69d003299a5844dfb7800833c048a96b - - - -] volume service is down. (host: rack13-server67@lvm-1)
2025-01-13 17:13:43.661 7 WARNING cinder.scheduler.host_manager [None req-6fdcf97b-b697-4ff3-96e7-b23e2f4d3395 f646122104d04a819ae250e962d3950f 69d003299a5844dfb7800833c048a96b - - - -] volume service is down. (host: rack13-server67@lvm-1)
2025-01-13 17:13:51.165 7 WARNING cinder.scheduler.host_manager [None req-64da914d-4ec1-4898-be3b-9f39d37172f6 271e52b9400e4534ad5523ecf2878129 af2194ebdadf40339f48af76b176dcf4 - - - -] volume service is down. (host: rack13-server67@lvm-1)
2025-01-13 17:13:51.173 7 WARNING cinder.scheduler.host_manager [None req-64da914d-4ec1-4898-be3b-9f39d37172f6 271e52b9400e4534ad5523ecf2878129 af2194ebdadf40339f48af76b176dcf4 - - - -] volume service is down. (host: rack13-server67@lvm-1)
2025-01-13 17:13:51.268 7 WARNING cinder.scheduler.host_manager [None req-475c613e-1855-442c-8fb4-8881800d07ac 357462fc25b1406881cdbf5b184f2ce5 d3a1de693e284162820bbc80baf1c33e - - - -] volume service is down. (host: rack13-server67@lvm-1)
2025-01-13 17:13:51.276 7 WARNING cinder.scheduler.host_manager [None req-475c613e-1855-442c-8fb4-8881800d07ac 357462fc25b1406881cdbf5b184f2ce5 d3a1de693e284162820bbc80baf1c33e - - - -] volume service is down. (host: rack13-server67@lvm-1)
2025-01-13 17:13:52.504 7 WARNING cinder.scheduler.host_manager [None req-3083e087-8a83-4ddd-b232-8eb4bfbb0d14 271e52b9400e4534ad5523ecf2878129 af2194ebdadf40339f48af76b176dcf4 - - - -] volume service is down. (host: rack13-server67@lvm-1)
2025-01-13 17:13:57.194 7 WARNING cinder.scheduler.host_manager [None req-2aad14d1-01fb-48fb-8398-542e76e02f63 271e52b9400e4534ad5523ecf2878129 af2194ebdadf40339f48af76b176dcf4 - - - -] volume service is down. (host: rack13-server67@lvm-1)
2025-01-13 17:13:57.777 7 WARNING cinder.scheduler.host_manager [None req-707ba9e9-4ec3-4cfd-ab4a-87d4649545ed 35b8e08789f54f3ca22168c4fad02402 605f29d11abc4c6ca08a63e0cfc3dae0 - - - -] volume service is down. (host: rack13-server67@lvm-1)
2025-01-13 17:13:59.916 7 WARNING cinder.scheduler.host_manager [None req-a60ce983-c460-4273-8148-baac5ea3203d 82b87248e4b14921a38a98eae5f8e4ff 1cdde4ee06a0402d829a0042c3519add - - - -] volume service is down. (host: rack13-server67@lvm-1)
2025-01-13 17:14:00.081 7 WARNING cinder.scheduler.host_manager [None req-343c7a8d-12cf-4d7b-ab76-a07b140be794 35b8e08789f54f3ca22168c4fad02402 605f29d11abc4c6ca08a63e0cfc3dae0 - - - -] volume service is down. (host: rack13-server67@lvm-1)
2025-01-13 17:14:02.521 7 WARNING cinder.scheduler.host_manager [None req-d6f4b373-0654-4d4f-8892-61ec3f93d67e 35b8e08789f54f3ca22168c4fad02402 605f29d11abc4c6ca08a63e0cfc3dae0 - - - -] volume service is down. (host: rack13-server67@lvm-1)
2025-01-13 17:14:03.757 7 WARNING cinder.scheduler.host_manager [None req-dfd35759-468d-4dd8-ad78-7d4615a85822 271e52b9400e4534ad5523ecf2878129 af2194ebdadf40339f48af76b176dcf4 - - - -] volume service is down. (host: rack13-server67@lvm-1)
2025-01-13 17:14:03.764 7 WARNING cinder.scheduler.host_manager [None req-dfd35759-468d-4dd8-ad78-7d4615a85822 271e52b9400e4534ad5523ecf2878129 af2194ebdadf40339f48af76b176dcf4 - - - -] volume service is down. (host: rack13-server67@lvm-1)
2025-01-13 17:14:05.150 7 WARNING cinder.scheduler.host_manager [None req-ba8cae5f-fa2b-45aa-b43b-47659f637387 271e52b9400e4534ad5523ecf2878129 af2194ebdadf40339f48af76b176dcf4 - - - -] volume service is down. (host: rack13-server67@lvm-1)
2025-01-13 17:14:06.033 7 WARNING cinder.scheduler.host_manager [None req-98271ae9-2da6-4750-bf5a-f10fa46b3760 35b8e08789f54f3ca22168c4fad02402 605f29d11abc4c6ca08a63e0cfc3dae0 - - - -] volume service is down. (host: rack13-server67@lvm-1)
2025-01-13 17:14:07.677 7 WARNING cinder.scheduler.host_manager [None req-ac0fecd2-890d-4d9d-90b3-606a6dd8b1b0 271e52b9400e4534ad5523ecf2878129 af2194ebdadf40339f48af76b176dcf4 - - - -] volume service is down. (host: rack13-server67@lvm-1)
2025-01-13 17:14:09.644 7 WARNING cinder.scheduler.host_manager [None req-d958d1d9-07e3-4287-9295-a99d02fb940d 35b8e08789f54f3ca22168c4fad02402 605f29d11abc4c6ca08a63e0cfc3dae0 - - - -] volume service is down. (host: rack13-server67@lvm-1)
2025-01-13 17:14:09.666 7 WARNING cinder.scheduler.host_manager [None req-078bd18b-f168-49a8-af38-3e8cb7041793 2e40d52c928b4537a9e1d4173ed40513 db6c9b52162c4229a35604dcbb3e0290 - - - -] volume service is down. (host: rack13-server67@lvm-1)
2025-01-13 17:14:11.978 7 WARNING cinder.scheduler.host_manager [None req-01c8d4eb-502f-4afe-810a-3e96b08c8b09 2e40d52c928b4537a9e1d4173ed40513 db6c9b52162c4229a35604dcbb3e0290 - - - -] volume service is down. (host: rack13-server67@lvm-1)
2025-01-13 17:14:13.185 7 WARNING cinder.scheduler.host_manager [None req-9d4d617f-9d11-49c6-ab38-acc238a7e515 35b8e08789f54f3ca22168c4fad02402 605f29d11abc4c6ca08a63e0cfc3dae0 - - - -] volume service is down. (host: rack13-server67@lvm-1)
2025-01-13 17:14:21.097 7 WARNING cinder.scheduler.host_manager [None req-d0a2beb3-73d9-4b54-95f6-eef79e6e3fff 271e52b9400e4534ad5523ecf2878129 af2194ebdadf40339f48af76b176dcf4 - - - -] volume service is down. (host: rack13-server67@lvm-1)
2025-01-13 17:14:21.106 7 WARNING cinder.scheduler.host_manager [None req-d0a2beb3-73d9-4b54-95f6-eef79e6e3fff 271e52b9400e4534ad5523ecf2878129 af2194ebdadf40339f48af76b176dcf4 - - - -] volume service is down. (host: rack13-server67@lvm-1)
2025-01-13 17:14:22.464 7 WARNING cinder.scheduler.host_manager [None req-c90e18d7-e3c5-405a-b6f2-7ae0373d7ed4 271e52b9400e4534ad5523ecf2878129 af2194ebdadf40339f48af76b176dcf4 - - - -] volume service is down. (host: rack13-server67@lvm-1)
2025-01-13 17:14:22.994 7 WARNING cinder.scheduler.host_manager [None req-4b983df1-abd0-4d28-b439-5bb3519b5028 1d842f9247494fd3a601ed14aec7b8ba 785430e518cd4dff8a8bfbfd032f6000 - - - -] volume service is down. (host: rack13-server67@lvm-1)
2025-01-13 17:14:25.370 7 WARNING cinder.scheduler.host_manager [None req-8b116716-cd5d-4736-85fc-9a1b330ec7c6 2941531e097b46a38277d8debc99842d aeb55e6f356b4b92b4dd6f4ce0946f37 - - - -] volume service is down. (host: rack13-server67@lvm-1)
2025-01-13 17:14:25.371 7 INFO cinder.scheduler.base_filter [None req-8b116716-cd5d-4736-85fc-9a1b330ec7c6 2941531e097b46a38277d8debc99842d aeb55e6f356b4b92b4dd6f4ce0946f37 - - - -] Filtering removed all hosts for the request with volume ID '360d9f6d-129d-41e7-a802-52975252c096'. Filter results: AvailabilityZoneFilter: (start: 1, end: 1), CapacityFilter: (start: 1, end: 1), CapabilitiesFilter: (start: 1, end: 0)
2025-01-13 17:14:25.371 7 WARNING cinder.scheduler.filter_scheduler [None req-8b116716-cd5d-4736-85fc-9a1b330ec7c6 2941531e097b46a38277d8debc99842d aeb55e6f356b4b92b4dd6f4ce0946f37 - - - -] No weighed backend found for volume with properties: {'id': '9e07745a-5526-4faf-979d-5704f987fe39', 'name': 'tempest-UserMessagesTest-volume-type-842024994', 'description': None, 'is_public': True, 'projects': [], 'extra_specs': {'storage_protocol': 'tempest-storage_protocol-217615350', 'vendor_name': 'tempest-vendor_name-546748022'}, 'qos_specs_id': None, 'created_at': '2025-01-13T17:14:24.000000', 'updated_at': None, 'deleted_at': None, 'deleted': False}
2025-01-13 17:14:25.372 7 INFO cinder.message.api [None req-8b116716-cd5d-4736-85fc-9a1b330ec7c6 2941531e097b46a38277d8debc99842d aeb55e6f356b4b92b4dd6f4ce0946f37 - - - -] Creating message record for request_id = req-8b116716-cd5d-4736-85fc-9a1b330ec7c6
2025-01-13 17:14:25.377 7 ERROR cinder.scheduler.flows.create_volume [None req-8b116716-cd5d-4736-85fc-9a1b330ec7c6 2941531e097b46a38277d8debc99842d aeb55e6f356b4b92b4dd6f4ce0946f37 - - - -] Failed to run task cinder.scheduler.flows.create_volume.ScheduleCreateVolumeTask;volume:create: No valid backend was found. No weighed backends available: cinder.exception.NoValidBackend: No valid backend was found. No weighed backends available
2025-01-13 17:14:25.485 7 WARNING cinder.scheduler.host_manager [None req-d4e2e2df-6862-441d-b010-0c10cd42133a 1d842f9247494fd3a601ed14aec7b8ba 785430e518cd4dff8a8bfbfd032f6000 - - - -] volume service is down. (host: rack13-server67@lvm-1)
2025-01-13 17:14:27.181 7 WARNING cinder.scheduler.host_manager [None req-25192d8b-5120-451a-9fb5-44987e81e8fe 2941531e097b46a38277d8debc99842d aeb55e6f356b4b92b4dd6f4ce0946f37 - - - -] volume service is down. (host: rack13-server67@lvm-1)
2025-01-13 17:14:27.182 7 INFO cinder.scheduler.base_filter [None req-25192d8b-5120-451a-9fb5-44987e81e8fe 2941531e097b46a38277d8debc99842d aeb55e6f356b4b92b4dd6f4ce0946f37 - - - -] Filtering removed all hosts for the request with volume ID '5f4cf206-1c83-4525-a7f8-a33bd61a67e8'. Filter results: AvailabilityZoneFilter: (start: 1, end: 1), CapacityFilter: (start: 1, end: 1), CapabilitiesFilter: (start: 1, end: 0)
2025-01-13 17:14:27.183 7 WARNING cinder.scheduler.filter_scheduler [None req-25192d8b-5120-451a-9fb5-44987e81e8fe 2941531e097b46a38277d8debc99842d aeb55e6f356b4b92b4dd6f4ce0946f37 - - - -] No weighed backend found for volume with properties: {'id': '19e0c1d9-4fb2-465d-b54d-99668d0c2ace', 'name': 'tempest-UserMessagesTest-volume-type-783916843', 'description': None, 'is_public': True, 'projects': [], 'extra_specs': {'storage_protocol': 'tempest-storage_protocol-8246278', 'vendor_name': 'tempest-vendor_name-1107385399'}, 'qos_specs_id': None, 'created_at': '2025-01-13T17:14:26.000000', 'updated_at': None, 'deleted_at': None, 'deleted': False}
2025-01-13 17:14:27.184 7 INFO cinder.message.api [None req-25192d8b-5120-451a-9fb5-44987e81e8fe 2941531e097b46a38277d8debc99842d aeb55e6f356b4b92b4dd6f4ce0946f37 - - - -] Creating message record for request_id = req-25192d8b-5120-451a-9fb5-44987e81e8fe
2025-01-13 17:14:27.189 7 ERROR cinder.scheduler.flows.create_volume [None req-25192d8b-5120-451a-9fb5-44987e81e8fe 2941531e097b46a38277d8debc99842d aeb55e6f356b4b92b4dd6f4ce0946f37 - - - -] Failed to run task cinder.scheduler.flows.create_volume.ScheduleCreateVolumeTask;volume:create: No valid backend was found. No weighed backends available: cinder.exception.NoValidBackend: No valid backend was found. No weighed backends available
2025-01-13 17:14:28.016 7 WARNING cinder.scheduler.host_manager [None req-45fe1c59-7111-4d17-9a85-7cdf7e835dde 1d842f9247494fd3a601ed14aec7b8ba 785430e518cd4dff8a8bfbfd032f6000 - - - -] volume service is down. (host: rack13-server67@lvm-1)
2025-01-13 17:14:30.779 7 WARNING cinder.scheduler.host_manager [None req-45c81078-c148-418b-b5b4-b8ae67173ee6 ed841d3bb7504aa5917d7abfd39438f2 5bbbe3263ff44224a4d77169748f96a4 - - - -] volume service is down. (host: rack13-server67@lvm-1)
2025-01-13 17:14:34.110 7 WARNING cinder.scheduler.host_manager [None req-a3c99615-f153-4fcb-ac5e-521ae082fcf4 9202b9446be64b0481ebd0f11d8ced66 c65b064f0283453ebd460fe71f1b00c0 - - - -] volume service is down. (host: rack13-server67@lvm-1)
2025-01-13 17:14:40.439 7 WARNING cinder.scheduler.host_manager [None req-709704bc-c3a5-435d-a67f-c0637e49b80e f7e5f843d6ac41e9b374065d66c9e9d2 482d5145aa7f4a15a78b3cef7e9ec716 - - - -] volume service is down. (host: rack13-server67@lvm-1)
2025-01-13 17:14:41.192 7 WARNING cinder.scheduler.host_manager [None req-f9034829-a04a-4b0b-a9fa-ee415fa9a023 d90c2df739ba433db25f025a9d392ba9 3fed4cd9578a4cccb8d8a9208328e887 - - - -] volume service is down. (host: rack13-server67@lvm-1)
2025-01-13 17:14:41.200 7 WARNING cinder.scheduler.host_manager [None req-f9034829-a04a-4b0b-a9fa-ee415fa9a023 d90c2df739ba433db25f025a9d392ba9 3fed4cd9578a4cccb8d8a9208328e887 - - - -] volume service is down. (host: rack13-server67@lvm-1)
2025-01-13 17:14:42.465 7 WARNING cinder.scheduler.host_manager [None req-8a8d2163-a631-451f-8436-3f4c97894c1c d90c2df739ba433db25f025a9d392ba9 3fed4cd9578a4cccb8d8a9208328e887 - - - -] volume service is down. (host: rack13-server67@lvm-1)
2025-01-13 17:14:42.476 7 WARNING cinder.scheduler.host_manager [None req-8a8d2163-a631-451f-8436-3f4c97894c1c d90c2df739ba433db25f025a9d392ba9 3fed4cd9578a4cccb8d8a9208328e887 - - - -] volume service is down. (host: rack13-server67@lvm-1)
2025-01-13 17:14:43.887 7 WARNING cinder.scheduler.host_manager [None req-4d943cb0-5f71-47f1-80fe-060b01727ef4 d90c2df739ba433db25f025a9d392ba9 3fed4cd9578a4cccb8d8a9208328e887 - - - -] volume service is down. (host: rack13-server67@lvm-1)
2025-01-13 17:14:49.338 7 WARNING cinder.scheduler.host_manager [None req-485cbafa-f2b9-4be7-acdf-c292d4d7826b d90c2df739ba433db25f025a9d392ba9 3fed4cd9578a4cccb8d8a9208328e887 - - - -] volume service is down. (host: rack13-server67@lvm-1)
2025-01-13 17:14:49.346 7 WARNING cinder.scheduler.host_manager [None req-485cbafa-f2b9-4be7-acdf-c292d4d7826b d90c2df739ba433db25f025a9d392ba9 3fed4cd9578a4cccb8d8a9208328e887 - - - -] volume service is down. (host: rack13-server67@lvm-1)
2025-01-13 17:14:49.416 7 WARNING cinder.scheduler.host_manager [None req-84160453-4b09-4e56-80d1-8e6fb12f0f8c 87a4d0d8f9324b65873908bfd8a13a16 381f88aa75e9446a95c34744d4997643 - - - -] volume service is down. (host: rack13-server67@lvm-1)
2025-01-13 17:14:50.682 7 WARNING cinder.scheduler.host_manager [None req-5ba8450b-5bb5-4834-a4b7-04857caa0076 d90c2df739ba433db25f025a9d392ba9 3fed4cd9578a4cccb8d8a9208328e887 - - - -] volume service is down. (host: rack13-server67@lvm-1)
2025-01-13 17:14:53.128 7 WARNING cinder.scheduler.host_manager [None req-90727c08-17cf-4095-94f7-e9843ca39159 87a4d0d8f9324b65873908bfd8a13a16 381f88aa75e9446a95c34744d4997643 - - - -] volume service is down. (host: rack13-server67@lvm-1)
2025-01-13 17:14:53.189 7 WARNING cinder.scheduler.host_manager [None req-7d58d9e2-a9d9-4807-bf9b-f0fab9e3eb9f d90c2df739ba433db25f025a9d392ba9 3fed4cd9578a4cccb8d8a9208328e887 - - - -] volume service is down. (host: rack13-server67@lvm-1)
2025-01-13 17:14:57.034 7 WARNING cinder.scheduler.host_manager [None req-9a183239-8879-4108-9da2-78adf4ac1d61 20b35e225f8d406fb8aefcc3971b4ee1 4e205de405364351ae35de4b21bc95ee - - - -] volume service is down. (host: rack13-server67@lvm-1)
2025-01-13 17:15:04.383 7 WARNING cinder.scheduler.host_manager [None req-57caf5f6-0d31-41ee-b89b-749022bcfa0e 080fa9665dbf415aab9e007359e815c0 42925e4e0d13459c88fc5b44ff1f35fd - - - -] volume service is down. (host: rack13-server67@lvm-1)
2025-01-13 17:15:05.096 7 WARNING cinder.scheduler.host_manager [None req-44b723cc-5d4a-4f62-afc3-e04a16ff7a09 dafe7ea5181f44feb77cfd51712cfdda 9b03d2cbb142421f8924151d837bc7ff - - - -] volume service is down. (host: rack13-server67@lvm-1)
2025-01-13 17:15:05.236 7 WARNING cinder.scheduler.host_manager [None req-90d144bd-0e4e-4356-8bdf-05cc55c0b496 b6604520465343488aa2e49c496d55c9 1640e962f76f451e87f92354669a38d4 - - - -] volume service is down. (host: rack13-server67@lvm-1)
2025-01-13 17:15:05.244 7 WARNING cinder.scheduler.host_manager [None req-90d144bd-0e4e-4356-8bdf-05cc55c0b496 b6604520465343488aa2e49c496d55c9 1640e962f76f451e87f92354669a38d4 - - - -] volume service is down. (host: rack13-server67@lvm-1)
2025-01-13 17:15:06.642 7 WARNING cinder.scheduler.host_manager [None req-1ac42883-2780-47d4-ac0b-a2d51c096fed b6604520465343488aa2e49c496d55c9 1640e962f76f451e87f92354669a38d4 - - - -] volume service is down. (host: rack13-server67@lvm-1)
2025-01-13 17:15:06.717 7 WARNING cinder.scheduler.host_manager [None req-fca217ca-27c5-440d-9146-7d2c8242a16e 080fa9665dbf415aab9e007359e815c0 42925e4e0d13459c88fc5b44ff1f35fd - - - -] volume service is down. (host: rack13-server67@lvm-1)
2025-01-13 17:15:08.968 7 WARNING cinder.scheduler.host_manager [None req-0256181a-8878-4d8f-9b60-f016a870cda0 080fa9665dbf415aab9e007359e815c0 42925e4e0d13459c88fc5b44ff1f35fd - - - -] volume service is down. (host: rack13-server67@lvm-1)
2025-01-13 17:15:08.987 7 WARNING cinder.scheduler.host_manager [None req-720415a9-dda1-485c-aeab-2699f45dc38c b6604520465343488aa2e49c496d55c9 1640e962f76f451e87f92354669a38d4 - - - -] volume service is down. (host: rack13-server67@lvm-1)
2025-01-13 17:15:12.608 7 WARNING cinder.scheduler.host_manager [None req-14203552-81fa-46cc-8735-0421d72ee16d 080fa9665dbf415aab9e007359e815c0 42925e4e0d13459c88fc5b44ff1f35fd - - - -] volume service is down. (host: rack13-server67@lvm-1)
2025-01-13 17:15:14.879 7 WARNING cinder.scheduler.host_manager [None req-84dd4293-0836-48e5-a171-42cdc4a90312 080fa9665dbf415aab9e007359e815c0 42925e4e0d13459c88fc5b44ff1f35fd - - - -] volume service is down. (host: rack13-server67@lvm-1)
2025-01-13 17:15:17.289 7 WARNING cinder.scheduler.host_manager [None req-6f324f7e-44df-4f2a-8d4a-e34527289012 080fa9665dbf415aab9e007359e815c0 42925e4e0d13459c88fc5b44ff1f35fd - - - -] volume service is down. (host: rack13-server67@lvm-1)
2025-01-13 17:15:25.444 7 WARNING cinder.scheduler.host_manager [None req-4d63604c-da4c-4a0e-851a-226439efea83 5a8f2946a6734c7584f2c73b1711e099 0dd7812f0fb142be99334aa04bc46c87 - - - -] volume service is down. (host: rack13-server67@lvm-1)
2025-01-13 17:15:28.969 7 WARNING cinder.scheduler.host_manager [None req-7cf8635d-75c5-4c79-8637-b35f67a01f29 690a965b5a604cb6ab9219db498eca1a 364bb2ae6e3d4727a873d280c780513c - - - -] volume service is down. (host: rack13-server67@lvm-1)
2025-01-13 17:15:31.268 7 WARNING cinder.scheduler.host_manager [None req-62913d71-2c20-4379-91c0-733e018bd8a9 690a965b5a604cb6ab9219db498eca1a 364bb2ae6e3d4727a873d280c780513c - - - -] volume service is down. (host: rack13-server67@lvm-1)
2025-01-13 17:15:34.025 7 WARNING cinder.scheduler.host_manager [None req-40a22241-a2ed-4591-ad43-c456a7d1588d 95f0dac8f3114054816ce07974a4aafc 554613e4afec4bc4aa5035b21e0baba9 - - - -] volume service is down. (host: rack13-server67@lvm-1)
2025-01-13 17:15:36.273 7 WARNING cinder.scheduler.host_manager [None req-fb9a0d46-cce1-4039-9be6-9e9956553538 3cdf56dbf3de4a58b97636343efde1ae a2f62e952bb244488cd48999f5d9fb8a - - - -] volume service is down. (host: rack13-server67@lvm-1)
2025-01-13 17:15:36.376 7 WARNING cinder.scheduler.host_manager [None req-ce25e87e-0b34-4de9-98a0-adcb33c48ff5 95f0dac8f3114054816ce07974a4aafc 554613e4afec4bc4aa5035b21e0baba9 - - - -] volume service is down. (host: rack13-server67@lvm-1)
2025-01-13 17:15:42.650 7 WARNING cinder.scheduler.host_manager [None req-657ed003-9a70-4e3a-89a0-b02db2769333 3cdf56dbf3de4a58b97636343efde1ae a2f62e952bb244488cd48999f5d9fb8a - - - -] volume service is down. (host: rack13-server67@lvm-1)
2025-01-13 17:15:43.194 7 WARNING cinder.scheduler.host_manager [None req-fadc46ad-cd1c-4ff8-b8a9-215c9c329afd 87227e1843f048dbb18d3539aaee54b7 85d5de157f364aae854e1e8397a936ce - - - -] volume service is down. (host: rack13-server67@lvm-1)
2025-01-13 17:15:51.840 7 WARNING cinder.scheduler.host_manager [None req-ba51b005-c859-498f-af6a-73709efb6022 87227e1843f048dbb18d3539aaee54b7 85d5de157f364aae854e1e8397a936ce - - - -] volume service is down. (host: rack13-server67@lvm-1)
2025-01-13 17:15:53.720 7 WARNING cinder.scheduler.host_manager [None req-da67f31d-c6d7-457c-bb58-f974a20f1ea9 54748e8f63784df693d0a271bbac9044 df333a7b4453430cbbfe2c06ce487381 - - - -] volume service is down. (host: rack13-server67@lvm-1)
2025-01-13 17:15:54.536 7 WARNING cinder.scheduler.host_manager [None req-52b5d883-6095-474c-8c72-f5eaad795197 87227e1843f048dbb18d3539aaee54b7 85d5de157f364aae854e1e8397a936ce - - - -] volume service is down. (host: rack13-server67@lvm-1)
2025-01-13 17:15:56.913 7 WARNING cinder.scheduler.host_manager [None req-34c6c5e7-af2a-40de-8d23-05802f9cf3ff 87227e1843f048dbb18d3539aaee54b7 85d5de157f364aae854e1e8397a936ce - - - -] volume service is down. (host: rack13-server67@lvm-1)
2025-01-13 17:15:59.117 7 WARNING cinder.scheduler.host_manager [None req-cff93e59-e20f-4f9e-b139-81db0e4a446a 54748e8f63784df693d0a271bbac9044 df333a7b4453430cbbfe2c06ce487381 - - - -] volume service is down. (host: rack13-server67@lvm-1)
2025-01-13 17:15:59.166 7 WARNING cinder.scheduler.host_manager [None req-7ef76f33-29e1-4518-a580-7e88e20fdc78 87227e1843f048dbb18d3539aaee54b7 85d5de157f364aae854e1e8397a936ce - - - -] volume service is down. (host: rack13-server67@lvm-1)
2025-01-13 17:16:06.201 7 WARNING cinder.scheduler.host_manager [None req-a0bb9dee-d952-455f-be52-a1dd7694d12c 97a3ed7724064bb29dc89718332444fd 7618d94dd96e4240ac2d287a7bef86c4 - - - -] volume service is down. (host: rack13-server67@lvm-1)
2025-01-13 17:16:06.916 7 WARNING cinder.scheduler.host_manager [None req-f22bf360-9c92-4733-b674-8e31b23bd51e 04c3ac64c3554577b972960d19bd7801 c8e2d8d953c048df901aaab774ece3a9 - - - -] volume service is down. (host: rack13-server67@lvm-1)
2025-01-13 17:16:08.891 7 WARNING cinder.scheduler.host_manager [None req-529b563e-d3a3-42ad-9da9-919646ce2464 97a3ed7724064bb29dc89718332444fd 7618d94dd96e4240ac2d287a7bef86c4 - - - -] volume service is down. (host: rack13-server67@lvm-1)
2025-01-13 17:16:12.904 7 WARNING cinder.scheduler.host_manager [None req-24031cee-9071-4157-8b4f-26f952ac056e a6a4530021294ed88473fe81902e225e bf7a52741b3247b4a98e20e1047d72a9 - - - -] volume service is down. (host: rack13-server67@lvm-1)
2025-01-13 17:16:13.708 7 WARNING cinder.scheduler.host_manager [None req-22966e98-5bd9-4300-bef8-1fc80fe4db39 97a3ed7724064bb29dc89718332444fd 7618d94dd96e4240ac2d287a7bef86c4 - - - -] volume service is down. (host: rack13-server67@lvm-1)
2025-01-13 17:16:15.811 7 WARNING cinder.scheduler.host_manager [None req-6b0e42d5-681e-418d-8a29-fde1547dd6b5 04c3ac64c3554577b972960d19bd7801 c8e2d8d953c048df901aaab774ece3a9 - - - -] volume service is down. (host: rack13-server67@lvm-1)
2025-01-13 17:16:16.197 7 WARNING cinder.scheduler.host_manager [None req-a726be8b-3868-4d1f-8c57-e4f0f594e221 97a3ed7724064bb29dc89718332444fd 7618d94dd96e4240ac2d287a7bef86c4 - - - -] volume service is down. (host: rack13-server67@lvm-1)
2025-01-13 17:16:18.040 7 WARNING cinder.scheduler.host_manager [None req-95c7e224-2b66-489e-9a7a-5527bc974657 a6a4530021294ed88473fe81902e225e bf7a52741b3247b4a98e20e1047d72a9 - - - -] volume service is down. (host: rack13-server67@lvm-1)
2025-01-13 17:16:19.954 7 WARNING cinder.scheduler.host_manager [None req-f13c6149-0847-45f3-aa9a-b15a0a8b22a4 97a3ed7724064bb29dc89718332444fd 7618d94dd96e4240ac2d287a7bef86c4 - - - -] volume service is down. (host: rack13-server67@lvm-1)
2025-01-13 17:16:21.782 7 WARNING cinder.scheduler.host_manager [None req-bea9321e-1503-4661-9cb6-d6388f16629a 04c3ac64c3554577b972960d19bd7801 c8e2d8d953c048df901aaab774ece3a9 - - - -] volume service is down. (host: rack13-server67@lvm-1)
2025-01-13 17:16:24.201 7 WARNING cinder.scheduler.host_manager [None req-a142be8c-cb56-46f8-b7e3-8ce6c19cd301 04c3ac64c3554577b972960d19bd7801 c8e2d8d953c048df901aaab774ece3a9 - - - -] volume service is down. (host: rack13-server67@lvm-1)
2025-01-13 17:16:25.512 7 WARNING cinder.scheduler.host_manager [None req-69bfd31d-37d2-409b-84b7-4e5eb2bfed20 36c12ed695ef427583f43f632321d8d6 51a3d0a7f66b47b48824793e2fa7e7f1 - - - -] volume service is down. (host: rack13-server67@lvm-1)
2025-01-13 17:16:26.109 7 WARNING cinder.scheduler.host_manager [None req-43fcbc81-e63e-43d8-b62f-dada33349c3c 97a3ed7724064bb29dc89718332444fd 7618d94dd96e4240ac2d287a7bef86c4 - - - -] volume service is down. (host: rack13-server67@lvm-1)
2025-01-13 17:16:32.687 7 WARNING cinder.scheduler.host_manager [None req-6a928f56-f669-4c25-9f48-b984c0ad49c7 5d0f3e0cfb1f4a4f87e46fa6f5334fc1 56b0f3271fc340458dbc1a4c1ea5713b - - - -] volume service is down. (host: rack13-server67@lvm-1)
2025-01-13 17:16:35.008 7 WARNING cinder.scheduler.host_manager [None req-9284ca1b-cff7-4c11-bc59-5eac2627ec95 5d0f3e0cfb1f4a4f87e46fa6f5334fc1 56b0f3271fc340458dbc1a4c1ea5713b - - - -] volume service is down. (host: rack13-server67@lvm-1)
2025-01-13 17:16:35.193 7 WARNING cinder.scheduler.host_manager [None req-0a42623e-2f33-459a-9682-08557d431eb2 97a3ed7724064bb29dc89718332444fd 7618d94dd96e4240ac2d287a7bef86c4 - - - -] volume service is down. (host: rack13-server67@lvm-1)
2025-01-13 17:16:36.796 7 WARNING cinder.scheduler.host_manager [None req-1fd76747-06a1-4fbb-9433-7cc236c80010 b439f6515b9a4b7aa3d7865d859719a8 33428ce9297a4bbcaf18b8010c940758 - - - -] volume service is down. (host: rack13-server67@lvm-1)
2025-01-13 17:16:37.268 7 WARNING cinder.scheduler.host_manager [None req-74367bba-6236-49a8-a6a4-0d0a91daa76a 5d0f3e0cfb1f4a4f87e46fa6f5334fc1 56b0f3271fc340458dbc1a4c1ea5713b - - - -] volume service is down. (host: rack13-server67@lvm-1)
2025-01-13 17:16:39.322 7 WARNING cinder.scheduler.host_manager [None req-db03529d-3de4-4fa7-972f-044a415599d2 b439f6515b9a4b7aa3d7865d859719a8 33428ce9297a4bbcaf18b8010c940758 - - - -] volume service is down. (host: rack13-server67@lvm-1)
2025-01-13 17:16:41.605 7 WARNING cinder.scheduler.host_manager [None req-9fc8f7b1-f53a-48b2-9309-3bcbe93bba8a 5d0f3e0cfb1f4a4f87e46fa6f5334fc1 56b0f3271fc340458dbc1a4c1ea5713b - - - -] volume service is down. (host: rack13-server67@lvm-1)
2025-01-13 17:16:41.802 7 WARNING cinder.scheduler.host_manager [None req-000b442d-0f59-46a1-9104-7579b6db4ab6 b439f6515b9a4b7aa3d7865d859719a8 33428ce9297a4bbcaf18b8010c940758 - - - -] volume service is down. (host: rack13-server67@lvm-1)
2025-01-13 17:16:52.875 7 WARNING cinder.scheduler.host_manager [None req-82421f1f-b28a-49ae-abf2-d8000bdaf2f5 1395234c66934e76bc93577b23ebab6e 1d6757acf8fd42fe83e95753a472afdd - - - -] volume service is down. (host: rack13-server67@lvm-1)
2025-01-13 17:17:23.078 7 WARNING cinder.scheduler.host_manager [None req-fb0378d6-f810-49e5-92dc-13fc144c3bdb 69f9d16f04ff411c9560079a387590e3 41a1fb9fbeae4ad1961ddc4ec6e3184d - - - -] volume service is down. (host: rack13-server67@lvm-1)
2025-01-13 17:17:25.407 7 WARNING cinder.scheduler.host_manager [None req-7fbd8bfc-f621-495d-985a-2e7272b9535f 69f9d16f04ff411c9560079a387590e3 41a1fb9fbeae4ad1961ddc4ec6e3184d - - - -] volume service is down. (host: rack13-server67@lvm-1)
2025-01-13 17:17:37.889 7 WARNING cinder.scheduler.host_manager [None req-a066feff-643f-4b8f-87cd-e5689f7e6b4a 2142940bee77420c89a40a7b5d9a32f5 5281997d73e84a8692ad627c8041acd2 - - - -] volume service is down. (host: rack13-server67@lvm-1)
2025-01-13 17:17:37.918 7 WARNING cinder.scheduler.host_manager [None req-34299878-c969-401a-b796-f177314a1aee 89fe795cc7c44dbfac3dd9059e7713fb c6153b8bf6e44e94aabc6183cef8aca9 - - - -] volume service is down. (host: rack13-server67@lvm-1)
2025-01-13 17:17:37.971 7 WARNING cinder.scheduler.host_manager [None req-3b845793-b6e2-45ad-8f1c-4e989aa35297 01006a00476547b7b3350505aa186be0 c4e57e8010674c228c30fac4682fd117 - - - -] volume service is down. (host: rack13-server67@lvm-1)
2025-01-13 17:17:38.068 7 WARNING cinder.scheduler.host_manager [None req-c1416220-2025-4df5-b66b-0747024d99a1 89fe795cc7c44dbfac3dd9059e7713fb c6153b8bf6e44e94aabc6183cef8aca9 - - - -] volume service is down. (host: rack13-server67@lvm-1)
2025-01-13 17:17:38.319 7 WARNING cinder.scheduler.host_manager [None req-1a6716d7-4e61-4f59-82d3-d88e993beb84 89fe795cc7c44dbfac3dd9059e7713fb c6153b8bf6e44e94aabc6183cef8aca9 - - - -] volume service is down. (host: rack13-server67@lvm-1)
2025-01-13 17:17:38.529 7 WARNING cinder.scheduler.host_manager [None req-0f3d3f6e-7e2f-4605-b0f4-4ec26dea8686 89fe795cc7c44dbfac3dd9059e7713fb c6153b8bf6e44e94aabc6183cef8aca9 - - - -] volume service is down. (host: rack13-server67@lvm-1)
2025-01-13 17:17:38.732 7 WARNING cinder.scheduler.host_manager [None req-c71dce4c-fd6b-4bff-8fe8-5044b7b84c77 89fe795cc7c44dbfac3dd9059e7713fb c6153b8bf6e44e94aabc6183cef8aca9 - - - -] volume service is down. (host: rack13-server67@lvm-1)
2025-01-13 17:17:40.187 7 WARNING cinder.scheduler.host_manager [None req-0518112e-f342-4ab2-a309-0bbf9bc8fcff 2142940bee77420c89a40a7b5d9a32f5 5281997d73e84a8692ad627c8041acd2 - - - -] volume service is down. (host: rack13-server67@lvm-1)
2025-01-13 17:17:40.407 7 WARNING cinder.scheduler.host_manager [None req-4629ed91-24d5-420d-841e-6e525af16d6b 01006a00476547b7b3350505aa186be0 c4e57e8010674c228c30fac4682fd117 - - - -] volume service is down. (host: rack13-server67@lvm-1)
2025-01-13 17:17:40.676 7 WARNING cinder.scheduler.host_manager [None req-29bd8c6f-d7fd-44f1-b7f4-aa4916a3edf2 01006a00476547b7b3350505aa186be0 c4e57e8010674c228c30fac4682fd117 - - - -] volume service is down. (host: rack13-server67@lvm-1)
2025-01-13 17:17:40.925 7 WARNING cinder.scheduler.host_manager [None req-9c14776c-db99-4d76-8ed7-e37ed5091e80 01006a00476547b7b3350505aa186be0 c4e57e8010674c228c30fac4682fd117 - - - -] volume service is down. (host: rack13-server67@lvm-1)
2025-01-13 17:17:41.164 7 WARNING cinder.scheduler.host_manager [None req-ca8bd9c8-98c3-49ce-aea0-fe97437e14e6 01006a00476547b7b3350505aa186be0 c4e57e8010674c228c30fac4682fd117 - - - -] volume service is down. (host: rack13-server67@lvm-1)
2025-01-13 17:17:41.399 7 WARNING cinder.scheduler.host_manager [None req-7b1a8109-764d-4ab4-a577-b1ab18fbddf4 01006a00476547b7b3350505aa186be0 c4e57e8010674c228c30fac4682fd117 - - - -] volume service is down. (host: rack13-server67@lvm-1)
2025-01-13 17:17:42.574 7 WARNING cinder.scheduler.host_manager [None req-68bfec5e-fa73-4c50-ab2b-815efa8a17b5 2142940bee77420c89a40a7b5d9a32f5 5281997d73e84a8692ad627c8041acd2 - - - -] volume service is down. (host: rack13-server67@lvm-1)
2025-01-13 17:17:42.810 7 WARNING cinder.scheduler.host_manager [None req-26d579cf-d586-4b27-86de-bf8ec9f99cea 2142940bee77420c89a40a7b5d9a32f5 5281997d73e84a8692ad627c8041acd2 - - - -] volume service is down. (host: rack13-server67@lvm-1)
2025-01-13 17:17:42.989 7 WARNING cinder.scheduler.host_manager [None req-955af170-7901-460f-8c9d-32be089d2e1d 2142940bee77420c89a40a7b5d9a32f5 5281997d73e84a8692ad627c8041acd2 - - - -] volume service is down. (host: rack13-server67@lvm-1)
2025-01-13 17:17:43.235 7 WARNING cinder.scheduler.host_manager [None req-4815733a-5815-4859-8d4e-629afc143e1b 2142940bee77420c89a40a7b5d9a32f5 5281997d73e84a8692ad627c8041acd2 - - - -] volume service is down. (host: rack13-server67@lvm-1)
2025-01-13 17:17:43.471 7 WARNING cinder.scheduler.host_manager [None req-3dbbe697-6155-43ab-968a-4bf38e94e939 2142940bee77420c89a40a7b5d9a32f5 5281997d73e84a8692ad627c8041acd2 - - - -] volume service is down. (host: rack13-server67@lvm-1)
2025-01-13 17:17:50.571 7 WARNING cinder.scheduler.host_manager [None req-8f083ca4-7264-4d64-808e-881dbf7a6e27 ccc5eb85b65b49edad4d875c5520b29e de69c2f859134566bed213b422d61cec - - - -] volume service is down. (host: rack13-server67@lvm-1)
2025-01-13 17:17:53.029 7 WARNING cinder.scheduler.host_manager [None req-dd074431-2efe-4f3f-80c9-6c19e7fd2f38 ccc5eb85b65b49edad4d875c5520b29e de69c2f859134566bed213b422d61cec - - - -] volume service is down. (host: rack13-server67@lvm-1)
2025-01-13 17:17:55.434 7 WARNING cinder.scheduler.host_manager [None req-772ab6be-3836-4543-87dc-1c4720a034ea ccc5eb85b65b49edad4d875c5520b29e de69c2f859134566bed213b422d61cec - - - -] volume service is down. (host: rack13-server67@lvm-1)
