Build Started 24_08_2022_16_31_35
2022-08-24 19:33:39.267 7 WARNING cinder.scheduler.host_manager [None req-d59d2d00-723d-4227-b7b8-f351e772c253 f6bd2fae515542abaec0786da7c46f4a 7a74228e99664bc1a02755ae0f74e1a1 - - - -] volume service is down. (host: rack08-server59@lvm-1)
2022-08-24 19:33:39.349 7 WARNING cinder.scheduler.host_manager [req-971b9070-8aba-47ea-b662-40f8976da733 req-95ea5811-5ac5-4e70-9e76-7bbb9bcfbb2d aa8883ed1d054e68a02ce5589d69a78b 074e6e3e89e44229855d1a87dd04386d - - - -] volume service is down. (host: rack08-server59@lvm-1)
2022-08-24 19:33:39.406 7 WARNING cinder.scheduler.host_manager [None req-0745d801-ffa3-4bc3-9971-f8199657ff7b 0792b0e029704d32a3c5f9fbe310116b e9effdb2d6824a5790cf5f540d5d61c6 - - - -] volume service is down. (host: rack08-server59@lvm-1)
2022-08-24 19:33:42.133 7 WARNING cinder.scheduler.host_manager [req-940debf6-8057-466d-b039-c849e37eb9af req-3ce6dfc2-c342-44dc-a412-9ec359bc6094 aa8883ed1d054e68a02ce5589d69a78b 074e6e3e89e44229855d1a87dd04386d - - - -] volume service is down. (host: rack08-server59@lvm-1)
2022-08-24 19:33:49.785 7 WARNING cinder.scheduler.host_manager [req-f93d349e-a0b6-4b8c-9689-e71ec61447bf req-54551956-5c90-4484-92ff-2529a9e86eef e9f3f7aae26f4385900a160aa07f4b64 a27a53a6a8b94ace8c278417420171d1 - - - -] volume service is down. (host: rack08-server59@lvm-1)
2022-08-24 19:33:56.955 7 WARNING cinder.scheduler.host_manager [None req-d8b48f5a-7ce8-43c5-971f-c5c09b5bd65d f6bd2fae515542abaec0786da7c46f4a 7a74228e99664bc1a02755ae0f74e1a1 - - - -] volume service is down. (host: rack08-server59@lvm-1)
2022-08-24 19:34:00.490 7 WARNING cinder.scheduler.host_manager [None req-530f23ef-2851-4040-b84a-c4d8c2c76768 f6bd2fae515542abaec0786da7c46f4a 7a74228e99664bc1a02755ae0f74e1a1 - - - -] volume service is down. (host: rack08-server59@lvm-1)
2022-08-24 19:34:00.493 7 WARNING cinder.scheduler.host_manager [None req-b8dbb893-010a-42b7-893a-9a4340aa8644 dcbaab5bd2094e9daefd88cb4af0d574 35dff50344304512be4582de7c452962 - - - -] volume service is down. (host: rack08-server59@lvm-1)
2022-08-24 19:34:00.502 7 WARNING cinder.scheduler.host_manager [None req-b8dbb893-010a-42b7-893a-9a4340aa8644 dcbaab5bd2094e9daefd88cb4af0d574 35dff50344304512be4582de7c452962 - - - -] volume service is down. (host: rack08-server59@lvm-1)
2022-08-24 19:34:02.009 7 WARNING cinder.scheduler.host_manager [None req-57a8b1ac-a858-46b8-878c-014e5ab67342 dcbaab5bd2094e9daefd88cb4af0d574 35dff50344304512be4582de7c452962 - - - -] volume service is down. (host: rack08-server59@lvm-1)
2022-08-24 19:34:06.163 7 WARNING cinder.scheduler.host_manager [None req-1f30c597-a04b-42df-943b-d295a6e12830 0792b0e029704d32a3c5f9fbe310116b e9effdb2d6824a5790cf5f540d5d61c6 - - - -] volume service is down. (host: rack08-server59@lvm-1)
2022-08-24 19:34:06.796 7 WARNING cinder.scheduler.host_manager [None req-106c2db8-e739-42ca-b981-44dfa92da92a dcbaab5bd2094e9daefd88cb4af0d574 35dff50344304512be4582de7c452962 - - - -] volume service is down. (host: rack08-server59@lvm-1)
2022-08-24 19:34:11.628 7 WARNING cinder.scheduler.host_manager [None req-5bbf382e-7e08-43a7-af96-48b976078e0d dcbaab5bd2094e9daefd88cb4af0d574 35dff50344304512be4582de7c452962 - - - -] volume service is down. (host: rack08-server59@lvm-1)
2022-08-24 19:34:11.636 7 WARNING cinder.scheduler.host_manager [None req-5bbf382e-7e08-43a7-af96-48b976078e0d dcbaab5bd2094e9daefd88cb4af0d574 35dff50344304512be4582de7c452962 - - - -] volume service is down. (host: rack08-server59@lvm-1)
2022-08-24 19:34:13.126 7 WARNING cinder.scheduler.host_manager [None req-e7721a60-01ec-49a1-8e18-bd09f8ab5c82 dcbaab5bd2094e9daefd88cb4af0d574 35dff50344304512be4582de7c452962 - - - -] volume service is down. (host: rack08-server59@lvm-1)
2022-08-24 19:34:15.706 7 WARNING cinder.scheduler.host_manager [None req-e634fcb8-fa72-4718-9b40-0ee797c8e0ef dcbaab5bd2094e9daefd88cb4af0d574 35dff50344304512be4582de7c452962 - - - -] volume service is down. (host: rack08-server59@lvm-1)
2022-08-24 19:34:17.196 7 WARNING cinder.scheduler.host_manager [None req-9519815b-996b-4e5e-ab4a-6977d10e319a f6bd2fae515542abaec0786da7c46f4a 7a74228e99664bc1a02755ae0f74e1a1 - - - -] volume service is down. (host: rack08-server59@lvm-1)
2022-08-24 19:34:19.507 7 WARNING cinder.scheduler.host_manager [None req-9e21ba23-6c55-4bb3-8ac2-32d35b045f7f f6bd2fae515542abaec0786da7c46f4a 7a74228e99664bc1a02755ae0f74e1a1 - - - -] volume service is down. (host: rack08-server59@lvm-1)
2022-08-24 19:34:21.996 7 WARNING cinder.scheduler.host_manager [None req-748287e3-a41e-42ca-8620-78827bd92ee2 f6bd2fae515542abaec0786da7c46f4a 7a74228e99664bc1a02755ae0f74e1a1 - - - -] volume service is down. (host: rack08-server59@lvm-1)
2022-08-24 19:34:24.611 7 WARNING cinder.scheduler.host_manager [None req-c785ea69-d757-4c32-9f37-17e9ff728483 f6bd2fae515542abaec0786da7c46f4a 7a74228e99664bc1a02755ae0f74e1a1 - - - -] volume service is down. (host: rack08-server59@lvm-1)
2022-08-24 19:34:25.896 7 WARNING cinder.scheduler.host_manager [None req-b8082946-47fe-4ce2-af50-35aa4e572a72 f6bd2fae515542abaec0786da7c46f4a 7a74228e99664bc1a02755ae0f74e1a1 - - - -] volume service is down. (host: rack08-server59@lvm-1)
2022-08-24 19:34:28.065 7 WARNING cinder.scheduler.host_manager [None req-76166533-2f64-4255-bc03-2513b20dcb14 dcbaab5bd2094e9daefd88cb4af0d574 35dff50344304512be4582de7c452962 - - - -] volume service is down. (host: rack08-server59@lvm-1)
2022-08-24 19:34:28.072 7 WARNING cinder.scheduler.host_manager [None req-76166533-2f64-4255-bc03-2513b20dcb14 dcbaab5bd2094e9daefd88cb4af0d574 35dff50344304512be4582de7c452962 - - - -] volume service is down. (host: rack08-server59@lvm-1)
2022-08-24 19:34:28.387 7 WARNING cinder.scheduler.host_manager [None req-73945958-9420-41ab-8009-15736d72f4cb f6bd2fae515542abaec0786da7c46f4a 7a74228e99664bc1a02755ae0f74e1a1 - - - -] volume service is down. (host: rack08-server59@lvm-1)
2022-08-24 19:34:29.563 7 WARNING cinder.scheduler.host_manager [None req-7997ef0e-33f4-42b4-bed0-8cc98c9a09f8 dcbaab5bd2094e9daefd88cb4af0d574 35dff50344304512be4582de7c452962 - - - -] volume service is down. (host: rack08-server59@lvm-1)
2022-08-24 19:34:45.402 7 WARNING cinder.scheduler.host_manager [None req-e515cfb3-4a51-4a55-a44e-18ac1acf670e d31fe1c1a3914af2b9873ca4fae0b202 84a9e1c5d1204c1aa66fd0015f9886de - - - -] volume service is down. (host: rack08-server59@lvm-1)
2022-08-24 19:34:45.410 7 WARNING cinder.scheduler.host_manager [None req-e515cfb3-4a51-4a55-a44e-18ac1acf670e d31fe1c1a3914af2b9873ca4fae0b202 84a9e1c5d1204c1aa66fd0015f9886de - - - -] volume service is down. (host: rack08-server59@lvm-1)
2022-08-24 19:34:46.651 7 WARNING cinder.scheduler.host_manager [None req-2d6c30b2-2ab6-43e7-b1a4-a149271c29e2 d31fe1c1a3914af2b9873ca4fae0b202 84a9e1c5d1204c1aa66fd0015f9886de - - - -] volume service is down. (host: rack08-server59@lvm-1)
2022-08-24 19:34:46.658 7 WARNING cinder.scheduler.host_manager [None req-2d6c30b2-2ab6-43e7-b1a4-a149271c29e2 d31fe1c1a3914af2b9873ca4fae0b202 84a9e1c5d1204c1aa66fd0015f9886de - - - -] volume service is down. (host: rack08-server59@lvm-1)
2022-08-24 19:34:48.222 7 WARNING cinder.scheduler.host_manager [None req-92926190-fb00-43a9-a786-f715eacecd0f d31fe1c1a3914af2b9873ca4fae0b202 84a9e1c5d1204c1aa66fd0015f9886de - - - -] volume service is down. (host: rack08-server59@lvm-1)
2022-08-24 19:34:53.605 7 WARNING cinder.scheduler.host_manager [None req-f9ce6c51-da4c-4f38-851b-ab265840d6fd d31fe1c1a3914af2b9873ca4fae0b202 84a9e1c5d1204c1aa66fd0015f9886de - - - -] volume service is down. (host: rack08-server59@lvm-1)
2022-08-24 19:34:53.613 7 WARNING cinder.scheduler.host_manager [None req-f9ce6c51-da4c-4f38-851b-ab265840d6fd d31fe1c1a3914af2b9873ca4fae0b202 84a9e1c5d1204c1aa66fd0015f9886de - - - -] volume service is down. (host: rack08-server59@lvm-1)
2022-08-24 19:34:55.109 7 WARNING cinder.scheduler.host_manager [None req-1a75cb49-0052-4003-aab8-ed141e09525e d31fe1c1a3914af2b9873ca4fae0b202 84a9e1c5d1204c1aa66fd0015f9886de - - - -] volume service is down. (host: rack08-server59@lvm-1)
2022-08-24 19:34:57.669 7 WARNING cinder.scheduler.host_manager [None req-e3469463-63d3-4944-ae21-ac791b333fb0 d31fe1c1a3914af2b9873ca4fae0b202 84a9e1c5d1204c1aa66fd0015f9886de - - - -] volume service is down. (host: rack08-server59@lvm-1)
2022-08-24 19:35:04.576 7 WARNING cinder.scheduler.host_manager [None req-50358e27-4951-4cda-b633-932f4a51aeaa 3a0cae6728cd4c4abc9957458d6db21c 84586d48dafb4f1d92e8b04328030b71 - - - -] volume service is down. (host: rack08-server59@lvm-1)
2022-08-24 19:35:06.257 7 WARNING cinder.scheduler.host_manager [None req-8360c1c4-5c5b-46e0-a4a6-ba234f1243d0 3a0cae6728cd4c4abc9957458d6db21c 84586d48dafb4f1d92e8b04328030b71 - - - -] volume service is down. (host: rack08-server59@lvm-1)
2022-08-24 19:35:07.568 7 WARNING cinder.scheduler.host_manager [None req-512f6334-35f5-4ed3-b53c-e727a91e223e 6b9613b185674371afcb2cb7e97ecc3e db138faa0dd241fbb0f581b3d604dbbf - - - -] volume service is down. (host: rack08-server59@lvm-1)
2022-08-24 19:35:07.576 7 WARNING cinder.scheduler.host_manager [None req-512f6334-35f5-4ed3-b53c-e727a91e223e 6b9613b185674371afcb2cb7e97ecc3e db138faa0dd241fbb0f581b3d604dbbf - - - -] volume service is down. (host: rack08-server59@lvm-1)
2022-08-24 19:35:08.790 7 WARNING cinder.scheduler.host_manager [None req-123de770-1d96-4e51-a4a4-95fb76a3a79a 3a0cae6728cd4c4abc9957458d6db21c 84586d48dafb4f1d92e8b04328030b71 - - - -] volume service is down. (host: rack08-server59@lvm-1)
2022-08-24 19:35:09.144 7 WARNING cinder.scheduler.host_manager [None req-55b6261a-7f40-4f93-86a1-7a9a36a260d0 6b9613b185674371afcb2cb7e97ecc3e db138faa0dd241fbb0f581b3d604dbbf - - - -] volume service is down. (host: rack08-server59@lvm-1)
2022-08-24 19:35:11.530 7 WARNING cinder.scheduler.host_manager [None req-f87197c6-6ffc-4ed2-9d36-98a93c476ddd 6b9613b185674371afcb2cb7e97ecc3e db138faa0dd241fbb0f581b3d604dbbf - - - -] volume service is down. (host: rack08-server59@lvm-1)
2022-08-24 19:35:21.317 7 WARNING cinder.scheduler.host_manager [None req-17a660bc-d8e1-4c13-b006-7f040b6090f2 475c6c83936141c080a395730d671362 ed3920ea52db4d73886772895861a62c - - - -] volume service is down. (host: rack08-server59@lvm-1)
2022-08-24 19:35:21.354 7 WARNING cinder.scheduler.host_manager [None req-5131aaec-cc01-40f3-a2b8-d74509db47e2 475c6c83936141c080a395730d671362 ed3920ea52db4d73886772895861a62c - - - -] volume service is down. (host: rack08-server59@lvm-1)
2022-08-24 19:35:28.850 7 WARNING cinder.scheduler.host_manager [None req-82c19459-8962-4c2d-966d-c94897c55e91 ff35dca51eb54be2a55ab3cae52e4cd9 d653ea5bed1a4bdbb854f284fdd05811 - - - -] volume service is down. (host: rack08-server59@lvm-1)
2022-08-24 19:35:31.202 7 WARNING cinder.scheduler.host_manager [None req-e09a4e32-94e9-448b-a24b-a225e2124669 ff35dca51eb54be2a55ab3cae52e4cd9 d653ea5bed1a4bdbb854f284fdd05811 - - - -] volume service is down. (host: rack08-server59@lvm-1)
2022-08-24 19:35:33.846 7 WARNING cinder.scheduler.host_manager [None req-6e135c6d-d117-4296-b623-5cf2ad80c10d ff35dca51eb54be2a55ab3cae52e4cd9 d653ea5bed1a4bdbb854f284fdd05811 - - - -] volume service is down. (host: rack08-server59@lvm-1)
2022-08-24 19:35:35.095 7 WARNING cinder.scheduler.host_manager [None req-f44c6f86-5cf6-4153-85ef-1b8fe0af2358 7c318dcdb9324e1580649db22dc4b586 5bf82f5ecde0478ab10e06fb7c3e13a8 - - - -] volume service is down. (host: rack08-server59@lvm-1)
2022-08-24 19:35:35.103 7 WARNING cinder.scheduler.host_manager [None req-f44c6f86-5cf6-4153-85ef-1b8fe0af2358 7c318dcdb9324e1580649db22dc4b586 5bf82f5ecde0478ab10e06fb7c3e13a8 - - - -] volume service is down. (host: rack08-server59@lvm-1)
2022-08-24 19:35:37.433 7 WARNING cinder.scheduler.host_manager [None req-41279aae-4371-4916-a008-b18138b1ce31 ff35dca51eb54be2a55ab3cae52e4cd9 d653ea5bed1a4bdbb854f284fdd05811 - - - -] volume service is down. (host: rack08-server59@lvm-1)
2022-08-24 19:35:40.961 7 WARNING cinder.scheduler.host_manager [None req-20b3883a-a59f-42cf-9366-99ec44f02ad6 ff35dca51eb54be2a55ab3cae52e4cd9 d653ea5bed1a4bdbb854f284fdd05811 - - - -] volume service is down. (host: rack08-server59@lvm-1)
2022-08-24 19:35:44.504 7 WARNING cinder.scheduler.host_manager [None req-6b8a8e67-3c1c-4e33-98b6-ebacf1a02fb1 ff35dca51eb54be2a55ab3cae52e4cd9 d653ea5bed1a4bdbb854f284fdd05811 - - - -] volume service is down. (host: rack08-server59@lvm-1)
2022-08-24 19:35:46.631 7 WARNING cinder.scheduler.host_manager [None req-129f4bb7-e4d8-4f31-bdfa-40b65fb86d90 2b5a605a8d3e4580bf876845b2bf6d1c 67dff82d389a437d9aa91f56f5e81318 - - - -] volume service is down. (host: rack08-server59@lvm-1)
2022-08-24 19:35:54.098 7 WARNING cinder.scheduler.host_manager [None req-7e186c91-e9b6-4518-b7c1-03ac7dd58d7f fa0b5f65219843899d9a42cfd59c7b59 a48be4c8c4af4970ba5c0870f4dd0784 - - - -] volume service is down. (host: rack08-server59@lvm-1)
2022-08-24 19:35:55.279 7 WARNING cinder.scheduler.host_manager [None req-e924458e-d116-4a10-a6a5-6e9dfe327db6 cd9c56c430124230aead8fbc1c8de6bf 65870a7974de4ca5b651e98f9b1fdad5 - - - -] volume service is down. (host: rack08-server59@lvm-1)
2022-08-24 19:35:55.279 7 INFO cinder.scheduler.base_filter [None req-e924458e-d116-4a10-a6a5-6e9dfe327db6 cd9c56c430124230aead8fbc1c8de6bf 65870a7974de4ca5b651e98f9b1fdad5 - - - -] Filtering removed all hosts for the request with volume ID 'ddd15c39-5cce-43d3-b620-0d2034b2084f'. Filter results: AvailabilityZoneFilter: (start: 1, end: 1), CapacityFilter: (start: 1, end: 1), CapabilitiesFilter: (start: 1, end: 0)
2022-08-24 19:35:55.280 7 WARNING cinder.scheduler.filter_scheduler [None req-e924458e-d116-4a10-a6a5-6e9dfe327db6 cd9c56c430124230aead8fbc1c8de6bf 65870a7974de4ca5b651e98f9b1fdad5 - - - -] No weighed backend found for volume with properties: {'id': 'af3fd73c-c0b8-4848-8217-cc73bb5ed3c7', 'name': 'tempest-UserMessagesTest-volume-type-130667565', 'description': None, 'is_public': True, 'projects': [], 'extra_specs': {'storage_protocol': 'tempest-storage_protocol-1378011704', 'vendor_name': 'tempest-vendor_name-1796798983'}, 'qos_specs_id': None, 'created_at': '2022-08-24T16:35:54.000000', 'updated_at': None, 'deleted_at': None, 'deleted': False}
2022-08-24 19:35:55.280 7 INFO cinder.message.api [None req-e924458e-d116-4a10-a6a5-6e9dfe327db6 cd9c56c430124230aead8fbc1c8de6bf 65870a7974de4ca5b651e98f9b1fdad5 - - - -] Creating message record for request_id = req-e924458e-d116-4a10-a6a5-6e9dfe327db6
2022-08-24 19:35:55.285 7 ERROR cinder.scheduler.flows.create_volume [None req-e924458e-d116-4a10-a6a5-6e9dfe327db6 cd9c56c430124230aead8fbc1c8de6bf 65870a7974de4ca5b651e98f9b1fdad5 - - - -] Failed to run task cinder.scheduler.flows.create_volume.ScheduleCreateVolumeTask;volume:create: No valid backend was found. No weighed backends available: cinder.exception.NoValidBackend: No valid backend was found. No weighed backends available
2022-08-24 19:35:56.795 7 WARNING cinder.scheduler.host_manager [None req-b5b4eed9-15e7-41fc-a087-2e9cd408dae1 fa0b5f65219843899d9a42cfd59c7b59 a48be4c8c4af4970ba5c0870f4dd0784 - - - -] volume service is down. (host: rack08-server59@lvm-1)
2022-08-24 19:35:56.876 7 WARNING cinder.scheduler.host_manager [None req-0f58d66c-9f79-48fe-ac07-7f196a089984 cd9c56c430124230aead8fbc1c8de6bf 65870a7974de4ca5b651e98f9b1fdad5 - - - -] volume service is down. (host: rack08-server59@lvm-1)
2022-08-24 19:35:56.877 7 INFO cinder.scheduler.base_filter [None req-0f58d66c-9f79-48fe-ac07-7f196a089984 cd9c56c430124230aead8fbc1c8de6bf 65870a7974de4ca5b651e98f9b1fdad5 - - - -] Filtering removed all hosts for the request with volume ID 'cc83df12-cf73-442e-909a-70751c6e8af7'. Filter results: AvailabilityZoneFilter: (start: 1, end: 1), CapacityFilter: (start: 1, end: 1), CapabilitiesFilter: (start: 1, end: 0)
2022-08-24 19:35:56.877 7 WARNING cinder.scheduler.filter_scheduler [None req-0f58d66c-9f79-48fe-ac07-7f196a089984 cd9c56c430124230aead8fbc1c8de6bf 65870a7974de4ca5b651e98f9b1fdad5 - - - -] No weighed backend found for volume with properties: {'id': '881cd86c-3c0a-4deb-bf7f-89e082df1491', 'name': 'tempest-UserMessagesTest-volume-type-259418744', 'description': None, 'is_public': True, 'projects': [], 'extra_specs': {'storage_protocol': 'tempest-storage_protocol-17821742', 'vendor_name': 'tempest-vendor_name-1311189125'}, 'qos_specs_id': None, 'created_at': '2022-08-24T16:35:56.000000', 'updated_at': None, 'deleted_at': None, 'deleted': False}
2022-08-24 19:35:56.877 7 INFO cinder.message.api [None req-0f58d66c-9f79-48fe-ac07-7f196a089984 cd9c56c430124230aead8fbc1c8de6bf 65870a7974de4ca5b651e98f9b1fdad5 - - - -] Creating message record for request_id = req-0f58d66c-9f79-48fe-ac07-7f196a089984
2022-08-24 19:35:56.882 7 ERROR cinder.scheduler.flows.create_volume [None req-0f58d66c-9f79-48fe-ac07-7f196a089984 cd9c56c430124230aead8fbc1c8de6bf 65870a7974de4ca5b651e98f9b1fdad5 - - - -] Failed to run task cinder.scheduler.flows.create_volume.ScheduleCreateVolumeTask;volume:create: No valid backend was found. No weighed backends available: cinder.exception.NoValidBackend: No valid backend was found. No weighed backends available
2022-08-24 19:36:06.741 7 WARNING cinder.scheduler.host_manager [None req-af6b6cf1-ab0c-4775-a6e8-8cfe5fe9138c 84bd76a0142a457fb9ca95ec4e42a33a 1fe7ae4a15614f12acfadc87a79370bc - - - -] volume service is down. (host: rack08-server59@lvm-1)
2022-08-24 19:36:08.173 7 WARNING cinder.scheduler.host_manager [None req-7b8227f4-de97-4f75-b14f-f44187353421 84bd76a0142a457fb9ca95ec4e42a33a 1fe7ae4a15614f12acfadc87a79370bc - - - -] volume service is down. (host: rack08-server59@lvm-1)
2022-08-24 19:36:10.022 7 WARNING cinder.scheduler.host_manager [None req-84eb51dc-7678-413d-80f3-817226ba161a 2c1df971efdb4c5489f0ca229888199e 133817df7aae422682f89ce8c36a62ab - - - -] volume service is down. (host: rack08-server59@lvm-1)
2022-08-24 19:36:15.766 7 WARNING cinder.scheduler.host_manager [None req-307b1220-495a-4350-8f9d-62c393b26ef8 6ebee63fdd204c69b7b7c5520ccd7608 f8425da94b97465cb5cb8915783a5498 - - - -] volume service is down. (host: rack08-server59@lvm-1)
2022-08-24 19:36:27.922 7 WARNING cinder.scheduler.host_manager [None req-c3203ef8-91f9-4995-b5d0-8ced4b041f63 6da9b66ac30c442795b701829b5a9b42 809a76bf69af442f8cdb30f2db9b1562 - - - -] volume service is down. (host: rack08-server59@lvm-1)
2022-08-24 19:36:29.204 7 WARNING cinder.scheduler.host_manager [None req-b4ab753f-3506-4790-b519-97c7f5da5a0e 6da9b66ac30c442795b701829b5a9b42 809a76bf69af442f8cdb30f2db9b1562 - - - -] volume service is down. (host: rack08-server59@lvm-1)
2022-08-24 19:36:37.392 7 WARNING cinder.scheduler.host_manager [None req-35d70a3a-42fb-475f-8984-0a9f110e850b cd06f84adc544122aa004e7718af8fed 9f839cf52221475c8572e1fa3a9ca27c - - - -] volume service is down. (host: rack08-server59@lvm-1)
2022-08-24 19:36:38.680 7 WARNING cinder.scheduler.host_manager [None req-e25fd483-aeb9-49e3-8646-a54d024688ac cd06f84adc544122aa004e7718af8fed 9f839cf52221475c8572e1fa3a9ca27c - - - -] volume service is down. (host: rack08-server59@lvm-1)
2022-08-24 19:36:49.043 7 WARNING cinder.scheduler.host_manager [None req-e7b1434d-afdf-4de8-8824-34262f8d3d32 62bc379a95514b02871535f451f8d099 eb4059fd5dc94e57a2a2a0ef9f6c8d4d - - - -] volume service is down. (host: rack08-server59@lvm-1)
2022-08-24 19:36:56.058 7 WARNING cinder.scheduler.host_manager [None req-08018937-2b7e-40ea-913e-1bfb2e09c6d9 cfcd5d4d3b6f40db82473daad7acb910 22e1b7b0531a468ebc1a34b1153eb3fb - - - -] volume service is down. (host: rack08-server59@lvm-1)
2022-08-24 19:37:07.948 7 WARNING cinder.scheduler.host_manager [None req-93663589-4817-4729-be4f-39b16f9bf091 cfcd5d4d3b6f40db82473daad7acb910 22e1b7b0531a468ebc1a34b1153eb3fb - - - -] volume service is down. (host: rack08-server59@lvm-1)
2022-08-24 19:37:09.467 7 WARNING cinder.scheduler.host_manager [None req-28cf7377-1254-48e6-bb26-6dbaf7077e5c cfcd5d4d3b6f40db82473daad7acb910 22e1b7b0531a468ebc1a34b1153eb3fb - - - -] volume service is down. (host: rack08-server59@lvm-1)
2022-08-24 19:37:10.770 7 WARNING cinder.scheduler.host_manager [None req-7ce4edee-46f4-42d4-b1dc-cbfdab06ff92 cfcd5d4d3b6f40db82473daad7acb910 22e1b7b0531a468ebc1a34b1153eb3fb - - - -] volume service is down. (host: rack08-server59@lvm-1)
2022-08-24 19:37:13.115 7 WARNING cinder.scheduler.host_manager [None req-35e5402b-f4ca-4b93-8aeb-a1533ea9e91d cfcd5d4d3b6f40db82473daad7acb910 22e1b7b0531a468ebc1a34b1153eb3fb - - - -] volume service is down. (host: rack08-server59@lvm-1)
2022-08-24 19:37:20.712 7 WARNING cinder.scheduler.host_manager [None req-8e7558b8-1f1d-4de1-84d5-5b79290a407c 25e7b929374f44b1ad6ca325be6172b8 e04c0a572b964815bc5de633f46542ff - - - -] volume service is down. (host: rack08-server59@lvm-1)
2022-08-24 19:37:23.741 7 WARNING cinder.scheduler.host_manager [None req-894abd88-3b36-4964-a8f5-8c7211c7789b 25e7b929374f44b1ad6ca325be6172b8 e04c0a572b964815bc5de633f46542ff - - - -] volume service is down. (host: rack08-server59@lvm-1)
2022-08-24 19:37:28.550 7 WARNING cinder.scheduler.host_manager [None req-dc73d73e-8028-45e8-9382-92eb4b1b3b18 25e7b929374f44b1ad6ca325be6172b8 e04c0a572b964815bc5de633f46542ff - - - -] volume service is down. (host: rack08-server59@lvm-1)
2022-08-24 19:37:31.047 7 WARNING cinder.scheduler.host_manager [None req-f4cb6ce1-4ad9-436e-a406-12dafab8fb21 25e7b929374f44b1ad6ca325be6172b8 e04c0a572b964815bc5de633f46542ff - - - -] volume service is down. (host: rack08-server59@lvm-1)
2022-08-24 19:37:34.765 7 WARNING cinder.scheduler.host_manager [None req-de88179c-08f5-4b77-b45c-ac871db707af 25e7b929374f44b1ad6ca325be6172b8 e04c0a572b964815bc5de633f46542ff - - - -] volume service is down. (host: rack08-server59@lvm-1)
2022-08-24 19:37:38.620 7 WARNING cinder.scheduler.host_manager [None req-c5fcb306-fc4c-441d-bfad-c530b31f360c 25e7b929374f44b1ad6ca325be6172b8 e04c0a572b964815bc5de633f46542ff - - - -] volume service is down. (host: rack08-server59@lvm-1)
2022-08-24 19:37:50.871 7 WARNING cinder.scheduler.host_manager [None req-dead72ee-07ab-4448-8990-84611bfc9fb7 25e7b929374f44b1ad6ca325be6172b8 e04c0a572b964815bc5de633f46542ff - - - -] volume service is down. (host: rack08-server59@lvm-1)
2022-08-24 19:38:01.338 7 WARNING cinder.scheduler.host_manager [None req-d0795fa5-41ec-4529-84d1-a8b7b1f54b19 d88a8f44a01d4ac9b10708251ff3d63b f47e2c840ddd4d729984bbd241435cb1 - - - -] volume service is down. (host: rack08-server59@lvm-1)
2022-08-24 19:38:02.816 7 WARNING cinder.scheduler.host_manager [None req-33c259cb-a6da-4531-bc67-17c87e54e5a1 d88a8f44a01d4ac9b10708251ff3d63b f47e2c840ddd4d729984bbd241435cb1 - - - -] volume service is down. (host: rack08-server59@lvm-1)
2022-08-24 19:38:04.277 7 WARNING cinder.scheduler.host_manager [None req-cb248baa-ef1d-494e-8ce3-71dee813d946 d88a8f44a01d4ac9b10708251ff3d63b f47e2c840ddd4d729984bbd241435cb1 - - - -] volume service is down. (host: rack08-server59@lvm-1)
2022-08-24 19:38:13.901 7 WARNING cinder.scheduler.host_manager [None req-aee706e4-97df-4620-bdee-9495e12e36b9 f751cb310d9f4e3fa0c77a8c4db76c2b cae41d9416d24c09a1de7b3cc4b30c16 - - - -] volume service is down. (host: rack08-server59@lvm-1)
2022-08-24 19:41:51.401 7 WARNING cinder.scheduler.host_manager [None req-0ed6a307-1c62-441f-b4e5-6756eccb8216 9372bd886b1c495f89100679b69d8f74 db45d8b7fe0b46ff8d8fad040a5cbb02 - - - -] volume service is down. (host: rack08-server59@lvm-1)
2022-08-24 19:41:54.321 7 WARNING cinder.scheduler.host_manager [None req-569d0b93-6dc8-4d64-a289-61952e2aee66 9372bd886b1c495f89100679b69d8f74 db45d8b7fe0b46ff8d8fad040a5cbb02 - - - -] volume service is down. (host: rack08-server59@lvm-1)
2022-08-24 19:41:56.996 7 WARNING cinder.scheduler.host_manager [None req-43e00fa4-7561-4c45-971f-1b716edeab02 9372bd886b1c495f89100679b69d8f74 db45d8b7fe0b46ff8d8fad040a5cbb02 - - - -] volume service is down. (host: rack08-server59@lvm-1)
2022-08-24 19:41:59.671 7 WARNING cinder.scheduler.host_manager [None req-4ddc5d18-293b-4272-8c78-96001b991cdd 9372bd886b1c495f89100679b69d8f74 db45d8b7fe0b46ff8d8fad040a5cbb02 - - - -] volume service is down. (host: rack08-server59@lvm-1)
2022-08-24 19:42:03.435 7 WARNING cinder.scheduler.host_manager [None req-f8697125-6654-4213-9d4a-e4599ad40735 9372bd886b1c495f89100679b69d8f74 db45d8b7fe0b46ff8d8fad040a5cbb02 - - - -] volume service is down. (host: rack08-server59@lvm-1)
2022-08-24 19:42:12.663 7 WARNING cinder.scheduler.host_manager [None req-11f25576-0e92-4885-801f-ed354ea4352b 0b85125bcb5c402e81ceaa2f66fa6c93 0d34cb1649964ff3b48810ad013c8c08 - - - -] volume service is down. (host: rack08-server59@lvm-1)
2022-08-24 19:42:14.151 7 WARNING cinder.scheduler.host_manager [None req-f4562f1e-709b-4feb-98dd-875d4fce7cd2 0b85125bcb5c402e81ceaa2f66fa6c93 0d34cb1649964ff3b48810ad013c8c08 - - - -] volume service is down. (host: rack08-server59@lvm-1)
2022-08-24 19:42:15.630 7 WARNING cinder.scheduler.host_manager [None req-fa77efe7-bab8-44cb-85d7-a1a9ab998bf8 0b85125bcb5c402e81ceaa2f66fa6c93 0d34cb1649964ff3b48810ad013c8c08 - - - -] volume service is down. (host: rack08-server59@lvm-1)
2022-08-24 19:42:17.355 7 WARNING cinder.scheduler.host_manager [None req-dcf7c186-fe13-41cf-bcdd-36f0db6818d8 a4c24c50823e48798342ec1a2bb2f38a 30889dce7dac4fbd8f92319d4e4ce627 - - - -] volume service is down. (host: rack08-server59@lvm-1)
2022-08-24 19:42:26.345 7 WARNING cinder.scheduler.host_manager [None req-bb86f645-f272-4b22-8429-9c0dd2bf3126 6cfd0a6dd4b84295914a2b6fa5f28cb9 9e811cccc48940baa3352648a0a645e7 - - - -] volume service is down. (host: rack08-server59@lvm-1)
2022-08-24 19:42:42.787 7 WARNING cinder.scheduler.host_manager [None req-8f96dc41-935b-43d2-b5cc-3740355b82d1 9897b1cc0c3948dab393600ba0df8a22 f29a17798af24a2bbc16b2f1e142bbff - - - -] volume service is down. (host: rack08-server59@lvm-1)
2022-08-24 19:42:48.804 7 WARNING cinder.scheduler.host_manager [None req-92752bd2-7e37-496d-a74a-4bdb94e2ddf3 1faa3e391d0a47d28b2924933dddbd3b e0f415707a76431a8f6236d88e538e8a - - - -] volume service is down. (host: rack08-server59@lvm-1)
2022-08-24 19:42:50.093 7 WARNING cinder.scheduler.host_manager [None req-9db420c1-43d8-40b6-9230-093521c8042f 1faa3e391d0a47d28b2924933dddbd3b e0f415707a76431a8f6236d88e538e8a - - - -] volume service is down. (host: rack08-server59@lvm-1)
2022-08-24 19:42:52.382 7 WARNING cinder.scheduler.host_manager [None req-5c1911ca-9bac-4119-bdf5-fc2cc1dbbacc 1faa3e391d0a47d28b2924933dddbd3b e0f415707a76431a8f6236d88e538e8a - - - -] volume service is down. (host: rack08-server59@lvm-1)
2022-08-24 19:42:56.102 7 WARNING cinder.scheduler.host_manager [None req-08b7c69c-fabc-4fce-8782-5b4729374be0 1faa3e391d0a47d28b2924933dddbd3b e0f415707a76431a8f6236d88e538e8a - - - -] volume service is down. (host: rack08-server59@lvm-1)
2022-08-24 19:42:58.417 7 WARNING cinder.scheduler.host_manager [None req-2f638747-e7e7-4711-ad5f-6950cffea435 1faa3e391d0a47d28b2924933dddbd3b e0f415707a76431a8f6236d88e538e8a - - - -] volume service is down. (host: rack08-server59@lvm-1)
2022-08-24 19:43:00.930 7 WARNING cinder.scheduler.host_manager [None req-d67ddcdb-4a82-4978-9dd1-3817f48fa9f0 1faa3e391d0a47d28b2924933dddbd3b e0f415707a76431a8f6236d88e538e8a - - - -] volume service is down. (host: rack08-server59@lvm-1)
2022-08-24 19:43:10.548 7 WARNING cinder.scheduler.host_manager [None req-0c113c79-1bc0-4246-8eb5-e71c3c54e190 c104af49e6f046728f448bc859f430ce 2aee4554a91542b8b9773e7302d20cfd - - - -] volume service is down. (host: rack08-server59@lvm-1)
2022-08-24 19:43:14.692 7 WARNING cinder.scheduler.host_manager [None req-e0d9d1bf-7f2c-4cfe-812f-dc10de985960 c104af49e6f046728f448bc859f430ce 2aee4554a91542b8b9773e7302d20cfd - - - -] volume service is down. (host: rack08-server59@lvm-1)
2022-08-24 19:43:23.343 7 WARNING cinder.scheduler.host_manager [None req-480950de-3632-497c-920b-c9aab5285ea9 b91a3bd146824aaf8249062aa2baada2 172861eca14a494cad42791c32a78677 - - - -] volume service is down. (host: rack08-server59@lvm-1)
2022-08-24 19:43:24.557 7 WARNING cinder.scheduler.host_manager [None req-af7a54cd-ebc7-472c-9e3a-fa596fc764ba 3817822844034a099036b826036caac9 88e8ffe694cd449eabb6f7353b8c7edf - - - -] volume service is down. (host: rack08-server59@lvm-1)
2022-08-24 19:43:24.641 7 WARNING cinder.scheduler.host_manager [None req-a039f9dd-75ae-447b-b35d-8a42434aa8ea b91a3bd146824aaf8249062aa2baada2 172861eca14a494cad42791c32a78677 - - - -] volume service is down. (host: rack08-server59@lvm-1)
2022-08-24 19:43:26.924 7 WARNING cinder.scheduler.host_manager [None req-82d92e11-c82f-4a9a-bd18-1138a87b8d2f b91a3bd146824aaf8249062aa2baada2 172861eca14a494cad42791c32a78677 - - - -] volume service is down. (host: rack08-server59@lvm-1)
2022-08-24 19:43:28.417 7 WARNING cinder.scheduler.host_manager [None req-7b7f02ba-21fa-4658-a306-909c9c930c33 3817822844034a099036b826036caac9 88e8ffe694cd449eabb6f7353b8c7edf - - - -] volume service is down. (host: rack08-server59@lvm-1)
2022-08-24 19:43:29.204 7 WARNING cinder.scheduler.host_manager [None req-d2275147-f1ce-4320-bab1-f8c8982f0b2d b91a3bd146824aaf8249062aa2baada2 172861eca14a494cad42791c32a78677 - - - -] volume service is down. (host: rack08-server59@lvm-1)
2022-08-24 19:43:36.038 7 WARNING cinder.scheduler.host_manager [None req-5591f9d1-4ae8-408a-b9eb-da4a4133fb10 2597d5daba184fa786545da7ff5e32e9 f05b8e312fab4e249772e170e4a867ef - - - -] volume service is down. (host: rack08-server59@lvm-1)
2022-08-24 19:43:39.633 7 WARNING cinder.scheduler.host_manager [None req-293175cf-69ff-4630-9506-6b4a5a5883a7 65c0acf12ed24268a29d381dc974ea8d 6673aca488f947b69aebfe33a5712ca3 - - - -] volume service is down. (host: rack08-server59@lvm-1)
2022-08-24 19:43:41.062 7 WARNING cinder.scheduler.host_manager [None req-ed7dd5af-9cd1-4d25-9651-76d2a75d0caa 65c0acf12ed24268a29d381dc974ea8d 6673aca488f947b69aebfe33a5712ca3 - - - -] volume service is down. (host: rack08-server59@lvm-1)
2022-08-24 19:52:52.978 7 WARNING cinder.scheduler.host_manager [None req-82ef8a5e-a742-4298-923e-f07970f9a420 ba25d675ffa74901b83d3b1eaf3f3752 f6e172a206114334a4fb9f2df8a445e4 - - - -] volume service is down. (host: rack08-server59@lvm-1)
2022-08-24 19:53:05.066 7 WARNING cinder.scheduler.host_manager [None req-fa898127-7d0a-43a4-8d90-318174c0f22f ba25d675ffa74901b83d3b1eaf3f3752 f6e172a206114334a4fb9f2df8a445e4 - - - -] volume service is down. (host: rack08-server59@lvm-1)
2022-08-24 19:53:10.758 7 WARNING cinder.scheduler.host_manager [None req-d9f04110-aaad-48cf-bfe8-a50e939ace30 ba25d675ffa74901b83d3b1eaf3f3752 f6e172a206114334a4fb9f2df8a445e4 - - - -] volume service is down. (host: rack08-server59@lvm-1)
2022-08-24 19:53:12.217 7 WARNING cinder.scheduler.host_manager [None req-a2f8a6a2-831d-45d4-8711-5aad13003e2c ba25d675ffa74901b83d3b1eaf3f3752 f6e172a206114334a4fb9f2df8a445e4 - - - -] volume service is down. (host: rack08-server59@lvm-1)
2022-08-24 19:53:22.162 7 WARNING cinder.scheduler.host_manager [None req-2ac7b281-5e42-4a68-817a-e804f73ba563 85cfa3c356204fafbb139ac0edcfcb5b 61e1d095ac664a0db8aa62c4451b5d95 - - - -] volume service is down. (host: rack08-server59@lvm-1)
2022-08-24 19:53:29.450 7 WARNING cinder.scheduler.host_manager [None req-3fa74dcf-5a68-4108-9c0c-2000d62b3973 cbde36c3a32542bf88d83347b2690942 2f5e6a987dfc426eb981ccb88ef7f0fb - - - -] volume service is down. (host: rack08-server59@lvm-1)
2022-08-24 19:58:42.706 7 WARNING cinder.scheduler.host_manager [None req-0dae39b0-84b0-4f08-906c-22530495fbde 165b31d2b2b44075862dfd3341026e91 4403f6c52f0a486a95b6b8fea4cca0ac - - - -] volume service is down. (host: rack08-server59@lvm-1)
2022-08-24 19:58:42.773 7 WARNING cinder.scheduler.host_manager [None req-670e833f-fcb6-4c08-9011-b0ac756f40f2 b2fced759b3e47f480a0da2830b9bcd8 31bd5badf79540169ff74c555fb533e1 - - - -] volume service is down. (host: rack08-server59@lvm-1)
2022-08-24 19:58:42.817 7 WARNING cinder.scheduler.host_manager [None req-76f800c1-888b-4f47-bdf2-f33aaf750e8a a45748264a20456b9494739d22a61a7b f419428b5f4847edbdc74a50b50aa7bf - - - -] volume service is down. (host: rack08-server59@lvm-1)
2022-08-24 19:58:43.044 7 WARNING cinder.scheduler.host_manager [None req-52ef8642-9638-4dbc-82bd-af2d3d8ae8df b2fced759b3e47f480a0da2830b9bcd8 31bd5badf79540169ff74c555fb533e1 - - - -] volume service is down. (host: rack08-server59@lvm-1)
2022-08-24 19:58:43.335 7 WARNING cinder.scheduler.host_manager [None req-c8f0cdc9-6f14-40e9-895c-1ebd6ecc069b b2fced759b3e47f480a0da2830b9bcd8 31bd5badf79540169ff74c555fb533e1 - - - -] volume service is down. (host: rack08-server59@lvm-1)
2022-08-24 19:58:43.643 7 WARNING cinder.scheduler.host_manager [None req-e8d02cf4-987f-4cf2-84fe-b1cc2863b1c9 b2fced759b3e47f480a0da2830b9bcd8 31bd5badf79540169ff74c555fb533e1 - - - -] volume service is down. (host: rack08-server59@lvm-1)
2022-08-24 19:58:43.939 7 WARNING cinder.scheduler.host_manager [None req-dc7b2e7e-d723-4891-9284-3164e0e58445 b2fced759b3e47f480a0da2830b9bcd8 31bd5badf79540169ff74c555fb533e1 - - - -] volume service is down. (host: rack08-server59@lvm-1)
2022-08-24 19:58:43.998 7 WARNING cinder.scheduler.host_manager [None req-c47bcc4a-675d-4518-9641-93cc9328e672 165b31d2b2b44075862dfd3341026e91 4403f6c52f0a486a95b6b8fea4cca0ac - - - -] volume service is down. (host: rack08-server59@lvm-1)
2022-08-24 19:58:44.192 7 WARNING cinder.scheduler.host_manager [None req-064ca4af-b118-475a-9d9a-089e7b454709 a45748264a20456b9494739d22a61a7b f419428b5f4847edbdc74a50b50aa7bf - - - -] volume service is down. (host: rack08-server59@lvm-1)
2022-08-24 19:58:44.488 7 WARNING cinder.scheduler.host_manager [None req-721816ca-9d0a-411e-a801-97e06d96200d a45748264a20456b9494739d22a61a7b f419428b5f4847edbdc74a50b50aa7bf - - - -] volume service is down. (host: rack08-server59@lvm-1)
2022-08-24 19:58:44.783 7 WARNING cinder.scheduler.host_manager [None req-81663138-5a75-40a3-a3fd-20bc4ee6d28a a45748264a20456b9494739d22a61a7b f419428b5f4847edbdc74a50b50aa7bf - - - -] volume service is down. (host: rack08-server59@lvm-1)
2022-08-24 19:58:45.096 7 WARNING cinder.scheduler.host_manager [None req-58193de6-b13a-415d-b122-1ecfe9debb99 a45748264a20456b9494739d22a61a7b f419428b5f4847edbdc74a50b50aa7bf - - - -] volume service is down. (host: rack08-server59@lvm-1)
2022-08-24 19:58:45.378 7 WARNING cinder.scheduler.host_manager [None req-38ca3bf2-3940-4b75-ac1e-fde891686e3d a45748264a20456b9494739d22a61a7b f419428b5f4847edbdc74a50b50aa7bf - - - -] volume service is down. (host: rack08-server59@lvm-1)
2022-08-24 19:58:46.414 7 WARNING cinder.scheduler.host_manager [None req-6bc987e4-cbac-47cb-9afb-2c8cc608684a 165b31d2b2b44075862dfd3341026e91 4403f6c52f0a486a95b6b8fea4cca0ac - - - -] volume service is down. (host: rack08-server59@lvm-1)
2022-08-24 19:58:46.711 7 WARNING cinder.scheduler.host_manager [None req-53d94dd0-d683-4c31-b603-85f2a86c7a7d 165b31d2b2b44075862dfd3341026e91 4403f6c52f0a486a95b6b8fea4cca0ac - - - -] volume service is down. (host: rack08-server59@lvm-1)
2022-08-24 19:58:47.010 7 WARNING cinder.scheduler.host_manager [None req-666090d5-a692-4720-bec1-bd00277be0e7 165b31d2b2b44075862dfd3341026e91 4403f6c52f0a486a95b6b8fea4cca0ac - - - -] volume service is down. (host: rack08-server59@lvm-1)
2022-08-24 19:58:47.324 7 WARNING cinder.scheduler.host_manager [None req-b2d40f29-fbed-4cca-abb5-9475e49497f6 165b31d2b2b44075862dfd3341026e91 4403f6c52f0a486a95b6b8fea4cca0ac - - - -] volume service is down. (host: rack08-server59@lvm-1)
2022-08-24 19:58:47.637 7 WARNING cinder.scheduler.host_manager [None req-babc2dba-a67f-44a3-af4b-77ba449171e0 165b31d2b2b44075862dfd3341026e91 4403f6c52f0a486a95b6b8fea4cca0ac - - - -] volume service is down. (host: rack08-server59@lvm-1)
2022-08-24 19:58:54.305 7 WARNING cinder.scheduler.host_manager [None req-2c207ffc-c814-457c-ac0b-ac77658e2600 8bed3d7084664174bb525cabacafe54b e8220a3384d847f29d954f92d0459c56 - - - -] volume service is down. (host: rack08-server59@lvm-1)
2022-08-24 19:58:56.886 7 WARNING cinder.scheduler.host_manager [None req-30dc7a53-ff53-4314-9e8d-ca5791c240db 8bed3d7084664174bb525cabacafe54b e8220a3384d847f29d954f92d0459c56 - - - -] volume service is down. (host: rack08-server59@lvm-1)
2022-08-24 19:58:58.210 7 WARNING cinder.scheduler.host_manager [None req-ba549a39-15bd-4653-8c89-ad5e93720612 8bed3d7084664174bb525cabacafe54b e8220a3384d847f29d954f92d0459c56 - - - -] volume service is down. (host: rack08-server59@lvm-1)
