Build Started 22_08_2022_17_02_57
2022-08-22 20:05:45.650 7 WARNING cinder.scheduler.host_manager [None req-badb6328-ba36-4e6b-b04d-0c085d4f7bae 92f808fecbd2434289e9a6f7f9d38a4e 249ca8d01f9745508997292bc5a6b6d5 - - - -] volume service is down. (host: rack08-server59@lvm-1)
2022-08-22 20:05:45.750 7 WARNING cinder.scheduler.host_manager [None req-04e7d415-3cea-4ee5-975b-b19de89c61bd 2c8d416a34ef484294e365c362c5ba6c ff7711591d8a49dab6d09795acb65f6f - - - -] volume service is down. (host: rack08-server59@lvm-1)
2022-08-22 20:05:45.776 7 WARNING cinder.scheduler.host_manager [req-73ec437f-9664-4bf5-9a6f-0942c79ca486 req-099f9226-a877-4c34-8e63-f4ffb198160a 6247d7c3ab494ccdb52ac87dc0a8535a e20015c22932483fae706ab15555ca78 - - - -] volume service is down. (host: rack08-server59@lvm-1)
2022-08-22 20:05:47.268 7 WARNING cinder.scheduler.host_manager [req-a79d3c1b-85f7-4f63-bb20-85cf48926bbf req-1a65131b-0a6c-4e5d-874a-ec49cb4bccfe 6247d7c3ab494ccdb52ac87dc0a8535a e20015c22932483fae706ab15555ca78 - - - -] volume service is down. (host: rack08-server59@lvm-1)
2022-08-22 20:05:53.979 7 WARNING cinder.scheduler.host_manager [None req-5a1f8aee-3c4d-4114-85d6-32867e7c755a 29f76f66373846e0a3e147889fb7a878 4fea9d4b48a44294aa27d1e2b6e90961 - - - -] volume service is down. (host: rack08-server59@lvm-1)
2022-08-22 20:05:55.420 7 WARNING cinder.scheduler.host_manager [None req-2bbebcf9-95ac-4bee-949b-1e7d0c12bb0b 29f76f66373846e0a3e147889fb7a878 4fea9d4b48a44294aa27d1e2b6e90961 - - - -] volume service is down. (host: rack08-server59@lvm-1)
2022-08-22 20:05:56.864 7 WARNING cinder.scheduler.host_manager [None req-61bbbbc3-6fc7-4022-93e0-db036f11304e 29f76f66373846e0a3e147889fb7a878 4fea9d4b48a44294aa27d1e2b6e90961 - - - -] volume service is down. (host: rack08-server59@lvm-1)
2022-08-22 20:06:21.721 7 WARNING cinder.scheduler.host_manager [None req-b2e9a18b-f991-44c4-8318-87247247625c 12200b4172854565b9c5da5e7d80a0fa 02aae600d2db4bd9872e36bac6a9f6c3 - - - -] volume service is down. (host: rack08-server59@lvm-1)
2022-08-22 20:06:21.727 7 WARNING cinder.scheduler.host_manager [None req-b2e9a18b-f991-44c4-8318-87247247625c 12200b4172854565b9c5da5e7d80a0fa 02aae600d2db4bd9872e36bac6a9f6c3 - - - -] volume service is down. (host: rack08-server59@lvm-1)
2022-08-22 20:06:22.931 7 WARNING cinder.scheduler.host_manager [None req-6b83fdbe-a8b4-4312-a5c9-09a64b27fede 12200b4172854565b9c5da5e7d80a0fa 02aae600d2db4bd9872e36bac6a9f6c3 - - - -] volume service is down. (host: rack08-server59@lvm-1)
2022-08-22 20:06:22.937 7 WARNING cinder.scheduler.host_manager [None req-6b83fdbe-a8b4-4312-a5c9-09a64b27fede 12200b4172854565b9c5da5e7d80a0fa 02aae600d2db4bd9872e36bac6a9f6c3 - - - -] volume service is down. (host: rack08-server59@lvm-1)
2022-08-22 20:06:24.398 7 WARNING cinder.scheduler.host_manager [None req-0afbca82-a5d5-4ad0-90d6-f106b0ddf9de 12200b4172854565b9c5da5e7d80a0fa 02aae600d2db4bd9872e36bac6a9f6c3 - - - -] volume service is down. (host: rack08-server59@lvm-1)
2022-08-22 20:06:28.641 7 WARNING cinder.scheduler.host_manager [None req-afe6ee40-edb4-4414-9571-5ec57cb4d254 12200b4172854565b9c5da5e7d80a0fa 02aae600d2db4bd9872e36bac6a9f6c3 - - - -] volume service is down. (host: rack08-server59@lvm-1)
2022-08-22 20:06:28.647 7 WARNING cinder.scheduler.host_manager [None req-afe6ee40-edb4-4414-9571-5ec57cb4d254 12200b4172854565b9c5da5e7d80a0fa 02aae600d2db4bd9872e36bac6a9f6c3 - - - -] volume service is down. (host: rack08-server59@lvm-1)
2022-08-22 20:06:30.056 7 WARNING cinder.scheduler.host_manager [None req-8ed72129-be1f-4957-af97-22f138c7d95a 12200b4172854565b9c5da5e7d80a0fa 02aae600d2db4bd9872e36bac6a9f6c3 - - - -] volume service is down. (host: rack08-server59@lvm-1)
2022-08-22 20:06:31.493 7 WARNING cinder.scheduler.host_manager [None req-dd70bada-ffde-41bc-9c79-068a5b0560ca 12200b4172854565b9c5da5e7d80a0fa 02aae600d2db4bd9872e36bac6a9f6c3 - - - -] volume service is down. (host: rack08-server59@lvm-1)
2022-08-22 20:06:42.549 7 WARNING cinder.scheduler.host_manager [None req-6b05afc6-5fe9-48d2-93b0-578ea1287146 629e108936714faba9fc0e05c068c83a 38ddd02ee0754981a6318c3991f31201 - - - -] volume service is down. (host: rack08-server59@lvm-1)
2022-08-22 20:06:42.557 7 WARNING cinder.scheduler.host_manager [None req-6b05afc6-5fe9-48d2-93b0-578ea1287146 629e108936714faba9fc0e05c068c83a 38ddd02ee0754981a6318c3991f31201 - - - -] volume service is down. (host: rack08-server59@lvm-1)
2022-08-22 20:06:55.822 7 WARNING cinder.scheduler.host_manager [None req-02fe86ea-ece1-45f8-9e1c-f0948868cf49 a7a124af33294e899fbb048a395f0583 371c9ed428294e23b2f267716c4798d2 - - - -] volume service is down. (host: rack08-server59@lvm-1)
2022-08-22 20:06:58.147 7 WARNING cinder.scheduler.host_manager [None req-acf6943b-214c-492b-a665-a1e1e1b402f3 a7a124af33294e899fbb048a395f0583 371c9ed428294e23b2f267716c4798d2 - - - -] volume service is down. (host: rack08-server59@lvm-1)
2022-08-22 20:07:00.758 7 WARNING cinder.scheduler.host_manager [None req-4d4fe439-f70b-4948-ba83-3a32b9ddce9a a7a124af33294e899fbb048a395f0583 371c9ed428294e23b2f267716c4798d2 - - - -] volume service is down. (host: rack08-server59@lvm-1)
2022-08-22 20:07:04.330 7 WARNING cinder.scheduler.host_manager [None req-ed9bcbf4-9385-477e-9e24-a36fe3e9677c a7a124af33294e899fbb048a395f0583 371c9ed428294e23b2f267716c4798d2 - - - -] volume service is down. (host: rack08-server59@lvm-1)
2022-08-22 20:07:07.896 7 WARNING cinder.scheduler.host_manager [None req-23ca593b-4e1c-4a19-8638-2b219da830d9 a7a124af33294e899fbb048a395f0583 371c9ed428294e23b2f267716c4798d2 - - - -] volume service is down. (host: rack08-server59@lvm-1)
2022-08-22 20:07:11.495 7 WARNING cinder.scheduler.host_manager [None req-da0cc77d-0df1-4649-8b79-8b63431ff461 a7a124af33294e899fbb048a395f0583 371c9ed428294e23b2f267716c4798d2 - - - -] volume service is down. (host: rack08-server59@lvm-1)
2022-08-22 20:07:22.316 7 WARNING cinder.scheduler.host_manager [None req-94725f7c-9f2a-4a66-ad30-978324539185 0c0212ed07a3429382b9a1cc5fcdd4b2 bd373dd20f2f4da6ba514c1fa6dd539d - - - -] volume service is down. (host: rack08-server59@lvm-1)
2022-08-22 20:07:22.317 7 INFO cinder.scheduler.base_filter [None req-94725f7c-9f2a-4a66-ad30-978324539185 0c0212ed07a3429382b9a1cc5fcdd4b2 bd373dd20f2f4da6ba514c1fa6dd539d - - - -] Filtering removed all hosts for the request with volume ID 'd4664553-acc0-4e21-ad5e-4f0179424104'. Filter results: AvailabilityZoneFilter: (start: 1, end: 1), CapacityFilter: (start: 1, end: 1), CapabilitiesFilter: (start: 1, end: 0)
2022-08-22 20:07:22.318 7 WARNING cinder.scheduler.filter_scheduler [None req-94725f7c-9f2a-4a66-ad30-978324539185 0c0212ed07a3429382b9a1cc5fcdd4b2 bd373dd20f2f4da6ba514c1fa6dd539d - - - -] No weighed backend found for volume with properties: {'id': '9aae8f72-2907-4307-9f50-3af454aa6f40', 'name': 'tempest-UserMessagesTest-volume-type-902851927', 'description': None, 'is_public': True, 'projects': [], 'extra_specs': {'storage_protocol': 'tempest-storage_protocol-114953361', 'vendor_name': 'tempest-vendor_name-1715480952'}, 'qos_specs_id': None, 'created_at': '2022-08-22T17:07:21.000000', 'updated_at': None, 'deleted_at': None, 'deleted': False}
2022-08-22 20:07:22.319 7 INFO cinder.message.api [None req-94725f7c-9f2a-4a66-ad30-978324539185 0c0212ed07a3429382b9a1cc5fcdd4b2 bd373dd20f2f4da6ba514c1fa6dd539d - - - -] Creating message record for request_id = req-94725f7c-9f2a-4a66-ad30-978324539185
2022-08-22 20:07:22.323 7 ERROR cinder.scheduler.flows.create_volume [None req-94725f7c-9f2a-4a66-ad30-978324539185 0c0212ed07a3429382b9a1cc5fcdd4b2 bd373dd20f2f4da6ba514c1fa6dd539d - - - -] Failed to run task cinder.scheduler.flows.create_volume.ScheduleCreateVolumeTask;volume:create: No valid backend was found. No weighed backends available: cinder.exception.NoValidBackend: No valid backend was found. No weighed backends available
2022-08-22 20:07:23.869 7 WARNING cinder.scheduler.host_manager [None req-9f0bb5c8-9e66-4412-b886-56ed97549498 0c0212ed07a3429382b9a1cc5fcdd4b2 bd373dd20f2f4da6ba514c1fa6dd539d - - - -] volume service is down. (host: rack08-server59@lvm-1)
2022-08-22 20:07:23.870 7 INFO cinder.scheduler.base_filter [None req-9f0bb5c8-9e66-4412-b886-56ed97549498 0c0212ed07a3429382b9a1cc5fcdd4b2 bd373dd20f2f4da6ba514c1fa6dd539d - - - -] Filtering removed all hosts for the request with volume ID 'd35ed345-4fc3-4f1c-9ed4-b101e9dfb47e'. Filter results: AvailabilityZoneFilter: (start: 1, end: 1), CapacityFilter: (start: 1, end: 1), CapabilitiesFilter: (start: 1, end: 0)
2022-08-22 20:07:23.870 7 WARNING cinder.scheduler.filter_scheduler [None req-9f0bb5c8-9e66-4412-b886-56ed97549498 0c0212ed07a3429382b9a1cc5fcdd4b2 bd373dd20f2f4da6ba514c1fa6dd539d - - - -] No weighed backend found for volume with properties: {'id': 'cf47899a-3de3-4562-9922-cce46f8c03c3', 'name': 'tempest-UserMessagesTest-volume-type-1733762655', 'description': None, 'is_public': True, 'projects': [], 'extra_specs': {'storage_protocol': 'tempest-storage_protocol-1694708707', 'vendor_name': 'tempest-vendor_name-408624728'}, 'qos_specs_id': None, 'created_at': '2022-08-22T17:07:23.000000', 'updated_at': None, 'deleted_at': None, 'deleted': False}
2022-08-22 20:07:23.870 7 INFO cinder.message.api [None req-9f0bb5c8-9e66-4412-b886-56ed97549498 0c0212ed07a3429382b9a1cc5fcdd4b2 bd373dd20f2f4da6ba514c1fa6dd539d - - - -] Creating message record for request_id = req-9f0bb5c8-9e66-4412-b886-56ed97549498
2022-08-22 20:07:23.875 7 ERROR cinder.scheduler.flows.create_volume [None req-9f0bb5c8-9e66-4412-b886-56ed97549498 0c0212ed07a3429382b9a1cc5fcdd4b2 bd373dd20f2f4da6ba514c1fa6dd539d - - - -] Failed to run task cinder.scheduler.flows.create_volume.ScheduleCreateVolumeTask;volume:create: No valid backend was found. No weighed backends available: cinder.exception.NoValidBackend: No valid backend was found. No weighed backends available
2022-08-22 20:07:34.506 7 WARNING cinder.scheduler.host_manager [None req-ff6724ac-cc2b-4b33-90da-e2d1bc5560ba c520e5c470bc42a4b014949a1e32bf7e 2718d30c62ae4f9fbf864b4bfb35d1df - - - -] volume service is down. (host: rack08-server59@lvm-1)
2022-08-22 20:07:47.272 7 WARNING cinder.scheduler.host_manager [None req-e04b8d80-2722-4544-b896-1276907f69d6 566bad8c2b1d47af9e46c3f0c1ad23e0 dab7013919ee40379f1a505c629a0b33 - - - -] volume service is down. (host: rack08-server59@lvm-1)
2022-08-22 20:07:51.029 7 WARNING cinder.scheduler.host_manager [None req-ee0ba3db-c570-4fa1-abff-5432bda3ddd5 566bad8c2b1d47af9e46c3f0c1ad23e0 dab7013919ee40379f1a505c629a0b33 - - - -] volume service is down. (host: rack08-server59@lvm-1)
2022-08-22 20:08:00.899 7 WARNING cinder.scheduler.host_manager [None req-9244d1a2-7791-4c67-805c-4faf48702284 52a78b4e9c40427a9c13af1d6a09ee92 9c22e195e5034744a65805c305dce287 - - - -] volume service is down. (host: rack08-server59@lvm-1)
2022-08-22 20:08:02.164 7 WARNING cinder.scheduler.host_manager [None req-d2e89d6b-008e-42c4-97b2-ba33dbfd768e 52a78b4e9c40427a9c13af1d6a09ee92 9c22e195e5034744a65805c305dce287 - - - -] volume service is down. (host: rack08-server59@lvm-1)
2022-08-22 20:10:49.664 7 WARNING cinder.scheduler.host_manager [None req-07da4e5a-2d57-4761-bb43-ab6cd1a433cf 92f808fecbd2434289e9a6f7f9d38a4e 249ca8d01f9745508997292bc5a6b6d5 - - - -] volume service is down. (host: rack08-server59@lvm-1)
2022-08-22 20:10:53.182 7 WARNING cinder.scheduler.host_manager [None req-371bf8b0-aa1a-40ca-9bed-71526e26865c 92f808fecbd2434289e9a6f7f9d38a4e 249ca8d01f9745508997292bc5a6b6d5 - - - -] volume service is down. (host: rack08-server59@lvm-1)
2022-08-22 20:13:18.174 7 WARNING cinder.scheduler.host_manager [None req-664db729-99dd-49f5-94f5-2ba855cb46ce 22cef28bfe9b41538dc51e24084db9a5 db5fc4516b8a404fbe65b355472917dd - - - -] volume service is down. (host: rack08-server59@lvm-1)
2022-08-22 20:13:22.013 7 WARNING cinder.scheduler.host_manager [None req-d3b14050-a7ff-47ee-b3f6-0c246925ac68 22cef28bfe9b41538dc51e24084db9a5 db5fc4516b8a404fbe65b355472917dd - - - -] volume service is down. (host: rack08-server59@lvm-1)
2022-08-22 20:13:24.598 7 WARNING cinder.scheduler.host_manager [None req-8f4f0938-a0ef-4ba3-acac-6062ddfe89dd 22cef28bfe9b41538dc51e24084db9a5 db5fc4516b8a404fbe65b355472917dd - - - -] volume service is down. (host: rack08-server59@lvm-1)
2022-08-22 20:13:28.291 7 WARNING cinder.scheduler.host_manager [None req-a6dcd327-2945-4b17-aa94-d6c7b17ebb52 22cef28bfe9b41538dc51e24084db9a5 db5fc4516b8a404fbe65b355472917dd - - - -] volume service is down. (host: rack08-server59@lvm-1)
2022-08-22 20:13:30.934 7 WARNING cinder.scheduler.host_manager [None req-45f4e8d1-3d7e-49d8-9a8f-52d41e79e8e6 22cef28bfe9b41538dc51e24084db9a5 db5fc4516b8a404fbe65b355472917dd - - - -] volume service is down. (host: rack08-server59@lvm-1)
2022-08-22 20:13:41.351 7 WARNING cinder.scheduler.host_manager [None req-74a890c5-d883-4137-a655-c01a788992d9 ae11c386ea90454ba6b5e39ec9b4cc0f 4791341387a7491b8ac2b2c6f7186269 - - - -] volume service is down. (host: rack08-server59@lvm-1)
2022-08-22 20:13:46.873 7 WARNING cinder.scheduler.host_manager [None req-d63a5e98-4ecc-4b6b-9d3e-9a73ffea00b2 fcca9c1a4e3845f3b4b0fd8d35158644 2fde65c3a1e74f99b21e4559ee0f8822 - - - -] volume service is down. (host: rack08-server59@lvm-1)
2022-08-22 20:13:56.248 7 WARNING cinder.scheduler.host_manager [None req-e1293111-472c-4d09-bb78-732275951d13 a6a284986f9245aa8d4baf659fa20360 fd2b49d61a3c4202b5878bf3c7b8c40c - - - -] volume service is down. (host: rack08-server59@lvm-1)
2022-08-22 20:13:59.856 7 WARNING cinder.scheduler.host_manager [None req-2acc5db4-e085-4ffd-b4b0-5471c0183dda a6a284986f9245aa8d4baf659fa20360 fd2b49d61a3c4202b5878bf3c7b8c40c - - - -] volume service is down. (host: rack08-server59@lvm-1)
2022-08-22 20:14:05.810 7 WARNING cinder.scheduler.host_manager [None req-f8505de5-cfcd-46e2-a441-f891c38d74f3 cadc8666874f4a02b6d0bac44fda9efc 22f4c10387054ac59834efacc410fd15 - - - -] volume service is down. (host: rack08-server59@lvm-1)
2022-08-22 20:15:57.305 7 WARNING cinder.scheduler.host_manager [None req-b66908ac-98e1-4027-8a18-668f1820ba76 92f808fecbd2434289e9a6f7f9d38a4e 249ca8d01f9745508997292bc5a6b6d5 - - - -] volume service is down. (host: rack08-server59@lvm-1)
2022-08-22 20:15:58.568 7 WARNING cinder.scheduler.host_manager [None req-12e6d186-1488-4702-a586-216afbf43d30 92f808fecbd2434289e9a6f7f9d38a4e 249ca8d01f9745508997292bc5a6b6d5 - - - -] volume service is down. (host: rack08-server59@lvm-1)
2022-08-22 20:16:01.044 7 WARNING cinder.scheduler.host_manager [None req-6a69068f-2f5b-4f17-9d83-592095f0702d 92f808fecbd2434289e9a6f7f9d38a4e 249ca8d01f9745508997292bc5a6b6d5 - - - -] volume service is down. (host: rack08-server59@lvm-1)
2022-08-22 20:16:03.625 7 WARNING cinder.scheduler.host_manager [None req-a491fc0b-2841-4e45-8fe8-879de1ed3ac5 92f808fecbd2434289e9a6f7f9d38a4e 249ca8d01f9745508997292bc5a6b6d5 - - - -] volume service is down. (host: rack08-server59@lvm-1)
2022-08-22 20:16:05.947 7 WARNING cinder.scheduler.host_manager [None req-bdc560bd-39f7-4a12-a8ec-28815ec95a6f 92f808fecbd2434289e9a6f7f9d38a4e 249ca8d01f9745508997292bc5a6b6d5 - - - -] volume service is down. (host: rack08-server59@lvm-1)
2022-08-22 20:16:08.404 7 WARNING cinder.scheduler.host_manager [None req-004271d4-0218-4069-a77d-5b32b0cd99c1 92f808fecbd2434289e9a6f7f9d38a4e 249ca8d01f9745508997292bc5a6b6d5 - - - -] volume service is down. (host: rack08-server59@lvm-1)
2022-08-22 20:18:18.530 7 WARNING cinder.scheduler.host_manager [None req-e1c2227a-d6e2-4ef6-a870-6d523c54b297 0360fc4a49a14c869bb7f7b7a5dcd19a 0deb8b3ffde048baac21829e24f5458f - - - -] volume service is down. (host: rack08-server59@lvm-1)
2022-08-22 20:18:23.686 7 WARNING cinder.scheduler.host_manager [None req-e90717b7-88a3-43ba-a02b-a2acb1ecbac8 2ea9f38230a24c1eae12e9ae02b31c66 dc2a1ad0c64d43709b2247a85e3b3529 - - - -] volume service is down. (host: rack08-server59@lvm-1)
2022-08-22 20:18:25.313 7 WARNING cinder.scheduler.host_manager [None req-9b9a668a-01a4-4888-adc1-3084d36d2148 2ea9f38230a24c1eae12e9ae02b31c66 dc2a1ad0c64d43709b2247a85e3b3529 - - - -] volume service is down. (host: rack08-server59@lvm-1)
2022-08-22 20:18:30.069 7 WARNING cinder.scheduler.host_manager [None req-cbf0bdac-89b1-420c-90db-1d35acecfebf 2ea9f38230a24c1eae12e9ae02b31c66 dc2a1ad0c64d43709b2247a85e3b3529 - - - -] volume service is down. (host: rack08-server59@lvm-1)
2022-08-22 20:18:32.532 7 WARNING cinder.scheduler.host_manager [None req-7f999e5d-a620-41ea-bb20-6c37ee973a3a 2ea9f38230a24c1eae12e9ae02b31c66 dc2a1ad0c64d43709b2247a85e3b3529 - - - -] volume service is down. (host: rack08-server59@lvm-1)
2022-08-22 20:18:36.238 7 WARNING cinder.scheduler.host_manager [None req-fca085bd-f7f6-4519-805e-4da263e87fff 2ea9f38230a24c1eae12e9ae02b31c66 dc2a1ad0c64d43709b2247a85e3b3529 - - - -] volume service is down. (host: rack08-server59@lvm-1)
2022-08-22 20:18:40.125 7 WARNING cinder.scheduler.host_manager [None req-d1d98f7a-1947-4877-b4cc-823320132812 2ea9f38230a24c1eae12e9ae02b31c66 dc2a1ad0c64d43709b2247a85e3b3529 - - - -] volume service is down. (host: rack08-server59@lvm-1)
2022-08-22 20:18:53.377 7 WARNING cinder.scheduler.host_manager [None req-404cf33d-7cb3-40ac-8cff-00f87771e17c 2ea9f38230a24c1eae12e9ae02b31c66 dc2a1ad0c64d43709b2247a85e3b3529 - - - -] volume service is down. (host: rack08-server59@lvm-1)
2022-08-22 20:19:03.342 7 WARNING cinder.scheduler.host_manager [None req-cfe2446f-d835-43d0-a2da-82272cf1aa14 b41469f499d44f38a762afd6951c6724 78f8947936984c11bbefcfa6647357c7 - - - -] volume service is down. (host: rack08-server59@lvm-1)
2022-08-22 20:19:04.800 7 WARNING cinder.scheduler.host_manager [None req-ea26fbef-ad51-4889-a452-2fd071cc8bd6 b41469f499d44f38a762afd6951c6724 78f8947936984c11bbefcfa6647357c7 - - - -] volume service is down. (host: rack08-server59@lvm-1)
2022-08-22 20:19:06.226 7 WARNING cinder.scheduler.host_manager [None req-5519752b-52e8-4427-9266-3626c51a5861 b41469f499d44f38a762afd6951c6724 78f8947936984c11bbefcfa6647357c7 - - - -] volume service is down. (host: rack08-server59@lvm-1)
2022-08-22 20:19:15.446 7 WARNING cinder.scheduler.host_manager [None req-53085b5d-9ea7-4c14-bf7b-3e428b989357 204b685a0b1a41e2b5a6515592781a24 3c0457d6909843b4bb68ab159d6be5f6 - - - -] volume service is down. (host: rack08-server59@lvm-1)
2022-08-22 20:21:02.998 7 WARNING cinder.scheduler.host_manager [None req-1a834d7d-abff-43e3-bef7-c03eec8e1895 2c8d416a34ef484294e365c362c5ba6c ff7711591d8a49dab6d09795acb65f6f - - - -] volume service is down. (host: rack08-server59@lvm-1)
2022-08-22 20:26:06.997 7 WARNING cinder.scheduler.host_manager [req-f623c266-ee17-473f-9c98-d444ae84c026 req-faf456a4-f7e8-49e4-a92e-17ba22f0a096 2c8d416a34ef484294e365c362c5ba6c ff7711591d8a49dab6d09795acb65f6f - - - -] volume service is down. (host: rack08-server59@lvm-1)
2022-08-22 20:29:27.675 7 WARNING cinder.scheduler.host_manager [req-b15f8130-0a09-4947-97e5-86b5f4502612 req-56edd8df-956a-4ec8-a9c1-706b6fca4093 381b880f21014cf3aedda17aceadf473 796cf3c9488d4fca9a55b92df1aa1860 - - - -] volume service is down. (host: rack08-server59@lvm-1)
2022-08-22 20:29:35.186 7 WARNING cinder.scheduler.host_manager [None req-8b2a6441-9457-43be-a9bc-b10956da28a8 b053cec271934b8ab7c3cf0d2c11ff97 8b29c859819b4dceb1a4f4dd62b83264 - - - -] volume service is down. (host: rack08-server59@lvm-1)
2022-08-22 20:29:35.225 7 WARNING cinder.scheduler.host_manager [None req-e61846c6-08f7-4534-a75d-b593915ee354 b053cec271934b8ab7c3cf0d2c11ff97 8b29c859819b4dceb1a4f4dd62b83264 - - - -] volume service is down. (host: rack08-server59@lvm-1)
2022-08-22 20:29:39.819 7 WARNING cinder.scheduler.host_manager [None req-a89486e6-cacf-4b8a-9e36-6545c494c6c0 c6f655a8a1944b6aa4dea41a8a5a205b ce90983a49d14289b6ef73e84c283509 - - - -] volume service is down. (host: rack08-server59@lvm-1)
2022-08-22 20:29:39.826 7 WARNING cinder.scheduler.host_manager [None req-a89486e6-cacf-4b8a-9e36-6545c494c6c0 c6f655a8a1944b6aa4dea41a8a5a205b ce90983a49d14289b6ef73e84c283509 - - - -] volume service is down. (host: rack08-server59@lvm-1)
2022-08-22 20:29:41.315 7 WARNING cinder.scheduler.host_manager [None req-3a4c93e1-2c44-4a27-9fc0-4b3fc02a81d9 c6f655a8a1944b6aa4dea41a8a5a205b ce90983a49d14289b6ef73e84c283509 - - - -] volume service is down. (host: rack08-server59@lvm-1)
2022-08-22 20:29:44.949 7 WARNING cinder.scheduler.host_manager [None req-efac18df-d05a-4005-baed-4f20020a850d c6f655a8a1944b6aa4dea41a8a5a205b ce90983a49d14289b6ef73e84c283509 - - - -] volume service is down. (host: rack08-server59@lvm-1)
2022-08-22 20:29:50.642 7 WARNING cinder.scheduler.host_manager [None req-407a0f76-d240-459a-acc4-99dcf269f16c c6f655a8a1944b6aa4dea41a8a5a205b ce90983a49d14289b6ef73e84c283509 - - - -] volume service is down. (host: rack08-server59@lvm-1)
2022-08-22 20:29:50.649 7 WARNING cinder.scheduler.host_manager [None req-407a0f76-d240-459a-acc4-99dcf269f16c c6f655a8a1944b6aa4dea41a8a5a205b ce90983a49d14289b6ef73e84c283509 - - - -] volume service is down. (host: rack08-server59@lvm-1)
2022-08-22 20:29:52.070 7 WARNING cinder.scheduler.host_manager [None req-cec42ddf-4c7f-4dde-9706-377d004ed543 c6f655a8a1944b6aa4dea41a8a5a205b ce90983a49d14289b6ef73e84c283509 - - - -] volume service is down. (host: rack08-server59@lvm-1)
2022-08-22 20:29:54.606 7 WARNING cinder.scheduler.host_manager [None req-cef58ac9-4d44-493e-b376-c70da5c579e6 c6f655a8a1944b6aa4dea41a8a5a205b ce90983a49d14289b6ef73e84c283509 - - - -] volume service is down. (host: rack08-server59@lvm-1)
2022-08-22 20:30:07.906 7 WARNING cinder.scheduler.host_manager [None req-33889acf-3536-4cea-b153-fffb75e2bda2 c6f655a8a1944b6aa4dea41a8a5a205b ce90983a49d14289b6ef73e84c283509 - - - -] volume service is down. (host: rack08-server59@lvm-1)
2022-08-22 20:30:07.914 7 WARNING cinder.scheduler.host_manager [None req-33889acf-3536-4cea-b153-fffb75e2bda2 c6f655a8a1944b6aa4dea41a8a5a205b ce90983a49d14289b6ef73e84c283509 - - - -] volume service is down. (host: rack08-server59@lvm-1)
2022-08-22 20:30:09.338 7 WARNING cinder.scheduler.host_manager [None req-fc15a0f8-1977-4cc9-af25-0667a25c6d91 c6f655a8a1944b6aa4dea41a8a5a205b ce90983a49d14289b6ef73e84c283509 - - - -] volume service is down. (host: rack08-server59@lvm-1)
2022-08-22 20:30:25.036 7 WARNING cinder.scheduler.host_manager [None req-4d6a57bb-7cdb-41a4-862f-230a0ec817b7 320181bd564f4a0c9d27d81756002f03 ddca0be96c204fe4b3e59b65e203b875 - - - -] volume service is down. (host: rack08-server59@lvm-1)
2022-08-22 20:30:25.042 7 WARNING cinder.scheduler.host_manager [None req-4d6a57bb-7cdb-41a4-862f-230a0ec817b7 320181bd564f4a0c9d27d81756002f03 ddca0be96c204fe4b3e59b65e203b875 - - - -] volume service is down. (host: rack08-server59@lvm-1)
2022-08-22 20:30:26.493 7 WARNING cinder.scheduler.host_manager [None req-0514d084-5ce8-47aa-8496-5441de48bf13 320181bd564f4a0c9d27d81756002f03 ddca0be96c204fe4b3e59b65e203b875 - - - -] volume service is down. (host: rack08-server59@lvm-1)
2022-08-22 20:30:27.757 7 WARNING cinder.scheduler.host_manager [None req-6c307701-e4ad-46c5-89e8-4058d058436a 320181bd564f4a0c9d27d81756002f03 ddca0be96c204fe4b3e59b65e203b875 - - - -] volume service is down. (host: rack08-server59@lvm-1)
2022-08-22 20:30:37.974 7 WARNING cinder.scheduler.host_manager [None req-11f9c668-1b77-4606-9ea2-e07191db646a d08178e71ae8478eb3cbf3bfac9f2151 862dbd07890f42d2ad1d16c23531eec6 - - - -] volume service is down. (host: rack08-server59@lvm-1)
2022-08-22 20:30:46.780 7 WARNING cinder.scheduler.host_manager [None req-75e93665-1d23-441f-a987-db0930bae9c5 49ad643a18d04efba51d19c72c651438 a10f46891b644ac99e16504e16c8c0ef - - - -] volume service is down. (host: rack08-server59@lvm-1)
2022-08-22 20:30:49.237 7 WARNING cinder.scheduler.host_manager [None req-0116aa11-aa78-4721-b979-e361f76eba08 49ad643a18d04efba51d19c72c651438 a10f46891b644ac99e16504e16c8c0ef - - - -] volume service is down. (host: rack08-server59@lvm-1)
2022-08-22 20:30:56.680 7 WARNING cinder.scheduler.host_manager [None req-cd4da12a-eb6b-41c5-b9f4-a2dc76f270bb 093e6fb9e9414a96883ddc774dec0056 6593a322c7a441039e525d2337502694 - - - -] volume service is down. (host: rack08-server59@lvm-1)
2022-08-22 20:31:28.941 7 WARNING cinder.scheduler.host_manager [None req-a2fb9919-e016-4310-b2dc-36563716fc34 f6a9ed31910945828106bad62c1de7c2 e0f525c87903468c87cf523f3cd9adc6 - - - -] volume service is down. (host: rack08-server59@lvm-1)
2022-08-22 20:31:30.389 7 WARNING cinder.scheduler.host_manager [None req-abda972b-84c9-478e-9ebf-caf28cf78ebf f6a9ed31910945828106bad62c1de7c2 e0f525c87903468c87cf523f3cd9adc6 - - - -] volume service is down. (host: rack08-server59@lvm-1)
2022-08-22 20:31:32.155 7 WARNING cinder.scheduler.host_manager [None req-ae1df1ef-1eba-4785-9b56-9b0ea7ddedb9 f6a9ed31910945828106bad62c1de7c2 e0f525c87903468c87cf523f3cd9adc6 - - - -] volume service is down. (host: rack08-server59@lvm-1)
2022-08-22 20:31:34.828 7 WARNING cinder.scheduler.host_manager [None req-d5aa7875-2c3b-4071-a440-c19dc01e5cd6 38d1f680313f4440b2e78ef0ad2cb6ce 8fc025e76b644b52a8dd60680376fe58 - - - -] volume service is down. (host: rack08-server59@lvm-1)
2022-08-22 20:31:46.217 7 WARNING cinder.scheduler.host_manager [None req-34e976ab-84d6-42c2-af25-b010f13e54c9 2bb3490e79184862a8d4f05d673bb146 d9881b55cecb4d1da0aa8a9f8dee89ee - - - -] volume service is down. (host: rack08-server59@lvm-1)
2022-08-22 20:32:02.038 7 WARNING cinder.scheduler.host_manager [None req-1e2c79a6-e205-48c9-8044-9a88beb7c03b ae0896df8beb4068be81e9f4a6bb6bf3 24c5168415294d128e1856eafcc10361 - - - -] volume service is down. (host: rack08-server59@lvm-1)
2022-08-22 20:32:03.291 7 WARNING cinder.scheduler.host_manager [None req-f19f1e2f-3317-4d31-b854-482827f0d1f5 ae0896df8beb4068be81e9f4a6bb6bf3 24c5168415294d128e1856eafcc10361 - - - -] volume service is down. (host: rack08-server59@lvm-1)
2022-08-22 20:32:13.452 7 WARNING cinder.scheduler.host_manager [None req-3bd2f993-fee1-4d64-868f-c33941df9d8d ce6d94445582405a956655d76e6aa49a 25aba81e0862472fba5a16d12f1dece0 - - - -] volume service is down. (host: rack08-server59@lvm-1)
2022-08-22 20:32:14.743 7 WARNING cinder.scheduler.host_manager [None req-fb527f7a-3a2e-45d8-93bb-47d8219579e8 ce6d94445582405a956655d76e6aa49a 25aba81e0862472fba5a16d12f1dece0 - - - -] volume service is down. (host: rack08-server59@lvm-1)
2022-08-22 20:32:17.017 7 WARNING cinder.scheduler.host_manager [None req-44df1d7f-b2b1-4bc0-90f0-c2a9671b1ae1 ce6d94445582405a956655d76e6aa49a 25aba81e0862472fba5a16d12f1dece0 - - - -] volume service is down. (host: rack08-server59@lvm-1)
2022-08-22 20:32:20.663 7 WARNING cinder.scheduler.host_manager [None req-be4d1dbb-043d-4a16-b1f5-f73e728ee16c ce6d94445582405a956655d76e6aa49a 25aba81e0862472fba5a16d12f1dece0 - - - -] volume service is down. (host: rack08-server59@lvm-1)
2022-08-22 20:32:21.899 7 WARNING cinder.scheduler.host_manager [None req-9c6e2ef8-7c43-4354-a5ff-357bd325f10c ce6d94445582405a956655d76e6aa49a 25aba81e0862472fba5a16d12f1dece0 - - - -] volume service is down. (host: rack08-server59@lvm-1)
2022-08-22 20:32:24.357 7 WARNING cinder.scheduler.host_manager [None req-2d9cc844-e8bb-4954-93a2-0ab32a76baa3 ce6d94445582405a956655d76e6aa49a 25aba81e0862472fba5a16d12f1dece0 - - - -] volume service is down. (host: rack08-server59@lvm-1)
2022-08-22 20:32:33.851 7 WARNING cinder.scheduler.host_manager [None req-35d7aaad-8c45-49cd-a399-98529351a8a2 7919cd5aac4143dabd087cf5086b7eb7 bc235a5a43e643a0b283eb3f904c441f - - - -] volume service is down. (host: rack08-server59@lvm-1)
2022-08-22 20:32:37.488 7 WARNING cinder.scheduler.host_manager [None req-f43542d1-bd17-4688-b040-6da27f564046 7919cd5aac4143dabd087cf5086b7eb7 bc235a5a43e643a0b283eb3f904c441f - - - -] volume service is down. (host: rack08-server59@lvm-1)
2022-08-22 20:32:43.559 7 WARNING cinder.scheduler.host_manager [None req-2a33464a-2f0a-4400-af25-b91110347308 c447c67198174bbbb15e865ad54cffb4 0d148eda54f54fdeb928c3a03249c550 - - - -] volume service is down. (host: rack08-server59@lvm-1)
2022-08-22 20:32:56.574 7 WARNING cinder.scheduler.host_manager [None req-0263dcfa-6750-41c7-acdb-96edf71431e1 c447c67198174bbbb15e865ad54cffb4 0d148eda54f54fdeb928c3a03249c550 - - - -] volume service is down. (host: rack08-server59@lvm-1)
2022-08-22 20:33:02.222 7 WARNING cinder.scheduler.host_manager [None req-a3248a20-3ec1-421a-b40e-f91f3c749449 c447c67198174bbbb15e865ad54cffb4 0d148eda54f54fdeb928c3a03249c550 - - - -] volume service is down. (host: rack08-server59@lvm-1)
2022-08-22 20:33:04.685 7 WARNING cinder.scheduler.host_manager [None req-6d1ce4bb-c29d-4986-a525-537109a375a8 c447c67198174bbbb15e865ad54cffb4 0d148eda54f54fdeb928c3a03249c550 - - - -] volume service is down. (host: rack08-server59@lvm-1)
2022-08-22 20:33:16.128 7 WARNING cinder.scheduler.host_manager [None req-948348ad-e9cd-4e87-a7f6-df2eb938934c 2b1bd9ef5eb441848f223284211fe404 d0186e3de70e4cdaa11b9133abf55df7 - - - -] volume service is down. (host: rack08-server59@lvm-1)
2022-08-22 20:37:25.422 7 WARNING cinder.scheduler.host_manager [None req-23dc252b-db05-4a6a-8a92-68b6fdb90530 44f5d1e716f84e79b212a409e71bf70d c09abd2fa8794822b4d281724f34613e - - - -] volume service is down. (host: rack08-server59@lvm-1)
2022-08-22 20:37:37.258 7 WARNING cinder.scheduler.host_manager [None req-e3bc790e-02d5-458a-896d-595471167f3a 44f5d1e716f84e79b212a409e71bf70d c09abd2fa8794822b4d281724f34613e - - - -] volume service is down. (host: rack08-server59@lvm-1)
2022-08-22 20:37:38.713 7 WARNING cinder.scheduler.host_manager [None req-75a931e9-dd2a-4d7c-942b-34a6587ebadf 44f5d1e716f84e79b212a409e71bf70d c09abd2fa8794822b4d281724f34613e - - - -] volume service is down. (host: rack08-server59@lvm-1)
2022-08-22 20:37:39.961 7 WARNING cinder.scheduler.host_manager [None req-a93a4d23-0b7c-411a-b064-9431340ce488 44f5d1e716f84e79b212a409e71bf70d c09abd2fa8794822b4d281724f34613e - - - -] volume service is down. (host: rack08-server59@lvm-1)
2022-08-22 20:37:42.242 7 WARNING cinder.scheduler.host_manager [None req-093276f5-6dfe-454b-9759-7bfd16ed6373 44f5d1e716f84e79b212a409e71bf70d c09abd2fa8794822b4d281724f34613e - - - -] volume service is down. (host: rack08-server59@lvm-1)
2022-08-22 20:37:49.638 7 WARNING cinder.scheduler.host_manager [None req-d655495b-0972-46a2-b865-e8a047ca794e 4013a9a988cf47d3a1c2f37d112a6e7a ec235839c92849a19c723f9e6fe1b971 - - - -] volume service is down. (host: rack08-server59@lvm-1)
2022-08-22 20:37:51.988 7 WARNING cinder.scheduler.host_manager [None req-ab663083-b441-4284-9874-11a6f998b393 4013a9a988cf47d3a1c2f37d112a6e7a ec235839c92849a19c723f9e6fe1b971 - - - -] volume service is down. (host: rack08-server59@lvm-1)
2022-08-22 20:37:54.257 7 WARNING cinder.scheduler.host_manager [None req-430e0599-4dcb-4437-a46f-384a9713cd65 4013a9a988cf47d3a1c2f37d112a6e7a ec235839c92849a19c723f9e6fe1b971 - - - -] volume service is down. (host: rack08-server59@lvm-1)
2022-08-22 20:37:56.525 7 WARNING cinder.scheduler.host_manager [None req-fdc6a10f-3165-47b8-8989-6537a6ce72da 4013a9a988cf47d3a1c2f37d112a6e7a ec235839c92849a19c723f9e6fe1b971 - - - -] volume service is down. (host: rack08-server59@lvm-1)
2022-08-22 20:38:06.779 7 WARNING cinder.scheduler.host_manager [None req-4101485c-0a31-4e78-aac2-7996a05eb8fb cf071407fe1446a098f4f07399448547 bb8705c287e54bca9378ef3b487b1f1a - - - -] volume service is down. (host: rack08-server59@lvm-1)
2022-08-22 20:38:08.055 7 WARNING cinder.scheduler.host_manager [None req-21210cf4-a9c0-4a07-916b-5e303993a3e2 cf071407fe1446a098f4f07399448547 bb8705c287e54bca9378ef3b487b1f1a - - - -] volume service is down. (host: rack08-server59@lvm-1)
2022-08-22 20:38:22.169 7 WARNING cinder.scheduler.host_manager [None req-055a5183-84b9-4079-b5d8-38a20d51fd3a 0f30b735aba64c6eb53aef9827e69e01 41fc45fc94a747e6924a2a44c578a0d9 - - - -] volume service is down. (host: rack08-server59@lvm-1)
2022-08-22 20:38:22.241 7 WARNING cinder.scheduler.host_manager [None req-000dc2e4-a811-4a18-93db-62f4a273b82b 2746f337ad6d43e4879c09cd3e57e97f 8f6428b16bc24138b5c4a501aec3bd3b - - - -] volume service is down. (host: rack08-server59@lvm-1)
2022-08-22 20:38:22.344 7 WARNING cinder.scheduler.host_manager [None req-9584da0e-abdf-4187-9df0-74dcb8badba5 2380e2a13933495da048e15a5205f253 df5a48cda58e4923810f8c826827dd92 - - - -] volume service is down. (host: rack08-server59@lvm-1)
2022-08-22 20:38:22.604 7 WARNING cinder.scheduler.host_manager [None req-511858b7-85c6-4805-b668-47192e44f50f 2380e2a13933495da048e15a5205f253 df5a48cda58e4923810f8c826827dd92 - - - -] volume service is down. (host: rack08-server59@lvm-1)
2022-08-22 20:38:22.864 7 WARNING cinder.scheduler.host_manager [None req-c1bb3ace-7985-477c-9ba3-e98694e0d326 2380e2a13933495da048e15a5205f253 df5a48cda58e4923810f8c826827dd92 - - - -] volume service is down. (host: rack08-server59@lvm-1)
2022-08-22 20:38:23.140 7 WARNING cinder.scheduler.host_manager [None req-0896de8d-5176-460e-885e-f9d6aa93323c 2380e2a13933495da048e15a5205f253 df5a48cda58e4923810f8c826827dd92 - - - -] volume service is down. (host: rack08-server59@lvm-1)
2022-08-22 20:38:23.436 7 WARNING cinder.scheduler.host_manager [None req-acea8fc6-85be-4853-9937-49193a6f9d50 2380e2a13933495da048e15a5205f253 df5a48cda58e4923810f8c826827dd92 - - - -] volume service is down. (host: rack08-server59@lvm-1)
2022-08-22 20:38:23.441 7 WARNING cinder.scheduler.host_manager [None req-0381e70b-abb3-4126-b284-f9059c9b8385 0f30b735aba64c6eb53aef9827e69e01 41fc45fc94a747e6924a2a44c578a0d9 - - - -] volume service is down. (host: rack08-server59@lvm-1)
2022-08-22 20:38:23.628 7 WARNING cinder.scheduler.host_manager [None req-86bd0c4c-86da-4e4c-bf72-38e709904b17 2746f337ad6d43e4879c09cd3e57e97f 8f6428b16bc24138b5c4a501aec3bd3b - - - -] volume service is down. (host: rack08-server59@lvm-1)
2022-08-22 20:38:23.877 7 WARNING cinder.scheduler.host_manager [None req-f2302335-93c6-482c-98a3-d53044798ce7 2746f337ad6d43e4879c09cd3e57e97f 8f6428b16bc24138b5c4a501aec3bd3b - - - -] volume service is down. (host: rack08-server59@lvm-1)
2022-08-22 20:38:24.134 7 WARNING cinder.scheduler.host_manager [None req-197afa9e-8e60-468f-a788-e4a4aec80caf 2746f337ad6d43e4879c09cd3e57e97f 8f6428b16bc24138b5c4a501aec3bd3b - - - -] volume service is down. (host: rack08-server59@lvm-1)
2022-08-22 20:38:24.394 7 WARNING cinder.scheduler.host_manager [None req-6be37a1d-8be3-49df-8772-d4cd72f63784 2746f337ad6d43e4879c09cd3e57e97f 8f6428b16bc24138b5c4a501aec3bd3b - - - -] volume service is down. (host: rack08-server59@lvm-1)
2022-08-22 20:38:24.653 7 WARNING cinder.scheduler.host_manager [None req-e028eac7-b5ba-462a-a175-54362a9df0ac 2746f337ad6d43e4879c09cd3e57e97f 8f6428b16bc24138b5c4a501aec3bd3b - - - -] volume service is down. (host: rack08-server59@lvm-1)
2022-08-22 20:38:25.823 7 WARNING cinder.scheduler.host_manager [None req-f613d17c-3af5-4906-a21d-9422f8fa1780 0f30b735aba64c6eb53aef9827e69e01 41fc45fc94a747e6924a2a44c578a0d9 - - - -] volume service is down. (host: rack08-server59@lvm-1)
2022-08-22 20:38:26.088 7 WARNING cinder.scheduler.host_manager [None req-42f557c7-08b5-4046-a60e-502f720552b0 0f30b735aba64c6eb53aef9827e69e01 41fc45fc94a747e6924a2a44c578a0d9 - - - -] volume service is down. (host: rack08-server59@lvm-1)
2022-08-22 20:38:26.346 7 WARNING cinder.scheduler.host_manager [None req-085ae0fc-5b31-4d63-8c15-3e887d12c608 0f30b735aba64c6eb53aef9827e69e01 41fc45fc94a747e6924a2a44c578a0d9 - - - -] volume service is down. (host: rack08-server59@lvm-1)
2022-08-22 20:38:26.593 7 WARNING cinder.scheduler.host_manager [None req-56c6d287-5e09-4e7a-866a-a041e112561b 0f30b735aba64c6eb53aef9827e69e01 41fc45fc94a747e6924a2a44c578a0d9 - - - -] volume service is down. (host: rack08-server59@lvm-1)
2022-08-22 20:38:26.838 7 WARNING cinder.scheduler.host_manager [None req-e011f510-cd04-46d7-a716-653204777edd 0f30b735aba64c6eb53aef9827e69e01 41fc45fc94a747e6924a2a44c578a0d9 - - - -] volume service is down. (host: rack08-server59@lvm-1)
2022-08-22 20:38:33.184 7 WARNING cinder.scheduler.host_manager [None req-8b286423-17da-4b87-9ef7-8da12bf73e10 eb321372f4e34d20baeaad33cb0b7ee4 841967e283c9423a9eed4ef5045916bb - - - -] volume service is down. (host: rack08-server59@lvm-1)
2022-08-22 20:38:34.627 7 WARNING cinder.scheduler.host_manager [None req-317310a2-f8ac-4c11-8d80-48f86ca85015 eb321372f4e34d20baeaad33cb0b7ee4 841967e283c9423a9eed4ef5045916bb - - - -] volume service is down. (host: rack08-server59@lvm-1)
2022-08-22 20:38:37.000 7 WARNING cinder.scheduler.host_manager [None req-9805c996-18f9-4e78-af15-ec2157b3b722 eb321372f4e34d20baeaad33cb0b7ee4 841967e283c9423a9eed4ef5045916bb - - - -] volume service is down. (host: rack08-server59@lvm-1)
