Build Started 03_08_2022_01_12_24
2022-08-03 04:16:01.143 7 WARNING cinder.scheduler.host_manager [req-9a31277f-914a-4c1f-b268-30b34ad139a3 9782665cca0e44f5a563c8fc7f2aa5b0 7cde3ea87d134ce2ac9ca9a964c37044 - - -] volume service is down. (host: rack03-server59@lvm-1)
2022-08-03 04:16:01.220 7 WARNING cinder.scheduler.host_manager [req-13bb42ee-2175-415e-8199-16996c82dd3e e4e6adb73cab403f8f8b32e89f2f821f b4ba53dccf5145ffae8ecc201ee6a7ac - - -] volume service is down. (host: rack03-server59@lvm-1)
2022-08-03 04:16:07.506 7 WARNING cinder.scheduler.host_manager [req-c3964f58-d7f8-4c0a-8255-f7e1e5106a60 87cef40ac3a24e0fbf428c8ccdb1dac5 b619f9266eb248caa0e992aa790b6e6e - - -] volume service is down. (host: rack03-server59@lvm-1)
2022-08-03 04:16:10.025 7 WARNING cinder.scheduler.host_manager [req-bad093a8-872e-4b88-b56d-f52476898828 87cef40ac3a24e0fbf428c8ccdb1dac5 b619f9266eb248caa0e992aa790b6e6e - - -] volume service is down. (host: rack03-server59@lvm-1)
2022-08-03 04:16:11.563 7 WARNING cinder.scheduler.host_manager [req-74bdee84-49d2-4ea7-8226-328918f72fa8 ce62a0cf640d42839e8835f84a6981ef f2bb1cd9eb924838b67340a62e219d1f - - -] volume service is down. (host: rack03-server59@lvm-1)
2022-08-03 04:16:11.571 7 WARNING cinder.scheduler.host_manager [req-74bdee84-49d2-4ea7-8226-328918f72fa8 ce62a0cf640d42839e8835f84a6981ef f2bb1cd9eb924838b67340a62e219d1f - - -] volume service is down. (host: rack03-server59@lvm-1)
2022-08-03 04:16:12.551 7 WARNING cinder.scheduler.host_manager [req-5dc533cd-de84-47d6-a662-6c11d28dc703 87cef40ac3a24e0fbf428c8ccdb1dac5 b619f9266eb248caa0e992aa790b6e6e - - -] volume service is down. (host: rack03-server59@lvm-1)
2022-08-03 04:16:12.775 7 WARNING cinder.scheduler.host_manager [req-10b9dd4a-7273-4da1-9c4b-4780106195eb ce62a0cf640d42839e8835f84a6981ef f2bb1cd9eb924838b67340a62e219d1f - - -] volume service is down. (host: rack03-server59@lvm-1)
2022-08-03 04:16:12.783 7 WARNING cinder.scheduler.host_manager [req-10b9dd4a-7273-4da1-9c4b-4780106195eb ce62a0cf640d42839e8835f84a6981ef f2bb1cd9eb924838b67340a62e219d1f - - -] volume service is down. (host: rack03-server59@lvm-1)
2022-08-03 04:16:14.276 7 WARNING cinder.scheduler.host_manager [req-fffe3dbc-5224-456d-94ab-81676e805d48 ce62a0cf640d42839e8835f84a6981ef f2bb1cd9eb924838b67340a62e219d1f - - -] volume service is down. (host: rack03-server59@lvm-1)
2022-08-03 04:16:19.622 7 WARNING cinder.scheduler.host_manager [req-5aa0f1bb-282f-4751-bf3f-f753bd32f99a ce62a0cf640d42839e8835f84a6981ef f2bb1cd9eb924838b67340a62e219d1f - - -] volume service is down. (host: rack03-server59@lvm-1)
2022-08-03 04:16:19.630 7 WARNING cinder.scheduler.host_manager [req-5aa0f1bb-282f-4751-bf3f-f753bd32f99a ce62a0cf640d42839e8835f84a6981ef f2bb1cd9eb924838b67340a62e219d1f - - -] volume service is down. (host: rack03-server59@lvm-1)
2022-08-03 04:16:21.089 7 WARNING cinder.scheduler.host_manager [req-6cd9815b-4639-4317-bb54-e12cfb48b814 ce62a0cf640d42839e8835f84a6981ef f2bb1cd9eb924838b67340a62e219d1f - - -] volume service is down. (host: rack03-server59@lvm-1)
2022-08-03 04:16:23.613 7 WARNING cinder.scheduler.host_manager [req-d8dd2a3a-d1bb-4c11-8d58-5d454cc62d45 ce62a0cf640d42839e8835f84a6981ef f2bb1cd9eb924838b67340a62e219d1f - - -] volume service is down. (host: rack03-server59@lvm-1)
2022-08-03 04:16:23.715 7 WARNING cinder.scheduler.host_manager [req-567342cd-aafe-44fb-ac2f-4662d59f8735 51dd5d04ff354e5bbd2296f986d3bb28 662ff8ff7fbf46b490e61cce3485e815 - - -] volume service is down. (host: rack03-server59@lvm-1)
2022-08-03 04:16:23.756 7 WARNING cinder.scheduler.host_manager [req-7948992d-36ef-4a92-a401-6b1c57cc20d1 51dd5d04ff354e5bbd2296f986d3bb28 662ff8ff7fbf46b490e61cce3485e815 - - -] volume service is down. (host: rack03-server59@lvm-1)
2022-08-03 04:16:29.329 7 WARNING cinder.scheduler.host_manager [req-773ccfd9-1c51-4cd8-8242-232517e94f10 a21643e2cc9d42c5bde3c02d3d9825fa e74ae5007e9c4ccd8dc89fcc34519862 - - -] volume service is down. (host: rack03-server59@lvm-1)
2022-08-03 04:16:29.339 7 WARNING cinder.scheduler.host_manager [req-773ccfd9-1c51-4cd8-8242-232517e94f10 a21643e2cc9d42c5bde3c02d3d9825fa e74ae5007e9c4ccd8dc89fcc34519862 - - -] volume service is down. (host: rack03-server59@lvm-1)
2022-08-03 04:16:30.837 7 WARNING cinder.scheduler.host_manager [req-266d218b-8cfe-4ad5-95a2-8dd015f76eba a21643e2cc9d42c5bde3c02d3d9825fa e74ae5007e9c4ccd8dc89fcc34519862 - - -] volume service is down. (host: rack03-server59@lvm-1)
2022-08-03 04:16:35.578 7 WARNING cinder.scheduler.host_manager [req-03b5f2d0-8d8b-453e-9a87-7042f563a067 a21643e2cc9d42c5bde3c02d3d9825fa e74ae5007e9c4ccd8dc89fcc34519862 - - -] volume service is down. (host: rack03-server59@lvm-1)
2022-08-03 04:16:35.805 7 WARNING cinder.scheduler.host_manager [req-369d52ed-84bb-4c4c-9a27-202b92d45aab e202a0a574f44ae6ab264fcb63d9485a eb3f032bc66843dc9d32a32db56ed6b9 - - -] volume service is down. (host: rack03-server59@lvm-1)
2022-08-03 04:16:37.087 7 WARNING cinder.scheduler.host_manager [req-ca59f921-d856-488b-9411-b740c10e5815 e202a0a574f44ae6ab264fcb63d9485a eb3f032bc66843dc9d32a32db56ed6b9 - - -] volume service is down. (host: rack03-server59@lvm-1)
2022-08-03 04:16:39.661 7 WARNING cinder.scheduler.host_manager [req-ade8d460-9f74-4aad-a1ee-fb308aa36236 e202a0a574f44ae6ab264fcb63d9485a eb3f032bc66843dc9d32a32db56ed6b9 - - -] volume service is down. (host: rack03-server59@lvm-1)
2022-08-03 04:16:41.314 7 WARNING cinder.scheduler.host_manager [req-0ffaf771-5f20-46f8-9d22-910aa1490775 a21643e2cc9d42c5bde3c02d3d9825fa e74ae5007e9c4ccd8dc89fcc34519862 - - -] volume service is down. (host: rack03-server59@lvm-1)
2022-08-03 04:16:41.321 7 WARNING cinder.scheduler.host_manager [req-0ffaf771-5f20-46f8-9d22-910aa1490775 a21643e2cc9d42c5bde3c02d3d9825fa e74ae5007e9c4ccd8dc89fcc34519862 - - -] volume service is down. (host: rack03-server59@lvm-1)
2022-08-03 04:16:42.813 7 WARNING cinder.scheduler.host_manager [req-2faafc2c-5ebf-4c5d-8750-9684c9fbdbd4 a21643e2cc9d42c5bde3c02d3d9825fa e74ae5007e9c4ccd8dc89fcc34519862 - - -] volume service is down. (host: rack03-server59@lvm-1)
2022-08-03 04:16:43.216 7 WARNING cinder.scheduler.host_manager [req-5511f9cc-a3e9-4b70-a812-6542b2689622 e202a0a574f44ae6ab264fcb63d9485a eb3f032bc66843dc9d32a32db56ed6b9 - - -] volume service is down. (host: rack03-server59@lvm-1)
2022-08-03 04:16:45.344 7 WARNING cinder.scheduler.host_manager [req-dae973d4-b61d-44f7-b62f-34a6900f59fa a21643e2cc9d42c5bde3c02d3d9825fa e74ae5007e9c4ccd8dc89fcc34519862 - - -] volume service is down. (host: rack03-server59@lvm-1)
2022-08-03 04:16:46.754 7 WARNING cinder.scheduler.host_manager [req-ff249a96-8470-4d24-8daf-516cfcd80e2f e202a0a574f44ae6ab264fcb63d9485a eb3f032bc66843dc9d32a32db56ed6b9 - - -] volume service is down. (host: rack03-server59@lvm-1)
2022-08-03 04:16:50.304 7 WARNING cinder.scheduler.host_manager [req-d30545dc-72d0-4bc5-9e76-043f4d779849 e202a0a574f44ae6ab264fcb63d9485a eb3f032bc66843dc9d32a32db56ed6b9 - - -] volume service is down. (host: rack03-server59@lvm-1)
2022-08-03 04:16:58.622 7 WARNING cinder.scheduler.host_manager [req-30d472a1-baee-466a-970e-7a8fb87573b8 a21643e2cc9d42c5bde3c02d3d9825fa e74ae5007e9c4ccd8dc89fcc34519862 - - -] volume service is down. (host: rack03-server59@lvm-1)
2022-08-03 04:16:58.630 7 WARNING cinder.scheduler.host_manager [req-30d472a1-baee-466a-970e-7a8fb87573b8 a21643e2cc9d42c5bde3c02d3d9825fa e74ae5007e9c4ccd8dc89fcc34519862 - - -] volume service is down. (host: rack03-server59@lvm-1)
2022-08-03 04:17:00.075 7 WARNING cinder.scheduler.host_manager [req-a9010a7c-34c7-4095-be94-be5a4e17e5dc a21643e2cc9d42c5bde3c02d3d9825fa e74ae5007e9c4ccd8dc89fcc34519862 - - -] volume service is down. (host: rack03-server59@lvm-1)
2022-08-03 04:17:07.458 7 WARNING cinder.scheduler.host_manager [req-45e3d075-b410-4909-9d75-d62980726a04 5cc32a34fcfa41bc9b4f424ed4d76bd5 fc6e6aa87ddb47d6920d8ca36af4aa8d - - -] volume service is down. (host: rack03-server59@lvm-1)
2022-08-03 04:17:13.411 7 WARNING cinder.scheduler.host_manager [req-05fb2688-1ceb-4e04-b472-d0d318d3ce33 dbcfebd3feac4017ae13c453b205ae84 8d7ebdf997ec4c139f15def7ea475363 - - -] volume service is down. (host: rack03-server59@lvm-1)
2022-08-03 04:17:13.418 7 WARNING cinder.scheduler.host_manager [req-05fb2688-1ceb-4e04-b472-d0d318d3ce33 dbcfebd3feac4017ae13c453b205ae84 8d7ebdf997ec4c139f15def7ea475363 - - -] volume service is down. (host: rack03-server59@lvm-1)
2022-08-03 04:17:14.946 7 WARNING cinder.scheduler.host_manager [req-d8b816c9-fdfc-413b-ab0e-716ca20c74ac dbcfebd3feac4017ae13c453b205ae84 8d7ebdf997ec4c139f15def7ea475363 - - -] volume service is down. (host: rack03-server59@lvm-1)
2022-08-03 04:17:17.298 7 WARNING cinder.scheduler.host_manager [req-e3e3e972-3206-47a7-9689-de4e5ec544c1 dbcfebd3feac4017ae13c453b205ae84 8d7ebdf997ec4c139f15def7ea475363 - - -] volume service is down. (host: rack03-server59@lvm-1)
2022-08-03 04:17:17.891 7 WARNING cinder.scheduler.host_manager [req-5697da00-f483-4d7f-9f8d-ec19d904ce24 0f32e4c9656c41b1b3a3db4ffe2e603d d2e91ca956814247b3e202f0c36da0c9 - - -] volume service is down. (host: rack03-server59@lvm-1)
2022-08-03 04:17:20.365 7 WARNING cinder.scheduler.host_manager [req-4f0b8ea5-e366-47f7-994e-ce1a5f7ecb60 0f32e4c9656c41b1b3a3db4ffe2e603d d2e91ca956814247b3e202f0c36da0c9 - - -] volume service is down. (host: rack03-server59@lvm-1)
2022-08-03 04:17:28.548 7 WARNING cinder.scheduler.host_manager [req-a35d8398-a09d-4819-8f37-df6ae0846920 927d8fb0c34e48e882bf5e4b531931f4 164d11504f1940c4948fc07bb03f97ee - - -] volume service is down. (host: rack03-server59@lvm-1)
2022-08-03 04:17:28.549 7 INFO cinder.scheduler.base_filter [req-a35d8398-a09d-4819-8f37-df6ae0846920 927d8fb0c34e48e882bf5e4b531931f4 164d11504f1940c4948fc07bb03f97ee - - -] Filtering removed all hosts for the request with volume ID '9fc25c0a-b8c6-4174-b644-73d5a22ad0b6'. Filter results: AvailabilityZoneFilter: (start: 1, end: 1), CapacityFilter: (start: 1, end: 1), CapabilitiesFilter: (start: 1, end: 0)
2022-08-03 04:17:28.550 7 WARNING cinder.scheduler.filter_scheduler [req-a35d8398-a09d-4819-8f37-df6ae0846920 927d8fb0c34e48e882bf5e4b531931f4 164d11504f1940c4948fc07bb03f97ee - - -] No weighed backend found for volume with properties: {'id': '8c9781e6-e8ea-466b-918b-fa330e774110', 'name': 'tempest-UserMessagesTest-volume-type-1720208171', 'description': None, 'is_public': True, 'projects': [], 'extra_specs': {'storage_protocol': 'tempest-storage_protocol-520015790', 'vendor_name': 'tempest-vendor_name-1877550518'}, 'qos_specs_id': None, 'created_at': '2022-08-03T01:17:27.000000', 'updated_at': None, 'deleted_at': None, 'deleted': False}
2022-08-03 04:17:28.550 7 INFO cinder.message.api [req-a35d8398-a09d-4819-8f37-df6ae0846920 927d8fb0c34e48e882bf5e4b531931f4 164d11504f1940c4948fc07bb03f97ee - - -] Creating message record for request_id = req-a35d8398-a09d-4819-8f37-df6ae0846920
2022-08-03 04:17:28.556 7 ERROR cinder.scheduler.flows.create_volume [req-a35d8398-a09d-4819-8f37-df6ae0846920 927d8fb0c34e48e882bf5e4b531931f4 164d11504f1940c4948fc07bb03f97ee - - -] Failed to run task cinder.scheduler.flows.create_volume.ScheduleCreateVolumeTask;volume:create: No valid backend was found. No weighed backends available: cinder.exception.NoValidBackend: No valid backend was found. No weighed backends available
2022-08-03 04:17:28.859 7 WARNING cinder.scheduler.host_manager [req-ffbc9325-ccd1-4a5e-963b-271fa1f19485 11a3a0111e0d45a3bc54fca19a272fe9 bcafee64dc58432da8b7efa3051ca10b - - -] volume service is down. (host: rack03-server59@lvm-1)
2022-08-03 04:17:30.175 7 WARNING cinder.scheduler.host_manager [req-bf3a94a1-a6f0-41de-aa35-e520c8304232 927d8fb0c34e48e882bf5e4b531931f4 164d11504f1940c4948fc07bb03f97ee - - -] volume service is down. (host: rack03-server59@lvm-1)
2022-08-03 04:17:30.175 7 INFO cinder.scheduler.base_filter [req-bf3a94a1-a6f0-41de-aa35-e520c8304232 927d8fb0c34e48e882bf5e4b531931f4 164d11504f1940c4948fc07bb03f97ee - - -] Filtering removed all hosts for the request with volume ID '31f7d7ff-12dc-4c1c-bce1-489e48241139'. Filter results: AvailabilityZoneFilter: (start: 1, end: 1), CapacityFilter: (start: 1, end: 1), CapabilitiesFilter: (start: 1, end: 0)
2022-08-03 04:17:30.176 7 WARNING cinder.scheduler.filter_scheduler [req-bf3a94a1-a6f0-41de-aa35-e520c8304232 927d8fb0c34e48e882bf5e4b531931f4 164d11504f1940c4948fc07bb03f97ee - - -] No weighed backend found for volume with properties: {'id': '1f9dc541-d569-4b17-9d83-03efc01934d8', 'name': 'tempest-UserMessagesTest-volume-type-1634395805', 'description': None, 'is_public': True, 'projects': [], 'extra_specs': {'storage_protocol': 'tempest-storage_protocol-896485463', 'vendor_name': 'tempest-vendor_name-68176274'}, 'qos_specs_id': None, 'created_at': '2022-08-03T01:17:29.000000', 'updated_at': None, 'deleted_at': None, 'deleted': False}
2022-08-03 04:17:30.176 7 INFO cinder.message.api [req-bf3a94a1-a6f0-41de-aa35-e520c8304232 927d8fb0c34e48e882bf5e4b531931f4 164d11504f1940c4948fc07bb03f97ee - - -] Creating message record for request_id = req-bf3a94a1-a6f0-41de-aa35-e520c8304232
2022-08-03 04:17:30.182 7 ERROR cinder.scheduler.flows.create_volume [req-bf3a94a1-a6f0-41de-aa35-e520c8304232 927d8fb0c34e48e882bf5e4b531931f4 164d11504f1940c4948fc07bb03f97ee - - -] Failed to run task cinder.scheduler.flows.create_volume.ScheduleCreateVolumeTask;volume:create: No valid backend was found. No weighed backends available: cinder.exception.NoValidBackend: No valid backend was found. No weighed backends available
2022-08-03 04:17:40.284 7 WARNING cinder.scheduler.host_manager [req-5985b4e5-5df4-498e-9deb-65b3c5dc86e8 4c31e399a3f94fd38ffb6b73aa3abecc 5590abba151b437a8c46ec0058bf877d - - -] volume service is down. (host: rack03-server59@lvm-1)
2022-08-03 04:17:41.927 7 WARNING cinder.scheduler.host_manager [req-05c6c068-1a5a-44b3-a58c-494f036f5e9b aec371e6931f440d907d1eb8920d47a5 ae78481ccb54486894508de5eb39b990 - - -] volume service is down. (host: rack03-server59@lvm-1)
2022-08-03 04:17:43.992 7 WARNING cinder.scheduler.host_manager [req-9b5af0a2-ecf6-43ca-867c-d1d397356235 4c31e399a3f94fd38ffb6b73aa3abecc 5590abba151b437a8c46ec0058bf877d - - -] volume service is down. (host: rack03-server59@lvm-1)
2022-08-03 04:17:52.461 7 WARNING cinder.scheduler.host_manager [req-885e8e00-fc43-4e07-b0f9-5ef9ee525b00 6db6ab57f6084d86be3b529dc90b352f 538020253059416cb206a95b3ea987c8 - - -] volume service is down. (host: rack03-server59@lvm-1)
2022-08-03 04:17:57.335 7 WARNING cinder.scheduler.host_manager [req-b453a97b-811c-42b7-8d8b-d87224b8d540 6db6ab57f6084d86be3b529dc90b352f 538020253059416cb206a95b3ea987c8 - - -] volume service is down. (host: rack03-server59@lvm-1)
2022-08-03 04:18:07.107 7 WARNING cinder.scheduler.host_manager [req-0869632b-666f-4d63-ada2-6b879af0d5ac 8f33530865f04e6ab44281e96bf3b096 7bf35f96a4ad48a7933f2d28a780454c - - -] volume service is down. (host: rack03-server59@lvm-1)
2022-08-03 04:19:00.527 7 WARNING cinder.scheduler.host_manager [req-4b30a6bb-3c3e-4e84-b78a-d92ac2044759 acbd96d7cf024d47b1d0f687b81a301c 815d1b06a4fa451abb8f65f362285e56 - - -] volume service is down. (host: rack03-server59@lvm-1)
2022-08-03 04:19:03.054 7 WARNING cinder.scheduler.host_manager [req-d1f8920b-a2a7-46f5-b2f8-b32b2cdc7c97 acbd96d7cf024d47b1d0f687b81a301c 815d1b06a4fa451abb8f65f362285e56 - - -] volume service is down. (host: rack03-server59@lvm-1)
2022-08-03 04:19:05.549 7 WARNING cinder.scheduler.host_manager [req-c8737b44-0c4d-4a38-9c37-dbfe9132a0e1 acbd96d7cf024d47b1d0f687b81a301c 815d1b06a4fa451abb8f65f362285e56 - - -] volume service is down. (host: rack03-server59@lvm-1)
2022-08-03 04:19:16.461 7 WARNING cinder.scheduler.host_manager [req-cddfd11b-4328-4589-9412-a0ed64029853 f405c65245cb432190b450526e78b116 221998b1b86c4813bc87c034b54da741 - - -] volume service is down. (host: rack03-server59@lvm-1)
2022-08-03 04:19:52.639 7 WARNING cinder.scheduler.host_manager [req-09ed47d8-ea5e-442c-a873-81da02393bb0 624465efabae4a03947ffaefee1250a3 2f1e985c8f264dfe8a73d261ed30bda4 - - -] volume service is down. (host: rack03-server59@lvm-1)
2022-08-03 04:19:56.570 7 WARNING cinder.scheduler.host_manager [req-9a13323a-e5eb-4402-a246-7072834370bc 624465efabae4a03947ffaefee1250a3 2f1e985c8f264dfe8a73d261ed30bda4 - - -] volume service is down. (host: rack03-server59@lvm-1)
2022-08-03 04:20:00.185 7 WARNING cinder.scheduler.host_manager [req-b8fe66a7-54b8-4f2a-a18e-69c4de2d3273 9032678bbadb4506a7fa3a59bac4ce7f d3c4768a61794f21b119289a987fc4f8 - - -] volume service is down. (host: rack03-server59@lvm-1)
2022-08-03 04:20:00.408 7 WARNING cinder.scheduler.host_manager [req-367c1ccb-4433-4111-b95e-a0604c4750b5 624465efabae4a03947ffaefee1250a3 2f1e985c8f264dfe8a73d261ed30bda4 - - -] volume service is down. (host: rack03-server59@lvm-1)
2022-08-03 04:20:02.766 7 WARNING cinder.scheduler.host_manager [req-7b847f28-261d-426c-ab44-16c8421438c6 9032678bbadb4506a7fa3a59bac4ce7f d3c4768a61794f21b119289a987fc4f8 - - -] volume service is down. (host: rack03-server59@lvm-1)
2022-08-03 04:20:04.234 7 WARNING cinder.scheduler.host_manager [req-f1cc15c9-d99c-46ca-aec9-636788fdab60 624465efabae4a03947ffaefee1250a3 2f1e985c8f264dfe8a73d261ed30bda4 - - -] volume service is down. (host: rack03-server59@lvm-1)
2022-08-03 04:20:05.047 7 WARNING cinder.scheduler.host_manager [req-5665f1c2-c5a5-4b5f-9870-a86a7fffde64 9032678bbadb4506a7fa3a59bac4ce7f d3c4768a61794f21b119289a987fc4f8 - - -] volume service is down. (host: rack03-server59@lvm-1)
2022-08-03 04:20:07.325 7 WARNING cinder.scheduler.host_manager [req-911df741-0fbe-4e11-be52-560b8c1cc1c9 9032678bbadb4506a7fa3a59bac4ce7f d3c4768a61794f21b119289a987fc4f8 - - -] volume service is down. (host: rack03-server59@lvm-1)
2022-08-03 04:20:08.010 7 WARNING cinder.scheduler.host_manager [req-5e017d79-801c-4a68-bf8f-a9c2ac8993ed 624465efabae4a03947ffaefee1250a3 2f1e985c8f264dfe8a73d261ed30bda4 - - -] volume service is down. (host: rack03-server59@lvm-1)
2022-08-03 04:20:15.695 7 WARNING cinder.scheduler.host_manager [req-8d187ef0-7c84-407d-b059-43f3719f58e5 d031c0767e424e3ea6f8f980b5b719a3 b37f06dd950e4325b44685c3b9619d64 - - -] volume service is down. (host: rack03-server59@lvm-1)
2022-08-03 04:20:18.187 7 WARNING cinder.scheduler.host_manager [req-2715cdb8-953f-4268-a1bd-4cc965be3f30 ff777d4db75340e693af7c721853bfba 2c295eef955247af96e0f80a979c07f8 - - -] volume service is down. (host: rack03-server59@lvm-1)
2022-08-03 04:20:20.540 7 WARNING cinder.scheduler.host_manager [req-da2d286c-4423-424a-a2b8-db8e179860cc ff777d4db75340e693af7c721853bfba 2c295eef955247af96e0f80a979c07f8 - - -] volume service is down. (host: rack03-server59@lvm-1)
2022-08-03 04:20:32.134 7 WARNING cinder.scheduler.host_manager [req-219d8c8a-0b29-4161-946b-bc3361097f47 9eac9e3ae19a4d57a495e39ac98f0754 4d3ff5a3590541d59717140dc049e5b7 - - -] volume service is down. (host: rack03-server59@lvm-1)
2022-08-03 04:20:33.417 7 WARNING cinder.scheduler.host_manager [req-4f0bc3d0-d7c4-4021-83e7-a7c8830a5e2b 9eac9e3ae19a4d57a495e39ac98f0754 4d3ff5a3590541d59717140dc049e5b7 - - -] volume service is down. (host: rack03-server59@lvm-1)
2022-08-03 04:20:46.498 7 WARNING cinder.scheduler.host_manager [req-07f31bac-8230-40ac-a854-9744286a03a3 144bcdb80af14770bfab2bce5dc795f3 a06981168db247a39b110f471ad2c433 - - -] volume service is down. (host: rack03-server59@lvm-1)
2022-08-03 04:20:56.781 7 WARNING cinder.scheduler.host_manager [req-4b4d60dc-cbe8-4662-8393-0d5831d07a18 4023eac22ed44953a2897b9584251a93 ce8a07355bc64ce6ba098926e78ce3d8 - - -] volume service is down. (host: rack03-server59@lvm-1)
2022-08-03 04:21:00.578 7 WARNING cinder.scheduler.host_manager [req-0425e3a2-4324-4d6b-a1cd-20782e38e96d 4023eac22ed44953a2897b9584251a93 ce8a07355bc64ce6ba098926e78ce3d8 - - -] volume service is down. (host: rack03-server59@lvm-1)
2022-08-03 04:21:07.291 7 WARNING cinder.scheduler.host_manager [req-a03e79e9-3d74-4638-aebb-dd3da76c6f91 67469e1e64e64834a25033833c6e5ab1 8ae9dce9f19b4a9eb28a1e8786b7dfae - - -] volume service is down. (host: rack03-server59@lvm-1)
2022-08-03 04:21:23.586 7 WARNING cinder.scheduler.host_manager [req-5f613f4b-dee9-48ce-94ec-f0d0d82eef2f 67469e1e64e64834a25033833c6e5ab1 8ae9dce9f19b4a9eb28a1e8786b7dfae - - -] volume service is down. (host: rack03-server59@lvm-1)
2022-08-03 04:21:30.306 7 WARNING cinder.scheduler.host_manager [req-56eef47b-ef44-4d2e-8d13-13846c5ec153 67469e1e64e64834a25033833c6e5ab1 8ae9dce9f19b4a9eb28a1e8786b7dfae - - -] volume service is down. (host: rack03-server59@lvm-1)
2022-08-03 04:21:32.872 7 WARNING cinder.scheduler.host_manager [req-7ab06917-43bb-4cf0-95fc-07eb70156f84 67469e1e64e64834a25033833c6e5ab1 8ae9dce9f19b4a9eb28a1e8786b7dfae - - -] volume service is down. (host: rack03-server59@lvm-1)
2022-08-03 04:21:44.042 7 WARNING cinder.scheduler.host_manager [req-082db0db-ded1-4a54-ae68-6890466caf1a 637d75e75bf4433c8f42be8084c49d76 d3bc9843730b40458a0c674a840f5c88 - - -] volume service is down. (host: rack03-server59@lvm-1)
2022-08-03 04:21:50.785 7 WARNING cinder.scheduler.host_manager [req-9f337d3c-cca0-4f61-99d6-259279696f14 d35e3b42c9704e34be9a505f943b1515 2567d4ca0b484be893815177ef93852a - - -] volume service is down. (host: rack03-server59@lvm-1)
2022-08-03 04:21:51.241 7 WARNING cinder.scheduler.host_manager [req-c370e321-8a47-451c-909a-0c9c8ce32771 9782665cca0e44f5a563c8fc7f2aa5b0 7cde3ea87d134ce2ac9ca9a964c37044 - - -] volume service is down. (host: rack03-server59@lvm-1)
2022-08-03 04:23:52.804 7 WARNING cinder.scheduler.host_manager [req-62f91300-d9ee-466a-aee1-4c26d1f7750d d35e3b42c9704e34be9a505f943b1515 2567d4ca0b484be893815177ef93852a - - -] volume service is down. (host: rack03-server59@lvm-1)
2022-08-03 04:23:56.359 7 WARNING cinder.scheduler.host_manager [req-5702faaa-2e25-43e5-9592-f496600cad42 d35e3b42c9704e34be9a505f943b1515 2567d4ca0b484be893815177ef93852a - - -] volume service is down. (host: rack03-server59@lvm-1)
2022-08-03 04:24:53.050 7 WARNING cinder.scheduler.host_manager [req-58b1ad75-7a80-4594-89c7-82e28d04413e d35e3b42c9704e34be9a505f943b1515 2567d4ca0b484be893815177ef93852a - - -] volume service is down. (host: rack03-server59@lvm-1)
2022-08-03 04:24:55.388 7 WARNING cinder.scheduler.host_manager [req-ba7f21bd-06e3-4a85-b51b-15e2e1f0b9d8 d35e3b42c9704e34be9a505f943b1515 2567d4ca0b484be893815177ef93852a - - -] volume service is down. (host: rack03-server59@lvm-1)
2022-08-03 04:24:57.873 7 WARNING cinder.scheduler.host_manager [req-50bca459-6a6d-4e9e-a88e-c46cc3bd4859 d35e3b42c9704e34be9a505f943b1515 2567d4ca0b484be893815177ef93852a - - -] volume service is down. (host: rack03-server59@lvm-1)
2022-08-03 04:25:01.523 7 WARNING cinder.scheduler.host_manager [req-4c68c51d-6549-4054-814f-1b04239f468f d35e3b42c9704e34be9a505f943b1515 2567d4ca0b484be893815177ef93852a - - -] volume service is down. (host: rack03-server59@lvm-1)
2022-08-03 04:25:03.842 7 WARNING cinder.scheduler.host_manager [req-5e1942b5-bca2-4e9c-8dc9-2ae366bc3139 d35e3b42c9704e34be9a505f943b1515 2567d4ca0b484be893815177ef93852a - - -] volume service is down. (host: rack03-server59@lvm-1)
2022-08-03 04:25:06.316 7 WARNING cinder.scheduler.host_manager [req-b5603ea0-9a9d-4552-836c-ee47e1d4a39d d35e3b42c9704e34be9a505f943b1515 2567d4ca0b484be893815177ef93852a - - -] volume service is down. (host: rack03-server59@lvm-1)
2022-08-03 04:26:59.799 7 WARNING cinder.scheduler.host_manager [req-a62c8293-aa14-4aa1-b304-d361790d63d2 a187e2df2a6641e6bc02bd652e03ba68 bc567dc1e89042de9c119df654cb7516 - - -] volume service is down. (host: rack03-server59@lvm-1)
2022-08-03 04:27:02.251 7 WARNING cinder.scheduler.host_manager [req-cd159c54-c019-48f0-8d4d-bc121d574b4c a187e2df2a6641e6bc02bd652e03ba68 bc567dc1e89042de9c119df654cb7516 - - -] volume service is down. (host: rack03-server59@lvm-1)
2022-08-03 04:27:11.178 7 WARNING cinder.scheduler.host_manager [req-e54f697d-85f4-41db-9085-d598b68681b1 b4f932d0205e4bc29869e7f82459a29b 9dfc0316e42f4410a51b3d2d3265c8d3 - - -] volume service is down. (host: rack03-server59@lvm-1)
2022-08-03 04:27:11.186 7 WARNING cinder.scheduler.host_manager [req-e54f697d-85f4-41db-9085-d598b68681b1 b4f932d0205e4bc29869e7f82459a29b 9dfc0316e42f4410a51b3d2d3265c8d3 - - -] volume service is down. (host: rack03-server59@lvm-1)
2022-08-03 04:27:12.683 7 WARNING cinder.scheduler.host_manager [req-7a178b8a-abda-4de4-a13a-ed06643d5ce9 b4f932d0205e4bc29869e7f82459a29b 9dfc0316e42f4410a51b3d2d3265c8d3 - - -] volume service is down. (host: rack03-server59@lvm-1)
2022-08-03 04:27:36.559 7 WARNING cinder.scheduler.host_manager [req-632a6480-0b29-4ac4-affc-863225ba1ef4 83be9e67a4314c77945467d6db0bc276 9e9a3e5b3b324381bfe4d5b6c7d3e7b0 - - -] volume service is down. (host: rack03-server59@lvm-1)
2022-08-03 04:27:36.565 7 WARNING cinder.scheduler.host_manager [req-632a6480-0b29-4ac4-affc-863225ba1ef4 83be9e67a4314c77945467d6db0bc276 9e9a3e5b3b324381bfe4d5b6c7d3e7b0 - - -] volume service is down. (host: rack03-server59@lvm-1)
2022-08-03 04:27:51.357 7 WARNING cinder.scheduler.host_manager [req-a4f2d539-bbb6-487f-907d-d915a46f8dc0 b1e1112b73994f3992718a009438af22 c192ee4095284f58bc47d4cd5a2446d5 - - -] volume service is down. (host: rack03-server59@lvm-1)
2022-08-03 04:28:09.345 7 WARNING cinder.scheduler.host_manager [req-97fb1c78-d924-4e69-964d-7af17792319d ecd02269a3904745b739e71e4d110a00 6c3050c38451485aafbd4f16ed3c29bd - - -] volume service is down. (host: rack03-server59@lvm-1)
2022-08-03 04:28:11.690 7 WARNING cinder.scheduler.host_manager [req-6edd632b-8a1c-4382-9b85-53704fde17fe ecd02269a3904745b739e71e4d110a00 6c3050c38451485aafbd4f16ed3c29bd - - -] volume service is down. (host: rack03-server59@lvm-1)
2022-08-03 04:28:33.559 7 WARNING cinder.scheduler.host_manager [req-55a6219f-fd34-423b-8abe-21d6a707036a 1c8d90a30c2546649908a9914e59746b 8d5138478dde4c57aef21239f9b8db26 - - -] volume service is down. (host: rack03-server59@lvm-1)
2022-08-03 04:28:36.072 7 WARNING cinder.scheduler.host_manager [req-e6baa586-b825-4212-8291-ba8ca62bb4fc 1c8d90a30c2546649908a9914e59746b 8d5138478dde4c57aef21239f9b8db26 - - -] volume service is down. (host: rack03-server59@lvm-1)
2022-08-03 04:28:38.577 7 WARNING cinder.scheduler.host_manager [req-e52bdb1f-b58b-4526-88a7-c407709e6377 1c8d90a30c2546649908a9914e59746b 8d5138478dde4c57aef21239f9b8db26 - - -] volume service is down. (host: rack03-server59@lvm-1)
2022-08-03 04:28:41.340 7 WARNING cinder.scheduler.host_manager [req-f31b0b0e-9978-4e8c-ad2d-fdcf9ef69f50 8e981282c9a94f6e9c7fdb9643f3dbc5 9f63d119886243c186e39be10010fb75 - - -] volume service is down. (host: rack03-server59@lvm-1)
2022-08-03 04:28:50.854 7 WARNING cinder.scheduler.host_manager [req-30010bad-3012-46de-a86c-d64702003f27 53944ecc344444f5b5760ad876b3c12a df24e3f07f744e3887fdcac77cd5ee3d - - -] volume service is down. (host: rack03-server59@lvm-1)
2022-08-03 04:28:52.147 7 WARNING cinder.scheduler.host_manager [req-2c65777e-5cb1-47b7-bcee-33af0ec4435e 53944ecc344444f5b5760ad876b3c12a df24e3f07f744e3887fdcac77cd5ee3d - - -] volume service is down. (host: rack03-server59@lvm-1)
2022-08-03 04:28:54.429 7 WARNING cinder.scheduler.host_manager [req-ffe26220-0049-46ac-bc18-6e44d87f65eb 53944ecc344444f5b5760ad876b3c12a df24e3f07f744e3887fdcac77cd5ee3d - - -] volume service is down. (host: rack03-server59@lvm-1)
2022-08-03 04:28:58.133 7 WARNING cinder.scheduler.host_manager [req-9d311b26-6c68-469a-beb3-41aad1177594 53944ecc344444f5b5760ad876b3c12a df24e3f07f744e3887fdcac77cd5ee3d - - -] volume service is down. (host: rack03-server59@lvm-1)
2022-08-03 04:29:00.439 7 WARNING cinder.scheduler.host_manager [req-834351b4-0a60-4c6b-aeac-2406c8a11a84 53944ecc344444f5b5760ad876b3c12a df24e3f07f744e3887fdcac77cd5ee3d - - -] volume service is down. (host: rack03-server59@lvm-1)
2022-08-03 04:29:02.908 7 WARNING cinder.scheduler.host_manager [req-9f9f8d20-de8c-472a-b50a-4c244db82b35 53944ecc344444f5b5760ad876b3c12a df24e3f07f744e3887fdcac77cd5ee3d - - -] volume service is down. (host: rack03-server59@lvm-1)
2022-08-03 04:29:10.968 7 WARNING cinder.scheduler.host_manager [req-2f63738a-e1d1-4038-87f9-809c4505e1b2 807f798a86e9449aa6ebeae97352b1e1 0724286150974f0dba50b7784bb81458 - - -] volume service is down. (host: rack03-server59@lvm-1)
2022-08-03 04:32:14.056 7 WARNING cinder.scheduler.host_manager [req-ea1567d9-9dd9-4d2b-bd3d-eb286f3fcffc 6f544dc4b39d48879c5bc13007602ba7 3255239ae6b249f08e330f51f3ca0083 - - -] volume service is down. (host: rack03-server59@lvm-1)
2022-08-03 04:32:29.139 7 WARNING cinder.scheduler.host_manager [req-8cbade9a-56c0-4c18-af33-7169a37a98c8 6f544dc4b39d48879c5bc13007602ba7 3255239ae6b249f08e330f51f3ca0083 - - -] volume service is down. (host: rack03-server59@lvm-1)
2022-08-03 04:32:30.640 7 WARNING cinder.scheduler.host_manager [req-fa27008b-7d65-4308-ab92-7c0f6414b4f2 6f544dc4b39d48879c5bc13007602ba7 3255239ae6b249f08e330f51f3ca0083 - - -] volume service is down. (host: rack03-server59@lvm-1)
2022-08-03 04:32:32.998 7 WARNING cinder.scheduler.host_manager [req-62b19f23-0d30-402c-9097-07bef1ed412a 6f544dc4b39d48879c5bc13007602ba7 3255239ae6b249f08e330f51f3ca0083 - - -] volume service is down. (host: rack03-server59@lvm-1)
2022-08-03 04:32:35.307 7 WARNING cinder.scheduler.host_manager [req-66a5aa5c-58ef-4405-8319-f04ac0e347f6 6f544dc4b39d48879c5bc13007602ba7 3255239ae6b249f08e330f51f3ca0083 - - -] volume service is down. (host: rack03-server59@lvm-1)
2022-08-03 04:32:43.333 7 WARNING cinder.scheduler.host_manager [req-df323371-8291-47da-b795-c134ca1fb6b5 b974a8549b2d4b2e856e745836023b83 7e6afe93868648b19f26fe67e523f808 - - -] volume service is down. (host: rack03-server59@lvm-1)
2022-08-03 04:32:46.017 7 WARNING cinder.scheduler.host_manager [req-04a6367c-52de-4a60-9b8a-6a4b2c97a3d1 b974a8549b2d4b2e856e745836023b83 7e6afe93868648b19f26fe67e523f808 - - -] volume service is down. (host: rack03-server59@lvm-1)
2022-08-03 04:32:50.821 7 WARNING cinder.scheduler.host_manager [req-014b485a-899f-4650-abbe-89d4585acdb7 b974a8549b2d4b2e856e745836023b83 7e6afe93868648b19f26fe67e523f808 - - -] volume service is down. (host: rack03-server59@lvm-1)
2022-08-03 04:32:53.301 7 WARNING cinder.scheduler.host_manager [req-607e5a0f-62af-4679-8cd6-d19b1301e000 b974a8549b2d4b2e856e745836023b83 7e6afe93868648b19f26fe67e523f808 - - -] volume service is down. (host: rack03-server59@lvm-1)
2022-08-03 04:32:57.044 7 WARNING cinder.scheduler.host_manager [req-c4016468-818a-4acc-ab52-1a6237fc1b9c b974a8549b2d4b2e856e745836023b83 7e6afe93868648b19f26fe67e523f808 - - -] volume service is down. (host: rack03-server59@lvm-1)
2022-08-03 04:33:02.009 7 WARNING cinder.scheduler.host_manager [req-aef668e2-2f74-47e8-a835-cca397e8fe38 b974a8549b2d4b2e856e745836023b83 7e6afe93868648b19f26fe67e523f808 - - -] volume service is down. (host: rack03-server59@lvm-1)
2022-08-03 04:33:18.476 7 WARNING cinder.scheduler.host_manager [req-e52996f5-2951-495f-ae5e-c6c99192dbeb b974a8549b2d4b2e856e745836023b83 7e6afe93868648b19f26fe67e523f808 - - -] volume service is down. (host: rack03-server59@lvm-1)
2022-08-03 04:33:32.066 7 WARNING cinder.scheduler.host_manager [req-29e31880-20f6-42d3-9dab-aa7662cadad6 62028d6f2f1a460db300a6473a9d2714 7b6b3fcfe33c49a1bbbd982f3610ce4d - - -] volume service is down. (host: rack03-server59@lvm-1)
2022-08-03 04:33:32.184 7 WARNING cinder.scheduler.host_manager [req-716b985f-7f92-4857-890f-64091581ab9d 8a6ca4e26a7a4851aca156fea0bdf85b 3a18b842df974a9182a2d4d8841560f8 - - -] volume service is down. (host: rack03-server59@lvm-1)
2022-08-03 04:33:32.189 7 WARNING cinder.scheduler.host_manager [req-4bbb09d9-e7d7-4c10-839c-4fdeb84d5b0c b3ff9cf34dbe437d8ca842f3e78d6d0e ea9b4cce31cc4c7585716f0c46185134 - - -] volume service is down. (host: rack03-server59@lvm-1)
2022-08-03 04:33:32.356 7 WARNING cinder.scheduler.host_manager [req-57fe6742-cb97-4394-bf2b-fd88634e3f2f 62028d6f2f1a460db300a6473a9d2714 7b6b3fcfe33c49a1bbbd982f3610ce4d - - -] volume service is down. (host: rack03-server59@lvm-1)
2022-08-03 04:33:32.648 7 WARNING cinder.scheduler.host_manager [req-6d693351-2c19-47f2-a7d7-19a456a341bd 62028d6f2f1a460db300a6473a9d2714 7b6b3fcfe33c49a1bbbd982f3610ce4d - - -] volume service is down. (host: rack03-server59@lvm-1)
2022-08-03 04:33:32.944 7 WARNING cinder.scheduler.host_manager [req-35a46a01-ea7e-45dd-ac26-7e59ee444fad 62028d6f2f1a460db300a6473a9d2714 7b6b3fcfe33c49a1bbbd982f3610ce4d - - -] volume service is down. (host: rack03-server59@lvm-1)
2022-08-03 04:33:33.238 7 WARNING cinder.scheduler.host_manager [req-8c612fec-f948-4bc1-aba0-24475d8373b9 62028d6f2f1a460db300a6473a9d2714 7b6b3fcfe33c49a1bbbd982f3610ce4d - - -] volume service is down. (host: rack03-server59@lvm-1)
2022-08-03 04:33:33.512 7 WARNING cinder.scheduler.host_manager [req-d2eb7078-e7bc-4960-ad43-ab4b4d399e21 8a6ca4e26a7a4851aca156fea0bdf85b 3a18b842df974a9182a2d4d8841560f8 - - -] volume service is down. (host: rack03-server59@lvm-1)
2022-08-03 04:33:33.791 7 WARNING cinder.scheduler.host_manager [req-7c99819d-0806-4b85-818d-4b69f011b21b b3ff9cf34dbe437d8ca842f3e78d6d0e ea9b4cce31cc4c7585716f0c46185134 - - -] volume service is down. (host: rack03-server59@lvm-1)
2022-08-03 04:33:33.810 7 WARNING cinder.scheduler.host_manager [req-4aebb95c-6995-4672-bfcd-6d44989a41b8 8a6ca4e26a7a4851aca156fea0bdf85b 3a18b842df974a9182a2d4d8841560f8 - - -] volume service is down. (host: rack03-server59@lvm-1)
2022-08-03 04:33:34.074 7 WARNING cinder.scheduler.host_manager [req-1476516c-c0d6-4e41-b847-757aa92bc715 8a6ca4e26a7a4851aca156fea0bdf85b 3a18b842df974a9182a2d4d8841560f8 - - -] volume service is down. (host: rack03-server59@lvm-1)
2022-08-03 04:33:34.389 7 WARNING cinder.scheduler.host_manager [req-5e3e5d34-d895-4c28-8aae-861ca49d2869 8a6ca4e26a7a4851aca156fea0bdf85b 3a18b842df974a9182a2d4d8841560f8 - - -] volume service is down. (host: rack03-server59@lvm-1)
2022-08-03 04:33:34.684 7 WARNING cinder.scheduler.host_manager [req-76ec9e9c-b289-4cd9-b1be-1bc8ab455487 8a6ca4e26a7a4851aca156fea0bdf85b 3a18b842df974a9182a2d4d8841560f8 - - -] volume service is down. (host: rack03-server59@lvm-1)
2022-08-03 04:33:36.214 7 WARNING cinder.scheduler.host_manager [req-0cd74737-39c5-4fad-9e0d-dd66aacb6399 b3ff9cf34dbe437d8ca842f3e78d6d0e ea9b4cce31cc4c7585716f0c46185134 - - -] volume service is down. (host: rack03-server59@lvm-1)
2022-08-03 04:33:36.502 7 WARNING cinder.scheduler.host_manager [req-ea410f35-c8e5-4db3-8304-1f6a73c7f57b b3ff9cf34dbe437d8ca842f3e78d6d0e ea9b4cce31cc4c7585716f0c46185134 - - -] volume service is down. (host: rack03-server59@lvm-1)
2022-08-03 04:33:36.785 7 WARNING cinder.scheduler.host_manager [req-60768419-67c8-4342-8cda-cbb4764920ed b3ff9cf34dbe437d8ca842f3e78d6d0e ea9b4cce31cc4c7585716f0c46185134 - - -] volume service is down. (host: rack03-server59@lvm-1)
2022-08-03 04:33:37.068 7 WARNING cinder.scheduler.host_manager [req-cea2f385-0e89-4f00-9950-09852a76365b b3ff9cf34dbe437d8ca842f3e78d6d0e ea9b4cce31cc4c7585716f0c46185134 - - -] volume service is down. (host: rack03-server59@lvm-1)
2022-08-03 04:33:37.354 7 WARNING cinder.scheduler.host_manager [req-0ddfe52d-40d0-4c20-855a-b09cf3e3c3d2 b3ff9cf34dbe437d8ca842f3e78d6d0e ea9b4cce31cc4c7585716f0c46185134 - - -] volume service is down. (host: rack03-server59@lvm-1)
2022-08-03 04:33:43.721 7 WARNING cinder.scheduler.host_manager [req-310c84e6-fc67-43d7-9722-de3277441aa8 55995404d4ad4a8981b4a269a99627c7 3ef2d57426d24082960cd8aba0817fe6 - - -] volume service is down. (host: rack03-server59@lvm-1)
2022-08-03 04:33:46.253 7 WARNING cinder.scheduler.host_manager [req-544667d8-0c1b-41f1-ac58-7efa554bfab6 55995404d4ad4a8981b4a269a99627c7 3ef2d57426d24082960cd8aba0817fe6 - - -] volume service is down. (host: rack03-server59@lvm-1)
2022-08-03 04:33:48.640 7 WARNING cinder.scheduler.host_manager [req-decbcbdc-1303-4392-a57f-d7b795c9e121 55995404d4ad4a8981b4a269a99627c7 3ef2d57426d24082960cd8aba0817fe6 - - -] volume service is down. (host: rack03-server59@lvm-1)
