Build Started 22_03_2023_18_10_57
2023-03-22 18:12:53.442 7 WARNING cinder.scheduler.host_manager [req-af466028-c47a-4315-8069-cccf6992a808 req-d856f1b5-7ac3-4ae1-ae0c-3f1e6b6de86b af7b1e0a7b1f41fdb6b2fc646c5a1d2b 767ec5cb0c12450382fb8e03690f781c - - - -] volume service is down. (host: rack09-server62@lvm-1)
2023-03-22 18:12:53.519 7 WARNING cinder.scheduler.host_manager [req-323f4c98-025d-454f-9812-23b9de409724 req-3016cb12-20be-4b38-b9a3-89e3cff78adc 657fcb005e3b4ca6a61240d113ecaec0 27cb955c4eff4e778825b0ef4d862c8e - - - -] volume service is down. (host: rack09-server62@lvm-1)
2023-03-22 18:12:53.594 7 WARNING cinder.scheduler.host_manager [None req-10e16dfd-27ee-4e1a-9866-b122bb97e058 143f3428a80f4f5abee248a16059f365 562e2826068b4ac5b4fc523838e3356b - - - -] volume service is down. (host: rack09-server62@lvm-1)
2023-03-22 18:12:55.078 7 WARNING cinder.scheduler.host_manager [req-e72c1dac-4f9f-48e0-9b3e-05c51bfba0b8 req-ea174633-6e73-4f79-8492-05c78e842102 657fcb005e3b4ca6a61240d113ecaec0 27cb955c4eff4e778825b0ef4d862c8e - - - -] volume service is down. (host: rack09-server62@lvm-1)
2023-03-22 18:12:55.079 7 WARNING oslo_messaging.rpc.client [req-e72c1dac-4f9f-48e0-9b3e-05c51bfba0b8 req-ea174633-6e73-4f79-8492-05c78e842102 657fcb005e3b4ca6a61240d113ecaec0 27cb955c4eff4e778825b0ef4d862c8e - - - -] Using RPCClient manually to instantiate client. Please use get_rpc_client to obtain an RPC client instance.
2023-03-22 18:13:00.213 7 WARNING cinder.scheduler.host_manager [None req-78e76406-437d-4505-b353-dd7f40ffd794 530ef400f9f44423a45a3d912e1299d2 3c02eb7ac7ff46e89433c2aba9ece61c - - - -] volume service is down. (host: rack09-server62@lvm-1)
2023-03-22 18:13:00.257 7 WARNING cinder.scheduler.host_manager [None req-ec111d06-571b-42c8-97d4-88af12b8679e 530ef400f9f44423a45a3d912e1299d2 3c02eb7ac7ff46e89433c2aba9ece61c - - - -] volume service is down. (host: rack09-server62@lvm-1)
2023-03-22 18:13:05.632 7 WARNING cinder.scheduler.host_manager [None req-0704ae38-d4cb-4f04-aab2-785e532467a0 9ac40acea09e4df581e96bb43886a60e 0dc23c395ae0499bb0cbc6e7a865a710 - - - -] volume service is down. (host: rack09-server62@lvm-1)
2023-03-22 18:13:05.638 7 WARNING cinder.scheduler.host_manager [None req-0704ae38-d4cb-4f04-aab2-785e532467a0 9ac40acea09e4df581e96bb43886a60e 0dc23c395ae0499bb0cbc6e7a865a710 - - - -] volume service is down. (host: rack09-server62@lvm-1)
2023-03-22 18:13:07.423 7 WARNING cinder.scheduler.host_manager [None req-30083c2e-4599-40b3-b75b-861525c29065 9ac40acea09e4df581e96bb43886a60e 0dc23c395ae0499bb0cbc6e7a865a710 - - - -] volume service is down. (host: rack09-server62@lvm-1)
2023-03-22 18:13:09.412 7 WARNING cinder.scheduler.host_manager [None req-2d51169a-a600-49a9-a80b-0592fe5bdbc0 597b2992b9fa4ad2adb29cd808cbf2bc 66cc965507544c8d8285ad040c456ae5 - - - -] volume service is down. (host: rack09-server62@lvm-1)
2023-03-22 18:13:09.420 7 WARNING cinder.scheduler.host_manager [None req-2d51169a-a600-49a9-a80b-0592fe5bdbc0 597b2992b9fa4ad2adb29cd808cbf2bc 66cc965507544c8d8285ad040c456ae5 - - - -] volume service is down. (host: rack09-server62@lvm-1)
2023-03-22 18:13:11.691 7 WARNING cinder.scheduler.host_manager [None req-9b7dde7a-ba5c-4fe2-8ca0-6f8676a609a1 9ac40acea09e4df581e96bb43886a60e 0dc23c395ae0499bb0cbc6e7a865a710 - - - -] volume service is down. (host: rack09-server62@lvm-1)
2023-03-22 18:13:17.692 7 WARNING cinder.scheduler.host_manager [None req-d658bd9b-9765-4333-a5f6-1f52c4514d2c a45b7af81f894f1d926ab7e78151f0aa d629fe0dcb424026a5b9bae51556cc74 - - - -] volume service is down. (host: rack09-server62@lvm-1)
2023-03-22 18:13:17.692 7 INFO cinder.scheduler.base_filter [None req-d658bd9b-9765-4333-a5f6-1f52c4514d2c a45b7af81f894f1d926ab7e78151f0aa d629fe0dcb424026a5b9bae51556cc74 - - - -] Filtering removed all hosts for the request with volume ID '0ba8256d-18e3-44ae-8015-ca83a7748f6f'. Filter results: AvailabilityZoneFilter: (start: 1, end: 1), CapacityFilter: (start: 1, end: 1), CapabilitiesFilter: (start: 1, end: 0)
2023-03-22 18:13:17.693 7 WARNING cinder.scheduler.filter_scheduler [None req-d658bd9b-9765-4333-a5f6-1f52c4514d2c a45b7af81f894f1d926ab7e78151f0aa d629fe0dcb424026a5b9bae51556cc74 - - - -] No weighed backend found for volume with properties: {'id': '24cfac7f-393f-44be-b63d-cc2c2be1cc29', 'name': 'tempest-UserMessagesTest-volume-type-831654679', 'description': None, 'is_public': True, 'projects': [], 'extra_specs': {'storage_protocol': 'tempest-storage_protocol-846021239', 'vendor_name': 'tempest-vendor_name-576145047'}, 'qos_specs_id': None, 'created_at': '2023-03-22T18:13:16.000000', 'updated_at': None, 'deleted_at': None, 'deleted': False}
2023-03-22 18:13:17.693 7 INFO cinder.message.api [None req-d658bd9b-9765-4333-a5f6-1f52c4514d2c a45b7af81f894f1d926ab7e78151f0aa d629fe0dcb424026a5b9bae51556cc74 - - - -] Creating message record for request_id = req-d658bd9b-9765-4333-a5f6-1f52c4514d2c
2023-03-22 18:13:17.698 7 ERROR cinder.scheduler.flows.create_volume [None req-d658bd9b-9765-4333-a5f6-1f52c4514d2c a45b7af81f894f1d926ab7e78151f0aa d629fe0dcb424026a5b9bae51556cc74 - - - -] Failed to run task cinder.scheduler.flows.create_volume.ScheduleCreateVolumeTask;volume:create: No valid backend was found. No weighed backends available: cinder.exception.NoValidBackend: No valid backend was found. No weighed backends available
2023-03-22 18:13:17.917 7 WARNING cinder.scheduler.host_manager [None req-efc9d3c8-158e-4c18-9cdb-4cd2fa3f19c8 9ac40acea09e4df581e96bb43886a60e 0dc23c395ae0499bb0cbc6e7a865a710 - - - -] volume service is down. (host: rack09-server62@lvm-1)
2023-03-22 18:13:17.924 7 WARNING cinder.scheduler.host_manager [None req-efc9d3c8-158e-4c18-9cdb-4cd2fa3f19c8 9ac40acea09e4df581e96bb43886a60e 0dc23c395ae0499bb0cbc6e7a865a710 - - - -] volume service is down. (host: rack09-server62@lvm-1)
2023-03-22 18:13:19.607 7 WARNING cinder.scheduler.host_manager [None req-3591b7a1-9acc-4dee-9313-4731ec5d9781 9ac40acea09e4df581e96bb43886a60e 0dc23c395ae0499bb0cbc6e7a865a710 - - - -] volume service is down. (host: rack09-server62@lvm-1)
2023-03-22 18:13:19.723 7 WARNING cinder.scheduler.host_manager [None req-d635a448-7384-4ed9-b37f-da907874c15f a45b7af81f894f1d926ab7e78151f0aa d629fe0dcb424026a5b9bae51556cc74 - - - -] volume service is down. (host: rack09-server62@lvm-1)
2023-03-22 18:13:19.724 7 INFO cinder.scheduler.base_filter [None req-d635a448-7384-4ed9-b37f-da907874c15f a45b7af81f894f1d926ab7e78151f0aa d629fe0dcb424026a5b9bae51556cc74 - - - -] Filtering removed all hosts for the request with volume ID 'bad1a7e5-23e6-4a32-8447-8874179aafb8'. Filter results: AvailabilityZoneFilter: (start: 1, end: 1), CapacityFilter: (start: 1, end: 1), CapabilitiesFilter: (start: 1, end: 0)
2023-03-22 18:13:19.724 7 WARNING cinder.scheduler.filter_scheduler [None req-d635a448-7384-4ed9-b37f-da907874c15f a45b7af81f894f1d926ab7e78151f0aa d629fe0dcb424026a5b9bae51556cc74 - - - -] No weighed backend found for volume with properties: {'id': '12b55732-f899-4036-8e6f-2e134149a7d4', 'name': 'tempest-UserMessagesTest-volume-type-941142812', 'description': None, 'is_public': True, 'projects': [], 'extra_specs': {'storage_protocol': 'tempest-storage_protocol-2040780692', 'vendor_name': 'tempest-vendor_name-467022092'}, 'qos_specs_id': None, 'created_at': '2023-03-22T18:13:19.000000', 'updated_at': None, 'deleted_at': None, 'deleted': False}
2023-03-22 18:13:19.725 7 INFO cinder.message.api [None req-d635a448-7384-4ed9-b37f-da907874c15f a45b7af81f894f1d926ab7e78151f0aa d629fe0dcb424026a5b9bae51556cc74 - - - -] Creating message record for request_id = req-d635a448-7384-4ed9-b37f-da907874c15f
2023-03-22 18:13:19.729 7 ERROR cinder.scheduler.flows.create_volume [None req-d635a448-7384-4ed9-b37f-da907874c15f a45b7af81f894f1d926ab7e78151f0aa d629fe0dcb424026a5b9bae51556cc74 - - - -] Failed to run task cinder.scheduler.flows.create_volume.ScheduleCreateVolumeTask;volume:create: No valid backend was found. No weighed backends available: cinder.exception.NoValidBackend: No valid backend was found. No weighed backends available
2023-03-22 18:13:22.406 7 WARNING cinder.scheduler.host_manager [None req-7f811a23-17b5-4a99-b4b9-b553353ef87b 9ac40acea09e4df581e96bb43886a60e 0dc23c395ae0499bb0cbc6e7a865a710 - - - -] volume service is down. (host: rack09-server62@lvm-1)
2023-03-22 18:13:23.876 7 WARNING cinder.scheduler.host_manager [None req-a4a8ee02-b78c-4e7c-8c16-7a118739c222 143f3428a80f4f5abee248a16059f365 562e2826068b4ac5b4fc523838e3356b - - - -] volume service is down. (host: rack09-server62@lvm-1)
2023-03-22 18:13:31.196 7 WARNING cinder.scheduler.host_manager [None req-c54e8fda-db97-4656-9cd7-be2a2168a4d7 398282188921449ebea0111c6370494c 3880d6c7241348f4be1b5234f74c26b3 - - - -] volume service is down. (host: rack09-server62@lvm-1)
2023-03-22 18:13:35.204 7 WARNING cinder.scheduler.host_manager [None req-e8d5587d-e0ce-4f3c-b0ad-c30e34451449 398282188921449ebea0111c6370494c 3880d6c7241348f4be1b5234f74c26b3 - - - -] volume service is down. (host: rack09-server62@lvm-1)
2023-03-22 18:13:36.080 7 WARNING cinder.scheduler.host_manager [None req-acced181-f887-41de-bf43-949d35c104ef 9ac40acea09e4df581e96bb43886a60e 0dc23c395ae0499bb0cbc6e7a865a710 - - - -] volume service is down. (host: rack09-server62@lvm-1)
2023-03-22 18:13:36.087 7 WARNING cinder.scheduler.host_manager [None req-acced181-f887-41de-bf43-949d35c104ef 9ac40acea09e4df581e96bb43886a60e 0dc23c395ae0499bb0cbc6e7a865a710 - - - -] volume service is down. (host: rack09-server62@lvm-1)
2023-03-22 18:13:38.068 7 WARNING cinder.scheduler.host_manager [None req-69394670-89e8-4886-809c-ba5ec2a25fb1 9ac40acea09e4df581e96bb43886a60e 0dc23c395ae0499bb0cbc6e7a865a710 - - - -] volume service is down. (host: rack09-server62@lvm-1)
2023-03-22 18:13:48.074 7 WARNING cinder.scheduler.host_manager [None req-536d0ff9-77c9-4d2c-990e-91027e63e4d3 48c44f62393d47359c295d04b8a52cf2 2935ca64858e456b9f89252c19a8e60d - - - -] volume service is down. (host: rack09-server62@lvm-1)
2023-03-22 18:13:50.808 7 WARNING cinder.scheduler.host_manager [None req-a16c6745-3028-45bf-91f3-56cd1fd56b1a 48c44f62393d47359c295d04b8a52cf2 2935ca64858e456b9f89252c19a8e60d - - - -] volume service is down. (host: rack09-server62@lvm-1)
2023-03-22 18:13:50.809 7 WARNING oslo_messaging.rpc.client [None req-a16c6745-3028-45bf-91f3-56cd1fd56b1a 48c44f62393d47359c295d04b8a52cf2 2935ca64858e456b9f89252c19a8e60d - - - -] Using RPCClient manually to instantiate client. Please use get_rpc_client to obtain an RPC client instance.
2023-03-22 18:13:54.844 7 WARNING cinder.scheduler.host_manager [None req-0739779c-f04e-483b-9096-cdb79f82afe8 bfbf9d1fbcd0499996d273b773e45931 0f087fb9e59540e3b0798b266c225fe1 - - - -] volume service is down. (host: rack09-server62@lvm-1)
2023-03-22 18:13:54.852 7 WARNING cinder.scheduler.host_manager [None req-0739779c-f04e-483b-9096-cdb79f82afe8 bfbf9d1fbcd0499996d273b773e45931 0f087fb9e59540e3b0798b266c225fe1 - - - -] volume service is down. (host: rack09-server62@lvm-1)
2023-03-22 18:13:56.136 7 WARNING cinder.scheduler.host_manager [None req-e95f95aa-e3c7-4a9b-9e71-b467ac173101 bfbf9d1fbcd0499996d273b773e45931 0f087fb9e59540e3b0798b266c225fe1 - - - -] volume service is down. (host: rack09-server62@lvm-1)
2023-03-22 18:13:56.144 7 WARNING cinder.scheduler.host_manager [None req-e95f95aa-e3c7-4a9b-9e71-b467ac173101 bfbf9d1fbcd0499996d273b773e45931 0f087fb9e59540e3b0798b266c225fe1 - - - -] volume service is down. (host: rack09-server62@lvm-1)
2023-03-22 18:13:57.891 7 WARNING cinder.scheduler.host_manager [None req-acdd51d8-cdcc-46f5-a5ee-9269d5ee01e3 bfbf9d1fbcd0499996d273b773e45931 0f087fb9e59540e3b0798b266c225fe1 - - - -] volume service is down. (host: rack09-server62@lvm-1)
2023-03-22 18:14:03.533 7 WARNING cinder.scheduler.host_manager [None req-fe7e6e6a-ff96-41b8-96b9-cefb934b6798 bfbf9d1fbcd0499996d273b773e45931 0f087fb9e59540e3b0798b266c225fe1 - - - -] volume service is down. (host: rack09-server62@lvm-1)
2023-03-22 18:14:03.539 7 WARNING cinder.scheduler.host_manager [None req-fe7e6e6a-ff96-41b8-96b9-cefb934b6798 bfbf9d1fbcd0499996d273b773e45931 0f087fb9e59540e3b0798b266c225fe1 - - - -] volume service is down. (host: rack09-server62@lvm-1)
2023-03-22 18:14:05.211 7 WARNING cinder.scheduler.host_manager [None req-4a0a6489-06a0-41d1-994a-0f935a1a3e48 bfbf9d1fbcd0499996d273b773e45931 0f087fb9e59540e3b0798b266c225fe1 - - - -] volume service is down. (host: rack09-server62@lvm-1)
2023-03-22 18:14:08.303 7 WARNING cinder.scheduler.host_manager [None req-43b525f6-6e74-466f-91cf-b203219b9cf9 bfbf9d1fbcd0499996d273b773e45931 0f087fb9e59540e3b0798b266c225fe1 - - - -] volume service is down. (host: rack09-server62@lvm-1)
2023-03-22 18:14:18.841 7 WARNING cinder.scheduler.host_manager [None req-2288985c-0b4a-48ff-898e-70e21a02b2a1 cc1b01cb2f344b94bf5d73a0325df6e6 ee870820c05e4e86ad301a09e1d3a664 - - - -] volume service is down. (host: rack09-server62@lvm-1)
2023-03-22 18:14:18.848 7 WARNING cinder.scheduler.host_manager [None req-2288985c-0b4a-48ff-898e-70e21a02b2a1 cc1b01cb2f344b94bf5d73a0325df6e6 ee870820c05e4e86ad301a09e1d3a664 - - - -] volume service is down. (host: rack09-server62@lvm-1)
2023-03-22 18:14:20.640 7 WARNING cinder.scheduler.host_manager [None req-fe712461-9c00-45f4-9b73-773a5cceff30 cc1b01cb2f344b94bf5d73a0325df6e6 ee870820c05e4e86ad301a09e1d3a664 - - - -] volume service is down. (host: rack09-server62@lvm-1)
2023-03-22 18:14:22.354 7 WARNING cinder.scheduler.host_manager [None req-94a9a42b-4b03-47ca-b4ef-75d7656c7d64 7105a1f18bb84adb9cea5bca5adc69b6 0a694d29453f460c8df0035202fbd199 - - - -] volume service is down. (host: rack09-server62@lvm-1)
2023-03-22 18:14:23.082 7 WARNING cinder.scheduler.host_manager [None req-32df871c-81e8-46f0-a1b6-55717f181c93 cc1b01cb2f344b94bf5d73a0325df6e6 ee870820c05e4e86ad301a09e1d3a664 - - - -] volume service is down. (host: rack09-server62@lvm-1)
2023-03-22 18:14:28.537 7 WARNING cinder.scheduler.host_manager [None req-40096a3f-b53e-495e-840c-582f2d7f0a4d 94571a348c65452eaed384eced8942ce 0cc9a9c4d7af45829f9e297da7d0b749 - - - -] volume service is down. (host: rack09-server62@lvm-1)
2023-03-22 18:14:36.336 7 WARNING cinder.scheduler.host_manager [None req-9c1def01-2a1c-4610-b53d-4e1eef5a356e 143f3428a80f4f5abee248a16059f365 562e2826068b4ac5b4fc523838e3356b - - - -] volume service is down. (host: rack09-server62@lvm-1)
2023-03-22 18:14:39.878 7 WARNING cinder.scheduler.host_manager [None req-d772614a-cc79-4bd7-a5db-064eb4575315 c595a9ae459b4f41b9cafbd0d94a1308 cd3fe4d1f9f24839ab61d61f66e18d87 - - - -] volume service is down. (host: rack09-server62@lvm-1)
2023-03-22 18:14:54.162 7 WARNING cinder.scheduler.host_manager [req-55f05644-30bf-4eb9-bc78-aaadc9763f51 req-cb0e4750-0f2a-4168-96c5-da927e18e22e 143f3428a80f4f5abee248a16059f365 562e2826068b4ac5b4fc523838e3356b - - - -] volume service is down. (host: rack09-server62@lvm-1)
2023-03-22 18:14:54.163 7 WARNING oslo_messaging.rpc.client [req-55f05644-30bf-4eb9-bc78-aaadc9763f51 req-cb0e4750-0f2a-4168-96c5-da927e18e22e 143f3428a80f4f5abee248a16059f365 562e2826068b4ac5b4fc523838e3356b - - - -] Using RPCClient manually to instantiate client. Please use get_rpc_client to obtain an RPC client instance.
2023-03-22 18:14:56.048 7 WARNING cinder.scheduler.host_manager [None req-4f2c61e4-c716-43c5-8f26-ca58c43a2dfc 92edd5bd46244f609c13736479be6798 c0f22bf56e954a32969475396e1f07d1 - - - -] volume service is down. (host: rack09-server62@lvm-1)
2023-03-22 18:15:01.313 7 WARNING cinder.scheduler.host_manager [None req-9dfa3fef-2386-4789-813f-44a758c7e8a3 92edd5bd46244f609c13736479be6798 c0f22bf56e954a32969475396e1f07d1 - - - -] volume service is down. (host: rack09-server62@lvm-1)
2023-03-22 18:15:03.839 7 WARNING cinder.scheduler.host_manager [None req-13603537-ea47-441d-9f0c-3d2c06b0560a f53f7817b1a2499393853795334dc2a8 5bd14308810f401aa7f49d79bf311003 - - - -] volume service is down. (host: rack09-server62@lvm-1)
2023-03-22 18:15:05.272 7 WARNING cinder.scheduler.host_manager [None req-7f6817c0-4c4e-42d6-af68-eeccb72f38bf 92edd5bd46244f609c13736479be6798 c0f22bf56e954a32969475396e1f07d1 - - - -] volume service is down. (host: rack09-server62@lvm-1)
2023-03-22 18:15:09.188 7 WARNING cinder.scheduler.host_manager [None req-4745d848-d77a-45e6-8eab-f615ffd6a09f 92edd5bd46244f609c13736479be6798 c0f22bf56e954a32969475396e1f07d1 - - - -] volume service is down. (host: rack09-server62@lvm-1)
2023-03-22 18:15:11.410 7 WARNING cinder.scheduler.host_manager [None req-73d71b89-5d10-4096-ae5b-c30989460b3a 0e956c7d48e24d208893d3755a1a568b e995b7e5df914f0c84fa9fd70a546176 - - - -] volume service is down. (host: rack09-server62@lvm-1)
2023-03-22 18:15:13.083 7 WARNING cinder.scheduler.host_manager [None req-7022807c-1bbf-49da-acab-5178320a3c71 0e956c7d48e24d208893d3755a1a568b e995b7e5df914f0c84fa9fd70a546176 - - - -] volume service is down. (host: rack09-server62@lvm-1)
2023-03-22 18:15:13.142 7 WARNING cinder.scheduler.host_manager [None req-396b4804-4554-4f6c-b812-5f9cb01b0469 92edd5bd46244f609c13736479be6798 c0f22bf56e954a32969475396e1f07d1 - - - -] volume service is down. (host: rack09-server62@lvm-1)
2023-03-22 18:15:15.775 7 WARNING cinder.scheduler.host_manager [None req-9c8775ef-446b-4c56-94f5-f7d89fa1c057 0e956c7d48e24d208893d3755a1a568b e995b7e5df914f0c84fa9fd70a546176 - - - -] volume service is down. (host: rack09-server62@lvm-1)
2023-03-22 18:15:15.992 7 WARNING cinder.scheduler.host_manager [None req-be74038e-c834-47b8-9ab8-d27268e7603f f53f7817b1a2499393853795334dc2a8 5bd14308810f401aa7f49d79bf311003 - - - -] volume service is down. (host: rack09-server62@lvm-1)
2023-03-22 18:15:17.038 7 WARNING cinder.scheduler.host_manager [None req-f594ae07-ee03-4932-9b38-9159e2322145 92edd5bd46244f609c13736479be6798 c0f22bf56e954a32969475396e1f07d1 - - - -] volume service is down. (host: rack09-server62@lvm-1)
2023-03-22 18:15:19.738 7 WARNING cinder.scheduler.host_manager [None req-bc83e5c4-75e9-4bf1-8dcc-54f48ddc8db2 f53f7817b1a2499393853795334dc2a8 5bd14308810f401aa7f49d79bf311003 - - - -] volume service is down. (host: rack09-server62@lvm-1)
2023-03-22 18:15:22.396 7 WARNING cinder.scheduler.host_manager [None req-62420f3b-619d-41dd-a999-8aca9b2b56fb f53f7817b1a2499393853795334dc2a8 5bd14308810f401aa7f49d79bf311003 - - - -] volume service is down. (host: rack09-server62@lvm-1)
2023-03-22 18:15:26.450 7 WARNING cinder.scheduler.host_manager [None req-7d4b2688-a83f-417b-8913-a12ccb1191bb a4a3a93cc21f44bd8d474395b3733894 6412fbd6b98b4c389fc7486d5e634b21 - - - -] volume service is down. (host: rack09-server62@lvm-1)
2023-03-22 18:15:29.144 7 WARNING cinder.scheduler.host_manager [None req-7a7322d3-a7c3-4649-aaa4-d4f2e84bd84a a4a3a93cc21f44bd8d474395b3733894 6412fbd6b98b4c389fc7486d5e634b21 - - - -] volume service is down. (host: rack09-server62@lvm-1)
2023-03-22 18:15:30.754 7 WARNING cinder.scheduler.host_manager [None req-fa6c9042-f4c8-4054-8596-24288916a0f0 a4a3a93cc21f44bd8d474395b3733894 6412fbd6b98b4c389fc7486d5e634b21 - - - -] volume service is down. (host: rack09-server62@lvm-1)
2023-03-22 18:15:32.782 7 WARNING cinder.scheduler.host_manager [None req-1379767f-d8d0-4bc9-9f28-cdc8708b9215 9b00352e58e74c26adaf844adadce628 7e486a9385584051afce740dae358a82 - - - -] volume service is down. (host: rack09-server62@lvm-1)
2023-03-22 18:15:33.996 7 WARNING cinder.scheduler.host_manager [None req-6df78db5-ff0c-4a19-8523-5a62dbb5b0a7 519dc2042f8a4dc1b101a4acf6760730 cfdd0825300b42d9a15c0ef6339730b7 - - - -] volume service is down. (host: rack09-server62@lvm-1)
2023-03-22 18:15:38.410 7 WARNING cinder.scheduler.host_manager [None req-27319088-7fc5-4d28-9cfd-998ecea0afdb d2610a453619481d880b96df53c56a77 9a6cea7e5a2d4a3599fd3c80919611e2 - - - -] volume service is down. (host: rack09-server62@lvm-1)
2023-03-22 18:15:40.838 7 WARNING cinder.scheduler.host_manager [None req-b9b21ea7-fb63-4892-a2df-a0cbc63429f2 d2610a453619481d880b96df53c56a77 9a6cea7e5a2d4a3599fd3c80919611e2 - - - -] volume service is down. (host: rack09-server62@lvm-1)
2023-03-22 18:15:40.839 7 WARNING oslo_messaging.rpc.client [None req-b9b21ea7-fb63-4892-a2df-a0cbc63429f2 d2610a453619481d880b96df53c56a77 9a6cea7e5a2d4a3599fd3c80919611e2 - - - -] Using RPCClient manually to instantiate client. Please use get_rpc_client to obtain an RPC client instance.
2023-03-22 18:15:42.150 7 WARNING cinder.scheduler.host_manager [None req-3609ea20-e0f9-4adf-96e2-b94deab8c45c ae98959c6f7f4e0daea32186ce3e6ff2 dbce363a050e47af9a1989494a40bad5 - - - -] volume service is down. (host: rack09-server62@lvm-1)
2023-03-22 18:15:43.159 7 WARNING cinder.scheduler.host_manager [None req-98971c1c-a1e0-4531-b9d4-f581aef9acb3 519dc2042f8a4dc1b101a4acf6760730 cfdd0825300b42d9a15c0ef6339730b7 - - - -] volume service is down. (host: rack09-server62@lvm-1)
2023-03-22 18:15:43.159 7 WARNING oslo_messaging.rpc.client [None req-98971c1c-a1e0-4531-b9d4-f581aef9acb3 519dc2042f8a4dc1b101a4acf6760730 cfdd0825300b42d9a15c0ef6339730b7 - - - -] Using RPCClient manually to instantiate client. Please use get_rpc_client to obtain an RPC client instance.
2023-03-22 18:15:43.621 7 WARNING cinder.scheduler.host_manager [None req-4cefa4e8-c5f3-4256-932f-03b10318e612 d2610a453619481d880b96df53c56a77 9a6cea7e5a2d4a3599fd3c80919611e2 - - - -] volume service is down. (host: rack09-server62@lvm-1)
2023-03-22 18:15:43.622 7 WARNING oslo_messaging.rpc.client [None req-4cefa4e8-c5f3-4256-932f-03b10318e612 d2610a453619481d880b96df53c56a77 9a6cea7e5a2d4a3599fd3c80919611e2 - - - -] Using RPCClient manually to instantiate client. Please use get_rpc_client to obtain an RPC client instance.
2023-03-22 18:15:47.800 7 WARNING cinder.scheduler.host_manager [None req-3dff863b-efeb-4c26-95c7-71bb8abacc6e d2610a453619481d880b96df53c56a77 9a6cea7e5a2d4a3599fd3c80919611e2 - - - -] volume service is down. (host: rack09-server62@lvm-1)
2023-03-22 18:15:47.801 7 WARNING oslo_messaging.rpc.client [None req-3dff863b-efeb-4c26-95c7-71bb8abacc6e d2610a453619481d880b96df53c56a77 9a6cea7e5a2d4a3599fd3c80919611e2 - - - -] Using RPCClient manually to instantiate client. Please use get_rpc_client to obtain an RPC client instance.
2023-03-22 18:15:51.449 7 WARNING cinder.scheduler.host_manager [None req-a8b1b3e6-3627-41fa-be20-1a471bce3358 d2610a453619481d880b96df53c56a77 9a6cea7e5a2d4a3599fd3c80919611e2 - - - -] volume service is down. (host: rack09-server62@lvm-1)
2023-03-22 18:15:51.450 7 WARNING oslo_messaging.rpc.client [None req-a8b1b3e6-3627-41fa-be20-1a471bce3358 d2610a453619481d880b96df53c56a77 9a6cea7e5a2d4a3599fd3c80919611e2 - - - -] Using RPCClient manually to instantiate client. Please use get_rpc_client to obtain an RPC client instance.
2023-03-22 18:15:53.002 7 WARNING cinder.scheduler.host_manager [None req-547a6e7e-2a18-49f6-89b9-f9d27e2d38e9 66e7ec713e0d49c8921b03e5f62999da 81df942b3eee404aa4cc432a1d399f17 - - - -] volume service is down. (host: rack09-server62@lvm-1)
2023-03-22 18:15:55.105 7 WARNING cinder.scheduler.host_manager [None req-03770bea-88bb-47b3-85fe-a2dd00b66116 d2610a453619481d880b96df53c56a77 9a6cea7e5a2d4a3599fd3c80919611e2 - - - -] volume service is down. (host: rack09-server62@lvm-1)
2023-03-22 18:15:55.106 7 WARNING oslo_messaging.rpc.client [None req-03770bea-88bb-47b3-85fe-a2dd00b66116 d2610a453619481d880b96df53c56a77 9a6cea7e5a2d4a3599fd3c80919611e2 - - - -] Using RPCClient manually to instantiate client. Please use get_rpc_client to obtain an RPC client instance.
2023-03-22 18:15:56.102 7 WARNING cinder.scheduler.host_manager [None req-cdb0c310-2e0b-4628-8e50-b0269e8072e9 66e7ec713e0d49c8921b03e5f62999da 81df942b3eee404aa4cc432a1d399f17 - - - -] volume service is down. (host: rack09-server62@lvm-1)
2023-03-22 18:15:58.446 7 WARNING cinder.scheduler.host_manager [None req-027e2d11-3710-4fd2-a773-f770da6189b3 115345c0ccdc4a3aa83240a19df04932 37165db7f7384d6a8971a07f41ed3205 - - - -] volume service is down. (host: rack09-server62@lvm-1)
2023-03-22 18:15:59.204 7 WARNING cinder.scheduler.host_manager [None req-55ce1174-e710-461e-aaab-fbfb83bff2d2 66e7ec713e0d49c8921b03e5f62999da 81df942b3eee404aa4cc432a1d399f17 - - - -] volume service is down. (host: rack09-server62@lvm-1)
2023-03-22 18:15:59.828 7 WARNING cinder.scheduler.host_manager [None req-0c53ef33-7314-47f5-b7b7-4696ab2337cb 115345c0ccdc4a3aa83240a19df04932 37165db7f7384d6a8971a07f41ed3205 - - - -] volume service is down. (host: rack09-server62@lvm-1)
2023-03-22 18:15:59.829 7 WARNING oslo_messaging.rpc.client [None req-0c53ef33-7314-47f5-b7b7-4696ab2337cb 115345c0ccdc4a3aa83240a19df04932 37165db7f7384d6a8971a07f41ed3205 - - - -] Using RPCClient manually to instantiate client. Please use get_rpc_client to obtain an RPC client instance.
2023-03-22 18:16:09.854 7 WARNING cinder.scheduler.host_manager [None req-c47f9cd5-66de-4c12-ab57-b48cf8b9b18b 0993d716ae7d4003b6fc5100761a48e3 79077b9e6f354685a178d5acfdd81ea5 - - - -] volume service is down. (host: rack09-server62@lvm-1)
2023-03-22 18:16:10.755 7 WARNING cinder.scheduler.host_manager [None req-a9fac770-eb64-4ab4-bbcc-9c07776a73e3 beeb04e1b8ce4e05b00d64219928b44f db0fa2f806be42b3a3339f3f819815a0 - - - -] volume service is down. (host: rack09-server62@lvm-1)
2023-03-22 18:16:16.464 7 WARNING cinder.scheduler.host_manager [None req-a5a56e67-5641-4a73-8504-f1d81b6d2575 beeb04e1b8ce4e05b00d64219928b44f db0fa2f806be42b3a3339f3f819815a0 - - - -] volume service is down. (host: rack09-server62@lvm-1)
2023-03-22 18:16:17.933 7 WARNING cinder.scheduler.host_manager [None req-b97c6fe1-7749-4e31-9d42-a9690c25f9b1 0993d716ae7d4003b6fc5100761a48e3 79077b9e6f354685a178d5acfdd81ea5 - - - -] volume service is down. (host: rack09-server62@lvm-1)
2023-03-22 18:16:19.870 7 WARNING cinder.scheduler.host_manager [None req-7ba09b4a-60e9-46d7-908e-35d53041001b 1aa18e7400814bab988275a6ed34b497 00c45e8491654e319f40eb32fcc6e8ea - - - -] volume service is down. (host: rack09-server62@lvm-1)
2023-03-22 18:16:23.848 7 WARNING cinder.scheduler.host_manager [None req-30f45e6f-521b-4afa-9a84-a5135c3dc361 33d3078efe834c3e96fa6a4e125e7d42 4f87f53c65764667b3f25734a4fe2d9c - - - -] volume service is down. (host: rack09-server62@lvm-1)
2023-03-22 18:16:30.028 7 WARNING cinder.scheduler.host_manager [None req-9f1c0fc1-cce0-440c-b183-b9f94dd04191 529daf3e33884bffae9c3639f2dea59a a0730a3f1621411288be7cbe0559014d - - - -] volume service is down. (host: rack09-server62@lvm-1)
2023-03-22 18:16:30.421 7 WARNING cinder.scheduler.host_manager [None req-10e211c9-13d3-43c8-b509-828da1f77197 06ed62bf6e0548c0955d9e744a18ad98 d248067b36cc4c9e99ea6a6ae3df09ca - - - -] volume service is down. (host: rack09-server62@lvm-1)
2023-03-22 18:16:32.395 7 WARNING cinder.scheduler.host_manager [None req-7389cb5a-2902-4553-9f4d-1e85ad4237cd 0993d716ae7d4003b6fc5100761a48e3 79077b9e6f354685a178d5acfdd81ea5 - - - -] volume service is down. (host: rack09-server62@lvm-1)
2023-03-22 18:16:32.395 7 WARNING oslo_messaging.rpc.client [None req-7389cb5a-2902-4553-9f4d-1e85ad4237cd 0993d716ae7d4003b6fc5100761a48e3 79077b9e6f354685a178d5acfdd81ea5 - - - -] Using RPCClient manually to instantiate client. Please use get_rpc_client to obtain an RPC client instance.
2023-03-22 18:16:34.763 7 WARNING cinder.scheduler.host_manager [None req-7af1feff-8a6f-4faa-87c5-5647435714ef 0993d716ae7d4003b6fc5100761a48e3 79077b9e6f354685a178d5acfdd81ea5 - - - -] volume service is down. (host: rack09-server62@lvm-1)
2023-03-22 18:16:34.764 7 WARNING oslo_messaging.rpc.client [None req-7af1feff-8a6f-4faa-87c5-5647435714ef 0993d716ae7d4003b6fc5100761a48e3 79077b9e6f354685a178d5acfdd81ea5 - - - -] Using RPCClient manually to instantiate client. Please use get_rpc_client to obtain an RPC client instance.
2023-03-22 18:16:37.168 7 WARNING cinder.scheduler.host_manager [None req-a849bd79-b0eb-4a20-8c1b-eaa77f678ff0 0993d716ae7d4003b6fc5100761a48e3 79077b9e6f354685a178d5acfdd81ea5 - - - -] volume service is down. (host: rack09-server62@lvm-1)
2023-03-22 18:16:37.169 7 WARNING oslo_messaging.rpc.client [None req-a849bd79-b0eb-4a20-8c1b-eaa77f678ff0 0993d716ae7d4003b6fc5100761a48e3 79077b9e6f354685a178d5acfdd81ea5 - - - -] Using RPCClient manually to instantiate client. Please use get_rpc_client to obtain an RPC client instance.
2023-03-22 18:16:40.159 7 WARNING cinder.scheduler.host_manager [None req-76f8beee-0f20-416b-9cd3-978d8adb26d4 940b4c80e9434927867e6535373ddea1 99444ffd4bbe4053bfd52ba3d738b30e - - - -] volume service is down. (host: rack09-server62@lvm-1)
2023-03-22 18:16:42.090 7 WARNING cinder.scheduler.host_manager [None req-d5316731-3b5a-4d79-8968-af418f963c5e 529daf3e33884bffae9c3639f2dea59a a0730a3f1621411288be7cbe0559014d - - - -] volume service is down. (host: rack09-server62@lvm-1)
2023-03-22 18:16:42.090 7 WARNING oslo_messaging.rpc.client [None req-d5316731-3b5a-4d79-8968-af418f963c5e 529daf3e33884bffae9c3639f2dea59a a0730a3f1621411288be7cbe0559014d - - - -] Using RPCClient manually to instantiate client. Please use get_rpc_client to obtain an RPC client instance.
2023-03-22 18:16:42.603 7 WARNING cinder.scheduler.host_manager [None req-79063fca-f99e-4c18-ac8d-52958b61396f 940b4c80e9434927867e6535373ddea1 99444ffd4bbe4053bfd52ba3d738b30e - - - -] volume service is down. (host: rack09-server62@lvm-1)
2023-03-22 18:16:42.604 7 WARNING oslo_messaging.rpc.client [None req-79063fca-f99e-4c18-ac8d-52958b61396f 940b4c80e9434927867e6535373ddea1 99444ffd4bbe4053bfd52ba3d738b30e - - - -] Using RPCClient manually to instantiate client. Please use get_rpc_client to obtain an RPC client instance.
2023-03-22 18:16:43.748 7 WARNING cinder.scheduler.host_manager [None req-554743aa-080e-42fe-9617-d8c5c02438e5 529daf3e33884bffae9c3639f2dea59a a0730a3f1621411288be7cbe0559014d - - - -] volume service is down. (host: rack09-server62@lvm-1)
2023-03-22 18:16:46.197 7 WARNING cinder.scheduler.host_manager [None req-83a7fd86-ae66-4431-9868-30d3ecfa8d16 529daf3e33884bffae9c3639f2dea59a a0730a3f1621411288be7cbe0559014d - - - -] volume service is down. (host: rack09-server62@lvm-1)
2023-03-22 18:16:46.198 7 WARNING oslo_messaging.rpc.client [None req-83a7fd86-ae66-4431-9868-30d3ecfa8d16 529daf3e33884bffae9c3639f2dea59a a0730a3f1621411288be7cbe0559014d - - - -] Using RPCClient manually to instantiate client. Please use get_rpc_client to obtain an RPC client instance.
2023-03-22 18:16:46.513 7 WARNING cinder.scheduler.host_manager [None req-b8000d85-05f8-4b31-bd47-402237ff927b 0993d716ae7d4003b6fc5100761a48e3 79077b9e6f354685a178d5acfdd81ea5 - - - -] volume service is down. (host: rack09-server62@lvm-1)
2023-03-22 18:16:46.514 7 WARNING oslo_messaging.rpc.client [None req-b8000d85-05f8-4b31-bd47-402237ff927b 0993d716ae7d4003b6fc5100761a48e3 79077b9e6f354685a178d5acfdd81ea5 - - - -] Using RPCClient manually to instantiate client. Please use get_rpc_client to obtain an RPC client instance.
2023-03-22 18:16:49.027 7 WARNING cinder.scheduler.host_manager [None req-3b2d8ed4-d845-467f-a29a-9c0dee3ca857 529daf3e33884bffae9c3639f2dea59a a0730a3f1621411288be7cbe0559014d - - - -] volume service is down. (host: rack09-server62@lvm-1)
2023-03-22 18:16:49.029 7 WARNING oslo_messaging.rpc.client [None req-3b2d8ed4-d845-467f-a29a-9c0dee3ca857 529daf3e33884bffae9c3639f2dea59a a0730a3f1621411288be7cbe0559014d - - - -] Using RPCClient manually to instantiate client. Please use get_rpc_client to obtain an RPC client instance.
2023-03-22 18:16:50.690 7 WARNING cinder.scheduler.host_manager [None req-a2d1a060-8e0d-4997-ac99-e79b36ddc6e4 0993d716ae7d4003b6fc5100761a48e3 79077b9e6f354685a178d5acfdd81ea5 - - - -] volume service is down. (host: rack09-server62@lvm-1)
2023-03-22 18:16:50.692 7 WARNING oslo_messaging.rpc.client [None req-a2d1a060-8e0d-4997-ac99-e79b36ddc6e4 0993d716ae7d4003b6fc5100761a48e3 79077b9e6f354685a178d5acfdd81ea5 - - - -] Using RPCClient manually to instantiate client. Please use get_rpc_client to obtain an RPC client instance.
2023-03-22 18:16:56.789 7 WARNING cinder.scheduler.host_manager [None req-4165cc20-b871-4905-9b06-b7437d081d25 282ed843cfa043f9a68692297020e98e 07ab1d5df41e472cb4c3228350364ba9 - - - -] volume service is down. (host: rack09-server62@lvm-1)
2023-03-22 18:16:59.588 7 WARNING cinder.scheduler.host_manager [None req-65c6575f-3873-4a10-8fa3-2c05fd3dbd33 282ed843cfa043f9a68692297020e98e 07ab1d5df41e472cb4c3228350364ba9 - - - -] volume service is down. (host: rack09-server62@lvm-1)
2023-03-22 18:16:59.719 7 WARNING cinder.scheduler.host_manager [None req-71c4a83c-9469-4032-ad0f-eee26080965b 0993d716ae7d4003b6fc5100761a48e3 79077b9e6f354685a178d5acfdd81ea5 - - - -] volume service is down. (host: rack09-server62@lvm-1)
2023-03-22 18:16:59.719 7 WARNING oslo_messaging.rpc.client [None req-71c4a83c-9469-4032-ad0f-eee26080965b 0993d716ae7d4003b6fc5100761a48e3 79077b9e6f354685a178d5acfdd81ea5 - - - -] Using RPCClient manually to instantiate client. Please use get_rpc_client to obtain an RPC client instance.
2023-03-22 18:17:02.096 7 WARNING cinder.scheduler.host_manager [None req-b855113d-fa43-40ad-9ab3-0b5041808753 0993d716ae7d4003b6fc5100761a48e3 79077b9e6f354685a178d5acfdd81ea5 - - - -] volume service is down. (host: rack09-server62@lvm-1)
2023-03-22 18:17:02.097 7 WARNING oslo_messaging.rpc.client [None req-b855113d-fa43-40ad-9ab3-0b5041808753 0993d716ae7d4003b6fc5100761a48e3 79077b9e6f354685a178d5acfdd81ea5 - - - -] Using RPCClient manually to instantiate client. Please use get_rpc_client to obtain an RPC client instance.
2023-03-22 18:17:03.748 7 WARNING cinder.scheduler.host_manager [None req-9c851cc8-e029-4283-b86a-671c9c0aaff1 ef4c09b0fc044458a44b4104e0f01e65 0cfbc07ea33a40d9888e5abaa25a72a8 - - - -] volume service is down. (host: rack09-server62@lvm-1)
2023-03-22 18:17:04.590 7 WARNING cinder.scheduler.host_manager [None req-a0f38cc8-2b37-4772-b5e9-545bcbdcb3b9 282ed843cfa043f9a68692297020e98e 07ab1d5df41e472cb4c3228350364ba9 - - - -] volume service is down. (host: rack09-server62@lvm-1)
2023-03-22 18:17:07.239 7 WARNING cinder.scheduler.host_manager [None req-8ba966ec-46ff-445a-a77a-f057368badfb 282ed843cfa043f9a68692297020e98e 07ab1d5df41e472cb4c3228350364ba9 - - - -] volume service is down. (host: rack09-server62@lvm-1)
2023-03-22 18:17:10.872 7 WARNING cinder.scheduler.host_manager [None req-9f0f655e-5420-4280-8caa-d490c8f1b880 54e08009a65841b4b8dfc252acdc1029 ab7c4254800e4f0b990e122b5bbee1eb - - - -] volume service is down. (host: rack09-server62@lvm-1)
2023-03-22 18:17:11.118 7 WARNING cinder.scheduler.host_manager [None req-ebdea7bb-9924-4463-b256-7b01136001da 282ed843cfa043f9a68692297020e98e 07ab1d5df41e472cb4c3228350364ba9 - - - -] volume service is down. (host: rack09-server62@lvm-1)
2023-03-22 18:17:13.326 7 WARNING cinder.scheduler.host_manager [None req-14f5d23d-cd63-415d-956f-d86d8bc0dc48 54e08009a65841b4b8dfc252acdc1029 ab7c4254800e4f0b990e122b5bbee1eb - - - -] volume service is down. (host: rack09-server62@lvm-1)
2023-03-22 18:17:13.327 7 WARNING oslo_messaging.rpc.client [None req-14f5d23d-cd63-415d-956f-d86d8bc0dc48 54e08009a65841b4b8dfc252acdc1029 ab7c4254800e4f0b990e122b5bbee1eb - - - -] Using RPCClient manually to instantiate client. Please use get_rpc_client to obtain an RPC client instance.
2023-03-22 18:17:13.880 7 WARNING cinder.scheduler.host_manager [None req-0eff65f6-60d9-4b16-98de-88e6b45b1714 0993d716ae7d4003b6fc5100761a48e3 79077b9e6f354685a178d5acfdd81ea5 - - - -] volume service is down. (host: rack09-server62@lvm-1)
2023-03-22 18:17:15.691 7 WARNING cinder.scheduler.host_manager [None req-482637e9-b25e-4189-b672-cdc2db4168fa 54e08009a65841b4b8dfc252acdc1029 ab7c4254800e4f0b990e122b5bbee1eb - - - -] volume service is down. (host: rack09-server62@lvm-1)
2023-03-22 18:17:15.692 7 WARNING oslo_messaging.rpc.client [None req-482637e9-b25e-4189-b672-cdc2db4168fa 54e08009a65841b4b8dfc252acdc1029 ab7c4254800e4f0b990e122b5bbee1eb - - - -] Using RPCClient manually to instantiate client. Please use get_rpc_client to obtain an RPC client instance.
2023-03-22 18:17:16.228 7 WARNING cinder.scheduler.host_manager [None req-c9835cdb-0208-4618-b91b-8fb5b607d30a 282ed843cfa043f9a68692297020e98e 07ab1d5df41e472cb4c3228350364ba9 - - - -] volume service is down. (host: rack09-server62@lvm-1)
2023-03-22 18:17:16.266 7 WARNING cinder.scheduler.host_manager [None req-4189d817-0c01-4672-a560-fd2481d6010e 0993d716ae7d4003b6fc5100761a48e3 79077b9e6f354685a178d5acfdd81ea5 - - - -] volume service is down. (host: rack09-server62@lvm-1)
2023-03-22 18:17:16.267 7 WARNING oslo_messaging.rpc.client [None req-4189d817-0c01-4672-a560-fd2481d6010e 0993d716ae7d4003b6fc5100761a48e3 79077b9e6f354685a178d5acfdd81ea5 - - - -] Using RPCClient manually to instantiate client. Please use get_rpc_client to obtain an RPC client instance.
2023-03-22 18:17:19.288 7 WARNING cinder.scheduler.host_manager [None req-219b20a7-4dc0-4bd3-8240-49536e122467 0993d716ae7d4003b6fc5100761a48e3 79077b9e6f354685a178d5acfdd81ea5 - - - -] volume service is down. (host: rack09-server62@lvm-1)
2023-03-22 18:17:20.676 7 WARNING cinder.scheduler.host_manager [None req-a1914128-029b-4e7c-ac4b-ce8b723f6937 54e08009a65841b4b8dfc252acdc1029 ab7c4254800e4f0b990e122b5bbee1eb - - - -] volume service is down. (host: rack09-server62@lvm-1)
2023-03-22 18:17:22.013 7 WARNING cinder.scheduler.host_manager [None req-e89b91e5-1269-463f-9565-a4c53d8e246f 54e08009a65841b4b8dfc252acdc1029 ab7c4254800e4f0b990e122b5bbee1eb - - - -] volume service is down. (host: rack09-server62@lvm-1)
2023-03-22 18:17:22.014 7 WARNING oslo_messaging.rpc.client [None req-e89b91e5-1269-463f-9565-a4c53d8e246f 54e08009a65841b4b8dfc252acdc1029 ab7c4254800e4f0b990e122b5bbee1eb - - - -] Using RPCClient manually to instantiate client. Please use get_rpc_client to obtain an RPC client instance.
2023-03-22 18:17:23.069 7 WARNING cinder.scheduler.host_manager [None req-18c6a3cf-7cda-46f6-89c5-469a40c06e55 0993d716ae7d4003b6fc5100761a48e3 79077b9e6f354685a178d5acfdd81ea5 - - - -] volume service is down. (host: rack09-server62@lvm-1)
2023-03-22 18:17:24.461 7 WARNING cinder.scheduler.host_manager [None req-6ecb3b27-2a03-45b9-878d-ec906680acca 0993d716ae7d4003b6fc5100761a48e3 79077b9e6f354685a178d5acfdd81ea5 - - - -] volume service is down. (host: rack09-server62@lvm-1)
2023-03-22 18:17:24.461 7 WARNING oslo_messaging.rpc.client [None req-6ecb3b27-2a03-45b9-878d-ec906680acca 0993d716ae7d4003b6fc5100761a48e3 79077b9e6f354685a178d5acfdd81ea5 - - - -] Using RPCClient manually to instantiate client. Please use get_rpc_client to obtain an RPC client instance.
2023-03-22 18:17:25.051 7 WARNING cinder.scheduler.host_manager [None req-27dec571-e7c0-4064-822c-bf727564b9bc 54e08009a65841b4b8dfc252acdc1029 ab7c4254800e4f0b990e122b5bbee1eb - - - -] volume service is down. (host: rack09-server62@lvm-1)
2023-03-22 18:17:27.126 7 WARNING cinder.scheduler.host_manager [None req-ab50a8be-64b7-451f-b821-bdb01c426326 0993d716ae7d4003b6fc5100761a48e3 79077b9e6f354685a178d5acfdd81ea5 - - - -] volume service is down. (host: rack09-server62@lvm-1)
2023-03-22 18:17:27.913 7 WARNING cinder.scheduler.host_manager [None req-dd2c9b13-7707-40e5-9bc2-2c27325d8e0a 282ed843cfa043f9a68692297020e98e 07ab1d5df41e472cb4c3228350364ba9 - - - -] volume service is down. (host: rack09-server62@lvm-1)
2023-03-22 18:17:35.968 7 WARNING cinder.scheduler.host_manager [None req-8213dda4-81d2-4b53-a0d3-9ec6d300d4c9 cd49582f47f44946b18f776a7cbed453 55a9456a7e9d4b949a83976851840fef - - - -] volume service is down. (host: rack09-server62@lvm-1)
2023-03-22 18:17:39.349 7 WARNING cinder.scheduler.host_manager [None req-f18fcabf-ec95-4bbc-aceb-3d4b6c520c74 332db9a85bd04dcfa70ae40c20926051 20879d5fc8bf4cd5a77294317a0d6180 - - - -] volume service is down. (host: rack09-server62@lvm-1)
2023-03-22 18:17:41.236 7 WARNING cinder.scheduler.host_manager [None req-79da8e5c-0e86-4569-9e4f-b20e7c6a02f8 e730ef5effe646a7b50e486c263a5aae be2dcc0a1e894f9693f09a741fb4f263 - - - -] volume service is down. (host: rack09-server62@lvm-1)
2023-03-22 18:17:41.774 7 WARNING cinder.scheduler.host_manager [None req-625afcb1-80ac-4615-933e-e813f76e9d3c cd49582f47f44946b18f776a7cbed453 55a9456a7e9d4b949a83976851840fef - - - -] volume service is down. (host: rack09-server62@lvm-1)
2023-03-22 18:17:43.665 7 WARNING cinder.scheduler.host_manager [None req-74e2a169-fde6-4f5c-b5a0-596123dda281 e730ef5effe646a7b50e486c263a5aae be2dcc0a1e894f9693f09a741fb4f263 - - - -] volume service is down. (host: rack09-server62@lvm-1)
2023-03-22 18:17:43.666 7 WARNING oslo_messaging.rpc.client [None req-74e2a169-fde6-4f5c-b5a0-596123dda281 e730ef5effe646a7b50e486c263a5aae be2dcc0a1e894f9693f09a741fb4f263 - - - -] Using RPCClient manually to instantiate client. Please use get_rpc_client to obtain an RPC client instance.
2023-03-22 18:17:46.045 7 WARNING cinder.scheduler.host_manager [None req-fbbe656e-9395-4286-aa88-aff4946287ef e730ef5effe646a7b50e486c263a5aae be2dcc0a1e894f9693f09a741fb4f263 - - - -] volume service is down. (host: rack09-server62@lvm-1)
2023-03-22 18:17:46.046 7 WARNING oslo_messaging.rpc.client [None req-fbbe656e-9395-4286-aa88-aff4946287ef e730ef5effe646a7b50e486c263a5aae be2dcc0a1e894f9693f09a741fb4f263 - - - -] Using RPCClient manually to instantiate client. Please use get_rpc_client to obtain an RPC client instance.
2023-03-22 18:17:48.428 7 WARNING cinder.scheduler.host_manager [None req-92132b4f-c967-4b5a-bc97-6159c9b0784c e730ef5effe646a7b50e486c263a5aae be2dcc0a1e894f9693f09a741fb4f263 - - - -] volume service is down. (host: rack09-server62@lvm-1)
2023-03-22 18:17:48.430 7 WARNING oslo_messaging.rpc.client [None req-92132b4f-c967-4b5a-bc97-6159c9b0784c e730ef5effe646a7b50e486c263a5aae be2dcc0a1e894f9693f09a741fb4f263 - - - -] Using RPCClient manually to instantiate client. Please use get_rpc_client to obtain an RPC client instance.
2023-03-22 18:17:49.312 7 WARNING cinder.scheduler.host_manager [None req-5264516d-91a7-4df0-ab82-22a31d43b044 de0e05c266754effa678489726e20430 5929864c827a47458153f8eff79ee0b6 - - - -] volume service is down. (host: rack09-server62@lvm-1)
2023-03-22 18:17:51.759 7 WARNING cinder.scheduler.host_manager [None req-64446c0b-34c2-48e5-b319-ffa32a07d517 de0e05c266754effa678489726e20430 5929864c827a47458153f8eff79ee0b6 - - - -] volume service is down. (host: rack09-server62@lvm-1)
2023-03-22 18:17:51.760 7 WARNING oslo_messaging.rpc.client [None req-64446c0b-34c2-48e5-b319-ffa32a07d517 de0e05c266754effa678489726e20430 5929864c827a47458153f8eff79ee0b6 - - - -] Using RPCClient manually to instantiate client. Please use get_rpc_client to obtain an RPC client instance.
2023-03-22 18:18:04.571 7 WARNING cinder.scheduler.host_manager [None req-272c703f-cda4-4476-a18f-44b5870b3465 64a1ca3bb5f343bb9f44865aeb96335d 9003505897aa4564aaa0d9958f28adbc - - - -] volume service is down. (host: rack09-server62@lvm-1)
2023-03-22 18:18:04.631 7 WARNING cinder.scheduler.host_manager [None req-af45b4a3-4777-447a-9759-3a3fc2369608 6e4982882888455db58c2bf3a5aefac0 ced72532d496463dbdf4a6d815da8a63 - - - -] volume service is down. (host: rack09-server62@lvm-1)
2023-03-22 18:18:04.709 7 WARNING cinder.scheduler.host_manager [None req-0586159b-35d8-41a9-bfe1-7b068c30f438 6987fbd2ddce4b13955deef8b9275320 3f2e8200d3f74f718c31eb93279423d5 - - - -] volume service is down. (host: rack09-server62@lvm-1)
2023-03-22 18:18:05.064 7 WARNING cinder.scheduler.host_manager [None req-93271dfd-4e8f-4721-8e9b-88290631460a 6e4982882888455db58c2bf3a5aefac0 ced72532d496463dbdf4a6d815da8a63 - - - -] volume service is down. (host: rack09-server62@lvm-1)
2023-03-22 18:18:05.547 7 WARNING cinder.scheduler.host_manager [None req-d2958f7a-85f0-46e8-99d6-dd3b5a4bee8a 6e4982882888455db58c2bf3a5aefac0 ced72532d496463dbdf4a6d815da8a63 - - - -] volume service is down. (host: rack09-server62@lvm-1)
2023-03-22 18:18:05.938 7 WARNING cinder.scheduler.host_manager [None req-69dca354-4ac8-42f7-a461-d7cc8faaf40d 64a1ca3bb5f343bb9f44865aeb96335d 9003505897aa4564aaa0d9958f28adbc - - - -] volume service is down. (host: rack09-server62@lvm-1)
2023-03-22 18:18:05.939 7 WARNING oslo_messaging.rpc.client [None req-69dca354-4ac8-42f7-a461-d7cc8faaf40d 64a1ca3bb5f343bb9f44865aeb96335d 9003505897aa4564aaa0d9958f28adbc - - - -] Using RPCClient manually to instantiate client. Please use get_rpc_client to obtain an RPC client instance.
2023-03-22 18:18:06.347 7 WARNING cinder.scheduler.host_manager [None req-d7ab8b4f-837f-4045-8008-43b76a3fad40 6e4982882888455db58c2bf3a5aefac0 ced72532d496463dbdf4a6d815da8a63 - - - -] volume service is down. (host: rack09-server62@lvm-1)
2023-03-22 18:18:06.918 7 WARNING cinder.scheduler.host_manager [None req-e33d2323-425d-48f2-b11d-f93224993978 6e4982882888455db58c2bf3a5aefac0 ced72532d496463dbdf4a6d815da8a63 - - - -] volume service is down. (host: rack09-server62@lvm-1)
2023-03-22 18:18:07.305 7 WARNING cinder.scheduler.host_manager [None req-ace93f23-9345-4594-b4f4-682b6595ab12 6987fbd2ddce4b13955deef8b9275320 3f2e8200d3f74f718c31eb93279423d5 - - - -] volume service is down. (host: rack09-server62@lvm-1)
2023-03-22 18:18:07.772 7 WARNING cinder.scheduler.host_manager [None req-c05c00dd-65dd-4a88-b223-6c10728813d1 6987fbd2ddce4b13955deef8b9275320 3f2e8200d3f74f718c31eb93279423d5 - - - -] volume service is down. (host: rack09-server62@lvm-1)
2023-03-22 18:18:08.213 7 WARNING cinder.scheduler.host_manager [None req-687b9eca-dc12-4b88-9220-3aa8d3ddde36 6987fbd2ddce4b13955deef8b9275320 3f2e8200d3f74f718c31eb93279423d5 - - - -] volume service is down. (host: rack09-server62@lvm-1)
2023-03-22 18:18:08.514 7 WARNING cinder.scheduler.host_manager [None req-5b774cff-243d-4dec-8bb4-3fe51b3471fa 64a1ca3bb5f343bb9f44865aeb96335d 9003505897aa4564aaa0d9958f28adbc - - - -] volume service is down. (host: rack09-server62@lvm-1)
2023-03-22 18:18:08.687 7 WARNING cinder.scheduler.host_manager [None req-c84cc736-31f5-410f-86ee-5c1470675d26 6987fbd2ddce4b13955deef8b9275320 3f2e8200d3f74f718c31eb93279423d5 - - - -] volume service is down. (host: rack09-server62@lvm-1)
2023-03-22 18:18:08.977 7 WARNING cinder.scheduler.host_manager [None req-96ef8a9c-fc64-442e-aa88-72c91681fb70 64a1ca3bb5f343bb9f44865aeb96335d 9003505897aa4564aaa0d9958f28adbc - - - -] volume service is down. (host: rack09-server62@lvm-1)
2023-03-22 18:18:09.160 7 WARNING cinder.scheduler.host_manager [None req-7259aca9-59db-40f1-b28b-2e7cfc944b49 6987fbd2ddce4b13955deef8b9275320 3f2e8200d3f74f718c31eb93279423d5 - - - -] volume service is down. (host: rack09-server62@lvm-1)
2023-03-22 18:18:09.428 7 WARNING cinder.scheduler.host_manager [None req-12e37a20-28ba-496d-a984-d18995d73431 64a1ca3bb5f343bb9f44865aeb96335d 9003505897aa4564aaa0d9958f28adbc - - - -] volume service is down. (host: rack09-server62@lvm-1)
2023-03-22 18:18:09.876 7 WARNING cinder.scheduler.host_manager [None req-80492db2-35b5-4ad0-b4bf-12b766dd3e65 64a1ca3bb5f343bb9f44865aeb96335d 9003505897aa4564aaa0d9958f28adbc - - - -] volume service is down. (host: rack09-server62@lvm-1)
2023-03-22 18:18:10.369 7 WARNING cinder.scheduler.host_manager [None req-152aeb67-e8c7-49e4-ad44-db987947d0ad 64a1ca3bb5f343bb9f44865aeb96335d 9003505897aa4564aaa0d9958f28adbc - - - -] volume service is down. (host: rack09-server62@lvm-1)
2023-03-22 18:18:18.243 7 WARNING cinder.scheduler.host_manager [None req-76198574-7a3f-4938-b8ec-373db0ef499a 02b192b8f9f54c7a994ee80dfe439741 8a415b83c662483fba78ef3cca271258 - - - -] volume service is down. (host: rack09-server62@lvm-1)
2023-03-22 18:18:20.933 7 WARNING cinder.scheduler.host_manager [None req-30cb04a8-5060-4d91-b3c7-ba72ec534510 02b192b8f9f54c7a994ee80dfe439741 8a415b83c662483fba78ef3cca271258 - - - -] volume service is down. (host: rack09-server62@lvm-1)
2023-03-22 18:18:23.427 7 WARNING cinder.scheduler.host_manager [None req-613eefc9-481c-49b9-94b7-ff37dcfaf354 02b192b8f9f54c7a994ee80dfe439741 8a415b83c662483fba78ef3cca271258 - - - -] volume service is down. (host: rack09-server62@lvm-1)
2023-03-22 18:18:23.428 7 WARNING oslo_messaging.rpc.client [None req-613eefc9-481c-49b9-94b7-ff37dcfaf354 02b192b8f9f54c7a994ee80dfe439741 8a415b83c662483fba78ef3cca271258 - - - -] Using RPCClient manually to instantiate client. Please use get_rpc_client to obtain an RPC client instance.
