Build Started 07_06_2023_14_55_27
2023-06-07 14:57:49.149 7 WARNING cinder.scheduler.host_manager [req-9fa6d750-ed32-4887-b44f-69d6a5a862b3 req-d05a2627-90a9-49ae-9f7b-903b9a917f59 393ecf1a0fd9424eaa8bb193b6c3da80 baf6bf72bfdb46f6a467322c04bd51b1 - - - -] volume service is down. (host: rack02-server70@lvm-1)
2023-06-07 14:57:50.259 7 WARNING cinder.scheduler.host_manager [None req-4f978e98-b6e8-401f-8076-2882d57995bb 7edd41d2239f49038a7f56e2d57960cd d5afb9e1d3cd4e15ae0f90599f0cdc01 - - - -] volume service is down. (host: rack02-server70@lvm-1)
2023-06-07 14:57:50.289 7 WARNING cinder.scheduler.host_manager [None req-7fa0e01c-cced-4fcf-b6c5-30b46a25285d 7edd41d2239f49038a7f56e2d57960cd d5afb9e1d3cd4e15ae0f90599f0cdc01 - - - -] volume service is down. (host: rack02-server70@lvm-1)
2023-06-07 14:57:51.731 7 WARNING cinder.scheduler.host_manager [req-9edfb076-66b3-4acc-bcad-3a52463733d7 req-f2907a4a-2359-4c8e-a1c1-7c60e263b3c4 393ecf1a0fd9424eaa8bb193b6c3da80 baf6bf72bfdb46f6a467322c04bd51b1 - - - -] volume service is down. (host: rack02-server70@lvm-1)
2023-06-07 14:57:51.795 7 WARNING cinder.scheduler.host_manager [req-7336836f-82b2-4165-a6e8-0e57828d4cd9 req-5d202a06-0feb-46ad-b1c7-16b966b7fde1 9e89140c524045cf963d2000224cce09 9646bf23fd554fe09e5524b7e7482000 - - - -] volume service is down. (host: rack02-server70@lvm-1)
2023-06-07 14:57:59.443 7 WARNING cinder.scheduler.host_manager [None req-cc5c16cb-7b2d-491f-812f-f6fb6e38070d 996b5279332948dc833969597d5632ff 47c6482d120b4ba599a3c81da9c87e94 - - - -] volume service is down. (host: rack02-server70@lvm-1)
2023-06-07 14:58:01.854 7 WARNING cinder.scheduler.host_manager [None req-12a961ab-46db-4e73-9360-83025ecaac8e 996b5279332948dc833969597d5632ff 47c6482d120b4ba599a3c81da9c87e94 - - - -] volume service is down. (host: rack02-server70@lvm-1)
2023-06-07 14:58:04.268 7 WARNING cinder.scheduler.host_manager [None req-a0bd5920-29a6-4ba4-9dbc-966c41673025 996b5279332948dc833969597d5632ff 47c6482d120b4ba599a3c81da9c87e94 - - - -] volume service is down. (host: rack02-server70@lvm-1)
2023-06-07 14:58:04.726 7 WARNING cinder.scheduler.host_manager [None req-8a539326-233a-46ad-b8e3-fb1ece2b362e 6c4704ed9f6848d3828b5a107e176b0a 1cab9bc3793e4196beebc88911ff2f94 - - - -] volume service is down. (host: rack02-server70@lvm-1)
2023-06-07 14:58:04.732 7 WARNING cinder.scheduler.host_manager [None req-8a539326-233a-46ad-b8e3-fb1ece2b362e 6c4704ed9f6848d3828b5a107e176b0a 1cab9bc3793e4196beebc88911ff2f94 - - - -] volume service is down. (host: rack02-server70@lvm-1)
2023-06-07 14:58:06.095 7 WARNING cinder.scheduler.host_manager [None req-7b2bd028-8a35-4388-9b87-ed059005a75c 6c4704ed9f6848d3828b5a107e176b0a 1cab9bc3793e4196beebc88911ff2f94 - - - -] volume service is down. (host: rack02-server70@lvm-1)
2023-06-07 14:58:06.779 7 WARNING cinder.scheduler.host_manager [None req-e548b6ec-87a1-42be-8307-52d111582412 8e6faf4ad45b42a980a9679c2114c615 8ce3f207f0434945b7bd1c895f1cd19b - - - -] volume service is down. (host: rack02-server70@lvm-1)
2023-06-07 14:58:06.780 7 INFO cinder.scheduler.base_filter [None req-e548b6ec-87a1-42be-8307-52d111582412 8e6faf4ad45b42a980a9679c2114c615 8ce3f207f0434945b7bd1c895f1cd19b - - - -] Filtering removed all hosts for the request with volume ID '030e3246-ede1-4924-bc9f-6cf5035725de'. Filter results: AvailabilityZoneFilter: (start: 1, end: 1), CapacityFilter: (start: 1, end: 1), CapabilitiesFilter: (start: 1, end: 0)
2023-06-07 14:58:06.780 7 WARNING cinder.scheduler.filter_scheduler [None req-e548b6ec-87a1-42be-8307-52d111582412 8e6faf4ad45b42a980a9679c2114c615 8ce3f207f0434945b7bd1c895f1cd19b - - - -] No weighed backend found for volume with properties: {'id': '8122e52c-9dcd-4a6d-8237-4f3aca199783', 'name': 'tempest-UserMessagesTest-volume-type-597465698', 'description': None, 'is_public': True, 'projects': [], 'extra_specs': {'storage_protocol': 'tempest-storage_protocol-1089201616', 'vendor_name': 'tempest-vendor_name-1352753854'}, 'qos_specs_id': None, 'created_at': '2023-06-07T14:58:06.000000', 'updated_at': None, 'deleted_at': None, 'deleted': False}
2023-06-07 14:58:06.781 7 INFO cinder.message.api [None req-e548b6ec-87a1-42be-8307-52d111582412 8e6faf4ad45b42a980a9679c2114c615 8ce3f207f0434945b7bd1c895f1cd19b - - - -] Creating message record for request_id = req-e548b6ec-87a1-42be-8307-52d111582412
2023-06-07 14:58:06.785 7 ERROR cinder.scheduler.flows.create_volume [None req-e548b6ec-87a1-42be-8307-52d111582412 8e6faf4ad45b42a980a9679c2114c615 8ce3f207f0434945b7bd1c895f1cd19b - - - -] Failed to run task cinder.scheduler.flows.create_volume.ScheduleCreateVolumeTask;volume:create: No valid backend was found. No weighed backends available: cinder.exception.NoValidBackend: No valid backend was found. No weighed backends available
2023-06-07 14:58:08.321 7 WARNING cinder.scheduler.host_manager [None req-997bc7b5-571a-49ec-974f-5573a666e6a6 8e6faf4ad45b42a980a9679c2114c615 8ce3f207f0434945b7bd1c895f1cd19b - - - -] volume service is down. (host: rack02-server70@lvm-1)
2023-06-07 14:58:08.322 7 INFO cinder.scheduler.base_filter [None req-997bc7b5-571a-49ec-974f-5573a666e6a6 8e6faf4ad45b42a980a9679c2114c615 8ce3f207f0434945b7bd1c895f1cd19b - - - -] Filtering removed all hosts for the request with volume ID '1de5ddca-6d1d-4da2-9e9f-28cfdc0375d1'. Filter results: AvailabilityZoneFilter: (start: 1, end: 1), CapacityFilter: (start: 1, end: 1), CapabilitiesFilter: (start: 1, end: 0)
2023-06-07 14:58:08.322 7 WARNING cinder.scheduler.filter_scheduler [None req-997bc7b5-571a-49ec-974f-5573a666e6a6 8e6faf4ad45b42a980a9679c2114c615 8ce3f207f0434945b7bd1c895f1cd19b - - - -] No weighed backend found for volume with properties: {'id': 'bf27d358-18fc-4b74-b1ad-05bf73e07344', 'name': 'tempest-UserMessagesTest-volume-type-897266674', 'description': None, 'is_public': True, 'projects': [], 'extra_specs': {'storage_protocol': 'tempest-storage_protocol-461661987', 'vendor_name': 'tempest-vendor_name-319484241'}, 'qos_specs_id': None, 'created_at': '2023-06-07T14:58:08.000000', 'updated_at': None, 'deleted_at': None, 'deleted': False}
2023-06-07 14:58:08.323 7 INFO cinder.message.api [None req-997bc7b5-571a-49ec-974f-5573a666e6a6 8e6faf4ad45b42a980a9679c2114c615 8ce3f207f0434945b7bd1c895f1cd19b - - - -] Creating message record for request_id = req-997bc7b5-571a-49ec-974f-5573a666e6a6
2023-06-07 14:58:08.327 7 ERROR cinder.scheduler.flows.create_volume [None req-997bc7b5-571a-49ec-974f-5573a666e6a6 8e6faf4ad45b42a980a9679c2114c615 8ce3f207f0434945b7bd1c895f1cd19b - - - -] Failed to run task cinder.scheduler.flows.create_volume.ScheduleCreateVolumeTask;volume:create: No valid backend was found. No weighed backends available: cinder.exception.NoValidBackend: No valid backend was found. No weighed backends available
2023-06-07 14:58:18.397 7 WARNING cinder.scheduler.host_manager [None req-316df3a8-c2b0-436b-90bd-0b47dca69d9b aca04cae14514fb8b807d9388caf6216 f2e8fc43d59444f38a20d8d2b60d07b2 - - - -] volume service is down. (host: rack02-server70@lvm-1)
2023-06-07 14:58:18.404 7 WARNING cinder.scheduler.host_manager [None req-316df3a8-c2b0-436b-90bd-0b47dca69d9b aca04cae14514fb8b807d9388caf6216 f2e8fc43d59444f38a20d8d2b60d07b2 - - - -] volume service is down. (host: rack02-server70@lvm-1)
2023-06-07 14:58:19.745 7 WARNING cinder.scheduler.host_manager [None req-0f8bb5c3-733e-46c1-9cd4-e31617eab3c8 aca04cae14514fb8b807d9388caf6216 f2e8fc43d59444f38a20d8d2b60d07b2 - - - -] volume service is down. (host: rack02-server70@lvm-1)
2023-06-07 14:58:23.334 7 WARNING cinder.scheduler.host_manager [None req-90ac02ca-67ad-4e7a-b1ce-049153ebe59b 31fc75f83fc043b3ac5852458e100650 c1db43d669be43d48e2d537dbe5a9e04 - - - -] volume service is down. (host: rack02-server70@lvm-1)
2023-06-07 14:58:23.340 7 WARNING cinder.scheduler.host_manager [None req-90ac02ca-67ad-4e7a-b1ce-049153ebe59b 31fc75f83fc043b3ac5852458e100650 c1db43d669be43d48e2d537dbe5a9e04 - - - -] volume service is down. (host: rack02-server70@lvm-1)
2023-06-07 14:58:23.952 7 WARNING cinder.scheduler.host_manager [None req-3a0e0a3a-5a44-44f1-bbff-df382d2ea5b4 abf70b3bf4e04e7fb1214884cd56602b 41f26f0d4bff47119f583f080848d15e - - - -] volume service is down. (host: rack02-server70@lvm-1)
2023-06-07 14:58:24.355 7 WARNING cinder.scheduler.host_manager [None req-37b9cd6e-f3bc-4477-b080-8db5a017014e aca04cae14514fb8b807d9388caf6216 f2e8fc43d59444f38a20d8d2b60d07b2 - - - -] volume service is down. (host: rack02-server70@lvm-1)
2023-06-07 14:58:24.509 7 WARNING cinder.scheduler.host_manager [None req-2aa66fd1-9f2d-4844-bdb5-450abb75ee41 31fc75f83fc043b3ac5852458e100650 c1db43d669be43d48e2d537dbe5a9e04 - - - -] volume service is down. (host: rack02-server70@lvm-1)
2023-06-07 14:58:24.515 7 WARNING cinder.scheduler.host_manager [None req-2aa66fd1-9f2d-4844-bdb5-450abb75ee41 31fc75f83fc043b3ac5852458e100650 c1db43d669be43d48e2d537dbe5a9e04 - - - -] volume service is down. (host: rack02-server70@lvm-1)
2023-06-07 14:58:25.878 7 WARNING cinder.scheduler.host_manager [None req-97494079-e2a7-4087-b213-ae7a4e3f1075 31fc75f83fc043b3ac5852458e100650 c1db43d669be43d48e2d537dbe5a9e04 - - - -] volume service is down. (host: rack02-server70@lvm-1)
2023-06-07 14:58:27.531 7 WARNING cinder.scheduler.host_manager [None req-e80331f2-44fc-448a-b096-cb57625e74e9 abf70b3bf4e04e7fb1214884cd56602b 41f26f0d4bff47119f583f080848d15e - - - -] volume service is down. (host: rack02-server70@lvm-1)
2023-06-07 14:58:29.722 7 WARNING cinder.scheduler.host_manager [None req-16507bd8-918e-4630-a283-191a9b7833e6 aca04cae14514fb8b807d9388caf6216 f2e8fc43d59444f38a20d8d2b60d07b2 - - - -] volume service is down. (host: rack02-server70@lvm-1)
2023-06-07 14:58:29.729 7 WARNING cinder.scheduler.host_manager [None req-16507bd8-918e-4630-a283-191a9b7833e6 aca04cae14514fb8b807d9388caf6216 f2e8fc43d59444f38a20d8d2b60d07b2 - - - -] volume service is down. (host: rack02-server70@lvm-1)
2023-06-07 14:58:29.798 7 WARNING cinder.scheduler.host_manager [None req-10c015f3-e021-4d7e-94f5-15c0b7c6e731 31fc75f83fc043b3ac5852458e100650 c1db43d669be43d48e2d537dbe5a9e04 - - - -] volume service is down. (host: rack02-server70@lvm-1)
2023-06-07 14:58:29.804 7 WARNING cinder.scheduler.host_manager [None req-10c015f3-e021-4d7e-94f5-15c0b7c6e731 31fc75f83fc043b3ac5852458e100650 c1db43d669be43d48e2d537dbe5a9e04 - - - -] volume service is down. (host: rack02-server70@lvm-1)
2023-06-07 14:58:31.231 7 WARNING cinder.scheduler.host_manager [None req-c819267c-5ad6-4326-9a28-df69b193b481 31fc75f83fc043b3ac5852458e100650 c1db43d669be43d48e2d537dbe5a9e04 - - - -] volume service is down. (host: rack02-server70@lvm-1)
2023-06-07 14:58:31.233 7 WARNING cinder.scheduler.host_manager [None req-c1a793a0-bc4c-47b5-800c-38e93a6bfc60 aca04cae14514fb8b807d9388caf6216 f2e8fc43d59444f38a20d8d2b60d07b2 - - - -] volume service is down. (host: rack02-server70@lvm-1)
2023-06-07 14:58:33.499 7 WARNING cinder.scheduler.host_manager [None req-13689a2f-fc1f-49c0-8cb7-b46d468aa5e0 aca04cae14514fb8b807d9388caf6216 f2e8fc43d59444f38a20d8d2b60d07b2 - - - -] volume service is down. (host: rack02-server70@lvm-1)
2023-06-07 14:58:33.606 7 WARNING cinder.scheduler.host_manager [None req-ff712ae1-6681-4e89-a995-72f42536c67d 31fc75f83fc043b3ac5852458e100650 c1db43d669be43d48e2d537dbe5a9e04 - - - -] volume service is down. (host: rack02-server70@lvm-1)
2023-06-07 14:58:38.078 7 WARNING cinder.scheduler.host_manager [None req-ed81579c-e4c8-4521-b9db-ccd63f19ebf5 0b6d9c05c4094fbe93a3936851065c16 f19f23dcf78f49978a8cbe0e4fa6fa43 - - - -] volume service is down. (host: rack02-server70@lvm-1)
2023-06-07 14:58:40.339 7 WARNING cinder.scheduler.host_manager [None req-3f83e63f-eaf0-41a2-a71b-35df2658b44d 0b6d9c05c4094fbe93a3936851065c16 f19f23dcf78f49978a8cbe0e4fa6fa43 - - - -] volume service is down. (host: rack02-server70@lvm-1)
2023-06-07 14:58:46.691 7 WARNING cinder.scheduler.host_manager [None req-0d7cf074-cdc7-44a0-b140-bb4e71f34c94 aca04cae14514fb8b807d9388caf6216 f2e8fc43d59444f38a20d8d2b60d07b2 - - - -] volume service is down. (host: rack02-server70@lvm-1)
2023-06-07 14:58:46.698 7 WARNING cinder.scheduler.host_manager [None req-0d7cf074-cdc7-44a0-b140-bb4e71f34c94 aca04cae14514fb8b807d9388caf6216 f2e8fc43d59444f38a20d8d2b60d07b2 - - - -] volume service is down. (host: rack02-server70@lvm-1)
2023-06-07 14:58:48.044 7 WARNING cinder.scheduler.host_manager [None req-724e2789-7861-4030-8510-827740781265 aca04cae14514fb8b807d9388caf6216 f2e8fc43d59444f38a20d8d2b60d07b2 - - - -] volume service is down. (host: rack02-server70@lvm-1)
2023-06-07 14:58:49.429 7 WARNING cinder.scheduler.host_manager [None req-494c51e2-e2f2-43be-936e-4258a264265d d5f125eb64854af09ef6437f163b80c3 897b80a72afd49afb76c689bd4f34808 - - - -] volume service is down. (host: rack02-server70@lvm-1)
2023-06-07 14:58:54.722 7 WARNING cinder.scheduler.host_manager [None req-92f4673a-3e52-42cb-8e92-bb5f3b4953e5 ecd07c72bd1849ba8bb4944dbcae8666 c885765645594724b77612fb5bf8ec0a - - - -] volume service is down. (host: rack02-server70@lvm-1)
2023-06-07 14:58:57.070 7 WARNING cinder.scheduler.host_manager [None req-3a920c00-97d9-4da9-9f4a-e86c91ce9889 ecd07c72bd1849ba8bb4944dbcae8666 c885765645594724b77612fb5bf8ec0a - - - -] volume service is down. (host: rack02-server70@lvm-1)
2023-06-07 14:59:00.554 7 WARNING cinder.scheduler.host_manager [None req-402c5ab9-76df-4076-9b8f-bbbbaadd37fe 3aa2c4d7531543f1b854610cdb0d8ca8 d2ad62982a5044a197e161dfe302ec69 - - - -] volume service is down. (host: rack02-server70@lvm-1)
2023-06-07 14:59:00.560 7 WARNING cinder.scheduler.host_manager [None req-402c5ab9-76df-4076-9b8f-bbbbaadd37fe 3aa2c4d7531543f1b854610cdb0d8ca8 d2ad62982a5044a197e161dfe302ec69 - - - -] volume service is down. (host: rack02-server70@lvm-1)
2023-06-07 14:59:01.918 7 WARNING cinder.scheduler.host_manager [None req-11b8601d-cb3f-4b84-9fcf-113f6c1adc3c 3aa2c4d7531543f1b854610cdb0d8ca8 d2ad62982a5044a197e161dfe302ec69 - - - -] volume service is down. (host: rack02-server70@lvm-1)
2023-06-07 14:59:02.784 7 WARNING cinder.scheduler.host_manager [None req-94fb81be-80bd-4c3e-8045-ccc51f886828 9ba2a08845b64b289f1c5f1fa1b3c9a8 c8dd7ab8db884f0cbfa9e084fedce38e - - - -] volume service is down. (host: rack02-server70@lvm-1)
2023-06-07 14:59:04.204 7 WARNING cinder.scheduler.host_manager [None req-9eeb806f-bfe1-41b8-92bd-ddfd7e06c0fa 3aa2c4d7531543f1b854610cdb0d8ca8 d2ad62982a5044a197e161dfe302ec69 - - - -] volume service is down. (host: rack02-server70@lvm-1)
2023-06-07 14:59:04.872 7 WARNING cinder.scheduler.host_manager [None req-a6bdd89f-f896-4de0-a150-8eb46191476f 83633e1fa6d641749a2384e3a1154660 7d604faa37454614a9b2ebfb564891ab - - - -] volume service is down. (host: rack02-server70@lvm-1)
2023-06-07 14:59:05.192 7 WARNING cinder.scheduler.host_manager [None req-eaed02ed-5e69-4fda-918e-91461d7dc0c3 9ba2a08845b64b289f1c5f1fa1b3c9a8 c8dd7ab8db884f0cbfa9e084fedce38e - - - -] volume service is down. (host: rack02-server70@lvm-1)
2023-06-07 14:59:07.593 7 WARNING cinder.scheduler.host_manager [None req-6dc03c66-bfac-4134-b951-384a99c99b55 9ba2a08845b64b289f1c5f1fa1b3c9a8 c8dd7ab8db884f0cbfa9e084fedce38e - - - -] volume service is down. (host: rack02-server70@lvm-1)
2023-06-07 14:59:10.219 7 WARNING cinder.scheduler.host_manager [None req-de8a8608-e67d-4f4b-a020-6adcd5851e8c bc41c78b48784148aa2e20a64e833be7 4110e71cbd7a4213b2e5a55aafb0bd54 - - - -] volume service is down. (host: rack02-server70@lvm-1)
2023-06-07 14:59:15.523 7 WARNING cinder.scheduler.host_manager [None req-c3fc409d-53fe-466e-8e00-caaf240bf0c8 410801a679ee4f76b0c25590cce347cf 3f348b4684b1472ebd87d94d61c9b6bd - - - -] volume service is down. (host: rack02-server70@lvm-1)
2023-06-07 14:59:15.530 7 WARNING cinder.scheduler.host_manager [None req-c3fc409d-53fe-466e-8e00-caaf240bf0c8 410801a679ee4f76b0c25590cce347cf 3f348b4684b1472ebd87d94d61c9b6bd - - - -] volume service is down. (host: rack02-server70@lvm-1)
2023-06-07 14:59:20.324 7 WARNING cinder.scheduler.host_manager [None req-9ec3e340-288c-4524-9ebd-40d73f93e8ec 1fe73f94927a4eb78403e9e550488add f099452cc507443fbcd897699801e9c0 - - - -] volume service is down. (host: rack02-server70@lvm-1)
2023-06-07 14:59:22.585 7 WARNING cinder.scheduler.host_manager [None req-0828c931-709a-422e-906a-0b3566a8ecca 1fe73f94927a4eb78403e9e550488add f099452cc507443fbcd897699801e9c0 - - - -] volume service is down. (host: rack02-server70@lvm-1)
2023-06-07 14:59:23.075 7 WARNING cinder.scheduler.host_manager [None req-add63844-9ad9-4b0e-9431-2f906982784c abedf62a04524ddeae27f55f4a90aa5a c6ee65877a0b48468d95e6fc1a90cf47 - - - -] volume service is down. (host: rack02-server70@lvm-1)
2023-06-07 14:59:25.124 7 WARNING cinder.scheduler.host_manager [None req-a6336837-153d-4ba2-8678-16742197e71f 35fdae08ce9e47feb1da5992c32a0157 d4fac8ce14ce47d39011d0b4fc55ee68 - - - -] volume service is down. (host: rack02-server70@lvm-1)
2023-06-07 14:59:25.333 7 WARNING cinder.scheduler.host_manager [None req-8a665baf-93e5-44d8-9c4f-070c686b1f0c abedf62a04524ddeae27f55f4a90aa5a c6ee65877a0b48468d95e6fc1a90cf47 - - - -] volume service is down. (host: rack02-server70@lvm-1)
2023-06-07 14:59:27.383 7 WARNING cinder.scheduler.host_manager [None req-78b9fbc0-8340-4245-8541-f1769a4681eb 35fdae08ce9e47feb1da5992c32a0157 d4fac8ce14ce47d39011d0b4fc55ee68 - - - -] volume service is down. (host: rack02-server70@lvm-1)
2023-06-07 14:59:27.785 7 WARNING cinder.scheduler.host_manager [None req-4a0e0ead-5cc1-47ed-8d4c-3e8b77c5ecd8 abedf62a04524ddeae27f55f4a90aa5a c6ee65877a0b48468d95e6fc1a90cf47 - - - -] volume service is down. (host: rack02-server70@lvm-1)
2023-06-07 14:59:29.596 7 WARNING cinder.scheduler.host_manager [None req-19ee6bcc-b91c-4b8e-b577-daacbff09f95 35fdae08ce9e47feb1da5992c32a0157 d4fac8ce14ce47d39011d0b4fc55ee68 - - - -] volume service is down. (host: rack02-server70@lvm-1)
2023-06-07 14:59:31.229 7 WARNING cinder.scheduler.host_manager [None req-c3a46349-23fa-4865-b6d6-e31dbcb3521b abedf62a04524ddeae27f55f4a90aa5a c6ee65877a0b48468d95e6fc1a90cf47 - - - -] volume service is down. (host: rack02-server70@lvm-1)
2023-06-07 14:59:32.191 7 WARNING cinder.scheduler.host_manager [None req-4e40e2c1-4d24-430f-8ccd-670e25847b9a ca585f2da12b4638b454da261af0c6eb eaac04782e1b4f95a2a062bf05633cbe - - - -] volume service is down. (host: rack02-server70@lvm-1)
2023-06-07 14:59:33.138 7 WARNING cinder.scheduler.host_manager [None req-7aa6decd-5b87-46c6-b6dd-9248009fc1a3 35fdae08ce9e47feb1da5992c32a0157 d4fac8ce14ce47d39011d0b4fc55ee68 - - - -] volume service is down. (host: rack02-server70@lvm-1)
2023-06-07 14:59:34.660 7 WARNING cinder.scheduler.host_manager [None req-a782c47d-5c3a-452d-a876-51d0689c3af6 abedf62a04524ddeae27f55f4a90aa5a c6ee65877a0b48468d95e6fc1a90cf47 - - - -] volume service is down. (host: rack02-server70@lvm-1)
2023-06-07 14:59:35.397 7 WARNING cinder.scheduler.host_manager [None req-4cdd5fcb-6e9e-49c8-8277-3f3973e3528a 35fdae08ce9e47feb1da5992c32a0157 d4fac8ce14ce47d39011d0b4fc55ee68 - - - -] volume service is down. (host: rack02-server70@lvm-1)
2023-06-07 14:59:37.781 7 WARNING cinder.scheduler.host_manager [None req-8244dffa-c004-4aab-8319-c477fd1029eb 35fdae08ce9e47feb1da5992c32a0157 d4fac8ce14ce47d39011d0b4fc55ee68 - - - -] volume service is down. (host: rack02-server70@lvm-1)
2023-06-07 14:59:38.099 7 WARNING cinder.scheduler.host_manager [None req-4252a56e-5351-4060-abf0-f8b99be8c234 abedf62a04524ddeae27f55f4a90aa5a c6ee65877a0b48468d95e6fc1a90cf47 - - - -] volume service is down. (host: rack02-server70@lvm-1)
2023-06-07 14:59:45.274 7 WARNING cinder.scheduler.host_manager [None req-c3bd1b49-3878-4113-a128-c29f4846ef6c ca585f2da12b4638b454da261af0c6eb eaac04782e1b4f95a2a062bf05633cbe - - - -] volume service is down. (host: rack02-server70@lvm-1)
2023-06-07 14:59:47.574 7 WARNING cinder.scheduler.host_manager [None req-24997d36-145e-4b95-9e02-ef87bd7aed08 6d10a42a454c46f0a7938712f6e4028e 2145867627db46ef876ac186097cfce6 - - - -] volume service is down. (host: rack02-server70@lvm-1)
2023-06-07 14:59:49.205 7 WARNING cinder.scheduler.host_manager [None req-a02e7df8-e4ab-4f33-b59d-1d73efd67779 ae7404d5868847559561f32e5a125d55 2347836821f341b08137d5a1ae4fe243 - - - -] volume service is down. (host: rack02-server70@lvm-1)
2023-06-07 14:59:52.516 7 WARNING cinder.scheduler.host_manager [None req-5a2f8302-a62c-4331-be21-9d4e52c28647 6d10a42a454c46f0a7938712f6e4028e 2145867627db46ef876ac186097cfce6 - - - -] volume service is down. (host: rack02-server70@lvm-1)
2023-06-07 14:59:57.830 7 WARNING cinder.scheduler.host_manager [None req-b0c8a05e-fa3a-4016-b3f0-80db353eb25e d742ea91ed01468aa56dbe9c70210888 cfcc136067d740f89ea873d4ab28b8cc - - - -] volume service is down. (host: rack02-server70@lvm-1)
2023-06-07 14:59:58.645 7 WARNING cinder.scheduler.host_manager [None req-54284e91-2236-4977-9878-204e735ac42f 3bf62db518044af387d9a41a088ce8a5 d5875edd68a74909b9325908cd5f0e4d - - - -] volume service is down. (host: rack02-server70@lvm-1)
2023-06-07 14:59:59.188 7 WARNING cinder.scheduler.host_manager [None req-3e2b090b-d8e3-43c6-b7eb-d46c38efc758 d742ea91ed01468aa56dbe9c70210888 cfcc136067d740f89ea873d4ab28b8cc - - - -] volume service is down. (host: rack02-server70@lvm-1)
2023-06-07 15:00:00.616 7 WARNING cinder.scheduler.host_manager [None req-7c17fed8-061b-4500-98a1-4dc5fc37d64e d742ea91ed01468aa56dbe9c70210888 cfcc136067d740f89ea873d4ab28b8cc - - - -] volume service is down. (host: rack02-server70@lvm-1)
2023-06-07 15:00:09.315 7 WARNING cinder.scheduler.host_manager [None req-a6b4bc98-9ecf-485a-9ebe-b8a592770fd9 23abc90451604d0594ae63dec248530d 4498bcb2013d43ef9ba0355493164325 - - - -] volume service is down. (host: rack02-server70@lvm-1)
2023-06-07 15:00:18.497 7 WARNING cinder.scheduler.host_manager [None req-bcdf2c04-ee15-4aca-97d9-e8cdb53b632c 2ca0e9e7aa214458a4530f040c898ff3 d7b4807aeb0445ef930bc3bf737e3b08 - - - -] volume service is down. (host: rack02-server70@lvm-1)
2023-06-07 15:00:24.254 7 WARNING cinder.scheduler.host_manager [None req-01d0e2df-93a3-4fc5-9bbf-4ae53d5aa784 38e389778b50402ca1aabc23264fe05e e237c9650bfd446f97f0c617a2929f5a - - - -] volume service is down. (host: rack02-server70@lvm-1)
2023-06-07 15:00:24.698 7 WARNING cinder.scheduler.host_manager [None req-435e2edc-6f19-4d38-836e-60a6349e407c 2ca0e9e7aa214458a4530f040c898ff3 d7b4807aeb0445ef930bc3bf737e3b08 - - - -] volume service is down. (host: rack02-server70@lvm-1)
2023-06-07 15:00:28.345 7 WARNING cinder.scheduler.host_manager [None req-0d001301-3491-4890-b773-97f45f8daeb2 2ca0e9e7aa214458a4530f040c898ff3 d7b4807aeb0445ef930bc3bf737e3b08 - - - -] volume service is down. (host: rack02-server70@lvm-1)
2023-06-07 15:00:31.981 7 WARNING cinder.scheduler.host_manager [None req-0d79da84-c7bf-4f67-81a9-40ae64d0019b 38e389778b50402ca1aabc23264fe05e e237c9650bfd446f97f0c617a2929f5a - - - -] volume service is down. (host: rack02-server70@lvm-1)
2023-06-07 15:00:32.007 7 WARNING cinder.scheduler.host_manager [None req-f9496b25-d0de-4136-be59-ba2c34298544 2ca0e9e7aa214458a4530f040c898ff3 d7b4807aeb0445ef930bc3bf737e3b08 - - - -] volume service is down. (host: rack02-server70@lvm-1)
2023-06-07 15:00:35.313 7 WARNING cinder.scheduler.host_manager [None req-948d0adc-cdd1-4a0b-a729-d9ee49d18f83 88f4488726884bc2953e4bce438098a3 9c768c20c52a41ef8c98eeed90398ddb - - - -] volume service is down. (host: rack02-server70@lvm-1)
2023-06-07 15:00:35.548 7 WARNING cinder.scheduler.host_manager [None req-611e3e97-0639-4276-ae33-5db8b464b003 2ca0e9e7aa214458a4530f040c898ff3 d7b4807aeb0445ef930bc3bf737e3b08 - - - -] volume service is down. (host: rack02-server70@lvm-1)
2023-06-07 15:00:38.120 7 WARNING cinder.scheduler.host_manager [None req-ee9f4b3e-fe9d-499c-8e39-9bd623129d39 2ca0e9e7aa214458a4530f040c898ff3 d7b4807aeb0445ef930bc3bf737e3b08 - - - -] volume service is down. (host: rack02-server70@lvm-1)
2023-06-07 15:00:46.077 7 WARNING cinder.scheduler.host_manager [None req-3989311b-1399-4931-9610-bb3792def1e6 38e389778b50402ca1aabc23264fe05e e237c9650bfd446f97f0c617a2929f5a - - - -] volume service is down. (host: rack02-server70@lvm-1)
2023-06-07 15:00:47.054 7 WARNING cinder.scheduler.host_manager [None req-937d1d8c-5def-4d5a-81b8-953e47efd616 bb0b0d46bd29468fb6e1c60267d6fd83 9d169889155b4987b49597e6e6685cdd - - - -] volume service is down. (host: rack02-server70@lvm-1)
2023-06-07 15:00:47.144 7 WARNING cinder.scheduler.host_manager [None req-5119f91e-8c23-4fdc-b813-cf1ca206720b 88f4488726884bc2953e4bce438098a3 9c768c20c52a41ef8c98eeed90398ddb - - - -] volume service is down. (host: rack02-server70@lvm-1)
2023-06-07 15:00:48.307 7 WARNING cinder.scheduler.host_manager [None req-f4c0c971-3888-4d82-89f4-b97d86547aa9 38e389778b50402ca1aabc23264fe05e e237c9650bfd446f97f0c617a2929f5a - - - -] volume service is down. (host: rack02-server70@lvm-1)
2023-06-07 15:00:50.539 7 WARNING cinder.scheduler.host_manager [None req-c707b4d6-e507-4c11-80bb-0db8ad19e8bd 38e389778b50402ca1aabc23264fe05e e237c9650bfd446f97f0c617a2929f5a - - - -] volume service is down. (host: rack02-server70@lvm-1)
2023-06-07 15:00:50.655 7 WARNING cinder.scheduler.host_manager [None req-81fb9f9c-d164-4040-800e-84defebcae5c 88f4488726884bc2953e4bce438098a3 9c768c20c52a41ef8c98eeed90398ddb - - - -] volume service is down. (host: rack02-server70@lvm-1)
2023-06-07 15:00:53.054 7 WARNING cinder.scheduler.host_manager [None req-fd0bcfc4-d5fd-4645-bdec-e95228f6888c 88f4488726884bc2953e4bce438098a3 9c768c20c52a41ef8c98eeed90398ddb - - - -] volume service is down. (host: rack02-server70@lvm-1)
2023-06-07 15:00:59.619 7 WARNING cinder.scheduler.host_manager [None req-c1044618-080f-4b7a-b8c0-17d49e7a4139 38e389778b50402ca1aabc23264fe05e e237c9650bfd446f97f0c617a2929f5a - - - -] volume service is down. (host: rack02-server70@lvm-1)
2023-06-07 15:01:03.031 7 WARNING cinder.scheduler.host_manager [None req-32d90ceb-8fb8-4e4e-b75d-87d4b2a0d7b2 38e389778b50402ca1aabc23264fe05e e237c9650bfd446f97f0c617a2929f5a - - - -] volume service is down. (host: rack02-server70@lvm-1)
2023-06-07 15:01:04.031 7 WARNING cinder.scheduler.host_manager [None req-25d26e30-4096-4222-9230-9cec9b6668ac f5a09884fc78411db2244b0340639a65 29a4f14552fe470e9410f1e26857a4ba - - - -] volume service is down. (host: rack02-server70@lvm-1)
2023-06-07 15:01:04.871 7 WARNING cinder.scheduler.host_manager [None req-01aad892-58cc-4ac3-81f5-3367b614b844 2bfc6fa5c57f412da5211a5fea3cbcab 62c7c8439560453a951c2852d631bcfd - - - -] volume service is down. (host: rack02-server70@lvm-1)
2023-06-07 15:01:06.599 7 WARNING cinder.scheduler.host_manager [None req-912f7665-1be7-4ba0-990f-5c4b0197b8ca f5a09884fc78411db2244b0340639a65 29a4f14552fe470e9410f1e26857a4ba - - - -] volume service is down. (host: rack02-server70@lvm-1)
2023-06-07 15:01:11.233 7 WARNING cinder.scheduler.host_manager [None req-5e72827d-2749-48a6-b293-662e9da30455 f5a09884fc78411db2244b0340639a65 29a4f14552fe470e9410f1e26857a4ba - - - -] volume service is down. (host: rack02-server70@lvm-1)
2023-06-07 15:01:11.649 7 WARNING cinder.scheduler.host_manager [None req-6452f943-9735-4240-98bd-777738eaa1e5 edf24c9bb3b74e899917e35740528eb0 569415ed5ce94b45af534fef7ff0becd - - - -] volume service is down. (host: rack02-server70@lvm-1)
2023-06-07 15:01:12.890 7 WARNING cinder.scheduler.host_manager [None req-f099fbd6-6a83-46d7-8381-4dbec93ba60e 38e389778b50402ca1aabc23264fe05e e237c9650bfd446f97f0c617a2929f5a - - - -] volume service is down. (host: rack02-server70@lvm-1)
2023-06-07 15:01:13.631 7 WARNING cinder.scheduler.host_manager [None req-5a823f38-d8db-471d-9fed-71de8bed22ea f5a09884fc78411db2244b0340639a65 29a4f14552fe470e9410f1e26857a4ba - - - -] volume service is down. (host: rack02-server70@lvm-1)
2023-06-07 15:01:15.109 7 WARNING cinder.scheduler.host_manager [None req-b856aed4-c4f7-44c5-ab17-7dad855839ac 38e389778b50402ca1aabc23264fe05e e237c9650bfd446f97f0c617a2929f5a - - - -] volume service is down. (host: rack02-server70@lvm-1)
2023-06-07 15:01:17.211 7 WARNING cinder.scheduler.host_manager [None req-b8ecaf5a-0371-4153-b67a-35962e48eeca f5a09884fc78411db2244b0340639a65 29a4f14552fe470e9410f1e26857a4ba - - - -] volume service is down. (host: rack02-server70@lvm-1)
2023-06-07 15:01:21.568 7 WARNING cinder.scheduler.host_manager [None req-44742bde-7688-4e43-a11e-760182354cbf 1b64cdc2604c4f689aa1670140d29833 968405b79f1b4eeaa6661c4a65afffdb - - - -] volume service is down. (host: rack02-server70@lvm-1)
2023-06-07 15:01:21.960 7 WARNING cinder.scheduler.host_manager [None req-fe913602-58c9-4a44-ad97-2154616baf42 f5a09884fc78411db2244b0340639a65 29a4f14552fe470e9410f1e26857a4ba - - - -] volume service is down. (host: rack02-server70@lvm-1)
2023-06-07 15:01:24.263 7 WARNING cinder.scheduler.host_manager [None req-55e0585b-1f81-43b1-a8ab-d2d9493e2179 38e389778b50402ca1aabc23264fe05e e237c9650bfd446f97f0c617a2929f5a - - - -] volume service is down. (host: rack02-server70@lvm-1)
2023-06-07 15:01:25.206 7 WARNING cinder.scheduler.host_manager [None req-db8ab0dd-4eda-4b33-a594-269e7f1e5770 1b64cdc2604c4f689aa1670140d29833 968405b79f1b4eeaa6661c4a65afffdb - - - -] volume service is down. (host: rack02-server70@lvm-1)
2023-06-07 15:01:26.518 7 WARNING cinder.scheduler.host_manager [None req-8bb86c6c-771b-4b88-a745-95c927026e3e 38e389778b50402ca1aabc23264fe05e e237c9650bfd446f97f0c617a2929f5a - - - -] volume service is down. (host: rack02-server70@lvm-1)
2023-06-07 15:01:28.902 7 WARNING cinder.scheduler.host_manager [None req-4d76fa9c-bbf6-41ad-862b-cbd1d94f8c76 38e389778b50402ca1aabc23264fe05e e237c9650bfd446f97f0c617a2929f5a - - - -] volume service is down. (host: rack02-server70@lvm-1)
2023-06-07 15:01:32.415 7 WARNING cinder.scheduler.host_manager [None req-12130e79-1a1b-414c-937c-d9c904e40b16 36b4ab2e56ff48bf9619df78b76ad9b5 6c09bbcee85b4bbda17d521148faa0dc - - - -] volume service is down. (host: rack02-server70@lvm-1)
2023-06-07 15:01:32.471 7 WARNING cinder.scheduler.host_manager [None req-426b1bed-01be-4f0d-8197-51d74441e0b6 38e389778b50402ca1aabc23264fe05e e237c9650bfd446f97f0c617a2929f5a - - - -] volume service is down. (host: rack02-server70@lvm-1)
2023-06-07 15:01:33.954 7 WARNING cinder.scheduler.host_manager [None req-803ed0b4-a50e-4e49-8c31-6e88b4d83739 f5a09884fc78411db2244b0340639a65 29a4f14552fe470e9410f1e26857a4ba - - - -] volume service is down. (host: rack02-server70@lvm-1)
2023-06-07 15:01:34.675 7 WARNING cinder.scheduler.host_manager [None req-a47bc8a6-b265-4275-87bf-f53c126a777f 38e389778b50402ca1aabc23264fe05e e237c9650bfd446f97f0c617a2929f5a - - - -] volume service is down. (host: rack02-server70@lvm-1)
2023-06-07 15:01:37.053 7 WARNING cinder.scheduler.host_manager [None req-f9a3b1fb-7004-489d-8fc6-cd6cac0fa944 38e389778b50402ca1aabc23264fe05e e237c9650bfd446f97f0c617a2929f5a - - - -] volume service is down. (host: rack02-server70@lvm-1)
2023-06-07 15:01:37.953 7 WARNING cinder.scheduler.host_manager [None req-b2ec4231-07cb-4e57-9421-c37fcab602e5 b04ceb95e3e84219a54d7b925c5629e9 b1f444410e8a47539eb89c013eee851a - - - -] volume service is down. (host: rack02-server70@lvm-1)
2023-06-07 15:01:41.719 7 WARNING cinder.scheduler.host_manager [None req-57843a2b-5a0e-44f4-b6b8-7e0aa5e2e3aa 37ab974a101b4c5ca0c36aad668ba94b cfe14f5bdbbc415fb80592d6aba3a92b - - - -] volume service is down. (host: rack02-server70@lvm-1)
2023-06-07 15:01:43.974 7 WARNING cinder.scheduler.host_manager [None req-874c34d1-f653-42a1-a307-20f1a3fd4e38 37ab974a101b4c5ca0c36aad668ba94b cfe14f5bdbbc415fb80592d6aba3a92b - - - -] volume service is down. (host: rack02-server70@lvm-1)
2023-06-07 15:01:49.655 7 WARNING cinder.scheduler.host_manager [None req-13904791-f166-4317-984d-61831d6a65c7 b04ceb95e3e84219a54d7b925c5629e9 b1f444410e8a47539eb89c013eee851a - - - -] volume service is down. (host: rack02-server70@lvm-1)
2023-06-07 15:01:50.738 7 WARNING cinder.scheduler.host_manager [None req-26553977-66ee-481b-8638-f1b62d2e391a 4233f7f2708a48cca15032e1d2d67068 64b0fbef66c043df83a2af18b401b2d3 - - - -] volume service is down. (host: rack02-server70@lvm-1)
2023-06-07 15:01:51.053 7 WARNING cinder.scheduler.host_manager [None req-efd2bf54-a8dc-456a-b249-de696c603b06 b04ceb95e3e84219a54d7b925c5629e9 b1f444410e8a47539eb89c013eee851a - - - -] volume service is down. (host: rack02-server70@lvm-1)
2023-06-07 15:01:53.025 7 WARNING cinder.scheduler.host_manager [None req-1e20f01e-0f5f-446b-9720-f35ec663e4ac 4233f7f2708a48cca15032e1d2d67068 64b0fbef66c043df83a2af18b401b2d3 - - - -] volume service is down. (host: rack02-server70@lvm-1)
2023-06-07 15:01:53.303 7 WARNING cinder.scheduler.host_manager [None req-c009c92c-1326-4f73-9f32-9a3af0511132 b04ceb95e3e84219a54d7b925c5629e9 b1f444410e8a47539eb89c013eee851a - - - -] volume service is down. (host: rack02-server70@lvm-1)
2023-06-07 15:01:55.272 7 WARNING cinder.scheduler.host_manager [None req-66acf4e0-453f-44b5-b5c9-a709d2cce07e 4233f7f2708a48cca15032e1d2d67068 64b0fbef66c043df83a2af18b401b2d3 - - - -] volume service is down. (host: rack02-server70@lvm-1)
2023-06-07 15:01:55.558 7 WARNING cinder.scheduler.host_manager [None req-581ce501-2b45-4b8d-ab8a-5de0cc7a36a0 b04ceb95e3e84219a54d7b925c5629e9 b1f444410e8a47539eb89c013eee851a - - - -] volume service is down. (host: rack02-server70@lvm-1)
2023-06-07 15:01:57.492 7 WARNING cinder.scheduler.host_manager [None req-238f572a-4fbc-4f43-a39d-a39bd10e8be7 4233f7f2708a48cca15032e1d2d67068 64b0fbef66c043df83a2af18b401b2d3 - - - -] volume service is down. (host: rack02-server70@lvm-1)
2023-06-07 15:02:13.089 7 WARNING cinder.scheduler.host_manager [None req-96a7512b-b7f6-4604-aa45-ad0c04d57118 64342ebb902d4d12aec4431a6876372a 2ef76874212445958f26eca2006d4c52 - - - -] volume service is down. (host: rack02-server70@lvm-1)
2023-06-07 15:02:13.147 7 WARNING cinder.scheduler.host_manager [None req-26178c63-4af8-4c5a-b01e-8e6fa770f2ab a9819d89f2634923967ce0eb266aba04 e70f020b04ec429e8c3f76b721768a2c - - - -] volume service is down. (host: rack02-server70@lvm-1)
2023-06-07 15:02:13.153 7 WARNING cinder.scheduler.host_manager [None req-56657215-a8d1-49cf-878c-ba0bdd5ae8fd e93fc5216cca4ca6bd1cd323064de263 6565da9e9dc54582aad7b9749c238c6a - - - -] volume service is down. (host: rack02-server70@lvm-1)
2023-06-07 15:02:13.331 7 WARNING cinder.scheduler.host_manager [None req-2afda8ae-50f8-4459-b597-d9946bddc934 e93fc5216cca4ca6bd1cd323064de263 6565da9e9dc54582aad7b9749c238c6a - - - -] volume service is down. (host: rack02-server70@lvm-1)
2023-06-07 15:02:13.523 7 WARNING cinder.scheduler.host_manager [None req-b15709b3-71b2-42f7-827d-571fb831fe0a e93fc5216cca4ca6bd1cd323064de263 6565da9e9dc54582aad7b9749c238c6a - - - -] volume service is down. (host: rack02-server70@lvm-1)
2023-06-07 15:02:13.740 7 WARNING cinder.scheduler.host_manager [None req-3f7ae55e-8b74-4f4c-8069-4b27025b2f81 e93fc5216cca4ca6bd1cd323064de263 6565da9e9dc54582aad7b9749c238c6a - - - -] volume service is down. (host: rack02-server70@lvm-1)
2023-06-07 15:02:13.960 7 WARNING cinder.scheduler.host_manager [None req-72d7995d-5b9b-4518-8bcd-9723c2eb7968 e93fc5216cca4ca6bd1cd323064de263 6565da9e9dc54582aad7b9749c238c6a - - - -] volume service is down. (host: rack02-server70@lvm-1)
2023-06-07 15:02:14.354 7 WARNING cinder.scheduler.host_manager [None req-bead40b4-683f-4277-ad2e-a8cb68e924aa a9819d89f2634923967ce0eb266aba04 e70f020b04ec429e8c3f76b721768a2c - - - -] volume service is down. (host: rack02-server70@lvm-1)
2023-06-07 15:02:14.576 7 WARNING cinder.scheduler.host_manager [None req-f149af35-c0f9-4bb0-a549-6b0c38dd1e75 a9819d89f2634923967ce0eb266aba04 e70f020b04ec429e8c3f76b721768a2c - - - -] volume service is down. (host: rack02-server70@lvm-1)
2023-06-07 15:02:14.795 7 WARNING cinder.scheduler.host_manager [None req-4fa86033-a78c-4eb5-8e24-cbea4222e7ca a9819d89f2634923967ce0eb266aba04 e70f020b04ec429e8c3f76b721768a2c - - - -] volume service is down. (host: rack02-server70@lvm-1)
2023-06-07 15:02:15.013 7 WARNING cinder.scheduler.host_manager [None req-7f6dbbe5-5bae-45ca-adde-3ec7855c69b3 a9819d89f2634923967ce0eb266aba04 e70f020b04ec429e8c3f76b721768a2c - - - -] volume service is down. (host: rack02-server70@lvm-1)
2023-06-07 15:02:15.255 7 WARNING cinder.scheduler.host_manager [None req-1439447f-2f21-4616-ab8d-97607cce4136 a9819d89f2634923967ce0eb266aba04 e70f020b04ec429e8c3f76b721768a2c - - - -] volume service is down. (host: rack02-server70@lvm-1)
2023-06-07 15:02:15.299 7 WARNING cinder.scheduler.host_manager [None req-1f0a03ad-d1aa-47e4-8817-18197f9a5747 64342ebb902d4d12aec4431a6876372a 2ef76874212445958f26eca2006d4c52 - - - -] volume service is down. (host: rack02-server70@lvm-1)
2023-06-07 15:02:17.643 7 WARNING cinder.scheduler.host_manager [None req-1a82b32a-98c4-40cf-9582-b3099c4df81a 64342ebb902d4d12aec4431a6876372a 2ef76874212445958f26eca2006d4c52 - - - -] volume service is down. (host: rack02-server70@lvm-1)
2023-06-07 15:02:17.879 7 WARNING cinder.scheduler.host_manager [None req-c9f7cd14-6ee8-4abc-917a-893c9cc4f104 64342ebb902d4d12aec4431a6876372a 2ef76874212445958f26eca2006d4c52 - - - -] volume service is down. (host: rack02-server70@lvm-1)
2023-06-07 15:02:18.101 7 WARNING cinder.scheduler.host_manager [None req-319fb698-479d-4d52-a720-029546b18f20 64342ebb902d4d12aec4431a6876372a 2ef76874212445958f26eca2006d4c52 - - - -] volume service is down. (host: rack02-server70@lvm-1)
2023-06-07 15:02:18.315 7 WARNING cinder.scheduler.host_manager [None req-f1f106b7-5505-4b6b-bc78-f79f0ff21368 64342ebb902d4d12aec4431a6876372a 2ef76874212445958f26eca2006d4c52 - - - -] volume service is down. (host: rack02-server70@lvm-1)
2023-06-07 15:02:18.533 7 WARNING cinder.scheduler.host_manager [None req-9ae52495-1d2e-4e3a-8f51-e3aa2cbf3a65 64342ebb902d4d12aec4431a6876372a 2ef76874212445958f26eca2006d4c52 - - - -] volume service is down. (host: rack02-server70@lvm-1)
2023-06-07 15:02:25.065 7 WARNING cinder.scheduler.host_manager [None req-bab8a32d-a8af-4fc8-b913-0e6a1f337b8d 1d0b9bb9b27b491bb1e9897b38aa0772 7a87ce9fb53b4813a89cfa63767e13bf - - - -] volume service is down. (host: rack02-server70@lvm-1)
2023-06-07 15:02:27.544 7 WARNING cinder.scheduler.host_manager [None req-d7204cc4-ed88-475b-a6d3-57a09cc8f0f5 1d0b9bb9b27b491bb1e9897b38aa0772 7a87ce9fb53b4813a89cfa63767e13bf - - - -] volume service is down. (host: rack02-server70@lvm-1)
2023-06-07 15:02:28.810 7 WARNING cinder.scheduler.host_manager [None req-b1a34a78-79b3-4dbb-ab0d-4e2cd085d35e 1d0b9bb9b27b491bb1e9897b38aa0772 7a87ce9fb53b4813a89cfa63767e13bf - - - -] volume service is down. (host: rack02-server70@lvm-1)
