Build Started 09_05_2022_23_57_27
2022-05-10 02:59:25.549 11 WARNING cinder.scheduler.host_manager [req-c49f6a53-b155-479f-a543-524543e37f60 5da1ef6ee6494a959a2659e4a3a5fb1e - - - -] volume service is down. (host: rack08-server75@lvm-1)
2022-05-10 02:59:26.120 11 WARNING cinder.scheduler.host_manager [req-65ab80cf-d215-4773-994d-8707f438f3fd c6274cb3e9614c5eb64558e5765f0f67 - - - -] volume service is down. (host: rack08-server75@lvm-1)
2022-05-10 02:59:28.891 11 WARNING cinder.scheduler.host_manager [req-52ffabbd-1bb6-4b6b-83c2-04609a7df1b9 c6274cb3e9614c5eb64558e5765f0f67 - - - -] volume service is down. (host: rack08-server75@lvm-1)
2022-05-10 02:59:31.513 11 WARNING cinder.scheduler.host_manager [req-9c0dfb8d-405b-4145-b084-f2a46d67c368 c6274cb3e9614c5eb64558e5765f0f67 - - - -] volume service is down. (host: rack08-server75@lvm-1)
2022-05-10 02:59:48.070 11 WARNING cinder.scheduler.host_manager [req-9a8b1aed-0456-4379-b693-af77c9986c0b 612f89e7f2ac4c2a9fdd65d213b8a740 - - - -] volume service is down. (host: rack08-server75@lvm-1)
2022-05-10 02:59:48.077 11 WARNING cinder.scheduler.host_manager [req-9a8b1aed-0456-4379-b693-af77c9986c0b 612f89e7f2ac4c2a9fdd65d213b8a740 - - - -] volume service is down. (host: rack08-server75@lvm-1)
2022-05-10 02:59:55.052 11 WARNING cinder.scheduler.host_manager [req-ea09aaa0-a7df-42f9-bd51-571bb2665981 5da1ef6ee6494a959a2659e4a3a5fb1e - - - -] volume service is down. (host: rack08-server75@lvm-1)
2022-05-10 02:59:56.663 11 WARNING cinder.scheduler.host_manager [req-c735f838-fb6f-4ae4-b4cf-cf71e757f0a7 c407f44e0e554200af4b27d1623f5bad - - - -] volume service is down. (host: rack08-server75@lvm-1)
2022-05-10 02:59:58.025 11 WARNING cinder.scheduler.host_manager [req-84581c35-ec64-461a-94d3-47f461243ebf c407f44e0e554200af4b27d1623f5bad - - - -] volume service is down. (host: rack08-server75@lvm-1)
2022-05-10 03:00:00.680 11 WARNING cinder.scheduler.host_manager [req-bd2c9810-9381-40a0-b041-868bcbc920ee c407f44e0e554200af4b27d1623f5bad - - - -] volume service is down. (host: rack08-server75@lvm-1)
2022-05-10 03:00:02.826 11 WARNING cinder.scheduler.host_manager [req-6c81c545-5dd9-4846-b626-7e00b05d1f32 1b75be4856d5460391c05f7147de3718 - - - -] volume service is down. (host: rack08-server75@lvm-1)
2022-05-10 03:00:04.272 11 WARNING cinder.scheduler.host_manager [req-f72a499f-4f25-4c14-b51f-515fa35e3d39 c407f44e0e554200af4b27d1623f5bad - - - -] volume service is down. (host: rack08-server75@lvm-1)
2022-05-10 03:00:05.325 11 WARNING cinder.scheduler.host_manager [req-15ad5952-3ee3-4a89-8508-e106ee219db5 1b75be4856d5460391c05f7147de3718 - - - -] volume service is down. (host: rack08-server75@lvm-1)
2022-05-10 03:00:07.841 11 WARNING cinder.scheduler.host_manager [req-e89d22fd-fc82-4fe5-b05c-e22d93a9bcd3 c407f44e0e554200af4b27d1623f5bad - - - -] volume service is down. (host: rack08-server75@lvm-1)
2022-05-10 03:00:11.443 11 WARNING cinder.scheduler.host_manager [req-e4b0733e-fc4e-4ebb-8396-370d48fd5fe9 c407f44e0e554200af4b27d1623f5bad - - - -] volume service is down. (host: rack08-server75@lvm-1)
2022-05-10 03:00:12.581 11 WARNING cinder.scheduler.host_manager [req-3b000eb4-c90a-4285-ab7f-e9065bd2da62 ec41288ff03f48de9d4c11e39e78337b - - - -] volume service is down. (host: rack08-server75@lvm-1)
2022-05-10 03:00:20.946 11 WARNING cinder.scheduler.host_manager [req-f404852b-bc59-4ab7-a365-56f99b3704d2 164e3bb94c7044c189f77c8d4150009e - - - -] volume service is down. (host: rack08-server75@lvm-1)
2022-05-10 03:00:20.984 11 WARNING cinder.scheduler.host_manager [req-0ef756f3-ba80-4350-89d1-844183983a7c 164e3bb94c7044c189f77c8d4150009e - - - -] volume service is down. (host: rack08-server75@lvm-1)
2022-05-10 03:00:22.453 11 WARNING cinder.scheduler.host_manager [req-6b520c1f-e50d-4222-bf92-4aac071e3849 d1de33b4b17c44938f0b27e575171435 - - - -] volume service is down. (host: rack08-server75@lvm-1)
2022-05-10 03:00:36.609 11 WARNING cinder.scheduler.host_manager [req-e708900a-f52f-4831-adc5-ea21362751f2 66cad4ffd51a403b9e0c61058f3f0f49 - - - -] volume service is down. (host: rack08-server75@lvm-1)
2022-05-10 03:00:39.290 11 WARNING cinder.scheduler.host_manager [req-d397bb73-1b83-418e-a795-8fa0aa021439 eea106f4910049aeb638902270bd19e1 - - - -] volume service is down. (host: rack08-server75@lvm-1)
2022-05-10 03:00:39.291 11 INFO cinder.scheduler.base_filter [req-d397bb73-1b83-418e-a795-8fa0aa021439 eea106f4910049aeb638902270bd19e1 - - - -] Filtering removed all hosts for the request with volume ID 'a115ca79-8647-407a-bd8a-9c1d5327d67c'. Filter results: AvailabilityZoneFilter: (start: 1, end: 1), CapacityFilter: (start: 1, end: 1), CapabilitiesFilter: (start: 1, end: 0)
2022-05-10 03:00:39.291 11 WARNING cinder.scheduler.filter_scheduler [req-d397bb73-1b83-418e-a795-8fa0aa021439 eea106f4910049aeb638902270bd19e1 - - - -] No weighed backend found for volume with properties: {'id': 'd94aa95d-9f36-49cf-86ed-f4fcdc52811b', 'name': 'tempest-UserMessagesTest-volume-type-1853617674', 'description': None, 'is_public': True, 'projects': [], 'extra_specs': {'storage_protocol': 'tempest-storage_protocol-2038033432', 'vendor_name': 'tempest-vendor_name-650816605'}, 'qos_specs_id': None, 'created_at': '2022-05-10T00:00:38.000000', 'updated_at': None, 'deleted_at': None, 'deleted': False}
2022-05-10 03:00:39.292 11 INFO cinder.message.api [req-d397bb73-1b83-418e-a795-8fa0aa021439 eea106f4910049aeb638902270bd19e1 - - - -] Creating message record for request_id = req-d397bb73-1b83-418e-a795-8fa0aa021439
2022-05-10 03:00:39.297 11 ERROR cinder.scheduler.flows.create_volume [req-d397bb73-1b83-418e-a795-8fa0aa021439 eea106f4910049aeb638902270bd19e1 - - - -] Failed to run task cinder.scheduler.flows.create_volume.ScheduleCreateVolumeTask;volume:create: No valid backend was found. No weighed backends available: cinder.exception.NoValidBackend: No valid backend was found. No weighed backends available
2022-05-10 03:00:41.179 11 WARNING cinder.scheduler.host_manager [req-f77b4d72-39f2-465c-902b-6dfa98e2a141 eea106f4910049aeb638902270bd19e1 - - - -] volume service is down. (host: rack08-server75@lvm-1)
2022-05-10 03:00:41.180 11 INFO cinder.scheduler.base_filter [req-f77b4d72-39f2-465c-902b-6dfa98e2a141 eea106f4910049aeb638902270bd19e1 - - - -] Filtering removed all hosts for the request with volume ID '0e01fa2b-8401-4e61-95de-604ff2f06f55'. Filter results: AvailabilityZoneFilter: (start: 1, end: 1), CapacityFilter: (start: 1, end: 1), CapabilitiesFilter: (start: 1, end: 0)
2022-05-10 03:00:41.180 11 WARNING cinder.scheduler.filter_scheduler [req-f77b4d72-39f2-465c-902b-6dfa98e2a141 eea106f4910049aeb638902270bd19e1 - - - -] No weighed backend found for volume with properties: {'id': 'af06bbe1-d538-443c-a4db-c00e905a0d60', 'name': 'tempest-UserMessagesTest-volume-type-1119733034', 'description': None, 'is_public': True, 'projects': [], 'extra_specs': {'storage_protocol': 'tempest-storage_protocol-1557446109', 'vendor_name': 'tempest-vendor_name-2030026905'}, 'qos_specs_id': None, 'created_at': '2022-05-10T00:00:40.000000', 'updated_at': None, 'deleted_at': None, 'deleted': False}
2022-05-10 03:00:41.181 11 INFO cinder.message.api [req-f77b4d72-39f2-465c-902b-6dfa98e2a141 eea106f4910049aeb638902270bd19e1 - - - -] Creating message record for request_id = req-f77b4d72-39f2-465c-902b-6dfa98e2a141
2022-05-10 03:00:41.186 11 ERROR cinder.scheduler.flows.create_volume [req-f77b4d72-39f2-465c-902b-6dfa98e2a141 eea106f4910049aeb638902270bd19e1 - - - -] Failed to run task cinder.scheduler.flows.create_volume.ScheduleCreateVolumeTask;volume:create: No valid backend was found. No weighed backends available: cinder.exception.NoValidBackend: No valid backend was found. No weighed backends available
2022-05-10 03:00:50.323 11 WARNING cinder.scheduler.host_manager [req-29bc9de0-3529-4566-8173-fdd91af7de71 ca045353416e4945a73d00ded02cc6cb - - - -] volume service is down. (host: rack08-server75@lvm-1)
2022-05-10 03:00:54.725 11 WARNING cinder.scheduler.host_manager [req-64fc43ed-7bd6-4085-aa09-7a24a5f24cd3 ca045353416e4945a73d00ded02cc6cb - - - -] volume service is down. (host: rack08-server75@lvm-1)
2022-05-10 03:00:58.294 11 WARNING cinder.scheduler.host_manager [req-18e6caed-7305-40b3-b77f-34a67e379855 df31d0c207d1486fa9a93581a7ff6360 - - - -] volume service is down. (host: rack08-server75@lvm-1)
2022-05-10 03:00:58.576 11 WARNING cinder.scheduler.host_manager [req-274f4dfc-886c-4a45-b2d5-e46d04b042b2 ca045353416e4945a73d00ded02cc6cb - - - -] volume service is down. (host: rack08-server75@lvm-1)
2022-05-10 03:01:02.478 11 WARNING cinder.scheduler.host_manager [req-a231bf7c-167a-4732-9296-fdf3dae0e47c ca045353416e4945a73d00ded02cc6cb - - - -] volume service is down. (host: rack08-server75@lvm-1)
2022-05-10 03:01:02.681 11 WARNING cinder.scheduler.host_manager [req-c64c6a0d-3dfa-412d-8952-dc28b0d84127 df31d0c207d1486fa9a93581a7ff6360 - - - -] volume service is down. (host: rack08-server75@lvm-1)
2022-05-10 03:01:06.313 11 WARNING cinder.scheduler.host_manager [req-81830236-7de3-4a1a-885c-cbcf6650e518 ca045353416e4945a73d00ded02cc6cb - - - -] volume service is down. (host: rack08-server75@lvm-1)
2022-05-10 03:01:09.161 11 WARNING cinder.scheduler.host_manager [req-8fe32a9d-1f50-4cfe-989f-7a2dcd175d48 2230eed3e88f4072ace2b0181d132bd8 - - - -] volume service is down. (host: rack08-server75@lvm-1)
2022-05-10 03:01:09.169 11 WARNING cinder.scheduler.host_manager [req-8fe32a9d-1f50-4cfe-989f-7a2dcd175d48 2230eed3e88f4072ace2b0181d132bd8 - - - -] volume service is down. (host: rack08-server75@lvm-1)
2022-05-10 03:01:10.910 11 WARNING cinder.scheduler.host_manager [req-7386b0c8-94fb-4965-86ad-e0fc6a2b80eb 2230eed3e88f4072ace2b0181d132bd8 - - - -] volume service is down. (host: rack08-server75@lvm-1)
2022-05-10 03:01:15.745 11 WARNING cinder.scheduler.host_manager [req-961af8e6-2343-4668-ac11-d7ba69ce5d7c 2230eed3e88f4072ace2b0181d132bd8 - - - -] volume service is down. (host: rack08-server75@lvm-1)
2022-05-10 03:01:16.108 11 WARNING cinder.scheduler.host_manager [req-37b87140-1c8f-4dee-8de8-dbec69e68d3f ef145bd73fda44b8aef3936d07fd29ee - - - -] volume service is down. (host: rack08-server75@lvm-1)
2022-05-10 03:01:17.313 11 WARNING cinder.scheduler.host_manager [req-9d653414-5c84-40fb-840a-b3c60ad7a723 db83e6a53165411ba390505dcc42ddf9 - - - -] volume service is down. (host: rack08-server75@lvm-1)
2022-05-10 03:01:22.234 11 WARNING cinder.scheduler.host_manager [req-e8bdd90e-eef2-4950-b6c9-3090cf9b6f4c 2230eed3e88f4072ace2b0181d132bd8 - - - -] volume service is down. (host: rack08-server75@lvm-1)
2022-05-10 03:01:22.242 11 WARNING cinder.scheduler.host_manager [req-e8bdd90e-eef2-4950-b6c9-3090cf9b6f4c 2230eed3e88f4072ace2b0181d132bd8 - - - -] volume service is down. (host: rack08-server75@lvm-1)
2022-05-10 03:01:23.864 11 WARNING cinder.scheduler.host_manager [req-0f149cf7-5c44-4bbc-acde-4f0c8ee204c9 2230eed3e88f4072ace2b0181d132bd8 - - - -] volume service is down. (host: rack08-server75@lvm-1)
2022-05-10 03:01:26.837 11 WARNING cinder.scheduler.host_manager [req-81d270fb-3a09-4805-8378-9b9436b83eaf 2230eed3e88f4072ace2b0181d132bd8 - - - -] volume service is down. (host: rack08-server75@lvm-1)
2022-05-10 03:01:30.939 11 WARNING cinder.scheduler.host_manager [req-c77402cc-ef14-43bc-96ca-4a3d9941ce92 a2bc10359f2a41bead4029b4c35d827b - - - -] volume service is down. (host: rack08-server75@lvm-1)
2022-05-10 03:01:32.610 11 WARNING cinder.scheduler.host_manager [req-7678dd66-fa2e-46ef-912a-4da95425ef4c 5c9cb9fecc904d6297bcd76470fb0fe3 - - - -] volume service is down. (host: rack08-server75@lvm-1)
2022-05-10 03:01:33.360 11 WARNING cinder.scheduler.host_manager [req-1c0bb5ae-7763-4f8c-9df9-fc9f665039de a2bc10359f2a41bead4029b4c35d827b - - - -] volume service is down. (host: rack08-server75@lvm-1)
2022-05-10 03:01:34.994 11 WARNING cinder.scheduler.host_manager [req-0fe4b9bb-525d-49b4-a2da-2bc7fc97d575 5c9cb9fecc904d6297bcd76470fb0fe3 - - - -] volume service is down. (host: rack08-server75@lvm-1)
2022-05-10 03:01:40.275 11 WARNING cinder.scheduler.host_manager [req-b72cb902-8b47-4943-bc48-d2fbe2e90c1a 2230eed3e88f4072ace2b0181d132bd8 - - - -] volume service is down. (host: rack08-server75@lvm-1)
2022-05-10 03:01:40.282 11 WARNING cinder.scheduler.host_manager [req-b72cb902-8b47-4943-bc48-d2fbe2e90c1a 2230eed3e88f4072ace2b0181d132bd8 - - - -] volume service is down. (host: rack08-server75@lvm-1)
2022-05-10 03:01:41.887 11 WARNING cinder.scheduler.host_manager [req-dbd801e1-3ac8-45f5-ab18-073318eff680 2230eed3e88f4072ace2b0181d132bd8 - - - -] volume service is down. (host: rack08-server75@lvm-1)
2022-05-10 03:01:45.196 11 WARNING cinder.scheduler.host_manager [req-76826050-500b-499b-b187-a9ce9fe9c2c0 2f9c612be5db47a1990701df86e8a854 - - - -] volume service is down. (host: rack08-server75@lvm-1)
2022-05-10 03:01:51.561 11 WARNING cinder.scheduler.host_manager [req-7a8faf25-d006-4804-b2aa-e92b4ebe6f55 76b5ad5211d24d59a1748126791675ef - - - -] volume service is down. (host: rack08-server75@lvm-1)
2022-05-10 03:01:52.911 11 WARNING cinder.scheduler.host_manager [req-9eb836c4-32e0-437b-bbb2-dd6320d6bd38 76b5ad5211d24d59a1748126791675ef - - - -] volume service is down. (host: rack08-server75@lvm-1)
2022-05-10 03:01:55.232 11 WARNING cinder.scheduler.host_manager [req-36db6dbc-fce9-4bb1-94c1-69699f5ebc73 76b5ad5211d24d59a1748126791675ef - - - -] volume service is down. (host: rack08-server75@lvm-1)
2022-05-10 03:01:55.886 11 WARNING cinder.scheduler.host_manager [req-b466a21f-1cce-43fd-9a98-8108072bea7f b6cb614c5050490793f59b45b86fee0c - - - -] volume service is down. (host: rack08-server75@lvm-1)
2022-05-10 03:01:59.011 11 WARNING cinder.scheduler.host_manager [req-178e9c63-6f03-43c7-a11d-5c61d7cffc53 76b5ad5211d24d59a1748126791675ef - - - -] volume service is down. (host: rack08-server75@lvm-1)
2022-05-10 03:02:00.191 11 WARNING cinder.scheduler.host_manager [req-94ec3b76-686d-49e0-be9f-3a2229ab7ac8 3a4b72880ef840799408f413250fa58d - - - -] volume service is down. (host: rack08-server75@lvm-1)
2022-05-10 03:02:00.199 11 WARNING cinder.scheduler.host_manager [req-94ec3b76-686d-49e0-be9f-3a2229ab7ac8 3a4b72880ef840799408f413250fa58d - - - -] volume service is down. (host: rack08-server75@lvm-1)
2022-05-10 03:02:01.374 11 WARNING cinder.scheduler.host_manager [req-64fd1841-3741-441f-9f8d-7e10c0cd0ce3 b6cb614c5050490793f59b45b86fee0c - - - -] volume service is down. (host: rack08-server75@lvm-1)
2022-05-10 03:02:01.412 11 WARNING cinder.scheduler.host_manager [req-df3d0f5b-c2cd-4fee-8dc6-be24d80548d5 76b5ad5211d24d59a1748126791675ef - - - -] volume service is down. (host: rack08-server75@lvm-1)
2022-05-10 03:02:01.447 11 WARNING cinder.scheduler.host_manager [req-76d7e55e-2e19-4d18-9c44-2b0fcf1e5429 3a4b72880ef840799408f413250fa58d - - - -] volume service is down. (host: rack08-server75@lvm-1)
2022-05-10 03:02:01.456 11 WARNING cinder.scheduler.host_manager [req-76d7e55e-2e19-4d18-9c44-2b0fcf1e5429 3a4b72880ef840799408f413250fa58d - - - -] volume service is down. (host: rack08-server75@lvm-1)
2022-05-10 03:02:03.150 11 WARNING cinder.scheduler.host_manager [req-cb228051-cf93-442a-ac1f-5497742dced9 3a4b72880ef840799408f413250fa58d - - - -] volume service is down. (host: rack08-server75@lvm-1)
2022-05-10 03:02:04.004 11 WARNING cinder.scheduler.host_manager [req-845998a3-ef46-4457-9e55-4eda33375987 76b5ad5211d24d59a1748126791675ef - - - -] volume service is down. (host: rack08-server75@lvm-1)
2022-05-10 03:02:08.060 11 WARNING cinder.scheduler.host_manager [req-2d19a1c9-704f-4a50-82b0-3bb38622ce92 7ebcde06b02f4c2a8bccf4ec21b84cf4 - - - -] volume service is down. (host: rack08-server75@lvm-1)
2022-05-10 03:02:08.581 11 WARNING cinder.scheduler.host_manager [req-86b5c2d1-0a46-4cb6-9136-a66a010547d4 3a4b72880ef840799408f413250fa58d - - - -] volume service is down. (host: rack08-server75@lvm-1)
2022-05-10 03:02:08.588 11 WARNING cinder.scheduler.host_manager [req-86b5c2d1-0a46-4cb6-9136-a66a010547d4 3a4b72880ef840799408f413250fa58d - - - -] volume service is down. (host: rack08-server75@lvm-1)
2022-05-10 03:02:10.775 11 WARNING cinder.scheduler.host_manager [req-1bed7c74-1516-446d-8615-fb0ee88134a7 3a4b72880ef840799408f413250fa58d - - - -] volume service is down. (host: rack08-server75@lvm-1)
2022-05-10 03:02:12.155 11 WARNING cinder.scheduler.host_manager [req-a09eab9a-cf49-4b4d-a8da-e00d6a15a254 604989b7cff542938084a301e5b7be36 - - - -] volume service is down. (host: rack08-server75@lvm-1)
2022-05-10 03:02:13.846 11 WARNING cinder.scheduler.host_manager [req-8565bb36-6437-447d-bccf-6cdb431eb639 3a4b72880ef840799408f413250fa58d - - - -] volume service is down. (host: rack08-server75@lvm-1)
2022-05-10 03:02:14.844 11 WARNING cinder.scheduler.host_manager [req-2f4f4b89-17cf-4cdf-8480-0376c1c2c087 48a1dff261e741bcab8c55957724cb62 - - - -] volume service is down. (host: rack08-server75@lvm-1)
2022-05-10 03:02:19.446 11 WARNING cinder.scheduler.host_manager [req-991a90f9-d742-4c27-b26f-66f73e21e895 96d73c93793b48a094fe18f0b7ce43ca - - - -] volume service is down. (host: rack08-server75@lvm-1)
2022-05-10 03:02:26.007 11 WARNING cinder.scheduler.host_manager [req-1625504e-4142-4467-bd67-4288194e4956 c964fbb19c364232b775f1007ceb855f - - - -] volume service is down. (host: rack08-server75@lvm-1)
2022-05-10 03:02:26.015 11 WARNING cinder.scheduler.host_manager [req-1625504e-4142-4467-bd67-4288194e4956 c964fbb19c364232b775f1007ceb855f - - - -] volume service is down. (host: rack08-server75@lvm-1)
2022-05-10 03:02:27.751 11 WARNING cinder.scheduler.host_manager [req-9b9b9a34-a799-4ece-91f9-21cbeb881c2a c964fbb19c364232b775f1007ceb855f - - - -] volume service is down. (host: rack08-server75@lvm-1)
2022-05-10 03:02:30.119 11 WARNING cinder.scheduler.host_manager [req-1d6ced12-d604-49d0-a39c-de85ecc1bf1a c964fbb19c364232b775f1007ceb855f - - - -] volume service is down. (host: rack08-server75@lvm-1)
2022-05-10 03:02:41.997 11 WARNING cinder.scheduler.host_manager [req-7f8e8d2e-af07-4f75-8116-d52eb3788df3 1fe3bad66b394617aa7b6e318501870f - - - -] volume service is down. (host: rack08-server75@lvm-1)
2022-05-10 03:02:44.616 11 WARNING cinder.scheduler.host_manager [req-91c9b3b7-c7c8-49f5-9e82-45d63acd3162 1fe3bad66b394617aa7b6e318501870f - - - -] volume service is down. (host: rack08-server75@lvm-1)
2022-05-10 03:02:55.077 11 WARNING cinder.scheduler.host_manager [req-29b70d37-cc86-4b33-864a-b8593dd1f6d4 09d7e8e5f4a544e386840d33d83a96df - - - -] volume service is down. (host: rack08-server75@lvm-1)
2022-05-10 03:03:13.154 11 WARNING cinder.scheduler.host_manager [req-c8bf0786-ec6e-4a09-98bb-1654c4e7acaf 358c5552d33a4f4c9a496f2915def3a3 - - - -] volume service is down. (host: rack08-server75@lvm-1)
2022-05-10 03:03:24.223 11 WARNING cinder.scheduler.host_manager [req-4652ccc0-b256-4e9d-b287-fd863a38167f 358c5552d33a4f4c9a496f2915def3a3 - - - -] volume service is down. (host: rack08-server75@lvm-1)
2022-05-10 03:03:27.666 11 WARNING cinder.scheduler.host_manager [req-4d335c11-e42f-4a8f-959f-a220fa0438cc ba99d2df8c8144e584b7933a4c1dbf4f - - - -] volume service is down. (host: rack08-server75@lvm-1)
2022-05-10 03:03:30.295 11 WARNING cinder.scheduler.host_manager [req-6c0b278d-2ffb-494a-8854-c09d9158aadd ba99d2df8c8144e584b7933a4c1dbf4f - - - -] volume service is down. (host: rack08-server75@lvm-1)
2022-05-10 03:03:31.080 11 WARNING cinder.scheduler.host_manager [req-dadcf762-c1a8-401e-9ec1-f032bbaec7cf 358c5552d33a4f4c9a496f2915def3a3 - - - -] volume service is down. (host: rack08-server75@lvm-1)
2022-05-10 03:03:32.928 11 WARNING cinder.scheduler.host_manager [req-0efc634d-c0eb-43bd-babc-0c638a5f2907 ba99d2df8c8144e584b7933a4c1dbf4f - - - -] volume service is down. (host: rack08-server75@lvm-1)
2022-05-10 03:03:33.709 11 WARNING cinder.scheduler.host_manager [req-ed291d35-848c-4661-ab87-f1ec39268805 358c5552d33a4f4c9a496f2915def3a3 - - - -] volume service is down. (host: rack08-server75@lvm-1)
2022-05-10 03:03:36.229 11 WARNING cinder.scheduler.host_manager [req-6a552087-df3d-4dc6-a561-7ebc9480fe13 bca4d9c25bd04296af8532452018b0a1 - - - -] volume service is down. (host: rack08-server75@lvm-1)
2022-05-10 03:03:45.047 11 WARNING cinder.scheduler.host_manager [req-4963ac99-eebc-48e1-9fce-4d02290f6345 a47ae9b2c20545839b08ad9ed442f5e8 - - - -] volume service is down. (host: rack08-server75@lvm-1)
2022-05-10 03:03:47.807 11 WARNING cinder.scheduler.host_manager [req-48f18984-2bda-4510-ba10-f4aef54c5070 a47ae9b2c20545839b08ad9ed442f5e8 - - - -] volume service is down. (host: rack08-server75@lvm-1)
2022-05-10 03:03:51.558 11 WARNING cinder.scheduler.host_manager [req-8c69d590-fea6-4391-a259-544357abfc5b 9309525aaf3a48cfb6c86475bff92858 - - - -] volume service is down. (host: rack08-server75@lvm-1)
2022-05-10 03:03:52.774 11 WARNING cinder.scheduler.host_manager [req-a3904c50-9206-48ef-8afd-5c2ded6765d7 a47ae9b2c20545839b08ad9ed442f5e8 - - - -] volume service is down. (host: rack08-server75@lvm-1)
2022-05-10 03:03:53.276 11 WARNING cinder.scheduler.host_manager [req-d7260a40-0a5f-4040-bde1-dc8a69afde81 09d7e8e5f4a544e386840d33d83a96df - - - -] volume service is down. (host: rack08-server75@lvm-1)
2022-05-10 03:03:55.387 11 WARNING cinder.scheduler.host_manager [req-2cf0c36f-96d4-4761-9fef-cffdbb884f57 a47ae9b2c20545839b08ad9ed442f5e8 - - - -] volume service is down. (host: rack08-server75@lvm-1)
2022-05-10 03:03:56.883 11 WARNING cinder.scheduler.host_manager [req-52b2d93e-709f-4b5e-8a7f-e4289056da99 09d7e8e5f4a544e386840d33d83a96df - - - -] volume service is down. (host: rack08-server75@lvm-1)
2022-05-10 03:03:56.885 11 WARNING cinder.scheduler.host_manager [req-5a6391ec-832c-449a-8f9e-353a84c2daad 9309525aaf3a48cfb6c86475bff92858 - - - -] volume service is down. (host: rack08-server75@lvm-1)
2022-05-10 03:03:59.245 11 WARNING cinder.scheduler.host_manager [req-a0447705-1fe6-411e-a5ff-60481c8c8bd6 a47ae9b2c20545839b08ad9ed442f5e8 - - - -] volume service is down. (host: rack08-server75@lvm-1)
2022-05-10 03:04:01.776 11 WARNING cinder.scheduler.host_manager [req-7f08124d-18a0-42de-a4f9-a7e56fda6a38 09d7e8e5f4a544e386840d33d83a96df - - - -] volume service is down. (host: rack08-server75@lvm-1)
2022-05-10 03:04:03.254 11 WARNING cinder.scheduler.host_manager [req-0499a4bd-f5cc-4dda-b208-bb7c682b0339 a47ae9b2c20545839b08ad9ed442f5e8 - - - -] volume service is down. (host: rack08-server75@lvm-1)
2022-05-10 03:04:04.131 11 WARNING cinder.scheduler.host_manager [req-9f04d3f8-5064-4082-9377-391e1089a9c9 09d7e8e5f4a544e386840d33d83a96df - - - -] volume service is down. (host: rack08-server75@lvm-1)
2022-05-10 03:04:06.623 11 WARNING cinder.scheduler.host_manager [req-2174ba15-6616-4782-be15-1a15ec573cea f815ecae577b4c719e3b97611833e5ac - - - -] volume service is down. (host: rack08-server75@lvm-1)
2022-05-10 03:04:06.728 11 WARNING cinder.scheduler.host_manager [req-ce51ccb0-6651-4b87-991b-1f99ea3d41f1 09d7e8e5f4a544e386840d33d83a96df - - - -] volume service is down. (host: rack08-server75@lvm-1)
2022-05-10 03:04:10.494 11 WARNING cinder.scheduler.host_manager [req-52f5eb37-cb34-4709-8a14-5310e1546df3 09d7e8e5f4a544e386840d33d83a96df - - - -] volume service is down. (host: rack08-server75@lvm-1)
2022-05-10 03:04:12.858 11 WARNING cinder.scheduler.host_manager [req-3751aefa-294a-4a8d-a949-24cdb369e680 09d7e8e5f4a544e386840d33d83a96df - - - -] volume service is down. (host: rack08-server75@lvm-1)
2022-05-10 03:04:14.480 11 WARNING cinder.scheduler.host_manager [req-742f4c16-63d6-42c9-a917-00640daacda8 a47ae9b2c20545839b08ad9ed442f5e8 - - - -] volume service is down. (host: rack08-server75@lvm-1)
2022-05-10 03:04:15.466 11 WARNING cinder.scheduler.host_manager [req-4188c52f-c2fa-48a0-b0e6-9e200507276f 09d7e8e5f4a544e386840d33d83a96df - - - -] volume service is down. (host: rack08-server75@lvm-1)
2022-05-10 03:04:29.604 11 WARNING cinder.scheduler.host_manager [req-83dc8a44-5a8c-4d0f-8d50-5e98ed6bdbcc cfdc54f913714216874e4d8403dfe517 - - - -] volume service is down. (host: rack08-server75@lvm-1)
2022-05-10 03:04:32.000 11 WARNING cinder.scheduler.host_manager [req-1946f813-55f4-4865-b0d6-b77c6b736785 cfdc54f913714216874e4d8403dfe517 - - - -] volume service is down. (host: rack08-server75@lvm-1)
2022-05-10 03:04:51.625 11 WARNING cinder.scheduler.host_manager [req-49ced5a5-6bf2-4fe4-aefa-0c5d7d3f33e5 12f67319dfde44ddbf8f70a017263f90 - - - -] volume service is down. (host: rack08-server75@lvm-1)
2022-05-10 03:05:02.530 11 WARNING cinder.scheduler.host_manager [req-d9691871-49f2-4ec8-a685-8990f4f8b23e 12f67319dfde44ddbf8f70a017263f90 - - - -] volume service is down. (host: rack08-server75@lvm-1)
2022-05-10 03:05:04.164 11 WARNING cinder.scheduler.host_manager [req-6e47fe44-a1c5-4190-b63b-49c79ff79e1a 12f67319dfde44ddbf8f70a017263f90 - - - -] volume service is down. (host: rack08-server75@lvm-1)
2022-05-10 03:05:06.557 11 WARNING cinder.scheduler.host_manager [req-2d080a30-890c-45ab-8e6b-a0991a632d5e 12f67319dfde44ddbf8f70a017263f90 - - - -] volume service is down. (host: rack08-server75@lvm-1)
2022-05-10 03:05:08.959 11 WARNING cinder.scheduler.host_manager [req-99a74e86-c4d1-4e37-80ba-715544048ace 12f67319dfde44ddbf8f70a017263f90 - - - -] volume service is down. (host: rack08-server75@lvm-1)
2022-05-10 03:05:20.442 11 WARNING cinder.scheduler.host_manager [req-e4378222-668f-41d4-b2b3-01c4eecd7e16 ac0631b4135a4d3aab33e270ee27d153 - - - -] volume service is down. (host: rack08-server75@lvm-1)
2022-05-10 03:05:23.081 11 WARNING cinder.scheduler.host_manager [req-0f051356-d770-4409-ac8b-5c841a0b3af8 ac0631b4135a4d3aab33e270ee27d153 - - - -] volume service is down. (host: rack08-server75@lvm-1)
2022-05-10 03:05:25.719 11 WARNING cinder.scheduler.host_manager [req-8668c40a-2886-440e-a8c6-8d0fb9d307af ac0631b4135a4d3aab33e270ee27d153 - - - -] volume service is down. (host: rack08-server75@lvm-1)
2022-05-10 03:05:37.390 11 WARNING cinder.scheduler.host_manager [req-9fd4a15e-485e-4e53-9f46-a3c4e7997b3b bb5979c52a784a4f845d2e5d5ab4b46c - - - -] volume service is down. (host: rack08-server75@lvm-1)
2022-05-10 03:05:39.786 11 WARNING cinder.scheduler.host_manager [req-cecebafe-f14f-401a-bb7b-a9368134d5ec bb5979c52a784a4f845d2e5d5ab4b46c - - - -] volume service is down. (host: rack08-server75@lvm-1)
2022-05-10 03:05:42.112 11 WARNING cinder.scheduler.host_manager [req-1a5d0fa7-e505-41ff-b6d5-2041e0ef9f72 bb5979c52a784a4f845d2e5d5ab4b46c - - - -] volume service is down. (host: rack08-server75@lvm-1)
2022-05-10 03:05:44.433 11 WARNING cinder.scheduler.host_manager [req-9bbe9f3b-c2fc-481a-9347-064875d6dfb2 bb5979c52a784a4f845d2e5d5ab4b46c - - - -] volume service is down. (host: rack08-server75@lvm-1)
2022-05-10 03:06:01.052 11 WARNING cinder.scheduler.host_manager [req-4048efd5-ed9d-4d6d-9418-9ace74a83b0c 96973f6f5fe44ab5afaf98294327c4ef - - - -] volume service is down. (host: rack08-server75@lvm-1)
2022-05-10 03:06:01.071 11 WARNING cinder.scheduler.host_manager [req-771320c3-64c8-4529-a8d9-b2e7633cb3e5 1cacc185f9d24dc2b5f96b410042be88 - - - -] volume service is down. (host: rack08-server75@lvm-1)
2022-05-10 03:06:01.570 11 WARNING cinder.scheduler.host_manager [req-2cb60fd7-c9b7-475f-b687-22b99acab1fd 96973f6f5fe44ab5afaf98294327c4ef - - - -] volume service is down. (host: rack08-server75@lvm-1)
2022-05-10 03:06:02.153 11 WARNING cinder.scheduler.host_manager [req-0a850ff6-3401-4d0f-a2a6-82ddc759fefa 96973f6f5fe44ab5afaf98294327c4ef - - - -] volume service is down. (host: rack08-server75@lvm-1)
2022-05-10 03:06:03.059 11 WARNING cinder.scheduler.host_manager [req-ba97356a-58a0-47d3-9149-f17721537861 96973f6f5fe44ab5afaf98294327c4ef - - - -] volume service is down. (host: rack08-server75@lvm-1)
2022-05-10 03:06:03.637 11 WARNING cinder.scheduler.host_manager [req-1deb2b3b-905f-44ce-8dc3-42c8c3036da6 96973f6f5fe44ab5afaf98294327c4ef - - - -] volume service is down. (host: rack08-server75@lvm-1)
2022-05-10 03:06:03.715 11 WARNING cinder.scheduler.host_manager [req-8d0ae7c2-3158-44c7-bcd9-a225865ac038 1cacc185f9d24dc2b5f96b410042be88 - - - -] volume service is down. (host: rack08-server75@lvm-1)
2022-05-10 03:06:06.207 11 WARNING cinder.scheduler.host_manager [req-e410a665-deba-4c32-97e1-7ed64f09d843 1cacc185f9d24dc2b5f96b410042be88 - - - -] volume service is down. (host: rack08-server75@lvm-1)
