Build Started 28_07_2022_18_51_15
2022-07-28 21:53:19.896 7 WARNING cinder.scheduler.host_manager [req-83de3cc2-90e5-4266-893e-4b6990b30b8c c6c94f6a125149239874eb0ca7056da1 357c16f4e9494ce8a1656b5212311bf9 - - -] volume service is down. (host: rack03-server59@lvm-1)
2022-07-28 21:53:20.024 7 WARNING cinder.scheduler.host_manager [req-222692e2-5f75-4088-8016-8f144aac6a68 0ca73f67ed1f4bc2afb95028ceb991c6 ba955d50a1764ecd819aef18f2c295ce - - -] volume service is down. (host: rack03-server59@lvm-1)
2022-07-28 21:53:20.119 7 WARNING cinder.scheduler.host_manager [req-b4b824de-2f37-44cc-adaf-e506f60ad8be 54a6bf193611457d8fca7c26080a793d 1120054c341843e08f831f2012c71af3 - - -] volume service is down. (host: rack03-server59@lvm-1)
2022-07-28 21:53:21.421 7 WARNING cinder.scheduler.host_manager [req-e37069d9-d424-4c10-a054-6b8378c9b27f c6c94f6a125149239874eb0ca7056da1 357c16f4e9494ce8a1656b5212311bf9 - - -] volume service is down. (host: rack03-server59@lvm-1)
2022-07-28 21:53:23.896 7 WARNING cinder.scheduler.host_manager [req-c60ec0f7-a1ee-48bf-b766-fa49bc3bf034 c6c94f6a125149239874eb0ca7056da1 357c16f4e9494ce8a1656b5212311bf9 - - -] volume service is down. (host: rack03-server59@lvm-1)
2022-07-28 21:53:27.907 7 WARNING cinder.scheduler.host_manager [req-a4347720-7159-423c-ab9f-1bf4f47761f9 82d2865485a044548f022733107255fe 441f3d8260814b92a7fd3f3683ce6939 - - -] volume service is down. (host: rack03-server59@lvm-1)
2022-07-28 21:53:30.257 7 WARNING cinder.scheduler.host_manager [req-448f9b48-ec54-4287-8a0b-5bafa782e843 82d2865485a044548f022733107255fe 441f3d8260814b92a7fd3f3683ce6939 - - -] volume service is down. (host: rack03-server59@lvm-1)
2022-07-28 21:53:32.884 7 WARNING cinder.scheduler.host_manager [req-331b483c-4605-450e-b3e0-d6b1361a98d1 82d2865485a044548f022733107255fe 441f3d8260814b92a7fd3f3683ce6939 - - -] volume service is down. (host: rack03-server59@lvm-1)
2022-07-28 21:53:36.429 7 WARNING cinder.scheduler.host_manager [req-5409f928-9ffd-4051-a982-91bfb9be6dd3 82d2865485a044548f022733107255fe 441f3d8260814b92a7fd3f3683ce6939 - - -] volume service is down. (host: rack03-server59@lvm-1)
2022-07-28 21:53:39.973 7 WARNING cinder.scheduler.host_manager [req-bfcb9cf4-1b87-4165-9c68-c0e6b769912d 82d2865485a044548f022733107255fe 441f3d8260814b92a7fd3f3683ce6939 - - -] volume service is down. (host: rack03-server59@lvm-1)
2022-07-28 21:53:40.201 7 WARNING cinder.scheduler.host_manager [req-dfc53df4-98d4-4f89-ae9b-b5e234ba8bb1 882dbdeba29148e2ac3babda6e443612 6ab5b2bd21934cd192e2146d6c2bf01e - - -] volume service is down. (host: rack03-server59@lvm-1)
2022-07-28 21:53:40.208 7 WARNING cinder.scheduler.host_manager [req-dfc53df4-98d4-4f89-ae9b-b5e234ba8bb1 882dbdeba29148e2ac3babda6e443612 6ab5b2bd21934cd192e2146d6c2bf01e - - -] volume service is down. (host: rack03-server59@lvm-1)
2022-07-28 21:53:41.685 7 WARNING cinder.scheduler.host_manager [req-b5a00998-def7-4611-a84e-15f1c89b56e0 882dbdeba29148e2ac3babda6e443612 6ab5b2bd21934cd192e2146d6c2bf01e - - -] volume service is down. (host: rack03-server59@lvm-1)
2022-07-28 21:53:43.564 7 WARNING cinder.scheduler.host_manager [req-c6f7b499-09a7-41a7-9eff-34c708997d53 82d2865485a044548f022733107255fe 441f3d8260814b92a7fd3f3683ce6939 - - -] volume service is down. (host: rack03-server59@lvm-1)
2022-07-28 21:53:46.378 7 WARNING cinder.scheduler.host_manager [req-8f0202b4-bd27-4906-b912-d94e77089da1 882dbdeba29148e2ac3babda6e443612 6ab5b2bd21934cd192e2146d6c2bf01e - - -] volume service is down. (host: rack03-server59@lvm-1)
2022-07-28 21:53:51.378 7 WARNING cinder.scheduler.host_manager [req-9983f76a-55f7-40d5-9b0a-60ad4edb6524 54a6bf193611457d8fca7c26080a793d 1120054c341843e08f831f2012c71af3 - - -] volume service is down. (host: rack03-server59@lvm-1)
2022-07-28 21:53:52.096 7 WARNING cinder.scheduler.host_manager [req-dbc3b3f7-5a31-4181-b38c-859d1a14e8b6 882dbdeba29148e2ac3babda6e443612 6ab5b2bd21934cd192e2146d6c2bf01e - - -] volume service is down. (host: rack03-server59@lvm-1)
2022-07-28 21:53:52.103 7 WARNING cinder.scheduler.host_manager [req-dbc3b3f7-5a31-4181-b38c-859d1a14e8b6 882dbdeba29148e2ac3babda6e443612 6ab5b2bd21934cd192e2146d6c2bf01e - - -] volume service is down. (host: rack03-server59@lvm-1)
2022-07-28 21:53:53.532 7 WARNING cinder.scheduler.host_manager [req-d84001a3-1c9b-4d5b-af97-87f095879afa 882dbdeba29148e2ac3babda6e443612 6ab5b2bd21934cd192e2146d6c2bf01e - - -] volume service is down. (host: rack03-server59@lvm-1)
2022-07-28 21:53:56.105 7 WARNING cinder.scheduler.host_manager [req-0e2b29e5-1e0d-48d8-b025-d0727e77b75e 882dbdeba29148e2ac3babda6e443612 6ab5b2bd21934cd192e2146d6c2bf01e - - -] volume service is down. (host: rack03-server59@lvm-1)
2022-07-28 21:53:59.924 7 WARNING cinder.scheduler.host_manager [req-2d90b669-cb90-4b2b-bdda-651d0ed38775 6d7386e7648741e3999e0dea655d1da7 2933be5d833f4383854a06be4e34228b - - -] volume service is down. (host: rack03-server59@lvm-1)
2022-07-28 21:54:05.544 7 WARNING cinder.scheduler.host_manager [req-332622af-e86b-440f-9354-82c015b34eb9 d21ca35687aa4a54a3fafa9d6bfcc99f 3a28135144144ef9806b5b7584086894 - - -] volume service is down. (host: rack03-server59@lvm-1)
2022-07-28 21:54:09.402 7 WARNING cinder.scheduler.host_manager [req-0db3b4b8-38f5-41d3-9ae0-2615cabf9452 882dbdeba29148e2ac3babda6e443612 6ab5b2bd21934cd192e2146d6c2bf01e - - -] volume service is down. (host: rack03-server59@lvm-1)
2022-07-28 21:54:09.410 7 WARNING cinder.scheduler.host_manager [req-0db3b4b8-38f5-41d3-9ae0-2615cabf9452 882dbdeba29148e2ac3babda6e443612 6ab5b2bd21934cd192e2146d6c2bf01e - - -] volume service is down. (host: rack03-server59@lvm-1)
2022-07-28 21:54:10.835 7 WARNING cinder.scheduler.host_manager [req-65a8ff66-0093-428d-84da-70d1e1a74b7d 882dbdeba29148e2ac3babda6e443612 6ab5b2bd21934cd192e2146d6c2bf01e - - -] volume service is down. (host: rack03-server59@lvm-1)
2022-07-28 21:54:15.790 7 WARNING cinder.scheduler.host_manager [req-107d6557-132b-4e01-acec-17cbfff733e4 bc20dd5996b74d1bafc1bf6d3ba473c6 27f95d6aea174a21a883031da7340988 - - -] volume service is down. (host: rack03-server59@lvm-1)
2022-07-28 21:54:18.283 7 WARNING cinder.scheduler.host_manager [req-b5a66e56-dfa7-4e7e-86b4-e18f5c493001 bc20dd5996b74d1bafc1bf6d3ba473c6 27f95d6aea174a21a883031da7340988 - - -] volume service is down. (host: rack03-server59@lvm-1)
2022-07-28 21:54:29.565 7 WARNING cinder.scheduler.host_manager [req-4089607b-3ed9-4be4-87c8-2006a9ae3f00 fd78cfcfae6d4bc59173d90dd4ada4f5 6a41d48d0af14d6ba474b80c555a25d9 - - -] volume service is down. (host: rack03-server59@lvm-1)
2022-07-28 21:54:29.572 7 WARNING cinder.scheduler.host_manager [req-4089607b-3ed9-4be4-87c8-2006a9ae3f00 fd78cfcfae6d4bc59173d90dd4ada4f5 6a41d48d0af14d6ba474b80c555a25d9 - - -] volume service is down. (host: rack03-server59@lvm-1)
2022-07-28 21:54:37.397 7 WARNING cinder.scheduler.host_manager [req-60beab39-d1c3-45c2-93e2-ddd7e86d324e 9e4bfb4d4b304614aa7ed769d0d9d21a cb41909a50ce4d678252cc7db4c4ce69 - - -] volume service is down. (host: rack03-server59@lvm-1)
2022-07-28 21:54:43.057 7 WARNING cinder.scheduler.host_manager [req-ccc7a1f3-c031-4a73-a5c1-eaeb3e94cb2f 9e4bfb4d4b304614aa7ed769d0d9d21a cb41909a50ce4d678252cc7db4c4ce69 - - -] volume service is down. (host: rack03-server59@lvm-1)
2022-07-28 21:54:46.809 7 WARNING cinder.scheduler.host_manager [req-019082ed-4866-4a3d-9ba8-b626a930df2e 9e4bfb4d4b304614aa7ed769d0d9d21a cb41909a50ce4d678252cc7db4c4ce69 - - -] volume service is down. (host: rack03-server59@lvm-1)
2022-07-28 21:54:50.506 7 WARNING cinder.scheduler.host_manager [req-214f386e-d23f-4d18-b7bc-2ee8e315d8a9 9e4bfb4d4b304614aa7ed769d0d9d21a cb41909a50ce4d678252cc7db4c4ce69 - - -] volume service is down. (host: rack03-server59@lvm-1)
2022-07-28 21:54:53.384 7 WARNING cinder.scheduler.host_manager [req-a2769977-cb53-493f-a908-bce524bf0369 be33566162984bc49362279998fe53b1 72f2bd072e89471a9edccde262d11ef9 - - -] volume service is down. (host: rack03-server59@lvm-1)
2022-07-28 21:54:54.178 7 WARNING cinder.scheduler.host_manager [req-48685709-52dc-44d6-8a3a-d70503ed2df2 9e4bfb4d4b304614aa7ed769d0d9d21a cb41909a50ce4d678252cc7db4c4ce69 - - -] volume service is down. (host: rack03-server59@lvm-1)
2022-07-28 21:54:57.057 7 WARNING cinder.scheduler.host_manager [req-65faac4f-121b-45f9-9775-fecfa20d813a be33566162984bc49362279998fe53b1 72f2bd072e89471a9edccde262d11ef9 - - -] volume service is down. (host: rack03-server59@lvm-1)
2022-07-28 21:54:57.901 7 WARNING cinder.scheduler.host_manager [req-e27c4914-0d99-457d-92af-adbf0deb376b 9e4bfb4d4b304614aa7ed769d0d9d21a cb41909a50ce4d678252cc7db4c4ce69 - - -] volume service is down. (host: rack03-server59@lvm-1)
2022-07-28 21:55:04.791 7 WARNING cinder.scheduler.host_manager [req-8c73b2b9-df6c-435e-a092-e8720f208424 54a6bf193611457d8fca7c26080a793d 1120054c341843e08f831f2012c71af3 - - -] volume service is down. (host: rack03-server59@lvm-1)
2022-07-28 21:55:06.589 7 WARNING cinder.scheduler.host_manager [req-4e180e22-ecd1-434d-a26e-e8f7d2623a1f 107a63539e1d44698a021bdee1369ed2 0311d4d0264a48789d0c94a06330f2ee - - -] volume service is down. (host: rack03-server59@lvm-1)
2022-07-28 21:55:08.902 7 WARNING cinder.scheduler.host_manager [req-c3c7647d-e4b0-4c48-9c41-cc5163163c41 107a63539e1d44698a021bdee1369ed2 0311d4d0264a48789d0c94a06330f2ee - - -] volume service is down. (host: rack03-server59@lvm-1)
2022-07-28 21:55:21.932 7 WARNING cinder.scheduler.host_manager [req-077bdcca-71b5-4670-bfc5-23c30ff0a51b e06a2b9f02ca4b98bd980616303fafb2 e18ced47c0734b2ca72636216af36190 - - -] volume service is down. (host: rack03-server59@lvm-1)
2022-07-28 21:55:24.503 7 WARNING cinder.scheduler.host_manager [req-f8090b7a-311b-4d87-b98c-1990400dc548 54a6bf193611457d8fca7c26080a793d 1120054c341843e08f831f2012c71af3 - - -] volume service is down. (host: rack03-server59@lvm-1)
2022-07-28 21:55:28.965 7 WARNING cinder.scheduler.host_manager [req-ca96d6e5-a30f-437f-bc6c-4fa24b4db535 f3625c3ba940443fa2bd0b10e9e41324 cabc7f08a4a941f283b4b992d5dfa8df - - -] volume service is down. (host: rack03-server59@lvm-1)
2022-07-28 21:55:30.222 7 WARNING cinder.scheduler.host_manager [req-90bd2a23-6de2-456e-a483-56c9bc77b4a8 91f6ed1629934e0fa978c2ec8fcc6e25 cc9acb1535ea4486b01390bdb68917ac - - -] volume service is down. (host: rack03-server59@lvm-1)
2022-07-28 21:55:32.703 7 WARNING cinder.scheduler.host_manager [req-6a3d1364-1045-4bed-8023-b355472183c4 91f6ed1629934e0fa978c2ec8fcc6e25 cc9acb1535ea4486b01390bdb68917ac - - -] volume service is down. (host: rack03-server59@lvm-1)
2022-07-28 21:55:35.228 7 WARNING cinder.scheduler.host_manager [req-16f28470-d1c4-4d93-8588-efc39d44e615 91f6ed1629934e0fa978c2ec8fcc6e25 cc9acb1535ea4486b01390bdb68917ac - - -] volume service is down. (host: rack03-server59@lvm-1)
2022-07-28 21:55:36.320 7 WARNING cinder.scheduler.host_manager [req-d58e35c3-6a7a-40ce-843d-0e472f0c1f19 71fdeca80c834d17b2c8725f85407eba 4dcd10de315f4d738d14224f3e6fbb10 - - -] volume service is down. (host: rack03-server59@lvm-1)
2022-07-28 21:55:38.012 7 WARNING cinder.scheduler.host_manager [req-0fd3fe8c-ccf9-44e7-9afa-c84e7841489d fcdf5b12df994d63877ad2dcd547cb58 16587b9ac8c64a0da783596dc0372733 - - -] volume service is down. (host: rack03-server59@lvm-1)
2022-07-28 21:55:39.782 7 WARNING cinder.scheduler.host_manager [req-c30cdbcd-3daf-44ff-bdf8-558887bd8bc8 a86953a91d4a46a7b9cb5f70a60a277e 48c80bf65b0340b5b386c81fadb1ccac - - -] volume service is down. (host: rack03-server59@lvm-1)
2022-07-28 21:55:42.223 7 WARNING cinder.scheduler.host_manager [req-e3ed9131-e05e-4204-8364-015fbe4a70da a86953a91d4a46a7b9cb5f70a60a277e 48c80bf65b0340b5b386c81fadb1ccac - - -] volume service is down. (host: rack03-server59@lvm-1)
2022-07-28 21:55:50.449 7 WARNING cinder.scheduler.host_manager [req-cb18fdb4-ea08-4e14-8167-413f95c8134a 26fa96fd42b84ac5926d18a3dfbf53cc 0c4692fa0d30483c8bd0085e270f1307 - - -] volume service is down. (host: rack03-server59@lvm-1)
2022-07-28 21:55:52.520 7 WARNING cinder.scheduler.host_manager [req-8a3b342b-f547-4e8d-a220-80560d47fea4 71fdeca80c834d17b2c8725f85407eba 4dcd10de315f4d738d14224f3e6fbb10 - - -] volume service is down. (host: rack03-server59@lvm-1)
2022-07-28 21:55:52.755 7 WARNING cinder.scheduler.host_manager [req-5b42a865-f5a1-47aa-a35c-bacfb7aa3125 26fa96fd42b84ac5926d18a3dfbf53cc 0c4692fa0d30483c8bd0085e270f1307 - - -] volume service is down. (host: rack03-server59@lvm-1)
2022-07-28 21:55:53.709 7 WARNING cinder.scheduler.host_manager [req-54e6b46a-7b44-49a5-a1f4-f20229ea7f6f 1ad552753f3941d880d14a99ae9c77f8 e1bafbc6576849ff9f97a43850f97868 - - -] volume service is down. (host: rack03-server59@lvm-1)
2022-07-28 21:55:53.751 7 WARNING cinder.scheduler.host_manager [req-610ee677-e0e6-4387-a923-c51fb493d438 1ad552753f3941d880d14a99ae9c77f8 e1bafbc6576849ff9f97a43850f97868 - - -] volume service is down. (host: rack03-server59@lvm-1)
2022-07-28 21:55:55.008 7 WARNING cinder.scheduler.host_manager [req-4a5b36c7-9cc2-4717-b431-c023f898bb47 26fa96fd42b84ac5926d18a3dfbf53cc 0c4692fa0d30483c8bd0085e270f1307 - - -] volume service is down. (host: rack03-server59@lvm-1)
2022-07-28 21:55:56.072 7 WARNING cinder.scheduler.host_manager [req-7f086048-cf12-4593-8c36-66814d9260b4 71fdeca80c834d17b2c8725f85407eba 4dcd10de315f4d738d14224f3e6fbb10 - - -] volume service is down. (host: rack03-server59@lvm-1)
2022-07-28 21:55:58.566 7 WARNING cinder.scheduler.host_manager [req-4b2c2e83-5a86-4f34-9a89-6459cb6500c9 71fdeca80c834d17b2c8725f85407eba 4dcd10de315f4d738d14224f3e6fbb10 - - -] volume service is down. (host: rack03-server59@lvm-1)
2022-07-28 21:55:58.644 7 WARNING cinder.scheduler.host_manager [req-446b9e22-5135-4a44-b9d9-60e5ce984872 26fa96fd42b84ac5926d18a3dfbf53cc 0c4692fa0d30483c8bd0085e270f1307 - - -] volume service is down. (host: rack03-server59@lvm-1)
2022-07-28 21:55:59.055 7 WARNING cinder.scheduler.host_manager [req-59df9706-1bfa-4283-876e-f0963602f11b 87b2e7938a924b49a3900be490d8be5d 88726e606db44b52b7ab88f990db421d - - -] volume service is down. (host: rack03-server59@lvm-1)
2022-07-28 21:55:59.061 7 WARNING cinder.scheduler.host_manager [req-59df9706-1bfa-4283-876e-f0963602f11b 87b2e7938a924b49a3900be490d8be5d 88726e606db44b52b7ab88f990db421d - - -] volume service is down. (host: rack03-server59@lvm-1)
2022-07-28 21:56:00.502 7 WARNING cinder.scheduler.host_manager [req-9d9e8ec5-e8d4-440d-9883-c77c060addd5 87b2e7938a924b49a3900be490d8be5d 88726e606db44b52b7ab88f990db421d - - -] volume service is down. (host: rack03-server59@lvm-1)
2022-07-28 21:56:00.947 7 WARNING cinder.scheduler.host_manager [req-bdcd01f1-0ab1-4669-b4c3-678e5b26cee9 26fa96fd42b84ac5926d18a3dfbf53cc 0c4692fa0d30483c8bd0085e270f1307 - - -] volume service is down. (host: rack03-server59@lvm-1)
2022-07-28 21:56:03.834 7 WARNING cinder.scheduler.host_manager [req-eb7e5792-675f-47f1-ae6f-f1c228c5423a 26fa96fd42b84ac5926d18a3dfbf53cc 0c4692fa0d30483c8bd0085e270f1307 - - -] volume service is down. (host: rack03-server59@lvm-1)
2022-07-28 21:56:11.701 7 WARNING cinder.scheduler.host_manager [req-6b8f82ec-51a8-4850-815b-ffef9e649534 0ecbccc4a1784ab282b573eb4abe30d0 88debcfb704c4e1d8c1f42b9b507afb5 - - -] volume service is down. (host: rack03-server59@lvm-1)
2022-07-28 21:56:15.173 7 WARNING cinder.scheduler.host_manager [req-75e755d5-5d47-4caa-ba69-59798f10350f 3124d191c9e44bfea578bb91107783da 03c634d6f79d43d1b17fdc40066d42c2 - - -] volume service is down. (host: rack03-server59@lvm-1)
2022-07-28 21:56:18.934 7 WARNING cinder.scheduler.host_manager [req-13185dc1-09ea-4280-a85a-e58f459c229c 79cc7125493f4deaa59554e4ac3fb1d0 6c103719a4834330ae89d7f406b1784a - - -] volume service is down. (host: rack03-server59@lvm-1)
2022-07-28 21:56:18.941 7 WARNING cinder.scheduler.host_manager [req-13185dc1-09ea-4280-a85a-e58f459c229c 79cc7125493f4deaa59554e4ac3fb1d0 6c103719a4834330ae89d7f406b1784a - - -] volume service is down. (host: rack03-server59@lvm-1)
2022-07-28 21:56:19.959 7 WARNING cinder.scheduler.host_manager [req-54d503bc-4fb0-483a-8e41-93fbf47169d6 3124d191c9e44bfea578bb91107783da 03c634d6f79d43d1b17fdc40066d42c2 - - -] volume service is down. (host: rack03-server59@lvm-1)
2022-07-28 21:56:20.136 7 WARNING cinder.scheduler.host_manager [req-cebf844b-4ee9-4ab3-88c1-69c00a8fcfa9 79cc7125493f4deaa59554e4ac3fb1d0 6c103719a4834330ae89d7f406b1784a - - -] volume service is down. (host: rack03-server59@lvm-1)
2022-07-28 21:56:20.144 7 WARNING cinder.scheduler.host_manager [req-cebf844b-4ee9-4ab3-88c1-69c00a8fcfa9 79cc7125493f4deaa59554e4ac3fb1d0 6c103719a4834330ae89d7f406b1784a - - -] volume service is down. (host: rack03-server59@lvm-1)
2022-07-28 21:56:20.784 7 WARNING cinder.scheduler.host_manager [req-feaf0b77-7a0e-4a41-a3bd-e154318ef0e0 0ecbccc4a1784ab282b573eb4abe30d0 88debcfb704c4e1d8c1f42b9b507afb5 - - -] volume service is down. (host: rack03-server59@lvm-1)
2022-07-28 21:56:21.587 7 WARNING cinder.scheduler.host_manager [req-ec419be6-29b9-4acc-b178-e605b8762f2c 79cc7125493f4deaa59554e4ac3fb1d0 6c103719a4834330ae89d7f406b1784a - - -] volume service is down. (host: rack03-server59@lvm-1)
2022-07-28 21:56:26.861 7 WARNING cinder.scheduler.host_manager [req-41743853-39ea-466c-8060-b1b705e795e4 79cc7125493f4deaa59554e4ac3fb1d0 6c103719a4834330ae89d7f406b1784a - - -] volume service is down. (host: rack03-server59@lvm-1)
2022-07-28 21:56:26.873 7 WARNING cinder.scheduler.host_manager [req-41743853-39ea-466c-8060-b1b705e795e4 79cc7125493f4deaa59554e4ac3fb1d0 6c103719a4834330ae89d7f406b1784a - - -] volume service is down. (host: rack03-server59@lvm-1)
2022-07-28 21:56:28.269 7 WARNING cinder.scheduler.host_manager [req-b30ffc8d-bad1-4af7-b4f7-e50e6670adcb 79cc7125493f4deaa59554e4ac3fb1d0 6c103719a4834330ae89d7f406b1784a - - -] volume service is down. (host: rack03-server59@lvm-1)
2022-07-28 21:56:30.626 7 WARNING cinder.scheduler.host_manager [req-6a256718-a09a-44c0-aa09-47dd67f94f20 e017a0f7f37c4ba99b2ad4cf274ebf96 5db30a4634124b84869fa973c3840297 - - -] volume service is down. (host: rack03-server59@lvm-1)
2022-07-28 21:56:30.652 7 WARNING cinder.scheduler.host_manager [req-341505d1-79ae-4a0f-9256-f88787e6db1c 550e8f0d6f554946afba8d9f1ed2046b ac97f32d58b5493282d00eed4790c56a - - -] volume service is down. (host: rack03-server59@lvm-1)
2022-07-28 21:56:30.771 7 WARNING cinder.scheduler.host_manager [req-173bd1fa-e383-4178-9b20-491c45e75660 79cc7125493f4deaa59554e4ac3fb1d0 6c103719a4834330ae89d7f406b1784a - - -] volume service is down. (host: rack03-server59@lvm-1)
2022-07-28 21:56:32.044 7 WARNING cinder.scheduler.host_manager [req-acdd94f6-d48c-41e5-9c09-a31b595130f5 550e8f0d6f554946afba8d9f1ed2046b ac97f32d58b5493282d00eed4790c56a - - -] volume service is down. (host: rack03-server59@lvm-1)
2022-07-28 21:56:34.179 7 WARNING cinder.scheduler.host_manager [req-994fe9a1-8edb-4a74-8166-01ee3d1a70d7 e017a0f7f37c4ba99b2ad4cf274ebf96 5db30a4634124b84869fa973c3840297 - - -] volume service is down. (host: rack03-server59@lvm-1)
2022-07-28 21:56:34.536 7 WARNING cinder.scheduler.host_manager [req-c601e1a5-3ec4-4da1-b767-9d966155d267 550e8f0d6f554946afba8d9f1ed2046b ac97f32d58b5493282d00eed4790c56a - - -] volume service is down. (host: rack03-server59@lvm-1)
2022-07-28 21:56:40.704 7 WARNING cinder.scheduler.host_manager [req-43b59921-72f9-42bb-93f1-0b655bc4c339 b9a389ecaec94ac4b168473992cfe2d4 96cfdfaf37be4b3a8f7c56d57e4a4a0f - - -] volume service is down. (host: rack03-server59@lvm-1)
2022-07-28 21:56:42.621 7 WARNING cinder.scheduler.host_manager [req-0e9515f3-a4f2-4dcf-a6af-9144479f42af 9be08cfd8224445780769fedaf9af2de 80c9d922b0c4453487206b6846d1cb86 - - -] volume service is down. (host: rack03-server59@lvm-1)
2022-07-28 21:56:42.628 7 WARNING cinder.scheduler.host_manager [req-0e9515f3-a4f2-4dcf-a6af-9144479f42af 9be08cfd8224445780769fedaf9af2de 80c9d922b0c4453487206b6846d1cb86 - - -] volume service is down. (host: rack03-server59@lvm-1)
2022-07-28 21:56:44.062 7 WARNING cinder.scheduler.host_manager [req-47bae8f2-e68f-49cd-b410-61eeb00bc782 9be08cfd8224445780769fedaf9af2de 80c9d922b0c4453487206b6846d1cb86 - - -] volume service is down. (host: rack03-server59@lvm-1)
2022-07-28 21:56:45.173 7 WARNING cinder.scheduler.host_manager [req-dddf6bf6-9bcc-4b2b-aec8-a7269e5e79fd a232122b39944ec0b019c9d345d3d851 7993951e1cf44789bc5be24e89a78f7a - - -] volume service is down. (host: rack03-server59@lvm-1)
2022-07-28 21:56:46.423 7 WARNING cinder.scheduler.host_manager [req-59f39fab-6a46-4bd3-a230-3a72479a0a00 9be08cfd8224445780769fedaf9af2de 80c9d922b0c4453487206b6846d1cb86 - - -] volume service is down. (host: rack03-server59@lvm-1)
2022-07-28 21:56:57.541 7 WARNING cinder.scheduler.host_manager [req-f63c3d43-2642-4044-a827-da8984f84b31 18b16445777246e4a29f974eb3c4b4ef 701a5900eb854c9587d078a7e4ee4965 - - -] volume service is down. (host: rack03-server59@lvm-1)
2022-07-28 21:56:57.542 7 INFO cinder.scheduler.base_filter [req-f63c3d43-2642-4044-a827-da8984f84b31 18b16445777246e4a29f974eb3c4b4ef 701a5900eb854c9587d078a7e4ee4965 - - -] Filtering removed all hosts for the request with volume ID '952410bc-55fa-4729-a81b-dcd242fd3a06'. Filter results: AvailabilityZoneFilter: (start: 1, end: 1), CapacityFilter: (start: 1, end: 1), CapabilitiesFilter: (start: 1, end: 0)
2022-07-28 21:56:57.542 7 WARNING cinder.scheduler.filter_scheduler [req-f63c3d43-2642-4044-a827-da8984f84b31 18b16445777246e4a29f974eb3c4b4ef 701a5900eb854c9587d078a7e4ee4965 - - -] No weighed backend found for volume with properties: {'id': '9e442746-4f34-4a46-8dfa-f3cc8d87ecc9', 'name': 'tempest-UserMessagesTest-volume-type-1312018896', 'description': None, 'is_public': True, 'projects': [], 'extra_specs': {'storage_protocol': 'tempest-storage_protocol-118360195', 'vendor_name': 'tempest-vendor_name-1209727541'}, 'qos_specs_id': None, 'created_at': '2022-07-28T18:56:56.000000', 'updated_at': None, 'deleted_at': None, 'deleted': False}
2022-07-28 21:56:57.543 7 INFO cinder.message.api [req-f63c3d43-2642-4044-a827-da8984f84b31 18b16445777246e4a29f974eb3c4b4ef 701a5900eb854c9587d078a7e4ee4965 - - -] Creating message record for request_id = req-f63c3d43-2642-4044-a827-da8984f84b31
2022-07-28 21:56:57.548 7 ERROR cinder.scheduler.flows.create_volume [req-f63c3d43-2642-4044-a827-da8984f84b31 18b16445777246e4a29f974eb3c4b4ef 701a5900eb854c9587d078a7e4ee4965 - - -] Failed to run task cinder.scheduler.flows.create_volume.ScheduleCreateVolumeTask;volume:create: No valid backend was found. No weighed backends available: cinder.exception.NoValidBackend: No valid backend was found. No weighed backends available
2022-07-28 21:56:59.531 7 WARNING cinder.scheduler.host_manager [req-c2c614b3-3db0-4e96-a983-25ac55353dc9 18b16445777246e4a29f974eb3c4b4ef 701a5900eb854c9587d078a7e4ee4965 - - -] volume service is down. (host: rack03-server59@lvm-1)
2022-07-28 21:56:59.532 7 INFO cinder.scheduler.base_filter [req-c2c614b3-3db0-4e96-a983-25ac55353dc9 18b16445777246e4a29f974eb3c4b4ef 701a5900eb854c9587d078a7e4ee4965 - - -] Filtering removed all hosts for the request with volume ID '68de9c46-304d-41be-a1ff-d53be5eda09e'. Filter results: AvailabilityZoneFilter: (start: 1, end: 1), CapacityFilter: (start: 1, end: 1), CapabilitiesFilter: (start: 1, end: 0)
2022-07-28 21:56:59.533 7 WARNING cinder.scheduler.filter_scheduler [req-c2c614b3-3db0-4e96-a983-25ac55353dc9 18b16445777246e4a29f974eb3c4b4ef 701a5900eb854c9587d078a7e4ee4965 - - -] No weighed backend found for volume with properties: {'id': '24f13400-2788-45eb-a486-ebe0764580cc', 'name': 'tempest-UserMessagesTest-volume-type-1399517526', 'description': None, 'is_public': True, 'projects': [], 'extra_specs': {'storage_protocol': 'tempest-storage_protocol-1463550419', 'vendor_name': 'tempest-vendor_name-1060397944'}, 'qos_specs_id': None, 'created_at': '2022-07-28T18:56:58.000000', 'updated_at': None, 'deleted_at': None, 'deleted': False}
2022-07-28 21:56:59.533 7 INFO cinder.message.api [req-c2c614b3-3db0-4e96-a983-25ac55353dc9 18b16445777246e4a29f974eb3c4b4ef 701a5900eb854c9587d078a7e4ee4965 - - -] Creating message record for request_id = req-c2c614b3-3db0-4e96-a983-25ac55353dc9
2022-07-28 21:56:59.538 7 ERROR cinder.scheduler.flows.create_volume [req-c2c614b3-3db0-4e96-a983-25ac55353dc9 18b16445777246e4a29f974eb3c4b4ef 701a5900eb854c9587d078a7e4ee4965 - - -] Failed to run task cinder.scheduler.flows.create_volume.ScheduleCreateVolumeTask;volume:create: No valid backend was found. No weighed backends available: cinder.exception.NoValidBackend: No valid backend was found. No weighed backends available
2022-07-28 21:57:00.426 7 WARNING cinder.scheduler.host_manager [req-e934ff58-fd91-46c1-8433-4d24e6bb1e93 7237c19be8164e8b9dc038de4b552810 999c82d9b820426abbb7725263d70670 - - -] volume service is down. (host: rack03-server59@lvm-1)
2022-07-28 21:57:06.779 7 WARNING cinder.scheduler.host_manager [req-33ac6ec5-1930-4cd3-a4ce-a5754b85145e 7c94db9fa1e741eda287f7629bd16da3 19bea5d59d774759b2f01188d46ff76d - - -] volume service is down. (host: rack03-server59@lvm-1)
2022-07-28 21:57:09.119 7 WARNING cinder.scheduler.host_manager [req-c36350b7-ad1b-42fd-ae6a-ea5384f0cc20 7237c19be8164e8b9dc038de4b552810 999c82d9b820426abbb7725263d70670 - - -] volume service is down. (host: rack03-server59@lvm-1)
2022-07-28 21:57:16.009 7 WARNING cinder.scheduler.host_manager [req-f58d27a5-0969-48fa-b55a-90b3fe232ef6 55cda4442611457aa2748b662969f6ef b159c79079e14bb6868d9d3f367e0470 - - -] volume service is down. (host: rack03-server59@lvm-1)
2022-07-28 21:57:18.156 7 WARNING cinder.scheduler.host_manager [req-54756b4a-8c5d-45d3-b831-85c9cf818597 1920d2b88a184c05ad3daf5b7abf63c5 a622a7e6772d4b20abf4916298256e01 - - -] volume service is down. (host: rack03-server59@lvm-1)
2022-07-28 21:57:18.325 7 WARNING cinder.scheduler.host_manager [req-f6df9291-ba9f-4138-aae0-11df932228a2 55cda4442611457aa2748b662969f6ef b159c79079e14bb6868d9d3f367e0470 - - -] volume service is down. (host: rack03-server59@lvm-1)
2022-07-28 21:57:27.774 7 WARNING cinder.scheduler.host_manager [req-bee7ad8d-a032-41e3-996f-36f80cbf5d0a 7237c19be8164e8b9dc038de4b552810 999c82d9b820426abbb7725263d70670 - - -] volume service is down. (host: rack03-server59@lvm-1)
2022-07-28 21:57:30.054 7 WARNING cinder.scheduler.host_manager [req-474e3abe-c07b-4e8c-b8ae-dbdd1cf6c355 7237c19be8164e8b9dc038de4b552810 999c82d9b820426abbb7725263d70670 - - -] volume service is down. (host: rack03-server59@lvm-1)
2022-07-28 21:57:31.020 7 WARNING cinder.scheduler.host_manager [req-f586c980-cad9-4d49-b63e-26cfb6a64030 1920d2b88a184c05ad3daf5b7abf63c5 a622a7e6772d4b20abf4916298256e01 - - -] volume service is down. (host: rack03-server59@lvm-1)
2022-07-28 21:57:32.302 7 WARNING cinder.scheduler.host_manager [req-254aea3b-c410-4c38-ba15-81578d65796f 7237c19be8164e8b9dc038de4b552810 999c82d9b820426abbb7725263d70670 - - -] volume service is down. (host: rack03-server59@lvm-1)
2022-07-28 21:57:32.470 7 WARNING cinder.scheduler.host_manager [req-9a440f44-6f41-4d75-9961-0c88730e35e4 1920d2b88a184c05ad3daf5b7abf63c5 a622a7e6772d4b20abf4916298256e01 - - -] volume service is down. (host: rack03-server59@lvm-1)
2022-07-28 21:57:34.774 7 WARNING cinder.scheduler.host_manager [req-9455d50c-d05b-4aa3-9113-e3526d08e7f6 1920d2b88a184c05ad3daf5b7abf63c5 a622a7e6772d4b20abf4916298256e01 - - -] volume service is down. (host: rack03-server59@lvm-1)
2022-07-28 21:57:36.193 7 WARNING cinder.scheduler.host_manager [req-ea5e1281-4019-4a38-922f-174ac229e1d1 e92a0830f44942dd864d4622368d38d9 db5d57566bde4e3caa0564eb862aac50 - - -] volume service is down. (host: rack03-server59@lvm-1)
2022-07-28 21:57:37.032 7 WARNING cinder.scheduler.host_manager [req-3b476eba-9139-48ba-9718-7101c5a10631 1920d2b88a184c05ad3daf5b7abf63c5 a622a7e6772d4b20abf4916298256e01 - - -] volume service is down. (host: rack03-server59@lvm-1)
2022-07-28 21:57:41.602 7 WARNING cinder.scheduler.host_manager [req-2f911f18-512d-4093-864a-6f0dac115e8b 7237c19be8164e8b9dc038de4b552810 999c82d9b820426abbb7725263d70670 - - -] volume service is down. (host: rack03-server59@lvm-1)
2022-07-28 21:57:44.920 7 WARNING cinder.scheduler.host_manager [req-372d2b20-37c7-443a-b1e7-ce6902a6ef93 e74f9cfeddb1425caa1fbfc8ce2e6e67 808868bae65f4c2c8f872508b45d2258 - - -] volume service is down. (host: rack03-server59@lvm-1)
2022-07-28 21:57:45.114 7 WARNING cinder.scheduler.host_manager [req-314440ff-a31b-43e4-8e69-c93815a4d1f1 7237c19be8164e8b9dc038de4b552810 999c82d9b820426abbb7725263d70670 - - -] volume service is down. (host: rack03-server59@lvm-1)
2022-07-28 21:57:47.553 7 WARNING cinder.scheduler.host_manager [req-590ace9d-ec2c-4c0a-8ba4-a12d1984d325 e74f9cfeddb1425caa1fbfc8ce2e6e67 808868bae65f4c2c8f872508b45d2258 - - -] volume service is down. (host: rack03-server59@lvm-1)
2022-07-28 21:57:52.670 7 WARNING cinder.scheduler.host_manager [req-2d5d9b51-2276-435a-944b-9731a0669312 e74f9cfeddb1425caa1fbfc8ce2e6e67 808868bae65f4c2c8f872508b45d2258 - - -] volume service is down. (host: rack03-server59@lvm-1)
2022-07-28 21:57:54.125 7 WARNING cinder.scheduler.host_manager [req-4c9a1647-c686-4dbf-a257-ee3f86df08b4 7237c19be8164e8b9dc038de4b552810 999c82d9b820426abbb7725263d70670 - - -] volume service is down. (host: rack03-server59@lvm-1)
2022-07-28 21:57:55.136 7 WARNING cinder.scheduler.host_manager [req-5558d8f2-17af-4329-b70d-4d54346aa4da e74f9cfeddb1425caa1fbfc8ce2e6e67 808868bae65f4c2c8f872508b45d2258 - - -] volume service is down. (host: rack03-server59@lvm-1)
2022-07-28 21:57:56.394 7 WARNING cinder.scheduler.host_manager [req-ce8e986e-cd1a-4292-b0b3-3e993e730da5 7237c19be8164e8b9dc038de4b552810 999c82d9b820426abbb7725263d70670 - - -] volume service is down. (host: rack03-server59@lvm-1)
2022-07-28 21:57:56.745 7 WARNING cinder.scheduler.host_manager [req-9ce68162-6e81-4aec-b845-95f9f3bef98c 8a8b9c507efb40c9b82c87449e8a89c0 9510e7b9b0c541d2a38089074650dd21 - - -] volume service is down. (host: rack03-server59@lvm-1)
2022-07-28 21:57:58.832 7 WARNING cinder.scheduler.host_manager [req-cca4370c-8060-41a8-ac45-ee0071ecc38f e74f9cfeddb1425caa1fbfc8ce2e6e67 808868bae65f4c2c8f872508b45d2258 - - -] volume service is down. (host: rack03-server59@lvm-1)
2022-07-28 21:58:03.728 7 WARNING cinder.scheduler.host_manager [req-20deb54a-b701-47cd-86f0-a48cc33206f5 e74f9cfeddb1425caa1fbfc8ce2e6e67 808868bae65f4c2c8f872508b45d2258 - - -] volume service is down. (host: rack03-server59@lvm-1)
2022-07-28 21:58:05.792 7 WARNING cinder.scheduler.host_manager [req-64d2437e-5c43-47b2-a5de-fec8f0e2e737 7237c19be8164e8b9dc038de4b552810 999c82d9b820426abbb7725263d70670 - - -] volume service is down. (host: rack03-server59@lvm-1)
2022-07-28 21:58:08.110 7 WARNING cinder.scheduler.host_manager [req-63eee7fb-941f-4d6e-a5e1-7b698e1a06e4 7237c19be8164e8b9dc038de4b552810 999c82d9b820426abbb7725263d70670 - - -] volume service is down. (host: rack03-server59@lvm-1)
2022-07-28 21:58:10.584 7 WARNING cinder.scheduler.host_manager [req-38ee32d3-60f2-4fce-a22d-24c5e323d20c 7237c19be8164e8b9dc038de4b552810 999c82d9b820426abbb7725263d70670 - - -] volume service is down. (host: rack03-server59@lvm-1)
2022-07-28 21:58:14.224 7 WARNING cinder.scheduler.host_manager [req-ea1a9909-bf41-45ad-a36f-bf23231deed9 7237c19be8164e8b9dc038de4b552810 999c82d9b820426abbb7725263d70670 - - -] volume service is down. (host: rack03-server59@lvm-1)
2022-07-28 21:58:16.541 7 WARNING cinder.scheduler.host_manager [req-e6b5cfd1-3e99-496d-9ecc-c08763c7b4ab 7237c19be8164e8b9dc038de4b552810 999c82d9b820426abbb7725263d70670 - - -] volume service is down. (host: rack03-server59@lvm-1)
2022-07-28 21:58:16.989 7 WARNING cinder.scheduler.host_manager [req-51cda596-6e55-421e-b9c2-1fecbf93b961 e74f9cfeddb1425caa1fbfc8ce2e6e67 808868bae65f4c2c8f872508b45d2258 - - -] volume service is down. (host: rack03-server59@lvm-1)
2022-07-28 21:58:19.008 7 WARNING cinder.scheduler.host_manager [req-4275abf2-2713-4b72-9b0b-a816daf2e336 7237c19be8164e8b9dc038de4b552810 999c82d9b820426abbb7725263d70670 - - -] volume service is down. (host: rack03-server59@lvm-1)
2022-07-28 21:58:33.359 7 WARNING cinder.scheduler.host_manager [req-b9510cae-f0cd-4b84-a9aa-caa8d4df05df ac8621aad8b94ddf8571a824859deeb2 46025cc446704fea8d1c2e7ee76bd09f - - -] volume service is down. (host: rack03-server59@lvm-1)
2022-07-28 21:58:35.681 7 WARNING cinder.scheduler.host_manager [req-40225493-2f52-4977-9bc3-dad7b6b46813 ac8621aad8b94ddf8571a824859deeb2 46025cc446704fea8d1c2e7ee76bd09f - - -] volume service is down. (host: rack03-server59@lvm-1)
2022-07-28 21:58:37.945 7 WARNING cinder.scheduler.host_manager [req-db89183b-e23d-462e-8864-c3d06d9ad288 ac8621aad8b94ddf8571a824859deeb2 46025cc446704fea8d1c2e7ee76bd09f - - -] volume service is down. (host: rack03-server59@lvm-1)
2022-07-28 21:58:40.220 7 WARNING cinder.scheduler.host_manager [req-20b18368-f69f-4594-aa2f-48e9b1f1c0a4 ac8621aad8b94ddf8571a824859deeb2 46025cc446704fea8d1c2e7ee76bd09f - - -] volume service is down. (host: rack03-server59@lvm-1)
2022-07-28 21:58:50.961 7 WARNING cinder.scheduler.host_manager [req-a6f8be1c-93c0-450a-9f82-f45b39be2526 ceb2df039108487abffc979eb77f8d93 f358153e9a494827affe225a301fc8e2 - - -] volume service is down. (host: rack03-server59@lvm-1)
2022-07-28 21:58:53.281 7 WARNING cinder.scheduler.host_manager [req-3318724e-e88a-4612-9ea8-ec8090126fd0 ceb2df039108487abffc979eb77f8d93 f358153e9a494827affe225a301fc8e2 - - -] volume service is down. (host: rack03-server59@lvm-1)
2022-07-28 21:59:04.862 7 WARNING cinder.scheduler.host_manager [req-8598ad2a-9552-4c99-859e-6fadbea76c66 3c01d85b569e448580c71f3601df46dd a6bb41e8b13642ee9f32cc0668e0b916 - - -] volume service is down. (host: rack03-server59@lvm-1)
2022-07-28 21:59:04.916 7 WARNING cinder.scheduler.host_manager [req-ad943e17-b76c-4234-8a00-cb3a82cc212b d63a1a8e8f074ace891dbb4af8dc4bd9 e6e8439842b44151863fa90c752287b0 - - -] volume service is down. (host: rack03-server59@lvm-1)
2022-07-28 21:59:04.953 7 WARNING cinder.scheduler.host_manager [req-18a64a97-44f4-4404-ab47-6602f90962ab 45b8eafbeb0e472a9cf9f005174d8d26 88251b6413744cb4a5f4c12b516b4d32 - - -] volume service is down. (host: rack03-server59@lvm-1)
2022-07-28 21:59:05.089 7 WARNING cinder.scheduler.host_manager [req-334115b8-1172-4368-ab54-43ac12b765f5 3c01d85b569e448580c71f3601df46dd a6bb41e8b13642ee9f32cc0668e0b916 - - -] volume service is down. (host: rack03-server59@lvm-1)
2022-07-28 21:59:05.349 7 WARNING cinder.scheduler.host_manager [req-beed4fa3-0345-4a8a-aa31-f104d41c89c1 3c01d85b569e448580c71f3601df46dd a6bb41e8b13642ee9f32cc0668e0b916 - - -] volume service is down. (host: rack03-server59@lvm-1)
2022-07-28 21:59:05.600 7 WARNING cinder.scheduler.host_manager [req-ea1f2699-6377-45e5-a394-8b36043956f0 3c01d85b569e448580c71f3601df46dd a6bb41e8b13642ee9f32cc0668e0b916 - - -] volume service is down. (host: rack03-server59@lvm-1)
2022-07-28 21:59:05.860 7 WARNING cinder.scheduler.host_manager [req-f7a568d8-d4ca-4708-bb2f-a4cdb4c60b1b 3c01d85b569e448580c71f3601df46dd a6bb41e8b13642ee9f32cc0668e0b916 - - -] volume service is down. (host: rack03-server59@lvm-1)
2022-07-28 21:59:06.242 7 WARNING cinder.scheduler.host_manager [req-2e4fa1e7-6a4f-4eeb-ac74-9fcb2a32c785 d63a1a8e8f074ace891dbb4af8dc4bd9 e6e8439842b44151863fa90c752287b0 - - -] volume service is down. (host: rack03-server59@lvm-1)
2022-07-28 21:59:06.509 7 WARNING cinder.scheduler.host_manager [req-87ce0963-822e-44e0-b8a4-17a32350c2c8 d63a1a8e8f074ace891dbb4af8dc4bd9 e6e8439842b44151863fa90c752287b0 - - -] volume service is down. (host: rack03-server59@lvm-1)
2022-07-28 21:59:06.747 7 WARNING cinder.scheduler.host_manager [req-1bcd4c70-e8eb-4f2d-9af8-d78699a02bca d63a1a8e8f074ace891dbb4af8dc4bd9 e6e8439842b44151863fa90c752287b0 - - -] volume service is down. (host: rack03-server59@lvm-1)
2022-07-28 21:59:07.005 7 WARNING cinder.scheduler.host_manager [req-d11ad366-f05b-4951-9d05-866768c80f36 d63a1a8e8f074ace891dbb4af8dc4bd9 e6e8439842b44151863fa90c752287b0 - - -] volume service is down. (host: rack03-server59@lvm-1)
2022-07-28 21:59:07.202 7 WARNING cinder.scheduler.host_manager [req-9992809e-1faf-43a6-8aec-7cff5534561f 45b8eafbeb0e472a9cf9f005174d8d26 88251b6413744cb4a5f4c12b516b4d32 - - -] volume service is down. (host: rack03-server59@lvm-1)
2022-07-28 21:59:07.287 7 WARNING cinder.scheduler.host_manager [req-16da4ea2-e1d3-4910-84b4-623c1612551a d63a1a8e8f074ace891dbb4af8dc4bd9 e6e8439842b44151863fa90c752287b0 - - -] volume service is down. (host: rack03-server59@lvm-1)
2022-07-28 21:59:09.585 7 WARNING cinder.scheduler.host_manager [req-ad43300f-3ec2-4bd9-a279-ea16f3ecad23 45b8eafbeb0e472a9cf9f005174d8d26 88251b6413744cb4a5f4c12b516b4d32 - - -] volume service is down. (host: rack03-server59@lvm-1)
2022-07-28 21:59:09.830 7 WARNING cinder.scheduler.host_manager [req-dc475828-fef6-49bd-b575-add78a6958df 45b8eafbeb0e472a9cf9f005174d8d26 88251b6413744cb4a5f4c12b516b4d32 - - -] volume service is down. (host: rack03-server59@lvm-1)
2022-07-28 21:59:10.080 7 WARNING cinder.scheduler.host_manager [req-421e921f-1afc-4772-904f-04d080ca5a2a 45b8eafbeb0e472a9cf9f005174d8d26 88251b6413744cb4a5f4c12b516b4d32 - - -] volume service is down. (host: rack03-server59@lvm-1)
2022-07-28 21:59:10.342 7 WARNING cinder.scheduler.host_manager [req-e2caa409-6645-4ee6-bedb-29184f125117 45b8eafbeb0e472a9cf9f005174d8d26 88251b6413744cb4a5f4c12b516b4d32 - - -] volume service is down. (host: rack03-server59@lvm-1)
2022-07-28 21:59:10.610 7 WARNING cinder.scheduler.host_manager [req-7bdbf518-9cc3-4376-9fc4-23d253a4e98c 45b8eafbeb0e472a9cf9f005174d8d26 88251b6413744cb4a5f4c12b516b4d32 - - -] volume service is down. (host: rack03-server59@lvm-1)
2022-07-28 21:59:16.656 7 WARNING cinder.scheduler.host_manager [req-ef79ca71-62cd-411e-9513-454d0456ea01 40aa7199b9c44ba4bd805a30482b07f4 85051f1343ec4d39bc87c70200cc50ae - - -] volume service is down. (host: rack03-server59@lvm-1)
2022-07-28 21:59:19.166 7 WARNING cinder.scheduler.host_manager [req-bf807d48-07f2-407d-97e9-494c18f5f7e6 40aa7199b9c44ba4bd805a30482b07f4 85051f1343ec4d39bc87c70200cc50ae - - -] volume service is down. (host: rack03-server59@lvm-1)
2022-07-28 21:59:21.567 7 WARNING cinder.scheduler.host_manager [req-cb07014c-0c96-4bdc-975d-4abf0f0959cc 40aa7199b9c44ba4bd805a30482b07f4 85051f1343ec4d39bc87c70200cc50ae - - -] volume service is down. (host: rack03-server59@lvm-1)
