Build Started 14_01_2025_19_20_43
2025-01-14 19:21:49.449 7 WARNING cinder.scheduler.host_manager [req-bcacd803-553f-424e-8001-6ee9f7804d5f req-c8d4b187-cefe-40cd-b6d3-a84155bf9a5d 8b4e1fe63f3749b3bd3aec776bd1b201 18ea843f1ade42e781f1f8dba7fc73b8 - - - -] volume service is down. (host: rack13-server67@lvm-1)
2025-01-14 19:21:49.509 7 WARNING cinder.scheduler.host_manager [None req-32dd0da3-a4a1-4d3c-beb2-e7c34cd7b323 55ffb011aa9048f3b11d50817c435404 459e7fc8a0d843c9a64a62c13053a888 - - - -] volume service is down. (host: rack13-server67@lvm-1)
2025-01-14 19:21:50.805 7 WARNING cinder.scheduler.host_manager [req-597943d4-1bcf-4bb2-a010-b48e722bc26f req-06feab4d-5e9b-49d7-80ea-a552caa88a1b 8b4e1fe63f3749b3bd3aec776bd1b201 18ea843f1ade42e781f1f8dba7fc73b8 - - - -] volume service is down. (host: rack13-server67@lvm-1)
2025-01-14 19:21:52.052 7 WARNING cinder.scheduler.host_manager [None req-554b7dc4-2df2-4a03-b3b3-2c776e63694c 55ffb011aa9048f3b11d50817c435404 459e7fc8a0d843c9a64a62c13053a888 - - - -] volume service is down. (host: rack13-server67@lvm-1)
2025-01-14 19:21:54.903 7 WARNING cinder.scheduler.host_manager [None req-4db286c4-1039-454c-aa80-712735796b5b 55ffb011aa9048f3b11d50817c435404 459e7fc8a0d843c9a64a62c13053a888 - - - -] volume service is down. (host: rack13-server67@lvm-1)
2025-01-14 19:21:57.216 7 WARNING cinder.scheduler.host_manager [None req-3f19c477-6e1e-4ab9-92c1-d190807bd764 5de7e5d4421d449ca1646f0aa605dde5 8d8b3e397afc4d9ea5442561f2eb35e3 - - - -] volume service is down. (host: rack13-server67@lvm-1)
2025-01-14 19:21:58.261 7 WARNING cinder.scheduler.host_manager [req-f100f305-c186-420d-a09c-c0ab9e7f03c8 req-351cec86-d9ca-44df-93d3-06024294fe56 084c392557404c90ae88be2a5d92cc36 324fd1cce9ab4568a4f8425e7517abb1 - - - -] volume service is down. (host: rack13-server67@lvm-1)
2025-01-14 19:21:59.623 7 WARNING cinder.scheduler.host_manager [None req-7f3812bc-6f42-4c0c-869f-a701916ae892 5de7e5d4421d449ca1646f0aa605dde5 8d8b3e397afc4d9ea5442561f2eb35e3 - - - -] volume service is down. (host: rack13-server67@lvm-1)
2025-01-14 19:22:02.389 7 WARNING cinder.scheduler.host_manager [None req-0e8908df-f082-4857-bbd8-422fca3c3b16 5de7e5d4421d449ca1646f0aa605dde5 8d8b3e397afc4d9ea5442561f2eb35e3 - - - -] volume service is down. (host: rack13-server67@lvm-1)
2025-01-14 19:22:05.970 7 WARNING cinder.scheduler.host_manager [None req-4bf51d4f-19ea-4046-93f6-ac8962b5d4ef 5de7e5d4421d449ca1646f0aa605dde5 8d8b3e397afc4d9ea5442561f2eb35e3 - - - -] volume service is down. (host: rack13-server67@lvm-1)
2025-01-14 19:22:07.515 7 WARNING cinder.scheduler.host_manager [None req-c65a22d7-92bc-4b73-b1db-02c0389eb1d2 8036bfb1276e4392a62db96cb74f41e9 b1301cc20a774e7b93fc9275e6cce63b - - - -] volume service is down. (host: rack13-server67@lvm-1)
2025-01-14 19:22:07.522 7 WARNING cinder.scheduler.host_manager [None req-c65a22d7-92bc-4b73-b1db-02c0389eb1d2 8036bfb1276e4392a62db96cb74f41e9 b1301cc20a774e7b93fc9275e6cce63b - - - -] volume service is down. (host: rack13-server67@lvm-1)
2025-01-14 19:22:08.997 7 WARNING cinder.scheduler.host_manager [None req-54065aca-27fb-4a5d-bc52-d15a760f5b8b 8036bfb1276e4392a62db96cb74f41e9 b1301cc20a774e7b93fc9275e6cce63b - - - -] volume service is down. (host: rack13-server67@lvm-1)
2025-01-14 19:22:09.574 7 WARNING cinder.scheduler.host_manager [None req-8254e95b-0f3d-4306-9f9f-80ed180f3070 5de7e5d4421d449ca1646f0aa605dde5 8d8b3e397afc4d9ea5442561f2eb35e3 - - - -] volume service is down. (host: rack13-server67@lvm-1)
2025-01-14 19:22:09.823 7 WARNING cinder.scheduler.host_manager [None req-c77e734e-fa5d-40de-9a71-a7d21f5f8b4f f9e21b9b364d44369eed3312a11ea62c 1162c18bba4741b1843bf59969d18f4f - - - -] volume service is down. (host: rack13-server67@lvm-1)
2025-01-14 19:22:10.347 7 WARNING cinder.scheduler.host_manager [None req-37c206ae-3a0b-4021-b833-a5aa1bc4ac1c f9e21b9b364d44369eed3312a11ea62c 1162c18bba4741b1843bf59969d18f4f - - - -] volume service is down. (host: rack13-server67@lvm-1)
2025-01-14 19:22:13.137 7 WARNING cinder.scheduler.host_manager [None req-dc4878c3-d1eb-4178-8ced-b772db40ed6d 5de7e5d4421d449ca1646f0aa605dde5 8d8b3e397afc4d9ea5442561f2eb35e3 - - - -] volume service is down. (host: rack13-server67@lvm-1)
2025-01-14 19:22:13.771 7 WARNING cinder.scheduler.host_manager [None req-a9db99d9-cc65-4de2-8456-b79d1e1e7d27 8036bfb1276e4392a62db96cb74f41e9 b1301cc20a774e7b93fc9275e6cce63b - - - -] volume service is down. (host: rack13-server67@lvm-1)
2025-01-14 19:22:17.515 7 WARNING cinder.scheduler.host_manager [None req-58f7675a-bc0c-412b-90b5-62f04b180674 7dd1daaf7933404d963f9cd66c4be5e9 0853e5ce929b4cd0b53bbe09704a5f27 - - - -] volume service is down. (host: rack13-server67@lvm-1)
2025-01-14 19:22:17.521 7 WARNING cinder.scheduler.host_manager [None req-58f7675a-bc0c-412b-90b5-62f04b180674 7dd1daaf7933404d963f9cd66c4be5e9 0853e5ce929b4cd0b53bbe09704a5f27 - - - -] volume service is down. (host: rack13-server67@lvm-1)
2025-01-14 19:22:19.026 7 WARNING cinder.scheduler.host_manager [None req-3667c504-4a4a-4b74-843b-d74235ca64e4 7dd1daaf7933404d963f9cd66c4be5e9 0853e5ce929b4cd0b53bbe09704a5f27 - - - -] volume service is down. (host: rack13-server67@lvm-1)
2025-01-14 19:22:20.070 7 WARNING cinder.scheduler.host_manager [None req-4365f7ee-f404-451d-9abe-c3a1f2acac9c 8036bfb1276e4392a62db96cb74f41e9 b1301cc20a774e7b93fc9275e6cce63b - - - -] volume service is down. (host: rack13-server67@lvm-1)
2025-01-14 19:22:20.078 7 WARNING cinder.scheduler.host_manager [None req-4365f7ee-f404-451d-9abe-c3a1f2acac9c 8036bfb1276e4392a62db96cb74f41e9 b1301cc20a774e7b93fc9275e6cce63b - - - -] volume service is down. (host: rack13-server67@lvm-1)
2025-01-14 19:22:21.542 7 WARNING cinder.scheduler.host_manager [None req-f2df6ce8-8b63-46c6-b297-dcb94b5a37b5 8036bfb1276e4392a62db96cb74f41e9 b1301cc20a774e7b93fc9275e6cce63b - - - -] volume service is down. (host: rack13-server67@lvm-1)
2025-01-14 19:22:24.160 7 WARNING cinder.scheduler.host_manager [None req-2d52a09f-6b82-466e-a380-5f6819a91631 8036bfb1276e4392a62db96cb74f41e9 b1301cc20a774e7b93fc9275e6cce63b - - - -] volume service is down. (host: rack13-server67@lvm-1)
2025-01-14 19:22:25.248 7 WARNING cinder.scheduler.host_manager [None req-520760b5-1b2b-4e2e-bcd6-e180c7f13118 24163f373bba4c909d6aad331b0147e5 dd1aec9bccd3403785bfdd087a5e6781 - - - -] volume service is down. (host: rack13-server67@lvm-1)
2025-01-14 19:22:37.637 7 WARNING cinder.scheduler.host_manager [None req-49d515c5-92e9-4f41-a57d-934893b7cd5b 8036bfb1276e4392a62db96cb74f41e9 b1301cc20a774e7b93fc9275e6cce63b - - - -] volume service is down. (host: rack13-server67@lvm-1)
2025-01-14 19:22:37.647 7 WARNING cinder.scheduler.host_manager [None req-49d515c5-92e9-4f41-a57d-934893b7cd5b 8036bfb1276e4392a62db96cb74f41e9 b1301cc20a774e7b93fc9275e6cce63b - - - -] volume service is down. (host: rack13-server67@lvm-1)
2025-01-14 19:22:38.540 7 WARNING cinder.scheduler.host_manager [None req-5d91ebff-b0b7-4950-89eb-ad1579a1d487 c3bae105ceda4f6bad983590c626f818 b7f01c8adc09441f8e86534a6f2b8ca7 - - - -] volume service is down. (host: rack13-server67@lvm-1)
2025-01-14 19:22:38.547 7 WARNING cinder.scheduler.host_manager [None req-5d91ebff-b0b7-4950-89eb-ad1579a1d487 c3bae105ceda4f6bad983590c626f818 b7f01c8adc09441f8e86534a6f2b8ca7 - - - -] volume service is down. (host: rack13-server67@lvm-1)
2025-01-14 19:22:39.103 7 WARNING cinder.scheduler.host_manager [None req-1a6c3c90-6fa2-4549-95e0-9abc87cc56fc 8036bfb1276e4392a62db96cb74f41e9 b1301cc20a774e7b93fc9275e6cce63b - - - -] volume service is down. (host: rack13-server67@lvm-1)
2025-01-14 19:22:40.034 7 WARNING cinder.scheduler.host_manager [None req-75a26174-26ce-4391-8608-3ade350a1516 c3bae105ceda4f6bad983590c626f818 b7f01c8adc09441f8e86534a6f2b8ca7 - - - -] volume service is down. (host: rack13-server67@lvm-1)
2025-01-14 19:22:42.790 7 WARNING cinder.scheduler.host_manager [None req-d068b468-ba06-4ff2-a003-ffdac24870c8 c3bae105ceda4f6bad983590c626f818 b7f01c8adc09441f8e86534a6f2b8ca7 - - - -] volume service is down. (host: rack13-server67@lvm-1)
2025-01-14 19:22:47.284 7 WARNING cinder.scheduler.host_manager [None req-a1388de8-5ddb-415e-ae8d-c99f7e0b2282 329b91ce98244e7ea73323143144770a 5f31bebea8ec44b38d904a3b35a0623c - - - -] volume service is down. (host: rack13-server67@lvm-1)
2025-01-14 19:22:49.804 7 WARNING cinder.scheduler.host_manager [None req-f06518ce-e7be-4a86-bb14-b8991c9649e7 329b91ce98244e7ea73323143144770a 5f31bebea8ec44b38d904a3b35a0623c - - - -] volume service is down. (host: rack13-server67@lvm-1)
2025-01-14 19:22:52.023 7 WARNING cinder.scheduler.host_manager [None req-d26e05f5-425b-45be-a48e-daae479c637a 4fe2d09d5be3465a9b36f4cf4f951f51 ad99b9467b6c4a3384b9aecf7cf0d858 - - - -] volume service is down. (host: rack13-server67@lvm-1)
2025-01-14 19:22:52.031 7 WARNING cinder.scheduler.host_manager [None req-d26e05f5-425b-45be-a48e-daae479c637a 4fe2d09d5be3465a9b36f4cf4f951f51 ad99b9467b6c4a3384b9aecf7cf0d858 - - - -] volume service is down. (host: rack13-server67@lvm-1)
2025-01-14 19:22:52.387 7 WARNING cinder.scheduler.host_manager [None req-5dc37a89-fb7c-4a0b-b8c0-aff916047d10 329b91ce98244e7ea73323143144770a 5f31bebea8ec44b38d904a3b35a0623c - - - -] volume service is down. (host: rack13-server67@lvm-1)
2025-01-14 19:22:53.555 7 WARNING cinder.scheduler.host_manager [None req-844a4d5c-d2d6-4055-948d-d7af34eb8a8f 4fe2d09d5be3465a9b36f4cf4f951f51 ad99b9467b6c4a3384b9aecf7cf0d858 - - - -] volume service is down. (host: rack13-server67@lvm-1)
2025-01-14 19:22:53.563 7 WARNING cinder.scheduler.host_manager [None req-844a4d5c-d2d6-4055-948d-d7af34eb8a8f 4fe2d09d5be3465a9b36f4cf4f951f51 ad99b9467b6c4a3384b9aecf7cf0d858 - - - -] volume service is down. (host: rack13-server67@lvm-1)
2025-01-14 19:22:55.007 7 WARNING cinder.scheduler.host_manager [None req-bfb9ee54-0f56-4545-97d8-1121eda97361 4fe2d09d5be3465a9b36f4cf4f951f51 ad99b9467b6c4a3384b9aecf7cf0d858 - - - -] volume service is down. (host: rack13-server67@lvm-1)
2025-01-14 19:22:55.243 7 WARNING cinder.scheduler.host_manager [None req-8ade57de-eace-463f-9e17-98d403b0bba4 d3ab4027fa65405388932f24f1efa737 ebd71ed2ed3f4962b5c4b6b5a3f008f7 - - - -] volume service is down. (host: rack13-server67@lvm-1)
2025-01-14 19:23:00.435 7 WARNING cinder.scheduler.host_manager [None req-9d3b3efc-6f12-4f53-b9e0-ccf306ad3937 4fe2d09d5be3465a9b36f4cf4f951f51 ad99b9467b6c4a3384b9aecf7cf0d858 - - - -] volume service is down. (host: rack13-server67@lvm-1)
2025-01-14 19:23:00.443 7 WARNING cinder.scheduler.host_manager [None req-9d3b3efc-6f12-4f53-b9e0-ccf306ad3937 4fe2d09d5be3465a9b36f4cf4f951f51 ad99b9467b6c4a3384b9aecf7cf0d858 - - - -] volume service is down. (host: rack13-server67@lvm-1)
2025-01-14 19:23:01.897 7 WARNING cinder.scheduler.host_manager [None req-f3a85017-a922-4ecc-9918-6dc1698711dc 4fe2d09d5be3465a9b36f4cf4f951f51 ad99b9467b6c4a3384b9aecf7cf0d858 - - - -] volume service is down. (host: rack13-server67@lvm-1)
2025-01-14 19:23:04.504 7 WARNING cinder.scheduler.host_manager [None req-7dbfa39f-bc31-412e-8fb8-872ebd7c181e 4fe2d09d5be3465a9b36f4cf4f951f51 ad99b9467b6c4a3384b9aecf7cf0d858 - - - -] volume service is down. (host: rack13-server67@lvm-1)
2025-01-14 19:23:16.125 7 WARNING cinder.scheduler.host_manager [None req-a12cc722-9ee9-43cd-8973-7fa76bdeb3fb 61e3b4860d2e4d239a353d8966beb082 2cdc0f4224ff4f8297b36833b13b8ab4 - - - -] volume service is down. (host: rack13-server67@lvm-1)
2025-01-14 19:23:16.687 7 WARNING cinder.scheduler.host_manager [None req-20398533-c1e6-44b6-8487-285534196d88 390fea27eeff40308c2bd417a7f9e1f2 a1c5c8777f5246148a9f496133957bca - - - -] volume service is down. (host: rack13-server67@lvm-1)
2025-01-14 19:23:16.693 7 WARNING cinder.scheduler.host_manager [None req-20398533-c1e6-44b6-8487-285534196d88 390fea27eeff40308c2bd417a7f9e1f2 a1c5c8777f5246148a9f496133957bca - - - -] volume service is down. (host: rack13-server67@lvm-1)
2025-01-14 19:23:18.642 7 WARNING cinder.scheduler.host_manager [None req-c03a29fd-b4e0-4326-8dfa-12805833ec6d 61e3b4860d2e4d239a353d8966beb082 2cdc0f4224ff4f8297b36833b13b8ab4 - - - -] volume service is down. (host: rack13-server67@lvm-1)
2025-01-14 19:23:19.044 7 WARNING cinder.scheduler.host_manager [None req-7889f7c7-5a97-496e-8d19-f1a631e51a44 47d884519b4744e8b255867cba6c65ba 5b6138eb04844adbae639fd05cb08a8e - - - -] volume service is down. (host: rack13-server67@lvm-1)
2025-01-14 19:23:24.828 7 WARNING cinder.scheduler.host_manager [None req-02ebc009-cc0c-467c-91f0-406141677cba 47d884519b4744e8b255867cba6c65ba 5b6138eb04844adbae639fd05cb08a8e - - - -] volume service is down. (host: rack13-server67@lvm-1)
2025-01-14 19:23:25.098 7 WARNING cinder.scheduler.host_manager [None req-19e15a5f-1cc3-4870-a8c8-90244b54dc1d 9d6023989bca4173827853d1cc3a2a80 c2dc9caf10a24afcafde4605bb0c5b47 - - - -] volume service is down. (host: rack13-server67@lvm-1)
2025-01-14 19:23:25.099 7 INFO cinder.scheduler.base_filter [None req-19e15a5f-1cc3-4870-a8c8-90244b54dc1d 9d6023989bca4173827853d1cc3a2a80 c2dc9caf10a24afcafde4605bb0c5b47 - - - -] Filtering removed all hosts for the request with volume ID '7237529a-dd66-4d30-be6a-c35aa006d27e'. Filter results: AvailabilityZoneFilter: (start: 1, end: 1), CapacityFilter: (start: 1, end: 1), CapabilitiesFilter: (start: 1, end: 0)
2025-01-14 19:23:25.100 7 WARNING cinder.scheduler.filter_scheduler [None req-19e15a5f-1cc3-4870-a8c8-90244b54dc1d 9d6023989bca4173827853d1cc3a2a80 c2dc9caf10a24afcafde4605bb0c5b47 - - - -] No weighed backend found for volume with properties: {'id': '7805ae9f-1c77-4320-92e6-27e17eec079f', 'name': 'tempest-UserMessagesTest-volume-type-1223184388', 'description': None, 'is_public': True, 'projects': [], 'extra_specs': {'storage_protocol': 'tempest-storage_protocol-6054328', 'vendor_name': 'tempest-vendor_name-1988469646'}, 'qos_specs_id': None, 'created_at': '2025-01-14T19:23:24.000000', 'updated_at': None, 'deleted_at': None, 'deleted': False}
2025-01-14 19:23:25.101 7 INFO cinder.message.api [None req-19e15a5f-1cc3-4870-a8c8-90244b54dc1d 9d6023989bca4173827853d1cc3a2a80 c2dc9caf10a24afcafde4605bb0c5b47 - - - -] Creating message record for request_id = req-19e15a5f-1cc3-4870-a8c8-90244b54dc1d
2025-01-14 19:23:25.106 7 ERROR cinder.scheduler.flows.create_volume [None req-19e15a5f-1cc3-4870-a8c8-90244b54dc1d 9d6023989bca4173827853d1cc3a2a80 c2dc9caf10a24afcafde4605bb0c5b47 - - - -] Failed to run task cinder.scheduler.flows.create_volume.ScheduleCreateVolumeTask;volume:create: No valid backend was found. No weighed backends available: cinder.exception.NoValidBackend: No valid backend was found. No weighed backends available
2025-01-14 19:23:26.918 7 WARNING cinder.scheduler.host_manager [None req-12006c41-72fd-4cb6-a4e7-0afe7d2f60a0 9d6023989bca4173827853d1cc3a2a80 c2dc9caf10a24afcafde4605bb0c5b47 - - - -] volume service is down. (host: rack13-server67@lvm-1)
2025-01-14 19:23:26.919 7 INFO cinder.scheduler.base_filter [None req-12006c41-72fd-4cb6-a4e7-0afe7d2f60a0 9d6023989bca4173827853d1cc3a2a80 c2dc9caf10a24afcafde4605bb0c5b47 - - - -] Filtering removed all hosts for the request with volume ID '13ee08bb-bf68-4225-9919-6ce4ecc0fbaa'. Filter results: AvailabilityZoneFilter: (start: 1, end: 1), CapacityFilter: (start: 1, end: 1), CapabilitiesFilter: (start: 1, end: 0)
2025-01-14 19:23:26.919 7 WARNING cinder.scheduler.filter_scheduler [None req-12006c41-72fd-4cb6-a4e7-0afe7d2f60a0 9d6023989bca4173827853d1cc3a2a80 c2dc9caf10a24afcafde4605bb0c5b47 - - - -] No weighed backend found for volume with properties: {'id': '7e424058-0c03-4603-8ecb-8d7794c2f4a0', 'name': 'tempest-UserMessagesTest-volume-type-1704461064', 'description': None, 'is_public': True, 'projects': [], 'extra_specs': {'storage_protocol': 'tempest-storage_protocol-542414123', 'vendor_name': 'tempest-vendor_name-1971604899'}, 'qos_specs_id': None, 'created_at': '2025-01-14T19:23:26.000000', 'updated_at': None, 'deleted_at': None, 'deleted': False}
2025-01-14 19:23:26.920 7 INFO cinder.message.api [None req-12006c41-72fd-4cb6-a4e7-0afe7d2f60a0 9d6023989bca4173827853d1cc3a2a80 c2dc9caf10a24afcafde4605bb0c5b47 - - - -] Creating message record for request_id = req-12006c41-72fd-4cb6-a4e7-0afe7d2f60a0
2025-01-14 19:23:26.925 7 ERROR cinder.scheduler.flows.create_volume [None req-12006c41-72fd-4cb6-a4e7-0afe7d2f60a0 9d6023989bca4173827853d1cc3a2a80 c2dc9caf10a24afcafde4605bb0c5b47 - - - -] Failed to run task cinder.scheduler.flows.create_volume.ScheduleCreateVolumeTask;volume:create: No valid backend was found. No weighed backends available: cinder.exception.NoValidBackend: No valid backend was found. No weighed backends available
2025-01-14 19:23:32.792 7 WARNING cinder.scheduler.host_manager [None req-afae152a-2d86-4540-8d1e-2d81b36c10e7 9b8830961d1f40619bdf11f9428d272f 9ac73ee44bb644248bf1efc46c237418 - - - -] volume service is down. (host: rack13-server67@lvm-1)
2025-01-14 19:23:33.823 7 WARNING cinder.scheduler.host_manager [None req-df18a119-7c26-4e76-9426-25c456cbe0e8 529a3b30f80f4cbc9ca9bdc3528f8eba 2564003591cb4bbd9401873883d55cc9 - - - -] volume service is down. (host: rack13-server67@lvm-1)
2025-01-14 19:23:36.928 7 WARNING cinder.scheduler.host_manager [None req-5e9922e6-0e36-4900-8e70-a7c9abc07906 37487d7b23d94ddd9054f82a516bf924 62e2a8aeb46b4381bbd2c13923044b68 - - - -] volume service is down. (host: rack13-server67@lvm-1)
2025-01-14 19:23:40.190 7 WARNING cinder.scheduler.host_manager [None req-8fdef799-8d8d-4b7b-a3a6-e5892cdc4baf 9d2a3a5327f64c8b887892e99d1aaaa8 5d95027d430842089f2ddea2d1605669 - - - -] volume service is down. (host: rack13-server67@lvm-1)
2025-01-14 19:23:42.570 7 WARNING cinder.scheduler.host_manager [None req-98951e65-ac4f-4391-9713-d349e338e135 9d2a3a5327f64c8b887892e99d1aaaa8 5d95027d430842089f2ddea2d1605669 - - - -] volume service is down. (host: rack13-server67@lvm-1)
2025-01-14 19:23:42.998 7 WARNING cinder.scheduler.host_manager [None req-4c98b30f-fc32-4015-9b6b-661d884b1f4b 37487d7b23d94ddd9054f82a516bf924 62e2a8aeb46b4381bbd2c13923044b68 - - - -] volume service is down. (host: rack13-server67@lvm-1)
2025-01-14 19:23:43.296 7 WARNING cinder.scheduler.host_manager [None req-3d76d271-b6f6-4ed9-8188-1b497d3986d3 054772efddc24dc9bce0de19546ddb8f 0a9492a86f7f49fd9346e4ffd28298ec - - - -] volume service is down. (host: rack13-server67@lvm-1)
2025-01-14 19:23:44.873 7 WARNING cinder.scheduler.host_manager [None req-4885816b-794a-4296-9b35-cea597ca0792 9d2a3a5327f64c8b887892e99d1aaaa8 5d95027d430842089f2ddea2d1605669 - - - -] volume service is down. (host: rack13-server67@lvm-1)
2025-01-14 19:23:47.174 7 WARNING cinder.scheduler.host_manager [None req-110b14ea-6dff-4bc4-bf4a-57f2cc6e98c3 054772efddc24dc9bce0de19546ddb8f 0a9492a86f7f49fd9346e4ffd28298ec - - - -] volume service is down. (host: rack13-server67@lvm-1)
2025-01-14 19:23:48.664 7 WARNING cinder.scheduler.host_manager [None req-1e57c85a-0ea4-416f-bcf2-db0709e73da8 9d2a3a5327f64c8b887892e99d1aaaa8 5d95027d430842089f2ddea2d1605669 - - - -] volume service is down. (host: rack13-server67@lvm-1)
2025-01-14 19:23:51.021 7 WARNING cinder.scheduler.host_manager [None req-e0462751-4ac8-4a32-8331-0ef08f228e44 9d2a3a5327f64c8b887892e99d1aaaa8 5d95027d430842089f2ddea2d1605669 - - - -] volume service is down. (host: rack13-server67@lvm-1)
2025-01-14 19:23:51.107 7 WARNING cinder.scheduler.host_manager [None req-73759513-6f78-4235-9d58-e935a6720982 baff1e77eb3843228a58a33b8d0ae792 91b7e529aa3040b58013e1d2cdcfc2a6 - - - -] volume service is down. (host: rack13-server67@lvm-1)
2025-01-14 19:23:53.535 7 WARNING cinder.scheduler.host_manager [None req-c9b549a2-b611-4bd0-a17f-e9ddeeb2fd57 9d2a3a5327f64c8b887892e99d1aaaa8 5d95027d430842089f2ddea2d1605669 - - - -] volume service is down. (host: rack13-server67@lvm-1)
2025-01-14 19:23:58.156 7 WARNING cinder.scheduler.host_manager [None req-4d14d3a4-cec4-4235-a716-d6f9a7b51c9e 98c89579f4c94b92bf3ddf7723b4e417 0b297b43786a4eacab4a495ecd64507c - - - -] volume service is down. (host: rack13-server67@lvm-1)
2025-01-14 19:24:00.761 7 WARNING cinder.scheduler.host_manager [None req-1442d531-ec75-4a1d-89e8-9e0b623d8fb1 9999552324fe4c0d8f3411ff8d2f0f8e ce1a057e5688436ab8803572cebd9b8a - - - -] volume service is down. (host: rack13-server67@lvm-1)
2025-01-14 19:24:01.777 7 WARNING cinder.scheduler.host_manager [None req-58dab320-542a-4fba-9657-d678b8081d98 cc4a9ad5f720463f883e13391233e96c 63afc5f8edbb4db0902733e76e2db6c9 - - - -] volume service is down. (host: rack13-server67@lvm-1)
2025-01-14 19:24:06.935 7 WARNING cinder.scheduler.host_manager [None req-56ff3742-53dc-434d-a7d5-96e94a030afa 98c89579f4c94b92bf3ddf7723b4e417 0b297b43786a4eacab4a495ecd64507c - - - -] volume service is down. (host: rack13-server67@lvm-1)
2025-01-14 19:24:09.703 7 WARNING cinder.scheduler.host_manager [None req-db7500e5-c74c-4350-90a2-2d90c74f7644 98c89579f4c94b92bf3ddf7723b4e417 0b297b43786a4eacab4a495ecd64507c - - - -] volume service is down. (host: rack13-server67@lvm-1)
2025-01-14 19:24:10.704 7 WARNING cinder.scheduler.host_manager [None req-70cc237c-fbb1-4c45-81c6-a5f296443907 cc4a9ad5f720463f883e13391233e96c 63afc5f8edbb4db0902733e76e2db6c9 - - - -] volume service is down. (host: rack13-server67@lvm-1)
2025-01-14 19:24:12.097 7 WARNING cinder.scheduler.host_manager [None req-2aaf17c9-6999-4f38-a80c-a87b4ec6c859 98c89579f4c94b92bf3ddf7723b4e417 0b297b43786a4eacab4a495ecd64507c - - - -] volume service is down. (host: rack13-server67@lvm-1)
2025-01-14 19:24:14.414 7 WARNING cinder.scheduler.host_manager [None req-da76f339-299c-4543-8a7b-b9b517209de7 98c89579f4c94b92bf3ddf7723b4e417 0b297b43786a4eacab4a495ecd64507c - - - -] volume service is down. (host: rack13-server67@lvm-1)
2025-01-14 19:24:16.807 7 WARNING cinder.scheduler.host_manager [None req-fbc81d0f-5cb3-4a45-b922-1daa7d9cf96b cc4a9ad5f720463f883e13391233e96c 63afc5f8edbb4db0902733e76e2db6c9 - - - -] volume service is down. (host: rack13-server67@lvm-1)
2025-01-14 19:24:17.289 7 WARNING cinder.scheduler.host_manager [None req-ffa5a655-9e75-4985-860f-2cafe60ec0ad 04e134fd77924b1cb22eb2fa1afaf2cc ecfeb118b8844388a660941b7ddb03e0 - - - -] volume service is down. (host: rack13-server67@lvm-1)
2025-01-14 19:24:19.352 7 WARNING cinder.scheduler.host_manager [None req-1fee096a-75ec-4a11-b963-c79abf299a84 cc4a9ad5f720463f883e13391233e96c 63afc5f8edbb4db0902733e76e2db6c9 - - - -] volume service is down. (host: rack13-server67@lvm-1)
2025-01-14 19:24:19.699 7 WARNING cinder.scheduler.host_manager [None req-39485911-557e-47b9-acb6-7bae75863287 04e134fd77924b1cb22eb2fa1afaf2cc ecfeb118b8844388a660941b7ddb03e0 - - - -] volume service is down. (host: rack13-server67@lvm-1)
2025-01-14 19:24:21.541 7 WARNING cinder.scheduler.host_manager [None req-4e13c847-2ace-4909-8246-6c6ca3a5fea7 b4bd87ecd8074c8198191d5f6c4f5914 204363f30a414885932507960bd8c6f6 - - - -] volume service is down. (host: rack13-server67@lvm-1)
2025-01-14 19:24:24.341 7 WARNING cinder.scheduler.host_manager [None req-33533387-7160-4731-9e94-4418e15c30f1 b4bd87ecd8074c8198191d5f6c4f5914 204363f30a414885932507960bd8c6f6 - - - -] volume service is down. (host: rack13-server67@lvm-1)
2025-01-14 19:24:28.743 7 WARNING cinder.scheduler.host_manager [None req-3ba69f21-df1b-4598-9159-bbb274897265 4b09b72e69fb4fbb86cff8753b7a0c59 0d8a242ad8c1492dbfdd66f6208a3453 - - - -] volume service is down. (host: rack13-server67@lvm-1)
2025-01-14 19:24:29.267 7 WARNING cinder.scheduler.host_manager [None req-6a4ff02e-b82b-44fe-b7ca-41c73541ef54 b4bd87ecd8074c8198191d5f6c4f5914 204363f30a414885932507960bd8c6f6 - - - -] volume service is down. (host: rack13-server67@lvm-1)
2025-01-14 19:24:31.808 7 WARNING cinder.scheduler.host_manager [None req-f0f5a7cb-0654-436a-a35b-a1b337d5ca7e b4bd87ecd8074c8198191d5f6c4f5914 204363f30a414885932507960bd8c6f6 - - - -] volume service is down. (host: rack13-server67@lvm-1)
2025-01-14 19:24:35.625 7 WARNING cinder.scheduler.host_manager [None req-f3ff6c38-7d40-4cfd-8892-a63f32acd3aa b4bd87ecd8074c8198191d5f6c4f5914 204363f30a414885932507960bd8c6f6 - - - -] volume service is down. (host: rack13-server67@lvm-1)
2025-01-14 19:24:40.995 7 WARNING cinder.scheduler.host_manager [None req-249f24bd-fe05-4b17-bc52-a1440d97ab49 b4bd87ecd8074c8198191d5f6c4f5914 204363f30a414885932507960bd8c6f6 - - - -] volume service is down. (host: rack13-server67@lvm-1)
2025-01-14 19:24:42.633 7 WARNING cinder.scheduler.host_manager [None req-a119dc77-a707-408f-a490-7abe2d910c8a 36e0c53bc952410ab22b389df903bbe8 70ec484137ad4f0998727f34a4a49693 - - - -] volume service is down. (host: rack13-server67@lvm-1)
2025-01-14 19:24:50.557 7 WARNING cinder.scheduler.host_manager [None req-f89a978a-dbb3-403b-b64d-4c1034b8e20b b4bd87ecd8074c8198191d5f6c4f5914 204363f30a414885932507960bd8c6f6 - - - -] volume service is down. (host: rack13-server67@lvm-1)
2025-01-14 19:24:56.471 7 WARNING cinder.scheduler.host_manager [None req-281404c5-1b67-4ee1-b337-8d542eb54217 b17f4a9f80ff445f847da5a97e1f61b2 57f701a527c84d6baf509e1089b07e74 - - - -] volume service is down. (host: rack13-server67@lvm-1)
2025-01-14 19:24:57.809 7 WARNING cinder.scheduler.host_manager [None req-ba0d8d09-e000-4d2e-9a0c-2408e278f45d 2b016a094ba14c96bec6f56566f1f357 421ae818fe2046fcaff4dd735ca76e56 - - - -] volume service is down. (host: rack13-server67@lvm-1)
2025-01-14 19:24:58.856 7 WARNING cinder.scheduler.host_manager [None req-7ac6fa89-3a4b-4ebd-a348-55ab200f418c b17f4a9f80ff445f847da5a97e1f61b2 57f701a527c84d6baf509e1089b07e74 - - - -] volume service is down. (host: rack13-server67@lvm-1)
2025-01-14 19:25:00.190 7 WARNING cinder.scheduler.host_manager [None req-82126cf9-d7cc-421f-8801-8b16546f800e 2b016a094ba14c96bec6f56566f1f357 421ae818fe2046fcaff4dd735ca76e56 - - - -] volume service is down. (host: rack13-server67@lvm-1)
2025-01-14 19:25:01.975 7 WARNING cinder.scheduler.host_manager [None req-ebd93ac9-204e-41af-bf97-c2ec1c749b09 789771dfe3f44c70acf3c1233eead50e f5b7b050e4be4a05952fda3bb125a9cd - - - -] volume service is down. (host: rack13-server67@lvm-1)
2025-01-14 19:25:04.541 7 WARNING cinder.scheduler.host_manager [None req-493629ca-3a6f-4220-8d1f-8c805c20c1d9 789771dfe3f44c70acf3c1233eead50e f5b7b050e4be4a05952fda3bb125a9cd - - - -] volume service is down. (host: rack13-server67@lvm-1)
2025-01-14 19:25:07.163 7 WARNING cinder.scheduler.host_manager [None req-1e85653c-08a2-4f2e-9e81-c36faa4c7065 789771dfe3f44c70acf3c1233eead50e f5b7b050e4be4a05952fda3bb125a9cd - - - -] volume service is down. (host: rack13-server67@lvm-1)
2025-01-14 19:25:07.576 7 WARNING cinder.scheduler.host_manager [None req-3069d1f9-85a3-4de6-a2e1-2b951d71989f 0ce1c0f342e84a37a45df23c22ca98a3 d56cd40133d0467cbbe9e97e3e2c64fb - - - -] volume service is down. (host: rack13-server67@lvm-1)
2025-01-14 19:25:18.285 7 WARNING cinder.scheduler.host_manager [None req-190b7690-90a2-4a01-b3df-01ed2f0ad35f b113011bcecf4d7d986ab434ebe85ae4 bf4d3b21d68a4d84bb5b89ecce13226c - - - -] volume service is down. (host: rack13-server67@lvm-1)
2025-01-14 19:25:18.389 7 WARNING cinder.scheduler.host_manager [None req-5d12267a-ba77-4e73-8eaa-a2ea940e8fa2 13761d525daf4dac851ac5c98449305b c133de5a1af84aecbdf65c579d767d33 - - - -] volume service is down. (host: rack13-server67@lvm-1)
2025-01-14 19:25:20.764 7 WARNING cinder.scheduler.host_manager [None req-bf0d0d4d-f3e0-4475-afd8-5fd947061559 13761d525daf4dac851ac5c98449305b c133de5a1af84aecbdf65c579d767d33 - - - -] volume service is down. (host: rack13-server67@lvm-1)
2025-01-14 19:25:23.066 7 WARNING cinder.scheduler.host_manager [None req-b7086e9a-ed96-40b4-ab21-72c7c3a7cbd9 13761d525daf4dac851ac5c98449305b c133de5a1af84aecbdf65c579d767d33 - - - -] volume service is down. (host: rack13-server67@lvm-1)
2025-01-14 19:25:23.739 7 WARNING cinder.scheduler.host_manager [None req-bf6f3921-28a2-46dd-90ab-0841121a9828 b113011bcecf4d7d986ab434ebe85ae4 bf4d3b21d68a4d84bb5b89ecce13226c - - - -] volume service is down. (host: rack13-server67@lvm-1)
2025-01-14 19:25:25.380 7 WARNING cinder.scheduler.host_manager [None req-24772a68-2523-41ec-aa6c-118cd65c146c 13761d525daf4dac851ac5c98449305b c133de5a1af84aecbdf65c579d767d33 - - - -] volume service is down. (host: rack13-server67@lvm-1)
2025-01-14 19:25:40.709 7 WARNING cinder.scheduler.host_manager [None req-c97a0c77-9662-4900-ba4d-fc317b04d45a be93051a199847ce84bb663efb65f7f6 33d7f298e2784c829b55dabec570ccd4 - - - -] volume service is down. (host: rack13-server67@lvm-1)
2025-01-14 19:25:40.793 7 WARNING cinder.scheduler.host_manager [None req-9e6a35d0-966c-4efa-ba12-345a756e21a3 b3f15f7939ef4e1ba8a2db285c7603f2 87b8e3a8f88b43fe8f526c53c1ed3fb4 - - - -] volume service is down. (host: rack13-server67@lvm-1)
2025-01-14 19:25:40.798 7 WARNING cinder.scheduler.host_manager [None req-b881a33d-e6e8-4cdb-9ab3-68b454b9eff1 245834b8cd9745c8be83f2625e50a4c3 6fd6123f8b654ba99d11c1576fe16312 - - - -] volume service is down. (host: rack13-server67@lvm-1)
2025-01-14 19:25:41.086 7 WARNING cinder.scheduler.host_manager [None req-61c03b20-de2d-43a8-989d-ca10ab20cc37 b3f15f7939ef4e1ba8a2db285c7603f2 87b8e3a8f88b43fe8f526c53c1ed3fb4 - - - -] volume service is down. (host: rack13-server67@lvm-1)
2025-01-14 19:25:41.473 7 WARNING cinder.scheduler.host_manager [None req-ba32ee49-2a34-4d41-95e2-23d5d1e1d409 b3f15f7939ef4e1ba8a2db285c7603f2 87b8e3a8f88b43fe8f526c53c1ed3fb4 - - - -] volume service is down. (host: rack13-server67@lvm-1)
2025-01-14 19:25:42.113 7 WARNING cinder.scheduler.host_manager [None req-a1aa224b-3e23-4310-935e-4ba2c3fe9c1e b3f15f7939ef4e1ba8a2db285c7603f2 87b8e3a8f88b43fe8f526c53c1ed3fb4 - - - -] volume service is down. (host: rack13-server67@lvm-1)
2025-01-14 19:25:42.445 7 WARNING cinder.scheduler.host_manager [None req-5f7e3202-e3f3-4e8e-8c22-a4f343b3d8a9 b3f15f7939ef4e1ba8a2db285c7603f2 87b8e3a8f88b43fe8f526c53c1ed3fb4 - - - -] volume service is down. (host: rack13-server67@lvm-1)
2025-01-14 19:25:43.087 7 WARNING cinder.scheduler.host_manager [None req-54791b66-460d-4312-8dcf-483a3bd6dc44 be93051a199847ce84bb663efb65f7f6 33d7f298e2784c829b55dabec570ccd4 - - - -] volume service is down. (host: rack13-server67@lvm-1)
2025-01-14 19:25:43.297 7 WARNING cinder.scheduler.host_manager [None req-e6b68ca2-5876-4761-a033-fd5eef1612d7 245834b8cd9745c8be83f2625e50a4c3 6fd6123f8b654ba99d11c1576fe16312 - - - -] volume service is down. (host: rack13-server67@lvm-1)
2025-01-14 19:25:43.615 7 WARNING cinder.scheduler.host_manager [None req-d9cd5fc6-d927-440b-b1ab-b7a1e617389e 245834b8cd9745c8be83f2625e50a4c3 6fd6123f8b654ba99d11c1576fe16312 - - - -] volume service is down. (host: rack13-server67@lvm-1)
2025-01-14 19:25:44.184 7 WARNING cinder.scheduler.host_manager [None req-248d7645-002f-4d69-9966-57fe2c329959 245834b8cd9745c8be83f2625e50a4c3 6fd6123f8b654ba99d11c1576fe16312 - - - -] volume service is down. (host: rack13-server67@lvm-1)
2025-01-14 19:25:44.491 7 WARNING cinder.scheduler.host_manager [None req-12cff477-f3d6-41fc-9743-1205bbeb7b58 245834b8cd9745c8be83f2625e50a4c3 6fd6123f8b654ba99d11c1576fe16312 - - - -] volume service is down. (host: rack13-server67@lvm-1)
2025-01-14 19:25:44.804 7 WARNING cinder.scheduler.host_manager [None req-6908edf7-88f9-4b9d-a535-dd491b0b9922 245834b8cd9745c8be83f2625e50a4c3 6fd6123f8b654ba99d11c1576fe16312 - - - -] volume service is down. (host: rack13-server67@lvm-1)
2025-01-14 19:25:45.763 7 WARNING cinder.scheduler.host_manager [None req-0dca7380-dc17-4845-8daa-fafadee59d03 be93051a199847ce84bb663efb65f7f6 33d7f298e2784c829b55dabec570ccd4 - - - -] volume service is down. (host: rack13-server67@lvm-1)
2025-01-14 19:25:46.044 7 WARNING cinder.scheduler.host_manager [None req-5f986fa2-9568-4991-8c34-5a43e3f22db1 be93051a199847ce84bb663efb65f7f6 33d7f298e2784c829b55dabec570ccd4 - - - -] volume service is down. (host: rack13-server67@lvm-1)
2025-01-14 19:25:46.342 7 WARNING cinder.scheduler.host_manager [None req-a5bee995-03f8-4c47-a218-72d9062e7537 be93051a199847ce84bb663efb65f7f6 33d7f298e2784c829b55dabec570ccd4 - - - -] volume service is down. (host: rack13-server67@lvm-1)
2025-01-14 19:25:46.649 7 WARNING cinder.scheduler.host_manager [None req-13607244-4461-43c8-832f-e169174b5f53 be93051a199847ce84bb663efb65f7f6 33d7f298e2784c829b55dabec570ccd4 - - - -] volume service is down. (host: rack13-server67@lvm-1)
2025-01-14 19:25:47.374 7 WARNING cinder.scheduler.host_manager [None req-47964a4b-80bd-4046-809a-3c16201b5076 be93051a199847ce84bb663efb65f7f6 33d7f298e2784c829b55dabec570ccd4 - - - -] volume service is down. (host: rack13-server67@lvm-1)
2025-01-14 19:25:53.261 7 WARNING cinder.scheduler.host_manager [None req-cf2125b1-4f44-4e73-abf7-3dbf4cca7caa a8cc347e72a8478a931cb12d6859a17c e125b6ff6b0145d1942dd3fb3baac510 - - - -] volume service is down. (host: rack13-server67@lvm-1)
2025-01-14 19:25:55.825 7 WARNING cinder.scheduler.host_manager [None req-753601eb-0d0a-4181-9e0b-2e4896a9b8eb a8cc347e72a8478a931cb12d6859a17c e125b6ff6b0145d1942dd3fb3baac510 - - - -] volume service is down. (host: rack13-server67@lvm-1)
2025-01-14 19:25:58.198 7 WARNING cinder.scheduler.host_manager [None req-fbff1547-7647-4a27-a6ee-10782444fe31 a8cc347e72a8478a931cb12d6859a17c e125b6ff6b0145d1942dd3fb3baac510 - - - -] volume service is down. (host: rack13-server67@lvm-1)
