Build Started 19_03_2024_08_35_04
2024-03-19 10:36:47.299 7 WARNING cinder.scheduler.host_manager [None req-9517fdb8-82b8-46ea-8e9b-a911b0c229b3 1277a1bf8c094eb9a75d150826a4409d 36b0e0b46acc4420beb8523908187d37 - - - -] volume service is down. (host: rack01-server63@lvm-1)
2024-03-19 10:36:47.368 7 WARNING cinder.scheduler.host_manager [req-430ac6fc-9f89-41b2-ad7c-7abcfea4ae8c req-fe89a2d6-bfb6-4fe4-bba2-e9840d76156e 98d912e5827d433a90d02ab24bfa16d5 d1c5489733824cd6ab506894ba2d6d01 - - - -] volume service is down. (host: rack01-server63@lvm-1)
2024-03-19 10:36:47.512 7 WARNING cinder.scheduler.host_manager [req-ced87461-f4b5-4de2-8155-ba81c907687f req-38631eaa-dbee-4ea2-a494-72431cb51986 6ddc323afe4a46f8b2ed8f2dd8f317b3 c0dfe05baac747a3a14cdef0fda231be - - - -] volume service is down. (host: rack01-server63@lvm-1)
2024-03-19 10:36:48.691 7 WARNING cinder.scheduler.host_manager [None req-32132efb-e42e-4c1f-a946-e67ddc5d17d4 1277a1bf8c094eb9a75d150826a4409d 36b0e0b46acc4420beb8523908187d37 - - - -] volume service is down. (host: rack01-server63@lvm-1)
2024-03-19 10:36:49.869 7 WARNING cinder.scheduler.host_manager [req-c43effb4-1315-4a17-a32a-a61481eb2a5d req-53bc63a4-ec19-4316-aa2f-7d26c8f58b76 98d912e5827d433a90d02ab24bfa16d5 d1c5489733824cd6ab506894ba2d6d01 - - - -] volume service is down. (host: rack01-server63@lvm-1)
2024-03-19 10:36:50.396 7 WARNING cinder.scheduler.host_manager [None req-ac132728-f6f6-48ee-bb82-654c61f3db50 1277a1bf8c094eb9a75d150826a4409d 36b0e0b46acc4420beb8523908187d37 - - - -] volume service is down. (host: rack01-server63@lvm-1)
2024-03-19 10:36:56.903 7 WARNING cinder.scheduler.host_manager [None req-9df25c75-0f60-46d5-b1c9-1b5d3105c404 3d32530603064a1c83422170b2993b78 0b3d79e4e45144b09f57e306654f74f0 - - - -] volume service is down. (host: rack01-server63@lvm-1)
2024-03-19 10:36:56.912 7 WARNING cinder.scheduler.host_manager [None req-9df25c75-0f60-46d5-b1c9-1b5d3105c404 3d32530603064a1c83422170b2993b78 0b3d79e4e45144b09f57e306654f74f0 - - - -] volume service is down. (host: rack01-server63@lvm-1)
2024-03-19 10:36:58.302 7 WARNING cinder.scheduler.host_manager [None req-fc931532-fdd3-435c-800e-58aff0d39e7c 3d32530603064a1c83422170b2993b78 0b3d79e4e45144b09f57e306654f74f0 - - - -] volume service is down. (host: rack01-server63@lvm-1)
2024-03-19 10:37:02.915 7 WARNING cinder.scheduler.host_manager [None req-88e6534f-7c65-43f1-874e-26cd10f9ba58 3d32530603064a1c83422170b2993b78 0b3d79e4e45144b09f57e306654f74f0 - - - -] volume service is down. (host: rack01-server63@lvm-1)
2024-03-19 10:37:03.876 7 WARNING cinder.scheduler.host_manager [None req-16532587-d2ac-48e5-b2cc-e32bbaeb99a3 85b19b20c7784cd08411f212315d3382 e9cf1cc0604049e09884242666bf794e - - - -] volume service is down. (host: rack01-server63@lvm-1)
2024-03-19 10:37:03.913 7 WARNING cinder.scheduler.host_manager [None req-b12b0df8-1370-498d-8b35-72a21a27fb75 85b19b20c7784cd08411f212315d3382 e9cf1cc0604049e09884242666bf794e - - - -] volume service is down. (host: rack01-server63@lvm-1)
2024-03-19 10:37:08.735 7 WARNING cinder.scheduler.host_manager [None req-8d9ff6d9-c3df-4935-8666-9ade1f14d01b 3d32530603064a1c83422170b2993b78 0b3d79e4e45144b09f57e306654f74f0 - - - -] volume service is down. (host: rack01-server63@lvm-1)
2024-03-19 10:37:08.773 7 WARNING cinder.scheduler.host_manager [None req-8d9ff6d9-c3df-4935-8666-9ade1f14d01b 3d32530603064a1c83422170b2993b78 0b3d79e4e45144b09f57e306654f74f0 - - - -] volume service is down. (host: rack01-server63@lvm-1)
2024-03-19 10:37:08.798 7 WARNING cinder.scheduler.host_manager [None req-73c05fbc-ca81-4c20-a1eb-add8dc5967fc a73b57babd14474cbe9ae4dafbe5af9b 7bbd09991a1346a79a12334f3be0dc34 - - - -] volume service is down. (host: rack01-server63@lvm-1)
2024-03-19 10:37:08.799 7 INFO cinder.scheduler.base_filter [None req-73c05fbc-ca81-4c20-a1eb-add8dc5967fc a73b57babd14474cbe9ae4dafbe5af9b 7bbd09991a1346a79a12334f3be0dc34 - - - -] Filtering removed all hosts for the request with volume ID '508a3654-86b9-4e6c-ad93-6859acfa01b6'. Filter results: AvailabilityZoneFilter: (start: 1, end: 1), CapacityFilter: (start: 1, end: 1), CapabilitiesFilter: (start: 1, end: 0)
2024-03-19 10:37:08.800 7 WARNING cinder.scheduler.filter_scheduler [None req-73c05fbc-ca81-4c20-a1eb-add8dc5967fc a73b57babd14474cbe9ae4dafbe5af9b 7bbd09991a1346a79a12334f3be0dc34 - - - -] No weighed backend found for volume with properties: {'id': 'e4dca515-5017-4a7f-85ed-02586001dbed', 'name': 'tempest-UserMessagesTest-volume-type-464151159', 'description': None, 'is_public': True, 'projects': [], 'extra_specs': {'storage_protocol': 'tempest-storage_protocol-151104799', 'vendor_name': 'tempest-vendor_name-916441238'}, 'qos_specs_id': None, 'created_at': '2024-03-19T08:37:08.000000', 'updated_at': None, 'deleted_at': None, 'deleted': False}
2024-03-19 10:37:08.800 7 INFO cinder.message.api [None req-73c05fbc-ca81-4c20-a1eb-add8dc5967fc a73b57babd14474cbe9ae4dafbe5af9b 7bbd09991a1346a79a12334f3be0dc34 - - - -] Creating message record for request_id = req-73c05fbc-ca81-4c20-a1eb-add8dc5967fc
2024-03-19 10:37:08.805 7 ERROR cinder.scheduler.flows.create_volume [None req-73c05fbc-ca81-4c20-a1eb-add8dc5967fc a73b57babd14474cbe9ae4dafbe5af9b 7bbd09991a1346a79a12334f3be0dc34 - - - -] Failed to run task cinder.scheduler.flows.create_volume.ScheduleCreateVolumeTask;volume:create: No valid backend was found. No weighed backends available: cinder.exception.NoValidBackend: No valid backend was found. No weighed backends available
2024-03-19 10:37:09.908 7 WARNING cinder.scheduler.host_manager [None req-7e2356bd-c883-444f-a436-e5744f63d038 c071ca8e462b4b85a0775c808f537bd2 e2faa1f27290444ea02ca015dabf2226 - - - -] volume service is down. (host: rack01-server63@lvm-1)
2024-03-19 10:37:09.918 7 WARNING cinder.scheduler.host_manager [None req-7e2356bd-c883-444f-a436-e5744f63d038 c071ca8e462b4b85a0775c808f537bd2 e2faa1f27290444ea02ca015dabf2226 - - - -] volume service is down. (host: rack01-server63@lvm-1)
2024-03-19 10:37:10.109 7 WARNING cinder.scheduler.host_manager [None req-fc578f93-2652-4be8-8b97-2507b3907dd4 3d32530603064a1c83422170b2993b78 0b3d79e4e45144b09f57e306654f74f0 - - - -] volume service is down. (host: rack01-server63@lvm-1)
2024-03-19 10:37:10.547 7 WARNING cinder.scheduler.host_manager [None req-595938dc-ecca-4368-a237-c67aa8225592 a73b57babd14474cbe9ae4dafbe5af9b 7bbd09991a1346a79a12334f3be0dc34 - - - -] volume service is down. (host: rack01-server63@lvm-1)
2024-03-19 10:37:10.548 7 INFO cinder.scheduler.base_filter [None req-595938dc-ecca-4368-a237-c67aa8225592 a73b57babd14474cbe9ae4dafbe5af9b 7bbd09991a1346a79a12334f3be0dc34 - - - -] Filtering removed all hosts for the request with volume ID 'eac6bbd1-ab57-4d21-9a4f-d5a02bda9c27'. Filter results: AvailabilityZoneFilter: (start: 1, end: 1), CapacityFilter: (start: 1, end: 1), CapabilitiesFilter: (start: 1, end: 0)
2024-03-19 10:37:10.549 7 WARNING cinder.scheduler.filter_scheduler [None req-595938dc-ecca-4368-a237-c67aa8225592 a73b57babd14474cbe9ae4dafbe5af9b 7bbd09991a1346a79a12334f3be0dc34 - - - -] No weighed backend found for volume with properties: {'id': 'abd384ce-17d5-4493-81eb-034c92208e75', 'name': 'tempest-UserMessagesTest-volume-type-248834024', 'description': None, 'is_public': True, 'projects': [], 'extra_specs': {'storage_protocol': 'tempest-storage_protocol-2054262763', 'vendor_name': 'tempest-vendor_name-1491783465'}, 'qos_specs_id': None, 'created_at': '2024-03-19T08:37:10.000000', 'updated_at': None, 'deleted_at': None, 'deleted': False}
2024-03-19 10:37:10.550 7 INFO cinder.message.api [None req-595938dc-ecca-4368-a237-c67aa8225592 a73b57babd14474cbe9ae4dafbe5af9b 7bbd09991a1346a79a12334f3be0dc34 - - - -] Creating message record for request_id = req-595938dc-ecca-4368-a237-c67aa8225592
2024-03-19 10:37:10.555 7 ERROR cinder.scheduler.flows.create_volume [None req-595938dc-ecca-4368-a237-c67aa8225592 a73b57babd14474cbe9ae4dafbe5af9b 7bbd09991a1346a79a12334f3be0dc34 - - - -] Failed to run task cinder.scheduler.flows.create_volume.ScheduleCreateVolumeTask;volume:create: No valid backend was found. No weighed backends available: cinder.exception.NoValidBackend: No valid backend was found. No weighed backends available
2024-03-19 10:37:11.309 7 WARNING cinder.scheduler.host_manager [None req-1b6cab99-9b66-4173-bf04-52c84b08b3c5 c071ca8e462b4b85a0775c808f537bd2 e2faa1f27290444ea02ca015dabf2226 - - - -] volume service is down. (host: rack01-server63@lvm-1)
2024-03-19 10:37:12.634 7 WARNING cinder.scheduler.host_manager [None req-a9dd6664-b712-4109-aba0-c7c3629b64e7 3d32530603064a1c83422170b2993b78 0b3d79e4e45144b09f57e306654f74f0 - - - -] volume service is down. (host: rack01-server63@lvm-1)
2024-03-19 10:37:24.794 7 WARNING cinder.scheduler.host_manager [None req-2b442931-a27a-4209-8da4-de5447f71a08 3d32530603064a1c83422170b2993b78 0b3d79e4e45144b09f57e306654f74f0 - - - -] volume service is down. (host: rack01-server63@lvm-1)
2024-03-19 10:37:24.804 7 WARNING cinder.scheduler.host_manager [None req-2b442931-a27a-4209-8da4-de5447f71a08 3d32530603064a1c83422170b2993b78 0b3d79e4e45144b09f57e306654f74f0 - - - -] volume service is down. (host: rack01-server63@lvm-1)
2024-03-19 10:37:26.164 7 WARNING cinder.scheduler.host_manager [None req-69d2d075-63cd-4870-b484-9a21f35a17ca 3d32530603064a1c83422170b2993b78 0b3d79e4e45144b09f57e306654f74f0 - - - -] volume service is down. (host: rack01-server63@lvm-1)
2024-03-19 10:37:30.659 7 WARNING cinder.scheduler.host_manager [None req-6d1937b5-2c98-4959-9c96-e47a36147019 f3a478de35d74ef88e22ea5dcb038a72 13835d164f6d46bf9d6a561fb2ac4dc9 - - - -] volume service is down. (host: rack01-server63@lvm-1)
2024-03-19 10:37:30.720 7 WARNING cinder.scheduler.host_manager [None req-1024d240-67bd-4e06-8dd3-6e96ef818a7a 69a3c4123c3e4ac2b8ff49a142bd71fc 09df6e2b6e674a53bb06aadfeffdf368 - - - -] volume service is down. (host: rack01-server63@lvm-1)
2024-03-19 10:37:30.728 7 WARNING cinder.scheduler.host_manager [None req-1024d240-67bd-4e06-8dd3-6e96ef818a7a 69a3c4123c3e4ac2b8ff49a142bd71fc 09df6e2b6e674a53bb06aadfeffdf368 - - - -] volume service is down. (host: rack01-server63@lvm-1)
2024-03-19 10:37:31.894 7 WARNING cinder.scheduler.host_manager [None req-991fff6c-e7a7-4044-b496-f2418caf4361 69a3c4123c3e4ac2b8ff49a142bd71fc 09df6e2b6e674a53bb06aadfeffdf368 - - - -] volume service is down. (host: rack01-server63@lvm-1)
2024-03-19 10:37:31.903 7 WARNING cinder.scheduler.host_manager [None req-991fff6c-e7a7-4044-b496-f2418caf4361 69a3c4123c3e4ac2b8ff49a142bd71fc 09df6e2b6e674a53bb06aadfeffdf368 - - - -] volume service is down. (host: rack01-server63@lvm-1)
2024-03-19 10:37:31.999 7 WARNING cinder.scheduler.host_manager [None req-70103fd8-23d0-4ae5-bde1-585c01f77603 f3a478de35d74ef88e22ea5dcb038a72 13835d164f6d46bf9d6a561fb2ac4dc9 - - - -] volume service is down. (host: rack01-server63@lvm-1)
2024-03-19 10:37:33.300 7 WARNING cinder.scheduler.host_manager [None req-a6a508a3-b64c-4cfa-92e3-41cb4a642788 69a3c4123c3e4ac2b8ff49a142bd71fc 09df6e2b6e674a53bb06aadfeffdf368 - - - -] volume service is down. (host: rack01-server63@lvm-1)
2024-03-19 10:37:38.678 7 WARNING cinder.scheduler.host_manager [None req-fba66e15-3e02-4bc4-a703-707bb711f1fe 69a3c4123c3e4ac2b8ff49a142bd71fc 09df6e2b6e674a53bb06aadfeffdf368 - - - -] volume service is down. (host: rack01-server63@lvm-1)
2024-03-19 10:37:38.686 7 WARNING cinder.scheduler.host_manager [None req-fba66e15-3e02-4bc4-a703-707bb711f1fe 69a3c4123c3e4ac2b8ff49a142bd71fc 09df6e2b6e674a53bb06aadfeffdf368 - - - -] volume service is down. (host: rack01-server63@lvm-1)
2024-03-19 10:37:40.054 7 WARNING cinder.scheduler.host_manager [None req-3dfecf44-e727-4e51-a814-150f41e215ca 69a3c4123c3e4ac2b8ff49a142bd71fc 09df6e2b6e674a53bb06aadfeffdf368 - - - -] volume service is down. (host: rack01-server63@lvm-1)
2024-03-19 10:37:42.549 7 WARNING cinder.scheduler.host_manager [None req-5fc6be3e-1832-4fc4-a429-e7e14d9c2ef8 69a3c4123c3e4ac2b8ff49a142bd71fc 09df6e2b6e674a53bb06aadfeffdf368 - - - -] volume service is down. (host: rack01-server63@lvm-1)
2024-03-19 10:37:46.478 7 WARNING cinder.scheduler.host_manager [None req-1b666eb7-812b-4f51-8084-76627df59ae1 4fc099a26ccc41089d9feffa0435e10e 6319a786faa9419a934606240b70b45e - - - -] volume service is down. (host: rack01-server63@lvm-1)
2024-03-19 10:37:49.020 7 WARNING cinder.scheduler.host_manager [None req-82810d53-701b-4743-a2df-a9ca0cdcbd6e 2ce94b53ab5d4f5890826e86f2d39b7d 91c202b5ea82437c90b64c45f9323dcd - - - -] volume service is down. (host: rack01-server63@lvm-1)
2024-03-19 10:37:49.026 7 WARNING cinder.scheduler.host_manager [None req-1252a45c-5791-4599-bdb2-66c9089dbf04 4fc099a26ccc41089d9feffa0435e10e 6319a786faa9419a934606240b70b45e - - - -] volume service is down. (host: rack01-server63@lvm-1)
2024-03-19 10:37:50.374 7 WARNING cinder.scheduler.host_manager [None req-641b880d-eefb-4ce1-8cf7-2022f187e196 4fc099a26ccc41089d9feffa0435e10e 6319a786faa9419a934606240b70b45e - - - -] volume service is down. (host: rack01-server63@lvm-1)
2024-03-19 10:37:51.603 7 WARNING cinder.scheduler.host_manager [None req-426a0a7c-597d-4211-b317-fbcc70a4fbbf 2ce94b53ab5d4f5890826e86f2d39b7d 91c202b5ea82437c90b64c45f9323dcd - - - -] volume service is down. (host: rack01-server63@lvm-1)
2024-03-19 10:37:53.098 7 WARNING cinder.scheduler.host_manager [None req-23ff8651-ce4a-44f6-85df-487a18689fc8 869b91cf0b024856836aa41800ca844d 0c2329f7cdc54f41bd23eb0893c70748 - - - -] volume service is down. (host: rack01-server63@lvm-1)
2024-03-19 10:37:54.616 7 WARNING cinder.scheduler.host_manager [None req-35bdd7d2-a841-44b4-8430-488918c66012 c61e10b449e24f99b630622397b24cfa 253108abaee84222a6f51a3efa114a39 - - - -] volume service is down. (host: rack01-server63@lvm-1)
2024-03-19 10:37:54.623 7 WARNING cinder.scheduler.host_manager [None req-35bdd7d2-a841-44b4-8430-488918c66012 c61e10b449e24f99b630622397b24cfa 253108abaee84222a6f51a3efa114a39 - - - -] volume service is down. (host: rack01-server63@lvm-1)
2024-03-19 10:37:56.067 7 WARNING cinder.scheduler.host_manager [None req-94767f0a-2c5e-43ff-b7c5-43fe80201063 c61e10b449e24f99b630622397b24cfa 253108abaee84222a6f51a3efa114a39 - - - -] volume service is down. (host: rack01-server63@lvm-1)
2024-03-19 10:37:58.279 7 WARNING cinder.scheduler.host_manager [None req-3b88d89e-1a89-458a-aa88-790213a60042 c61e10b449e24f99b630622397b24cfa 253108abaee84222a6f51a3efa114a39 - - - -] volume service is down. (host: rack01-server63@lvm-1)
2024-03-19 10:38:01.447 7 WARNING cinder.scheduler.host_manager [None req-0793c99f-68d7-4d08-bec1-dd04b7992d2b f50f64c764ec446aada651978ec949c9 d3f19a83f001422485bd6cc35f6f2581 - - - -] volume service is down. (host: rack01-server63@lvm-1)
2024-03-19 10:38:02.873 7 WARNING cinder.scheduler.host_manager [None req-836536b3-4704-4062-bfbb-75a0b6dfc855 94aff820e96e483399aeb86257727c5b 56558131e9614acb996e66d505e4075b - - - -] volume service is down. (host: rack01-server63@lvm-1)
2024-03-19 10:38:09.612 7 WARNING cinder.scheduler.host_manager [None req-641ac1df-790c-4718-a574-e68ccf41193a 6e8a7ece575e4582ab457adec330dfe7 46ef9e5037af440ba190684cb5a28422 - - - -] volume service is down. (host: rack01-server63@lvm-1)
2024-03-19 10:38:09.622 7 WARNING cinder.scheduler.host_manager [None req-641ac1df-790c-4718-a574-e68ccf41193a 6e8a7ece575e4582ab457adec330dfe7 46ef9e5037af440ba190684cb5a28422 - - - -] volume service is down. (host: rack01-server63@lvm-1)
2024-03-19 10:38:10.788 7 WARNING cinder.scheduler.host_manager [None req-9bf5d41c-3946-4536-94fe-1ba96449c385 8b5a2c13a73c415a84ccc1b358140197 8bc621092ea8425d91ce4a10bdaec93b - - - -] volume service is down. (host: rack01-server63@lvm-1)
2024-03-19 10:38:13.186 7 WARNING cinder.scheduler.host_manager [None req-3cc8c3e3-1f58-494e-89aa-11a96a4424fd 8b5a2c13a73c415a84ccc1b358140197 8bc621092ea8425d91ce4a10bdaec93b - - - -] volume service is down. (host: rack01-server63@lvm-1)
2024-03-19 10:38:17.778 7 WARNING cinder.scheduler.host_manager [None req-f813bd76-88ce-4cc3-9b55-06c1ecc53461 99e6fbd936ce450da25f90d903643dd8 4cfeef3ac4234ec297231b43e4400900 - - - -] volume service is down. (host: rack01-server63@lvm-1)
2024-03-19 10:38:18.437 7 WARNING cinder.scheduler.host_manager [None req-61852745-4f8d-46fa-a86e-85b4d11de1be bb58fd15ef6545a8921e1f0f770bec0a 7d8a7eb07be24ff5bf3a15b906e1eed4 - - - -] volume service is down. (host: rack01-server63@lvm-1)
2024-03-19 10:38:19.055 7 WARNING cinder.scheduler.host_manager [None req-6c7f2839-d3a8-4296-91b2-ed1d72203db6 99e6fbd936ce450da25f90d903643dd8 4cfeef3ac4234ec297231b43e4400900 - - - -] volume service is down. (host: rack01-server63@lvm-1)
2024-03-19 10:38:20.779 7 WARNING cinder.scheduler.host_manager [None req-9c1ea7c4-55ba-4f54-8e35-f8502a99c92a bb58fd15ef6545a8921e1f0f770bec0a 7d8a7eb07be24ff5bf3a15b906e1eed4 - - - -] volume service is down. (host: rack01-server63@lvm-1)
2024-03-19 10:38:23.442 7 WARNING cinder.scheduler.host_manager [None req-46a17513-843c-4257-9165-42967813bc1f bb58fd15ef6545a8921e1f0f770bec0a 7d8a7eb07be24ff5bf3a15b906e1eed4 - - - -] volume service is down. (host: rack01-server63@lvm-1)
2024-03-19 10:38:26.990 7 WARNING cinder.scheduler.host_manager [None req-c8673131-18a2-4d1c-b1f3-841202543d8e bb58fd15ef6545a8921e1f0f770bec0a 7d8a7eb07be24ff5bf3a15b906e1eed4 - - - -] volume service is down. (host: rack01-server63@lvm-1)
2024-03-19 10:38:27.707 7 WARNING cinder.scheduler.host_manager [None req-327363a7-18ab-4122-a21c-3cf4084e6ad6 88ae947bf1ed4156a049f553e03ee16a 1823bf00f96445cb8b228898dcc5e46c - - - -] volume service is down. (host: rack01-server63@lvm-1)
2024-03-19 10:38:30.540 7 WARNING cinder.scheduler.host_manager [None req-0f1fad66-da6e-406e-97ad-6ab047dc2953 bb58fd15ef6545a8921e1f0f770bec0a 7d8a7eb07be24ff5bf3a15b906e1eed4 - - - -] volume service is down. (host: rack01-server63@lvm-1)
2024-03-19 10:38:34.051 7 WARNING cinder.scheduler.host_manager [None req-8ec484b4-75ef-4579-8bac-b31d5e61bc30 bb58fd15ef6545a8921e1f0f770bec0a 7d8a7eb07be24ff5bf3a15b906e1eed4 - - - -] volume service is down. (host: rack01-server63@lvm-1)
2024-03-19 10:38:38.870 7 WARNING cinder.scheduler.host_manager [None req-0fc5c2bf-6fd0-44ab-b362-ebe7174e5cf7 080503c517684055ab1f9de668a7e420 3bc221ea2668437190e4f761467fc1cc - - - -] volume service is down. (host: rack01-server63@lvm-1)
2024-03-19 10:38:43.554 7 WARNING cinder.scheduler.host_manager [None req-c4eb05bb-7b72-49c5-b419-922ce6d58eec 080503c517684055ab1f9de668a7e420 3bc221ea2668437190e4f761467fc1cc - - - -] volume service is down. (host: rack01-server63@lvm-1)
2024-03-19 10:38:45.703 7 WARNING cinder.scheduler.host_manager [None req-868b561e-8fd3-4d6f-8e81-99edc66866ff f6d6cd6c40f64de58a63a01616b1412c d241b2856ca74b5fb2a6aa0f51cc71ac - - - -] volume service is down. (host: rack01-server63@lvm-1)
2024-03-19 10:38:47.538 7 WARNING cinder.scheduler.host_manager [None req-1b357ec9-e5ba-472a-bae2-e9f9941fc626 2ffa002d5dbd4b14b7840c4f323fcdcf 219e3d353e9943ab84101f23a6e3ad41 - - - -] volume service is down. (host: rack01-server63@lvm-1)
2024-03-19 10:38:52.091 7 WARNING cinder.scheduler.host_manager [None req-3e8cc68c-fc10-4690-940a-f705db86c770 e5c21fd807994b81bf8b32ec77c63173 280986fe0c4c4fe49e9773d81c12581c - - - -] volume service is down. (host: rack01-server63@lvm-1)
2024-03-19 10:38:54.024 7 WARNING cinder.scheduler.host_manager [None req-cbc27e97-1e97-4aff-96db-51987e2b2758 a512b497e12e405da3d100d3f7145d5e df9001274eb24d71a0a5ea829d031723 - - - -] volume service is down. (host: rack01-server63@lvm-1)
2024-03-19 10:38:54.182 7 WARNING cinder.scheduler.host_manager [None req-ace19dc0-1ea7-40a3-8542-c410a60f5394 14851c3ab88f45479b41356d49062f1c 887110861ff348af9a581708338412b6 - - - -] volume service is down. (host: rack01-server63@lvm-1)
2024-03-19 10:38:56.381 7 WARNING cinder.scheduler.host_manager [None req-a7a29a7a-74c4-413d-9609-5ad7c7eff87c a512b497e12e405da3d100d3f7145d5e df9001274eb24d71a0a5ea829d031723 - - - -] volume service is down. (host: rack01-server63@lvm-1)
2024-03-19 10:38:57.942 7 WARNING cinder.scheduler.host_manager [None req-607ce85e-388d-457d-9619-b47b759d848c 14851c3ab88f45479b41356d49062f1c 887110861ff348af9a581708338412b6 - - - -] volume service is down. (host: rack01-server63@lvm-1)
2024-03-19 10:38:58.636 7 WARNING cinder.scheduler.host_manager [None req-5c5a24d1-6619-42b0-9b5c-d5dcb67a1bd2 a512b497e12e405da3d100d3f7145d5e df9001274eb24d71a0a5ea829d031723 - - - -] volume service is down. (host: rack01-server63@lvm-1)
2024-03-19 10:39:02.337 7 WARNING cinder.scheduler.host_manager [None req-c2e9f8de-489b-4ea9-8425-7fc2493c5ada a512b497e12e405da3d100d3f7145d5e df9001274eb24d71a0a5ea829d031723 - - - -] volume service is down. (host: rack01-server63@lvm-1)
2024-03-19 10:39:04.629 7 WARNING cinder.scheduler.host_manager [None req-c071b8b8-908a-48ca-b13d-d6ec8d7269ba a512b497e12e405da3d100d3f7145d5e df9001274eb24d71a0a5ea829d031723 - - - -] volume service is down. (host: rack01-server63@lvm-1)
2024-03-19 10:39:05.001 7 WARNING cinder.scheduler.host_manager [None req-705080e8-827f-4a99-a3a9-7d7b63dbbe63 f6938f3f1a8a45daa14837b1ff92a3d4 7d7084ef28c54058ac92c79244498ece - - - -] volume service is down. (host: rack01-server63@lvm-1)
2024-03-19 10:39:06.997 7 WARNING cinder.scheduler.host_manager [None req-039f0d67-9836-4ba2-84d3-fc0ce473cf89 a512b497e12e405da3d100d3f7145d5e df9001274eb24d71a0a5ea829d031723 - - - -] volume service is down. (host: rack01-server63@lvm-1)
2024-03-19 10:39:13.684 7 WARNING cinder.scheduler.host_manager [None req-77cf6356-d07d-4d78-8207-b16c18a1faac f6938f3f1a8a45daa14837b1ff92a3d4 7d7084ef28c54058ac92c79244498ece - - - -] volume service is down. (host: rack01-server63@lvm-1)
2024-03-19 10:39:16.342 7 WARNING cinder.scheduler.host_manager [None req-4a0b6264-db50-4694-8211-ab805f1dc28d f6938f3f1a8a45daa14837b1ff92a3d4 7d7084ef28c54058ac92c79244498ece - - - -] volume service is down. (host: rack01-server63@lvm-1)
2024-03-19 10:39:18.381 7 WARNING cinder.scheduler.host_manager [None req-312015de-8bac-4053-82b7-0bea64d99ce5 b6bb8f051f484c4cbeff9caaf7b145e6 9b5c3b974f154088bce507ad047ffebb - - - -] volume service is down. (host: rack01-server63@lvm-1)
2024-03-19 10:39:18.659 7 WARNING cinder.scheduler.host_manager [None req-3f74b618-7e2d-4fdb-b98b-819c48c9d65e f6938f3f1a8a45daa14837b1ff92a3d4 7d7084ef28c54058ac92c79244498ece - - - -] volume service is down. (host: rack01-server63@lvm-1)
2024-03-19 10:39:19.061 7 WARNING cinder.scheduler.host_manager [None req-3490d34b-5efb-46ed-a193-d910b65b1731 8c26bbe4517a460da3f13c4bfdfb8e37 42a6792bff2f45bab1c7c67b954fe1e0 - - - -] volume service is down. (host: rack01-server63@lvm-1)
2024-03-19 10:39:20.888 7 WARNING cinder.scheduler.host_manager [None req-ff82f09e-caf5-41ef-aae6-6747edd1bfb6 f6938f3f1a8a45daa14837b1ff92a3d4 7d7084ef28c54058ac92c79244498ece - - - -] volume service is down. (host: rack01-server63@lvm-1)
2024-03-19 10:39:23.710 7 WARNING cinder.scheduler.host_manager [None req-614559ef-7ee8-41d4-a4b5-b919b5fec834 8c26bbe4517a460da3f13c4bfdfb8e37 42a6792bff2f45bab1c7c67b954fe1e0 - - - -] volume service is down. (host: rack01-server63@lvm-1)
2024-03-19 10:39:26.183 7 WARNING cinder.scheduler.host_manager [None req-b9d5ec24-fa1c-401b-8360-4ac596b73c92 b6bb8f051f484c4cbeff9caaf7b145e6 9b5c3b974f154088bce507ad047ffebb - - - -] volume service is down. (host: rack01-server63@lvm-1)
2024-03-19 10:39:28.143 7 WARNING cinder.scheduler.host_manager [None req-e088dcfd-c3bc-4b9a-a410-9141fcc81b28 721a011c16d744c6990ac1ead0797b0b 24f8163a0ac640dfbc51978a3e270b0f - - - -] volume service is down. (host: rack01-server63@lvm-1)
2024-03-19 10:39:30.808 7 WARNING cinder.scheduler.host_manager [None req-44d60baf-afea-4059-a18c-90b2bd0b9cd0 721a011c16d744c6990ac1ead0797b0b 24f8163a0ac640dfbc51978a3e270b0f - - - -] volume service is down. (host: rack01-server63@lvm-1)
2024-03-19 10:39:31.092 7 WARNING cinder.scheduler.host_manager [None req-759ea7b3-f016-4f46-b142-e8c351afcce2 b6bb8f051f484c4cbeff9caaf7b145e6 9b5c3b974f154088bce507ad047ffebb - - - -] volume service is down. (host: rack01-server63@lvm-1)
2024-03-19 10:39:31.615 7 WARNING cinder.scheduler.host_manager [None req-d0a5f96e-05ac-46c7-b155-47f223ca682b d3426eefa5f149cbaaf70bf2063f4481 e2fedecf92c24941bd691f38d44062d4 - - - -] volume service is down. (host: rack01-server63@lvm-1)
2024-03-19 10:39:33.562 7 WARNING cinder.scheduler.host_manager [None req-8dc81333-81ee-4949-9580-6df7ec9f0c2c b6bb8f051f484c4cbeff9caaf7b145e6 9b5c3b974f154088bce507ad047ffebb - - - -] volume service is down. (host: rack01-server63@lvm-1)
2024-03-19 10:39:35.639 7 WARNING cinder.scheduler.host_manager [None req-e5853e81-b37a-46d3-9bd6-f8036357d98e 721a011c16d744c6990ac1ead0797b0b 24f8163a0ac640dfbc51978a3e270b0f - - - -] volume service is down. (host: rack01-server63@lvm-1)
2024-03-19 10:39:37.043 7 WARNING cinder.scheduler.host_manager [None req-f282486a-9365-44aa-a378-e5bfdd16e531 721a011c16d744c6990ac1ead0797b0b 24f8163a0ac640dfbc51978a3e270b0f - - - -] volume service is down. (host: rack01-server63@lvm-1)
2024-03-19 10:39:37.762 7 WARNING cinder.scheduler.host_manager [None req-6732fe72-3d68-4404-bda6-2f83670f62dc 2c1c8ee517094c4cb44c09f78d67f6bf 921104105cd443d29bb1a3e0a346d6fe - - - -] volume service is down. (host: rack01-server63@lvm-1)
2024-03-19 10:39:40.083 7 WARNING cinder.scheduler.host_manager [None req-7f03927b-4d7e-4d08-aa2e-6ead6c04b22e 2c1c8ee517094c4cb44c09f78d67f6bf 921104105cd443d29bb1a3e0a346d6fe - - - -] volume service is down. (host: rack01-server63@lvm-1)
2024-03-19 10:39:40.834 7 WARNING cinder.scheduler.host_manager [None req-e15a4595-9dc3-4489-81f2-175258f40e8b 721a011c16d744c6990ac1ead0797b0b 24f8163a0ac640dfbc51978a3e270b0f - - - -] volume service is down. (host: rack01-server63@lvm-1)
2024-03-19 10:39:41.896 7 WARNING cinder.scheduler.host_manager [None req-ae5ab5fe-71b8-4b7f-915a-26ae96837c5d d690446af5204d0db432a8642bcaf52d c8cc195bec6b48f98b73b2a7e243ea15 - - - -] volume service is down. (host: rack01-server63@lvm-1)
2024-03-19 10:39:42.332 7 WARNING cinder.scheduler.host_manager [None req-cf7c3846-9633-42da-9864-aea3204ddeef 2c1c8ee517094c4cb44c09f78d67f6bf 921104105cd443d29bb1a3e0a346d6fe - - - -] volume service is down. (host: rack01-server63@lvm-1)
2024-03-19 10:39:43.282 7 WARNING cinder.scheduler.host_manager [None req-eb40da60-f6ff-4169-a070-5ba3d4856a26 d690446af5204d0db432a8642bcaf52d c8cc195bec6b48f98b73b2a7e243ea15 - - - -] volume service is down. (host: rack01-server63@lvm-1)
2024-03-19 10:39:44.551 7 WARNING cinder.scheduler.host_manager [None req-6a4a80a2-67ac-47b0-9bfd-55af684e614b 2c1c8ee517094c4cb44c09f78d67f6bf 921104105cd443d29bb1a3e0a346d6fe - - - -] volume service is down. (host: rack01-server63@lvm-1)
2024-03-19 10:39:45.714 7 WARNING cinder.scheduler.host_manager [None req-e31a4359-0cab-4a52-ac5b-bb8946031d95 d690446af5204d0db432a8642bcaf52d c8cc195bec6b48f98b73b2a7e243ea15 - - - -] volume service is down. (host: rack01-server63@lvm-1)
2024-03-19 10:39:47.035 7 WARNING cinder.scheduler.host_manager [None req-24f63fd8-da94-4406-8437-72d6959f5567 721a011c16d744c6990ac1ead0797b0b 24f8163a0ac640dfbc51978a3e270b0f - - - -] volume service is down. (host: rack01-server63@lvm-1)
2024-03-19 10:39:55.914 7 WARNING cinder.scheduler.host_manager [None req-d7a617f4-2773-42e7-8d8c-cb45e94daf9f 704b5b98541545deb2f7d0575ce101f5 c72b2457a2654519b6f8c682909c20e1 - - - -] volume service is down. (host: rack01-server63@lvm-1)
2024-03-19 10:39:56.148 7 WARNING cinder.scheduler.host_manager [None req-f83cff83-8a74-4ced-9bc1-e107e975736f 721a011c16d744c6990ac1ead0797b0b 24f8163a0ac640dfbc51978a3e270b0f - - - -] volume service is down. (host: rack01-server63@lvm-1)
2024-03-19 10:39:57.175 7 WARNING cinder.scheduler.host_manager [None req-04200fd1-6249-46ec-8d9b-9a273245cef6 704b5b98541545deb2f7d0575ce101f5 c72b2457a2654519b6f8c682909c20e1 - - - -] volume service is down. (host: rack01-server63@lvm-1)
2024-03-19 10:40:06.913 7 WARNING cinder.scheduler.host_manager [None req-21cc0007-0e17-45bd-87ac-116b9db47584 ae8a410f7ffa40e5b1cb24544d9c940f 0422d43857f84e9c8ffaad00e146bc47 - - - -] volume service is down. (host: rack01-server63@lvm-1)
2024-03-19 10:40:29.849 7 WARNING cinder.scheduler.host_manager [None req-4cf99460-aa00-45ed-b0e9-bcf1e6fa5929 0cc01a9e8ec64f49a402f63adc790568 b2be8c6548734ca097814d3f2270d4a1 - - - -] volume service is down. (host: rack01-server63@lvm-1)
2024-03-19 10:40:29.939 7 WARNING cinder.scheduler.host_manager [None req-48aaf046-ad1f-4f5f-8ac1-942c0c2a4cf3 56932ef3a7b64cf79f5af6b6150aa4f7 0eecac06ef7c44f09d522fd435672a2f - - - -] volume service is down. (host: rack01-server63@lvm-1)
2024-03-19 10:40:29.943 7 WARNING cinder.scheduler.host_manager [None req-c74f0f2b-d65e-42cb-afe3-ca0ce60635d8 16dbc5a443f444fbb71a894436302c03 2765c5e56e774d0b83ed4dfb60e8af9a - - - -] volume service is down. (host: rack01-server63@lvm-1)
2024-03-19 10:40:30.025 7 WARNING cinder.scheduler.host_manager [None req-f8b72941-545f-4dfe-ad9f-02d15ef47967 0cc01a9e8ec64f49a402f63adc790568 b2be8c6548734ca097814d3f2270d4a1 - - - -] volume service is down. (host: rack01-server63@lvm-1)
2024-03-19 10:40:30.268 7 WARNING cinder.scheduler.host_manager [None req-365cd6ee-6e57-47c3-a6b0-8f2af80f9457 0cc01a9e8ec64f49a402f63adc790568 b2be8c6548734ca097814d3f2270d4a1 - - - -] volume service is down. (host: rack01-server63@lvm-1)
2024-03-19 10:40:30.511 7 WARNING cinder.scheduler.host_manager [None req-53ba04f9-f321-4b8a-862d-a87b9998a7ce 0cc01a9e8ec64f49a402f63adc790568 b2be8c6548734ca097814d3f2270d4a1 - - - -] volume service is down. (host: rack01-server63@lvm-1)
2024-03-19 10:40:30.768 7 WARNING cinder.scheduler.host_manager [None req-e4725fa1-7727-4c16-ae97-2d8ceae6ab47 0cc01a9e8ec64f49a402f63adc790568 b2be8c6548734ca097814d3f2270d4a1 - - - -] volume service is down. (host: rack01-server63@lvm-1)
2024-03-19 10:40:31.219 7 WARNING cinder.scheduler.host_manager [None req-394b9b3b-ab30-49f0-bcd0-32e24e4e0f7f 56932ef3a7b64cf79f5af6b6150aa4f7 0eecac06ef7c44f09d522fd435672a2f - - - -] volume service is down. (host: rack01-server63@lvm-1)
2024-03-19 10:40:31.416 7 WARNING cinder.scheduler.host_manager [None req-f8962185-c36a-49a6-a4d1-013fa8ebed4d 56932ef3a7b64cf79f5af6b6150aa4f7 0eecac06ef7c44f09d522fd435672a2f - - - -] volume service is down. (host: rack01-server63@lvm-1)
2024-03-19 10:40:31.660 7 WARNING cinder.scheduler.host_manager [None req-eac5dd6d-8f4f-4b76-a344-1ab54aa74140 56932ef3a7b64cf79f5af6b6150aa4f7 0eecac06ef7c44f09d522fd435672a2f - - - -] volume service is down. (host: rack01-server63@lvm-1)
2024-03-19 10:40:31.890 7 WARNING cinder.scheduler.host_manager [None req-e47a28cf-725f-4788-8a33-9658ae7ca79f 56932ef3a7b64cf79f5af6b6150aa4f7 0eecac06ef7c44f09d522fd435672a2f - - - -] volume service is down. (host: rack01-server63@lvm-1)
2024-03-19 10:40:32.070 7 WARNING cinder.scheduler.host_manager [None req-7bc54430-920d-4ea6-ac0e-a7011ee1a074 56932ef3a7b64cf79f5af6b6150aa4f7 0eecac06ef7c44f09d522fd435672a2f - - - -] volume service is down. (host: rack01-server63@lvm-1)
2024-03-19 10:40:32.168 7 WARNING cinder.scheduler.host_manager [None req-8599dd02-9381-4a1b-96af-a4ca435bcf92 16dbc5a443f444fbb71a894436302c03 2765c5e56e774d0b83ed4dfb60e8af9a - - - -] volume service is down. (host: rack01-server63@lvm-1)
2024-03-19 10:40:34.547 7 WARNING cinder.scheduler.host_manager [None req-7e194ff7-78e9-4823-ba19-24878707a805 16dbc5a443f444fbb71a894436302c03 2765c5e56e774d0b83ed4dfb60e8af9a - - - -] volume service is down. (host: rack01-server63@lvm-1)
2024-03-19 10:40:34.775 7 WARNING cinder.scheduler.host_manager [None req-6601820b-912c-41bf-84b7-4171d9e9fb51 16dbc5a443f444fbb71a894436302c03 2765c5e56e774d0b83ed4dfb60e8af9a - - - -] volume service is down. (host: rack01-server63@lvm-1)
2024-03-19 10:40:35.004 7 WARNING cinder.scheduler.host_manager [None req-3cd5f0df-49e9-4c30-8954-9ac3bab880a6 16dbc5a443f444fbb71a894436302c03 2765c5e56e774d0b83ed4dfb60e8af9a - - - -] volume service is down. (host: rack01-server63@lvm-1)
2024-03-19 10:40:35.203 7 WARNING cinder.scheduler.host_manager [None req-a530ae6c-3439-411f-80be-02598733a4b6 16dbc5a443f444fbb71a894436302c03 2765c5e56e774d0b83ed4dfb60e8af9a - - - -] volume service is down. (host: rack01-server63@lvm-1)
2024-03-19 10:40:35.429 7 WARNING cinder.scheduler.host_manager [None req-26a42b96-2f67-4c89-93bc-e7a262acf7cf 16dbc5a443f444fbb71a894436302c03 2765c5e56e774d0b83ed4dfb60e8af9a - - - -] volume service is down. (host: rack01-server63@lvm-1)
2024-03-19 10:40:42.323 7 WARNING cinder.scheduler.host_manager [None req-160e3678-2e4e-4bad-8a8b-6f5f2e5d0256 469a60725c044d6c9688ac8f999a9b87 292acae9afee4141baacee0ccece83a8 - - - -] volume service is down. (host: rack01-server63@lvm-1)
2024-03-19 10:40:44.832 7 WARNING cinder.scheduler.host_manager [None req-50c449b5-d536-4806-86fe-ef1c5dc46af0 469a60725c044d6c9688ac8f999a9b87 292acae9afee4141baacee0ccece83a8 - - - -] volume service is down. (host: rack01-server63@lvm-1)
2024-03-19 10:40:46.154 7 WARNING cinder.scheduler.host_manager [None req-2f9d772e-c043-40df-9057-3ab5085bf2e0 469a60725c044d6c9688ac8f999a9b87 292acae9afee4141baacee0ccece83a8 - - - -] volume service is down. (host: rack01-server63@lvm-1)
