Build Started 15_02_2022_05_31_09
2022-02-15 07:31:45.181 7 INFO cinder.rpc [req-dc5b5c10-27d3-414c-be78-60bbaae0ec14 - - - - -] Automatically selected cinder-scheduler objects version 1.39 as minimum service version.
2022-02-15 07:31:45.185 7 INFO cinder.rpc [req-dc5b5c10-27d3-414c-be78-60bbaae0ec14 - - - - -] Automatically selected cinder-scheduler RPC version 3.12 as minimum service version.
2022-02-15 07:31:45.257 7 INFO cinder.volume.manager [req-dc5b5c10-27d3-414c-be78-60bbaae0ec14 - - - - -] Determined volume DB was empty at startup.
2022-02-15 07:31:45.279 7 ERROR cinder.cmd.volume [req-dc5b5c10-27d3-414c-be78-60bbaae0ec14 - - - - -] Volume service rack08-server51@LIGHTOSmttijp failed to start.: os_brick.exception.InvalidConnectorProtocol: Invalid InitiatorConnector protocol specified LIGHTOS
2022-02-15 07:31:45.279 7 ERROR cinder.cmd.volume Traceback (most recent call last):
2022-02-15 07:31:45.279 7 ERROR cinder.cmd.volume   File "/var/lib/kolla/venv/lib/python3.8/site-packages/cinder/cmd/volume.py", line 99, in _launch_service
2022-02-15 07:31:45.279 7 ERROR cinder.cmd.volume     server = service.Service.create(host=host,
2022-02-15 07:31:45.279 7 ERROR cinder.cmd.volume   File "/var/lib/kolla/venv/lib/python3.8/site-packages/cinder/service.py", line 394, in create
2022-02-15 07:31:45.279 7 ERROR cinder.cmd.volume     service_obj = cls(host, binary, topic, manager,
2022-02-15 07:31:45.279 7 ERROR cinder.cmd.volume   File "/var/lib/kolla/venv/lib/python3.8/site-packages/cinder/service.py", line 152, in __init__
2022-02-15 07:31:45.279 7 ERROR cinder.cmd.volume     self.manager = manager_class(host=self.host,
2022-02-15 07:31:45.279 7 ERROR cinder.cmd.volume   File "/var/lib/kolla/venv/lib/python3.8/site-packages/cinder/volume/manager.py", line 305, in __init__
2022-02-15 07:31:45.279 7 ERROR cinder.cmd.volume     self.driver = importutils.import_object(
2022-02-15 07:31:45.279 7 ERROR cinder.cmd.volume   File "/var/lib/kolla/venv/lib/python3.8/site-packages/oslo_utils/importutils.py", line 44, in import_object
2022-02-15 07:31:45.279 7 ERROR cinder.cmd.volume     return import_class(import_str)(*args, **kwargs)
2022-02-15 07:31:45.279 7 ERROR cinder.cmd.volume   File "/var/lib/kolla/venv/lib/python3.8/site-packages/cinder/volume/drivers/lightos.py", line 374, in __init__
2022-02-15 07:31:45.279 7 ERROR cinder.cmd.volume     self.connector = initiator_connector.factory(
2022-02-15 07:31:45.279 7 ERROR cinder.cmd.volume   File "/var/lib/kolla/venv/lib/python3.8/site-packages/os_brick/initiator/connector.py", line 306, in factory
2022-02-15 07:31:45.279 7 ERROR cinder.cmd.volume     raise exception.InvalidConnectorProtocol(msg)
2022-02-15 07:31:45.279 7 ERROR cinder.cmd.volume os_brick.exception.InvalidConnectorProtocol: Invalid InitiatorConnector protocol specified LIGHTOS
2022-02-15 07:31:45.279 7 ERROR cinder.cmd.volume 
2022-02-15 07:31:45.281 7 ERROR cinder.cmd.volume [req-dc5b5c10-27d3-414c-be78-60bbaae0ec14 - - - - -] No volume service(s) started successfully, terminating.
2022-02-15 07:32:04.782 7 INFO cinder.rpc [req-6c921813-447a-40f9-95d9-5e35ebddf07f - - - - -] Automatically selected cinder-scheduler objects version 1.39 as minimum service version.
2022-02-15 07:32:04.786 7 INFO cinder.rpc [req-6c921813-447a-40f9-95d9-5e35ebddf07f - - - - -] Automatically selected cinder-scheduler RPC version 3.12 as minimum service version.
2022-02-15 07:32:04.856 7 INFO cinder.volume.manager [req-6c921813-447a-40f9-95d9-5e35ebddf07f - - - - -] Determined volume DB was empty at startup.
2022-02-15 07:32:04.878 7 INFO cinder.volume.manager [req-6c921813-447a-40f9-95d9-5e35ebddf07f - - - - -] Image-volume cache disabled for host rack08-server51@LIGHTOSmttijp.
2022-02-15 07:32:04.895 7 INFO oslo_service.service [req-6c921813-447a-40f9-95d9-5e35ebddf07f - - - - -] Starting 1 workers
2022-02-15 07:32:04.905 24 INFO cinder.service [-] Starting cinder-volume node (version 19.1.0)
2022-02-15 07:32:04.925 24 INFO cinder.volume.manager [req-cae70eaf-9c59-457a-8051-00d533b9a47d - - - - -] Starting volume driver LightOSVolumeDriver (2.3.12)
2022-02-15 07:32:04.925 24 INFO cinder.volume.drivers.lightos [req-cae70eaf-9c59-457a-8051-00d533b9a47d - - - - -] Invoking get_cluster_info using GET url: /api/v2/clusterinfo             request.body: {} ssl_verify: False
2022-02-15 07:32:04.991 24 INFO cinder.volume.drivers.lightos [req-cae70eaf-9c59-457a-8051-00d533b9a47d - - - - -] Connected to LightOS cluster 9c889306-dae5-4479-9cb3-9136b2d2d49d subsysnqn nqn.2016-01.com.lightbitslabs:uuid:2df610f7-a728-4fa9-8ec0-3ecb55dad510
2022-02-15 07:32:04.991 24 INFO cinder.volume.drivers.lightos [req-cae70eaf-9c59-457a-8051-00d533b9a47d - - - - -] Invoking get_nodes using GET url: /api/v2/nodes             request.body: {} ssl_verify: False
2022-02-15 07:32:05.020 24 ERROR cinder.volume.manager [req-cae70eaf-9c59-457a-8051-00d533b9a47d - - - - -] Failed to initialize driver.: AttributeError: 'LightOSConnector' object has no attribute 'get_hostnqn'
2022-02-15 07:32:05.020 24 ERROR cinder.volume.manager Traceback (most recent call last):
2022-02-15 07:32:05.020 24 ERROR cinder.volume.manager   File "/var/lib/kolla/venv/lib/python3.8/site-packages/cinder/volume/manager.py", line 517, in _init_host
2022-02-15 07:32:05.020 24 ERROR cinder.volume.manager     self.driver.check_for_setup_error()
2022-02-15 07:32:05.020 24 ERROR cinder.volume.manager   File "/var/lib/kolla/venv/lib/python3.8/site-packages/cinder/volume/drivers/lightos.py", line 817, in check_for_setup_error
2022-02-15 07:32:05.020 24 ERROR cinder.volume.manager     hostnqn = self.connector.get_hostnqn()
2022-02-15 07:32:05.020 24 ERROR cinder.volume.manager AttributeError: 'LightOSConnector' object has no attribute 'get_hostnqn'
2022-02-15 07:32:05.020 24 ERROR cinder.volume.manager 
2022-02-15 07:32:06.025 24 INFO cinder.volume.manager [req-cae70eaf-9c59-457a-8051-00d533b9a47d - - - - -] Starting volume driver LightOSVolumeDriver (2.3.12)
2022-02-15 07:32:06.026 24 INFO cinder.volume.drivers.lightos [req-cae70eaf-9c59-457a-8051-00d533b9a47d - - - - -] Invoking get_cluster_info using GET url: /api/v2/clusterinfo             request.body: {} ssl_verify: False
2022-02-15 07:32:06.090 24 INFO cinder.volume.drivers.lightos [req-cae70eaf-9c59-457a-8051-00d533b9a47d - - - - -] Connected to LightOS cluster 9c889306-dae5-4479-9cb3-9136b2d2d49d subsysnqn nqn.2016-01.com.lightbitslabs:uuid:2df610f7-a728-4fa9-8ec0-3ecb55dad510
2022-02-15 07:32:06.091 24 INFO cinder.volume.drivers.lightos [req-cae70eaf-9c59-457a-8051-00d533b9a47d - - - - -] Invoking get_nodes using GET url: /api/v2/nodes             request.body: {} ssl_verify: False
2022-02-15 07:32:06.119 24 ERROR cinder.volume.manager [req-cae70eaf-9c59-457a-8051-00d533b9a47d - - - - -] Failed to initialize driver.: AttributeError: 'LightOSConnector' object has no attribute 'get_hostnqn'
2022-02-15 07:32:06.119 24 ERROR cinder.volume.manager Traceback (most recent call last):
2022-02-15 07:32:06.119 24 ERROR cinder.volume.manager   File "/var/lib/kolla/venv/lib/python3.8/site-packages/cinder/volume/manager.py", line 517, in _init_host
2022-02-15 07:32:06.119 24 ERROR cinder.volume.manager     self.driver.check_for_setup_error()
2022-02-15 07:32:06.119 24 ERROR cinder.volume.manager   File "/var/lib/kolla/venv/lib/python3.8/site-packages/cinder/volume/drivers/lightos.py", line 817, in check_for_setup_error
2022-02-15 07:32:06.119 24 ERROR cinder.volume.manager     hostnqn = self.connector.get_hostnqn()
2022-02-15 07:32:06.119 24 ERROR cinder.volume.manager AttributeError: 'LightOSConnector' object has no attribute 'get_hostnqn'
2022-02-15 07:32:06.119 24 ERROR cinder.volume.manager 
2022-02-15 07:32:08.122 24 INFO cinder.volume.manager [req-cae70eaf-9c59-457a-8051-00d533b9a47d - - - - -] Starting volume driver LightOSVolumeDriver (2.3.12)
2022-02-15 07:32:08.123 24 INFO cinder.volume.drivers.lightos [req-cae70eaf-9c59-457a-8051-00d533b9a47d - - - - -] Invoking get_cluster_info using GET url: /api/v2/clusterinfo             request.body: {} ssl_verify: False
2022-02-15 07:32:08.177 24 INFO cinder.volume.drivers.lightos [req-cae70eaf-9c59-457a-8051-00d533b9a47d - - - - -] Connected to LightOS cluster 9c889306-dae5-4479-9cb3-9136b2d2d49d subsysnqn nqn.2016-01.com.lightbitslabs:uuid:2df610f7-a728-4fa9-8ec0-3ecb55dad510
2022-02-15 07:32:08.177 24 INFO cinder.volume.drivers.lightos [req-cae70eaf-9c59-457a-8051-00d533b9a47d - - - - -] Invoking get_nodes using GET url: /api/v2/nodes             request.body: {} ssl_verify: False
2022-02-15 07:32:08.206 24 ERROR cinder.volume.manager [req-cae70eaf-9c59-457a-8051-00d533b9a47d - - - - -] Failed to initialize driver.: AttributeError: 'LightOSConnector' object has no attribute 'get_hostnqn'
2022-02-15 07:32:08.206 24 ERROR cinder.volume.manager Traceback (most recent call last):
2022-02-15 07:32:08.206 24 ERROR cinder.volume.manager   File "/var/lib/kolla/venv/lib/python3.8/site-packages/cinder/volume/manager.py", line 517, in _init_host
2022-02-15 07:32:08.206 24 ERROR cinder.volume.manager     self.driver.check_for_setup_error()
2022-02-15 07:32:08.206 24 ERROR cinder.volume.manager   File "/var/lib/kolla/venv/lib/python3.8/site-packages/cinder/volume/drivers/lightos.py", line 817, in check_for_setup_error
2022-02-15 07:32:08.206 24 ERROR cinder.volume.manager     hostnqn = self.connector.get_hostnqn()
2022-02-15 07:32:08.206 24 ERROR cinder.volume.manager AttributeError: 'LightOSConnector' object has no attribute 'get_hostnqn'
2022-02-15 07:32:08.206 24 ERROR cinder.volume.manager 
2022-02-15 07:32:12.209 24 INFO cinder.volume.manager [req-cae70eaf-9c59-457a-8051-00d533b9a47d - - - - -] Starting volume driver LightOSVolumeDriver (2.3.12)
2022-02-15 07:32:12.210 24 INFO cinder.volume.drivers.lightos [req-cae70eaf-9c59-457a-8051-00d533b9a47d - - - - -] Invoking get_cluster_info using GET url: /api/v2/clusterinfo             request.body: {} ssl_verify: False
2022-02-15 07:32:12.262 24 INFO cinder.volume.drivers.lightos [req-cae70eaf-9c59-457a-8051-00d533b9a47d - - - - -] Connected to LightOS cluster 9c889306-dae5-4479-9cb3-9136b2d2d49d subsysnqn nqn.2016-01.com.lightbitslabs:uuid:2df610f7-a728-4fa9-8ec0-3ecb55dad510
2022-02-15 07:32:12.263 24 INFO cinder.volume.drivers.lightos [req-cae70eaf-9c59-457a-8051-00d533b9a47d - - - - -] Invoking get_nodes using GET url: /api/v2/nodes             request.body: {} ssl_verify: False
2022-02-15 07:32:12.292 24 ERROR cinder.volume.manager [req-cae70eaf-9c59-457a-8051-00d533b9a47d - - - - -] Failed to initialize driver.: AttributeError: 'LightOSConnector' object has no attribute 'get_hostnqn'
2022-02-15 07:32:12.292 24 ERROR cinder.volume.manager Traceback (most recent call last):
2022-02-15 07:32:12.292 24 ERROR cinder.volume.manager   File "/var/lib/kolla/venv/lib/python3.8/site-packages/cinder/volume/manager.py", line 517, in _init_host
2022-02-15 07:32:12.292 24 ERROR cinder.volume.manager     self.driver.check_for_setup_error()
2022-02-15 07:32:12.292 24 ERROR cinder.volume.manager   File "/var/lib/kolla/venv/lib/python3.8/site-packages/cinder/volume/drivers/lightos.py", line 817, in check_for_setup_error
2022-02-15 07:32:12.292 24 ERROR cinder.volume.manager     hostnqn = self.connector.get_hostnqn()
2022-02-15 07:32:12.292 24 ERROR cinder.volume.manager AttributeError: 'LightOSConnector' object has no attribute 'get_hostnqn'
2022-02-15 07:32:12.292 24 ERROR cinder.volume.manager 
2022-02-15 07:32:12.369 24 INFO cinder.volume.manager [req-cae70eaf-9c59-457a-8051-00d533b9a47d - - - - -] Initializing RPC dependent components of volume driver LightOSVolumeDriver (2.3.12)
2022-02-15 07:32:12.370 24 ERROR cinder.volume.volume_utils [req-cae70eaf-9c59-457a-8051-00d533b9a47d - - - - -] Volume driver LightOSVolumeDriver not initialized
2022-02-15 07:32:12.370 24 ERROR cinder.volume.manager [req-cae70eaf-9c59-457a-8051-00d533b9a47d - - - - -] Cannot complete RPC initialization because driver isn't initialized properly.: cinder.exception.DriverNotInitialized: Volume driver not ready.
2022-02-15 07:32:22.372 24 ERROR cinder.service [-] Manager for service cinder-volume rack08-server51@LIGHTOSmttijp is reporting problems, not sending heartbeat. Service will appear "down".
2022-02-15 07:32:32.375 24 ERROR cinder.service [-] Manager for service cinder-volume rack08-server51@LIGHTOSmttijp is reporting problems, not sending heartbeat. Service will appear "down".
2022-02-15 07:32:42.376 24 ERROR cinder.service [-] Manager for service cinder-volume rack08-server51@LIGHTOSmttijp is reporting problems, not sending heartbeat. Service will appear "down".
2022-02-15 07:32:52.377 24 ERROR cinder.service [-] Manager for service cinder-volume rack08-server51@LIGHTOSmttijp is reporting problems, not sending heartbeat. Service will appear "down".
2022-02-15 07:33:02.378 24 ERROR cinder.service [-] Manager for service cinder-volume rack08-server51@LIGHTOSmttijp is reporting problems, not sending heartbeat. Service will appear "down".
2022-02-15 07:33:10.372 24 WARNING cinder.volume.manager [req-9a559b82-ba3d-4198-8d74-3ec0ac73dbda - - - - -] Update driver status failed: (config name LIGHTOSmttijp) is uninitialized.
2022-02-15 07:33:12.379 24 ERROR cinder.service [-] Manager for service cinder-volume rack08-server51@LIGHTOSmttijp is reporting problems, not sending heartbeat. Service will appear "down".
2022-02-15 07:33:22.380 24 ERROR cinder.service [-] Manager for service cinder-volume rack08-server51@LIGHTOSmttijp is reporting problems, not sending heartbeat. Service will appear "down".
2022-02-15 07:33:32.382 24 ERROR cinder.service [-] Manager for service cinder-volume rack08-server51@LIGHTOSmttijp is reporting problems, not sending heartbeat. Service will appear "down".
2022-02-15 07:33:42.384 24 ERROR cinder.service [-] Manager for service cinder-volume rack08-server51@LIGHTOSmttijp is reporting problems, not sending heartbeat. Service will appear "down".
2022-02-15 07:33:52.385 24 ERROR cinder.service [-] Manager for service cinder-volume rack08-server51@LIGHTOSmttijp is reporting problems, not sending heartbeat. Service will appear "down".
2022-02-15 07:34:02.386 24 ERROR cinder.service [-] Manager for service cinder-volume rack08-server51@LIGHTOSmttijp is reporting problems, not sending heartbeat. Service will appear "down".
2022-02-15 07:34:10.374 24 WARNING cinder.volume.manager [req-9a559b82-ba3d-4198-8d74-3ec0ac73dbda - - - - -] Update driver status failed: (config name LIGHTOSmttijp) is uninitialized.
2022-02-15 07:34:12.386 24 ERROR cinder.service [-] Manager for service cinder-volume rack08-server51@LIGHTOSmttijp is reporting problems, not sending heartbeat. Service will appear "down".
2022-02-15 07:34:22.388 24 ERROR cinder.service [-] Manager for service cinder-volume rack08-server51@LIGHTOSmttijp is reporting problems, not sending heartbeat. Service will appear "down".
2022-02-15 07:34:32.389 24 ERROR cinder.service [-] Manager for service cinder-volume rack08-server51@LIGHTOSmttijp is reporting problems, not sending heartbeat. Service will appear "down".
2022-02-15 07:34:42.390 24 ERROR cinder.service [-] Manager for service cinder-volume rack08-server51@LIGHTOSmttijp is reporting problems, not sending heartbeat. Service will appear "down".
2022-02-15 07:34:52.391 24 ERROR cinder.service [-] Manager for service cinder-volume rack08-server51@LIGHTOSmttijp is reporting problems, not sending heartbeat. Service will appear "down".
2022-02-15 07:35:02.392 24 ERROR cinder.service [-] Manager for service cinder-volume rack08-server51@LIGHTOSmttijp is reporting problems, not sending heartbeat. Service will appear "down".
2022-02-15 07:35:10.376 24 WARNING cinder.volume.manager [req-9a559b82-ba3d-4198-8d74-3ec0ac73dbda - - - - -] Update driver status failed: (config name LIGHTOSmttijp) is uninitialized.
2022-02-15 07:35:12.394 24 ERROR cinder.service [-] Manager for service cinder-volume rack08-server51@LIGHTOSmttijp is reporting problems, not sending heartbeat. Service will appear "down".
2022-02-15 07:35:22.395 24 ERROR cinder.service [-] Manager for service cinder-volume rack08-server51@LIGHTOSmttijp is reporting problems, not sending heartbeat. Service will appear "down".
2022-02-15 07:35:32.397 24 ERROR cinder.service [-] Manager for service cinder-volume rack08-server51@LIGHTOSmttijp is reporting problems, not sending heartbeat. Service will appear "down".
