Build Started 14_01_2025_10_01_46
2025-01-14 10:02:49.965 7 WARNING cinder.scheduler.host_manager [req-68d6e598-3123-4c76-bb73-dc83c36143bc req-2e0443d4-3e18-43af-b451-923d51fed45d 343ce59661c143cfa03bc91a6122b580 6e6cc603c8274d96ba083b6cab69ab22 - - - -] volume service is down. (host: rack13-server67@lvm-1)
2025-01-14 10:02:50.995 7 WARNING cinder.scheduler.host_manager [None req-621e73b2-300a-4bc5-8630-490dfcf093f8 ccbab5a5a1104ad69be49a9919b5f2e3 cd32d62045634fdbaf1d4b07b63b1718 - - - -] volume service is down. (host: rack13-server67@lvm-1)
2025-01-14 10:02:51.526 7 WARNING cinder.scheduler.host_manager [None req-062e64f5-9db7-4807-a147-91ef3db0c6f4 ccbab5a5a1104ad69be49a9919b5f2e3 cd32d62045634fdbaf1d4b07b63b1718 - - - -] volume service is down. (host: rack13-server67@lvm-1)
2025-01-14 10:02:52.519 7 WARNING cinder.scheduler.host_manager [req-7b9da3b5-3142-418f-89e3-00d9a4e2be49 req-1797e5bf-85d8-4fa6-8686-b68a7d22dc5e 343ce59661c143cfa03bc91a6122b580 6e6cc603c8274d96ba083b6cab69ab22 - - - -] volume service is down. (host: rack13-server67@lvm-1)
2025-01-14 10:02:57.762 7 WARNING cinder.scheduler.host_manager [None req-53bbffe8-0ea8-437b-b3c0-55744044d770 c7fa14756c8c4301afb21126d318737d 75fad65221ec4759895e0203da64fa78 - - - -] volume service is down. (host: rack13-server67@lvm-1)
2025-01-14 10:02:57.770 7 WARNING cinder.scheduler.host_manager [None req-53bbffe8-0ea8-437b-b3c0-55744044d770 c7fa14756c8c4301afb21126d318737d 75fad65221ec4759895e0203da64fa78 - - - -] volume service is down. (host: rack13-server67@lvm-1)
2025-01-14 10:02:59.161 7 WARNING cinder.scheduler.host_manager [None req-92fa9fd1-4a87-41d9-bc0f-7d320959a0bd dd46cb4edb1e49f18d60ab68d960574a e38e2e3924754d42a83640b48a8c7ee0 - - - -] volume service is down. (host: rack13-server67@lvm-1)
2025-01-14 10:02:59.169 7 WARNING cinder.scheduler.host_manager [None req-92fa9fd1-4a87-41d9-bc0f-7d320959a0bd dd46cb4edb1e49f18d60ab68d960574a e38e2e3924754d42a83640b48a8c7ee0 - - - -] volume service is down. (host: rack13-server67@lvm-1)
2025-01-14 10:03:00.450 7 WARNING cinder.scheduler.host_manager [req-ddcf8fd4-d48f-412e-b1e2-57f89e35eb0b req-9c844bf0-d976-4962-af0d-899924123b68 441481941864458683e005733c6fcbe1 7fd11df8602143ea8d23f7921375b718 - - - -] volume service is down. (host: rack13-server67@lvm-1)
2025-01-14 10:03:00.613 7 WARNING cinder.scheduler.host_manager [None req-f4a315e6-9404-4661-b50f-85c8f45c9da2 dd46cb4edb1e49f18d60ab68d960574a e38e2e3924754d42a83640b48a8c7ee0 - - - -] volume service is down. (host: rack13-server67@lvm-1)
2025-01-14 10:03:05.455 7 WARNING cinder.scheduler.host_manager [None req-8a7f0340-5b72-451e-b7a7-aecb8fbacc97 dd46cb4edb1e49f18d60ab68d960574a e38e2e3924754d42a83640b48a8c7ee0 - - - -] volume service is down. (host: rack13-server67@lvm-1)
2025-01-14 10:03:06.147 7 WARNING cinder.scheduler.host_manager [None req-0a6d0b1c-5593-48e0-a4e6-2a104f69fb29 a702720e672340d986a7f42b3ef67674 7f75b3c12b5f465da19bd60847f00d8b - - - -] volume service is down. (host: rack13-server67@lvm-1)
2025-01-14 10:03:07.765 7 WARNING cinder.scheduler.host_manager [None req-760682b5-a881-4d5a-bdae-fbf0cbb6a35a 2ad5544f1e254b0f9e2bb7b7a3a0ec20 5fad7c22617e4f899e7e028079de297b - - - -] volume service is down. (host: rack13-server67@lvm-1)
2025-01-14 10:03:10.317 7 WARNING cinder.scheduler.host_manager [None req-5e000024-0426-42c2-858e-978cbd9c17a3 2ad5544f1e254b0f9e2bb7b7a3a0ec20 5fad7c22617e4f899e7e028079de297b - - - -] volume service is down. (host: rack13-server67@lvm-1)
2025-01-14 10:03:12.792 7 WARNING cinder.scheduler.host_manager [None req-184ddf4e-5024-4b44-86ce-acb3395bd1c0 2ad5544f1e254b0f9e2bb7b7a3a0ec20 5fad7c22617e4f899e7e028079de297b - - - -] volume service is down. (host: rack13-server67@lvm-1)
2025-01-14 10:03:13.923 7 WARNING cinder.scheduler.host_manager [None req-ed72b882-d402-479d-bcd4-d12ff39fb58e dd46cb4edb1e49f18d60ab68d960574a e38e2e3924754d42a83640b48a8c7ee0 - - - -] volume service is down. (host: rack13-server67@lvm-1)
2025-01-14 10:03:13.930 7 WARNING cinder.scheduler.host_manager [None req-ed72b882-d402-479d-bcd4-d12ff39fb58e dd46cb4edb1e49f18d60ab68d960574a e38e2e3924754d42a83640b48a8c7ee0 - - - -] volume service is down. (host: rack13-server67@lvm-1)
2025-01-14 10:03:15.308 7 WARNING cinder.scheduler.host_manager [None req-f163aa28-0a02-4f1f-892c-16203cb2619b dd46cb4edb1e49f18d60ab68d960574a e38e2e3924754d42a83640b48a8c7ee0 - - - -] volume service is down. (host: rack13-server67@lvm-1)
2025-01-14 10:03:15.884 7 WARNING cinder.scheduler.host_manager [None req-bc696594-2124-4095-8660-02656174751e b66f532e7b854584b7770b8678577a5d bb67b348dee94922b8893f25b76bb5a6 - - - -] volume service is down. (host: rack13-server67@lvm-1)
2025-01-14 10:03:17.875 7 WARNING cinder.scheduler.host_manager [None req-1b3817eb-0ceb-4b69-81d4-8454c7412b73 dd46cb4edb1e49f18d60ab68d960574a e38e2e3924754d42a83640b48a8c7ee0 - - - -] volume service is down. (host: rack13-server67@lvm-1)
2025-01-14 10:03:19.696 7 WARNING cinder.scheduler.host_manager [None req-88c4a32a-e678-486d-af43-9c2a453a5171 b66f532e7b854584b7770b8678577a5d bb67b348dee94922b8893f25b76bb5a6 - - - -] volume service is down. (host: rack13-server67@lvm-1)
2025-01-14 10:03:31.338 7 WARNING cinder.scheduler.host_manager [None req-aea9ad19-923f-4a20-a734-c524aede3ee6 dd46cb4edb1e49f18d60ab68d960574a e38e2e3924754d42a83640b48a8c7ee0 - - - -] volume service is down. (host: rack13-server67@lvm-1)
2025-01-14 10:03:31.345 7 WARNING cinder.scheduler.host_manager [None req-aea9ad19-923f-4a20-a734-c524aede3ee6 dd46cb4edb1e49f18d60ab68d960574a e38e2e3924754d42a83640b48a8c7ee0 - - - -] volume service is down. (host: rack13-server67@lvm-1)
2025-01-14 10:03:32.433 7 WARNING cinder.scheduler.host_manager [None req-fe22bc81-0767-4116-bf68-f63371b80509 5d39d92e53664dff8383efeee1f716ef eaed5e387c2548e3a4777278d747fe90 - - - -] volume service is down. (host: rack13-server67@lvm-1)
2025-01-14 10:03:33.025 7 WARNING cinder.scheduler.host_manager [None req-796e5d7d-6079-4d0a-90f1-9dcb749479a0 dd46cb4edb1e49f18d60ab68d960574a e38e2e3924754d42a83640b48a8c7ee0 - - - -] volume service is down. (host: rack13-server67@lvm-1)
2025-01-14 10:03:35.410 7 WARNING cinder.scheduler.host_manager [None req-53f3b4e6-f866-4400-ac66-4c94be382096 f884eeb703384e81bb70fcf4247b4f54 45b2ae7794434e64a6b9631acc260d5a - - - -] volume service is down. (host: rack13-server67@lvm-1)
2025-01-14 10:03:37.801 7 WARNING cinder.scheduler.host_manager [None req-718e50d7-a607-457c-acf3-d41246563fc1 f884eeb703384e81bb70fcf4247b4f54 45b2ae7794434e64a6b9631acc260d5a - - - -] volume service is down. (host: rack13-server67@lvm-1)
2025-01-14 10:03:40.612 7 WARNING cinder.scheduler.host_manager [None req-2fdebd50-c848-4763-b119-50b7aeafeb97 f884eeb703384e81bb70fcf4247b4f54 45b2ae7794434e64a6b9631acc260d5a - - - -] volume service is down. (host: rack13-server67@lvm-1)
2025-01-14 10:03:44.237 7 WARNING cinder.scheduler.host_manager [None req-415af293-84f1-4781-b961-0082f2ff1876 f884eeb703384e81bb70fcf4247b4f54 45b2ae7794434e64a6b9631acc260d5a - - - -] volume service is down. (host: rack13-server67@lvm-1)
2025-01-14 10:03:46.411 7 WARNING cinder.scheduler.host_manager [None req-e4e18db9-4ab2-466e-b82f-17f971012271 1c556e5d79d04adf9012f2fab3a9d1ee 497f2987c80d48c3b8f7233f1975f570 - - - -] volume service is down. (host: rack13-server67@lvm-1)
2025-01-14 10:03:46.419 7 WARNING cinder.scheduler.host_manager [None req-e4e18db9-4ab2-466e-b82f-17f971012271 1c556e5d79d04adf9012f2fab3a9d1ee 497f2987c80d48c3b8f7233f1975f570 - - - -] volume service is down. (host: rack13-server67@lvm-1)
2025-01-14 10:03:47.792 7 WARNING cinder.scheduler.host_manager [None req-2f5fb3af-c295-44e0-8fbb-0667834156e2 f884eeb703384e81bb70fcf4247b4f54 45b2ae7794434e64a6b9631acc260d5a - - - -] volume service is down. (host: rack13-server67@lvm-1)
2025-01-14 10:03:48.072 7 WARNING cinder.scheduler.host_manager [None req-686d45b7-dda6-4b90-9a6f-ad94c0240d27 1c556e5d79d04adf9012f2fab3a9d1ee 497f2987c80d48c3b8f7233f1975f570 - - - -] volume service is down. (host: rack13-server67@lvm-1)
2025-01-14 10:03:49.556 7 WARNING cinder.scheduler.host_manager [None req-40818308-c425-4179-ba24-600769854d86 fc966711cf1143068441dec13b5b931b 0466575e44e540ccb0fbaeb59b9f747d - - - -] volume service is down. (host: rack13-server67@lvm-1)
2025-01-14 10:03:51.378 7 WARNING cinder.scheduler.host_manager [None req-b0ad4038-2b38-4d75-bf32-edb5852d6e19 f884eeb703384e81bb70fcf4247b4f54 45b2ae7794434e64a6b9631acc260d5a - - - -] volume service is down. (host: rack13-server67@lvm-1)
2025-01-14 10:03:51.876 7 WARNING cinder.scheduler.host_manager [None req-ea811466-54e6-4323-b0d0-5256be94298d fc966711cf1143068441dec13b5b931b 0466575e44e540ccb0fbaeb59b9f747d - - - -] volume service is down. (host: rack13-server67@lvm-1)
2025-01-14 10:04:08.017 7 WARNING cinder.scheduler.host_manager [None req-557ba428-7903-4766-b796-a8740c7dc588 a2c8bf2ab5464c6db795586d47acc621 364e86515f90445988aedb69f1524f64 - - - -] volume service is down. (host: rack13-server67@lvm-1)
2025-01-14 10:04:08.024 7 WARNING cinder.scheduler.host_manager [None req-557ba428-7903-4766-b796-a8740c7dc588 a2c8bf2ab5464c6db795586d47acc621 364e86515f90445988aedb69f1524f64 - - - -] volume service is down. (host: rack13-server67@lvm-1)
2025-01-14 10:04:09.232 7 WARNING cinder.scheduler.host_manager [None req-f5243e70-ba81-4309-a4a3-b39c06be6496 a2c8bf2ab5464c6db795586d47acc621 364e86515f90445988aedb69f1524f64 - - - -] volume service is down. (host: rack13-server67@lvm-1)
2025-01-14 10:04:09.240 7 WARNING cinder.scheduler.host_manager [None req-f5243e70-ba81-4309-a4a3-b39c06be6496 a2c8bf2ab5464c6db795586d47acc621 364e86515f90445988aedb69f1524f64 - - - -] volume service is down. (host: rack13-server67@lvm-1)
2025-01-14 10:04:09.692 7 WARNING cinder.scheduler.host_manager [None req-ffbade78-02b3-4a5b-b4c7-886fbc5a530b bd81de242a774a7d86acb2c68442b21a 65aac71aee0c46369e7797fac5b3a6b8 - - - -] volume service is down. (host: rack13-server67@lvm-1)
2025-01-14 10:04:10.670 7 WARNING cinder.scheduler.host_manager [None req-71ca957a-39c8-4bfa-b640-f2d4ee74bf62 a2c8bf2ab5464c6db795586d47acc621 364e86515f90445988aedb69f1524f64 - - - -] volume service is down. (host: rack13-server67@lvm-1)
2025-01-14 10:04:12.157 7 WARNING cinder.scheduler.host_manager [None req-2d89c1f7-878e-45f7-94ca-88ca1a7400bb bd81de242a774a7d86acb2c68442b21a 65aac71aee0c46369e7797fac5b3a6b8 - - - -] volume service is down. (host: rack13-server67@lvm-1)
2025-01-14 10:04:16.424 7 WARNING cinder.scheduler.host_manager [None req-f8177c54-145e-43d8-830f-678f41e37656 a2c8bf2ab5464c6db795586d47acc621 364e86515f90445988aedb69f1524f64 - - - -] volume service is down. (host: rack13-server67@lvm-1)
2025-01-14 10:04:16.433 7 WARNING cinder.scheduler.host_manager [None req-f8177c54-145e-43d8-830f-678f41e37656 a2c8bf2ab5464c6db795586d47acc621 364e86515f90445988aedb69f1524f64 - - - -] volume service is down. (host: rack13-server67@lvm-1)
2025-01-14 10:04:17.106 7 WARNING cinder.scheduler.host_manager [None req-23463d53-03ff-406c-be0e-924d4f94ef0f a946d22af21a4e30aa7ca602c1a7d0e3 3ab67cbfc9b14651bfbf7420e6f4e201 - - - -] volume service is down. (host: rack13-server67@lvm-1)
2025-01-14 10:04:17.836 7 WARNING cinder.scheduler.host_manager [None req-ececb279-5480-4132-96ae-4d0675e4888c a2c8bf2ab5464c6db795586d47acc621 364e86515f90445988aedb69f1524f64 - - - -] volume service is down. (host: rack13-server67@lvm-1)
2025-01-14 10:04:19.647 7 WARNING cinder.scheduler.host_manager [None req-b9c5dc65-d1cf-4696-b24b-61286317c5f0 a946d22af21a4e30aa7ca602c1a7d0e3 3ab67cbfc9b14651bfbf7420e6f4e201 - - - -] volume service is down. (host: rack13-server67@lvm-1)
2025-01-14 10:04:20.400 7 WARNING cinder.scheduler.host_manager [None req-63c3179d-754a-4ea1-913b-d6c1054bb11c a2c8bf2ab5464c6db795586d47acc621 364e86515f90445988aedb69f1524f64 - - - -] volume service is down. (host: rack13-server67@lvm-1)
2025-01-14 10:04:21.110 7 WARNING cinder.scheduler.host_manager [None req-46399b12-2825-4dbc-899c-f1c7c5ac62a3 973334dce6b749e5a70c5b2c966ef594 431c949c5fed40c48fc5985158f6373b - - - -] volume service is down. (host: rack13-server67@lvm-1)
2025-01-14 10:04:22.203 7 WARNING cinder.scheduler.host_manager [None req-b29ce334-33d0-4285-87ec-030d9329fb45 a946d22af21a4e30aa7ca602c1a7d0e3 3ab67cbfc9b14651bfbf7420e6f4e201 - - - -] volume service is down. (host: rack13-server67@lvm-1)
2025-01-14 10:04:24.913 7 WARNING cinder.scheduler.host_manager [None req-1e69a4a9-af47-44d0-acc5-63356ddc5b06 c5cef669a2c04b8b8295aedd23fee713 295219f32bfc4eb2b1f08fc8b89b779b - - - -] volume service is down. (host: rack13-server67@lvm-1)
2025-01-14 10:04:32.617 7 WARNING cinder.scheduler.host_manager [None req-bd953c03-b538-40fd-a486-b3dd6b3429e8 a354d293eb754f19960ba48328bc9264 70242fee50c144c0b66699cfeaa4fd46 - - - -] volume service is down. (host: rack13-server67@lvm-1)
2025-01-14 10:04:32.625 7 WARNING cinder.scheduler.host_manager [None req-bd953c03-b538-40fd-a486-b3dd6b3429e8 a354d293eb754f19960ba48328bc9264 70242fee50c144c0b66699cfeaa4fd46 - - - -] volume service is down. (host: rack13-server67@lvm-1)
2025-01-14 10:04:34.081 7 WARNING cinder.scheduler.host_manager [None req-512f4052-ebbc-49a4-b8f6-211324002fde a354d293eb754f19960ba48328bc9264 70242fee50c144c0b66699cfeaa4fd46 - - - -] volume service is down. (host: rack13-server67@lvm-1)
2025-01-14 10:04:36.471 7 WARNING cinder.scheduler.host_manager [None req-55cf000b-7f06-43fa-9ddc-14b8cc749702 a354d293eb754f19960ba48328bc9264 70242fee50c144c0b66699cfeaa4fd46 - - - -] volume service is down. (host: rack13-server67@lvm-1)
2025-01-14 10:04:38.169 7 WARNING cinder.scheduler.host_manager [None req-970968ee-c9c3-498c-a093-dc01aaacebae a9cefeaf9e3d466faf47b3a29cab7412 312ab6aae7894ac799e16c334ef58c34 - - - -] volume service is down. (host: rack13-server67@lvm-1)
2025-01-14 10:04:42.159 7 WARNING cinder.scheduler.host_manager [None req-2ba84ed7-a0de-42a9-9b02-451404c30113 a16f1fa82125431fa509950ff161c4e4 50ac68c6d2eb489ca0b3cecc10f6dacb - - - -] volume service is down. (host: rack13-server67@lvm-1)
2025-01-14 10:04:49.923 7 WARNING cinder.scheduler.host_manager [None req-8631cbda-acc3-400a-8fee-326240a5ab31 80221f65267a4bb888cf1d638f4764b8 0bfc76a0ed8140f1bc209088ec1d79e9 - - - -] volume service is down. (host: rack13-server67@lvm-1)
2025-01-14 10:04:49.924 7 INFO cinder.scheduler.base_filter [None req-8631cbda-acc3-400a-8fee-326240a5ab31 80221f65267a4bb888cf1d638f4764b8 0bfc76a0ed8140f1bc209088ec1d79e9 - - - -] Filtering removed all hosts for the request with volume ID '11627dee-3f5d-4d58-baf5-d8592b2cd858'. Filter results: AvailabilityZoneFilter: (start: 1, end: 1), CapacityFilter: (start: 1, end: 1), CapabilitiesFilter: (start: 1, end: 0)
2025-01-14 10:04:49.925 7 WARNING cinder.scheduler.filter_scheduler [None req-8631cbda-acc3-400a-8fee-326240a5ab31 80221f65267a4bb888cf1d638f4764b8 0bfc76a0ed8140f1bc209088ec1d79e9 - - - -] No weighed backend found for volume with properties: {'id': 'd43c319d-3d3c-49a8-9fd6-b99dbeddb107', 'name': 'tempest-UserMessagesTest-volume-type-1080663447', 'description': None, 'is_public': True, 'projects': [], 'extra_specs': {'storage_protocol': 'tempest-storage_protocol-70947896', 'vendor_name': 'tempest-vendor_name-267410341'}, 'qos_specs_id': None, 'created_at': '2025-01-14T10:04:49.000000', 'updated_at': None, 'deleted_at': None, 'deleted': False}
2025-01-14 10:04:49.926 7 INFO cinder.message.api [None req-8631cbda-acc3-400a-8fee-326240a5ab31 80221f65267a4bb888cf1d638f4764b8 0bfc76a0ed8140f1bc209088ec1d79e9 - - - -] Creating message record for request_id = req-8631cbda-acc3-400a-8fee-326240a5ab31
2025-01-14 10:04:49.931 7 ERROR cinder.scheduler.flows.create_volume [None req-8631cbda-acc3-400a-8fee-326240a5ab31 80221f65267a4bb888cf1d638f4764b8 0bfc76a0ed8140f1bc209088ec1d79e9 - - - -] Failed to run task cinder.scheduler.flows.create_volume.ScheduleCreateVolumeTask;volume:create: No valid backend was found. No weighed backends available: cinder.exception.NoValidBackend: No valid backend was found. No weighed backends available
2025-01-14 10:04:51.799 7 WARNING cinder.scheduler.host_manager [None req-e27e64aa-8e19-4a52-8650-7965c03398fd 80221f65267a4bb888cf1d638f4764b8 0bfc76a0ed8140f1bc209088ec1d79e9 - - - -] volume service is down. (host: rack13-server67@lvm-1)
2025-01-14 10:04:51.800 7 INFO cinder.scheduler.base_filter [None req-e27e64aa-8e19-4a52-8650-7965c03398fd 80221f65267a4bb888cf1d638f4764b8 0bfc76a0ed8140f1bc209088ec1d79e9 - - - -] Filtering removed all hosts for the request with volume ID 'b044fe8b-676e-4543-ade6-ab7d71aa7deb'. Filter results: AvailabilityZoneFilter: (start: 1, end: 1), CapacityFilter: (start: 1, end: 1), CapabilitiesFilter: (start: 1, end: 0)
2025-01-14 10:04:51.800 7 WARNING cinder.scheduler.filter_scheduler [None req-e27e64aa-8e19-4a52-8650-7965c03398fd 80221f65267a4bb888cf1d638f4764b8 0bfc76a0ed8140f1bc209088ec1d79e9 - - - -] No weighed backend found for volume with properties: {'id': '1ee43bc8-2de9-483c-b0fc-bfa0bf646240', 'name': 'tempest-UserMessagesTest-volume-type-136315842', 'description': None, 'is_public': True, 'projects': [], 'extra_specs': {'storage_protocol': 'tempest-storage_protocol-2045492981', 'vendor_name': 'tempest-vendor_name-788775902'}, 'qos_specs_id': None, 'created_at': '2025-01-14T10:04:51.000000', 'updated_at': None, 'deleted_at': None, 'deleted': False}
2025-01-14 10:04:51.801 7 INFO cinder.message.api [None req-e27e64aa-8e19-4a52-8650-7965c03398fd 80221f65267a4bb888cf1d638f4764b8 0bfc76a0ed8140f1bc209088ec1d79e9 - - - -] Creating message record for request_id = req-e27e64aa-8e19-4a52-8650-7965c03398fd
2025-01-14 10:04:51.806 7 ERROR cinder.scheduler.flows.create_volume [None req-e27e64aa-8e19-4a52-8650-7965c03398fd 80221f65267a4bb888cf1d638f4764b8 0bfc76a0ed8140f1bc209088ec1d79e9 - - - -] Failed to run task cinder.scheduler.flows.create_volume.ScheduleCreateVolumeTask;volume:create: No valid backend was found. No weighed backends available: cinder.exception.NoValidBackend: No valid backend was found. No weighed backends available
2025-01-14 10:04:53.061 7 WARNING cinder.scheduler.host_manager [None req-63dbb553-7b0e-45e0-bf09-e614778ab6eb d19fde3dff6a4bbe93bbfb833bebecab 7d86e340926f4ad3941656a8fca57844 - - - -] volume service is down. (host: rack13-server67@lvm-1)
2025-01-14 10:04:53.482 7 WARNING cinder.scheduler.host_manager [None req-1993534a-8fd1-487b-bb42-e2449ba904b1 0f6a7cd3836d4ff5b941db55b5203b9c 13e2e1bfd3264464be45a57fc18a1511 - - - -] volume service is down. (host: rack13-server67@lvm-1)
2025-01-14 10:04:55.414 7 WARNING cinder.scheduler.host_manager [None req-0ed2a04d-4501-462a-8d37-c684248332bc d19fde3dff6a4bbe93bbfb833bebecab 7d86e340926f4ad3941656a8fca57844 - - - -] volume service is down. (host: rack13-server67@lvm-1)
2025-01-14 10:04:57.697 7 WARNING cinder.scheduler.host_manager [None req-00a43c37-3767-47b4-9563-2e32fb86b501 d19fde3dff6a4bbe93bbfb833bebecab 7d86e340926f4ad3941656a8fca57844 - - - -] volume service is down. (host: rack13-server67@lvm-1)
2025-01-14 10:04:59.131 7 WARNING cinder.scheduler.host_manager [None req-84791d48-e5da-4774-b3a1-f17389265e0d 0f6a7cd3836d4ff5b941db55b5203b9c 13e2e1bfd3264464be45a57fc18a1511 - - - -] volume service is down. (host: rack13-server67@lvm-1)
2025-01-14 10:05:01.388 7 WARNING cinder.scheduler.host_manager [None req-f558d1fc-7af2-435f-a612-023f56f910ec d19fde3dff6a4bbe93bbfb833bebecab 7d86e340926f4ad3941656a8fca57844 - - - -] volume service is down. (host: rack13-server67@lvm-1)
2025-01-14 10:05:03.703 7 WARNING cinder.scheduler.host_manager [None req-e6f34595-76f3-490a-9bc0-4971d3e6f62f d19fde3dff6a4bbe93bbfb833bebecab 7d86e340926f4ad3941656a8fca57844 - - - -] volume service is down. (host: rack13-server67@lvm-1)
2025-01-14 10:05:06.195 7 WARNING cinder.scheduler.host_manager [None req-8a7f8119-a828-402f-9019-314db17964e4 d19fde3dff6a4bbe93bbfb833bebecab 7d86e340926f4ad3941656a8fca57844 - - - -] volume service is down. (host: rack13-server67@lvm-1)
2025-01-14 10:05:07.127 7 WARNING cinder.scheduler.host_manager [None req-26338c62-41b1-498a-8607-26f59e2f3269 a22601c20ec94381a32affc663f4cb50 c049b75d5e884d7eacc6d14fcfa55c34 - - - -] volume service is down. (host: rack13-server67@lvm-1)
2025-01-14 10:05:15.876 7 WARNING cinder.scheduler.host_manager [None req-9b86e008-7a70-45f9-a1a4-c15453f043b5 a22601c20ec94381a32affc663f4cb50 c049b75d5e884d7eacc6d14fcfa55c34 - - - -] volume service is down. (host: rack13-server67@lvm-1)
2025-01-14 10:05:16.281 7 WARNING cinder.scheduler.host_manager [None req-f6ad0a46-0b12-4627-a153-fe6654a971e0 eece1ad59608426e97c99b875181f480 42272a1ecb0142b39101258d4347982e - - - -] volume service is down. (host: rack13-server67@lvm-1)
2025-01-14 10:05:18.303 7 WARNING cinder.scheduler.host_manager [None req-8fde915f-84ee-41dd-a363-b5a80acbdbd7 a97e1af4a8e8439280fc8b95950c044f 12d5518406e94fa8ad99786a5ce5075c - - - -] volume service is down. (host: rack13-server67@lvm-1)
2025-01-14 10:05:18.569 7 WARNING cinder.scheduler.host_manager [None req-fb0863f7-b1d1-4e44-a1bb-40cf96da1fff a22601c20ec94381a32affc663f4cb50 c049b75d5e884d7eacc6d14fcfa55c34 - - - -] volume service is down. (host: rack13-server67@lvm-1)
2025-01-14 10:05:18.641 7 WARNING cinder.scheduler.host_manager [None req-34798ea3-acb3-4d9a-93e3-46e39826e732 eece1ad59608426e97c99b875181f480 42272a1ecb0142b39101258d4347982e - - - -] volume service is down. (host: rack13-server67@lvm-1)
2025-01-14 10:05:20.936 7 WARNING cinder.scheduler.host_manager [None req-679a33d6-0d0e-45ec-aee8-f793681846e1 a22601c20ec94381a32affc663f4cb50 c049b75d5e884d7eacc6d14fcfa55c34 - - - -] volume service is down. (host: rack13-server67@lvm-1)
2025-01-14 10:05:23.246 7 WARNING cinder.scheduler.host_manager [None req-045b16a1-6bbf-43ec-871e-02c7b9271de8 a22601c20ec94381a32affc663f4cb50 c049b75d5e884d7eacc6d14fcfa55c34 - - - -] volume service is down. (host: rack13-server67@lvm-1)
2025-01-14 10:05:24.236 7 WARNING cinder.scheduler.host_manager [None req-0ad67958-c67f-4569-bf9d-d299e8a93231 a97e1af4a8e8439280fc8b95950c044f 12d5518406e94fa8ad99786a5ce5075c - - - -] volume service is down. (host: rack13-server67@lvm-1)
2025-01-14 10:05:29.330 7 WARNING cinder.scheduler.host_manager [None req-89ab812b-25ed-4959-8d3c-ef2665282f29 788e42ad23ea4714a6eeba337fcaea0d e7db391c130444aca48cc98dbb622e13 - - - -] volume service is down. (host: rack13-server67@lvm-1)
2025-01-14 10:05:31.033 7 WARNING cinder.scheduler.host_manager [None req-8c896ea0-cc31-4a3a-8a4d-59471a894fea 267a6b444515437693ca6e0d0f44ccf2 34a1dfc0ab014f05b1e06d4b5c1f9a72 - - - -] volume service is down. (host: rack13-server67@lvm-1)
2025-01-14 10:05:32.406 7 WARNING cinder.scheduler.host_manager [None req-fcdec8f0-a84d-47d6-b7cf-2f3d36318706 5953114d05d94e5486e3593a96eeb18f efc853758db44dd2a33c55c60dcf7cf4 - - - -] volume service is down. (host: rack13-server67@lvm-1)
2025-01-14 10:05:33.831 7 WARNING cinder.scheduler.host_manager [None req-1f3f05af-b9f0-443b-8480-12492f155f7f 267a6b444515437693ca6e0d0f44ccf2 34a1dfc0ab014f05b1e06d4b5c1f9a72 - - - -] volume service is down. (host: rack13-server67@lvm-1)
2025-01-14 10:05:38.609 7 WARNING cinder.scheduler.host_manager [None req-6d0cc2e9-b09f-4ec8-a55c-aea9bb82d165 267a6b444515437693ca6e0d0f44ccf2 34a1dfc0ab014f05b1e06d4b5c1f9a72 - - - -] volume service is down. (host: rack13-server67@lvm-1)
2025-01-14 10:05:40.102 7 WARNING cinder.scheduler.host_manager [None req-0b053049-b677-46c6-a0da-047e76299260 86be148ddf6d4f6ebdbdb29718abdc90 4147789fbac245a1a158e99215169dcd - - - -] volume service is down. (host: rack13-server67@lvm-1)
2025-01-14 10:05:41.133 7 WARNING cinder.scheduler.host_manager [None req-3278c5e5-157c-4ced-8bfa-d3f870fcb6f2 267a6b444515437693ca6e0d0f44ccf2 34a1dfc0ab014f05b1e06d4b5c1f9a72 - - - -] volume service is down. (host: rack13-server67@lvm-1)
2025-01-14 10:05:41.343 7 WARNING cinder.scheduler.host_manager [None req-8877af8d-219b-414c-ad79-c3e5455ca577 5953114d05d94e5486e3593a96eeb18f efc853758db44dd2a33c55c60dcf7cf4 - - - -] volume service is down. (host: rack13-server67@lvm-1)
2025-01-14 10:05:44.993 7 WARNING cinder.scheduler.host_manager [None req-f8056e70-a84d-404c-bcb2-42e77d0459f9 267a6b444515437693ca6e0d0f44ccf2 34a1dfc0ab014f05b1e06d4b5c1f9a72 - - - -] volume service is down. (host: rack13-server67@lvm-1)
2025-01-14 10:05:45.971 7 WARNING cinder.scheduler.host_manager [None req-d1ac2082-328d-48a3-bb6e-f31ccaae2645 86be148ddf6d4f6ebdbdb29718abdc90 4147789fbac245a1a158e99215169dcd - - - -] volume service is down. (host: rack13-server67@lvm-1)
2025-01-14 10:05:47.329 7 WARNING cinder.scheduler.host_manager [None req-0df52c77-363c-41a1-a0bf-e201abeb20ef 5953114d05d94e5486e3593a96eeb18f efc853758db44dd2a33c55c60dcf7cf4 - - - -] volume service is down. (host: rack13-server67@lvm-1)
2025-01-14 10:05:49.881 7 WARNING cinder.scheduler.host_manager [None req-638b3af6-9672-4268-a48f-16052434e152 5953114d05d94e5486e3593a96eeb18f efc853758db44dd2a33c55c60dcf7cf4 - - - -] volume service is down. (host: rack13-server67@lvm-1)
2025-01-14 10:05:51.178 7 WARNING cinder.scheduler.host_manager [None req-aa0bbc2b-0fda-4155-bad4-6fecb5c72e84 267a6b444515437693ca6e0d0f44ccf2 34a1dfc0ab014f05b1e06d4b5c1f9a72 - - - -] volume service is down. (host: rack13-server67@lvm-1)
2025-01-14 10:05:54.038 7 WARNING cinder.scheduler.host_manager [None req-1186c160-1011-4085-8d3b-84d6667740e9 29eed8c1b23c400abe2db80f11a16c53 3f175bfb556a4515b2eb4acb3d9b2076 - - - -] volume service is down. (host: rack13-server67@lvm-1)
2025-01-14 10:05:59.627 7 WARNING cinder.scheduler.host_manager [None req-fb9aceb8-e1fe-4e17-81f3-dda7a6c92853 04d38ee9ee2a46d2b16721ac378a5e9a 64633489a2f3449f98646899a7052735 - - - -] volume service is down. (host: rack13-server67@lvm-1)
2025-01-14 10:06:00.301 7 WARNING cinder.scheduler.host_manager [None req-e7342a26-6270-4d17-88c6-0f82b9b3df86 267a6b444515437693ca6e0d0f44ccf2 34a1dfc0ab014f05b1e06d4b5c1f9a72 - - - -] volume service is down. (host: rack13-server67@lvm-1)
2025-01-14 10:06:04.813 7 WARNING cinder.scheduler.host_manager [None req-9bcaf1b7-e5c1-484e-b566-dc14d73573b2 f31c32ccf953480bbf1035e10a1110b6 a234f9590bbc46d68cf7e21d365db025 - - - -] volume service is down. (host: rack13-server67@lvm-1)
2025-01-14 10:06:07.365 7 WARNING cinder.scheduler.host_manager [None req-197f850f-5367-457a-a347-6140ba88b916 f31c32ccf953480bbf1035e10a1110b6 a234f9590bbc46d68cf7e21d365db025 - - - -] volume service is down. (host: rack13-server67@lvm-1)
2025-01-14 10:06:09.940 7 WARNING cinder.scheduler.host_manager [None req-8d883c6f-42ac-4b72-925b-e206a3f52adb f31c32ccf953480bbf1035e10a1110b6 a234f9590bbc46d68cf7e21d365db025 - - - -] volume service is down. (host: rack13-server67@lvm-1)
2025-01-14 10:06:20.884 7 WARNING cinder.scheduler.host_manager [None req-19f46f29-07b9-4b2e-8667-315288742f53 f0894f0eb1074a918f30c0c5e17bff82 0eceaaace9404863b090a350bf1e2496 - - - -] volume service is down. (host: rack13-server67@lvm-1)
2025-01-14 10:06:23.292 7 WARNING cinder.scheduler.host_manager [None req-7eb35742-604a-4ad2-8c59-66c800733760 f0894f0eb1074a918f30c0c5e17bff82 0eceaaace9404863b090a350bf1e2496 - - - -] volume service is down. (host: rack13-server67@lvm-1)
2025-01-14 10:06:25.585 7 WARNING cinder.scheduler.host_manager [None req-919320d2-1a7e-4b94-b40b-f5e5707cee2c f0894f0eb1074a918f30c0c5e17bff82 0eceaaace9404863b090a350bf1e2496 - - - -] volume service is down. (host: rack13-server67@lvm-1)
2025-01-14 10:06:27.871 7 WARNING cinder.scheduler.host_manager [None req-c48aa981-b8eb-4228-a1e2-92b7689ec6c8 f0894f0eb1074a918f30c0c5e17bff82 0eceaaace9404863b090a350bf1e2496 - - - -] volume service is down. (host: rack13-server67@lvm-1)
2025-01-14 10:06:30.340 7 WARNING cinder.scheduler.host_manager [None req-1930080e-d994-45a6-8595-7204e7266bbf 7ce961f6b5c5484091f72903fbbf0464 64c1e6d7fa7645628aa9bd1f41882bdd - - - -] volume service is down. (host: rack13-server67@lvm-1)
2025-01-14 10:06:32.668 7 WARNING cinder.scheduler.host_manager [None req-9508cee2-2748-4be4-a37b-5982a555b573 7ce961f6b5c5484091f72903fbbf0464 64c1e6d7fa7645628aa9bd1f41882bdd - - - -] volume service is down. (host: rack13-server67@lvm-1)
2025-01-14 10:06:45.533 7 WARNING cinder.scheduler.host_manager [None req-ba395855-e051-4e22-a6f1-25b602134e13 df50844328ab4ae59c5ad0c3c07ee2cb 1a8a50ed088742cfa6fb2eef0c6d00e4 - - - -] volume service is down. (host: rack13-server67@lvm-1)
2025-01-14 10:06:45.561 7 WARNING cinder.scheduler.host_manager [None req-d3c480f2-293c-483c-bd7e-60093f715ae5 da9edde0c2ec47c69d2f9b103a9d72db 7b6cf89e91664d9d97133d8770b4d3e1 - - - -] volume service is down. (host: rack13-server67@lvm-1)
2025-01-14 10:06:45.574 7 WARNING cinder.scheduler.host_manager [None req-55d1511d-0cce-4b9c-bd80-05ca282ea38d cf63012d63cc46dcb319391aa813191e 01f4aabc3d3e4692a0ac20c637d713f7 - - - -] volume service is down. (host: rack13-server67@lvm-1)
2025-01-14 10:06:45.742 7 WARNING cinder.scheduler.host_manager [None req-9e445a99-1f78-4fb0-88be-c60e583c85a5 cf63012d63cc46dcb319391aa813191e 01f4aabc3d3e4692a0ac20c637d713f7 - - - -] volume service is down. (host: rack13-server67@lvm-1)
2025-01-14 10:06:46.038 7 WARNING cinder.scheduler.host_manager [None req-102559a0-4acc-4b66-945f-6736e8f8514c cf63012d63cc46dcb319391aa813191e 01f4aabc3d3e4692a0ac20c637d713f7 - - - -] volume service is down. (host: rack13-server67@lvm-1)
2025-01-14 10:06:46.305 7 WARNING cinder.scheduler.host_manager [None req-d3175bb3-b006-4399-958b-1c12b2fb983c cf63012d63cc46dcb319391aa813191e 01f4aabc3d3e4692a0ac20c637d713f7 - - - -] volume service is down. (host: rack13-server67@lvm-1)
2025-01-14 10:06:46.575 7 WARNING cinder.scheduler.host_manager [None req-ef8469b8-6e64-485a-9af5-663868a89138 cf63012d63cc46dcb319391aa813191e 01f4aabc3d3e4692a0ac20c637d713f7 - - - -] volume service is down. (host: rack13-server67@lvm-1)
2025-01-14 10:06:47.812 7 WARNING cinder.scheduler.host_manager [None req-a98cc23f-ba7e-4e68-b407-6d5614aea3e3 da9edde0c2ec47c69d2f9b103a9d72db 7b6cf89e91664d9d97133d8770b4d3e1 - - - -] volume service is down. (host: rack13-server67@lvm-1)
2025-01-14 10:06:47.963 7 WARNING cinder.scheduler.host_manager [None req-a88cc603-07c9-43cd-860d-663eea976b8f df50844328ab4ae59c5ad0c3c07ee2cb 1a8a50ed088742cfa6fb2eef0c6d00e4 - - - -] volume service is down. (host: rack13-server67@lvm-1)
2025-01-14 10:06:48.219 7 WARNING cinder.scheduler.host_manager [None req-4c29beb9-b44e-4404-9e32-14c542fe1a79 df50844328ab4ae59c5ad0c3c07ee2cb 1a8a50ed088742cfa6fb2eef0c6d00e4 - - - -] volume service is down. (host: rack13-server67@lvm-1)
2025-01-14 10:06:48.784 7 WARNING cinder.scheduler.host_manager [None req-8cb841fa-6f8a-443c-ba04-5a5dc7f22d78 df50844328ab4ae59c5ad0c3c07ee2cb 1a8a50ed088742cfa6fb2eef0c6d00e4 - - - -] volume service is down. (host: rack13-server67@lvm-1)
2025-01-14 10:06:49.046 7 WARNING cinder.scheduler.host_manager [None req-0afb9b0f-4930-4ee3-b1a1-35d2723ca1dd df50844328ab4ae59c5ad0c3c07ee2cb 1a8a50ed088742cfa6fb2eef0c6d00e4 - - - -] volume service is down. (host: rack13-server67@lvm-1)
2025-01-14 10:06:49.276 7 WARNING cinder.scheduler.host_manager [None req-bf824683-6e93-4181-9339-43bbfa245cfa df50844328ab4ae59c5ad0c3c07ee2cb 1a8a50ed088742cfa6fb2eef0c6d00e4 - - - -] volume service is down. (host: rack13-server67@lvm-1)
2025-01-14 10:06:50.230 7 WARNING cinder.scheduler.host_manager [None req-6965a157-de2d-4d43-bd74-b7e346c5a0fc da9edde0c2ec47c69d2f9b103a9d72db 7b6cf89e91664d9d97133d8770b4d3e1 - - - -] volume service is down. (host: rack13-server67@lvm-1)
2025-01-14 10:06:50.447 7 WARNING cinder.scheduler.host_manager [None req-ce724550-a859-4d5f-aef9-37c1006ca0b1 da9edde0c2ec47c69d2f9b103a9d72db 7b6cf89e91664d9d97133d8770b4d3e1 - - - -] volume service is down. (host: rack13-server67@lvm-1)
2025-01-14 10:06:50.740 7 WARNING cinder.scheduler.host_manager [None req-416cceae-dae8-4673-b701-425826f1e9e3 da9edde0c2ec47c69d2f9b103a9d72db 7b6cf89e91664d9d97133d8770b4d3e1 - - - -] volume service is down. (host: rack13-server67@lvm-1)
2025-01-14 10:06:50.991 7 WARNING cinder.scheduler.host_manager [None req-41f41482-0194-408e-af12-a729725f1dbf da9edde0c2ec47c69d2f9b103a9d72db 7b6cf89e91664d9d97133d8770b4d3e1 - - - -] volume service is down. (host: rack13-server67@lvm-1)
2025-01-14 10:06:51.250 7 WARNING cinder.scheduler.host_manager [None req-355ed39e-1e65-4f18-a3d8-7a60bab2e9d4 da9edde0c2ec47c69d2f9b103a9d72db 7b6cf89e91664d9d97133d8770b4d3e1 - - - -] volume service is down. (host: rack13-server67@lvm-1)
2025-01-14 10:06:58.581 7 WARNING cinder.scheduler.host_manager [None req-38e898d2-7039-45a1-8b9c-5af5e036c977 d0be9c620cf84b3794867430cc979918 f754d87fea5f41e5b77db4613e4b3407 - - - -] volume service is down. (host: rack13-server67@lvm-1)
2025-01-14 10:07:01.122 7 WARNING cinder.scheduler.host_manager [None req-7105201a-afa6-4a0e-9d33-729f35902108 d0be9c620cf84b3794867430cc979918 f754d87fea5f41e5b77db4613e4b3407 - - - -] volume service is down. (host: rack13-server67@lvm-1)
2025-01-14 10:07:03.561 7 WARNING cinder.scheduler.host_manager [None req-a8277bcb-78dc-478c-b8c8-4b3ada2820dc d0be9c620cf84b3794867430cc979918 f754d87fea5f41e5b77db4613e4b3407 - - - -] volume service is down. (host: rack13-server67@lvm-1)
