Build Started 17_07_2024_12_35_34
2024-07-17 12:37:04.057 7 WARNING cinder.scheduler.host_manager [None req-7993862a-77c1-4adc-898c-924a5ab66d7f 5291d6882218454b847afce5ea6ff9df ca7809e6281745b8bc2268c4bbd3b40d - - - -] volume service is down. (host: rack11-server75@LIGHTOSxgzdqh)
2024-07-17 12:37:04.138 7 WARNING cinder.scheduler.host_manager [req-b5c8da0a-a271-4834-bf37-b6191398eb42 req-382446dd-60b4-4905-be28-37486fb23bef 46e98a3f436c4031bb63ea73c4573e5e 5386b4e2696b43628eafeb19698cdb2e - - - -] volume service is down. (host: rack11-server75@LIGHTOSxgzdqh)
2024-07-17 12:37:04.208 7 WARNING cinder.scheduler.host_manager [req-99ea8ab6-f238-402f-a7e9-20cace160e6b req-307a5bee-d8df-4cae-a5f7-58684857fadf 895ae72383e34abe88f48f260bd32d2f 5a4faa78e1a644028b08cc7bc3846857 - - - -] volume service is down. (host: rack11-server75@LIGHTOSxgzdqh)
2024-07-17 12:37:05.574 7 WARNING cinder.scheduler.host_manager [None req-6a5f0cd2-20bf-4da5-97ab-5f788cf3ffa4 5291d6882218454b847afce5ea6ff9df ca7809e6281745b8bc2268c4bbd3b40d - - - -] volume service is down. (host: rack11-server75@LIGHTOSxgzdqh)
2024-07-17 12:37:05.613 7 WARNING cinder.scheduler.host_manager [req-5a1499c4-4c95-48e9-9f16-39b7570bb06a req-e9887d8e-2457-4278-952d-3fd7445ac1bf 895ae72383e34abe88f48f260bd32d2f 5a4faa78e1a644028b08cc7bc3846857 - - - -] volume service is down. (host: rack11-server75@LIGHTOSxgzdqh)
2024-07-17 12:37:06.975 7 WARNING cinder.scheduler.host_manager [None req-b6eb3aba-468c-4b87-b64a-08b68e37d209 5291d6882218454b847afce5ea6ff9df ca7809e6281745b8bc2268c4bbd3b40d - - - -] volume service is down. (host: rack11-server75@LIGHTOSxgzdqh)
2024-07-17 12:37:13.608 7 WARNING cinder.scheduler.host_manager [None req-efa99052-8596-4a85-9943-f97e55a6f8a1 22abdf7ddea74d569fb4d92a06c9bca2 e03b1c20d9664694b3541abd5849a70a - - - -] volume service is down. (host: rack11-server75@LIGHTOSxgzdqh)
2024-07-17 12:37:13.617 7 WARNING cinder.scheduler.host_manager [None req-efa99052-8596-4a85-9943-f97e55a6f8a1 22abdf7ddea74d569fb4d92a06c9bca2 e03b1c20d9664694b3541abd5849a70a - - - -] volume service is down. (host: rack11-server75@LIGHTOSxgzdqh)
2024-07-17 12:37:15.034 7 WARNING cinder.scheduler.host_manager [None req-7dad27f3-1842-40ef-83d4-ecf9fbdf8cb8 22abdf7ddea74d569fb4d92a06c9bca2 e03b1c20d9664694b3541abd5849a70a - - - -] volume service is down. (host: rack11-server75@LIGHTOSxgzdqh)
2024-07-17 12:37:16.241 7 WARNING cinder.scheduler.host_manager [None req-00150d58-79d3-4c51-8244-76ed26735916 6bef482de6a4405ea7a13dd08b9a3f57 c79208f4d67340eea08e947df7fb825f - - - -] volume service is down. (host: rack11-server75@LIGHTOSxgzdqh)
2024-07-17 12:37:16.767 7 WARNING cinder.scheduler.host_manager [None req-2be24bb1-528b-4031-8572-b4c327ec85f9 6bef482de6a4405ea7a13dd08b9a3f57 c79208f4d67340eea08e947df7fb825f - - - -] volume service is down. (host: rack11-server75@LIGHTOSxgzdqh)
2024-07-17 12:37:17.643 7 WARNING cinder.scheduler.host_manager [None req-56af1871-76ac-4290-bae6-d9240a792b33 22abdf7ddea74d569fb4d92a06c9bca2 e03b1c20d9664694b3541abd5849a70a - - - -] volume service is down. (host: rack11-server75@LIGHTOSxgzdqh)
2024-07-17 12:37:24.396 7 WARNING cinder.scheduler.host_manager [None req-cb5b33c9-6e4d-4560-9473-2631759180f1 6d1d062cae1147928040d2760026e2af 995e490a93264a97a31a4c0dd742f19e - - - -] volume service is down. (host: rack11-server75@LIGHTOSxgzdqh)
2024-07-17 12:37:24.402 7 WARNING cinder.scheduler.host_manager [None req-cb5b33c9-6e4d-4560-9473-2631759180f1 6d1d062cae1147928040d2760026e2af 995e490a93264a97a31a4c0dd742f19e - - - -] volume service is down. (host: rack11-server75@LIGHTOSxgzdqh)
2024-07-17 12:37:24.771 7 WARNING cinder.scheduler.host_manager [None req-5748e66f-5460-41a4-baa8-58537bc62ded c9374e4f0d0d4c119fa39ca751af9465 4a1965cd7ca74fd385afe5c9f003caf7 - - - -] volume service is down. (host: rack11-server75@LIGHTOSxgzdqh)
2024-07-17 12:37:24.780 7 WARNING cinder.scheduler.host_manager [None req-5748e66f-5460-41a4-baa8-58537bc62ded c9374e4f0d0d4c119fa39ca751af9465 4a1965cd7ca74fd385afe5c9f003caf7 - - - -] volume service is down. (host: rack11-server75@LIGHTOSxgzdqh)
2024-07-17 12:37:25.607 7 WARNING cinder.scheduler.host_manager [None req-fe3941ba-9fb9-45c3-98e0-6dfd22b89a89 6d1d062cae1147928040d2760026e2af 995e490a93264a97a31a4c0dd742f19e - - - -] volume service is down. (host: rack11-server75@LIGHTOSxgzdqh)
2024-07-17 12:37:25.615 7 WARNING cinder.scheduler.host_manager [None req-fe3941ba-9fb9-45c3-98e0-6dfd22b89a89 6d1d062cae1147928040d2760026e2af 995e490a93264a97a31a4c0dd742f19e - - - -] volume service is down. (host: rack11-server75@LIGHTOSxgzdqh)
2024-07-17 12:37:26.201 7 WARNING cinder.scheduler.host_manager [None req-d86d9953-fe27-440c-9ed2-9673bf9ba2d0 c9374e4f0d0d4c119fa39ca751af9465 4a1965cd7ca74fd385afe5c9f003caf7 - - - -] volume service is down. (host: rack11-server75@LIGHTOSxgzdqh)
2024-07-17 12:37:27.021 7 WARNING cinder.scheduler.host_manager [None req-08d636d5-04d8-47db-8f1b-f16ac5244571 6d1d062cae1147928040d2760026e2af 995e490a93264a97a31a4c0dd742f19e - - - -] volume service is down. (host: rack11-server75@LIGHTOSxgzdqh)
2024-07-17 12:37:27.270 7 WARNING cinder.scheduler.host_manager [None req-fc5921a3-6301-4071-8b81-8653497785b8 22abdf7ddea74d569fb4d92a06c9bca2 e03b1c20d9664694b3541abd5849a70a - - - -] volume service is down. (host: rack11-server75@LIGHTOSxgzdqh)
2024-07-17 12:37:27.279 7 WARNING cinder.scheduler.host_manager [None req-fc5921a3-6301-4071-8b81-8653497785b8 22abdf7ddea74d569fb4d92a06c9bca2 e03b1c20d9664694b3541abd5849a70a - - - -] volume service is down. (host: rack11-server75@LIGHTOSxgzdqh)
2024-07-17 12:37:28.694 7 WARNING cinder.scheduler.host_manager [None req-36532068-5f46-4bc9-b4ce-4b23d6495b8a 22abdf7ddea74d569fb4d92a06c9bca2 e03b1c20d9664694b3541abd5849a70a - - - -] volume service is down. (host: rack11-server75@LIGHTOSxgzdqh)
2024-07-17 12:37:30.085 7 WARNING cinder.scheduler.host_manager [None req-7bb81b03-b675-47f7-aff8-f4fa7a2a45d5 22abdf7ddea74d569fb4d92a06c9bca2 e03b1c20d9664694b3541abd5849a70a - - - -] volume service is down. (host: rack11-server75@LIGHTOSxgzdqh)
2024-07-17 12:37:32.520 7 WARNING cinder.scheduler.host_manager [None req-554bf01e-59c9-4fc5-9081-f2a5bb183fa0 6d1d062cae1147928040d2760026e2af 995e490a93264a97a31a4c0dd742f19e - - - -] volume service is down. (host: rack11-server75@LIGHTOSxgzdqh)
2024-07-17 12:37:32.526 7 WARNING cinder.scheduler.host_manager [None req-554bf01e-59c9-4fc5-9081-f2a5bb183fa0 6d1d062cae1147928040d2760026e2af 995e490a93264a97a31a4c0dd742f19e - - - -] volume service is down. (host: rack11-server75@LIGHTOSxgzdqh)
2024-07-17 12:37:33.869 7 WARNING cinder.scheduler.host_manager [None req-bb5bee52-b789-4312-9b3a-0cee4838602a 6d1d062cae1147928040d2760026e2af 995e490a93264a97a31a4c0dd742f19e - - - -] volume service is down. (host: rack11-server75@LIGHTOSxgzdqh)
2024-07-17 12:37:35.270 7 WARNING cinder.scheduler.host_manager [None req-310f2fde-ba0a-4088-a46b-75eb3d4dfa05 6d1d062cae1147928040d2760026e2af 995e490a93264a97a31a4c0dd742f19e - - - -] volume service is down. (host: rack11-server75@LIGHTOSxgzdqh)
2024-07-17 12:37:44.415 7 WARNING cinder.scheduler.host_manager [None req-aa1f76e6-9995-4f78-974b-5b66f1f160b7 97e99a33342f40059107b92d747b4715 fbb88574ba36434e90a90e6b88d25891 - - - -] volume service is down. (host: rack11-server75@LIGHTOSxgzdqh)
2024-07-17 12:37:44.423 7 WARNING cinder.scheduler.host_manager [None req-aa1f76e6-9995-4f78-974b-5b66f1f160b7 97e99a33342f40059107b92d747b4715 fbb88574ba36434e90a90e6b88d25891 - - - -] volume service is down. (host: rack11-server75@LIGHTOSxgzdqh)
2024-07-17 12:37:44.753 7 WARNING cinder.scheduler.host_manager [None req-a555237d-3821-4a40-bf5c-2e5de5e6b122 22abdf7ddea74d569fb4d92a06c9bca2 e03b1c20d9664694b3541abd5849a70a - - - -] volume service is down. (host: rack11-server75@LIGHTOSxgzdqh)
2024-07-17 12:37:44.762 7 WARNING cinder.scheduler.host_manager [None req-a555237d-3821-4a40-bf5c-2e5de5e6b122 22abdf7ddea74d569fb4d92a06c9bca2 e03b1c20d9664694b3541abd5849a70a - - - -] volume service is down. (host: rack11-server75@LIGHTOSxgzdqh)
2024-07-17 12:37:45.841 7 WARNING cinder.scheduler.host_manager [None req-de8bbbf8-25b9-419e-9482-2a70dc3a94fe 97e99a33342f40059107b92d747b4715 fbb88574ba36434e90a90e6b88d25891 - - - -] volume service is down. (host: rack11-server75@LIGHTOSxgzdqh)
2024-07-17 12:37:46.109 7 WARNING cinder.scheduler.host_manager [None req-3a223eaf-d51d-4d8c-a4c3-81e3596986fe 22abdf7ddea74d569fb4d92a06c9bca2 e03b1c20d9664694b3541abd5849a70a - - - -] volume service is down. (host: rack11-server75@LIGHTOSxgzdqh)
2024-07-17 12:37:47.100 7 WARNING cinder.scheduler.host_manager [None req-faa4957c-00b9-45c0-9e3e-d318352ae2e3 97e99a33342f40059107b92d747b4715 fbb88574ba36434e90a90e6b88d25891 - - - -] volume service is down. (host: rack11-server75@LIGHTOSxgzdqh)
2024-07-17 12:37:48.502 7 WARNING cinder.scheduler.host_manager [None req-9cd8b93a-e7b7-4f36-b058-f320e6514e4e 85742b0abe3a4cc29ed4ff907038fa19 3a6737d364de4205b69e250d9f60891d - - - -] volume service is down. (host: rack11-server75@LIGHTOSxgzdqh)
2024-07-17 12:37:49.761 7 WARNING cinder.scheduler.host_manager [None req-1f211686-706a-4e80-9164-d9215de395ee 85742b0abe3a4cc29ed4ff907038fa19 3a6737d364de4205b69e250d9f60891d - - - -] volume service is down. (host: rack11-server75@LIGHTOSxgzdqh)
2024-07-17 12:37:51.333 7 WARNING cinder.scheduler.host_manager [None req-a5437f8c-3464-4ff0-8844-e069f8fb00f7 85742b0abe3a4cc29ed4ff907038fa19 3a6737d364de4205b69e250d9f60891d - - - -] volume service is down. (host: rack11-server75@LIGHTOSxgzdqh)
2024-07-17 12:37:53.935 7 WARNING cinder.scheduler.host_manager [None req-1d4229c8-8bb6-495e-b8e0-b603cdb04bf7 85742b0abe3a4cc29ed4ff907038fa19 3a6737d364de4205b69e250d9f60891d - - - -] volume service is down. (host: rack11-server75@LIGHTOSxgzdqh)
2024-07-17 12:37:56.498 7 WARNING cinder.scheduler.host_manager [None req-e9e43ed0-0c00-4531-914c-8bb9b2b12e82 85742b0abe3a4cc29ed4ff907038fa19 3a6737d364de4205b69e250d9f60891d - - - -] volume service is down. (host: rack11-server75@LIGHTOSxgzdqh)
2024-07-17 12:37:59.081 7 WARNING cinder.scheduler.host_manager [None req-79d84dd0-6a05-483a-8a0c-7089f9ee8f2e 85742b0abe3a4cc29ed4ff907038fa19 3a6737d364de4205b69e250d9f60891d - - - -] volume service is down. (host: rack11-server75@LIGHTOSxgzdqh)
2024-07-17 12:38:01.374 7 WARNING cinder.scheduler.host_manager [None req-aa60c188-9a9e-4ea6-9d45-5c6f488cfa35 71f6f70359614684bb7c0cdb3ade32ef 4a5ae205e61f4346a4a1fc028b5eaca4 - - - -] volume service is down. (host: rack11-server75@LIGHTOSxgzdqh)
2024-07-17 12:38:01.383 7 WARNING cinder.scheduler.host_manager [None req-aa60c188-9a9e-4ea6-9d45-5c6f488cfa35 71f6f70359614684bb7c0cdb3ade32ef 4a5ae205e61f4346a4a1fc028b5eaca4 - - - -] volume service is down. (host: rack11-server75@LIGHTOSxgzdqh)
2024-07-17 12:38:04.934 7 WARNING cinder.scheduler.host_manager [None req-399ae9ab-09e3-461a-b402-d662de65b915 333166e25b9d42508a6d2994588d620b 04368f3da2724930a038d5c989a3e95e - - - -] volume service is down. (host: rack11-server75@LIGHTOSxgzdqh)
2024-07-17 12:38:10.994 7 WARNING cinder.scheduler.host_manager [None req-41bf2f9d-00eb-4125-9f77-95d5b72357d5 99458722cadb4a9498b109e74669549d 70e1d0db8cbb499499dd81b2a43f8723 - - - -] volume service is down. (host: rack11-server75@LIGHTOSxgzdqh)
2024-07-17 12:38:10.995 7 INFO cinder.scheduler.base_filter [None req-41bf2f9d-00eb-4125-9f77-95d5b72357d5 99458722cadb4a9498b109e74669549d 70e1d0db8cbb499499dd81b2a43f8723 - - - -] Filtering removed all hosts for the request with volume ID '4fa5ac40-91ed-4138-8f0f-efa4501d790d'. Filter results: AvailabilityZoneFilter: (start: 1, end: 1), CapacityFilter: (start: 1, end: 1), CapabilitiesFilter: (start: 1, end: 0)
2024-07-17 12:38:10.995 7 WARNING cinder.scheduler.filter_scheduler [None req-41bf2f9d-00eb-4125-9f77-95d5b72357d5 99458722cadb4a9498b109e74669549d 70e1d0db8cbb499499dd81b2a43f8723 - - - -] No weighed backend found for volume with properties: {'id': '6609fb66-f343-4881-8f0d-f6235ac688ba', 'name': 'tempest-UserMessagesTest-volume-type-1794202782', 'description': None, 'is_public': True, 'projects': [], 'extra_specs': {'storage_protocol': 'tempest-storage_protocol-878455953', 'vendor_name': 'tempest-vendor_name-1506330609'}, 'qos_specs_id': None, 'created_at': '2024-07-17T12:38:10.000000', 'updated_at': None, 'deleted_at': None, 'deleted': False}
2024-07-17 12:38:10.996 7 INFO cinder.message.api [None req-41bf2f9d-00eb-4125-9f77-95d5b72357d5 99458722cadb4a9498b109e74669549d 70e1d0db8cbb499499dd81b2a43f8723 - - - -] Creating message record for request_id = req-41bf2f9d-00eb-4125-9f77-95d5b72357d5
2024-07-17 12:38:11.000 7 ERROR cinder.scheduler.flows.create_volume [None req-41bf2f9d-00eb-4125-9f77-95d5b72357d5 99458722cadb4a9498b109e74669549d 70e1d0db8cbb499499dd81b2a43f8723 - - - -] Failed to run task cinder.scheduler.flows.create_volume.ScheduleCreateVolumeTask;volume:create: No valid backend was found. No weighed backends available: cinder.exception.NoValidBackend: No valid backend was found. No weighed backends available
2024-07-17 12:38:12.848 7 WARNING cinder.scheduler.host_manager [None req-7f589ff8-db87-4ba1-b07f-e93d39331215 99458722cadb4a9498b109e74669549d 70e1d0db8cbb499499dd81b2a43f8723 - - - -] volume service is down. (host: rack11-server75@LIGHTOSxgzdqh)
2024-07-17 12:38:12.849 7 INFO cinder.scheduler.base_filter [None req-7f589ff8-db87-4ba1-b07f-e93d39331215 99458722cadb4a9498b109e74669549d 70e1d0db8cbb499499dd81b2a43f8723 - - - -] Filtering removed all hosts for the request with volume ID 'a6685966-5bb0-4d00-8e13-4a870813f240'. Filter results: AvailabilityZoneFilter: (start: 1, end: 1), CapacityFilter: (start: 1, end: 1), CapabilitiesFilter: (start: 1, end: 0)
2024-07-17 12:38:12.850 7 WARNING cinder.scheduler.filter_scheduler [None req-7f589ff8-db87-4ba1-b07f-e93d39331215 99458722cadb4a9498b109e74669549d 70e1d0db8cbb499499dd81b2a43f8723 - - - -] No weighed backend found for volume with properties: {'id': 'a156b70a-7b6e-4284-916d-eaf238e55001', 'name': 'tempest-UserMessagesTest-volume-type-906342199', 'description': None, 'is_public': True, 'projects': [], 'extra_specs': {'storage_protocol': 'tempest-storage_protocol-997697096', 'vendor_name': 'tempest-vendor_name-1993658350'}, 'qos_specs_id': None, 'created_at': '2024-07-17T12:38:12.000000', 'updated_at': None, 'deleted_at': None, 'deleted': False}
2024-07-17 12:38:12.850 7 INFO cinder.message.api [None req-7f589ff8-db87-4ba1-b07f-e93d39331215 99458722cadb4a9498b109e74669549d 70e1d0db8cbb499499dd81b2a43f8723 - - - -] Creating message record for request_id = req-7f589ff8-db87-4ba1-b07f-e93d39331215
2024-07-17 12:38:12.856 7 ERROR cinder.scheduler.flows.create_volume [None req-7f589ff8-db87-4ba1-b07f-e93d39331215 99458722cadb4a9498b109e74669549d 70e1d0db8cbb499499dd81b2a43f8723 - - - -] Failed to run task cinder.scheduler.flows.create_volume.ScheduleCreateVolumeTask;volume:create: No valid backend was found. No weighed backends available: cinder.exception.NoValidBackend: No valid backend was found. No weighed backends available
2024-07-17 12:38:16.772 7 WARNING cinder.scheduler.host_manager [None req-ffec6a1a-8564-46f4-b065-b3c59084118d ebea11079b2b42c9ae95499b71a1422d 01ac0141845f4dffa82c334eff667846 - - - -] volume service is down. (host: rack11-server75@LIGHTOSxgzdqh)
2024-07-17 12:38:21.106 7 WARNING cinder.scheduler.host_manager [None req-b6004d78-0f72-4eb0-a3ef-218d8a7cd46f 322d2eaa4fa741f0954e65d2168e37c9 8a57709894f74881b8ec77864302f7a8 - - - -] volume service is down. (host: rack11-server75@LIGHTOSxgzdqh)
2024-07-17 12:38:22.366 7 WARNING cinder.scheduler.host_manager [None req-a7f4aa7e-b06b-422f-8e18-d3f2a151ac49 322d2eaa4fa741f0954e65d2168e37c9 8a57709894f74881b8ec77864302f7a8 - - - -] volume service is down. (host: rack11-server75@LIGHTOSxgzdqh)
2024-07-17 12:38:28.700 7 WARNING cinder.scheduler.host_manager [None req-8e5c678f-a630-4b38-8ff0-b9639e5b2c27 d9c4e0b7227a436087d3ba7519d9bd9d 160b91f90c20469e9624181763d3d399 - - - -] volume service is down. (host: rack11-server75@LIGHTOSxgzdqh)
2024-07-17 12:38:30.211 7 WARNING cinder.scheduler.host_manager [None req-2cb93119-84aa-4e85-891e-d7d76f0cb2e8 bb52b938525f489daf792b73ae3e8138 9a551a52163240359098ff16c46e3db5 - - - -] volume service is down. (host: rack11-server75@LIGHTOSxgzdqh)
2024-07-17 12:38:31.555 7 WARNING cinder.scheduler.host_manager [None req-d581bb96-dc5d-42ad-8206-6b593522a051 bb52b938525f489daf792b73ae3e8138 9a551a52163240359098ff16c46e3db5 - - - -] volume service is down. (host: rack11-server75@LIGHTOSxgzdqh)
2024-07-17 12:38:32.451 7 WARNING cinder.scheduler.host_manager [None req-ecaba2a6-e8c0-4408-a779-10a57b2bf371 d9c4e0b7227a436087d3ba7519d9bd9d 160b91f90c20469e9624181763d3d399 - - - -] volume service is down. (host: rack11-server75@LIGHTOSxgzdqh)
2024-07-17 12:38:37.913 7 WARNING cinder.scheduler.host_manager [None req-bf35fba1-a16b-4f99-832a-fa81cdf13255 6e731d995956412f85fe4e7a6161340a 8cf99b96cce543a8bd1edad2da4e78a6 - - - -] volume service is down. (host: rack11-server75@LIGHTOSxgzdqh)
2024-07-17 12:38:44.167 7 WARNING cinder.scheduler.host_manager [None req-14db3ff6-54fb-4a1f-9c4b-6e48f38f86ba d8bf4402724a496db5c9dc3e22620205 96eeee606f93462581d8ed8555c04c67 - - - -] volume service is down. (host: rack11-server75@LIGHTOSxgzdqh)
2024-07-17 12:38:52.666 7 WARNING cinder.scheduler.host_manager [None req-953117e5-cab1-4d7e-984a-85a8eda6f3e1 30366ebffc894c20951c85b13b41f5ab 1a26f42c27f84cb5afd4781c150927ab - - - -] volume service is down. (host: rack11-server75@LIGHTOSxgzdqh)
2024-07-17 12:38:55.963 7 WARNING cinder.scheduler.host_manager [None req-3fb0469f-3ad9-4fe2-94b4-2225b3814940 b42cbdaa07fb4c09a399ce8e03575033 42a6f9d2ae1e4e2eb1e8e80a8b7a0581 - - - -] volume service is down. (host: rack11-server75@LIGHTOSxgzdqh)
2024-07-17 12:38:57.228 7 WARNING cinder.scheduler.host_manager [None req-0af8f184-a330-4abf-801d-bcd44c6db3f6 b42cbdaa07fb4c09a399ce8e03575033 42a6f9d2ae1e4e2eb1e8e80a8b7a0581 - - - -] volume service is down. (host: rack11-server75@LIGHTOSxgzdqh)
2024-07-17 12:38:57.954 7 WARNING cinder.scheduler.host_manager [None req-059f7320-65f4-481c-bc3d-fab3548577f1 30366ebffc894c20951c85b13b41f5ab 1a26f42c27f84cb5afd4781c150927ab - - - -] volume service is down. (host: rack11-server75@LIGHTOSxgzdqh)
2024-07-17 12:38:58.465 7 WARNING cinder.scheduler.host_manager [None req-4cb6442d-0d4d-4229-b971-4709e4aace18 b42cbdaa07fb4c09a399ce8e03575033 42a6f9d2ae1e4e2eb1e8e80a8b7a0581 - - - -] volume service is down. (host: rack11-server75@LIGHTOSxgzdqh)
2024-07-17 12:39:03.308 7 WARNING cinder.scheduler.host_manager [None req-aaab02fd-d617-4bc6-aa12-6ba590a5d070 b42cbdaa07fb4c09a399ce8e03575033 42a6f9d2ae1e4e2eb1e8e80a8b7a0581 - - - -] volume service is down. (host: rack11-server75@LIGHTOSxgzdqh)
2024-07-17 12:39:04.549 7 WARNING cinder.scheduler.host_manager [None req-8a5ed744-8917-4c07-883b-bb777bcd098d b42cbdaa07fb4c09a399ce8e03575033 42a6f9d2ae1e4e2eb1e8e80a8b7a0581 - - - -] volume service is down. (host: rack11-server75@LIGHTOSxgzdqh)
2024-07-17 12:39:05.683 7 WARNING cinder.scheduler.host_manager [None req-13864043-11b7-4bb2-882d-5312bb834d91 95d4ae97b0b8415ca14e4b72acb7fc91 fcefe60d2bce418aa1da89744699c77b - - - -] volume service is down. (host: rack11-server75@LIGHTOSxgzdqh)
2024-07-17 12:39:05.877 7 WARNING cinder.scheduler.host_manager [None req-56e7ebef-e876-4f5b-876b-56024e9af8a1 8a32149bed864a1db2b25e7fd3b08fba 4cf1f07c97574af4b9db617edc8ae54c - - - -] volume service is down. (host: rack11-server75@LIGHTOSxgzdqh)
2024-07-17 12:39:05.975 7 WARNING cinder.scheduler.host_manager [None req-4a87223a-2d49-4f70-9744-94b87bfb1eb9 b42cbdaa07fb4c09a399ce8e03575033 42a6f9d2ae1e4e2eb1e8e80a8b7a0581 - - - -] volume service is down. (host: rack11-server75@LIGHTOSxgzdqh)
2024-07-17 12:39:07.159 7 WARNING cinder.scheduler.host_manager [None req-d83efc08-41ad-4004-9f11-48c9104071f7 95d4ae97b0b8415ca14e4b72acb7fc91 fcefe60d2bce418aa1da89744699c77b - - - -] volume service is down. (host: rack11-server75@LIGHTOSxgzdqh)
2024-07-17 12:39:08.621 7 WARNING cinder.scheduler.host_manager [None req-472489c0-ae64-4e15-8216-501b3c534c48 95d4ae97b0b8415ca14e4b72acb7fc91 fcefe60d2bce418aa1da89744699c77b - - - -] volume service is down. (host: rack11-server75@LIGHTOSxgzdqh)
2024-07-17 12:39:10.243 7 WARNING cinder.scheduler.host_manager [None req-ab05783c-a437-4d24-8907-4cf85aa3c5b0 9bb7344d67f4497485acf7cd2d450c05 e06fb8fecbbd47f6bbb69680073c3f30 - - - -] volume service is down. (host: rack11-server75@LIGHTOSxgzdqh)
2024-07-17 12:39:13.080 7 WARNING cinder.scheduler.host_manager [None req-14df8366-107c-4b61-b53c-99a7a16bf938 c238b97ff677468eb1dd489ef856cbf5 349acee4cd744ec6907cbcd73ffad3a0 - - - -] volume service is down. (host: rack11-server75@LIGHTOSxgzdqh)
2024-07-17 12:39:17.528 7 WARNING cinder.scheduler.host_manager [None req-2c9c9545-4e66-4aa4-953a-b06bf9332c66 c238b97ff677468eb1dd489ef856cbf5 349acee4cd744ec6907cbcd73ffad3a0 - - - -] volume service is down. (host: rack11-server75@LIGHTOSxgzdqh)
2024-07-17 12:39:20.048 7 WARNING cinder.scheduler.host_manager [None req-0d0e1af1-9e7b-4d79-a0d2-f9145e9a1293 599ca6de5a114783ae1d4ce45818883a b00439b892d64803b2fb86ad56f02a31 - - - -] volume service is down. (host: rack11-server75@LIGHTOSxgzdqh)
2024-07-17 12:39:21.255 7 WARNING cinder.scheduler.host_manager [None req-b90b9ee8-9f98-4f26-b29a-ea9c555a4672 c238b97ff677468eb1dd489ef856cbf5 349acee4cd744ec6907cbcd73ffad3a0 - - - -] volume service is down. (host: rack11-server75@LIGHTOSxgzdqh)
2024-07-17 12:39:22.457 7 WARNING cinder.scheduler.host_manager [None req-f25b6d65-916b-4afe-a299-484c0b4ec872 c238b97ff677468eb1dd489ef856cbf5 349acee4cd744ec6907cbcd73ffad3a0 - - - -] volume service is down. (host: rack11-server75@LIGHTOSxgzdqh)
2024-07-17 12:39:23.651 7 WARNING cinder.scheduler.host_manager [None req-449d1f9c-0ec3-44f0-b37d-989b4fd24dbc c238b97ff677468eb1dd489ef856cbf5 349acee4cd744ec6907cbcd73ffad3a0 - - - -] volume service is down. (host: rack11-server75@LIGHTOSxgzdqh)
2024-07-17 12:39:25.149 7 WARNING cinder.scheduler.host_manager [None req-dad4a833-9f84-423f-81ca-4a85671a63ea 599ca6de5a114783ae1d4ce45818883a b00439b892d64803b2fb86ad56f02a31 - - - -] volume service is down. (host: rack11-server75@LIGHTOSxgzdqh)
2024-07-17 12:39:25.661 7 WARNING cinder.scheduler.host_manager [None req-38467850-dc6e-498f-a1fe-27c70f78ff41 ed838d4c52bb4574ab7af77a87a46df2 ec965f395fc840d4992968daf95be12e - - - -] volume service is down. (host: rack11-server75@LIGHTOSxgzdqh)
2024-07-17 12:39:26.945 7 WARNING cinder.scheduler.host_manager [None req-3befb8e3-f5be-4faf-9f97-e9654e4cab2d ed838d4c52bb4574ab7af77a87a46df2 ec965f395fc840d4992968daf95be12e - - - -] volume service is down. (host: rack11-server75@LIGHTOSxgzdqh)
2024-07-17 12:39:33.156 7 WARNING cinder.scheduler.host_manager [None req-6ef987e8-fb14-4d22-903c-6912944a590c 9037c29bcf7d4ed2b4248b76e62f05da 7987b089792749d6973e8ca4abd36676 - - - -] volume service is down. (host: rack11-server75@LIGHTOSxgzdqh)
2024-07-17 12:39:34.812 7 WARNING cinder.scheduler.host_manager [None req-171091c5-fd3d-40d6-a2dc-19f8181c6c1d 9037c29bcf7d4ed2b4248b76e62f05da 7987b089792749d6973e8ca4abd36676 - - - -] volume service is down. (host: rack11-server75@LIGHTOSxgzdqh)
2024-07-17 12:39:35.681 7 WARNING cinder.scheduler.host_manager [None req-9c447d51-f6c5-4290-9023-d832697b3b79 bc0577f944834f0fb0b3dff48b2b0d90 220c762dd71a465b9d436b19a7ac33ae - - - -] volume service is down. (host: rack11-server75@LIGHTOSxgzdqh)
2024-07-17 12:39:37.119 7 WARNING cinder.scheduler.host_manager [None req-b33d5c25-c2b4-4d9e-b4de-5ad565167e83 bc0577f944834f0fb0b3dff48b2b0d90 220c762dd71a465b9d436b19a7ac33ae - - - -] volume service is down. (host: rack11-server75@LIGHTOSxgzdqh)
2024-07-17 12:39:38.594 7 WARNING cinder.scheduler.host_manager [None req-8c38b5fb-80e5-426b-b2ed-758d385a096c bc0577f944834f0fb0b3dff48b2b0d90 220c762dd71a465b9d436b19a7ac33ae - - - -] volume service is down. (host: rack11-server75@LIGHTOSxgzdqh)
2024-07-17 12:39:40.685 7 WARNING cinder.scheduler.host_manager [None req-fd2175ac-4141-4922-bc82-1834d859384d 9037c29bcf7d4ed2b4248b76e62f05da 7987b089792749d6973e8ca4abd36676 - - - -] volume service is down. (host: rack11-server75@LIGHTOSxgzdqh)
2024-07-17 12:39:40.816 7 WARNING cinder.scheduler.host_manager [None req-c1af8294-d7cc-4a44-928f-97ba7627bacd 4b61674a402349b2809f77c831ea3d05 ba4d3587b3ca44b480794d8c4f66041c - - - -] volume service is down. (host: rack11-server75@LIGHTOSxgzdqh)
2024-07-17 12:39:42.110 7 WARNING cinder.scheduler.host_manager [None req-92af4f12-7e93-4bef-9ee2-383146562dc9 9037c29bcf7d4ed2b4248b76e62f05da 7987b089792749d6973e8ca4abd36676 - - - -] volume service is down. (host: rack11-server75@LIGHTOSxgzdqh)
2024-07-17 12:39:44.819 7 WARNING cinder.scheduler.host_manager [None req-40a8901c-884c-4657-90af-d99de9b9f30f 9037c29bcf7d4ed2b4248b76e62f05da 7987b089792749d6973e8ca4abd36676 - - - -] volume service is down. (host: rack11-server75@LIGHTOSxgzdqh)
2024-07-17 12:39:47.636 7 WARNING cinder.scheduler.host_manager [None req-6ed99576-04ed-41f1-88dd-82667c32b09d 73898304683540d59a775290440b18a6 7270b5ca19ba4b19ac76153273fd83b2 - - - -] volume service is down. (host: rack11-server75@LIGHTOSxgzdqh)
2024-07-17 12:39:51.848 7 WARNING cinder.scheduler.host_manager [None req-d19e8fa3-4268-4c12-89ce-31ef640d3caf a9f614ffe3f247e5b2b0f6fb19d49d88 8e72c72b5294446b9e4d691cdb8a450a - - - -] volume service is down. (host: rack11-server75@LIGHTOSxgzdqh)
2024-07-17 12:39:53.207 7 WARNING cinder.scheduler.host_manager [None req-92af8f4a-0165-4b23-b73f-97e6ca4a1579 9037c29bcf7d4ed2b4248b76e62f05da 7987b089792749d6973e8ca4abd36676 - - - -] volume service is down. (host: rack11-server75@LIGHTOSxgzdqh)
2024-07-17 12:39:57.963 7 WARNING cinder.scheduler.host_manager [None req-014840eb-44ef-4f65-aecd-d429bee953db 9037c29bcf7d4ed2b4248b76e62f05da 7987b089792749d6973e8ca4abd36676 - - - -] volume service is down. (host: rack11-server75@LIGHTOSxgzdqh)
2024-07-17 12:39:58.408 7 WARNING cinder.scheduler.host_manager [None req-ff4f52c4-254b-4807-b3f3-1a25adbb1f5c 95c22e2eaf304a13b91fe202a21a253b 4eae78e606b341faa89106534892db26 - - - -] volume service is down. (host: rack11-server75@LIGHTOSxgzdqh)
2024-07-17 12:40:03.703 7 WARNING cinder.scheduler.host_manager [None req-d43c25c3-0da5-4bcd-a484-ec5aef6a9f61 95c22e2eaf304a13b91fe202a21a253b 4eae78e606b341faa89106534892db26 - - - -] volume service is down. (host: rack11-server75@LIGHTOSxgzdqh)
2024-07-17 12:40:08.106 7 WARNING cinder.scheduler.host_manager [None req-51f4ef25-7fee-4864-807a-23fe463ea3dd 65b1b7c8757b4ad0af63801e5773c466 52da9364f42e47849058340538985407 - - - -] volume service is down. (host: rack11-server75@LIGHTOSxgzdqh)
2024-07-17 12:40:09.379 7 WARNING cinder.scheduler.host_manager [None req-1d014560-a9bd-4d04-9877-1744827624ab 65b1b7c8757b4ad0af63801e5773c466 52da9364f42e47849058340538985407 - - - -] volume service is down. (host: rack11-server75@LIGHTOSxgzdqh)
2024-07-17 12:40:10.576 7 WARNING cinder.scheduler.host_manager [None req-159009bb-d303-4ebd-a98f-18c28ccae0f2 65b1b7c8757b4ad0af63801e5773c466 52da9364f42e47849058340538985407 - - - -] volume service is down. (host: rack11-server75@LIGHTOSxgzdqh)
2024-07-17 12:40:11.819 7 WARNING cinder.scheduler.host_manager [None req-ba2f7530-1813-45f3-95ca-b7845a1ee782 65b1b7c8757b4ad0af63801e5773c466 52da9364f42e47849058340538985407 - - - -] volume service is down. (host: rack11-server75@LIGHTOSxgzdqh)
2024-07-17 12:40:11.905 7 WARNING cinder.scheduler.host_manager [None req-3ff7b756-028c-4ee0-9230-860e829f69f3 84ec871a2652415baaa218183f801c6d 7f2b7b3017b3460fb4d7e0d40f140cc7 - - - -] volume service is down. (host: rack11-server75@LIGHTOSxgzdqh)
2024-07-17 12:40:16.526 7 WARNING cinder.scheduler.host_manager [None req-d602b938-1a23-42bf-bd3e-5ef9c77862ca 84ec871a2652415baaa218183f801c6d 7f2b7b3017b3460fb4d7e0d40f140cc7 - - - -] volume service is down. (host: rack11-server75@LIGHTOSxgzdqh)
2024-07-17 12:40:23.291 7 WARNING cinder.scheduler.host_manager [None req-4b047cdc-5ab3-440c-9d0e-a4add79f9b74 4d74f604dbbc49db9f04fedf7a91e978 d2a7e8a88ba141418339c49ac92cc837 - - - -] volume service is down. (host: rack11-server75@LIGHTOSxgzdqh)
2024-07-17 12:40:23.679 7 WARNING cinder.scheduler.host_manager [None req-85f93f11-9990-437a-8c09-b02cfa44a475 84ec871a2652415baaa218183f801c6d 7f2b7b3017b3460fb4d7e0d40f140cc7 - - - -] volume service is down. (host: rack11-server75@LIGHTOSxgzdqh)
2024-07-17 12:40:24.582 7 WARNING cinder.scheduler.host_manager [None req-222363f6-0e94-432a-ba5c-be8be8baf84e 4d74f604dbbc49db9f04fedf7a91e978 d2a7e8a88ba141418339c49ac92cc837 - - - -] volume service is down. (host: rack11-server75@LIGHTOSxgzdqh)
2024-07-17 12:40:25.112 7 WARNING cinder.scheduler.host_manager [None req-899dda6e-eab3-4288-92d4-2cf4daf29744 84ec871a2652415baaa218183f801c6d 7f2b7b3017b3460fb4d7e0d40f140cc7 - - - -] volume service is down. (host: rack11-server75@LIGHTOSxgzdqh)
2024-07-17 12:40:39.264 7 WARNING cinder.scheduler.host_manager [None req-72c489a7-7281-47f6-b7bf-37c4e08a3f76 713ff0d587b04ac48f384a0e14334614 ff2b7ead809647308102f0476ea9517b - - - -] volume service is down. (host: rack11-server75@LIGHTOSxgzdqh)
2024-07-17 12:40:39.270 7 WARNING cinder.scheduler.host_manager [None req-dbf5ab19-6820-4f18-a7b2-fa16b08efc67 3e2726603c0c4581a726f5500c62fcec cfc4effcf8d94496badee8237662c673 - - - -] volume service is down. (host: rack11-server75@LIGHTOSxgzdqh)
2024-07-17 12:40:39.285 7 WARNING cinder.scheduler.host_manager [None req-ad004bf2-5912-4677-a17c-51da03777345 7bcf4905fdd2463381c300e2a0aeefd9 1abd7063666e4bde8eb0e4c2c98fe10b - - - -] volume service is down. (host: rack11-server75@LIGHTOSxgzdqh)
2024-07-17 12:40:39.403 7 WARNING cinder.scheduler.host_manager [None req-8199897e-bf35-45c5-aa13-cc45f54ad9ca 7bcf4905fdd2463381c300e2a0aeefd9 1abd7063666e4bde8eb0e4c2c98fe10b - - - -] volume service is down. (host: rack11-server75@LIGHTOSxgzdqh)
2024-07-17 12:40:39.638 7 WARNING cinder.scheduler.host_manager [None req-bdaa623b-ff0c-40db-82a3-1fea7bd90cad 7bcf4905fdd2463381c300e2a0aeefd9 1abd7063666e4bde8eb0e4c2c98fe10b - - - -] volume service is down. (host: rack11-server75@LIGHTOSxgzdqh)
2024-07-17 12:40:39.917 7 WARNING cinder.scheduler.host_manager [None req-11979fdb-bcf3-4b27-810c-375d1e6acad6 7bcf4905fdd2463381c300e2a0aeefd9 1abd7063666e4bde8eb0e4c2c98fe10b - - - -] volume service is down. (host: rack11-server75@LIGHTOSxgzdqh)
2024-07-17 12:40:40.191 7 WARNING cinder.scheduler.host_manager [None req-55eda765-78c6-44aa-bc9d-18595d9a4a08 7bcf4905fdd2463381c300e2a0aeefd9 1abd7063666e4bde8eb0e4c2c98fe10b - - - -] volume service is down. (host: rack11-server75@LIGHTOSxgzdqh)
2024-07-17 12:40:40.445 7 WARNING cinder.scheduler.host_manager [None req-89bb2c73-ed45-43e2-9a06-3f3f9797e120 3e2726603c0c4581a726f5500c62fcec cfc4effcf8d94496badee8237662c673 - - - -] volume service is down. (host: rack11-server75@LIGHTOSxgzdqh)
2024-07-17 12:40:40.550 7 WARNING cinder.scheduler.host_manager [None req-9c78de5e-d06b-4878-97d7-db5085c124cf 713ff0d587b04ac48f384a0e14334614 ff2b7ead809647308102f0476ea9517b - - - -] volume service is down. (host: rack11-server75@LIGHTOSxgzdqh)
2024-07-17 12:40:40.773 7 WARNING cinder.scheduler.host_manager [None req-adcc333e-07de-4c14-b13d-45159419c63c 713ff0d587b04ac48f384a0e14334614 ff2b7ead809647308102f0476ea9517b - - - -] volume service is down. (host: rack11-server75@LIGHTOSxgzdqh)
2024-07-17 12:40:41.019 7 WARNING cinder.scheduler.host_manager [None req-effb7068-93c4-48c7-9a46-8c93b66444a6 713ff0d587b04ac48f384a0e14334614 ff2b7ead809647308102f0476ea9517b - - - -] volume service is down. (host: rack11-server75@LIGHTOSxgzdqh)
2024-07-17 12:40:41.268 7 WARNING cinder.scheduler.host_manager [None req-453b6e34-f58c-46ce-b474-c7cbc663ee86 713ff0d587b04ac48f384a0e14334614 ff2b7ead809647308102f0476ea9517b - - - -] volume service is down. (host: rack11-server75@LIGHTOSxgzdqh)
2024-07-17 12:40:41.508 7 WARNING cinder.scheduler.host_manager [None req-c6abcbbc-375b-4f7e-b432-80757c380173 713ff0d587b04ac48f384a0e14334614 ff2b7ead809647308102f0476ea9517b - - - -] volume service is down. (host: rack11-server75@LIGHTOSxgzdqh)
2024-07-17 12:40:42.861 7 WARNING cinder.scheduler.host_manager [None req-9713c349-fa5f-43ad-bff3-49fcfef5fc92 3e2726603c0c4581a726f5500c62fcec cfc4effcf8d94496badee8237662c673 - - - -] volume service is down. (host: rack11-server75@LIGHTOSxgzdqh)
2024-07-17 12:40:43.100 7 WARNING cinder.scheduler.host_manager [None req-71a94e24-51eb-4a32-8a88-1c988100137d 3e2726603c0c4581a726f5500c62fcec cfc4effcf8d94496badee8237662c673 - - - -] volume service is down. (host: rack11-server75@LIGHTOSxgzdqh)
2024-07-17 12:40:43.346 7 WARNING cinder.scheduler.host_manager [None req-ab4aa551-3bf9-49e9-8f47-74002f43f236 3e2726603c0c4581a726f5500c62fcec cfc4effcf8d94496badee8237662c673 - - - -] volume service is down. (host: rack11-server75@LIGHTOSxgzdqh)
2024-07-17 12:40:43.584 7 WARNING cinder.scheduler.host_manager [None req-5b56416d-619d-4ef9-a68b-99101adc6c4c 3e2726603c0c4581a726f5500c62fcec cfc4effcf8d94496badee8237662c673 - - - -] volume service is down. (host: rack11-server75@LIGHTOSxgzdqh)
2024-07-17 12:40:43.824 7 WARNING cinder.scheduler.host_manager [None req-48636386-089a-4a2e-a150-d360a387109b 3e2726603c0c4581a726f5500c62fcec cfc4effcf8d94496badee8237662c673 - - - -] volume service is down. (host: rack11-server75@LIGHTOSxgzdqh)
2024-07-17 12:40:56.658 7 WARNING cinder.scheduler.host_manager [None req-4971eeda-7bf8-4027-88ec-4460e8bd575e e3f86d6316114634aaab5e1721676384 08b8982a18ac478b8bd91994f3f76bec - - - -] volume service is down. (host: rack11-server75@LIGHTOSxgzdqh)
2024-07-17 12:40:58.101 7 WARNING cinder.scheduler.host_manager [None req-c5dc46aa-6480-4332-b15f-5a8081b80522 e3f86d6316114634aaab5e1721676384 08b8982a18ac478b8bd91994f3f76bec - - - -] volume service is down. (host: rack11-server75@LIGHTOSxgzdqh)
2024-07-17 12:40:59.434 7 WARNING cinder.scheduler.host_manager [None req-b1d48e83-cfb3-441d-88eb-567c1bbb0bc3 e3f86d6316114634aaab5e1721676384 08b8982a18ac478b8bd91994f3f76bec - - - -] volume service is down. (host: rack11-server75@LIGHTOSxgzdqh)
