Build Started 30_03_2023_19_03_33
2023-03-30 19:05:35.574 7 WARNING cinder.scheduler.host_manager [None req-faea216d-faf1-4043-89a8-0a92d3297681 016fa00e16e94f2da652f61c23cb2e2c 4994370d39314a7093cdadfe5bdc8a3b - - - -] volume service is down. (host: rack09-server62@lvm-1)
2023-03-30 19:05:35.645 7 WARNING cinder.scheduler.host_manager [req-cd617a3c-bedb-4149-94b2-bd27b6d397ac req-41ce5ab9-192e-46d6-94ab-f5e2b1d401c9 5311334ef09b4fb5b728d3e571b308b5 c2a0afdeb16f473c9dc58a81a4066585 - - - -] volume service is down. (host: rack09-server62@lvm-1)
2023-03-30 19:05:37.442 7 WARNING cinder.scheduler.host_manager [req-811d9267-99b3-4553-b4fd-fbec085119c5 req-27b3f178-82b9-4aa6-a32b-d1a83ec7bec4 5311334ef09b4fb5b728d3e571b308b5 c2a0afdeb16f473c9dc58a81a4066585 - - - -] volume service is down. (host: rack09-server62@lvm-1)
2023-03-30 19:05:37.443 7 WARNING oslo_messaging.rpc.client [req-811d9267-99b3-4553-b4fd-fbec085119c5 req-27b3f178-82b9-4aa6-a32b-d1a83ec7bec4 5311334ef09b4fb5b728d3e571b308b5 c2a0afdeb16f473c9dc58a81a4066585 - - - -] Using RPCClient manually to instantiate client. Please use get_rpc_client to obtain an RPC client instance.
2023-03-30 19:05:39.921 7 WARNING cinder.scheduler.host_manager [None req-e147db51-912a-4cb2-ba21-eb7e722a7c3b 6eb0e13740fc4961b8fa3c5adc8edc37 1da33752ac2047f1aa9883e51dc2efcf - - - -] volume service is down. (host: rack09-server62@lvm-1)
2023-03-30 19:05:42.381 7 WARNING cinder.scheduler.host_manager [None req-0b517e46-b2f2-41df-8e98-b11c97dec528 6eb0e13740fc4961b8fa3c5adc8edc37 1da33752ac2047f1aa9883e51dc2efcf - - - -] volume service is down. (host: rack09-server62@lvm-1)
2023-03-30 19:05:42.382 7 WARNING oslo_messaging.rpc.client [None req-0b517e46-b2f2-41df-8e98-b11c97dec528 6eb0e13740fc4961b8fa3c5adc8edc37 1da33752ac2047f1aa9883e51dc2efcf - - - -] Using RPCClient manually to instantiate client. Please use get_rpc_client to obtain an RPC client instance.
2023-03-30 19:05:45.183 7 WARNING cinder.scheduler.host_manager [None req-f34ea239-867f-431c-a183-3681af30cfb2 6eb0e13740fc4961b8fa3c5adc8edc37 1da33752ac2047f1aa9883e51dc2efcf - - - -] volume service is down. (host: rack09-server62@lvm-1)
2023-03-30 19:05:45.185 7 WARNING oslo_messaging.rpc.client [None req-f34ea239-867f-431c-a183-3681af30cfb2 6eb0e13740fc4961b8fa3c5adc8edc37 1da33752ac2047f1aa9883e51dc2efcf - - - -] Using RPCClient manually to instantiate client. Please use get_rpc_client to obtain an RPC client instance.
2023-03-30 19:05:45.614 7 WARNING cinder.scheduler.host_manager [req-2099ea16-dd64-43c9-8e67-c3ade2174ac2 req-2c8c9926-fc24-4f35-85e9-2a8d686e4682 1c3535f3e883440b9d5100477bb8a062 aef172c73ab746649d5ee726f534d732 - - - -] volume service is down. (host: rack09-server62@lvm-1)
2023-03-30 19:05:48.839 7 WARNING cinder.scheduler.host_manager [None req-165faeab-fc4a-44ef-821a-7c20ba9af7e7 6eb0e13740fc4961b8fa3c5adc8edc37 1da33752ac2047f1aa9883e51dc2efcf - - - -] volume service is down. (host: rack09-server62@lvm-1)
2023-03-30 19:05:48.840 7 WARNING oslo_messaging.rpc.client [None req-165faeab-fc4a-44ef-821a-7c20ba9af7e7 6eb0e13740fc4961b8fa3c5adc8edc37 1da33752ac2047f1aa9883e51dc2efcf - - - -] Using RPCClient manually to instantiate client. Please use get_rpc_client to obtain an RPC client instance.
2023-03-30 19:05:52.481 7 WARNING cinder.scheduler.host_manager [None req-efc863b7-fdb1-4b9c-b03a-0afe9e0c78aa 6eb0e13740fc4961b8fa3c5adc8edc37 1da33752ac2047f1aa9883e51dc2efcf - - - -] volume service is down. (host: rack09-server62@lvm-1)
2023-03-30 19:05:52.482 7 WARNING oslo_messaging.rpc.client [None req-efc863b7-fdb1-4b9c-b03a-0afe9e0c78aa 6eb0e13740fc4961b8fa3c5adc8edc37 1da33752ac2047f1aa9883e51dc2efcf - - - -] Using RPCClient manually to instantiate client. Please use get_rpc_client to obtain an RPC client instance.
2023-03-30 19:05:52.546 7 WARNING cinder.scheduler.host_manager [None req-2f69d980-d31a-46bc-9c3b-5fe57a36482a 85c7c736ac1147d482240d99ae3341b9 df08033d6d7148f8aa0e4f1c1c74f085 - - - -] volume service is down. (host: rack09-server62@lvm-1)
2023-03-30 19:05:55.260 7 WARNING cinder.scheduler.host_manager [None req-be5a3604-eda6-4961-ba11-d9707fc7c96d 85c7c736ac1147d482240d99ae3341b9 df08033d6d7148f8aa0e4f1c1c74f085 - - - -] volume service is down. (host: rack09-server62@lvm-1)
2023-03-30 19:05:56.165 7 WARNING cinder.scheduler.host_manager [None req-03af34ca-c22a-41f4-b5dd-40a6a8538607 6eb0e13740fc4961b8fa3c5adc8edc37 1da33752ac2047f1aa9883e51dc2efcf - - - -] volume service is down. (host: rack09-server62@lvm-1)
2023-03-30 19:05:56.166 7 WARNING oslo_messaging.rpc.client [None req-03af34ca-c22a-41f4-b5dd-40a6a8538607 6eb0e13740fc4961b8fa3c5adc8edc37 1da33752ac2047f1aa9883e51dc2efcf - - - -] Using RPCClient manually to instantiate client. Please use get_rpc_client to obtain an RPC client instance.
2023-03-30 19:05:58.033 7 WARNING cinder.scheduler.host_manager [None req-7ae26d59-a9ee-4e08-a9f6-4253a05e66e1 85c7c736ac1147d482240d99ae3341b9 df08033d6d7148f8aa0e4f1c1c74f085 - - - -] volume service is down. (host: rack09-server62@lvm-1)
2023-03-30 19:06:05.766 7 WARNING cinder.scheduler.host_manager [None req-d3c25b6a-c27f-41c2-961f-5fe3842d114a 016fa00e16e94f2da652f61c23cb2e2c 4994370d39314a7093cdadfe5bdc8a3b - - - -] volume service is down. (host: rack09-server62@lvm-1)
2023-03-30 19:06:07.527 7 WARNING cinder.scheduler.host_manager [None req-0fcd3e13-056d-4c00-97ea-d0dde38dc670 b024ebef0bfc4361a7c0d6e2f54b80f2 0825e5eaa5704a29b008faff1a1fdd84 - - - -] volume service is down. (host: rack09-server62@lvm-1)
2023-03-30 19:06:07.527 7 INFO cinder.scheduler.base_filter [None req-0fcd3e13-056d-4c00-97ea-d0dde38dc670 b024ebef0bfc4361a7c0d6e2f54b80f2 0825e5eaa5704a29b008faff1a1fdd84 - - - -] Filtering removed all hosts for the request with volume ID 'bbce793f-8729-4261-ada6-847078d35ed6'. Filter results: AvailabilityZoneFilter: (start: 1, end: 1), CapacityFilter: (start: 1, end: 1), CapabilitiesFilter: (start: 1, end: 0)
2023-03-30 19:06:07.528 7 WARNING cinder.scheduler.filter_scheduler [None req-0fcd3e13-056d-4c00-97ea-d0dde38dc670 b024ebef0bfc4361a7c0d6e2f54b80f2 0825e5eaa5704a29b008faff1a1fdd84 - - - -] No weighed backend found for volume with properties: {'id': '1c8f51f7-5e37-424e-b0a8-f0eba0df20de', 'name': 'tempest-UserMessagesTest-volume-type-1771766688', 'description': None, 'is_public': True, 'projects': [], 'extra_specs': {'storage_protocol': 'tempest-storage_protocol-573232059', 'vendor_name': 'tempest-vendor_name-445282435'}, 'qos_specs_id': None, 'created_at': '2023-03-30T19:06:06.000000', 'updated_at': None, 'deleted_at': None, 'deleted': False}
2023-03-30 19:06:07.528 7 INFO cinder.message.api [None req-0fcd3e13-056d-4c00-97ea-d0dde38dc670 b024ebef0bfc4361a7c0d6e2f54b80f2 0825e5eaa5704a29b008faff1a1fdd84 - - - -] Creating message record for request_id = req-0fcd3e13-056d-4c00-97ea-d0dde38dc670
2023-03-30 19:06:07.533 7 ERROR cinder.scheduler.flows.create_volume [None req-0fcd3e13-056d-4c00-97ea-d0dde38dc670 b024ebef0bfc4361a7c0d6e2f54b80f2 0825e5eaa5704a29b008faff1a1fdd84 - - - -] Failed to run task cinder.scheduler.flows.create_volume.ScheduleCreateVolumeTask;volume:create: No valid backend was found. No weighed backends available: cinder.exception.NoValidBackend: No valid backend was found. No weighed backends available
2023-03-30 19:06:08.041 7 WARNING cinder.scheduler.host_manager [None req-5d925d94-2c8a-4603-93c0-cab41487714e bfa414b41d6e4f72960dc268f03a40e8 90a36b7293d94f29bd0c8354ddf969d7 - - - -] volume service is down. (host: rack09-server62@lvm-1)
2023-03-30 19:06:08.047 7 WARNING cinder.scheduler.host_manager [None req-5d925d94-2c8a-4603-93c0-cab41487714e bfa414b41d6e4f72960dc268f03a40e8 90a36b7293d94f29bd0c8354ddf969d7 - - - -] volume service is down. (host: rack09-server62@lvm-1)
2023-03-30 19:06:09.486 7 WARNING cinder.scheduler.host_manager [None req-91b06e52-17e8-4fc2-a528-f7960e7668fb b024ebef0bfc4361a7c0d6e2f54b80f2 0825e5eaa5704a29b008faff1a1fdd84 - - - -] volume service is down. (host: rack09-server62@lvm-1)
2023-03-30 19:06:09.487 7 INFO cinder.scheduler.base_filter [None req-91b06e52-17e8-4fc2-a528-f7960e7668fb b024ebef0bfc4361a7c0d6e2f54b80f2 0825e5eaa5704a29b008faff1a1fdd84 - - - -] Filtering removed all hosts for the request with volume ID '40caf19d-0bc9-41b8-9865-94b6a74342ac'. Filter results: AvailabilityZoneFilter: (start: 1, end: 1), CapacityFilter: (start: 1, end: 1), CapabilitiesFilter: (start: 1, end: 0)
2023-03-30 19:06:09.487 7 WARNING cinder.scheduler.filter_scheduler [None req-91b06e52-17e8-4fc2-a528-f7960e7668fb b024ebef0bfc4361a7c0d6e2f54b80f2 0825e5eaa5704a29b008faff1a1fdd84 - - - -] No weighed backend found for volume with properties: {'id': 'fcd12c4b-f3d8-4eb6-8470-c5c6a94fc7df', 'name': 'tempest-UserMessagesTest-volume-type-1141665945', 'description': None, 'is_public': True, 'projects': [], 'extra_specs': {'storage_protocol': 'tempest-storage_protocol-1943551921', 'vendor_name': 'tempest-vendor_name-1250390170'}, 'qos_specs_id': None, 'created_at': '2023-03-30T19:06:08.000000', 'updated_at': None, 'deleted_at': None, 'deleted': False}
2023-03-30 19:06:09.487 7 INFO cinder.message.api [None req-91b06e52-17e8-4fc2-a528-f7960e7668fb b024ebef0bfc4361a7c0d6e2f54b80f2 0825e5eaa5704a29b008faff1a1fdd84 - - - -] Creating message record for request_id = req-91b06e52-17e8-4fc2-a528-f7960e7668fb
2023-03-30 19:06:09.492 7 ERROR cinder.scheduler.flows.create_volume [None req-91b06e52-17e8-4fc2-a528-f7960e7668fb b024ebef0bfc4361a7c0d6e2f54b80f2 0825e5eaa5704a29b008faff1a1fdd84 - - - -] Failed to run task cinder.scheduler.flows.create_volume.ScheduleCreateVolumeTask;volume:create: No valid backend was found. No weighed backends available: cinder.exception.NoValidBackend: No valid backend was found. No weighed backends available
2023-03-30 19:06:09.876 7 WARNING cinder.scheduler.host_manager [None req-2a5b7177-e292-4cac-b0b0-762d80b77bd6 bfa414b41d6e4f72960dc268f03a40e8 90a36b7293d94f29bd0c8354ddf969d7 - - - -] volume service is down. (host: rack09-server62@lvm-1)
2023-03-30 19:06:14.871 7 WARNING cinder.scheduler.host_manager [None req-868bccb4-33c0-49ed-ba0e-7f900a29627c bfa414b41d6e4f72960dc268f03a40e8 90a36b7293d94f29bd0c8354ddf969d7 - - - -] volume service is down. (host: rack09-server62@lvm-1)
2023-03-30 19:06:21.573 7 WARNING cinder.scheduler.host_manager [None req-16af4f1c-ba01-41ae-8094-84e81f639de9 bfa414b41d6e4f72960dc268f03a40e8 90a36b7293d94f29bd0c8354ddf969d7 - - - -] volume service is down. (host: rack09-server62@lvm-1)
2023-03-30 19:06:21.580 7 WARNING cinder.scheduler.host_manager [None req-16af4f1c-ba01-41ae-8094-84e81f639de9 bfa414b41d6e4f72960dc268f03a40e8 90a36b7293d94f29bd0c8354ddf969d7 - - - -] volume service is down. (host: rack09-server62@lvm-1)
2023-03-30 19:06:23.256 7 WARNING cinder.scheduler.host_manager [None req-e192aa36-35c7-4c39-9b11-cc34d0aeeb14 bfa414b41d6e4f72960dc268f03a40e8 90a36b7293d94f29bd0c8354ddf969d7 - - - -] volume service is down. (host: rack09-server62@lvm-1)
2023-03-30 19:06:26.065 7 WARNING cinder.scheduler.host_manager [None req-399aa1f0-0d1e-4ce2-bb44-5e5e56cd8b75 bfa414b41d6e4f72960dc268f03a40e8 90a36b7293d94f29bd0c8354ddf969d7 - - - -] volume service is down. (host: rack09-server62@lvm-1)
2023-03-30 19:06:27.196 7 WARNING cinder.scheduler.host_manager [None req-1644cce3-2fe2-4bd3-b4a4-1d714dd8fb7a 5f886b14e1a04aaca0617d36dea99ab7 1d7acf68f9c24abda8f2ec4c6ab630f8 - - - -] volume service is down. (host: rack09-server62@lvm-1)
2023-03-30 19:06:36.932 7 WARNING cinder.scheduler.host_manager [None req-6a08a861-39e4-4f7d-b2ca-1a15751f3c89 da03af56f05e46f88baaea11b2a38548 e35eb88419674a8381c5ca411e1608ee - - - -] volume service is down. (host: rack09-server62@lvm-1)
2023-03-30 19:06:38.328 7 WARNING cinder.scheduler.host_manager [None req-a2220d52-ee2e-4bd6-a86a-7c9df1bfb898 da03af56f05e46f88baaea11b2a38548 e35eb88419674a8381c5ca411e1608ee - - - -] volume service is down. (host: rack09-server62@lvm-1)
2023-03-30 19:06:38.329 7 WARNING oslo_messaging.rpc.client [None req-a2220d52-ee2e-4bd6-a86a-7c9df1bfb898 da03af56f05e46f88baaea11b2a38548 e35eb88419674a8381c5ca411e1608ee - - - -] Using RPCClient manually to instantiate client. Please use get_rpc_client to obtain an RPC client instance.
2023-03-30 19:06:39.921 7 WARNING cinder.scheduler.host_manager [None req-c9f64698-67ee-4208-923c-0f23ffecf11c bfa414b41d6e4f72960dc268f03a40e8 90a36b7293d94f29bd0c8354ddf969d7 - - - -] volume service is down. (host: rack09-server62@lvm-1)
2023-03-30 19:06:39.928 7 WARNING cinder.scheduler.host_manager [None req-c9f64698-67ee-4208-923c-0f23ffecf11c bfa414b41d6e4f72960dc268f03a40e8 90a36b7293d94f29bd0c8354ddf969d7 - - - -] volume service is down. (host: rack09-server62@lvm-1)
2023-03-30 19:06:41.627 7 WARNING cinder.scheduler.host_manager [None req-529e58d7-5044-439a-9525-5273106de4d4 bfa414b41d6e4f72960dc268f03a40e8 90a36b7293d94f29bd0c8354ddf969d7 - - - -] volume service is down. (host: rack09-server62@lvm-1)
2023-03-30 19:06:59.842 7 WARNING cinder.scheduler.host_manager [None req-8e47e90c-c1b6-41fe-9629-557d9697c3e5 028c4590ab7543f9abe8535ae64ce3bd 2f389373f2354dc182ac8284da1eb27b - - - -] volume service is down. (host: rack09-server62@lvm-1)
2023-03-30 19:06:59.849 7 WARNING cinder.scheduler.host_manager [None req-8e47e90c-c1b6-41fe-9629-557d9697c3e5 028c4590ab7543f9abe8535ae64ce3bd 2f389373f2354dc182ac8284da1eb27b - - - -] volume service is down. (host: rack09-server62@lvm-1)
2023-03-30 19:07:02.013 7 WARNING cinder.scheduler.host_manager [None req-076f53e1-3e57-45d2-aded-24967b3fb4b0 028c4590ab7543f9abe8535ae64ce3bd 2f389373f2354dc182ac8284da1eb27b - - - -] volume service is down. (host: rack09-server62@lvm-1)
2023-03-30 19:07:04.512 7 WARNING cinder.scheduler.host_manager [None req-861f8dd6-2b6e-4db8-869b-89ac1d1b741d 028c4590ab7543f9abe8535ae64ce3bd 2f389373f2354dc182ac8284da1eb27b - - - -] volume service is down. (host: rack09-server62@lvm-1)
2023-03-30 19:07:11.556 7 WARNING cinder.scheduler.host_manager [None req-af4780d8-fca5-4557-9bd9-b8a6ecca2b61 98ef6580d35f4b7fb8ab197bd1c9a4af 531d9dbe7db245d9a9f94e85f64d2fc9 - - - -] volume service is down. (host: rack09-server62@lvm-1)
2023-03-30 19:07:16.431 7 WARNING cinder.scheduler.host_manager [None req-84686755-c4fd-4cad-b0d1-8802f4cdb806 b274d4724f744bcbbd17bd5946cec5e9 e8dc76f84ade470096e216062d7479ab - - - -] volume service is down. (host: rack09-server62@lvm-1)
2023-03-30 19:07:16.439 7 WARNING cinder.scheduler.host_manager [None req-84686755-c4fd-4cad-b0d1-8802f4cdb806 b274d4724f744bcbbd17bd5946cec5e9 e8dc76f84ade470096e216062d7479ab - - - -] volume service is down. (host: rack09-server62@lvm-1)
2023-03-30 19:07:17.523 7 WARNING cinder.scheduler.host_manager [None req-6e89de2b-530c-4ea4-9779-6719837d3811 98ef6580d35f4b7fb8ab197bd1c9a4af 531d9dbe7db245d9a9f94e85f64d2fc9 - - - -] volume service is down. (host: rack09-server62@lvm-1)
2023-03-30 19:07:19.135 7 WARNING cinder.scheduler.host_manager [None req-4ea509ff-11c4-46b1-ab84-af264bb9000a 016fa00e16e94f2da652f61c23cb2e2c 4994370d39314a7093cdadfe5bdc8a3b - - - -] volume service is down. (host: rack09-server62@lvm-1)
2023-03-30 19:07:21.482 7 WARNING cinder.scheduler.host_manager [None req-08442380-04ec-4aec-8a36-8d98c11035f4 98ef6580d35f4b7fb8ab197bd1c9a4af 531d9dbe7db245d9a9f94e85f64d2fc9 - - - -] volume service is down. (host: rack09-server62@lvm-1)
2023-03-30 19:07:25.436 7 WARNING cinder.scheduler.host_manager [None req-e7ceef85-6822-4b9b-b10f-5dff4b05a3ef 98ef6580d35f4b7fb8ab197bd1c9a4af 531d9dbe7db245d9a9f94e85f64d2fc9 - - - -] volume service is down. (host: rack09-server62@lvm-1)
2023-03-30 19:07:29.386 7 WARNING cinder.scheduler.host_manager [None req-2f2a2053-609e-4fb7-9584-8436ddd34fcf 98ef6580d35f4b7fb8ab197bd1c9a4af 531d9dbe7db245d9a9f94e85f64d2fc9 - - - -] volume service is down. (host: rack09-server62@lvm-1)
2023-03-30 19:07:33.337 7 WARNING cinder.scheduler.host_manager [None req-664ff1ed-1c6b-4bee-b428-de73aebcd9b4 98ef6580d35f4b7fb8ab197bd1c9a4af 531d9dbe7db245d9a9f94e85f64d2fc9 - - - -] volume service is down. (host: rack09-server62@lvm-1)
2023-03-30 19:07:34.187 7 WARNING cinder.scheduler.host_manager [None req-88d89fd2-1fcf-463c-a9cd-c290293c1f4d a76856662db34e7f9c48c6807dd9354e 327fb64ce59046fd93740e9e93f8e75e - - - -] volume service is down. (host: rack09-server62@lvm-1)
2023-03-30 19:07:37.146 7 WARNING cinder.scheduler.host_manager [req-5a6ab99a-3bfa-44de-af7c-ac816df4a15d req-a5e80528-ff4f-4032-af99-cfcf03273c54 016fa00e16e94f2da652f61c23cb2e2c 4994370d39314a7093cdadfe5bdc8a3b - - - -] volume service is down. (host: rack09-server62@lvm-1)
2023-03-30 19:07:37.147 7 WARNING oslo_messaging.rpc.client [req-5a6ab99a-3bfa-44de-af7c-ac816df4a15d req-a5e80528-ff4f-4032-af99-cfcf03273c54 016fa00e16e94f2da652f61c23cb2e2c 4994370d39314a7093cdadfe5bdc8a3b - - - -] Using RPCClient manually to instantiate client. Please use get_rpc_client to obtain an RPC client instance.
2023-03-30 19:07:47.612 7 WARNING cinder.scheduler.host_manager [None req-75b9f78c-08b2-4036-8d51-5ac9ecedcff2 e73eee1476f948709bec95245de36d87 d303ef253ca54f5aa3ef7ec394c19871 - - - -] volume service is down. (host: rack09-server62@lvm-1)
2023-03-30 19:07:50.049 7 WARNING cinder.scheduler.host_manager [None req-7257b9f0-cad4-4eb6-bf88-1c1e7aece8f0 e73eee1476f948709bec95245de36d87 d303ef253ca54f5aa3ef7ec394c19871 - - - -] volume service is down. (host: rack09-server62@lvm-1)
2023-03-30 19:07:50.050 7 WARNING oslo_messaging.rpc.client [None req-7257b9f0-cad4-4eb6-bf88-1c1e7aece8f0 e73eee1476f948709bec95245de36d87 d303ef253ca54f5aa3ef7ec394c19871 - - - -] Using RPCClient manually to instantiate client. Please use get_rpc_client to obtain an RPC client instance.
2023-03-30 19:07:51.006 7 WARNING cinder.scheduler.host_manager [None req-0a452789-eeb9-4d42-8675-722653c41dbe 560286ce8b37406da16c6feb4fd4c761 8bada996c38d4e1b8f4625db3c906eb5 - - - -] volume service is down. (host: rack09-server62@lvm-1)
2023-03-30 19:07:52.418 7 WARNING cinder.scheduler.host_manager [None req-49acdb9d-b715-408a-849a-5f5c0bcd983e e73eee1476f948709bec95245de36d87 d303ef253ca54f5aa3ef7ec394c19871 - - - -] volume service is down. (host: rack09-server62@lvm-1)
2023-03-30 19:07:52.419 7 WARNING oslo_messaging.rpc.client [None req-49acdb9d-b715-408a-849a-5f5c0bcd983e e73eee1476f948709bec95245de36d87 d303ef253ca54f5aa3ef7ec394c19871 - - - -] Using RPCClient manually to instantiate client. Please use get_rpc_client to obtain an RPC client instance.
2023-03-30 19:07:53.432 7 WARNING cinder.scheduler.host_manager [None req-96d03484-21af-46b8-bd50-dbf1c7f415bd 560286ce8b37406da16c6feb4fd4c761 8bada996c38d4e1b8f4625db3c906eb5 - - - -] volume service is down. (host: rack09-server62@lvm-1)
2023-03-30 19:07:53.433 7 WARNING oslo_messaging.rpc.client [None req-96d03484-21af-46b8-bd50-dbf1c7f415bd 560286ce8b37406da16c6feb4fd4c761 8bada996c38d4e1b8f4625db3c906eb5 - - - -] Using RPCClient manually to instantiate client. Please use get_rpc_client to obtain an RPC client instance.
2023-03-30 19:07:55.233 7 WARNING cinder.scheduler.host_manager [None req-afa927d8-3ca7-4000-8fde-eca54b57d1a1 5260f2bb3bc5493c956ec54d0ce00a09 010e9cb55a1a4c4baf384fb4e0b5866f - - - -] volume service is down. (host: rack09-server62@lvm-1)
2023-03-30 19:07:55.272 7 WARNING cinder.scheduler.host_manager [None req-6a1cbd40-bd55-4637-9218-444a69432f83 5260f2bb3bc5493c956ec54d0ce00a09 010e9cb55a1a4c4baf384fb4e0b5866f - - - -] volume service is down. (host: rack09-server62@lvm-1)
2023-03-30 19:07:56.351 7 WARNING cinder.scheduler.host_manager [None req-e6235cf3-7ea0-4447-b922-64286bdbc3f8 e73eee1476f948709bec95245de36d87 d303ef253ca54f5aa3ef7ec394c19871 - - - -] volume service is down. (host: rack09-server62@lvm-1)
2023-03-30 19:07:57.716 7 WARNING cinder.scheduler.host_manager [None req-01ff68c5-69a2-4663-ad98-765c96e5fb52 e73eee1476f948709bec95245de36d87 d303ef253ca54f5aa3ef7ec394c19871 - - - -] volume service is down. (host: rack09-server62@lvm-1)
2023-03-30 19:07:57.717 7 WARNING oslo_messaging.rpc.client [None req-01ff68c5-69a2-4663-ad98-765c96e5fb52 e73eee1476f948709bec95245de36d87 d303ef253ca54f5aa3ef7ec394c19871 - - - -] Using RPCClient manually to instantiate client. Please use get_rpc_client to obtain an RPC client instance.
2023-03-30 19:08:00.423 7 WARNING cinder.scheduler.host_manager [None req-17086d1e-1022-4fd7-8573-c3c804c4f828 e73eee1476f948709bec95245de36d87 d303ef253ca54f5aa3ef7ec394c19871 - - - -] volume service is down. (host: rack09-server62@lvm-1)
2023-03-30 19:08:05.842 7 WARNING cinder.scheduler.host_manager [None req-df6ab946-63ba-41c3-814e-cc9e4c8e42af c460252490774f30b70f20f604f01e1c 74a9610c8022479da51df9f3b0198c30 - - - -] volume service is down. (host: rack09-server62@lvm-1)
2023-03-30 19:08:08.880 7 WARNING cinder.scheduler.host_manager [None req-ea15782b-c9ab-422c-bc19-7db51cc2f085 a2c079a0826e4deea5f298d4e6024de9 3605b6f1abc54dedb35ebc10bea5ac93 - - - -] volume service is down. (host: rack09-server62@lvm-1)
2023-03-30 19:08:13.616 7 WARNING cinder.scheduler.host_manager [None req-4520be0d-c624-49f0-950e-b4b46254e17b 37e17969eb594f258362a30ed673ce3e 69eb0a1e7e8a42cd9d7631976404434a - - - -] volume service is down. (host: rack09-server62@lvm-1)
2023-03-30 19:08:13.622 7 WARNING cinder.scheduler.host_manager [None req-4520be0d-c624-49f0-950e-b4b46254e17b 37e17969eb594f258362a30ed673ce3e 69eb0a1e7e8a42cd9d7631976404434a - - - -] volume service is down. (host: rack09-server62@lvm-1)
2023-03-30 19:08:14.000 7 WARNING cinder.scheduler.host_manager [None req-933e843d-bc79-4f3b-9c3d-bdfe8e16c7f4 73242835bfa1460eb8e87931031c90c9 20be6787951d48f0894e9f416c6b21f3 - - - -] volume service is down. (host: rack09-server62@lvm-1)
2023-03-30 19:08:14.916 7 WARNING cinder.scheduler.host_manager [None req-ee787148-d670-43e2-b26d-3bc1a7371c0b 37e17969eb594f258362a30ed673ce3e 69eb0a1e7e8a42cd9d7631976404434a - - - -] volume service is down. (host: rack09-server62@lvm-1)
2023-03-30 19:08:14.924 7 WARNING cinder.scheduler.host_manager [None req-ee787148-d670-43e2-b26d-3bc1a7371c0b 37e17969eb594f258362a30ed673ce3e 69eb0a1e7e8a42cd9d7631976404434a - - - -] volume service is down. (host: rack09-server62@lvm-1)
2023-03-30 19:08:16.758 7 WARNING cinder.scheduler.host_manager [None req-b83610d8-6e3a-45e4-8040-a8a39ff5eea6 37e17969eb594f258362a30ed673ce3e 69eb0a1e7e8a42cd9d7631976404434a - - - -] volume service is down. (host: rack09-server62@lvm-1)
2023-03-30 19:08:18.718 7 WARNING cinder.scheduler.host_manager [None req-30ef4fea-3967-41c6-93d3-512b25dc0de1 606f6fdeb8524d339d7079372a404f24 d6c19e734b184e0a8a1aaa955a1cf989 - - - -] volume service is down. (host: rack09-server62@lvm-1)
2023-03-30 19:08:22.505 7 WARNING cinder.scheduler.host_manager [None req-96b7ba16-9967-4628-9f6e-ac0310c0c872 37e17969eb594f258362a30ed673ce3e 69eb0a1e7e8a42cd9d7631976404434a - - - -] volume service is down. (host: rack09-server62@lvm-1)
2023-03-30 19:08:22.512 7 WARNING cinder.scheduler.host_manager [None req-96b7ba16-9967-4628-9f6e-ac0310c0c872 37e17969eb594f258362a30ed673ce3e 69eb0a1e7e8a42cd9d7631976404434a - - - -] volume service is down. (host: rack09-server62@lvm-1)
2023-03-30 19:08:24.248 7 WARNING cinder.scheduler.host_manager [None req-6d926ba4-d63d-4d70-aa06-bcb12dd0a424 37e17969eb594f258362a30ed673ce3e 69eb0a1e7e8a42cd9d7631976404434a - - - -] volume service is down. (host: rack09-server62@lvm-1)
2023-03-30 19:08:24.411 7 WARNING cinder.scheduler.host_manager [None req-1d8d840b-d08a-45b4-a9f8-d5d0fb0b2b7f 606f6fdeb8524d339d7079372a404f24 d6c19e734b184e0a8a1aaa955a1cf989 - - - -] volume service is down. (host: rack09-server62@lvm-1)
2023-03-30 19:08:27.305 7 WARNING cinder.scheduler.host_manager [None req-711774d8-b15b-47c6-8814-015fb7e93abf 37e17969eb594f258362a30ed673ce3e 69eb0a1e7e8a42cd9d7631976404434a - - - -] volume service is down. (host: rack09-server62@lvm-1)
2023-03-30 19:08:32.328 7 WARNING cinder.scheduler.host_manager [None req-128f56f9-0a47-4053-ba11-26102284336b 32b4aec49cf54c9ab19fe1da3f008601 3abadf8d81ec425d848679541b4983c0 - - - -] volume service is down. (host: rack09-server62@lvm-1)
2023-03-30 19:08:43.732 7 WARNING cinder.scheduler.host_manager [None req-13995ba9-726b-49b6-b15c-a552c9ecc7dd a36407455e0b4c5eb54b62425a77b426 d7dab1a9a9d94a17906fc5675d23bff4 - - - -] volume service is down. (host: rack09-server62@lvm-1)
2023-03-30 19:08:44.362 7 WARNING cinder.scheduler.host_manager [None req-e5ebdebf-fcf4-465a-a9b7-5114e4818add 32b4aec49cf54c9ab19fe1da3f008601 3abadf8d81ec425d848679541b4983c0 - - - -] volume service is down. (host: rack09-server62@lvm-1)
2023-03-30 19:08:44.363 7 WARNING oslo_messaging.rpc.client [None req-e5ebdebf-fcf4-465a-a9b7-5114e4818add 32b4aec49cf54c9ab19fe1da3f008601 3abadf8d81ec425d848679541b4983c0 - - - -] Using RPCClient manually to instantiate client. Please use get_rpc_client to obtain an RPC client instance.
2023-03-30 19:08:46.056 7 WARNING cinder.scheduler.host_manager [None req-f62e1fe6-5105-48f4-9347-4276eb9747bd 32b4aec49cf54c9ab19fe1da3f008601 3abadf8d81ec425d848679541b4983c0 - - - -] volume service is down. (host: rack09-server62@lvm-1)
2023-03-30 19:08:48.519 7 WARNING cinder.scheduler.host_manager [None req-1209d736-4109-4810-a1b8-f1dee4f0960d 32b4aec49cf54c9ab19fe1da3f008601 3abadf8d81ec425d848679541b4983c0 - - - -] volume service is down. (host: rack09-server62@lvm-1)
2023-03-30 19:08:48.520 7 WARNING oslo_messaging.rpc.client [None req-1209d736-4109-4810-a1b8-f1dee4f0960d 32b4aec49cf54c9ab19fe1da3f008601 3abadf8d81ec425d848679541b4983c0 - - - -] Using RPCClient manually to instantiate client. Please use get_rpc_client to obtain an RPC client instance.
2023-03-30 19:08:49.141 7 WARNING cinder.scheduler.host_manager [None req-48509692-9d02-40e7-8a6c-50e4a81c1a4f 29d612c0b2324bf381fe20f12f150154 56dc7c17e9e74b3cad5eff584e7236ac - - - -] volume service is down. (host: rack09-server62@lvm-1)
2023-03-30 19:08:51.043 7 WARNING cinder.scheduler.host_manager [None req-780aec7f-3ffb-4edb-8c17-4c090d0da063 32b4aec49cf54c9ab19fe1da3f008601 3abadf8d81ec425d848679541b4983c0 - - - -] volume service is down. (host: rack09-server62@lvm-1)
2023-03-30 19:08:51.044 7 WARNING oslo_messaging.rpc.client [None req-780aec7f-3ffb-4edb-8c17-4c090d0da063 32b4aec49cf54c9ab19fe1da3f008601 3abadf8d81ec425d848679541b4983c0 - - - -] Using RPCClient manually to instantiate client. Please use get_rpc_client to obtain an RPC client instance.
2023-03-30 19:08:53.406 7 WARNING cinder.scheduler.host_manager [None req-f0e34e81-6093-4e8b-af75-8f02432ba7d2 c234f094a9b04118a5b6e35638052e37 eb059383329e4c198bfadb67f9dee1e0 - - - -] volume service is down. (host: rack09-server62@lvm-1)
2023-03-30 19:08:56.381 7 WARNING cinder.scheduler.host_manager [None req-efc45611-954d-4e1c-9b74-2eed7c58c140 c234f094a9b04118a5b6e35638052e37 eb059383329e4c198bfadb67f9dee1e0 - - - -] volume service is down. (host: rack09-server62@lvm-1)
2023-03-30 19:08:59.302 7 WARNING cinder.scheduler.host_manager [None req-e5998744-91be-4744-ae44-c31afd2a4b79 83cbb6d4c4be45b6ab3fede931c4e46b 98da07174e67498d9ad9aefa6f03a30c - - - -] volume service is down. (host: rack09-server62@lvm-1)
2023-03-30 19:09:01.350 7 WARNING cinder.scheduler.host_manager [None req-91365a6e-53b4-490e-98c9-bb8390adaafe 29d612c0b2324bf381fe20f12f150154 56dc7c17e9e74b3cad5eff584e7236ac - - - -] volume service is down. (host: rack09-server62@lvm-1)
2023-03-30 19:09:01.981 7 WARNING cinder.scheduler.host_manager [None req-e63c42d9-76f1-49c6-8751-c8dcbaaad25b 83cbb6d4c4be45b6ab3fede931c4e46b 98da07174e67498d9ad9aefa6f03a30c - - - -] volume service is down. (host: rack09-server62@lvm-1)
2023-03-30 19:09:04.671 7 WARNING cinder.scheduler.host_manager [None req-e95fa03f-f4f3-4693-8aaf-2cf2b1f5028c 83cbb6d4c4be45b6ab3fede931c4e46b 98da07174e67498d9ad9aefa6f03a30c - - - -] volume service is down. (host: rack09-server62@lvm-1)
2023-03-30 19:09:05.126 7 WARNING cinder.scheduler.host_manager [None req-c5b454d8-d560-4c45-a62e-b238ea2e9d2c 29d612c0b2324bf381fe20f12f150154 56dc7c17e9e74b3cad5eff584e7236ac - - - -] volume service is down. (host: rack09-server62@lvm-1)
2023-03-30 19:09:08.287 7 WARNING cinder.scheduler.host_manager [None req-32de855b-6f55-458e-b20e-190dc33486cd 29d612c0b2324bf381fe20f12f150154 56dc7c17e9e74b3cad5eff584e7236ac - - - -] volume service is down. (host: rack09-server62@lvm-1)
2023-03-30 19:09:10.814 7 WARNING cinder.scheduler.host_manager [None req-bee6f22c-c14e-471b-a291-bf3471097682 94de8f5863e8441d81c3bad91e76c34c e6e1d40c24aa41ff91b41c242ba0aac3 - - - -] volume service is down. (host: rack09-server62@lvm-1)
2023-03-30 19:09:16.575 7 WARNING cinder.scheduler.host_manager [None req-f6810174-f018-4208-947d-0eec5d9d65fd 58c6f05e3b184bb6b562c37f849c22af 55023000a7844c859033c4aa5cf77c68 - - - -] volume service is down. (host: rack09-server62@lvm-1)
2023-03-30 19:09:19.549 7 WARNING cinder.scheduler.host_manager [None req-932b964a-acc6-4961-a941-300fc51415c6 bc399085441741b6a015bf27eabaf4d8 fc1ed6c603e4414f9a81df309d3abb1a - - - -] volume service is down. (host: rack09-server62@lvm-1)
2023-03-30 19:09:22.857 7 WARNING cinder.scheduler.host_manager [None req-ccf92cfe-167c-4035-b9fd-6bf0a246c916 2bc9d2bea6654b42be5de7d4f513d24b e190f6b8bee444c29bc9fd754d3f3d66 - - - -] volume service is down. (host: rack09-server62@lvm-1)
2023-03-30 19:09:24.497 7 WARNING cinder.scheduler.host_manager [None req-3ce0cc1f-3493-4ee5-ab18-69a34dbc7950 58c6f05e3b184bb6b562c37f849c22af 55023000a7844c859033c4aa5cf77c68 - - - -] volume service is down. (host: rack09-server62@lvm-1)
2023-03-30 19:09:25.094 7 WARNING cinder.scheduler.host_manager [None req-d71de330-c593-47cd-977e-a1e889543043 2bc9d2bea6654b42be5de7d4f513d24b e190f6b8bee444c29bc9fd754d3f3d66 - - - -] volume service is down. (host: rack09-server62@lvm-1)
2023-03-30 19:09:25.094 7 WARNING oslo_messaging.rpc.client [None req-d71de330-c593-47cd-977e-a1e889543043 2bc9d2bea6654b42be5de7d4f513d24b e190f6b8bee444c29bc9fd754d3f3d66 - - - -] Using RPCClient manually to instantiate client. Please use get_rpc_client to obtain an RPC client instance.
2023-03-30 19:09:27.773 7 WARNING cinder.scheduler.host_manager [None req-582df39e-b903-4647-b873-ee4c060a0114 7ced5a1b7bca458c91ae356d267c1566 05a509e0c32b45e2a045b3d1bd07bf04 - - - -] volume service is down. (host: rack09-server62@lvm-1)
2023-03-30 19:09:36.958 7 WARNING cinder.scheduler.host_manager [None req-6f51b144-1988-4378-915b-c0a455729351 7ced5a1b7bca458c91ae356d267c1566 05a509e0c32b45e2a045b3d1bd07bf04 - - - -] volume service is down. (host: rack09-server62@lvm-1)
2023-03-30 19:09:36.959 7 WARNING oslo_messaging.rpc.client [None req-6f51b144-1988-4378-915b-c0a455729351 7ced5a1b7bca458c91ae356d267c1566 05a509e0c32b45e2a045b3d1bd07bf04 - - - -] Using RPCClient manually to instantiate client. Please use get_rpc_client to obtain an RPC client instance.
2023-03-30 19:09:39.277 7 WARNING cinder.scheduler.host_manager [None req-e0cfe82a-0944-47f8-b53b-05ce8ce81df7 58c6f05e3b184bb6b562c37f849c22af 55023000a7844c859033c4aa5cf77c68 - - - -] volume service is down. (host: rack09-server62@lvm-1)
2023-03-30 19:09:39.278 7 WARNING oslo_messaging.rpc.client [None req-e0cfe82a-0944-47f8-b53b-05ce8ce81df7 58c6f05e3b184bb6b562c37f849c22af 55023000a7844c859033c4aa5cf77c68 - - - -] Using RPCClient manually to instantiate client. Please use get_rpc_client to obtain an RPC client instance.
2023-03-30 19:09:45.312 7 WARNING cinder.scheduler.host_manager [None req-3990d4e7-8ecf-41ee-ba91-dec15f596cb1 5870650e39564eae804ae1e914ce9541 c9eeeae3842140cebd91eff05d5fad5d - - - -] volume service is down. (host: rack09-server62@lvm-1)
2023-03-30 19:09:46.579 7 WARNING cinder.scheduler.host_manager [None req-5c8caedc-dd5c-44ea-b7e6-be71b5347420 68f16baf10cc4b1bacd22815c0fcfcec 21de753f4d6a4bafbda68cb76fadf05b - - - -] volume service is down. (host: rack09-server62@lvm-1)
2023-03-30 19:09:46.845 7 WARNING cinder.scheduler.host_manager [None req-11113dff-5312-483c-85ac-5427bd356ba3 58c6f05e3b184bb6b562c37f849c22af 55023000a7844c859033c4aa5cf77c68 - - - -] volume service is down. (host: rack09-server62@lvm-1)
2023-03-30 19:09:46.846 7 WARNING oslo_messaging.rpc.client [None req-11113dff-5312-483c-85ac-5427bd356ba3 58c6f05e3b184bb6b562c37f849c22af 55023000a7844c859033c4aa5cf77c68 - - - -] Using RPCClient manually to instantiate client. Please use get_rpc_client to obtain an RPC client instance.
2023-03-30 19:09:48.382 7 WARNING cinder.scheduler.host_manager [None req-5d5cc639-997a-448c-86b5-f0666aca31bd 5870650e39564eae804ae1e914ce9541 c9eeeae3842140cebd91eff05d5fad5d - - - -] volume service is down. (host: rack09-server62@lvm-1)
2023-03-30 19:09:49.237 7 WARNING cinder.scheduler.host_manager [None req-b0f18c25-bdee-469c-ae88-49d4df2bfcc6 58c6f05e3b184bb6b562c37f849c22af 55023000a7844c859033c4aa5cf77c68 - - - -] volume service is down. (host: rack09-server62@lvm-1)
2023-03-30 19:09:49.238 7 WARNING oslo_messaging.rpc.client [None req-b0f18c25-bdee-469c-ae88-49d4df2bfcc6 58c6f05e3b184bb6b562c37f849c22af 55023000a7844c859033c4aa5cf77c68 - - - -] Using RPCClient manually to instantiate client. Please use get_rpc_client to obtain an RPC client instance.
2023-03-30 19:09:49.466 7 WARNING cinder.scheduler.host_manager [None req-28202bbf-3e23-4015-8a3b-21714a930ae8 68f16baf10cc4b1bacd22815c0fcfcec 21de753f4d6a4bafbda68cb76fadf05b - - - -] volume service is down. (host: rack09-server62@lvm-1)
2023-03-30 19:09:51.065 7 WARNING cinder.scheduler.host_manager [None req-eeaab06c-5736-43bd-afad-fa8d5a434601 5870650e39564eae804ae1e914ce9541 c9eeeae3842140cebd91eff05d5fad5d - - - -] volume service is down. (host: rack09-server62@lvm-1)
2023-03-30 19:09:54.123 7 WARNING cinder.scheduler.host_manager [None req-2cd9e226-6ca9-463b-bf08-f3f715a40559 1a301b41376a495ab1476761daabf070 60ffd80e529a4deb86c6bac703024bc6 - - - -] volume service is down. (host: rack09-server62@lvm-1)
2023-03-30 19:09:54.494 7 WARNING cinder.scheduler.host_manager [None req-762103f6-9461-4d19-803c-090bd8e7a496 68f16baf10cc4b1bacd22815c0fcfcec 21de753f4d6a4bafbda68cb76fadf05b - - - -] volume service is down. (host: rack09-server62@lvm-1)
2023-03-30 19:09:57.198 7 WARNING cinder.scheduler.host_manager [None req-9ef839e7-c709-4518-ad14-ae9f93e37b0a 68f16baf10cc4b1bacd22815c0fcfcec 21de753f4d6a4bafbda68cb76fadf05b - - - -] volume service is down. (host: rack09-server62@lvm-1)
2023-03-30 19:09:58.684 7 WARNING cinder.scheduler.host_manager [None req-68d5c63f-8358-4c57-a44e-54f0eb9bacf9 58c6f05e3b184bb6b562c37f849c22af 55023000a7844c859033c4aa5cf77c68 - - - -] volume service is down. (host: rack09-server62@lvm-1)
2023-03-30 19:09:58.685 7 WARNING oslo_messaging.rpc.client [None req-68d5c63f-8358-4c57-a44e-54f0eb9bacf9 58c6f05e3b184bb6b562c37f849c22af 55023000a7844c859033c4aa5cf77c68 - - - -] Using RPCClient manually to instantiate client. Please use get_rpc_client to obtain an RPC client instance.
2023-03-30 19:10:01.444 7 WARNING cinder.scheduler.host_manager [None req-8892a6da-a760-4b01-ba02-831f67e92c74 68f16baf10cc4b1bacd22815c0fcfcec 21de753f4d6a4bafbda68cb76fadf05b - - - -] volume service is down. (host: rack09-server62@lvm-1)
2023-03-30 19:10:02.314 7 WARNING cinder.scheduler.host_manager [None req-aa3d262f-60b8-4f5f-8bc6-7aecb6945c96 58c6f05e3b184bb6b562c37f849c22af 55023000a7844c859033c4aa5cf77c68 - - - -] volume service is down. (host: rack09-server62@lvm-1)
2023-03-30 19:10:02.315 7 WARNING oslo_messaging.rpc.client [None req-aa3d262f-60b8-4f5f-8bc6-7aecb6945c96 58c6f05e3b184bb6b562c37f849c22af 55023000a7844c859033c4aa5cf77c68 - - - -] Using RPCClient manually to instantiate client. Please use get_rpc_client to obtain an RPC client instance.
2023-03-30 19:10:06.496 7 WARNING cinder.scheduler.host_manager [None req-49d09279-0c1f-488e-9e68-f18db936b4e7 d12ffe8ee34e43d6803a8add5c12511a 2508916511d8479fa85517be257905d9 - - - -] volume service is down. (host: rack09-server62@lvm-1)
2023-03-30 19:10:06.611 7 WARNING cinder.scheduler.host_manager [None req-9d9bedf9-8b5f-4408-9c20-c8c603a4536a 68f16baf10cc4b1bacd22815c0fcfcec 21de753f4d6a4bafbda68cb76fadf05b - - - -] volume service is down. (host: rack09-server62@lvm-1)
2023-03-30 19:10:11.397 7 WARNING cinder.scheduler.host_manager [None req-f01631d4-e577-4489-b95b-671d24185764 58c6f05e3b184bb6b562c37f849c22af 55023000a7844c859033c4aa5cf77c68 - - - -] volume service is down. (host: rack09-server62@lvm-1)
2023-03-30 19:10:11.398 7 WARNING oslo_messaging.rpc.client [None req-f01631d4-e577-4489-b95b-671d24185764 58c6f05e3b184bb6b562c37f849c22af 55023000a7844c859033c4aa5cf77c68 - - - -] Using RPCClient manually to instantiate client. Please use get_rpc_client to obtain an RPC client instance.
2023-03-30 19:10:12.555 7 WARNING cinder.scheduler.host_manager [None req-f60478f7-9944-4f8a-b092-29d91407e95e d12ffe8ee34e43d6803a8add5c12511a 2508916511d8479fa85517be257905d9 - - - -] volume service is down. (host: rack09-server62@lvm-1)
2023-03-30 19:10:13.789 7 WARNING cinder.scheduler.host_manager [None req-326f9b5e-335a-4953-8773-90095fcd4e03 58c6f05e3b184bb6b562c37f849c22af 55023000a7844c859033c4aa5cf77c68 - - - -] volume service is down. (host: rack09-server62@lvm-1)
2023-03-30 19:10:13.790 7 WARNING oslo_messaging.rpc.client [None req-326f9b5e-335a-4953-8773-90095fcd4e03 58c6f05e3b184bb6b562c37f849c22af 55023000a7844c859033c4aa5cf77c68 - - - -] Using RPCClient manually to instantiate client. Please use get_rpc_client to obtain an RPC client instance.
2023-03-30 19:10:19.014 7 WARNING cinder.scheduler.host_manager [None req-9ba8ba3c-fd0c-4f65-8e01-c026003995a6 68f16baf10cc4b1bacd22815c0fcfcec 21de753f4d6a4bafbda68cb76fadf05b - - - -] volume service is down. (host: rack09-server62@lvm-1)
2023-03-30 19:10:22.754 7 WARNING cinder.scheduler.host_manager [None req-8adc1565-e958-4c88-aa86-4aa1eb105c39 77237303fe844910ae40e5689d1e0d14 78cc118ec2974475a19f93cd87b971f3 - - - -] volume service is down. (host: rack09-server62@lvm-1)
2023-03-30 19:10:23.365 7 WARNING cinder.scheduler.host_manager [None req-834a6e18-86d0-43be-a838-f0203eab5ffe 58c6f05e3b184bb6b562c37f849c22af 55023000a7844c859033c4aa5cf77c68 - - - -] volume service is down. (host: rack09-server62@lvm-1)
2023-03-30 19:10:25.212 7 WARNING cinder.scheduler.host_manager [None req-481cc874-3aae-41a7-84f0-4cd8503e48db 77237303fe844910ae40e5689d1e0d14 78cc118ec2974475a19f93cd87b971f3 - - - -] volume service is down. (host: rack09-server62@lvm-1)
2023-03-30 19:10:25.213 7 WARNING oslo_messaging.rpc.client [None req-481cc874-3aae-41a7-84f0-4cd8503e48db 77237303fe844910ae40e5689d1e0d14 78cc118ec2974475a19f93cd87b971f3 - - - -] Using RPCClient manually to instantiate client. Please use get_rpc_client to obtain an RPC client instance.
2023-03-30 19:10:25.784 7 WARNING cinder.scheduler.host_manager [None req-938f619a-febf-4ea1-b723-083be367ef89 58c6f05e3b184bb6b562c37f849c22af 55023000a7844c859033c4aa5cf77c68 - - - -] volume service is down. (host: rack09-server62@lvm-1)
2023-03-30 19:10:25.785 7 WARNING oslo_messaging.rpc.client [None req-938f619a-febf-4ea1-b723-083be367ef89 58c6f05e3b184bb6b562c37f849c22af 55023000a7844c859033c4aa5cf77c68 - - - -] Using RPCClient manually to instantiate client. Please use get_rpc_client to obtain an RPC client instance.
2023-03-30 19:10:27.587 7 WARNING cinder.scheduler.host_manager [None req-0e063815-152d-4c10-86a8-ec9f9a95d43a 77237303fe844910ae40e5689d1e0d14 78cc118ec2974475a19f93cd87b971f3 - - - -] volume service is down. (host: rack09-server62@lvm-1)
2023-03-30 19:10:27.587 7 WARNING oslo_messaging.rpc.client [None req-0e063815-152d-4c10-86a8-ec9f9a95d43a 77237303fe844910ae40e5689d1e0d14 78cc118ec2974475a19f93cd87b971f3 - - - -] Using RPCClient manually to instantiate client. Please use get_rpc_client to obtain an RPC client instance.
2023-03-30 19:10:28.009 7 WARNING cinder.scheduler.host_manager [None req-b89bd1cf-283f-4172-a36f-8ceceb035253 09d3d2c4940142cdae1da46bf689d811 237714cb91d445eba2197e6729a154bf - - - -] volume service is down. (host: rack09-server62@lvm-1)
2023-03-30 19:10:28.900 7 WARNING cinder.scheduler.host_manager [None req-0e069a19-ca78-42e5-857f-748ed1687502 58c6f05e3b184bb6b562c37f849c22af 55023000a7844c859033c4aa5cf77c68 - - - -] volume service is down. (host: rack09-server62@lvm-1)
2023-03-30 19:10:29.958 7 WARNING cinder.scheduler.host_manager [None req-d42d9959-cb2c-4536-b3ac-c4f8520427ed 77237303fe844910ae40e5689d1e0d14 78cc118ec2974475a19f93cd87b971f3 - - - -] volume service is down. (host: rack09-server62@lvm-1)
2023-03-30 19:10:29.959 7 WARNING oslo_messaging.rpc.client [None req-d42d9959-cb2c-4536-b3ac-c4f8520427ed 77237303fe844910ae40e5689d1e0d14 78cc118ec2974475a19f93cd87b971f3 - - - -] Using RPCClient manually to instantiate client. Please use get_rpc_client to obtain an RPC client instance.
2023-03-30 19:10:32.791 7 WARNING cinder.scheduler.host_manager [None req-d8d6c3ae-b007-4161-9a40-0dd520f6aee4 58c6f05e3b184bb6b562c37f849c22af 55023000a7844c859033c4aa5cf77c68 - - - -] volume service is down. (host: rack09-server62@lvm-1)
2023-03-30 19:10:35.226 7 WARNING cinder.scheduler.host_manager [None req-6d0ae4e9-5654-4933-8204-cef14153f8fe 58c6f05e3b184bb6b562c37f849c22af 55023000a7844c859033c4aa5cf77c68 - - - -] volume service is down. (host: rack09-server62@lvm-1)
2023-03-30 19:10:35.227 7 WARNING oslo_messaging.rpc.client [None req-6d0ae4e9-5654-4933-8204-cef14153f8fe 58c6f05e3b184bb6b562c37f849c22af 55023000a7844c859033c4aa5cf77c68 - - - -] Using RPCClient manually to instantiate client. Please use get_rpc_client to obtain an RPC client instance.
2023-03-30 19:10:37.911 7 WARNING cinder.scheduler.host_manager [None req-306ee67c-6052-462b-9526-4056bad2c75e 58c6f05e3b184bb6b562c37f849c22af 55023000a7844c859033c4aa5cf77c68 - - - -] volume service is down. (host: rack09-server62@lvm-1)
2023-03-30 19:10:41.030 7 WARNING cinder.scheduler.host_manager [None req-f244aaa4-d698-496a-b5a0-14410cae2537 04e05dbeeede4d5fbfd03501d625c1ad 45f81d088ead45669157b4bf0950f0af - - - -] volume service is down. (host: rack09-server62@lvm-1)
2023-03-30 19:10:43.483 7 WARNING cinder.scheduler.host_manager [None req-28a429e1-2bad-445d-84fd-8eaa2394a4a2 04e05dbeeede4d5fbfd03501d625c1ad 45f81d088ead45669157b4bf0950f0af - - - -] volume service is down. (host: rack09-server62@lvm-1)
2023-03-30 19:10:43.484 7 WARNING oslo_messaging.rpc.client [None req-28a429e1-2bad-445d-84fd-8eaa2394a4a2 04e05dbeeede4d5fbfd03501d625c1ad 45f81d088ead45669157b4bf0950f0af - - - -] Using RPCClient manually to instantiate client. Please use get_rpc_client to obtain an RPC client instance.
2023-03-30 19:10:57.167 7 WARNING cinder.scheduler.host_manager [None req-567902e1-3d2f-4add-85fd-d4aead01860e 75242b19e1f4437cb555ecf78f61a218 9368bf46d4ec4f52bdd2b2382b162477 - - - -] volume service is down. (host: rack09-server62@lvm-1)
2023-03-30 19:10:57.414 7 WARNING cinder.scheduler.host_manager [None req-39886d2e-ebde-48bf-90d0-94037d1d3a98 f1b88d70e8e94ec78d17d2738d1f7310 b5eb8bb94ecf4738b47b1e3bb35cfc2a - - - -] volume service is down. (host: rack09-server62@lvm-1)
2023-03-30 19:10:57.552 7 WARNING cinder.scheduler.host_manager [None req-8b19b24d-fda1-42ae-b1b3-2beb1b269360 834b74dfc0464a7c86e14f9bbfa8f5ab b4ef99ec4b8a4c4cb95721d5cc238b07 - - - -] volume service is down. (host: rack09-server62@lvm-1)
2023-03-30 19:10:57.691 7 WARNING cinder.scheduler.host_manager [None req-e1e68e6e-5a4a-41aa-b4a4-bdb286652012 75242b19e1f4437cb555ecf78f61a218 9368bf46d4ec4f52bdd2b2382b162477 - - - -] volume service is down. (host: rack09-server62@lvm-1)
2023-03-30 19:10:58.172 7 WARNING cinder.scheduler.host_manager [None req-576887cd-9d2d-4521-8b85-492ea9f8ad67 75242b19e1f4437cb555ecf78f61a218 9368bf46d4ec4f52bdd2b2382b162477 - - - -] volume service is down. (host: rack09-server62@lvm-1)
2023-03-30 19:10:58.678 7 WARNING cinder.scheduler.host_manager [None req-aeae7abd-190f-4991-9167-1d3be0867bd0 75242b19e1f4437cb555ecf78f61a218 9368bf46d4ec4f52bdd2b2382b162477 - - - -] volume service is down. (host: rack09-server62@lvm-1)
2023-03-30 19:10:59.193 7 WARNING cinder.scheduler.host_manager [None req-4f6dedc7-7181-4db2-9bff-3365393a5a57 75242b19e1f4437cb555ecf78f61a218 9368bf46d4ec4f52bdd2b2382b162477 - - - -] volume service is down. (host: rack09-server62@lvm-1)
2023-03-30 19:10:59.991 7 WARNING cinder.scheduler.host_manager [None req-bef7d70d-9394-4fed-bdc1-3f7794775375 834b74dfc0464a7c86e14f9bbfa8f5ab b4ef99ec4b8a4c4cb95721d5cc238b07 - - - -] volume service is down. (host: rack09-server62@lvm-1)
2023-03-30 19:10:59.991 7 WARNING oslo_messaging.rpc.client [None req-bef7d70d-9394-4fed-bdc1-3f7794775375 834b74dfc0464a7c86e14f9bbfa8f5ab b4ef99ec4b8a4c4cb95721d5cc238b07 - - - -] Using RPCClient manually to instantiate client. Please use get_rpc_client to obtain an RPC client instance.
2023-03-30 19:11:00.460 7 WARNING cinder.scheduler.host_manager [None req-52f5ccc5-39a1-45be-8ec7-1ad067687cd2 f1b88d70e8e94ec78d17d2738d1f7310 b5eb8bb94ecf4738b47b1e3bb35cfc2a - - - -] volume service is down. (host: rack09-server62@lvm-1)
2023-03-30 19:11:00.944 7 WARNING cinder.scheduler.host_manager [None req-afdba93f-a21b-4a64-9409-1a8228209e0e f1b88d70e8e94ec78d17d2738d1f7310 b5eb8bb94ecf4738b47b1e3bb35cfc2a - - - -] volume service is down. (host: rack09-server62@lvm-1)
2023-03-30 19:11:01.435 7 WARNING cinder.scheduler.host_manager [None req-6b910382-3ae2-4b86-8687-082dc42be725 f1b88d70e8e94ec78d17d2738d1f7310 b5eb8bb94ecf4738b47b1e3bb35cfc2a - - - -] volume service is down. (host: rack09-server62@lvm-1)
2023-03-30 19:11:01.922 7 WARNING cinder.scheduler.host_manager [None req-a4c8fb26-0f80-4a6d-ba63-62dd90d75525 f1b88d70e8e94ec78d17d2738d1f7310 b5eb8bb94ecf4738b47b1e3bb35cfc2a - - - -] volume service is down. (host: rack09-server62@lvm-1)
2023-03-30 19:11:02.450 7 WARNING cinder.scheduler.host_manager [None req-37f393d8-ea8f-4e3f-b58b-c569c605ca4c f1b88d70e8e94ec78d17d2738d1f7310 b5eb8bb94ecf4738b47b1e3bb35cfc2a - - - -] volume service is down. (host: rack09-server62@lvm-1)
2023-03-30 19:11:02.610 7 WARNING cinder.scheduler.host_manager [None req-83a753b2-b018-4e98-896d-d32d153286c2 834b74dfc0464a7c86e14f9bbfa8f5ab b4ef99ec4b8a4c4cb95721d5cc238b07 - - - -] volume service is down. (host: rack09-server62@lvm-1)
2023-03-30 19:11:03.147 7 WARNING cinder.scheduler.host_manager [None req-bc8b9039-339b-4603-9264-d31f5feb24f2 834b74dfc0464a7c86e14f9bbfa8f5ab b4ef99ec4b8a4c4cb95721d5cc238b07 - - - -] volume service is down. (host: rack09-server62@lvm-1)
2023-03-30 19:11:03.633 7 WARNING cinder.scheduler.host_manager [None req-c1a2b88a-6530-40c7-ad0f-29c4d1fc52fe 834b74dfc0464a7c86e14f9bbfa8f5ab b4ef99ec4b8a4c4cb95721d5cc238b07 - - - -] volume service is down. (host: rack09-server62@lvm-1)
2023-03-30 19:11:04.123 7 WARNING cinder.scheduler.host_manager [None req-9d482793-4f19-4ce6-9267-1b72bed12e39 834b74dfc0464a7c86e14f9bbfa8f5ab b4ef99ec4b8a4c4cb95721d5cc238b07 - - - -] volume service is down. (host: rack09-server62@lvm-1)
2023-03-30 19:11:04.632 7 WARNING cinder.scheduler.host_manager [None req-fedab87c-eaa9-4b7e-8fe1-9f04bc635406 834b74dfc0464a7c86e14f9bbfa8f5ab b4ef99ec4b8a4c4cb95721d5cc238b07 - - - -] volume service is down. (host: rack09-server62@lvm-1)
2023-03-30 19:11:09.541 7 WARNING cinder.scheduler.host_manager [None req-728dd596-69ee-4928-a4d7-0f827f53b945 1588c8da68be471eae93f62739faef68 4ebde695aa8d4fe4affa1302bcf7f19b - - - -] volume service is down. (host: rack09-server62@lvm-1)
2023-03-30 19:11:12.617 7 WARNING cinder.scheduler.host_manager [None req-5fedeec3-f155-4983-8930-3b342f907c14 1588c8da68be471eae93f62739faef68 4ebde695aa8d4fe4affa1302bcf7f19b - - - -] volume service is down. (host: rack09-server62@lvm-1)
2023-03-30 19:11:15.117 7 WARNING cinder.scheduler.host_manager [None req-2a0113e3-b9c1-451e-9cb9-bbb51de9d609 1588c8da68be471eae93f62739faef68 4ebde695aa8d4fe4affa1302bcf7f19b - - - -] volume service is down. (host: rack09-server62@lvm-1)
2023-03-30 19:11:15.117 7 WARNING oslo_messaging.rpc.client [None req-2a0113e3-b9c1-451e-9cb9-bbb51de9d609 1588c8da68be471eae93f62739faef68 4ebde695aa8d4fe4affa1302bcf7f19b - - - -] Using RPCClient manually to instantiate client. Please use get_rpc_client to obtain an RPC client instance.
