Build Started 17_02_2023_18_23_04
2023-02-17 18:25:03.070 7 WARNING cinder.scheduler.host_manager [req-078b135f-2783-4c0d-b425-4e7811ce8f24 req-c87e2e8e-d594-4c74-8296-b716acb67ddf 05ab9c21f797443382cb6f7bad6aa32a 71f3a686b6674bf48eb8a3c1917c6736 - - - -] volume service is down. (host: rack09-server62@lvm-1)
2023-02-17 18:25:03.074 7 WARNING cinder.scheduler.host_manager [req-51812e69-1970-49fa-bf8a-c169777f8e18 req-de9d1474-9de2-405e-863c-656d46a98f48 32af27f4a83c410080786c1bd9c95ea6 a38b955c1d4c4a858edd86871c1ee520 - - - -] volume service is down. (host: rack09-server62@lvm-1)
2023-02-17 18:25:03.117 7 WARNING cinder.scheduler.host_manager [None req-c311a015-8e60-48e7-a854-c265e10a2d53 0ba4768b884c4d0cba7e40f832c7c436 924da45b263143c19ebb5b4f994befd1 - - - -] volume service is down. (host: rack09-server62@lvm-1)
2023-02-17 18:25:04.447 7 WARNING cinder.scheduler.host_manager [req-6a119722-359a-44ce-b8ab-c4f435d1f80f req-a69a73fe-1851-459a-87dc-d0d5154db117 32af27f4a83c410080786c1bd9c95ea6 a38b955c1d4c4a858edd86871c1ee520 - - - -] volume service is down. (host: rack09-server62@lvm-1)
2023-02-17 18:25:04.448 7 WARNING oslo_messaging.rpc.client [req-6a119722-359a-44ce-b8ab-c4f435d1f80f req-a69a73fe-1851-459a-87dc-d0d5154db117 32af27f4a83c410080786c1bd9c95ea6 a38b955c1d4c4a858edd86871c1ee520 - - - -] Using RPCClient manually to instantiate client. Please use get_rpc_client to obtain an RPC client instance.
2023-02-17 18:25:12.249 7 WARNING cinder.scheduler.host_manager [None req-2ec7e0a6-48a2-4683-9d95-cc1ccd5a324d 4480c577396f48258ce81d0a9a0efef5 22991e4c17ed417ea8294ee1037d07d0 - - - -] volume service is down. (host: rack09-server62@lvm-1)
2023-02-17 18:25:13.765 7 WARNING cinder.scheduler.host_manager [None req-5cb45ecf-fce4-423b-8d22-77b93acb3d92 4480c577396f48258ce81d0a9a0efef5 22991e4c17ed417ea8294ee1037d07d0 - - - -] volume service is down. (host: rack09-server62@lvm-1)
2023-02-17 18:25:16.326 7 WARNING cinder.scheduler.host_manager [None req-0920d5a3-def9-4daa-876a-cf86a723c562 4480c577396f48258ce81d0a9a0efef5 22991e4c17ed417ea8294ee1037d07d0 - - - -] volume service is down. (host: rack09-server62@lvm-1)
2023-02-17 18:25:22.430 7 WARNING cinder.scheduler.host_manager [None req-eb380909-f898-4e22-92ca-769615330f54 82b98ec2156847b082fc4bccba3b9dda 6f0999926e3c4756a920c47caa96414b - - - -] volume service is down. (host: rack09-server62@lvm-1)
2023-02-17 18:25:22.437 7 WARNING cinder.scheduler.host_manager [None req-eb380909-f898-4e22-92ca-769615330f54 82b98ec2156847b082fc4bccba3b9dda 6f0999926e3c4756a920c47caa96414b - - - -] volume service is down. (host: rack09-server62@lvm-1)
2023-02-17 18:25:24.332 7 WARNING cinder.scheduler.host_manager [None req-79bdd1b7-53d4-4282-8cc9-b9d3ff880549 82b98ec2156847b082fc4bccba3b9dda 6f0999926e3c4756a920c47caa96414b - - - -] volume service is down. (host: rack09-server62@lvm-1)
2023-02-17 18:25:25.655 7 WARNING cinder.scheduler.host_manager [None req-6f9add82-ead8-4bcf-802c-9066e5b7954a 82b98ec2156847b082fc4bccba3b9dda 6f0999926e3c4756a920c47caa96414b - - - -] volume service is down. (host: rack09-server62@lvm-1)
2023-02-17 18:25:25.803 7 WARNING cinder.scheduler.host_manager [None req-a2358833-89fc-4335-8cc4-a0b4f06b9a14 29614e7afcb24f8b9b586bd4b751372c f144927fc3094121804bc7c3ef030113 - - - -] volume service is down. (host: rack09-server62@lvm-1)
2023-02-17 18:25:25.844 7 WARNING cinder.scheduler.host_manager [None req-b1e2d969-ace1-4b8f-90d8-4492a2a85ec9 29614e7afcb24f8b9b586bd4b751372c f144927fc3094121804bc7c3ef030113 - - - -] volume service is down. (host: rack09-server62@lvm-1)
2023-02-17 18:25:30.812 7 WARNING cinder.scheduler.host_manager [None req-6b62ac20-2ef2-4bbb-916a-eb3b954fe7be 9d18e891ab3d4b22a2b25a757879225b 378144b12bcc40758f7417b43a82268b - - - -] volume service is down. (host: rack09-server62@lvm-1)
2023-02-17 18:25:30.819 7 WARNING cinder.scheduler.host_manager [None req-6b62ac20-2ef2-4bbb-916a-eb3b954fe7be 9d18e891ab3d4b22a2b25a757879225b 378144b12bcc40758f7417b43a82268b - - - -] volume service is down. (host: rack09-server62@lvm-1)
2023-02-17 18:25:32.396 7 WARNING cinder.scheduler.host_manager [None req-2ba99f21-a8d3-43a6-96c1-3b2135c4fbfe 9d18e891ab3d4b22a2b25a757879225b 378144b12bcc40758f7417b43a82268b - - - -] volume service is down. (host: rack09-server62@lvm-1)
2023-02-17 18:25:33.219 7 WARNING cinder.scheduler.host_manager [None req-f5cc881a-a528-4209-ad89-e0a7d23da25f 0ba4768b884c4d0cba7e40f832c7c436 924da45b263143c19ebb5b4f994befd1 - - - -] volume service is down. (host: rack09-server62@lvm-1)
2023-02-17 18:25:36.090 7 WARNING cinder.scheduler.host_manager [None req-a6eba725-d47d-4e61-9ba0-28d13b78a772 9d18e891ab3d4b22a2b25a757879225b 378144b12bcc40758f7417b43a82268b - - - -] volume service is down. (host: rack09-server62@lvm-1)
2023-02-17 18:25:37.246 7 WARNING cinder.scheduler.host_manager [None req-488b3b89-7721-426a-8b2c-2f0214a634d7 e10902efc5274ebeb136678554c0d866 be4e29b727b8491f9a1dde2054434e40 - - - -] volume service is down. (host: rack09-server62@lvm-1)
2023-02-17 18:25:37.253 7 WARNING cinder.scheduler.host_manager [None req-488b3b89-7721-426a-8b2c-2f0214a634d7 e10902efc5274ebeb136678554c0d866 be4e29b727b8491f9a1dde2054434e40 - - - -] volume service is down. (host: rack09-server62@lvm-1)
2023-02-17 18:25:43.522 7 WARNING cinder.scheduler.host_manager [None req-38036b26-c670-4008-bc2b-5b5f0207eda2 9d18e891ab3d4b22a2b25a757879225b 378144b12bcc40758f7417b43a82268b - - - -] volume service is down. (host: rack09-server62@lvm-1)
2023-02-17 18:25:43.530 7 WARNING cinder.scheduler.host_manager [None req-38036b26-c670-4008-bc2b-5b5f0207eda2 9d18e891ab3d4b22a2b25a757879225b 378144b12bcc40758f7417b43a82268b - - - -] volume service is down. (host: rack09-server62@lvm-1)
2023-02-17 18:25:45.025 7 WARNING cinder.scheduler.host_manager [None req-95074caf-30a7-4943-86ae-4f5dee059682 9d18e891ab3d4b22a2b25a757879225b 378144b12bcc40758f7417b43a82268b - - - -] volume service is down. (host: rack09-server62@lvm-1)
2023-02-17 18:25:45.167 7 WARNING cinder.scheduler.host_manager [None req-b828e705-3f78-4104-b976-56bb3ef0ef03 0a16dd9ae0724f5bab8dabe3f5a2c5fd 6d608d4f70f244cb8c1b0f9296722e3f - - - -] volume service is down. (host: rack09-server62@lvm-1)
2023-02-17 18:25:46.586 7 WARNING cinder.scheduler.host_manager [None req-b80dbb1a-ac1c-4483-af48-80a4f0224b0a 9d18e891ab3d4b22a2b25a757879225b 378144b12bcc40758f7417b43a82268b - - - -] volume service is down. (host: rack09-server62@lvm-1)
2023-02-17 18:25:46.651 7 WARNING cinder.scheduler.host_manager [None req-539dc82a-169b-4991-be14-6bba66e1ce5d 0a16dd9ae0724f5bab8dabe3f5a2c5fd 6d608d4f70f244cb8c1b0f9296722e3f - - - -] volume service is down. (host: rack09-server62@lvm-1)
2023-02-17 18:25:46.652 7 WARNING oslo_messaging.rpc.client [None req-539dc82a-169b-4991-be14-6bba66e1ce5d 0a16dd9ae0724f5bab8dabe3f5a2c5fd 6d608d4f70f244cb8c1b0f9296722e3f - - - -] Using RPCClient manually to instantiate client. Please use get_rpc_client to obtain an RPC client instance.
2023-02-17 18:25:54.855 7 WARNING cinder.scheduler.host_manager [None req-a7768483-9296-4daa-a172-a6201fb66d1a ceb4978f788848a389711f585c6fca96 b3f035e4b68241baae00858d5b0d2778 - - - -] volume service is down. (host: rack09-server62@lvm-1)
2023-02-17 18:25:57.212 7 WARNING cinder.scheduler.host_manager [None req-93e5a7da-b274-44b9-9bd5-685f1eb68a8b ceb4978f788848a389711f585c6fca96 b3f035e4b68241baae00858d5b0d2778 - - - -] volume service is down. (host: rack09-server62@lvm-1)
2023-02-17 18:25:57.213 7 WARNING oslo_messaging.rpc.client [None req-93e5a7da-b274-44b9-9bd5-685f1eb68a8b ceb4978f788848a389711f585c6fca96 b3f035e4b68241baae00858d5b0d2778 - - - -] Using RPCClient manually to instantiate client. Please use get_rpc_client to obtain an RPC client instance.
2023-02-17 18:25:58.925 7 WARNING cinder.scheduler.host_manager [None req-5bd5b01d-7333-4e82-a124-6852088d6ec3 9d18e891ab3d4b22a2b25a757879225b 378144b12bcc40758f7417b43a82268b - - - -] volume service is down. (host: rack09-server62@lvm-1)
2023-02-17 18:25:58.932 7 WARNING cinder.scheduler.host_manager [None req-5bd5b01d-7333-4e82-a124-6852088d6ec3 9d18e891ab3d4b22a2b25a757879225b 378144b12bcc40758f7417b43a82268b - - - -] volume service is down. (host: rack09-server62@lvm-1)
2023-02-17 18:26:00.421 7 WARNING cinder.scheduler.host_manager [None req-026a0939-5ed2-4bd7-9fe9-e1d15af2455b 9d18e891ab3d4b22a2b25a757879225b 378144b12bcc40758f7417b43a82268b - - - -] volume service is down. (host: rack09-server62@lvm-1)
2023-02-17 18:26:16.757 7 WARNING cinder.scheduler.host_manager [None req-5e08c195-8358-40a1-b751-0d2e11c866a5 18de95be43b545ad9bbbed1d887c78f7 03570053df6448ea9ba33d268537aa6c - - - -] volume service is down. (host: rack09-server62@lvm-1)
2023-02-17 18:26:16.764 7 WARNING cinder.scheduler.host_manager [None req-5e08c195-8358-40a1-b751-0d2e11c866a5 18de95be43b545ad9bbbed1d887c78f7 03570053df6448ea9ba33d268537aa6c - - - -] volume service is down. (host: rack09-server62@lvm-1)
2023-02-17 18:26:17.991 7 WARNING cinder.scheduler.host_manager [None req-7b5d12b2-8e59-4c4b-9a42-d64502691a23 18de95be43b545ad9bbbed1d887c78f7 03570053df6448ea9ba33d268537aa6c - - - -] volume service is down. (host: rack09-server62@lvm-1)
2023-02-17 18:26:17.998 7 WARNING cinder.scheduler.host_manager [None req-7b5d12b2-8e59-4c4b-9a42-d64502691a23 18de95be43b545ad9bbbed1d887c78f7 03570053df6448ea9ba33d268537aa6c - - - -] volume service is down. (host: rack09-server62@lvm-1)
2023-02-17 18:26:19.553 7 WARNING cinder.scheduler.host_manager [None req-37d832cf-5798-48d5-b233-0e6c13007bd5 18de95be43b545ad9bbbed1d887c78f7 03570053df6448ea9ba33d268537aa6c - - - -] volume service is down. (host: rack09-server62@lvm-1)
2023-02-17 18:26:23.187 7 WARNING cinder.scheduler.host_manager [None req-523af5e2-375e-4ee0-b00e-65faccc8dc7b 3611543575414447a8c7afc38d3e827c 0c9a02882f314ec1beac285f5aaeec52 - - - -] volume service is down. (host: rack09-server62@lvm-1)
2023-02-17 18:26:24.488 7 WARNING cinder.scheduler.host_manager [None req-a03d3edf-9d1a-44c7-b377-9deed11f4720 3611543575414447a8c7afc38d3e827c 0c9a02882f314ec1beac285f5aaeec52 - - - -] volume service is down. (host: rack09-server62@lvm-1)
2023-02-17 18:26:24.489 7 WARNING oslo_messaging.rpc.client [None req-a03d3edf-9d1a-44c7-b377-9deed11f4720 3611543575414447a8c7afc38d3e827c 0c9a02882f314ec1beac285f5aaeec52 - - - -] Using RPCClient manually to instantiate client. Please use get_rpc_client to obtain an RPC client instance.
2023-02-17 18:26:24.955 7 WARNING cinder.scheduler.host_manager [None req-38abd86c-cb61-4134-b026-802a3ef6d935 18de95be43b545ad9bbbed1d887c78f7 03570053df6448ea9ba33d268537aa6c - - - -] volume service is down. (host: rack09-server62@lvm-1)
2023-02-17 18:26:24.963 7 WARNING cinder.scheduler.host_manager [None req-38abd86c-cb61-4134-b026-802a3ef6d935 18de95be43b545ad9bbbed1d887c78f7 03570053df6448ea9ba33d268537aa6c - - - -] volume service is down. (host: rack09-server62@lvm-1)
2023-02-17 18:26:26.479 7 WARNING cinder.scheduler.host_manager [None req-6fd4a20e-fe53-4e74-8c7a-35197ec0043e 18de95be43b545ad9bbbed1d887c78f7 03570053df6448ea9ba33d268537aa6c - - - -] volume service is down. (host: rack09-server62@lvm-1)
2023-02-17 18:26:29.077 7 WARNING cinder.scheduler.host_manager [None req-30ae9d37-16e2-43ca-a093-e28cea9a3c6f 18de95be43b545ad9bbbed1d887c78f7 03570053df6448ea9ba33d268537aa6c - - - -] volume service is down. (host: rack09-server62@lvm-1)
2023-02-17 18:26:32.474 7 WARNING cinder.scheduler.host_manager [None req-0cea64aa-01c3-4550-b27d-2ff70d5c1635 3c0d1b90a71c431a8993b9398d78c493 43ed2ada1fce4cc2901344ff722c80a1 - - - -] volume service is down. (host: rack09-server62@lvm-1)
2023-02-17 18:26:33.796 7 WARNING cinder.scheduler.host_manager [None req-afdf8f5b-9c37-452d-a6de-a3981b4ee40c 3c0d1b90a71c431a8993b9398d78c493 43ed2ada1fce4cc2901344ff722c80a1 - - - -] volume service is down. (host: rack09-server62@lvm-1)
2023-02-17 18:26:33.797 7 WARNING oslo_messaging.rpc.client [None req-afdf8f5b-9c37-452d-a6de-a3981b4ee40c 3c0d1b90a71c431a8993b9398d78c493 43ed2ada1fce4cc2901344ff722c80a1 - - - -] Using RPCClient manually to instantiate client. Please use get_rpc_client to obtain an RPC client instance.
2023-02-17 18:26:36.141 7 WARNING cinder.scheduler.host_manager [None req-717796a9-4525-4a2f-aa72-1da29de04f18 3c0d1b90a71c431a8993b9398d78c493 43ed2ada1fce4cc2901344ff722c80a1 - - - -] volume service is down. (host: rack09-server62@lvm-1)
2023-02-17 18:26:36.142 7 WARNING oslo_messaging.rpc.client [None req-717796a9-4525-4a2f-aa72-1da29de04f18 3c0d1b90a71c431a8993b9398d78c493 43ed2ada1fce4cc2901344ff722c80a1 - - - -] Using RPCClient manually to instantiate client. Please use get_rpc_client to obtain an RPC client instance.
2023-02-17 18:26:39.852 7 WARNING cinder.scheduler.host_manager [None req-ae22f414-1e3d-454a-9af8-01809bd253bb 3c0d1b90a71c431a8993b9398d78c493 43ed2ada1fce4cc2901344ff722c80a1 - - - -] volume service is down. (host: rack09-server62@lvm-1)
2023-02-17 18:26:42.192 7 WARNING cinder.scheduler.host_manager [None req-512485cf-22d8-47c8-81dc-111fccb6cbcf 3c0d1b90a71c431a8993b9398d78c493 43ed2ada1fce4cc2901344ff722c80a1 - - - -] volume service is down. (host: rack09-server62@lvm-1)
2023-02-17 18:26:42.193 7 WARNING oslo_messaging.rpc.client [None req-512485cf-22d8-47c8-81dc-111fccb6cbcf 3c0d1b90a71c431a8993b9398d78c493 43ed2ada1fce4cc2901344ff722c80a1 - - - -] Using RPCClient manually to instantiate client. Please use get_rpc_client to obtain an RPC client instance.
2023-02-17 18:26:44.706 7 WARNING cinder.scheduler.host_manager [None req-9573b51f-e302-41df-89e9-ccd91a8fa23f 3c0d1b90a71c431a8993b9398d78c493 43ed2ada1fce4cc2901344ff722c80a1 - - - -] volume service is down. (host: rack09-server62@lvm-1)
2023-02-17 18:26:46.085 7 WARNING cinder.scheduler.host_manager [None req-86a467b1-b210-456f-99f5-14652a7c8f70 915e7db354ad4d638f53373312caabb8 6b58c8986184479ea0061c449c1c3618 - - - -] volume service is down. (host: rack09-server62@lvm-1)
2023-02-17 18:26:46.086 7 INFO cinder.scheduler.base_filter [None req-86a467b1-b210-456f-99f5-14652a7c8f70 915e7db354ad4d638f53373312caabb8 6b58c8986184479ea0061c449c1c3618 - - - -] Filtering removed all hosts for the request with volume ID 'cd87faf5-3a7d-448f-a3a3-596f583779e1'. Filter results: AvailabilityZoneFilter: (start: 1, end: 1), CapacityFilter: (start: 1, end: 1), CapabilitiesFilter: (start: 1, end: 0)
2023-02-17 18:26:46.087 7 WARNING cinder.scheduler.filter_scheduler [None req-86a467b1-b210-456f-99f5-14652a7c8f70 915e7db354ad4d638f53373312caabb8 6b58c8986184479ea0061c449c1c3618 - - - -] No weighed backend found for volume with properties: {'id': '71dc7456-5fc5-4d0f-94e7-30782a72e3c3', 'name': 'tempest-UserMessagesTest-volume-type-1606990095', 'description': None, 'is_public': True, 'projects': [], 'extra_specs': {'storage_protocol': 'tempest-storage_protocol-817729338', 'vendor_name': 'tempest-vendor_name-1246807091'}, 'qos_specs_id': None, 'created_at': '2023-02-17T18:26:45.000000', 'updated_at': None, 'deleted_at': None, 'deleted': False}
2023-02-17 18:26:46.087 7 INFO cinder.message.api [None req-86a467b1-b210-456f-99f5-14652a7c8f70 915e7db354ad4d638f53373312caabb8 6b58c8986184479ea0061c449c1c3618 - - - -] Creating message record for request_id = req-86a467b1-b210-456f-99f5-14652a7c8f70
2023-02-17 18:26:46.092 7 ERROR cinder.scheduler.flows.create_volume [None req-86a467b1-b210-456f-99f5-14652a7c8f70 915e7db354ad4d638f53373312caabb8 6b58c8986184479ea0061c449c1c3618 - - - -] Failed to run task cinder.scheduler.flows.create_volume.ScheduleCreateVolumeTask;volume:create: No valid backend was found. No weighed backends available: cinder.exception.NoValidBackend: No valid backend was found. No weighed backends available
2023-02-17 18:26:46.579 7 WARNING cinder.scheduler.host_manager [None req-5684ceb5-e3c7-4b87-8b3a-ba120c554af6 0ba4768b884c4d0cba7e40f832c7c436 924da45b263143c19ebb5b4f994befd1 - - - -] volume service is down. (host: rack09-server62@lvm-1)
2023-02-17 18:26:47.789 7 WARNING cinder.scheduler.host_manager [None req-c9ab32dd-4bd5-4d0f-8130-09756c5ab1f8 915e7db354ad4d638f53373312caabb8 6b58c8986184479ea0061c449c1c3618 - - - -] volume service is down. (host: rack09-server62@lvm-1)
2023-02-17 18:26:47.790 7 INFO cinder.scheduler.base_filter [None req-c9ab32dd-4bd5-4d0f-8130-09756c5ab1f8 915e7db354ad4d638f53373312caabb8 6b58c8986184479ea0061c449c1c3618 - - - -] Filtering removed all hosts for the request with volume ID '97345187-684e-45a7-a199-731bd11aebc8'. Filter results: AvailabilityZoneFilter: (start: 1, end: 1), CapacityFilter: (start: 1, end: 1), CapabilitiesFilter: (start: 1, end: 0)
2023-02-17 18:26:47.791 7 WARNING cinder.scheduler.filter_scheduler [None req-c9ab32dd-4bd5-4d0f-8130-09756c5ab1f8 915e7db354ad4d638f53373312caabb8 6b58c8986184479ea0061c449c1c3618 - - - -] No weighed backend found for volume with properties: {'id': 'cf94bbab-6502-4eeb-ba98-1015c5900401', 'name': 'tempest-UserMessagesTest-volume-type-593925996', 'description': None, 'is_public': True, 'projects': [], 'extra_specs': {'storage_protocol': 'tempest-storage_protocol-26569314', 'vendor_name': 'tempest-vendor_name-1655485596'}, 'qos_specs_id': None, 'created_at': '2023-02-17T18:26:47.000000', 'updated_at': None, 'deleted_at': None, 'deleted': False}
2023-02-17 18:26:47.791 7 INFO cinder.message.api [None req-c9ab32dd-4bd5-4d0f-8130-09756c5ab1f8 915e7db354ad4d638f53373312caabb8 6b58c8986184479ea0061c449c1c3618 - - - -] Creating message record for request_id = req-c9ab32dd-4bd5-4d0f-8130-09756c5ab1f8
2023-02-17 18:26:47.796 7 ERROR cinder.scheduler.flows.create_volume [None req-c9ab32dd-4bd5-4d0f-8130-09756c5ab1f8 915e7db354ad4d638f53373312caabb8 6b58c8986184479ea0061c449c1c3618 - - - -] Failed to run task cinder.scheduler.flows.create_volume.ScheduleCreateVolumeTask;volume:create: No valid backend was found. No weighed backends available: cinder.exception.NoValidBackend: No valid backend was found. No weighed backends available
2023-02-17 18:26:55.155 7 WARNING cinder.scheduler.host_manager [None req-09673452-d5cf-41a2-967e-fbcaef157afc 1066053fba954fde93f96ed4942154c3 4c98fecf8b384675b4e1af669616221c - - - -] volume service is down. (host: rack09-server62@lvm-1)
2023-02-17 18:27:00.215 7 WARNING cinder.scheduler.host_manager [None req-b8013bef-c92e-4477-8e9d-2e9a1ab53b71 1066053fba954fde93f96ed4942154c3 4c98fecf8b384675b4e1af669616221c - - - -] volume service is down. (host: rack09-server62@lvm-1)
2023-02-17 18:27:04.271 7 WARNING cinder.scheduler.host_manager [req-18ab57d8-244d-4e47-940d-8c3c7571b7fd req-27381620-37f3-485a-be12-851198c84051 0ba4768b884c4d0cba7e40f832c7c436 924da45b263143c19ebb5b4f994befd1 - - - -] volume service is down. (host: rack09-server62@lvm-1)
2023-02-17 18:27:04.272 7 WARNING oslo_messaging.rpc.client [req-18ab57d8-244d-4e47-940d-8c3c7571b7fd req-27381620-37f3-485a-be12-851198c84051 0ba4768b884c4d0cba7e40f832c7c436 924da45b263143c19ebb5b4f994befd1 - - - -] Using RPCClient manually to instantiate client. Please use get_rpc_client to obtain an RPC client instance.
2023-02-17 18:27:06.397 7 WARNING cinder.scheduler.host_manager [None req-a51c7741-7fb2-4179-b0dd-b972d8565ec6 25c0b04052a348619f6dfab2e96b114b 193853ddea2a4d6f9a33c1e32cfe27f5 - - - -] volume service is down. (host: rack09-server62@lvm-1)
2023-02-17 18:27:06.495 7 WARNING cinder.scheduler.host_manager [None req-23858984-0d18-44e4-afbe-c48b7bbf87e7 b9c580d8f6134c4a9a3ac25171b5e5a1 b39599b7f62940c7a2da1e3e6bf862a6 - - - -] volume service is down. (host: rack09-server62@lvm-1)
2023-02-17 18:27:18.578 7 WARNING cinder.scheduler.host_manager [None req-82dc8867-da12-4ac9-95f7-53802f6e245b b9c580d8f6134c4a9a3ac25171b5e5a1 b39599b7f62940c7a2da1e3e6bf862a6 - - - -] volume service is down. (host: rack09-server62@lvm-1)
2023-02-17 18:27:22.172 7 WARNING cinder.scheduler.host_manager [None req-cf082b75-6088-4c72-b857-d520eb335c68 b9c580d8f6134c4a9a3ac25171b5e5a1 b39599b7f62940c7a2da1e3e6bf862a6 - - - -] volume service is down. (host: rack09-server62@lvm-1)
2023-02-17 18:27:24.679 7 WARNING cinder.scheduler.host_manager [None req-0b4c31e7-67dd-4fa8-9b56-cfcc1c947618 b9c580d8f6134c4a9a3ac25171b5e5a1 b39599b7f62940c7a2da1e3e6bf862a6 - - - -] volume service is down. (host: rack09-server62@lvm-1)
2023-02-17 18:27:27.697 7 WARNING cinder.scheduler.host_manager [None req-08933db9-ee11-424f-94e2-8f6ed766cc6a 9cee63796a754c7792fd0af591b18992 e1085fe010bc4446b0199c5b6065f952 - - - -] volume service is down. (host: rack09-server62@lvm-1)
2023-02-17 18:27:30.056 7 WARNING cinder.scheduler.host_manager [None req-d3b3b2a2-2ac6-4c61-ab6e-c4280200defa 9cee63796a754c7792fd0af591b18992 e1085fe010bc4446b0199c5b6065f952 - - - -] volume service is down. (host: rack09-server62@lvm-1)
2023-02-17 18:27:30.057 7 WARNING oslo_messaging.rpc.client [None req-d3b3b2a2-2ac6-4c61-ab6e-c4280200defa 9cee63796a754c7792fd0af591b18992 e1085fe010bc4446b0199c5b6065f952 - - - -] Using RPCClient manually to instantiate client. Please use get_rpc_client to obtain an RPC client instance.
2023-02-17 18:27:32.703 7 WARNING cinder.scheduler.host_manager [None req-a928b786-399a-43a8-aa2c-bb3de57523d7 9cee63796a754c7792fd0af591b18992 e1085fe010bc4446b0199c5b6065f952 - - - -] volume service is down. (host: rack09-server62@lvm-1)
2023-02-17 18:27:32.704 7 WARNING oslo_messaging.rpc.client [None req-a928b786-399a-43a8-aa2c-bb3de57523d7 9cee63796a754c7792fd0af591b18992 e1085fe010bc4446b0199c5b6065f952 - - - -] Using RPCClient manually to instantiate client. Please use get_rpc_client to obtain an RPC client instance.
2023-02-17 18:27:34.065 7 WARNING cinder.scheduler.host_manager [None req-b368c695-b8f2-41c0-951f-5086ddbdef2b 8cfdc43d3a504d7a9e1e6cfd1dbd1c23 30347250a3b54a149975790925fcf929 - - - -] volume service is down. (host: rack09-server62@lvm-1)
2023-02-17 18:27:35.687 7 WARNING cinder.scheduler.host_manager [None req-3914342d-6df3-4578-9df1-76078fa9debe 2d45c2c1bfd1411e84cfc875ac618619 6e6e4590129c4eb9a4489ff6c74c8e60 - - - -] volume service is down. (host: rack09-server62@lvm-1)
2023-02-17 18:27:36.303 7 WARNING cinder.scheduler.host_manager [None req-30221bdd-49df-4470-ab12-591971203599 9cee63796a754c7792fd0af591b18992 e1085fe010bc4446b0199c5b6065f952 - - - -] volume service is down. (host: rack09-server62@lvm-1)
2023-02-17 18:27:36.304 7 WARNING oslo_messaging.rpc.client [None req-30221bdd-49df-4470-ab12-591971203599 9cee63796a754c7792fd0af591b18992 e1085fe010bc4446b0199c5b6065f952 - - - -] Using RPCClient manually to instantiate client. Please use get_rpc_client to obtain an RPC client instance.
2023-02-17 18:27:38.237 7 WARNING cinder.scheduler.host_manager [None req-1cbf4be9-d961-4541-b880-d8dd24bfc782 2d45c2c1bfd1411e84cfc875ac618619 6e6e4590129c4eb9a4489ff6c74c8e60 - - - -] volume service is down. (host: rack09-server62@lvm-1)
2023-02-17 18:27:38.783 7 WARNING cinder.scheduler.host_manager [None req-e369567a-1729-4fd4-9758-7cb06acfc192 8cfdc43d3a504d7a9e1e6cfd1dbd1c23 30347250a3b54a149975790925fcf929 - - - -] volume service is down. (host: rack09-server62@lvm-1)
2023-02-17 18:27:39.749 7 WARNING cinder.scheduler.host_manager [None req-c7573755-6722-4cc1-ac0b-055b1aeeed74 2d45c2c1bfd1411e84cfc875ac618619 6e6e4590129c4eb9a4489ff6c74c8e60 - - - -] volume service is down. (host: rack09-server62@lvm-1)
2023-02-17 18:27:39.899 7 WARNING cinder.scheduler.host_manager [None req-8f967b7b-b299-47ba-99d6-5f622a699417 9cee63796a754c7792fd0af591b18992 e1085fe010bc4446b0199c5b6065f952 - - - -] volume service is down. (host: rack09-server62@lvm-1)
2023-02-17 18:27:39.900 7 WARNING oslo_messaging.rpc.client [None req-8f967b7b-b299-47ba-99d6-5f622a699417 9cee63796a754c7792fd0af591b18992 e1085fe010bc4446b0199c5b6065f952 - - - -] Using RPCClient manually to instantiate client. Please use get_rpc_client to obtain an RPC client instance.
2023-02-17 18:27:42.515 7 WARNING cinder.scheduler.host_manager [None req-0cc05fa7-7a93-4c5e-b13f-3c818904d4b5 8cfdc43d3a504d7a9e1e6cfd1dbd1c23 30347250a3b54a149975790925fcf929 - - - -] volume service is down. (host: rack09-server62@lvm-1)
2023-02-17 18:27:43.479 7 WARNING cinder.scheduler.host_manager [None req-bef37e5c-b2dc-4a0d-a526-28c75da2cab3 9cee63796a754c7792fd0af591b18992 e1085fe010bc4446b0199c5b6065f952 - - - -] volume service is down. (host: rack09-server62@lvm-1)
2023-02-17 18:27:43.480 7 WARNING oslo_messaging.rpc.client [None req-bef37e5c-b2dc-4a0d-a526-28c75da2cab3 9cee63796a754c7792fd0af591b18992 e1085fe010bc4446b0199c5b6065f952 - - - -] Using RPCClient manually to instantiate client. Please use get_rpc_client to obtain an RPC client instance.
2023-02-17 18:27:46.302 7 WARNING cinder.scheduler.host_manager [None req-89cc0ce1-009b-4aa9-b541-9ca86a10abd1 8cfdc43d3a504d7a9e1e6cfd1dbd1c23 30347250a3b54a149975790925fcf929 - - - -] volume service is down. (host: rack09-server62@lvm-1)
2023-02-17 18:27:50.016 7 WARNING cinder.scheduler.host_manager [None req-fa9804e7-08b5-4a1a-9021-57b1e19046ca 8cfdc43d3a504d7a9e1e6cfd1dbd1c23 30347250a3b54a149975790925fcf929 - - - -] volume service is down. (host: rack09-server62@lvm-1)
2023-02-17 18:27:50.605 7 WARNING cinder.scheduler.host_manager [None req-189fbfca-d366-4b9b-86c5-1a01fb4c4c02 87f4f6dbefa049e88b3daf91bbf9bb0c a3d6ffadabee49d09b41a63a795f99a1 - - - -] volume service is down. (host: rack09-server62@lvm-1)
2023-02-17 18:27:53.749 7 WARNING cinder.scheduler.host_manager [None req-4499746f-3968-4675-a5a5-1cdd66ceb05a 8cfdc43d3a504d7a9e1e6cfd1dbd1c23 30347250a3b54a149975790925fcf929 - - - -] volume service is down. (host: rack09-server62@lvm-1)
2023-02-17 18:27:53.810 7 WARNING cinder.scheduler.host_manager [None req-1b883386-633d-4376-892e-12ed323c267d a1b498564c1f4dc2ab4f655809b6a604 02f510c9fa3b411280dc7f406a3e7f85 - - - -] volume service is down. (host: rack09-server62@lvm-1)
2023-02-17 18:28:01.523 7 WARNING cinder.scheduler.host_manager [None req-5337718f-2d3f-4853-b3f9-ad69372a5b5e f7bd5f9ced8b45149c5746a1655718bb 87dd665d8efd428b81a1f9be9c3de2c6 - - - -] volume service is down. (host: rack09-server62@lvm-1)
2023-02-17 18:28:03.655 7 WARNING cinder.scheduler.host_manager [None req-0c760627-0d53-42f6-b703-0d55bef1830d a416d252ffb14740ae552bc98d9495ca d3250bd44df741528d27ed84d7804d04 - - - -] volume service is down. (host: rack09-server62@lvm-1)
2023-02-17 18:28:05.309 7 WARNING cinder.scheduler.host_manager [None req-c203d943-ef82-4c9c-a131-291a02ac4ca8 f7bd5f9ced8b45149c5746a1655718bb 87dd665d8efd428b81a1f9be9c3de2c6 - - - -] volume service is down. (host: rack09-server62@lvm-1)
2023-02-17 18:28:13.182 7 WARNING cinder.scheduler.host_manager [None req-17baaa4b-f215-482b-86b9-7913984f322d fd3925f7486d4c3f8ee9303a42c15a76 5e8f0db523814d66948bc4494141ca7f - - - -] volume service is down. (host: rack09-server62@lvm-1)
2023-02-17 18:28:17.236 7 WARNING cinder.scheduler.host_manager [None req-27ad13ca-6ba8-4bb1-8653-235ca7695be8 e2cb471930434fc189e1453b26e6e378 3131db4c5d0743129ac66a9eec1d2fa3 - - - -] volume service is down. (host: rack09-server62@lvm-1)
2023-02-17 18:28:17.566 7 WARNING cinder.scheduler.host_manager [None req-f144ed93-0a02-4569-b10f-82a429294362 fd3925f7486d4c3f8ee9303a42c15a76 5e8f0db523814d66948bc4494141ca7f - - - -] volume service is down. (host: rack09-server62@lvm-1)
2023-02-17 18:28:25.000 7 WARNING cinder.scheduler.host_manager [None req-f372c45b-b45d-474a-af10-1b90e52cbf46 7312dfcb2be14b329b31c54d0da34e74 12ac2e0658f94dc691ead253ec1f7d78 - - - -] volume service is down. (host: rack09-server62@lvm-1)
2023-02-17 18:28:32.797 7 WARNING cinder.scheduler.host_manager [None req-c60db87e-455e-4409-9b7e-f490b0d62d44 c11a06f0f91442b7bb2bffc1d1dc1ca0 2dedd7587d13454eb2a3925ac9baba32 - - - -] volume service is down. (host: rack09-server62@lvm-1)
2023-02-17 18:28:34.274 7 WARNING cinder.scheduler.host_manager [None req-6dc95e8e-3a84-4c27-96b7-57dc0dbdba81 c11a06f0f91442b7bb2bffc1d1dc1ca0 2dedd7587d13454eb2a3925ac9baba32 - - - -] volume service is down. (host: rack09-server62@lvm-1)
2023-02-17 18:28:36.815 7 WARNING cinder.scheduler.host_manager [None req-d65aeb4d-d006-4f8b-a6a7-5cc95f8168b2 c11a06f0f91442b7bb2bffc1d1dc1ca0 2dedd7587d13454eb2a3925ac9baba32 - - - -] volume service is down. (host: rack09-server62@lvm-1)
2023-02-17 18:28:39.552 7 WARNING cinder.scheduler.host_manager [None req-e8e912c2-b151-488e-af4f-ed70c41a774b 40cc0968baa94b63ae0bcb7bc88db70d 2a7d230603314466987de7a2675a0ca1 - - - -] volume service is down. (host: rack09-server62@lvm-1)
2023-02-17 18:28:48.732 7 WARNING cinder.scheduler.host_manager [None req-9849c0d0-53db-47c8-aacd-a31af9e8e37f ca6efb675ec9473c9e7181da7ebce275 a68013288bcb46dfa0b2d6eb218bc61a - - - -] volume service is down. (host: rack09-server62@lvm-1)
2023-02-17 18:28:55.565 7 WARNING cinder.scheduler.host_manager [None req-7b7ca82a-3e10-41bc-9312-5e136f26a7fe 87f4f6dbefa049e88b3daf91bbf9bb0c a3d6ffadabee49d09b41a63a795f99a1 - - - -] volume service is down. (host: rack09-server62@lvm-1)
2023-02-17 18:28:55.566 7 WARNING oslo_messaging.rpc.client [None req-7b7ca82a-3e10-41bc-9312-5e136f26a7fe 87f4f6dbefa049e88b3daf91bbf9bb0c a3d6ffadabee49d09b41a63a795f99a1 - - - -] Using RPCClient manually to instantiate client. Please use get_rpc_client to obtain an RPC client instance.
2023-02-17 18:28:59.143 7 WARNING cinder.scheduler.host_manager [None req-5edbf30b-c34f-417e-9f74-7505d9120e83 87f4f6dbefa049e88b3daf91bbf9bb0c a3d6ffadabee49d09b41a63a795f99a1 - - - -] volume service is down. (host: rack09-server62@lvm-1)
2023-02-17 18:28:59.144 7 WARNING oslo_messaging.rpc.client [None req-5edbf30b-c34f-417e-9f74-7505d9120e83 87f4f6dbefa049e88b3daf91bbf9bb0c a3d6ffadabee49d09b41a63a795f99a1 - - - -] Using RPCClient manually to instantiate client. Please use get_rpc_client to obtain an RPC client instance.
2023-02-17 18:29:02.045 7 WARNING cinder.scheduler.host_manager [None req-1b2cabff-9527-433d-b9f1-e4ffebc32393 8bf6d8070dd646b1b35b5da527403017 37103323bae04933b7473c658431f9cd - - - -] volume service is down. (host: rack09-server62@lvm-1)
2023-02-17 18:29:07.589 7 WARNING cinder.scheduler.host_manager [None req-94171dba-a514-4c03-a817-641a6cf8e82e ae9c5aac9a1d4a74a0afa3d1dc712bb5 a765d9afdc5d45cbad568c3552cabf5b - - - -] volume service is down. (host: rack09-server62@lvm-1)
2023-02-17 18:29:08.140 7 WARNING cinder.scheduler.host_manager [None req-262070cf-7e2b-4d64-b139-092fea04c00b 87f4f6dbefa049e88b3daf91bbf9bb0c a3d6ffadabee49d09b41a63a795f99a1 - - - -] volume service is down. (host: rack09-server62@lvm-1)
2023-02-17 18:29:08.141 7 WARNING oslo_messaging.rpc.client [None req-262070cf-7e2b-4d64-b139-092fea04c00b 87f4f6dbefa049e88b3daf91bbf9bb0c a3d6ffadabee49d09b41a63a795f99a1 - - - -] Using RPCClient manually to instantiate client. Please use get_rpc_client to obtain an RPC client instance.
2023-02-17 18:29:10.481 7 WARNING cinder.scheduler.host_manager [None req-17ddc762-4095-409e-913b-2f5ec6da01c6 87f4f6dbefa049e88b3daf91bbf9bb0c a3d6ffadabee49d09b41a63a795f99a1 - - - -] volume service is down. (host: rack09-server62@lvm-1)
2023-02-17 18:29:10.482 7 WARNING oslo_messaging.rpc.client [None req-17ddc762-4095-409e-913b-2f5ec6da01c6 87f4f6dbefa049e88b3daf91bbf9bb0c a3d6ffadabee49d09b41a63a795f99a1 - - - -] Using RPCClient manually to instantiate client. Please use get_rpc_client to obtain an RPC client instance.
2023-02-17 18:29:11.083 7 WARNING cinder.scheduler.host_manager [None req-7965a8a6-0139-4026-a50c-7f92c7ffdd68 8bf6d8070dd646b1b35b5da527403017 37103323bae04933b7473c658431f9cd - - - -] volume service is down. (host: rack09-server62@lvm-1)
2023-02-17 18:29:11.084 7 WARNING oslo_messaging.rpc.client [None req-7965a8a6-0139-4026-a50c-7f92c7ffdd68 8bf6d8070dd646b1b35b5da527403017 37103323bae04933b7473c658431f9cd - - - -] Using RPCClient manually to instantiate client. Please use get_rpc_client to obtain an RPC client instance.
2023-02-17 18:29:14.498 7 WARNING cinder.scheduler.host_manager [None req-6cece7e2-ecc5-4d9c-92c3-213c5b652095 1c2cab62c26d4358a6aa3c77e7062a98 89582df2eeef4b32858e02e7e26dd28a - - - -] volume service is down. (host: rack09-server62@lvm-1)
2023-02-17 18:29:20.094 7 WARNING cinder.scheduler.host_manager [None req-d0f09d39-2024-4dcd-a5bc-8ec77ee09cd0 87f4f6dbefa049e88b3daf91bbf9bb0c a3d6ffadabee49d09b41a63a795f99a1 - - - -] volume service is down. (host: rack09-server62@lvm-1)
2023-02-17 18:29:20.572 7 WARNING cinder.scheduler.host_manager [None req-f36ad684-a7e8-4f98-99aa-8871e778e780 9f2f292098234549a125a3c94259c9db 29914755e91440a9b45fa4404eb7d10d - - - -] volume service is down. (host: rack09-server62@lvm-1)
2023-02-17 18:29:21.041 7 WARNING cinder.scheduler.host_manager [None req-56be6473-e57e-41ba-9919-28d4153c0ab3 40d509f80b0a4fa590a40872cdbe9dab d9099a0b9ec440e1aec8d2f6215425b0 - - - -] volume service is down. (host: rack09-server62@lvm-1)
2023-02-17 18:29:21.385 7 WARNING cinder.scheduler.host_manager [None req-0550059f-4afb-47f4-ad47-3449b8c790ba 87f4f6dbefa049e88b3daf91bbf9bb0c a3d6ffadabee49d09b41a63a795f99a1 - - - -] volume service is down. (host: rack09-server62@lvm-1)
2023-02-17 18:29:21.386 7 WARNING oslo_messaging.rpc.client [None req-0550059f-4afb-47f4-ad47-3449b8c790ba 87f4f6dbefa049e88b3daf91bbf9bb0c a3d6ffadabee49d09b41a63a795f99a1 - - - -] Using RPCClient manually to instantiate client. Please use get_rpc_client to obtain an RPC client instance.
2023-02-17 18:29:23.270 7 WARNING cinder.scheduler.host_manager [None req-029d3773-29d5-49c4-84fe-7afb7ae44f07 9f2f292098234549a125a3c94259c9db 29914755e91440a9b45fa4404eb7d10d - - - -] volume service is down. (host: rack09-server62@lvm-1)
2023-02-17 18:29:23.933 7 WARNING cinder.scheduler.host_manager [None req-19b0e88b-d91a-4fbf-a352-a9698273ef8f 87f4f6dbefa049e88b3daf91bbf9bb0c a3d6ffadabee49d09b41a63a795f99a1 - - - -] volume service is down. (host: rack09-server62@lvm-1)
2023-02-17 18:29:27.058 7 WARNING cinder.scheduler.host_manager [None req-5d0070fb-34c6-4cad-9f5f-7a2c508cc655 9f2f292098234549a125a3c94259c9db 29914755e91440a9b45fa4404eb7d10d - - - -] volume service is down. (host: rack09-server62@lvm-1)
2023-02-17 18:29:27.656 7 WARNING cinder.scheduler.host_manager [None req-b36fdc4c-16e0-4596-922c-4e230ea6fdfe 87f4f6dbefa049e88b3daf91bbf9bb0c a3d6ffadabee49d09b41a63a795f99a1 - - - -] volume service is down. (host: rack09-server62@lvm-1)
2023-02-17 18:29:29.590 7 WARNING cinder.scheduler.host_manager [None req-f1028e7e-564c-4d01-ab10-1e67d4ed07ef 9f2f292098234549a125a3c94259c9db 29914755e91440a9b45fa4404eb7d10d - - - -] volume service is down. (host: rack09-server62@lvm-1)
2023-02-17 18:29:29.984 7 WARNING cinder.scheduler.host_manager [None req-185a3183-08f6-4e00-af3c-268b5c81774c 87f4f6dbefa049e88b3daf91bbf9bb0c a3d6ffadabee49d09b41a63a795f99a1 - - - -] volume service is down. (host: rack09-server62@lvm-1)
2023-02-17 18:29:29.985 7 WARNING oslo_messaging.rpc.client [None req-185a3183-08f6-4e00-af3c-268b5c81774c 87f4f6dbefa049e88b3daf91bbf9bb0c a3d6ffadabee49d09b41a63a795f99a1 - - - -] Using RPCClient manually to instantiate client. Please use get_rpc_client to obtain an RPC client instance.
2023-02-17 18:29:32.515 7 WARNING cinder.scheduler.host_manager [None req-5040aea5-b75e-472e-9258-0d55cd6c2598 87f4f6dbefa049e88b3daf91bbf9bb0c a3d6ffadabee49d09b41a63a795f99a1 - - - -] volume service is down. (host: rack09-server62@lvm-1)
2023-02-17 18:29:32.974 7 WARNING cinder.scheduler.host_manager [None req-56684c18-587b-4ec1-94ab-75d926841cb0 40d509f80b0a4fa590a40872cdbe9dab d9099a0b9ec440e1aec8d2f6215425b0 - - - -] volume service is down. (host: rack09-server62@lvm-1)
2023-02-17 18:29:32.975 7 WARNING oslo_messaging.rpc.client [None req-56684c18-587b-4ec1-94ab-75d926841cb0 40d509f80b0a4fa590a40872cdbe9dab d9099a0b9ec440e1aec8d2f6215425b0 - - - -] Using RPCClient manually to instantiate client. Please use get_rpc_client to obtain an RPC client instance.
2023-02-17 18:29:33.394 7 WARNING cinder.scheduler.host_manager [None req-8f9cbb73-ab16-4d61-9cf9-265ff0ea191d 9f2f292098234549a125a3c94259c9db 29914755e91440a9b45fa4404eb7d10d - - - -] volume service is down. (host: rack09-server62@lvm-1)
2023-02-17 18:29:34.502 7 WARNING cinder.scheduler.host_manager [None req-711a736c-8979-4a72-b9cb-b7b7b487729e 40d509f80b0a4fa590a40872cdbe9dab d9099a0b9ec440e1aec8d2f6215425b0 - - - -] volume service is down. (host: rack09-server62@lvm-1)
2023-02-17 18:29:35.813 7 WARNING cinder.scheduler.host_manager [None req-1fc8a7f0-41c0-423d-939d-e3fa3619b618 40d509f80b0a4fa590a40872cdbe9dab d9099a0b9ec440e1aec8d2f6215425b0 - - - -] volume service is down. (host: rack09-server62@lvm-1)
2023-02-17 18:29:35.814 7 WARNING oslo_messaging.rpc.client [None req-1fc8a7f0-41c0-423d-939d-e3fa3619b618 40d509f80b0a4fa590a40872cdbe9dab d9099a0b9ec440e1aec8d2f6215425b0 - - - -] Using RPCClient manually to instantiate client. Please use get_rpc_client to obtain an RPC client instance.
2023-02-17 18:29:38.166 7 WARNING cinder.scheduler.host_manager [None req-65c398a7-acf8-4827-8a4f-b00395e96d5d 40d509f80b0a4fa590a40872cdbe9dab d9099a0b9ec440e1aec8d2f6215425b0 - - - -] volume service is down. (host: rack09-server62@lvm-1)
2023-02-17 18:29:38.167 7 WARNING oslo_messaging.rpc.client [None req-65c398a7-acf8-4827-8a4f-b00395e96d5d 40d509f80b0a4fa590a40872cdbe9dab d9099a0b9ec440e1aec8d2f6215425b0 - - - -] Using RPCClient manually to instantiate client. Please use get_rpc_client to obtain an RPC client instance.
2023-02-17 18:29:38.427 7 WARNING cinder.scheduler.host_manager [None req-9d12ab88-5bdb-480a-a706-703cc030dd4f 9f2f292098234549a125a3c94259c9db 29914755e91440a9b45fa4404eb7d10d - - - -] volume service is down. (host: rack09-server62@lvm-1)
2023-02-17 18:29:48.388 7 WARNING cinder.scheduler.host_manager [None req-3563d4fa-329d-4543-9954-3a76d7d16839 8e4fd621597e4355ac29d1b82449fa98 f5b8945ee56a46a1a6acd7a1fd5d4230 - - - -] volume service is down. (host: rack09-server62@lvm-1)
2023-02-17 18:29:51.710 7 WARNING cinder.scheduler.host_manager [None req-4e47421d-38da-4f85-8c1b-0cf340dfd1b2 9f2f292098234549a125a3c94259c9db 29914755e91440a9b45fa4404eb7d10d - - - -] volume service is down. (host: rack09-server62@lvm-1)
2023-02-17 18:30:02.487 7 WARNING cinder.scheduler.host_manager [None req-2c113ca6-5597-467f-a471-15e733dbeb2d cb87bc9709454a4cae1934f09c9ad3c7 c4e7b8d8e63548c59c24b503dbeff096 - - - -] volume service is down. (host: rack09-server62@lvm-1)
2023-02-17 18:30:04.873 7 WARNING cinder.scheduler.host_manager [None req-39000ea3-2b28-415e-93ae-823a3b129513 cb87bc9709454a4cae1934f09c9ad3c7 c4e7b8d8e63548c59c24b503dbeff096 - - - -] volume service is down. (host: rack09-server62@lvm-1)
2023-02-17 18:30:04.873 7 WARNING oslo_messaging.rpc.client [None req-39000ea3-2b28-415e-93ae-823a3b129513 cb87bc9709454a4cae1934f09c9ad3c7 c4e7b8d8e63548c59c24b503dbeff096 - - - -] Using RPCClient manually to instantiate client. Please use get_rpc_client to obtain an RPC client instance.
2023-02-17 18:30:07.175 7 WARNING cinder.scheduler.host_manager [None req-0086adb6-6578-4cf8-8a4b-1fc43230356b cb87bc9709454a4cae1934f09c9ad3c7 c4e7b8d8e63548c59c24b503dbeff096 - - - -] volume service is down. (host: rack09-server62@lvm-1)
2023-02-17 18:30:07.176 7 WARNING oslo_messaging.rpc.client [None req-0086adb6-6578-4cf8-8a4b-1fc43230356b cb87bc9709454a4cae1934f09c9ad3c7 c4e7b8d8e63548c59c24b503dbeff096 - - - -] Using RPCClient manually to instantiate client. Please use get_rpc_client to obtain an RPC client instance.
2023-02-17 18:30:09.468 7 WARNING cinder.scheduler.host_manager [None req-59f3c45e-f52d-489c-86c7-8aa77d053837 cb87bc9709454a4cae1934f09c9ad3c7 c4e7b8d8e63548c59c24b503dbeff096 - - - -] volume service is down. (host: rack09-server62@lvm-1)
2023-02-17 18:30:09.469 7 WARNING oslo_messaging.rpc.client [None req-59f3c45e-f52d-489c-86c7-8aa77d053837 cb87bc9709454a4cae1934f09c9ad3c7 c4e7b8d8e63548c59c24b503dbeff096 - - - -] Using RPCClient manually to instantiate client. Please use get_rpc_client to obtain an RPC client instance.
2023-02-17 18:30:20.136 7 WARNING cinder.scheduler.host_manager [None req-7e115205-c27c-4676-bb4f-33cb30467438 035a5b54e3854357a97489d1f0e0efd9 2af5b18fe27c4e1996ecba61625f0542 - - - -] volume service is down. (host: rack09-server62@lvm-1)
2023-02-17 18:30:22.558 7 WARNING cinder.scheduler.host_manager [None req-cb8d37dd-b848-4aed-8de0-5387518dac3b 035a5b54e3854357a97489d1f0e0efd9 2af5b18fe27c4e1996ecba61625f0542 - - - -] volume service is down. (host: rack09-server62@lvm-1)
2023-02-17 18:30:22.559 7 WARNING oslo_messaging.rpc.client [None req-cb8d37dd-b848-4aed-8de0-5387518dac3b 035a5b54e3854357a97489d1f0e0efd9 2af5b18fe27c4e1996ecba61625f0542 - - - -] Using RPCClient manually to instantiate client. Please use get_rpc_client to obtain an RPC client instance.
2023-02-17 18:30:35.268 7 WARNING cinder.scheduler.host_manager [None req-bb32ca3f-958a-4964-bfb1-ae6fe3b5f34c 2aa146645b684a01b49806d7a4f3ab2b fe326379689f4c65895e4bc8f10b991c - - - -] volume service is down. (host: rack09-server62@lvm-1)
2023-02-17 18:30:35.273 7 WARNING cinder.scheduler.host_manager [None req-c61ec665-a87a-4d6f-9200-0c394b8f68f6 592bef13ee65485bac5d2ab7402fa901 4db6feba682e4b0bb2ed2b0dd68bb3d8 - - - -] volume service is down. (host: rack09-server62@lvm-1)
2023-02-17 18:30:35.363 7 WARNING cinder.scheduler.host_manager [None req-4047f3f2-8007-4223-8aa7-f5c33894df68 a16f99d7d1c247c3813a8cf2a6fd59b7 2a11de54a3474903bf60db31b9e62ffe - - - -] volume service is down. (host: rack09-server62@lvm-1)
2023-02-17 18:30:36.070 7 WARNING cinder.scheduler.host_manager [None req-276ce44f-f719-4430-847e-8c2db22f0d56 a16f99d7d1c247c3813a8cf2a6fd59b7 2a11de54a3474903bf60db31b9e62ffe - - - -] volume service is down. (host: rack09-server62@lvm-1)
2023-02-17 18:30:36.386 7 WARNING cinder.scheduler.host_manager [None req-57202196-21ca-4793-a791-46afd10f8b83 a16f99d7d1c247c3813a8cf2a6fd59b7 2a11de54a3474903bf60db31b9e62ffe - - - -] volume service is down. (host: rack09-server62@lvm-1)
2023-02-17 18:30:36.533 7 WARNING cinder.scheduler.host_manager [None req-0a4fd4e9-690b-4e6a-b687-9996a2034765 2aa146645b684a01b49806d7a4f3ab2b fe326379689f4c65895e4bc8f10b991c - - - -] volume service is down. (host: rack09-server62@lvm-1)
2023-02-17 18:30:36.533 7 WARNING oslo_messaging.rpc.client [None req-0a4fd4e9-690b-4e6a-b687-9996a2034765 2aa146645b684a01b49806d7a4f3ab2b fe326379689f4c65895e4bc8f10b991c - - - -] Using RPCClient manually to instantiate client. Please use get_rpc_client to obtain an RPC client instance.
2023-02-17 18:30:36.691 7 WARNING cinder.scheduler.host_manager [None req-fc726723-5676-4fcc-a4c4-4a2153181b46 592bef13ee65485bac5d2ab7402fa901 4db6feba682e4b0bb2ed2b0dd68bb3d8 - - - -] volume service is down. (host: rack09-server62@lvm-1)
2023-02-17 18:30:36.748 7 WARNING cinder.scheduler.host_manager [None req-4470ea62-b366-46bb-af5c-e9659b4e62fc a16f99d7d1c247c3813a8cf2a6fd59b7 2a11de54a3474903bf60db31b9e62ffe - - - -] volume service is down. (host: rack09-server62@lvm-1)
2023-02-17 18:30:37.008 7 WARNING cinder.scheduler.host_manager [None req-03634ab5-e5f5-4ba5-bd12-14e7f5316442 592bef13ee65485bac5d2ab7402fa901 4db6feba682e4b0bb2ed2b0dd68bb3d8 - - - -] volume service is down. (host: rack09-server62@lvm-1)
2023-02-17 18:30:37.032 7 WARNING cinder.scheduler.host_manager [None req-b4d00a1a-0671-4cf1-8246-9ef49748548b a16f99d7d1c247c3813a8cf2a6fd59b7 2a11de54a3474903bf60db31b9e62ffe - - - -] volume service is down. (host: rack09-server62@lvm-1)
2023-02-17 18:30:37.289 7 WARNING cinder.scheduler.host_manager [None req-d0ee3337-7524-4757-a81f-dceaba153469 592bef13ee65485bac5d2ab7402fa901 4db6feba682e4b0bb2ed2b0dd68bb3d8 - - - -] volume service is down. (host: rack09-server62@lvm-1)
2023-02-17 18:30:37.601 7 WARNING cinder.scheduler.host_manager [None req-6152e26a-316d-479f-bb1c-9f63a17d2bcf 592bef13ee65485bac5d2ab7402fa901 4db6feba682e4b0bb2ed2b0dd68bb3d8 - - - -] volume service is down. (host: rack09-server62@lvm-1)
2023-02-17 18:30:37.931 7 WARNING cinder.scheduler.host_manager [None req-413b1ca5-bc50-4ef4-afbd-62e2c58fd2f4 592bef13ee65485bac5d2ab7402fa901 4db6feba682e4b0bb2ed2b0dd68bb3d8 - - - -] volume service is down. (host: rack09-server62@lvm-1)
2023-02-17 18:30:38.996 7 WARNING cinder.scheduler.host_manager [None req-29425eb5-c441-4ca9-9bca-b5f468e4cdfa 2aa146645b684a01b49806d7a4f3ab2b fe326379689f4c65895e4bc8f10b991c - - - -] volume service is down. (host: rack09-server62@lvm-1)
2023-02-17 18:30:39.338 7 WARNING cinder.scheduler.host_manager [None req-13041873-07b4-4657-ab1b-da975e448b52 2aa146645b684a01b49806d7a4f3ab2b fe326379689f4c65895e4bc8f10b991c - - - -] volume service is down. (host: rack09-server62@lvm-1)
2023-02-17 18:30:39.646 7 WARNING cinder.scheduler.host_manager [None req-34571887-9ec1-4de4-9424-af6df7a01dfe 2aa146645b684a01b49806d7a4f3ab2b fe326379689f4c65895e4bc8f10b991c - - - -] volume service is down. (host: rack09-server62@lvm-1)
2023-02-17 18:30:40.004 7 WARNING cinder.scheduler.host_manager [None req-6008a5fe-4bf6-41bb-bc37-de484e1d14da 2aa146645b684a01b49806d7a4f3ab2b fe326379689f4c65895e4bc8f10b991c - - - -] volume service is down. (host: rack09-server62@lvm-1)
2023-02-17 18:30:40.308 7 WARNING cinder.scheduler.host_manager [None req-ae9bb594-7e57-475d-9a5f-3f8964f794f8 2aa146645b684a01b49806d7a4f3ab2b fe326379689f4c65895e4bc8f10b991c - - - -] volume service is down. (host: rack09-server62@lvm-1)
2023-02-17 18:30:48.210 7 WARNING cinder.scheduler.host_manager [None req-b6778b31-6fd4-4cf4-94e1-fe82e696bd5c 5b24fdb3feda45afb8bc06b04a4d1acf 0daddf18f96e472f9317b2080809e3fc - - - -] volume service is down. (host: rack09-server62@lvm-1)
2023-02-17 18:30:50.763 7 WARNING cinder.scheduler.host_manager [None req-50250e6a-df93-493d-9a08-ee593f6f3a39 5b24fdb3feda45afb8bc06b04a4d1acf 0daddf18f96e472f9317b2080809e3fc - - - -] volume service is down. (host: rack09-server62@lvm-1)
2023-02-17 18:30:53.188 7 WARNING cinder.scheduler.host_manager [None req-5f1ea569-675f-4730-8bb9-3c1f473008b1 5b24fdb3feda45afb8bc06b04a4d1acf 0daddf18f96e472f9317b2080809e3fc - - - -] volume service is down. (host: rack09-server62@lvm-1)
2023-02-17 18:30:53.189 7 WARNING oslo_messaging.rpc.client [None req-5f1ea569-675f-4730-8bb9-3c1f473008b1 5b24fdb3feda45afb8bc06b04a4d1acf 0daddf18f96e472f9317b2080809e3fc - - - -] Using RPCClient manually to instantiate client. Please use get_rpc_client to obtain an RPC client instance.
