Build Started 14_01_2025_11_00_41
2025-01-14 11:02:00.954 7 WARNING cinder.scheduler.host_manager [None req-b602d5f4-0b38-4d2f-8545-a11b0ddbefa0 f44fe7fc49c94aa6a1a7350d21ca3686 ce4f5bf2650d42a4a9c862990ba79bc7 - - - -] volume service is down. (host: rack13-server67@lvm-1)
2025-01-14 11:02:01.285 7 WARNING cinder.scheduler.host_manager [req-d7f02f79-6bc7-4ca9-8c1d-8e5b198c8775 req-6919c619-fd85-4c90-9a59-932d822a1d40 49e75eef8d7d42bab725a2c4bb342c18 ac9f216c7f6640989db0f15f52ecb0d8 - - - -] volume service is down. (host: rack13-server67@lvm-1)
2025-01-14 11:02:02.471 7 WARNING cinder.scheduler.host_manager [None req-d5dd03a9-4363-4520-8fa8-0672a9f74c82 5ce73c2dac154198a537617fcb220465 3519059b9e344098b258ed583669807d - - - -] volume service is down. (host: rack13-server67@lvm-1)
2025-01-14 11:02:02.997 7 WARNING cinder.scheduler.host_manager [None req-8843e875-4dc8-4350-9d97-4539fb6c9453 5ce73c2dac154198a537617fcb220465 3519059b9e344098b258ed583669807d - - - -] volume service is down. (host: rack13-server67@lvm-1)
2025-01-14 11:02:03.631 7 WARNING cinder.scheduler.host_manager [req-57b94817-0c6c-4169-b302-e90c50746b89 req-028f520b-e8bc-49ea-87a9-8c0956c29409 49e75eef8d7d42bab725a2c4bb342c18 ac9f216c7f6640989db0f15f52ecb0d8 - - - -] volume service is down. (host: rack13-server67@lvm-1)
2025-01-14 11:02:03.704 7 WARNING cinder.scheduler.host_manager [None req-b9812915-7151-4871-9dd8-498450453983 f44fe7fc49c94aa6a1a7350d21ca3686 ce4f5bf2650d42a4a9c862990ba79bc7 - - - -] volume service is down. (host: rack13-server67@lvm-1)
2025-01-14 11:02:06.310 7 WARNING cinder.scheduler.host_manager [None req-ede92b3e-16a4-4232-8bc9-6bb4e8d758ea f44fe7fc49c94aa6a1a7350d21ca3686 ce4f5bf2650d42a4a9c862990ba79bc7 - - - -] volume service is down. (host: rack13-server67@lvm-1)
2025-01-14 11:02:10.914 7 WARNING cinder.scheduler.host_manager [None req-541faa98-2d9e-48c3-8b4d-307d67008aa7 73f8cb79cbc34d7f8b221c8b07780b30 858e5a5ee63a40fdbd528d69cd8557a4 - - - -] volume service is down. (host: rack13-server67@lvm-1)
2025-01-14 11:02:10.922 7 WARNING cinder.scheduler.host_manager [None req-541faa98-2d9e-48c3-8b4d-307d67008aa7 73f8cb79cbc34d7f8b221c8b07780b30 858e5a5ee63a40fdbd528d69cd8557a4 - - - -] volume service is down. (host: rack13-server67@lvm-1)
2025-01-14 11:02:12.339 7 WARNING cinder.scheduler.host_manager [None req-9b36b6ee-d0dd-43ae-9298-6fe3d24ec065 73f8cb79cbc34d7f8b221c8b07780b30 858e5a5ee63a40fdbd528d69cd8557a4 - - - -] volume service is down. (host: rack13-server67@lvm-1)
2025-01-14 11:02:12.510 7 WARNING cinder.scheduler.host_manager [req-1a69e4c4-f547-4d16-ab0f-5b4c841eeb1f req-4c99b19a-421e-4dcc-b49f-4e2a8b3b20a5 75e4a531b13b459197e5a539f90d01c8 fc4db76945684d32a66a958d8fd71cc4 - - - -] volume service is down. (host: rack13-server67@lvm-1)
2025-01-14 11:02:13.718 7 WARNING cinder.scheduler.host_manager [None req-15ba5dc2-7737-4356-b1a3-400412397f0a 73f8cb79cbc34d7f8b221c8b07780b30 858e5a5ee63a40fdbd528d69cd8557a4 - - - -] volume service is down. (host: rack13-server67@lvm-1)
2025-01-14 11:02:21.805 7 WARNING cinder.scheduler.host_manager [None req-a1dddda8-019f-45f6-8255-16448a0c462f 0d4a525c14a5453ea64cd245866b8854 6ff34368b1904178813d7fe5cddfdebb - - - -] volume service is down. (host: rack13-server67@lvm-1)
2025-01-14 11:02:21.813 7 WARNING cinder.scheduler.host_manager [None req-a1dddda8-019f-45f6-8255-16448a0c462f 0d4a525c14a5453ea64cd245866b8854 6ff34368b1904178813d7fe5cddfdebb - - - -] volume service is down. (host: rack13-server67@lvm-1)
2025-01-14 11:02:23.249 7 WARNING cinder.scheduler.host_manager [None req-65378fba-5316-4746-8f7b-826830e77cf7 0d4a525c14a5453ea64cd245866b8854 6ff34368b1904178813d7fe5cddfdebb - - - -] volume service is down. (host: rack13-server67@lvm-1)
2025-01-14 11:02:26.728 7 WARNING cinder.scheduler.host_manager [None req-826d7d95-f5c2-4009-8537-53178446ecd9 93d8c91ba814493bb96f557ed413c99d 80ba3e9f68684efcaf92ddb2f61b6b62 - - - -] volume service is down. (host: rack13-server67@lvm-1)
2025-01-14 11:02:26.736 7 WARNING cinder.scheduler.host_manager [None req-826d7d95-f5c2-4009-8537-53178446ecd9 93d8c91ba814493bb96f557ed413c99d 80ba3e9f68684efcaf92ddb2f61b6b62 - - - -] volume service is down. (host: rack13-server67@lvm-1)
2025-01-14 11:02:27.239 7 WARNING cinder.scheduler.host_manager [None req-097c19ec-ac02-44b4-ae2d-54974e1845b5 c5c51eee26f94fda973ca7bf0dfa6f2c 4d884bfc9f0c4609991a02dd0b3d8163 - - - -] volume service is down. (host: rack13-server67@lvm-1)
2025-01-14 11:02:28.033 7 WARNING cinder.scheduler.host_manager [None req-143d6841-ecdc-48cb-92cd-c698d6f28fd8 0d4a525c14a5453ea64cd245866b8854 6ff34368b1904178813d7fe5cddfdebb - - - -] volume service is down. (host: rack13-server67@lvm-1)
2025-01-14 11:02:28.540 7 WARNING cinder.scheduler.host_manager [None req-f119a100-ed11-492b-acd5-ed340902cd35 c5c51eee26f94fda973ca7bf0dfa6f2c 4d884bfc9f0c4609991a02dd0b3d8163 - - - -] volume service is down. (host: rack13-server67@lvm-1)
2025-01-14 11:02:31.450 7 WARNING cinder.scheduler.host_manager [None req-0d05daa7-b0c2-4381-927a-cbf4cd416ff2 c5c51eee26f94fda973ca7bf0dfa6f2c 4d884bfc9f0c4609991a02dd0b3d8163 - - - -] volume service is down. (host: rack13-server67@lvm-1)
2025-01-14 11:02:35.056 7 WARNING cinder.scheduler.host_manager [None req-7cdf0dcc-95a2-4b0f-9fed-b9345be6cc99 c5c51eee26f94fda973ca7bf0dfa6f2c 4d884bfc9f0c4609991a02dd0b3d8163 - - - -] volume service is down. (host: rack13-server67@lvm-1)
2025-01-14 11:02:35.826 7 WARNING cinder.scheduler.host_manager [None req-89a3caaf-f6aa-44bb-bdbf-dbd489fcaa16 0d4a525c14a5453ea64cd245866b8854 6ff34368b1904178813d7fe5cddfdebb - - - -] volume service is down. (host: rack13-server67@lvm-1)
2025-01-14 11:02:35.835 7 WARNING cinder.scheduler.host_manager [None req-89a3caaf-f6aa-44bb-bdbf-dbd489fcaa16 0d4a525c14a5453ea64cd245866b8854 6ff34368b1904178813d7fe5cddfdebb - - - -] volume service is down. (host: rack13-server67@lvm-1)
2025-01-14 11:02:37.295 7 WARNING cinder.scheduler.host_manager [None req-c805efe9-6647-4d59-9fb3-6d76d5f9fe31 0d4a525c14a5453ea64cd245866b8854 6ff34368b1904178813d7fe5cddfdebb - - - -] volume service is down. (host: rack13-server67@lvm-1)
2025-01-14 11:02:38.680 7 WARNING cinder.scheduler.host_manager [None req-24098b7e-6dfe-462d-a1eb-d857269487c4 c5c51eee26f94fda973ca7bf0dfa6f2c 4d884bfc9f0c4609991a02dd0b3d8163 - - - -] volume service is down. (host: rack13-server67@lvm-1)
2025-01-14 11:02:39.849 7 WARNING cinder.scheduler.host_manager [None req-89f5606e-886d-47cf-b824-2439f5a29219 0d4a525c14a5453ea64cd245866b8854 6ff34368b1904178813d7fe5cddfdebb - - - -] volume service is down. (host: rack13-server67@lvm-1)
2025-01-14 11:02:40.735 7 WARNING cinder.scheduler.host_manager [None req-b54e7c99-8abf-4716-8a35-ebae23750029 dc71afb641864d8db03d24925bf9d2a1 5e41818c62a0451dbcdd277be1aaa40f - - - -] volume service is down. (host: rack13-server67@lvm-1)
2025-01-14 11:02:42.298 7 WARNING cinder.scheduler.host_manager [None req-b7f682cd-c8f1-4b2c-bea1-8aa67ab40bd7 c5c51eee26f94fda973ca7bf0dfa6f2c 4d884bfc9f0c4609991a02dd0b3d8163 - - - -] volume service is down. (host: rack13-server67@lvm-1)
2025-01-14 11:02:53.336 7 WARNING cinder.scheduler.host_manager [None req-4a88e7f0-e36c-4d37-9318-843e64d0f1c9 0d4a525c14a5453ea64cd245866b8854 6ff34368b1904178813d7fe5cddfdebb - - - -] volume service is down. (host: rack13-server67@lvm-1)
2025-01-14 11:02:53.349 7 WARNING cinder.scheduler.host_manager [None req-4a88e7f0-e36c-4d37-9318-843e64d0f1c9 0d4a525c14a5453ea64cd245866b8854 6ff34368b1904178813d7fe5cddfdebb - - - -] volume service is down. (host: rack13-server67@lvm-1)
2025-01-14 11:02:54.260 7 WARNING cinder.scheduler.host_manager [None req-3fdf9c8f-8b19-489f-91cd-972f111ed472 e24392086cc345f688008ac976220f76 72f87bcd7c7744c6aab22bbd8bd7be55 - - - -] volume service is down. (host: rack13-server67@lvm-1)
2025-01-14 11:02:54.726 7 WARNING cinder.scheduler.host_manager [None req-332b3bdc-1a7a-44e8-bcb4-8806a2e43ae9 0d4a525c14a5453ea64cd245866b8854 6ff34368b1904178813d7fe5cddfdebb - - - -] volume service is down. (host: rack13-server67@lvm-1)
2025-01-14 11:02:55.017 7 WARNING cinder.scheduler.host_manager [None req-e56c2f3e-5a6f-4d41-9c9b-14c9617b51a6 fcd593f3a8c54ca3a93238c80496df8e 580b78bf1131444190445be0d57d6f11 - - - -] volume service is down. (host: rack13-server67@lvm-1)
2025-01-14 11:02:55.651 7 WARNING cinder.scheduler.host_manager [None req-be3531e5-4d5d-4041-aadc-8b0974b57e97 e24392086cc345f688008ac976220f76 72f87bcd7c7744c6aab22bbd8bd7be55 - - - -] volume service is down. (host: rack13-server67@lvm-1)
2025-01-14 11:03:06.266 7 WARNING cinder.scheduler.host_manager [None req-dd7e8952-70cb-4e2e-891f-00aac6c16a8b 0665f915a0794fc1bd5d0c90c4000378 72fbf5889c5a41f88bcf80d59b4bbfee - - - -] volume service is down. (host: rack13-server67@lvm-1)
2025-01-14 11:03:07.720 7 WARNING cinder.scheduler.host_manager [None req-d3c15824-2b22-4732-a383-20c22f945d86 d8bc1db52bca4064bd7b7ff356de923d 250c0d3683024f3ba9023e54a4925823 - - - -] volume service is down. (host: rack13-server67@lvm-1)
2025-01-14 11:03:07.728 7 WARNING cinder.scheduler.host_manager [None req-d3c15824-2b22-4732-a383-20c22f945d86 d8bc1db52bca4064bd7b7ff356de923d 250c0d3683024f3ba9023e54a4925823 - - - -] volume service is down. (host: rack13-server67@lvm-1)
2025-01-14 11:03:08.644 7 WARNING cinder.scheduler.host_manager [None req-60afddbe-391c-45db-aec4-02b2b1742125 0665f915a0794fc1bd5d0c90c4000378 72fbf5889c5a41f88bcf80d59b4bbfee - - - -] volume service is down. (host: rack13-server67@lvm-1)
2025-01-14 11:03:09.185 7 WARNING cinder.scheduler.host_manager [None req-020629fc-8910-4870-8e70-0a323a16be1b d8bc1db52bca4064bd7b7ff356de923d 250c0d3683024f3ba9023e54a4925823 - - - -] volume service is down. (host: rack13-server67@lvm-1)
2025-01-14 11:03:24.551 7 WARNING cinder.scheduler.host_manager [None req-54d6b250-910c-4362-8302-36f3114738b8 007fd44d34344bef82ce11087ae4ee4d c16804890d8e41d5a8aa45b08a41fa40 - - - -] volume service is down. (host: rack13-server67@lvm-1)
2025-01-14 11:03:25.750 7 WARNING cinder.scheduler.host_manager [None req-43a7de6f-90bc-47ee-8369-79090710b9dc ef0e0a0b27b443fca45eb125633cbd93 09ba17983b12447a85204228133e7931 - - - -] volume service is down. (host: rack13-server67@lvm-1)
2025-01-14 11:03:28.131 7 WARNING cinder.scheduler.host_manager [None req-a764a5aa-fb67-4ebb-b5cc-a3da8800cc0b ef0e0a0b27b443fca45eb125633cbd93 09ba17983b12447a85204228133e7931 - - - -] volume service is down. (host: rack13-server67@lvm-1)
2025-01-14 11:03:28.481 7 WARNING cinder.scheduler.host_manager [None req-6cd08e53-ff85-4024-8cc6-820d29a17bb3 48104145cb1b45e98fc3d76a52406900 40767d498aae49458c42ce7613d4c48f - - - -] volume service is down. (host: rack13-server67@lvm-1)
2025-01-14 11:03:28.490 7 WARNING cinder.scheduler.host_manager [None req-6cd08e53-ff85-4024-8cc6-820d29a17bb3 48104145cb1b45e98fc3d76a52406900 40767d498aae49458c42ce7613d4c48f - - - -] volume service is down. (host: rack13-server67@lvm-1)
2025-01-14 11:03:29.695 7 WARNING cinder.scheduler.host_manager [None req-b36da739-4bb5-414e-ae58-6c61d7ffda1d 48104145cb1b45e98fc3d76a52406900 40767d498aae49458c42ce7613d4c48f - - - -] volume service is down. (host: rack13-server67@lvm-1)
2025-01-14 11:03:29.704 7 WARNING cinder.scheduler.host_manager [None req-b36da739-4bb5-414e-ae58-6c61d7ffda1d 48104145cb1b45e98fc3d76a52406900 40767d498aae49458c42ce7613d4c48f - - - -] volume service is down. (host: rack13-server67@lvm-1)
2025-01-14 11:03:31.092 7 WARNING cinder.scheduler.host_manager [None req-66756da4-f3ca-4f6e-b5a7-b3ca67d42302 48104145cb1b45e98fc3d76a52406900 40767d498aae49458c42ce7613d4c48f - - - -] volume service is down. (host: rack13-server67@lvm-1)
2025-01-14 11:03:36.479 7 WARNING cinder.scheduler.host_manager [None req-a89ce6d1-0fc1-4e35-832d-78cef8f87038 48104145cb1b45e98fc3d76a52406900 40767d498aae49458c42ce7613d4c48f - - - -] volume service is down. (host: rack13-server67@lvm-1)
2025-01-14 11:03:36.487 7 WARNING cinder.scheduler.host_manager [None req-a89ce6d1-0fc1-4e35-832d-78cef8f87038 48104145cb1b45e98fc3d76a52406900 40767d498aae49458c42ce7613d4c48f - - - -] volume service is down. (host: rack13-server67@lvm-1)
2025-01-14 11:03:36.805 7 WARNING cinder.scheduler.host_manager [None req-2d430c06-faaf-4a6c-b2ae-d2e47a7a755c ec7a2635a3164c3c87c6e91465cbd951 37987cd2bc034eabb51a84216c061fb8 - - - -] volume service is down. (host: rack13-server67@lvm-1)
2025-01-14 11:03:37.920 7 WARNING cinder.scheduler.host_manager [None req-b7fa2cc3-dbf3-4e87-a08c-f503073cf971 48104145cb1b45e98fc3d76a52406900 40767d498aae49458c42ce7613d4c48f - - - -] volume service is down. (host: rack13-server67@lvm-1)
2025-01-14 11:03:40.475 7 WARNING cinder.scheduler.host_manager [None req-9a5025df-3ee4-4f60-bebf-5d14045a97bd 48104145cb1b45e98fc3d76a52406900 40767d498aae49458c42ce7613d4c48f - - - -] volume service is down. (host: rack13-server67@lvm-1)
2025-01-14 11:03:44.909 7 WARNING cinder.scheduler.host_manager [None req-86a2b13d-ca3b-43d1-82af-e43e75ba66d8 afed00e073f54e6bacc8ebc23efa5820 648ade22b2c14aefb5429e443c9b9fe4 - - - -] volume service is down. (host: rack13-server67@lvm-1)
2025-01-14 11:03:47.992 7 WARNING cinder.scheduler.host_manager [None req-d3407ca6-ff12-4710-98d4-77c11e19fa00 2af7cbb6fecb4365ad94010ff8e6d7e7 54ba697e7950424fb045eeb569fa8e2b - - - -] volume service is down. (host: rack13-server67@lvm-1)
2025-01-14 11:03:52.418 7 WARNING cinder.scheduler.host_manager [None req-140e7a70-f859-4ae4-aca5-f5168deeb1f4 c40e0dd7093c4779a5fe241e763eff6b 55b4b0d9297f4855b98596517c77ac06 - - - -] volume service is down. (host: rack13-server67@lvm-1)
2025-01-14 11:03:53.572 7 WARNING cinder.scheduler.host_manager [None req-abb35195-dda4-4bbf-8d98-576fb28eac7d 2af7cbb6fecb4365ad94010ff8e6d7e7 54ba697e7950424fb045eeb569fa8e2b - - - -] volume service is down. (host: rack13-server67@lvm-1)
2025-01-14 11:03:54.782 7 WARNING cinder.scheduler.host_manager [None req-b8c90617-5bc5-4025-b6a6-ae6a7fa8c26b c40e0dd7093c4779a5fe241e763eff6b 55b4b0d9297f4855b98596517c77ac06 - - - -] volume service is down. (host: rack13-server67@lvm-1)
2025-01-14 11:03:57.076 7 WARNING cinder.scheduler.host_manager [None req-c657afb2-f8d2-4c71-be8b-9090ab9dd421 c40e0dd7093c4779a5fe241e763eff6b 55b4b0d9297f4855b98596517c77ac06 - - - -] volume service is down. (host: rack13-server67@lvm-1)
2025-01-14 11:04:00.457 7 WARNING cinder.scheduler.host_manager [None req-b1bffd38-0e9a-49c6-8b44-a7732cdb4dfe 18883489360945a391b25bf4a554a85b c65fda4bd591467a99696940a9c75a75 - - - -] volume service is down. (host: rack13-server67@lvm-1)
2025-01-14 11:04:00.458 7 INFO cinder.scheduler.base_filter [None req-b1bffd38-0e9a-49c6-8b44-a7732cdb4dfe 18883489360945a391b25bf4a554a85b c65fda4bd591467a99696940a9c75a75 - - - -] Filtering removed all hosts for the request with volume ID '89ccc5ad-2a9b-4a89-898a-c37e9be4c37c'. Filter results: AvailabilityZoneFilter: (start: 1, end: 1), CapacityFilter: (start: 1, end: 1), CapabilitiesFilter: (start: 1, end: 0)
2025-01-14 11:04:00.459 7 WARNING cinder.scheduler.filter_scheduler [None req-b1bffd38-0e9a-49c6-8b44-a7732cdb4dfe 18883489360945a391b25bf4a554a85b c65fda4bd591467a99696940a9c75a75 - - - -] No weighed backend found for volume with properties: {'id': 'a6608fe7-3a42-4f2f-9d91-8ead710a18d1', 'name': 'tempest-UserMessagesTest-volume-type-519071891', 'description': None, 'is_public': True, 'projects': [], 'extra_specs': {'storage_protocol': 'tempest-storage_protocol-1322944884', 'vendor_name': 'tempest-vendor_name-1681277261'}, 'qos_specs_id': None, 'created_at': '2025-01-14T11:03:59.000000', 'updated_at': None, 'deleted_at': None, 'deleted': False}
2025-01-14 11:04:00.460 7 INFO cinder.message.api [None req-b1bffd38-0e9a-49c6-8b44-a7732cdb4dfe 18883489360945a391b25bf4a554a85b c65fda4bd591467a99696940a9c75a75 - - - -] Creating message record for request_id = req-b1bffd38-0e9a-49c6-8b44-a7732cdb4dfe
2025-01-14 11:04:00.466 7 ERROR cinder.scheduler.flows.create_volume [None req-b1bffd38-0e9a-49c6-8b44-a7732cdb4dfe 18883489360945a391b25bf4a554a85b c65fda4bd591467a99696940a9c75a75 - - - -] Failed to run task cinder.scheduler.flows.create_volume.ScheduleCreateVolumeTask;volume:create: No valid backend was found. No weighed backends available: cinder.exception.NoValidBackend: No valid backend was found. No weighed backends available
2025-01-14 11:04:00.844 7 WARNING cinder.scheduler.host_manager [None req-73e2089a-d9be-4c0c-82f4-4bf58d18c897 c40e0dd7093c4779a5fe241e763eff6b 55b4b0d9297f4855b98596517c77ac06 - - - -] volume service is down. (host: rack13-server67@lvm-1)
2025-01-14 11:04:01.583 7 WARNING cinder.scheduler.host_manager [None req-c6e6e114-4243-4da6-aa60-34e62247ea4d 3f41535b579249799ce142cbab5147b5 e19de2dbfba14fbaac6b18ec82751f82 - - - -] volume service is down. (host: rack13-server67@lvm-1)
2025-01-14 11:04:02.356 7 WARNING cinder.scheduler.host_manager [None req-6793eda6-2303-4b18-a865-2bf8542eacb4 18883489360945a391b25bf4a554a85b c65fda4bd591467a99696940a9c75a75 - - - -] volume service is down. (host: rack13-server67@lvm-1)
2025-01-14 11:04:02.357 7 INFO cinder.scheduler.base_filter [None req-6793eda6-2303-4b18-a865-2bf8542eacb4 18883489360945a391b25bf4a554a85b c65fda4bd591467a99696940a9c75a75 - - - -] Filtering removed all hosts for the request with volume ID 'e12670db-734f-49f1-8289-b8239c377ffe'. Filter results: AvailabilityZoneFilter: (start: 1, end: 1), CapacityFilter: (start: 1, end: 1), CapabilitiesFilter: (start: 1, end: 0)
2025-01-14 11:04:02.358 7 WARNING cinder.scheduler.filter_scheduler [None req-6793eda6-2303-4b18-a865-2bf8542eacb4 18883489360945a391b25bf4a554a85b c65fda4bd591467a99696940a9c75a75 - - - -] No weighed backend found for volume with properties: {'id': '0662f825-466e-451d-bc46-9beda2f331f9', 'name': 'tempest-UserMessagesTest-volume-type-2042752958', 'description': None, 'is_public': True, 'projects': [], 'extra_specs': {'storage_protocol': 'tempest-storage_protocol-478410877', 'vendor_name': 'tempest-vendor_name-1223459944'}, 'qos_specs_id': None, 'created_at': '2025-01-14T11:04:01.000000', 'updated_at': None, 'deleted_at': None, 'deleted': False}
2025-01-14 11:04:02.359 7 INFO cinder.message.api [None req-6793eda6-2303-4b18-a865-2bf8542eacb4 18883489360945a391b25bf4a554a85b c65fda4bd591467a99696940a9c75a75 - - - -] Creating message record for request_id = req-6793eda6-2303-4b18-a865-2bf8542eacb4
2025-01-14 11:04:02.364 7 ERROR cinder.scheduler.flows.create_volume [None req-6793eda6-2303-4b18-a865-2bf8542eacb4 18883489360945a391b25bf4a554a85b c65fda4bd591467a99696940a9c75a75 - - - -] Failed to run task cinder.scheduler.flows.create_volume.ScheduleCreateVolumeTask;volume:create: No valid backend was found. No weighed backends available: cinder.exception.NoValidBackend: No valid backend was found. No weighed backends available
2025-01-14 11:04:03.231 7 WARNING cinder.scheduler.host_manager [None req-4ae52ab3-c6bc-4f58-8036-2fac73b5d29d c40e0dd7093c4779a5fe241e763eff6b 55b4b0d9297f4855b98596517c77ac06 - - - -] volume service is down. (host: rack13-server67@lvm-1)
2025-01-14 11:04:05.647 7 WARNING cinder.scheduler.host_manager [None req-208dd08c-162a-4f14-99d5-92a053a097dd c40e0dd7093c4779a5fe241e763eff6b 55b4b0d9297f4855b98596517c77ac06 - - - -] volume service is down. (host: rack13-server67@lvm-1)
2025-01-14 11:04:08.652 7 WARNING cinder.scheduler.host_manager [None req-f92c442a-cf82-452a-9341-0ed4ea348d77 ae2bbee9e51f4b37b3842d18a051f34d 451651219fad4c178652bd82285f24da - - - -] volume service is down. (host: rack13-server67@lvm-1)
2025-01-14 11:04:12.665 7 WARNING cinder.scheduler.host_manager [None req-20b2902f-15d9-474a-a914-0449b7384c3a 837410262af14e779b81ac7e40f01abd a4247141adf349f9a351709d58ff6de6 - - - -] volume service is down. (host: rack13-server67@lvm-1)
2025-01-14 11:04:16.502 7 WARNING cinder.scheduler.host_manager [None req-d8c3c197-e09f-4654-90cc-6ef99a324808 837410262af14e779b81ac7e40f01abd a4247141adf349f9a351709d58ff6de6 - - - -] volume service is down. (host: rack13-server67@lvm-1)
2025-01-14 11:04:17.434 7 WARNING cinder.scheduler.host_manager [None req-166b31d9-8266-4dd4-95c5-8b835cdf21a9 ae2bbee9e51f4b37b3842d18a051f34d 451651219fad4c178652bd82285f24da - - - -] volume service is down. (host: rack13-server67@lvm-1)
2025-01-14 11:04:17.441 7 WARNING cinder.scheduler.host_manager [None req-e5c880ae-ec8d-4249-a97e-92c3198d1bb5 8e2b46b4b8ed48eea3eed559d8947d33 90ea55efc0f544efb59a643eabf7ef00 - - - -] volume service is down. (host: rack13-server67@lvm-1)
2025-01-14 11:04:20.160 7 WARNING cinder.scheduler.host_manager [None req-38248d66-9c46-486b-b826-37b228bb1e97 ae2bbee9e51f4b37b3842d18a051f34d 451651219fad4c178652bd82285f24da - - - -] volume service is down. (host: rack13-server67@lvm-1)
2025-01-14 11:04:22.780 7 WARNING cinder.scheduler.host_manager [None req-d7d0eaca-f597-426d-80d1-a121de190075 8e2b46b4b8ed48eea3eed559d8947d33 90ea55efc0f544efb59a643eabf7ef00 - - - -] volume service is down. (host: rack13-server67@lvm-1)
2025-01-14 11:04:22.826 7 WARNING cinder.scheduler.host_manager [None req-54f2502d-ecea-4e17-8eed-ebafc5ee7f29 ae2bbee9e51f4b37b3842d18a051f34d 451651219fad4c178652bd82285f24da - - - -] volume service is down. (host: rack13-server67@lvm-1)
2025-01-14 11:04:25.119 7 WARNING cinder.scheduler.host_manager [None req-17c4b881-a87b-4146-8650-95b4ac5f6fc3 ae2bbee9e51f4b37b3842d18a051f34d 451651219fad4c178652bd82285f24da - - - -] volume service is down. (host: rack13-server67@lvm-1)
2025-01-14 11:04:29.438 7 WARNING cinder.scheduler.host_manager [None req-60da9f9d-9a4d-4f25-ab36-5892b41e9513 6a4307f04e9d46f98a12b92b2e50d439 85d462b8ec524e08940e802a8960bb5a - - - -] volume service is down. (host: rack13-server67@lvm-1)
2025-01-14 11:04:30.819 7 WARNING cinder.scheduler.host_manager [None req-9c30b879-0de9-4a6a-9164-24ce7d25cd4e 6a5cab7c8ac947e5a73adb6ffda0b85f 5372abcfdb3148f3bb5d4d33173cbead - - - -] volume service is down. (host: rack13-server67@lvm-1)
2025-01-14 11:04:32.207 7 WARNING cinder.scheduler.host_manager [None req-ed85f315-ef25-4676-949f-c4c71162eaa9 39a51dc445b44d04a7716086755561bb f3e10ca56c504ffbb9ac5504faa27415 - - - -] volume service is down. (host: rack13-server67@lvm-1)
2025-01-14 11:04:34.969 7 WARNING cinder.scheduler.host_manager [None req-f48ec1d7-883d-4fa1-8543-c1ccde95d065 39a51dc445b44d04a7716086755561bb f3e10ca56c504ffbb9ac5504faa27415 - - - -] volume service is down. (host: rack13-server67@lvm-1)
2025-01-14 11:04:39.666 7 WARNING cinder.scheduler.host_manager [None req-0c892a44-2e40-40f2-a65a-5ede36c44c36 6a5cab7c8ac947e5a73adb6ffda0b85f 5372abcfdb3148f3bb5d4d33173cbead - - - -] volume service is down. (host: rack13-server67@lvm-1)
2025-01-14 11:04:39.783 7 WARNING cinder.scheduler.host_manager [None req-3bad4d2c-a685-4683-8279-0b9e76e40ab7 39a51dc445b44d04a7716086755561bb f3e10ca56c504ffbb9ac5504faa27415 - - - -] volume service is down. (host: rack13-server67@lvm-1)
2025-01-14 11:04:42.610 7 WARNING cinder.scheduler.host_manager [None req-8b03b9eb-9054-4e32-99e3-885f09dad0d4 39a51dc445b44d04a7716086755561bb f3e10ca56c504ffbb9ac5504faa27415 - - - -] volume service is down. (host: rack13-server67@lvm-1)
2025-01-14 11:04:45.708 7 WARNING cinder.scheduler.host_manager [None req-e7253e11-1c03-4ced-a08f-b0477166d1f3 6a5cab7c8ac947e5a73adb6ffda0b85f 5372abcfdb3148f3bb5d4d33173cbead - - - -] volume service is down. (host: rack13-server67@lvm-1)
2025-01-14 11:04:46.421 7 WARNING cinder.scheduler.host_manager [None req-328e13ab-e941-45c7-a9e7-24ab716b0f8a 39a51dc445b44d04a7716086755561bb f3e10ca56c504ffbb9ac5504faa27415 - - - -] volume service is down. (host: rack13-server67@lvm-1)
2025-01-14 11:04:48.204 7 WARNING cinder.scheduler.host_manager [None req-eb65bd64-8b73-41eb-9507-6c1b1012cba8 6a5cab7c8ac947e5a73adb6ffda0b85f 5372abcfdb3148f3bb5d4d33173cbead - - - -] volume service is down. (host: rack13-server67@lvm-1)
2025-01-14 11:04:50.775 7 WARNING cinder.scheduler.host_manager [None req-f791b762-2aeb-4d38-a615-36b0e46d3624 3e25e217637345088e3ae6d949ffd9eb 82ced4433c154c0a981c90f61c64f46d - - - -] volume service is down. (host: rack13-server67@lvm-1)
2025-01-14 11:04:52.799 7 WARNING cinder.scheduler.host_manager [None req-0ff2608c-ea14-4907-9ea7-a41cf4c9eafa 39a51dc445b44d04a7716086755561bb f3e10ca56c504ffbb9ac5504faa27415 - - - -] volume service is down. (host: rack13-server67@lvm-1)
2025-01-14 11:04:53.321 7 WARNING cinder.scheduler.host_manager [None req-b8ee4423-4419-490c-b2e2-fbab1878991d 3e25e217637345088e3ae6d949ffd9eb 82ced4433c154c0a981c90f61c64f46d - - - -] volume service is down. (host: rack13-server67@lvm-1)
2025-01-14 11:04:55.897 7 WARNING cinder.scheduler.host_manager [None req-641056b3-7583-4d65-8c93-cfe3b5b154fb 3e25e217637345088e3ae6d949ffd9eb 82ced4433c154c0a981c90f61c64f46d - - - -] volume service is down. (host: rack13-server67@lvm-1)
2025-01-14 11:04:57.616 7 WARNING cinder.scheduler.host_manager [None req-d9529880-adc7-4233-b259-43c2cc348e0d f50e41183f1d46739566e1c435c76d12 6d78a16a6e244fcea669dc285fe6fbbf - - - -] volume service is down. (host: rack13-server67@lvm-1)
2025-01-14 11:04:58.756 7 WARNING cinder.scheduler.host_manager [None req-9b65beef-ce2e-4cdc-af90-27e99a816bad ff4f111f0eb74524a18e7c763411095b bc11de2a814b4f92909f8b7cf8d5ecec - - - -] volume service is down. (host: rack13-server67@lvm-1)
2025-01-14 11:05:01.772 7 WARNING cinder.scheduler.host_manager [None req-c7d74b6b-bc90-4f39-8e9d-36c6801fdf42 39a51dc445b44d04a7716086755561bb f3e10ca56c504ffbb9ac5504faa27415 - - - -] volume service is down. (host: rack13-server67@lvm-1)
2025-01-14 11:05:13.344 7 WARNING cinder.scheduler.host_manager [None req-f591b9ac-a2a0-48a7-a975-82a9f41df6ce 418d95706349462e8af4888964c7eb55 2d3be10b2f4a439aaba8539fbdb5a7ca - - - -] volume service is down. (host: rack13-server67@lvm-1)
2025-01-14 11:05:15.639 7 WARNING cinder.scheduler.host_manager [None req-91cc86aa-590c-4b8f-b54c-555fd86ce0fc e7fba8a0b4dc4538b6a5d5896cdcd701 be0e1d2ccc18475188d5dd8dd5e45318 - - - -] volume service is down. (host: rack13-server67@lvm-1)
2025-01-14 11:05:15.836 7 WARNING cinder.scheduler.host_manager [None req-c7fa0114-5b62-4539-83a8-ff2dfe301950 418d95706349462e8af4888964c7eb55 2d3be10b2f4a439aaba8539fbdb5a7ca - - - -] volume service is down. (host: rack13-server67@lvm-1)
2025-01-14 11:05:17.300 7 WARNING cinder.scheduler.host_manager [None req-274d59d1-3c0a-4102-a216-428596b14a35 418d95706349462e8af4888964c7eb55 2d3be10b2f4a439aaba8539fbdb5a7ca - - - -] volume service is down. (host: rack13-server67@lvm-1)
2025-01-14 11:05:21.381 7 WARNING cinder.scheduler.host_manager [None req-04588084-1089-46b7-b750-ad2895bab841 e7fba8a0b4dc4538b6a5d5896cdcd701 be0e1d2ccc18475188d5dd8dd5e45318 - - - -] volume service is down. (host: rack13-server67@lvm-1)
2025-01-14 11:05:28.506 7 WARNING cinder.scheduler.host_manager [None req-65d961cc-ea56-4b45-8f59-bdf963598caa 09bd61be0fea4f3e8bd3874b6715f8ea 3296c0dd9fe046bcbf79ca5e78de857f - - - -] volume service is down. (host: rack13-server67@lvm-1)
2025-01-14 11:05:29.798 7 WARNING cinder.scheduler.host_manager [None req-31b344bf-0664-4a60-9bd2-bead3f56a9bd e73826d42cff46a985cd484825a0c2dd ef7bf5d01f5d435d83ba84db4e8d2798 - - - -] volume service is down. (host: rack13-server67@lvm-1)
2025-01-14 11:05:30.879 7 WARNING cinder.scheduler.host_manager [None req-03d98bd0-8a37-40ab-976d-06ec5499797e 09bd61be0fea4f3e8bd3874b6715f8ea 3296c0dd9fe046bcbf79ca5e78de857f - - - -] volume service is down. (host: rack13-server67@lvm-1)
2025-01-14 11:05:32.167 7 WARNING cinder.scheduler.host_manager [None req-f2ddf4bf-8007-4523-a9d5-805503169700 e73826d42cff46a985cd484825a0c2dd ef7bf5d01f5d435d83ba84db4e8d2798 - - - -] volume service is down. (host: rack13-server67@lvm-1)
2025-01-14 11:05:34.424 7 WARNING cinder.scheduler.host_manager [None req-010cfba8-824c-4f16-9ba9-27c994033c33 e73826d42cff46a985cd484825a0c2dd ef7bf5d01f5d435d83ba84db4e8d2798 - - - -] volume service is down. (host: rack13-server67@lvm-1)
2025-01-14 11:05:37.042 7 WARNING cinder.scheduler.host_manager [None req-52cde75c-eefc-4a2d-a51a-151d15f1c721 e73826d42cff46a985cd484825a0c2dd ef7bf5d01f5d435d83ba84db4e8d2798 - - - -] volume service is down. (host: rack13-server67@lvm-1)
2025-01-14 11:05:52.325 7 WARNING cinder.scheduler.host_manager [None req-074fc816-8930-427e-858c-fb94a39f1a52 96c8c70b1ff84c3caea3497c2d6e84e5 6d5b47f365004d8baa6d3fb8268477b6 - - - -] volume service is down. (host: rack13-server67@lvm-1)
2025-01-14 11:05:52.432 7 WARNING cinder.scheduler.host_manager [None req-c85d02b7-2d2d-4d2f-8bb4-638d7175953a a06c3753b81a46edab8a97a86736cba2 9a0aecace43745caada9c39c9b2eed75 - - - -] volume service is down. (host: rack13-server67@lvm-1)
2025-01-14 11:05:52.445 7 WARNING cinder.scheduler.host_manager [None req-3216d267-3682-4903-851b-99baccdda604 3c18bf35a2e74c3a977825a9433db7f8 233c2efd18f744108812dd909c24006f - - - -] volume service is down. (host: rack13-server67@lvm-1)
2025-01-14 11:05:52.665 7 WARNING cinder.scheduler.host_manager [None req-7bd896b6-8cab-4f15-a8cb-8ed8ff2eb073 3c18bf35a2e74c3a977825a9433db7f8 233c2efd18f744108812dd909c24006f - - - -] volume service is down. (host: rack13-server67@lvm-1)
2025-01-14 11:05:52.923 7 WARNING cinder.scheduler.host_manager [None req-e72d0188-b4d2-4497-b0d1-b8727d034072 3c18bf35a2e74c3a977825a9433db7f8 233c2efd18f744108812dd909c24006f - - - -] volume service is down. (host: rack13-server67@lvm-1)
2025-01-14 11:05:53.199 7 WARNING cinder.scheduler.host_manager [None req-e0b31557-2eb8-4d57-a95e-3e93b2b2d8e0 3c18bf35a2e74c3a977825a9433db7f8 233c2efd18f744108812dd909c24006f - - - -] volume service is down. (host: rack13-server67@lvm-1)
2025-01-14 11:05:53.472 7 WARNING cinder.scheduler.host_manager [None req-687aaeda-7433-4621-8c18-86d426fda5d6 3c18bf35a2e74c3a977825a9433db7f8 233c2efd18f744108812dd909c24006f - - - -] volume service is down. (host: rack13-server67@lvm-1)
2025-01-14 11:05:54.644 7 WARNING cinder.scheduler.host_manager [None req-97f8d746-90f7-47a5-9544-911d5dbabce5 96c8c70b1ff84c3caea3497c2d6e84e5 6d5b47f365004d8baa6d3fb8268477b6 - - - -] volume service is down. (host: rack13-server67@lvm-1)
2025-01-14 11:05:54.815 7 WARNING cinder.scheduler.host_manager [None req-2ed53528-fcef-4685-b610-09c32ca8b188 a06c3753b81a46edab8a97a86736cba2 9a0aecace43745caada9c39c9b2eed75 - - - -] volume service is down. (host: rack13-server67@lvm-1)
2025-01-14 11:05:55.087 7 WARNING cinder.scheduler.host_manager [None req-b9ae7df0-6e7f-45a4-9c41-aa97530ec232 a06c3753b81a46edab8a97a86736cba2 9a0aecace43745caada9c39c9b2eed75 - - - -] volume service is down. (host: rack13-server67@lvm-1)
2025-01-14 11:05:55.362 7 WARNING cinder.scheduler.host_manager [None req-22cab15a-16f8-4d81-b41b-6a93aa14dba7 a06c3753b81a46edab8a97a86736cba2 9a0aecace43745caada9c39c9b2eed75 - - - -] volume service is down. (host: rack13-server67@lvm-1)
2025-01-14 11:05:55.623 7 WARNING cinder.scheduler.host_manager [None req-97ae6f1f-11a8-4f66-b5c2-e62362d22f0f a06c3753b81a46edab8a97a86736cba2 9a0aecace43745caada9c39c9b2eed75 - - - -] volume service is down. (host: rack13-server67@lvm-1)
2025-01-14 11:05:55.915 7 WARNING cinder.scheduler.host_manager [None req-1c3bb5d6-50f8-4c9e-b78a-b14e2d242777 a06c3753b81a46edab8a97a86736cba2 9a0aecace43745caada9c39c9b2eed75 - - - -] volume service is down. (host: rack13-server67@lvm-1)
2025-01-14 11:05:57.072 7 WARNING cinder.scheduler.host_manager [None req-ef3d5425-150a-41f7-a7a3-fd5f0e1f70f5 96c8c70b1ff84c3caea3497c2d6e84e5 6d5b47f365004d8baa6d3fb8268477b6 - - - -] volume service is down. (host: rack13-server67@lvm-1)
2025-01-14 11:05:57.377 7 WARNING cinder.scheduler.host_manager [None req-8ace305f-c143-45dd-933f-7572206652a1 96c8c70b1ff84c3caea3497c2d6e84e5 6d5b47f365004d8baa6d3fb8268477b6 - - - -] volume service is down. (host: rack13-server67@lvm-1)
2025-01-14 11:05:57.651 7 WARNING cinder.scheduler.host_manager [None req-3e8be7b9-9b31-4fda-bf37-ab214385eb0f 96c8c70b1ff84c3caea3497c2d6e84e5 6d5b47f365004d8baa6d3fb8268477b6 - - - -] volume service is down. (host: rack13-server67@lvm-1)
2025-01-14 11:05:57.949 7 WARNING cinder.scheduler.host_manager [None req-43ef7277-9e52-4fe0-9139-ed7164e0cf96 96c8c70b1ff84c3caea3497c2d6e84e5 6d5b47f365004d8baa6d3fb8268477b6 - - - -] volume service is down. (host: rack13-server67@lvm-1)
2025-01-14 11:05:58.247 7 WARNING cinder.scheduler.host_manager [None req-f33dc7b4-e526-4b0c-8803-0ce2f42cdf7d 96c8c70b1ff84c3caea3497c2d6e84e5 6d5b47f365004d8baa6d3fb8268477b6 - - - -] volume service is down. (host: rack13-server67@lvm-1)
2025-01-14 11:06:04.415 7 WARNING cinder.scheduler.host_manager [None req-e3a858f4-1c0a-466e-b8fd-b82c4c37703a 4adc2442fa7241cb8c9931460c229e0d 3a0b0267e9004e399d300df26a072c2d - - - -] volume service is down. (host: rack13-server67@lvm-1)
2025-01-14 11:06:07.023 7 WARNING cinder.scheduler.host_manager [None req-91827834-ef60-41e2-bbe4-255e6516b495 4adc2442fa7241cb8c9931460c229e0d 3a0b0267e9004e399d300df26a072c2d - - - -] volume service is down. (host: rack13-server67@lvm-1)
2025-01-14 11:06:09.441 7 WARNING cinder.scheduler.host_manager [None req-b5e1517a-b446-45ff-8f21-fa0b7aaa276d 4adc2442fa7241cb8c9931460c229e0d 3a0b0267e9004e399d300df26a072c2d - - - -] volume service is down. (host: rack13-server67@lvm-1)
