Build Started 17_02_2023_15_03_43
2023-02-17 15:05:38.786 7 WARNING cinder.scheduler.host_manager [None req-fca3a24a-3bfd-4cf8-99d9-44229d89573c 5b6a2b6403f24cdabc6194e5e99e2ee7 565f0f2897c6480e8dc2403e8eac905f - - - -] volume service is down. (host: rack09-server62@lvm-1)
2023-02-17 15:05:38.976 7 WARNING cinder.scheduler.host_manager [req-0c5cb786-5bc1-4154-bb33-881f0b73783c req-6410c06e-2f45-4433-8aef-14789c2e5cda 6eeef43398c041b58e6863f75962f5c9 51f6dbc2e5a74b80834a2e445774816d - - - -] volume service is down. (host: rack09-server62@lvm-1)
2023-02-17 15:05:40.060 7 WARNING cinder.scheduler.host_manager [None req-0e455564-1596-4652-90a8-2f337a2b4d75 48b8bb65af284d3a976836f8ce7bdae0 043409f04c3e44738d0aa139a9dc4f8b - - - -] volume service is down. (host: rack09-server62@lvm-1)
2023-02-17 15:05:40.067 7 WARNING cinder.scheduler.host_manager [None req-0e455564-1596-4652-90a8-2f337a2b4d75 48b8bb65af284d3a976836f8ce7bdae0 043409f04c3e44738d0aa139a9dc4f8b - - - -] volume service is down. (host: rack09-server62@lvm-1)
2023-02-17 15:05:40.801 7 WARNING cinder.scheduler.host_manager [req-966d264e-e420-4d12-8b7d-a30dbdc69e32 req-64f74f10-1be1-46a2-a5b0-bac4f3c9a091 6eeef43398c041b58e6863f75962f5c9 51f6dbc2e5a74b80834a2e445774816d - - - -] volume service is down. (host: rack09-server62@lvm-1)
2023-02-17 15:05:40.802 7 WARNING oslo_messaging.rpc.client [req-966d264e-e420-4d12-8b7d-a30dbdc69e32 req-64f74f10-1be1-46a2-a5b0-bac4f3c9a091 6eeef43398c041b58e6863f75962f5c9 51f6dbc2e5a74b80834a2e445774816d - - - -] Using RPCClient manually to instantiate client. Please use get_rpc_client to obtain an RPC client instance.
2023-02-17 15:05:41.614 7 WARNING cinder.scheduler.host_manager [None req-9e0dcca2-a8d9-4f52-9a28-ff18f522a1f0 48b8bb65af284d3a976836f8ce7bdae0 043409f04c3e44738d0aa139a9dc4f8b - - - -] volume service is down. (host: rack09-server62@lvm-1)
2023-02-17 15:05:46.392 7 WARNING cinder.scheduler.host_manager [None req-0bef3e17-dd47-42d9-8d8b-18d0ed710eaf 48b8bb65af284d3a976836f8ce7bdae0 043409f04c3e44738d0aa139a9dc4f8b - - - -] volume service is down. (host: rack09-server62@lvm-1)
2023-02-17 15:05:47.742 7 WARNING cinder.scheduler.host_manager [req-df8351eb-6f07-4f7c-ba6c-a9803217663e req-5f5c4f19-fa93-4ca9-97cd-34709550a2ca 07f5b6a7a7c94c60a9e359e3872bbd00 d25719c55506473abcf32320ce68e261 - - - -] volume service is down. (host: rack09-server62@lvm-1)
2023-02-17 15:05:52.319 7 WARNING cinder.scheduler.host_manager [None req-9719bf3f-d099-48ee-bbb6-fb32397c21d3 48b8bb65af284d3a976836f8ce7bdae0 043409f04c3e44738d0aa139a9dc4f8b - - - -] volume service is down. (host: rack09-server62@lvm-1)
2023-02-17 15:05:52.326 7 WARNING cinder.scheduler.host_manager [None req-9719bf3f-d099-48ee-bbb6-fb32397c21d3 48b8bb65af284d3a976836f8ce7bdae0 043409f04c3e44738d0aa139a9dc4f8b - - - -] volume service is down. (host: rack09-server62@lvm-1)
2023-02-17 15:05:53.801 7 WARNING cinder.scheduler.host_manager [None req-459fe55e-9426-4a97-96d5-7599d3c169b3 48b8bb65af284d3a976836f8ce7bdae0 043409f04c3e44738d0aa139a9dc4f8b - - - -] volume service is down. (host: rack09-server62@lvm-1)
2023-02-17 15:05:56.386 7 WARNING cinder.scheduler.host_manager [None req-034f04b3-3d92-4a5d-993f-9bee662dae48 48b8bb65af284d3a976836f8ce7bdae0 043409f04c3e44738d0aa139a9dc4f8b - - - -] volume service is down. (host: rack09-server62@lvm-1)
2023-02-17 15:06:07.414 7 WARNING cinder.scheduler.host_manager [None req-cd220b3a-73c2-4448-b123-5dcc65739e5d 0652396ff3554cb0b6fa53c0bfd4a0e7 bf2f4bc5280d4fe9b2f2f27379344a00 - - - -] volume service is down. (host: rack09-server62@lvm-1)
2023-02-17 15:06:07.421 7 WARNING cinder.scheduler.host_manager [None req-cd220b3a-73c2-4448-b123-5dcc65739e5d 0652396ff3554cb0b6fa53c0bfd4a0e7 bf2f4bc5280d4fe9b2f2f27379344a00 - - - -] volume service is down. (host: rack09-server62@lvm-1)
2023-02-17 15:06:07.671 7 WARNING cinder.scheduler.host_manager [None req-82b15710-a37e-4d33-871d-36e694c7ee60 5b6a2b6403f24cdabc6194e5e99e2ee7 565f0f2897c6480e8dc2403e8eac905f - - - -] volume service is down. (host: rack09-server62@lvm-1)
2023-02-17 15:06:08.631 7 WARNING cinder.scheduler.host_manager [None req-ac2775f3-da8f-416e-85b2-b65d5538fa5b 0652396ff3554cb0b6fa53c0bfd4a0e7 bf2f4bc5280d4fe9b2f2f27379344a00 - - - -] volume service is down. (host: rack09-server62@lvm-1)
2023-02-17 15:06:08.640 7 WARNING cinder.scheduler.host_manager [None req-ac2775f3-da8f-416e-85b2-b65d5538fa5b 0652396ff3554cb0b6fa53c0bfd4a0e7 bf2f4bc5280d4fe9b2f2f27379344a00 - - - -] volume service is down. (host: rack09-server62@lvm-1)
2023-02-17 15:06:09.912 7 WARNING cinder.scheduler.host_manager [None req-0fc2cc20-d238-4675-b1a5-60ce66bf3e3a 48b8bb65af284d3a976836f8ce7bdae0 043409f04c3e44738d0aa139a9dc4f8b - - - -] volume service is down. (host: rack09-server62@lvm-1)
2023-02-17 15:06:09.919 7 WARNING cinder.scheduler.host_manager [None req-0fc2cc20-d238-4675-b1a5-60ce66bf3e3a 48b8bb65af284d3a976836f8ce7bdae0 043409f04c3e44738d0aa139a9dc4f8b - - - -] volume service is down. (host: rack09-server62@lvm-1)
2023-02-17 15:06:10.182 7 WARNING cinder.scheduler.host_manager [None req-e6ff65c2-f2cc-4536-b435-27f1dc7fb5d8 0652396ff3554cb0b6fa53c0bfd4a0e7 bf2f4bc5280d4fe9b2f2f27379344a00 - - - -] volume service is down. (host: rack09-server62@lvm-1)
2023-02-17 15:06:11.416 7 WARNING cinder.scheduler.host_manager [None req-b1bbc813-d7f8-4a5f-8012-1e53b55e3c00 48b8bb65af284d3a976836f8ce7bdae0 043409f04c3e44738d0aa139a9dc4f8b - - - -] volume service is down. (host: rack09-server62@lvm-1)
2023-02-17 15:06:15.599 7 WARNING cinder.scheduler.host_manager [None req-f91930f0-11e2-4413-9b27-c0fed1d89c94 0652396ff3554cb0b6fa53c0bfd4a0e7 bf2f4bc5280d4fe9b2f2f27379344a00 - - - -] volume service is down. (host: rack09-server62@lvm-1)
2023-02-17 15:06:15.605 7 WARNING cinder.scheduler.host_manager [None req-f91930f0-11e2-4413-9b27-c0fed1d89c94 0652396ff3554cb0b6fa53c0bfd4a0e7 bf2f4bc5280d4fe9b2f2f27379344a00 - - - -] volume service is down. (host: rack09-server62@lvm-1)
2023-02-17 15:06:17.086 7 WARNING cinder.scheduler.host_manager [None req-d32e535a-0b9e-4f1f-9de5-14ba955d7075 0652396ff3554cb0b6fa53c0bfd4a0e7 bf2f4bc5280d4fe9b2f2f27379344a00 - - - -] volume service is down. (host: rack09-server62@lvm-1)
2023-02-17 15:06:19.663 7 WARNING cinder.scheduler.host_manager [None req-1c95e768-1c50-4a20-a385-9080e23222d9 0652396ff3554cb0b6fa53c0bfd4a0e7 bf2f4bc5280d4fe9b2f2f27379344a00 - - - -] volume service is down. (host: rack09-server62@lvm-1)
2023-02-17 15:06:28.788 7 WARNING cinder.scheduler.host_manager [None req-f7d04d5d-0eba-4a9e-985c-6c3aeaad485d d7082ef2c4d24c298d9cfb417fd9a807 f02577019d9e4e869c2dba29db059831 - - - -] volume service is down. (host: rack09-server62@lvm-1)
2023-02-17 15:06:28.794 7 WARNING cinder.scheduler.host_manager [None req-f7d04d5d-0eba-4a9e-985c-6c3aeaad485d d7082ef2c4d24c298d9cfb417fd9a807 f02577019d9e4e869c2dba29db059831 - - - -] volume service is down. (host: rack09-server62@lvm-1)
2023-02-17 15:06:30.336 7 WARNING cinder.scheduler.host_manager [None req-8b2d1a34-3041-4b2b-ab68-d436857061b3 d7082ef2c4d24c298d9cfb417fd9a807 f02577019d9e4e869c2dba29db059831 - - - -] volume service is down. (host: rack09-server62@lvm-1)
2023-02-17 15:06:32.696 7 WARNING cinder.scheduler.host_manager [None req-dbf18c76-066a-4850-b0b5-630dbaef701b d7082ef2c4d24c298d9cfb417fd9a807 f02577019d9e4e869c2dba29db059831 - - - -] volume service is down. (host: rack09-server62@lvm-1)
2023-02-17 15:06:38.729 7 WARNING cinder.scheduler.host_manager [None req-f17d1585-cb15-478b-923c-81c52a7ab057 8ba87a5db946475c818f680651d4401f a373ef652f9d418a84bedbe79d91c9d9 - - - -] volume service is down. (host: rack09-server62@lvm-1)
2023-02-17 15:06:42.512 7 WARNING cinder.scheduler.host_manager [None req-439f7c73-4818-4ab0-bcef-07d8daa8a386 8ba87a5db946475c818f680651d4401f a373ef652f9d418a84bedbe79d91c9d9 - - - -] volume service is down. (host: rack09-server62@lvm-1)
2023-02-17 15:06:44.466 7 WARNING cinder.scheduler.host_manager [None req-dd55d67b-5c49-449a-aa8e-ecb8d80fed5b cf632ec090464360be48c28e3d8cea2d 65240d21aee14aaaac9070290c52b5d9 - - - -] volume service is down. (host: rack09-server62@lvm-1)
2023-02-17 15:06:46.779 7 WARNING cinder.scheduler.host_manager [None req-876a0524-bd06-4718-be77-495e874a29fb cf632ec090464360be48c28e3d8cea2d 65240d21aee14aaaac9070290c52b5d9 - - - -] volume service is down. (host: rack09-server62@lvm-1)
2023-02-17 15:06:46.780 7 WARNING oslo_messaging.rpc.client [None req-876a0524-bd06-4718-be77-495e874a29fb cf632ec090464360be48c28e3d8cea2d 65240d21aee14aaaac9070290c52b5d9 - - - -] Using RPCClient manually to instantiate client. Please use get_rpc_client to obtain an RPC client instance.
2023-02-17 15:06:49.312 7 WARNING cinder.scheduler.host_manager [None req-218e4a9c-5a9d-41f6-b66e-1c24e04cc363 cf632ec090464360be48c28e3d8cea2d 65240d21aee14aaaac9070290c52b5d9 - - - -] volume service is down. (host: rack09-server62@lvm-1)
2023-02-17 15:06:49.313 7 WARNING oslo_messaging.rpc.client [None req-218e4a9c-5a9d-41f6-b66e-1c24e04cc363 cf632ec090464360be48c28e3d8cea2d 65240d21aee14aaaac9070290c52b5d9 - - - -] Using RPCClient manually to instantiate client. Please use get_rpc_client to obtain an RPC client instance.
2023-02-17 15:06:52.881 7 WARNING cinder.scheduler.host_manager [None req-b00fc153-040b-449f-ad9f-c78336d1a50a cf632ec090464360be48c28e3d8cea2d 65240d21aee14aaaac9070290c52b5d9 - - - -] volume service is down. (host: rack09-server62@lvm-1)
2023-02-17 15:06:52.882 7 WARNING oslo_messaging.rpc.client [None req-b00fc153-040b-449f-ad9f-c78336d1a50a cf632ec090464360be48c28e3d8cea2d 65240d21aee14aaaac9070290c52b5d9 - - - -] Using RPCClient manually to instantiate client. Please use get_rpc_client to obtain an RPC client instance.
2023-02-17 15:06:54.296 7 WARNING cinder.scheduler.host_manager [None req-ebb7e63d-d377-45d0-a338-d1018832bb3d 3eefd6a0e795404d8f10cad847605e55 d89b28310aca456ead3dddfdcd5bc652 - - - -] volume service is down. (host: rack09-server62@lvm-1)
2023-02-17 15:06:56.444 7 WARNING cinder.scheduler.host_manager [None req-d4ad0c47-d01f-4a06-a91d-4754b3a9f161 cf632ec090464360be48c28e3d8cea2d 65240d21aee14aaaac9070290c52b5d9 - - - -] volume service is down. (host: rack09-server62@lvm-1)
2023-02-17 15:06:56.445 7 WARNING oslo_messaging.rpc.client [None req-d4ad0c47-d01f-4a06-a91d-4754b3a9f161 cf632ec090464360be48c28e3d8cea2d 65240d21aee14aaaac9070290c52b5d9 - - - -] Using RPCClient manually to instantiate client. Please use get_rpc_client to obtain an RPC client instance.
2023-02-17 15:07:00.009 7 WARNING cinder.scheduler.host_manager [None req-b32935d1-e712-41fe-8603-835a1f5b09e5 cf632ec090464360be48c28e3d8cea2d 65240d21aee14aaaac9070290c52b5d9 - - - -] volume service is down. (host: rack09-server62@lvm-1)
2023-02-17 15:07:00.010 7 WARNING oslo_messaging.rpc.client [None req-b32935d1-e712-41fe-8603-835a1f5b09e5 cf632ec090464360be48c28e3d8cea2d 65240d21aee14aaaac9070290c52b5d9 - - - -] Using RPCClient manually to instantiate client. Please use get_rpc_client to obtain an RPC client instance.
2023-02-17 15:07:07.795 7 WARNING cinder.scheduler.host_manager [None req-dadc5670-17c7-44c1-badb-d029bc4f5960 1f13e06ff85a4e1ea69f1b76506f2656 d08f6ef2be3b405f9e2ef41f4d6ebbdc - - - -] volume service is down. (host: rack09-server62@lvm-1)
2023-02-17 15:07:10.172 7 WARNING cinder.scheduler.host_manager [None req-389fad7e-a9cc-4229-a437-ed22e6b766f1 1f13e06ff85a4e1ea69f1b76506f2656 d08f6ef2be3b405f9e2ef41f4d6ebbdc - - - -] volume service is down. (host: rack09-server62@lvm-1)
2023-02-17 15:07:10.173 7 WARNING oslo_messaging.rpc.client [None req-389fad7e-a9cc-4229-a437-ed22e6b766f1 1f13e06ff85a4e1ea69f1b76506f2656 d08f6ef2be3b405f9e2ef41f4d6ebbdc - - - -] Using RPCClient manually to instantiate client. Please use get_rpc_client to obtain an RPC client instance.
2023-02-17 15:07:11.081 7 WARNING cinder.scheduler.host_manager [None req-a7d08eb4-3392-4c9f-8b07-7c9f2653ba2d 83d92258d77247cbbb0b1b3ddb6274da 05bc248f141e4700a66ac44c50702564 - - - -] volume service is down. (host: rack09-server62@lvm-1)
2023-02-17 15:07:11.082 7 INFO cinder.scheduler.base_filter [None req-a7d08eb4-3392-4c9f-8b07-7c9f2653ba2d 83d92258d77247cbbb0b1b3ddb6274da 05bc248f141e4700a66ac44c50702564 - - - -] Filtering removed all hosts for the request with volume ID '3d689124-66ac-415e-83cc-454918ff3871'. Filter results: AvailabilityZoneFilter: (start: 1, end: 1), CapacityFilter: (start: 1, end: 1), CapabilitiesFilter: (start: 1, end: 0)
2023-02-17 15:07:11.082 7 WARNING cinder.scheduler.filter_scheduler [None req-a7d08eb4-3392-4c9f-8b07-7c9f2653ba2d 83d92258d77247cbbb0b1b3ddb6274da 05bc248f141e4700a66ac44c50702564 - - - -] No weighed backend found for volume with properties: {'id': 'aff5780e-6233-4a80-8007-6b0c2b775d38', 'name': 'tempest-UserMessagesTest-volume-type-1029984623', 'description': None, 'is_public': True, 'projects': [], 'extra_specs': {'storage_protocol': 'tempest-storage_protocol-1664966093', 'vendor_name': 'tempest-vendor_name-1760167753'}, 'qos_specs_id': None, 'created_at': '2023-02-17T15:07:10.000000', 'updated_at': None, 'deleted_at': None, 'deleted': False}
2023-02-17 15:07:11.083 7 INFO cinder.message.api [None req-a7d08eb4-3392-4c9f-8b07-7c9f2653ba2d 83d92258d77247cbbb0b1b3ddb6274da 05bc248f141e4700a66ac44c50702564 - - - -] Creating message record for request_id = req-a7d08eb4-3392-4c9f-8b07-7c9f2653ba2d
2023-02-17 15:07:11.087 7 ERROR cinder.scheduler.flows.create_volume [None req-a7d08eb4-3392-4c9f-8b07-7c9f2653ba2d 83d92258d77247cbbb0b1b3ddb6274da 05bc248f141e4700a66ac44c50702564 - - - -] Failed to run task cinder.scheduler.flows.create_volume.ScheduleCreateVolumeTask;volume:create: No valid backend was found. No weighed backends available: cinder.exception.NoValidBackend: No valid backend was found. No weighed backends available
2023-02-17 15:07:13.167 7 WARNING cinder.scheduler.host_manager [None req-02817a50-411c-4368-b302-70c4e024bdf6 83d92258d77247cbbb0b1b3ddb6274da 05bc248f141e4700a66ac44c50702564 - - - -] volume service is down. (host: rack09-server62@lvm-1)
2023-02-17 15:07:13.167 7 INFO cinder.scheduler.base_filter [None req-02817a50-411c-4368-b302-70c4e024bdf6 83d92258d77247cbbb0b1b3ddb6274da 05bc248f141e4700a66ac44c50702564 - - - -] Filtering removed all hosts for the request with volume ID 'ef36c378-aa4c-462a-8443-afb9d1ee3da3'. Filter results: AvailabilityZoneFilter: (start: 1, end: 1), CapacityFilter: (start: 1, end: 1), CapabilitiesFilter: (start: 1, end: 0)
2023-02-17 15:07:13.168 7 WARNING cinder.scheduler.filter_scheduler [None req-02817a50-411c-4368-b302-70c4e024bdf6 83d92258d77247cbbb0b1b3ddb6274da 05bc248f141e4700a66ac44c50702564 - - - -] No weighed backend found for volume with properties: {'id': 'bcabb856-5817-44ed-8444-67409e29eacf', 'name': 'tempest-UserMessagesTest-volume-type-2006180947', 'description': None, 'is_public': True, 'projects': [], 'extra_specs': {'storage_protocol': 'tempest-storage_protocol-1318040868', 'vendor_name': 'tempest-vendor_name-717028603'}, 'qos_specs_id': None, 'created_at': '2023-02-17T15:07:12.000000', 'updated_at': None, 'deleted_at': None, 'deleted': False}
2023-02-17 15:07:13.168 7 INFO cinder.message.api [None req-02817a50-411c-4368-b302-70c4e024bdf6 83d92258d77247cbbb0b1b3ddb6274da 05bc248f141e4700a66ac44c50702564 - - - -] Creating message record for request_id = req-02817a50-411c-4368-b302-70c4e024bdf6
2023-02-17 15:07:13.173 7 ERROR cinder.scheduler.flows.create_volume [None req-02817a50-411c-4368-b302-70c4e024bdf6 83d92258d77247cbbb0b1b3ddb6274da 05bc248f141e4700a66ac44c50702564 - - - -] Failed to run task cinder.scheduler.flows.create_volume.ScheduleCreateVolumeTask;volume:create: No valid backend was found. No weighed backends available: cinder.exception.NoValidBackend: No valid backend was found. No weighed backends available
2023-02-17 15:07:20.191 7 WARNING cinder.scheduler.host_manager [None req-ad566fac-041e-484d-aeb9-a6c872946459 4cdcd808c86f44dcb394cf4728d54324 5d8955505a1845b781bdabc69de575be - - - -] volume service is down. (host: rack09-server62@lvm-1)
2023-02-17 15:07:21.036 7 WARNING cinder.scheduler.host_manager [None req-a4884225-9b71-48c2-9141-128a6a895dfd 5b6a2b6403f24cdabc6194e5e99e2ee7 565f0f2897c6480e8dc2403e8eac905f - - - -] volume service is down. (host: rack09-server62@lvm-1)
2023-02-17 15:07:25.754 7 WARNING cinder.scheduler.host_manager [None req-672f7249-6865-4cff-8674-08ffc4cc2b1a 5dff1420a0354ca7bdfbfb130f5da900 e0ffde1b60b24aa5bb308344161856c8 - - - -] volume service is down. (host: rack09-server62@lvm-1)
2023-02-17 15:07:38.690 7 WARNING cinder.scheduler.host_manager [req-8805699f-35ad-4c85-a346-33fef4b0f7ab req-71ac03ee-3ffe-497d-b10d-17cafa921556 5b6a2b6403f24cdabc6194e5e99e2ee7 565f0f2897c6480e8dc2403e8eac905f - - - -] volume service is down. (host: rack09-server62@lvm-1)
2023-02-17 15:07:38.691 7 WARNING oslo_messaging.rpc.client [req-8805699f-35ad-4c85-a346-33fef4b0f7ab req-71ac03ee-3ffe-497d-b10d-17cafa921556 5b6a2b6403f24cdabc6194e5e99e2ee7 565f0f2897c6480e8dc2403e8eac905f - - - -] Using RPCClient manually to instantiate client. Please use get_rpc_client to obtain an RPC client instance.
2023-02-17 15:07:41.950 7 WARNING cinder.scheduler.host_manager [None req-89770672-dcc5-4077-89d7-a0f803129d06 3ea7b75ea78246ac80a3b095eb06b3b8 0d6005322b9a4820b61c999078ff7f20 - - - -] volume service is down. (host: rack09-server62@lvm-1)
2023-02-17 15:07:45.692 7 WARNING cinder.scheduler.host_manager [None req-a25e66fc-bf68-4bf8-81c5-b27443773b3a 116299175ded457baa9d4906cca523ca c21a4def4e534e669a04324948367e94 - - - -] volume service is down. (host: rack09-server62@lvm-1)
2023-02-17 15:07:51.578 7 WARNING cinder.scheduler.host_manager [None req-ce891794-a524-4d5a-96be-0097a7b33c4c 116299175ded457baa9d4906cca523ca c21a4def4e534e669a04324948367e94 - - - -] volume service is down. (host: rack09-server62@lvm-1)
2023-02-17 15:07:53.973 7 WARNING cinder.scheduler.host_manager [None req-999d4f12-1294-482e-82db-ee0508e6b3f1 3ea7b75ea78246ac80a3b095eb06b3b8 0d6005322b9a4820b61c999078ff7f20 - - - -] volume service is down. (host: rack09-server62@lvm-1)
2023-02-17 15:07:55.313 7 WARNING cinder.scheduler.host_manager [None req-105841e3-e52f-456a-a91d-d01250bca389 116299175ded457baa9d4906cca523ca c21a4def4e534e669a04324948367e94 - - - -] volume service is down. (host: rack09-server62@lvm-1)
2023-02-17 15:07:55.705 7 WARNING cinder.scheduler.host_manager [None req-2b14a9c8-ea31-4bb1-89bf-94e1c1652a7f e9fb36440ef941a3bd0993ffdbeacaa8 350df4c0d8954b8a98dc3d2c93c2b1fc - - - -] volume service is down. (host: rack09-server62@lvm-1)
2023-02-17 15:07:57.607 7 WARNING cinder.scheduler.host_manager [None req-106d2997-86b2-487c-8765-bbe6eb16a2a9 3ea7b75ea78246ac80a3b095eb06b3b8 0d6005322b9a4820b61c999078ff7f20 - - - -] volume service is down. (host: rack09-server62@lvm-1)
2023-02-17 15:07:58.269 7 WARNING cinder.scheduler.host_manager [None req-d292897b-efed-45ea-a05d-736fb2bbb60d e9fb36440ef941a3bd0993ffdbeacaa8 350df4c0d8954b8a98dc3d2c93c2b1fc - - - -] volume service is down. (host: rack09-server62@lvm-1)
2023-02-17 15:07:59.053 7 WARNING cinder.scheduler.host_manager [None req-e19f4639-b0e2-4f81-b179-bc361eb0a531 116299175ded457baa9d4906cca523ca c21a4def4e534e669a04324948367e94 - - - -] volume service is down. (host: rack09-server62@lvm-1)
2023-02-17 15:08:00.127 7 WARNING cinder.scheduler.host_manager [None req-801aea2d-c165-47a0-a17b-9cbc7726bf52 3ea7b75ea78246ac80a3b095eb06b3b8 0d6005322b9a4820b61c999078ff7f20 - - - -] volume service is down. (host: rack09-server62@lvm-1)
2023-02-17 15:08:00.819 7 WARNING cinder.scheduler.host_manager [None req-202dc5bb-9c4d-4c2f-ade1-cf3b5e90af4f e9fb36440ef941a3bd0993ffdbeacaa8 350df4c0d8954b8a98dc3d2c93c2b1fc - - - -] volume service is down. (host: rack09-server62@lvm-1)
2023-02-17 15:08:02.797 7 WARNING cinder.scheduler.host_manager [None req-aa430424-c2d7-4825-9d52-0359a2f90947 116299175ded457baa9d4906cca523ca c21a4def4e534e669a04324948367e94 - - - -] volume service is down. (host: rack09-server62@lvm-1)
2023-02-17 15:08:06.562 7 WARNING cinder.scheduler.host_manager [None req-f52d69b0-991e-4601-8056-19a4a0cbcdb1 116299175ded457baa9d4906cca523ca c21a4def4e534e669a04324948367e94 - - - -] volume service is down. (host: rack09-server62@lvm-1)
2023-02-17 15:08:11.250 7 WARNING cinder.scheduler.host_manager [None req-17981581-1df4-4200-97e5-f58dbf7a4043 a0190d17b08b4093bd82bf7cba8569cb d7c33d4168fe417596c8bdaddc3bfce4 - - - -] volume service is down. (host: rack09-server62@lvm-1)
2023-02-17 15:08:11.442 7 WARNING cinder.scheduler.host_manager [None req-06268ea5-cbc2-4ac6-8f9e-398423402bc6 8fe4975a2f764d4fbe7f76476131c3e9 0f96296670554b039bab67294f642490 - - - -] volume service is down. (host: rack09-server62@lvm-1)
2023-02-17 15:08:11.482 7 WARNING cinder.scheduler.host_manager [None req-967275cf-3ddb-495b-a985-8edcf2eb7245 8fe4975a2f764d4fbe7f76476131c3e9 0f96296670554b039bab67294f642490 - - - -] volume service is down. (host: rack09-server62@lvm-1)
2023-02-17 15:08:16.447 7 WARNING cinder.scheduler.host_manager [None req-84b39ee0-aaee-46c8-8918-ab1c04ec6c0b eef6fc6757b1418cb1acf1cedeb2e676 6c19b9a9d9b248ecb11ca864e10d71fc - - - -] volume service is down. (host: rack09-server62@lvm-1)
2023-02-17 15:08:18.960 7 WARNING cinder.scheduler.host_manager [None req-532bc6a4-6e71-4e55-8964-0d1d0fa2d88b eef6fc6757b1418cb1acf1cedeb2e676 6c19b9a9d9b248ecb11ca864e10d71fc - - - -] volume service is down. (host: rack09-server62@lvm-1)
2023-02-17 15:08:21.128 7 WARNING cinder.scheduler.host_manager [None req-aaa7d831-5ca3-437b-88f0-0ab3f298613e fde153ee6959494b9f895fa67cd72557 78b93e5a8d894bbab5a5fab096b800f3 - - - -] volume service is down. (host: rack09-server62@lvm-1)
2023-02-17 15:08:21.134 7 WARNING cinder.scheduler.host_manager [None req-aaa7d831-5ca3-437b-88f0-0ab3f298613e fde153ee6959494b9f895fa67cd72557 78b93e5a8d894bbab5a5fab096b800f3 - - - -] volume service is down. (host: rack09-server62@lvm-1)
2023-02-17 15:08:21.491 7 WARNING cinder.scheduler.host_manager [None req-53ea2046-58ea-44ce-855c-f2d966defbc8 eef6fc6757b1418cb1acf1cedeb2e676 6c19b9a9d9b248ecb11ca864e10d71fc - - - -] volume service is down. (host: rack09-server62@lvm-1)
2023-02-17 15:08:23.151 7 WARNING cinder.scheduler.host_manager [None req-83f1e46d-f42a-4f31-a801-deb24dc638bc a0190d17b08b4093bd82bf7cba8569cb d7c33d4168fe417596c8bdaddc3bfce4 - - - -] volume service is down. (host: rack09-server62@lvm-1)
2023-02-17 15:08:23.152 7 WARNING oslo_messaging.rpc.client [None req-83f1e46d-f42a-4f31-a801-deb24dc638bc a0190d17b08b4093bd82bf7cba8569cb d7c33d4168fe417596c8bdaddc3bfce4 - - - -] Using RPCClient manually to instantiate client. Please use get_rpc_client to obtain an RPC client instance.
2023-02-17 15:08:24.267 7 WARNING cinder.scheduler.host_manager [None req-0463bf40-873b-4fb3-9999-d4ce7cacae60 34b1fef13f1649078ee80c32efbb9c99 cf2c335ae1cc466eb57c502a0b347344 - - - -] volume service is down. (host: rack09-server62@lvm-1)
2023-02-17 15:08:24.678 7 WARNING cinder.scheduler.host_manager [None req-d76ea450-1618-43cb-8f66-a470e7907a64 a0190d17b08b4093bd82bf7cba8569cb d7c33d4168fe417596c8bdaddc3bfce4 - - - -] volume service is down. (host: rack09-server62@lvm-1)
2023-02-17 15:08:26.325 7 WARNING cinder.scheduler.host_manager [None req-e8a8d781-f31c-4afc-8554-5a49172749ec a0190d17b08b4093bd82bf7cba8569cb d7c33d4168fe417596c8bdaddc3bfce4 - - - -] volume service is down. (host: rack09-server62@lvm-1)
2023-02-17 15:08:26.326 7 WARNING oslo_messaging.rpc.client [None req-e8a8d781-f31c-4afc-8554-5a49172749ec a0190d17b08b4093bd82bf7cba8569cb d7c33d4168fe417596c8bdaddc3bfce4 - - - -] Using RPCClient manually to instantiate client. Please use get_rpc_client to obtain an RPC client instance.
2023-02-17 15:08:31.728 7 WARNING cinder.scheduler.host_manager [None req-f7fa3a50-9b22-4d1f-8505-edb27bca2171 a0190d17b08b4093bd82bf7cba8569cb d7c33d4168fe417596c8bdaddc3bfce4 - - - -] volume service is down. (host: rack09-server62@lvm-1)
2023-02-17 15:08:31.729 7 WARNING oslo_messaging.rpc.client [None req-f7fa3a50-9b22-4d1f-8505-edb27bca2171 a0190d17b08b4093bd82bf7cba8569cb d7c33d4168fe417596c8bdaddc3bfce4 - - - -] Using RPCClient manually to instantiate client. Please use get_rpc_client to obtain an RPC client instance.
2023-02-17 15:08:35.783 7 WARNING cinder.scheduler.host_manager [None req-ce7affb5-747f-4657-bd73-325823203534 a131476821ce493792318f619231f407 c97a9c57a1e049769e9739b75c8ece70 - - - -] volume service is down. (host: rack09-server62@lvm-1)
2023-02-17 15:08:38.135 7 WARNING cinder.scheduler.host_manager [None req-3df68c6f-a2b1-4502-8b86-daea8778930a a131476821ce493792318f619231f407 c97a9c57a1e049769e9739b75c8ece70 - - - -] volume service is down. (host: rack09-server62@lvm-1)
2023-02-17 15:08:38.136 7 WARNING oslo_messaging.rpc.client [None req-3df68c6f-a2b1-4502-8b86-daea8778930a a131476821ce493792318f619231f407 c97a9c57a1e049769e9739b75c8ece70 - - - -] Using RPCClient manually to instantiate client. Please use get_rpc_client to obtain an RPC client instance.
2023-02-17 15:08:41.847 7 WARNING cinder.scheduler.host_manager [None req-b0d71703-ac33-4c7c-be94-51f0781f068d 9d8ef8392e0a49b494a30add13d6c9dc 9cc12671091e4219abb23a048883d0c1 - - - -] volume service is down. (host: rack09-server62@lvm-1)
2023-02-17 15:08:42.516 7 WARNING cinder.scheduler.host_manager [None req-28250807-9dc2-4311-bf06-709e4bba9caf d7a6938151cf4de69b86c6cb519270c8 7a7494a719f24862acf15579c18b6aa4 - - - -] volume service is down. (host: rack09-server62@lvm-1)
2023-02-17 15:08:45.030 7 WARNING cinder.scheduler.host_manager [None req-1658e517-e2ef-4dad-900a-cb6bc0cc8ddc d7a6938151cf4de69b86c6cb519270c8 7a7494a719f24862acf15579c18b6aa4 - - - -] volume service is down. (host: rack09-server62@lvm-1)
2023-02-17 15:08:47.666 7 WARNING cinder.scheduler.host_manager [None req-84f74d20-2d1a-449d-b00c-8a5bfc4e27ef d7a6938151cf4de69b86c6cb519270c8 7a7494a719f24862acf15579c18b6aa4 - - - -] volume service is down. (host: rack09-server62@lvm-1)
2023-02-17 15:08:47.753 7 WARNING cinder.scheduler.host_manager [None req-c19d5c9a-e81f-413b-8f71-91e5d8d4a22b e59d703ec9544af5afbe818221772c0b 6ce56110aec845f8a36afd39ea216581 - - - -] volume service is down. (host: rack09-server62@lvm-1)
2023-02-17 15:08:50.935 7 WARNING cinder.scheduler.host_manager [None req-b1bd9a26-8ff1-4b81-bfb7-01e03aa30070 3f3b0f8fa9554ce4841061a47a85dd72 551ad3b117e54aed8dce6c5130458328 - - - -] volume service is down. (host: rack09-server62@lvm-1)
2023-02-17 15:08:53.433 7 WARNING cinder.scheduler.host_manager [None req-88cfbd26-1927-47f1-8c29-c4eddc447fcb 3f3b0f8fa9554ce4841061a47a85dd72 551ad3b117e54aed8dce6c5130458328 - - - -] volume service is down. (host: rack09-server62@lvm-1)
2023-02-17 15:08:53.434 7 WARNING oslo_messaging.rpc.client [None req-88cfbd26-1927-47f1-8c29-c4eddc447fcb 3f3b0f8fa9554ce4841061a47a85dd72 551ad3b117e54aed8dce6c5130458328 - - - -] Using RPCClient manually to instantiate client. Please use get_rpc_client to obtain an RPC client instance.
2023-02-17 15:08:57.268 7 WARNING cinder.scheduler.host_manager [None req-c1041b31-1ce9-4776-bbaf-c50ce4f952a8 524218e22cfe43e8bbd33312c8652ad4 5ed65d7f59b84cf8aac7766687b69418 - - - -] volume service is down. (host: rack09-server62@lvm-1)
2023-02-17 15:08:58.348 7 WARNING cinder.scheduler.host_manager [None req-e794351c-1878-4563-be61-067d97010bba 91cb1b0b34a94ecb8c0e4a61530fe415 de6f52dbe0604587a6653f4822b49045 - - - -] volume service is down. (host: rack09-server62@lvm-1)
2023-02-17 15:09:02.398 7 WARNING cinder.scheduler.host_manager [None req-ac2548c3-e05f-4f1f-ad9f-aa650d23aeaa 524218e22cfe43e8bbd33312c8652ad4 5ed65d7f59b84cf8aac7766687b69418 - - - -] volume service is down. (host: rack09-server62@lvm-1)
2023-02-17 15:09:09.426 7 WARNING cinder.scheduler.host_manager [None req-9aa4f52f-09c2-41ba-b2d2-2b08cc2540c7 3121223de1de46e69f0d5d0de549cc90 ede7b6409acf496aad116590b5dfd807 - - - -] volume service is down. (host: rack09-server62@lvm-1)
2023-02-17 15:09:09.697 7 WARNING cinder.scheduler.host_manager [None req-d0ccadea-e05d-457d-a519-5ec1ee56181f b105487791f541f0a6463a14de0432a6 a9a67f1c294f465995372b82f7461040 - - - -] volume service is down. (host: rack09-server62@lvm-1)
2023-02-17 15:09:11.776 7 WARNING cinder.scheduler.host_manager [None req-2fe11b0f-122b-4b52-aa8e-ce45691723f2 3121223de1de46e69f0d5d0de549cc90 ede7b6409acf496aad116590b5dfd807 - - - -] volume service is down. (host: rack09-server62@lvm-1)
2023-02-17 15:09:11.777 7 WARNING oslo_messaging.rpc.client [None req-2fe11b0f-122b-4b52-aa8e-ce45691723f2 3121223de1de46e69f0d5d0de549cc90 ede7b6409acf496aad116590b5dfd807 - - - -] Using RPCClient manually to instantiate client. Please use get_rpc_client to obtain an RPC client instance.
2023-02-17 15:09:13.318 7 WARNING cinder.scheduler.host_manager [None req-cef594b5-0c5b-4693-a317-74a00c35c7b2 d88a251c2b04491eba2c237c1536bb28 6f04c9c307e24d78a27ccf7a703a83dd - - - -] volume service is down. (host: rack09-server62@lvm-1)
2023-02-17 15:09:14.056 7 WARNING cinder.scheduler.host_manager [None req-b5821103-2534-4dd7-a7c2-9c26f60717c6 3121223de1de46e69f0d5d0de549cc90 ede7b6409acf496aad116590b5dfd807 - - - -] volume service is down. (host: rack09-server62@lvm-1)
2023-02-17 15:09:14.057 7 WARNING oslo_messaging.rpc.client [None req-b5821103-2534-4dd7-a7c2-9c26f60717c6 3121223de1de46e69f0d5d0de549cc90 ede7b6409acf496aad116590b5dfd807 - - - -] Using RPCClient manually to instantiate client. Please use get_rpc_client to obtain an RPC client instance.
2023-02-17 15:09:17.749 7 WARNING cinder.scheduler.host_manager [None req-32bb6b3e-a094-46ba-b922-972822ee7b25 3121223de1de46e69f0d5d0de549cc90 ede7b6409acf496aad116590b5dfd807 - - - -] volume service is down. (host: rack09-server62@lvm-1)
2023-02-17 15:09:20.056 7 WARNING cinder.scheduler.host_manager [None req-b5ed5e0e-3abd-4b92-b7e3-63649e63a6fa 3121223de1de46e69f0d5d0de549cc90 ede7b6409acf496aad116590b5dfd807 - - - -] volume service is down. (host: rack09-server62@lvm-1)
2023-02-17 15:09:20.057 7 WARNING oslo_messaging.rpc.client [None req-b5ed5e0e-3abd-4b92-b7e3-63649e63a6fa 3121223de1de46e69f0d5d0de549cc90 ede7b6409acf496aad116590b5dfd807 - - - -] Using RPCClient manually to instantiate client. Please use get_rpc_client to obtain an RPC client instance.
2023-02-17 15:09:21.114 7 WARNING cinder.scheduler.host_manager [None req-2680ba7c-169b-4bdc-9d96-1214f802cdb3 d88a251c2b04491eba2c237c1536bb28 6f04c9c307e24d78a27ccf7a703a83dd - - - -] volume service is down. (host: rack09-server62@lvm-1)
2023-02-17 15:09:22.578 7 WARNING cinder.scheduler.host_manager [None req-a1c5055b-78eb-4983-af39-19dd6f91e49a 3121223de1de46e69f0d5d0de549cc90 ede7b6409acf496aad116590b5dfd807 - - - -] volume service is down. (host: rack09-server62@lvm-1)
2023-02-17 15:09:30.426 7 WARNING cinder.scheduler.host_manager [None req-0f3e1d06-83fb-42b5-bfab-47b212ae109e 9d26bc0cc1284b2e80e20a0d1675e0ff 677555bcf483493f8420b191830ad1ab - - - -] volume service is down. (host: rack09-server62@lvm-1)
2023-02-17 15:09:36.765 7 WARNING cinder.scheduler.host_manager [None req-773fcd90-d1ee-4c3b-b7b6-52ec77f833da d88a251c2b04491eba2c237c1536bb28 6f04c9c307e24d78a27ccf7a703a83dd - - - -] volume service is down. (host: rack09-server62@lvm-1)
2023-02-17 15:09:36.766 7 WARNING oslo_messaging.rpc.client [None req-773fcd90-d1ee-4c3b-b7b6-52ec77f833da d88a251c2b04491eba2c237c1536bb28 6f04c9c307e24d78a27ccf7a703a83dd - - - -] Using RPCClient manually to instantiate client. Please use get_rpc_client to obtain an RPC client instance.
2023-02-17 15:09:40.114 7 WARNING cinder.scheduler.host_manager [None req-de6b5604-6b62-4bb7-988a-a73199e8403b d88a251c2b04491eba2c237c1536bb28 6f04c9c307e24d78a27ccf7a703a83dd - - - -] volume service is down. (host: rack09-server62@lvm-1)
2023-02-17 15:09:40.115 7 WARNING oslo_messaging.rpc.client [None req-de6b5604-6b62-4bb7-988a-a73199e8403b d88a251c2b04491eba2c237c1536bb28 6f04c9c307e24d78a27ccf7a703a83dd - - - -] Using RPCClient manually to instantiate client. Please use get_rpc_client to obtain an RPC client instance.
2023-02-17 15:09:41.356 7 WARNING cinder.scheduler.host_manager [None req-a7c7e52d-b20f-4d8a-b778-d817faa4af83 9d2e832c9b304158a6583b0ecc71a062 754c6afb44634d5ca481abe248843cee - - - -] volume service is down. (host: rack09-server62@lvm-1)
2023-02-17 15:09:42.411 7 WARNING cinder.scheduler.host_manager [None req-509a17c7-c863-470d-a73c-e56fa35f5cb1 d88a251c2b04491eba2c237c1536bb28 6f04c9c307e24d78a27ccf7a703a83dd - - - -] volume service is down. (host: rack09-server62@lvm-1)
2023-02-17 15:09:42.412 7 WARNING oslo_messaging.rpc.client [None req-509a17c7-c863-470d-a73c-e56fa35f5cb1 d88a251c2b04491eba2c237c1536bb28 6f04c9c307e24d78a27ccf7a703a83dd - - - -] Using RPCClient manually to instantiate client. Please use get_rpc_client to obtain an RPC client instance.
2023-02-17 15:09:44.530 7 WARNING cinder.scheduler.host_manager [None req-5be02c79-8edf-400d-85fc-abf8a2567601 ce9e62dc6bda44999f72e36b7614206e 54bfb34071ac4ea4b5708fe90122a15e - - - -] volume service is down. (host: rack09-server62@lvm-1)
2023-02-17 15:09:46.399 7 WARNING cinder.scheduler.host_manager [None req-ffaf2a79-4bf0-408a-a7f1-582e2c21679d 9d2e832c9b304158a6583b0ecc71a062 754c6afb44634d5ca481abe248843cee - - - -] volume service is down. (host: rack09-server62@lvm-1)
2023-02-17 15:09:51.344 7 WARNING cinder.scheduler.host_manager [None req-debe5457-fe1e-4d6b-8dee-0eb9936880c1 f69429354eef4aefa95f9dbc771becc4 d7ebb86cb73d457489d5be5a02c2f7ba - - - -] volume service is down. (host: rack09-server62@lvm-1)
2023-02-17 15:09:51.719 7 WARNING cinder.scheduler.host_manager [None req-38a405a0-4d7f-496c-8675-82a4859ecf71 d88a251c2b04491eba2c237c1536bb28 6f04c9c307e24d78a27ccf7a703a83dd - - - -] volume service is down. (host: rack09-server62@lvm-1)
2023-02-17 15:09:51.720 7 WARNING oslo_messaging.rpc.client [None req-38a405a0-4d7f-496c-8675-82a4859ecf71 d88a251c2b04491eba2c237c1536bb28 6f04c9c307e24d78a27ccf7a703a83dd - - - -] Using RPCClient manually to instantiate client. Please use get_rpc_client to obtain an RPC client instance.
2023-02-17 15:09:54.047 7 WARNING cinder.scheduler.host_manager [None req-2c31797b-8dcb-49ca-a151-54bc9cc76a56 f69429354eef4aefa95f9dbc771becc4 d7ebb86cb73d457489d5be5a02c2f7ba - - - -] volume service is down. (host: rack09-server62@lvm-1)
2023-02-17 15:09:55.245 7 WARNING cinder.scheduler.host_manager [None req-83e770ae-bb31-4261-a911-835fb3a8a0e3 d88a251c2b04491eba2c237c1536bb28 6f04c9c307e24d78a27ccf7a703a83dd - - - -] volume service is down. (host: rack09-server62@lvm-1)
2023-02-17 15:09:55.245 7 WARNING oslo_messaging.rpc.client [None req-83e770ae-bb31-4261-a911-835fb3a8a0e3 d88a251c2b04491eba2c237c1536bb28 6f04c9c307e24d78a27ccf7a703a83dd - - - -] Using RPCClient manually to instantiate client. Please use get_rpc_client to obtain an RPC client instance.
2023-02-17 15:09:55.247 7 WARNING cinder.scheduler.host_manager [None req-f7864122-9097-42a5-8d35-d48a64049bb4 bc3ee1251a424e29a2200d561f7d2a14 efa9c7cc25b64e0681e6a1da525f1470 - - - -] volume service is down. (host: rack09-server62@lvm-1)
2023-02-17 15:09:58.913 7 WARNING cinder.scheduler.host_manager [None req-d75233b6-63f2-454d-b17b-4305e4f60c80 f69429354eef4aefa95f9dbc771becc4 d7ebb86cb73d457489d5be5a02c2f7ba - - - -] volume service is down. (host: rack09-server62@lvm-1)
2023-02-17 15:10:01.474 7 WARNING cinder.scheduler.host_manager [None req-2a318793-57b0-4ae1-9dee-abdbca38da95 f69429354eef4aefa95f9dbc771becc4 d7ebb86cb73d457489d5be5a02c2f7ba - - - -] volume service is down. (host: rack09-server62@lvm-1)
2023-02-17 15:10:05.260 7 WARNING cinder.scheduler.host_manager [None req-c4b78d43-9f05-4220-b4b5-b175d73e24cb d88a251c2b04491eba2c237c1536bb28 6f04c9c307e24d78a27ccf7a703a83dd - - - -] volume service is down. (host: rack09-server62@lvm-1)
2023-02-17 15:10:05.261 7 WARNING oslo_messaging.rpc.client [None req-c4b78d43-9f05-4220-b4b5-b175d73e24cb d88a251c2b04491eba2c237c1536bb28 6f04c9c307e24d78a27ccf7a703a83dd - - - -] Using RPCClient manually to instantiate client. Please use get_rpc_client to obtain an RPC client instance.
2023-02-17 15:10:05.280 7 WARNING cinder.scheduler.host_manager [None req-db41bf4f-31d8-430b-be5b-0ff1eab9d9e4 f69429354eef4aefa95f9dbc771becc4 d7ebb86cb73d457489d5be5a02c2f7ba - - - -] volume service is down. (host: rack09-server62@lvm-1)
2023-02-17 15:10:05.286 7 WARNING cinder.scheduler.host_manager [None req-8873416a-3170-42ca-85de-74e00ce59720 bc3ee1251a424e29a2200d561f7d2a14 efa9c7cc25b64e0681e6a1da525f1470 - - - -] volume service is down. (host: rack09-server62@lvm-1)
2023-02-17 15:10:05.286 7 WARNING oslo_messaging.rpc.client [None req-8873416a-3170-42ca-85de-74e00ce59720 bc3ee1251a424e29a2200d561f7d2a14 efa9c7cc25b64e0681e6a1da525f1470 - - - -] Using RPCClient manually to instantiate client. Please use get_rpc_client to obtain an RPC client instance.
2023-02-17 15:10:07.535 7 WARNING cinder.scheduler.host_manager [None req-57f3ff46-5b62-46e1-869b-e14d08470322 d88a251c2b04491eba2c237c1536bb28 6f04c9c307e24d78a27ccf7a703a83dd - - - -] volume service is down. (host: rack09-server62@lvm-1)
2023-02-17 15:10:07.536 7 WARNING oslo_messaging.rpc.client [None req-57f3ff46-5b62-46e1-869b-e14d08470322 d88a251c2b04491eba2c237c1536bb28 6f04c9c307e24d78a27ccf7a703a83dd - - - -] Using RPCClient manually to instantiate client. Please use get_rpc_client to obtain an RPC client instance.
2023-02-17 15:10:10.289 7 WARNING cinder.scheduler.host_manager [None req-1bdb706b-db32-4317-9828-4386fc38cae9 f69429354eef4aefa95f9dbc771becc4 d7ebb86cb73d457489d5be5a02c2f7ba - - - -] volume service is down. (host: rack09-server62@lvm-1)
2023-02-17 15:10:16.955 7 WARNING cinder.scheduler.host_manager [None req-42c5a4a8-18e1-45c3-bdc5-3f31ea76ed78 d88a251c2b04491eba2c237c1536bb28 6f04c9c307e24d78a27ccf7a703a83dd - - - -] volume service is down. (host: rack09-server62@lvm-1)
2023-02-17 15:10:19.295 7 WARNING cinder.scheduler.host_manager [None req-adddf1f9-56b4-4203-8ebe-a727aca28eb8 d88a251c2b04491eba2c237c1536bb28 6f04c9c307e24d78a27ccf7a703a83dd - - - -] volume service is down. (host: rack09-server62@lvm-1)
2023-02-17 15:10:19.296 7 WARNING oslo_messaging.rpc.client [None req-adddf1f9-56b4-4203-8ebe-a727aca28eb8 d88a251c2b04491eba2c237c1536bb28 6f04c9c307e24d78a27ccf7a703a83dd - - - -] Using RPCClient manually to instantiate client. Please use get_rpc_client to obtain an RPC client instance.
2023-02-17 15:10:22.176 7 WARNING cinder.scheduler.host_manager [None req-7af70367-de3a-41a5-9016-63314e4a57b3 d88a251c2b04491eba2c237c1536bb28 6f04c9c307e24d78a27ccf7a703a83dd - - - -] volume service is down. (host: rack09-server62@lvm-1)
2023-02-17 15:10:22.516 7 WARNING cinder.scheduler.host_manager [None req-4133c4f6-bd40-4194-9bcd-75e4c69dc40c f69429354eef4aefa95f9dbc771becc4 d7ebb86cb73d457489d5be5a02c2f7ba - - - -] volume service is down. (host: rack09-server62@lvm-1)
2023-02-17 15:10:25.951 7 WARNING cinder.scheduler.host_manager [None req-7984a07a-d552-464a-85c7-5095fefae2dd d88a251c2b04491eba2c237c1536bb28 6f04c9c307e24d78a27ccf7a703a83dd - - - -] volume service is down. (host: rack09-server62@lvm-1)
2023-02-17 15:10:28.299 7 WARNING cinder.scheduler.host_manager [None req-00b5c786-e1c6-4c7a-8d5c-91e6860b18e8 d88a251c2b04491eba2c237c1536bb28 6f04c9c307e24d78a27ccf7a703a83dd - - - -] volume service is down. (host: rack09-server62@lvm-1)
2023-02-17 15:10:28.299 7 WARNING oslo_messaging.rpc.client [None req-00b5c786-e1c6-4c7a-8d5c-91e6860b18e8 d88a251c2b04491eba2c237c1536bb28 6f04c9c307e24d78a27ccf7a703a83dd - - - -] Using RPCClient manually to instantiate client. Please use get_rpc_client to obtain an RPC client instance.
2023-02-17 15:10:31.246 7 WARNING cinder.scheduler.host_manager [None req-506d883b-f77b-4c3a-93ac-18b2b91b404b d88a251c2b04491eba2c237c1536bb28 6f04c9c307e24d78a27ccf7a703a83dd - - - -] volume service is down. (host: rack09-server62@lvm-1)
2023-02-17 15:10:31.347 7 WARNING cinder.scheduler.host_manager [None req-724de512-bacb-40f2-b362-fc527316853e ad76b809840948268a65ba0f227245e6 8205f503bb394eb19ffd984a94b0b749 - - - -] volume service is down. (host: rack09-server62@lvm-1)
2023-02-17 15:10:33.716 7 WARNING cinder.scheduler.host_manager [None req-2e9377ba-9147-42e0-9ecb-71fcc12ae8e2 ad76b809840948268a65ba0f227245e6 8205f503bb394eb19ffd984a94b0b749 - - - -] volume service is down. (host: rack09-server62@lvm-1)
2023-02-17 15:10:33.717 7 WARNING oslo_messaging.rpc.client [None req-2e9377ba-9147-42e0-9ecb-71fcc12ae8e2 ad76b809840948268a65ba0f227245e6 8205f503bb394eb19ffd984a94b0b749 - - - -] Using RPCClient manually to instantiate client. Please use get_rpc_client to obtain an RPC client instance.
2023-02-17 15:10:45.140 7 WARNING cinder.scheduler.host_manager [None req-e91e7097-7e7b-45bc-ae6e-609b77371753 a2d3a0edf3ac423aad561aeafd75bb3d 83a2e460e0c24196bb4065d87796e4ba - - - -] volume service is down. (host: rack09-server62@lvm-1)
2023-02-17 15:10:47.526 7 WARNING cinder.scheduler.host_manager [None req-6c85d488-8922-486a-b320-0f828d821a12 a2d3a0edf3ac423aad561aeafd75bb3d 83a2e460e0c24196bb4065d87796e4ba - - - -] volume service is down. (host: rack09-server62@lvm-1)
2023-02-17 15:10:47.527 7 WARNING oslo_messaging.rpc.client [None req-6c85d488-8922-486a-b320-0f828d821a12 a2d3a0edf3ac423aad561aeafd75bb3d 83a2e460e0c24196bb4065d87796e4ba - - - -] Using RPCClient manually to instantiate client. Please use get_rpc_client to obtain an RPC client instance.
2023-02-17 15:10:49.824 7 WARNING cinder.scheduler.host_manager [None req-8b544121-e381-4656-b719-d1ca91e39278 a2d3a0edf3ac423aad561aeafd75bb3d 83a2e460e0c24196bb4065d87796e4ba - - - -] volume service is down. (host: rack09-server62@lvm-1)
2023-02-17 15:10:49.825 7 WARNING oslo_messaging.rpc.client [None req-8b544121-e381-4656-b719-d1ca91e39278 a2d3a0edf3ac423aad561aeafd75bb3d 83a2e460e0c24196bb4065d87796e4ba - - - -] Using RPCClient manually to instantiate client. Please use get_rpc_client to obtain an RPC client instance.
2023-02-17 15:10:52.110 7 WARNING cinder.scheduler.host_manager [None req-e744ee8b-10ae-4774-9362-29f0cd73c83a a2d3a0edf3ac423aad561aeafd75bb3d 83a2e460e0c24196bb4065d87796e4ba - - - -] volume service is down. (host: rack09-server62@lvm-1)
2023-02-17 15:10:52.111 7 WARNING oslo_messaging.rpc.client [None req-e744ee8b-10ae-4774-9362-29f0cd73c83a a2d3a0edf3ac423aad561aeafd75bb3d 83a2e460e0c24196bb4065d87796e4ba - - - -] Using RPCClient manually to instantiate client. Please use get_rpc_client to obtain an RPC client instance.
2023-02-17 15:11:07.804 7 WARNING cinder.scheduler.host_manager [None req-60130301-7558-4875-8d16-60981bbd73d2 766e8e8003f04b85ba377845765fe81a 0c40ccd1939d4d27a6ae20f19c51c55d - - - -] volume service is down. (host: rack09-server62@lvm-1)
2023-02-17 15:11:07.893 7 WARNING cinder.scheduler.host_manager [None req-f861c3d1-a66a-4def-b176-4c3753fcc15b d7d7e7dd5ee544ada7df5001745ebb95 4b009217a7034b5bb85e5fe42375fb35 - - - -] volume service is down. (host: rack09-server62@lvm-1)
2023-02-17 15:11:07.895 7 WARNING cinder.scheduler.host_manager [None req-4499309e-d2a3-49d2-a2c7-9658d7da4839 e49ba72036ee40a69e4edee718189ddf 124a7414279444a2b0cc4e26b591013c - - - -] volume service is down. (host: rack09-server62@lvm-1)
2023-02-17 15:11:08.099 7 WARNING cinder.scheduler.host_manager [None req-683ba9ec-227c-4b6c-b7b4-4fae39397f51 766e8e8003f04b85ba377845765fe81a 0c40ccd1939d4d27a6ae20f19c51c55d - - - -] volume service is down. (host: rack09-server62@lvm-1)
2023-02-17 15:11:08.408 7 WARNING cinder.scheduler.host_manager [None req-e7047c65-20bc-4bba-9fc1-25ce688845c1 766e8e8003f04b85ba377845765fe81a 0c40ccd1939d4d27a6ae20f19c51c55d - - - -] volume service is down. (host: rack09-server62@lvm-1)
2023-02-17 15:11:08.712 7 WARNING cinder.scheduler.host_manager [None req-70fc8da6-6220-43ba-8035-bb3fab142241 766e8e8003f04b85ba377845765fe81a 0c40ccd1939d4d27a6ae20f19c51c55d - - - -] volume service is down. (host: rack09-server62@lvm-1)
2023-02-17 15:11:09.051 7 WARNING cinder.scheduler.host_manager [None req-f55419d4-4b8b-447a-8e06-643710d3bab0 766e8e8003f04b85ba377845765fe81a 0c40ccd1939d4d27a6ae20f19c51c55d - - - -] volume service is down. (host: rack09-server62@lvm-1)
2023-02-17 15:11:09.262 7 WARNING cinder.scheduler.host_manager [None req-b8c96234-c417-42c4-9eb6-ba5911b7ca6b d7d7e7dd5ee544ada7df5001745ebb95 4b009217a7034b5bb85e5fe42375fb35 - - - -] volume service is down. (host: rack09-server62@lvm-1)
2023-02-17 15:11:09.576 7 WARNING cinder.scheduler.host_manager [None req-4ae17ed7-d522-4d33-ae1c-7b5e20980b92 d7d7e7dd5ee544ada7df5001745ebb95 4b009217a7034b5bb85e5fe42375fb35 - - - -] volume service is down. (host: rack09-server62@lvm-1)
2023-02-17 15:11:09.880 7 WARNING cinder.scheduler.host_manager [None req-75f15481-1365-46d4-ac95-93c473c04b6d d7d7e7dd5ee544ada7df5001745ebb95 4b009217a7034b5bb85e5fe42375fb35 - - - -] volume service is down. (host: rack09-server62@lvm-1)
2023-02-17 15:11:10.162 7 WARNING cinder.scheduler.host_manager [None req-69d984a4-02ed-4c65-935b-43013b07c5b1 e49ba72036ee40a69e4edee718189ddf 124a7414279444a2b0cc4e26b591013c - - - -] volume service is down. (host: rack09-server62@lvm-1)
2023-02-17 15:11:10.163 7 WARNING oslo_messaging.rpc.client [None req-69d984a4-02ed-4c65-935b-43013b07c5b1 e49ba72036ee40a69e4edee718189ddf 124a7414279444a2b0cc4e26b591013c - - - -] Using RPCClient manually to instantiate client. Please use get_rpc_client to obtain an RPC client instance.
2023-02-17 15:11:10.167 7 WARNING cinder.scheduler.host_manager [None req-5c080c18-22d6-40f6-8e42-30e9a8a33500 d7d7e7dd5ee544ada7df5001745ebb95 4b009217a7034b5bb85e5fe42375fb35 - - - -] volume service is down. (host: rack09-server62@lvm-1)
2023-02-17 15:11:10.428 7 WARNING cinder.scheduler.host_manager [None req-b466f700-b3e9-47f9-8fb1-23f7584bbf48 d7d7e7dd5ee544ada7df5001745ebb95 4b009217a7034b5bb85e5fe42375fb35 - - - -] volume service is down. (host: rack09-server62@lvm-1)
2023-02-17 15:11:12.588 7 WARNING cinder.scheduler.host_manager [None req-e26e81ff-2a3d-42f1-819b-de0a96003472 e49ba72036ee40a69e4edee718189ddf 124a7414279444a2b0cc4e26b591013c - - - -] volume service is down. (host: rack09-server62@lvm-1)
2023-02-17 15:11:12.904 7 WARNING cinder.scheduler.host_manager [None req-355e34f7-17e1-42e3-a8f3-ed6a9a5abb68 e49ba72036ee40a69e4edee718189ddf 124a7414279444a2b0cc4e26b591013c - - - -] volume service is down. (host: rack09-server62@lvm-1)
2023-02-17 15:11:13.219 7 WARNING cinder.scheduler.host_manager [None req-d2ea5a75-3d33-4429-bdc3-762b9a3cb4aa e49ba72036ee40a69e4edee718189ddf 124a7414279444a2b0cc4e26b591013c - - - -] volume service is down. (host: rack09-server62@lvm-1)
2023-02-17 15:11:13.523 7 WARNING cinder.scheduler.host_manager [None req-8c0208cc-d58b-4c7d-aab0-855ea42d9f54 e49ba72036ee40a69e4edee718189ddf 124a7414279444a2b0cc4e26b591013c - - - -] volume service is down. (host: rack09-server62@lvm-1)
2023-02-17 15:11:13.860 7 WARNING cinder.scheduler.host_manager [None req-4c01c404-dba4-462b-a7cc-c8378da39833 e49ba72036ee40a69e4edee718189ddf 124a7414279444a2b0cc4e26b591013c - - - -] volume service is down. (host: rack09-server62@lvm-1)
2023-02-17 15:11:20.466 7 WARNING cinder.scheduler.host_manager [None req-20068666-b481-4169-baef-6947cf405cc5 e19592654d75438aa229a7ad91bd1db9 2ee1aa90d91142bfbab3cfb2bffa42de - - - -] volume service is down. (host: rack09-server62@lvm-1)
2023-02-17 15:11:23.046 7 WARNING cinder.scheduler.host_manager [None req-e219c85e-bf14-4da2-bc04-9eca7a85a5f5 e19592654d75438aa229a7ad91bd1db9 2ee1aa90d91142bfbab3cfb2bffa42de - - - -] volume service is down. (host: rack09-server62@lvm-1)
2023-02-17 15:11:25.489 7 WARNING cinder.scheduler.host_manager [None req-161a3e73-2e7f-4afd-8cd0-0235a29ffb7d e19592654d75438aa229a7ad91bd1db9 2ee1aa90d91142bfbab3cfb2bffa42de - - - -] volume service is down. (host: rack09-server62@lvm-1)
2023-02-17 15:11:25.490 7 WARNING oslo_messaging.rpc.client [None req-161a3e73-2e7f-4afd-8cd0-0235a29ffb7d e19592654d75438aa229a7ad91bd1db9 2ee1aa90d91142bfbab3cfb2bffa42de - - - -] Using RPCClient manually to instantiate client. Please use get_rpc_client to obtain an RPC client instance.
