Build Started 14_01_2025_22_58_13
2025-01-14 22:59:24.750 7 WARNING cinder.scheduler.host_manager [req-bba62435-d82d-48b5-9f20-e2a779f40c8e req-c8497175-cace-41f2-9d50-af46610eb259 ad80b584642e419c9a8824fa8ecfd341 e83c1d2b98d44eedbb2e83658456a31a - - - -] volume service is down. (host: rack13-server67@lvm-1)
2025-01-14 22:59:26.482 7 WARNING cinder.scheduler.host_manager [None req-45debb6a-90c6-443d-9595-f0043c8e1df7 5f4f6e561f1a4f1da690c780eeb45f41 d05922d614f7414ea38917581ec47249 - - - -] volume service is down. (host: rack13-server67@lvm-1)
2025-01-14 22:59:26.490 7 WARNING cinder.scheduler.host_manager [None req-45debb6a-90c6-443d-9595-f0043c8e1df7 5f4f6e561f1a4f1da690c780eeb45f41 d05922d614f7414ea38917581ec47249 - - - -] volume service is down. (host: rack13-server67@lvm-1)
2025-01-14 22:59:27.258 7 WARNING cinder.scheduler.host_manager [req-b98a6460-4b2b-4228-80f9-4615f7fb73bf req-887d7b94-2f05-4a41-8528-626d2b56837f ad80b584642e419c9a8824fa8ecfd341 e83c1d2b98d44eedbb2e83658456a31a - - - -] volume service is down. (host: rack13-server67@lvm-1)
2025-01-14 22:59:27.983 7 WARNING cinder.scheduler.host_manager [None req-8bb3d459-cb6c-4cbe-815e-28821d093556 5f4f6e561f1a4f1da690c780eeb45f41 d05922d614f7414ea38917581ec47249 - - - -] volume service is down. (host: rack13-server67@lvm-1)
2025-01-14 22:59:29.585 7 WARNING cinder.scheduler.host_manager [None req-fb1ed6c3-fb5e-484b-80fd-50a2dcde161c 219fb365292746c692f505c19de117c3 1db05982a62241829ff022ba0848ffaf - - - -] volume service is down. (host: rack13-server67@lvm-1)
2025-01-14 22:59:30.113 7 WARNING cinder.scheduler.host_manager [None req-1716978e-1cbd-4a12-80a4-c1ffbf25812d 219fb365292746c692f505c19de117c3 1db05982a62241829ff022ba0848ffaf - - - -] volume service is down. (host: rack13-server67@lvm-1)
2025-01-14 22:59:36.292 7 WARNING cinder.scheduler.host_manager [req-f2fe4e6a-0c7f-40e8-890f-feedb5b0fccc req-9b4a4c3d-a5dd-4044-b242-b17861219896 fd9f4a9cc8b940eea921011251096f6f b9d4c33729664f608971654fe9f3a137 - - - -] volume service is down. (host: rack13-server67@lvm-1)
2025-01-14 22:59:37.652 7 WARNING cinder.scheduler.host_manager [None req-83279a44-a794-4790-97b7-5116540a084d af77bef9ccdd461ca3796823640454ff 363ba18a5c2548229bcb437c478df9f6 - - - -] volume service is down. (host: rack13-server67@lvm-1)
2025-01-14 22:59:37.660 7 WARNING cinder.scheduler.host_manager [None req-83279a44-a794-4790-97b7-5116540a084d af77bef9ccdd461ca3796823640454ff 363ba18a5c2548229bcb437c478df9f6 - - - -] volume service is down. (host: rack13-server67@lvm-1)
2025-01-14 22:59:43.523 7 WARNING cinder.scheduler.host_manager [None req-07ca5c80-8bc6-4cfa-8c6c-72ec0231e27a c78a6905ef7d4866adf41bd6441b94ab 055a41b62c8a4c3ca36c8cfa9e6395ee - - - -] volume service is down. (host: rack13-server67@lvm-1)
2025-01-14 22:59:46.119 7 WARNING cinder.scheduler.host_manager [None req-b0748aa8-e163-4190-8cbd-47da4fbb31fa 53c054f3ff3a491881989607055b3806 46eb0a9dbb9448e6b0a401699e667b05 - - - -] volume service is down. (host: rack13-server67@lvm-1)
2025-01-14 22:59:46.175 7 WARNING cinder.scheduler.host_manager [None req-8ef6df6b-a9a6-4c7d-bed9-6506151178f6 c78a6905ef7d4866adf41bd6441b94ab 055a41b62c8a4c3ca36c8cfa9e6395ee - - - -] volume service is down. (host: rack13-server67@lvm-1)
2025-01-14 22:59:47.497 7 WARNING cinder.scheduler.host_manager [None req-67f8e676-9680-484b-a458-55d145c0f5fe 59384409c20a4844bc6aa86e4e4131c7 24d28a6989d2465ab76544cc00283b24 - - - -] volume service is down. (host: rack13-server67@lvm-1)
2025-01-14 22:59:47.504 7 WARNING cinder.scheduler.host_manager [None req-67f8e676-9680-484b-a458-55d145c0f5fe 59384409c20a4844bc6aa86e4e4131c7 24d28a6989d2465ab76544cc00283b24 - - - -] volume service is down. (host: rack13-server67@lvm-1)
2025-01-14 22:59:48.497 7 WARNING cinder.scheduler.host_manager [None req-c0ec62f2-a907-48e6-acfe-5d2a25084b4b 53c054f3ff3a491881989607055b3806 46eb0a9dbb9448e6b0a401699e667b05 - - - -] volume service is down. (host: rack13-server67@lvm-1)
2025-01-14 22:59:48.748 7 WARNING cinder.scheduler.host_manager [None req-bef96de3-4d7d-4f11-8c51-6830123f42a3 59384409c20a4844bc6aa86e4e4131c7 24d28a6989d2465ab76544cc00283b24 - - - -] volume service is down. (host: rack13-server67@lvm-1)
2025-01-14 22:59:48.756 7 WARNING cinder.scheduler.host_manager [None req-bef96de3-4d7d-4f11-8c51-6830123f42a3 59384409c20a4844bc6aa86e4e4131c7 24d28a6989d2465ab76544cc00283b24 - - - -] volume service is down. (host: rack13-server67@lvm-1)
2025-01-14 22:59:48.762 7 WARNING cinder.scheduler.host_manager [None req-e294176b-7531-4b0f-a252-58cd77c14674 c78a6905ef7d4866adf41bd6441b94ab 055a41b62c8a4c3ca36c8cfa9e6395ee - - - -] volume service is down. (host: rack13-server67@lvm-1)
2025-01-14 22:59:50.273 7 WARNING cinder.scheduler.host_manager [None req-8527f06c-909c-4eb7-ae56-12c2603b836f 59384409c20a4844bc6aa86e4e4131c7 24d28a6989d2465ab76544cc00283b24 - - - -] volume service is down. (host: rack13-server67@lvm-1)
2025-01-14 22:59:51.103 7 WARNING cinder.scheduler.host_manager [None req-0ab276b9-f253-42ba-a9a6-fc3a6486cacf 53c054f3ff3a491881989607055b3806 46eb0a9dbb9448e6b0a401699e667b05 - - - -] volume service is down. (host: rack13-server67@lvm-1)
2025-01-14 22:59:54.828 7 WARNING cinder.scheduler.host_manager [None req-dff8efd9-e0ea-40ff-959c-2fc69e7c991e 53c054f3ff3a491881989607055b3806 46eb0a9dbb9448e6b0a401699e667b05 - - - -] volume service is down. (host: rack13-server67@lvm-1)
2025-01-14 22:59:55.766 7 WARNING cinder.scheduler.host_manager [None req-04f861fc-3f92-44cf-ac75-5504a596f7f9 59384409c20a4844bc6aa86e4e4131c7 24d28a6989d2465ab76544cc00283b24 - - - -] volume service is down. (host: rack13-server67@lvm-1)
2025-01-14 22:59:55.775 7 WARNING cinder.scheduler.host_manager [None req-04f861fc-3f92-44cf-ac75-5504a596f7f9 59384409c20a4844bc6aa86e4e4131c7 24d28a6989d2465ab76544cc00283b24 - - - -] volume service is down. (host: rack13-server67@lvm-1)
2025-01-14 22:59:57.179 7 WARNING cinder.scheduler.host_manager [None req-4f7ee98c-c3a2-43dc-bbe7-8ca22288b7b0 59384409c20a4844bc6aa86e4e4131c7 24d28a6989d2465ab76544cc00283b24 - - - -] volume service is down. (host: rack13-server67@lvm-1)
2025-01-14 22:59:58.400 7 WARNING cinder.scheduler.host_manager [None req-ea2d8fdd-70d0-46d6-9606-7e225e6ec702 53c054f3ff3a491881989607055b3806 46eb0a9dbb9448e6b0a401699e667b05 - - - -] volume service is down. (host: rack13-server67@lvm-1)
2025-01-14 22:59:59.769 7 WARNING cinder.scheduler.host_manager [None req-69b17997-916e-4757-8888-84b38b0ab696 59384409c20a4844bc6aa86e4e4131c7 24d28a6989d2465ab76544cc00283b24 - - - -] volume service is down. (host: rack13-server67@lvm-1)
2025-01-14 23:00:00.436 7 WARNING cinder.scheduler.host_manager [None req-8dd3e594-bad6-4707-b8c3-2c08e88dd2aa 1ef5a02e550f4a9eba24c0451099327e 5306990be52e45ea8360f1c5430762e4 - - - -] volume service is down. (host: rack13-server67@lvm-1)
2025-01-14 23:00:00.444 7 WARNING cinder.scheduler.host_manager [None req-8dd3e594-bad6-4707-b8c3-2c08e88dd2aa 1ef5a02e550f4a9eba24c0451099327e 5306990be52e45ea8360f1c5430762e4 - - - -] volume service is down. (host: rack13-server67@lvm-1)
2025-01-14 23:00:02.238 7 WARNING cinder.scheduler.host_manager [None req-cd2cf04e-27f3-4bf2-8471-fc5734984622 1ef5a02e550f4a9eba24c0451099327e 5306990be52e45ea8360f1c5430762e4 - - - -] volume service is down. (host: rack13-server67@lvm-1)
2025-01-14 23:00:02.327 7 WARNING cinder.scheduler.host_manager [None req-b4c1a8a9-5c13-4451-bcf8-24a879709869 53c054f3ff3a491881989607055b3806 46eb0a9dbb9448e6b0a401699e667b05 - - - -] volume service is down. (host: rack13-server67@lvm-1)
2025-01-14 23:00:07.094 7 WARNING cinder.scheduler.host_manager [None req-e7b692a0-df82-42a6-b304-e3d04d69de41 1ef5a02e550f4a9eba24c0451099327e 5306990be52e45ea8360f1c5430762e4 - - - -] volume service is down. (host: rack13-server67@lvm-1)
2025-01-14 23:00:12.176 7 WARNING cinder.scheduler.host_manager [None req-c15d365a-62bb-4e10-bc99-10000174ef5b 39101d231b3e496b89ee4e149a482804 afbb10b38060415f8577c1956748a27b - - - -] volume service is down. (host: rack13-server67@lvm-1)
2025-01-14 23:00:12.184 7 WARNING cinder.scheduler.host_manager [None req-c15d365a-62bb-4e10-bc99-10000174ef5b 39101d231b3e496b89ee4e149a482804 afbb10b38060415f8577c1956748a27b - - - -] volume service is down. (host: rack13-server67@lvm-1)
2025-01-14 23:00:13.477 7 WARNING cinder.scheduler.host_manager [None req-82c1583a-63f6-450f-8332-5838788b6803 1ef5a02e550f4a9eba24c0451099327e 5306990be52e45ea8360f1c5430762e4 - - - -] volume service is down. (host: rack13-server67@lvm-1)
2025-01-14 23:00:13.485 7 WARNING cinder.scheduler.host_manager [None req-82c1583a-63f6-450f-8332-5838788b6803 1ef5a02e550f4a9eba24c0451099327e 5306990be52e45ea8360f1c5430762e4 - - - -] volume service is down. (host: rack13-server67@lvm-1)
2025-01-14 23:00:13.663 7 WARNING cinder.scheduler.host_manager [None req-dc29a120-9360-44c3-b1b9-c5e1f3471736 39101d231b3e496b89ee4e149a482804 afbb10b38060415f8577c1956748a27b - - - -] volume service is down. (host: rack13-server67@lvm-1)
2025-01-14 23:00:14.378 7 WARNING cinder.scheduler.host_manager [None req-2424a823-07ac-4674-81da-404dcc8b675b 5dbbdabfc4fe4ba4877baa44f6123c3f 11263acd730049c6b7dec761565313f8 - - - -] volume service is down. (host: rack13-server67@lvm-1)
2025-01-14 23:00:14.379 7 INFO cinder.scheduler.base_filter [None req-2424a823-07ac-4674-81da-404dcc8b675b 5dbbdabfc4fe4ba4877baa44f6123c3f 11263acd730049c6b7dec761565313f8 - - - -] Filtering removed all hosts for the request with volume ID 'bdd54d43-78b5-4316-be0b-d7d32db9d64d'. Filter results: AvailabilityZoneFilter: (start: 1, end: 1), CapacityFilter: (start: 1, end: 1), CapabilitiesFilter: (start: 1, end: 0)
2025-01-14 23:00:14.379 7 WARNING cinder.scheduler.filter_scheduler [None req-2424a823-07ac-4674-81da-404dcc8b675b 5dbbdabfc4fe4ba4877baa44f6123c3f 11263acd730049c6b7dec761565313f8 - - - -] No weighed backend found for volume with properties: {'id': '16c2b42d-7866-43f2-a5c2-5888ff52f81a', 'name': 'tempest-UserMessagesTest-volume-type-994970650', 'description': None, 'is_public': True, 'projects': [], 'extra_specs': {'storage_protocol': 'tempest-storage_protocol-1355722080', 'vendor_name': 'tempest-vendor_name-350138479'}, 'qos_specs_id': None, 'created_at': '2025-01-14T23:00:13.000000', 'updated_at': None, 'deleted_at': None, 'deleted': False}
2025-01-14 23:00:14.380 7 INFO cinder.message.api [None req-2424a823-07ac-4674-81da-404dcc8b675b 5dbbdabfc4fe4ba4877baa44f6123c3f 11263acd730049c6b7dec761565313f8 - - - -] Creating message record for request_id = req-2424a823-07ac-4674-81da-404dcc8b675b
2025-01-14 23:00:14.385 7 ERROR cinder.scheduler.flows.create_volume [None req-2424a823-07ac-4674-81da-404dcc8b675b 5dbbdabfc4fe4ba4877baa44f6123c3f 11263acd730049c6b7dec761565313f8 - - - -] Failed to run task cinder.scheduler.flows.create_volume.ScheduleCreateVolumeTask;volume:create: No valid backend was found. No weighed backends available: cinder.exception.NoValidBackend: No valid backend was found. No weighed backends available
2025-01-14 23:00:14.961 7 WARNING cinder.scheduler.host_manager [None req-ae1dcca4-e985-4cf2-9987-0d5f4db78b89 1ef5a02e550f4a9eba24c0451099327e 5306990be52e45ea8360f1c5430762e4 - - - -] volume service is down. (host: rack13-server67@lvm-1)
2025-01-14 23:00:16.112 7 WARNING cinder.scheduler.host_manager [None req-dc9e7a2e-2a3e-4bc5-8c90-5eb173ef5dae 39101d231b3e496b89ee4e149a482804 afbb10b38060415f8577c1956748a27b - - - -] volume service is down. (host: rack13-server67@lvm-1)
2025-01-14 23:00:16.315 7 WARNING cinder.scheduler.host_manager [None req-da3738b0-bce3-4202-8a75-d4537dcf4616 5dbbdabfc4fe4ba4877baa44f6123c3f 11263acd730049c6b7dec761565313f8 - - - -] volume service is down. (host: rack13-server67@lvm-1)
2025-01-14 23:00:16.316 7 INFO cinder.scheduler.base_filter [None req-da3738b0-bce3-4202-8a75-d4537dcf4616 5dbbdabfc4fe4ba4877baa44f6123c3f 11263acd730049c6b7dec761565313f8 - - - -] Filtering removed all hosts for the request with volume ID 'cb7fd675-d325-4251-b9f7-22db472a4fc4'. Filter results: AvailabilityZoneFilter: (start: 1, end: 1), CapacityFilter: (start: 1, end: 1), CapabilitiesFilter: (start: 1, end: 0)
2025-01-14 23:00:16.316 7 WARNING cinder.scheduler.filter_scheduler [None req-da3738b0-bce3-4202-8a75-d4537dcf4616 5dbbdabfc4fe4ba4877baa44f6123c3f 11263acd730049c6b7dec761565313f8 - - - -] No weighed backend found for volume with properties: {'id': 'f3881b56-9f38-42dd-8bab-b563f29fab60', 'name': 'tempest-UserMessagesTest-volume-type-1894790033', 'description': None, 'is_public': True, 'projects': [], 'extra_specs': {'storage_protocol': 'tempest-storage_protocol-1770800113', 'vendor_name': 'tempest-vendor_name-214789465'}, 'qos_specs_id': None, 'created_at': '2025-01-14T23:00:15.000000', 'updated_at': None, 'deleted_at': None, 'deleted': False}
2025-01-14 23:00:16.317 7 INFO cinder.message.api [None req-da3738b0-bce3-4202-8a75-d4537dcf4616 5dbbdabfc4fe4ba4877baa44f6123c3f 11263acd730049c6b7dec761565313f8 - - - -] Creating message record for request_id = req-da3738b0-bce3-4202-8a75-d4537dcf4616
2025-01-14 23:00:16.322 7 ERROR cinder.scheduler.flows.create_volume [None req-da3738b0-bce3-4202-8a75-d4537dcf4616 5dbbdabfc4fe4ba4877baa44f6123c3f 11263acd730049c6b7dec761565313f8 - - - -] Failed to run task cinder.scheduler.flows.create_volume.ScheduleCreateVolumeTask;volume:create: No valid backend was found. No weighed backends available: cinder.exception.NoValidBackend: No valid backend was found. No weighed backends available
2025-01-14 23:00:17.608 7 WARNING cinder.scheduler.host_manager [None req-ec544ced-5c53-4842-92fd-9513c6d240c4 1ef5a02e550f4a9eba24c0451099327e 5306990be52e45ea8360f1c5430762e4 - - - -] volume service is down. (host: rack13-server67@lvm-1)
2025-01-14 23:00:23.293 7 WARNING cinder.scheduler.host_manager [None req-a2be72bb-655f-491e-a079-45e0aa1e56b3 b0e168e842624acb9e7c1e8a373ac24f 54886797a10142b29fe883d450f588c9 - - - -] volume service is down. (host: rack13-server67@lvm-1)
2025-01-14 23:00:31.017 7 WARNING cinder.scheduler.host_manager [None req-ea5e2a7f-b212-43ca-aefc-8121bf86bff8 1ef5a02e550f4a9eba24c0451099327e 5306990be52e45ea8360f1c5430762e4 - - - -] volume service is down. (host: rack13-server67@lvm-1)
2025-01-14 23:00:31.025 7 WARNING cinder.scheduler.host_manager [None req-ea5e2a7f-b212-43ca-aefc-8121bf86bff8 1ef5a02e550f4a9eba24c0451099327e 5306990be52e45ea8360f1c5430762e4 - - - -] volume service is down. (host: rack13-server67@lvm-1)
2025-01-14 23:00:32.484 7 WARNING cinder.scheduler.host_manager [None req-f974a91d-1014-4151-a5a4-aa90fab4ead6 1ef5a02e550f4a9eba24c0451099327e 5306990be52e45ea8360f1c5430762e4 - - - -] volume service is down. (host: rack13-server67@lvm-1)
2025-01-14 23:00:41.185 7 WARNING cinder.scheduler.host_manager [None req-6211a6d9-4246-41a8-840b-56d292f34542 98df113e3512453f972845ed4fc53e2d 38f7b8cfad1b4badb1cf4703e5c95efe - - - -] volume service is down. (host: rack13-server67@lvm-1)
2025-01-14 23:00:43.934 7 WARNING cinder.scheduler.host_manager [None req-6b084133-4187-4ed2-ae9b-f8b0fde6bd5e 98df113e3512453f972845ed4fc53e2d 38f7b8cfad1b4badb1cf4703e5c95efe - - - -] volume service is down. (host: rack13-server67@lvm-1)
2025-01-14 23:00:55.749 7 WARNING cinder.scheduler.host_manager [None req-ea12694d-d9b1-4c61-bebd-9eb0c5c09123 8d97a6d630d9426481f2901efde62af0 5d290e974a63413bb0582e1d6b3b2b0c - - - -] volume service is down. (host: rack13-server67@lvm-1)
2025-01-14 23:01:01.948 7 WARNING cinder.scheduler.host_manager [None req-ca9efd52-dc15-4f72-998d-69751e86e597 899c20615fe340f9bc4eca28353f3eca 70e60d159056448aa0c7fbf608fdc4a2 - - - -] volume service is down. (host: rack13-server67@lvm-1)
2025-01-14 23:01:05.831 7 WARNING cinder.scheduler.host_manager [None req-f2ab7a2d-5721-4562-a831-da58ec596403 899c20615fe340f9bc4eca28353f3eca 70e60d159056448aa0c7fbf608fdc4a2 - - - -] volume service is down. (host: rack13-server67@lvm-1)
2025-01-14 23:01:06.957 7 WARNING cinder.scheduler.host_manager [None req-0488ce6e-e4df-40b2-85d1-5701f2860431 08299c9fdbab4b7a8dfb210be0b2ef39 29e3334030304bb8ab7762c881e8eb7a - - - -] volume service is down. (host: rack13-server67@lvm-1)
2025-01-14 23:01:07.573 7 WARNING cinder.scheduler.host_manager [None req-a92ee763-23e4-4e91-86f9-cd5f6e81a5e6 a20aeeff10b847c69868f23752ac585c 66dac8da265e458f952c17ce8f285362 - - - -] volume service is down. (host: rack13-server67@lvm-1)
2025-01-14 23:01:10.123 7 WARNING cinder.scheduler.host_manager [None req-ba3dbf16-2e74-4f1f-a238-d0db33f3f6b5 a20aeeff10b847c69868f23752ac585c 66dac8da265e458f952c17ce8f285362 - - - -] volume service is down. (host: rack13-server67@lvm-1)
2025-01-14 23:01:12.451 7 WARNING cinder.scheduler.host_manager [None req-5fee947e-20a1-4339-82cf-77800794fae9 08299c9fdbab4b7a8dfb210be0b2ef39 29e3334030304bb8ab7762c881e8eb7a - - - -] volume service is down. (host: rack13-server67@lvm-1)
2025-01-14 23:01:12.692 7 WARNING cinder.scheduler.host_manager [None req-19ecb283-5adf-4aee-99fa-74192fac1ae1 a20aeeff10b847c69868f23752ac585c 66dac8da265e458f952c17ce8f285362 - - - -] volume service is down. (host: rack13-server67@lvm-1)
2025-01-14 23:01:15.540 7 WARNING cinder.scheduler.host_manager [None req-75c248ea-8ef3-4dea-a0e2-571f83549665 eca2a2df426540e299b4d8e5b43691cf ce6d7485cf7c4fd4a3772e7da22217d2 - - - -] volume service is down. (host: rack13-server67@lvm-1)
2025-01-14 23:01:19.225 7 WARNING cinder.scheduler.host_manager [None req-da0c961d-34a2-4ece-afb4-28a22aebb8e9 c4e826de99cd4268ac6d6a3507d3e051 a30a67580c934416994ceeaedb6fccd2 - - - -] volume service is down. (host: rack13-server67@lvm-1)
2025-01-14 23:01:23.841 7 WARNING cinder.scheduler.host_manager [None req-02594ed9-9c79-4a33-8e24-be5a9f5f7c4c b539792ed0b24042885fdc2154fec4d0 faaf496bb80946479fde8641181a0ced - - - -] volume service is down. (host: rack13-server67@lvm-1)
2025-01-14 23:01:28.832 7 WARNING cinder.scheduler.host_manager [None req-5d7d8c94-9f09-4715-8bde-2ab7d5159740 aa0e6a81524f4657b9f76118de143e01 8773281db9f247f9bc3507a20922e7eb - - - -] volume service is down. (host: rack13-server67@lvm-1)
2025-01-14 23:01:29.946 7 WARNING cinder.scheduler.host_manager [None req-31334739-f8f6-46f4-8b89-09e9f5add99c b539792ed0b24042885fdc2154fec4d0 faaf496bb80946479fde8641181a0ced - - - -] volume service is down. (host: rack13-server67@lvm-1)
2025-01-14 23:01:30.933 7 WARNING cinder.scheduler.host_manager [None req-3fe32a93-9c23-4f5a-92af-db454297d8f3 9f5cee796475450a8eecf4977650aeeb b882236d2f40488ea757109100b039fb - - - -] volume service is down. (host: rack13-server67@lvm-1)
2025-01-14 23:01:33.458 7 WARNING cinder.scheduler.host_manager [None req-571fd455-92d8-4a6f-98fd-282b4d0ef5c7 9f5cee796475450a8eecf4977650aeeb b882236d2f40488ea757109100b039fb - - - -] volume service is down. (host: rack13-server67@lvm-1)
2025-01-14 23:01:38.253 7 WARNING cinder.scheduler.host_manager [None req-04351bf8-c6c7-4e30-837e-31ad14014c05 3026bdab82db45ca97f906620894784b fc95c5ce6ff64f4eb823deacfd2cdc15 - - - -] volume service is down. (host: rack13-server67@lvm-1)
2025-01-14 23:01:42.194 7 WARNING cinder.scheduler.host_manager [None req-4408905e-52ee-415d-8a6a-d8dbca1b2559 4ccd47b73a444dbf99af797f1f487f80 198507832ff04aed9f55489419d1b404 - - - -] volume service is down. (host: rack13-server67@lvm-1)
2025-01-14 23:01:43.941 7 WARNING cinder.scheduler.host_manager [None req-4cc27929-e2a8-403f-81a5-47952766381e bf5db7e686da4d6fbcb19b12152a9cf5 8584673cc43644049c0d91ee6866d7b4 - - - -] volume service is down. (host: rack13-server67@lvm-1)
2025-01-14 23:01:47.041 7 WARNING cinder.scheduler.host_manager [None req-8ee634c4-5a32-4783-9f6b-4d2aceaa9790 3026bdab82db45ca97f906620894784b fc95c5ce6ff64f4eb823deacfd2cdc15 - - - -] volume service is down. (host: rack13-server67@lvm-1)
2025-01-14 23:01:49.811 7 WARNING cinder.scheduler.host_manager [None req-41ee61ce-9e86-4534-8899-505f29f6a2e6 3026bdab82db45ca97f906620894784b fc95c5ce6ff64f4eb823deacfd2cdc15 - - - -] volume service is down. (host: rack13-server67@lvm-1)
2025-01-14 23:01:51.811 7 WARNING cinder.scheduler.host_manager [None req-a760471d-1a1b-44f1-874e-99a0b585a02b bf5db7e686da4d6fbcb19b12152a9cf5 8584673cc43644049c0d91ee6866d7b4 - - - -] volume service is down. (host: rack13-server67@lvm-1)
2025-01-14 23:01:52.167 7 WARNING cinder.scheduler.host_manager [None req-4d17254f-4c44-4779-b7da-d790652326ad 3026bdab82db45ca97f906620894784b fc95c5ce6ff64f4eb823deacfd2cdc15 - - - -] volume service is down. (host: rack13-server67@lvm-1)
2025-01-14 23:01:54.558 7 WARNING cinder.scheduler.host_manager [None req-902613b7-4ddb-4bd9-9657-4ad299948d0c 3026bdab82db45ca97f906620894784b fc95c5ce6ff64f4eb823deacfd2cdc15 - - - -] volume service is down. (host: rack13-server67@lvm-1)
2025-01-14 23:01:55.567 7 WARNING cinder.scheduler.host_manager [None req-5ec4d753-bb31-41db-8c14-6b9624d3e95b 08036fba7fd54babb9a633caaa783499 0a599ad69ce64babbc7860c7aa7103f4 - - - -] volume service is down. (host: rack13-server67@lvm-1)
2025-01-14 23:01:57.967 7 WARNING cinder.scheduler.host_manager [None req-7937c9de-73f0-4322-ad62-76c594284c4f 08036fba7fd54babb9a633caaa783499 0a599ad69ce64babbc7860c7aa7103f4 - - - -] volume service is down. (host: rack13-server67@lvm-1)
2025-01-14 23:01:59.001 7 WARNING cinder.scheduler.host_manager [None req-833e7eaa-2777-4cba-b4b8-da5c52cdc8c7 bf5db7e686da4d6fbcb19b12152a9cf5 8584673cc43644049c0d91ee6866d7b4 - - - -] volume service is down. (host: rack13-server67@lvm-1)
2025-01-14 23:02:01.562 7 WARNING cinder.scheduler.host_manager [None req-b2dff43a-c93b-4756-ba39-78de3ed1843b bf5db7e686da4d6fbcb19b12152a9cf5 8584673cc43644049c0d91ee6866d7b4 - - - -] volume service is down. (host: rack13-server67@lvm-1)
2025-01-14 23:02:02.255 7 WARNING cinder.scheduler.host_manager [None req-699fa87d-389d-4fb5-9048-fbd83f275c45 b4fa3f5a0bb64ec8af02466478c81faa ccad0a7363bc409d90fa27c46616eef9 - - - -] volume service is down. (host: rack13-server67@lvm-1)
2025-01-14 23:02:05.039 7 WARNING cinder.scheduler.host_manager [None req-dfafb171-3993-41e6-b68a-587d647112a1 b4fa3f5a0bb64ec8af02466478c81faa ccad0a7363bc409d90fa27c46616eef9 - - - -] volume service is down. (host: rack13-server67@lvm-1)
2025-01-14 23:02:08.647 7 WARNING cinder.scheduler.host_manager [None req-28c71dd6-97e1-42c8-b25c-91ac3f0230b4 d71cb3b5647b4f60b3da2cabfa093ca5 9e1777dce4ef42e099ffb3705e9912e2 - - - -] volume service is down. (host: rack13-server67@lvm-1)
2025-01-14 23:02:09.910 7 WARNING cinder.scheduler.host_manager [None req-0fe020ae-735d-47f5-bd3a-c51d7aacd895 b4fa3f5a0bb64ec8af02466478c81faa ccad0a7363bc409d90fa27c46616eef9 - - - -] volume service is down. (host: rack13-server67@lvm-1)
2025-01-14 23:02:11.097 7 WARNING cinder.scheduler.host_manager [None req-840d4eb7-fb62-4c91-aa83-2039b065ebe8 86675a55c23c4789b642908c0c0e0da0 1e61cbbb7c83479b9f01ad40ecbff6d1 - - - -] volume service is down. (host: rack13-server67@lvm-1)
2025-01-14 23:02:12.483 7 WARNING cinder.scheduler.host_manager [None req-658e8fc0-dc2b-4ceb-93a8-a33e6a010cbf b4fa3f5a0bb64ec8af02466478c81faa ccad0a7363bc409d90fa27c46616eef9 - - - -] volume service is down. (host: rack13-server67@lvm-1)
2025-01-14 23:02:16.439 7 WARNING cinder.scheduler.host_manager [None req-0550b3c8-25c6-44dc-a1c6-e269c24d03ed b4fa3f5a0bb64ec8af02466478c81faa ccad0a7363bc409d90fa27c46616eef9 - - - -] volume service is down. (host: rack13-server67@lvm-1)
2025-01-14 23:02:16.445 7 WARNING cinder.scheduler.host_manager [None req-c2543d2d-faf4-4506-b39e-4c9ea8a55334 a7825030fd0f4540838692a3b1139922 ad263c38536541f699258b70d41baee6 - - - -] volume service is down. (host: rack13-server67@lvm-1)
2025-01-14 23:02:18.124 7 WARNING cinder.scheduler.host_manager [None req-c5e6c260-7ebf-4522-bb3e-f40984cd5304 7db273ac1f274f0cb9f358f4cd2dfbb5 2c548a0287e146669633fdda50df9a14 - - - -] volume service is down. (host: rack13-server67@lvm-1)
2025-01-14 23:02:19.127 7 WARNING cinder.scheduler.host_manager [None req-284a6862-01fe-4ba4-88ea-c26d31f24f0e a7825030fd0f4540838692a3b1139922 ad263c38536541f699258b70d41baee6 - - - -] volume service is down. (host: rack13-server67@lvm-1)
2025-01-14 23:02:21.413 7 WARNING cinder.scheduler.host_manager [None req-2e1fe74e-1bbb-4b48-a79d-d427e3c144a0 a7825030fd0f4540838692a3b1139922 ad263c38536541f699258b70d41baee6 - - - -] volume service is down. (host: rack13-server67@lvm-1)
2025-01-14 23:02:22.575 7 WARNING cinder.scheduler.host_manager [None req-8b776b25-e93f-4cbc-a874-6ce72f11ddc4 b4fa3f5a0bb64ec8af02466478c81faa ccad0a7363bc409d90fa27c46616eef9 - - - -] volume service is down. (host: rack13-server67@lvm-1)
2025-01-14 23:02:25.196 7 WARNING cinder.scheduler.host_manager [None req-f0136a68-5429-4445-a483-7ad53c08e9c0 a7825030fd0f4540838692a3b1139922 ad263c38536541f699258b70d41baee6 - - - -] volume service is down. (host: rack13-server67@lvm-1)
2025-01-14 23:02:27.562 7 WARNING cinder.scheduler.host_manager [None req-d698bf99-6b5c-4aac-8807-b3b4ae36de45 a7825030fd0f4540838692a3b1139922 ad263c38536541f699258b70d41baee6 - - - -] volume service is down. (host: rack13-server67@lvm-1)
2025-01-14 23:02:30.123 7 WARNING cinder.scheduler.host_manager [None req-3d55ae70-7772-42cb-8685-0da336b94344 a7825030fd0f4540838692a3b1139922 ad263c38536541f699258b70d41baee6 - - - -] volume service is down. (host: rack13-server67@lvm-1)
2025-01-14 23:02:31.779 7 WARNING cinder.scheduler.host_manager [None req-42aa5fa2-15e3-4465-b9f0-9e13b1e65228 b4fa3f5a0bb64ec8af02466478c81faa ccad0a7363bc409d90fa27c46616eef9 - - - -] volume service is down. (host: rack13-server67@lvm-1)
2025-01-14 23:02:39.932 7 WARNING cinder.scheduler.host_manager [None req-5fb9fc84-609d-45d0-ae98-c55cab9c07cc 4f60e5d068084adc8f9a9d19e3571eb2 dd38edd27c4f422d8eaaed7b77b272aa - - - -] volume service is down. (host: rack13-server67@lvm-1)
2025-01-14 23:02:42.165 7 WARNING cinder.scheduler.host_manager [None req-bc474a15-768d-491d-8937-ba5acac4883a 143d1831e49046e4aaf5cbd883003869 cfcd366f9e9042c291f1dc5128d2dde0 - - - -] volume service is down. (host: rack13-server67@lvm-1)
2025-01-14 23:02:42.582 7 WARNING cinder.scheduler.host_manager [None req-aba76dd7-44f2-46d2-8f3d-16a47554b9c2 4f60e5d068084adc8f9a9d19e3571eb2 dd38edd27c4f422d8eaaed7b77b272aa - - - -] volume service is down. (host: rack13-server67@lvm-1)
2025-01-14 23:02:45.143 7 WARNING cinder.scheduler.host_manager [None req-6c5b9b31-6eef-4fce-819f-e59f6f87aac3 4f60e5d068084adc8f9a9d19e3571eb2 dd38edd27c4f422d8eaaed7b77b272aa - - - -] volume service is down. (host: rack13-server67@lvm-1)
2025-01-14 23:02:47.858 7 WARNING cinder.scheduler.host_manager [None req-db3f51cd-5578-448e-8e52-0edaeb7249f4 143d1831e49046e4aaf5cbd883003869 cfcd366f9e9042c291f1dc5128d2dde0 - - - -] volume service is down. (host: rack13-server67@lvm-1)
2025-01-14 23:02:48.253 7 WARNING cinder.scheduler.host_manager [None req-9461a326-1e45-4470-8954-8a2d81aed659 bd152b1ec9614f0cac8c4526ea73b25a 40ab8d69fdbc489892e4d0246d92278d - - - -] volume service is down. (host: rack13-server67@lvm-1)
2025-01-14 23:02:50.623 7 WARNING cinder.scheduler.host_manager [None req-3f5d3593-4338-435a-8540-c1b0d74d45cf bd152b1ec9614f0cac8c4526ea73b25a 40ab8d69fdbc489892e4d0246d92278d - - - -] volume service is down. (host: rack13-server67@lvm-1)
2025-01-14 23:02:52.933 7 WARNING cinder.scheduler.host_manager [None req-268d1252-faca-4054-b4dc-297d79d611f0 bd152b1ec9614f0cac8c4526ea73b25a 40ab8d69fdbc489892e4d0246d92278d - - - -] volume service is down. (host: rack13-server67@lvm-1)
2025-01-14 23:02:55.216 7 WARNING cinder.scheduler.host_manager [None req-c7430eb0-5c45-4c77-b6c2-005593a27be5 bd152b1ec9614f0cac8c4526ea73b25a 40ab8d69fdbc489892e4d0246d92278d - - - -] volume service is down. (host: rack13-server67@lvm-1)
2025-01-14 23:03:06.451 7 WARNING cinder.scheduler.host_manager [None req-2472bd0f-f552-450c-8383-85d8933a2700 f1435173adae449d8c1a438d64082610 1abad065f1b04c90bad9487d355d20fd - - - -] volume service is down. (host: rack13-server67@lvm-1)
2025-01-14 23:03:08.849 7 WARNING cinder.scheduler.host_manager [None req-799ecd7f-0a4c-4e01-a514-54a451b4d460 f1435173adae449d8c1a438d64082610 1abad065f1b04c90bad9487d355d20fd - - - -] volume service is down. (host: rack13-server67@lvm-1)
2025-01-14 23:03:21.851 7 WARNING cinder.scheduler.host_manager [None req-f37de4cf-0dbf-4527-b388-b5ba4ededc79 8c84245b6602459ab0487e192470c8f7 26602a706b3d4b80bca008711d66678b - - - -] volume service is down. (host: rack13-server67@lvm-1)
2025-01-14 23:03:22.046 7 WARNING cinder.scheduler.host_manager [None req-dd64de96-7c97-4eed-9185-0cbcd68dad74 032831ec6ff842f9a502c91a3f98e186 daa0532cef2f4c13b388247ea7aad3b4 - - - -] volume service is down. (host: rack13-server67@lvm-1)
2025-01-14 23:03:22.149 7 WARNING cinder.scheduler.host_manager [None req-052dfa63-ea6e-4a73-95fd-6aee23d81bc0 7d745e7ded5e49c1b4b751f20e49beba eb0c029f0b01419fb83d795f7a19115c - - - -] volume service is down. (host: rack13-server67@lvm-1)
2025-01-14 23:03:22.390 7 WARNING cinder.scheduler.host_manager [None req-fba0c243-9d02-4722-95b6-b76960864fb3 032831ec6ff842f9a502c91a3f98e186 daa0532cef2f4c13b388247ea7aad3b4 - - - -] volume service is down. (host: rack13-server67@lvm-1)
2025-01-14 23:03:22.741 7 WARNING cinder.scheduler.host_manager [None req-cf166fae-c4af-4c52-b16b-c4a9abcf8612 032831ec6ff842f9a502c91a3f98e186 daa0532cef2f4c13b388247ea7aad3b4 - - - -] volume service is down. (host: rack13-server67@lvm-1)
2025-01-14 23:03:23.094 7 WARNING cinder.scheduler.host_manager [None req-de8160fd-c47d-4298-abf5-e7786d62e293 032831ec6ff842f9a502c91a3f98e186 daa0532cef2f4c13b388247ea7aad3b4 - - - -] volume service is down. (host: rack13-server67@lvm-1)
2025-01-14 23:03:23.446 7 WARNING cinder.scheduler.host_manager [None req-8f59bba9-72f2-45b8-8999-0a443c84ae32 032831ec6ff842f9a502c91a3f98e186 daa0532cef2f4c13b388247ea7aad3b4 - - - -] volume service is down. (host: rack13-server67@lvm-1)
2025-01-14 23:03:24.534 7 WARNING cinder.scheduler.host_manager [None req-ec2910e4-87d4-4474-a4f2-a55b7283cd42 7d745e7ded5e49c1b4b751f20e49beba eb0c029f0b01419fb83d795f7a19115c - - - -] volume service is down. (host: rack13-server67@lvm-1)
2025-01-14 23:03:24.689 7 WARNING cinder.scheduler.host_manager [None req-9017990e-f23b-41b1-affd-fe7b20372e3c 8c84245b6602459ab0487e192470c8f7 26602a706b3d4b80bca008711d66678b - - - -] volume service is down. (host: rack13-server67@lvm-1)
2025-01-14 23:03:25.039 7 WARNING cinder.scheduler.host_manager [None req-cba24a38-0214-4617-9c08-4709f75ff468 8c84245b6602459ab0487e192470c8f7 26602a706b3d4b80bca008711d66678b - - - -] volume service is down. (host: rack13-server67@lvm-1)
2025-01-14 23:03:25.379 7 WARNING cinder.scheduler.host_manager [None req-58957cc8-a20e-40ee-8e97-94f04c90d04a 8c84245b6602459ab0487e192470c8f7 26602a706b3d4b80bca008711d66678b - - - -] volume service is down. (host: rack13-server67@lvm-1)
2025-01-14 23:03:25.726 7 WARNING cinder.scheduler.host_manager [None req-639575ba-ba66-4597-8a6e-54917fdfa0b5 8c84245b6602459ab0487e192470c8f7 26602a706b3d4b80bca008711d66678b - - - -] volume service is down. (host: rack13-server67@lvm-1)
2025-01-14 23:03:26.060 7 WARNING cinder.scheduler.host_manager [None req-c3b16426-e116-477b-acab-c3c036d53f86 8c84245b6602459ab0487e192470c8f7 26602a706b3d4b80bca008711d66678b - - - -] volume service is down. (host: rack13-server67@lvm-1)
2025-01-14 23:03:27.014 7 WARNING cinder.scheduler.host_manager [None req-6caaddf0-fb1b-4581-a671-661952b920dc 7d745e7ded5e49c1b4b751f20e49beba eb0c029f0b01419fb83d795f7a19115c - - - -] volume service is down. (host: rack13-server67@lvm-1)
2025-01-14 23:03:27.332 7 WARNING cinder.scheduler.host_manager [None req-036ebf83-1663-4a16-a439-d12f0b787fc2 7d745e7ded5e49c1b4b751f20e49beba eb0c029f0b01419fb83d795f7a19115c - - - -] volume service is down. (host: rack13-server67@lvm-1)
2025-01-14 23:03:27.667 7 WARNING cinder.scheduler.host_manager [None req-7c486d92-6d89-43c1-b326-8a8c2657f331 7d745e7ded5e49c1b4b751f20e49beba eb0c029f0b01419fb83d795f7a19115c - - - -] volume service is down. (host: rack13-server67@lvm-1)
2025-01-14 23:03:28.028 7 WARNING cinder.scheduler.host_manager [None req-f9aee76a-db76-4ae7-b006-186d393706c6 7d745e7ded5e49c1b4b751f20e49beba eb0c029f0b01419fb83d795f7a19115c - - - -] volume service is down. (host: rack13-server67@lvm-1)
2025-01-14 23:03:28.363 7 WARNING cinder.scheduler.host_manager [None req-870287c1-a2cc-447e-855e-3f935b371e64 7d745e7ded5e49c1b4b751f20e49beba eb0c029f0b01419fb83d795f7a19115c - - - -] volume service is down. (host: rack13-server67@lvm-1)
2025-01-14 23:03:34.143 7 WARNING cinder.scheduler.host_manager [None req-98f0ef8a-816e-4d87-97db-715dcbae5c77 1be1a81a6136447aa786e0b033f176bb a3d5d83e060d462ca858e0ae96dea5e9 - - - -] volume service is down. (host: rack13-server67@lvm-1)
2025-01-14 23:03:36.774 7 WARNING cinder.scheduler.host_manager [None req-f690399e-ebc8-4084-8a7a-cbc1eab36864 1be1a81a6136447aa786e0b033f176bb a3d5d83e060d462ca858e0ae96dea5e9 - - - -] volume service is down. (host: rack13-server67@lvm-1)
2025-01-14 23:03:39.570 7 WARNING cinder.scheduler.host_manager [None req-bf72d0f0-4924-46c1-80f0-48d1d5178672 1be1a81a6136447aa786e0b033f176bb a3d5d83e060d462ca858e0ae96dea5e9 - - - -] volume service is down. (host: rack13-server67@lvm-1)
