Build Started 13_01_2025_13_52_44
2025-01-13 13:53:55.295 7 WARNING cinder.scheduler.host_manager [None req-e6733108-4f0d-481e-a46d-d26a753b450b 07ea05cd3aa14271911066e988438a0b 9079d073d2d2460998927cb12c414e36 - - - -] volume service is down. (host: rack13-server67@lvm-1)
2025-01-13 13:53:55.393 7 WARNING cinder.scheduler.host_manager [req-d7eb700e-2cd7-4189-ae44-5c78b551d02d req-db73e2af-049d-4f87-8891-cd5ee72eb929 62772cdcbd934cfa84a573e709b0a14d b504b9f6fec54825bb9d873d81084a9b - - - -] volume service is down. (host: rack13-server67@lvm-1)
2025-01-13 13:53:57.777 7 WARNING cinder.scheduler.host_manager [req-91ae460f-a1c5-4848-94b5-28e55352cf9d req-a7165f10-9b52-4e68-861f-2f591b7476ae 62772cdcbd934cfa84a573e709b0a14d b504b9f6fec54825bb9d873d81084a9b - - - -] volume service is down. (host: rack13-server67@lvm-1)
2025-01-13 13:53:57.838 7 WARNING cinder.scheduler.host_manager [None req-a1f61763-bd66-448f-be98-dcf1d364f3d1 07ea05cd3aa14271911066e988438a0b 9079d073d2d2460998927cb12c414e36 - - - -] volume service is down. (host: rack13-server67@lvm-1)
2025-01-13 13:54:00.311 7 WARNING cinder.scheduler.host_manager [None req-d77cf08f-6f94-4f5b-8049-ea2132424499 07ea05cd3aa14271911066e988438a0b 9079d073d2d2460998927cb12c414e36 - - - -] volume service is down. (host: rack13-server67@lvm-1)
2025-01-13 13:54:00.814 7 WARNING cinder.scheduler.host_manager [None req-41dc66b7-9f4e-4e4d-b801-173dd576a938 c304e795248948a8bc144df19bf8bc4c 6689476f3034414ca24c569b00d7ac12 - - - -] volume service is down. (host: rack13-server67@lvm-1)
2025-01-13 13:54:00.821 7 WARNING cinder.scheduler.host_manager [None req-41dc66b7-9f4e-4e4d-b801-173dd576a938 c304e795248948a8bc144df19bf8bc4c 6689476f3034414ca24c569b00d7ac12 - - - -] volume service is down. (host: rack13-server67@lvm-1)
2025-01-13 13:54:02.199 7 WARNING cinder.scheduler.host_manager [None req-4daa89b6-aae8-4df4-9f64-e1e19ac3adc0 c304e795248948a8bc144df19bf8bc4c 6689476f3034414ca24c569b00d7ac12 - - - -] volume service is down. (host: rack13-server67@lvm-1)
2025-01-13 13:54:06.234 7 WARNING cinder.scheduler.host_manager [req-8feaded8-a1ad-456f-b9e9-bdd3e7de5642 req-4b5d9fad-3ddf-42e0-93a2-c0e8f93e7699 d0011f6e000c4a7f9eb25f754e614165 cafdb2fa318144188e400d35c10daea3 - - - -] volume service is down. (host: rack13-server67@lvm-1)
2025-01-13 13:54:06.977 7 WARNING cinder.scheduler.host_manager [None req-44ad4744-fea9-4d90-aa63-76afd94e2443 c304e795248948a8bc144df19bf8bc4c 6689476f3034414ca24c569b00d7ac12 - - - -] volume service is down. (host: rack13-server67@lvm-1)
2025-01-13 13:54:11.858 7 WARNING cinder.scheduler.host_manager [None req-ec8a7e4c-f5f9-43ff-8f27-f28d247eefb1 e33238df2d5b435ca3e1841247cdb749 dd6222d7002741f984af1c0e254591a8 - - - -] volume service is down. (host: rack13-server67@lvm-1)
2025-01-13 13:54:12.384 7 WARNING cinder.scheduler.host_manager [None req-5bdf3a33-ad77-48c3-bd54-c8e5979d945a e33238df2d5b435ca3e1841247cdb749 dd6222d7002741f984af1c0e254591a8 - - - -] volume service is down. (host: rack13-server67@lvm-1)
2025-01-13 13:54:13.134 7 WARNING cinder.scheduler.host_manager [None req-7d5cda5f-84d7-4296-8d43-4129d961791d c304e795248948a8bc144df19bf8bc4c 6689476f3034414ca24c569b00d7ac12 - - - -] volume service is down. (host: rack13-server67@lvm-1)
2025-01-13 13:54:13.143 7 WARNING cinder.scheduler.host_manager [None req-7d5cda5f-84d7-4296-8d43-4129d961791d c304e795248948a8bc144df19bf8bc4c 6689476f3034414ca24c569b00d7ac12 - - - -] volume service is down. (host: rack13-server67@lvm-1)
2025-01-13 13:54:13.990 7 WARNING cinder.scheduler.host_manager [None req-afeb8aec-39d6-499b-94f3-1eccb9dfcc0e ebce4f379e28463a89e7eeb4ca3a9202 5383e457181f4dec9a6b0f94fae594fb - - - -] volume service is down. (host: rack13-server67@lvm-1)
2025-01-13 13:54:13.996 7 WARNING cinder.scheduler.host_manager [None req-afeb8aec-39d6-499b-94f3-1eccb9dfcc0e ebce4f379e28463a89e7eeb4ca3a9202 5383e457181f4dec9a6b0f94fae594fb - - - -] volume service is down. (host: rack13-server67@lvm-1)
2025-01-13 13:54:14.506 7 WARNING cinder.scheduler.host_manager [None req-16851283-7ed7-41b2-bcfb-7bb9dcd622ec c304e795248948a8bc144df19bf8bc4c 6689476f3034414ca24c569b00d7ac12 - - - -] volume service is down. (host: rack13-server67@lvm-1)
2025-01-13 13:54:15.361 7 WARNING cinder.scheduler.host_manager [None req-ad77b5ad-7e10-4446-ac5c-b8d36f70c376 ebce4f379e28463a89e7eeb4ca3a9202 5383e457181f4dec9a6b0f94fae594fb - - - -] volume service is down. (host: rack13-server67@lvm-1)
2025-01-13 13:54:16.981 7 WARNING cinder.scheduler.host_manager [None req-c35ec54e-f2c1-4746-aa8d-9cd7886d902b c304e795248948a8bc144df19bf8bc4c 6689476f3034414ca24c569b00d7ac12 - - - -] volume service is down. (host: rack13-server67@lvm-1)
2025-01-13 13:54:26.626 7 WARNING cinder.scheduler.host_manager [None req-8466d94c-718a-4d86-bfff-9aa3995b1488 0f42eccbfb4d42da96b75e369d451a5b 55a9ac8fe3c44e5eb1a5e651d5909b69 - - - -] volume service is down. (host: rack13-server67@lvm-1)
2025-01-13 13:54:28.939 7 WARNING cinder.scheduler.host_manager [None req-9ebf3958-63f1-478a-82c6-84cc00d977f1 0f42eccbfb4d42da96b75e369d451a5b 55a9ac8fe3c44e5eb1a5e651d5909b69 - - - -] volume service is down. (host: rack13-server67@lvm-1)
2025-01-13 13:54:30.399 7 WARNING cinder.scheduler.host_manager [None req-aa7ed053-0cce-4822-9bba-75bfda910bf6 c304e795248948a8bc144df19bf8bc4c 6689476f3034414ca24c569b00d7ac12 - - - -] volume service is down. (host: rack13-server67@lvm-1)
2025-01-13 13:54:30.425 7 WARNING cinder.scheduler.host_manager [None req-aa7ed053-0cce-4822-9bba-75bfda910bf6 c304e795248948a8bc144df19bf8bc4c 6689476f3034414ca24c569b00d7ac12 - - - -] volume service is down. (host: rack13-server67@lvm-1)
2025-01-13 13:54:31.615 7 WARNING cinder.scheduler.host_manager [None req-f11da5f5-7049-41f1-9f21-0e5823ab0d86 0f42eccbfb4d42da96b75e369d451a5b 55a9ac8fe3c44e5eb1a5e651d5909b69 - - - -] volume service is down. (host: rack13-server67@lvm-1)
2025-01-13 13:54:31.792 7 WARNING cinder.scheduler.host_manager [None req-7fbb2f68-9be3-4943-a020-311217892029 c304e795248948a8bc144df19bf8bc4c 6689476f3034414ca24c569b00d7ac12 - - - -] volume service is down. (host: rack13-server67@lvm-1)
2025-01-13 13:54:35.182 7 WARNING cinder.scheduler.host_manager [None req-08483b01-ae7a-4e9f-8903-bd4056e1911b 0f42eccbfb4d42da96b75e369d451a5b 55a9ac8fe3c44e5eb1a5e651d5909b69 - - - -] volume service is down. (host: rack13-server67@lvm-1)
2025-01-13 13:54:38.758 7 WARNING cinder.scheduler.host_manager [None req-10cde34b-88c8-4a28-812e-f35eb41919b3 0f42eccbfb4d42da96b75e369d451a5b 55a9ac8fe3c44e5eb1a5e651d5909b69 - - - -] volume service is down. (host: rack13-server67@lvm-1)
2025-01-13 13:54:39.577 7 WARNING cinder.scheduler.host_manager [None req-c14023f0-4196-4f22-82f4-ac24e8c7fc21 10b87fca401847e49796ab268d51010a 025ff7e1368744cba2f7409634dd7757 - - - -] volume service is down. (host: rack13-server67@lvm-1)
2025-01-13 13:54:39.585 7 WARNING cinder.scheduler.host_manager [None req-c14023f0-4196-4f22-82f4-ac24e8c7fc21 10b87fca401847e49796ab268d51010a 025ff7e1368744cba2f7409634dd7757 - - - -] volume service is down. (host: rack13-server67@lvm-1)
2025-01-13 13:54:40.760 7 WARNING cinder.scheduler.host_manager [None req-2c8cade2-a79d-480b-a809-0c3a03d3954e 10b87fca401847e49796ab268d51010a 025ff7e1368744cba2f7409634dd7757 - - - -] volume service is down. (host: rack13-server67@lvm-1)
2025-01-13 13:54:40.768 7 WARNING cinder.scheduler.host_manager [None req-2c8cade2-a79d-480b-a809-0c3a03d3954e 10b87fca401847e49796ab268d51010a 025ff7e1368744cba2f7409634dd7757 - - - -] volume service is down. (host: rack13-server67@lvm-1)
2025-01-13 13:54:42.176 7 WARNING cinder.scheduler.host_manager [None req-8ab9fc84-5c55-48e4-9ad8-fce654883326 10b87fca401847e49796ab268d51010a 025ff7e1368744cba2f7409634dd7757 - - - -] volume service is down. (host: rack13-server67@lvm-1)
2025-01-13 13:54:42.317 7 WARNING cinder.scheduler.host_manager [None req-755c9194-66c3-4b4b-98fc-a24eb4feec95 0f42eccbfb4d42da96b75e369d451a5b 55a9ac8fe3c44e5eb1a5e651d5909b69 - - - -] volume service is down. (host: rack13-server67@lvm-1)
2025-01-13 13:54:45.113 7 WARNING cinder.scheduler.host_manager [None req-c522338e-56a7-46a9-bcc6-e4f8146beabc 591b7b5084db4bc5a4c1866b64253e0b 4a58e311bf204331895250ee47c728c0 - - - -] volume service is down. (host: rack13-server67@lvm-1)
2025-01-13 13:54:45.122 7 WARNING cinder.scheduler.host_manager [None req-c522338e-56a7-46a9-bcc6-e4f8146beabc 591b7b5084db4bc5a4c1866b64253e0b 4a58e311bf204331895250ee47c728c0 - - - -] volume service is down. (host: rack13-server67@lvm-1)
2025-01-13 13:54:46.519 7 WARNING cinder.scheduler.host_manager [None req-090959a2-1e31-4605-8c93-0f2903fd49e6 591b7b5084db4bc5a4c1866b64253e0b 4a58e311bf204331895250ee47c728c0 - - - -] volume service is down. (host: rack13-server67@lvm-1)
2025-01-13 13:54:47.557 7 WARNING cinder.scheduler.host_manager [None req-20e3cd40-b03c-48ae-bb98-b69ce428d6e6 10b87fca401847e49796ab268d51010a 025ff7e1368744cba2f7409634dd7757 - - - -] volume service is down. (host: rack13-server67@lvm-1)
2025-01-13 13:54:47.565 7 WARNING cinder.scheduler.host_manager [None req-20e3cd40-b03c-48ae-bb98-b69ce428d6e6 10b87fca401847e49796ab268d51010a 025ff7e1368744cba2f7409634dd7757 - - - -] volume service is down. (host: rack13-server67@lvm-1)
2025-01-13 13:54:47.794 7 WARNING cinder.scheduler.host_manager [None req-ac90151e-682d-4676-9691-2c25426d7413 591b7b5084db4bc5a4c1866b64253e0b 4a58e311bf204331895250ee47c728c0 - - - -] volume service is down. (host: rack13-server67@lvm-1)
2025-01-13 13:54:48.873 7 WARNING cinder.scheduler.host_manager [None req-635b2e0b-a394-4b4c-aa0c-a81bc016f123 10b87fca401847e49796ab268d51010a 025ff7e1368744cba2f7409634dd7757 - - - -] volume service is down. (host: rack13-server67@lvm-1)
2025-01-13 13:54:51.359 7 WARNING cinder.scheduler.host_manager [None req-ca064abd-9e77-45d6-a490-b87e9ca1710c 10b87fca401847e49796ab268d51010a 025ff7e1368744cba2f7409634dd7757 - - - -] volume service is down. (host: rack13-server67@lvm-1)
2025-01-13 13:54:53.737 7 WARNING cinder.scheduler.host_manager [None req-6878ad9d-3e96-4933-a179-9aaf3330b3c0 936259ccc9654ea6b6c37ab7b4bc4c35 d3593c5250d842489f692bea82d2b6d5 - - - -] volume service is down. (host: rack13-server67@lvm-1)
2025-01-13 13:54:53.739 7 INFO cinder.scheduler.base_filter [None req-6878ad9d-3e96-4933-a179-9aaf3330b3c0 936259ccc9654ea6b6c37ab7b4bc4c35 d3593c5250d842489f692bea82d2b6d5 - - - -] Filtering removed all hosts for the request with volume ID '897a5470-b728-4940-9cfd-bd9435d77803'. Filter results: AvailabilityZoneFilter: (start: 1, end: 1), CapacityFilter: (start: 1, end: 1), CapabilitiesFilter: (start: 1, end: 0)
2025-01-13 13:54:53.739 7 WARNING cinder.scheduler.filter_scheduler [None req-6878ad9d-3e96-4933-a179-9aaf3330b3c0 936259ccc9654ea6b6c37ab7b4bc4c35 d3593c5250d842489f692bea82d2b6d5 - - - -] No weighed backend found for volume with properties: {'id': '064ac411-946b-481c-b3ef-7ba53c5324de', 'name': 'tempest-UserMessagesTest-volume-type-42646593', 'description': None, 'is_public': True, 'projects': [], 'extra_specs': {'storage_protocol': 'tempest-storage_protocol-1873374822', 'vendor_name': 'tempest-vendor_name-1700711044'}, 'qos_specs_id': None, 'created_at': '2025-01-13T13:54:53.000000', 'updated_at': None, 'deleted_at': None, 'deleted': False}
2025-01-13 13:54:53.740 7 INFO cinder.message.api [None req-6878ad9d-3e96-4933-a179-9aaf3330b3c0 936259ccc9654ea6b6c37ab7b4bc4c35 d3593c5250d842489f692bea82d2b6d5 - - - -] Creating message record for request_id = req-6878ad9d-3e96-4933-a179-9aaf3330b3c0
2025-01-13 13:54:53.746 7 ERROR cinder.scheduler.flows.create_volume [None req-6878ad9d-3e96-4933-a179-9aaf3330b3c0 936259ccc9654ea6b6c37ab7b4bc4c35 d3593c5250d842489f692bea82d2b6d5 - - - -] Failed to run task cinder.scheduler.flows.create_volume.ScheduleCreateVolumeTask;volume:create: No valid backend was found. No weighed backends available: cinder.exception.NoValidBackend: No valid backend was found. No weighed backends available
2025-01-13 13:54:55.495 7 WARNING cinder.scheduler.host_manager [None req-c2486bcb-6c59-4b03-bd35-51ccacf4a83d 936259ccc9654ea6b6c37ab7b4bc4c35 d3593c5250d842489f692bea82d2b6d5 - - - -] volume service is down. (host: rack13-server67@lvm-1)
2025-01-13 13:54:55.496 7 INFO cinder.scheduler.base_filter [None req-c2486bcb-6c59-4b03-bd35-51ccacf4a83d 936259ccc9654ea6b6c37ab7b4bc4c35 d3593c5250d842489f692bea82d2b6d5 - - - -] Filtering removed all hosts for the request with volume ID '43d4c592-9c99-40e7-839c-e3a36c5330f2'. Filter results: AvailabilityZoneFilter: (start: 1, end: 1), CapacityFilter: (start: 1, end: 1), CapabilitiesFilter: (start: 1, end: 0)
2025-01-13 13:54:55.497 7 WARNING cinder.scheduler.filter_scheduler [None req-c2486bcb-6c59-4b03-bd35-51ccacf4a83d 936259ccc9654ea6b6c37ab7b4bc4c35 d3593c5250d842489f692bea82d2b6d5 - - - -] No weighed backend found for volume with properties: {'id': '8a2a8c87-fbb7-47c6-9904-813db2e43a5d', 'name': 'tempest-UserMessagesTest-volume-type-804552296', 'description': None, 'is_public': True, 'projects': [], 'extra_specs': {'storage_protocol': 'tempest-storage_protocol-855810769', 'vendor_name': 'tempest-vendor_name-1854371039'}, 'qos_specs_id': None, 'created_at': '2025-01-13T13:54:55.000000', 'updated_at': None, 'deleted_at': None, 'deleted': False}
2025-01-13 13:54:55.498 7 INFO cinder.message.api [None req-c2486bcb-6c59-4b03-bd35-51ccacf4a83d 936259ccc9654ea6b6c37ab7b4bc4c35 d3593c5250d842489f692bea82d2b6d5 - - - -] Creating message record for request_id = req-c2486bcb-6c59-4b03-bd35-51ccacf4a83d
2025-01-13 13:54:55.504 7 ERROR cinder.scheduler.flows.create_volume [None req-c2486bcb-6c59-4b03-bd35-51ccacf4a83d 936259ccc9654ea6b6c37ab7b4bc4c35 d3593c5250d842489f692bea82d2b6d5 - - - -] Failed to run task cinder.scheduler.flows.create_volume.ScheduleCreateVolumeTask;volume:create: No valid backend was found. No weighed backends available: cinder.exception.NoValidBackend: No valid backend was found. No weighed backends available
2025-01-13 13:55:00.385 7 WARNING cinder.scheduler.host_manager [None req-98439317-6d62-450b-b188-d609c1b2d182 30cd5d76a71641cfbe4fe3dc8e2fb686 2afc24af2e694fccb133d4c63ef7b633 - - - -] volume service is down. (host: rack13-server67@lvm-1)
2025-01-13 13:55:00.396 7 WARNING cinder.scheduler.host_manager [None req-98439317-6d62-450b-b188-d609c1b2d182 30cd5d76a71641cfbe4fe3dc8e2fb686 2afc24af2e694fccb133d4c63ef7b633 - - - -] volume service is down. (host: rack13-server67@lvm-1)
2025-01-13 13:55:05.771 7 WARNING cinder.scheduler.host_manager [None req-50cdd854-1057-4082-9fb0-b7c138c23e47 8751589e240a42e2940fc34b878a6a3c 3966e0edfa7e4da396db1a312c9d4407 - - - -] volume service is down. (host: rack13-server67@lvm-1)
2025-01-13 13:55:09.467 7 WARNING cinder.scheduler.host_manager [None req-d64e265e-0779-4362-b796-7dd9baf180a9 8751589e240a42e2940fc34b878a6a3c 3966e0edfa7e4da396db1a312c9d4407 - - - -] volume service is down. (host: rack13-server67@lvm-1)
2025-01-13 13:55:14.075 7 WARNING cinder.scheduler.host_manager [None req-fa0d948a-d68c-49db-9bd1-c49756683c0c c9be12f638554b51bd9d087c0b504f49 2bb42723ce464174b51150868ceae180 - - - -] volume service is down. (host: rack13-server67@lvm-1)
2025-01-13 13:55:20.950 7 WARNING cinder.scheduler.host_manager [None req-ec9ac860-e0d4-4070-ad57-62ec08db2f6d f9680736562e41c4913e6d3552ac0e88 eed8b20d8d2b4a89b0d231a1f1764473 - - - -] volume service is down. (host: rack13-server67@lvm-1)
2025-01-13 13:55:21.901 7 WARNING cinder.scheduler.host_manager [None req-101445f0-a0c2-40bc-a64b-98dc680d485a 752689efe3fc469ba091cc86ed89dd02 713751046831463983607fa3204de275 - - - -] volume service is down. (host: rack13-server67@lvm-1)
2025-01-13 13:55:26.712 7 WARNING cinder.scheduler.host_manager [None req-a1272793-f85a-4fac-ae63-d508bb49cd61 13509fa4a8e94f309a67c3b3861bfa61 0e951790a769410cb3bb6d823cc2e26d - - - -] volume service is down. (host: rack13-server67@lvm-1)
2025-01-13 13:55:30.274 7 WARNING cinder.scheduler.host_manager [None req-bfd7030c-1214-4be2-af4d-5ba355f35243 549f681ac101409f8067ec447445586b 2eaaccdabb2046ad8713c17b49480411 - - - -] volume service is down. (host: rack13-server67@lvm-1)
2025-01-13 13:55:31.596 7 WARNING cinder.scheduler.host_manager [None req-096b41bd-278c-4031-958f-d79dcfc0497e 549f681ac101409f8067ec447445586b 2eaaccdabb2046ad8713c17b49480411 - - - -] volume service is down. (host: rack13-server67@lvm-1)
2025-01-13 13:55:36.796 7 WARNING cinder.scheduler.host_manager [None req-726b31f5-f3f7-4565-894a-56a29cea939c 30f0b07b07d344e9a77768e6c8951183 e86c20a143494ef9a50f18662e5f9559 - - - -] volume service is down. (host: rack13-server67@lvm-1)
2025-01-13 13:55:38.705 7 WARNING cinder.scheduler.host_manager [None req-cd0a8b1a-e86f-4218-8170-6ee2c89c404c 0a9a78d2351c40d8883ab11db9390125 34c6336ecd2a45cdb3bdcff08e9cff38 - - - -] volume service is down. (host: rack13-server67@lvm-1)
2025-01-13 13:55:39.171 7 WARNING cinder.scheduler.host_manager [None req-f5a1e2fe-eeb1-4547-8159-245a622ad54f 30f0b07b07d344e9a77768e6c8951183 e86c20a143494ef9a50f18662e5f9559 - - - -] volume service is down. (host: rack13-server67@lvm-1)
2025-01-13 13:55:46.079 7 WARNING cinder.scheduler.host_manager [None req-e24d7c36-84b9-4c7d-94ef-cb2643f02d0e ddad110a7b3440a687468ad5db3436a6 7851068f37f4467bbbf4dd12d27204e8 - - - -] volume service is down. (host: rack13-server67@lvm-1)
2025-01-13 13:55:52.669 7 WARNING cinder.scheduler.host_manager [None req-d155c1f2-aadb-42b7-9425-0a08527408a5 f0d34c27bde44f1fbf0593a2f23460b6 5e13f7958fef4b17b1fa355398a944ae - - - -] volume service is down. (host: rack13-server67@lvm-1)
2025-01-13 13:55:57.409 7 WARNING cinder.scheduler.host_manager [None req-b45cb530-0829-4d61-aacc-1b6ebb366018 2b0512eec98e43e3ab095692270d8df9 343b782e7d594c0c8b8b35710660db36 - - - -] volume service is down. (host: rack13-server67@lvm-1)
2025-01-13 13:56:00.903 7 WARNING cinder.scheduler.host_manager [None req-a421fe83-9089-45d3-bbbf-6aa657f09659 8f413c162e23462bb09148c8f5d6093d 23526a06efec4618b04e0270acadd946 - - - -] volume service is down. (host: rack13-server67@lvm-1)
2025-01-13 13:56:01.454 7 WARNING cinder.scheduler.host_manager [None req-ffcac457-a8b7-418b-b421-bbaa9e690f17 f0d34c27bde44f1fbf0593a2f23460b6 5e13f7958fef4b17b1fa355398a944ae - - - -] volume service is down. (host: rack13-server67@lvm-1)
2025-01-13 13:56:02.471 7 WARNING cinder.scheduler.host_manager [None req-84d93b37-4eeb-4356-846c-a7c143c9e188 2b0512eec98e43e3ab095692270d8df9 343b782e7d594c0c8b8b35710660db36 - - - -] volume service is down. (host: rack13-server67@lvm-1)
2025-01-13 13:56:03.323 7 WARNING cinder.scheduler.host_manager [None req-ba2d0783-f292-4175-ac1f-d2b2a1e08687 8f413c162e23462bb09148c8f5d6093d 23526a06efec4618b04e0270acadd946 - - - -] volume service is down. (host: rack13-server67@lvm-1)
2025-01-13 13:56:05.786 7 WARNING cinder.scheduler.host_manager [None req-72543b28-df0c-4f55-a17e-eea7ba2d158e 8f413c162e23462bb09148c8f5d6093d 23526a06efec4618b04e0270acadd946 - - - -] volume service is down. (host: rack13-server67@lvm-1)
2025-01-13 13:56:07.433 7 WARNING cinder.scheduler.host_manager [None req-f6f4e1fb-16d7-4571-a7e7-64c6a33724ce f0d34c27bde44f1fbf0593a2f23460b6 5e13f7958fef4b17b1fa355398a944ae - - - -] volume service is down. (host: rack13-server67@lvm-1)
2025-01-13 13:56:08.484 7 WARNING cinder.scheduler.host_manager [None req-e64fca91-3de8-46cc-b56c-5492fa0dd8f7 96e3798e76fa4ed09f076d3ce673718f d4621819f37641608be0c7635f8f48c0 - - - -] volume service is down. (host: rack13-server67@lvm-1)
2025-01-13 13:56:09.857 7 WARNING cinder.scheduler.host_manager [None req-e11e22af-011e-4c39-8cb8-44f25fced242 f0d34c27bde44f1fbf0593a2f23460b6 5e13f7958fef4b17b1fa355398a944ae - - - -] volume service is down. (host: rack13-server67@lvm-1)
2025-01-13 13:56:10.452 7 WARNING cinder.scheduler.host_manager [None req-5c60245c-ecdf-4d65-9cb8-6a6d81597a98 56b581e258dc4d4d82548d43ac1ef097 a79c514d4c2e4089b7edea3f1a0978ef - - - -] volume service is down. (host: rack13-server67@lvm-1)
2025-01-13 13:56:17.259 7 WARNING cinder.scheduler.host_manager [None req-3789c690-001b-432f-bf51-5f4d56cd882f 82b034021a804f37a02113edefd7ffd1 cc33c63ff0ce4641ae27ceef28a7a3f5 - - - -] volume service is down. (host: rack13-server67@lvm-1)
2025-01-13 13:56:17.618 7 WARNING cinder.scheduler.host_manager [None req-828f3f10-0c1f-44b2-8978-dd9b18ee302d c2a559845d47473196f3dc55224c5818 ad2fe777815544a6a991015b941390b1 - - - -] volume service is down. (host: rack13-server67@lvm-1)
2025-01-13 13:56:18.510 7 WARNING cinder.scheduler.host_manager [None req-63944607-1c8a-47f3-83b2-f3e4a96e1039 82b034021a804f37a02113edefd7ffd1 cc33c63ff0ce4641ae27ceef28a7a3f5 - - - -] volume service is down. (host: rack13-server67@lvm-1)
2025-01-13 13:56:19.219 7 WARNING cinder.scheduler.host_manager [None req-89d9422b-13fd-4b19-9605-e6f5923dbb30 b5d41c6de1174988873c9b09a4709e6a d84e879dc0504c6fafb244ecb344fb9e - - - -] volume service is down. (host: rack13-server67@lvm-1)
2025-01-13 13:56:21.691 7 WARNING cinder.scheduler.host_manager [None req-d78f654c-b47b-46e7-8311-36b4687da69b b5d41c6de1174988873c9b09a4709e6a d84e879dc0504c6fafb244ecb344fb9e - - - -] volume service is down. (host: rack13-server67@lvm-1)
2025-01-13 13:56:24.174 7 WARNING cinder.scheduler.host_manager [None req-91925a16-d685-4d70-9498-3743c6beb1ae b5d41c6de1174988873c9b09a4709e6a d84e879dc0504c6fafb244ecb344fb9e - - - -] volume service is down. (host: rack13-server67@lvm-1)
2025-01-13 13:56:26.293 7 WARNING cinder.scheduler.host_manager [None req-a6d03b45-caeb-41b1-acf6-4ac2ca5e1c6a c2a559845d47473196f3dc55224c5818 ad2fe777815544a6a991015b941390b1 - - - -] volume service is down. (host: rack13-server67@lvm-1)
2025-01-13 13:56:27.148 7 WARNING cinder.scheduler.host_manager [None req-d1fc8dfd-6bf3-4f21-b4fa-24d16c972c7b b76d609a029442f1ab075984e026b18d f27cda12321e46d286e8b996a33614b3 - - - -] volume service is down. (host: rack13-server67@lvm-1)
2025-01-13 13:56:28.961 7 WARNING cinder.scheduler.host_manager [None req-ff075c82-cb8f-4be8-9f89-2c734409035c c2a559845d47473196f3dc55224c5818 ad2fe777815544a6a991015b941390b1 - - - -] volume service is down. (host: rack13-server67@lvm-1)
2025-01-13 13:56:29.474 7 WARNING cinder.scheduler.host_manager [None req-84e27d53-b9ca-4814-ade5-0eacdece1447 b76d609a029442f1ab075984e026b18d f27cda12321e46d286e8b996a33614b3 - - - -] volume service is down. (host: rack13-server67@lvm-1)
2025-01-13 13:56:31.296 7 WARNING cinder.scheduler.host_manager [None req-465da0d2-e448-4454-86ff-749eab2f127e c2a559845d47473196f3dc55224c5818 ad2fe777815544a6a991015b941390b1 - - - -] volume service is down. (host: rack13-server67@lvm-1)
2025-01-13 13:56:31.736 7 WARNING cinder.scheduler.host_manager [None req-9d8b48f9-3e8d-44ad-ba14-46e150440279 b76d609a029442f1ab075984e026b18d f27cda12321e46d286e8b996a33614b3 - - - -] volume service is down. (host: rack13-server67@lvm-1)
2025-01-13 13:56:33.571 7 WARNING cinder.scheduler.host_manager [None req-6f339902-0e67-4432-aa58-6d1cdc7028b4 c2a559845d47473196f3dc55224c5818 ad2fe777815544a6a991015b941390b1 - - - -] volume service is down. (host: rack13-server67@lvm-1)
2025-01-13 13:56:35.251 7 WARNING cinder.scheduler.host_manager [None req-a850aa1a-3550-4706-be0b-ecbe64e23161 cfe01589ba1d46dd890c385c073cdead e174edd8f0024804ba24ab2e34a09748 - - - -] volume service is down. (host: rack13-server67@lvm-1)
2025-01-13 13:56:35.386 7 WARNING cinder.scheduler.host_manager [None req-3be32a31-4cb7-4609-b55d-56b5a993e4de b76d609a029442f1ab075984e026b18d f27cda12321e46d286e8b996a33614b3 - - - -] volume service is down. (host: rack13-server67@lvm-1)
2025-01-13 13:56:37.666 7 WARNING cinder.scheduler.host_manager [None req-0135ea61-3080-4498-b4a4-f0f33e7ec5dc b76d609a029442f1ab075984e026b18d f27cda12321e46d286e8b996a33614b3 - - - -] volume service is down. (host: rack13-server67@lvm-1)
2025-01-13 13:56:40.011 7 WARNING cinder.scheduler.host_manager [None req-f59ec659-45e3-4e20-b825-37688fd57f02 b76d609a029442f1ab075984e026b18d f27cda12321e46d286e8b996a33614b3 - - - -] volume service is down. (host: rack13-server67@lvm-1)
2025-01-13 13:56:40.520 7 WARNING cinder.scheduler.host_manager [None req-efedb757-f0b4-41ed-87a6-3817653ff878 f5d3601c749e49c9a8ec517a045fb930 095eafbe254a4c1d867451d0a94dae03 - - - -] volume service is down. (host: rack13-server67@lvm-1)
2025-01-13 13:56:43.214 7 WARNING cinder.scheduler.host_manager [None req-e71375e9-e006-4feb-a6ce-a1b3b63bc042 f5d3601c749e49c9a8ec517a045fb930 095eafbe254a4c1d867451d0a94dae03 - - - -] volume service is down. (host: rack13-server67@lvm-1)
2025-01-13 13:56:47.997 7 WARNING cinder.scheduler.host_manager [None req-c9fa9f2a-a26b-4123-a643-007628951610 f5d3601c749e49c9a8ec517a045fb930 095eafbe254a4c1d867451d0a94dae03 - - - -] volume service is down. (host: rack13-server67@lvm-1)
2025-01-13 13:56:50.434 7 WARNING cinder.scheduler.host_manager [None req-d6a7aa71-e067-4ba3-968d-2db0682ad097 f5d3601c749e49c9a8ec517a045fb930 095eafbe254a4c1d867451d0a94dae03 - - - -] volume service is down. (host: rack13-server67@lvm-1)
2025-01-13 13:56:51.618 7 WARNING cinder.scheduler.host_manager [None req-59f68937-59b0-45e8-bca1-dc0bbdb25773 0eed3e0719b8475482742031edd3e612 7a133d535a804fedb3e22a02a82e9ebb - - - -] volume service is down. (host: rack13-server67@lvm-1)
2025-01-13 13:56:54.158 7 WARNING cinder.scheduler.host_manager [None req-cb2e35a4-8b1e-4afe-812b-903b866ed75d f5d3601c749e49c9a8ec517a045fb930 095eafbe254a4c1d867451d0a94dae03 - - - -] volume service is down. (host: rack13-server67@lvm-1)
2025-01-13 13:56:56.705 7 WARNING cinder.scheduler.host_manager [None req-64df09d3-9e94-402a-a185-6a2953c72016 0eed3e0719b8475482742031edd3e612 7a133d535a804fedb3e22a02a82e9ebb - - - -] volume service is down. (host: rack13-server67@lvm-1)
2025-01-13 13:57:00.328 7 WARNING cinder.scheduler.host_manager [None req-7db5b2f6-10a0-4042-aa4c-aecd86102436 f5d3601c749e49c9a8ec517a045fb930 095eafbe254a4c1d867451d0a94dae03 - - - -] volume service is down. (host: rack13-server67@lvm-1)
2025-01-13 13:57:05.166 7 WARNING cinder.scheduler.host_manager [None req-da0d5a45-200d-427a-b658-3bc13a588c31 a0766c5456cc4d7aa78d2cb43ba3bd0c 82ae7d62c0454f0994a81a353c2ff775 - - - -] volume service is down. (host: rack13-server67@lvm-1)
2025-01-13 13:57:07.494 7 WARNING cinder.scheduler.host_manager [None req-45e96958-8018-4dac-9d5f-bf0fbe1a73e3 a0766c5456cc4d7aa78d2cb43ba3bd0c 82ae7d62c0454f0994a81a353c2ff775 - - - -] volume service is down. (host: rack13-server67@lvm-1)
2025-01-13 13:57:08.023 7 WARNING cinder.scheduler.host_manager [None req-37f4e343-9862-49e2-8d79-e9385dc7d3f4 dad44216b3994b959c23e83d8c63f8cc c30328f8f4804a5d93f63b3449290dde - - - -] volume service is down. (host: rack13-server67@lvm-1)
2025-01-13 13:57:09.428 7 WARNING cinder.scheduler.host_manager [None req-92fd7fcb-4914-40a8-a50f-56f192aeac0c f5d3601c749e49c9a8ec517a045fb930 095eafbe254a4c1d867451d0a94dae03 - - - -] volume service is down. (host: rack13-server67@lvm-1)
2025-01-13 13:57:09.741 7 WARNING cinder.scheduler.host_manager [None req-e1da77ad-cb49-4337-95b7-7e67e552c48b a0766c5456cc4d7aa78d2cb43ba3bd0c 82ae7d62c0454f0994a81a353c2ff775 - - - -] volume service is down. (host: rack13-server67@lvm-1)
2025-01-13 13:57:11.945 7 WARNING cinder.scheduler.host_manager [None req-f1da1835-afb5-44dc-b00a-bf79f51c1590 a0766c5456cc4d7aa78d2cb43ba3bd0c 82ae7d62c0454f0994a81a353c2ff775 - - - -] volume service is down. (host: rack13-server67@lvm-1)
2025-01-13 13:57:13.019 7 WARNING cinder.scheduler.host_manager [None req-a3a78d67-c479-4a0d-a46e-098cbba1bb50 dad44216b3994b959c23e83d8c63f8cc c30328f8f4804a5d93f63b3449290dde - - - -] volume service is down. (host: rack13-server67@lvm-1)
2025-01-13 13:57:17.585 7 WARNING cinder.scheduler.host_manager [None req-e0b0f6af-d28c-4b64-9485-0b38dd4e3f69 45cc1b11fb4e4b06b7d2cb1de294224d 537324d70979457c83e3457d188a15e0 - - - -] volume service is down. (host: rack13-server67@lvm-1)
2025-01-13 13:57:19.919 7 WARNING cinder.scheduler.host_manager [None req-a4626f97-2fa9-41b1-a831-d19b395a7a58 45cc1b11fb4e4b06b7d2cb1de294224d 537324d70979457c83e3457d188a15e0 - - - -] volume service is down. (host: rack13-server67@lvm-1)
2025-01-13 13:57:32.495 7 WARNING cinder.scheduler.host_manager [None req-81f2d17d-54a3-4b68-b1d9-13485a2beada ad27bdfe371d4199a8de985076d57f11 e1e02250947a44c893bdde017a98a381 - - - -] volume service is down. (host: rack13-server67@lvm-1)
2025-01-13 13:57:32.560 7 WARNING cinder.scheduler.host_manager [None req-d9d9abe8-8bc9-472e-bd88-beded72a565c bf35cb0d6025403e9d389fdbb9cf7348 d571b7c5ff604ed8a6c19e7b4d68c1cd - - - -] volume service is down. (host: rack13-server67@lvm-1)
2025-01-13 13:57:32.626 7 WARNING cinder.scheduler.host_manager [None req-b36bffb2-a011-4d7d-8225-88ac6feb4739 b8a3e0efc23d4a8ba98c8a89de4716c7 dbb224398bae44bba601ea1a743f6164 - - - -] volume service is down. (host: rack13-server67@lvm-1)
2025-01-13 13:57:32.761 7 WARNING cinder.scheduler.host_manager [None req-4d435c81-49cc-4a44-8dc3-032b54150574 bf35cb0d6025403e9d389fdbb9cf7348 d571b7c5ff604ed8a6c19e7b4d68c1cd - - - -] volume service is down. (host: rack13-server67@lvm-1)
2025-01-13 13:57:33.007 7 WARNING cinder.scheduler.host_manager [None req-ef5a14d0-0ac6-4139-a7e4-ac5ad65aa0e2 bf35cb0d6025403e9d389fdbb9cf7348 d571b7c5ff604ed8a6c19e7b4d68c1cd - - - -] volume service is down. (host: rack13-server67@lvm-1)
2025-01-13 13:57:33.244 7 WARNING cinder.scheduler.host_manager [None req-27b7b0f8-22ab-4bc3-bd46-e7cb1f34bde5 bf35cb0d6025403e9d389fdbb9cf7348 d571b7c5ff604ed8a6c19e7b4d68c1cd - - - -] volume service is down. (host: rack13-server67@lvm-1)
2025-01-13 13:57:33.496 7 WARNING cinder.scheduler.host_manager [None req-99d7fc02-bfea-4560-aa53-ee5393650a09 bf35cb0d6025403e9d389fdbb9cf7348 d571b7c5ff604ed8a6c19e7b4d68c1cd - - - -] volume service is down. (host: rack13-server67@lvm-1)
2025-01-13 13:57:33.829 7 WARNING cinder.scheduler.host_manager [None req-705185b9-bdb4-4b36-85bf-bb06f64df1d1 ad27bdfe371d4199a8de985076d57f11 e1e02250947a44c893bdde017a98a381 - - - -] volume service is down. (host: rack13-server67@lvm-1)
2025-01-13 13:57:34.078 7 WARNING cinder.scheduler.host_manager [None req-51aecd97-385e-4e08-b14f-0de9078cff19 ad27bdfe371d4199a8de985076d57f11 e1e02250947a44c893bdde017a98a381 - - - -] volume service is down. (host: rack13-server67@lvm-1)
2025-01-13 13:57:34.283 7 WARNING cinder.scheduler.host_manager [None req-bad008fb-8963-4797-9903-860d30dae2a2 ad27bdfe371d4199a8de985076d57f11 e1e02250947a44c893bdde017a98a381 - - - -] volume service is down. (host: rack13-server67@lvm-1)
2025-01-13 13:57:34.515 7 WARNING cinder.scheduler.host_manager [None req-4ced5c74-fd21-4d51-b4d1-c64d8ba0d193 ad27bdfe371d4199a8de985076d57f11 e1e02250947a44c893bdde017a98a381 - - - -] volume service is down. (host: rack13-server67@lvm-1)
2025-01-13 13:57:34.717 7 WARNING cinder.scheduler.host_manager [None req-be30877e-35ba-4b9a-9f0c-35316083848f ad27bdfe371d4199a8de985076d57f11 e1e02250947a44c893bdde017a98a381 - - - -] volume service is down. (host: rack13-server67@lvm-1)
2025-01-13 13:57:34.932 7 WARNING cinder.scheduler.host_manager [None req-0e8e5a48-fb16-4826-9364-ef7f3bf0c9dc b8a3e0efc23d4a8ba98c8a89de4716c7 dbb224398bae44bba601ea1a743f6164 - - - -] volume service is down. (host: rack13-server67@lvm-1)
2025-01-13 13:57:37.292 7 WARNING cinder.scheduler.host_manager [None req-bdeaa91b-d85d-4ca1-bb65-4b7dd8dcdec3 b8a3e0efc23d4a8ba98c8a89de4716c7 dbb224398bae44bba601ea1a743f6164 - - - -] volume service is down. (host: rack13-server67@lvm-1)
2025-01-13 13:57:37.508 7 WARNING cinder.scheduler.host_manager [None req-d2b203dd-2371-464a-a470-fee044bbbc75 b8a3e0efc23d4a8ba98c8a89de4716c7 dbb224398bae44bba601ea1a743f6164 - - - -] volume service is down. (host: rack13-server67@lvm-1)
2025-01-13 13:57:37.730 7 WARNING cinder.scheduler.host_manager [None req-b724ee68-2607-4a9c-968d-467397698f5b b8a3e0efc23d4a8ba98c8a89de4716c7 dbb224398bae44bba601ea1a743f6164 - - - -] volume service is down. (host: rack13-server67@lvm-1)
2025-01-13 13:57:37.976 7 WARNING cinder.scheduler.host_manager [None req-4b6e34f9-f3e6-4e67-af1d-d0d866f95958 b8a3e0efc23d4a8ba98c8a89de4716c7 dbb224398bae44bba601ea1a743f6164 - - - -] volume service is down. (host: rack13-server67@lvm-1)
2025-01-13 13:57:38.247 7 WARNING cinder.scheduler.host_manager [None req-d8891a93-1a93-4f42-9e48-83f4a00e8333 b8a3e0efc23d4a8ba98c8a89de4716c7 dbb224398bae44bba601ea1a743f6164 - - - -] volume service is down. (host: rack13-server67@lvm-1)
2025-01-13 13:57:44.280 7 WARNING cinder.scheduler.host_manager [None req-bae3be21-0366-46dc-ace4-fea34e529e1e dce4b78734054ee5969c2af756b938af 943a780b3300437a857f8af5bc6e25d4 - - - -] volume service is down. (host: rack13-server67@lvm-1)
2025-01-13 13:57:45.729 7 WARNING cinder.scheduler.host_manager [None req-c4252eb0-b7cb-4634-9e0a-309652c6c61a dce4b78734054ee5969c2af756b938af 943a780b3300437a857f8af5bc6e25d4 - - - -] volume service is down. (host: rack13-server67@lvm-1)
2025-01-13 13:57:48.080 7 WARNING cinder.scheduler.host_manager [None req-d88a1723-22fe-43eb-a443-dea493320a33 dce4b78734054ee5969c2af756b938af 943a780b3300437a857f8af5bc6e25d4 - - - -] volume service is down. (host: rack13-server67@lvm-1)
