Build Started 26_10_2023_17_49_58
2023-10-26 20:52:30.074 7 WARNING cinder.scheduler.host_manager [req-534dbf9f-0e85-4148-bc4e-282144a242a3 req-803e01f5-cf4b-4dd7-97a5-1bcf551c30a9 efddc3c9200643bead7226078ba8db1e fb2d6db07bbe42a5a4664d0b8836abbc - - - -] volume service is down. (host: rack03-server55@lvm-1)
2023-10-26 20:52:32.724 7 WARNING cinder.scheduler.host_manager [req-9c708145-6774-4a6e-937b-0a5e03b2c80f req-64478d11-8c9c-4349-bf9b-7c4943650280 0323e117773e425a931cfb9a20d3d137 5db3a9b0d6614f9b812c81b82147b7f7 - - - -] volume service is down. (host: rack03-server55@lvm-1)
2023-10-26 20:52:35.107 7 WARNING cinder.scheduler.host_manager [None req-c6e5d105-87c6-415a-8572-94e6de62e1f6 6a03a9be32234574bcd7e6c212ff09cd 476183a2a4ad4904b87bd5f29be84a8e - - - -] volume service is down. (host: rack03-server55@lvm-1)
2023-10-26 20:52:35.111 7 WARNING cinder.scheduler.host_manager [req-3d598be6-7601-442f-b6b3-9f8b4f9896a8 req-5980b5a2-dd04-447b-9b36-d990b15e9113 0323e117773e425a931cfb9a20d3d137 5db3a9b0d6614f9b812c81b82147b7f7 - - - -] volume service is down. (host: rack03-server55@lvm-1)
2023-10-26 20:52:35.151 7 WARNING cinder.scheduler.host_manager [None req-43eadc45-b472-459b-a5cc-66ce2ca32557 6a03a9be32234574bcd7e6c212ff09cd 476183a2a4ad4904b87bd5f29be84a8e - - - -] volume service is down. (host: rack03-server55@lvm-1)
2023-10-26 20:52:36.255 7 WARNING cinder.scheduler.host_manager [None req-0fa425fd-1145-47f8-945f-c454cfdbc5e5 29f9977d4d864e0194935511b8de4373 59e6bed353a142639843012d9f8eaede - - - -] volume service is down. (host: rack03-server55@lvm-1)
2023-10-26 20:52:38.738 7 WARNING cinder.scheduler.host_manager [None req-7146db06-8241-4451-9bd8-ec0f694653be 29f9977d4d864e0194935511b8de4373 59e6bed353a142639843012d9f8eaede - - - -] volume service is down. (host: rack03-server55@lvm-1)
2023-10-26 20:52:40.952 7 WARNING cinder.scheduler.host_manager [None req-052cd0b8-3908-4c6b-ac6c-aa4bd8e9b9ec 93a026cbb7904762ac4e01dceda01974 1f8a25081c3c4746b2e7c0a454ee09b6 - - - -] volume service is down. (host: rack03-server55@lvm-1)
2023-10-26 20:52:40.953 7 INFO cinder.scheduler.base_filter [None req-052cd0b8-3908-4c6b-ac6c-aa4bd8e9b9ec 93a026cbb7904762ac4e01dceda01974 1f8a25081c3c4746b2e7c0a454ee09b6 - - - -] Filtering removed all hosts for the request with volume ID '2571fec9-8907-4e2c-951d-75972e6db1d1'. Filter results: AvailabilityZoneFilter: (start: 1, end: 1), CapacityFilter: (start: 1, end: 1), CapabilitiesFilter: (start: 1, end: 0)
2023-10-26 20:52:40.954 7 WARNING cinder.scheduler.filter_scheduler [None req-052cd0b8-3908-4c6b-ac6c-aa4bd8e9b9ec 93a026cbb7904762ac4e01dceda01974 1f8a25081c3c4746b2e7c0a454ee09b6 - - - -] No weighed backend found for volume with properties: {'id': '19a0ccc0-fd1e-4e08-a145-93c1f79f5b60', 'name': 'tempest-UserMessagesTest-volume-type-899230581', 'description': None, 'is_public': True, 'projects': [], 'extra_specs': {'storage_protocol': 'tempest-storage_protocol-2031206136', 'vendor_name': 'tempest-vendor_name-385780973'}, 'qos_specs_id': None, 'created_at': '2023-10-26T17:52:40.000000', 'updated_at': None, 'deleted_at': None, 'deleted': False}
2023-10-26 20:52:40.955 7 INFO cinder.message.api [None req-052cd0b8-3908-4c6b-ac6c-aa4bd8e9b9ec 93a026cbb7904762ac4e01dceda01974 1f8a25081c3c4746b2e7c0a454ee09b6 - - - -] Creating message record for request_id = req-052cd0b8-3908-4c6b-ac6c-aa4bd8e9b9ec
2023-10-26 20:52:40.961 7 ERROR cinder.scheduler.flows.create_volume [None req-052cd0b8-3908-4c6b-ac6c-aa4bd8e9b9ec 93a026cbb7904762ac4e01dceda01974 1f8a25081c3c4746b2e7c0a454ee09b6 - - - -] Failed to run task cinder.scheduler.flows.create_volume.ScheduleCreateVolumeTask;volume:create: No valid backend was found. No weighed backends available: cinder.exception.NoValidBackend: No valid backend was found. No weighed backends available
2023-10-26 20:52:41.171 7 WARNING cinder.scheduler.host_manager [None req-7e5fd8c7-db4f-40cb-88b0-54665d02fbf6 29f9977d4d864e0194935511b8de4373 59e6bed353a142639843012d9f8eaede - - - -] volume service is down. (host: rack03-server55@lvm-1)
2023-10-26 20:52:42.439 7 WARNING cinder.scheduler.host_manager [None req-ffe6afc9-1f73-4e81-bf0d-b7f6eaca6862 93a026cbb7904762ac4e01dceda01974 1f8a25081c3c4746b2e7c0a454ee09b6 - - - -] volume service is down. (host: rack03-server55@lvm-1)
2023-10-26 20:52:42.440 7 INFO cinder.scheduler.base_filter [None req-ffe6afc9-1f73-4e81-bf0d-b7f6eaca6862 93a026cbb7904762ac4e01dceda01974 1f8a25081c3c4746b2e7c0a454ee09b6 - - - -] Filtering removed all hosts for the request with volume ID 'e0c6dc30-86a1-42d8-ab52-689957782494'. Filter results: AvailabilityZoneFilter: (start: 1, end: 1), CapacityFilter: (start: 1, end: 1), CapabilitiesFilter: (start: 1, end: 0)
2023-10-26 20:52:42.440 7 WARNING cinder.scheduler.filter_scheduler [None req-ffe6afc9-1f73-4e81-bf0d-b7f6eaca6862 93a026cbb7904762ac4e01dceda01974 1f8a25081c3c4746b2e7c0a454ee09b6 - - - -] No weighed backend found for volume with properties: {'id': 'f10289a2-5470-402e-9fa8-617d2df64ee8', 'name': 'tempest-UserMessagesTest-volume-type-1704824086', 'description': None, 'is_public': True, 'projects': [], 'extra_specs': {'storage_protocol': 'tempest-storage_protocol-1013563746', 'vendor_name': 'tempest-vendor_name-1427516565'}, 'qos_specs_id': None, 'created_at': '2023-10-26T17:52:42.000000', 'updated_at': None, 'deleted_at': None, 'deleted': False}
2023-10-26 20:52:42.441 7 INFO cinder.message.api [None req-ffe6afc9-1f73-4e81-bf0d-b7f6eaca6862 93a026cbb7904762ac4e01dceda01974 1f8a25081c3c4746b2e7c0a454ee09b6 - - - -] Creating message record for request_id = req-ffe6afc9-1f73-4e81-bf0d-b7f6eaca6862
2023-10-26 20:52:42.446 7 ERROR cinder.scheduler.flows.create_volume [None req-ffe6afc9-1f73-4e81-bf0d-b7f6eaca6862 93a026cbb7904762ac4e01dceda01974 1f8a25081c3c4746b2e7c0a454ee09b6 - - - -] Failed to run task cinder.scheduler.flows.create_volume.ScheduleCreateVolumeTask;volume:create: No valid backend was found. No weighed backends available: cinder.exception.NoValidBackend: No valid backend was found. No weighed backends available
2023-10-26 20:52:50.023 7 WARNING cinder.scheduler.host_manager [None req-861a9306-b40f-4ab7-8601-34208e152b7c 5d82c0080317433b9ba9c2fbca39c65c 74c6551bf55a4d96bd6b6bcc9e3e23ee - - - -] volume service is down. (host: rack03-server55@lvm-1)
2023-10-26 20:52:50.030 7 WARNING cinder.scheduler.host_manager [None req-861a9306-b40f-4ab7-8601-34208e152b7c 5d82c0080317433b9ba9c2fbca39c65c 74c6551bf55a4d96bd6b6bcc9e3e23ee - - - -] volume service is down. (host: rack03-server55@lvm-1)
2023-10-26 20:52:51.390 7 WARNING cinder.scheduler.host_manager [None req-0bcf30fe-46d0-441d-8a46-0a4b14b9ddfe 5d82c0080317433b9ba9c2fbca39c65c 74c6551bf55a4d96bd6b6bcc9e3e23ee - - - -] volume service is down. (host: rack03-server55@lvm-1)
2023-10-26 20:52:52.812 7 WARNING cinder.scheduler.host_manager [None req-d4e6a56e-a617-48fb-b0cf-677cf0b6c09d 9dfe9fdba06543ab8e601a70179384fb aa5c3fa83b26485dbd330a5ace3559ff - - - -] volume service is down. (host: rack03-server55@lvm-1)
2023-10-26 20:52:52.819 7 WARNING cinder.scheduler.host_manager [None req-d4e6a56e-a617-48fb-b0cf-677cf0b6c09d 9dfe9fdba06543ab8e601a70179384fb aa5c3fa83b26485dbd330a5ace3559ff - - - -] volume service is down. (host: rack03-server55@lvm-1)
2023-10-26 20:52:54.192 7 WARNING cinder.scheduler.host_manager [None req-bcafa6bc-7095-489b-ba3b-d71193c49bcd 9dfe9fdba06543ab8e601a70179384fb aa5c3fa83b26485dbd330a5ace3559ff - - - -] volume service is down. (host: rack03-server55@lvm-1)
2023-10-26 20:52:55.529 7 WARNING cinder.scheduler.host_manager [None req-d232734e-30c8-4ca8-8d44-c79d76e14ca5 0b3bdb92293a462483c52d7e8d1413cf 3b3b9481de104cc8b331a386877f6135 - - - -] volume service is down. (host: rack03-server55@lvm-1)
2023-10-26 20:52:58.869 7 WARNING cinder.scheduler.host_manager [None req-6cbb1440-0b20-4794-876d-b0b074937c48 9dfe9fdba06543ab8e601a70179384fb aa5c3fa83b26485dbd330a5ace3559ff - - - -] volume service is down. (host: rack03-server55@lvm-1)
2023-10-26 20:53:04.484 7 WARNING cinder.scheduler.host_manager [None req-f4ce8909-bca6-4768-9c7a-30a91f857df6 9dfe9fdba06543ab8e601a70179384fb aa5c3fa83b26485dbd330a5ace3559ff - - - -] volume service is down. (host: rack03-server55@lvm-1)
2023-10-26 20:53:04.491 7 WARNING cinder.scheduler.host_manager [None req-f4ce8909-bca6-4768-9c7a-30a91f857df6 9dfe9fdba06543ab8e601a70179384fb aa5c3fa83b26485dbd330a5ace3559ff - - - -] volume service is down. (host: rack03-server55@lvm-1)
2023-10-26 20:53:05.328 7 WARNING cinder.scheduler.host_manager [None req-ae640b61-cd5c-4f21-8bb0-2939bf3e43cf d08e1823d169467883175235434c6e28 92617e0407d64a1b9fbc96802216fb70 - - - -] volume service is down. (host: rack03-server55@lvm-1)
2023-10-26 20:53:05.838 7 WARNING cinder.scheduler.host_manager [None req-d5cbed75-7884-4687-9f65-942c7ac782c1 9dfe9fdba06543ab8e601a70179384fb aa5c3fa83b26485dbd330a5ace3559ff - - - -] volume service is down. (host: rack03-server55@lvm-1)
2023-10-26 20:53:08.288 7 WARNING cinder.scheduler.host_manager [None req-35ddc40d-2f0f-4275-8c95-c077f0d0f56d 9dfe9fdba06543ab8e601a70179384fb aa5c3fa83b26485dbd330a5ace3559ff - - - -] volume service is down. (host: rack03-server55@lvm-1)
2023-10-26 20:53:16.475 7 WARNING cinder.scheduler.host_manager [None req-245518cc-b23f-4588-b6b3-d6c1c031996d 5e745ce137464a1f92b6a41a1dfd3759 26f1fe880bf8480baf3ff281d1637490 - - - -] volume service is down. (host: rack03-server55@lvm-1)
2023-10-26 20:53:16.484 7 WARNING cinder.scheduler.host_manager [None req-245518cc-b23f-4588-b6b3-d6c1c031996d 5e745ce137464a1f92b6a41a1dfd3759 26f1fe880bf8480baf3ff281d1637490 - - - -] volume service is down. (host: rack03-server55@lvm-1)
2023-10-26 20:53:21.839 7 WARNING cinder.scheduler.host_manager [None req-59c6802d-82e0-4239-b758-05d43e4dde5f 9dfe9fdba06543ab8e601a70179384fb aa5c3fa83b26485dbd330a5ace3559ff - - - -] volume service is down. (host: rack03-server55@lvm-1)
2023-10-26 20:53:21.851 7 WARNING cinder.scheduler.host_manager [None req-59c6802d-82e0-4239-b758-05d43e4dde5f 9dfe9fdba06543ab8e601a70179384fb aa5c3fa83b26485dbd330a5ace3559ff - - - -] volume service is down. (host: rack03-server55@lvm-1)
2023-10-26 20:53:23.182 7 WARNING cinder.scheduler.host_manager [None req-6573e784-2260-4fc4-aa51-75dca1fe1d1d 9dfe9fdba06543ab8e601a70179384fb aa5c3fa83b26485dbd330a5ace3559ff - - - -] volume service is down. (host: rack03-server55@lvm-1)
2023-10-26 20:53:24.245 7 WARNING cinder.scheduler.host_manager [None req-4efbf6e5-b139-4a71-8144-9a2df05c4aec adb54029a47e45f891b4c31d59f89ac8 ebb340cf437b42b3a0ff168b0487a5d4 - - - -] volume service is down. (host: rack03-server55@lvm-1)
2023-10-26 20:53:24.829 7 WARNING cinder.scheduler.host_manager [None req-ce7ea6ae-b6b7-4b60-931c-fece876bbad0 7af1af1246924ffca69b507f875e347b a49fd22a32e448e1aed7152f3ade7c70 - - - -] volume service is down. (host: rack03-server55@lvm-1)
2023-10-26 20:53:26.557 7 WARNING cinder.scheduler.host_manager [None req-54bd1648-0bbc-4a14-8362-0ea59be909d0 adb54029a47e45f891b4c31d59f89ac8 ebb340cf437b42b3a0ff168b0487a5d4 - - - -] volume service is down. (host: rack03-server55@lvm-1)
2023-10-26 20:53:27.149 7 WARNING cinder.scheduler.host_manager [None req-1349349f-7b61-4f4a-a5d1-8458d02b7dbe 7af1af1246924ffca69b507f875e347b a49fd22a32e448e1aed7152f3ade7c70 - - - -] volume service is down. (host: rack03-server55@lvm-1)
2023-10-26 20:53:29.653 7 WARNING cinder.scheduler.host_manager [None req-12a90f2b-1b4b-4a91-beaf-d99118f4f1cb 7af1af1246924ffca69b507f875e347b a49fd22a32e448e1aed7152f3ade7c70 - - - -] volume service is down. (host: rack03-server55@lvm-1)
2023-10-26 20:53:33.168 7 WARNING cinder.scheduler.host_manager [None req-8b562704-2bee-4cdd-a905-be25991f66f7 7af1af1246924ffca69b507f875e347b a49fd22a32e448e1aed7152f3ade7c70 - - - -] volume service is down. (host: rack03-server55@lvm-1)
2023-10-26 20:53:36.709 7 WARNING cinder.scheduler.host_manager [None req-d8febfd5-6309-4a7e-a77c-5a8c50e9066e 7af1af1246924ffca69b507f875e347b a49fd22a32e448e1aed7152f3ade7c70 - - - -] volume service is down. (host: rack03-server55@lvm-1)
2023-10-26 20:53:36.898 7 WARNING cinder.scheduler.host_manager [None req-f084e438-db22-4b33-ae06-594a565914a7 e74f49915207428b942d0a9850df9578 2bd58dd193b44f8fa3db6f5990813606 - - - -] volume service is down. (host: rack03-server55@lvm-1)
2023-10-26 20:53:36.905 7 WARNING cinder.scheduler.host_manager [None req-f084e438-db22-4b33-ae06-594a565914a7 e74f49915207428b942d0a9850df9578 2bd58dd193b44f8fa3db6f5990813606 - - - -] volume service is down. (host: rack03-server55@lvm-1)
2023-10-26 20:53:37.849 7 WARNING cinder.scheduler.host_manager [None req-bc6aa546-94c6-4b2a-8193-25d73e736c4a e1ae9a194c3742a78d40875c3cc77b38 263c75733b594ab791b48278d8ff4179 - - - -] volume service is down. (host: rack03-server55@lvm-1)
2023-10-26 20:53:38.079 7 WARNING cinder.scheduler.host_manager [None req-087e8c11-60ba-47f9-af82-8a19d4f1b9c9 e74f49915207428b942d0a9850df9578 2bd58dd193b44f8fa3db6f5990813606 - - - -] volume service is down. (host: rack03-server55@lvm-1)
2023-10-26 20:53:38.087 7 WARNING cinder.scheduler.host_manager [None req-087e8c11-60ba-47f9-af82-8a19d4f1b9c9 e74f49915207428b942d0a9850df9578 2bd58dd193b44f8fa3db6f5990813606 - - - -] volume service is down. (host: rack03-server55@lvm-1)
2023-10-26 20:53:39.472 7 WARNING cinder.scheduler.host_manager [None req-ae372e72-3971-4544-96a8-70d4c385d717 e74f49915207428b942d0a9850df9578 2bd58dd193b44f8fa3db6f5990813606 - - - -] volume service is down. (host: rack03-server55@lvm-1)
2023-10-26 20:53:40.151 7 WARNING cinder.scheduler.host_manager [None req-ac0f4cd2-5f5c-4610-8d92-3304ad2c0f48 e1ae9a194c3742a78d40875c3cc77b38 263c75733b594ab791b48278d8ff4179 - - - -] volume service is down. (host: rack03-server55@lvm-1)
2023-10-26 20:53:40.260 7 WARNING cinder.scheduler.host_manager [None req-7149c3d8-81ec-4fb7-a450-6f1bf060a9aa 7af1af1246924ffca69b507f875e347b a49fd22a32e448e1aed7152f3ade7c70 - - - -] volume service is down. (host: rack03-server55@lvm-1)
2023-10-26 20:53:42.403 7 WARNING cinder.scheduler.host_manager [None req-8a216a8a-0495-46d7-bfc8-aab832e06510 e1ae9a194c3742a78d40875c3cc77b38 263c75733b594ab791b48278d8ff4179 - - - -] volume service is down. (host: rack03-server55@lvm-1)
2023-10-26 20:53:44.830 7 WARNING cinder.scheduler.host_manager [None req-60a62159-21bb-4bb3-b73d-937f2bdc9c8a e74f49915207428b942d0a9850df9578 2bd58dd193b44f8fa3db6f5990813606 - - - -] volume service is down. (host: rack03-server55@lvm-1)
2023-10-26 20:53:44.837 7 WARNING cinder.scheduler.host_manager [None req-60a62159-21bb-4bb3-b73d-937f2bdc9c8a e74f49915207428b942d0a9850df9578 2bd58dd193b44f8fa3db6f5990813606 - - - -] volume service is down. (host: rack03-server55@lvm-1)
2023-10-26 20:53:46.008 7 WARNING cinder.scheduler.host_manager [None req-98440df3-79dc-4b97-858b-dd77b3401aac e1ae9a194c3742a78d40875c3cc77b38 263c75733b594ab791b48278d8ff4179 - - - -] volume service is down. (host: rack03-server55@lvm-1)
2023-10-26 20:53:46.453 7 WARNING cinder.scheduler.host_manager [None req-1081c67a-5969-460f-969d-151e6a1b52b5 e74f49915207428b942d0a9850df9578 2bd58dd193b44f8fa3db6f5990813606 - - - -] volume service is down. (host: rack03-server55@lvm-1)
2023-10-26 20:53:47.827 7 WARNING cinder.scheduler.host_manager [None req-a7d67398-b2d4-4a19-b7eb-db3b605b890f e74f49915207428b942d0a9850df9578 2bd58dd193b44f8fa3db6f5990813606 - - - -] volume service is down. (host: rack03-server55@lvm-1)
2023-10-26 20:53:48.274 7 WARNING cinder.scheduler.host_manager [None req-2b94d4fd-380e-4fab-868d-abca34bb084a e1ae9a194c3742a78d40875c3cc77b38 263c75733b594ab791b48278d8ff4179 - - - -] volume service is down. (host: rack03-server55@lvm-1)
2023-10-26 20:53:50.677 7 WARNING cinder.scheduler.host_manager [None req-58d52db8-2ff7-4654-ac34-f9d130779681 e1ae9a194c3742a78d40875c3cc77b38 263c75733b594ab791b48278d8ff4179 - - - -] volume service is down. (host: rack03-server55@lvm-1)
2023-10-26 20:54:00.088 7 WARNING cinder.scheduler.host_manager [None req-c8aee44b-d19a-45c5-a227-787c3f106759 eb2e50b90efc41688df0403ea85210b1 e5f012013f6f42e8ae27cf5a1c578f78 - - - -] volume service is down. (host: rack03-server55@lvm-1)
2023-10-26 20:54:00.095 7 WARNING cinder.scheduler.host_manager [None req-c8aee44b-d19a-45c5-a227-787c3f106759 eb2e50b90efc41688df0403ea85210b1 e5f012013f6f42e8ae27cf5a1c578f78 - - - -] volume service is down. (host: rack03-server55@lvm-1)
2023-10-26 20:54:01.441 7 WARNING cinder.scheduler.host_manager [None req-eaefb27a-1f8f-4b0f-8239-84e99fe76279 eb2e50b90efc41688df0403ea85210b1 e5f012013f6f42e8ae27cf5a1c578f78 - - - -] volume service is down. (host: rack03-server55@lvm-1)
2023-10-26 20:54:02.144 7 WARNING cinder.scheduler.host_manager [None req-e78314b5-25d5-46ac-86fd-e0b0ee08144e f408bd3f47204712857ecda01523db96 36e9487b0df543ca959e03c8dcc6906b - - - -] volume service is down. (host: rack03-server55@lvm-1)
2023-10-26 20:54:03.547 7 WARNING cinder.scheduler.host_manager [None req-efff3b36-8882-4dc9-8003-19d869c189cf b73e0760413c433aa97362aca4ad939b 690d6dc8dc424009b11ddae90eaec061 - - - -] volume service is down. (host: rack03-server55@lvm-1)
2023-10-26 20:54:03.776 7 WARNING cinder.scheduler.host_manager [None req-df4c5e83-5e1a-4382-a903-e5b8b10aa191 eb2e50b90efc41688df0403ea85210b1 e5f012013f6f42e8ae27cf5a1c578f78 - - - -] volume service is down. (host: rack03-server55@lvm-1)
2023-10-26 20:54:05.990 7 WARNING cinder.scheduler.host_manager [None req-135fc94a-aef3-49c0-a2e8-276593556254 b73e0760413c433aa97362aca4ad939b 690d6dc8dc424009b11ddae90eaec061 - - - -] volume service is down. (host: rack03-server55@lvm-1)
2023-10-26 20:54:06.734 7 WARNING cinder.scheduler.host_manager [None req-b1d73c61-134d-40e5-8cef-ab6005fb014a f408bd3f47204712857ecda01523db96 36e9487b0df543ca959e03c8dcc6906b - - - -] volume service is down. (host: rack03-server55@lvm-1)
2023-10-26 20:54:08.433 7 WARNING cinder.scheduler.host_manager [None req-8b38c7c4-c0b8-4bd7-b991-e75a96f88592 b73e0760413c433aa97362aca4ad939b 690d6dc8dc424009b11ddae90eaec061 - - - -] volume service is down. (host: rack03-server55@lvm-1)
2023-10-26 20:54:11.127 7 WARNING cinder.scheduler.host_manager [None req-872d6ac8-757e-4bb7-900c-213cb732f87f 86d625a4a4884b6381c7287b4d4ea7a9 123ad10e5fae4f73abcc2410d6f0971d - - - -] volume service is down. (host: rack03-server55@lvm-1)
2023-10-26 20:54:14.316 7 WARNING cinder.scheduler.host_manager [None req-0d516477-70b9-4f40-b06d-4178459ed834 914935b250c84216bb229742c6314e38 e408f266c1c149d1be0292b5dcba6924 - - - -] volume service is down. (host: rack03-server55@lvm-1)
2023-10-26 20:54:22.317 7 WARNING cinder.scheduler.host_manager [None req-d5af1969-febf-448f-8082-328ec4e0bd5d 0c3ae05ab6a2484fa53b6625a1c1df6b d3c35398d6b44665b4c55d303e7a6ec5 - - - -] volume service is down. (host: rack03-server55@lvm-1)
2023-10-26 20:54:27.000 7 WARNING cinder.scheduler.host_manager [None req-18eb40b7-b2db-4c8b-8a0c-165b0741921f 7297c1bca700479dba3c474204b9745b 08dfb458d67e49d697470b1040eed185 - - - -] volume service is down. (host: rack03-server55@lvm-1)
2023-10-26 20:54:36.215 7 WARNING cinder.scheduler.host_manager [None req-6cc81a07-3bb2-48dc-b86f-4fbd75b04c69 1c409373932446828713591ee0ae48df 49897594350347d69829b949538c9712 - - - -] volume service is down. (host: rack03-server55@lvm-1)
2023-10-26 20:54:36.877 7 WARNING cinder.scheduler.host_manager [None req-f0ff40ad-a633-4d39-800a-df99b0f55542 838f9218e3e1454fbd33b85f0bedac4a 5c3d085d7dc5468aa887c9a600276cfd - - - -] volume service is down. (host: rack03-server55@lvm-1)
2023-10-26 20:54:40.601 7 WARNING cinder.scheduler.host_manager [None req-22819255-0e85-4584-ac98-82c64a3e292d 838f9218e3e1454fbd33b85f0bedac4a 5c3d085d7dc5468aa887c9a600276cfd - - - -] volume service is down. (host: rack03-server55@lvm-1)
2023-10-26 20:54:49.484 7 WARNING cinder.scheduler.host_manager [None req-6503a4bb-52f1-4dc3-8f7a-5414445a3d05 1c409373932446828713591ee0ae48df 49897594350347d69829b949538c9712 - - - -] volume service is down. (host: rack03-server55@lvm-1)
2023-10-26 20:54:54.595 7 WARNING cinder.scheduler.host_manager [None req-f9faedcd-36bd-472a-a45d-d7dca8e7edf7 0d5cd48040264f8fbd2392f194e3eec2 21efc831ca834605aa1940174741c840 - - - -] volume service is down. (host: rack03-server55@lvm-1)
2023-10-26 20:54:55.019 7 WARNING cinder.scheduler.host_manager [None req-186a3949-b4cd-4fcf-9077-3f1e9ac2fc7a 69aebc295417434ebce97d5052bbe975 7d43d8a7c2824d07b24fdfa3a49204d1 - - - -] volume service is down. (host: rack03-server55@lvm-1)
2023-10-26 20:54:57.426 7 WARNING cinder.scheduler.host_manager [None req-3c48ab84-d41b-48b1-bc07-556a2a0c8951 69aebc295417434ebce97d5052bbe975 7d43d8a7c2824d07b24fdfa3a49204d1 - - - -] volume service is down. (host: rack03-server55@lvm-1)
2023-10-26 20:55:01.490 7 WARNING cinder.scheduler.host_manager [None req-611c8a81-0127-4746-9064-0bc835f96637 83f369f1e7c341af9c46513483607d6c 556fe22d33954778911d36a9e8b764c8 - - - -] volume service is down. (host: rack03-server55@lvm-1)
2023-10-26 20:55:02.447 7 WARNING cinder.scheduler.host_manager [None req-7d52f10d-fc34-4662-9bfc-60b538a3b3bd 7444c7134e58493d909408166ffd3d6a 551f7d92cc994a94925320e4cd93eef2 - - - -] volume service is down. (host: rack03-server55@lvm-1)
2023-10-26 20:55:10.434 7 WARNING cinder.scheduler.host_manager [None req-fc8cae12-59b0-4a48-bd51-49a30e06c49a 7444c7134e58493d909408166ffd3d6a 551f7d92cc994a94925320e4cd93eef2 - - - -] volume service is down. (host: rack03-server55@lvm-1)
2023-10-26 20:55:11.253 7 WARNING cinder.scheduler.host_manager [None req-f012d057-e2b2-4c78-ba8c-aba4540a2f3b becb6f23474747fab44234452ba6f4f0 91728f64f8e0481f9a9baf260543558c - - - -] volume service is down. (host: rack03-server55@lvm-1)
2023-10-26 20:55:12.205 7 WARNING cinder.scheduler.host_manager [None req-5af3f80f-1e8c-4867-8c8d-90a093e7387f 83f369f1e7c341af9c46513483607d6c 556fe22d33954778911d36a9e8b764c8 - - - -] volume service is down. (host: rack03-server55@lvm-1)
2023-10-26 20:55:12.500 7 WARNING cinder.scheduler.host_manager [None req-cbb31cbc-b774-458e-835b-74c352ba1b2d becb6f23474747fab44234452ba6f4f0 91728f64f8e0481f9a9baf260543558c - - - -] volume service is down. (host: rack03-server55@lvm-1)
2023-10-26 20:55:13.649 7 WARNING cinder.scheduler.host_manager [None req-88ed67c1-57c7-47a8-aa4d-9911150e7a99 83f369f1e7c341af9c46513483607d6c 556fe22d33954778911d36a9e8b764c8 - - - -] volume service is down. (host: rack03-server55@lvm-1)
2023-10-26 20:55:15.930 7 WARNING cinder.scheduler.host_manager [None req-06b3f4d6-162a-4093-922f-192b84fb8b6e 83f369f1e7c341af9c46513483607d6c 556fe22d33954778911d36a9e8b764c8 - - - -] volume service is down. (host: rack03-server55@lvm-1)
2023-10-26 20:55:18.174 7 WARNING cinder.scheduler.host_manager [None req-9010a421-101b-403e-9708-ae7e85141dd3 83f369f1e7c341af9c46513483607d6c 556fe22d33954778911d36a9e8b764c8 - - - -] volume service is down. (host: rack03-server55@lvm-1)
2023-10-26 20:55:23.755 7 WARNING cinder.scheduler.host_manager [None req-f3693e12-f27f-4cba-aa4d-89e781a2de3c 7444c7134e58493d909408166ffd3d6a 551f7d92cc994a94925320e4cd93eef2 - - - -] volume service is down. (host: rack03-server55@lvm-1)
2023-10-26 20:55:26.015 7 WARNING cinder.scheduler.host_manager [None req-024cee75-c871-4beb-b661-9ff2319f6366 7444c7134e58493d909408166ffd3d6a 551f7d92cc994a94925320e4cd93eef2 - - - -] volume service is down. (host: rack03-server55@lvm-1)
2023-10-26 20:55:26.145 7 WARNING cinder.scheduler.host_manager [None req-acbe98f7-aa03-4dfe-b82e-366c9001f493 474e4799f3dc455485dec1e5bb0f098d cec8c20d5a4249bea8c645f8c8567116 - - - -] volume service is down. (host: rack03-server55@lvm-1)
2023-10-26 20:55:28.284 7 WARNING cinder.scheduler.host_manager [None req-663e8a07-952e-4499-ad5a-24792e583053 7444c7134e58493d909408166ffd3d6a 551f7d92cc994a94925320e4cd93eef2 - - - -] volume service is down. (host: rack03-server55@lvm-1)
2023-10-26 20:55:28.741 7 WARNING cinder.scheduler.host_manager [None req-eaf1ddc2-3448-4154-bc84-f89ecec72d7c 474e4799f3dc455485dec1e5bb0f098d cec8c20d5a4249bea8c645f8c8567116 - - - -] volume service is down. (host: rack03-server55@lvm-1)
2023-10-26 20:55:33.517 7 WARNING cinder.scheduler.host_manager [None req-c4f2b523-9cf2-488f-8a34-7af42d0fa7d9 474e4799f3dc455485dec1e5bb0f098d cec8c20d5a4249bea8c645f8c8567116 - - - -] volume service is down. (host: rack03-server55@lvm-1)
2023-10-26 20:55:34.683 7 WARNING cinder.scheduler.host_manager [None req-4ff180c1-0fb0-457f-93e8-061ff35abcf0 1d8d79e2671a4948b704de12de775654 455a8650bbf74adaa4daaca3a441b4dc - - - -] volume service is down. (host: rack03-server55@lvm-1)
2023-10-26 20:55:35.915 7 WARNING cinder.scheduler.host_manager [None req-f9b6da1e-2adb-4d75-8646-45eb324d2a85 474e4799f3dc455485dec1e5bb0f098d cec8c20d5a4249bea8c645f8c8567116 - - - -] volume service is down. (host: rack03-server55@lvm-1)
2023-10-26 20:55:37.559 7 WARNING cinder.scheduler.host_manager [None req-37940acc-648e-4198-bcf2-20bafbb74fd8 7444c7134e58493d909408166ffd3d6a 551f7d92cc994a94925320e4cd93eef2 - - - -] volume service is down. (host: rack03-server55@lvm-1)
2023-10-26 20:55:39.638 7 WARNING cinder.scheduler.host_manager [None req-2df0baa0-0f0b-4f80-97f5-dc3554f6ba49 474e4799f3dc455485dec1e5bb0f098d cec8c20d5a4249bea8c645f8c8567116 - - - -] volume service is down. (host: rack03-server55@lvm-1)
2023-10-26 20:55:40.415 7 WARNING cinder.scheduler.host_manager [None req-3df6d60c-45ce-4a34-8d7b-4e4fab1e8bc9 1d8d79e2671a4948b704de12de775654 455a8650bbf74adaa4daaca3a441b4dc - - - -] volume service is down. (host: rack03-server55@lvm-1)
2023-10-26 20:55:41.097 7 WARNING cinder.scheduler.host_manager [None req-bcc7a772-25bd-41cd-b499-e7b3c5ba20f6 7444c7134e58493d909408166ffd3d6a 551f7d92cc994a94925320e4cd93eef2 - - - -] volume service is down. (host: rack03-server55@lvm-1)
2023-10-26 20:55:44.097 7 WARNING cinder.scheduler.host_manager [None req-577b9040-1c40-48a6-ab5e-9299c5fd22d6 1d8d79e2671a4948b704de12de775654 455a8650bbf74adaa4daaca3a441b4dc - - - -] volume service is down. (host: rack03-server55@lvm-1)
2023-10-26 20:55:44.572 7 WARNING cinder.scheduler.host_manager [None req-abb5f093-9b51-4a77-8555-a5d8edadaa01 474e4799f3dc455485dec1e5bb0f098d cec8c20d5a4249bea8c645f8c8567116 - - - -] volume service is down. (host: rack03-server55@lvm-1)
2023-10-26 20:55:47.780 7 WARNING cinder.scheduler.host_manager [None req-7fa9be39-ba6a-4775-8979-fe8286a90672 1d8d79e2671a4948b704de12de775654 455a8650bbf74adaa4daaca3a441b4dc - - - -] volume service is down. (host: rack03-server55@lvm-1)
2023-10-26 20:55:50.385 7 WARNING cinder.scheduler.host_manager [None req-86aad37c-7e8c-4401-9c50-8a78aa11abd2 1d8d79e2671a4948b704de12de775654 455a8650bbf74adaa4daaca3a441b4dc - - - -] volume service is down. (host: rack03-server55@lvm-1)
2023-10-26 20:55:51.225 7 WARNING cinder.scheduler.host_manager [None req-a6e925db-21d9-4324-afa0-58cbef840e51 7444c7134e58493d909408166ffd3d6a 551f7d92cc994a94925320e4cd93eef2 - - - -] volume service is down. (host: rack03-server55@lvm-1)
2023-10-26 20:55:53.491 7 WARNING cinder.scheduler.host_manager [None req-21e7c37d-4da7-4622-9d2d-dd32d3635537 7444c7134e58493d909408166ffd3d6a 551f7d92cc994a94925320e4cd93eef2 - - - -] volume service is down. (host: rack03-server55@lvm-1)
2023-10-26 20:55:54.058 7 WARNING cinder.scheduler.host_manager [None req-e94983a1-a7f7-4ad1-9498-5395d355134c 1d8d79e2671a4948b704de12de775654 455a8650bbf74adaa4daaca3a441b4dc - - - -] volume service is down. (host: rack03-server55@lvm-1)
2023-10-26 20:55:55.647 7 WARNING cinder.scheduler.host_manager [None req-0795b4ac-f84e-4380-9f14-26ac4e3ac7d8 474e4799f3dc455485dec1e5bb0f098d cec8c20d5a4249bea8c645f8c8567116 - - - -] volume service is down. (host: rack03-server55@lvm-1)
2023-10-26 20:56:02.886 7 WARNING cinder.scheduler.host_manager [None req-fb4e7372-44ce-4fe6-8335-d2e7097682ec 7444c7134e58493d909408166ffd3d6a 551f7d92cc994a94925320e4cd93eef2 - - - -] volume service is down. (host: rack03-server55@lvm-1)
2023-10-26 20:56:03.124 7 WARNING cinder.scheduler.host_manager [None req-d0a7613f-fbff-48a4-be04-699a5e61b343 5c34ec3dcd254071874f8a7b8e17bbda 85b6b4f266cb495b9dc682040873fe56 - - - -] volume service is down. (host: rack03-server55@lvm-1)
2023-10-26 20:56:04.675 7 WARNING cinder.scheduler.host_manager [None req-a9ea3a89-7627-4228-bfa2-ac95ec7e1a81 ede1dc70446244c9a6ef2bc721698f46 cc6db21cd1c2405a81a1012cef5caca9 - - - -] volume service is down. (host: rack03-server55@lvm-1)
2023-10-26 20:56:05.192 7 WARNING cinder.scheduler.host_manager [None req-5e293563-f9df-428d-9c44-e66c059b564f 7444c7134e58493d909408166ffd3d6a 551f7d92cc994a94925320e4cd93eef2 - - - -] volume service is down. (host: rack03-server55@lvm-1)
2023-10-26 20:56:07.088 7 WARNING cinder.scheduler.host_manager [None req-a761d40f-b6a3-4683-8e1b-79222ba3776d ede1dc70446244c9a6ef2bc721698f46 cc6db21cd1c2405a81a1012cef5caca9 - - - -] volume service is down. (host: rack03-server55@lvm-1)
2023-10-26 20:56:07.600 7 WARNING cinder.scheduler.host_manager [None req-61076dca-d6c0-44bd-856d-0f9e70b95879 7444c7134e58493d909408166ffd3d6a 551f7d92cc994a94925320e4cd93eef2 - - - -] volume service is down. (host: rack03-server55@lvm-1)
2023-10-26 20:56:09.512 7 WARNING cinder.scheduler.host_manager [None req-a83e503a-0aa8-4871-a63e-6f7d6115fc80 ede1dc70446244c9a6ef2bc721698f46 cc6db21cd1c2405a81a1012cef5caca9 - - - -] volume service is down. (host: rack03-server55@lvm-1)
2023-10-26 20:56:11.238 7 WARNING cinder.scheduler.host_manager [None req-f10fe1e7-6d8c-434f-9bfa-7f972877fc0d 7444c7134e58493d909408166ffd3d6a 551f7d92cc994a94925320e4cd93eef2 - - - -] volume service is down. (host: rack03-server55@lvm-1)
2023-10-26 20:56:13.521 7 WARNING cinder.scheduler.host_manager [None req-aa84a63d-9385-47cb-b516-6e83eb427e36 7444c7134e58493d909408166ffd3d6a 551f7d92cc994a94925320e4cd93eef2 - - - -] volume service is down. (host: rack03-server55@lvm-1)
2023-10-26 20:56:15.966 7 WARNING cinder.scheduler.host_manager [None req-af11fa41-9852-49fb-8562-d076ed3c43d7 7444c7134e58493d909408166ffd3d6a 551f7d92cc994a94925320e4cd93eef2 - - - -] volume service is down. (host: rack03-server55@lvm-1)
2023-10-26 20:56:18.895 7 WARNING cinder.scheduler.host_manager [None req-1800f63b-66ad-4c70-8b5a-91d4b7de38aa 12cdbad7933c4be28389bd73eede381e ad47a21cd0dc42149d5eaaa08b8ba68b - - - -] volume service is down. (host: rack03-server55@lvm-1)
2023-10-26 20:56:20.409 7 WARNING cinder.scheduler.host_manager [None req-4778a6f5-6275-4944-b144-9432275e9fe7 ecb09495d84c423e96b2e3a0f250b706 29811be0a2ec4962ab532d9db06f2065 - - - -] volume service is down. (host: rack03-server55@lvm-1)
2023-10-26 20:56:30.063 7 WARNING cinder.scheduler.host_manager [None req-9caa9412-131d-440e-999a-b510ab9ab522 8272775238df4a73ad0ce5d8b796e83f 58f528a9940e458dae9bbcefff1fe356 - - - -] volume service is down. (host: rack03-server55@lvm-1)
2023-10-26 20:56:30.173 7 WARNING cinder.scheduler.host_manager [None req-6c4bb9cb-5e42-4a6d-b9fa-40abf4134281 684fd8dc4df24db7a08e2033ac93a1eb 727d7ccf8cc3427cb391d4750168a27b - - - -] volume service is down. (host: rack03-server55@lvm-1)
2023-10-26 20:56:32.488 7 WARNING cinder.scheduler.host_manager [None req-64745888-ede6-439b-b1ea-320e21597ea4 684fd8dc4df24db7a08e2033ac93a1eb 727d7ccf8cc3427cb391d4750168a27b - - - -] volume service is down. (host: rack03-server55@lvm-1)
2023-10-26 20:56:34.772 7 WARNING cinder.scheduler.host_manager [None req-69198762-b87c-4289-9846-193b1b5cc1f5 8272775238df4a73ad0ce5d8b796e83f 58f528a9940e458dae9bbcefff1fe356 - - - -] volume service is down. (host: rack03-server55@lvm-1)
2023-10-26 20:56:42.603 7 WARNING cinder.scheduler.host_manager [None req-a9dcde91-1fd2-45b8-ac32-ba2401eb78c2 4a4dff259c4a40ea9594bbd3760e877c 5175b5608daa4d06acdf7a82372869fb - - - -] volume service is down. (host: rack03-server55@lvm-1)
2023-10-26 20:56:53.588 7 WARNING cinder.scheduler.host_manager [None req-9374a1ca-ba05-43b9-ab3b-b002f307d85e 4a4dff259c4a40ea9594bbd3760e877c 5175b5608daa4d06acdf7a82372869fb - - - -] volume service is down. (host: rack03-server55@lvm-1)
2023-10-26 20:57:00.290 7 WARNING cinder.scheduler.host_manager [None req-0611828e-6321-4060-a297-ccdc85dc61cc 4a4dff259c4a40ea9594bbd3760e877c 5175b5608daa4d06acdf7a82372869fb - - - -] volume service is down. (host: rack03-server55@lvm-1)
2023-10-26 20:57:02.756 7 WARNING cinder.scheduler.host_manager [None req-417d8d4c-f432-40ff-b536-70d28561dc1c 4a4dff259c4a40ea9594bbd3760e877c 5175b5608daa4d06acdf7a82372869fb - - - -] volume service is down. (host: rack03-server55@lvm-1)
2023-10-26 20:57:14.166 7 WARNING cinder.scheduler.host_manager [None req-255af814-1dd2-4a0b-89c9-6376c4f9bb9f 2f04aa4a31ba4c92a0f9917bdf859a06 56a894cc87ac41258cda41772e0244e1 - - - -] volume service is down. (host: rack03-server55@lvm-1)
2023-10-26 20:57:16.499 7 WARNING cinder.scheduler.host_manager [None req-ad5fb4bd-2034-4d1c-b9e5-bd857d78ea21 2f04aa4a31ba4c92a0f9917bdf859a06 56a894cc87ac41258cda41772e0244e1 - - - -] volume service is down. (host: rack03-server55@lvm-1)
2023-10-26 20:57:18.780 7 WARNING cinder.scheduler.host_manager [None req-36275202-840f-4e84-8ee0-48dc708c540c 2f04aa4a31ba4c92a0f9917bdf859a06 56a894cc87ac41258cda41772e0244e1 - - - -] volume service is down. (host: rack03-server55@lvm-1)
2023-10-26 20:57:21.058 7 WARNING cinder.scheduler.host_manager [None req-0e2a3c3d-b220-43bc-b74e-a07c644110b8 2f04aa4a31ba4c92a0f9917bdf859a06 56a894cc87ac41258cda41772e0244e1 - - - -] volume service is down. (host: rack03-server55@lvm-1)
2023-10-26 20:57:43.248 7 WARNING cinder.scheduler.host_manager [None req-129f58d8-6fd7-4a39-9500-68298f12f690 f0b01fc000dd43ff98e7da05bfed4443 6829ba1cce2149fba10585b3e865007f - - - -] volume service is down. (host: rack03-server55@lvm-1)
2023-10-26 20:57:43.273 7 WARNING cinder.scheduler.host_manager [None req-4f67f45a-2a81-4566-bb98-74d79f6699a0 50b9864e65de4bf1a8282ae6cd946263 30c9e869499049888d22074cdbfc9418 - - - -] volume service is down. (host: rack03-server55@lvm-1)
2023-10-26 20:57:43.321 7 WARNING cinder.scheduler.host_manager [None req-22e37aa9-95a5-4c9a-826c-d509d9cf8ce8 cb7d160315264c17b4a657dd259df162 1a3fd95ea8144546878662aebcf11188 - - - -] volume service is down. (host: rack03-server55@lvm-1)
2023-10-26 20:57:43.414 7 WARNING cinder.scheduler.host_manager [None req-d8f50642-4895-4000-9a80-b284c8e93415 f0b01fc000dd43ff98e7da05bfed4443 6829ba1cce2149fba10585b3e865007f - - - -] volume service is down. (host: rack03-server55@lvm-1)
2023-10-26 20:57:43.618 7 WARNING cinder.scheduler.host_manager [None req-4f6190b5-81fa-47c1-ae7f-ba05256d7aea f0b01fc000dd43ff98e7da05bfed4443 6829ba1cce2149fba10585b3e865007f - - - -] volume service is down. (host: rack03-server55@lvm-1)
2023-10-26 20:57:43.828 7 WARNING cinder.scheduler.host_manager [None req-0f70f181-3e28-4c00-9ac2-77fe6c86d650 f0b01fc000dd43ff98e7da05bfed4443 6829ba1cce2149fba10585b3e865007f - - - -] volume service is down. (host: rack03-server55@lvm-1)
2023-10-26 20:57:44.029 7 WARNING cinder.scheduler.host_manager [None req-a7d4788f-c80a-4c99-8c2f-bdd33ac7ce42 f0b01fc000dd43ff98e7da05bfed4443 6829ba1cce2149fba10585b3e865007f - - - -] volume service is down. (host: rack03-server55@lvm-1)
2023-10-26 20:57:45.525 7 WARNING cinder.scheduler.host_manager [None req-14a896df-07c7-4706-ab78-8a22676af70a cb7d160315264c17b4a657dd259df162 1a3fd95ea8144546878662aebcf11188 - - - -] volume service is down. (host: rack03-server55@lvm-1)
2023-10-26 20:57:45.591 7 WARNING cinder.scheduler.host_manager [None req-144b4aac-7732-44ee-a191-691fb8d9f26c 50b9864e65de4bf1a8282ae6cd946263 30c9e869499049888d22074cdbfc9418 - - - -] volume service is down. (host: rack03-server55@lvm-1)
2023-10-26 20:57:45.838 7 WARNING cinder.scheduler.host_manager [None req-ea4252a4-97ac-4232-a738-ad395ae730ed 50b9864e65de4bf1a8282ae6cd946263 30c9e869499049888d22074cdbfc9418 - - - -] volume service is down. (host: rack03-server55@lvm-1)
2023-10-26 20:57:46.050 7 WARNING cinder.scheduler.host_manager [None req-877c2ae4-2a21-4e21-b70e-de02c2e2b406 50b9864e65de4bf1a8282ae6cd946263 30c9e869499049888d22074cdbfc9418 - - - -] volume service is down. (host: rack03-server55@lvm-1)
2023-10-26 20:57:46.294 7 WARNING cinder.scheduler.host_manager [None req-314c5927-61f2-4567-a6b2-48c6814483e3 50b9864e65de4bf1a8282ae6cd946263 30c9e869499049888d22074cdbfc9418 - - - -] volume service is down. (host: rack03-server55@lvm-1)
2023-10-26 20:57:46.497 7 WARNING cinder.scheduler.host_manager [None req-d890dbde-7c76-49b4-9b4f-b24e4fadceef 50b9864e65de4bf1a8282ae6cd946263 30c9e869499049888d22074cdbfc9418 - - - -] volume service is down. (host: rack03-server55@lvm-1)
2023-10-26 20:57:47.925 7 WARNING cinder.scheduler.host_manager [None req-c4032431-f8e0-48f9-9bc7-7323d37453ac cb7d160315264c17b4a657dd259df162 1a3fd95ea8144546878662aebcf11188 - - - -] volume service is down. (host: rack03-server55@lvm-1)
2023-10-26 20:57:48.151 7 WARNING cinder.scheduler.host_manager [None req-2104fc2b-bc17-4c7c-8e49-f0cea15a1a66 cb7d160315264c17b4a657dd259df162 1a3fd95ea8144546878662aebcf11188 - - - -] volume service is down. (host: rack03-server55@lvm-1)
2023-10-26 20:57:48.351 7 WARNING cinder.scheduler.host_manager [None req-2ef8951e-6dbd-4503-bb80-4c762f3af3db cb7d160315264c17b4a657dd259df162 1a3fd95ea8144546878662aebcf11188 - - - -] volume service is down. (host: rack03-server55@lvm-1)
2023-10-26 20:57:48.561 7 WARNING cinder.scheduler.host_manager [None req-ad272542-3ba8-4030-8f99-6a805d1403ad cb7d160315264c17b4a657dd259df162 1a3fd95ea8144546878662aebcf11188 - - - -] volume service is down. (host: rack03-server55@lvm-1)
2023-10-26 20:57:48.796 7 WARNING cinder.scheduler.host_manager [None req-def2c812-245a-4f21-af22-e34f1104aa65 cb7d160315264c17b4a657dd259df162 1a3fd95ea8144546878662aebcf11188 - - - -] volume service is down. (host: rack03-server55@lvm-1)
2023-10-26 20:57:54.516 7 WARNING cinder.scheduler.host_manager [None req-8911c262-759c-4c8f-95db-433c00af8d4d 862b1411b5d64373987f2f4329edddef 619cb201adb64842bc9a4e2beb5f9d8f - - - -] volume service is down. (host: rack03-server55@lvm-1)
2023-10-26 20:57:56.973 7 WARNING cinder.scheduler.host_manager [None req-9c111140-dbe2-4fd4-94fc-a92e8318ff7d 862b1411b5d64373987f2f4329edddef 619cb201adb64842bc9a4e2beb5f9d8f - - - -] volume service is down. (host: rack03-server55@lvm-1)
2023-10-26 20:57:59.328 7 WARNING cinder.scheduler.host_manager [None req-cea0395e-9dce-4ada-93f7-c4bf11d36a61 862b1411b5d64373987f2f4329edddef 619cb201adb64842bc9a4e2beb5f9d8f - - - -] volume service is down. (host: rack03-server55@lvm-1)
