Build Started 04_06_2024_10_12_43
2024-06-04 10:14:41.195 7 WARNING cinder.scheduler.host_manager [None req-6208aded-fccc-4a8a-99c1-cc60519db76f c8b46d0a46d44039b082c4644a9358a6 2ce1c41972c046579f34511c8225985f - - - -] volume service is down. (host: rack13-server79@lvm-1)
2024-06-04 10:14:41.275 7 WARNING cinder.scheduler.host_manager [req-2f00a6a3-b07a-4d45-a681-027af219510a req-7d2bc4f7-0374-41fe-b541-50610b4564b7 16c610f7678147bd8acc2c1544b0af62 7c7fed6258f04a3988aface90f6d5eca - - - -] volume service is down. (host: rack13-server79@lvm-1)
2024-06-04 10:14:41.511 7 WARNING cinder.scheduler.host_manager [req-92517d9c-80e1-44ab-9cdc-316440cf8007 req-23269449-4d82-4900-b84e-dd064a5607ff ddaffdf95a434f5b8090b67238a27a1b 1a9e077e61c44315a1b4a8afa3bf760a - - - -] volume service is down. (host: rack13-server79@lvm-1)
2024-06-04 10:14:42.660 7 WARNING cinder.scheduler.host_manager [None req-e5fb05e7-be0c-46c8-8787-39817e96d2f8 c8b46d0a46d44039b082c4644a9358a6 2ce1c41972c046579f34511c8225985f - - - -] volume service is down. (host: rack13-server79@lvm-1)
2024-06-04 10:14:43.935 7 WARNING cinder.scheduler.host_manager [req-6d3bbef2-993d-4229-899c-ae381b589aae req-b671d8e0-a0dd-4d33-ae79-584b78205359 ddaffdf95a434f5b8090b67238a27a1b 1a9e077e61c44315a1b4a8afa3bf760a - - - -] volume service is down. (host: rack13-server79@lvm-1)
2024-06-04 10:14:44.051 7 WARNING cinder.scheduler.host_manager [None req-9cfb1412-1752-490f-8f95-5209ec1741a4 c8b46d0a46d44039b082c4644a9358a6 2ce1c41972c046579f34511c8225985f - - - -] volume service is down. (host: rack13-server79@lvm-1)
2024-06-04 10:14:49.435 7 WARNING cinder.scheduler.host_manager [None req-00be4c23-856e-4fe1-a651-b31af8319a72 6e429a6e37514a18b06e152ba00438d4 5e29f9fd6aad477e952ec5f6ffa49ea6 - - - -] volume service is down. (host: rack13-server79@lvm-1)
2024-06-04 10:14:49.444 7 WARNING cinder.scheduler.host_manager [None req-00be4c23-856e-4fe1-a651-b31af8319a72 6e429a6e37514a18b06e152ba00438d4 5e29f9fd6aad477e952ec5f6ffa49ea6 - - - -] volume service is down. (host: rack13-server79@lvm-1)
2024-06-04 10:14:50.812 7 WARNING cinder.scheduler.host_manager [None req-e4e55362-6616-490d-9d91-18e93ba838ab 6e429a6e37514a18b06e152ba00438d4 5e29f9fd6aad477e952ec5f6ffa49ea6 - - - -] volume service is down. (host: rack13-server79@lvm-1)
2024-06-04 10:14:54.230 7 WARNING cinder.scheduler.host_manager [None req-6ff5dae1-3924-417c-88ef-16afa83524be 67c40c178bc94e9aa5893f1707289348 ea266ff1927c4928b708368c4a674b06 - - - -] volume service is down. (host: rack13-server79@lvm-1)
2024-06-04 10:14:54.238 7 WARNING cinder.scheduler.host_manager [None req-6ff5dae1-3924-417c-88ef-16afa83524be 67c40c178bc94e9aa5893f1707289348 ea266ff1927c4928b708368c4a674b06 - - - -] volume service is down. (host: rack13-server79@lvm-1)
2024-06-04 10:14:55.413 7 WARNING cinder.scheduler.host_manager [None req-543847f6-b9c2-4ffa-bb68-d0f9ec21b985 67c40c178bc94e9aa5893f1707289348 ea266ff1927c4928b708368c4a674b06 - - - -] volume service is down. (host: rack13-server79@lvm-1)
2024-06-04 10:14:55.420 7 WARNING cinder.scheduler.host_manager [None req-543847f6-b9c2-4ffa-bb68-d0f9ec21b985 67c40c178bc94e9aa5893f1707289348 ea266ff1927c4928b708368c4a674b06 - - - -] volume service is down. (host: rack13-server79@lvm-1)
2024-06-04 10:14:56.807 7 WARNING cinder.scheduler.host_manager [None req-a504dadd-a117-41e9-8652-9272cb0d289b 67c40c178bc94e9aa5893f1707289348 ea266ff1927c4928b708368c4a674b06 - - - -] volume service is down. (host: rack13-server79@lvm-1)
2024-06-04 10:14:59.516 7 WARNING cinder.scheduler.host_manager [None req-be03f767-5a56-49a5-b7b1-2b6e73bc1d56 28349c03d41c42429ca3935c85901b3d 456f98a9b8d44496ae30264b9c5a8239 - - - -] volume service is down. (host: rack13-server79@lvm-1)
2024-06-04 10:14:59.558 7 WARNING cinder.scheduler.host_manager [None req-1a84dfd9-aa7d-4f2f-82be-2212e0079344 28349c03d41c42429ca3935c85901b3d 456f98a9b8d44496ae30264b9c5a8239 - - - -] volume service is down. (host: rack13-server79@lvm-1)
2024-06-04 10:15:02.230 7 WARNING cinder.scheduler.host_manager [None req-f342a6e7-a06c-4757-ba7a-623622fb4ff8 67c40c178bc94e9aa5893f1707289348 ea266ff1927c4928b708368c4a674b06 - - - -] volume service is down. (host: rack13-server79@lvm-1)
2024-06-04 10:15:02.239 7 WARNING cinder.scheduler.host_manager [None req-f342a6e7-a06c-4757-ba7a-623622fb4ff8 67c40c178bc94e9aa5893f1707289348 ea266ff1927c4928b708368c4a674b06 - - - -] volume service is down. (host: rack13-server79@lvm-1)
2024-06-04 10:15:03.616 7 WARNING cinder.scheduler.host_manager [None req-10cac593-6dea-4016-9a85-fa45566e22a0 67c40c178bc94e9aa5893f1707289348 ea266ff1927c4928b708368c4a674b06 - - - -] volume service is down. (host: rack13-server79@lvm-1)
2024-06-04 10:15:05.056 7 WARNING cinder.scheduler.host_manager [None req-ffcba64c-52f3-4523-a42b-76de65d00dd7 67c40c178bc94e9aa5893f1707289348 ea266ff1927c4928b708368c4a674b06 - - - -] volume service is down. (host: rack13-server79@lvm-1)
2024-06-04 10:15:05.806 7 WARNING cinder.scheduler.host_manager [None req-1f15d815-ee9d-4108-9a9c-98839aacd30d 90ebc906240e4c6d843a11fe73371a33 dfaf8647e24546178059a45d5d7f25d3 - - - -] volume service is down. (host: rack13-server79@lvm-1)
2024-06-04 10:15:05.816 7 WARNING cinder.scheduler.host_manager [None req-1f15d815-ee9d-4108-9a9c-98839aacd30d 90ebc906240e4c6d843a11fe73371a33 dfaf8647e24546178059a45d5d7f25d3 - - - -] volume service is down. (host: rack13-server79@lvm-1)
2024-06-04 10:15:07.212 7 WARNING cinder.scheduler.host_manager [None req-caf2cb61-b887-44e8-86cb-358e220f6959 90ebc906240e4c6d843a11fe73371a33 dfaf8647e24546178059a45d5d7f25d3 - - - -] volume service is down. (host: rack13-server79@lvm-1)
2024-06-04 10:15:10.856 7 WARNING cinder.scheduler.host_manager [None req-02d9a827-75b6-49df-8be7-6ff9c31cca07 90ebc906240e4c6d843a11fe73371a33 dfaf8647e24546178059a45d5d7f25d3 - - - -] volume service is down. (host: rack13-server79@lvm-1)
2024-06-04 10:15:15.686 7 WARNING cinder.scheduler.host_manager [None req-823e177a-bad9-4634-829f-dacc209c4cc5 84b0d7d2c0e14eb6a7c08cf633df57f2 8c4ec9e2d97c4d6e9ecaac839cd7a3ce - - - -] volume service is down. (host: rack13-server79@lvm-1)
2024-06-04 10:15:15.696 7 WARNING cinder.scheduler.host_manager [None req-823e177a-bad9-4634-829f-dacc209c4cc5 84b0d7d2c0e14eb6a7c08cf633df57f2 8c4ec9e2d97c4d6e9ecaac839cd7a3ce - - - -] volume service is down. (host: rack13-server79@lvm-1)
2024-06-04 10:15:16.206 7 WARNING cinder.scheduler.host_manager [None req-7edb6c8c-f1da-4f2e-affa-24d185a54f51 037d973bb6cd409aa780a9f34b8752c6 f05581a852914b8781c6512f664063f6 - - - -] volume service is down. (host: rack13-server79@lvm-1)
2024-06-04 10:15:16.586 7 WARNING cinder.scheduler.host_manager [None req-821354af-3098-4e9c-a963-c9b2355c028c 90ebc906240e4c6d843a11fe73371a33 dfaf8647e24546178059a45d5d7f25d3 - - - -] volume service is down. (host: rack13-server79@lvm-1)
2024-06-04 10:15:16.595 7 WARNING cinder.scheduler.host_manager [None req-821354af-3098-4e9c-a963-c9b2355c028c 90ebc906240e4c6d843a11fe73371a33 dfaf8647e24546178059a45d5d7f25d3 - - - -] volume service is down. (host: rack13-server79@lvm-1)
2024-06-04 10:15:17.068 7 WARNING cinder.scheduler.host_manager [None req-90fb17f5-e5aa-434e-adc5-2ec1813f2e2f 84b0d7d2c0e14eb6a7c08cf633df57f2 8c4ec9e2d97c4d6e9ecaac839cd7a3ce - - - -] volume service is down. (host: rack13-server79@lvm-1)
2024-06-04 10:15:17.951 7 WARNING cinder.scheduler.host_manager [None req-4a194d47-b921-465b-b6c8-7804b0e091e9 90ebc906240e4c6d843a11fe73371a33 dfaf8647e24546178059a45d5d7f25d3 - - - -] volume service is down. (host: rack13-server79@lvm-1)
2024-06-04 10:15:18.283 7 WARNING cinder.scheduler.host_manager [None req-ad0c6bff-f4b1-42f6-994a-0ef240185740 84b0d7d2c0e14eb6a7c08cf633df57f2 8c4ec9e2d97c4d6e9ecaac839cd7a3ce - - - -] volume service is down. (host: rack13-server79@lvm-1)
2024-06-04 10:15:18.523 7 WARNING cinder.scheduler.host_manager [None req-ad66efb8-cbb0-4b42-b9e6-bc53be30b2d1 037d973bb6cd409aa780a9f34b8752c6 f05581a852914b8781c6512f664063f6 - - - -] volume service is down. (host: rack13-server79@lvm-1)
2024-06-04 10:15:19.339 7 WARNING cinder.scheduler.host_manager [None req-b2c472ad-aa5e-46a1-93e6-942f1c9d80a3 90ebc906240e4c6d843a11fe73371a33 dfaf8647e24546178059a45d5d7f25d3 - - - -] volume service is down. (host: rack13-server79@lvm-1)
2024-06-04 10:15:20.986 7 WARNING cinder.scheduler.host_manager [None req-07ee264d-1d7e-49ed-8fc5-4f0ba4ce3587 037d973bb6cd409aa780a9f34b8752c6 f05581a852914b8781c6512f664063f6 - - - -] volume service is down. (host: rack13-server79@lvm-1)
2024-06-04 10:15:24.593 7 WARNING cinder.scheduler.host_manager [None req-10452d94-06c2-46d3-b39d-744ba9d5d77e 037d973bb6cd409aa780a9f34b8752c6 f05581a852914b8781c6512f664063f6 - - - -] volume service is down. (host: rack13-server79@lvm-1)
2024-06-04 10:15:28.172 7 WARNING cinder.scheduler.host_manager [None req-faa6e87f-31bd-4454-aea7-7780d841935a 037d973bb6cd409aa780a9f34b8752c6 f05581a852914b8781c6512f664063f6 - - - -] volume service is down. (host: rack13-server79@lvm-1)
2024-06-04 10:15:31.701 7 WARNING cinder.scheduler.host_manager [None req-fda342bb-dc63-4a93-a6b1-7f680a36db93 90ebc906240e4c6d843a11fe73371a33 dfaf8647e24546178059a45d5d7f25d3 - - - -] volume service is down. (host: rack13-server79@lvm-1)
2024-06-04 10:15:31.711 7 WARNING cinder.scheduler.host_manager [None req-fda342bb-dc63-4a93-a6b1-7f680a36db93 90ebc906240e4c6d843a11fe73371a33 dfaf8647e24546178059a45d5d7f25d3 - - - -] volume service is down. (host: rack13-server79@lvm-1)
2024-06-04 10:15:31.770 7 WARNING cinder.scheduler.host_manager [None req-665d08dc-4cbf-41d0-ab54-00159ef67080 037d973bb6cd409aa780a9f34b8752c6 f05581a852914b8781c6512f664063f6 - - - -] volume service is down. (host: rack13-server79@lvm-1)
2024-06-04 10:15:33.140 7 WARNING cinder.scheduler.host_manager [None req-a7ce7254-3fdf-4b9b-9466-d5ce5b1d4478 90ebc906240e4c6d843a11fe73371a33 dfaf8647e24546178059a45d5d7f25d3 - - - -] volume service is down. (host: rack13-server79@lvm-1)
2024-06-04 10:15:37.330 7 WARNING cinder.scheduler.host_manager [None req-c73ef694-84d0-4fa6-8db0-4e2b9ad975eb 2cce0c15a056465285aa100017e7148f cfa4ae5eda1a432abe758e2f14802643 - - - -] volume service is down. (host: rack13-server79@lvm-1)
2024-06-04 10:15:37.331 7 INFO cinder.scheduler.base_filter [None req-c73ef694-84d0-4fa6-8db0-4e2b9ad975eb 2cce0c15a056465285aa100017e7148f cfa4ae5eda1a432abe758e2f14802643 - - - -] Filtering removed all hosts for the request with volume ID '67bf408b-2c6d-4fe6-9d33-81ec780eda0a'. Filter results: AvailabilityZoneFilter: (start: 1, end: 1), CapacityFilter: (start: 1, end: 1), CapabilitiesFilter: (start: 1, end: 0)
2024-06-04 10:15:37.331 7 WARNING cinder.scheduler.filter_scheduler [None req-c73ef694-84d0-4fa6-8db0-4e2b9ad975eb 2cce0c15a056465285aa100017e7148f cfa4ae5eda1a432abe758e2f14802643 - - - -] No weighed backend found for volume with properties: {'id': '15abc279-c670-432a-9507-387fdd1bfc51', 'name': 'tempest-UserMessagesTest-volume-type-1959371937', 'description': None, 'is_public': True, 'projects': [], 'extra_specs': {'storage_protocol': 'tempest-storage_protocol-2042871300', 'vendor_name': 'tempest-vendor_name-247786117'}, 'qos_specs_id': None, 'created_at': '2024-06-04T10:15:36.000000', 'updated_at': None, 'deleted_at': None, 'deleted': False}
2024-06-04 10:15:37.332 7 INFO cinder.message.api [None req-c73ef694-84d0-4fa6-8db0-4e2b9ad975eb 2cce0c15a056465285aa100017e7148f cfa4ae5eda1a432abe758e2f14802643 - - - -] Creating message record for request_id = req-c73ef694-84d0-4fa6-8db0-4e2b9ad975eb
2024-06-04 10:15:37.338 7 ERROR cinder.scheduler.flows.create_volume [None req-c73ef694-84d0-4fa6-8db0-4e2b9ad975eb 2cce0c15a056465285aa100017e7148f cfa4ae5eda1a432abe758e2f14802643 - - - -] Failed to run task cinder.scheduler.flows.create_volume.ScheduleCreateVolumeTask;volume:create: No valid backend was found. No weighed backends available: cinder.exception.NoValidBackend: No valid backend was found. No weighed backends available
2024-06-04 10:15:39.138 7 WARNING cinder.scheduler.host_manager [None req-edab6bb3-397f-459e-8263-385ac79fc003 2cce0c15a056465285aa100017e7148f cfa4ae5eda1a432abe758e2f14802643 - - - -] volume service is down. (host: rack13-server79@lvm-1)
2024-06-04 10:15:39.139 7 INFO cinder.scheduler.base_filter [None req-edab6bb3-397f-459e-8263-385ac79fc003 2cce0c15a056465285aa100017e7148f cfa4ae5eda1a432abe758e2f14802643 - - - -] Filtering removed all hosts for the request with volume ID '1f895060-a3cf-4fd9-989b-dadca336a61b'. Filter results: AvailabilityZoneFilter: (start: 1, end: 1), CapacityFilter: (start: 1, end: 1), CapabilitiesFilter: (start: 1, end: 0)
2024-06-04 10:15:39.140 7 WARNING cinder.scheduler.filter_scheduler [None req-edab6bb3-397f-459e-8263-385ac79fc003 2cce0c15a056465285aa100017e7148f cfa4ae5eda1a432abe758e2f14802643 - - - -] No weighed backend found for volume with properties: {'id': '023a5a09-67c2-453c-890b-d538fd553858', 'name': 'tempest-UserMessagesTest-volume-type-393064883', 'description': None, 'is_public': True, 'projects': [], 'extra_specs': {'storage_protocol': 'tempest-storage_protocol-719112123', 'vendor_name': 'tempest-vendor_name-1198199572'}, 'qos_specs_id': None, 'created_at': '2024-06-04T10:15:38.000000', 'updated_at': None, 'deleted_at': None, 'deleted': False}
2024-06-04 10:15:39.140 7 INFO cinder.message.api [None req-edab6bb3-397f-459e-8263-385ac79fc003 2cce0c15a056465285aa100017e7148f cfa4ae5eda1a432abe758e2f14802643 - - - -] Creating message record for request_id = req-edab6bb3-397f-459e-8263-385ac79fc003
2024-06-04 10:15:39.146 7 ERROR cinder.scheduler.flows.create_volume [None req-edab6bb3-397f-459e-8263-385ac79fc003 2cce0c15a056465285aa100017e7148f cfa4ae5eda1a432abe758e2f14802643 - - - -] Failed to run task cinder.scheduler.flows.create_volume.ScheduleCreateVolumeTask;volume:create: No valid backend was found. No weighed backends available: cinder.exception.NoValidBackend: No valid backend was found. No weighed backends available
2024-06-04 10:15:45.583 7 WARNING cinder.scheduler.host_manager [None req-11627cfa-6ad6-4b45-84b9-05255e3b88d1 11e6a31b20044edf9fb0c2547fd7292c 8e7a7d5923804caa89b65517790e6203 - - - -] volume service is down. (host: rack13-server79@lvm-1)
2024-06-04 10:15:45.590 7 WARNING cinder.scheduler.host_manager [None req-11627cfa-6ad6-4b45-84b9-05255e3b88d1 11e6a31b20044edf9fb0c2547fd7292c 8e7a7d5923804caa89b65517790e6203 - - - -] volume service is down. (host: rack13-server79@lvm-1)
2024-06-04 10:15:46.609 7 WARNING cinder.scheduler.host_manager [None req-c63e11e5-1b27-499a-b789-3827bc3b416a b9c4ede0fc6d40378582e36b181cbb02 19f2e1e9a9a040a69ef7a29660e600cf - - - -] volume service is down. (host: rack13-server79@lvm-1)
2024-06-04 10:15:53.038 7 WARNING cinder.scheduler.host_manager [None req-e0c71e9a-c2fe-41f7-a7c4-5950fbfb08c0 b55af4cad4654856a2b87d3bfcea190b b2e09ef3d94e4484aa81370d104484d0 - - - -] volume service is down. (host: rack13-server79@lvm-1)
2024-06-04 10:15:53.482 7 WARNING cinder.scheduler.host_manager [None req-3c2aec87-fbdd-4acc-8bac-198e78842ddc 4e3fac21683e42c4b60420e81cf662e4 15bc4b5c902a4897b9bf485cad75df26 - - - -] volume service is down. (host: rack13-server79@lvm-1)
2024-06-04 10:15:56.041 7 WARNING cinder.scheduler.host_manager [None req-4bf031ad-6e8b-4353-b959-2353d2312016 4e3fac21683e42c4b60420e81cf662e4 15bc4b5c902a4897b9bf485cad75df26 - - - -] volume service is down. (host: rack13-server79@lvm-1)
2024-06-04 10:16:03.803 7 WARNING cinder.scheduler.host_manager [None req-f1695943-033a-4606-a5a5-24577fb8950a d0ec3b70a16f4a15b7574a8c39b70b9f a01bddb0b67b416b8c086ec26c2239aa - - - -] volume service is down. (host: rack13-server79@lvm-1)
2024-06-04 10:16:05.191 7 WARNING cinder.scheduler.host_manager [None req-6e59f826-e0f2-4db6-8b47-74fc65d13664 d0ec3b70a16f4a15b7574a8c39b70b9f a01bddb0b67b416b8c086ec26c2239aa - - - -] volume service is down. (host: rack13-server79@lvm-1)
2024-06-04 10:16:06.249 7 WARNING cinder.scheduler.host_manager [None req-b0164db0-ba33-475a-8adf-9ff48fdb6746 ec1ed4edad7c4f1b8fdf0fd7a290a103 13e7c338468643a0b0387f98cde7cb8f - - - -] volume service is down. (host: rack13-server79@lvm-1)
2024-06-04 10:16:15.029 7 WARNING cinder.scheduler.host_manager [None req-5286e63a-f936-484d-b7d1-10e8ab83e936 5b71b3a95d3d48969dbc9d1d01e9123f 897a5b0381f746cc86b34eb87b04c2d2 - - - -] volume service is down. (host: rack13-server79@lvm-1)
2024-06-04 10:16:17.358 7 WARNING cinder.scheduler.host_manager [None req-fc309ca4-6572-40aa-81ed-43c876e64ec4 5b71b3a95d3d48969dbc9d1d01e9123f 897a5b0381f746cc86b34eb87b04c2d2 - - - -] volume service is down. (host: rack13-server79@lvm-1)
2024-06-04 10:16:18.625 7 WARNING cinder.scheduler.host_manager [None req-8ca6abf3-16d1-4715-8eb9-52be5a1cc6e1 d118b8ae7f1f4f2380ba4a24ab6be3b3 91a7ff8ee82b42008af0f46abb29a9b2 - - - -] volume service is down. (host: rack13-server79@lvm-1)
2024-06-04 10:16:19.946 7 WARNING cinder.scheduler.host_manager [None req-e0ae1587-820e-4bba-9fae-d1b798c14dd4 d118b8ae7f1f4f2380ba4a24ab6be3b3 91a7ff8ee82b42008af0f46abb29a9b2 - - - -] volume service is down. (host: rack13-server79@lvm-1)
2024-06-04 10:16:22.197 7 WARNING cinder.scheduler.host_manager [None req-a53354a5-9116-450f-90c1-227ad249fdd5 d118b8ae7f1f4f2380ba4a24ab6be3b3 91a7ff8ee82b42008af0f46abb29a9b2 - - - -] volume service is down. (host: rack13-server79@lvm-1)
2024-06-04 10:16:25.848 7 WARNING cinder.scheduler.host_manager [None req-1970c500-42c9-4681-bdf2-bf1be4605a70 d118b8ae7f1f4f2380ba4a24ab6be3b3 91a7ff8ee82b42008af0f46abb29a9b2 - - - -] volume service is down. (host: rack13-server79@lvm-1)
2024-06-04 10:16:27.113 7 WARNING cinder.scheduler.host_manager [None req-5390394a-4dd7-457c-bbd2-7247a8d50d0b d118b8ae7f1f4f2380ba4a24ab6be3b3 91a7ff8ee82b42008af0f46abb29a9b2 - - - -] volume service is down. (host: rack13-server79@lvm-1)
2024-06-04 10:16:29.511 7 WARNING cinder.scheduler.host_manager [None req-aa303871-e311-4bc4-aa88-50f6d433ffa2 d118b8ae7f1f4f2380ba4a24ab6be3b3 91a7ff8ee82b42008af0f46abb29a9b2 - - - -] volume service is down. (host: rack13-server79@lvm-1)
2024-06-04 10:16:33.927 7 WARNING cinder.scheduler.host_manager [None req-2607f0dd-f65c-465d-a397-e1cb623e4a75 0fe8a5c2844d40e1a399c479d8542512 11bd4d949ce14c1095fe2ff6ef80c771 - - - -] volume service is down. (host: rack13-server79@lvm-1)
2024-06-04 10:16:36.405 7 WARNING cinder.scheduler.host_manager [None req-309eb008-4c41-4c26-9673-f26000075998 0fe8a5c2844d40e1a399c479d8542512 11bd4d949ce14c1095fe2ff6ef80c771 - - - -] volume service is down. (host: rack13-server79@lvm-1)
2024-06-04 10:16:36.569 7 WARNING cinder.scheduler.host_manager [None req-5134d78e-e2c2-464e-ac64-6050b62d1b23 a1c225f620d542ed8ebc196f2d12c4e0 fed46718d52a42e3aa4d83d3c58f150f - - - -] volume service is down. (host: rack13-server79@lvm-1)
2024-06-04 10:16:37.838 7 WARNING cinder.scheduler.host_manager [None req-3f2bf1cc-02e8-4d0d-bd25-ec2a98dfed8d 0fe8a5c2844d40e1a399c479d8542512 11bd4d949ce14c1095fe2ff6ef80c771 - - - -] volume service is down. (host: rack13-server79@lvm-1)
2024-06-04 10:16:39.536 7 WARNING cinder.scheduler.host_manager [None req-e098595f-c003-45bb-99f2-db94c8886cc4 cf5f178253f0457b80fe091ce6ae2ee4 408276bb46784813996c318b03c5fc25 - - - -] volume service is down. (host: rack13-server79@lvm-1)
2024-06-04 10:16:40.378 7 WARNING cinder.scheduler.host_manager [None req-d2617796-c555-42e8-8a52-b422e9e06306 a1c225f620d542ed8ebc196f2d12c4e0 fed46718d52a42e3aa4d83d3c58f150f - - - -] volume service is down. (host: rack13-server79@lvm-1)
2024-06-04 10:16:41.514 7 WARNING cinder.scheduler.host_manager [None req-e5f6252a-b977-4234-8124-46d12b610cda f8142982d1894e9a82f2b573d76a24e8 8f9915e6824945468c582545e2657e20 - - - -] volume service is down. (host: rack13-server79@lvm-1)
2024-06-04 10:16:46.302 7 WARNING cinder.scheduler.host_manager [None req-8d58a34c-13b9-455f-939a-fdbcdfbd6390 f8142982d1894e9a82f2b573d76a24e8 8f9915e6824945468c582545e2657e20 - - - -] volume service is down. (host: rack13-server79@lvm-1)
2024-06-04 10:16:48.262 7 WARNING cinder.scheduler.host_manager [None req-70f1c6ad-fe18-4989-980a-477e5e693da9 5da730601c63408d8dbf6baaaca6f4a0 281e662bfc53481e98301c1e1f5230cd - - - -] volume service is down. (host: rack13-server79@lvm-1)
2024-06-04 10:16:48.907 7 WARNING cinder.scheduler.host_manager [None req-f1c89918-ee8d-4320-aa37-0688d4096f55 cae2e0c853f44bca9fe36a56cafb8a2d 7c49c54ce32b452080314fbe536e56f4 - - - -] volume service is down. (host: rack13-server79@lvm-1)
2024-06-04 10:16:55.845 7 WARNING cinder.scheduler.host_manager [None req-cfc59d08-1335-4f63-a42a-7874f8581dde 5da730601c63408d8dbf6baaaca6f4a0 281e662bfc53481e98301c1e1f5230cd - - - -] volume service is down. (host: rack13-server79@lvm-1)
2024-06-04 10:16:56.873 7 WARNING cinder.scheduler.host_manager [None req-28f26ccf-c3bf-4745-bfd8-0207c09f15b2 ceb312109efb4e658abbbb6d9ef71a35 a3cdd01422504cec9d7913861bf8751f - - - -] volume service is down. (host: rack13-server79@lvm-1)
2024-06-04 10:16:58.540 7 WARNING cinder.scheduler.host_manager [None req-1d405c7f-8791-48b4-b373-34d706c35bff 5da730601c63408d8dbf6baaaca6f4a0 281e662bfc53481e98301c1e1f5230cd - - - -] volume service is down. (host: rack13-server79@lvm-1)
2024-06-04 10:16:59.796 7 WARNING cinder.scheduler.host_manager [None req-1e4c2f07-8a00-4ccb-9a85-1e12b95ccf5d 5da730601c63408d8dbf6baaaca6f4a0 281e662bfc53481e98301c1e1f5230cd - - - -] volume service is down. (host: rack13-server79@lvm-1)
2024-06-04 10:17:00.878 7 WARNING cinder.scheduler.host_manager [None req-10b2fd73-81ca-4362-9fb4-0f4d36fa76e7 ceb312109efb4e658abbbb6d9ef71a35 a3cdd01422504cec9d7913861bf8751f - - - -] volume service is down. (host: rack13-server79@lvm-1)
2024-06-04 10:17:01.591 7 WARNING cinder.scheduler.host_manager [None req-4df373d0-cf80-4f74-b570-5558b538765a 511bef0e37964a9986051eced0469b87 6f6b71e574c24da8b0e76dc3b334d818 - - - -] volume service is down. (host: rack13-server79@lvm-1)
2024-06-04 10:17:02.029 7 WARNING cinder.scheduler.host_manager [None req-f73f6471-659a-4c95-b25c-2f1b9c57c0b2 5da730601c63408d8dbf6baaaca6f4a0 281e662bfc53481e98301c1e1f5230cd - - - -] volume service is down. (host: rack13-server79@lvm-1)
2024-06-04 10:17:02.908 7 WARNING cinder.scheduler.host_manager [None req-a7745ea1-13f2-451b-b05b-9d8b070c0c31 511bef0e37964a9986051eced0469b87 6f6b71e574c24da8b0e76dc3b334d818 - - - -] volume service is down. (host: rack13-server79@lvm-1)
2024-06-04 10:17:07.603 7 WARNING cinder.scheduler.host_manager [None req-ded5f3d1-8f8d-47d5-9f5f-bf43bed71030 40d15b8ef4364bd1afe56a73b8de7848 8d1f536e46e34559917bc6486f069dde - - - -] volume service is down. (host: rack13-server79@lvm-1)
2024-06-04 10:17:09.153 7 WARNING cinder.scheduler.host_manager [None req-7863cf2e-b83f-4619-a0db-b620e42005fa 8346e05620794b82b610b7fc2f90646a 76605b4e09a744098b826eee26877adb - - - -] volume service is down. (host: rack13-server79@lvm-1)
2024-06-04 10:17:11.935 7 WARNING cinder.scheduler.host_manager [None req-3a4667c6-5539-4cd2-aaf9-70b2fa7a1dfc 8346e05620794b82b610b7fc2f90646a 76605b4e09a744098b826eee26877adb - - - -] volume service is down. (host: rack13-server79@lvm-1)
2024-06-04 10:17:13.606 7 WARNING cinder.scheduler.host_manager [None req-1c8af3f4-3a9d-43b9-b53f-18451808a6b0 e684b21eced94caeb35bb757bf974213 3a6b7ae082674921ad8b2af2ca37de33 - - - -] volume service is down. (host: rack13-server79@lvm-1)
2024-06-04 10:17:13.623 7 WARNING cinder.scheduler.host_manager [None req-f5385a37-992d-410e-ac34-96dafdbe6032 d4c3fcaba00d4f738cb06c39ff3c0b72 791fbb35d74d415e9dd4e04266eec6fe - - - -] volume service is down. (host: rack13-server79@lvm-1)
2024-06-04 10:17:14.999 7 WARNING cinder.scheduler.host_manager [None req-cc21de7d-afac-4416-aeff-eb04451d2ef1 e684b21eced94caeb35bb757bf974213 3a6b7ae082674921ad8b2af2ca37de33 - - - -] volume service is down. (host: rack13-server79@lvm-1)
2024-06-04 10:17:16.815 7 WARNING cinder.scheduler.host_manager [None req-edc32f9c-7ce3-4e14-a312-3375b23e0db0 8346e05620794b82b610b7fc2f90646a 76605b4e09a744098b826eee26877adb - - - -] volume service is down. (host: rack13-server79@lvm-1)
2024-06-04 10:17:17.502 7 WARNING cinder.scheduler.host_manager [None req-50eee188-a4e5-4878-b875-fa40724a645d e684b21eced94caeb35bb757bf974213 3a6b7ae082674921ad8b2af2ca37de33 - - - -] volume service is down. (host: rack13-server79@lvm-1)
2024-06-04 10:17:18.221 7 WARNING cinder.scheduler.host_manager [None req-02ca6f1e-fea2-4c10-9281-a9c025e1535c 8346e05620794b82b610b7fc2f90646a 76605b4e09a744098b826eee26877adb - - - -] volume service is down. (host: rack13-server79@lvm-1)
2024-06-04 10:17:20.104 7 WARNING cinder.scheduler.host_manager [None req-91232b92-5a3c-452f-b81d-3bb168b269e8 58b83a1d174c4543aba00651a060b8dc 9a2538b26a154c3ea7c47949cae128ef - - - -] volume service is down. (host: rack13-server79@lvm-1)
2024-06-04 10:17:21.996 7 WARNING cinder.scheduler.host_manager [None req-0007e6d4-d4dc-459c-8efe-2c0a6d22a773 8346e05620794b82b610b7fc2f90646a 76605b4e09a744098b826eee26877adb - - - -] volume service is down. (host: rack13-server79@lvm-1)
2024-06-04 10:17:27.127 7 WARNING cinder.scheduler.host_manager [None req-c130dba7-27a3-4da1-b049-296f8dd81be0 8346e05620794b82b610b7fc2f90646a 76605b4e09a744098b826eee26877adb - - - -] volume service is down. (host: rack13-server79@lvm-1)
2024-06-04 10:17:27.739 7 WARNING cinder.scheduler.host_manager [None req-b17db08a-485d-4c80-949f-54d4bbdf7a93 876c8d0433d24579adca936b8d225552 62dd87b0cfae4ee78a71b491ac2d910f - - - -] volume service is down. (host: rack13-server79@lvm-1)
2024-06-04 10:17:28.002 7 WARNING cinder.scheduler.host_manager [None req-48bb18ff-0a95-4856-92a0-31ace504080e a53df434a1394e21bae29f4c5e750ec6 385f0131c6464531b77a43d28b2f7edd - - - -] volume service is down. (host: rack13-server79@lvm-1)
2024-06-04 10:17:30.095 7 WARNING cinder.scheduler.host_manager [None req-7aab112d-c59a-4a89-96ad-de7d4639749c 876c8d0433d24579adca936b8d225552 62dd87b0cfae4ee78a71b491ac2d910f - - - -] volume service is down. (host: rack13-server79@lvm-1)
2024-06-04 10:17:34.172 7 WARNING cinder.scheduler.host_manager [None req-86bdcc8c-8544-45ab-9328-22c8327ba21b 8346e05620794b82b610b7fc2f90646a 76605b4e09a744098b826eee26877adb - - - -] volume service is down. (host: rack13-server79@lvm-1)
2024-06-04 10:17:34.750 7 WARNING cinder.scheduler.host_manager [None req-a2a773d8-3fe1-4c10-8118-fb9fd4f230ae a53df434a1394e21bae29f4c5e750ec6 385f0131c6464531b77a43d28b2f7edd - - - -] volume service is down. (host: rack13-server79@lvm-1)
2024-06-04 10:17:40.730 7 WARNING cinder.scheduler.host_manager [None req-29bc3416-d7e3-486a-bcbf-818c01568085 a53df434a1394e21bae29f4c5e750ec6 385f0131c6464531b77a43d28b2f7edd - - - -] volume service is down. (host: rack13-server79@lvm-1)
2024-06-04 10:17:42.149 7 WARNING cinder.scheduler.host_manager [None req-96e92659-2d45-4020-9d8a-79185c73226c a53df434a1394e21bae29f4c5e750ec6 385f0131c6464531b77a43d28b2f7edd - - - -] volume service is down. (host: rack13-server79@lvm-1)
2024-06-04 10:17:54.031 7 WARNING cinder.scheduler.host_manager [None req-70c5f8de-0785-4145-a36f-16b0eb449877 25c5b2d355d249e5b33669eca01efb0e 34595146b5cb4597bc9c3a16c708fa3c - - - -] volume service is down. (host: rack13-server79@lvm-1)
2024-06-04 10:18:11.944 7 WARNING cinder.scheduler.host_manager [None req-01d59747-40a9-486d-af4a-09ca83114205 151014104177454a94f5f015be2ca4c4 e3bdcaa39a4949279ace6be162793932 - - - -] volume service is down. (host: rack13-server79@lvm-1)
2024-06-04 10:18:13.259 7 WARNING cinder.scheduler.host_manager [None req-67aec372-8cae-4fff-a792-01fc214d4f88 151014104177454a94f5f015be2ca4c4 e3bdcaa39a4949279ace6be162793932 - - - -] volume service is down. (host: rack13-server79@lvm-1)
2024-06-04 10:18:15.525 7 WARNING cinder.scheduler.host_manager [None req-5f911e79-38fe-409f-bc0b-71e94c7031fd 151014104177454a94f5f015be2ca4c4 e3bdcaa39a4949279ace6be162793932 - - - -] volume service is down. (host: rack13-server79@lvm-1)
2024-06-04 10:18:17.760 7 WARNING cinder.scheduler.host_manager [None req-1fb61130-f267-4f68-89fb-a6997982cd07 151014104177454a94f5f015be2ca4c4 e3bdcaa39a4949279ace6be162793932 - - - -] volume service is down. (host: rack13-server79@lvm-1)
2024-06-04 10:18:33.414 7 WARNING cinder.scheduler.host_manager [None req-46cdd56a-acf9-4fda-818d-9c0ae7c99942 bc7d38ebc7cb4625905a1340a7b83b28 9c8b0ce2716e4857a15cd8b1c6efe963 - - - -] volume service is down. (host: rack13-server79@lvm-1)
2024-06-04 10:18:33.515 7 WARNING cinder.scheduler.host_manager [None req-81273dbd-ca41-438e-a989-9c97dc988fba 6266c99970cc4335aadb233b6ac67b90 7b10d257c8a64574a0f1398d7fc15a81 - - - -] volume service is down. (host: rack13-server79@lvm-1)
2024-06-04 10:18:33.545 7 WARNING cinder.scheduler.host_manager [None req-b3f212cb-e327-49c7-a74a-f4e053befeba 1f065e899c2048458cdc6816eabd4cfb 124170fcc0b044549c6c49aca00796cd - - - -] volume service is down. (host: rack13-server79@lvm-1)
2024-06-04 10:18:33.625 7 WARNING cinder.scheduler.host_manager [None req-b0f6de11-14a2-4098-8f54-d33310470bcb bc7d38ebc7cb4625905a1340a7b83b28 9c8b0ce2716e4857a15cd8b1c6efe963 - - - -] volume service is down. (host: rack13-server79@lvm-1)
2024-06-04 10:18:33.877 7 WARNING cinder.scheduler.host_manager [None req-91ad8e12-81ab-408f-9737-3113b47c37c9 bc7d38ebc7cb4625905a1340a7b83b28 9c8b0ce2716e4857a15cd8b1c6efe963 - - - -] volume service is down. (host: rack13-server79@lvm-1)
2024-06-04 10:18:34.097 7 WARNING cinder.scheduler.host_manager [None req-3bf3a4c3-2d3f-4a36-8831-5c36d64147e4 bc7d38ebc7cb4625905a1340a7b83b28 9c8b0ce2716e4857a15cd8b1c6efe963 - - - -] volume service is down. (host: rack13-server79@lvm-1)
2024-06-04 10:18:34.328 7 WARNING cinder.scheduler.host_manager [None req-8e4bb10a-b93b-40ba-a4f4-fffc2d7535d6 bc7d38ebc7cb4625905a1340a7b83b28 9c8b0ce2716e4857a15cd8b1c6efe963 - - - -] volume service is down. (host: rack13-server79@lvm-1)
2024-06-04 10:18:34.755 7 WARNING cinder.scheduler.host_manager [None req-80cb519a-9a13-41cd-8848-c7dd2a967455 1f065e899c2048458cdc6816eabd4cfb 124170fcc0b044549c6c49aca00796cd - - - -] volume service is down. (host: rack13-server79@lvm-1)
2024-06-04 10:18:34.932 7 WARNING cinder.scheduler.host_manager [None req-a8552966-cf30-40b7-9dc2-9e08eedc6211 6266c99970cc4335aadb233b6ac67b90 7b10d257c8a64574a0f1398d7fc15a81 - - - -] volume service is down. (host: rack13-server79@lvm-1)
2024-06-04 10:18:37.121 7 WARNING cinder.scheduler.host_manager [None req-aec4405a-4e11-43c8-8d3a-877436eeafeb 1f065e899c2048458cdc6816eabd4cfb 124170fcc0b044549c6c49aca00796cd - - - -] volume service is down. (host: rack13-server79@lvm-1)
2024-06-04 10:18:37.320 7 WARNING cinder.scheduler.host_manager [None req-097dc0fd-f3bc-403a-bb03-44e5c7faf9f6 1f065e899c2048458cdc6816eabd4cfb 124170fcc0b044549c6c49aca00796cd - - - -] volume service is down. (host: rack13-server79@lvm-1)
2024-06-04 10:18:37.324 7 WARNING cinder.scheduler.host_manager [None req-e76c9558-be93-49a2-869a-3c34c7a13ae3 6266c99970cc4335aadb233b6ac67b90 7b10d257c8a64574a0f1398d7fc15a81 - - - -] volume service is down. (host: rack13-server79@lvm-1)
2024-06-04 10:18:37.549 7 WARNING cinder.scheduler.host_manager [None req-c2a40f4c-0687-4c57-ad26-6a0940c6ea81 1f065e899c2048458cdc6816eabd4cfb 124170fcc0b044549c6c49aca00796cd - - - -] volume service is down. (host: rack13-server79@lvm-1)
2024-06-04 10:18:37.779 7 WARNING cinder.scheduler.host_manager [None req-62889ef1-bb74-40de-8dbd-0ea7e5297458 1f065e899c2048458cdc6816eabd4cfb 124170fcc0b044549c6c49aca00796cd - - - -] volume service is down. (host: rack13-server79@lvm-1)
2024-06-04 10:18:38.011 7 WARNING cinder.scheduler.host_manager [None req-6db13a0a-ccfb-435b-8da7-5ed50b81b5b9 1f065e899c2048458cdc6816eabd4cfb 124170fcc0b044549c6c49aca00796cd - - - -] volume service is down. (host: rack13-server79@lvm-1)
2024-06-04 10:18:45.453 7 WARNING cinder.scheduler.host_manager [None req-8cbc85f4-9a29-403b-85e0-f1a570067cdb 95fda13691234305a928047290981f18 e2a0f84b49a84fc3b7c9a6637e7cf059 - - - -] volume service is down. (host: rack13-server79@lvm-1)
2024-06-04 10:18:46.824 7 WARNING cinder.scheduler.host_manager [None req-3db1ff33-0533-4cf0-99b9-07741f70d388 95fda13691234305a928047290981f18 e2a0f84b49a84fc3b7c9a6637e7cf059 - - - -] volume service is down. (host: rack13-server79@lvm-1)
2024-06-04 10:18:47.079 7 WARNING cinder.scheduler.host_manager [None req-e20429e7-fa81-4259-b863-a9c8f22292c9 95fda13691234305a928047290981f18 e2a0f84b49a84fc3b7c9a6637e7cf059 - - - -] volume service is down. (host: rack13-server79@lvm-1)
2024-06-04 10:18:47.325 7 WARNING cinder.scheduler.host_manager [None req-1430aa61-41ee-4892-b509-81889e696e8c 95fda13691234305a928047290981f18 e2a0f84b49a84fc3b7c9a6637e7cf059 - - - -] volume service is down. (host: rack13-server79@lvm-1)
2024-06-04 10:18:47.568 7 WARNING cinder.scheduler.host_manager [None req-4dd2143f-5220-42db-a7a8-144e15194476 95fda13691234305a928047290981f18 e2a0f84b49a84fc3b7c9a6637e7cf059 - - - -] volume service is down. (host: rack13-server79@lvm-1)
2024-06-04 10:18:47.808 7 WARNING cinder.scheduler.host_manager [None req-c8325083-cf22-4eea-9e30-474f29a95706 95fda13691234305a928047290981f18 e2a0f84b49a84fc3b7c9a6637e7cf059 - - - -] volume service is down. (host: rack13-server79@lvm-1)
