{1} setUpClass (cinder_tempest_plugin.api.volume.admin.test_consistencygroups.ConsistencyGroupsV2Test) ... SKIPPED: Cinder consistency group feature disabled
{2} cinder_tempest_plugin.api.volume.test_multiple_volume_from_resource.CreateVolumesFromImageTest.test_create_from_image_multiple [2.692166s] ... ok
{1} cinder_tempest_plugin.api.volume.test_multiple_volume_from_resource.CreateVolumesFromSourceVolumeTest.test_create_multiple_volume_from_source_volume [3.956195s] ... ok
{0} cinder_tempest_plugin.api.volume.test_multiple_volume_from_resource.CreateVolumesFromSnapshotTest.test_create_multiple_volume_from_snapshot [6.168923s] ... ok
{1} setUpClass (cinder_tempest_plugin.rbac.v3.test_capabilities.ProjectReaderTests) ... SKIPPED: Tempest is not configured to enforce_scope for cinder, skipping RBAC tests. To enable these tests set `tempest.conf [enforce_scope] cinder=True`.
{2} cinder_tempest_plugin.api.volume.test_volume_unicode.CinderUnicodeTest.test_create_delete_unicode_volume_name [0.056410s] ... ok
{0} setUpClass (cinder_tempest_plugin.api.volume.test_volume_revert.VolumeRevertTests) ... SKIPPED: Cinder volume revert feature disabled
{0} setUpClass (cinder_tempest_plugin.rbac.v3.test_capabilities.ProjectMemberTests) ... SKIPPED: Tempest is not configured to enforce_scope for cinder, skipping RBAC tests. To enable these tests set `tempest.conf [enforce_scope] cinder=True`.
{2} cinder_tempest_plugin.api.volume.test_volume_unicode.CinderUnicodeTest.test_snapshot_create_volume_description_non_ascii_code [4.731292s] ... ok
{2} setUpClass (cinder_tempest_plugin.rbac.v3.test_capabilities.ProjectAdminTests) ... SKIPPED: Tempest is not configured to enforce_scope for cinder, skipping RBAC tests. To enable these tests set `tempest.conf [enforce_scope] cinder=True`.

======
Totals
======
Ran: 10 tests in 24.9768 sec.
 - Passed: 5
 - Skipped: 5
 - Expected Fail: 0
 - Unexpected Success: 0
 - Failed: 0
Sum of execute time for each test: 17.6050 sec.

==============
Worker Balance
==============
 - Worker 0 (3 tests) => 0:00:14.443588
 - Worker 1 (3 tests) => 0:00:13.673249
 - Worker 2 (4 tests) => 0:00:22.431198
