Build Started 07_03_2023_01_26_31
2023-03-07 01:28:35.656 7 WARNING cinder.scheduler.host_manager [None req-0be25eef-4a3d-4b8f-b6cd-38c96f7988a0 1321c65dff7746709b579d7a95171047 1d898f2af52844aa982ffe4c7b1b7e90 - - - -] volume service is down. (host: rack09-server62@lvm-1)
2023-03-07 01:28:35.753 7 WARNING cinder.scheduler.host_manager [req-ca8b4ff5-edfe-4c53-b8d9-ee23e2f43e23 req-11fb4858-2ff3-4d5e-b42e-f7d3d764f542 072ab4c2c3b845a4accdbe60e8c06e32 4c3f346d42c548e680090fcc3082a80e - - - -] volume service is down. (host: rack09-server62@lvm-1)
2023-03-07 01:28:35.777 7 WARNING cinder.scheduler.host_manager [None req-a59d8f69-2342-4894-a03d-f32a5958fe4d 4406101234d94f9e99b57617984ab1d2 95d4baf7887b4d938e7e33cb5fb4da0b - - - -] volume service is down. (host: rack09-server62@lvm-1)
2023-03-07 01:28:38.359 7 WARNING cinder.scheduler.host_manager [None req-e5bbc298-18d9-416d-9be7-32eff3ea2864 1321c65dff7746709b579d7a95171047 1d898f2af52844aa982ffe4c7b1b7e90 - - - -] volume service is down. (host: rack09-server62@lvm-1)
2023-03-07 01:28:38.396 7 WARNING cinder.scheduler.host_manager [req-dfb0bb94-9cff-479e-9c9d-360de28ac19a req-9dafad1d-82e7-46b6-b02a-2d85422f589d 072ab4c2c3b845a4accdbe60e8c06e32 4c3f346d42c548e680090fcc3082a80e - - - -] volume service is down. (host: rack09-server62@lvm-1)
2023-03-07 01:28:38.396 7 WARNING oslo_messaging.rpc.client [req-dfb0bb94-9cff-479e-9c9d-360de28ac19a req-9dafad1d-82e7-46b6-b02a-2d85422f589d 072ab4c2c3b845a4accdbe60e8c06e32 4c3f346d42c548e680090fcc3082a80e - - - -] Using RPCClient manually to instantiate client. Please use get_rpc_client to obtain an RPC client instance.
2023-03-07 01:28:41.049 7 WARNING cinder.scheduler.host_manager [None req-25b13227-a5dd-4211-9dec-0a8061c4b135 1321c65dff7746709b579d7a95171047 1d898f2af52844aa982ffe4c7b1b7e90 - - - -] volume service is down. (host: rack09-server62@lvm-1)
2023-03-07 01:28:55.109 7 WARNING cinder.scheduler.host_manager [None req-e76f80e1-1328-4bf6-80d5-1e8afd98740d ddd861df3d7f441c9bd62a6737e2361d 5fb5094d85d04a8a8c55c1aa1894f3fc - - - -] volume service is down. (host: rack09-server62@lvm-1)
2023-03-07 01:28:55.116 7 WARNING cinder.scheduler.host_manager [None req-e76f80e1-1328-4bf6-80d5-1e8afd98740d ddd861df3d7f441c9bd62a6737e2361d 5fb5094d85d04a8a8c55c1aa1894f3fc - - - -] volume service is down. (host: rack09-server62@lvm-1)
2023-03-07 01:28:56.793 7 WARNING cinder.scheduler.host_manager [None req-4a882491-df0b-4afa-b22a-b3bada7198ef 2344a9f2204e4b6f8df7d44de4c7f710 1ebe615c2b02465aabdff24f636e86aa - - - -] volume service is down. (host: rack09-server62@lvm-1)
2023-03-07 01:28:56.808 7 WARNING cinder.scheduler.host_manager [None req-4a882491-df0b-4afa-b22a-b3bada7198ef 2344a9f2204e4b6f8df7d44de4c7f710 1ebe615c2b02465aabdff24f636e86aa - - - -] volume service is down. (host: rack09-server62@lvm-1)
2023-03-07 01:28:56.812 7 WARNING cinder.scheduler.host_manager [None req-3b37f77f-d1b3-4a97-8bba-47c909c84564 ddd861df3d7f441c9bd62a6737e2361d 5fb5094d85d04a8a8c55c1aa1894f3fc - - - -] volume service is down. (host: rack09-server62@lvm-1)
2023-03-07 01:28:58.032 7 WARNING cinder.scheduler.host_manager [None req-23c309ff-84aa-4732-9036-497e16457eee 2344a9f2204e4b6f8df7d44de4c7f710 1ebe615c2b02465aabdff24f636e86aa - - - -] volume service is down. (host: rack09-server62@lvm-1)
2023-03-07 01:28:58.039 7 WARNING cinder.scheduler.host_manager [None req-23c309ff-84aa-4732-9036-497e16457eee 2344a9f2204e4b6f8df7d44de4c7f710 1ebe615c2b02465aabdff24f636e86aa - - - -] volume service is down. (host: rack09-server62@lvm-1)
2023-03-07 01:28:59.734 7 WARNING cinder.scheduler.host_manager [None req-ec9413d8-ffbb-438e-b519-77e351751a41 2344a9f2204e4b6f8df7d44de4c7f710 1ebe615c2b02465aabdff24f636e86aa - - - -] volume service is down. (host: rack09-server62@lvm-1)
2023-03-07 01:29:01.745 7 WARNING cinder.scheduler.host_manager [None req-f2c4e7f7-4031-44c5-bc67-a0f14211d870 ddd861df3d7f441c9bd62a6737e2361d 5fb5094d85d04a8a8c55c1aa1894f3fc - - - -] volume service is down. (host: rack09-server62@lvm-1)
2023-03-07 01:29:05.281 7 WARNING cinder.scheduler.host_manager [None req-4d9c5aaf-7606-46b6-8f93-d4f9553d6850 2344a9f2204e4b6f8df7d44de4c7f710 1ebe615c2b02465aabdff24f636e86aa - - - -] volume service is down. (host: rack09-server62@lvm-1)
2023-03-07 01:29:05.288 7 WARNING cinder.scheduler.host_manager [None req-4d9c5aaf-7606-46b6-8f93-d4f9553d6850 2344a9f2204e4b6f8df7d44de4c7f710 1ebe615c2b02465aabdff24f636e86aa - - - -] volume service is down. (host: rack09-server62@lvm-1)
2023-03-07 01:29:05.989 7 WARNING cinder.scheduler.host_manager [None req-b5f68b82-0d1b-4552-865c-d2817ecf9c79 4406101234d94f9e99b57617984ab1d2 95d4baf7887b4d938e7e33cb5fb4da0b - - - -] volume service is down. (host: rack09-server62@lvm-1)
2023-03-07 01:29:06.882 7 WARNING cinder.scheduler.host_manager [None req-43e9dbdf-2a38-4ac5-bb6f-1460a18ee0ac 2344a9f2204e4b6f8df7d44de4c7f710 1ebe615c2b02465aabdff24f636e86aa - - - -] volume service is down. (host: rack09-server62@lvm-1)
2023-03-07 01:29:07.876 7 WARNING cinder.scheduler.host_manager [None req-a4228c3c-9dfc-49c3-a226-63ee07b54739 ddd861df3d7f441c9bd62a6737e2361d 5fb5094d85d04a8a8c55c1aa1894f3fc - - - -] volume service is down. (host: rack09-server62@lvm-1)
2023-03-07 01:29:07.883 7 WARNING cinder.scheduler.host_manager [None req-a4228c3c-9dfc-49c3-a226-63ee07b54739 ddd861df3d7f441c9bd62a6737e2361d 5fb5094d85d04a8a8c55c1aa1894f3fc - - - -] volume service is down. (host: rack09-server62@lvm-1)
2023-03-07 01:29:09.528 7 WARNING cinder.scheduler.host_manager [None req-743706b4-20c9-4a1c-a8b8-c4423f7342bd ddd861df3d7f441c9bd62a6737e2361d 5fb5094d85d04a8a8c55c1aa1894f3fc - - - -] volume service is down. (host: rack09-server62@lvm-1)
2023-03-07 01:29:09.552 7 WARNING cinder.scheduler.host_manager [None req-3f63a2cf-4452-4b3c-93c3-213757851279 2344a9f2204e4b6f8df7d44de4c7f710 1ebe615c2b02465aabdff24f636e86aa - - - -] volume service is down. (host: rack09-server62@lvm-1)
2023-03-07 01:29:11.070 7 WARNING cinder.scheduler.host_manager [None req-537d91db-05df-4f95-b4bf-4b50fb08da99 ddd861df3d7f441c9bd62a6737e2361d 5fb5094d85d04a8a8c55c1aa1894f3fc - - - -] volume service is down. (host: rack09-server62@lvm-1)
2023-03-07 01:29:19.975 7 WARNING cinder.scheduler.host_manager [None req-364004a1-b1b1-44c4-aeec-1ac6654395d9 2b8884457cb44465b593351446c5068c 7f0c955a96844bf1a5259d78e2b6887d - - - -] volume service is down. (host: rack09-server62@lvm-1)
2023-03-07 01:29:19.982 7 WARNING cinder.scheduler.host_manager [None req-364004a1-b1b1-44c4-aeec-1ac6654395d9 2b8884457cb44465b593351446c5068c 7f0c955a96844bf1a5259d78e2b6887d - - - -] volume service is down. (host: rack09-server62@lvm-1)
2023-03-07 01:29:21.657 7 WARNING cinder.scheduler.host_manager [None req-422dd5a4-9af9-4dd1-ad8e-c5835c3181bd 2b8884457cb44465b593351446c5068c 7f0c955a96844bf1a5259d78e2b6887d - - - -] volume service is down. (host: rack09-server62@lvm-1)
2023-03-07 01:29:23.008 7 WARNING cinder.scheduler.host_manager [None req-cb8e531f-00a9-411f-9ab5-130d093dc177 2b8884457cb44465b593351446c5068c 7f0c955a96844bf1a5259d78e2b6887d - - - -] volume service is down. (host: rack09-server62@lvm-1)
2023-03-07 01:29:24.691 7 WARNING cinder.scheduler.host_manager [None req-bc5e686b-88fa-44a0-84fc-b3680502151e ddd861df3d7f441c9bd62a6737e2361d 5fb5094d85d04a8a8c55c1aa1894f3fc - - - -] volume service is down. (host: rack09-server62@lvm-1)
2023-03-07 01:29:24.698 7 WARNING cinder.scheduler.host_manager [None req-bc5e686b-88fa-44a0-84fc-b3680502151e ddd861df3d7f441c9bd62a6737e2361d 5fb5094d85d04a8a8c55c1aa1894f3fc - - - -] volume service is down. (host: rack09-server62@lvm-1)
2023-03-07 01:29:26.336 7 WARNING cinder.scheduler.host_manager [None req-da970c14-bc95-4077-8bbb-06781e3b354f ddd861df3d7f441c9bd62a6737e2361d 5fb5094d85d04a8a8c55c1aa1894f3fc - - - -] volume service is down. (host: rack09-server62@lvm-1)
2023-03-07 01:29:47.303 7 WARNING cinder.scheduler.host_manager [None req-9199d867-d124-426b-a2f9-164476a099e8 332be2b08a0047448318d15b8bc7074c 2f724c0cb0c54ea09b1e10df350258cd - - - -] volume service is down. (host: rack09-server62@lvm-1)
2023-03-07 01:29:48.455 7 WARNING cinder.scheduler.host_manager [None req-52e916f0-2019-4357-99ae-423dd4591ab8 2b2fbf0bc394459ba676fbba215f06b9 b67181ac95ea4429b463c8cdbb4e5cdd - - - -] volume service is down. (host: rack09-server62@lvm-1)
2023-03-07 01:29:48.461 7 WARNING cinder.scheduler.host_manager [None req-52e916f0-2019-4357-99ae-423dd4591ab8 2b2fbf0bc394459ba676fbba215f06b9 b67181ac95ea4429b463c8cdbb4e5cdd - - - -] volume service is down. (host: rack09-server62@lvm-1)
2023-03-07 01:30:03.139 7 WARNING cinder.scheduler.host_manager [None req-bac5d6dd-b0a4-4511-a964-25951521befd 26b54e3f0a9049069ec4a9d2af84e4ab c8f9ea61dd0640158f2f093ac179677d - - - -] volume service is down. (host: rack09-server62@lvm-1)
2023-03-07 01:30:03.139 7 INFO cinder.scheduler.base_filter [None req-bac5d6dd-b0a4-4511-a964-25951521befd 26b54e3f0a9049069ec4a9d2af84e4ab c8f9ea61dd0640158f2f093ac179677d - - - -] Filtering removed all hosts for the request with volume ID 'bf77cb7a-1eab-46f4-9160-5a66817a2187'. Filter results: AvailabilityZoneFilter: (start: 1, end: 1), CapacityFilter: (start: 1, end: 1), CapabilitiesFilter: (start: 1, end: 0)
2023-03-07 01:30:03.140 7 WARNING cinder.scheduler.filter_scheduler [None req-bac5d6dd-b0a4-4511-a964-25951521befd 26b54e3f0a9049069ec4a9d2af84e4ab c8f9ea61dd0640158f2f093ac179677d - - - -] No weighed backend found for volume with properties: {'id': '572efea7-09f3-40da-8ea4-8537306ebbf7', 'name': 'tempest-UserMessagesTest-volume-type-1372765328', 'description': None, 'is_public': True, 'projects': [], 'extra_specs': {'storage_protocol': 'tempest-storage_protocol-168869861', 'vendor_name': 'tempest-vendor_name-1254071213'}, 'qos_specs_id': None, 'created_at': '2023-03-07T01:30:02.000000', 'updated_at': None, 'deleted_at': None, 'deleted': False}
2023-03-07 01:30:03.140 7 INFO cinder.message.api [None req-bac5d6dd-b0a4-4511-a964-25951521befd 26b54e3f0a9049069ec4a9d2af84e4ab c8f9ea61dd0640158f2f093ac179677d - - - -] Creating message record for request_id = req-bac5d6dd-b0a4-4511-a964-25951521befd
2023-03-07 01:30:03.145 7 ERROR cinder.scheduler.flows.create_volume [None req-bac5d6dd-b0a4-4511-a964-25951521befd 26b54e3f0a9049069ec4a9d2af84e4ab c8f9ea61dd0640158f2f093ac179677d - - - -] Failed to run task cinder.scheduler.flows.create_volume.ScheduleCreateVolumeTask;volume:create: No valid backend was found. No weighed backends available: cinder.exception.NoValidBackend: No valid backend was found. No weighed backends available
2023-03-07 01:30:04.221 7 WARNING cinder.scheduler.host_manager [None req-aa6fbffe-ba09-41e0-bbd2-03a444e1c153 f840317f6ff34525b02e9127da71d19d 6f0d30bda7f34e2abfd1bd7908f4039d - - - -] volume service is down. (host: rack09-server62@lvm-1)
2023-03-07 01:30:05.057 7 WARNING cinder.scheduler.host_manager [None req-f2b4a9de-9a0d-4310-82db-8b5746602c3b 26b54e3f0a9049069ec4a9d2af84e4ab c8f9ea61dd0640158f2f093ac179677d - - - -] volume service is down. (host: rack09-server62@lvm-1)
2023-03-07 01:30:05.058 7 INFO cinder.scheduler.base_filter [None req-f2b4a9de-9a0d-4310-82db-8b5746602c3b 26b54e3f0a9049069ec4a9d2af84e4ab c8f9ea61dd0640158f2f093ac179677d - - - -] Filtering removed all hosts for the request with volume ID 'd621785e-5183-442e-b2a5-8ed7f8feb20b'. Filter results: AvailabilityZoneFilter: (start: 1, end: 1), CapacityFilter: (start: 1, end: 1), CapabilitiesFilter: (start: 1, end: 0)
2023-03-07 01:30:05.058 7 WARNING cinder.scheduler.filter_scheduler [None req-f2b4a9de-9a0d-4310-82db-8b5746602c3b 26b54e3f0a9049069ec4a9d2af84e4ab c8f9ea61dd0640158f2f093ac179677d - - - -] No weighed backend found for volume with properties: {'id': 'c7ecb764-1266-44a9-8d23-fad795f83ce2', 'name': 'tempest-UserMessagesTest-volume-type-1147519516', 'description': None, 'is_public': True, 'projects': [], 'extra_specs': {'storage_protocol': 'tempest-storage_protocol-1306912030', 'vendor_name': 'tempest-vendor_name-285537756'}, 'qos_specs_id': None, 'created_at': '2023-03-07T01:30:04.000000', 'updated_at': None, 'deleted_at': None, 'deleted': False}
2023-03-07 01:30:05.058 7 INFO cinder.message.api [None req-f2b4a9de-9a0d-4310-82db-8b5746602c3b 26b54e3f0a9049069ec4a9d2af84e4ab c8f9ea61dd0640158f2f093ac179677d - - - -] Creating message record for request_id = req-f2b4a9de-9a0d-4310-82db-8b5746602c3b
2023-03-07 01:30:05.063 7 ERROR cinder.scheduler.flows.create_volume [None req-f2b4a9de-9a0d-4310-82db-8b5746602c3b 26b54e3f0a9049069ec4a9d2af84e4ab c8f9ea61dd0640158f2f093ac179677d - - - -] Failed to run task cinder.scheduler.flows.create_volume.ScheduleCreateVolumeTask;volume:create: No valid backend was found. No weighed backends available: cinder.exception.NoValidBackend: No valid backend was found. No weighed backends available
2023-03-07 01:30:05.567 7 WARNING cinder.scheduler.host_manager [None req-5d63eb53-892e-42cb-be7f-a07446d70baf f840317f6ff34525b02e9127da71d19d 6f0d30bda7f34e2abfd1bd7908f4039d - - - -] volume service is down. (host: rack09-server62@lvm-1)
2023-03-07 01:30:05.568 7 WARNING oslo_messaging.rpc.client [None req-5d63eb53-892e-42cb-be7f-a07446d70baf f840317f6ff34525b02e9127da71d19d 6f0d30bda7f34e2abfd1bd7908f4039d - - - -] Using RPCClient manually to instantiate client. Please use get_rpc_client to obtain an RPC client instance.
2023-03-07 01:30:12.175 7 WARNING cinder.scheduler.host_manager [None req-f265aa7c-216d-47de-b412-e35291c83559 fa2dea9c5ffd4aeb81751825de39fc58 3430fbf189be450a9facb60eea9c6717 - - - -] volume service is down. (host: rack09-server62@lvm-1)
2023-03-07 01:30:17.397 7 WARNING cinder.scheduler.host_manager [None req-f802521b-aa4e-4d2f-b3bf-f7b937d3bbe4 54aafe493578439b92d59c3608cc22e4 28d693c2f21a4e4db557c6e2a660d514 - - - -] volume service is down. (host: rack09-server62@lvm-1)
2023-03-07 01:30:19.414 7 WARNING cinder.scheduler.host_manager [None req-68b7ec69-7af2-41ee-92e5-8387c515642d 4406101234d94f9e99b57617984ab1d2 95d4baf7887b4d938e7e33cb5fb4da0b - - - -] volume service is down. (host: rack09-server62@lvm-1)
2023-03-07 01:30:22.323 7 WARNING cinder.scheduler.host_manager [None req-7ad3a8f7-3338-444f-902d-116b1ce75af3 38395cf0bb784e55be8edc86e223dd77 8ea8981a95a44120977b58aa97647cf9 - - - -] volume service is down. (host: rack09-server62@lvm-1)
2023-03-07 01:30:23.866 7 WARNING cinder.scheduler.host_manager [None req-674a5db9-5df1-475c-a30d-53556d5017a4 38395cf0bb784e55be8edc86e223dd77 8ea8981a95a44120977b58aa97647cf9 - - - -] volume service is down. (host: rack09-server62@lvm-1)
2023-03-07 01:30:25.412 7 WARNING cinder.scheduler.host_manager [None req-8600b2f0-4542-40ca-929e-ec86696b6805 38395cf0bb784e55be8edc86e223dd77 8ea8981a95a44120977b58aa97647cf9 - - - -] volume service is down. (host: rack09-server62@lvm-1)
2023-03-07 01:30:28.418 7 WARNING cinder.scheduler.host_manager [None req-77a03a82-09ee-47b4-9595-a4c077110b92 f4dafe00227142ef90296d394eb621a5 8a77d994ee9a4a898938d5c519446b3e - - - -] volume service is down. (host: rack09-server62@lvm-1)
2023-03-07 01:30:36.169 7 WARNING cinder.scheduler.host_manager [req-f3e8f5a2-7b20-4971-89db-60170d95701c req-a4cff482-9f35-47b9-9568-60804fe3b71b 4406101234d94f9e99b57617984ab1d2 95d4baf7887b4d938e7e33cb5fb4da0b - - - -] volume service is down. (host: rack09-server62@lvm-1)
2023-03-07 01:30:36.170 7 WARNING oslo_messaging.rpc.client [req-f3e8f5a2-7b20-4971-89db-60170d95701c req-a4cff482-9f35-47b9-9568-60804fe3b71b 4406101234d94f9e99b57617984ab1d2 95d4baf7887b4d938e7e33cb5fb4da0b - - - -] Using RPCClient manually to instantiate client. Please use get_rpc_client to obtain an RPC client instance.
2023-03-07 01:30:36.280 7 WARNING cinder.scheduler.host_manager [None req-f7e1a65c-f2f9-453d-9353-b542d1d80bf8 89f4238953cf4db0970ebc87ad3935d6 b6d2e6626a534bb6beb0d609bfb20259 - - - -] volume service is down. (host: rack09-server62@lvm-1)
2023-03-07 01:30:37.630 7 WARNING cinder.scheduler.host_manager [None req-1be82ae2-3f26-4c8c-8a96-f2a8e85bcad3 353271eeb0ac425dbe21d80f90b2b95c e67f5282c9874c368ac307e15ce27008 - - - -] volume service is down. (host: rack09-server62@lvm-1)
2023-03-07 01:30:40.515 7 WARNING cinder.scheduler.host_manager [None req-52414af6-1e58-42db-841c-e93063d50f42 353271eeb0ac425dbe21d80f90b2b95c e67f5282c9874c368ac307e15ce27008 - - - -] volume service is down. (host: rack09-server62@lvm-1)
2023-03-07 01:30:40.516 7 WARNING oslo_messaging.rpc.client [None req-52414af6-1e58-42db-841c-e93063d50f42 353271eeb0ac425dbe21d80f90b2b95c e67f5282c9874c368ac307e15ce27008 - - - -] Using RPCClient manually to instantiate client. Please use get_rpc_client to obtain an RPC client instance.
2023-03-07 01:30:42.132 7 WARNING cinder.scheduler.host_manager [None req-da23b4ed-7822-45e2-974c-bb0c19033734 89f4238953cf4db0970ebc87ad3935d6 b6d2e6626a534bb6beb0d609bfb20259 - - - -] volume service is down. (host: rack09-server62@lvm-1)
2023-03-07 01:30:45.988 7 WARNING cinder.scheduler.host_manager [None req-e79f5658-09a3-465d-ac37-9200bd06c6fc 89f4238953cf4db0970ebc87ad3935d6 b6d2e6626a534bb6beb0d609bfb20259 - - - -] volume service is down. (host: rack09-server62@lvm-1)
2023-03-07 01:30:49.842 7 WARNING cinder.scheduler.host_manager [None req-6e6c5bbc-b18f-405e-9977-f65f42a525c5 89f4238953cf4db0970ebc87ad3935d6 b6d2e6626a534bb6beb0d609bfb20259 - - - -] volume service is down. (host: rack09-server62@lvm-1)
2023-03-07 01:30:51.502 7 WARNING cinder.scheduler.host_manager [None req-fc2deab1-028f-458f-b647-c00c88f8779c 1c78d7d9c4354715abf7245811ce279e c1b1cac9b045478d820875f6a11f53df - - - -] volume service is down. (host: rack09-server62@lvm-1)
2023-03-07 01:30:53.205 7 WARNING cinder.scheduler.host_manager [req-bc79f091-f068-4f1e-a7f9-caab4ac6316f req-55d4f111-ca36-46d4-ab17-864282a071f2 c4c0d971172946688331b8bcb8824419 3113f6d94a13461bb45948a4583b8509 - - - -] volume service is down. (host: rack09-server62@lvm-1)
2023-03-07 01:30:53.656 7 WARNING cinder.scheduler.host_manager [None req-14feec65-06d8-46db-a843-1fde5ba738c6 89f4238953cf4db0970ebc87ad3935d6 b6d2e6626a534bb6beb0d609bfb20259 - - - -] volume service is down. (host: rack09-server62@lvm-1)
2023-03-07 01:30:56.864 7 WARNING cinder.scheduler.host_manager [None req-6d05c779-c774-4a08-bfa1-066e79e12a16 1c78d7d9c4354715abf7245811ce279e c1b1cac9b045478d820875f6a11f53df - - - -] volume service is down. (host: rack09-server62@lvm-1)
2023-03-07 01:30:57.519 7 WARNING cinder.scheduler.host_manager [None req-e616663f-cb95-49fe-b027-142bbdfb96ff 89f4238953cf4db0970ebc87ad3935d6 b6d2e6626a534bb6beb0d609bfb20259 - - - -] volume service is down. (host: rack09-server62@lvm-1)
2023-03-07 01:30:59.974 7 WARNING cinder.scheduler.host_manager [None req-f2b4b289-9b35-4e2b-91a3-937d801af05e bd46e7a070a34c29a83a36aa5a417aea 3c3dc19bf84d486b8dd39619f7d38da0 - - - -] volume service is down. (host: rack09-server62@lvm-1)
2023-03-07 01:31:00.012 7 WARNING cinder.scheduler.host_manager [None req-65bc8719-18ab-4b59-870f-6c940312239d bd46e7a070a34c29a83a36aa5a417aea 3c3dc19bf84d486b8dd39619f7d38da0 - - - -] volume service is down. (host: rack09-server62@lvm-1)
2023-03-07 01:31:03.214 7 WARNING cinder.scheduler.host_manager [None req-dc1656cc-f765-41b3-b4fc-57b7a803cabd 482d6088192b479a9db16f2eee3bc076 0de9362d89c446ffb89ff1ed00a106d0 - - - -] volume service is down. (host: rack09-server62@lvm-1)
2023-03-07 01:31:05.383 7 WARNING cinder.scheduler.host_manager [None req-1dbfe39a-c57a-4c63-a1c6-92ccddfb29e2 bbdeff07d06a4a6d877336dab1c51b28 d9205e7ec4ed48aeab846909bbd65a15 - - - -] volume service is down. (host: rack09-server62@lvm-1)
2023-03-07 01:31:06.211 7 WARNING cinder.scheduler.host_manager [None req-00e606fe-3453-4574-8097-6c02757bdc51 5e9ab7f1f8204ac6b35eeab9fa4dbf52 c5efa3d776af403eb26e62762e84c597 - - - -] volume service is down. (host: rack09-server62@lvm-1)
2023-03-07 01:31:07.806 7 WARNING cinder.scheduler.host_manager [None req-95b068f5-fbde-48db-8a7c-20d1f7949adf bbdeff07d06a4a6d877336dab1c51b28 d9205e7ec4ed48aeab846909bbd65a15 - - - -] volume service is down. (host: rack09-server62@lvm-1)
2023-03-07 01:31:07.807 7 WARNING oslo_messaging.rpc.client [None req-95b068f5-fbde-48db-8a7c-20d1f7949adf bbdeff07d06a4a6d877336dab1c51b28 d9205e7ec4ed48aeab846909bbd65a15 - - - -] Using RPCClient manually to instantiate client. Please use get_rpc_client to obtain an RPC client instance.
2023-03-07 01:31:10.543 7 WARNING cinder.scheduler.host_manager [None req-88b072a7-9f3b-46e0-aba7-92a00990bb79 bbdeff07d06a4a6d877336dab1c51b28 d9205e7ec4ed48aeab846909bbd65a15 - - - -] volume service is down. (host: rack09-server62@lvm-1)
2023-03-07 01:31:10.544 7 WARNING oslo_messaging.rpc.client [None req-88b072a7-9f3b-46e0-aba7-92a00990bb79 bbdeff07d06a4a6d877336dab1c51b28 d9205e7ec4ed48aeab846909bbd65a15 - - - -] Using RPCClient manually to instantiate client. Please use get_rpc_client to obtain an RPC client instance.
2023-03-07 01:31:14.197 7 WARNING cinder.scheduler.host_manager [None req-72e7e65e-f7e4-46d1-86c7-da784c2806f0 bbdeff07d06a4a6d877336dab1c51b28 d9205e7ec4ed48aeab846909bbd65a15 - - - -] volume service is down. (host: rack09-server62@lvm-1)
2023-03-07 01:31:14.198 7 WARNING oslo_messaging.rpc.client [None req-72e7e65e-f7e4-46d1-86c7-da784c2806f0 bbdeff07d06a4a6d877336dab1c51b28 d9205e7ec4ed48aeab846909bbd65a15 - - - -] Using RPCClient manually to instantiate client. Please use get_rpc_client to obtain an RPC client instance.
2023-03-07 01:31:17.796 7 WARNING cinder.scheduler.host_manager [None req-ebed28d5-8df6-4a27-8117-f453c9f96d97 bbdeff07d06a4a6d877336dab1c51b28 d9205e7ec4ed48aeab846909bbd65a15 - - - -] volume service is down. (host: rack09-server62@lvm-1)
2023-03-07 01:31:17.797 7 WARNING oslo_messaging.rpc.client [None req-ebed28d5-8df6-4a27-8117-f453c9f96d97 bbdeff07d06a4a6d877336dab1c51b28 d9205e7ec4ed48aeab846909bbd65a15 - - - -] Using RPCClient manually to instantiate client. Please use get_rpc_client to obtain an RPC client instance.
2023-03-07 01:31:21.441 7 WARNING cinder.scheduler.host_manager [None req-57e7d742-82eb-49c0-b5aa-1c3bf30ebc14 bbdeff07d06a4a6d877336dab1c51b28 d9205e7ec4ed48aeab846909bbd65a15 - - - -] volume service is down. (host: rack09-server62@lvm-1)
2023-03-07 01:31:21.442 7 WARNING oslo_messaging.rpc.client [None req-57e7d742-82eb-49c0-b5aa-1c3bf30ebc14 bbdeff07d06a4a6d877336dab1c51b28 d9205e7ec4ed48aeab846909bbd65a15 - - - -] Using RPCClient manually to instantiate client. Please use get_rpc_client to obtain an RPC client instance.
2023-03-07 01:31:24.046 7 WARNING cinder.scheduler.host_manager [None req-7c18c0f7-e4e0-4726-9aa2-6b8867d64a71 f16d9f567a4b4590a3a64e2ba97aa945 506e58caa63846ba81c1603e72aca29e - - - -] volume service is down. (host: rack09-server62@lvm-1)
2023-03-07 01:31:25.394 7 WARNING cinder.scheduler.host_manager [None req-6e9072ec-f56d-4b89-a701-7238445ceb3d f16d9f567a4b4590a3a64e2ba97aa945 506e58caa63846ba81c1603e72aca29e - - - -] volume service is down. (host: rack09-server62@lvm-1)
2023-03-07 01:31:25.395 7 WARNING oslo_messaging.rpc.client [None req-6e9072ec-f56d-4b89-a701-7238445ceb3d f16d9f567a4b4590a3a64e2ba97aa945 506e58caa63846ba81c1603e72aca29e - - - -] Using RPCClient manually to instantiate client. Please use get_rpc_client to obtain an RPC client instance.
2023-03-07 01:31:27.737 7 WARNING cinder.scheduler.host_manager [None req-3ae5a488-0b46-495d-b13a-0aeae5c99a69 f16d9f567a4b4590a3a64e2ba97aa945 506e58caa63846ba81c1603e72aca29e - - - -] volume service is down. (host: rack09-server62@lvm-1)
2023-03-07 01:31:27.738 7 WARNING oslo_messaging.rpc.client [None req-3ae5a488-0b46-495d-b13a-0aeae5c99a69 f16d9f567a4b4590a3a64e2ba97aa945 506e58caa63846ba81c1603e72aca29e - - - -] Using RPCClient manually to instantiate client. Please use get_rpc_client to obtain an RPC client instance.
2023-03-07 01:31:33.589 7 WARNING cinder.scheduler.host_manager [None req-52496f68-6252-450e-affb-4f3c2c56132a f16d9f567a4b4590a3a64e2ba97aa945 506e58caa63846ba81c1603e72aca29e - - - -] volume service is down. (host: rack09-server62@lvm-1)
2023-03-07 01:31:34.911 7 WARNING cinder.scheduler.host_manager [None req-9ed04cc5-1bd1-4fd2-b6c5-6772068c9863 f16d9f567a4b4590a3a64e2ba97aa945 506e58caa63846ba81c1603e72aca29e - - - -] volume service is down. (host: rack09-server62@lvm-1)
2023-03-07 01:31:34.912 7 WARNING oslo_messaging.rpc.client [None req-9ed04cc5-1bd1-4fd2-b6c5-6772068c9863 f16d9f567a4b4590a3a64e2ba97aa945 506e58caa63846ba81c1603e72aca29e - - - -] Using RPCClient manually to instantiate client. Please use get_rpc_client to obtain an RPC client instance.
2023-03-07 01:31:37.487 7 WARNING cinder.scheduler.host_manager [None req-eb77542d-4b6e-469e-a776-6e7c61a9fa17 faaf4b1652914526a2a08cc0a0fb8f9a beb3856ae5754a8298fdb8c9e48ad152 - - - -] volume service is down. (host: rack09-server62@lvm-1)
2023-03-07 01:31:37.543 7 WARNING cinder.scheduler.host_manager [None req-228963a7-f731-4977-9766-b0ebb6f7873f f16d9f567a4b4590a3a64e2ba97aa945 506e58caa63846ba81c1603e72aca29e - - - -] volume service is down. (host: rack09-server62@lvm-1)
2023-03-07 01:31:39.306 7 WARNING cinder.scheduler.host_manager [None req-a6d240ea-7e46-42ec-87f7-a3d2fb14b4b9 ee377880486d4b2f83439889ba536514 bb50fb303e7a43868d5738dc887deb8e - - - -] volume service is down. (host: rack09-server62@lvm-1)
2023-03-07 01:31:40.286 7 WARNING cinder.scheduler.host_manager [None req-615bfc65-ffea-4538-b477-e118b293033b faaf4b1652914526a2a08cc0a0fb8f9a beb3856ae5754a8298fdb8c9e48ad152 - - - -] volume service is down. (host: rack09-server62@lvm-1)
2023-03-07 01:31:45.825 7 WARNING cinder.scheduler.host_manager [None req-ed0def9c-9117-4cd3-9c1f-acd121c06ead 50c0bf3922da49098247f69aba2ca683 70f191a3f5ab4c81a0a470238250faaf - - - -] volume service is down. (host: rack09-server62@lvm-1)
2023-03-07 01:31:50.194 7 WARNING cinder.scheduler.host_manager [None req-9772db46-5eb5-4138-a0e3-eb652218f7a4 ee377880486d4b2f83439889ba536514 bb50fb303e7a43868d5738dc887deb8e - - - -] volume service is down. (host: rack09-server62@lvm-1)
2023-03-07 01:31:50.195 7 WARNING oslo_messaging.rpc.client [None req-9772db46-5eb5-4138-a0e3-eb652218f7a4 ee377880486d4b2f83439889ba536514 bb50fb303e7a43868d5738dc887deb8e - - - -] Using RPCClient manually to instantiate client. Please use get_rpc_client to obtain an RPC client instance.
2023-03-07 01:31:51.852 7 WARNING cinder.scheduler.host_manager [None req-08547210-6989-4633-9db5-8b490f20e815 ee377880486d4b2f83439889ba536514 bb50fb303e7a43868d5738dc887deb8e - - - -] volume service is down. (host: rack09-server62@lvm-1)
2023-03-07 01:31:53.225 7 WARNING cinder.scheduler.host_manager [None req-b6c8132d-20c0-426a-b415-55f63de33621 ee377880486d4b2f83439889ba536514 bb50fb303e7a43868d5738dc887deb8e - - - -] volume service is down. (host: rack09-server62@lvm-1)
2023-03-07 01:31:53.226 7 WARNING oslo_messaging.rpc.client [None req-b6c8132d-20c0-426a-b415-55f63de33621 ee377880486d4b2f83439889ba536514 bb50fb303e7a43868d5738dc887deb8e - - - -] Using RPCClient manually to instantiate client. Please use get_rpc_client to obtain an RPC client instance.
2023-03-07 01:31:53.970 7 WARNING cinder.scheduler.host_manager [None req-5760d3b0-aaaa-4adc-96bf-3667bd19c85c 09285b6d1ea94eaab200e50adc83ef79 6344b8a5695e41b2bb8d9dccc9ea0e5f - - - -] volume service is down. (host: rack09-server62@lvm-1)
2023-03-07 01:31:55.624 7 WARNING cinder.scheduler.host_manager [None req-56abc680-0ca1-46bc-98a4-e1288a36e52a ee377880486d4b2f83439889ba536514 bb50fb303e7a43868d5738dc887deb8e - - - -] volume service is down. (host: rack09-server62@lvm-1)
2023-03-07 01:31:55.625 7 WARNING oslo_messaging.rpc.client [None req-56abc680-0ca1-46bc-98a4-e1288a36e52a ee377880486d4b2f83439889ba536514 bb50fb303e7a43868d5738dc887deb8e - - - -] Using RPCClient manually to instantiate client. Please use get_rpc_client to obtain an RPC client instance.
2023-03-07 01:31:56.586 7 WARNING cinder.scheduler.host_manager [None req-eca89448-9e66-4674-9768-c023a752a76d 09285b6d1ea94eaab200e50adc83ef79 6344b8a5695e41b2bb8d9dccc9ea0e5f - - - -] volume service is down. (host: rack09-server62@lvm-1)
2023-03-07 01:31:56.587 7 WARNING oslo_messaging.rpc.client [None req-eca89448-9e66-4674-9768-c023a752a76d 09285b6d1ea94eaab200e50adc83ef79 6344b8a5695e41b2bb8d9dccc9ea0e5f - - - -] Using RPCClient manually to instantiate client. Please use get_rpc_client to obtain an RPC client instance.
2023-03-07 01:31:57.210 7 WARNING cinder.scheduler.host_manager [None req-32be73a0-6689-4135-97be-2689801fa10a 50c0bf3922da49098247f69aba2ca683 70f191a3f5ab4c81a0a470238250faaf - - - -] volume service is down. (host: rack09-server62@lvm-1)
2023-03-07 01:32:03.014 7 WARNING cinder.scheduler.host_manager [None req-8aa06bb4-d2f9-4ad5-bbc3-1a447140fbfc 50c0bf3922da49098247f69aba2ca683 70f191a3f5ab4c81a0a470238250faaf - - - -] volume service is down. (host: rack09-server62@lvm-1)
2023-03-07 01:32:05.618 7 WARNING cinder.scheduler.host_manager [None req-f7a605b5-5eee-463b-a55c-72bef8efcdb1 50c0bf3922da49098247f69aba2ca683 70f191a3f5ab4c81a0a470238250faaf - - - -] volume service is down. (host: rack09-server62@lvm-1)
2023-03-07 01:32:05.985 7 WARNING cinder.scheduler.host_manager [None req-4ed5182f-affd-423a-b41b-4e124c42bdce 7c0c6beee33f4299a87f06af9468f622 b11b78354c164b619affae0749e054b6 - - - -] volume service is down. (host: rack09-server62@lvm-1)
2023-03-07 01:32:14.032 7 WARNING cinder.scheduler.host_manager [None req-e8bfa4ea-600c-483c-929a-39c68d039661 7c0c6beee33f4299a87f06af9468f622 b11b78354c164b619affae0749e054b6 - - - -] volume service is down. (host: rack09-server62@lvm-1)
2023-03-07 01:32:16.647 7 WARNING cinder.scheduler.host_manager [None req-70739382-8be2-45b8-b63d-c18bc382b458 c048f638ba4549da84ce8ac5391ac3a7 52b3faa6f0544b11b83325e5aea6ac1b - - - -] volume service is down. (host: rack09-server62@lvm-1)
2023-03-07 01:32:24.928 7 WARNING cinder.scheduler.host_manager [None req-6bc08c4c-9af0-4329-8f69-a3b0fad9d661 87fbba019bf245f38a58ba6119e8d2fe f0283ef490594c4797457b3b0db4ee10 - - - -] volume service is down. (host: rack09-server62@lvm-1)
2023-03-07 01:32:27.462 7 WARNING cinder.scheduler.host_manager [None req-41384ee6-1bc0-4079-90f2-166033e356e8 a746105f37ea4c39b8692515a6cc81ca e55c7595c2984c08b93c283b0078d47d - - - -] volume service is down. (host: rack09-server62@lvm-1)
2023-03-07 01:32:28.528 7 WARNING cinder.scheduler.host_manager [None req-d98a6631-2269-41f6-996a-9b0b1679a693 7c0c6beee33f4299a87f06af9468f622 b11b78354c164b619affae0749e054b6 - - - -] volume service is down. (host: rack09-server62@lvm-1)
2023-03-07 01:32:28.529 7 WARNING oslo_messaging.rpc.client [None req-d98a6631-2269-41f6-996a-9b0b1679a693 7c0c6beee33f4299a87f06af9468f622 b11b78354c164b619affae0749e054b6 - - - -] Using RPCClient manually to instantiate client. Please use get_rpc_client to obtain an RPC client instance.
2023-03-07 01:32:30.916 7 WARNING cinder.scheduler.host_manager [None req-6c3e6ecf-da6d-4661-8b68-f03c34236d50 7c0c6beee33f4299a87f06af9468f622 b11b78354c164b619affae0749e054b6 - - - -] volume service is down. (host: rack09-server62@lvm-1)
2023-03-07 01:32:30.917 7 WARNING oslo_messaging.rpc.client [None req-6c3e6ecf-da6d-4661-8b68-f03c34236d50 7c0c6beee33f4299a87f06af9468f622 b11b78354c164b619affae0749e054b6 - - - -] Using RPCClient manually to instantiate client. Please use get_rpc_client to obtain an RPC client instance.
2023-03-07 01:32:33.255 7 WARNING cinder.scheduler.host_manager [None req-29341287-a702-4a67-89af-22b27bd4bb2b 7c0c6beee33f4299a87f06af9468f622 b11b78354c164b619affae0749e054b6 - - - -] volume service is down. (host: rack09-server62@lvm-1)
2023-03-07 01:32:33.256 7 WARNING oslo_messaging.rpc.client [None req-29341287-a702-4a67-89af-22b27bd4bb2b 7c0c6beee33f4299a87f06af9468f622 b11b78354c164b619affae0749e054b6 - - - -] Using RPCClient manually to instantiate client. Please use get_rpc_client to obtain an RPC client instance.
2023-03-07 01:32:33.363 7 WARNING cinder.scheduler.host_manager [None req-c525decf-8f91-4525-b365-d20dbe9dc8a6 a2ab45e14ce1431cbeeb3a82df1b5ece f1d1c00002134c11a8bd7cec6c551165 - - - -] volume service is down. (host: rack09-server62@lvm-1)
2023-03-07 01:32:34.140 7 WARNING cinder.scheduler.host_manager [None req-c3546442-4219-4003-9ffe-0edecb749bb4 87fbba019bf245f38a58ba6119e8d2fe f0283ef490594c4797457b3b0db4ee10 - - - -] volume service is down. (host: rack09-server62@lvm-1)
2023-03-07 01:32:34.141 7 WARNING oslo_messaging.rpc.client [None req-c3546442-4219-4003-9ffe-0edecb749bb4 87fbba019bf245f38a58ba6119e8d2fe f0283ef490594c4797457b3b0db4ee10 - - - -] Using RPCClient manually to instantiate client. Please use get_rpc_client to obtain an RPC client instance.
2023-03-07 01:32:42.624 7 WARNING cinder.scheduler.host_manager [None req-867873c7-971b-4117-9e2d-86b9d0abf5f5 7c0c6beee33f4299a87f06af9468f622 b11b78354c164b619affae0749e054b6 - - - -] volume service is down. (host: rack09-server62@lvm-1)
2023-03-07 01:32:42.625 7 WARNING oslo_messaging.rpc.client [None req-867873c7-971b-4117-9e2d-86b9d0abf5f5 7c0c6beee33f4299a87f06af9468f622 b11b78354c164b619affae0749e054b6 - - - -] Using RPCClient manually to instantiate client. Please use get_rpc_client to obtain an RPC client instance.
2023-03-07 01:32:43.144 7 WARNING cinder.scheduler.host_manager [None req-5f2188e3-8055-4a29-ba90-f1ce8e964c6d 36054c2177c54b088cf9003f3e6cae2f 3838c735945d4716a3da6d5d21757e6d - - - -] volume service is down. (host: rack09-server62@lvm-1)
2023-03-07 01:32:43.552 7 WARNING cinder.scheduler.host_manager [None req-6e6f0be5-560e-4476-a72b-ee4d907cab79 99e14d66b46341c68220f982f9fd0049 9a1cbc004f6e40c09fd807c66570293d - - - -] volume service is down. (host: rack09-server62@lvm-1)
2023-03-07 01:32:45.754 7 WARNING cinder.scheduler.host_manager [None req-abb37809-3ffe-44ec-a4ca-17d40efb7200 99e14d66b46341c68220f982f9fd0049 9a1cbc004f6e40c09fd807c66570293d - - - -] volume service is down. (host: rack09-server62@lvm-1)
2023-03-07 01:32:46.218 7 WARNING cinder.scheduler.host_manager [None req-7dde1d63-d510-4909-a5b5-4a2bf1af65ec 7c0c6beee33f4299a87f06af9468f622 b11b78354c164b619affae0749e054b6 - - - -] volume service is down. (host: rack09-server62@lvm-1)
2023-03-07 01:32:46.219 7 WARNING oslo_messaging.rpc.client [None req-7dde1d63-d510-4909-a5b5-4a2bf1af65ec 7c0c6beee33f4299a87f06af9468f622 b11b78354c164b619affae0749e054b6 - - - -] Using RPCClient manually to instantiate client. Please use get_rpc_client to obtain an RPC client instance.
2023-03-07 01:32:47.330 7 WARNING cinder.scheduler.host_manager [None req-01eb3eb1-9489-4015-aec2-84cefe4c00e5 36054c2177c54b088cf9003f3e6cae2f 3838c735945d4716a3da6d5d21757e6d - - - -] volume service is down. (host: rack09-server62@lvm-1)
2023-03-07 01:32:50.687 7 WARNING cinder.scheduler.host_manager [None req-8827b3fb-8dee-4808-a7bd-874c56c1feff 99e14d66b46341c68220f982f9fd0049 9a1cbc004f6e40c09fd807c66570293d - - - -] volume service is down. (host: rack09-server62@lvm-1)
2023-03-07 01:32:53.310 7 WARNING cinder.scheduler.host_manager [None req-b7a4e6bf-a9c2-42bc-94b5-c1befef00044 99e14d66b46341c68220f982f9fd0049 9a1cbc004f6e40c09fd807c66570293d - - - -] volume service is down. (host: rack09-server62@lvm-1)
2023-03-07 01:32:54.790 7 WARNING cinder.scheduler.host_manager [None req-e779bfb2-6b61-4a78-8a8b-fe40ff81204a d78f57ab86624b7bb3e07e78b287b74b e0c6ed4ad4c042e1ba93ff37cb7449fe - - - -] volume service is down. (host: rack09-server62@lvm-1)
2023-03-07 01:32:56.307 7 WARNING cinder.scheduler.host_manager [None req-5ec41a73-45cd-4cd8-8fda-44adcbff1b76 7c0c6beee33f4299a87f06af9468f622 b11b78354c164b619affae0749e054b6 - - - -] volume service is down. (host: rack09-server62@lvm-1)
2023-03-07 01:32:56.308 7 WARNING oslo_messaging.rpc.client [None req-5ec41a73-45cd-4cd8-8fda-44adcbff1b76 7c0c6beee33f4299a87f06af9468f622 b11b78354c164b619affae0749e054b6 - - - -] Using RPCClient manually to instantiate client. Please use get_rpc_client to obtain an RPC client instance.
2023-03-07 01:32:57.198 7 WARNING cinder.scheduler.host_manager [None req-fd53e664-42fa-46dc-a1df-b8a84d209594 99e14d66b46341c68220f982f9fd0049 9a1cbc004f6e40c09fd807c66570293d - - - -] volume service is down. (host: rack09-server62@lvm-1)
2023-03-07 01:32:57.412 7 WARNING cinder.scheduler.host_manager [None req-9866ae69-1258-4f7a-96d2-6436cdb6a33a d78f57ab86624b7bb3e07e78b287b74b e0c6ed4ad4c042e1ba93ff37cb7449fe - - - -] volume service is down. (host: rack09-server62@lvm-1)
2023-03-07 01:32:58.666 7 WARNING cinder.scheduler.host_manager [None req-1564deb2-ea48-4b1d-8100-4a6bc2898127 7c0c6beee33f4299a87f06af9468f622 b11b78354c164b619affae0749e054b6 - - - -] volume service is down. (host: rack09-server62@lvm-1)
2023-03-07 01:32:58.666 7 WARNING oslo_messaging.rpc.client [None req-1564deb2-ea48-4b1d-8100-4a6bc2898127 7c0c6beee33f4299a87f06af9468f622 b11b78354c164b619affae0749e054b6 - - - -] Using RPCClient manually to instantiate client. Please use get_rpc_client to obtain an RPC client instance.
2023-03-07 01:32:59.005 7 WARNING cinder.scheduler.host_manager [None req-989759e2-2305-4709-86ef-df5abaff37d1 d78f57ab86624b7bb3e07e78b287b74b e0c6ed4ad4c042e1ba93ff37cb7449fe - - - -] volume service is down. (host: rack09-server62@lvm-1)
2023-03-07 01:33:02.288 7 WARNING cinder.scheduler.host_manager [None req-207f861b-d7d8-4def-af5c-02a95544d34d 99e14d66b46341c68220f982f9fd0049 9a1cbc004f6e40c09fd807c66570293d - - - -] volume service is down. (host: rack09-server62@lvm-1)
2023-03-07 01:33:08.181 7 WARNING cinder.scheduler.host_manager [None req-196bb39c-e62b-4b5c-ae5e-2d664b67d1f2 7c0c6beee33f4299a87f06af9468f622 b11b78354c164b619affae0749e054b6 - - - -] volume service is down. (host: rack09-server62@lvm-1)
2023-03-07 01:33:10.470 7 WARNING cinder.scheduler.host_manager [None req-f806dbdb-b679-477e-bff5-5faf95ce5068 a6827882b15a4d80a215d7452bbeabdb ecb85338db1846aa88afe525682c6bb2 - - - -] volume service is down. (host: rack09-server62@lvm-1)
2023-03-07 01:33:10.941 7 WARNING cinder.scheduler.host_manager [None req-c0f73b25-1877-431d-88fe-d5e5b10ce2ac 7c0c6beee33f4299a87f06af9468f622 b11b78354c164b619affae0749e054b6 - - - -] volume service is down. (host: rack09-server62@lvm-1)
2023-03-07 01:33:10.941 7 WARNING oslo_messaging.rpc.client [None req-c0f73b25-1877-431d-88fe-d5e5b10ce2ac 7c0c6beee33f4299a87f06af9468f622 b11b78354c164b619affae0749e054b6 - - - -] Using RPCClient manually to instantiate client. Please use get_rpc_client to obtain an RPC client instance.
2023-03-07 01:33:13.285 7 WARNING cinder.scheduler.host_manager [None req-30dea4ad-f0d7-4ec7-8f46-c89e8d9911fd a6827882b15a4d80a215d7452bbeabdb ecb85338db1846aa88afe525682c6bb2 - - - -] volume service is down. (host: rack09-server62@lvm-1)
2023-03-07 01:33:13.286 7 WARNING oslo_messaging.rpc.client [None req-30dea4ad-f0d7-4ec7-8f46-c89e8d9911fd a6827882b15a4d80a215d7452bbeabdb ecb85338db1846aa88afe525682c6bb2 - - - -] Using RPCClient manually to instantiate client. Please use get_rpc_client to obtain an RPC client instance.
2023-03-07 01:33:13.559 7 WARNING cinder.scheduler.host_manager [None req-c5d34eed-67ff-4ce2-82fb-ca033c152960 99e14d66b46341c68220f982f9fd0049 9a1cbc004f6e40c09fd807c66570293d - - - -] volume service is down. (host: rack09-server62@lvm-1)
2023-03-07 01:33:13.607 7 WARNING cinder.scheduler.host_manager [None req-905735a4-9549-42c9-8412-63955e3256eb 7c0c6beee33f4299a87f06af9468f622 b11b78354c164b619affae0749e054b6 - - - -] volume service is down. (host: rack09-server62@lvm-1)
2023-03-07 01:33:15.606 7 WARNING cinder.scheduler.host_manager [None req-899c0fdf-0415-4680-a914-6db78df6f43b a6827882b15a4d80a215d7452bbeabdb ecb85338db1846aa88afe525682c6bb2 - - - -] volume service is down. (host: rack09-server62@lvm-1)
2023-03-07 01:33:15.607 7 WARNING oslo_messaging.rpc.client [None req-899c0fdf-0415-4680-a914-6db78df6f43b a6827882b15a4d80a215d7452bbeabdb ecb85338db1846aa88afe525682c6bb2 - - - -] Using RPCClient manually to instantiate client. Please use get_rpc_client to obtain an RPC client instance.
2023-03-07 01:33:17.331 7 WARNING cinder.scheduler.host_manager [None req-e552c749-e623-4b4b-8171-b46ff7b38131 7c0c6beee33f4299a87f06af9468f622 b11b78354c164b619affae0749e054b6 - - - -] volume service is down. (host: rack09-server62@lvm-1)
2023-03-07 01:33:17.966 7 WARNING cinder.scheduler.host_manager [None req-c9099396-0298-49b1-a498-8ef8d3c73da9 a6827882b15a4d80a215d7452bbeabdb ecb85338db1846aa88afe525682c6bb2 - - - -] volume service is down. (host: rack09-server62@lvm-1)
2023-03-07 01:33:17.967 7 WARNING oslo_messaging.rpc.client [None req-c9099396-0298-49b1-a498-8ef8d3c73da9 a6827882b15a4d80a215d7452bbeabdb ecb85338db1846aa88afe525682c6bb2 - - - -] Using RPCClient manually to instantiate client. Please use get_rpc_client to obtain an RPC client instance.
2023-03-07 01:33:19.695 7 WARNING cinder.scheduler.host_manager [None req-fdafd28f-beb5-455b-8277-6fb9b126b0ff 7c0c6beee33f4299a87f06af9468f622 b11b78354c164b619affae0749e054b6 - - - -] volume service is down. (host: rack09-server62@lvm-1)
2023-03-07 01:33:19.696 7 WARNING oslo_messaging.rpc.client [None req-fdafd28f-beb5-455b-8277-6fb9b126b0ff 7c0c6beee33f4299a87f06af9468f622 b11b78354c164b619affae0749e054b6 - - - -] Using RPCClient manually to instantiate client. Please use get_rpc_client to obtain an RPC client instance.
2023-03-07 01:33:22.262 7 WARNING cinder.scheduler.host_manager [None req-b8f2020e-1a09-40a3-92bd-1053a0363714 7c0c6beee33f4299a87f06af9468f622 b11b78354c164b619affae0749e054b6 - - - -] volume service is down. (host: rack09-server62@lvm-1)
2023-03-07 01:33:22.434 7 WARNING cinder.scheduler.host_manager [None req-8e724ea9-b66a-4ad2-9e1d-525c09b54413 c8ffebaf7ff949048a2b6acdfe919676 a05aa3fb21e14ab08810738273807826 - - - -] volume service is down. (host: rack09-server62@lvm-1)
2023-03-07 01:33:28.668 7 WARNING cinder.scheduler.host_manager [None req-53d5ced9-9eb3-4145-9099-a75f55662200 bcc4d4be5082469f927501eccd7c2e15 899bfe8f431d4287ac0e6a6e56520caa - - - -] volume service is down. (host: rack09-server62@lvm-1)
2023-03-07 01:33:31.066 7 WARNING cinder.scheduler.host_manager [None req-8cfbe867-6f56-4578-a5d8-49ff88bcb7d3 bcc4d4be5082469f927501eccd7c2e15 899bfe8f431d4287ac0e6a6e56520caa - - - -] volume service is down. (host: rack09-server62@lvm-1)
2023-03-07 01:33:31.067 7 WARNING oslo_messaging.rpc.client [None req-8cfbe867-6f56-4578-a5d8-49ff88bcb7d3 bcc4d4be5082469f927501eccd7c2e15 899bfe8f431d4287ac0e6a6e56520caa - - - -] Using RPCClient manually to instantiate client. Please use get_rpc_client to obtain an RPC client instance.
2023-03-07 01:33:43.793 7 WARNING cinder.scheduler.host_manager [None req-65115af4-7394-45fb-ac7e-c69c00e0f33e 6e885bb0e0c24ea88bb65312d5a1b828 7fe69ab82f264827bb240208d3b06eef - - - -] volume service is down. (host: rack09-server62@lvm-1)
2023-03-07 01:33:43.886 7 WARNING cinder.scheduler.host_manager [None req-da203246-c63a-4357-bae2-14ee39d95cab be3895c5bcb84d92bd84b05fb6ee1f16 2a09dc2a28d44932a0c4e8af245710b7 - - - -] volume service is down. (host: rack09-server62@lvm-1)
2023-03-07 01:33:43.909 7 WARNING cinder.scheduler.host_manager [None req-034d464f-72b4-4bb6-95c3-f957b8fc3368 ea7d698839b24e5a84be7d0eda51d6a2 f0116706920b4c37be5afc5c98173bc6 - - - -] volume service is down. (host: rack09-server62@lvm-1)
2023-03-07 01:33:44.310 7 WARNING cinder.scheduler.host_manager [None req-baf0a129-d215-4138-8ba7-970fdf4024ca ea7d698839b24e5a84be7d0eda51d6a2 f0116706920b4c37be5afc5c98173bc6 - - - -] volume service is down. (host: rack09-server62@lvm-1)
2023-03-07 01:33:44.695 7 WARNING cinder.scheduler.host_manager [None req-cdf93fd0-9baa-4c2f-af26-c2a7af27a588 ea7d698839b24e5a84be7d0eda51d6a2 f0116706920b4c37be5afc5c98173bc6 - - - -] volume service is down. (host: rack09-server62@lvm-1)
2023-03-07 01:33:45.083 7 WARNING cinder.scheduler.host_manager [None req-4b6d0a2a-3cb1-42be-8b88-3416f58fa98a ea7d698839b24e5a84be7d0eda51d6a2 f0116706920b4c37be5afc5c98173bc6 - - - -] volume service is down. (host: rack09-server62@lvm-1)
2023-03-07 01:33:45.457 7 WARNING cinder.scheduler.host_manager [None req-67184e3b-b9bd-43de-8ffc-9036989c2ede ea7d698839b24e5a84be7d0eda51d6a2 f0116706920b4c37be5afc5c98173bc6 - - - -] volume service is down. (host: rack09-server62@lvm-1)
2023-03-07 01:33:46.179 7 WARNING cinder.scheduler.host_manager [None req-a5357f2f-58f9-4b9a-8d34-24615181a354 6e885bb0e0c24ea88bb65312d5a1b828 7fe69ab82f264827bb240208d3b06eef - - - -] volume service is down. (host: rack09-server62@lvm-1)
2023-03-07 01:33:46.180 7 WARNING oslo_messaging.rpc.client [None req-a5357f2f-58f9-4b9a-8d34-24615181a354 6e885bb0e0c24ea88bb65312d5a1b828 7fe69ab82f264827bb240208d3b06eef - - - -] Using RPCClient manually to instantiate client. Please use get_rpc_client to obtain an RPC client instance.
2023-03-07 01:33:46.395 7 WARNING cinder.scheduler.host_manager [None req-d7538fb5-1883-44fa-ad21-c0f8a49be115 be3895c5bcb84d92bd84b05fb6ee1f16 2a09dc2a28d44932a0c4e8af245710b7 - - - -] volume service is down. (host: rack09-server62@lvm-1)
2023-03-07 01:33:46.780 7 WARNING cinder.scheduler.host_manager [None req-70b293c5-b7f7-4eb6-a19b-1b8c0ae3d86d be3895c5bcb84d92bd84b05fb6ee1f16 2a09dc2a28d44932a0c4e8af245710b7 - - - -] volume service is down. (host: rack09-server62@lvm-1)
2023-03-07 01:33:47.171 7 WARNING cinder.scheduler.host_manager [None req-6170d9c6-c536-4dad-85bc-ad1b948b6119 be3895c5bcb84d92bd84b05fb6ee1f16 2a09dc2a28d44932a0c4e8af245710b7 - - - -] volume service is down. (host: rack09-server62@lvm-1)
2023-03-07 01:33:47.573 7 WARNING cinder.scheduler.host_manager [None req-bcb8e54f-22bc-4269-8824-8033b44ac934 be3895c5bcb84d92bd84b05fb6ee1f16 2a09dc2a28d44932a0c4e8af245710b7 - - - -] volume service is down. (host: rack09-server62@lvm-1)
2023-03-07 01:33:47.953 7 WARNING cinder.scheduler.host_manager [None req-1f9871f0-1b30-492a-9a90-aff322297ace be3895c5bcb84d92bd84b05fb6ee1f16 2a09dc2a28d44932a0c4e8af245710b7 - - - -] volume service is down. (host: rack09-server62@lvm-1)
2023-03-07 01:33:48.724 7 WARNING cinder.scheduler.host_manager [None req-79732f22-fc26-4359-bc2d-761d1d933992 6e885bb0e0c24ea88bb65312d5a1b828 7fe69ab82f264827bb240208d3b06eef - - - -] volume service is down. (host: rack09-server62@lvm-1)
2023-03-07 01:33:49.566 7 WARNING cinder.scheduler.host_manager [None req-53bada9d-0499-460d-9329-c5c3776bd8ea 6e885bb0e0c24ea88bb65312d5a1b828 7fe69ab82f264827bb240208d3b06eef - - - -] volume service is down. (host: rack09-server62@lvm-1)
2023-03-07 01:33:49.960 7 WARNING cinder.scheduler.host_manager [None req-67fd0307-d28c-4df5-b7f1-c76aadd13562 6e885bb0e0c24ea88bb65312d5a1b828 7fe69ab82f264827bb240208d3b06eef - - - -] volume service is down. (host: rack09-server62@lvm-1)
2023-03-07 01:33:50.354 7 WARNING cinder.scheduler.host_manager [None req-0bdf308b-ca30-4f4e-8519-92d82137da3b 6e885bb0e0c24ea88bb65312d5a1b828 7fe69ab82f264827bb240208d3b06eef - - - -] volume service is down. (host: rack09-server62@lvm-1)
2023-03-07 01:33:50.760 7 WARNING cinder.scheduler.host_manager [None req-7c4380dd-b6ff-4282-8e9a-66427125c14e 6e885bb0e0c24ea88bb65312d5a1b828 7fe69ab82f264827bb240208d3b06eef - - - -] volume service is down. (host: rack09-server62@lvm-1)
2023-03-07 01:33:56.762 7 WARNING cinder.scheduler.host_manager [None req-19e88ba0-4730-4361-8bbb-020b6eb06f19 b04b4d97b793431fbc61e9b11c314887 9e98353be99a405a85b859167021fcef - - - -] volume service is down. (host: rack09-server62@lvm-1)
2023-03-07 01:33:59.405 7 WARNING cinder.scheduler.host_manager [None req-c94bab51-205f-4b29-897f-7343925f4da5 b04b4d97b793431fbc61e9b11c314887 9e98353be99a405a85b859167021fcef - - - -] volume service is down. (host: rack09-server62@lvm-1)
2023-03-07 01:34:01.897 7 WARNING cinder.scheduler.host_manager [None req-ed91e043-8a41-4ade-9cc4-e207f5b4baf8 b04b4d97b793431fbc61e9b11c314887 9e98353be99a405a85b859167021fcef - - - -] volume service is down. (host: rack09-server62@lvm-1)
2023-03-07 01:34:01.898 7 WARNING oslo_messaging.rpc.client [None req-ed91e043-8a41-4ade-9cc4-e207f5b4baf8 b04b4d97b793431fbc61e9b11c314887 9e98353be99a405a85b859167021fcef - - - -] Using RPCClient manually to instantiate client. Please use get_rpc_client to obtain an RPC client instance.
