Build Started 13_01_2025_13_46_59
2025-01-13 13:48:25.625 7 WARNING cinder.scheduler.host_manager [req-180c4749-082e-49b3-8144-cd7cf23af1eb req-27a39b07-da1a-4e72-a861-f889c9cd2bf4 a49a0cb702154b92993350f156e3663a 93c1b0c704f047ddb9b2a511364eb0df - - - -] volume service is down. (host: rack13-server67@lvm-1)
2025-01-13 13:48:27.490 7 WARNING cinder.scheduler.host_manager [None req-a5e5503b-380e-4c73-b421-1500d41589c8 d64e0b61635f46488f474b55936a4646 7f90fc58d27d4e428b212d47174e0918 - - - -] volume service is down. (host: rack13-server67@lvm-1)
2025-01-13 13:48:28.018 7 WARNING cinder.scheduler.host_manager [None req-da035bc0-13e8-46d7-acc0-104160c814d0 d64e0b61635f46488f474b55936a4646 7f90fc58d27d4e428b212d47174e0918 - - - -] volume service is down. (host: rack13-server67@lvm-1)
2025-01-13 13:48:28.046 7 WARNING cinder.scheduler.host_manager [req-b472e14f-6087-4743-9e1a-a95772c53ed0 req-3ea74220-06b3-4424-959a-1296a61994b1 a49a0cb702154b92993350f156e3663a 93c1b0c704f047ddb9b2a511364eb0df - - - -] volume service is down. (host: rack13-server67@lvm-1)
2025-01-13 13:48:35.696 7 WARNING cinder.scheduler.host_manager [None req-03b2a032-28cc-4dd9-97c4-fe7ae735a72a a65145f05358495489c77fea711bb326 e237953e248544fe9f7a66086a8b2493 - - - -] volume service is down. (host: rack13-server67@lvm-1)
2025-01-13 13:48:35.704 7 WARNING cinder.scheduler.host_manager [None req-03b2a032-28cc-4dd9-97c4-fe7ae735a72a a65145f05358495489c77fea711bb326 e237953e248544fe9f7a66086a8b2493 - - - -] volume service is down. (host: rack13-server67@lvm-1)
2025-01-13 13:48:36.482 7 WARNING cinder.scheduler.host_manager [req-8c2d16e8-c649-445a-867e-2618ea68140b req-80d1207c-9420-4eb3-a70b-7e4f11b080bd 0a831f12a03d458385b09a33073a3ec0 e8471e677ae14ddaaa4784a344a0a465 - - - -] volume service is down. (host: rack13-server67@lvm-1)
2025-01-13 13:48:36.928 7 WARNING cinder.scheduler.host_manager [None req-43dded55-05c8-4d51-919a-d66c4b3b8536 a2c714323f1a4d1ab8a4c7ecacbbd3b0 cc0d1b89c6564d089ae8ee040648ca53 - - - -] volume service is down. (host: rack13-server67@lvm-1)
2025-01-13 13:48:36.935 7 WARNING cinder.scheduler.host_manager [None req-43dded55-05c8-4d51-919a-d66c4b3b8536 a2c714323f1a4d1ab8a4c7ecacbbd3b0 cc0d1b89c6564d089ae8ee040648ca53 - - - -] volume service is down. (host: rack13-server67@lvm-1)
2025-01-13 13:48:37.037 7 WARNING cinder.scheduler.host_manager [None req-ac77c9d1-acdb-434b-893b-3ceae6a03f82 a65145f05358495489c77fea711bb326 e237953e248544fe9f7a66086a8b2493 - - - -] volume service is down. (host: rack13-server67@lvm-1)
2025-01-13 13:48:40.656 7 WARNING cinder.scheduler.host_manager [None req-a03c7b07-25da-4da9-8441-41f7d5b6e31e a65145f05358495489c77fea711bb326 e237953e248544fe9f7a66086a8b2493 - - - -] volume service is down. (host: rack13-server67@lvm-1)
2025-01-13 13:48:43.450 7 WARNING cinder.scheduler.host_manager [None req-4bd5609d-93d2-4df1-957e-0148c35c6313 7ec5df4b7e18495cb24778ed720d7731 fd1e9dc7b58940e5b41badb51356f718 - - - -] volume service is down. (host: rack13-server67@lvm-1)
2025-01-13 13:48:45.951 7 WARNING cinder.scheduler.host_manager [None req-61360d9b-b3a9-4efd-b363-f84da743ef7a 7ec5df4b7e18495cb24778ed720d7731 fd1e9dc7b58940e5b41badb51356f718 - - - -] volume service is down. (host: rack13-server67@lvm-1)
2025-01-13 13:48:46.904 7 WARNING cinder.scheduler.host_manager [None req-95187598-52a0-4c5c-9a4f-ae00dab5b599 a65145f05358495489c77fea711bb326 e237953e248544fe9f7a66086a8b2493 - - - -] volume service is down. (host: rack13-server67@lvm-1)
2025-01-13 13:48:46.912 7 WARNING cinder.scheduler.host_manager [None req-95187598-52a0-4c5c-9a4f-ae00dab5b599 a65145f05358495489c77fea711bb326 e237953e248544fe9f7a66086a8b2493 - - - -] volume service is down. (host: rack13-server67@lvm-1)
2025-01-13 13:48:48.286 7 WARNING cinder.scheduler.host_manager [None req-2b1173b9-9b5d-458e-8027-ed5d7e73807a a65145f05358495489c77fea711bb326 e237953e248544fe9f7a66086a8b2493 - - - -] volume service is down. (host: rack13-server67@lvm-1)
2025-01-13 13:48:48.436 7 WARNING cinder.scheduler.host_manager [None req-824440bf-8aeb-4a0a-95e1-9be7b924dcad 7ec5df4b7e18495cb24778ed720d7731 fd1e9dc7b58940e5b41badb51356f718 - - - -] volume service is down. (host: rack13-server67@lvm-1)
2025-01-13 13:48:50.733 7 WARNING cinder.scheduler.host_manager [None req-ab6e662b-06b5-4b8b-b598-5188eca863ed a65145f05358495489c77fea711bb326 e237953e248544fe9f7a66086a8b2493 - - - -] volume service is down. (host: rack13-server67@lvm-1)
2025-01-13 13:48:54.112 7 WARNING cinder.scheduler.host_manager [None req-c1086fad-7ef9-4a51-87c5-84e797f3b76b 2e8ccbd6ca964cee9a70f36fca524405 f9de6737cf6246b284cda730f6153258 - - - -] volume service is down. (host: rack13-server67@lvm-1)
2025-01-13 13:48:57.820 7 WARNING cinder.scheduler.host_manager [None req-208c9ab1-535d-4874-afac-74f4afd342b7 2e8ccbd6ca964cee9a70f36fca524405 f9de6737cf6246b284cda730f6153258 - - - -] volume service is down. (host: rack13-server67@lvm-1)
2025-01-13 13:49:04.002 7 WARNING cinder.scheduler.host_manager [None req-bf521d04-f80b-4752-8688-870ca4f48a67 a65145f05358495489c77fea711bb326 e237953e248544fe9f7a66086a8b2493 - - - -] volume service is down. (host: rack13-server67@lvm-1)
2025-01-13 13:49:04.011 7 WARNING cinder.scheduler.host_manager [None req-bf521d04-f80b-4752-8688-870ca4f48a67 a65145f05358495489c77fea711bb326 e237953e248544fe9f7a66086a8b2493 - - - -] volume service is down. (host: rack13-server67@lvm-1)
2025-01-13 13:49:05.322 7 WARNING cinder.scheduler.host_manager [None req-8559595b-4208-4046-9438-9dba92094c75 a65145f05358495489c77fea711bb326 e237953e248544fe9f7a66086a8b2493 - - - -] volume service is down. (host: rack13-server67@lvm-1)
2025-01-13 13:49:07.081 7 WARNING cinder.scheduler.host_manager [None req-62b6f231-9dbd-4c7c-a7f3-9c8c5e8282a1 fbcc4b66dcc641d4b65891bbbb6d4aa6 2661dbb880c34acdbda3b7a51c35a9e3 - - - -] volume service is down. (host: rack13-server67@lvm-1)
2025-01-13 13:49:09.433 7 WARNING cinder.scheduler.host_manager [None req-6507ec5e-5b67-4bd7-b3db-b1d25cbedd0d fbcc4b66dcc641d4b65891bbbb6d4aa6 2661dbb880c34acdbda3b7a51c35a9e3 - - - -] volume service is down. (host: rack13-server67@lvm-1)
2025-01-13 13:49:09.442 7 WARNING cinder.scheduler.host_manager [None req-e3e8d53a-cef7-4bd7-82db-d5ab7f9642cc 8891a2d5b9b64c5ba96c33afaf8af249 f5827500d5984ff4912979cb752c1b31 - - - -] volume service is down. (host: rack13-server67@lvm-1)
2025-01-13 13:49:11.960 7 WARNING cinder.scheduler.host_manager [None req-0da83bd1-3a12-443d-9ee9-bddff471d901 fbcc4b66dcc641d4b65891bbbb6d4aa6 2661dbb880c34acdbda3b7a51c35a9e3 - - - -] volume service is down. (host: rack13-server67@lvm-1)
2025-01-13 13:49:15.505 7 WARNING cinder.scheduler.host_manager [None req-49e94201-8438-4136-9f6e-bb09876c4b39 fbcc4b66dcc641d4b65891bbbb6d4aa6 2661dbb880c34acdbda3b7a51c35a9e3 - - - -] volume service is down. (host: rack13-server67@lvm-1)
2025-01-13 13:49:18.524 7 WARNING cinder.scheduler.host_manager [None req-52d4f7b1-20f4-412d-ab89-00b63168e530 03c4a77ce4244184bf5c0d388a7db318 0f876408e6a54f2cb64e16dc5b712716 - - - -] volume service is down. (host: rack13-server67@lvm-1)
2025-01-13 13:49:18.532 7 WARNING cinder.scheduler.host_manager [None req-52d4f7b1-20f4-412d-ab89-00b63168e530 03c4a77ce4244184bf5c0d388a7db318 0f876408e6a54f2cb64e16dc5b712716 - - - -] volume service is down. (host: rack13-server67@lvm-1)
2025-01-13 13:49:19.111 7 WARNING cinder.scheduler.host_manager [None req-3159e915-e5a5-4fea-9617-9a0121f7848d fbcc4b66dcc641d4b65891bbbb6d4aa6 2661dbb880c34acdbda3b7a51c35a9e3 - - - -] volume service is down. (host: rack13-server67@lvm-1)
2025-01-13 13:49:19.930 7 WARNING cinder.scheduler.host_manager [None req-3e550c6c-cee1-49d8-a0ff-fa37a46e65ea 03c4a77ce4244184bf5c0d388a7db318 0f876408e6a54f2cb64e16dc5b712716 - - - -] volume service is down. (host: rack13-server67@lvm-1)
2025-01-13 13:49:22.693 7 WARNING cinder.scheduler.host_manager [None req-9a4b5541-64d3-492a-ab30-2dfd426ad96c fbcc4b66dcc641d4b65891bbbb6d4aa6 2661dbb880c34acdbda3b7a51c35a9e3 - - - -] volume service is down. (host: rack13-server67@lvm-1)
2025-01-13 13:49:25.199 7 WARNING cinder.scheduler.host_manager [None req-f08a1330-6b67-4ebc-8d04-d61c8f1983ac 75336e4e8de244c9b2001cf128b4fdd9 867695dd36424553a68bf95db39a2bb9 - - - -] volume service is down. (host: rack13-server67@lvm-1)
2025-01-13 13:49:27.610 7 WARNING cinder.scheduler.host_manager [None req-6123fa4c-5040-40c1-8532-9a0413836a6d 75336e4e8de244c9b2001cf128b4fdd9 867695dd36424553a68bf95db39a2bb9 - - - -] volume service is down. (host: rack13-server67@lvm-1)
2025-01-13 13:49:30.052 7 WARNING cinder.scheduler.host_manager [None req-87cd0a02-b07c-45e3-8aef-9a21cea3eeda 75336e4e8de244c9b2001cf128b4fdd9 867695dd36424553a68bf95db39a2bb9 - - - -] volume service is down. (host: rack13-server67@lvm-1)
2025-01-13 13:49:32.707 7 WARNING cinder.scheduler.host_manager [None req-3cbc9aaa-cc25-4ad4-b838-09319648f2c1 b0e21bb62529490797f0b600b2330a50 f2d5110224c346638b8d034e6109e1b8 - - - -] volume service is down. (host: rack13-server67@lvm-1)
2025-01-13 13:49:34.343 7 WARNING cinder.scheduler.host_manager [None req-4ca7c122-1a03-4054-a56f-b61b05060267 0852898b406d43b8832ad373ccc55876 e68a0c426bdd4784b8566f32433cec53 - - - -] volume service is down. (host: rack13-server67@lvm-1)
2025-01-13 13:49:34.344 7 INFO cinder.scheduler.base_filter [None req-4ca7c122-1a03-4054-a56f-b61b05060267 0852898b406d43b8832ad373ccc55876 e68a0c426bdd4784b8566f32433cec53 - - - -] Filtering removed all hosts for the request with volume ID '5b859ea7-2d88-4bd0-86d1-ea81ad5b283d'. Filter results: AvailabilityZoneFilter: (start: 1, end: 1), CapacityFilter: (start: 1, end: 1), CapabilitiesFilter: (start: 1, end: 0)
2025-01-13 13:49:34.345 7 WARNING cinder.scheduler.filter_scheduler [None req-4ca7c122-1a03-4054-a56f-b61b05060267 0852898b406d43b8832ad373ccc55876 e68a0c426bdd4784b8566f32433cec53 - - - -] No weighed backend found for volume with properties: {'id': '27fc5254-8c2d-493f-a7fe-332d2fddb516', 'name': 'tempest-UserMessagesTest-volume-type-1649443574', 'description': None, 'is_public': True, 'projects': [], 'extra_specs': {'storage_protocol': 'tempest-storage_protocol-938247844', 'vendor_name': 'tempest-vendor_name-1403772140'}, 'qos_specs_id': None, 'created_at': '2025-01-13T13:49:33.000000', 'updated_at': None, 'deleted_at': None, 'deleted': False}
2025-01-13 13:49:34.346 7 INFO cinder.message.api [None req-4ca7c122-1a03-4054-a56f-b61b05060267 0852898b406d43b8832ad373ccc55876 e68a0c426bdd4784b8566f32433cec53 - - - -] Creating message record for request_id = req-4ca7c122-1a03-4054-a56f-b61b05060267
2025-01-13 13:49:34.355 7 ERROR cinder.scheduler.flows.create_volume [None req-4ca7c122-1a03-4054-a56f-b61b05060267 0852898b406d43b8832ad373ccc55876 e68a0c426bdd4784b8566f32433cec53 - - - -] Failed to run task cinder.scheduler.flows.create_volume.ScheduleCreateVolumeTask;volume:create: No valid backend was found. No weighed backends available: cinder.exception.NoValidBackend: No valid backend was found. No weighed backends available
2025-01-13 13:49:36.130 7 WARNING cinder.scheduler.host_manager [None req-2785f724-246d-4b5f-a674-de7af7b4c04b 0852898b406d43b8832ad373ccc55876 e68a0c426bdd4784b8566f32433cec53 - - - -] volume service is down. (host: rack13-server67@lvm-1)
2025-01-13 13:49:36.131 7 INFO cinder.scheduler.base_filter [None req-2785f724-246d-4b5f-a674-de7af7b4c04b 0852898b406d43b8832ad373ccc55876 e68a0c426bdd4784b8566f32433cec53 - - - -] Filtering removed all hosts for the request with volume ID '648d18d6-1f75-4b39-b634-75ae215034a1'. Filter results: AvailabilityZoneFilter: (start: 1, end: 1), CapacityFilter: (start: 1, end: 1), CapabilitiesFilter: (start: 1, end: 0)
2025-01-13 13:49:36.132 7 WARNING cinder.scheduler.filter_scheduler [None req-2785f724-246d-4b5f-a674-de7af7b4c04b 0852898b406d43b8832ad373ccc55876 e68a0c426bdd4784b8566f32433cec53 - - - -] No weighed backend found for volume with properties: {'id': '22cb5d60-5dad-4d0e-bc5f-74ab16bd805c', 'name': 'tempest-UserMessagesTest-volume-type-1318143203', 'description': None, 'is_public': True, 'projects': [], 'extra_specs': {'storage_protocol': 'tempest-storage_protocol-482684509', 'vendor_name': 'tempest-vendor_name-1461581157'}, 'qos_specs_id': None, 'created_at': '2025-01-13T13:49:35.000000', 'updated_at': None, 'deleted_at': None, 'deleted': False}
2025-01-13 13:49:36.132 7 INFO cinder.message.api [None req-2785f724-246d-4b5f-a674-de7af7b4c04b 0852898b406d43b8832ad373ccc55876 e68a0c426bdd4784b8566f32433cec53 - - - -] Creating message record for request_id = req-2785f724-246d-4b5f-a674-de7af7b4c04b
2025-01-13 13:49:36.139 7 ERROR cinder.scheduler.flows.create_volume [None req-2785f724-246d-4b5f-a674-de7af7b4c04b 0852898b406d43b8832ad373ccc55876 e68a0c426bdd4784b8566f32433cec53 - - - -] Failed to run task cinder.scheduler.flows.create_volume.ScheduleCreateVolumeTask;volume:create: No valid backend was found. No weighed backends available: cinder.exception.NoValidBackend: No valid backend was found. No weighed backends available
2025-01-13 13:49:38.852 7 WARNING cinder.scheduler.host_manager [None req-93a61dad-792b-49d1-b611-dfef80a7a9ae 4fb4c3e135914df98eec7a34dc6a3d44 26c998cce882422aad0034f295a0fadb - - - -] volume service is down. (host: rack13-server67@lvm-1)
2025-01-13 13:49:38.860 7 WARNING cinder.scheduler.host_manager [None req-93a61dad-792b-49d1-b611-dfef80a7a9ae 4fb4c3e135914df98eec7a34dc6a3d44 26c998cce882422aad0034f295a0fadb - - - -] volume service is down. (host: rack13-server67@lvm-1)
2025-01-13 13:49:40.031 7 WARNING cinder.scheduler.host_manager [None req-42ac3883-1e00-4a96-820b-cc51ae6f0159 4fb4c3e135914df98eec7a34dc6a3d44 26c998cce882422aad0034f295a0fadb - - - -] volume service is down. (host: rack13-server67@lvm-1)
2025-01-13 13:49:40.037 7 WARNING cinder.scheduler.host_manager [None req-42ac3883-1e00-4a96-820b-cc51ae6f0159 4fb4c3e135914df98eec7a34dc6a3d44 26c998cce882422aad0034f295a0fadb - - - -] volume service is down. (host: rack13-server67@lvm-1)
2025-01-13 13:49:41.394 7 WARNING cinder.scheduler.host_manager [None req-b8e9bfc1-e583-41ac-ba13-5977dc3691b9 4fb4c3e135914df98eec7a34dc6a3d44 26c998cce882422aad0034f295a0fadb - - - -] volume service is down. (host: rack13-server67@lvm-1)
2025-01-13 13:49:46.110 7 WARNING cinder.scheduler.host_manager [None req-e6096f2f-f664-49d3-9255-be0069a3be78 b2b620832b904c59b3b562628caabc6e 5e40481a70b84486b8082f73b2f4a654 - - - -] volume service is down. (host: rack13-server67@lvm-1)
2025-01-13 13:49:46.781 7 WARNING cinder.scheduler.host_manager [None req-5774e365-dec9-4d66-b2ab-a522e8e19e8f 4fb4c3e135914df98eec7a34dc6a3d44 26c998cce882422aad0034f295a0fadb - - - -] volume service is down. (host: rack13-server67@lvm-1)
2025-01-13 13:49:46.790 7 WARNING cinder.scheduler.host_manager [None req-5774e365-dec9-4d66-b2ab-a522e8e19e8f 4fb4c3e135914df98eec7a34dc6a3d44 26c998cce882422aad0034f295a0fadb - - - -] volume service is down. (host: rack13-server67@lvm-1)
2025-01-13 13:49:47.332 7 WARNING cinder.scheduler.host_manager [None req-64303610-d331-46e4-8437-27322c18da79 b2b620832b904c59b3b562628caabc6e 5e40481a70b84486b8082f73b2f4a654 - - - -] volume service is down. (host: rack13-server67@lvm-1)
2025-01-13 13:49:48.152 7 WARNING cinder.scheduler.host_manager [None req-5490414a-6d1a-4ef2-9421-7f9f8da3ca40 4fb4c3e135914df98eec7a34dc6a3d44 26c998cce882422aad0034f295a0fadb - - - -] volume service is down. (host: rack13-server67@lvm-1)
2025-01-13 13:49:49.584 7 WARNING cinder.scheduler.host_manager [None req-21f6ee2e-3513-4025-8198-5fec4e5e0b9d 4fb4c3e135914df98eec7a34dc6a3d44 26c998cce882422aad0034f295a0fadb - - - -] volume service is down. (host: rack13-server67@lvm-1)
2025-01-13 13:49:49.601 7 WARNING cinder.scheduler.host_manager [None req-4b037cec-4585-473b-a92a-eba96febe1a9 b2b620832b904c59b3b562628caabc6e 5e40481a70b84486b8082f73b2f4a654 - - - -] volume service is down. (host: rack13-server67@lvm-1)
2025-01-13 13:49:53.269 7 WARNING cinder.scheduler.host_manager [None req-77d14c9c-0fdb-4519-b0c0-4abbd578d47f b2b620832b904c59b3b562628caabc6e 5e40481a70b84486b8082f73b2f4a654 - - - -] volume service is down. (host: rack13-server67@lvm-1)
2025-01-13 13:49:55.580 7 WARNING cinder.scheduler.host_manager [None req-01b515a7-a87c-4ef7-8730-385c7e12cea1 b2b620832b904c59b3b562628caabc6e 5e40481a70b84486b8082f73b2f4a654 - - - -] volume service is down. (host: rack13-server67@lvm-1)
2025-01-13 13:49:57.984 7 WARNING cinder.scheduler.host_manager [None req-fc0eb5cc-b1c4-4480-9a92-9f608e765cfc b2b620832b904c59b3b562628caabc6e 5e40481a70b84486b8082f73b2f4a654 - - - -] volume service is down. (host: rack13-server67@lvm-1)
2025-01-13 13:50:00.222 7 WARNING cinder.scheduler.host_manager [None req-7dc4972f-569e-411d-b1d3-4f6d105dc9b6 85f224c8a02e4b06ab8caafe0293b8cb 10df86ff3b094a32b800ab4ccaef1196 - - - -] volume service is down. (host: rack13-server67@lvm-1)
2025-01-13 13:50:00.708 7 WARNING cinder.scheduler.host_manager [None req-84a6cf9b-d950-410e-8290-1407f549adc5 e08f31421f07435fb30b8e1514f1bb65 9352e9491a8d4daa9a0083df44111028 - - - -] volume service is down. (host: rack13-server67@lvm-1)
2025-01-13 13:50:00.716 7 WARNING cinder.scheduler.host_manager [None req-84a6cf9b-d950-410e-8290-1407f549adc5 e08f31421f07435fb30b8e1514f1bb65 9352e9491a8d4daa9a0083df44111028 - - - -] volume service is down. (host: rack13-server67@lvm-1)
2025-01-13 13:50:02.072 7 WARNING cinder.scheduler.host_manager [None req-17ab2af6-b059-4419-8a69-ec9b46aae8f8 e08f31421f07435fb30b8e1514f1bb65 9352e9491a8d4daa9a0083df44111028 - - - -] volume service is down. (host: rack13-server67@lvm-1)
2025-01-13 13:50:04.382 7 WARNING cinder.scheduler.host_manager [None req-326395fd-31a8-49e1-9a68-f75234112568 e08f31421f07435fb30b8e1514f1bb65 9352e9491a8d4daa9a0083df44111028 - - - -] volume service is down. (host: rack13-server67@lvm-1)
2025-01-13 13:50:06.169 7 WARNING cinder.scheduler.host_manager [None req-5a566540-b975-4d30-be64-43afb87d753f ede8b180f84c4e66ab8ea0d2f8a6c5a2 5489815141e64b98b1c23ab376e059a8 - - - -] volume service is down. (host: rack13-server67@lvm-1)
2025-01-13 13:50:16.875 7 WARNING cinder.scheduler.host_manager [None req-a5f9f582-4681-4815-8991-e73902c56c6d c7472b8508674ab097be65af77cfbf25 b02b269852dc48beb9e9867794e02499 - - - -] volume service is down. (host: rack13-server67@lvm-1)
2025-01-13 13:50:17.675 7 WARNING cinder.scheduler.host_manager [None req-c141e714-8915-4f62-9643-e4a96ac750ef faf8eb703e08478687ce31e92672fac3 d262fdc6f7cf4b49a6d6d47bb8f1e43d - - - -] volume service is down. (host: rack13-server67@lvm-1)
2025-01-13 13:50:20.196 7 WARNING cinder.scheduler.host_manager [None req-00443cb1-f9e4-4ebd-b0e9-bb87cc6afacc 56ec9e1dcf05415f8652d7a568f048be f4ec5285900949fbaac9bd499c07eb58 - - - -] volume service is down. (host: rack13-server67@lvm-1)
2025-01-13 13:50:23.225 7 WARNING cinder.scheduler.host_manager [None req-2bc457dc-de71-476a-b028-60268448a32e faf8eb703e08478687ce31e92672fac3 d262fdc6f7cf4b49a6d6d47bb8f1e43d - - - -] volume service is down. (host: rack13-server67@lvm-1)
2025-01-13 13:50:23.249 7 WARNING cinder.scheduler.host_manager [None req-22ecad9b-d145-43f6-af62-adefcb68672b bcc00485a8a34017a224c105fc05f5e0 8fb50a87cdd74b009b5699002f352020 - - - -] volume service is down. (host: rack13-server67@lvm-1)
2025-01-13 13:50:25.616 7 WARNING cinder.scheduler.host_manager [None req-9022b7b9-052e-49ad-b61d-22270841d354 bcc00485a8a34017a224c105fc05f5e0 8fb50a87cdd74b009b5699002f352020 - - - -] volume service is down. (host: rack13-server67@lvm-1)
2025-01-13 13:50:31.303 7 WARNING cinder.scheduler.host_manager [None req-a72bb1f1-0741-4e03-a429-2c06568a5591 c290539e4dda4df1b94e480fb7bec132 4e1dedd31bf844c1869ef5daa359eb53 - - - -] volume service is down. (host: rack13-server67@lvm-1)
2025-01-13 13:50:31.370 7 WARNING cinder.scheduler.host_manager [None req-0b5ae9c9-74ba-4c57-a495-64aa22ae198f b49fa0efda1049bba84a209867f69f50 67a284c15ae6475694138d3084087d91 - - - -] volume service is down. (host: rack13-server67@lvm-1)
2025-01-13 13:50:34.160 7 WARNING cinder.scheduler.host_manager [None req-924718a5-45a4-436a-99be-c2950bfeb7e7 84d409b30ef14a31b63cd3e4b8b73e46 80d573ef618742389cbfea37be5a68f0 - - - -] volume service is down. (host: rack13-server67@lvm-1)
2025-01-13 13:50:36.875 7 WARNING cinder.scheduler.host_manager [None req-f5365bb6-6115-4eb6-8689-f381e7ea44ca b49fa0efda1049bba84a209867f69f50 67a284c15ae6475694138d3084087d91 - - - -] volume service is down. (host: rack13-server67@lvm-1)
2025-01-13 13:50:39.049 7 WARNING cinder.scheduler.host_manager [None req-b200444c-ccd8-48a7-bb38-06aa54d534e0 c290539e4dda4df1b94e480fb7bec132 4e1dedd31bf844c1869ef5daa359eb53 - - - -] volume service is down. (host: rack13-server67@lvm-1)
2025-01-13 13:50:44.486 7 WARNING cinder.scheduler.host_manager [None req-f0209524-0c61-48d2-b9f0-d92f894787d9 67a2915a07684a9696cb2d151fdc6ab3 7cca1d4851d44865a28fffaab7654d3c - - - -] volume service is down. (host: rack13-server67@lvm-1)
2025-01-13 13:50:45.019 7 WARNING cinder.scheduler.host_manager [None req-548e2f18-3580-4753-aa37-ce6ac4bb6cd5 c290539e4dda4df1b94e480fb7bec132 4e1dedd31bf844c1869ef5daa359eb53 - - - -] volume service is down. (host: rack13-server67@lvm-1)
2025-01-13 13:50:47.438 7 WARNING cinder.scheduler.host_manager [None req-a708528e-bc59-4a6f-bab2-7d036b21c7fe c290539e4dda4df1b94e480fb7bec132 4e1dedd31bf844c1869ef5daa359eb53 - - - -] volume service is down. (host: rack13-server67@lvm-1)
2025-01-13 13:50:48.911 7 WARNING cinder.scheduler.host_manager [None req-25369f40-7aec-452a-a816-952a8a817341 7802e2a7d86444969c5df493acf56266 6be67cdc44e44cc0927c6ac218b2f115 - - - -] volume service is down. (host: rack13-server67@lvm-1)
2025-01-13 13:50:51.219 7 WARNING cinder.scheduler.host_manager [None req-3f185542-9114-4230-868f-01d9aaf5cc69 7802e2a7d86444969c5df493acf56266 6be67cdc44e44cc0927c6ac218b2f115 - - - -] volume service is down. (host: rack13-server67@lvm-1)
2025-01-13 13:50:51.586 7 WARNING cinder.scheduler.host_manager [None req-5689da74-5c9d-4957-b556-f28c5dbed911 8a38e61a1d294badbd66905b3440c9bf 32d6090b8aec4327a4232ff657d97628 - - - -] volume service is down. (host: rack13-server67@lvm-1)
2025-01-13 13:50:59.883 7 WARNING cinder.scheduler.host_manager [None req-2dfe0cfd-d44f-40c8-8e9b-6e494f3dac97 1878f5ea32234808a66f3d84bfba395d 71d9b0762e8346b4b3b0545af12e5d72 - - - -] volume service is down. (host: rack13-server67@lvm-1)
2025-01-13 13:51:00.235 7 WARNING cinder.scheduler.host_manager [None req-2bcb7f15-c7a0-4699-b085-a858c0d3dccc 8a38e61a1d294badbd66905b3440c9bf 32d6090b8aec4327a4232ff657d97628 - - - -] volume service is down. (host: rack13-server67@lvm-1)
2025-01-13 13:51:02.895 7 WARNING cinder.scheduler.host_manager [None req-a3efa4cf-66e5-43aa-95ab-a05b349adc6a 8a38e61a1d294badbd66905b3440c9bf 32d6090b8aec4327a4232ff657d97628 - - - -] volume service is down. (host: rack13-server67@lvm-1)
2025-01-13 13:51:05.221 7 WARNING cinder.scheduler.host_manager [None req-595a6562-6efe-4c3c-8aa4-d835670d9279 8a38e61a1d294badbd66905b3440c9bf 32d6090b8aec4327a4232ff657d97628 - - - -] volume service is down. (host: rack13-server67@lvm-1)
2025-01-13 13:51:07.409 7 WARNING cinder.scheduler.host_manager [None req-52d6b9bb-41ac-442a-9e9e-5763056c5789 8a38e61a1d294badbd66905b3440c9bf 32d6090b8aec4327a4232ff657d97628 - - - -] volume service is down. (host: rack13-server67@lvm-1)
2025-01-13 13:51:14.237 7 WARNING cinder.scheduler.host_manager [None req-2ffceb9d-f563-45df-a552-abce386b3051 e981527012ae4d35a68db1f33541ef83 52a374dbbbf3493abd0d7c143f901702 - - - -] volume service is down. (host: rack13-server67@lvm-1)
2025-01-13 13:51:16.432 7 WARNING cinder.scheduler.host_manager [None req-d41f354a-30af-43db-89d6-0918b2c309ce 47df2c96883f4a12baa915d5f6a5b3f5 dc9e2d83511544aba50643620afb3ab4 - - - -] volume service is down. (host: rack13-server67@lvm-1)
2025-01-13 13:51:16.911 7 WARNING cinder.scheduler.host_manager [None req-4c157754-5d1c-4332-9bef-b6b3b4373791 e981527012ae4d35a68db1f33541ef83 52a374dbbbf3493abd0d7c143f901702 - - - -] volume service is down. (host: rack13-server67@lvm-1)
2025-01-13 13:51:18.710 7 WARNING cinder.scheduler.host_manager [None req-76332767-b7fb-4c84-afaa-e3ae9ae83390 47df2c96883f4a12baa915d5f6a5b3f5 dc9e2d83511544aba50643620afb3ab4 - - - -] volume service is down. (host: rack13-server67@lvm-1)
2025-01-13 13:51:21.701 7 WARNING cinder.scheduler.host_manager [None req-be354e29-379a-4182-ad6d-653d2531115f e981527012ae4d35a68db1f33541ef83 52a374dbbbf3493abd0d7c143f901702 - - - -] volume service is down. (host: rack13-server67@lvm-1)
2025-01-13 13:51:24.175 7 WARNING cinder.scheduler.host_manager [None req-856e337d-46eb-4881-bca2-9651f37bf575 e981527012ae4d35a68db1f33541ef83 52a374dbbbf3493abd0d7c143f901702 - - - -] volume service is down. (host: rack13-server67@lvm-1)
2025-01-13 13:51:27.924 7 WARNING cinder.scheduler.host_manager [None req-48a772b9-b422-4f17-b90f-6cd209bd0372 e981527012ae4d35a68db1f33541ef83 52a374dbbbf3493abd0d7c143f901702 - - - -] volume service is down. (host: rack13-server67@lvm-1)
2025-01-13 13:51:30.824 7 WARNING cinder.scheduler.host_manager [None req-29709d74-638d-4736-814f-757e161ea041 49e1bb8cba4843ac8ab74c0d610b2dd7 946f21f7d6454c63b8f2b4a99f3cbbd6 - - - -] volume service is down. (host: rack13-server67@lvm-1)
2025-01-13 13:51:30.875 7 WARNING cinder.scheduler.host_manager [None req-3a10d325-855f-4e7f-a6de-bb46ad227880 fb7cd1a9c60e4e5db4939a4775b498b9 a133fd0f94c84663b7f9e94dadf1b1a7 - - - -] volume service is down. (host: rack13-server67@lvm-1)
2025-01-13 13:51:33.172 7 WARNING cinder.scheduler.host_manager [None req-c10df9bc-9943-4dd5-b1dc-017d7f8c7a7c fb7cd1a9c60e4e5db4939a4775b498b9 a133fd0f94c84663b7f9e94dadf1b1a7 - - - -] volume service is down. (host: rack13-server67@lvm-1)
2025-01-13 13:51:34.072 7 WARNING cinder.scheduler.host_manager [None req-11e714d1-44c3-4b30-b8d4-346ced817068 e981527012ae4d35a68db1f33541ef83 52a374dbbbf3493abd0d7c143f901702 - - - -] volume service is down. (host: rack13-server67@lvm-1)
2025-01-13 13:51:35.833 7 WARNING cinder.scheduler.host_manager [None req-975a040b-e1a9-4490-bbc7-e4de39178c07 49e1bb8cba4843ac8ab74c0d610b2dd7 946f21f7d6454c63b8f2b4a99f3cbbd6 - - - -] volume service is down. (host: rack13-server67@lvm-1)
2025-01-13 13:51:43.155 7 WARNING cinder.scheduler.host_manager [None req-97139a7e-79ce-41a1-83a3-b5739b5bc08e e981527012ae4d35a68db1f33541ef83 52a374dbbbf3493abd0d7c143f901702 - - - -] volume service is down. (host: rack13-server67@lvm-1)
2025-01-13 13:51:43.884 7 WARNING cinder.scheduler.host_manager [None req-7959d22b-b1d3-4397-af6d-834f59c37d38 624acd422bb24021a92dc02c7c6cc59a 49d56e0731b841fabf572142f1801054 - - - -] volume service is down. (host: rack13-server67@lvm-1)
2025-01-13 13:51:45.310 7 WARNING cinder.scheduler.host_manager [None req-f0710fee-7bf9-4b50-bf56-a95f6ba487e0 624acd422bb24021a92dc02c7c6cc59a 49d56e0731b841fabf572142f1801054 - - - -] volume service is down. (host: rack13-server67@lvm-1)
2025-01-13 13:51:47.768 7 WARNING cinder.scheduler.host_manager [None req-19ea5395-38ef-4189-84be-ec3555603090 624acd422bb24021a92dc02c7c6cc59a 49d56e0731b841fabf572142f1801054 - - - -] volume service is down. (host: rack13-server67@lvm-1)
2025-01-13 13:51:50.971 7 WARNING cinder.scheduler.host_manager [None req-f7447337-1037-43f5-8b23-37e738446fc8 95234c6464ca4a3585d817d61620dcdd a61d71fea1954a01a1594caab396b85b - - - -] volume service is down. (host: rack13-server67@lvm-1)
2025-01-13 13:51:53.286 7 WARNING cinder.scheduler.host_manager [None req-d1784494-516b-4b5f-bcf5-bbba221bae0b 95234c6464ca4a3585d817d61620dcdd a61d71fea1954a01a1594caab396b85b - - - -] volume service is down. (host: rack13-server67@lvm-1)
2025-01-13 13:51:55.539 7 WARNING cinder.scheduler.host_manager [None req-040aa331-33d2-4037-bad0-de7a4a5d2815 95234c6464ca4a3585d817d61620dcdd a61d71fea1954a01a1594caab396b85b - - - -] volume service is down. (host: rack13-server67@lvm-1)
2025-01-13 13:51:57.795 7 WARNING cinder.scheduler.host_manager [None req-afe65bf5-dc2b-4b04-92b9-d918d4010d19 95234c6464ca4a3585d817d61620dcdd a61d71fea1954a01a1594caab396b85b - - - -] volume service is down. (host: rack13-server67@lvm-1)
2025-01-13 13:52:12.964 7 WARNING cinder.scheduler.host_manager [None req-de64d2c2-e1d7-46d8-ad04-e132f51b4c03 a572123a53fb41a8a92471ec66724335 adc46ec68f2447f3a94e7f7149a78847 - - - -] volume service is down. (host: rack13-server67@lvm-1)
2025-01-13 13:52:12.988 7 WARNING cinder.scheduler.host_manager [None req-20c11e94-c40b-4afa-99c4-316fb4911896 650c20ca886d46f59f6fa512d4ae0f2a e475bfca7d724ad286053d5179f81326 - - - -] volume service is down. (host: rack13-server67@lvm-1)
2025-01-13 13:52:13.160 7 WARNING cinder.scheduler.host_manager [None req-ae41f7f8-6efa-4ca7-8ffe-1d2a1634679a 28f7d14740b54286a8c706287684c0b7 3e878c56c6fd400b85e96eccdec4456e - - - -] volume service is down. (host: rack13-server67@lvm-1)
2025-01-13 13:52:13.183 7 WARNING cinder.scheduler.host_manager [None req-50d1c70e-fc3c-47c9-9c94-9de1fdd60525 650c20ca886d46f59f6fa512d4ae0f2a e475bfca7d724ad286053d5179f81326 - - - -] volume service is down. (host: rack13-server67@lvm-1)
2025-01-13 13:52:13.332 7 WARNING cinder.scheduler.host_manager [None req-a2b60603-374e-4fb2-958a-80469c9d0841 650c20ca886d46f59f6fa512d4ae0f2a e475bfca7d724ad286053d5179f81326 - - - -] volume service is down. (host: rack13-server67@lvm-1)
2025-01-13 13:52:13.545 7 WARNING cinder.scheduler.host_manager [None req-00d1b9b8-c4de-4f26-b10b-39433327ac1f 650c20ca886d46f59f6fa512d4ae0f2a e475bfca7d724ad286053d5179f81326 - - - -] volume service is down. (host: rack13-server67@lvm-1)
2025-01-13 13:52:13.781 7 WARNING cinder.scheduler.host_manager [None req-c0cfa409-6825-48d1-8b7b-0532bdb2cc6f 650c20ca886d46f59f6fa512d4ae0f2a e475bfca7d724ad286053d5179f81326 - - - -] volume service is down. (host: rack13-server67@lvm-1)
2025-01-13 13:52:15.414 7 WARNING cinder.scheduler.host_manager [None req-d28d02ec-a689-4aef-a567-864aac07a768 a572123a53fb41a8a92471ec66724335 adc46ec68f2447f3a94e7f7149a78847 - - - -] volume service is down. (host: rack13-server67@lvm-1)
2025-01-13 13:52:15.503 7 WARNING cinder.scheduler.host_manager [None req-a93236c3-1bc8-4624-9768-222a56cee449 28f7d14740b54286a8c706287684c0b7 3e878c56c6fd400b85e96eccdec4456e - - - -] volume service is down. (host: rack13-server67@lvm-1)
2025-01-13 13:52:15.668 7 WARNING cinder.scheduler.host_manager [None req-efd01de8-44fe-4a54-806c-9284fa7e5c98 a572123a53fb41a8a92471ec66724335 adc46ec68f2447f3a94e7f7149a78847 - - - -] volume service is down. (host: rack13-server67@lvm-1)
2025-01-13 13:52:15.901 7 WARNING cinder.scheduler.host_manager [None req-d7d63afe-0908-4c22-8724-0160f123bc42 a572123a53fb41a8a92471ec66724335 adc46ec68f2447f3a94e7f7149a78847 - - - -] volume service is down. (host: rack13-server67@lvm-1)
2025-01-13 13:52:16.123 7 WARNING cinder.scheduler.host_manager [None req-d653cded-752e-4146-a9d8-41083062dc0d a572123a53fb41a8a92471ec66724335 adc46ec68f2447f3a94e7f7149a78847 - - - -] volume service is down. (host: rack13-server67@lvm-1)
2025-01-13 13:52:16.625 7 WARNING cinder.scheduler.host_manager [None req-08c683c3-0c43-474f-9061-ac6ac96b3f32 a572123a53fb41a8a92471ec66724335 adc46ec68f2447f3a94e7f7149a78847 - - - -] volume service is down. (host: rack13-server67@lvm-1)
2025-01-13 13:52:17.802 7 WARNING cinder.scheduler.host_manager [None req-46fee684-e885-4373-b36d-e8f28b2c5cfc 28f7d14740b54286a8c706287684c0b7 3e878c56c6fd400b85e96eccdec4456e - - - -] volume service is down. (host: rack13-server67@lvm-1)
2025-01-13 13:52:18.051 7 WARNING cinder.scheduler.host_manager [None req-0e5df8d3-bd9f-48dc-b76e-1f5967a45d4d 28f7d14740b54286a8c706287684c0b7 3e878c56c6fd400b85e96eccdec4456e - - - -] volume service is down. (host: rack13-server67@lvm-1)
2025-01-13 13:52:18.279 7 WARNING cinder.scheduler.host_manager [None req-11611b77-fd2c-4fb2-8e0f-7c2e8a8708e7 28f7d14740b54286a8c706287684c0b7 3e878c56c6fd400b85e96eccdec4456e - - - -] volume service is down. (host: rack13-server67@lvm-1)
2025-01-13 13:52:18.508 7 WARNING cinder.scheduler.host_manager [None req-390ac976-b84b-40e1-bb67-31382e601c10 28f7d14740b54286a8c706287684c0b7 3e878c56c6fd400b85e96eccdec4456e - - - -] volume service is down. (host: rack13-server67@lvm-1)
2025-01-13 13:52:18.738 7 WARNING cinder.scheduler.host_manager [None req-d9e333dc-4199-48cc-a941-2cf9bed22f5b 28f7d14740b54286a8c706287684c0b7 3e878c56c6fd400b85e96eccdec4456e - - - -] volume service is down. (host: rack13-server67@lvm-1)
2025-01-13 13:52:24.604 7 WARNING cinder.scheduler.host_manager [None req-256f16a4-2a46-4d08-9f32-6214f8667ecc a14d0bdcc1ca4938898f703b525e38e8 ada0ced38ff245488b7fbe4e017b5207 - - - -] volume service is down. (host: rack13-server67@lvm-1)
2025-01-13 13:52:27.094 7 WARNING cinder.scheduler.host_manager [None req-7e16c486-c5c4-449c-95b5-b91cc9b45bca a14d0bdcc1ca4938898f703b525e38e8 ada0ced38ff245488b7fbe4e017b5207 - - - -] volume service is down. (host: rack13-server67@lvm-1)
2025-01-13 13:52:29.473 7 WARNING cinder.scheduler.host_manager [None req-575af373-fa32-4e5a-a79f-60a38f887723 a14d0bdcc1ca4938898f703b525e38e8 ada0ced38ff245488b7fbe4e017b5207 - - - -] volume service is down. (host: rack13-server67@lvm-1)
