Build Started 04_08_2022_12_15_34
2022-08-04 15:17:37.211 7 WARNING cinder.scheduler.host_manager [req-b40fe0ce-5602-417c-b7be-db074019b4dd e84c82b446bc4c6f9b73e00e727b55a7 e70ced970ff7446ea49a3921b024726d - - -] volume service is down. (host: rack03-server59@lvm-1)
2022-08-04 15:17:37.291 7 WARNING cinder.scheduler.host_manager [req-1eb9ac2e-375e-4a6a-9781-e1b33a1c50ff 213c87ec076a4d03a6a66b818e351845 aab26ebe80d44e18a4f2c12d90b1264f - - -] volume service is down. (host: rack03-server59@lvm-1)
2022-08-04 15:17:38.484 7 WARNING cinder.scheduler.host_manager [req-fbe12b6f-b836-4267-a3c4-7416a7affd0b f6d401cd05e3452dbfb1d8111329f2f6 ae07e358bec24492983655e3f0134836 - - -] volume service is down. (host: rack03-server59@lvm-1)
2022-08-04 15:17:38.532 7 WARNING cinder.scheduler.host_manager [req-12c0297c-087b-42fe-8fc9-a0b8d4dc6227 f6d401cd05e3452dbfb1d8111329f2f6 ae07e358bec24492983655e3f0134836 - - -] volume service is down. (host: rack03-server59@lvm-1)
2022-08-04 15:17:44.202 7 WARNING cinder.scheduler.host_manager [req-5d7780f2-2e44-41be-8328-0040431cc78a 41ae4049bb094ef68a137464cf627e26 9c86a301e015490e93cd9f73b2f94cbb - - -] volume service is down. (host: rack03-server59@lvm-1)
2022-08-04 15:17:44.209 7 WARNING cinder.scheduler.host_manager [req-5d7780f2-2e44-41be-8328-0040431cc78a 41ae4049bb094ef68a137464cf627e26 9c86a301e015490e93cd9f73b2f94cbb - - -] volume service is down. (host: rack03-server59@lvm-1)
2022-08-04 15:17:45.738 7 WARNING cinder.scheduler.host_manager [req-f106f43e-d93f-49ab-90e7-a454e67a00a3 41ae4049bb094ef68a137464cf627e26 9c86a301e015490e93cd9f73b2f94cbb - - -] volume service is down. (host: rack03-server59@lvm-1)
2022-08-04 15:17:50.531 7 WARNING cinder.scheduler.host_manager [req-86ef7bc7-0333-4b57-8ae0-e27c87b16ec8 41ae4049bb094ef68a137464cf627e26 9c86a301e015490e93cd9f73b2f94cbb - - -] volume service is down. (host: rack03-server59@lvm-1)
2022-08-04 15:17:56.455 7 WARNING cinder.scheduler.host_manager [req-bb6e7d0b-b381-405c-8138-253c53513d25 41ae4049bb094ef68a137464cf627e26 9c86a301e015490e93cd9f73b2f94cbb - - -] volume service is down. (host: rack03-server59@lvm-1)
2022-08-04 15:17:56.462 7 WARNING cinder.scheduler.host_manager [req-bb6e7d0b-b381-405c-8138-253c53513d25 41ae4049bb094ef68a137464cf627e26 9c86a301e015490e93cd9f73b2f94cbb - - -] volume service is down. (host: rack03-server59@lvm-1)
2022-08-04 15:17:57.933 7 WARNING cinder.scheduler.host_manager [req-188f9bbe-78c7-4be2-a611-c4fe88db687c 41ae4049bb094ef68a137464cf627e26 9c86a301e015490e93cd9f73b2f94cbb - - -] volume service is down. (host: rack03-server59@lvm-1)
2022-08-04 15:18:00.511 7 WARNING cinder.scheduler.host_manager [req-644a611f-5272-4eb8-9e90-33a80e340dcb 41ae4049bb094ef68a137464cf627e26 9c86a301e015490e93cd9f73b2f94cbb - - -] volume service is down. (host: rack03-server59@lvm-1)
2022-08-04 15:18:13.956 7 WARNING cinder.scheduler.host_manager [req-1303ee9c-ca01-4cb0-9cba-afdb7ca67eed 41ae4049bb094ef68a137464cf627e26 9c86a301e015490e93cd9f73b2f94cbb - - -] volume service is down. (host: rack03-server59@lvm-1)
2022-08-04 15:18:13.964 7 WARNING cinder.scheduler.host_manager [req-1303ee9c-ca01-4cb0-9cba-afdb7ca67eed 41ae4049bb094ef68a137464cf627e26 9c86a301e015490e93cd9f73b2f94cbb - - -] volume service is down. (host: rack03-server59@lvm-1)
2022-08-04 15:18:15.452 7 WARNING cinder.scheduler.host_manager [req-c821b1c0-4f76-469d-be8d-be608d59039f 41ae4049bb094ef68a137464cf627e26 9c86a301e015490e93cd9f73b2f94cbb - - -] volume service is down. (host: rack03-server59@lvm-1)
2022-08-04 15:18:17.894 7 WARNING cinder.scheduler.host_manager [req-bcfa33ba-9b16-4f23-b409-be4de93a9eb4 e84c82b446bc4c6f9b73e00e727b55a7 e70ced970ff7446ea49a3921b024726d - - -] volume service is down. (host: rack03-server59@lvm-1)
2022-08-04 15:18:21.458 7 WARNING cinder.scheduler.host_manager [req-23240cf2-73dc-4a38-a117-60b8d2029374 e84c82b446bc4c6f9b73e00e727b55a7 e70ced970ff7446ea49a3921b024726d - - -] volume service is down. (host: rack03-server59@lvm-1)
2022-08-04 15:18:28.705 7 WARNING cinder.scheduler.host_manager [req-c86d0bdc-ac33-46eb-ac10-3446d6c11f6e 99da167ccf8344429790940793ff6ba2 e07822c7cce04cf7a5e11e2c754c6168 - - -] volume service is down. (host: rack03-server59@lvm-1)
2022-08-04 15:18:28.714 7 WARNING cinder.scheduler.host_manager [req-c86d0bdc-ac33-46eb-ac10-3446d6c11f6e 99da167ccf8344429790940793ff6ba2 e07822c7cce04cf7a5e11e2c754c6168 - - -] volume service is down. (host: rack03-server59@lvm-1)
2022-08-04 15:18:30.269 7 WARNING cinder.scheduler.host_manager [req-e5db9796-aaec-41be-a829-3a727b254786 99da167ccf8344429790940793ff6ba2 e07822c7cce04cf7a5e11e2c754c6168 - - -] volume service is down. (host: rack03-server59@lvm-1)
2022-08-04 15:18:54.531 7 WARNING cinder.scheduler.host_manager [req-333c14df-c92b-4db5-8633-4f539c2a088c c75d586b331347a489cd8a28ffcad058 0726fe9bae87491b87c19a40b9d82e6f - - -] volume service is down. (host: rack03-server59@lvm-1)
2022-08-04 15:18:54.539 7 WARNING cinder.scheduler.host_manager [req-333c14df-c92b-4db5-8633-4f539c2a088c c75d586b331347a489cd8a28ffcad058 0726fe9bae87491b87c19a40b9d82e6f - - -] volume service is down. (host: rack03-server59@lvm-1)
2022-08-04 15:18:55.765 7 WARNING cinder.scheduler.host_manager [req-2c826ae2-a424-479c-801b-987d24044e0e c75d586b331347a489cd8a28ffcad058 0726fe9bae87491b87c19a40b9d82e6f - - -] volume service is down. (host: rack03-server59@lvm-1)
2022-08-04 15:18:55.772 7 WARNING cinder.scheduler.host_manager [req-2c826ae2-a424-479c-801b-987d24044e0e c75d586b331347a489cd8a28ffcad058 0726fe9bae87491b87c19a40b9d82e6f - - -] volume service is down. (host: rack03-server59@lvm-1)
2022-08-04 15:18:57.356 7 WARNING cinder.scheduler.host_manager [req-07a9a91e-7f56-41a2-b004-742f00e74cf0 c75d586b331347a489cd8a28ffcad058 0726fe9bae87491b87c19a40b9d82e6f - - -] volume service is down. (host: rack03-server59@lvm-1)
2022-08-04 15:19:02.792 7 WARNING cinder.scheduler.host_manager [req-f9ca92e6-140b-4801-b263-0514a8478bcb c75d586b331347a489cd8a28ffcad058 0726fe9bae87491b87c19a40b9d82e6f - - -] volume service is down. (host: rack03-server59@lvm-1)
2022-08-04 15:19:02.799 7 WARNING cinder.scheduler.host_manager [req-f9ca92e6-140b-4801-b263-0514a8478bcb c75d586b331347a489cd8a28ffcad058 0726fe9bae87491b87c19a40b9d82e6f - - -] volume service is down. (host: rack03-server59@lvm-1)
2022-08-04 15:19:04.306 7 WARNING cinder.scheduler.host_manager [req-1b78546c-729b-4e1d-a132-7cd2cdb89253 c75d586b331347a489cd8a28ffcad058 0726fe9bae87491b87c19a40b9d82e6f - - -] volume service is down. (host: rack03-server59@lvm-1)
2022-08-04 15:19:06.873 7 WARNING cinder.scheduler.host_manager [req-bd543e83-cf25-4c4f-805b-37d12be47224 c75d586b331347a489cd8a28ffcad058 0726fe9bae87491b87c19a40b9d82e6f - - -] volume service is down. (host: rack03-server59@lvm-1)
2022-08-04 15:19:18.215 7 WARNING cinder.scheduler.host_manager [req-3c43b9d9-3b99-4864-b595-e08bde123561 e84c82b446bc4c6f9b73e00e727b55a7 e70ced970ff7446ea49a3921b024726d - - -] volume service is down. (host: rack03-server59@lvm-1)
2022-08-04 15:19:18.983 7 WARNING cinder.scheduler.host_manager [req-dba2c91c-8aa1-4b29-b56f-a364015b4f7b 0aa1479d6140481db555b93e62940270 f981609be2124763afc7dbd18cbda2a0 - - -] volume service is down. (host: rack03-server59@lvm-1)
2022-08-04 15:19:18.990 7 WARNING cinder.scheduler.host_manager [req-dba2c91c-8aa1-4b29-b56f-a364015b4f7b 0aa1479d6140481db555b93e62940270 f981609be2124763afc7dbd18cbda2a0 - - -] volume service is down. (host: rack03-server59@lvm-1)
2022-08-04 15:19:20.567 7 WARNING cinder.scheduler.host_manager [req-2a3fedc4-b592-4831-84be-cb3aa908db91 e84c82b446bc4c6f9b73e00e727b55a7 e70ced970ff7446ea49a3921b024726d - - -] volume service is down. (host: rack03-server59@lvm-1)
2022-08-04 15:19:23.059 7 WARNING cinder.scheduler.host_manager [req-c853243f-b868-4270-a98e-753b71f3f55d e84c82b446bc4c6f9b73e00e727b55a7 e70ced970ff7446ea49a3921b024726d - - -] volume service is down. (host: rack03-server59@lvm-1)
2022-08-04 15:19:26.756 7 WARNING cinder.scheduler.host_manager [req-6ec6001d-994b-4273-af05-b75b6a6f319a e84c82b446bc4c6f9b73e00e727b55a7 e70ced970ff7446ea49a3921b024726d - - -] volume service is down. (host: rack03-server59@lvm-1)
2022-08-04 15:19:27.534 7 WARNING cinder.scheduler.host_manager [req-c037bf0d-9102-444c-bde2-e8cd4e4243df eb2b52ce590a4915a4b0259fe730024b fa907941b42346c5924902476e739e16 - - -] volume service is down. (host: rack03-server59@lvm-1)
2022-08-04 15:19:27.535 7 INFO cinder.scheduler.base_filter [req-c037bf0d-9102-444c-bde2-e8cd4e4243df eb2b52ce590a4915a4b0259fe730024b fa907941b42346c5924902476e739e16 - - -] Filtering removed all hosts for the request with volume ID '7fa00e48-f918-46a7-a4c7-b9c9922d1c42'. Filter results: AvailabilityZoneFilter: (start: 1, end: 1), CapacityFilter: (start: 1, end: 1), CapabilitiesFilter: (start: 1, end: 0)
2022-08-04 15:19:27.536 7 WARNING cinder.scheduler.filter_scheduler [req-c037bf0d-9102-444c-bde2-e8cd4e4243df eb2b52ce590a4915a4b0259fe730024b fa907941b42346c5924902476e739e16 - - -] No weighed backend found for volume with properties: {'id': 'cce1a267-c76f-430f-b7b9-79775153c552', 'name': 'tempest-UserMessagesTest-volume-type-374683466', 'description': None, 'is_public': True, 'projects': [], 'extra_specs': {'storage_protocol': 'tempest-storage_protocol-1864721425', 'vendor_name': 'tempest-vendor_name-1725255124'}, 'qos_specs_id': None, 'created_at': '2022-08-04T12:19:26.000000', 'updated_at': None, 'deleted_at': None, 'deleted': False}
2022-08-04 15:19:27.536 7 INFO cinder.message.api [req-c037bf0d-9102-444c-bde2-e8cd4e4243df eb2b52ce590a4915a4b0259fe730024b fa907941b42346c5924902476e739e16 - - -] Creating message record for request_id = req-c037bf0d-9102-444c-bde2-e8cd4e4243df
2022-08-04 15:19:27.542 7 ERROR cinder.scheduler.flows.create_volume [req-c037bf0d-9102-444c-bde2-e8cd4e4243df eb2b52ce590a4915a4b0259fe730024b fa907941b42346c5924902476e739e16 - - -] Failed to run task cinder.scheduler.flows.create_volume.ScheduleCreateVolumeTask;volume:create: No valid backend was found. No weighed backends available: cinder.exception.NoValidBackend: No valid backend was found. No weighed backends available
2022-08-04 15:19:29.078 7 WARNING cinder.scheduler.host_manager [req-27f83e74-2dc4-415f-8230-2cd0e6e10a30 e84c82b446bc4c6f9b73e00e727b55a7 e70ced970ff7446ea49a3921b024726d - - -] volume service is down. (host: rack03-server59@lvm-1)
2022-08-04 15:19:29.143 7 WARNING cinder.scheduler.host_manager [req-02aec7be-ceab-4e03-afbe-92ce75dce778 eb2b52ce590a4915a4b0259fe730024b fa907941b42346c5924902476e739e16 - - -] volume service is down. (host: rack03-server59@lvm-1)
2022-08-04 15:19:29.144 7 INFO cinder.scheduler.base_filter [req-02aec7be-ceab-4e03-afbe-92ce75dce778 eb2b52ce590a4915a4b0259fe730024b fa907941b42346c5924902476e739e16 - - -] Filtering removed all hosts for the request with volume ID '5530b573-de75-414a-8ec9-33e9de33f5c6'. Filter results: AvailabilityZoneFilter: (start: 1, end: 1), CapacityFilter: (start: 1, end: 1), CapabilitiesFilter: (start: 1, end: 0)
2022-08-04 15:19:29.145 7 WARNING cinder.scheduler.filter_scheduler [req-02aec7be-ceab-4e03-afbe-92ce75dce778 eb2b52ce590a4915a4b0259fe730024b fa907941b42346c5924902476e739e16 - - -] No weighed backend found for volume with properties: {'id': '9263b93a-c179-4a5c-b9dc-ac1bfab636c6', 'name': 'tempest-UserMessagesTest-volume-type-1266737595', 'description': None, 'is_public': True, 'projects': [], 'extra_specs': {'storage_protocol': 'tempest-storage_protocol-1671461443', 'vendor_name': 'tempest-vendor_name-191630536'}, 'qos_specs_id': None, 'created_at': '2022-08-04T12:19:28.000000', 'updated_at': None, 'deleted_at': None, 'deleted': False}
2022-08-04 15:19:29.145 7 INFO cinder.message.api [req-02aec7be-ceab-4e03-afbe-92ce75dce778 eb2b52ce590a4915a4b0259fe730024b fa907941b42346c5924902476e739e16 - - -] Creating message record for request_id = req-02aec7be-ceab-4e03-afbe-92ce75dce778
2022-08-04 15:19:29.151 7 ERROR cinder.scheduler.flows.create_volume [req-02aec7be-ceab-4e03-afbe-92ce75dce778 eb2b52ce590a4915a4b0259fe730024b fa907941b42346c5924902476e739e16 - - -] Failed to run task cinder.scheduler.flows.create_volume.ScheduleCreateVolumeTask;volume:create: No valid backend was found. No weighed backends available: cinder.exception.NoValidBackend: No valid backend was found. No weighed backends available
2022-08-04 15:19:31.595 7 WARNING cinder.scheduler.host_manager [req-4f9ac485-6725-469f-b042-8d11a5b4c16a e84c82b446bc4c6f9b73e00e727b55a7 e70ced970ff7446ea49a3921b024726d - - -] volume service is down. (host: rack03-server59@lvm-1)
2022-08-04 15:19:47.050 7 WARNING cinder.scheduler.host_manager [req-c96db157-3857-4c91-8719-d7432c92372e a8c4de31fa3b49b8b001972b8b474bc8 db3fd87894d74d808fe0c261c6f3b787 - - -] volume service is down. (host: rack03-server59@lvm-1)
2022-08-04 15:19:50.800 7 WARNING cinder.scheduler.host_manager [req-92b52b73-e486-49f0-8acc-8de6bbca0fba a8c4de31fa3b49b8b001972b8b474bc8 db3fd87894d74d808fe0c261c6f3b787 - - -] volume service is down. (host: rack03-server59@lvm-1)
2022-08-04 15:20:03.090 7 WARNING cinder.scheduler.host_manager [req-6877d8ee-98ea-49fc-814d-e751cfc3a12f 21086823711c454b99ea44ba4c9bb553 2420f9b3e9e543eca6b59101a07eb8bc - - -] volume service is down. (host: rack03-server59@lvm-1)
2022-08-04 15:20:14.166 7 WARNING cinder.scheduler.host_manager [req-c2164e9a-5378-4757-8a7b-7d4ba19b3666 a8d18c953aea40f58b1d97920e246566 019f18921a3d4574875ed483064f0a34 - - -] volume service is down. (host: rack03-server59@lvm-1)
2022-08-04 15:20:16.720 7 WARNING cinder.scheduler.host_manager [req-c1c400ae-67a3-432c-b1c6-3471ff66a767 a8d18c953aea40f58b1d97920e246566 019f18921a3d4574875ed483064f0a34 - - -] volume service is down. (host: rack03-server59@lvm-1)
2022-08-04 15:20:47.905 7 WARNING cinder.scheduler.host_manager [req-5df24bb5-2e9f-4313-8d99-a818a2666677 e3e3692c92f8436fab80b05949839175 10230b0d178c4756969fa8d6fc24e93c - - -] volume service is down. (host: rack03-server59@lvm-1)
2022-08-04 15:21:08.592 7 WARNING cinder.scheduler.host_manager [req-4e4b1cfa-bde4-4493-810f-b006bc95afe1 c43a119861814795b50d4352aec3b60f ee1fd94d8a93438bbb628879001d4487 - - -] volume service is down. (host: rack03-server59@lvm-1)
2022-08-04 15:21:10.967 7 WARNING cinder.scheduler.host_manager [req-709cb36e-dde7-4a2d-9bbd-7cc8e298c9bc c43a119861814795b50d4352aec3b60f ee1fd94d8a93438bbb628879001d4487 - - -] volume service is down. (host: rack03-server59@lvm-1)
2022-08-04 15:21:22.216 7 WARNING cinder.scheduler.host_manager [req-ed49e2bc-f723-4853-becb-b9907aa210f1 1de15c8fb41e41329c0c4016edac43dd 20901f49abc84bf9bd592a6f28471c6b - - -] volume service is down. (host: rack03-server59@lvm-1)
2022-08-04 15:21:24.567 7 WARNING cinder.scheduler.host_manager [req-722d9d9c-2f6d-4ec3-8f0c-b5548656d50b 1de15c8fb41e41329c0c4016edac43dd 20901f49abc84bf9bd592a6f28471c6b - - -] volume service is down. (host: rack03-server59@lvm-1)
2022-08-04 15:21:26.871 7 WARNING cinder.scheduler.host_manager [req-d92d7ac7-73b8-4e2e-b3e9-03f7e409d2cf 1de15c8fb41e41329c0c4016edac43dd 20901f49abc84bf9bd592a6f28471c6b - - -] volume service is down. (host: rack03-server59@lvm-1)
2022-08-04 15:21:30.592 7 WARNING cinder.scheduler.host_manager [req-b61e760e-911d-4194-8bcf-f54e4e161bd5 1de15c8fb41e41329c0c4016edac43dd 20901f49abc84bf9bd592a6f28471c6b - - -] volume service is down. (host: rack03-server59@lvm-1)
2022-08-04 15:21:32.975 7 WARNING cinder.scheduler.host_manager [req-23f3f272-a991-4c1b-938d-7266bd511288 1de15c8fb41e41329c0c4016edac43dd 20901f49abc84bf9bd592a6f28471c6b - - -] volume service is down. (host: rack03-server59@lvm-1)
2022-08-04 15:21:35.477 7 WARNING cinder.scheduler.host_manager [req-6ed7e469-339f-47c5-907a-b356ad54f616 1de15c8fb41e41329c0c4016edac43dd 20901f49abc84bf9bd592a6f28471c6b - - -] volume service is down. (host: rack03-server59@lvm-1)
2022-08-04 15:21:46.736 7 WARNING cinder.scheduler.host_manager [req-06cff649-9772-4b2f-a18a-4aa3aaeabed8 a7ec97de85cb4a37bb0171ee80dc4585 ff4735fc125643308d9ad98e3544f0a6 - - -] volume service is down. (host: rack03-server59@lvm-1)
2022-08-04 15:21:51.605 7 WARNING cinder.scheduler.host_manager [req-4fe61a31-318b-45a8-90b3-f204d2f2ee5b a7ec97de85cb4a37bb0171ee80dc4585 ff4735fc125643308d9ad98e3544f0a6 - - -] volume service is down. (host: rack03-server59@lvm-1)
2022-08-04 15:21:59.168 7 WARNING cinder.scheduler.host_manager [req-4abcc522-9e17-4040-b56f-d033f9b21b2b dee386bfd0e24a0cbc0840954b48ca9b 0af9c468e6974f82a480f11313afb8ef - - -] volume service is down. (host: rack03-server59@lvm-1)
2022-08-04 15:23:25.767 7 WARNING cinder.scheduler.host_manager [req-49c3f1d0-4539-4c0b-8878-4c4c8578d2ee 213c87ec076a4d03a6a66b818e351845 aab26ebe80d44e18a4f2c12d90b1264f - - -] volume service is down. (host: rack03-server59@lvm-1)
2022-08-04 15:27:44.175 7 WARNING cinder.scheduler.host_manager [req-ec966783-8089-4769-8e24-5fa73de58ab2 e40445f9a87448d78dc06a0e20984033 16daeaed95bf47088b93833bcf0b24a2 - - -] volume service is down. (host: rack03-server59@lvm-1)
2022-08-04 15:28:00.494 7 WARNING cinder.scheduler.host_manager [req-b6fe7373-54a1-40f9-9f1a-f6f1624efc3c e40445f9a87448d78dc06a0e20984033 16daeaed95bf47088b93833bcf0b24a2 - - -] volume service is down. (host: rack03-server59@lvm-1)
2022-08-04 15:28:07.298 7 WARNING cinder.scheduler.host_manager [req-b8b33f58-cd21-4425-922f-dd7ee9a7068b e40445f9a87448d78dc06a0e20984033 16daeaed95bf47088b93833bcf0b24a2 - - -] volume service is down. (host: rack03-server59@lvm-1)
2022-08-04 15:28:09.816 7 WARNING cinder.scheduler.host_manager [req-e25f58a3-8867-430c-b199-732e6e67039d e40445f9a87448d78dc06a0e20984033 16daeaed95bf47088b93833bcf0b24a2 - - -] volume service is down. (host: rack03-server59@lvm-1)
2022-08-04 15:28:22.839 7 WARNING cinder.scheduler.host_manager [req-0bf7b826-f632-4533-bf00-818180f487f4 f112e8478d564257a433ce9acbd2d856 bda21c20285b4f8294900a71043bda04 - - -] volume service is down. (host: rack03-server59@lvm-1)
2022-08-04 15:29:17.120 7 WARNING cinder.scheduler.host_manager [req-4047fd1b-7e27-475b-998b-6a21a7968902 213c87ec076a4d03a6a66b818e351845 aab26ebe80d44e18a4f2c12d90b1264f - - -] volume service is down. (host: rack03-server59@lvm-1)
2022-08-04 15:35:30.290 7 WARNING cinder.scheduler.host_manager [req-042cb1d2-02f2-4166-af61-850afeb8e55c 1d4738393a6a4358b2ed3719672f732f c6940ce35dd2478399d954cbfd4e039f - - -] volume service is down. (host: rack03-server59@lvm-1)
2022-08-04 15:35:32.789 7 WARNING cinder.scheduler.host_manager [req-779610cc-d2ef-4b70-a51b-aafb5436f99c 1d4738393a6a4358b2ed3719672f732f c6940ce35dd2478399d954cbfd4e039f - - -] volume service is down. (host: rack03-server59@lvm-1)
2022-08-04 15:35:39.954 7 WARNING cinder.scheduler.host_manager [req-9fa2a52c-11f6-43e8-8b22-ec73862d0a9e 9ad994cacb464845ab94647a5d3ea4ad 16216142aeb34b66af711c56e00bfefa - - -] volume service is down. (host: rack03-server59@lvm-1)
2022-08-04 15:35:46.906 7 WARNING cinder.scheduler.host_manager [req-92982619-a82c-460d-97d7-2ad3956202f5 dca5b7fa591a48a8b324a4f536e34340 6bf27b231d4d4ec2ac64158c25dac72d - - -] volume service is down. (host: rack03-server59@lvm-1)
2022-08-04 15:35:49.477 7 WARNING cinder.scheduler.host_manager [req-d2bc3ef6-3020-488a-901c-2a9f51fea781 dca5b7fa591a48a8b324a4f536e34340 6bf27b231d4d4ec2ac64158c25dac72d - - -] volume service is down. (host: rack03-server59@lvm-1)
2022-08-04 15:35:52.058 7 WARNING cinder.scheduler.host_manager [req-8a1c8f0b-59c5-4524-885d-d304d425b663 dca5b7fa591a48a8b324a4f536e34340 6bf27b231d4d4ec2ac64158c25dac72d - - -] volume service is down. (host: rack03-server59@lvm-1)
2022-08-04 15:36:11.486 7 WARNING cinder.scheduler.host_manager [req-2c49002c-3fe8-4bd3-a2db-56966cc432a1 9797737ef8fe4fcba929f71b7e3cdb48 c8a81762818c4597a390763b3e91b63c - - -] volume service is down. (host: rack03-server59@lvm-1)
2022-08-04 15:36:11.493 7 WARNING cinder.scheduler.host_manager [req-2c49002c-3fe8-4bd3-a2db-56966cc432a1 9797737ef8fe4fcba929f71b7e3cdb48 c8a81762818c4597a390763b3e91b63c - - -] volume service is down. (host: rack03-server59@lvm-1)
2022-08-04 15:36:13.337 7 WARNING cinder.scheduler.host_manager [req-f9460633-e788-4e2a-b827-4bf42d73338f 9797737ef8fe4fcba929f71b7e3cdb48 c8a81762818c4597a390763b3e91b63c - - -] volume service is down. (host: rack03-server59@lvm-1)
2022-08-04 15:36:15.731 7 WARNING cinder.scheduler.host_manager [req-350ca249-33cf-4db3-be3e-9e10acda0004 9797737ef8fe4fcba929f71b7e3cdb48 c8a81762818c4597a390763b3e91b63c - - -] volume service is down. (host: rack03-server59@lvm-1)
2022-08-04 15:36:27.056 7 WARNING cinder.scheduler.host_manager [req-2e1a7a93-3bce-4a67-8076-832d328d5991 be862ca8d6324eea92b8d651c294948e 4934f06d6ea24638b14e0d6771349576 - - -] volume service is down. (host: rack03-server59@lvm-1)
2022-08-04 15:36:29.601 7 WARNING cinder.scheduler.host_manager [req-7bdb2d4a-c262-4262-a60f-38039e22eb74 be862ca8d6324eea92b8d651c294948e 4934f06d6ea24638b14e0d6771349576 - - -] volume service is down. (host: rack03-server59@lvm-1)
2022-08-04 15:36:32.212 7 WARNING cinder.scheduler.host_manager [req-17c1b4f9-a456-48d9-a4d0-cafa7a03cd13 be862ca8d6324eea92b8d651c294948e 4934f06d6ea24638b14e0d6771349576 - - -] volume service is down. (host: rack03-server59@lvm-1)
2022-08-04 15:36:34.545 7 WARNING cinder.scheduler.host_manager [req-b459b7d6-a09e-4a51-a5b0-a4b4631e9dbe 9dde0ee384b74a028274d5ca9f8ebe53 e1bbd7aa15ef4643a3b554b5a59089de - - -] volume service is down. (host: rack03-server59@lvm-1)
2022-08-04 15:36:36.894 7 WARNING cinder.scheduler.host_manager [req-6d4b1aec-7632-48af-a8bc-d4755f6aa17f 9dde0ee384b74a028274d5ca9f8ebe53 e1bbd7aa15ef4643a3b554b5a59089de - - -] volume service is down. (host: rack03-server59@lvm-1)
2022-08-04 15:36:39.521 7 WARNING cinder.scheduler.host_manager [req-fc818666-4035-4a78-a1f3-a2aab980eb2e 9dde0ee384b74a028274d5ca9f8ebe53 e1bbd7aa15ef4643a3b554b5a59089de - - -] volume service is down. (host: rack03-server59@lvm-1)
2022-08-04 15:36:43.101 7 WARNING cinder.scheduler.host_manager [req-c65790e3-f1bd-424f-9a58-02d2fe47cca7 9dde0ee384b74a028274d5ca9f8ebe53 e1bbd7aa15ef4643a3b554b5a59089de - - -] volume service is down. (host: rack03-server59@lvm-1)
2022-08-04 15:36:43.300 7 WARNING cinder.scheduler.host_manager [req-68bdf817-7afe-4bef-920d-475ad642f843 07b8de87486f4a169f0cb7ebecd93973 d030bb3a21504abe9235147cf1245b3b - - -] volume service is down. (host: rack03-server59@lvm-1)
2022-08-04 15:36:45.657 7 WARNING cinder.scheduler.host_manager [req-dec327d2-197a-4099-bba4-89e78bd5a523 07b8de87486f4a169f0cb7ebecd93973 d030bb3a21504abe9235147cf1245b3b - - -] volume service is down. (host: rack03-server59@lvm-1)
2022-08-04 15:36:46.692 7 WARNING cinder.scheduler.host_manager [req-48d054dd-79ed-498d-bf32-635292a26c1e 9dde0ee384b74a028274d5ca9f8ebe53 e1bbd7aa15ef4643a3b554b5a59089de - - -] volume service is down. (host: rack03-server59@lvm-1)
2022-08-04 15:36:47.944 7 WARNING cinder.scheduler.host_manager [req-a9f7e9eb-e587-49ec-8934-1a950eb14946 07b8de87486f4a169f0cb7ebecd93973 d030bb3a21504abe9235147cf1245b3b - - -] volume service is down. (host: rack03-server59@lvm-1)
2022-08-04 15:36:50.294 7 WARNING cinder.scheduler.host_manager [req-ef454664-f0e7-41c9-8fe2-3913ffadc9c6 07b8de87486f4a169f0cb7ebecd93973 d030bb3a21504abe9235147cf1245b3b - - -] volume service is down. (host: rack03-server59@lvm-1)
2022-08-04 15:36:50.305 7 WARNING cinder.scheduler.host_manager [req-d8a91464-9144-456d-8e5d-89d604da8c14 9dde0ee384b74a028274d5ca9f8ebe53 e1bbd7aa15ef4643a3b554b5a59089de - - -] volume service is down. (host: rack03-server59@lvm-1)
2022-08-04 15:37:06.654 7 WARNING cinder.scheduler.host_manager [req-50e4e031-5875-4270-abf2-f322de822d7d 70ef86b2c379476db28f1db608c4828d 7119a0ef2c7b40c29c2786100c61ba98 - - -] volume service is down. (host: rack03-server59@lvm-1)
2022-08-04 15:37:12.528 7 WARNING cinder.scheduler.host_manager [req-cead6027-a560-457b-b7b0-194fc629eb88 e724c717b19d48cbac32eb9ede07e31a 06f849febb394e6ebb4263501f7929c6 - - -] volume service is down. (host: rack03-server59@lvm-1)
2022-08-04 15:37:27.084 7 WARNING cinder.scheduler.host_manager [req-381c9c9d-30b6-431d-89bc-7673076c4107 43e7ead9e22e46568942b25c947fce05 d0f6f4a9b8ba4f4494559e7918d07c1c - - -] volume service is down. (host: rack03-server59@lvm-1)
2022-08-04 15:37:29.447 7 WARNING cinder.scheduler.host_manager [req-b36c18e2-3ffb-4d74-8026-6e305822b988 43e7ead9e22e46568942b25c947fce05 d0f6f4a9b8ba4f4494559e7918d07c1c - - -] volume service is down. (host: rack03-server59@lvm-1)
2022-08-04 15:39:23.793 7 WARNING cinder.scheduler.host_manager [req-bca3b02d-c376-46b5-9152-4ed50dafd1c2 af7e6500fd2c4d7bb3711ccc4a0bdd11 3b9dbb6fe35a4f0ca4b67bb48238fc9a - - -] volume service is down. (host: rack03-server59@lvm-1)
2022-08-04 15:40:24.953 7 WARNING cinder.scheduler.host_manager [req-c33af235-22ab-4bb8-b799-85bc9e211a9d af7e6500fd2c4d7bb3711ccc4a0bdd11 3b9dbb6fe35a4f0ca4b67bb48238fc9a - - -] volume service is down. (host: rack03-server59@lvm-1)
2022-08-04 15:40:28.688 7 WARNING cinder.scheduler.host_manager [req-d7e9d278-76f8-4087-9daa-25108b35fa84 af7e6500fd2c4d7bb3711ccc4a0bdd11 3b9dbb6fe35a4f0ca4b67bb48238fc9a - - -] volume service is down. (host: rack03-server59@lvm-1)
2022-08-04 15:40:32.774 7 WARNING cinder.scheduler.host_manager [req-6c581b53-91be-49f2-b8bb-1e87c0b89cab af7e6500fd2c4d7bb3711ccc4a0bdd11 3b9dbb6fe35a4f0ca4b67bb48238fc9a - - -] volume service is down. (host: rack03-server59@lvm-1)
2022-08-04 15:40:36.551 7 WARNING cinder.scheduler.host_manager [req-5ae0652c-94ac-4d37-905b-0effafd8b4c4 af7e6500fd2c4d7bb3711ccc4a0bdd11 3b9dbb6fe35a4f0ca4b67bb48238fc9a - - -] volume service is down. (host: rack03-server59@lvm-1)
2022-08-04 15:40:40.302 7 WARNING cinder.scheduler.host_manager [req-6722a7ec-13e7-453b-9637-7316bf72224a af7e6500fd2c4d7bb3711ccc4a0bdd11 3b9dbb6fe35a4f0ca4b67bb48238fc9a - - -] volume service is down. (host: rack03-server59@lvm-1)
2022-08-04 15:40:50.891 7 WARNING cinder.scheduler.host_manager [req-51e6f3fd-8f5d-480c-b90f-2684595f38ce 28314c94468f491db09164334d0e88bf d77ba8d549fe4763b0e81294ff8108af - - -] volume service is down. (host: rack03-server59@lvm-1)
2022-08-04 15:40:52.419 7 WARNING cinder.scheduler.host_manager [req-4418f69c-8cc1-4820-baa6-b8ec3b907194 28314c94468f491db09164334d0e88bf d77ba8d549fe4763b0e81294ff8108af - - -] volume service is down. (host: rack03-server59@lvm-1)
2022-08-04 15:40:54.982 7 WARNING cinder.scheduler.host_manager [req-6dc171d3-99a6-4b1e-8c3a-efad5be93fd9 28314c94468f491db09164334d0e88bf d77ba8d549fe4763b0e81294ff8108af - - -] volume service is down. (host: rack03-server59@lvm-1)
2022-08-04 15:40:57.787 7 WARNING cinder.scheduler.host_manager [req-52e567e9-4ded-4f58-bc23-c00f490fcfb5 caa4a89156bc433687b80370fdb17765 c20dbb98f10c45eea46d7902275178df - - -] volume service is down. (host: rack03-server59@lvm-1)
2022-08-04 15:41:08.971 7 WARNING cinder.scheduler.host_manager [req-9f0acdd0-acd2-4fe1-a611-42799e2fc64f 05c00f2ff46b4237bc8ba3bff0ae80c0 985ccea3ba524a6c9b55f299e442a7c0 - - -] volume service is down. (host: rack03-server59@lvm-1)
2022-08-04 15:41:16.090 7 WARNING cinder.scheduler.host_manager [req-b2a150e6-568f-48e4-a092-bcb97bb88945 b68a63c8c8294c8488fc7756332d06b2 4dd8debc1d084ec39457984db5faeaae - - -] volume service is down. (host: rack03-server59@lvm-1)
2022-08-04 15:41:26.488 7 WARNING cinder.scheduler.host_manager [req-8310df79-dae2-4277-9bb1-0553d72ea64d 4f9f70f477454af7bfdfe9a3b3b3d0d6 83126396960d407b9401bbc818423f4d - - -] volume service is down. (host: rack03-server59@lvm-1)
2022-08-04 15:41:31.547 7 WARNING cinder.scheduler.host_manager [req-66641eee-c8be-46ce-84ee-a8f82f73c510 4f9f70f477454af7bfdfe9a3b3b3d0d6 83126396960d407b9401bbc818423f4d - - -] volume service is down. (host: rack03-server59@lvm-1)
2022-08-04 15:41:39.155 7 WARNING cinder.scheduler.host_manager [req-546dc924-4edc-4ffc-9546-9a3b9438f330 8e315961d6284e9ba59b8b927dd0d182 4effe57a11d44fbc81b72b6330d8eb68 - - -] volume service is down. (host: rack03-server59@lvm-1)
2022-08-04 15:41:46.064 7 WARNING cinder.scheduler.host_manager [req-2f2ae727-e85d-463d-87f9-f2c488c75e29 20afb60683c24dd182e3d61e0eb63060 e43da86976b0434281fa8b9b88c4b206 - - -] volume service is down. (host: rack03-server59@lvm-1)
2022-08-04 15:42:01.480 7 WARNING cinder.scheduler.host_manager [req-b53d8024-244c-451d-9a9a-0e3c9c8c1a56 20afb60683c24dd182e3d61e0eb63060 e43da86976b0434281fa8b9b88c4b206 - - -] volume service is down. (host: rack03-server59@lvm-1)
2022-08-04 15:42:03.049 7 WARNING cinder.scheduler.host_manager [req-f34651e1-89aa-452b-9448-71877b80877e 20afb60683c24dd182e3d61e0eb63060 e43da86976b0434281fa8b9b88c4b206 - - -] volume service is down. (host: rack03-server59@lvm-1)
2022-08-04 15:42:05.436 7 WARNING cinder.scheduler.host_manager [req-967749eb-dbb1-4f4a-908c-2f158f06a894 20afb60683c24dd182e3d61e0eb63060 e43da86976b0434281fa8b9b88c4b206 - - -] volume service is down. (host: rack03-server59@lvm-1)
2022-08-04 15:42:07.770 7 WARNING cinder.scheduler.host_manager [req-150d8880-c4b3-40eb-9d3a-d1e35d9829ac 20afb60683c24dd182e3d61e0eb63060 e43da86976b0434281fa8b9b88c4b206 - - -] volume service is down. (host: rack03-server59@lvm-1)
2022-08-04 15:42:15.787 7 WARNING cinder.scheduler.host_manager [req-653c74e1-af87-4846-be2a-421ca550a353 cc887624493c41c8ade6323813830284 8f7801c594334993846cefb7ba7cdd8c - - -] volume service is down. (host: rack03-server59@lvm-1)
2022-08-04 15:42:18.547 7 WARNING cinder.scheduler.host_manager [req-dfbd2c7c-1b48-4543-9f53-73ffdc6faacf cc887624493c41c8ade6323813830284 8f7801c594334993846cefb7ba7cdd8c - - -] volume service is down. (host: rack03-server59@lvm-1)
2022-08-04 15:42:23.410 7 WARNING cinder.scheduler.host_manager [req-207e2558-5169-4653-83b4-33d8ffe38add cc887624493c41c8ade6323813830284 8f7801c594334993846cefb7ba7cdd8c - - -] volume service is down. (host: rack03-server59@lvm-1)
2022-08-04 15:42:24.871 7 WARNING cinder.scheduler.host_manager [req-4f338e63-02ca-4dac-8939-314288ec69ad cc887624493c41c8ade6323813830284 8f7801c594334993846cefb7ba7cdd8c - - -] volume service is down. (host: rack03-server59@lvm-1)
2022-08-04 15:42:28.676 7 WARNING cinder.scheduler.host_manager [req-4b405997-cd02-4b74-bb43-d3d25fae7b13 cc887624493c41c8ade6323813830284 8f7801c594334993846cefb7ba7cdd8c - - -] volume service is down. (host: rack03-server59@lvm-1)
2022-08-04 15:42:33.702 7 WARNING cinder.scheduler.host_manager [req-a9b0406d-e020-4b88-a5d6-1a86048a724a cc887624493c41c8ade6323813830284 8f7801c594334993846cefb7ba7cdd8c - - -] volume service is down. (host: rack03-server59@lvm-1)
2022-08-04 15:42:50.247 7 WARNING cinder.scheduler.host_manager [req-9ab10524-c208-4a64-ba71-7043fb320acd cc887624493c41c8ade6323813830284 8f7801c594334993846cefb7ba7cdd8c - - -] volume service is down. (host: rack03-server59@lvm-1)
2022-08-04 15:43:02.212 7 WARNING cinder.scheduler.host_manager [req-eecfff1b-167d-4b50-9356-20371f3fadd9 8b8b64f6bd804145ac50bb44bb9f3c2a d7dea93692d647e99cc238433c712736 - - -] volume service is down. (host: rack03-server59@lvm-1)
2022-08-04 15:46:28.449 7 WARNING cinder.scheduler.host_manager [req-54855591-bc04-4d04-a8fb-6b80ad93470d 85c4b3397bc54fd884f8b4b6a87d157d 0288713f22874d7ca8a0e7b6e4171d18 - - -] volume service is down. (host: rack03-server59@lvm-1)
2022-08-04 15:46:30.797 7 WARNING cinder.scheduler.host_manager [req-a3f064b2-6546-4667-ada1-facca22795a4 85c4b3397bc54fd884f8b4b6a87d157d 0288713f22874d7ca8a0e7b6e4171d18 - - -] volume service is down. (host: rack03-server59@lvm-1)
2022-08-04 15:46:43.618 7 WARNING cinder.scheduler.host_manager [req-4a02fe81-73f0-4127-97ca-dea1e5c322d0 2e8ce4422ee94d388fb9f10fca226b04 f55bf1041f474fc287febadcef16d7f3 - - -] volume service is down. (host: rack03-server59@lvm-1)
2022-08-04 15:46:43.623 7 WARNING cinder.scheduler.host_manager [req-e181ca41-9973-435a-9042-41973da3c593 40c11b091c0342aeb4b1156bc295634c 6ec81a8f228e47ed81ba4861a788ce1b - - -] volume service is down. (host: rack03-server59@lvm-1)
2022-08-04 15:46:43.701 7 WARNING cinder.scheduler.host_manager [req-17ba0990-26ba-47ab-a812-8a9df0499f2a 8b420a09490247cbb211b63585e9ce41 6196197fb04e4c5e8ef628baf188e400 - - -] volume service is down. (host: rack03-server59@lvm-1)
2022-08-04 15:46:43.911 7 WARNING cinder.scheduler.host_manager [req-d393fc95-fc09-409a-8abf-48fc302f5f0c 8b420a09490247cbb211b63585e9ce41 6196197fb04e4c5e8ef628baf188e400 - - -] volume service is down. (host: rack03-server59@lvm-1)
2022-08-04 15:46:44.235 7 WARNING cinder.scheduler.host_manager [req-f2cd7a54-5e24-4692-a651-2ff7ade19642 8b420a09490247cbb211b63585e9ce41 6196197fb04e4c5e8ef628baf188e400 - - -] volume service is down. (host: rack03-server59@lvm-1)
2022-08-04 15:46:44.544 7 WARNING cinder.scheduler.host_manager [req-869cd752-88ef-4005-bf20-aae143f09cbd 8b420a09490247cbb211b63585e9ce41 6196197fb04e4c5e8ef628baf188e400 - - -] volume service is down. (host: rack03-server59@lvm-1)
2022-08-04 15:46:44.868 7 WARNING cinder.scheduler.host_manager [req-9d3053ae-9425-475d-b1f2-89f060234c49 8b420a09490247cbb211b63585e9ce41 6196197fb04e4c5e8ef628baf188e400 - - -] volume service is down. (host: rack03-server59@lvm-1)
2022-08-04 15:46:45.291 7 WARNING cinder.scheduler.host_manager [req-abeedf97-0fe5-46aa-a1bc-83a4c3dc04a8 2e8ce4422ee94d388fb9f10fca226b04 f55bf1041f474fc287febadcef16d7f3 - - -] volume service is down. (host: rack03-server59@lvm-1)
2022-08-04 15:46:45.916 7 WARNING cinder.scheduler.host_manager [req-1d680d1d-6de5-45e3-a2bd-17e6de851d5c 40c11b091c0342aeb4b1156bc295634c 6ec81a8f228e47ed81ba4861a788ce1b - - -] volume service is down. (host: rack03-server59@lvm-1)
2022-08-04 15:46:46.646 7 WARNING cinder.scheduler.host_manager [req-f29a391c-0ed3-4779-8524-c6f01bd886d6 2e8ce4422ee94d388fb9f10fca226b04 f55bf1041f474fc287febadcef16d7f3 - - -] volume service is down. (host: rack03-server59@lvm-1)
2022-08-04 15:46:48.377 7 WARNING cinder.scheduler.host_manager [req-0c3f35e4-dc97-4d4d-84d4-25bcd2965db4 40c11b091c0342aeb4b1156bc295634c 6ec81a8f228e47ed81ba4861a788ce1b - - -] volume service is down. (host: rack03-server59@lvm-1)
2022-08-04 15:46:48.708 7 WARNING cinder.scheduler.host_manager [req-1c5c2580-7c94-4c55-9408-ca403126d2a7 40c11b091c0342aeb4b1156bc295634c 6ec81a8f228e47ed81ba4861a788ce1b - - -] volume service is down. (host: rack03-server59@lvm-1)
2022-08-04 15:46:49.033 7 WARNING cinder.scheduler.host_manager [req-dd7899fc-7573-4b0c-8db0-386cdfbae985 40c11b091c0342aeb4b1156bc295634c 6ec81a8f228e47ed81ba4861a788ce1b - - -] volume service is down. (host: rack03-server59@lvm-1)
2022-08-04 15:46:49.332 7 WARNING cinder.scheduler.host_manager [req-b4c27741-ced1-43cf-875f-54c09be0e4c4 40c11b091c0342aeb4b1156bc295634c 6ec81a8f228e47ed81ba4861a788ce1b - - -] volume service is down. (host: rack03-server59@lvm-1)
2022-08-04 15:46:49.734 7 WARNING cinder.scheduler.host_manager [req-4af68685-7dc1-4ffe-928e-42c83a6cd8f6 40c11b091c0342aeb4b1156bc295634c 6ec81a8f228e47ed81ba4861a788ce1b - - -] volume service is down. (host: rack03-server59@lvm-1)
2022-08-04 15:46:55.350 7 WARNING cinder.scheduler.host_manager [req-8d2ddc7c-2c3e-44a8-8975-2beacbd1d9e0 e62ace0af8ea45d389b1a4ab8f8cd3a9 f1b646013f2045608a7674e107a97dd5 - - -] volume service is down. (host: rack03-server59@lvm-1)
2022-08-04 15:46:57.840 7 WARNING cinder.scheduler.host_manager [req-ff742e63-5e90-4a99-a417-4c82f6235a0f e62ace0af8ea45d389b1a4ab8f8cd3a9 f1b646013f2045608a7674e107a97dd5 - - -] volume service is down. (host: rack03-server59@lvm-1)
2022-08-04 15:46:58.153 7 WARNING cinder.scheduler.host_manager [req-47acf57b-53c3-451c-bfe8-0493215bdf4d e62ace0af8ea45d389b1a4ab8f8cd3a9 f1b646013f2045608a7674e107a97dd5 - - -] volume service is down. (host: rack03-server59@lvm-1)
2022-08-04 15:46:58.476 7 WARNING cinder.scheduler.host_manager [req-7db3e7cc-22da-4c9e-b22c-0ece137d3a22 e62ace0af8ea45d389b1a4ab8f8cd3a9 f1b646013f2045608a7674e107a97dd5 - - -] volume service is down. (host: rack03-server59@lvm-1)
2022-08-04 15:46:58.784 7 WARNING cinder.scheduler.host_manager [req-63ad4f35-4199-4a24-a11b-43c242ab4918 e62ace0af8ea45d389b1a4ab8f8cd3a9 f1b646013f2045608a7674e107a97dd5 - - -] volume service is down. (host: rack03-server59@lvm-1)
2022-08-04 15:46:59.105 7 WARNING cinder.scheduler.host_manager [req-561b93f8-09e6-4da3-b7f6-7cb7b0b960ce e62ace0af8ea45d389b1a4ab8f8cd3a9 f1b646013f2045608a7674e107a97dd5 - - -] volume service is down. (host: rack03-server59@lvm-1)
