Build Started 14_01_2025_02_33_41
2025-01-14 02:34:56.759 7 WARNING cinder.scheduler.host_manager [req-b8b3ab16-1dd9-4ce0-a036-4f879947b426 req-ceb35a9a-8e90-4739-a8aa-1fd9ea89c5d1 170f528103e1411d990cbf73fb3b9335 c9c8355423c84566b065e3178ab82e4f - - - -] volume service is down. (host: rack13-server67@lvm-1)
2025-01-14 02:34:56.819 7 WARNING cinder.scheduler.host_manager [req-858503ac-7ffa-4f4b-9458-a90bd563678d req-9932e82e-634a-4c0c-b285-e156fc21ed29 bfa0da3ccffc4aeb9b2844c35cbe63db f09e5d355aed484280710eac8a097c36 - - - -] volume service is down. (host: rack13-server67@lvm-1)
2025-01-14 02:34:59.316 7 WARNING cinder.scheduler.host_manager [req-ea1ffd9d-341c-42df-86c2-626366e0990c req-6bba2c19-3284-4a74-8afa-cdae2c746bf0 170f528103e1411d990cbf73fb3b9335 c9c8355423c84566b065e3178ab82e4f - - - -] volume service is down. (host: rack13-server67@lvm-1)
2025-01-14 02:35:02.552 7 WARNING cinder.scheduler.host_manager [None req-11d5f025-a5d9-44aa-b302-4197cd4254bf 95b7c63dc10743ecab3940b003fa0e3d 722c84c3c89d4ccfb5ec36fc28f86378 - - - -] volume service is down. (host: rack13-server67@lvm-1)
2025-01-14 02:35:02.561 7 WARNING cinder.scheduler.host_manager [None req-11d5f025-a5d9-44aa-b302-4197cd4254bf 95b7c63dc10743ecab3940b003fa0e3d 722c84c3c89d4ccfb5ec36fc28f86378 - - - -] volume service is down. (host: rack13-server67@lvm-1)
2025-01-14 02:35:03.987 7 WARNING cinder.scheduler.host_manager [None req-b6e3a70e-d33b-4b18-ad5c-eb27d2fd6b21 95b7c63dc10743ecab3940b003fa0e3d 722c84c3c89d4ccfb5ec36fc28f86378 - - - -] volume service is down. (host: rack13-server67@lvm-1)
2025-01-14 02:35:06.102 7 WARNING cinder.scheduler.host_manager [None req-f3dc0cd7-5844-4b4e-a1f9-14310c3e61bd 0b28c7c988f14c39907f5fb27402e08f 13c16f5bed1e4c68891db4d84b03e1ad - - - -] volume service is down. (host: rack13-server67@lvm-1)
2025-01-14 02:35:06.110 7 WARNING cinder.scheduler.host_manager [None req-f3dc0cd7-5844-4b4e-a1f9-14310c3e61bd 0b28c7c988f14c39907f5fb27402e08f 13c16f5bed1e4c68891db4d84b03e1ad - - - -] volume service is down. (host: rack13-server67@lvm-1)
2025-01-14 02:35:07.519 7 WARNING cinder.scheduler.host_manager [None req-5da28ed8-8b1f-435f-8e77-c56977febe9f 0b28c7c988f14c39907f5fb27402e08f 13c16f5bed1e4c68891db4d84b03e1ad - - - -] volume service is down. (host: rack13-server67@lvm-1)
2025-01-14 02:35:07.652 7 WARNING cinder.scheduler.host_manager [None req-9dd4974e-fd02-4a55-8489-4d803d839e15 355b5a746994400fbd69d228d0c116c5 4ee2411f48924ab195b9e2456a5c8b84 - - - -] volume service is down. (host: rack13-server67@lvm-1)
2025-01-14 02:35:08.737 7 WARNING cinder.scheduler.host_manager [None req-9135917b-694e-4ae7-bc53-8318a4772a19 95b7c63dc10743ecab3940b003fa0e3d 722c84c3c89d4ccfb5ec36fc28f86378 - - - -] volume service is down. (host: rack13-server67@lvm-1)
2025-01-14 02:35:10.635 7 WARNING cinder.scheduler.host_manager [None req-d999a937-93c3-470b-b661-0b1cd37036fb 355b5a746994400fbd69d228d0c116c5 4ee2411f48924ab195b9e2456a5c8b84 - - - -] volume service is down. (host: rack13-server67@lvm-1)
2025-01-14 02:35:13.174 7 WARNING cinder.scheduler.host_manager [None req-f07591ab-e380-4106-ab2a-8b4ccbfa1370 355b5a746994400fbd69d228d0c116c5 4ee2411f48924ab195b9e2456a5c8b84 - - - -] volume service is down. (host: rack13-server67@lvm-1)
2025-01-14 02:35:15.123 7 WARNING cinder.scheduler.host_manager [None req-a973163e-b938-43c2-87d1-bf631427838f 95b7c63dc10743ecab3940b003fa0e3d 722c84c3c89d4ccfb5ec36fc28f86378 - - - -] volume service is down. (host: rack13-server67@lvm-1)
2025-01-14 02:35:15.131 7 WARNING cinder.scheduler.host_manager [None req-a973163e-b938-43c2-87d1-bf631427838f 95b7c63dc10743ecab3940b003fa0e3d 722c84c3c89d4ccfb5ec36fc28f86378 - - - -] volume service is down. (host: rack13-server67@lvm-1)
2025-01-14 02:35:16.514 7 WARNING cinder.scheduler.host_manager [None req-b69f81ed-e98d-4902-a0f6-8b2f746c0c1d 95b7c63dc10743ecab3940b003fa0e3d 722c84c3c89d4ccfb5ec36fc28f86378 - - - -] volume service is down. (host: rack13-server67@lvm-1)
2025-01-14 02:35:19.020 7 WARNING cinder.scheduler.host_manager [None req-3f1897c7-6965-477e-a01a-be1b87e8515e 95b7c63dc10743ecab3940b003fa0e3d 722c84c3c89d4ccfb5ec36fc28f86378 - - - -] volume service is down. (host: rack13-server67@lvm-1)
2025-01-14 02:35:24.452 7 WARNING cinder.scheduler.host_manager [None req-dd4a7478-6b16-42df-ad93-3e9b4ae9d34e f15fa2061b144ba39d776d92d0605409 c659d81c6a7c4987bc6cf0f4a51f498d - - - -] volume service is down. (host: rack13-server67@lvm-1)
2025-01-14 02:35:24.975 7 WARNING cinder.scheduler.host_manager [None req-147f0300-a0bc-40f1-a132-1eb4b10c8351 f15fa2061b144ba39d776d92d0605409 c659d81c6a7c4987bc6cf0f4a51f498d - - - -] volume service is down. (host: rack13-server67@lvm-1)
2025-01-14 02:35:26.330 7 WARNING cinder.scheduler.host_manager [None req-792d89d0-e413-43b2-9620-501a6483f3de d4515cdba3b242beb45bd690bc39483d 7d2642c9328f4fe7b7ba3d560eff8fb1 - - - -] volume service is down. (host: rack13-server67@lvm-1)
2025-01-14 02:35:26.339 7 WARNING cinder.scheduler.host_manager [None req-792d89d0-e413-43b2-9620-501a6483f3de d4515cdba3b242beb45bd690bc39483d 7d2642c9328f4fe7b7ba3d560eff8fb1 - - - -] volume service is down. (host: rack13-server67@lvm-1)
2025-01-14 02:35:27.770 7 WARNING cinder.scheduler.host_manager [None req-acbb000c-461b-4a5d-804e-f58c5169e6f7 d4515cdba3b242beb45bd690bc39483d 7d2642c9328f4fe7b7ba3d560eff8fb1 - - - -] volume service is down. (host: rack13-server67@lvm-1)
2025-01-14 02:35:30.167 7 WARNING cinder.scheduler.host_manager [None req-7cf41e23-5ad1-4871-a280-b27b8f1f8561 d4515cdba3b242beb45bd690bc39483d 7d2642c9328f4fe7b7ba3d560eff8fb1 - - - -] volume service is down. (host: rack13-server67@lvm-1)
2025-01-14 02:35:32.403 7 WARNING cinder.scheduler.host_manager [None req-784994c9-a277-4038-8022-a6df4b9893f3 95b7c63dc10743ecab3940b003fa0e3d 722c84c3c89d4ccfb5ec36fc28f86378 - - - -] volume service is down. (host: rack13-server67@lvm-1)
2025-01-14 02:35:32.411 7 WARNING cinder.scheduler.host_manager [None req-784994c9-a277-4038-8022-a6df4b9893f3 95b7c63dc10743ecab3940b003fa0e3d 722c84c3c89d4ccfb5ec36fc28f86378 - - - -] volume service is down. (host: rack13-server67@lvm-1)
2025-01-14 02:35:33.815 7 WARNING cinder.scheduler.host_manager [None req-3fa265af-a4a2-4f45-8d99-5a5f1db4e7e8 95b7c63dc10743ecab3940b003fa0e3d 722c84c3c89d4ccfb5ec36fc28f86378 - - - -] volume service is down. (host: rack13-server67@lvm-1)
2025-01-14 02:35:38.654 7 WARNING cinder.scheduler.host_manager [None req-b7811879-ede8-4a69-b1e4-429c30bbe7c2 dbd7a2b846e542758f94e8bc2c68dce6 8040a447661442e7aa0a369cdc26063e - - - -] volume service is down. (host: rack13-server67@lvm-1)
2025-01-14 02:35:38.662 7 WARNING cinder.scheduler.host_manager [None req-b7811879-ede8-4a69-b1e4-429c30bbe7c2 dbd7a2b846e542758f94e8bc2c68dce6 8040a447661442e7aa0a369cdc26063e - - - -] volume service is down. (host: rack13-server67@lvm-1)
2025-01-14 02:35:47.096 7 WARNING cinder.scheduler.host_manager [None req-b005a029-145c-419a-ab51-546f922caff4 4651cde5d0e94211aa88777bf121b1eb 9ecc902fd8334efd98a8102d04c30159 - - - -] volume service is down. (host: rack13-server67@lvm-1)
2025-01-14 02:35:47.104 7 WARNING cinder.scheduler.host_manager [None req-b005a029-145c-419a-ab51-546f922caff4 4651cde5d0e94211aa88777bf121b1eb 9ecc902fd8334efd98a8102d04c30159 - - - -] volume service is down. (host: rack13-server67@lvm-1)
2025-01-14 02:35:48.324 7 WARNING cinder.scheduler.host_manager [None req-9c57102d-4868-4973-83cc-13a25c81bad4 4651cde5d0e94211aa88777bf121b1eb 9ecc902fd8334efd98a8102d04c30159 - - - -] volume service is down. (host: rack13-server67@lvm-1)
2025-01-14 02:35:48.331 7 WARNING cinder.scheduler.host_manager [None req-9c57102d-4868-4973-83cc-13a25c81bad4 4651cde5d0e94211aa88777bf121b1eb 9ecc902fd8334efd98a8102d04c30159 - - - -] volume service is down. (host: rack13-server67@lvm-1)
2025-01-14 02:35:49.731 7 WARNING cinder.scheduler.host_manager [None req-3d24692d-46ec-4b4b-8368-49a3560d1334 4651cde5d0e94211aa88777bf121b1eb 9ecc902fd8334efd98a8102d04c30159 - - - -] volume service is down. (host: rack13-server67@lvm-1)
2025-01-14 02:35:54.737 7 WARNING cinder.scheduler.host_manager [None req-e61da6d5-a1c9-4b71-b03b-74924e5321c2 c4464f8e30f844f98636acf832f73b36 1b5f71e0daa44fde85e8c0e68fe0e49e - - - -] volume service is down. (host: rack13-server67@lvm-1)
2025-01-14 02:35:55.006 7 WARNING cinder.scheduler.host_manager [None req-c6dfb383-699e-497b-b569-85c9d6cc4a9d 4651cde5d0e94211aa88777bf121b1eb 9ecc902fd8334efd98a8102d04c30159 - - - -] volume service is down. (host: rack13-server67@lvm-1)
2025-01-14 02:35:55.012 7 WARNING cinder.scheduler.host_manager [None req-c6dfb383-699e-497b-b569-85c9d6cc4a9d 4651cde5d0e94211aa88777bf121b1eb 9ecc902fd8334efd98a8102d04c30159 - - - -] volume service is down. (host: rack13-server67@lvm-1)
2025-01-14 02:35:56.398 7 WARNING cinder.scheduler.host_manager [None req-1308cee9-2aef-4862-adb1-a6735995b5a7 a477343f7cde4075a998935e93947ce8 65ef49a3a5be46dea9789a6cae5cba69 - - - -] volume service is down. (host: rack13-server67@lvm-1)
2025-01-14 02:35:56.421 7 WARNING cinder.scheduler.host_manager [None req-d9989d7f-326b-4a83-9223-e7a094c82d8e 4651cde5d0e94211aa88777bf121b1eb 9ecc902fd8334efd98a8102d04c30159 - - - -] volume service is down. (host: rack13-server67@lvm-1)
2025-01-14 02:35:57.093 7 WARNING cinder.scheduler.host_manager [None req-ba479ad6-3f12-4f76-ac9c-5426614d420b c4464f8e30f844f98636acf832f73b36 1b5f71e0daa44fde85e8c0e68fe0e49e - - - -] volume service is down. (host: rack13-server67@lvm-1)
2025-01-14 02:35:58.798 7 WARNING cinder.scheduler.host_manager [None req-95f753b8-578d-4054-a350-7b93d7147dbf a477343f7cde4075a998935e93947ce8 65ef49a3a5be46dea9789a6cae5cba69 - - - -] volume service is down. (host: rack13-server67@lvm-1)
2025-01-14 02:35:58.893 7 WARNING cinder.scheduler.host_manager [None req-1c5e8ca8-ee1b-4e1f-a588-ccaf41e3c933 4651cde5d0e94211aa88777bf121b1eb 9ecc902fd8334efd98a8102d04c30159 - - - -] volume service is down. (host: rack13-server67@lvm-1)
2025-01-14 02:35:59.856 7 WARNING cinder.scheduler.host_manager [None req-7cc39a8e-e874-4d36-9f46-b031731df8e8 c4464f8e30f844f98636acf832f73b36 1b5f71e0daa44fde85e8c0e68fe0e49e - - - -] volume service is down. (host: rack13-server67@lvm-1)
2025-01-14 02:36:03.450 7 WARNING cinder.scheduler.host_manager [None req-edeed1fb-a61c-4b56-a8c6-050f480c6f0a c4464f8e30f844f98636acf832f73b36 1b5f71e0daa44fde85e8c0e68fe0e49e - - - -] volume service is down. (host: rack13-server67@lvm-1)
2025-01-14 02:36:07.021 7 WARNING cinder.scheduler.host_manager [None req-eabce452-3294-425e-897c-20180d7a9c57 c4464f8e30f844f98636acf832f73b36 1b5f71e0daa44fde85e8c0e68fe0e49e - - - -] volume service is down. (host: rack13-server67@lvm-1)
2025-01-14 02:36:10.617 7 WARNING cinder.scheduler.host_manager [None req-98a25e64-819c-4759-a280-ee34565f1b81 c4464f8e30f844f98636acf832f73b36 1b5f71e0daa44fde85e8c0e68fe0e49e - - - -] volume service is down. (host: rack13-server67@lvm-1)
2025-01-14 02:36:11.256 7 WARNING cinder.scheduler.host_manager [None req-89b9c10e-7fe1-4469-b213-d26a03e3e987 fc090778e6b04d139cb5d86cfe112e59 ed4e6456dedc4c3197215d9ae4965448 - - - -] volume service is down. (host: rack13-server67@lvm-1)
2025-01-14 02:36:11.257 7 INFO cinder.scheduler.base_filter [None req-89b9c10e-7fe1-4469-b213-d26a03e3e987 fc090778e6b04d139cb5d86cfe112e59 ed4e6456dedc4c3197215d9ae4965448 - - - -] Filtering removed all hosts for the request with volume ID 'd5d287d0-4cfb-4c84-b667-60b5f06195f2'. Filter results: AvailabilityZoneFilter: (start: 1, end: 1), CapacityFilter: (start: 1, end: 1), CapabilitiesFilter: (start: 1, end: 0)
2025-01-14 02:36:11.258 7 WARNING cinder.scheduler.filter_scheduler [None req-89b9c10e-7fe1-4469-b213-d26a03e3e987 fc090778e6b04d139cb5d86cfe112e59 ed4e6456dedc4c3197215d9ae4965448 - - - -] No weighed backend found for volume with properties: {'id': 'a2035ba4-1baa-41bc-8277-bf2d1fa19db1', 'name': 'tempest-UserMessagesTest-volume-type-1983252337', 'description': None, 'is_public': True, 'projects': [], 'extra_specs': {'storage_protocol': 'tempest-storage_protocol-448512500', 'vendor_name': 'tempest-vendor_name-1712124201'}, 'qos_specs_id': None, 'created_at': '2025-01-14T02:36:10.000000', 'updated_at': None, 'deleted_at': None, 'deleted': False}
2025-01-14 02:36:11.258 7 INFO cinder.message.api [None req-89b9c10e-7fe1-4469-b213-d26a03e3e987 fc090778e6b04d139cb5d86cfe112e59 ed4e6456dedc4c3197215d9ae4965448 - - - -] Creating message record for request_id = req-89b9c10e-7fe1-4469-b213-d26a03e3e987
2025-01-14 02:36:11.265 7 ERROR cinder.scheduler.flows.create_volume [None req-89b9c10e-7fe1-4469-b213-d26a03e3e987 fc090778e6b04d139cb5d86cfe112e59 ed4e6456dedc4c3197215d9ae4965448 - - - -] Failed to run task cinder.scheduler.flows.create_volume.ScheduleCreateVolumeTask;volume:create: No valid backend was found. No weighed backends available: cinder.exception.NoValidBackend: No valid backend was found. No weighed backends available
2025-01-14 02:36:13.477 7 WARNING cinder.scheduler.host_manager [None req-1a0f384a-5bcd-49b7-b1eb-5e1d44d5de9e fc090778e6b04d139cb5d86cfe112e59 ed4e6456dedc4c3197215d9ae4965448 - - - -] volume service is down. (host: rack13-server67@lvm-1)
2025-01-14 02:36:13.478 7 INFO cinder.scheduler.base_filter [None req-1a0f384a-5bcd-49b7-b1eb-5e1d44d5de9e fc090778e6b04d139cb5d86cfe112e59 ed4e6456dedc4c3197215d9ae4965448 - - - -] Filtering removed all hosts for the request with volume ID 'd9166f85-9359-4118-bb28-6d75a0798c05'. Filter results: AvailabilityZoneFilter: (start: 1, end: 1), CapacityFilter: (start: 1, end: 1), CapabilitiesFilter: (start: 1, end: 0)
2025-01-14 02:36:13.479 7 WARNING cinder.scheduler.filter_scheduler [None req-1a0f384a-5bcd-49b7-b1eb-5e1d44d5de9e fc090778e6b04d139cb5d86cfe112e59 ed4e6456dedc4c3197215d9ae4965448 - - - -] No weighed backend found for volume with properties: {'id': '4e07fd09-23a7-48f8-abc4-46ad6ef75d02', 'name': 'tempest-UserMessagesTest-volume-type-1862402737', 'description': None, 'is_public': True, 'projects': [], 'extra_specs': {'storage_protocol': 'tempest-storage_protocol-1586154998', 'vendor_name': 'tempest-vendor_name-105794036'}, 'qos_specs_id': None, 'created_at': '2025-01-14T02:36:12.000000', 'updated_at': None, 'deleted_at': None, 'deleted': False}
2025-01-14 02:36:13.480 7 INFO cinder.message.api [None req-1a0f384a-5bcd-49b7-b1eb-5e1d44d5de9e fc090778e6b04d139cb5d86cfe112e59 ed4e6456dedc4c3197215d9ae4965448 - - - -] Creating message record for request_id = req-1a0f384a-5bcd-49b7-b1eb-5e1d44d5de9e
2025-01-14 02:36:13.485 7 ERROR cinder.scheduler.flows.create_volume [None req-1a0f384a-5bcd-49b7-b1eb-5e1d44d5de9e fc090778e6b04d139cb5d86cfe112e59 ed4e6456dedc4c3197215d9ae4965448 - - - -] Failed to run task cinder.scheduler.flows.create_volume.ScheduleCreateVolumeTask;volume:create: No valid backend was found. No weighed backends available: cinder.exception.NoValidBackend: No valid backend was found. No weighed backends available
2025-01-14 02:36:15.503 7 WARNING cinder.scheduler.host_manager [None req-45253fb5-7d67-438a-92db-2fac9bc2a2e2 9ce4d6b28a074c85a9b9418123b3401f 22c13f2a299a43459adee03b64ec1a0b - - - -] volume service is down. (host: rack13-server67@lvm-1)
2025-01-14 02:36:17.829 7 WARNING cinder.scheduler.host_manager [None req-c460724e-4ce5-426a-864b-fc646681d8ad 9ce4d6b28a074c85a9b9418123b3401f 22c13f2a299a43459adee03b64ec1a0b - - - -] volume service is down. (host: rack13-server67@lvm-1)
2025-01-14 02:36:20.652 7 WARNING cinder.scheduler.host_manager [None req-67934d72-4c85-463a-95a3-81ce49d5b0ab 2948012ca06a4c5b84389c7fa7d4dd06 a3c63e5eefdc4281af38b22490e10017 - - - -] volume service is down. (host: rack13-server67@lvm-1)
2025-01-14 02:36:22.764 7 WARNING cinder.scheduler.host_manager [None req-8d122bfa-c9c1-4ad9-b4c9-f19c30d90b6d f75585d6b49c44e2909785489238f028 1d2e763fb6564fef98942e0510faab57 - - - -] volume service is down. (host: rack13-server67@lvm-1)
2025-01-14 02:36:29.794 7 WARNING cinder.scheduler.host_manager [None req-6330778c-626b-4681-bee5-5b6cb4c308f3 c76efc3be0ee440ebde04e78ad8906d6 45528caf9c9e41f1915d0ab4d22b5f52 - - - -] volume service is down. (host: rack13-server67@lvm-1)
2025-01-14 02:36:29.857 7 WARNING cinder.scheduler.host_manager [None req-0a5746a8-048c-49e4-b1dc-04de026e9cb0 d4bb5fdca21e4019a682fac6262449fc 1b729917ba5f4638a4ec9e3fb1b43554 - - - -] volume service is down. (host: rack13-server67@lvm-1)
2025-01-14 02:36:32.130 7 WARNING cinder.scheduler.host_manager [None req-94a61ee0-2ee4-4b28-afd5-bf8b1df86f2d c76efc3be0ee440ebde04e78ad8906d6 45528caf9c9e41f1915d0ab4d22b5f52 - - - -] volume service is down. (host: rack13-server67@lvm-1)
2025-01-14 02:36:33.530 7 WARNING cinder.scheduler.host_manager [None req-9aeebb76-324f-4cbe-b588-136ef914ec6e 50ab4c8bacd34ca9a2c284334f86b045 53b050710f484bbbb2aaa90c7371f136 - - - -] volume service is down. (host: rack13-server67@lvm-1)
2025-01-14 02:36:33.595 7 WARNING cinder.scheduler.host_manager [None req-da87dbe6-dc97-4de3-95a6-be41b7cd7e45 d4bb5fdca21e4019a682fac6262449fc 1b729917ba5f4638a4ec9e3fb1b43554 - - - -] volume service is down. (host: rack13-server67@lvm-1)
2025-01-14 02:36:34.426 7 WARNING cinder.scheduler.host_manager [None req-a05ee519-a33b-40cb-89b7-059c90fb199d c76efc3be0ee440ebde04e78ad8906d6 45528caf9c9e41f1915d0ab4d22b5f52 - - - -] volume service is down. (host: rack13-server67@lvm-1)
2025-01-14 02:36:35.871 7 WARNING cinder.scheduler.host_manager [None req-35ef4285-8fa4-4a82-ae1f-52e3d6c5e3e3 50ab4c8bacd34ca9a2c284334f86b045 53b050710f484bbbb2aaa90c7371f136 - - - -] volume service is down. (host: rack13-server67@lvm-1)
2025-01-14 02:36:38.181 7 WARNING cinder.scheduler.host_manager [None req-e272f342-9bc3-4e20-916b-a8f60c7ee75c c76efc3be0ee440ebde04e78ad8906d6 45528caf9c9e41f1915d0ab4d22b5f52 - - - -] volume service is down. (host: rack13-server67@lvm-1)
2025-01-14 02:36:40.488 7 WARNING cinder.scheduler.host_manager [None req-68d9f2db-8c4d-4825-b95d-84462440bf10 c76efc3be0ee440ebde04e78ad8906d6 45528caf9c9e41f1915d0ab4d22b5f52 - - - -] volume service is down. (host: rack13-server67@lvm-1)
2025-01-14 02:36:42.873 7 WARNING cinder.scheduler.host_manager [None req-38d3aeba-2d74-42cd-93f2-650938d87b04 c76efc3be0ee440ebde04e78ad8906d6 45528caf9c9e41f1915d0ab4d22b5f52 - - - -] volume service is down. (host: rack13-server67@lvm-1)
2025-01-14 02:36:45.700 7 WARNING cinder.scheduler.host_manager [None req-fc5e7a55-60e2-4cc5-8c13-22182f303c0f 0e1bd600e25349318c82a73ef827f3a1 a84bafcff6794c5886578b76aa818fb7 - - - -] volume service is down. (host: rack13-server67@lvm-1)
2025-01-14 02:36:51.213 7 WARNING cinder.scheduler.host_manager [None req-0eb4c8d5-95bf-4760-9973-7ff578b62a32 1cbe6d65a1984424a500bbc8383b7872 859676cc19654e0c86047cbe14cbd4ea - - - -] volume service is down. (host: rack13-server67@lvm-1)
2025-01-14 02:36:54.314 7 WARNING cinder.scheduler.host_manager [None req-2368042b-bdde-435f-855b-05eb5ea5ba02 a3b42b8e6e764f448d5a492b9fe54de8 08fad12e117e4171b495ee609014e45e - - - -] volume service is down. (host: rack13-server67@lvm-1)
2025-01-14 02:36:59.159 7 WARNING cinder.scheduler.host_manager [None req-e1cfa235-f7cd-4713-9f9e-b2f9dec3c0e9 ef5134e6fc6444619dbb70b3032f2b5a fafc542dbc2b43b193bbc7d7105d5a46 - - - -] volume service is down. (host: rack13-server67@lvm-1)
2025-01-14 02:37:08.012 7 WARNING cinder.scheduler.host_manager [None req-1963a8bb-8c4c-4edc-bbd6-a304224a24a7 ef5134e6fc6444619dbb70b3032f2b5a fafc542dbc2b43b193bbc7d7105d5a46 - - - -] volume service is down. (host: rack13-server67@lvm-1)
2025-01-14 02:37:12.576 7 WARNING cinder.scheduler.host_manager [None req-c994f913-593d-48c1-9edb-205a416cb6db f9b039d8091a438b8b01a68c5aa12134 aa3d8e6b891144658b0e2f38ad94e023 - - - -] volume service is down. (host: rack13-server67@lvm-1)
2025-01-14 02:37:15.108 7 WARNING cinder.scheduler.host_manager [None req-8f52603f-f4af-409e-8c7a-aa03de700afe ef5134e6fc6444619dbb70b3032f2b5a fafc542dbc2b43b193bbc7d7105d5a46 - - - -] volume service is down. (host: rack13-server67@lvm-1)
2025-01-14 02:37:17.606 7 WARNING cinder.scheduler.host_manager [None req-2fa23c17-a0bd-48cd-a759-6359b36deaa1 ef5134e6fc6444619dbb70b3032f2b5a fafc542dbc2b43b193bbc7d7105d5a46 - - - -] volume service is down. (host: rack13-server67@lvm-1)
2025-01-14 02:37:18.214 7 WARNING cinder.scheduler.host_manager [None req-e95b6735-6611-4d8c-af1e-6445fafd2283 f9b039d8091a438b8b01a68c5aa12134 aa3d8e6b891144658b0e2f38ad94e023 - - - -] volume service is down. (host: rack13-server67@lvm-1)
2025-01-14 02:37:19.915 7 WARNING cinder.scheduler.host_manager [None req-1cbf08a6-d797-4692-bee6-5743cd92e4b9 4e4a15b28ad34fd2af60cf04ed17569b e0577cc4724f4a78a0c6e7046b0aea6c - - - -] volume service is down. (host: rack13-server67@lvm-1)
2025-01-14 02:37:22.447 7 WARNING cinder.scheduler.host_manager [None req-ae064f18-44ff-4dc6-a292-c8b78a0f52ce 4e4a15b28ad34fd2af60cf04ed17569b e0577cc4724f4a78a0c6e7046b0aea6c - - - -] volume service is down. (host: rack13-server67@lvm-1)
2025-01-14 02:37:24.975 7 WARNING cinder.scheduler.host_manager [None req-88f62b8a-6af7-4be4-8d75-8a2c4a495c99 4e4a15b28ad34fd2af60cf04ed17569b e0577cc4724f4a78a0c6e7046b0aea6c - - - -] volume service is down. (host: rack13-server67@lvm-1)
2025-01-14 02:37:26.495 7 WARNING cinder.scheduler.host_manager [None req-bca42c2b-2966-4a38-94b4-c2b36ccfc96d 1dcb73d5985f413caebd6c92b130fb3a 1fa6565b6bc44442a1c9e73ac55197d4 - - - -] volume service is down. (host: rack13-server67@lvm-1)
2025-01-14 02:37:27.254 7 WARNING cinder.scheduler.host_manager [None req-8277983d-e13d-466e-a787-f8a2debe1238 38e1baad52b845e4ab11430a5b5c2ba8 1456e31497844adf917db70b80fa1017 - - - -] volume service is down. (host: rack13-server67@lvm-1)
2025-01-14 02:37:27.689 7 WARNING cinder.scheduler.host_manager [None req-6ca2bf89-21c0-46a0-8702-e948f5df27f5 10bb1d3090984bdc8e3a3f8da3e40395 ba7dfb5cc9ed4288a6300560f55694ec - - - -] volume service is down. (host: rack13-server67@lvm-1)
2025-01-14 02:37:35.200 7 WARNING cinder.scheduler.host_manager [None req-cc0076d5-f7ed-4e42-b719-60081eb870d1 1dcb73d5985f413caebd6c92b130fb3a 1fa6565b6bc44442a1c9e73ac55197d4 - - - -] volume service is down. (host: rack13-server67@lvm-1)
2025-01-14 02:37:37.798 7 WARNING cinder.scheduler.host_manager [None req-ebd1fe65-62ea-42ec-b604-ff4b2fdc94e7 736f060882f34762a96de7eba12ab15c 37240f9414f549cf99384694ec6f6dbc - - - -] volume service is down. (host: rack13-server67@lvm-1)
2025-01-14 02:37:37.883 7 WARNING cinder.scheduler.host_manager [None req-99ec879c-3aa4-4d16-b094-5ec236672a74 1dcb73d5985f413caebd6c92b130fb3a 1fa6565b6bc44442a1c9e73ac55197d4 - - - -] volume service is down. (host: rack13-server67@lvm-1)
2025-01-14 02:37:39.672 7 WARNING cinder.scheduler.host_manager [None req-aebd63c7-c8f3-4ff4-86c8-13e7317fee0a d50c8efbcac345b787af8fd5372a9048 8cfe7b90fe7d4a5d842145dc11d2735c - - - -] volume service is down. (host: rack13-server67@lvm-1)
2025-01-14 02:37:40.175 7 WARNING cinder.scheduler.host_manager [None req-4c401f12-b277-45c3-9d4d-f4312613d9b5 1dcb73d5985f413caebd6c92b130fb3a 1fa6565b6bc44442a1c9e73ac55197d4 - - - -] volume service is down. (host: rack13-server67@lvm-1)
2025-01-14 02:37:42.410 7 WARNING cinder.scheduler.host_manager [None req-48db0be1-7b5c-44dd-85a4-0870ac2c6231 1dcb73d5985f413caebd6c92b130fb3a 1fa6565b6bc44442a1c9e73ac55197d4 - - - -] volume service is down. (host: rack13-server67@lvm-1)
2025-01-14 02:37:49.688 7 WARNING cinder.scheduler.host_manager [None req-7d94148a-a296-468e-9206-258068b94f0e 2226fb5c57e44252b6be983d1492db47 9d034665c21d4d68863cd8db9aed8914 - - - -] volume service is down. (host: rack13-server67@lvm-1)
2025-01-14 02:37:50.509 7 WARNING cinder.scheduler.host_manager [None req-64a3d443-fa38-4943-8c39-506e6100a86d 9d1a2911942f4df0a1ebf56caff64380 4506a18d60354dff9b1309a76a45e299 - - - -] volume service is down. (host: rack13-server67@lvm-1)
2025-01-14 02:37:52.493 7 WARNING cinder.scheduler.host_manager [None req-785313e5-506a-4a8d-8429-be8b05e43903 2226fb5c57e44252b6be983d1492db47 9d034665c21d4d68863cd8db9aed8914 - - - -] volume service is down. (host: rack13-server67@lvm-1)
2025-01-14 02:37:55.850 7 WARNING cinder.scheduler.host_manager [None req-73318495-5ccf-46cd-bcdb-b49b9105b058 9d1a2911942f4df0a1ebf56caff64380 4506a18d60354dff9b1309a76a45e299 - - - -] volume service is down. (host: rack13-server67@lvm-1)
2025-01-14 02:37:57.356 7 WARNING cinder.scheduler.host_manager [None req-f904f414-3a32-42c8-9139-96165fb5a8d7 2226fb5c57e44252b6be983d1492db47 9d034665c21d4d68863cd8db9aed8914 - - - -] volume service is down. (host: rack13-server67@lvm-1)
2025-01-14 02:37:59.852 7 WARNING cinder.scheduler.host_manager [None req-94489f22-0a87-4f9f-9fca-53e84ec0d954 2226fb5c57e44252b6be983d1492db47 9d034665c21d4d68863cd8db9aed8914 - - - -] volume service is down. (host: rack13-server67@lvm-1)
2025-01-14 02:38:03.641 7 WARNING cinder.scheduler.host_manager [None req-bce88cd1-9d1a-445c-ae35-6d1a4ae43962 2226fb5c57e44252b6be983d1492db47 9d034665c21d4d68863cd8db9aed8914 - - - -] volume service is down. (host: rack13-server67@lvm-1)
2025-01-14 02:38:07.596 7 WARNING cinder.scheduler.host_manager [None req-f34ccc47-a4ca-442d-9a65-78269205fe0d f120c7c7c21542f8ae7297bb0b307457 b0f92ee44da44636af74a9897e286715 - - - -] volume service is down. (host: rack13-server67@lvm-1)
2025-01-14 02:38:09.902 7 WARNING cinder.scheduler.host_manager [None req-a164acb1-361e-4ae1-a9b8-b31d37d087e5 2226fb5c57e44252b6be983d1492db47 9d034665c21d4d68863cd8db9aed8914 - - - -] volume service is down. (host: rack13-server67@lvm-1)
2025-01-14 02:38:13.001 7 WARNING cinder.scheduler.host_manager [None req-04ac7a7c-faf3-4282-baed-a408dc8aa799 f120c7c7c21542f8ae7297bb0b307457 b0f92ee44da44636af74a9897e286715 - - - -] volume service is down. (host: rack13-server67@lvm-1)
2025-01-14 02:38:18.946 7 WARNING cinder.scheduler.host_manager [None req-4e47353c-78d3-4a9d-bd82-c1ce516d52bb 2226fb5c57e44252b6be983d1492db47 9d034665c21d4d68863cd8db9aed8914 - - - -] volume service is down. (host: rack13-server67@lvm-1)
2025-01-14 02:38:20.840 7 WARNING cinder.scheduler.host_manager [None req-21c92805-b181-4d7e-b465-2ba839ef6905 9b2a53daf4ee417b98af27362c42a60b 6053b2b8f6ce438b9c8dbeab2d5f0263 - - - -] volume service is down. (host: rack13-server67@lvm-1)
2025-01-14 02:38:23.319 7 WARNING cinder.scheduler.host_manager [None req-791f7d0c-5876-4e39-9c3e-eeca76366080 9b2a53daf4ee417b98af27362c42a60b 6053b2b8f6ce438b9c8dbeab2d5f0263 - - - -] volume service is down. (host: rack13-server67@lvm-1)
2025-01-14 02:38:25.834 7 WARNING cinder.scheduler.host_manager [None req-b4d108b0-c273-48c5-ae12-53932e683e91 9b2a53daf4ee417b98af27362c42a60b 6053b2b8f6ce438b9c8dbeab2d5f0263 - - - -] volume service is down. (host: rack13-server67@lvm-1)
2025-01-14 02:38:27.386 7 WARNING cinder.scheduler.host_manager [None req-1e76cfd1-ef6e-4049-a824-a1404adc8db7 ed8632653f2849cabb65290e56d2d672 5d6477a61d7c4dd88b29c704f6691d30 - - - -] volume service is down. (host: rack13-server67@lvm-1)
2025-01-14 02:38:29.740 7 WARNING cinder.scheduler.host_manager [None req-9b7005f9-f2d8-4cb8-a700-8e8cf4297c47 ed8632653f2849cabb65290e56d2d672 5d6477a61d7c4dd88b29c704f6691d30 - - - -] volume service is down. (host: rack13-server67@lvm-1)
2025-01-14 02:38:36.944 7 WARNING cinder.scheduler.host_manager [None req-2b04c615-2d27-4de7-bb03-12c197adf7c1 a27b539d54bc4cfc84b2d286bb457a0b ac7695191fd04d67891dc90d5ed9127b - - - -] volume service is down. (host: rack13-server67@lvm-1)
2025-01-14 02:38:39.301 7 WARNING cinder.scheduler.host_manager [None req-e0ddbe03-78a4-449c-a686-4dffe4f4654f a27b539d54bc4cfc84b2d286bb457a0b ac7695191fd04d67891dc90d5ed9127b - - - -] volume service is down. (host: rack13-server67@lvm-1)
2025-01-14 02:38:41.577 7 WARNING cinder.scheduler.host_manager [None req-de1529e1-02cd-4d10-9a5d-f38b5ba18e49 a27b539d54bc4cfc84b2d286bb457a0b ac7695191fd04d67891dc90d5ed9127b - - - -] volume service is down. (host: rack13-server67@lvm-1)
2025-01-14 02:38:43.862 7 WARNING cinder.scheduler.host_manager [None req-1fe32371-8a9b-460d-b9d8-9e95fde94d22 a27b539d54bc4cfc84b2d286bb457a0b ac7695191fd04d67891dc90d5ed9127b - - - -] volume service is down. (host: rack13-server67@lvm-1)
2025-01-14 02:38:59.217 7 WARNING cinder.scheduler.host_manager [None req-7e0ace50-4cd7-4472-887e-4f6520c60d95 107b25299f8a435faf6d0dce8e3a1c6f 729b34b58af740beb53da23f3cb64e81 - - - -] volume service is down. (host: rack13-server67@lvm-1)
2025-01-14 02:38:59.325 7 WARNING cinder.scheduler.host_manager [None req-76b60555-3731-407a-af10-9ea30f733380 56df336c143a49d1902f1a9cc419edd6 d2df45708bdf4a09b82915e5998ef4e2 - - - -] volume service is down. (host: rack13-server67@lvm-1)
2025-01-14 02:38:59.395 7 WARNING cinder.scheduler.host_manager [None req-9b6b1e6f-b625-446f-b376-ecd4cd9fe45d 878f400b55d54ce0acdcf929625962e9 9c087a517057496ca838585bce569fed - - - -] volume service is down. (host: rack13-server67@lvm-1)
2025-01-14 02:38:59.640 7 WARNING cinder.scheduler.host_manager [None req-22ad404c-b37f-4d08-9bee-0d26fd6cb92b 878f400b55d54ce0acdcf929625962e9 9c087a517057496ca838585bce569fed - - - -] volume service is down. (host: rack13-server67@lvm-1)
2025-01-14 02:38:59.942 7 WARNING cinder.scheduler.host_manager [None req-560b898e-aa7e-47f6-9ac4-5502ca42f3b6 878f400b55d54ce0acdcf929625962e9 9c087a517057496ca838585bce569fed - - - -] volume service is down. (host: rack13-server67@lvm-1)
2025-01-14 02:39:00.208 7 WARNING cinder.scheduler.host_manager [None req-f620e740-d7d2-476b-b313-715e047d6cd3 878f400b55d54ce0acdcf929625962e9 9c087a517057496ca838585bce569fed - - - -] volume service is down. (host: rack13-server67@lvm-1)
2025-01-14 02:39:00.500 7 WARNING cinder.scheduler.host_manager [None req-cf64402b-9bac-4b4b-a6c0-8502a72ab4f6 878f400b55d54ce0acdcf929625962e9 9c087a517057496ca838585bce569fed - - - -] volume service is down. (host: rack13-server67@lvm-1)
2025-01-14 02:39:01.714 7 WARNING cinder.scheduler.host_manager [None req-500093fb-78a4-4568-b7a4-ddaa3413d730 56df336c143a49d1902f1a9cc419edd6 d2df45708bdf4a09b82915e5998ef4e2 - - - -] volume service is down. (host: rack13-server67@lvm-1)
2025-01-14 02:39:01.735 7 WARNING cinder.scheduler.host_manager [None req-7a238e51-b23f-430a-85cb-57e60bc7c60a 107b25299f8a435faf6d0dce8e3a1c6f 729b34b58af740beb53da23f3cb64e81 - - - -] volume service is down. (host: rack13-server67@lvm-1)
2025-01-14 02:39:02.007 7 WARNING cinder.scheduler.host_manager [None req-be95307d-99c5-414e-9216-abacad76bc4d 107b25299f8a435faf6d0dce8e3a1c6f 729b34b58af740beb53da23f3cb64e81 - - - -] volume service is down. (host: rack13-server67@lvm-1)
2025-01-14 02:39:02.272 7 WARNING cinder.scheduler.host_manager [None req-82c92056-0876-44be-9cf3-5d1248f25f3b 107b25299f8a435faf6d0dce8e3a1c6f 729b34b58af740beb53da23f3cb64e81 - - - -] volume service is down. (host: rack13-server67@lvm-1)
2025-01-14 02:39:02.535 7 WARNING cinder.scheduler.host_manager [None req-87bd686c-db50-4195-8c00-94064703edb0 107b25299f8a435faf6d0dce8e3a1c6f 729b34b58af740beb53da23f3cb64e81 - - - -] volume service is down. (host: rack13-server67@lvm-1)
2025-01-14 02:39:02.821 7 WARNING cinder.scheduler.host_manager [None req-5722a97a-e10c-4d87-8eb7-60fa58fa76f9 107b25299f8a435faf6d0dce8e3a1c6f 729b34b58af740beb53da23f3cb64e81 - - - -] volume service is down. (host: rack13-server67@lvm-1)
2025-01-14 02:39:04.075 7 WARNING cinder.scheduler.host_manager [None req-fa835904-950c-476c-9f99-51a042e8bce4 56df336c143a49d1902f1a9cc419edd6 d2df45708bdf4a09b82915e5998ef4e2 - - - -] volume service is down. (host: rack13-server67@lvm-1)
2025-01-14 02:39:04.349 7 WARNING cinder.scheduler.host_manager [None req-878400af-de93-4cdc-9ade-bbbedde99cc7 56df336c143a49d1902f1a9cc419edd6 d2df45708bdf4a09b82915e5998ef4e2 - - - -] volume service is down. (host: rack13-server67@lvm-1)
2025-01-14 02:39:04.620 7 WARNING cinder.scheduler.host_manager [None req-503496dc-6efc-4066-b71c-c4c67eefc608 56df336c143a49d1902f1a9cc419edd6 d2df45708bdf4a09b82915e5998ef4e2 - - - -] volume service is down. (host: rack13-server67@lvm-1)
2025-01-14 02:39:04.889 7 WARNING cinder.scheduler.host_manager [None req-ae1e4aec-da9a-44d1-b434-6ed138d6cdda 56df336c143a49d1902f1a9cc419edd6 d2df45708bdf4a09b82915e5998ef4e2 - - - -] volume service is down. (host: rack13-server67@lvm-1)
2025-01-14 02:39:05.159 7 WARNING cinder.scheduler.host_manager [None req-67368776-d95f-488c-85ef-d3d665d6fb59 56df336c143a49d1902f1a9cc419edd6 d2df45708bdf4a09b82915e5998ef4e2 - - - -] volume service is down. (host: rack13-server67@lvm-1)
2025-01-14 02:39:11.340 7 WARNING cinder.scheduler.host_manager [None req-bc609be4-664a-46b0-8cc3-e1d2764cd0b0 0a68e19d73f74e968de15aaa6296c165 2bd56efa54f34623b715936c7557614d - - - -] volume service is down. (host: rack13-server67@lvm-1)
2025-01-14 02:39:13.873 7 WARNING cinder.scheduler.host_manager [None req-d0c8f323-377e-4826-834e-403a8edc1ee8 0a68e19d73f74e968de15aaa6296c165 2bd56efa54f34623b715936c7557614d - - - -] volume service is down. (host: rack13-server67@lvm-1)
2025-01-14 02:39:16.249 7 WARNING cinder.scheduler.host_manager [None req-c4244128-8365-4928-9569-4cd98f31c3b2 0a68e19d73f74e968de15aaa6296c165 2bd56efa54f34623b715936c7557614d - - - -] volume service is down. (host: rack13-server67@lvm-1)
