Build Started 22_08_2024_18_39_06
2024-08-22 18:40:36.453 7 WARNING cinder.scheduler.host_manager [req-7edb2c51-636a-426e-88e2-626968b1b203 req-38c85185-c571-413b-9377-1c3bc49a3027 430a6beff4574b17a68cb66e31bb7394 f592a22f196e402592ed455ab7619809 - - - -] volume service is down. (host: rack04-server68@LIGHTOSboocrr)
2024-08-22 18:40:37.328 7 WARNING cinder.scheduler.host_manager [None req-53445fbb-13a3-4416-b941-dad80d466416 e6b71d16f4a4448386291e6940616b07 fb99a2a5ca924517bef4296759918c52 - - - -] volume service is down. (host: rack04-server68@LIGHTOSboocrr)
2024-08-22 18:40:37.334 7 WARNING cinder.scheduler.host_manager [None req-53445fbb-13a3-4416-b941-dad80d466416 e6b71d16f4a4448386291e6940616b07 fb99a2a5ca924517bef4296759918c52 - - - -] volume service is down. (host: rack04-server68@LIGHTOSboocrr)
2024-08-22 18:40:38.190 7 WARNING cinder.scheduler.host_manager [req-d599c6bf-f289-4001-b899-730895487c40 req-756138f2-8d3c-4c9f-9e73-67b0efd446f2 430a6beff4574b17a68cb66e31bb7394 f592a22f196e402592ed455ab7619809 - - - -] volume service is down. (host: rack04-server68@LIGHTOSboocrr)
2024-08-22 18:40:43.687 7 WARNING cinder.scheduler.host_manager [None req-662722dc-2cf9-4705-b522-270e0512ef55 1a02c3e3efad4c75b6b7055575f94280 ee837a84d54e4735812b9bc38e29aba5 - - - -] volume service is down. (host: rack04-server68@LIGHTOSboocrr)
2024-08-22 18:40:43.694 7 WARNING cinder.scheduler.host_manager [None req-662722dc-2cf9-4705-b522-270e0512ef55 1a02c3e3efad4c75b6b7055575f94280 ee837a84d54e4735812b9bc38e29aba5 - - - -] volume service is down. (host: rack04-server68@LIGHTOSboocrr)
2024-08-22 18:40:43.855 7 WARNING cinder.scheduler.host_manager [None req-5c1eeb97-1f89-4a4b-a896-64b1b517b179 fe04ba65d0214ebfb4f342fcbb7482c3 6066aa67d7224c588de9974421ab03fe - - - -] volume service is down. (host: rack04-server68@LIGHTOSboocrr)
2024-08-22 18:40:45.041 7 WARNING cinder.scheduler.host_manager [None req-394bfc60-ffb0-4389-9de5-8b7eb9302629 1a02c3e3efad4c75b6b7055575f94280 ee837a84d54e4735812b9bc38e29aba5 - - - -] volume service is down. (host: rack04-server68@LIGHTOSboocrr)
2024-08-22 18:40:46.176 7 WARNING cinder.scheduler.host_manager [None req-a3a23e32-cbe9-414c-b968-c6d3fd9e62da fe04ba65d0214ebfb4f342fcbb7482c3 6066aa67d7224c588de9974421ab03fe - - - -] volume service is down. (host: rack04-server68@LIGHTOSboocrr)
2024-08-22 18:40:46.331 7 WARNING cinder.scheduler.host_manager [None req-456a1023-a9f7-4902-ba25-acec315f2a83 1a02c3e3efad4c75b6b7055575f94280 ee837a84d54e4735812b9bc38e29aba5 - - - -] volume service is down. (host: rack04-server68@LIGHTOSboocrr)
2024-08-22 18:40:47.616 7 WARNING cinder.scheduler.host_manager [req-82d7ea19-03a1-44bd-aed1-8dffc214ae97 req-a2005e76-a14a-4c1f-824c-1ad9df1518cf cd8d797f42e54391b8803a963e6da85d a6bdfc1a9274425691607d81b9666e2d - - - -] volume service is down. (host: rack04-server68@LIGHTOSboocrr)
2024-08-22 18:40:48.784 7 WARNING cinder.scheduler.host_manager [None req-675fe6d4-5c2e-4bdb-807a-bbe5c9ffffea fe04ba65d0214ebfb4f342fcbb7482c3 6066aa67d7224c588de9974421ab03fe - - - -] volume service is down. (host: rack04-server68@LIGHTOSboocrr)
2024-08-22 18:40:53.387 7 WARNING cinder.scheduler.host_manager [None req-859e85c1-42a1-4a86-aabb-39800534f932 fe04ba65d0214ebfb4f342fcbb7482c3 6066aa67d7224c588de9974421ab03fe - - - -] volume service is down. (host: rack04-server68@LIGHTOSboocrr)
2024-08-22 18:40:53.918 7 WARNING cinder.scheduler.host_manager [None req-f0641bd5-bcb6-4a5f-9e42-54278d944d1d 8afadc2e927648c2ab62fb8fc21c1898 1c173c1473664d4abced447dc623366a - - - -] volume service is down. (host: rack04-server68@LIGHTOSboocrr)
2024-08-22 18:40:56.423 7 WARNING cinder.scheduler.host_manager [None req-1fb8977e-ec59-4588-8420-5184cbe18382 8afadc2e927648c2ab62fb8fc21c1898 1c173c1473664d4abced447dc623366a - - - -] volume service is down. (host: rack04-server68@LIGHTOSboocrr)
2024-08-22 18:40:57.872 7 WARNING cinder.scheduler.host_manager [None req-5eee8609-885b-4a6a-80b4-6f75342a6065 8afadc2e927648c2ab62fb8fc21c1898 1c173c1473664d4abced447dc623366a - - - -] volume service is down. (host: rack04-server68@LIGHTOSboocrr)
2024-08-22 18:40:57.998 7 WARNING cinder.scheduler.host_manager [None req-9502cc76-c2f5-4380-aaff-8277d04cb4ce fe04ba65d0214ebfb4f342fcbb7482c3 6066aa67d7224c588de9974421ab03fe - - - -] volume service is down. (host: rack04-server68@LIGHTOSboocrr)
2024-08-22 18:41:01.536 7 WARNING cinder.scheduler.host_manager [None req-8883f8f5-39f9-465a-b062-b2294da99806 c35f2b4d695d4bf3b71da079f0cbc4ef 2dc2d3ed389a47bda728f4f7c6c9fcf1 - - - -] volume service is down. (host: rack04-server68@LIGHTOSboocrr)
2024-08-22 18:41:02.602 7 WARNING cinder.scheduler.host_manager [None req-ad4f631c-93d8-4d4b-9775-508d7da333f5 fe04ba65d0214ebfb4f342fcbb7482c3 6066aa67d7224c588de9974421ab03fe - - - -] volume service is down. (host: rack04-server68@LIGHTOSboocrr)
2024-08-22 18:41:09.569 7 WARNING cinder.scheduler.host_manager [None req-5808ad34-dbc4-45fa-99a2-5380368aaab1 cf5e5b7836304a13b5239717e551cc03 d0e8968c9b8147e8a91e50f242dd2861 - - - -] volume service is down. (host: rack04-server68@LIGHTOSboocrr)
2024-08-22 18:41:10.096 7 WARNING cinder.scheduler.host_manager [None req-e4c2b48f-bc46-487b-ac12-dc76f175a6c0 cf5e5b7836304a13b5239717e551cc03 d0e8968c9b8147e8a91e50f242dd2861 - - - -] volume service is down. (host: rack04-server68@LIGHTOSboocrr)
2024-08-22 18:41:11.436 7 WARNING cinder.scheduler.host_manager [None req-bd22cb55-7e89-42f9-881e-a8cab4e82952 432499d407274be0bad2d53235716234 ccf44c78a5d04ba1a8abddf1881db335 - - - -] volume service is down. (host: rack04-server68@LIGHTOSboocrr)
2024-08-22 18:41:15.491 7 WARNING cinder.scheduler.host_manager [None req-2e666de5-0587-45e0-b1b9-ba2542348e9b d68a0485b39e425b924f3cedcafdbca1 c6aae6f78fb249ed92ad54e1dcb8ead3 - - - -] volume service is down. (host: rack04-server68@LIGHTOSboocrr)
2024-08-22 18:41:15.493 7 WARNING cinder.scheduler.host_manager [None req-9eef7a55-033c-4c2b-ac46-d02391aaf351 3e2dffb80cec41cba74e9e947c05c7e3 9f9f878bb7754b2c87ef822137918013 - - - -] volume service is down. (host: rack04-server68@LIGHTOSboocrr)
2024-08-22 18:41:15.494 7 INFO cinder.scheduler.base_filter [None req-9eef7a55-033c-4c2b-ac46-d02391aaf351 3e2dffb80cec41cba74e9e947c05c7e3 9f9f878bb7754b2c87ef822137918013 - - - -] Filtering removed all hosts for the request with volume ID '010471af-b5b6-445b-abd5-450649783944'. Filter results: AvailabilityZoneFilter: (start: 1, end: 1), CapacityFilter: (start: 1, end: 1), CapabilitiesFilter: (start: 1, end: 0)
2024-08-22 18:41:15.494 7 WARNING cinder.scheduler.filter_scheduler [None req-9eef7a55-033c-4c2b-ac46-d02391aaf351 3e2dffb80cec41cba74e9e947c05c7e3 9f9f878bb7754b2c87ef822137918013 - - - -] No weighed backend found for volume with properties: {'id': '5f5e7948-c390-40a4-b104-7f35b0ed2f6f', 'name': 'tempest-UserMessagesTest-volume-type-12846929', 'description': None, 'is_public': True, 'projects': [], 'extra_specs': {'storage_protocol': 'tempest-storage_protocol-1481692993', 'vendor_name': 'tempest-vendor_name-489823691'}, 'qos_specs_id': None, 'created_at': '2024-08-22T18:41:15.000000', 'updated_at': None, 'deleted_at': None, 'deleted': False}
2024-08-22 18:41:15.494 7 INFO cinder.message.api [None req-9eef7a55-033c-4c2b-ac46-d02391aaf351 3e2dffb80cec41cba74e9e947c05c7e3 9f9f878bb7754b2c87ef822137918013 - - - -] Creating message record for request_id = req-9eef7a55-033c-4c2b-ac46-d02391aaf351
2024-08-22 18:41:15.497 7 WARNING cinder.scheduler.host_manager [None req-2e666de5-0587-45e0-b1b9-ba2542348e9b d68a0485b39e425b924f3cedcafdbca1 c6aae6f78fb249ed92ad54e1dcb8ead3 - - - -] volume service is down. (host: rack04-server68@LIGHTOSboocrr)
2024-08-22 18:41:15.500 7 ERROR cinder.scheduler.flows.create_volume [None req-9eef7a55-033c-4c2b-ac46-d02391aaf351 3e2dffb80cec41cba74e9e947c05c7e3 9f9f878bb7754b2c87ef822137918013 - - - -] Failed to run task cinder.scheduler.flows.create_volume.ScheduleCreateVolumeTask;volume:create: No valid backend was found. No weighed backends available: cinder.exception.NoValidBackend: No valid backend was found. No weighed backends available
2024-08-22 18:41:16.866 7 WARNING cinder.scheduler.host_manager [None req-a4f59c0e-5659-425e-a9e3-6ac705038ecb d68a0485b39e425b924f3cedcafdbca1 c6aae6f78fb249ed92ad54e1dcb8ead3 - - - -] volume service is down. (host: rack04-server68@LIGHTOSboocrr)
2024-08-22 18:41:17.329 7 WARNING cinder.scheduler.host_manager [None req-a5e4b210-5857-46fa-950e-f27725a36d2c 3e2dffb80cec41cba74e9e947c05c7e3 9f9f878bb7754b2c87ef822137918013 - - - -] volume service is down. (host: rack04-server68@LIGHTOSboocrr)
2024-08-22 18:41:17.329 7 INFO cinder.scheduler.base_filter [None req-a5e4b210-5857-46fa-950e-f27725a36d2c 3e2dffb80cec41cba74e9e947c05c7e3 9f9f878bb7754b2c87ef822137918013 - - - -] Filtering removed all hosts for the request with volume ID '4dbf3404-3759-4351-96bd-d2bcb87d3a08'. Filter results: AvailabilityZoneFilter: (start: 1, end: 1), CapacityFilter: (start: 1, end: 1), CapabilitiesFilter: (start: 1, end: 0)
2024-08-22 18:41:17.330 7 WARNING cinder.scheduler.filter_scheduler [None req-a5e4b210-5857-46fa-950e-f27725a36d2c 3e2dffb80cec41cba74e9e947c05c7e3 9f9f878bb7754b2c87ef822137918013 - - - -] No weighed backend found for volume with properties: {'id': 'c1854334-12ab-42fd-a77a-4b48f6de4cdb', 'name': 'tempest-UserMessagesTest-volume-type-204217604', 'description': None, 'is_public': True, 'projects': [], 'extra_specs': {'storage_protocol': 'tempest-storage_protocol-43371730', 'vendor_name': 'tempest-vendor_name-66525835'}, 'qos_specs_id': None, 'created_at': '2024-08-22T18:41:17.000000', 'updated_at': None, 'deleted_at': None, 'deleted': False}
2024-08-22 18:41:17.330 7 INFO cinder.message.api [None req-a5e4b210-5857-46fa-950e-f27725a36d2c 3e2dffb80cec41cba74e9e947c05c7e3 9f9f878bb7754b2c87ef822137918013 - - - -] Creating message record for request_id = req-a5e4b210-5857-46fa-950e-f27725a36d2c
2024-08-22 18:41:17.334 7 ERROR cinder.scheduler.flows.create_volume [None req-a5e4b210-5857-46fa-950e-f27725a36d2c 3e2dffb80cec41cba74e9e947c05c7e3 9f9f878bb7754b2c87ef822137918013 - - - -] Failed to run task cinder.scheduler.flows.create_volume.ScheduleCreateVolumeTask;volume:create: No valid backend was found. No weighed backends available: cinder.exception.NoValidBackend: No valid backend was found. No weighed backends available
2024-08-22 18:41:20.479 7 WARNING cinder.scheduler.host_manager [None req-7719f1fa-d004-4ca2-9c0f-8a159ddc41b0 d68a0485b39e425b924f3cedcafdbca1 c6aae6f78fb249ed92ad54e1dcb8ead3 - - - -] volume service is down. (host: rack04-server68@LIGHTOSboocrr)
2024-08-22 18:41:22.333 7 WARNING cinder.scheduler.host_manager [None req-f3d0530e-beb6-4ad8-bc82-b0d368020ac4 e0da10ada64f4e59bfcda7b820ae2ef5 66c4068012804eb4b6af235ef7b13066 - - - -] volume service is down. (host: rack04-server68@LIGHTOSboocrr)
2024-08-22 18:41:22.928 7 WARNING cinder.scheduler.host_manager [None req-9832e382-a69d-4847-85e9-15326421b493 d134537ca07d467e94cc60d3ec676283 773c265355b14f869c7ed56278c93af6 - - - -] volume service is down. (host: rack04-server68@LIGHTOSboocrr)
2024-08-22 18:41:24.353 7 WARNING cinder.scheduler.host_manager [None req-7b09eef8-6f36-423d-9723-db8f87df866b d134537ca07d467e94cc60d3ec676283 773c265355b14f869c7ed56278c93af6 - - - -] volume service is down. (host: rack04-server68@LIGHTOSboocrr)
2024-08-22 18:41:25.825 7 WARNING cinder.scheduler.host_manager [None req-71e9b383-2f4d-4a06-ab45-0af19501e5d6 d134537ca07d467e94cc60d3ec676283 773c265355b14f869c7ed56278c93af6 - - - -] volume service is down. (host: rack04-server68@LIGHTOSboocrr)
2024-08-22 18:41:28.452 7 WARNING cinder.scheduler.host_manager [None req-819c21e4-783b-4e41-953f-df1b0a694a6b 0ffd242d6cc84e26995da83c133f5cfc 86158b7f98894d5fbdb760131143639f - - - -] volume service is down. (host: rack04-server68@LIGHTOSboocrr)
2024-08-22 18:41:33.313 7 WARNING cinder.scheduler.host_manager [None req-d7666516-388b-4190-863a-fabc500cfff4 d68a0485b39e425b924f3cedcafdbca1 c6aae6f78fb249ed92ad54e1dcb8ead3 - - - -] volume service is down. (host: rack04-server68@LIGHTOSboocrr)
2024-08-22 18:41:33.320 7 WARNING cinder.scheduler.host_manager [None req-d7666516-388b-4190-863a-fabc500cfff4 d68a0485b39e425b924f3cedcafdbca1 c6aae6f78fb249ed92ad54e1dcb8ead3 - - - -] volume service is down. (host: rack04-server68@LIGHTOSboocrr)
2024-08-22 18:41:34.104 7 WARNING cinder.scheduler.host_manager [None req-1d0ee9c0-514c-4651-be89-6b61d23d7c4b e90e5b8503434fd1bc37d06194ff447b a638f1c3080e44adbc2f9cddd7cd0648 - - - -] volume service is down. (host: rack04-server68@LIGHTOSboocrr)
2024-08-22 18:41:34.648 7 WARNING cinder.scheduler.host_manager [None req-945cd652-eb8e-4ac5-8065-e4b657863f29 d68a0485b39e425b924f3cedcafdbca1 c6aae6f78fb249ed92ad54e1dcb8ead3 - - - -] volume service is down. (host: rack04-server68@LIGHTOSboocrr)
2024-08-22 18:41:36.080 7 WARNING cinder.scheduler.host_manager [None req-ff4340f7-b21e-43da-86f5-ad6a98450833 d68a0485b39e425b924f3cedcafdbca1 c6aae6f78fb249ed92ad54e1dcb8ead3 - - - -] volume service is down. (host: rack04-server68@LIGHTOSboocrr)
2024-08-22 18:41:37.872 7 WARNING cinder.scheduler.host_manager [None req-3562eb00-1e9c-45cd-9247-12abfd44da49 e90e5b8503434fd1bc37d06194ff447b a638f1c3080e44adbc2f9cddd7cd0648 - - - -] volume service is down. (host: rack04-server68@LIGHTOSboocrr)
2024-08-22 18:41:43.128 7 WARNING cinder.scheduler.host_manager [None req-3e6919de-9111-4764-b5c3-e826a0ba3474 65c60f76c41f4ef982028ae258539406 30d1448aa9c14c1bb996e84b8b13527b - - - -] volume service is down. (host: rack04-server68@LIGHTOSboocrr)
2024-08-22 18:41:48.061 7 WARNING cinder.scheduler.host_manager [None req-79ddafcf-86ea-41aa-bb9d-29eed5d15834 892dbc3c5553446fbaf783c8ab3b1763 69bb6410d5664ccf9607566160f40d9f - - - -] volume service is down. (host: rack04-server68@LIGHTOSboocrr)
2024-08-22 18:41:49.435 7 WARNING cinder.scheduler.host_manager [None req-52a6e1e1-2533-4c30-b912-7a5511877aa6 892dbc3c5553446fbaf783c8ab3b1763 69bb6410d5664ccf9607566160f40d9f - - - -] volume service is down. (host: rack04-server68@LIGHTOSboocrr)
2024-08-22 18:41:54.600 7 WARNING cinder.scheduler.host_manager [None req-4fbec48e-38cf-4ad5-a756-658d46fb007b d68a0485b39e425b924f3cedcafdbca1 c6aae6f78fb249ed92ad54e1dcb8ead3 - - - -] volume service is down. (host: rack04-server68@LIGHTOSboocrr)
2024-08-22 18:41:54.605 7 WARNING cinder.scheduler.host_manager [None req-4fbec48e-38cf-4ad5-a756-658d46fb007b d68a0485b39e425b924f3cedcafdbca1 c6aae6f78fb249ed92ad54e1dcb8ead3 - - - -] volume service is down. (host: rack04-server68@LIGHTOSboocrr)
2024-08-22 18:41:56.000 7 WARNING cinder.scheduler.host_manager [None req-59ffe011-799d-426d-99d1-0d0212cedd70 d68a0485b39e425b924f3cedcafdbca1 c6aae6f78fb249ed92ad54e1dcb8ead3 - - - -] volume service is down. (host: rack04-server68@LIGHTOSboocrr)
2024-08-22 18:41:56.321 7 WARNING cinder.scheduler.host_manager [None req-e1af0551-7973-4810-8e98-c73fcde2b731 caf913d2e02a4d6998aa33829c70bb04 3b989c98999c496b9ccf25438dd9d9fb - - - -] volume service is down. (host: rack04-server68@LIGHTOSboocrr)
2024-08-22 18:41:57.610 7 WARNING cinder.scheduler.host_manager [None req-ea78ae2c-3caa-4aaa-83ca-a93f811e7e59 caf913d2e02a4d6998aa33829c70bb04 3b989c98999c496b9ccf25438dd9d9fb - - - -] volume service is down. (host: rack04-server68@LIGHTOSboocrr)
2024-08-22 18:41:59.886 7 WARNING cinder.scheduler.host_manager [None req-e493447c-288b-47b6-9438-cbc9084275d8 caf913d2e02a4d6998aa33829c70bb04 3b989c98999c496b9ccf25438dd9d9fb - - - -] volume service is down. (host: rack04-server68@LIGHTOSboocrr)
2024-08-22 18:42:00.647 7 WARNING cinder.scheduler.host_manager [None req-9c13f8a9-f1e4-4914-ab53-41c81e95dd79 2f232ad5fd5744168f0e97ad4d07fcfb 5bf2de391cdf42c38529c672a97ff8e0 - - - -] volume service is down. (host: rack04-server68@LIGHTOSboocrr)
2024-08-22 18:42:01.881 7 WARNING cinder.scheduler.host_manager [None req-4dace17c-259c-49e0-a798-cbd7cc0ad318 2f232ad5fd5744168f0e97ad4d07fcfb 5bf2de391cdf42c38529c672a97ff8e0 - - - -] volume service is down. (host: rack04-server68@LIGHTOSboocrr)
2024-08-22 18:42:08.015 7 WARNING cinder.scheduler.host_manager [None req-11a2a894-ce37-4ba9-b1c6-6a0867573f15 caf913d2e02a4d6998aa33829c70bb04 3b989c98999c496b9ccf25438dd9d9fb - - - -] volume service is down. (host: rack04-server68@LIGHTOSboocrr)
2024-08-22 18:42:08.096 7 WARNING cinder.scheduler.host_manager [None req-c934bdcf-5353-4b10-ab38-5482f9e59e81 4cdfea393ff0427b87ad416ddcf12b91 bee6748330674227bbce720e1783ac6c - - - -] volume service is down. (host: rack04-server68@LIGHTOSboocrr)
2024-08-22 18:42:08.103 7 WARNING cinder.scheduler.host_manager [None req-c934bdcf-5353-4b10-ab38-5482f9e59e81 4cdfea393ff0427b87ad416ddcf12b91 bee6748330674227bbce720e1783ac6c - - - -] volume service is down. (host: rack04-server68@LIGHTOSboocrr)
2024-08-22 18:42:09.465 7 WARNING cinder.scheduler.host_manager [None req-88bf20a7-3621-4f09-8fe2-f5a9ae05f27f 4cdfea393ff0427b87ad416ddcf12b91 bee6748330674227bbce720e1783ac6c - - - -] volume service is down. (host: rack04-server68@LIGHTOSboocrr)
2024-08-22 18:42:10.499 7 WARNING cinder.scheduler.host_manager [None req-66148de8-7ad8-4dba-9343-89e8e628d300 caf913d2e02a4d6998aa33829c70bb04 3b989c98999c496b9ccf25438dd9d9fb - - - -] volume service is down. (host: rack04-server68@LIGHTOSboocrr)
2024-08-22 18:42:12.929 7 WARNING cinder.scheduler.host_manager [None req-3483e447-57ad-4896-9077-e6e65795d6e3 caf913d2e02a4d6998aa33829c70bb04 3b989c98999c496b9ccf25438dd9d9fb - - - -] volume service is down. (host: rack04-server68@LIGHTOSboocrr)
2024-08-22 18:42:20.159 7 WARNING cinder.scheduler.host_manager [None req-4891e745-6521-4110-a555-411bc74f6fbe 4db1edfddcc94eb08e73be204ef2ccc9 dc66583526554298a7b52bc601d53872 - - - -] volume service is down. (host: rack04-server68@LIGHTOSboocrr)
2024-08-22 18:42:21.414 7 WARNING cinder.scheduler.host_manager [None req-79c15904-5128-4afb-8f5c-9fc1919161b3 4db1edfddcc94eb08e73be204ef2ccc9 dc66583526554298a7b52bc601d53872 - - - -] volume service is down. (host: rack04-server68@LIGHTOSboocrr)
2024-08-22 18:42:25.221 7 WARNING cinder.scheduler.host_manager [None req-81d71012-e176-47c0-9b4d-e2506485302f 86222a167f5e49ff8425905b678fd4b9 ae7b5aeffa1f4bf5992b3a1c12b7c3b0 - - - -] volume service is down. (host: rack04-server68@LIGHTOSboocrr)
2024-08-22 18:42:25.488 7 WARNING cinder.scheduler.host_manager [None req-957037cd-3cf4-41f3-b8ff-d30d13099750 848adf2fbba144e2b52eacb73cf937ee 4055448ff09643d7a1672250838544c0 - - - -] volume service is down. (host: rack04-server68@LIGHTOSboocrr)
2024-08-22 18:42:25.494 7 WARNING cinder.scheduler.host_manager [None req-957037cd-3cf4-41f3-b8ff-d30d13099750 848adf2fbba144e2b52eacb73cf937ee 4055448ff09643d7a1672250838544c0 - - - -] volume service is down. (host: rack04-server68@LIGHTOSboocrr)
2024-08-22 18:42:26.690 7 WARNING cinder.scheduler.host_manager [None req-999e652d-cd6e-4f7c-82d9-e00043000ee0 848adf2fbba144e2b52eacb73cf937ee 4055448ff09643d7a1672250838544c0 - - - -] volume service is down. (host: rack04-server68@LIGHTOSboocrr)
2024-08-22 18:42:26.696 7 WARNING cinder.scheduler.host_manager [None req-999e652d-cd6e-4f7c-82d9-e00043000ee0 848adf2fbba144e2b52eacb73cf937ee 4055448ff09643d7a1672250838544c0 - - - -] volume service is down. (host: rack04-server68@LIGHTOSboocrr)
2024-08-22 18:42:28.058 7 WARNING cinder.scheduler.host_manager [None req-8114d955-3d0a-405c-bb55-dc5e75757c42 848adf2fbba144e2b52eacb73cf937ee 4055448ff09643d7a1672250838544c0 - - - -] volume service is down. (host: rack04-server68@LIGHTOSboocrr)
2024-08-22 18:42:33.455 7 WARNING cinder.scheduler.host_manager [None req-0dcc7973-3ad7-4373-afd6-b2b8d5f7c5ec 5c066413cba140c486c196ceb20efd50 66c1309c0f0e48b3bf26e803bf7ab718 - - - -] volume service is down. (host: rack04-server68@LIGHTOSboocrr)
2024-08-22 18:42:34.447 7 WARNING cinder.scheduler.host_manager [None req-84aeb80d-929d-4f32-bc28-21dd9107325c 848adf2fbba144e2b52eacb73cf937ee 4055448ff09643d7a1672250838544c0 - - - -] volume service is down. (host: rack04-server68@LIGHTOSboocrr)
2024-08-22 18:42:34.454 7 WARNING cinder.scheduler.host_manager [None req-84aeb80d-929d-4f32-bc28-21dd9107325c 848adf2fbba144e2b52eacb73cf937ee 4055448ff09643d7a1672250838544c0 - - - -] volume service is down. (host: rack04-server68@LIGHTOSboocrr)
2024-08-22 18:42:35.028 7 WARNING cinder.scheduler.host_manager [None req-d724d875-2359-46a6-8ccf-1dcef72fb54f 1421e4ad18124126849b6d17a731f930 d3d2cd609d0843159074170552a9d64f - - - -] volume service is down. (host: rack04-server68@LIGHTOSboocrr)
2024-08-22 18:42:35.821 7 WARNING cinder.scheduler.host_manager [None req-bd5022e3-8ac1-4766-a0fc-2425e5843f5f 848adf2fbba144e2b52eacb73cf937ee 4055448ff09643d7a1672250838544c0 - - - -] volume service is down. (host: rack04-server68@LIGHTOSboocrr)
2024-08-22 18:42:37.509 7 WARNING cinder.scheduler.host_manager [None req-e85ccd16-c742-485b-8992-8098fef95637 848adf2fbba144e2b52eacb73cf937ee 4055448ff09643d7a1672250838544c0 - - - -] volume service is down. (host: rack04-server68@LIGHTOSboocrr)
2024-08-22 18:42:38.520 7 WARNING cinder.scheduler.host_manager [None req-cc2332eb-931f-4732-926c-2e6f5d4be5bb 5c066413cba140c486c196ceb20efd50 66c1309c0f0e48b3bf26e803bf7ab718 - - - -] volume service is down. (host: rack04-server68@LIGHTOSboocrr)
2024-08-22 18:42:41.140 7 WARNING cinder.scheduler.host_manager [None req-dbf8b119-ae50-4fbc-8621-74e835b5162e 1421e4ad18124126849b6d17a731f930 d3d2cd609d0843159074170552a9d64f - - - -] volume service is down. (host: rack04-server68@LIGHTOSboocrr)
2024-08-22 18:42:47.448 7 WARNING cinder.scheduler.host_manager [None req-f308cecc-5ff4-497c-807e-5753eb271266 debcd1d7eff64af6a393d7c1f30c470b 04391f88b1af427c81d3f505939c4cda - - - -] volume service is down. (host: rack04-server68@LIGHTOSboocrr)
2024-08-22 18:42:47.677 7 WARNING cinder.scheduler.host_manager [None req-a45c1938-aa70-4fd1-a599-57187c30b779 63a079d0bdd54441a9d1916fa1795c93 1e062215c2024ce983eb8f16e0c90e46 - - - -] volume service is down. (host: rack04-server68@LIGHTOSboocrr)
2024-08-22 18:42:52.574 7 WARNING cinder.scheduler.host_manager [None req-2a891109-c870-4a3c-b95e-e92896497b1c debcd1d7eff64af6a393d7c1f30c470b 04391f88b1af427c81d3f505939c4cda - - - -] volume service is down. (host: rack04-server68@LIGHTOSboocrr)
2024-08-22 18:42:54.334 7 WARNING cinder.scheduler.host_manager [None req-1fe37e27-9d89-4cbd-82cf-1d536a60b895 63a079d0bdd54441a9d1916fa1795c93 1e062215c2024ce983eb8f16e0c90e46 - - - -] volume service is down. (host: rack04-server68@LIGHTOSboocrr)
2024-08-22 18:43:01.204 7 WARNING cinder.scheduler.host_manager [None req-40797bdf-8daa-4d25-a513-7fb0e11e2703 1b694784ce984076b31eccd2816c9333 792fa652862043139807ebe666793868 - - - -] volume service is down. (host: rack04-server68@LIGHTOSboocrr)
2024-08-22 18:43:02.373 7 WARNING cinder.scheduler.host_manager [None req-4916069c-f005-47fe-8f05-ff8742ca8df2 63a079d0bdd54441a9d1916fa1795c93 1e062215c2024ce983eb8f16e0c90e46 - - - -] volume service is down. (host: rack04-server68@LIGHTOSboocrr)
2024-08-22 18:43:02.760 7 WARNING cinder.scheduler.host_manager [None req-dd11ec8f-717a-4370-8590-5594847c8e2c 1b694784ce984076b31eccd2816c9333 792fa652862043139807ebe666793868 - - - -] volume service is down. (host: rack04-server68@LIGHTOSboocrr)
2024-08-22 18:43:03.802 7 WARNING cinder.scheduler.host_manager [None req-4116ffac-889a-482f-bfda-1a9c9bc93165 63a079d0bdd54441a9d1916fa1795c93 1e062215c2024ce983eb8f16e0c90e46 - - - -] volume service is down. (host: rack04-server68@LIGHTOSboocrr)
2024-08-22 18:43:07.783 7 WARNING cinder.scheduler.host_manager [None req-73bf6a67-f3d8-4490-9d6d-40618d752f07 5136f76ce62e4efaa777a4521a3c4c0f fb61c2fb75194c3c95c1095ece836899 - - - -] volume service is down. (host: rack04-server68@LIGHTOSboocrr)
2024-08-22 18:43:08.529 7 WARNING cinder.scheduler.host_manager [None req-7679cb9e-089f-4560-8e48-77c66f847369 1b694784ce984076b31eccd2816c9333 792fa652862043139807ebe666793868 - - - -] volume service is down. (host: rack04-server68@LIGHTOSboocrr)
2024-08-22 18:43:09.974 7 WARNING cinder.scheduler.host_manager [None req-8d0d8881-03f5-4c30-b088-e9ba2db288d3 1b694784ce984076b31eccd2816c9333 792fa652862043139807ebe666793868 - - - -] volume service is down. (host: rack04-server68@LIGHTOSboocrr)
2024-08-22 18:43:13.682 7 WARNING cinder.scheduler.host_manager [None req-44dcd096-5fa6-4b8b-a939-be9bf7f946be 1b694784ce984076b31eccd2816c9333 792fa652862043139807ebe666793868 - - - -] volume service is down. (host: rack04-server68@LIGHTOSboocrr)
2024-08-22 18:43:13.946 7 WARNING cinder.scheduler.host_manager [None req-dd57701a-3427-444f-9ba2-cd02c5fe10e0 863d7865e6ec49b091ecb81f4ffe7073 91f82e73db754f9bacc2920ed67de863 - - - -] volume service is down. (host: rack04-server68@LIGHTOSboocrr)
2024-08-22 18:43:16.337 7 WARNING cinder.scheduler.host_manager [None req-a7ee46d0-b7a2-44dc-b95f-301c4de03cd5 5f81e99583624625bc8099873b74f98d 1395efc16bd34115a590314a29774ac1 - - - -] volume service is down. (host: rack04-server68@LIGHTOSboocrr)
2024-08-22 18:43:21.296 7 WARNING cinder.scheduler.host_manager [None req-8b8b724f-8db6-45f4-9810-0e0e6b0e1408 7076de8302ad4cb3a8b7fc50654f3811 d5ddc65f44f848fea6fe80833a4e0c7a - - - -] volume service is down. (host: rack04-server68@LIGHTOSboocrr)
2024-08-22 18:43:22.555 7 WARNING cinder.scheduler.host_manager [None req-d6d7fab0-766a-4ba0-91ce-ab210f9b80fa 7076de8302ad4cb3a8b7fc50654f3811 d5ddc65f44f848fea6fe80833a4e0c7a - - - -] volume service is down. (host: rack04-server68@LIGHTOSboocrr)
2024-08-22 18:43:23.175 7 WARNING cinder.scheduler.host_manager [None req-d44f4065-5c9f-418f-b80b-970ddc12fc22 5f81e99583624625bc8099873b74f98d 1395efc16bd34115a590314a29774ac1 - - - -] volume service is down. (host: rack04-server68@LIGHTOSboocrr)
2024-08-22 18:43:24.017 7 WARNING cinder.scheduler.host_manager [None req-c10eb837-da0c-4b29-9fd9-5fbd3f025f71 1b694784ce984076b31eccd2816c9333 792fa652862043139807ebe666793868 - - - -] volume service is down. (host: rack04-server68@LIGHTOSboocrr)
2024-08-22 18:43:27.947 7 WARNING cinder.scheduler.host_manager [None req-eb19f78a-11d3-4972-b736-ff41d4a42a62 5f81e99583624625bc8099873b74f98d 1395efc16bd34115a590314a29774ac1 - - - -] volume service is down. (host: rack04-server68@LIGHTOSboocrr)
2024-08-22 18:43:29.218 7 WARNING cinder.scheduler.host_manager [None req-74971e9a-c654-4902-a08f-11022af35e2e 5f81e99583624625bc8099873b74f98d 1395efc16bd34115a590314a29774ac1 - - - -] volume service is down. (host: rack04-server68@LIGHTOSboocrr)
2024-08-22 18:43:30.916 7 WARNING cinder.scheduler.host_manager [None req-7ee7838d-e468-46f5-8104-a29a185ab338 1b694784ce984076b31eccd2816c9333 792fa652862043139807ebe666793868 - - - -] volume service is down. (host: rack04-server68@LIGHTOSboocrr)
2024-08-22 18:43:31.506 7 WARNING cinder.scheduler.host_manager [None req-ae5b1329-7d4d-43af-bce4-89cc5f8085a7 5f81e99583624625bc8099873b74f98d 1395efc16bd34115a590314a29774ac1 - - - -] volume service is down. (host: rack04-server68@LIGHTOSboocrr)
2024-08-22 18:43:39.905 7 WARNING cinder.scheduler.host_manager [None req-d61af88d-cc4f-4845-9632-826c97be89d4 711c5a41a8354dc0a6bf47ed484670fb d35367c3bcdf4006ac2b40f86ac6dddb - - - -] volume service is down. (host: rack04-server68@LIGHTOSboocrr)
2024-08-22 18:43:42.451 7 WARNING cinder.scheduler.host_manager [None req-a5fc5b3a-2d46-46db-8ccf-64e92403f2b3 9b0b4f7444f541bf866466045b265d95 3c83fbe6a93c4ed0894cfcf2396ff9e0 - - - -] volume service is down. (host: rack04-server68@LIGHTOSboocrr)
2024-08-22 18:43:43.938 7 WARNING cinder.scheduler.host_manager [None req-e1d61550-4207-4c2d-989f-992d3472d391 9b0b4f7444f541bf866466045b265d95 3c83fbe6a93c4ed0894cfcf2396ff9e0 - - - -] volume service is down. (host: rack04-server68@LIGHTOSboocrr)
2024-08-22 18:43:45.371 7 WARNING cinder.scheduler.host_manager [None req-93ceb57a-45cd-4e55-a0ff-d65032cb0639 9b0b4f7444f541bf866466045b265d95 3c83fbe6a93c4ed0894cfcf2396ff9e0 - - - -] volume service is down. (host: rack04-server68@LIGHTOSboocrr)
2024-08-22 18:43:53.468 7 WARNING cinder.scheduler.host_manager [None req-04cba9e5-cee3-4f10-a4c6-6c5b02284122 7c3b331160fd42f294090e9633f82650 8e325a3faf5645968715ffad0c0923d4 - - - -] volume service is down. (host: rack04-server68@LIGHTOSboocrr)
2024-08-22 18:43:55.773 7 WARNING cinder.scheduler.host_manager [None req-61cd0164-a188-42f7-af76-35d6c813be81 7c3b331160fd42f294090e9633f82650 8e325a3faf5645968715ffad0c0923d4 - - - -] volume service is down. (host: rack04-server68@LIGHTOSboocrr)
2024-08-22 18:43:58.046 7 WARNING cinder.scheduler.host_manager [None req-18a2da2e-3b27-419b-8c2e-bb07d5ace524 7c3b331160fd42f294090e9633f82650 8e325a3faf5645968715ffad0c0923d4 - - - -] volume service is down. (host: rack04-server68@LIGHTOSboocrr)
2024-08-22 18:44:00.291 7 WARNING cinder.scheduler.host_manager [None req-0f3429b3-b743-4883-b3ac-34446c1d21a9 7c3b331160fd42f294090e9633f82650 8e325a3faf5645968715ffad0c0923d4 - - - -] volume service is down. (host: rack04-server68@LIGHTOSboocrr)
2024-08-22 18:44:18.646 7 WARNING cinder.scheduler.host_manager [None req-a338bb7e-95f3-4f76-af43-f27f0c903d84 aa610761196042c8b78ebcb3a21fb3f6 215e54f9aebf44e0b928bc25cca91b2c - - - -] volume service is down. (host: rack04-server68@LIGHTOSboocrr)
2024-08-22 18:44:18.693 7 WARNING cinder.scheduler.host_manager [None req-64626913-f095-4d76-bba7-8a7c716a186a 7ba575adb1544e0493e56f65058268f8 f3535413831a40db9dd1342a0138f8a8 - - - -] volume service is down. (host: rack04-server68@LIGHTOSboocrr)
2024-08-22 18:44:18.729 7 WARNING cinder.scheduler.host_manager [None req-304a666c-b2c9-4a56-85cc-67ac493e4562 850ebfa3f538451bbd6f567f6dcb5caa 0f453d13351442998a1db260e0ac2fe3 - - - -] volume service is down. (host: rack04-server68@LIGHTOSboocrr)
2024-08-22 18:44:18.976 7 WARNING cinder.scheduler.host_manager [None req-6f9159a7-168e-4e33-a5e7-45ca98455884 7ba575adb1544e0493e56f65058268f8 f3535413831a40db9dd1342a0138f8a8 - - - -] volume service is down. (host: rack04-server68@LIGHTOSboocrr)
2024-08-22 18:44:19.545 7 WARNING cinder.scheduler.host_manager [None req-f72bee6c-59da-4995-8284-36b2c4bdde9a 7ba575adb1544e0493e56f65058268f8 f3535413831a40db9dd1342a0138f8a8 - - - -] volume service is down. (host: rack04-server68@LIGHTOSboocrr)
2024-08-22 18:44:19.840 7 WARNING cinder.scheduler.host_manager [None req-2dc6ce17-ed7c-47ea-aa24-20ed29903799 7ba575adb1544e0493e56f65058268f8 f3535413831a40db9dd1342a0138f8a8 - - - -] volume service is down. (host: rack04-server68@LIGHTOSboocrr)
2024-08-22 18:44:20.098 7 WARNING cinder.scheduler.host_manager [None req-d255691c-2781-47bb-bbca-69baf7537ffe 7ba575adb1544e0493e56f65058268f8 f3535413831a40db9dd1342a0138f8a8 - - - -] volume service is down. (host: rack04-server68@LIGHTOSboocrr)
2024-08-22 18:44:21.060 7 WARNING cinder.scheduler.host_manager [None req-92a51cf0-72ec-44e1-8452-2f45b359479b 850ebfa3f538451bbd6f567f6dcb5caa 0f453d13351442998a1db260e0ac2fe3 - - - -] volume service is down. (host: rack04-server68@LIGHTOSboocrr)
2024-08-22 18:44:21.098 7 WARNING cinder.scheduler.host_manager [None req-b501eec0-7058-41cb-ba2b-829042553ed2 aa610761196042c8b78ebcb3a21fb3f6 215e54f9aebf44e0b928bc25cca91b2c - - - -] volume service is down. (host: rack04-server68@LIGHTOSboocrr)
2024-08-22 18:44:21.356 7 WARNING cinder.scheduler.host_manager [None req-bdb74d74-3483-481e-9fd9-b7422eee3c3c aa610761196042c8b78ebcb3a21fb3f6 215e54f9aebf44e0b928bc25cca91b2c - - - -] volume service is down. (host: rack04-server68@LIGHTOSboocrr)
2024-08-22 18:44:21.606 7 WARNING cinder.scheduler.host_manager [None req-8ab8728e-5937-4a3d-91b4-257bb912b345 aa610761196042c8b78ebcb3a21fb3f6 215e54f9aebf44e0b928bc25cca91b2c - - - -] volume service is down. (host: rack04-server68@LIGHTOSboocrr)
2024-08-22 18:44:21.873 7 WARNING cinder.scheduler.host_manager [None req-dd47e78a-3700-4b97-b4be-270344a58050 aa610761196042c8b78ebcb3a21fb3f6 215e54f9aebf44e0b928bc25cca91b2c - - - -] volume service is down. (host: rack04-server68@LIGHTOSboocrr)
2024-08-22 18:44:22.170 7 WARNING cinder.scheduler.host_manager [None req-57236b9f-45a5-43bd-b8c5-3c51e5fcc194 aa610761196042c8b78ebcb3a21fb3f6 215e54f9aebf44e0b928bc25cca91b2c - - - -] volume service is down. (host: rack04-server68@LIGHTOSboocrr)
2024-08-22 18:44:23.423 7 WARNING cinder.scheduler.host_manager [None req-cbd10d8e-a8a6-487e-9a0e-061fcd3fe5f3 850ebfa3f538451bbd6f567f6dcb5caa 0f453d13351442998a1db260e0ac2fe3 - - - -] volume service is down. (host: rack04-server68@LIGHTOSboocrr)
2024-08-22 18:44:23.746 7 WARNING cinder.scheduler.host_manager [None req-be8ef3c9-b68c-492e-b891-ec5a45ac040d 850ebfa3f538451bbd6f567f6dcb5caa 0f453d13351442998a1db260e0ac2fe3 - - - -] volume service is down. (host: rack04-server68@LIGHTOSboocrr)
2024-08-22 18:44:23.989 7 WARNING cinder.scheduler.host_manager [None req-ab26c382-c1ba-4158-8a72-29a4cbd02045 850ebfa3f538451bbd6f567f6dcb5caa 0f453d13351442998a1db260e0ac2fe3 - - - -] volume service is down. (host: rack04-server68@LIGHTOSboocrr)
2024-08-22 18:44:24.217 7 WARNING cinder.scheduler.host_manager [None req-277ed546-e771-4253-a152-010e978f0840 850ebfa3f538451bbd6f567f6dcb5caa 0f453d13351442998a1db260e0ac2fe3 - - - -] volume service is down. (host: rack04-server68@LIGHTOSboocrr)
2024-08-22 18:44:24.455 7 WARNING cinder.scheduler.host_manager [None req-634ce9f4-5239-4098-bb01-142354fc14a0 850ebfa3f538451bbd6f567f6dcb5caa 0f453d13351442998a1db260e0ac2fe3 - - - -] volume service is down. (host: rack04-server68@LIGHTOSboocrr)
2024-08-22 18:44:40.143 7 WARNING cinder.scheduler.host_manager [None req-06a91a7f-8ef8-4167-ad27-27373dec9bf4 639fc9e854f34935a899319b91e13db8 9fdfd0621b114f5bb1ce61ef43e4c74c - - - -] volume service is down. (host: rack04-server68@LIGHTOSboocrr)
2024-08-22 18:44:41.619 7 WARNING cinder.scheduler.host_manager [None req-9a4bdf12-2928-4740-a7b2-4393ecf0be23 639fc9e854f34935a899319b91e13db8 9fdfd0621b114f5bb1ce61ef43e4c74c - - - -] volume service is down. (host: rack04-server68@LIGHTOSboocrr)
2024-08-22 18:44:44.003 7 WARNING cinder.scheduler.host_manager [None req-03e0e613-5a13-4f76-9c2a-179fd3b4c274 639fc9e854f34935a899319b91e13db8 9fdfd0621b114f5bb1ce61ef43e4c74c - - - -] volume service is down. (host: rack04-server68@LIGHTOSboocrr)
