Build Started 08_03_2023_23_31_50
2023-03-08 23:33:46.128 7 WARNING cinder.scheduler.host_manager [None req-df88996d-44be-48ec-b2d7-62aa7d4a1fa8 8202beddc9e0437c9bf89c11b17591bc 1b4445ed603a43a09b588e9cd6e2cee2 - - - -] volume service is down. (host: rack09-server62@lvm-1)
2023-03-08 23:33:47.039 7 WARNING cinder.scheduler.host_manager [None req-3488fcc7-3e96-4dc1-8fc1-88d3401369fa 4a5aa1aa957d41ea88108469ec618375 42d4b5a1aed44054a16ae14530711989 - - - -] volume service is down. (host: rack09-server62@lvm-1)
2023-03-08 23:33:47.171 7 WARNING cinder.scheduler.host_manager [req-28a3a5c1-de58-4460-87ca-b6518c0938ca req-b1d7c6f2-8ad6-478d-9ca1-9d8297a0ec1c fbd6e88ceae34260970bee96c4a22a85 24a9709888a547189d3a82a83e805158 - - - -] volume service is down. (host: rack09-server62@lvm-1)
2023-03-08 23:33:49.268 7 WARNING cinder.scheduler.host_manager [None req-ab6bfb5a-b431-4fcd-8749-35cb496566e2 8202beddc9e0437c9bf89c11b17591bc 1b4445ed603a43a09b588e9cd6e2cee2 - - - -] volume service is down. (host: rack09-server62@lvm-1)
2023-03-08 23:33:51.885 7 WARNING cinder.scheduler.host_manager [None req-5f9045db-8550-4710-8591-d954f603785e 8202beddc9e0437c9bf89c11b17591bc 1b4445ed603a43a09b588e9cd6e2cee2 - - - -] volume service is down. (host: rack09-server62@lvm-1)
2023-03-08 23:33:55.664 7 WARNING cinder.scheduler.host_manager [None req-f077c156-b796-46b3-922a-9074a82d0b0d 7de0ef447cd54d0ebf978ede38698701 56d3f6ba9bf342acb72529ac36916da4 - - - -] volume service is down. (host: rack09-server62@lvm-1)
2023-03-08 23:33:55.671 7 WARNING cinder.scheduler.host_manager [None req-f077c156-b796-46b3-922a-9074a82d0b0d 7de0ef447cd54d0ebf978ede38698701 56d3f6ba9bf342acb72529ac36916da4 - - - -] volume service is down. (host: rack09-server62@lvm-1)
2023-03-08 23:33:57.374 7 WARNING cinder.scheduler.host_manager [None req-a187f148-4109-4490-93f5-d215acd46c71 7de0ef447cd54d0ebf978ede38698701 56d3f6ba9bf342acb72529ac36916da4 - - - -] volume service is down. (host: rack09-server62@lvm-1)
2023-03-08 23:34:02.267 7 WARNING cinder.scheduler.host_manager [None req-fd2e501b-f8a2-4351-b7e7-328c906b379f 7de0ef447cd54d0ebf978ede38698701 56d3f6ba9bf342acb72529ac36916da4 - - - -] volume service is down. (host: rack09-server62@lvm-1)
2023-03-08 23:34:02.764 7 WARNING cinder.scheduler.host_manager [None req-eb2a9c11-2064-4670-ae22-ef32ba3e6441 6d88bdb62c1043968fa51bc6d7fbaa91 c007411dbbab42c2a246138cfb317190 - - - -] volume service is down. (host: rack09-server62@lvm-1)
2023-03-08 23:34:02.798 7 WARNING cinder.scheduler.host_manager [None req-c21992e0-6f14-4d35-b218-e5eedea23688 6d88bdb62c1043968fa51bc6d7fbaa91 c007411dbbab42c2a246138cfb317190 - - - -] volume service is down. (host: rack09-server62@lvm-1)
2023-03-08 23:34:07.960 7 WARNING cinder.scheduler.host_manager [None req-ed5d9004-5d8b-4da5-ab56-7b05642e60ef c89d01f9db39448b8cfee4cb5b5de66a 632ec59926c94ccaab6f39441da25951 - - - -] volume service is down. (host: rack09-server62@lvm-1)
2023-03-08 23:34:08.452 7 WARNING cinder.scheduler.host_manager [None req-677d2baa-380e-4457-af95-847ccbcdc327 7de0ef447cd54d0ebf978ede38698701 56d3f6ba9bf342acb72529ac36916da4 - - - -] volume service is down. (host: rack09-server62@lvm-1)
2023-03-08 23:34:08.459 7 WARNING cinder.scheduler.host_manager [None req-677d2baa-380e-4457-af95-847ccbcdc327 7de0ef447cd54d0ebf978ede38698701 56d3f6ba9bf342acb72529ac36916da4 - - - -] volume service is down. (host: rack09-server62@lvm-1)
2023-03-08 23:34:10.114 7 WARNING cinder.scheduler.host_manager [None req-55e54371-4a76-4042-99be-ad55acaf63fa 7de0ef447cd54d0ebf978ede38698701 56d3f6ba9bf342acb72529ac36916da4 - - - -] volume service is down. (host: rack09-server62@lvm-1)
2023-03-08 23:34:10.382 7 WARNING cinder.scheduler.host_manager [None req-5fee7148-1e68-480d-91be-c604419e4854 c89d01f9db39448b8cfee4cb5b5de66a 632ec59926c94ccaab6f39441da25951 - - - -] volume service is down. (host: rack09-server62@lvm-1)
2023-03-08 23:34:10.383 7 WARNING oslo_messaging.rpc.client [None req-5fee7148-1e68-480d-91be-c604419e4854 c89d01f9db39448b8cfee4cb5b5de66a 632ec59926c94ccaab6f39441da25951 - - - -] Using RPCClient manually to instantiate client. Please use get_rpc_client to obtain an RPC client instance.
2023-03-08 23:34:12.810 7 WARNING cinder.scheduler.host_manager [None req-55a6db50-13f7-4412-9109-cd267466e0d4 7de0ef447cd54d0ebf978ede38698701 56d3f6ba9bf342acb72529ac36916da4 - - - -] volume service is down. (host: rack09-server62@lvm-1)
2023-03-08 23:34:12.959 7 WARNING cinder.scheduler.host_manager [None req-c5f02a05-8351-450e-9bad-e1707803cd0e c89d01f9db39448b8cfee4cb5b5de66a 632ec59926c94ccaab6f39441da25951 - - - -] volume service is down. (host: rack09-server62@lvm-1)
2023-03-08 23:34:12.960 7 WARNING oslo_messaging.rpc.client [None req-c5f02a05-8351-450e-9bad-e1707803cd0e c89d01f9db39448b8cfee4cb5b5de66a 632ec59926c94ccaab6f39441da25951 - - - -] Using RPCClient manually to instantiate client. Please use get_rpc_client to obtain an RPC client instance.
2023-03-08 23:34:16.636 7 WARNING cinder.scheduler.host_manager [None req-503c0d77-9860-40b5-8631-04215a274961 c89d01f9db39448b8cfee4cb5b5de66a 632ec59926c94ccaab6f39441da25951 - - - -] volume service is down. (host: rack09-server62@lvm-1)
2023-03-08 23:34:16.637 7 WARNING oslo_messaging.rpc.client [None req-503c0d77-9860-40b5-8631-04215a274961 c89d01f9db39448b8cfee4cb5b5de66a 632ec59926c94ccaab6f39441da25951 - - - -] Using RPCClient manually to instantiate client. Please use get_rpc_client to obtain an RPC client instance.
2023-03-08 23:34:17.206 7 WARNING cinder.scheduler.host_manager [None req-7d192af0-3ddd-4885-9761-298053251f1a 4a5aa1aa957d41ea88108469ec618375 42d4b5a1aed44054a16ae14530711989 - - - -] volume service is down. (host: rack09-server62@lvm-1)
2023-03-08 23:34:20.270 7 WARNING cinder.scheduler.host_manager [None req-75ea0773-5271-4213-a244-9c13a076df41 c89d01f9db39448b8cfee4cb5b5de66a 632ec59926c94ccaab6f39441da25951 - - - -] volume service is down. (host: rack09-server62@lvm-1)
2023-03-08 23:34:20.271 7 WARNING oslo_messaging.rpc.client [None req-75ea0773-5271-4213-a244-9c13a076df41 c89d01f9db39448b8cfee4cb5b5de66a 632ec59926c94ccaab6f39441da25951 - - - -] Using RPCClient manually to instantiate client. Please use get_rpc_client to obtain an RPC client instance.
2023-03-08 23:34:23.914 7 WARNING cinder.scheduler.host_manager [None req-3523469d-73c8-4555-a504-d5f437b73e36 c89d01f9db39448b8cfee4cb5b5de66a 632ec59926c94ccaab6f39441da25951 - - - -] volume service is down. (host: rack09-server62@lvm-1)
2023-03-08 23:34:23.915 7 WARNING oslo_messaging.rpc.client [None req-3523469d-73c8-4555-a504-d5f437b73e36 c89d01f9db39448b8cfee4cb5b5de66a 632ec59926c94ccaab6f39441da25951 - - - -] Using RPCClient manually to instantiate client. Please use get_rpc_client to obtain an RPC client instance.
2023-03-08 23:34:25.416 7 WARNING cinder.scheduler.host_manager [None req-80c93ca4-51f4-4d42-85bb-0579db24a4c7 7de0ef447cd54d0ebf978ede38698701 56d3f6ba9bf342acb72529ac36916da4 - - - -] volume service is down. (host: rack09-server62@lvm-1)
2023-03-08 23:34:25.423 7 WARNING cinder.scheduler.host_manager [None req-80c93ca4-51f4-4d42-85bb-0579db24a4c7 7de0ef447cd54d0ebf978ede38698701 56d3f6ba9bf342acb72529ac36916da4 - - - -] volume service is down. (host: rack09-server62@lvm-1)
2023-03-08 23:34:27.025 7 WARNING cinder.scheduler.host_manager [None req-f26d1aed-cab4-48a6-b066-15042d69a3c1 7de0ef447cd54d0ebf978ede38698701 56d3f6ba9bf342acb72529ac36916da4 - - - -] volume service is down. (host: rack09-server62@lvm-1)
2023-03-08 23:34:47.147 7 WARNING cinder.scheduler.host_manager [None req-ac99880c-1d5e-4d9e-b739-ab7484801687 3db226570ea948be98d112f22c5ec6fe 4a3b5a1ae60d45dfbb2536ac3d5e1816 - - - -] volume service is down. (host: rack09-server62@lvm-1)
2023-03-08 23:34:49.687 7 WARNING cinder.scheduler.host_manager [None req-bca0cae0-4879-4486-ab94-0975c1fd95d4 af4db313d3ca4962916badcc6e9531ca 9e1920da650e4eb88ea3335f007dd3be - - - -] volume service is down. (host: rack09-server62@lvm-1)
2023-03-08 23:34:49.688 7 INFO cinder.scheduler.base_filter [None req-bca0cae0-4879-4486-ab94-0975c1fd95d4 af4db313d3ca4962916badcc6e9531ca 9e1920da650e4eb88ea3335f007dd3be - - - -] Filtering removed all hosts for the request with volume ID '1d15df25-93e1-4c74-8381-297ba3023a36'. Filter results: AvailabilityZoneFilter: (start: 1, end: 1), CapacityFilter: (start: 1, end: 1), CapabilitiesFilter: (start: 1, end: 0)
2023-03-08 23:34:49.688 7 WARNING cinder.scheduler.filter_scheduler [None req-bca0cae0-4879-4486-ab94-0975c1fd95d4 af4db313d3ca4962916badcc6e9531ca 9e1920da650e4eb88ea3335f007dd3be - - - -] No weighed backend found for volume with properties: {'id': '56100f14-087d-4f60-9118-bd8fa0280682', 'name': 'tempest-UserMessagesTest-volume-type-1363312466', 'description': None, 'is_public': True, 'projects': [], 'extra_specs': {'storage_protocol': 'tempest-storage_protocol-91527577', 'vendor_name': 'tempest-vendor_name-564977263'}, 'qos_specs_id': None, 'created_at': '2023-03-08T23:34:48.000000', 'updated_at': None, 'deleted_at': None, 'deleted': False}
2023-03-08 23:34:49.689 7 INFO cinder.message.api [None req-bca0cae0-4879-4486-ab94-0975c1fd95d4 af4db313d3ca4962916badcc6e9531ca 9e1920da650e4eb88ea3335f007dd3be - - - -] Creating message record for request_id = req-bca0cae0-4879-4486-ab94-0975c1fd95d4
2023-03-08 23:34:49.694 7 ERROR cinder.scheduler.flows.create_volume [None req-bca0cae0-4879-4486-ab94-0975c1fd95d4 af4db313d3ca4962916badcc6e9531ca 9e1920da650e4eb88ea3335f007dd3be - - - -] Failed to run task cinder.scheduler.flows.create_volume.ScheduleCreateVolumeTask;volume:create: No valid backend was found. No weighed backends available: cinder.exception.NoValidBackend: No valid backend was found. No weighed backends available
2023-03-08 23:34:51.038 7 WARNING cinder.scheduler.host_manager [None req-2a413825-ef88-47e8-9e17-6a8e0fc2bb19 3db226570ea948be98d112f22c5ec6fe 4a3b5a1ae60d45dfbb2536ac3d5e1816 - - - -] volume service is down. (host: rack09-server62@lvm-1)
2023-03-08 23:34:51.644 7 WARNING cinder.scheduler.host_manager [None req-17a43535-d0f3-4b81-8494-7a66e6814d57 af4db313d3ca4962916badcc6e9531ca 9e1920da650e4eb88ea3335f007dd3be - - - -] volume service is down. (host: rack09-server62@lvm-1)
2023-03-08 23:34:51.645 7 INFO cinder.scheduler.base_filter [None req-17a43535-d0f3-4b81-8494-7a66e6814d57 af4db313d3ca4962916badcc6e9531ca 9e1920da650e4eb88ea3335f007dd3be - - - -] Filtering removed all hosts for the request with volume ID '10607b72-782d-4b92-b26f-9de70b41826f'. Filter results: AvailabilityZoneFilter: (start: 1, end: 1), CapacityFilter: (start: 1, end: 1), CapabilitiesFilter: (start: 1, end: 0)
2023-03-08 23:34:51.646 7 WARNING cinder.scheduler.filter_scheduler [None req-17a43535-d0f3-4b81-8494-7a66e6814d57 af4db313d3ca4962916badcc6e9531ca 9e1920da650e4eb88ea3335f007dd3be - - - -] No weighed backend found for volume with properties: {'id': 'a323a859-7403-491d-94a5-765896d2ee3b', 'name': 'tempest-UserMessagesTest-volume-type-1402667068', 'description': None, 'is_public': True, 'projects': [], 'extra_specs': {'storage_protocol': 'tempest-storage_protocol-1941582062', 'vendor_name': 'tempest-vendor_name-521983685'}, 'qos_specs_id': None, 'created_at': '2023-03-08T23:34:51.000000', 'updated_at': None, 'deleted_at': None, 'deleted': False}
2023-03-08 23:34:51.646 7 INFO cinder.message.api [None req-17a43535-d0f3-4b81-8494-7a66e6814d57 af4db313d3ca4962916badcc6e9531ca 9e1920da650e4eb88ea3335f007dd3be - - - -] Creating message record for request_id = req-17a43535-d0f3-4b81-8494-7a66e6814d57
2023-03-08 23:34:51.651 7 ERROR cinder.scheduler.flows.create_volume [None req-17a43535-d0f3-4b81-8494-7a66e6814d57 af4db313d3ca4962916badcc6e9531ca 9e1920da650e4eb88ea3335f007dd3be - - - -] Failed to run task cinder.scheduler.flows.create_volume.ScheduleCreateVolumeTask;volume:create: No valid backend was found. No weighed backends available: cinder.exception.NoValidBackend: No valid backend was found. No weighed backends available
2023-03-08 23:35:03.436 7 WARNING cinder.scheduler.host_manager [None req-a82b0814-d078-47d2-97db-1519019c9e12 67f4b0c364fc40ea84ec3beefc0ba503 693ca665cb5e4791bbc46e78d99a5436 - - - -] volume service is down. (host: rack09-server62@lvm-1)
2023-03-08 23:35:08.894 7 WARNING cinder.scheduler.host_manager [None req-5019e1fa-b820-4134-bfed-d23be0249026 3b10fb18dff3408d8160c92b4bd653f3 07a61b6a1ccd4adbb977e8ba04de7d62 - - - -] volume service is down. (host: rack09-server62@lvm-1)
2023-03-08 23:35:11.532 7 WARNING cinder.scheduler.host_manager [None req-73697ad4-be0c-4dd8-a0c1-7dc6c47670a9 3b10fb18dff3408d8160c92b4bd653f3 07a61b6a1ccd4adbb977e8ba04de7d62 - - - -] volume service is down. (host: rack09-server62@lvm-1)
2023-03-08 23:35:11.533 7 WARNING oslo_messaging.rpc.client [None req-73697ad4-be0c-4dd8-a0c1-7dc6c47670a9 3b10fb18dff3408d8160c92b4bd653f3 07a61b6a1ccd4adbb977e8ba04de7d62 - - - -] Using RPCClient manually to instantiate client. Please use get_rpc_client to obtain an RPC client instance.
2023-03-08 23:35:14.517 7 WARNING cinder.scheduler.host_manager [None req-96fd3f48-4b9b-4240-b4a3-47e77c400850 48fbf39e9ef340f487a34e1c86b585c6 8a7f1eeeddca427bb38494614399e6e5 - - - -] volume service is down. (host: rack09-server62@lvm-1)
2023-03-08 23:35:17.141 7 WARNING cinder.scheduler.host_manager [None req-2a486605-7f84-4430-81b4-0a951891311d 48fbf39e9ef340f487a34e1c86b585c6 8a7f1eeeddca427bb38494614399e6e5 - - - -] volume service is down. (host: rack09-server62@lvm-1)
2023-03-08 23:35:18.730 7 WARNING cinder.scheduler.host_manager [None req-984a6a30-2657-40d0-abd6-30be75e0126f 48fbf39e9ef340f487a34e1c86b585c6 8a7f1eeeddca427bb38494614399e6e5 - - - -] volume service is down. (host: rack09-server62@lvm-1)
2023-03-08 23:35:19.626 7 WARNING cinder.scheduler.host_manager [None req-96aae074-c48f-4e2f-b2c5-91f4a7ee523b a668ee02b894467cbc3b4b565ac3fdb0 a5f9bb4b562a42bfa903e72e44fcbea7 - - - -] volume service is down. (host: rack09-server62@lvm-1)
2023-03-08 23:35:21.670 7 WARNING cinder.scheduler.host_manager [None req-2631cd4a-07f5-4bcb-b2c7-53786d808b49 6b618dec35cb42b48d9025b92a110354 e2df1b7953044ae79f60c05b9ce70ff8 - - - -] volume service is down. (host: rack09-server62@lvm-1)
2023-03-08 23:35:30.964 7 WARNING cinder.scheduler.host_manager [None req-5bc484a5-67f3-47a3-91bf-a07d4397b185 4a5aa1aa957d41ea88108469ec618375 42d4b5a1aed44054a16ae14530711989 - - - -] volume service is down. (host: rack09-server62@lvm-1)
2023-03-08 23:35:33.693 7 WARNING cinder.scheduler.host_manager [None req-541f2c02-375f-4f50-bf5e-6b9c75c30035 3a126c94727f4f279aef9800bb3f0809 1d0e990675e849c2818040be562347f1 - - - -] volume service is down. (host: rack09-server62@lvm-1)
2023-03-08 23:35:33.771 7 WARNING cinder.scheduler.host_manager [None req-6d7fb674-bd96-4f99-8c43-d9c4bc822e6d 9bd1d51c8dae435ab1ec0d982098bc6e a2c6b253927e4aa79068e182ac2a7a67 - - - -] volume service is down. (host: rack09-server62@lvm-1)
2023-03-08 23:35:36.188 7 WARNING cinder.scheduler.host_manager [None req-0fc9b6b4-943e-4c46-9ed6-b787f7fd1282 9bd1d51c8dae435ab1ec0d982098bc6e a2c6b253927e4aa79068e182ac2a7a67 - - - -] volume service is down. (host: rack09-server62@lvm-1)
2023-03-08 23:35:36.189 7 WARNING oslo_messaging.rpc.client [None req-0fc9b6b4-943e-4c46-9ed6-b787f7fd1282 9bd1d51c8dae435ab1ec0d982098bc6e a2c6b253927e4aa79068e182ac2a7a67 - - - -] Using RPCClient manually to instantiate client. Please use get_rpc_client to obtain an RPC client instance.
2023-03-08 23:35:48.783 7 WARNING cinder.scheduler.host_manager [req-1e5df500-2541-4201-8290-dfe8dbace815 req-d5bbeb2b-326f-42b7-be4d-b9c5e9da9f76 4a5aa1aa957d41ea88108469ec618375 42d4b5a1aed44054a16ae14530711989 - - - -] volume service is down. (host: rack09-server62@lvm-1)
2023-03-08 23:35:48.784 7 WARNING oslo_messaging.rpc.client [req-1e5df500-2541-4201-8290-dfe8dbace815 req-d5bbeb2b-326f-42b7-be4d-b9c5e9da9f76 4a5aa1aa957d41ea88108469ec618375 42d4b5a1aed44054a16ae14530711989 - - - -] Using RPCClient manually to instantiate client. Please use get_rpc_client to obtain an RPC client instance.
2023-03-08 23:35:49.977 7 WARNING cinder.scheduler.host_manager [None req-b6f4d22c-84f0-407f-9d3f-0ea955a571a5 7250bc42ae6748259030cdae8e68644d 44307272978647bf81a39d537402b461 - - - -] volume service is down. (host: rack09-server62@lvm-1)
2023-03-08 23:35:52.428 7 WARNING cinder.scheduler.host_manager [None req-31ad3b37-4e6c-49b2-bc6e-73da13b27bac 7250bc42ae6748259030cdae8e68644d 44307272978647bf81a39d537402b461 - - - -] volume service is down. (host: rack09-server62@lvm-1)
2023-03-08 23:35:52.429 7 WARNING oslo_messaging.rpc.client [None req-31ad3b37-4e6c-49b2-bc6e-73da13b27bac 7250bc42ae6748259030cdae8e68644d 44307272978647bf81a39d537402b461 - - - -] Using RPCClient manually to instantiate client. Please use get_rpc_client to obtain an RPC client instance.
2023-03-08 23:35:57.758 7 WARNING cinder.scheduler.host_manager [None req-c8aba4f4-f2fb-4f09-b436-75527a84acdd 4374fd44a74e4c68ac1608de4ed87f9d a79da37592564ff2b97792126984bec0 - - - -] volume service is down. (host: rack09-server62@lvm-1)
2023-03-08 23:36:02.138 7 WARNING cinder.scheduler.host_manager [None req-4d484a2e-aa92-459d-8a22-c59c9b667302 3f6ec06e07cb4c90ab8bcae4ab79c561 4114f486489d496ea84a3c0fc6d017c7 - - - -] volume service is down. (host: rack09-server62@lvm-1)
2023-03-08 23:36:04.741 7 WARNING cinder.scheduler.host_manager [req-bd433382-a847-4fac-9ff5-428df47e21f6 req-7999a526-bb13-4104-8703-eae27579132b 1d6f501d9a934b11b4fc186ec8faad00 cac01ab389714c299a0ddcaa755012d6 - - - -] volume service is down. (host: rack09-server62@lvm-1)
2023-03-08 23:36:04.808 7 WARNING cinder.scheduler.host_manager [None req-0fe4c632-5b60-4820-9030-3d60cf1b774a 4374fd44a74e4c68ac1608de4ed87f9d a79da37592564ff2b97792126984bec0 - - - -] volume service is down. (host: rack09-server62@lvm-1)
2023-03-08 23:36:07.240 7 WARNING cinder.scheduler.host_manager [req-7c02e803-eae2-4273-b9a6-824b9990510f req-abdd6928-f2b2-491a-a9f4-065fe3b37f0f 1d6f501d9a934b11b4fc186ec8faad00 cac01ab389714c299a0ddcaa755012d6 - - - -] volume service is down. (host: rack09-server62@lvm-1)
2023-03-08 23:36:07.241 7 WARNING oslo_messaging.rpc.client [req-7c02e803-eae2-4273-b9a6-824b9990510f req-abdd6928-f2b2-491a-a9f4-065fe3b37f0f 1d6f501d9a934b11b4fc186ec8faad00 cac01ab389714c299a0ddcaa755012d6 - - - -] Using RPCClient manually to instantiate client. Please use get_rpc_client to obtain an RPC client instance.
2023-03-08 23:36:09.049 7 WARNING cinder.scheduler.host_manager [None req-5df14ada-d8f2-460d-863b-afb91d7b34fe 4374fd44a74e4c68ac1608de4ed87f9d a79da37592564ff2b97792126984bec0 - - - -] volume service is down. (host: rack09-server62@lvm-1)
2023-03-08 23:36:09.215 7 WARNING cinder.scheduler.host_manager [None req-5420061f-afc8-4489-b79f-725deec882ce 688e6a45d72e4de788405819fed4ca0f 8ec7d661e74e439f82a8f9807f266593 - - - -] volume service is down. (host: rack09-server62@lvm-1)
2023-03-08 23:36:12.948 7 WARNING cinder.scheduler.host_manager [None req-ea522eca-2204-421c-838d-cd5c3ec4a308 4374fd44a74e4c68ac1608de4ed87f9d a79da37592564ff2b97792126984bec0 - - - -] volume service is down. (host: rack09-server62@lvm-1)
2023-03-08 23:36:16.774 7 WARNING cinder.scheduler.host_manager [None req-8ee29b6c-8b78-4fc3-8add-d043d3f75906 4374fd44a74e4c68ac1608de4ed87f9d a79da37592564ff2b97792126984bec0 - - - -] volume service is down. (host: rack09-server62@lvm-1)
2023-03-08 23:36:19.380 7 WARNING cinder.scheduler.host_manager [None req-8de92a53-548c-40be-83a7-63a24aed233e c000772215ad4403ac89b8f7835b4e81 333096843d994aaca69002396eb46e65 - - - -] volume service is down. (host: rack09-server62@lvm-1)
2023-03-08 23:36:20.945 7 WARNING cinder.scheduler.host_manager [None req-50072d23-1bf3-4b01-bfd0-736520d94c8b 4374fd44a74e4c68ac1608de4ed87f9d a79da37592564ff2b97792126984bec0 - - - -] volume service is down. (host: rack09-server62@lvm-1)
2023-03-08 23:36:24.874 7 WARNING cinder.scheduler.host_manager [None req-b7b83e88-7252-448b-8195-da82dc9931ca c000772215ad4403ac89b8f7835b4e81 333096843d994aaca69002396eb46e65 - - - -] volume service is down. (host: rack09-server62@lvm-1)
2023-03-08 23:36:28.020 7 WARNING cinder.scheduler.host_manager [None req-4191c42a-faa9-4ba7-9421-2a1676645480 a29300314e8e4793b2cf786bf79b6167 32703f3d334248fc8dfb84baf98b2e3a - - - -] volume service is down. (host: rack09-server62@lvm-1)
2023-03-08 23:36:28.027 7 WARNING cinder.scheduler.host_manager [None req-4191c42a-faa9-4ba7-9421-2a1676645480 a29300314e8e4793b2cf786bf79b6167 32703f3d334248fc8dfb84baf98b2e3a - - - -] volume service is down. (host: rack09-server62@lvm-1)
2023-03-08 23:36:29.300 7 WARNING cinder.scheduler.host_manager [None req-fb142be1-7c97-4f41-a35f-f2e246d2ee37 a29300314e8e4793b2cf786bf79b6167 32703f3d334248fc8dfb84baf98b2e3a - - - -] volume service is down. (host: rack09-server62@lvm-1)
2023-03-08 23:36:29.307 7 WARNING cinder.scheduler.host_manager [None req-fb142be1-7c97-4f41-a35f-f2e246d2ee37 a29300314e8e4793b2cf786bf79b6167 32703f3d334248fc8dfb84baf98b2e3a - - - -] volume service is down. (host: rack09-server62@lvm-1)
2023-03-08 23:36:29.554 7 WARNING cinder.scheduler.host_manager [None req-34d86c16-3053-4183-92e9-257b4ba334c7 4818e1ca8d704d34aaedc930234fe152 ff4ede9778b1464b8852532bb0005aad - - - -] volume service is down. (host: rack09-server62@lvm-1)
2023-03-08 23:36:30.994 7 WARNING cinder.scheduler.host_manager [None req-e5973341-37ab-484f-9b5d-3a658c951aa6 a29300314e8e4793b2cf786bf79b6167 32703f3d334248fc8dfb84baf98b2e3a - - - -] volume service is down. (host: rack09-server62@lvm-1)
2023-03-08 23:36:31.389 7 WARNING cinder.scheduler.host_manager [None req-cc866908-48ed-4707-ab9f-368a33f06efa d8aaa2d290c842b18449b5cb4fa0c712 3a6adec29c5c4a3f886680e2e3503fbe - - - -] volume service is down. (host: rack09-server62@lvm-1)
2023-03-08 23:36:31.947 7 WARNING cinder.scheduler.host_manager [None req-ef107fb3-a4b5-4332-b91e-5ae8f6ef727b 4818e1ca8d704d34aaedc930234fe152 ff4ede9778b1464b8852532bb0005aad - - - -] volume service is down. (host: rack09-server62@lvm-1)
2023-03-08 23:36:31.948 7 WARNING oslo_messaging.rpc.client [None req-ef107fb3-a4b5-4332-b91e-5ae8f6ef727b 4818e1ca8d704d34aaedc930234fe152 ff4ede9778b1464b8852532bb0005aad - - - -] Using RPCClient manually to instantiate client. Please use get_rpc_client to obtain an RPC client instance.
2023-03-08 23:36:34.313 7 WARNING cinder.scheduler.host_manager [None req-d9f246c8-383d-41b6-8b43-492c60ee6248 4818e1ca8d704d34aaedc930234fe152 ff4ede9778b1464b8852532bb0005aad - - - -] volume service is down. (host: rack09-server62@lvm-1)
2023-03-08 23:36:34.314 7 WARNING oslo_messaging.rpc.client [None req-d9f246c8-383d-41b6-8b43-492c60ee6248 4818e1ca8d704d34aaedc930234fe152 ff4ede9778b1464b8852532bb0005aad - - - -] Using RPCClient manually to instantiate client. Please use get_rpc_client to obtain an RPC client instance.
2023-03-08 23:36:36.568 7 WARNING cinder.scheduler.host_manager [None req-b7752924-e46a-4458-9f23-19b65ea69323 a29300314e8e4793b2cf786bf79b6167 32703f3d334248fc8dfb84baf98b2e3a - - - -] volume service is down. (host: rack09-server62@lvm-1)
2023-03-08 23:36:36.575 7 WARNING cinder.scheduler.host_manager [None req-b7752924-e46a-4458-9f23-19b65ea69323 a29300314e8e4793b2cf786bf79b6167 32703f3d334248fc8dfb84baf98b2e3a - - - -] volume service is down. (host: rack09-server62@lvm-1)
2023-03-08 23:36:38.113 7 WARNING cinder.scheduler.host_manager [None req-52f9df76-5e4b-47cb-9933-d87fb5cc43e3 4818e1ca8d704d34aaedc930234fe152 ff4ede9778b1464b8852532bb0005aad - - - -] volume service is down. (host: rack09-server62@lvm-1)
2023-03-08 23:36:38.573 7 WARNING cinder.scheduler.host_manager [None req-5d7b3ecf-3474-4e90-934a-e1232c228a3e a29300314e8e4793b2cf786bf79b6167 32703f3d334248fc8dfb84baf98b2e3a - - - -] volume service is down. (host: rack09-server62@lvm-1)
2023-03-08 23:36:40.506 7 WARNING cinder.scheduler.host_manager [None req-2e063bf4-e47a-45ac-b6bd-5e0a93e9c02f 4818e1ca8d704d34aaedc930234fe152 ff4ede9778b1464b8852532bb0005aad - - - -] volume service is down. (host: rack09-server62@lvm-1)
2023-03-08 23:36:40.507 7 WARNING oslo_messaging.rpc.client [None req-2e063bf4-e47a-45ac-b6bd-5e0a93e9c02f 4818e1ca8d704d34aaedc930234fe152 ff4ede9778b1464b8852532bb0005aad - - - -] Using RPCClient manually to instantiate client. Please use get_rpc_client to obtain an RPC client instance.
2023-03-08 23:36:41.261 7 WARNING cinder.scheduler.host_manager [None req-8d9aefa4-d955-449c-a4e8-bf64069e8cd6 a29300314e8e4793b2cf786bf79b6167 32703f3d334248fc8dfb84baf98b2e3a - - - -] volume service is down. (host: rack09-server62@lvm-1)
2023-03-08 23:36:43.103 7 WARNING cinder.scheduler.host_manager [None req-55125b12-24c0-481f-a4ea-c964e54ee86d 4818e1ca8d704d34aaedc930234fe152 ff4ede9778b1464b8852532bb0005aad - - - -] volume service is down. (host: rack09-server62@lvm-1)
2023-03-08 23:36:52.642 7 WARNING cinder.scheduler.host_manager [None req-b76b8ce2-73c2-4f1e-ab14-0aa4f3b422fd 5d8a59cca63b4d749c7000d405a555d5 72be56cc6c79400581800a10879d14fb - - - -] volume service is down. (host: rack09-server62@lvm-1)
2023-03-08 23:36:52.848 7 WARNING cinder.scheduler.host_manager [None req-979c6a2b-748e-4703-b614-b64ed0c6b468 bfc8dc6c466543f5b937de2c71f7117b 0ee15583fe9e4883b0ddbf3a624d53a7 - - - -] volume service is down. (host: rack09-server62@lvm-1)
2023-03-08 23:36:52.855 7 WARNING cinder.scheduler.host_manager [None req-979c6a2b-748e-4703-b614-b64ed0c6b468 bfc8dc6c466543f5b937de2c71f7117b 0ee15583fe9e4883b0ddbf3a624d53a7 - - - -] volume service is down. (host: rack09-server62@lvm-1)
2023-03-08 23:36:54.557 7 WARNING cinder.scheduler.host_manager [None req-d504cae4-2658-47a6-be1d-ec2b9e1d07e9 bfc8dc6c466543f5b937de2c71f7117b 0ee15583fe9e4883b0ddbf3a624d53a7 - - - -] volume service is down. (host: rack09-server62@lvm-1)
2023-03-08 23:36:58.097 7 WARNING cinder.scheduler.host_manager [None req-1fb38aff-c813-4ddf-a857-4b722eb28c33 bfc8dc6c466543f5b937de2c71f7117b 0ee15583fe9e4883b0ddbf3a624d53a7 - - - -] volume service is down. (host: rack09-server62@lvm-1)
2023-03-08 23:37:06.330 7 WARNING cinder.scheduler.host_manager [None req-4a8afe9d-d0ab-44f4-a801-be8e814945b1 5d8a59cca63b4d749c7000d405a555d5 72be56cc6c79400581800a10879d14fb - - - -] volume service is down. (host: rack09-server62@lvm-1)
2023-03-08 23:37:06.331 7 WARNING oslo_messaging.rpc.client [None req-4a8afe9d-d0ab-44f4-a801-be8e814945b1 5d8a59cca63b4d749c7000d405a555d5 72be56cc6c79400581800a10879d14fb - - - -] Using RPCClient manually to instantiate client. Please use get_rpc_client to obtain an RPC client instance.
2023-03-08 23:37:08.184 7 WARNING cinder.scheduler.host_manager [None req-8a6123c5-27ca-4746-9b5e-9b9fac61cb0b 7594b4dc7f4846b2835243d6beec0e62 3eb28946e76045e0bdaba2ea75072aa4 - - - -] volume service is down. (host: rack09-server62@lvm-1)
2023-03-08 23:37:10.814 7 WARNING cinder.scheduler.host_manager [None req-50f3df97-5c95-4b6b-b02d-09c0684fa8a8 17dda1e5b2e547a885192fe0bfee05cb 57f98049db334b0c9df7c610182bd6a8 - - - -] volume service is down. (host: rack09-server62@lvm-1)
2023-03-08 23:37:10.821 7 WARNING cinder.scheduler.host_manager [None req-50f3df97-5c95-4b6b-b02d-09c0684fa8a8 17dda1e5b2e547a885192fe0bfee05cb 57f98049db334b0c9df7c610182bd6a8 - - - -] volume service is down. (host: rack09-server62@lvm-1)
2023-03-08 23:37:16.353 7 WARNING cinder.scheduler.host_manager [None req-e80b073a-53ca-4cc0-9933-9eab9df73149 c1308ca31d7e4e3798d1bb1a156a0a1f 0359bae0e517487e8cc9b1663f46a081 - - - -] volume service is down. (host: rack09-server62@lvm-1)
2023-03-08 23:37:20.289 7 WARNING cinder.scheduler.host_manager [None req-59410e89-94a2-4140-b7d1-bc0340ca8621 7594b4dc7f4846b2835243d6beec0e62 3eb28946e76045e0bdaba2ea75072aa4 - - - -] volume service is down. (host: rack09-server62@lvm-1)
2023-03-08 23:37:23.976 7 WARNING cinder.scheduler.host_manager [None req-cb81fcca-43ed-4da1-833e-df95b707644c 7594b4dc7f4846b2835243d6beec0e62 3eb28946e76045e0bdaba2ea75072aa4 - - - -] volume service is down. (host: rack09-server62@lvm-1)
2023-03-08 23:37:25.415 7 WARNING cinder.scheduler.host_manager [None req-b4c0328b-884b-4358-a856-e1cb9f9113af acbcb84ac5274470bfdd1f1b17476614 3dd58cf4815041feb6133860b93ad38e - - - -] volume service is down. (host: rack09-server62@lvm-1)
2023-03-08 23:37:26.618 7 WARNING cinder.scheduler.host_manager [None req-8dc71f9f-020e-4621-9807-7a05e04b24de 7594b4dc7f4846b2835243d6beec0e62 3eb28946e76045e0bdaba2ea75072aa4 - - - -] volume service is down. (host: rack09-server62@lvm-1)
2023-03-08 23:37:28.278 7 WARNING cinder.scheduler.host_manager [None req-a2e70101-7001-4ee6-b690-0a4e2143a7e6 c1308ca31d7e4e3798d1bb1a156a0a1f 0359bae0e517487e8cc9b1663f46a081 - - - -] volume service is down. (host: rack09-server62@lvm-1)
2023-03-08 23:37:28.279 7 WARNING oslo_messaging.rpc.client [None req-a2e70101-7001-4ee6-b690-0a4e2143a7e6 c1308ca31d7e4e3798d1bb1a156a0a1f 0359bae0e517487e8cc9b1663f46a081 - - - -] Using RPCClient manually to instantiate client. Please use get_rpc_client to obtain an RPC client instance.
2023-03-08 23:37:30.337 7 WARNING cinder.scheduler.host_manager [None req-97abd777-c475-4be6-9d11-cc52fc5dd104 c1308ca31d7e4e3798d1bb1a156a0a1f 0359bae0e517487e8cc9b1663f46a081 - - - -] volume service is down. (host: rack09-server62@lvm-1)
2023-03-08 23:37:32.756 7 WARNING cinder.scheduler.host_manager [None req-b04eaa6a-8be1-46d3-9904-304722fd26d7 c1308ca31d7e4e3798d1bb1a156a0a1f 0359bae0e517487e8cc9b1663f46a081 - - - -] volume service is down. (host: rack09-server62@lvm-1)
2023-03-08 23:37:32.757 7 WARNING oslo_messaging.rpc.client [None req-b04eaa6a-8be1-46d3-9904-304722fd26d7 c1308ca31d7e4e3798d1bb1a156a0a1f 0359bae0e517487e8cc9b1663f46a081 - - - -] Using RPCClient manually to instantiate client. Please use get_rpc_client to obtain an RPC client instance.
2023-03-08 23:37:35.168 7 WARNING cinder.scheduler.host_manager [None req-15494d42-8b48-4d25-851f-0b32e0ba58f1 c1308ca31d7e4e3798d1bb1a156a0a1f 0359bae0e517487e8cc9b1663f46a081 - - - -] volume service is down. (host: rack09-server62@lvm-1)
2023-03-08 23:37:35.169 7 WARNING oslo_messaging.rpc.client [None req-15494d42-8b48-4d25-851f-0b32e0ba58f1 c1308ca31d7e4e3798d1bb1a156a0a1f 0359bae0e517487e8cc9b1663f46a081 - - - -] Using RPCClient manually to instantiate client. Please use get_rpc_client to obtain an RPC client instance.
2023-03-08 23:37:37.627 7 WARNING cinder.scheduler.host_manager [None req-088e6854-a9b5-4465-ae8d-9e415f8d99d2 4dc1b3086d374b23a76127a0982973ee 04474bca948948999c0d8fe77421a157 - - - -] volume service is down. (host: rack09-server62@lvm-1)
2023-03-08 23:37:40.248 7 WARNING cinder.scheduler.host_manager [None req-2172e3d2-85bb-42fb-af13-86e26c0fdb25 4dc1b3086d374b23a76127a0982973ee 04474bca948948999c0d8fe77421a157 - - - -] volume service is down. (host: rack09-server62@lvm-1)
2023-03-08 23:37:42.875 7 WARNING cinder.scheduler.host_manager [None req-c18acfd5-1f9e-4048-9efe-015ff9f000fe 4dc1b3086d374b23a76127a0982973ee 04474bca948948999c0d8fe77421a157 - - - -] volume service is down. (host: rack09-server62@lvm-1)
2023-03-08 23:37:42.973 7 WARNING cinder.scheduler.host_manager [None req-61317a78-c1cf-4c86-ac2f-b135fa6918c0 1a32a3eb127e4df38ce2d7f4110a2ebd 177360c56c3a4da19d347d75521a8f11 - - - -] volume service is down. (host: rack09-server62@lvm-1)
2023-03-08 23:37:45.774 7 WARNING cinder.scheduler.host_manager [None req-5afa27a9-6345-4870-b663-9758d3468a0f 1a32a3eb127e4df38ce2d7f4110a2ebd 177360c56c3a4da19d347d75521a8f11 - - - -] volume service is down. (host: rack09-server62@lvm-1)
2023-03-08 23:37:51.177 7 WARNING cinder.scheduler.host_manager [None req-da5d2aad-4d19-4af5-b036-00d37c79a904 1a32a3eb127e4df38ce2d7f4110a2ebd 177360c56c3a4da19d347d75521a8f11 - - - -] volume service is down. (host: rack09-server62@lvm-1)
2023-03-08 23:37:53.781 7 WARNING cinder.scheduler.host_manager [None req-810f6fd1-d40c-4a79-a8cc-b73e11a7d1b3 1a32a3eb127e4df38ce2d7f4110a2ebd 177360c56c3a4da19d347d75521a8f11 - - - -] volume service is down. (host: rack09-server62@lvm-1)
2023-03-08 23:37:54.218 7 WARNING cinder.scheduler.host_manager [None req-431f99cb-e3e0-4ec3-bdd6-29ec73679307 5241029342754630a2c3a09761391cd7 5b6b8046a0be45668eb2827dbdd41e81 - - - -] volume service is down. (host: rack09-server62@lvm-1)
2023-03-08 23:37:54.305 7 WARNING cinder.scheduler.host_manager [None req-c67fdbcd-42c5-4d98-8bcf-58b2446ce096 87ba4717b2fb4464b7b5a7e8692a12d9 ac4d4212665e46e9b3a87a9624c618fa - - - -] volume service is down. (host: rack09-server62@lvm-1)
2023-03-08 23:37:58.021 7 WARNING cinder.scheduler.host_manager [None req-2a3cf9ce-a3d5-4763-97c3-ff67e940f789 1a32a3eb127e4df38ce2d7f4110a2ebd 177360c56c3a4da19d347d75521a8f11 - - - -] volume service is down. (host: rack09-server62@lvm-1)
2023-03-08 23:38:00.067 7 WARNING cinder.scheduler.host_manager [None req-8ad68f94-7269-4fa4-beea-42b725b9cfde 87ba4717b2fb4464b7b5a7e8692a12d9 ac4d4212665e46e9b3a87a9624c618fa - - - -] volume service is down. (host: rack09-server62@lvm-1)
2023-03-08 23:38:03.122 7 WARNING cinder.scheduler.host_manager [None req-2313cb96-8370-4012-b652-9b5a86bc2e8b 1a32a3eb127e4df38ce2d7f4110a2ebd 177360c56c3a4da19d347d75521a8f11 - - - -] volume service is down. (host: rack09-server62@lvm-1)
2023-03-08 23:38:03.193 7 WARNING cinder.scheduler.host_manager [None req-d3593fb7-c57d-413d-9229-04fda9eda486 5241029342754630a2c3a09761391cd7 5b6b8046a0be45668eb2827dbdd41e81 - - - -] volume service is down. (host: rack09-server62@lvm-1)
2023-03-08 23:38:07.667 7 WARNING cinder.scheduler.host_manager [None req-c6f7eb03-1b05-4b4d-96d6-30e1bf24c90a 8d69519f908445bba7798ea91561d97f c7e9452a96eb4e2e94845531dcc1abde - - - -] volume service is down. (host: rack09-server62@lvm-1)
2023-03-08 23:38:15.448 7 WARNING cinder.scheduler.host_manager [None req-040bdaf0-17e2-4440-b67c-f8050e792afa 1a32a3eb127e4df38ce2d7f4110a2ebd 177360c56c3a4da19d347d75521a8f11 - - - -] volume service is down. (host: rack09-server62@lvm-1)
2023-03-08 23:38:17.670 7 WARNING cinder.scheduler.host_manager [None req-d73f47bc-25c2-4174-8af8-5604a67b33e4 5241029342754630a2c3a09761391cd7 5b6b8046a0be45668eb2827dbdd41e81 - - - -] volume service is down. (host: rack09-server62@lvm-1)
2023-03-08 23:38:17.671 7 WARNING oslo_messaging.rpc.client [None req-d73f47bc-25c2-4174-8af8-5604a67b33e4 5241029342754630a2c3a09761391cd7 5b6b8046a0be45668eb2827dbdd41e81 - - - -] Using RPCClient manually to instantiate client. Please use get_rpc_client to obtain an RPC client instance.
2023-03-08 23:38:20.009 7 WARNING cinder.scheduler.host_manager [None req-8b414b7f-b29f-4bc2-9e74-62512ac2545c 5241029342754630a2c3a09761391cd7 5b6b8046a0be45668eb2827dbdd41e81 - - - -] volume service is down. (host: rack09-server62@lvm-1)
2023-03-08 23:38:20.011 7 WARNING oslo_messaging.rpc.client [None req-8b414b7f-b29f-4bc2-9e74-62512ac2545c 5241029342754630a2c3a09761391cd7 5b6b8046a0be45668eb2827dbdd41e81 - - - -] Using RPCClient manually to instantiate client. Please use get_rpc_client to obtain an RPC client instance.
2023-03-08 23:38:22.353 7 WARNING cinder.scheduler.host_manager [None req-3a2b375e-7408-4d25-b3ad-4f439a72e06a 5241029342754630a2c3a09761391cd7 5b6b8046a0be45668eb2827dbdd41e81 - - - -] volume service is down. (host: rack09-server62@lvm-1)
2023-03-08 23:38:22.354 7 WARNING oslo_messaging.rpc.client [None req-3a2b375e-7408-4d25-b3ad-4f439a72e06a 5241029342754630a2c3a09761391cd7 5b6b8046a0be45668eb2827dbdd41e81 - - - -] Using RPCClient manually to instantiate client. Please use get_rpc_client to obtain an RPC client instance.
2023-03-08 23:38:24.493 7 WARNING cinder.scheduler.host_manager [None req-ac51986b-5435-4092-afcd-4291221cfe4b 3f9f42f344e5435189be73a70f294842 34a04d59022445cdbd891372ac76b9bf - - - -] volume service is down. (host: rack09-server62@lvm-1)
2023-03-08 23:38:31.739 7 WARNING cinder.scheduler.host_manager [None req-d0ac6f4b-13f5-4816-af7c-f0ae7e4758fa 5241029342754630a2c3a09761391cd7 5b6b8046a0be45668eb2827dbdd41e81 - - - -] volume service is down. (host: rack09-server62@lvm-1)
2023-03-08 23:38:31.739 7 WARNING oslo_messaging.rpc.client [None req-d0ac6f4b-13f5-4816-af7c-f0ae7e4758fa 5241029342754630a2c3a09761391cd7 5b6b8046a0be45668eb2827dbdd41e81 - - - -] Using RPCClient manually to instantiate client. Please use get_rpc_client to obtain an RPC client instance.
2023-03-08 23:38:35.369 7 WARNING cinder.scheduler.host_manager [None req-9a82028f-71dc-4447-b1ca-289432f997dc 5241029342754630a2c3a09761391cd7 5b6b8046a0be45668eb2827dbdd41e81 - - - -] volume service is down. (host: rack09-server62@lvm-1)
2023-03-08 23:38:35.370 7 WARNING oslo_messaging.rpc.client [None req-9a82028f-71dc-4447-b1ca-289432f997dc 5241029342754630a2c3a09761391cd7 5b6b8046a0be45668eb2827dbdd41e81 - - - -] Using RPCClient manually to instantiate client. Please use get_rpc_client to obtain an RPC client instance.
2023-03-08 23:38:40.498 7 WARNING cinder.scheduler.host_manager [None req-511cd3a5-0644-44e7-9b5e-de9ed48e51ef 2e12975adc2e48ccbd0d0d61750d66b3 4fcac0287f9444759d9c92240ed281fc - - - -] volume service is down. (host: rack09-server62@lvm-1)
2023-03-08 23:38:42.926 7 WARNING cinder.scheduler.host_manager [None req-83db2b29-264f-4620-8480-d0cb869737c7 2e12975adc2e48ccbd0d0d61750d66b3 4fcac0287f9444759d9c92240ed281fc - - - -] volume service is down. (host: rack09-server62@lvm-1)
2023-03-08 23:38:42.927 7 WARNING oslo_messaging.rpc.client [None req-83db2b29-264f-4620-8480-d0cb869737c7 2e12975adc2e48ccbd0d0d61750d66b3 4fcac0287f9444759d9c92240ed281fc - - - -] Using RPCClient manually to instantiate client. Please use get_rpc_client to obtain an RPC client instance.
2023-03-08 23:38:44.376 7 WARNING cinder.scheduler.host_manager [None req-ef0a271a-b860-415c-a1d9-f46cf651a11e 5241029342754630a2c3a09761391cd7 5b6b8046a0be45668eb2827dbdd41e81 - - - -] volume service is down. (host: rack09-server62@lvm-1)
2023-03-08 23:38:44.377 7 WARNING oslo_messaging.rpc.client [None req-ef0a271a-b860-415c-a1d9-f46cf651a11e 5241029342754630a2c3a09761391cd7 5b6b8046a0be45668eb2827dbdd41e81 - - - -] Using RPCClient manually to instantiate client. Please use get_rpc_client to obtain an RPC client instance.
2023-03-08 23:38:45.256 7 WARNING cinder.scheduler.host_manager [None req-44a84add-064a-4026-a1e6-290e09c6808d 2e12975adc2e48ccbd0d0d61750d66b3 4fcac0287f9444759d9c92240ed281fc - - - -] volume service is down. (host: rack09-server62@lvm-1)
2023-03-08 23:38:45.257 7 WARNING oslo_messaging.rpc.client [None req-44a84add-064a-4026-a1e6-290e09c6808d 2e12975adc2e48ccbd0d0d61750d66b3 4fcac0287f9444759d9c92240ed281fc - - - -] Using RPCClient manually to instantiate client. Please use get_rpc_client to obtain an RPC client instance.
2023-03-08 23:38:46.720 7 WARNING cinder.scheduler.host_manager [None req-26bcffeb-4283-4434-a69e-0b8ec07242e7 5241029342754630a2c3a09761391cd7 5b6b8046a0be45668eb2827dbdd41e81 - - - -] volume service is down. (host: rack09-server62@lvm-1)
2023-03-08 23:38:46.721 7 WARNING oslo_messaging.rpc.client [None req-26bcffeb-4283-4434-a69e-0b8ec07242e7 5241029342754630a2c3a09761391cd7 5b6b8046a0be45668eb2827dbdd41e81 - - - -] Using RPCClient manually to instantiate client. Please use get_rpc_client to obtain an RPC client instance.
2023-03-08 23:38:47.594 7 WARNING cinder.scheduler.host_manager [None req-5cb4b31b-bb7a-498b-a2d0-6e196978e910 2e12975adc2e48ccbd0d0d61750d66b3 4fcac0287f9444759d9c92240ed281fc - - - -] volume service is down. (host: rack09-server62@lvm-1)
2023-03-08 23:38:47.596 7 WARNING oslo_messaging.rpc.client [None req-5cb4b31b-bb7a-498b-a2d0-6e196978e910 2e12975adc2e48ccbd0d0d61750d66b3 4fcac0287f9444759d9c92240ed281fc - - - -] Using RPCClient manually to instantiate client. Please use get_rpc_client to obtain an RPC client instance.
2023-03-08 23:38:56.545 7 WARNING cinder.scheduler.host_manager [None req-8c1094c8-138c-4c94-a118-ec432cf6a410 5241029342754630a2c3a09761391cd7 5b6b8046a0be45668eb2827dbdd41e81 - - - -] volume service is down. (host: rack09-server62@lvm-1)
2023-03-08 23:38:58.944 7 WARNING cinder.scheduler.host_manager [None req-e4d1e13d-3c0f-4318-b018-64219094d896 5241029342754630a2c3a09761391cd7 5b6b8046a0be45668eb2827dbdd41e81 - - - -] volume service is down. (host: rack09-server62@lvm-1)
2023-03-08 23:38:58.945 7 WARNING oslo_messaging.rpc.client [None req-e4d1e13d-3c0f-4318-b018-64219094d896 5241029342754630a2c3a09761391cd7 5b6b8046a0be45668eb2827dbdd41e81 - - - -] Using RPCClient manually to instantiate client. Please use get_rpc_client to obtain an RPC client instance.
2023-03-08 23:39:01.551 7 WARNING cinder.scheduler.host_manager [None req-6cb097c4-ef4c-4c17-be6d-d789902b4043 5241029342754630a2c3a09761391cd7 5b6b8046a0be45668eb2827dbdd41e81 - - - -] volume service is down. (host: rack09-server62@lvm-1)
2023-03-08 23:39:05.363 7 WARNING cinder.scheduler.host_manager [None req-eb16910f-ace7-4769-92c6-6aefc39526af 5241029342754630a2c3a09761391cd7 5b6b8046a0be45668eb2827dbdd41e81 - - - -] volume service is down. (host: rack09-server62@lvm-1)
2023-03-08 23:39:07.727 7 WARNING cinder.scheduler.host_manager [None req-663f8794-2afc-424c-821c-dbd3bf17fb78 5241029342754630a2c3a09761391cd7 5b6b8046a0be45668eb2827dbdd41e81 - - - -] volume service is down. (host: rack09-server62@lvm-1)
2023-03-08 23:39:07.728 7 WARNING oslo_messaging.rpc.client [None req-663f8794-2afc-424c-821c-dbd3bf17fb78 5241029342754630a2c3a09761391cd7 5b6b8046a0be45668eb2827dbdd41e81 - - - -] Using RPCClient manually to instantiate client. Please use get_rpc_client to obtain an RPC client instance.
2023-03-08 23:39:10.325 7 WARNING cinder.scheduler.host_manager [None req-3b5c683b-4398-4bac-a490-79aecf999836 5241029342754630a2c3a09761391cd7 5b6b8046a0be45668eb2827dbdd41e81 - - - -] volume service is down. (host: rack09-server62@lvm-1)
2023-03-08 23:39:24.454 7 WARNING cinder.scheduler.host_manager [None req-3c063a4b-f9d1-4854-a869-e92d59fd0499 d7bbb955721c41cbae0149396fa45e1e 44ce7246517f4e14ab6633f87cc07b08 - - - -] volume service is down. (host: rack09-server62@lvm-1)
2023-03-08 23:39:26.884 7 WARNING cinder.scheduler.host_manager [None req-653ffefb-43d1-40c0-8f63-f7096ee11c6d d7bbb955721c41cbae0149396fa45e1e 44ce7246517f4e14ab6633f87cc07b08 - - - -] volume service is down. (host: rack09-server62@lvm-1)
2023-03-08 23:39:26.884 7 WARNING oslo_messaging.rpc.client [None req-653ffefb-43d1-40c0-8f63-f7096ee11c6d d7bbb955721c41cbae0149396fa45e1e 44ce7246517f4e14ab6633f87cc07b08 - - - -] Using RPCClient manually to instantiate client. Please use get_rpc_client to obtain an RPC client instance.
2023-03-08 23:39:39.772 7 WARNING cinder.scheduler.host_manager [None req-16f82fcb-62f8-45a5-bb2c-a8cdbab827f6 749ac5e126ea475eb6fcd1f3df963437 0a7c562fa6bf47789586781a666f3eb6 - - - -] volume service is down. (host: rack09-server62@lvm-1)
2023-03-08 23:39:39.783 7 WARNING cinder.scheduler.host_manager [None req-5b5fe981-7d4e-4407-ba86-4d99e67aaae6 8a69895dd4bc47029a1aca44add1aa94 dc6466eda7ed4df99561a3c9166a9119 - - - -] volume service is down. (host: rack09-server62@lvm-1)
2023-03-08 23:39:39.859 7 WARNING cinder.scheduler.host_manager [None req-57284d43-3ef9-4a37-a22b-3caad11fe50d 5d8976a4a36241baafa9cd680c0bbd39 8481874f72ac4f4699363e7fed5013bd - - - -] volume service is down. (host: rack09-server62@lvm-1)
2023-03-08 23:39:40.143 7 WARNING cinder.scheduler.host_manager [None req-3284066a-9def-4463-81d8-42c550b992b4 749ac5e126ea475eb6fcd1f3df963437 0a7c562fa6bf47789586781a666f3eb6 - - - -] volume service is down. (host: rack09-server62@lvm-1)
2023-03-08 23:39:40.549 7 WARNING cinder.scheduler.host_manager [None req-d840c089-d8cf-4048-907a-54b0e9faf8f5 749ac5e126ea475eb6fcd1f3df963437 0a7c562fa6bf47789586781a666f3eb6 - - - -] volume service is down. (host: rack09-server62@lvm-1)
2023-03-08 23:39:40.947 7 WARNING cinder.scheduler.host_manager [None req-d5d63f14-b4d1-4e59-900b-0f019a095067 749ac5e126ea475eb6fcd1f3df963437 0a7c562fa6bf47789586781a666f3eb6 - - - -] volume service is down. (host: rack09-server62@lvm-1)
2023-03-08 23:39:41.352 7 WARNING cinder.scheduler.host_manager [None req-62dac6cf-6e85-4f5a-8572-44788d226076 749ac5e126ea475eb6fcd1f3df963437 0a7c562fa6bf47789586781a666f3eb6 - - - -] volume service is down. (host: rack09-server62@lvm-1)
2023-03-08 23:39:42.240 7 WARNING cinder.scheduler.host_manager [None req-34b356e2-c745-44ce-918a-8335b944d73d 5d8976a4a36241baafa9cd680c0bbd39 8481874f72ac4f4699363e7fed5013bd - - - -] volume service is down. (host: rack09-server62@lvm-1)
2023-03-08 23:39:42.241 7 WARNING oslo_messaging.rpc.client [None req-34b356e2-c745-44ce-918a-8335b944d73d 5d8976a4a36241baafa9cd680c0bbd39 8481874f72ac4f4699363e7fed5013bd - - - -] Using RPCClient manually to instantiate client. Please use get_rpc_client to obtain an RPC client instance.
2023-03-08 23:39:42.307 7 WARNING cinder.scheduler.host_manager [None req-f194ed89-e369-47f2-95f8-e9d0d34ecfcd 8a69895dd4bc47029a1aca44add1aa94 dc6466eda7ed4df99561a3c9166a9119 - - - -] volume service is down. (host: rack09-server62@lvm-1)
2023-03-08 23:39:42.720 7 WARNING cinder.scheduler.host_manager [None req-1abbf70d-6a8a-4a66-84b8-ccdb6e9ba523 8a69895dd4bc47029a1aca44add1aa94 dc6466eda7ed4df99561a3c9166a9119 - - - -] volume service is down. (host: rack09-server62@lvm-1)
2023-03-08 23:39:43.128 7 WARNING cinder.scheduler.host_manager [None req-b24f2c12-a927-4055-b375-1eec8beac537 8a69895dd4bc47029a1aca44add1aa94 dc6466eda7ed4df99561a3c9166a9119 - - - -] volume service is down. (host: rack09-server62@lvm-1)
2023-03-08 23:39:43.539 7 WARNING cinder.scheduler.host_manager [None req-000b493a-213e-4d4f-be88-dee0704fb0fa 8a69895dd4bc47029a1aca44add1aa94 dc6466eda7ed4df99561a3c9166a9119 - - - -] volume service is down. (host: rack09-server62@lvm-1)
2023-03-08 23:39:43.958 7 WARNING cinder.scheduler.host_manager [None req-4140149d-26fd-4079-9dee-e52e5f5f1a5b 8a69895dd4bc47029a1aca44add1aa94 dc6466eda7ed4df99561a3c9166a9119 - - - -] volume service is down. (host: rack09-server62@lvm-1)
2023-03-08 23:39:44.770 7 WARNING cinder.scheduler.host_manager [None req-bc30a233-9f26-46fb-915a-d9fb91c411c9 5d8976a4a36241baafa9cd680c0bbd39 8481874f72ac4f4699363e7fed5013bd - - - -] volume service is down. (host: rack09-server62@lvm-1)
2023-03-08 23:39:45.190 7 WARNING cinder.scheduler.host_manager [None req-28633724-2a03-4fc7-a26d-e7a15f7e9c94 5d8976a4a36241baafa9cd680c0bbd39 8481874f72ac4f4699363e7fed5013bd - - - -] volume service is down. (host: rack09-server62@lvm-1)
2023-03-08 23:39:45.596 7 WARNING cinder.scheduler.host_manager [None req-fb9f4fba-7f20-49ab-b66d-e74b7640aab0 5d8976a4a36241baafa9cd680c0bbd39 8481874f72ac4f4699363e7fed5013bd - - - -] volume service is down. (host: rack09-server62@lvm-1)
2023-03-08 23:39:46.000 7 WARNING cinder.scheduler.host_manager [None req-73dbdcb4-a320-4e8a-a09f-26964f616292 5d8976a4a36241baafa9cd680c0bbd39 8481874f72ac4f4699363e7fed5013bd - - - -] volume service is down. (host: rack09-server62@lvm-1)
2023-03-08 23:39:46.388 7 WARNING cinder.scheduler.host_manager [None req-997bb80e-d9ec-4e6d-8ecb-d4f90c81132b 5d8976a4a36241baafa9cd680c0bbd39 8481874f72ac4f4699363e7fed5013bd - - - -] volume service is down. (host: rack09-server62@lvm-1)
2023-03-08 23:39:51.950 7 WARNING cinder.scheduler.host_manager [None req-bec75d6b-5b07-4bb0-9671-ec3703044c5a ba3a89ca2d3c4f6ba98911f4212f9ed2 c861d411aa71485b9bfe931113c06f1d - - - -] volume service is down. (host: rack09-server62@lvm-1)
2023-03-08 23:39:54.606 7 WARNING cinder.scheduler.host_manager [None req-48f9140b-33f2-4422-8191-828c871da339 ba3a89ca2d3c4f6ba98911f4212f9ed2 c861d411aa71485b9bfe931113c06f1d - - - -] volume service is down. (host: rack09-server62@lvm-1)
2023-03-08 23:39:56.019 7 WARNING cinder.scheduler.host_manager [None req-4f486cba-e08e-465a-8cd1-bd2544cefe98 ba3a89ca2d3c4f6ba98911f4212f9ed2 c861d411aa71485b9bfe931113c06f1d - - - -] volume service is down. (host: rack09-server62@lvm-1)
2023-03-08 23:39:56.020 7 WARNING oslo_messaging.rpc.client [None req-4f486cba-e08e-465a-8cd1-bd2544cefe98 ba3a89ca2d3c4f6ba98911f4212f9ed2 c861d411aa71485b9bfe931113c06f1d - - - -] Using RPCClient manually to instantiate client. Please use get_rpc_client to obtain an RPC client instance.
