Build Started 02_08_2022_16_48_06
2022-08-02 19:50:06.099 7 WARNING cinder.scheduler.host_manager [req-56faea73-bf59-406f-bf79-28f2a7c16099 47e05cf925a24fafa9c3828aed025186 435b819e92b44c59ba56672b689e725c - - -] volume service is down. (host: rack03-server59@lvm-1)
2022-08-02 19:50:06.216 7 WARNING cinder.scheduler.host_manager [req-decea4cc-69e7-4669-815e-ff42da26dedb c5a9aaf3ee9c4edc8b2d0d92c43d2bcd d6df4cb41bd74e999f804334ef0b4d4b - - -] volume service is down. (host: rack03-server59@lvm-1)
2022-08-02 19:50:06.285 7 WARNING cinder.scheduler.host_manager [req-49c125b3-d15c-44a5-bc68-3bcde3f5da41 404f849f4580464a80c0fc1f9881fb17 9bff3a04af8d4716b49c01c008f4cbe5 - - -] volume service is down. (host: rack03-server59@lvm-1)
2022-08-02 19:50:09.204 7 WARNING cinder.scheduler.host_manager [req-4aa994ca-bcff-459d-8cf5-c57baf14af95 404f849f4580464a80c0fc1f9881fb17 9bff3a04af8d4716b49c01c008f4cbe5 - - -] volume service is down. (host: rack03-server59@lvm-1)
2022-08-02 19:50:14.225 7 WARNING cinder.scheduler.host_manager [req-21d7941d-09d7-40b4-9856-ec17c19162cf 47e05cf925a24fafa9c3828aed025186 435b819e92b44c59ba56672b689e725c - - -] volume service is down. (host: rack03-server59@lvm-1)
2022-08-02 19:50:16.243 7 WARNING cinder.scheduler.host_manager [req-9dcead85-e890-470e-ae63-de5de61ac451 8880c68a90564f5998c608af5131aaee 6c470ee8450f4ddbad6e5d7c5fb13716 - - -] volume service is down. (host: rack03-server59@lvm-1)
2022-08-02 19:50:23.132 7 WARNING cinder.scheduler.host_manager [req-774a6091-ed49-43aa-9274-f4ea2609c364 8169f557eb2b4da4a2c2597842f0ed7d 7950d41350c44dadafcfdfd9d4852266 - - -] volume service is down. (host: rack03-server59@lvm-1)
2022-08-02 19:50:25.640 7 WARNING cinder.scheduler.host_manager [req-41555bd8-39eb-4bb2-a4be-f095351c991d 8169f557eb2b4da4a2c2597842f0ed7d 7950d41350c44dadafcfdfd9d4852266 - - -] volume service is down. (host: rack03-server59@lvm-1)
2022-08-02 19:50:28.139 7 WARNING cinder.scheduler.host_manager [req-8855a31b-808b-4501-b731-0322483bcbb1 8169f557eb2b4da4a2c2597842f0ed7d 7950d41350c44dadafcfdfd9d4852266 - - -] volume service is down. (host: rack03-server59@lvm-1)
2022-08-02 19:50:42.258 7 WARNING cinder.scheduler.host_manager [req-7453fba2-efe2-415d-8268-d5d9045ff6f8 24ef10c3277b4fa48d4ca4daab485fb0 5893bb5742c14a37bea0aa25caeec60c - - -] volume service is down. (host: rack03-server59@lvm-1)
2022-08-02 19:50:42.300 7 WARNING cinder.scheduler.host_manager [req-4454529c-0834-4f68-973b-fef8181bc050 24ef10c3277b4fa48d4ca4daab485fb0 5893bb5742c14a37bea0aa25caeec60c - - -] volume service is down. (host: rack03-server59@lvm-1)
2022-08-02 19:50:52.712 7 WARNING cinder.scheduler.host_manager [req-67caf53b-ad93-4a29-a698-a648b88f9940 753e91c304234ecd8a8fb79852684bad d9f8875f2ff54048b05a72d4730175ba - - -] volume service is down. (host: rack03-server59@lvm-1)
2022-08-02 19:50:52.720 7 WARNING cinder.scheduler.host_manager [req-67caf53b-ad93-4a29-a698-a648b88f9940 753e91c304234ecd8a8fb79852684bad d9f8875f2ff54048b05a72d4730175ba - - -] volume service is down. (host: rack03-server59@lvm-1)
2022-08-02 19:50:54.412 7 WARNING cinder.scheduler.host_manager [req-b4b9a0a1-04e6-4658-8f3e-39b8c588b7ea 753e91c304234ecd8a8fb79852684bad d9f8875f2ff54048b05a72d4730175ba - - -] volume service is down. (host: rack03-server59@lvm-1)
2022-08-02 19:50:59.177 7 WARNING cinder.scheduler.host_manager [req-a070526f-957d-4b10-adb8-851325da9c73 753e91c304234ecd8a8fb79852684bad d9f8875f2ff54048b05a72d4730175ba - - -] volume service is down. (host: rack03-server59@lvm-1)
2022-08-02 19:51:04.880 7 WARNING cinder.scheduler.host_manager [req-0285bacb-936f-4091-8e3d-bcfce0b55d8a 753e91c304234ecd8a8fb79852684bad d9f8875f2ff54048b05a72d4730175ba - - -] volume service is down. (host: rack03-server59@lvm-1)
2022-08-02 19:51:04.887 7 WARNING cinder.scheduler.host_manager [req-0285bacb-936f-4091-8e3d-bcfce0b55d8a 753e91c304234ecd8a8fb79852684bad d9f8875f2ff54048b05a72d4730175ba - - -] volume service is down. (host: rack03-server59@lvm-1)
2022-08-02 19:51:06.335 7 WARNING cinder.scheduler.host_manager [req-6afcb867-3a95-4fba-bc7f-949a81bd1c59 753e91c304234ecd8a8fb79852684bad d9f8875f2ff54048b05a72d4730175ba - - -] volume service is down. (host: rack03-server59@lvm-1)
2022-08-02 19:51:08.880 7 WARNING cinder.scheduler.host_manager [req-c681f823-a95a-4a1b-9280-a0fe8101f046 753e91c304234ecd8a8fb79852684bad d9f8875f2ff54048b05a72d4730175ba - - -] volume service is down. (host: rack03-server59@lvm-1)
2022-08-02 19:51:22.171 7 WARNING cinder.scheduler.host_manager [req-af1b90dc-6167-46fe-b9fc-787ffe2336ff 753e91c304234ecd8a8fb79852684bad d9f8875f2ff54048b05a72d4730175ba - - -] volume service is down. (host: rack03-server59@lvm-1)
2022-08-02 19:51:22.179 7 WARNING cinder.scheduler.host_manager [req-af1b90dc-6167-46fe-b9fc-787ffe2336ff 753e91c304234ecd8a8fb79852684bad d9f8875f2ff54048b05a72d4730175ba - - -] volume service is down. (host: rack03-server59@lvm-1)
2022-08-02 19:51:23.629 7 WARNING cinder.scheduler.host_manager [req-36234dd1-7b79-4999-bff0-d5ace6d75076 753e91c304234ecd8a8fb79852684bad d9f8875f2ff54048b05a72d4730175ba - - -] volume service is down. (host: rack03-server59@lvm-1)
2022-08-02 19:51:36.852 7 WARNING cinder.scheduler.host_manager [req-5e7930d5-d31c-47ab-bb9a-deaa3387fd4d 04e71bcbdf26441090038ede5dff66f3 bad710b2985b46f58fac88be95972c19 - - -] volume service is down. (host: rack03-server59@lvm-1)
2022-08-02 19:51:36.860 7 WARNING cinder.scheduler.host_manager [req-5e7930d5-d31c-47ab-bb9a-deaa3387fd4d 04e71bcbdf26441090038ede5dff66f3 bad710b2985b46f58fac88be95972c19 - - -] volume service is down. (host: rack03-server59@lvm-1)
2022-08-02 19:51:38.334 7 WARNING cinder.scheduler.host_manager [req-0de485af-b142-4e2c-a55b-c11c6670f6b6 04e71bcbdf26441090038ede5dff66f3 bad710b2985b46f58fac88be95972c19 - - -] volume service is down. (host: rack03-server59@lvm-1)
2022-08-02 19:52:02.307 7 WARNING cinder.scheduler.host_manager [req-df3b6e66-da41-406f-93f1-42e35147e185 ab72874153b1482e83026a2a9946a32e 45f7731a93ee423bbfa9dc96345bcd47 - - -] volume service is down. (host: rack03-server59@lvm-1)
2022-08-02 19:52:02.314 7 WARNING cinder.scheduler.host_manager [req-df3b6e66-da41-406f-93f1-42e35147e185 ab72874153b1482e83026a2a9946a32e 45f7731a93ee423bbfa9dc96345bcd47 - - -] volume service is down. (host: rack03-server59@lvm-1)
2022-08-02 19:52:03.522 7 WARNING cinder.scheduler.host_manager [req-324f1214-6bcc-4b97-b849-4bbb28f84fea ab72874153b1482e83026a2a9946a32e 45f7731a93ee423bbfa9dc96345bcd47 - - -] volume service is down. (host: rack03-server59@lvm-1)
2022-08-02 19:52:03.530 7 WARNING cinder.scheduler.host_manager [req-324f1214-6bcc-4b97-b849-4bbb28f84fea ab72874153b1482e83026a2a9946a32e 45f7731a93ee423bbfa9dc96345bcd47 - - -] volume service is down. (host: rack03-server59@lvm-1)
2022-08-02 19:52:05.035 7 WARNING cinder.scheduler.host_manager [req-deaff65c-9e9f-46e8-9b75-ff8246f99df3 ab72874153b1482e83026a2a9946a32e 45f7731a93ee423bbfa9dc96345bcd47 - - -] volume service is down. (host: rack03-server59@lvm-1)
2022-08-02 19:52:10.294 7 WARNING cinder.scheduler.host_manager [req-caaad3c4-d831-41c1-af3f-83e7c8cd0d36 ab72874153b1482e83026a2a9946a32e 45f7731a93ee423bbfa9dc96345bcd47 - - -] volume service is down. (host: rack03-server59@lvm-1)
2022-08-02 19:52:10.301 7 WARNING cinder.scheduler.host_manager [req-caaad3c4-d831-41c1-af3f-83e7c8cd0d36 ab72874153b1482e83026a2a9946a32e 45f7731a93ee423bbfa9dc96345bcd47 - - -] volume service is down. (host: rack03-server59@lvm-1)
2022-08-02 19:52:11.743 7 WARNING cinder.scheduler.host_manager [req-96631140-e8aa-44f7-b2d8-ce07b3c81f6e ab72874153b1482e83026a2a9946a32e 45f7731a93ee423bbfa9dc96345bcd47 - - -] volume service is down. (host: rack03-server59@lvm-1)
2022-08-02 19:52:14.258 7 WARNING cinder.scheduler.host_manager [req-8d229885-d9a2-4acf-8055-2a3271b4c464 ab72874153b1482e83026a2a9946a32e 45f7731a93ee423bbfa9dc96345bcd47 - - -] volume service is down. (host: rack03-server59@lvm-1)
2022-08-02 19:52:26.123 7 WARNING cinder.scheduler.host_manager [req-f0a64281-2106-472f-a3fd-336c72a7b14e 922dfd6d285c48248a9c847c21a803ea 3da65d6996874a3a8647dadf8cfe81e0 - - -] volume service is down. (host: rack03-server59@lvm-1)
2022-08-02 19:52:26.130 7 WARNING cinder.scheduler.host_manager [req-f0a64281-2106-472f-a3fd-336c72a7b14e 922dfd6d285c48248a9c847c21a803ea 3da65d6996874a3a8647dadf8cfe81e0 - - -] volume service is down. (host: rack03-server59@lvm-1)
2022-08-02 19:52:27.625 7 WARNING cinder.scheduler.host_manager [req-905a0215-99f1-429d-a6a6-e07b9da3e238 922dfd6d285c48248a9c847c21a803ea 3da65d6996874a3a8647dadf8cfe81e0 - - -] volume service is down. (host: rack03-server59@lvm-1)
2022-08-02 19:52:29.993 7 WARNING cinder.scheduler.host_manager [req-53ab5a89-c31b-4324-8fb0-7be4afb304cf 922dfd6d285c48248a9c847c21a803ea 3da65d6996874a3a8647dadf8cfe81e0 - - -] volume service is down. (host: rack03-server59@lvm-1)
2022-08-02 19:52:42.022 7 WARNING cinder.scheduler.host_manager [req-dba681c3-30b4-4e43-b219-205776dd2c60 5479d1519c58488d9325baeb70f6b56a 34572b1a847c4c46acc9870e4ed6c735 - - -] volume service is down. (host: rack03-server59@lvm-1)
2022-08-02 19:52:42.029 7 WARNING cinder.scheduler.host_manager [req-dba681c3-30b4-4e43-b219-205776dd2c60 5479d1519c58488d9325baeb70f6b56a 34572b1a847c4c46acc9870e4ed6c735 - - -] volume service is down. (host: rack03-server59@lvm-1)
2022-08-02 19:52:56.829 7 WARNING cinder.scheduler.host_manager [req-55265681-2fcf-43f6-854d-16464ca4aa9c 6353f614c8e549e6a583f646147269a2 36aafe9de1014ed386da5df6f8d0fc5e - - -] volume service is down. (host: rack03-server59@lvm-1)
2022-08-02 19:52:58.116 7 WARNING cinder.scheduler.host_manager [req-110b1f51-249c-4fad-8968-a74c713ee27d 6353f614c8e549e6a583f646147269a2 36aafe9de1014ed386da5df6f8d0fc5e - - -] volume service is down. (host: rack03-server59@lvm-1)
2022-08-02 19:53:00.685 7 WARNING cinder.scheduler.host_manager [req-28f44f06-22a8-4a95-bac7-0703ae28d0b0 6353f614c8e549e6a583f646147269a2 36aafe9de1014ed386da5df6f8d0fc5e - - -] volume service is down. (host: rack03-server59@lvm-1)
2022-08-02 19:53:04.258 7 WARNING cinder.scheduler.host_manager [req-10c0c765-7a51-41e3-9554-564cfd6d3494 6353f614c8e549e6a583f646147269a2 36aafe9de1014ed386da5df6f8d0fc5e - - -] volume service is down. (host: rack03-server59@lvm-1)
2022-08-02 19:53:07.810 7 WARNING cinder.scheduler.host_manager [req-3e193d3a-4d7d-4111-9ca2-1baa812d5395 6353f614c8e549e6a583f646147269a2 36aafe9de1014ed386da5df6f8d0fc5e - - -] volume service is down. (host: rack03-server59@lvm-1)
2022-08-02 19:53:11.356 7 WARNING cinder.scheduler.host_manager [req-fe000d50-ddb1-4c1a-8d28-93df193a0439 6353f614c8e549e6a583f646147269a2 36aafe9de1014ed386da5df6f8d0fc5e - - -] volume service is down. (host: rack03-server59@lvm-1)
2022-08-02 19:53:23.030 7 WARNING cinder.scheduler.host_manager [req-2d0ac42d-adef-4f61-af0e-23ced927d2c3 ceec356e49eb41fba57794cc5622c9bc 5c659e8d5b874545961bf3a22cd29ee6 - - -] volume service is down. (host: rack03-server59@lvm-1)
2022-08-02 19:53:23.031 7 INFO cinder.scheduler.base_filter [req-2d0ac42d-adef-4f61-af0e-23ced927d2c3 ceec356e49eb41fba57794cc5622c9bc 5c659e8d5b874545961bf3a22cd29ee6 - - -] Filtering removed all hosts for the request with volume ID '925f7326-d196-4c23-a6e4-cca458f2f5cc'. Filter results: AvailabilityZoneFilter: (start: 1, end: 1), CapacityFilter: (start: 1, end: 1), CapabilitiesFilter: (start: 1, end: 0)
2022-08-02 19:53:23.032 7 WARNING cinder.scheduler.filter_scheduler [req-2d0ac42d-adef-4f61-af0e-23ced927d2c3 ceec356e49eb41fba57794cc5622c9bc 5c659e8d5b874545961bf3a22cd29ee6 - - -] No weighed backend found for volume with properties: {'id': '930ea3d5-e080-49ec-900d-f8b2dda5d4f9', 'name': 'tempest-UserMessagesTest-volume-type-73756466', 'description': None, 'is_public': True, 'projects': [], 'extra_specs': {'storage_protocol': 'tempest-storage_protocol-369645349', 'vendor_name': 'tempest-vendor_name-245029202'}, 'qos_specs_id': None, 'created_at': '2022-08-02T16:53:22.000000', 'updated_at': None, 'deleted_at': None, 'deleted': False}
2022-08-02 19:53:23.033 7 INFO cinder.message.api [req-2d0ac42d-adef-4f61-af0e-23ced927d2c3 ceec356e49eb41fba57794cc5622c9bc 5c659e8d5b874545961bf3a22cd29ee6 - - -] Creating message record for request_id = req-2d0ac42d-adef-4f61-af0e-23ced927d2c3
2022-08-02 19:53:23.039 7 ERROR cinder.scheduler.flows.create_volume [req-2d0ac42d-adef-4f61-af0e-23ced927d2c3 ceec356e49eb41fba57794cc5622c9bc 5c659e8d5b874545961bf3a22cd29ee6 - - -] Failed to run task cinder.scheduler.flows.create_volume.ScheduleCreateVolumeTask;volume:create: No valid backend was found. No weighed backends available: cinder.exception.NoValidBackend: No valid backend was found. No weighed backends available
2022-08-02 19:53:24.595 7 WARNING cinder.scheduler.host_manager [req-34b43ca3-302c-407c-a14f-1dd53eb09170 ceec356e49eb41fba57794cc5622c9bc 5c659e8d5b874545961bf3a22cd29ee6 - - -] volume service is down. (host: rack03-server59@lvm-1)
2022-08-02 19:53:24.596 7 INFO cinder.scheduler.base_filter [req-34b43ca3-302c-407c-a14f-1dd53eb09170 ceec356e49eb41fba57794cc5622c9bc 5c659e8d5b874545961bf3a22cd29ee6 - - -] Filtering removed all hosts for the request with volume ID 'b2004468-d5e9-4d42-b5f5-1155b3077c4a'. Filter results: AvailabilityZoneFilter: (start: 1, end: 1), CapacityFilter: (start: 1, end: 1), CapabilitiesFilter: (start: 1, end: 0)
2022-08-02 19:53:24.596 7 WARNING cinder.scheduler.filter_scheduler [req-34b43ca3-302c-407c-a14f-1dd53eb09170 ceec356e49eb41fba57794cc5622c9bc 5c659e8d5b874545961bf3a22cd29ee6 - - -] No weighed backend found for volume with properties: {'id': '45f3723f-ca75-416b-99fc-ad0ca894362e', 'name': 'tempest-UserMessagesTest-volume-type-556215879', 'description': None, 'is_public': True, 'projects': [], 'extra_specs': {'storage_protocol': 'tempest-storage_protocol-642321421', 'vendor_name': 'tempest-vendor_name-768915848'}, 'qos_specs_id': None, 'created_at': '2022-08-02T16:53:24.000000', 'updated_at': None, 'deleted_at': None, 'deleted': False}
2022-08-02 19:53:24.597 7 INFO cinder.message.api [req-34b43ca3-302c-407c-a14f-1dd53eb09170 ceec356e49eb41fba57794cc5622c9bc 5c659e8d5b874545961bf3a22cd29ee6 - - -] Creating message record for request_id = req-34b43ca3-302c-407c-a14f-1dd53eb09170
2022-08-02 19:53:24.602 7 ERROR cinder.scheduler.flows.create_volume [req-34b43ca3-302c-407c-a14f-1dd53eb09170 ceec356e49eb41fba57794cc5622c9bc 5c659e8d5b874545961bf3a22cd29ee6 - - -] Failed to run task cinder.scheduler.flows.create_volume.ScheduleCreateVolumeTask;volume:create: No valid backend was found. No weighed backends available: cinder.exception.NoValidBackend: No valid backend was found. No weighed backends available
2022-08-02 19:53:35.309 7 WARNING cinder.scheduler.host_manager [req-d355dc9a-1019-4504-a141-6b2631823182 c5a9aaf3ee9c4edc8b2d0d92c43d2bcd d6df4cb41bd74e999f804334ef0b4d4b - - -] volume service is down. (host: rack03-server59@lvm-1)
2022-08-02 19:53:36.921 7 WARNING cinder.scheduler.host_manager [req-aa6b1af0-8420-40af-8b83-9e712ad70bcd 91950baa31844153be33f92602667c8a e5c1874fe7dd49a399505b3f5e217596 - - -] volume service is down. (host: rack03-server59@lvm-1)
2022-08-02 19:53:52.436 7 WARNING cinder.scheduler.host_manager [req-f0b09ad8-7608-4e19-8f5d-a9c3f4655844 ea0e2e54d5234918a2fcd92476fa11b4 ec7e551ee4d1483bb0728f86a269565e - - -] volume service is down. (host: rack03-server59@lvm-1)
2022-08-02 19:53:56.097 7 WARNING cinder.scheduler.host_manager [req-7bec00e8-5c3e-4365-98af-11d274da8def ea0e2e54d5234918a2fcd92476fa11b4 ec7e551ee4d1483bb0728f86a269565e - - -] volume service is down. (host: rack03-server59@lvm-1)
2022-08-02 19:54:06.423 7 WARNING cinder.scheduler.host_manager [req-43831411-63d5-4ada-8c20-79af41d71f77 05c2b1bcd1564132ba99af93f7282f6c 5d0a45cce5394eb3b4b30751a2c6f54a - - -] volume service is down. (host: rack03-server59@lvm-1)
2022-08-02 19:54:16.786 7 WARNING cinder.scheduler.host_manager [req-97327edc-6937-438b-9c64-d6e17035e5d3 4e6a1373f4b442829e4b7a6327cea942 511fc65e1d444b39a7424a62d6330c8f - - -] volume service is down. (host: rack03-server59@lvm-1)
2022-08-02 19:54:19.247 7 WARNING cinder.scheduler.host_manager [req-583b097c-32d8-4801-8d75-3f3c2c64ec7a 4e6a1373f4b442829e4b7a6327cea942 511fc65e1d444b39a7424a62d6330c8f - - -] volume service is down. (host: rack03-server59@lvm-1)
2022-08-02 19:54:27.598 7 WARNING cinder.scheduler.host_manager [req-8b3aab11-b550-4f0e-98f1-950b656aa6d0 3e16efdf385a4ce3b3d3a875260f0640 2f7486143d7d4bf39189e79f9f86b396 - - -] volume service is down. (host: rack03-server59@lvm-1)
2022-08-02 19:54:41.808 7 WARNING cinder.scheduler.host_manager [req-e89662fe-cacd-4e1d-808f-133687de856e fc8bcbc26b62433e87d6bac5d03e0cb9 375bc74f953448ae92b8d7120851cf23 - - -] volume service is down. (host: rack03-server59@lvm-1)
2022-08-02 19:54:44.144 7 WARNING cinder.scheduler.host_manager [req-98ea8a4a-0e68-4728-8cc7-28e1a9be718e fc8bcbc26b62433e87d6bac5d03e0cb9 375bc74f953448ae92b8d7120851cf23 - - -] volume service is down. (host: rack03-server59@lvm-1)
2022-08-02 19:55:29.225 7 WARNING cinder.scheduler.host_manager [req-d3a4a657-02b0-43b6-b28e-b0155966a0c5 47e05cf925a24fafa9c3828aed025186 435b819e92b44c59ba56672b689e725c - - -] volume service is down. (host: rack03-server59@lvm-1)
2022-08-02 19:55:29.454 7 WARNING cinder.scheduler.host_manager [req-64512780-1e52-4461-8a27-4c50571649bf c3a5e11dc22743f293d06ca5612e853a 70845a344d6e4b9585f07f46a75f7548 - - -] volume service is down. (host: rack03-server59@lvm-1)
2022-08-02 19:55:32.757 7 WARNING cinder.scheduler.host_manager [req-d426820b-09e1-48f5-b17c-4b238f77f36f 47e05cf925a24fafa9c3828aed025186 435b819e92b44c59ba56672b689e725c - - -] volume service is down. (host: rack03-server59@lvm-1)
2022-08-02 19:55:35.160 7 WARNING cinder.scheduler.host_manager [req-7b352b56-1320-45c7-ae40-d5ad780b4469 c3a5e11dc22743f293d06ca5612e853a 70845a344d6e4b9585f07f46a75f7548 - - -] volume service is down. (host: rack03-server59@lvm-1)
2022-08-02 19:55:38.884 7 WARNING cinder.scheduler.host_manager [req-f5c2464f-33cb-4fef-bde3-93f423684a85 c3a5e11dc22743f293d06ca5612e853a 70845a344d6e4b9585f07f46a75f7548 - - -] volume service is down. (host: rack03-server59@lvm-1)
2022-08-02 19:55:42.616 7 WARNING cinder.scheduler.host_manager [req-b7e52235-6d3f-4a79-8f5f-c07c50d4ebb2 c3a5e11dc22743f293d06ca5612e853a 70845a344d6e4b9585f07f46a75f7548 - - -] volume service is down. (host: rack03-server59@lvm-1)
2022-08-02 19:55:46.343 7 WARNING cinder.scheduler.host_manager [req-22717bd0-da02-4917-a7f0-a2353556381e c3a5e11dc22743f293d06ca5612e853a 70845a344d6e4b9585f07f46a75f7548 - - -] volume service is down. (host: rack03-server59@lvm-1)
2022-08-02 19:55:50.307 7 WARNING cinder.scheduler.host_manager [req-27b5917f-a43f-48b4-8ae3-a07ba623582b c3a5e11dc22743f293d06ca5612e853a 70845a344d6e4b9585f07f46a75f7548 - - -] volume service is down. (host: rack03-server59@lvm-1)
2022-08-02 19:56:00.803 7 WARNING cinder.scheduler.host_manager [req-131e4553-0a52-4f03-9cf4-682c9429ab6b 0785548afbaf4bd3ad4a22bbf659f451 ca681387e310487f9c145252f6f66255 - - -] volume service is down. (host: rack03-server59@lvm-1)
2022-08-02 19:56:03.303 7 WARNING cinder.scheduler.host_manager [req-b6f8b81d-b55e-4ed7-98e6-2378abc331ad 0785548afbaf4bd3ad4a22bbf659f451 ca681387e310487f9c145252f6f66255 - - -] volume service is down. (host: rack03-server59@lvm-1)
2022-08-02 19:56:05.806 7 WARNING cinder.scheduler.host_manager [req-bca80898-3e26-4a11-9ec3-bb2571bc2da4 0785548afbaf4bd3ad4a22bbf659f451 ca681387e310487f9c145252f6f66255 - - -] volume service is down. (host: rack03-server59@lvm-1)
2022-08-02 19:56:08.501 7 WARNING cinder.scheduler.host_manager [req-6e96dc2a-7700-491e-a58b-00231823d9e2 9c27aa2e978041c3982b89001b2028d2 cee3543858a6410e93dc4dc69d96fe65 - - -] volume service is down. (host: rack03-server59@lvm-1)
2022-08-02 19:56:23.802 7 WARNING cinder.scheduler.host_manager [req-8a74a22c-97d0-47fc-bb29-82ba4d855cd2 0b1e29088c1a41388bfb583e1ced6e6b 719430e6c5904caebeacd48d1f42dd9b - - -] volume service is down. (host: rack03-server59@lvm-1)
2022-08-02 19:56:44.493 7 WARNING cinder.scheduler.host_manager [req-9e3ea309-c538-49b6-9742-301b3e28b7f1 4342c9625a5046b29f95c6a47383c9f9 e325bc7c8d544b6981c3db87a8d4b2d0 - - -] volume service is down. (host: rack03-server59@lvm-1)
2022-08-02 19:56:46.844 7 WARNING cinder.scheduler.host_manager [req-3baa416e-a14f-4c97-b5e0-5f3b816292c7 4342c9625a5046b29f95c6a47383c9f9 e325bc7c8d544b6981c3db87a8d4b2d0 - - -] volume service is down. (host: rack03-server59@lvm-1)
2022-08-02 19:56:59.806 7 WARNING cinder.scheduler.host_manager [req-9c8bd67e-f43e-4db6-965a-1a926072f9cd 10c72d83c7274f58a89429b17e6d73de 0e90753a1e1246d5a1b9dc3c36ce8d86 - - -] volume service is down. (host: rack03-server59@lvm-1)
2022-08-02 19:57:07.066 7 WARNING cinder.scheduler.host_manager [req-f7cf046c-8f85-4141-a812-3be073d6f5ab 46a669d0671a48c09cd75e7cd53630fa 9f0ec9cfe6644d519410d7d9c9dc08af - - -] volume service is down. (host: rack03-server59@lvm-1)
2022-08-02 19:57:08.328 7 WARNING cinder.scheduler.host_manager [req-37024d6a-82ed-4ade-86f2-098ad3293944 46a669d0671a48c09cd75e7cd53630fa 9f0ec9cfe6644d519410d7d9c9dc08af - - -] volume service is down. (host: rack03-server59@lvm-1)
2022-08-02 19:57:10.598 7 WARNING cinder.scheduler.host_manager [req-3e1db106-8c11-4a7f-84d2-92b5cb113b66 46a669d0671a48c09cd75e7cd53630fa 9f0ec9cfe6644d519410d7d9c9dc08af - - -] volume service is down. (host: rack03-server59@lvm-1)
2022-08-02 19:57:14.238 7 WARNING cinder.scheduler.host_manager [req-1b0675b8-01c1-406c-8eaf-815049cbbaff 46a669d0671a48c09cd75e7cd53630fa 9f0ec9cfe6644d519410d7d9c9dc08af - - -] volume service is down. (host: rack03-server59@lvm-1)
2022-08-02 19:57:16.542 7 WARNING cinder.scheduler.host_manager [req-b0d0588b-0acf-4f01-8958-f9a37718906f 46a669d0671a48c09cd75e7cd53630fa 9f0ec9cfe6644d519410d7d9c9dc08af - - -] volume service is down. (host: rack03-server59@lvm-1)
2022-08-02 19:57:19.028 7 WARNING cinder.scheduler.host_manager [req-67074bf5-05d8-482f-89c6-dfc68101af10 46a669d0671a48c09cd75e7cd53630fa 9f0ec9cfe6644d519410d7d9c9dc08af - - -] volume service is down. (host: rack03-server59@lvm-1)
2022-08-02 19:57:27.111 7 WARNING cinder.scheduler.host_manager [req-546a766d-730c-497b-9898-b4be813d01ed cd6e30418c484a008c98d3d69451cd77 84963af4de7b4a62a993dd351451be18 - - -] volume service is down. (host: rack03-server59@lvm-1)
2022-08-02 19:57:37.487 7 WARNING cinder.scheduler.host_manager [req-3a74fb15-eefd-42ae-b083-b63877b4b0e3 5d369e235b024e4a85a3e6b514384709 36e3cf41bbdf4473ac28af998d783b17 - - -] volume service is down. (host: rack03-server59@lvm-1)
2022-08-02 19:57:42.270 7 WARNING cinder.scheduler.host_manager [req-f0c14e42-d130-4760-91a0-62e442f2d27f 5d369e235b024e4a85a3e6b514384709 36e3cf41bbdf4473ac28af998d783b17 - - -] volume service is down. (host: rack03-server59@lvm-1)
2022-08-02 19:57:53.104 7 WARNING cinder.scheduler.host_manager [req-27d360b4-283b-4ab9-8014-41a0c1be4080 2336b056417d4617ab45d7e14984e861 ff0b9ceb3a8c4150a9e6c1de1ea3d5a9 - - -] volume service is down. (host: rack03-server59@lvm-1)
2022-08-02 19:57:56.822 7 WARNING cinder.scheduler.host_manager [req-1ca48a2c-37a9-4b76-949e-b2834b25fcbd 2336b056417d4617ab45d7e14984e861 ff0b9ceb3a8c4150a9e6c1de1ea3d5a9 - - -] volume service is down. (host: rack03-server59@lvm-1)
2022-08-02 19:58:04.381 7 WARNING cinder.scheduler.host_manager [req-0dd29f1b-1a76-4d0c-8cc9-64a62e82a679 d2499d7f020c4fa286b93ad3a8a24bfe 2182ecf829c843e4be1de3e8e6a96a0b - - -] volume service is down. (host: rack03-server59@lvm-1)
2022-08-02 19:58:38.513 7 WARNING cinder.scheduler.host_manager [req-38edeb4a-6c5f-494a-aac0-be3be7e75496 c5a9aaf3ee9c4edc8b2d0d92c43d2bcd d6df4cb41bd74e999f804334ef0b4d4b - - -] volume service is down. (host: rack03-server59@lvm-1)
2022-08-02 19:58:42.211 7 WARNING cinder.scheduler.host_manager [req-05a4cc7f-f1c5-4cc9-b4bf-c04db78d6db7 bc05ab095f5d4effbfed50b198ab7c77 d578266137b647669d294c7bbcc6058d - - -] volume service is down. (host: rack03-server59@lvm-1)
2022-08-02 19:58:58.439 7 WARNING cinder.scheduler.host_manager [req-f4dbfad4-2651-4f3d-9cc5-ac1fc603dd10 bc05ab095f5d4effbfed50b198ab7c77 d578266137b647669d294c7bbcc6058d - - -] volume service is down. (host: rack03-server59@lvm-1)
2022-08-02 19:59:05.203 7 WARNING cinder.scheduler.host_manager [req-eedcf1e1-9c88-4243-ba2e-01a6a7ccd057 bc05ab095f5d4effbfed50b198ab7c77 d578266137b647669d294c7bbcc6058d - - -] volume service is down. (host: rack03-server59@lvm-1)
2022-08-02 19:59:07.700 7 WARNING cinder.scheduler.host_manager [req-3f7bb6eb-e88f-4bcc-831f-6d0fbc1ba034 bc05ab095f5d4effbfed50b198ab7c77 d578266137b647669d294c7bbcc6058d - - -] volume service is down. (host: rack03-server59@lvm-1)
2022-08-02 19:59:19.042 7 WARNING cinder.scheduler.host_manager [req-6dd2bdb5-ff72-4eb3-91cb-fdde0a098cde e2108a15848b4e33bc2fd21e5aeea4db 5657a46843e54267acf8ed372294e6d7 - - -] volume service is down. (host: rack03-server59@lvm-1)
2022-08-02 19:59:27.561 7 WARNING cinder.scheduler.host_manager [req-f874d96e-5019-4ed5-b428-29600a98a4df 9578e3c696e34cdda9456051fdd45ed3 b7da5827da6347abb0d9dcb41141e949 - - -] volume service is down. (host: rack03-server59@lvm-1)
2022-08-02 20:00:39.813 7 WARNING cinder.scheduler.host_manager [req-bf18b83a-4bfe-49f7-b980-bbb51de2872a 47e05cf925a24fafa9c3828aed025186 435b819e92b44c59ba56672b689e725c - - -] volume service is down. (host: rack03-server59@lvm-1)
2022-08-02 20:00:42.140 7 WARNING cinder.scheduler.host_manager [req-a48ed67c-4289-4338-bb66-d7bb297c4648 47e05cf925a24fafa9c3828aed025186 435b819e92b44c59ba56672b689e725c - - -] volume service is down. (host: rack03-server59@lvm-1)
2022-08-02 20:00:44.623 7 WARNING cinder.scheduler.host_manager [req-9c952f3f-d516-49e7-a73a-c88eca2c4ff9 47e05cf925a24fafa9c3828aed025186 435b819e92b44c59ba56672b689e725c - - -] volume service is down. (host: rack03-server59@lvm-1)
2022-08-02 20:00:48.276 7 WARNING cinder.scheduler.host_manager [req-5e41b75e-e623-469a-a253-3494c0431c92 47e05cf925a24fafa9c3828aed025186 435b819e92b44c59ba56672b689e725c - - -] volume service is down. (host: rack03-server59@lvm-1)
2022-08-02 20:00:50.589 7 WARNING cinder.scheduler.host_manager [req-233e55ca-332d-4dac-9283-7b55e126c3fa 47e05cf925a24fafa9c3828aed025186 435b819e92b44c59ba56672b689e725c - - -] volume service is down. (host: rack03-server59@lvm-1)
2022-08-02 20:00:53.044 7 WARNING cinder.scheduler.host_manager [req-8833a64f-3e33-450f-9def-a065d9bfa402 47e05cf925a24fafa9c3828aed025186 435b819e92b44c59ba56672b689e725c - - -] volume service is down. (host: rack03-server59@lvm-1)
2022-08-02 20:04:42.500 7 WARNING cinder.scheduler.host_manager [req-6ec377df-b0a8-446e-a738-ed3524ebda79 2f954bfde7274d658b87c60941d01d8d fe96697b173e4d1a94fc78c93030b3c1 - - -] volume service is down. (host: rack03-server59@lvm-1)
2022-08-02 20:04:58.638 7 WARNING cinder.scheduler.host_manager [req-e4737c73-f96b-4039-b384-597518fdfc7e 2f954bfde7274d658b87c60941d01d8d fe96697b173e4d1a94fc78c93030b3c1 - - -] volume service is down. (host: rack03-server59@lvm-1)
2022-08-02 20:05:00.129 7 WARNING cinder.scheduler.host_manager [req-5c67fd15-0ebc-4ead-92b5-dcfe4a46779e 2f954bfde7274d658b87c60941d01d8d fe96697b173e4d1a94fc78c93030b3c1 - - -] volume service is down. (host: rack03-server59@lvm-1)
2022-08-02 20:05:02.465 7 WARNING cinder.scheduler.host_manager [req-ce7a5ccf-8e4c-4de6-b42a-7d0d0e003ecd 2f954bfde7274d658b87c60941d01d8d fe96697b173e4d1a94fc78c93030b3c1 - - -] volume service is down. (host: rack03-server59@lvm-1)
2022-08-02 20:05:04.792 7 WARNING cinder.scheduler.host_manager [req-fa4608e1-ef75-4bc5-9b1d-31604811b975 2f954bfde7274d658b87c60941d01d8d fe96697b173e4d1a94fc78c93030b3c1 - - -] volume service is down. (host: rack03-server59@lvm-1)
2022-08-02 20:05:12.756 7 WARNING cinder.scheduler.host_manager [req-f248f7df-9cad-489d-8dd7-d72b18f4b009 d5830a60ac454669a1d9df769c806247 252fe6973e2a4fdb8db6c6fa9758a04c - - -] volume service is down. (host: rack03-server59@lvm-1)
2022-08-02 20:05:15.437 7 WARNING cinder.scheduler.host_manager [req-6570f8a3-9e88-409d-8319-9e2fd5f13149 d5830a60ac454669a1d9df769c806247 252fe6973e2a4fdb8db6c6fa9758a04c - - -] volume service is down. (host: rack03-server59@lvm-1)
2022-08-02 20:05:20.243 7 WARNING cinder.scheduler.host_manager [req-921fdd87-8b42-4a46-a481-e271ed2041ce d5830a60ac454669a1d9df769c806247 252fe6973e2a4fdb8db6c6fa9758a04c - - -] volume service is down. (host: rack03-server59@lvm-1)
2022-08-02 20:05:22.747 7 WARNING cinder.scheduler.host_manager [req-30a720b4-eede-4c55-821c-20edab0af577 d5830a60ac454669a1d9df769c806247 252fe6973e2a4fdb8db6c6fa9758a04c - - -] volume service is down. (host: rack03-server59@lvm-1)
2022-08-02 20:05:26.501 7 WARNING cinder.scheduler.host_manager [req-eb2942f5-75ad-4ca9-89cd-4f66f7229704 d5830a60ac454669a1d9df769c806247 252fe6973e2a4fdb8db6c6fa9758a04c - - -] volume service is down. (host: rack03-server59@lvm-1)
2022-08-02 20:05:30.371 7 WARNING cinder.scheduler.host_manager [req-93440bf4-8389-44b2-80ea-6906c7c0f459 d5830a60ac454669a1d9df769c806247 252fe6973e2a4fdb8db6c6fa9758a04c - - -] volume service is down. (host: rack03-server59@lvm-1)
2022-08-02 20:05:46.837 7 WARNING cinder.scheduler.host_manager [req-e770cc7d-3c44-40b1-ae2a-95b54293f0a9 d5830a60ac454669a1d9df769c806247 252fe6973e2a4fdb8db6c6fa9758a04c - - -] volume service is down. (host: rack03-server59@lvm-1)
2022-08-02 20:05:57.734 7 WARNING cinder.scheduler.host_manager [req-343b7a55-eeeb-4dff-bf0b-246b11c82a87 6cb5eaaf596f44c1b04dd1e81c2aff7a 1dd29a1c419b408ab43bc3d76e82cdd3 - - -] volume service is down. (host: rack03-server59@lvm-1)
2022-08-02 20:05:59.187 7 WARNING cinder.scheduler.host_manager [req-82da85d3-dd37-4701-bdf9-497018851105 6cb5eaaf596f44c1b04dd1e81c2aff7a 1dd29a1c419b408ab43bc3d76e82cdd3 - - -] volume service is down. (host: rack03-server59@lvm-1)
2022-08-02 20:06:00.647 7 WARNING cinder.scheduler.host_manager [req-7de742e5-c454-410c-9386-ec3690f04c4d 6cb5eaaf596f44c1b04dd1e81c2aff7a 1dd29a1c419b408ab43bc3d76e82cdd3 - - -] volume service is down. (host: rack03-server59@lvm-1)
2022-08-02 20:06:11.809 7 WARNING cinder.scheduler.host_manager [req-224425a9-ac3f-403d-b0c6-86d0f71e8a58 51a097dcccd147ebb21d3af3015f56e3 57d92e960bb249acbac19a30652bee27 - - -] volume service is down. (host: rack03-server59@lvm-1)
2022-08-02 20:06:26.644 7 WARNING cinder.scheduler.host_manager [req-03548ddf-da44-42c0-a458-f44afe9f64f4 8b58b55b72974bbf8db1d9c0a386c443 2fd1a043f8e842118f83a240e688a1c2 - - -] volume service is down. (host: rack03-server59@lvm-1)
2022-08-02 20:06:28.981 7 WARNING cinder.scheduler.host_manager [req-4f38a8b2-826f-460b-8823-5711ff68d443 8b58b55b72974bbf8db1d9c0a386c443 2fd1a043f8e842118f83a240e688a1c2 - - -] volume service is down. (host: rack03-server59@lvm-1)
2022-08-02 20:06:31.248 7 WARNING cinder.scheduler.host_manager [req-ef01dc52-4613-4ba6-b286-ff798e9ab08e 8b58b55b72974bbf8db1d9c0a386c443 2fd1a043f8e842118f83a240e688a1c2 - - -] volume service is down. (host: rack03-server59@lvm-1)
2022-08-02 20:06:33.513 7 WARNING cinder.scheduler.host_manager [req-51545013-3791-4a93-824e-a64664fbaded 8b58b55b72974bbf8db1d9c0a386c443 2fd1a043f8e842118f83a240e688a1c2 - - -] volume service is down. (host: rack03-server59@lvm-1)
2022-08-02 20:06:44.238 7 WARNING cinder.scheduler.host_manager [req-554f548f-03d4-4740-bfbb-4550d9410ac2 eb29740f4b854ff590305bcd80b277e0 23989f21e12f4f9bae3e4c3a0aeb4dbc - - -] volume service is down. (host: rack03-server59@lvm-1)
2022-08-02 20:06:46.564 7 WARNING cinder.scheduler.host_manager [req-42f9f85c-d5ab-4412-977d-9c3ffe99b773 eb29740f4b854ff590305bcd80b277e0 23989f21e12f4f9bae3e4c3a0aeb4dbc - - -] volume service is down. (host: rack03-server59@lvm-1)
2022-08-02 20:06:59.476 7 WARNING cinder.scheduler.host_manager [req-82c93618-b411-403f-8b1d-4155418119d3 baec706e1ed2432db652ef9f0349f7d1 c5a6ec74fc84486285f26f91943a5be1 - - -] volume service is down. (host: rack03-server59@lvm-1)
2022-08-02 20:06:59.479 7 WARNING cinder.scheduler.host_manager [req-4530b299-cf69-4444-a5dd-e67ef70bdadd ace0fea5fcc441e48e5a5bd0658f8ddc fab3d775022a4464a91d8347e0a94684 - - -] volume service is down. (host: rack03-server59@lvm-1)
2022-08-02 20:06:59.555 7 WARNING cinder.scheduler.host_manager [req-e96209eb-99db-4ed8-a1e5-bb2dcbb7e70d f34937840cdc4edf9eecd60887d2b37b 048e05da6d2a4cb2b9f6d68053b661b1 - - -] volume service is down. (host: rack03-server59@lvm-1)
2022-08-02 20:06:59.697 7 WARNING cinder.scheduler.host_manager [req-9e3a48e3-f194-4d04-8dae-5d65b164a73e ace0fea5fcc441e48e5a5bd0658f8ddc fab3d775022a4464a91d8347e0a94684 - - -] volume service is down. (host: rack03-server59@lvm-1)
2022-08-02 20:06:59.989 7 WARNING cinder.scheduler.host_manager [req-d7185b33-a69d-457b-9bee-e7978aca88aa ace0fea5fcc441e48e5a5bd0658f8ddc fab3d775022a4464a91d8347e0a94684 - - -] volume service is down. (host: rack03-server59@lvm-1)
2022-08-02 20:07:00.262 7 WARNING cinder.scheduler.host_manager [req-94cde5e4-d932-4892-b3ed-9984d4e730e7 ace0fea5fcc441e48e5a5bd0658f8ddc fab3d775022a4464a91d8347e0a94684 - - -] volume service is down. (host: rack03-server59@lvm-1)
2022-08-02 20:07:00.536 7 WARNING cinder.scheduler.host_manager [req-bf91206f-df4f-451f-a8d6-f72aa3ef05aa ace0fea5fcc441e48e5a5bd0658f8ddc fab3d775022a4464a91d8347e0a94684 - - -] volume service is down. (host: rack03-server59@lvm-1)
2022-08-02 20:07:00.755 7 WARNING cinder.scheduler.host_manager [req-48e2850b-e13d-46d6-8e76-aeba5e0eed06 f34937840cdc4edf9eecd60887d2b37b 048e05da6d2a4cb2b9f6d68053b661b1 - - -] volume service is down. (host: rack03-server59@lvm-1)
2022-08-02 20:07:00.830 7 WARNING cinder.scheduler.host_manager [req-39f0445c-0ee7-46f1-9c9e-f05256106b46 baec706e1ed2432db652ef9f0349f7d1 c5a6ec74fc84486285f26f91943a5be1 - - -] volume service is down. (host: rack03-server59@lvm-1)
2022-08-02 20:07:01.145 7 WARNING cinder.scheduler.host_manager [req-de6e0a36-d04d-44c0-98a2-4c6e200648bc baec706e1ed2432db652ef9f0349f7d1 c5a6ec74fc84486285f26f91943a5be1 - - -] volume service is down. (host: rack03-server59@lvm-1)
2022-08-02 20:07:01.421 7 WARNING cinder.scheduler.host_manager [req-7ddeb905-adae-4bbc-b63f-33ed92f73c25 baec706e1ed2432db652ef9f0349f7d1 c5a6ec74fc84486285f26f91943a5be1 - - -] volume service is down. (host: rack03-server59@lvm-1)
2022-08-02 20:07:01.756 7 WARNING cinder.scheduler.host_manager [req-bbc8e396-40a5-452f-99ed-40e8c4bb53f1 baec706e1ed2432db652ef9f0349f7d1 c5a6ec74fc84486285f26f91943a5be1 - - -] volume service is down. (host: rack03-server59@lvm-1)
2022-08-02 20:07:02.054 7 WARNING cinder.scheduler.host_manager [req-8ab6affb-17c8-4a7a-8bba-e98aaf9b5c9d baec706e1ed2432db652ef9f0349f7d1 c5a6ec74fc84486285f26f91943a5be1 - - -] volume service is down. (host: rack03-server59@lvm-1)
2022-08-02 20:07:03.182 7 WARNING cinder.scheduler.host_manager [req-201dc086-1184-4de7-bcd7-f8dae54bce3c f34937840cdc4edf9eecd60887d2b37b 048e05da6d2a4cb2b9f6d68053b661b1 - - -] volume service is down. (host: rack03-server59@lvm-1)
2022-08-02 20:07:03.463 7 WARNING cinder.scheduler.host_manager [req-8d509693-8571-4884-b234-d7b0f313dde0 f34937840cdc4edf9eecd60887d2b37b 048e05da6d2a4cb2b9f6d68053b661b1 - - -] volume service is down. (host: rack03-server59@lvm-1)
2022-08-02 20:07:03.747 7 WARNING cinder.scheduler.host_manager [req-7615f955-066a-4cba-a9c4-d1db0c77a633 f34937840cdc4edf9eecd60887d2b37b 048e05da6d2a4cb2b9f6d68053b661b1 - - -] volume service is down. (host: rack03-server59@lvm-1)
2022-08-02 20:07:04.010 7 WARNING cinder.scheduler.host_manager [req-6d2bc876-0ba7-446a-b21d-73879323126c f34937840cdc4edf9eecd60887d2b37b 048e05da6d2a4cb2b9f6d68053b661b1 - - -] volume service is down. (host: rack03-server59@lvm-1)
2022-08-02 20:07:04.308 7 WARNING cinder.scheduler.host_manager [req-f889c035-ac78-4f69-8ba6-d03f038a3a32 f34937840cdc4edf9eecd60887d2b37b 048e05da6d2a4cb2b9f6d68053b661b1 - - -] volume service is down. (host: rack03-server59@lvm-1)
2022-08-02 20:07:10.891 7 WARNING cinder.scheduler.host_manager [req-1f2fbc28-d8a6-4225-ae8d-1fb4d02597bc 95af80bf8f4a4dd6938187b98397e358 4bdcac6cbd924b4d8f6f747440bd29c0 - - -] volume service is down. (host: rack03-server59@lvm-1)
2022-08-02 20:07:13.402 7 WARNING cinder.scheduler.host_manager [req-b48e8a9f-1cf6-48cd-a47d-9448f846667a 95af80bf8f4a4dd6938187b98397e358 4bdcac6cbd924b4d8f6f747440bd29c0 - - -] volume service is down. (host: rack03-server59@lvm-1)
2022-08-02 20:07:15.786 7 WARNING cinder.scheduler.host_manager [req-15544dc6-2aa4-4520-9f5e-9cc6725cc0d3 95af80bf8f4a4dd6938187b98397e358 4bdcac6cbd924b4d8f6f747440bd29c0 - - -] volume service is down. (host: rack03-server59@lvm-1)
