Build Started 23_08_2022_23_05_07
2022-08-24 02:06:58.774 7 WARNING cinder.scheduler.host_manager [req-7dc8c9b6-441f-49fb-9407-0669dfd48107 req-37be0b3c-b354-48f7-917a-ae2f33b1f956 9e7f9e4f77e7435ab1a11989c6133a7b 4fdf23251f1348c2b343e05ec014ae5d - - - -] volume service is down. (host: rack08-server59@lvm-1)
2022-08-24 02:06:58.905 7 WARNING cinder.scheduler.host_manager [None req-7c9921af-88cd-4e7e-a888-8c6db9847f2c a58d38ebcaf84564b20d506916ad610d 34f6d7352c7a4a1886adb780c8b147e6 - - - -] volume service is down. (host: rack08-server59@lvm-1)
2022-08-24 02:06:58.908 7 WARNING cinder.scheduler.host_manager [None req-b36aeda8-ebda-4cfc-bff4-b77124133174 47741c56a81e423e8b6883c7e4e226b0 e5c5315e914d4422b0c56e2657b5833e - - - -] volume service is down. (host: rack08-server59@lvm-1)
2022-08-24 02:07:05.821 7 WARNING cinder.scheduler.host_manager [None req-74792251-fe15-4f1d-b9ae-86399a8acc64 aea95a7aa528466b9b35aeb807ef1678 4867c60b0f644f488d16f4b94a7baf69 - - - -] volume service is down. (host: rack08-server59@lvm-1)
2022-08-24 02:07:05.827 7 WARNING cinder.scheduler.host_manager [None req-74792251-fe15-4f1d-b9ae-86399a8acc64 aea95a7aa528466b9b35aeb807ef1678 4867c60b0f644f488d16f4b94a7baf69 - - - -] volume service is down. (host: rack08-server59@lvm-1)
2022-08-24 02:07:07.321 7 WARNING cinder.scheduler.host_manager [None req-511b758c-13c1-4316-899b-9778ee8679a6 aea95a7aa528466b9b35aeb807ef1678 4867c60b0f644f488d16f4b94a7baf69 - - - -] volume service is down. (host: rack08-server59@lvm-1)
2022-08-24 02:07:08.602 7 WARNING cinder.scheduler.host_manager [None req-f5cf6dd3-42dc-4550-b7a5-d7c6139fcc92 aea95a7aa528466b9b35aeb807ef1678 4867c60b0f644f488d16f4b94a7baf69 - - - -] volume service is down. (host: rack08-server59@lvm-1)
2022-08-24 02:07:18.786 7 WARNING cinder.scheduler.host_manager [None req-0fc39cf5-5357-4ddb-a915-6b8fa7dba248 0571c4fb74074d098779d0547f19d197 23a7a6a9474e414b96b4dfc0fc1ba62e - - - -] volume service is down. (host: rack08-server59@lvm-1)
2022-08-24 02:07:18.793 7 WARNING cinder.scheduler.host_manager [None req-0fc39cf5-5357-4ddb-a915-6b8fa7dba248 0571c4fb74074d098779d0547f19d197 23a7a6a9474e414b96b4dfc0fc1ba62e - - - -] volume service is down. (host: rack08-server59@lvm-1)
2022-08-24 02:07:23.046 7 WARNING cinder.scheduler.host_manager [None req-96987971-abb9-4c50-b9fd-00cbb48c8b68 47741c56a81e423e8b6883c7e4e226b0 e5c5315e914d4422b0c56e2657b5833e - - - -] volume service is down. (host: rack08-server59@lvm-1)
2022-08-24 02:07:26.592 7 WARNING cinder.scheduler.host_manager [None req-0ca8c20c-ac16-4e13-9584-22863c66aa73 47741c56a81e423e8b6883c7e4e226b0 e5c5315e914d4422b0c56e2657b5833e - - - -] volume service is down. (host: rack08-server59@lvm-1)
2022-08-24 02:07:36.840 7 WARNING cinder.scheduler.host_manager [None req-217b20d9-f91f-49d8-ba04-d46dacb31aa3 b204f8e7f15c45899fe1dff217eaf5b6 fffa3a02381e4314ac73629a0a9cf650 - - - -] volume service is down. (host: rack08-server59@lvm-1)
2022-08-24 02:07:38.226 7 WARNING cinder.scheduler.host_manager [None req-528c30d8-d130-4e32-81ef-65ba50f37a50 b204f8e7f15c45899fe1dff217eaf5b6 fffa3a02381e4314ac73629a0a9cf650 - - - -] volume service is down. (host: rack08-server59@lvm-1)
2022-08-24 02:07:44.172 7 WARNING cinder.scheduler.host_manager [None req-9e9692e0-a560-46a4-9132-a5a845673526 a58d38ebcaf84564b20d506916ad610d 34f6d7352c7a4a1886adb780c8b147e6 - - - -] volume service is down. (host: rack08-server59@lvm-1)
2022-08-24 02:07:44.287 7 WARNING cinder.scheduler.host_manager [None req-9a2062f8-26a6-4911-8399-0191e785a9d8 47741c56a81e423e8b6883c7e4e226b0 e5c5315e914d4422b0c56e2657b5833e - - - -] volume service is down. (host: rack08-server59@lvm-1)
2022-08-24 02:07:45.531 7 WARNING cinder.scheduler.host_manager [None req-50d59108-895c-40ed-a818-2c6c8f8d7200 47741c56a81e423e8b6883c7e4e226b0 e5c5315e914d4422b0c56e2657b5833e - - - -] volume service is down. (host: rack08-server59@lvm-1)
2022-08-24 02:07:48.039 7 WARNING cinder.scheduler.host_manager [None req-8a89b026-ac95-4641-aaa8-035d861733c1 47741c56a81e423e8b6883c7e4e226b0 e5c5315e914d4422b0c56e2657b5833e - - - -] volume service is down. (host: rack08-server59@lvm-1)
2022-08-24 02:07:50.565 7 WARNING cinder.scheduler.host_manager [None req-f00beaef-006c-4007-9d2c-c7c9cb92bd23 47741c56a81e423e8b6883c7e4e226b0 e5c5315e914d4422b0c56e2657b5833e - - - -] volume service is down. (host: rack08-server59@lvm-1)
2022-08-24 02:07:51.789 7 WARNING cinder.scheduler.host_manager [None req-5bcc713a-5a42-473a-9151-dce2b962cca1 47741c56a81e423e8b6883c7e4e226b0 e5c5315e914d4422b0c56e2657b5833e - - - -] volume service is down. (host: rack08-server59@lvm-1)
2022-08-24 02:07:54.259 7 WARNING cinder.scheduler.host_manager [None req-5b191793-6bf5-4505-8bf0-d1c0e007468a 47741c56a81e423e8b6883c7e4e226b0 e5c5315e914d4422b0c56e2657b5833e - - - -] volume service is down. (host: rack08-server59@lvm-1)
2022-08-24 02:08:01.731 7 WARNING cinder.scheduler.host_manager [None req-0c76a6fa-8ec0-4c1f-838c-a182a69138bd a546cdbf88ac45c5a5e2b7589b1147fb c3edccdeeb004a899ded191bde93265f - - - -] volume service is down. (host: rack08-server59@lvm-1)
2022-08-24 02:08:04.229 7 WARNING cinder.scheduler.host_manager [None req-4a71a278-6c57-4153-a581-2b90ed8c9ed2 a546cdbf88ac45c5a5e2b7589b1147fb c3edccdeeb004a899ded191bde93265f - - - -] volume service is down. (host: rack08-server59@lvm-1)
2022-08-24 02:08:06.727 7 WARNING cinder.scheduler.host_manager [None req-375ba81b-3120-4912-9cea-30c727f0dd1b a546cdbf88ac45c5a5e2b7589b1147fb c3edccdeeb004a899ded191bde93265f - - - -] volume service is down. (host: rack08-server59@lvm-1)
2022-08-24 02:08:08.475 7 WARNING cinder.scheduler.host_manager [None req-a1acac95-5121-4308-8ee6-48e40fbc5c23 6a043e06f1614096af2bb92650cd527a dc42595843e444e1a36ea8c499ba480b - - - -] volume service is down. (host: rack08-server59@lvm-1)
2022-08-24 02:08:19.971 7 WARNING cinder.scheduler.host_manager [None req-80c81d0a-345a-4025-86f0-01840e39f897 b19c70915e94405488244b9d4ac63c75 c520078603124811bd886a4bf2acdda0 - - - -] volume service is down. (host: rack08-server59@lvm-1)
2022-08-24 02:08:29.691 7 WARNING cinder.scheduler.host_manager [req-9d468df1-a533-4c9a-815f-6e6ae8dcdb0c req-e15a8c6d-c90e-4477-9947-320c65f63e75 0d0982ea9fe444e8932bb36b30a58d84 27bca12e55634874a7fae57cdb58b31b - - - -] volume service is down. (host: rack08-server59@lvm-1)
2022-08-24 02:08:31.103 7 WARNING cinder.scheduler.host_manager [req-70ab1c14-40a5-4c1d-9247-0ea83043264e req-39e43d0d-c497-4666-8c09-d208c774e566 0d0982ea9fe444e8932bb36b30a58d84 27bca12e55634874a7fae57cdb58b31b - - - -] volume service is down. (host: rack08-server59@lvm-1)
2022-08-24 02:08:36.230 7 WARNING cinder.scheduler.host_manager [None req-06afd606-29b4-4927-92d0-0b3afeeb527b 2afa98953a56407e90afe55a16006902 0b89f982b5304cecb3b5eb7279c27fd6 - - - -] volume service is down. (host: rack08-server59@lvm-1)
2022-08-24 02:08:37.489 7 WARNING cinder.scheduler.host_manager [None req-b5b57b9a-14de-4565-b3c6-cac685db8520 2afa98953a56407e90afe55a16006902 0b89f982b5304cecb3b5eb7279c27fd6 - - - -] volume service is down. (host: rack08-server59@lvm-1)
2022-08-24 02:08:37.597 7 WARNING cinder.scheduler.host_manager [None req-00cf747d-6993-4c0c-bcbe-d659985a0c51 fb6286eac20c41a1b1f7f0708fe84e05 4b4fb12f7bae4e37b98755c13dbf2990 - - - -] volume service is down. (host: rack08-server59@lvm-1)
2022-08-24 02:08:40.110 7 WARNING cinder.scheduler.host_manager [None req-4f9a1060-ccbd-4a71-a13e-fa5cca6ada5f fb6286eac20c41a1b1f7f0708fe84e05 4b4fb12f7bae4e37b98755c13dbf2990 - - - -] volume service is down. (host: rack08-server59@lvm-1)
2022-08-24 02:08:42.677 7 WARNING cinder.scheduler.host_manager [None req-6c3bb26b-0c46-496b-87ad-329762b96913 fb6286eac20c41a1b1f7f0708fe84e05 4b4fb12f7bae4e37b98755c13dbf2990 - - - -] volume service is down. (host: rack08-server59@lvm-1)
2022-08-24 02:08:49.338 7 WARNING cinder.scheduler.host_manager [None req-b8486697-6264-4eb7-abe5-0925ebb3498b cd55e76a74fc4db7b0e85d37e483fab9 ea42c40439d848269c5085de5e7b47f1 - - - -] volume service is down. (host: rack08-server59@lvm-1)
2022-08-24 02:08:54.365 7 WARNING cinder.scheduler.host_manager [None req-ee4cbea6-a500-4417-be6f-6d53ead16fb9 8b0d3ee732ea4bccbf5ee5e3baebf696 d712156acae646f8a1c8cfa6f8e9e4b4 - - - -] volume service is down. (host: rack08-server59@lvm-1)
2022-08-24 02:08:54.405 7 WARNING cinder.scheduler.host_manager [None req-746c57af-145d-40eb-9281-966e98145c71 8b0d3ee732ea4bccbf5ee5e3baebf696 d712156acae646f8a1c8cfa6f8e9e4b4 - - - -] volume service is down. (host: rack08-server59@lvm-1)
2022-08-24 02:08:54.775 7 WARNING cinder.scheduler.host_manager [None req-feca3018-c20f-41d1-8187-c86f0219d35d a4a53f96e0784e62a8d3836f4b9232f5 d6f817a12e2542c59fc2048834fc1b64 - - - -] volume service is down. (host: rack08-server59@lvm-1)
2022-08-24 02:08:56.044 7 WARNING cinder.scheduler.host_manager [None req-8770fdca-70f1-450d-8e65-faa757f9fbc7 a4a53f96e0784e62a8d3836f4b9232f5 d6f817a12e2542c59fc2048834fc1b64 - - - -] volume service is down. (host: rack08-server59@lvm-1)
2022-08-24 02:08:58.305 7 WARNING cinder.scheduler.host_manager [None req-101f75c0-b9bd-480c-aa78-385bd302aca0 a4a53f96e0784e62a8d3836f4b9232f5 d6f817a12e2542c59fc2048834fc1b64 - - - -] volume service is down. (host: rack08-server59@lvm-1)
2022-08-24 02:09:02.282 7 WARNING cinder.scheduler.host_manager [None req-e8f74c02-f91e-4cb2-b5f7-c5518c550aa8 a4a53f96e0784e62a8d3836f4b9232f5 d6f817a12e2542c59fc2048834fc1b64 - - - -] volume service is down. (host: rack08-server59@lvm-1)
2022-08-24 02:09:03.041 7 WARNING cinder.scheduler.host_manager [None req-51dfebeb-6af5-4f32-89c4-dd23aa2b4bd3 5823f06615c64fc68e218b9e84e021ca 73dfb5c93a9442c8990f5cf37273ddd9 - - - -] volume service is down. (host: rack08-server59@lvm-1)
2022-08-24 02:09:03.048 7 WARNING cinder.scheduler.host_manager [None req-51dfebeb-6af5-4f32-89c4-dd23aa2b4bd3 5823f06615c64fc68e218b9e84e021ca 73dfb5c93a9442c8990f5cf37273ddd9 - - - -] volume service is down. (host: rack08-server59@lvm-1)
2022-08-24 02:09:03.525 7 WARNING cinder.scheduler.host_manager [None req-ac6a6582-9406-43ab-abfa-550024e67304 a4a53f96e0784e62a8d3836f4b9232f5 d6f817a12e2542c59fc2048834fc1b64 - - - -] volume service is down. (host: rack08-server59@lvm-1)
2022-08-24 02:09:04.552 7 WARNING cinder.scheduler.host_manager [None req-cf74c159-6aa7-41d2-9524-e3b9a63295b3 5823f06615c64fc68e218b9e84e021ca 73dfb5c93a9442c8990f5cf37273ddd9 - - - -] volume service is down. (host: rack08-server59@lvm-1)
2022-08-24 02:09:05.977 7 WARNING cinder.scheduler.host_manager [None req-ce22d0b9-e319-457e-8e6a-2f3d327888d4 a4a53f96e0784e62a8d3836f4b9232f5 d6f817a12e2542c59fc2048834fc1b64 - - - -] volume service is down. (host: rack08-server59@lvm-1)
2022-08-24 02:09:08.174 7 WARNING cinder.scheduler.host_manager [None req-8a8da105-0086-45f3-b648-54f5668db662 5823f06615c64fc68e218b9e84e021ca 73dfb5c93a9442c8990f5cf37273ddd9 - - - -] volume service is down. (host: rack08-server59@lvm-1)
2022-08-24 02:09:12.433 7 WARNING cinder.scheduler.host_manager [None req-c9d8b59d-d3e8-47a8-ad80-be97e01f96e7 22c67b6f29e544978050bfbcdb99d37b cdd9f3b43fba457196f77a38c075ae8c - - - -] volume service is down. (host: rack08-server59@lvm-1)
2022-08-24 02:09:13.879 7 WARNING cinder.scheduler.host_manager [None req-400be12e-ce7e-46a6-b198-eef05cb13819 5823f06615c64fc68e218b9e84e021ca 73dfb5c93a9442c8990f5cf37273ddd9 - - - -] volume service is down. (host: rack08-server59@lvm-1)
2022-08-24 02:09:13.886 7 WARNING cinder.scheduler.host_manager [None req-400be12e-ce7e-46a6-b198-eef05cb13819 5823f06615c64fc68e218b9e84e021ca 73dfb5c93a9442c8990f5cf37273ddd9 - - - -] volume service is down. (host: rack08-server59@lvm-1)
2022-08-24 02:09:15.362 7 WARNING cinder.scheduler.host_manager [None req-baf1c7e8-409c-42b4-ad9d-fbfab7900078 5823f06615c64fc68e218b9e84e021ca 73dfb5c93a9442c8990f5cf37273ddd9 - - - -] volume service is down. (host: rack08-server59@lvm-1)
2022-08-24 02:09:16.806 7 WARNING cinder.scheduler.host_manager [None req-265fdb5c-54a5-461f-9f39-e96e81bc3392 5823f06615c64fc68e218b9e84e021ca 73dfb5c93a9442c8990f5cf37273ddd9 - - - -] volume service is down. (host: rack08-server59@lvm-1)
2022-08-24 02:09:21.708 7 WARNING cinder.scheduler.host_manager [None req-e85bd6a2-2bf8-4179-8154-484cdc957bd4 c6488983d89943d997f9211e75c37c27 fc1ec97e9ef94f44b992f8c3f1d2cbc2 - - - -] volume service is down. (host: rack08-server59@lvm-1)
2022-08-24 02:09:25.392 7 WARNING cinder.scheduler.host_manager [None req-f47cee40-e422-4fda-ac8b-670aee3c2596 c6488983d89943d997f9211e75c37c27 fc1ec97e9ef94f44b992f8c3f1d2cbc2 - - - -] volume service is down. (host: rack08-server59@lvm-1)
2022-08-24 02:09:29.119 7 WARNING cinder.scheduler.host_manager [None req-87cdeb51-d986-4b0a-b3d1-a43970f5dc25 5823f06615c64fc68e218b9e84e021ca 73dfb5c93a9442c8990f5cf37273ddd9 - - - -] volume service is down. (host: rack08-server59@lvm-1)
2022-08-24 02:09:29.126 7 WARNING cinder.scheduler.host_manager [None req-87cdeb51-d986-4b0a-b3d1-a43970f5dc25 5823f06615c64fc68e218b9e84e021ca 73dfb5c93a9442c8990f5cf37273ddd9 - - - -] volume service is down. (host: rack08-server59@lvm-1)
2022-08-24 02:09:30.555 7 WARNING cinder.scheduler.host_manager [None req-3ba5e8b9-284d-43ad-a2d4-2265313d4a8f 5823f06615c64fc68e218b9e84e021ca 73dfb5c93a9442c8990f5cf37273ddd9 - - - -] volume service is down. (host: rack08-server59@lvm-1)
2022-08-24 02:09:32.395 7 WARNING cinder.scheduler.host_manager [None req-76ee99b6-0f4c-4832-b837-cd68c33e4010 d9bd44df380c4e3d968aec9b613f2523 3609c861ade44689bbf393eac26f7d3c - - - -] volume service is down. (host: rack08-server59@lvm-1)
2022-08-24 02:09:55.281 7 WARNING cinder.scheduler.host_manager [None req-1793ce80-364d-4b64-8cc0-9dcb188b9e05 a746f024866344c38cdfd927682ad1f2 268d8862bba240bf8bb5826ff0ea1ee5 - - - -] volume service is down. (host: rack08-server59@lvm-1)
2022-08-24 02:09:55.287 7 WARNING cinder.scheduler.host_manager [None req-1793ce80-364d-4b64-8cc0-9dcb188b9e05 a746f024866344c38cdfd927682ad1f2 268d8862bba240bf8bb5826ff0ea1ee5 - - - -] volume service is down. (host: rack08-server59@lvm-1)
2022-08-24 02:09:56.491 7 WARNING cinder.scheduler.host_manager [None req-bd34b1ab-c41d-4030-b319-f5ec72052c64 a746f024866344c38cdfd927682ad1f2 268d8862bba240bf8bb5826ff0ea1ee5 - - - -] volume service is down. (host: rack08-server59@lvm-1)
2022-08-24 02:09:56.499 7 WARNING cinder.scheduler.host_manager [None req-bd34b1ab-c41d-4030-b319-f5ec72052c64 a746f024866344c38cdfd927682ad1f2 268d8862bba240bf8bb5826ff0ea1ee5 - - - -] volume service is down. (host: rack08-server59@lvm-1)
2022-08-24 02:09:58.001 7 WARNING cinder.scheduler.host_manager [None req-e21d3f28-fe09-42a5-92e2-da663132900e a746f024866344c38cdfd927682ad1f2 268d8862bba240bf8bb5826ff0ea1ee5 - - - -] volume service is down. (host: rack08-server59@lvm-1)
2022-08-24 02:10:02.250 7 WARNING cinder.scheduler.host_manager [None req-949ea437-1d79-4ebd-96f8-9110f7123813 a746f024866344c38cdfd927682ad1f2 268d8862bba240bf8bb5826ff0ea1ee5 - - - -] volume service is down. (host: rack08-server59@lvm-1)
2022-08-24 02:10:02.256 7 WARNING cinder.scheduler.host_manager [None req-949ea437-1d79-4ebd-96f8-9110f7123813 a746f024866344c38cdfd927682ad1f2 268d8862bba240bf8bb5826ff0ea1ee5 - - - -] volume service is down. (host: rack08-server59@lvm-1)
2022-08-24 02:10:03.710 7 WARNING cinder.scheduler.host_manager [None req-e266f5dc-ef3f-49a6-b35f-6cd22be3c09c a746f024866344c38cdfd927682ad1f2 268d8862bba240bf8bb5826ff0ea1ee5 - - - -] volume service is down. (host: rack08-server59@lvm-1)
2022-08-24 02:10:05.153 7 WARNING cinder.scheduler.host_manager [None req-823919bb-6bc7-4338-8e8f-dbcfa1f8b2bf a746f024866344c38cdfd927682ad1f2 268d8862bba240bf8bb5826ff0ea1ee5 - - - -] volume service is down. (host: rack08-server59@lvm-1)
2022-08-24 02:10:20.936 7 WARNING cinder.scheduler.host_manager [None req-a9b4d3ea-99c6-4da3-8766-87f3bfbb76e3 a419bf36845b4e1e9201369cd86c8812 6ad80200560e48aa84a8f63ccc86586d - - - -] volume service is down. (host: rack08-server59@lvm-1)
2022-08-24 02:10:22.253 7 WARNING cinder.scheduler.host_manager [None req-884977b6-d0db-47fb-8bdc-8ef1b86e93d2 a419bf36845b4e1e9201369cd86c8812 6ad80200560e48aa84a8f63ccc86586d - - - -] volume service is down. (host: rack08-server59@lvm-1)
2022-08-24 02:10:24.844 7 WARNING cinder.scheduler.host_manager [None req-887917fc-5e40-49a2-ac6e-56ee89cbf301 a419bf36845b4e1e9201369cd86c8812 6ad80200560e48aa84a8f63ccc86586d - - - -] volume service is down. (host: rack08-server59@lvm-1)
2022-08-24 02:10:28.404 7 WARNING cinder.scheduler.host_manager [None req-3ad6fa8d-f3da-4278-bbdd-d9b9328de1e4 a419bf36845b4e1e9201369cd86c8812 6ad80200560e48aa84a8f63ccc86586d - - - -] volume service is down. (host: rack08-server59@lvm-1)
2022-08-24 02:10:31.962 7 WARNING cinder.scheduler.host_manager [None req-26920789-0791-4456-beb8-510c1ace1abf a419bf36845b4e1e9201369cd86c8812 6ad80200560e48aa84a8f63ccc86586d - - - -] volume service is down. (host: rack08-server59@lvm-1)
2022-08-24 02:10:35.564 7 WARNING cinder.scheduler.host_manager [None req-5f1f7109-4642-4773-9dc6-e6a67e0ba57e a419bf36845b4e1e9201369cd86c8812 6ad80200560e48aa84a8f63ccc86586d - - - -] volume service is down. (host: rack08-server59@lvm-1)
2022-08-24 02:10:46.522 7 WARNING cinder.scheduler.host_manager [None req-66c977f8-0b7d-4ac3-a46e-0c7fbf8bb887 e66ebf67bdfb459c84248eccbd2bb3fa 536b2440e54d4d3aabf5a731ea7e0619 - - - -] volume service is down. (host: rack08-server59@lvm-1)
2022-08-24 02:10:46.523 7 INFO cinder.scheduler.base_filter [None req-66c977f8-0b7d-4ac3-a46e-0c7fbf8bb887 e66ebf67bdfb459c84248eccbd2bb3fa 536b2440e54d4d3aabf5a731ea7e0619 - - - -] Filtering removed all hosts for the request with volume ID '52853e29-339b-4cfd-940e-6572d598372a'. Filter results: AvailabilityZoneFilter: (start: 1, end: 1), CapacityFilter: (start: 1, end: 1), CapabilitiesFilter: (start: 1, end: 0)
2022-08-24 02:10:46.524 7 WARNING cinder.scheduler.filter_scheduler [None req-66c977f8-0b7d-4ac3-a46e-0c7fbf8bb887 e66ebf67bdfb459c84248eccbd2bb3fa 536b2440e54d4d3aabf5a731ea7e0619 - - - -] No weighed backend found for volume with properties: {'id': 'da497995-2c69-4f1a-88a3-951f34851004', 'name': 'tempest-UserMessagesTest-volume-type-326713842', 'description': None, 'is_public': True, 'projects': [], 'extra_specs': {'storage_protocol': 'tempest-storage_protocol-1977423682', 'vendor_name': 'tempest-vendor_name-2073493399'}, 'qos_specs_id': None, 'created_at': '2022-08-23T23:10:45.000000', 'updated_at': None, 'deleted_at': None, 'deleted': False}
2022-08-24 02:10:46.525 7 INFO cinder.message.api [None req-66c977f8-0b7d-4ac3-a46e-0c7fbf8bb887 e66ebf67bdfb459c84248eccbd2bb3fa 536b2440e54d4d3aabf5a731ea7e0619 - - - -] Creating message record for request_id = req-66c977f8-0b7d-4ac3-a46e-0c7fbf8bb887
2022-08-24 02:10:46.529 7 ERROR cinder.scheduler.flows.create_volume [None req-66c977f8-0b7d-4ac3-a46e-0c7fbf8bb887 e66ebf67bdfb459c84248eccbd2bb3fa 536b2440e54d4d3aabf5a731ea7e0619 - - - -] Failed to run task cinder.scheduler.flows.create_volume.ScheduleCreateVolumeTask;volume:create: No valid backend was found. No weighed backends available: cinder.exception.NoValidBackend: No valid backend was found. No weighed backends available
2022-08-24 02:10:48.108 7 WARNING cinder.scheduler.host_manager [None req-2318080f-4543-4f39-b3f1-d54e7db4665f e66ebf67bdfb459c84248eccbd2bb3fa 536b2440e54d4d3aabf5a731ea7e0619 - - - -] volume service is down. (host: rack08-server59@lvm-1)
2022-08-24 02:10:48.109 7 INFO cinder.scheduler.base_filter [None req-2318080f-4543-4f39-b3f1-d54e7db4665f e66ebf67bdfb459c84248eccbd2bb3fa 536b2440e54d4d3aabf5a731ea7e0619 - - - -] Filtering removed all hosts for the request with volume ID 'c1062f07-8d1e-4901-bb57-aeced426786d'. Filter results: AvailabilityZoneFilter: (start: 1, end: 1), CapacityFilter: (start: 1, end: 1), CapabilitiesFilter: (start: 1, end: 0)
2022-08-24 02:10:48.109 7 WARNING cinder.scheduler.filter_scheduler [None req-2318080f-4543-4f39-b3f1-d54e7db4665f e66ebf67bdfb459c84248eccbd2bb3fa 536b2440e54d4d3aabf5a731ea7e0619 - - - -] No weighed backend found for volume with properties: {'id': 'ec062d10-5c52-4a0c-8eb4-ffa7983af648', 'name': 'tempest-UserMessagesTest-volume-type-1371342418', 'description': None, 'is_public': True, 'projects': [], 'extra_specs': {'storage_protocol': 'tempest-storage_protocol-274922288', 'vendor_name': 'tempest-vendor_name-994665525'}, 'qos_specs_id': None, 'created_at': '2022-08-23T23:10:47.000000', 'updated_at': None, 'deleted_at': None, 'deleted': False}
2022-08-24 02:10:48.110 7 INFO cinder.message.api [None req-2318080f-4543-4f39-b3f1-d54e7db4665f e66ebf67bdfb459c84248eccbd2bb3fa 536b2440e54d4d3aabf5a731ea7e0619 - - - -] Creating message record for request_id = req-2318080f-4543-4f39-b3f1-d54e7db4665f
2022-08-24 02:10:48.114 7 ERROR cinder.scheduler.flows.create_volume [None req-2318080f-4543-4f39-b3f1-d54e7db4665f e66ebf67bdfb459c84248eccbd2bb3fa 536b2440e54d4d3aabf5a731ea7e0619 - - - -] Failed to run task cinder.scheduler.flows.create_volume.ScheduleCreateVolumeTask;volume:create: No valid backend was found. No weighed backends available: cinder.exception.NoValidBackend: No valid backend was found. No weighed backends available
2022-08-24 02:10:54.173 7 WARNING cinder.scheduler.host_manager [None req-c0804e1d-2b51-419e-9bda-0d598932ad15 7d79ebc11fa44755aa1d9d1c5b4cb39a 43faa1b26f27468d991d6883d4ca13f8 - - - -] volume service is down. (host: rack08-server59@lvm-1)
2022-08-24 02:11:01.426 7 WARNING cinder.scheduler.host_manager [None req-8647885e-2563-4ac4-8d93-da1770c05402 9571bb12cf8b40c9868c5cbc2a0c7974 803428a0edc047f98e600dac9a5d0b49 - - - -] volume service is down. (host: rack08-server59@lvm-1)
2022-08-24 02:11:04.098 7 WARNING cinder.scheduler.host_manager [None req-4e4abeed-9117-4ed2-b4a7-b09ca92ae817 9571bb12cf8b40c9868c5cbc2a0c7974 803428a0edc047f98e600dac9a5d0b49 - - - -] volume service is down. (host: rack08-server59@lvm-1)
2022-08-24 02:11:14.515 7 WARNING cinder.scheduler.host_manager [None req-38bf84c0-345c-484b-9829-e9d2577a036c 3d4deab68a4c4e579c6caaeaa083d15b 7aae1736ebf8418291929a682adabed2 - - - -] volume service is down. (host: rack08-server59@lvm-1)
2022-08-24 02:11:23.235 7 WARNING cinder.scheduler.host_manager [None req-59d156b3-8b2b-4bbb-91bf-c5ea44768dbf 5c3364a401c542aca140f45871061287 7750194447a94a6a903b142cf21aa0b8 - - - -] volume service is down. (host: rack08-server59@lvm-1)
2022-08-24 02:11:36.207 7 WARNING cinder.scheduler.host_manager [None req-5ce9ac86-483a-453e-843b-42333d753313 bc3ec6cb809e4f0a8c0de5730651184b 900afee8a27a4b78a346ff4315ace87c - - - -] volume service is down. (host: rack08-server59@lvm-1)
2022-08-24 02:11:37.502 7 WARNING cinder.scheduler.host_manager [None req-31cf95fe-a9ea-4e2b-83f9-b4b952d807c6 bc3ec6cb809e4f0a8c0de5730651184b 900afee8a27a4b78a346ff4315ace87c - - - -] volume service is down. (host: rack08-server59@lvm-1)
2022-08-24 02:16:19.986 7 WARNING cinder.scheduler.host_manager [None req-02973504-9736-43b6-ae11-1bf499101765 5e227c440d74459f8e21d3a2f4f79633 a7f434a606a045bfbb0d9a1c25550916 - - - -] volume service is down. (host: rack08-server59@lvm-1)
2022-08-24 02:16:22.805 7 WARNING cinder.scheduler.host_manager [None req-1968bb07-3151-45b6-99a7-6816b1aef8d2 5e227c440d74459f8e21d3a2f4f79633 a7f434a606a045bfbb0d9a1c25550916 - - - -] volume service is down. (host: rack08-server59@lvm-1)
2022-08-24 02:16:25.460 7 WARNING cinder.scheduler.host_manager [None req-9a8049d8-eda3-4d26-a8b2-9e80f7900334 5e227c440d74459f8e21d3a2f4f79633 a7f434a606a045bfbb0d9a1c25550916 - - - -] volume service is down. (host: rack08-server59@lvm-1)
2022-08-24 02:16:28.099 7 WARNING cinder.scheduler.host_manager [None req-d3c8c619-8a72-4b41-86e1-a927e490464f 5e227c440d74459f8e21d3a2f4f79633 a7f434a606a045bfbb0d9a1c25550916 - - - -] volume service is down. (host: rack08-server59@lvm-1)
2022-08-24 02:16:30.752 7 WARNING cinder.scheduler.host_manager [None req-5af4d845-b67d-4b05-94cd-fb9f8c74880c 5e227c440d74459f8e21d3a2f4f79633 a7f434a606a045bfbb0d9a1c25550916 - - - -] volume service is down. (host: rack08-server59@lvm-1)
2022-08-24 02:16:42.076 7 WARNING cinder.scheduler.host_manager [None req-5bd7da79-ba3d-42d8-b3e6-d7aa939382af 3f880cdeefe14afaaae138320358d9b3 8c3030fbb11f495aa09264c6b333ed53 - - - -] volume service is down. (host: rack08-server59@lvm-1)
2022-08-24 02:16:46.910 7 WARNING cinder.scheduler.host_manager [None req-477930b8-8e53-4aac-bb1b-5900c7e83b72 3f880cdeefe14afaaae138320358d9b3 8c3030fbb11f495aa09264c6b333ed53 - - - -] volume service is down. (host: rack08-server59@lvm-1)
2022-08-24 02:16:53.933 7 WARNING cinder.scheduler.host_manager [None req-830253ff-5860-4e26-8e3f-0750e5356a47 8b3e204632da4fc28b6c1dbcbf7dd764 34f90b05bdf44820a76c5491d30d64d6 - - - -] volume service is down. (host: rack08-server59@lvm-1)
2022-08-24 02:17:00.675 7 WARNING cinder.scheduler.host_manager [None req-679b3c75-e8c7-479e-95f5-083d1e162152 a734633e9f914dfdb447d17f09181ac8 1e56befaf50d4f589b1b2ca910c85092 - - - -] volume service is down. (host: rack08-server59@lvm-1)
2022-08-24 02:19:09.250 7 WARNING cinder.scheduler.host_manager [None req-aad3ee5a-c7b4-425e-b36b-8746cef6a644 4144ea78d344497ead0ffaf4da847dd3 4caa8ae996c144da94ceeda487f37e86 - - - -] volume service is down. (host: rack08-server59@lvm-1)
2022-08-24 02:19:21.276 7 WARNING cinder.scheduler.host_manager [None req-30df3590-8e3c-410c-817d-0d01d9d51a3d 4144ea78d344497ead0ffaf4da847dd3 4caa8ae996c144da94ceeda487f37e86 - - - -] volume service is down. (host: rack08-server59@lvm-1)
2022-08-24 02:19:26.957 7 WARNING cinder.scheduler.host_manager [None req-7eecdf09-4d47-444a-8d77-719bd518f008 4144ea78d344497ead0ffaf4da847dd3 4caa8ae996c144da94ceeda487f37e86 - - - -] volume service is down. (host: rack08-server59@lvm-1)
2022-08-24 02:19:28.436 7 WARNING cinder.scheduler.host_manager [None req-e4f4e941-e4dc-4a39-8e95-92eb02c3e5ea 4144ea78d344497ead0ffaf4da847dd3 4caa8ae996c144da94ceeda487f37e86 - - - -] volume service is down. (host: rack08-server59@lvm-1)
2022-08-24 02:19:38.294 7 WARNING cinder.scheduler.host_manager [None req-3e2c531d-bbaf-4522-81e5-6af678a894ae 9390f28e86754c1d914a35c4a618bda3 9346d49ce1dc49ed85610a2b67812a6a - - - -] volume service is down. (host: rack08-server59@lvm-1)
2022-08-24 02:19:49.124 7 WARNING cinder.scheduler.host_manager [None req-d024aa3a-c87e-4ced-a4b6-035db5579a3c 9390f28e86754c1d914a35c4a618bda3 9346d49ce1dc49ed85610a2b67812a6a - - - -] volume service is down. (host: rack08-server59@lvm-1)
2022-08-24 02:19:50.615 7 WARNING cinder.scheduler.host_manager [None req-48a3dcb1-2006-4879-8928-b6e1e95c19ec 9390f28e86754c1d914a35c4a618bda3 9346d49ce1dc49ed85610a2b67812a6a - - - -] volume service is down. (host: rack08-server59@lvm-1)
2022-08-24 02:19:51.914 7 WARNING cinder.scheduler.host_manager [None req-933b356e-1608-4b5c-be08-f97f73a55fa6 9390f28e86754c1d914a35c4a618bda3 9346d49ce1dc49ed85610a2b67812a6a - - - -] volume service is down. (host: rack08-server59@lvm-1)
2022-08-24 02:19:54.216 7 WARNING cinder.scheduler.host_manager [None req-6afd3e13-906e-438e-9147-7634d1b6359a 9390f28e86754c1d914a35c4a618bda3 9346d49ce1dc49ed85610a2b67812a6a - - - -] volume service is down. (host: rack08-server59@lvm-1)
2022-08-24 02:20:01.694 7 WARNING cinder.scheduler.host_manager [None req-cb62dc1e-d844-4d4f-95ed-a59c14668b68 3df058c750f444df9cd96547a416dd77 553dfabae60b48ac9a4b7b97267f2b70 - - - -] volume service is down. (host: rack08-server59@lvm-1)
2022-08-24 02:20:04.347 7 WARNING cinder.scheduler.host_manager [None req-45cad20e-8725-4ad4-858e-512cc5c09c74 3df058c750f444df9cd96547a416dd77 553dfabae60b48ac9a4b7b97267f2b70 - - - -] volume service is down. (host: rack08-server59@lvm-1)
2022-08-24 02:20:08.079 7 WARNING cinder.scheduler.host_manager [None req-2fd23d8d-2b27-48ea-b55c-5d2c505dddcc 3df058c750f444df9cd96547a416dd77 553dfabae60b48ac9a4b7b97267f2b70 - - - -] volume service is down. (host: rack08-server59@lvm-1)
2022-08-24 02:20:09.533 7 WARNING cinder.scheduler.host_manager [None req-c5903b2c-88bc-4c91-9433-b0a55c55bad3 3df058c750f444df9cd96547a416dd77 553dfabae60b48ac9a4b7b97267f2b70 - - - -] volume service is down. (host: rack08-server59@lvm-1)
2022-08-24 02:20:13.288 7 WARNING cinder.scheduler.host_manager [None req-6283bc6d-d9e2-4e4b-b6b8-e401a29a0779 3df058c750f444df9cd96547a416dd77 553dfabae60b48ac9a4b7b97267f2b70 - - - -] volume service is down. (host: rack08-server59@lvm-1)
2022-08-24 02:20:17.167 7 WARNING cinder.scheduler.host_manager [None req-ec3d5ee6-22a9-45f0-a5b6-8be3d616879b 3df058c750f444df9cd96547a416dd77 553dfabae60b48ac9a4b7b97267f2b70 - - - -] volume service is down. (host: rack08-server59@lvm-1)
2022-08-24 02:20:29.410 7 WARNING cinder.scheduler.host_manager [None req-5a11ca75-a4df-4b65-9d58-7115e2511c6a 3df058c750f444df9cd96547a416dd77 553dfabae60b48ac9a4b7b97267f2b70 - - - -] volume service is down. (host: rack08-server59@lvm-1)
2022-08-24 02:20:39.464 7 WARNING cinder.scheduler.host_manager [None req-7980f7d8-63d5-4a98-8676-c07866bab7ce 9669920ae1e74119b26bef21dfe86443 b5b605bdeb0a4864bf64a8237693dda0 - - - -] volume service is down. (host: rack08-server59@lvm-1)
2022-08-24 02:21:29.598 7 WARNING cinder.scheduler.host_manager [None req-a3e1bd91-2054-4449-8b7f-64e069783f99 a1d7e273003444a38455230983f0732e 7da6aa9a6f8e4a81b4ae0f621c578ad2 - - - -] volume service is down. (host: rack08-server59@lvm-1)
2022-08-24 02:21:32.110 7 WARNING cinder.scheduler.host_manager [None req-a41fc021-ab4a-4c6f-a1b9-4873d7888bbb a1d7e273003444a38455230983f0732e 7da6aa9a6f8e4a81b4ae0f621c578ad2 - - - -] volume service is down. (host: rack08-server59@lvm-1)
2022-08-24 02:21:34.605 7 WARNING cinder.scheduler.host_manager [None req-4aabd8df-763a-4210-ab91-fe12ada6a4bd a1d7e273003444a38455230983f0732e 7da6aa9a6f8e4a81b4ae0f621c578ad2 - - - -] volume service is down. (host: rack08-server59@lvm-1)
2022-08-24 02:25:26.079 7 WARNING cinder.scheduler.host_manager [None req-38fa82a1-8ab4-4bcb-9fdb-d4bb8ce9f64b 799d0dfd982a4dff8adc29727b757291 7778a0e131824ad3b269ef7a18cd46f7 - - - -] volume service is down. (host: rack08-server59@lvm-1)
2022-08-24 02:25:27.373 7 WARNING cinder.scheduler.host_manager [None req-f6117a7b-bbba-43a5-a602-ad964f2fe9a9 799d0dfd982a4dff8adc29727b757291 7778a0e131824ad3b269ef7a18cd46f7 - - - -] volume service is down. (host: rack08-server59@lvm-1)
2022-08-24 02:25:29.674 7 WARNING cinder.scheduler.host_manager [None req-2cf0d7bc-4535-4c5e-b2b0-a2a9928aa86b 799d0dfd982a4dff8adc29727b757291 7778a0e131824ad3b269ef7a18cd46f7 - - - -] volume service is down. (host: rack08-server59@lvm-1)
2022-08-24 02:25:31.947 7 WARNING cinder.scheduler.host_manager [None req-b14b9e5e-db61-46c3-b953-5ef3079e7144 799d0dfd982a4dff8adc29727b757291 7778a0e131824ad3b269ef7a18cd46f7 - - - -] volume service is down. (host: rack08-server59@lvm-1)
2022-08-24 02:25:42.324 7 WARNING cinder.scheduler.host_manager [None req-13953588-cae5-4d65-9e49-014d71371b2d 121c9cef453e4087b214eeddfa4f187a 7dfca944817840479e2319bc0eb28239 - - - -] volume service is down. (host: rack08-server59@lvm-1)
2022-08-24 02:25:43.614 7 WARNING cinder.scheduler.host_manager [None req-43acd341-cdc6-4dce-b7b4-15fd2492178c 121c9cef453e4087b214eeddfa4f187a 7dfca944817840479e2319bc0eb28239 - - - -] volume service is down. (host: rack08-server59@lvm-1)
2022-08-24 02:25:57.320 7 WARNING cinder.scheduler.host_manager [None req-8b412b2f-8096-4b23-90ba-179cccb59eef 73e7e6cb12034b64ad94b25bd2ae26ec 267ce3054dd64734938498bb78fd2b34 - - - -] volume service is down. (host: rack08-server59@lvm-1)
2022-08-24 02:25:57.371 7 WARNING cinder.scheduler.host_manager [None req-7fd38cb3-ed59-47d2-b071-c299fa1dc7e6 157dbc60ff84407bb9ea4e993908e877 16bac5d4bb3e4c67ab05e80592821d32 - - - -] volume service is down. (host: rack08-server59@lvm-1)
2022-08-24 02:25:57.405 7 WARNING cinder.scheduler.host_manager [None req-784fea5e-bcb2-478d-aa51-a4253ed4ac58 f971901210c14f4bb50958babbfdc1be 49976873c3e84b5382bad0a293b6e4e9 - - - -] volume service is down. (host: rack08-server59@lvm-1)
2022-08-24 02:25:57.638 7 WARNING cinder.scheduler.host_manager [None req-155ceb66-d4c7-47ce-93d1-615da8ad1160 f971901210c14f4bb50958babbfdc1be 49976873c3e84b5382bad0a293b6e4e9 - - - -] volume service is down. (host: rack08-server59@lvm-1)
2022-08-24 02:25:57.918 7 WARNING cinder.scheduler.host_manager [None req-e50e818b-a0ea-4e2f-85cc-ed7a9e9ef222 f971901210c14f4bb50958babbfdc1be 49976873c3e84b5382bad0a293b6e4e9 - - - -] volume service is down. (host: rack08-server59@lvm-1)
2022-08-24 02:25:58.197 7 WARNING cinder.scheduler.host_manager [None req-df3f8bc3-65df-4269-9174-d6e083ad5141 f971901210c14f4bb50958babbfdc1be 49976873c3e84b5382bad0a293b6e4e9 - - - -] volume service is down. (host: rack08-server59@lvm-1)
2022-08-24 02:25:58.475 7 WARNING cinder.scheduler.host_manager [None req-f503ddfb-c2fd-4d1d-a426-4aaa8cd89535 f971901210c14f4bb50958babbfdc1be 49976873c3e84b5382bad0a293b6e4e9 - - - -] volume service is down. (host: rack08-server59@lvm-1)
2022-08-24 02:25:58.553 7 WARNING cinder.scheduler.host_manager [None req-6ec8d9d8-8f37-41f2-93df-f0b36861fbd3 73e7e6cb12034b64ad94b25bd2ae26ec 267ce3054dd64734938498bb78fd2b34 - - - -] volume service is down. (host: rack08-server59@lvm-1)
2022-08-24 02:25:58.737 7 WARNING cinder.scheduler.host_manager [None req-27eb8500-62eb-4996-a17b-f223c3f38163 157dbc60ff84407bb9ea4e993908e877 16bac5d4bb3e4c67ab05e80592821d32 - - - -] volume service is down. (host: rack08-server59@lvm-1)
2022-08-24 02:26:00.951 7 WARNING cinder.scheduler.host_manager [None req-ac343a21-d7d0-41b8-8380-37903676f0e2 73e7e6cb12034b64ad94b25bd2ae26ec 267ce3054dd64734938498bb78fd2b34 - - - -] volume service is down. (host: rack08-server59@lvm-1)
2022-08-24 02:26:01.098 7 WARNING cinder.scheduler.host_manager [None req-beae70b8-dc66-42b3-bf6a-bf8e192ee18b 157dbc60ff84407bb9ea4e993908e877 16bac5d4bb3e4c67ab05e80592821d32 - - - -] volume service is down. (host: rack08-server59@lvm-1)
2022-08-24 02:26:01.230 7 WARNING cinder.scheduler.host_manager [None req-5a886698-a8ed-4e53-a8a9-046e16e7c835 73e7e6cb12034b64ad94b25bd2ae26ec 267ce3054dd64734938498bb78fd2b34 - - - -] volume service is down. (host: rack08-server59@lvm-1)
2022-08-24 02:26:01.491 7 WARNING cinder.scheduler.host_manager [None req-bd969cef-c06d-4cd2-8d19-e20ff4af8075 73e7e6cb12034b64ad94b25bd2ae26ec 267ce3054dd64734938498bb78fd2b34 - - - -] volume service is down. (host: rack08-server59@lvm-1)
2022-08-24 02:26:01.766 7 WARNING cinder.scheduler.host_manager [None req-363fed05-6fad-4e38-bdb3-9db7025842f0 73e7e6cb12034b64ad94b25bd2ae26ec 267ce3054dd64734938498bb78fd2b34 - - - -] volume service is down. (host: rack08-server59@lvm-1)
2022-08-24 02:26:02.033 7 WARNING cinder.scheduler.host_manager [None req-82066384-676e-4b0b-92ba-f322815b8fed 73e7e6cb12034b64ad94b25bd2ae26ec 267ce3054dd64734938498bb78fd2b34 - - - -] volume service is down. (host: rack08-server59@lvm-1)
2022-08-24 02:26:08.359 7 WARNING cinder.scheduler.host_manager [None req-2b5a89ad-de9d-41c3-97a4-a04aa7b1b630 01f251a1dcc44630aebd0c9f1e98d153 5f1713f858d844cd968a9da20c904321 - - - -] volume service is down. (host: rack08-server59@lvm-1)
2022-08-24 02:26:10.811 7 WARNING cinder.scheduler.host_manager [None req-ad2640b8-9158-45af-b9d5-126163cc9667 01f251a1dcc44630aebd0c9f1e98d153 5f1713f858d844cd968a9da20c904321 - - - -] volume service is down. (host: rack08-server59@lvm-1)
2022-08-24 02:26:11.083 7 WARNING cinder.scheduler.host_manager [None req-b00648a1-5387-45ba-a3ee-6ece4f608800 01f251a1dcc44630aebd0c9f1e98d153 5f1713f858d844cd968a9da20c904321 - - - -] volume service is down. (host: rack08-server59@lvm-1)
2022-08-24 02:26:11.361 7 WARNING cinder.scheduler.host_manager [None req-d29ec9ba-d15e-4f3a-9e2c-d6d08b1fa61a 01f251a1dcc44630aebd0c9f1e98d153 5f1713f858d844cd968a9da20c904321 - - - -] volume service is down. (host: rack08-server59@lvm-1)
2022-08-24 02:26:11.662 7 WARNING cinder.scheduler.host_manager [None req-69fe03a8-b4b0-4784-9b8e-1e6bdfefbf09 01f251a1dcc44630aebd0c9f1e98d153 5f1713f858d844cd968a9da20c904321 - - - -] volume service is down. (host: rack08-server59@lvm-1)
2022-08-24 02:26:11.947 7 WARNING cinder.scheduler.host_manager [None req-08a655c7-037c-4a25-bbf8-318948a5f804 01f251a1dcc44630aebd0c9f1e98d153 5f1713f858d844cd968a9da20c904321 - - - -] volume service is down. (host: rack08-server59@lvm-1)
