Build Started 07_04_2022_18_54_17
2022-04-07 21:56:23.360 11 WARNING cinder.scheduler.host_manager [req-e97518de-c876-46e8-933e-ead77573cb32 b17e2fea951946ff90f816837de0d2d7 - - - -] volume service is down. (host: rack08-server75@lvm-1)
2022-04-07 21:56:23.450 11 WARNING cinder.scheduler.host_manager [req-36123d16-bb9e-4347-aebd-270b30d663cd 2797cbaefbe04a0a9935f3b8eb5f295b - - - -] volume service is down. (host: rack08-server75@lvm-1)
2022-04-07 21:56:25.011 11 WARNING cinder.scheduler.host_manager [req-a119c88d-5df9-4733-b15e-cd8878123ba0 b17e2fea951946ff90f816837de0d2d7 - - - -] volume service is down. (host: rack08-server75@lvm-1)
2022-04-07 21:56:31.889 11 WARNING cinder.scheduler.host_manager [req-54d09086-a59d-4dda-90e5-126b97ff6697 d78ffe7fa5074dab81114ece84f6cfa8 - - - -] volume service is down. (host: rack08-server75@lvm-1)
2022-04-07 21:56:34.386 11 WARNING cinder.scheduler.host_manager [req-0d708c11-4a21-4ef1-9b0b-5b3541b6540f d78ffe7fa5074dab81114ece84f6cfa8 - - - -] volume service is down. (host: rack08-server75@lvm-1)
2022-04-07 21:56:36.884 11 WARNING cinder.scheduler.host_manager [req-95d90308-9ccb-49f8-91ea-4979a0a37dfe d78ffe7fa5074dab81114ece84f6cfa8 - - - -] volume service is down. (host: rack08-server75@lvm-1)
2022-04-07 21:57:18.598 11 WARNING cinder.scheduler.host_manager [req-936531a3-e808-4425-bffa-33ffe37720dc 00202b0785d74febb9f1a016d3bb4bfb - - - -] volume service is down. (host: rack08-server75@lvm-1)
2022-04-07 21:57:35.843 11 WARNING cinder.scheduler.host_manager [req-2933aad0-aace-4c86-b0f7-51b92af66506 41fdfcb39baf443da1cca3d9cec5561c - - - -] volume service is down. (host: rack08-server75@lvm-1)
2022-04-07 21:57:38.158 11 WARNING cinder.scheduler.host_manager [req-5a79503b-7208-4d0f-a29e-ad45981ba00f 41fdfcb39baf443da1cca3d9cec5561c - - - -] volume service is down. (host: rack08-server75@lvm-1)
2022-04-07 21:57:40.407 11 WARNING cinder.scheduler.host_manager [req-e0b7ae24-dbe4-4fb9-8637-dd792981181e 41fdfcb39baf443da1cca3d9cec5561c - - - -] volume service is down. (host: rack08-server75@lvm-1)
2022-04-07 21:57:44.048 11 WARNING cinder.scheduler.host_manager [req-bfc43a73-042d-4d06-963f-6bd1093f92cd 41fdfcb39baf443da1cca3d9cec5561c - - - -] volume service is down. (host: rack08-server75@lvm-1)
2022-04-07 21:57:46.329 11 WARNING cinder.scheduler.host_manager [req-f6e1cfd8-0df6-4be4-a420-5615ecf56539 41fdfcb39baf443da1cca3d9cec5561c - - - -] volume service is down. (host: rack08-server75@lvm-1)
2022-04-07 21:57:48.765 11 WARNING cinder.scheduler.host_manager [req-4cbca8dc-a4b3-4021-8709-8eb2b4bde76a 41fdfcb39baf443da1cca3d9cec5561c - - - -] volume service is down. (host: rack08-server75@lvm-1)
2022-04-07 21:57:56.779 11 WARNING cinder.scheduler.host_manager [req-d6d7dafe-bc10-48bb-85c0-f739eea32617 9c708269ff6a44f78ef9ede6ffd8b8dc - - - -] volume service is down. (host: rack08-server75@lvm-1)
2022-04-07 21:58:01.330 11 WARNING cinder.scheduler.host_manager [req-d4cea9db-c1f3-47c5-b4fb-0f40a16f17d5 f0ad065ebd644588acc7e4f0ba172a18 - - - -] volume service is down. (host: rack08-server75@lvm-1)
2022-04-07 21:58:05.997 11 WARNING cinder.scheduler.host_manager [req-e406e182-7b07-4eca-9b3d-093ea161c242 2635fe960cfc47b0b62d81167a22e99b - - - -] volume service is down. (host: rack08-server75@lvm-1)
2022-04-07 21:58:10.670 11 WARNING cinder.scheduler.host_manager [req-1ac1d61c-e282-479b-9a79-a1050718713f 2635fe960cfc47b0b62d81167a22e99b - - - -] volume service is down. (host: rack08-server75@lvm-1)
2022-04-07 21:58:18.088 11 WARNING cinder.scheduler.host_manager [req-8f711698-3832-40ee-b1bf-e94d6b6215b0 72f396331233491dae6cb4a972706dc1 - - - -] volume service is down. (host: rack08-server75@lvm-1)
2022-04-07 21:59:00.871 11 WARNING cinder.scheduler.host_manager [req-26988e54-dcee-4bea-88fd-a9cb7eba19d3 2797cbaefbe04a0a9935f3b8eb5f295b - - - -] volume service is down. (host: rack08-server75@lvm-1)
2022-04-07 22:00:59.408 11 WARNING cinder.scheduler.host_manager [req-af6c0ef4-b84d-4228-b344-4f4e2d38ef33 f0ad065ebd644588acc7e4f0ba172a18 - - - -] volume service is down. (host: rack08-server75@lvm-1)
2022-04-07 22:02:57.242 11 WARNING cinder.scheduler.host_manager [req-444fb1ae-3c88-44c7-ae3e-a5ffda6d84ab 2797cbaefbe04a0a9935f3b8eb5f295b - - - -] volume service is down. (host: rack08-server75@lvm-1)
2022-04-07 22:04:24.440 11 WARNING cinder.scheduler.host_manager [req-1701618d-26f9-406b-85c7-87bd3e40dc8b 37b36c470b0f44c480a28b09674845ab - - - -] volume service is down. (host: rack08-server75@lvm-1)
2022-04-07 22:04:35.351 11 WARNING cinder.scheduler.host_manager [req-798888ce-9a9d-4ce0-b1f7-a8392303527e 37b36c470b0f44c480a28b09674845ab - - - -] volume service is down. (host: rack08-server75@lvm-1)
2022-04-07 22:04:42.055 11 WARNING cinder.scheduler.host_manager [req-212f4d0b-72be-4ca5-a472-4d05a00123b6 37b36c470b0f44c480a28b09674845ab - - - -] volume service is down. (host: rack08-server75@lvm-1)
2022-04-07 22:04:44.520 11 WARNING cinder.scheduler.host_manager [req-1e8501b4-6d47-4c02-9904-7cc260c66dd5 37b36c470b0f44c480a28b09674845ab - - - -] volume service is down. (host: rack08-server75@lvm-1)
2022-04-07 22:04:54.642 11 WARNING cinder.scheduler.host_manager [req-59321886-02e6-4328-a0cb-580f3ea15d89 1845104dd18647f5ab63a6dc57cd9596 - - - -] volume service is down. (host: rack08-server75@lvm-1)
2022-04-07 22:05:01.316 11 WARNING cinder.scheduler.host_manager [req-ffede8c8-6473-4585-adb4-8a6e3de69fac 4b3c11306f414c9dad42ccef9c02f3e5 - - - -] volume service is down. (host: rack08-server75@lvm-1)
2022-04-07 22:05:02.589 11 WARNING cinder.scheduler.host_manager [req-49e32427-bfb5-4cd0-b703-f59c2c1ebe97 2797cbaefbe04a0a9935f3b8eb5f295b - - - -] volume service is down. (host: rack08-server75@lvm-1)
2022-04-07 22:05:04.427 11 WARNING cinder.scheduler.host_manager [req-042b0e23-94c3-4584-81f3-9dca21cd52fc 4d0ccaf64d6a4984bc33c22964f95629 - - - -] volume service is down. (host: rack08-server75@lvm-1)
2022-04-07 22:05:16.248 11 WARNING cinder.scheduler.host_manager [req-df5b0f23-7aea-480f-b374-78df6fe99386 21e399d76c5d42b3ac9825c74a404100 - - - -] volume service is down. (host: rack08-server75@lvm-1)
2022-04-07 22:05:16.255 11 WARNING cinder.scheduler.host_manager [req-df5b0f23-7aea-480f-b374-78df6fe99386 21e399d76c5d42b3ac9825c74a404100 - - - -] volume service is down. (host: rack08-server75@lvm-1)
2022-04-07 22:05:17.737 11 WARNING cinder.scheduler.host_manager [req-feb763e0-32dc-47f0-8dcb-bb05dbe8d69f 21e399d76c5d42b3ac9825c74a404100 - - - -] volume service is down. (host: rack08-server75@lvm-1)
2022-04-07 22:05:22.430 11 WARNING cinder.scheduler.host_manager [req-8f4320e8-d917-4947-83be-8a9218525c26 21e399d76c5d42b3ac9825c74a404100 - - - -] volume service is down. (host: rack08-server75@lvm-1)
2022-04-07 22:05:28.114 11 WARNING cinder.scheduler.host_manager [req-bb8fd09e-faad-404e-86a5-db9b10ee368e 21e399d76c5d42b3ac9825c74a404100 - - - -] volume service is down. (host: rack08-server75@lvm-1)
2022-04-07 22:05:28.121 11 WARNING cinder.scheduler.host_manager [req-bb8fd09e-faad-404e-86a5-db9b10ee368e 21e399d76c5d42b3ac9825c74a404100 - - - -] volume service is down. (host: rack08-server75@lvm-1)
2022-04-07 22:05:29.529 11 WARNING cinder.scheduler.host_manager [req-9d31aa4a-c37a-4011-95d2-953420720a18 21e399d76c5d42b3ac9825c74a404100 - - - -] volume service is down. (host: rack08-server75@lvm-1)
2022-04-07 22:05:32.068 11 WARNING cinder.scheduler.host_manager [req-16c5fc84-9341-49af-9631-6cc9efdfbf53 21e399d76c5d42b3ac9825c74a404100 - - - -] volume service is down. (host: rack08-server75@lvm-1)
2022-04-07 22:05:45.248 11 WARNING cinder.scheduler.host_manager [req-01c5ff57-ce65-46d3-bc9a-f9ba18fba011 21e399d76c5d42b3ac9825c74a404100 - - - -] volume service is down. (host: rack08-server75@lvm-1)
2022-04-07 22:05:45.254 11 WARNING cinder.scheduler.host_manager [req-01c5ff57-ce65-46d3-bc9a-f9ba18fba011 21e399d76c5d42b3ac9825c74a404100 - - - -] volume service is down. (host: rack08-server75@lvm-1)
2022-04-07 22:05:46.664 11 WARNING cinder.scheduler.host_manager [req-d95f3ef9-71d4-49a0-b62f-c0f157b8061d 21e399d76c5d42b3ac9825c74a404100 - - - -] volume service is down. (host: rack08-server75@lvm-1)
2022-04-07 22:05:59.884 11 WARNING cinder.scheduler.host_manager [req-d49e1201-11b7-477d-af3c-9aec5f89aa87 571c2836f9234695a373e256b6e7df83 - - - -] volume service is down. (host: rack08-server75@lvm-1)
2022-04-07 22:05:59.892 11 WARNING cinder.scheduler.host_manager [req-d49e1201-11b7-477d-af3c-9aec5f89aa87 571c2836f9234695a373e256b6e7df83 - - - -] volume service is down. (host: rack08-server75@lvm-1)
2022-04-07 22:06:01.340 11 WARNING cinder.scheduler.host_manager [req-7af54e72-d528-45c1-8fdf-6d0572046796 571c2836f9234695a373e256b6e7df83 - - - -] volume service is down. (host: rack08-server75@lvm-1)
2022-04-07 22:06:03.684 11 WARNING cinder.scheduler.host_manager [req-6133c932-557b-4b8f-850d-96702fec5ce1 571c2836f9234695a373e256b6e7df83 - - - -] volume service is down. (host: rack08-server75@lvm-1)
2022-04-07 22:06:14.645 11 WARNING cinder.scheduler.host_manager [req-8afb7889-7e3c-4482-b236-df5c5c10061c 86bbe15c06a24cf186b36b6bc57f9de4 - - - -] volume service is down. (host: rack08-server75@lvm-1)
2022-04-07 22:06:14.651 11 WARNING cinder.scheduler.host_manager [req-8afb7889-7e3c-4482-b236-df5c5c10061c 86bbe15c06a24cf186b36b6bc57f9de4 - - - -] volume service is down. (host: rack08-server75@lvm-1)
2022-04-07 22:06:29.444 11 WARNING cinder.scheduler.host_manager [req-38aa78a9-0542-4ea7-bd5f-edb90766de48 de323dbbc8004f8d83b593d7d93ea2aa - - - -] volume service is down. (host: rack08-server75@lvm-1)
2022-04-07 22:06:31.769 11 WARNING cinder.scheduler.host_manager [req-592ce496-5ea6-4aa0-b065-5c2621680089 de323dbbc8004f8d83b593d7d93ea2aa - - - -] volume service is down. (host: rack08-server75@lvm-1)
2022-04-07 22:06:34.346 11 WARNING cinder.scheduler.host_manager [req-810193ac-0852-44be-8357-5a853178ccd7 de323dbbc8004f8d83b593d7d93ea2aa - - - -] volume service is down. (host: rack08-server75@lvm-1)
2022-04-07 22:06:37.858 11 WARNING cinder.scheduler.host_manager [req-170c3a49-1be0-4c21-b569-a78e06a2d1f8 de323dbbc8004f8d83b593d7d93ea2aa - - - -] volume service is down. (host: rack08-server75@lvm-1)
2022-04-07 22:06:41.396 11 WARNING cinder.scheduler.host_manager [req-b873948e-ca2e-42b5-9d19-933e2fa68b19 de323dbbc8004f8d83b593d7d93ea2aa - - - -] volume service is down. (host: rack08-server75@lvm-1)
2022-04-07 22:06:44.942 11 WARNING cinder.scheduler.host_manager [req-757894a7-76bb-4b8d-b6ef-6eb46415f414 de323dbbc8004f8d83b593d7d93ea2aa - - - -] volume service is down. (host: rack08-server75@lvm-1)
2022-04-07 22:06:56.469 11 WARNING cinder.scheduler.host_manager [req-56c53297-0d8c-44c7-bdcf-fb52462aeb6a afe7c16474f04540b951dfee68687d68 - - - -] volume service is down. (host: rack08-server75@lvm-1)
2022-04-07 22:06:56.470 11 INFO cinder.scheduler.base_filter [req-56c53297-0d8c-44c7-bdcf-fb52462aeb6a afe7c16474f04540b951dfee68687d68 - - - -] Filtering removed all hosts for the request with volume ID 'b2eb5863-b73b-4483-9fde-b170ddab312e'. Filter results: AvailabilityZoneFilter: (start: 1, end: 1), CapacityFilter: (start: 1, end: 1), CapabilitiesFilter: (start: 1, end: 0)
2022-04-07 22:06:56.471 11 WARNING cinder.scheduler.filter_scheduler [req-56c53297-0d8c-44c7-bdcf-fb52462aeb6a afe7c16474f04540b951dfee68687d68 - - - -] No weighed backend found for volume with properties: {'id': '1fde6657-1ce7-4a8a-9dd8-4bf22b9d5d67', 'name': 'tempest-UserMessagesTest-volume-type-1759050267', 'description': None, 'is_public': True, 'projects': [], 'extra_specs': {'storage_protocol': 'tempest-storage_protocol-881728160', 'vendor_name': 'tempest-vendor_name-1885679804'}, 'qos_specs_id': None, 'created_at': '2022-04-07T19:06:55.000000', 'updated_at': None, 'deleted_at': None, 'deleted': False}
2022-04-07 22:06:56.471 11 INFO cinder.message.api [req-56c53297-0d8c-44c7-bdcf-fb52462aeb6a afe7c16474f04540b951dfee68687d68 - - - -] Creating message record for request_id = req-56c53297-0d8c-44c7-bdcf-fb52462aeb6a
2022-04-07 22:06:56.477 11 ERROR cinder.scheduler.flows.create_volume [req-56c53297-0d8c-44c7-bdcf-fb52462aeb6a afe7c16474f04540b951dfee68687d68 - - - -] Failed to run task cinder.scheduler.flows.create_volume.ScheduleCreateVolumeTask;volume:create: No valid backend was found. No weighed backends available: cinder.exception.NoValidBackend: No valid backend was found. No weighed backends available
2022-04-07 22:06:57.247 11 WARNING cinder.scheduler.host_manager [req-ba180cc6-3064-4ad3-9c87-8315990badd7 4b3c11306f414c9dad42ccef9c02f3e5 - - - -] volume service is down. (host: rack08-server75@lvm-1)
2022-04-07 22:07:58.931 11 WARNING cinder.scheduler.host_manager [req-f535b722-f9e0-4373-9a57-3efe9ad41b0c 4b3c11306f414c9dad42ccef9c02f3e5 - - - -] volume service is down. (host: rack08-server75@lvm-1)
2022-04-07 22:08:04.287 11 WARNING cinder.scheduler.host_manager [req-05d6b840-bc14-49cd-8494-88ecd211d4ad 4b3c11306f414c9dad42ccef9c02f3e5 - - - -] volume service is down. (host: rack08-server75@lvm-1)
2022-04-07 22:08:06.574 11 WARNING cinder.scheduler.host_manager [req-e8837241-de8c-4e72-b6e9-efff3562e0bf 4b3c11306f414c9dad42ccef9c02f3e5 - - - -] volume service is down. (host: rack08-server75@lvm-1)
2022-04-07 22:10:02.629 11 WARNING cinder.scheduler.host_manager [req-15f57c02-3d9f-4f23-98b2-d87e990fd0ef d0e4b2a8f81743fab14c1d06036cd38e - - - -] volume service is down. (host: rack08-server75@lvm-1)
2022-04-07 22:10:02.668 11 WARNING cinder.scheduler.host_manager [req-4c34aa71-ccbb-4b1a-8b52-d974e21c0a9c d0e4b2a8f81743fab14c1d06036cd38e - - - -] volume service is down. (host: rack08-server75@lvm-1)
2022-04-07 22:10:08.022 11 WARNING cinder.scheduler.host_manager [req-06f2d59e-4917-419b-a3ab-77b123f0b1ca 3eb2738f7c7d4230a81f0f91a33fc560 - - - -] volume service is down. (host: rack08-server75@lvm-1)
2022-04-07 22:10:08.029 11 WARNING cinder.scheduler.host_manager [req-06f2d59e-4917-419b-a3ab-77b123f0b1ca 3eb2738f7c7d4230a81f0f91a33fc560 - - - -] volume service is down. (host: rack08-server75@lvm-1)
2022-04-07 22:10:09.232 11 WARNING cinder.scheduler.host_manager [req-ac357af6-7202-4164-aa61-9f5fb468446a 3eb2738f7c7d4230a81f0f91a33fc560 - - - -] volume service is down. (host: rack08-server75@lvm-1)
2022-04-07 22:10:09.239 11 WARNING cinder.scheduler.host_manager [req-ac357af6-7202-4164-aa61-9f5fb468446a 3eb2738f7c7d4230a81f0f91a33fc560 - - - -] volume service is down. (host: rack08-server75@lvm-1)
2022-04-07 22:10:10.705 11 WARNING cinder.scheduler.host_manager [req-8d2055d6-af4e-45a1-ac24-98afb506fca6 3eb2738f7c7d4230a81f0f91a33fc560 - - - -] volume service is down. (host: rack08-server75@lvm-1)
2022-04-07 22:10:15.933 11 WARNING cinder.scheduler.host_manager [req-30a30093-48da-4017-bb97-d234d1842eab 3eb2738f7c7d4230a81f0f91a33fc560 - - - -] volume service is down. (host: rack08-server75@lvm-1)
2022-04-07 22:10:15.941 11 WARNING cinder.scheduler.host_manager [req-30a30093-48da-4017-bb97-d234d1842eab 3eb2738f7c7d4230a81f0f91a33fc560 - - - -] volume service is down. (host: rack08-server75@lvm-1)
2022-04-07 22:10:17.366 11 WARNING cinder.scheduler.host_manager [req-3ba4fe9b-af7e-4ad7-82e2-a8b8073aa3db 3eb2738f7c7d4230a81f0f91a33fc560 - - - -] volume service is down. (host: rack08-server75@lvm-1)
2022-04-07 22:10:18.796 11 WARNING cinder.scheduler.host_manager [req-6303cd52-39a6-42e0-86e1-721a794d478d 3eb2738f7c7d4230a81f0f91a33fc560 - - - -] volume service is down. (host: rack08-server75@lvm-1)
2022-04-07 22:10:33.266 11 WARNING cinder.scheduler.host_manager [req-c7391777-06f8-4940-8c10-e87d5d75df20 4103f72cae6647cba49bd66a7773e578 - - - -] volume service is down. (host: rack08-server75@lvm-1)
2022-04-07 22:10:36.902 11 WARNING cinder.scheduler.host_manager [req-7807ef3b-32ca-43e3-99e1-5e23f098d511 4103f72cae6647cba49bd66a7773e578 - - - -] volume service is down. (host: rack08-server75@lvm-1)
2022-04-07 22:10:47.912 11 WARNING cinder.scheduler.host_manager [req-1b85a36b-1acd-4568-b858-8b18520b2918 5c51b706842b4a04ba51abfedec4be71 - - - -] volume service is down. (host: rack08-server75@lvm-1)
2022-04-07 22:10:50.339 11 WARNING cinder.scheduler.host_manager [req-ef9f7a3b-848a-4539-8a2f-ab35234cd880 5c51b706842b4a04ba51abfedec4be71 - - - -] volume service is down. (host: rack08-server75@lvm-1)
2022-04-07 22:10:58.768 11 WARNING cinder.scheduler.host_manager [req-aa1477ac-128b-4c8a-92aa-fa70d1374acb 4b3c11306f414c9dad42ccef9c02f3e5 - - - -] volume service is down. (host: rack08-server75@lvm-1)
2022-04-07 22:11:02.265 11 WARNING cinder.scheduler.host_manager [req-7a6d1edc-dacd-45e1-a03d-d38dd0c2e4f1 4b3c11306f414c9dad42ccef9c02f3e5 - - - -] volume service is down. (host: rack08-server75@lvm-1)
2022-04-07 22:11:22.137 11 WARNING cinder.scheduler.host_manager [req-d77e867e-118f-4084-a31e-b5a4f48386f2 b734d9e25da3424ab3a6b46c79d16e20 - - - -] volume service is down. (host: rack08-server75@lvm-1)
2022-04-07 22:11:24.603 11 WARNING cinder.scheduler.host_manager [req-f7b0abcb-7611-4c47-b811-cdf8d6923c0c b734d9e25da3424ab3a6b46c79d16e20 - - - -] volume service is down. (host: rack08-server75@lvm-1)
2022-04-07 22:11:27.080 11 WARNING cinder.scheduler.host_manager [req-65a07b82-7979-4c26-bf07-1694ae571eab b734d9e25da3424ab3a6b46c79d16e20 - - - -] volume service is down. (host: rack08-server75@lvm-1)
2022-04-07 22:11:29.706 11 WARNING cinder.scheduler.host_manager [req-9708f856-fc5e-4bbc-93ef-b1505fd4c90e 24198403915240488def5c15ff3696b5 - - - -] volume service is down. (host: rack08-server75@lvm-1)
2022-04-07 22:11:41.970 11 WARNING cinder.scheduler.host_manager [req-cd575bb5-ff3f-4dd1-80a1-204cc9078a25 45ed54db210c4460a899886e7b0ddbdc - - - -] volume service is down. (host: rack08-server75@lvm-1)
2022-04-07 22:11:44.290 11 WARNING cinder.scheduler.host_manager [req-d40aa691-e736-4368-a0ac-abeb0336e439 45ed54db210c4460a899886e7b0ddbdc - - - -] volume service is down. (host: rack08-server75@lvm-1)
2022-04-07 22:11:55.636 11 WARNING cinder.scheduler.host_manager [req-509e3f58-c130-4081-9021-ca03b8dbd864 9e70252429b3435e8636b54bfb571894 - - - -] volume service is down. (host: rack08-server75@lvm-1)
2022-04-07 22:11:59.293 11 WARNING cinder.scheduler.host_manager [req-cc043d12-75d6-498b-ba82-d0ce08b14461 9e70252429b3435e8636b54bfb571894 - - - -] volume service is down. (host: rack08-server75@lvm-1)
2022-04-07 22:12:08.803 11 WARNING cinder.scheduler.host_manager [req-07907141-129b-4c43-ba8f-eb76a83ddc58 c4259cd48cfa46cb8b48ba15e2fce75c - - - -] volume service is down. (host: rack08-server75@lvm-1)
2022-04-07 22:13:59.459 11 WARNING cinder.scheduler.host_manager [req-e402b456-b9cf-42d0-96fa-ee34947c94fb 4b3c11306f414c9dad42ccef9c02f3e5 - - - -] volume service is down. (host: rack08-server75@lvm-1)
2022-04-07 22:14:01.724 11 WARNING cinder.scheduler.host_manager [req-647c6f7e-efa0-4536-bc41-eb816b7c18da 4b3c11306f414c9dad42ccef9c02f3e5 - - - -] volume service is down. (host: rack08-server75@lvm-1)
2022-04-07 22:14:58.963 11 WARNING cinder.scheduler.host_manager [req-727a934b-8e8f-419f-ac7b-29c79103cf8e c4259cd48cfa46cb8b48ba15e2fce75c - - - -] volume service is down. (host: rack08-server75@lvm-1)
2022-04-07 22:16:58.090 11 WARNING cinder.scheduler.host_manager [req-cdd5e758-7a03-4192-94e9-6615e7a7e9df 4b3c11306f414c9dad42ccef9c02f3e5 - - - -] volume service is down. (host: rack08-server75@lvm-1)
2022-04-07 22:17:00.391 11 WARNING cinder.scheduler.host_manager [req-3fefa39e-a494-43e0-9205-c93a5808e547 4b3c11306f414c9dad42ccef9c02f3e5 - - - -] volume service is down. (host: rack08-server75@lvm-1)
2022-04-07 22:17:02.840 11 WARNING cinder.scheduler.host_manager [req-43c1e18e-fbfc-4d5d-8d54-d70aab5293ea 4b3c11306f414c9dad42ccef9c02f3e5 - - - -] volume service is down. (host: rack08-server75@lvm-1)
2022-04-07 22:17:06.468 11 WARNING cinder.scheduler.host_manager [req-9903fb92-7ccd-4674-b118-ae1f78384bc2 4b3c11306f414c9dad42ccef9c02f3e5 - - - -] volume service is down. (host: rack08-server75@lvm-1)
2022-04-07 22:17:08.761 11 WARNING cinder.scheduler.host_manager [req-0e8123b8-7661-4ddf-b6b0-fd824dc991be 4b3c11306f414c9dad42ccef9c02f3e5 - - - -] volume service is down. (host: rack08-server75@lvm-1)
2022-04-07 22:17:11.223 11 WARNING cinder.scheduler.host_manager [req-4740dee6-b710-4319-8e99-e6fa5862dbad 4b3c11306f414c9dad42ccef9c02f3e5 - - - -] volume service is down. (host: rack08-server75@lvm-1)
2022-04-07 22:17:25.271 11 WARNING cinder.scheduler.host_manager [req-aaad7295-8f91-4984-951f-bc59c7e71ac4 a3b10cfc68b04e5892266df6d2cca2ac - - - -] volume service is down. (host: rack08-server75@lvm-1)
2022-04-07 22:17:27.576 11 WARNING cinder.scheduler.host_manager [req-15f7fa36-f82f-4ca5-ba2c-8f39b097927b a3b10cfc68b04e5892266df6d2cca2ac - - - -] volume service is down. (host: rack08-server75@lvm-1)
2022-04-07 22:17:29.839 11 WARNING cinder.scheduler.host_manager [req-0ab8f78e-681c-418e-ba6d-086e57fc36d7 a3b10cfc68b04e5892266df6d2cca2ac - - - -] volume service is down. (host: rack08-server75@lvm-1)
2022-04-07 22:17:32.106 11 WARNING cinder.scheduler.host_manager [req-fb68dcb7-c279-456b-9bc4-10bdbf1d6a57 a3b10cfc68b04e5892266df6d2cca2ac - - - -] volume service is down. (host: rack08-server75@lvm-1)
2022-04-07 22:17:42.773 11 WARNING cinder.scheduler.host_manager [req-5d983411-c8e9-46da-a111-4f76bd365b24 f6fec4de4f074d199ababc4affdd6a65 - - - -] volume service is down. (host: rack08-server75@lvm-1)
2022-04-07 22:17:45.059 11 WARNING cinder.scheduler.host_manager [req-4ad509b6-1f59-4bb2-94d7-0aec0ea0bba2 f6fec4de4f074d199ababc4affdd6a65 - - - -] volume service is down. (host: rack08-server75@lvm-1)
2022-04-07 22:18:06.226 11 WARNING cinder.scheduler.host_manager [req-c6c36b02-1785-4a19-9329-450d33764bd6 ac3bc833e3d14632a93caed3c52c774f - - - -] volume service is down. (host: rack08-server75@lvm-1)
2022-04-07 22:18:16.977 11 WARNING cinder.scheduler.host_manager [req-2eee7808-45cd-4e09-b507-51668d385e1e ac3bc833e3d14632a93caed3c52c774f - - - -] volume service is down. (host: rack08-server75@lvm-1)
2022-04-07 22:18:18.426 11 WARNING cinder.scheduler.host_manager [req-96bdc4a0-ff50-4f8d-9929-a4a5393d7a71 ac3bc833e3d14632a93caed3c52c774f - - - -] volume service is down. (host: rack08-server75@lvm-1)
2022-04-07 22:18:20.727 11 WARNING cinder.scheduler.host_manager [req-bf1f512c-5472-42fb-9814-3a8f03211ba9 ac3bc833e3d14632a93caed3c52c774f - - - -] volume service is down. (host: rack08-server75@lvm-1)
2022-04-07 22:18:22.978 11 WARNING cinder.scheduler.host_manager [req-b0255c67-80c4-4fa1-9e1f-c99ad9b52419 ac3bc833e3d14632a93caed3c52c774f - - - -] volume service is down. (host: rack08-server75@lvm-1)
2022-04-07 22:18:33.674 11 WARNING cinder.scheduler.host_manager [req-7d5513db-b22c-4357-85c1-1aa5b3eb8990 2366cbebb0f6494e94d5ac42062051f0 - - - -] volume service is down. (host: rack08-server75@lvm-1)
2022-04-07 22:18:36.150 11 WARNING cinder.scheduler.host_manager [req-7c971650-694d-491e-817f-5eb6910a0e5b 2366cbebb0f6494e94d5ac42062051f0 - - - -] volume service is down. (host: rack08-server75@lvm-1)
2022-04-07 22:18:37.557 11 WARNING cinder.scheduler.host_manager [req-2901d89e-2cfc-453d-8550-2e6e6cf7dccb 2366cbebb0f6494e94d5ac42062051f0 - - - -] volume service is down. (host: rack08-server75@lvm-1)
2022-04-07 22:18:53.566 11 WARNING cinder.scheduler.host_manager [req-1d9d7d6b-2753-436d-8346-77b4a9af9917 476241e6dc2546469b8f00b7ecbe9f0f - - - -] volume service is down. (host: rack08-server75@lvm-1)
2022-04-07 22:18:53.593 11 WARNING cinder.scheduler.host_manager [req-898e6802-3538-4f96-914e-b08e15f2b05a e432b7d49cc146f385dda5f05e7a8adb - - - -] volume service is down. (host: rack08-server75@lvm-1)
2022-04-07 22:18:53.954 11 WARNING cinder.scheduler.host_manager [req-3c628f74-9e91-48ea-a459-8f7be60985a3 e432b7d49cc146f385dda5f05e7a8adb - - - -] volume service is down. (host: rack08-server75@lvm-1)
2022-04-07 22:18:54.345 11 WARNING cinder.scheduler.host_manager [req-4453dbef-aa39-47ab-9037-0a458d501a49 e432b7d49cc146f385dda5f05e7a8adb - - - -] volume service is down. (host: rack08-server75@lvm-1)
2022-04-07 22:18:54.755 11 WARNING cinder.scheduler.host_manager [req-2c3f5486-39c9-46e5-afaf-6ddabc381e18 e432b7d49cc146f385dda5f05e7a8adb - - - -] volume service is down. (host: rack08-server75@lvm-1)
2022-04-07 22:18:55.165 11 WARNING cinder.scheduler.host_manager [req-0a18184c-b3cf-4d80-b2ee-fd9e6edb6bde e432b7d49cc146f385dda5f05e7a8adb - - - -] volume service is down. (host: rack08-server75@lvm-1)
2022-04-07 22:18:56.021 11 WARNING cinder.scheduler.host_manager [req-11adadd4-1ea3-464b-bc82-d113c167d7d9 476241e6dc2546469b8f00b7ecbe9f0f - - - -] volume service is down. (host: rack08-server75@lvm-1)
2022-04-07 22:18:57.331 11 WARNING cinder.scheduler.host_manager [req-ccbd8a4d-ba14-4517-989b-bbcb876b9d8c 476241e6dc2546469b8f00b7ecbe9f0f - - - -] volume service is down. (host: rack08-server75@lvm-1)
