{1} setUpClass (cinder_tempest_plugin.api.volume.admin.test_consistencygroups.ConsistencyGroupsV2Test) ... SKIPPED: Cinder consistency group feature disabled
{2} cinder_tempest_plugin.api.volume.test_multiple_volume_from_resource.CreateVolumesFromImageTest.test_create_from_image_multiple [5.932623s] ... ok
{1} cinder_tempest_plugin.api.volume.test_multiple_volume_from_resource.CreateVolumesFromSourceVolumeTest.test_create_multiple_volume_from_source_volume [9.194191s] ... ok
{0} cinder_tempest_plugin.api.volume.test_multiple_volume_from_resource.CreateVolumesFromSnapshotTest.test_create_multiple_volume_from_snapshot [10.331130s] ... ok
{2} setUpClass (cinder_tempest_plugin.api.volume.test_volume_revert.VolumeRevertTests) ... SKIPPED: Cinder volume revert feature disabled
{1} setUpClass (cinder_tempest_plugin.scenario.test_encrypted_volume_transfer.TransferEncryptedVolumeTest) ... SKIPPED: Barbican is required
{0} setUpClass (cinder_tempest_plugin.rbac.v3.test_capabilities.ProjectAdminTests) ... SKIPPED: Tempest is not configured to enforce_scope for cinder, skipping RBAC tests. To enable these tests set `tempest.conf [enforce_scope] cinder=True`.
{0} setUpClass (cinder_tempest_plugin.rbac.v3.test_capabilities.ProjectReaderTests) ... SKIPPED: Tempest is not configured to enforce_scope for cinder, skipping RBAC tests. To enable these tests set `tempest.conf [enforce_scope] cinder=True`.
{2} cinder_tempest_plugin.api.volume.test_volume_unicode.CinderUnicodeTest.test_create_delete_unicode_volume_name [0.053276s] ... ok
{2} cinder_tempest_plugin.api.volume.test_volume_unicode.CinderUnicodeTest.test_snapshot_create_volume_description_non_ascii_code [5.245287s] ... ok
{2} setUpClass (cinder_tempest_plugin.rbac.v3.test_capabilities.ProjectMemberTests) ... SKIPPED: Tempest is not configured to enforce_scope for cinder, skipping RBAC tests. To enable these tests set `tempest.conf [enforce_scope] cinder=True`.

======
Totals
======
Ran: 11 tests in 34.5937 sec.
 - Passed: 5
 - Skipped: 6
 - Expected Fail: 0
 - Unexpected Success: 0
 - Failed: 0
Sum of execute time for each test: 30.7565 sec.

==============
Worker Balance
==============
 - Worker 0 (3 tests) => 0:00:18.526951
 - Worker 1 (3 tests) => 0:00:21.109089
 - Worker 2 (5 tests) => 0:00:31.440160
