Build Started 14_04_2022_07_52_05
2022-04-14 10:54:18.015 11 WARNING cinder.scheduler.host_manager [req-1301f29f-ff66-4deb-aa59-b80c725c4111 11da6fc5e34343bb8ab04fffc315dfca - - - -] volume service is down. (host: rack08-server75@lvm-1)
2022-04-14 10:54:18.025 11 WARNING cinder.scheduler.host_manager [req-48ee6335-a1a7-4cdb-a5b9-c33812c5db89 cfa3424914ff4767a70df0928d6eb404 - - - -] volume service is down. (host: rack08-server75@lvm-1)
2022-04-14 10:54:18.029 11 WARNING cinder.scheduler.host_manager [req-426ea387-153a-4bcb-aaea-2956419adc27 8f0a6cd769924d2b9e619a9376272ec3 - - - -] volume service is down. (host: rack08-server75@lvm-1)
2022-04-14 10:54:20.431 11 WARNING cinder.scheduler.host_manager [req-2f389508-5998-417c-8186-2a90afe495fc 8f0a6cd769924d2b9e619a9376272ec3 - - - -] volume service is down. (host: rack08-server75@lvm-1)
2022-04-14 10:54:27.512 11 WARNING cinder.scheduler.host_manager [req-fc2d94ca-1f2f-4f5a-a267-d2331f326d49 00a48b9849b54a90bfccd784ef125954 - - - -] volume service is down. (host: rack08-server75@lvm-1)
2022-04-14 10:54:30.012 11 WARNING cinder.scheduler.host_manager [req-dfbb2406-80c7-46c6-b930-ad13028cf772 00a48b9849b54a90bfccd784ef125954 - - - -] volume service is down. (host: rack08-server75@lvm-1)
2022-04-14 10:54:31.301 11 WARNING cinder.scheduler.host_manager [req-1608fc9e-1597-41df-ab18-3ca93af66eb3 b1f2c1a425364fada0a752cced878b6a - - - -] volume service is down. (host: rack08-server75@lvm-1)
2022-04-14 10:54:31.308 11 WARNING cinder.scheduler.host_manager [req-1608fc9e-1597-41df-ab18-3ca93af66eb3 b1f2c1a425364fada0a752cced878b6a - - - -] volume service is down. (host: rack08-server75@lvm-1)
2022-04-14 10:54:32.542 11 WARNING cinder.scheduler.host_manager [req-efab9fd9-f911-4985-90e1-df4bad9aa6c0 00a48b9849b54a90bfccd784ef125954 - - - -] volume service is down. (host: rack08-server75@lvm-1)
2022-04-14 10:54:32.793 11 WARNING cinder.scheduler.host_manager [req-90d9ad85-6ea9-4996-8ec4-94ed34cc0f90 b1f2c1a425364fada0a752cced878b6a - - - -] volume service is down. (host: rack08-server75@lvm-1)
2022-04-14 10:54:37.503 11 WARNING cinder.scheduler.host_manager [req-eac52734-93f5-44e5-a93f-ae0c8b5a1885 b1f2c1a425364fada0a752cced878b6a - - - -] volume service is down. (host: rack08-server75@lvm-1)
2022-04-14 10:54:43.178 11 WARNING cinder.scheduler.host_manager [req-69c0a36a-2718-41c3-a2bb-5d66c907236c b1f2c1a425364fada0a752cced878b6a - - - -] volume service is down. (host: rack08-server75@lvm-1)
2022-04-14 10:54:43.187 11 WARNING cinder.scheduler.host_manager [req-69c0a36a-2718-41c3-a2bb-5d66c907236c b1f2c1a425364fada0a752cced878b6a - - - -] volume service is down. (host: rack08-server75@lvm-1)
2022-04-14 10:54:44.638 11 WARNING cinder.scheduler.host_manager [req-1900fa19-e6c8-4a8e-acc0-4d5c8c4559a4 b1f2c1a425364fada0a752cced878b6a - - - -] volume service is down. (host: rack08-server75@lvm-1)
2022-04-14 10:54:46.843 11 WARNING cinder.scheduler.host_manager [req-391db2c6-239d-4b8b-b3ae-890827655fcb 88ec3aa000654567b89da29e82f7fa1d - - - -] volume service is down. (host: rack08-server75@lvm-1)
2022-04-14 10:54:46.882 11 WARNING cinder.scheduler.host_manager [req-0ec75b31-05e0-4047-b83d-6c95852f663c 88ec3aa000654567b89da29e82f7fa1d - - - -] volume service is down. (host: rack08-server75@lvm-1)
2022-04-14 10:54:47.171 11 WARNING cinder.scheduler.host_manager [req-0ae76ec1-deca-4117-87b7-b4bcd90a5738 b1f2c1a425364fada0a752cced878b6a - - - -] volume service is down. (host: rack08-server75@lvm-1)
2022-04-14 10:54:52.199 11 WARNING cinder.scheduler.host_manager [req-cf607e2c-0e9c-472e-9a47-18821260d575 c8fef09b19ec4f8b8a748194834c0e01 - - - -] volume service is down. (host: rack08-server75@lvm-1)
2022-04-14 10:54:52.205 11 WARNING cinder.scheduler.host_manager [req-cf607e2c-0e9c-472e-9a47-18821260d575 c8fef09b19ec4f8b8a748194834c0e01 - - - -] volume service is down. (host: rack08-server75@lvm-1)
2022-04-14 10:54:53.391 11 WARNING cinder.scheduler.host_manager [req-88238b00-3f87-43cf-830a-95ec5eaacf64 c8fef09b19ec4f8b8a748194834c0e01 - - - -] volume service is down. (host: rack08-server75@lvm-1)
2022-04-14 10:54:53.398 11 WARNING cinder.scheduler.host_manager [req-88238b00-3f87-43cf-830a-95ec5eaacf64 c8fef09b19ec4f8b8a748194834c0e01 - - - -] volume service is down. (host: rack08-server75@lvm-1)
2022-04-14 10:54:54.918 11 WARNING cinder.scheduler.host_manager [req-4213d35d-e57d-4947-ace9-a68a71768576 c8fef09b19ec4f8b8a748194834c0e01 - - - -] volume service is down. (host: rack08-server75@lvm-1)
2022-04-14 10:55:00.259 11 WARNING cinder.scheduler.host_manager [req-0124634f-2213-4b44-96c5-685e304fd22c c8fef09b19ec4f8b8a748194834c0e01 - - - -] volume service is down. (host: rack08-server75@lvm-1)
2022-04-14 10:55:00.266 11 WARNING cinder.scheduler.host_manager [req-0124634f-2213-4b44-96c5-685e304fd22c c8fef09b19ec4f8b8a748194834c0e01 - - - -] volume service is down. (host: rack08-server75@lvm-1)
2022-04-14 10:55:00.398 11 WARNING cinder.scheduler.host_manager [req-b4f55249-3d2e-4fdd-837c-c499c821c336 b1f2c1a425364fada0a752cced878b6a - - - -] volume service is down. (host: rack08-server75@lvm-1)
2022-04-14 10:55:00.405 11 WARNING cinder.scheduler.host_manager [req-b4f55249-3d2e-4fdd-837c-c499c821c336 b1f2c1a425364fada0a752cced878b6a - - - -] volume service is down. (host: rack08-server75@lvm-1)
2022-04-14 10:55:01.598 11 WARNING cinder.scheduler.host_manager [req-2cca4ed8-82bc-4ec0-947c-dc51df7eb588 cfa3424914ff4767a70df0928d6eb404 - - - -] volume service is down. (host: rack08-server75@lvm-1)
2022-04-14 10:55:01.716 11 WARNING cinder.scheduler.host_manager [req-699e9890-ec04-4f95-8b23-a17373c64ba2 c8fef09b19ec4f8b8a748194834c0e01 - - - -] volume service is down. (host: rack08-server75@lvm-1)
2022-04-14 10:55:01.863 11 WARNING cinder.scheduler.host_manager [req-d1247415-0d02-4058-80d1-2bb668b1155f b1f2c1a425364fada0a752cced878b6a - - - -] volume service is down. (host: rack08-server75@lvm-1)
2022-04-14 10:55:04.258 11 WARNING cinder.scheduler.host_manager [req-b62090ec-c2e2-457f-8ddc-8ff244b7762a c8fef09b19ec4f8b8a748194834c0e01 - - - -] volume service is down. (host: rack08-server75@lvm-1)
2022-04-14 10:55:25.370 11 WARNING cinder.scheduler.host_manager [req-af43f5fc-1675-4b59-b20e-7c23af899170 98ea5fe5f46f4da2b9dde015bc6b2f93 - - - -] volume service is down. (host: rack08-server75@lvm-1)
2022-04-14 10:55:25.377 11 WARNING cinder.scheduler.host_manager [req-af43f5fc-1675-4b59-b20e-7c23af899170 98ea5fe5f46f4da2b9dde015bc6b2f93 - - - -] volume service is down. (host: rack08-server75@lvm-1)
2022-04-14 10:55:26.888 11 WARNING cinder.scheduler.host_manager [req-105687e5-fd43-4924-98a2-c088ed1be61f 98ea5fe5f46f4da2b9dde015bc6b2f93 - - - -] volume service is down. (host: rack08-server75@lvm-1)
2022-04-14 10:55:29.253 11 WARNING cinder.scheduler.host_manager [req-bbe95d60-7c61-4fc9-93ce-707c9b7ae3c3 98ea5fe5f46f4da2b9dde015bc6b2f93 - - - -] volume service is down. (host: rack08-server75@lvm-1)
2022-04-14 10:55:38.070 11 WARNING cinder.scheduler.host_manager [req-f6a8f66c-ec25-41c7-bc47-b5bd27d0828a 06bc0107e7424c8aad693e626954d8f1 - - - -] volume service is down. (host: rack08-server75@lvm-1)
2022-04-14 10:55:39.997 11 WARNING cinder.scheduler.host_manager [req-ce1db832-3c7d-40b5-a591-d3b954d74460 f4517094473e43379f8b7ac014c6db1d - - - -] volume service is down. (host: rack08-server75@lvm-1)
2022-04-14 10:55:41.814 11 WARNING cinder.scheduler.host_manager [req-43b64b4d-7c68-4e32-ba5a-03551a65dfb6 06bc0107e7424c8aad693e626954d8f1 - - - -] volume service is down. (host: rack08-server75@lvm-1)
2022-04-14 10:55:42.333 11 WARNING cinder.scheduler.host_manager [req-e2c66c4a-ec4f-4c79-aacd-0d338a260e33 f4517094473e43379f8b7ac014c6db1d - - - -] volume service is down. (host: rack08-server75@lvm-1)
2022-04-14 10:55:44.831 11 WARNING cinder.scheduler.host_manager [req-7e639b5f-14c2-4edf-a2c9-2fbc17406b6e f4517094473e43379f8b7ac014c6db1d - - - -] volume service is down. (host: rack08-server75@lvm-1)
2022-04-14 10:55:48.341 11 WARNING cinder.scheduler.host_manager [req-8406ff63-05b4-4f61-9133-b7a44cc63076 f4517094473e43379f8b7ac014c6db1d - - - -] volume service is down. (host: rack08-server75@lvm-1)
2022-04-14 10:55:51.852 11 WARNING cinder.scheduler.host_manager [req-b980d117-bf8e-484e-aa82-53a235bc79e9 f4517094473e43379f8b7ac014c6db1d - - - -] volume service is down. (host: rack08-server75@lvm-1)
2022-04-14 10:55:55.387 11 WARNING cinder.scheduler.host_manager [req-de95e32e-4a29-4d31-8325-86a858005df8 f4517094473e43379f8b7ac014c6db1d - - - -] volume service is down. (host: rack08-server75@lvm-1)
2022-04-14 10:56:02.285 11 WARNING cinder.scheduler.host_manager [req-2fc58bb5-d204-48ab-8371-355abcbae90d 170e79b5335a4b2686e1fd5614126552 - - - -] volume service is down. (host: rack08-server75@lvm-1)
2022-04-14 10:56:06.413 11 WARNING cinder.scheduler.host_manager [req-b0873e6c-c105-4f88-a5ed-dab1030e6267 d0918f366a6440999397f76c256abef0 - - - -] volume service is down. (host: rack08-server75@lvm-1)
2022-04-14 10:56:12.141 11 WARNING cinder.scheduler.host_manager [req-9d3a0092-f255-4f6e-ab8f-9ca3fd8a76e1 3fe641def8fc42e0a40cf0a60ed70e77 - - - -] volume service is down. (host: rack08-server75@lvm-1)
2022-04-14 10:56:17.501 11 WARNING cinder.scheduler.host_manager [req-9113a29f-55a6-4e14-a069-6c7925fc384f a39e33e2296c496a8e7fae5d0d3b8985 - - - -] volume service is down. (host: rack08-server75@lvm-1)
2022-04-14 10:56:22.623 11 WARNING cinder.scheduler.host_manager [req-66565722-1a04-4c99-be95-4185aa6dae8c 981fe45e6e67441f9d8283f05d3a3243 - - - -] volume service is down. (host: rack08-server75@lvm-1)
2022-04-14 10:56:25.026 11 WARNING cinder.scheduler.host_manager [req-1c51e608-b6e2-425d-8cda-2581a94d7d87 981fe45e6e67441f9d8283f05d3a3243 - - - -] volume service is down. (host: rack08-server75@lvm-1)
2022-04-14 10:56:26.965 11 WARNING cinder.scheduler.host_manager [req-f7209818-1dad-4fa8-88ce-67d8ae49248d 96d1cda76d2746b4a64169a48e76a7fd - - - -] volume service is down. (host: rack08-server75@lvm-1)
2022-04-14 10:57:04.563 11 WARNING cinder.scheduler.host_manager [req-2ea42fb1-925f-4af5-8349-a30006cfe082 cfa3424914ff4767a70df0928d6eb404 - - - -] volume service is down. (host: rack08-server75@lvm-1)
2022-04-14 10:57:59.470 11 WARNING cinder.scheduler.host_manager [req-94d6279c-e7e1-443b-8e9c-f8b7e02263b6 96d1cda76d2746b4a64169a48e76a7fd - - - -] volume service is down. (host: rack08-server75@lvm-1)
2022-04-14 10:58:09.379 11 WARNING cinder.scheduler.host_manager [req-3076a458-3cc5-43a7-8277-71db1af21968 52cf939ea3f04a93ad324702b1fbdd67 - - - -] volume service is down. (host: rack08-server75@lvm-1)
2022-04-14 10:59:08.153 11 WARNING cinder.scheduler.host_manager [req-c06c0bf5-5507-41ae-9a40-3d15d7d9850a 52cf939ea3f04a93ad324702b1fbdd67 - - - -] volume service is down. (host: rack08-server75@lvm-1)
2022-04-14 10:59:09.130 11 WARNING cinder.scheduler.host_manager [req-4fc214d8-86ed-4d9f-a22d-6f0b06621172 96d1cda76d2746b4a64169a48e76a7fd - - - -] volume service is down. (host: rack08-server75@lvm-1)
2022-04-14 10:59:11.769 11 WARNING cinder.scheduler.host_manager [req-436e75b8-c1d9-4cea-aada-00e2901adc6b 96d1cda76d2746b4a64169a48e76a7fd - - - -] volume service is down. (host: rack08-server75@lvm-1)
2022-04-14 10:59:11.877 11 WARNING cinder.scheduler.host_manager [req-59d4939a-9352-41c6-ac81-0f52605e45cc 52cf939ea3f04a93ad324702b1fbdd67 - - - -] volume service is down. (host: rack08-server75@lvm-1)
2022-04-14 10:59:14.054 11 WARNING cinder.scheduler.host_manager [req-5f44901d-d42a-4e36-bc01-bd6af0d27a03 96d1cda76d2746b4a64169a48e76a7fd - - - -] volume service is down. (host: rack08-server75@lvm-1)
2022-04-14 10:59:15.567 11 WARNING cinder.scheduler.host_manager [req-6d580d70-3fd6-46d5-aa58-710250a9f1a6 52cf939ea3f04a93ad324702b1fbdd67 - - - -] volume service is down. (host: rack08-server75@lvm-1)
2022-04-14 10:59:19.279 11 WARNING cinder.scheduler.host_manager [req-e46a78a0-9450-4781-85ee-0577da8336a5 52cf939ea3f04a93ad324702b1fbdd67 - - - -] volume service is down. (host: rack08-server75@lvm-1)
2022-04-14 10:59:22.981 11 WARNING cinder.scheduler.host_manager [req-fdddee13-f3e8-4401-8369-145808a906fe 52cf939ea3f04a93ad324702b1fbdd67 - - - -] volume service is down. (host: rack08-server75@lvm-1)
2022-04-14 10:59:37.507 11 WARNING cinder.scheduler.host_manager [req-87f45142-783e-47e9-ba6a-116f21589a47 ff81bb5ae87f4da68c69729d7650364c - - - -] volume service is down. (host: rack08-server75@lvm-1)
2022-04-14 10:59:47.873 11 WARNING cinder.scheduler.host_manager [req-fa6704bc-46b2-44db-8aa1-1ea458457cfb 2ed03c48dd01430aa74a76d7d080dfe5 - - - -] volume service is down. (host: rack08-server75@lvm-1)
2022-04-14 10:59:52.972 11 WARNING cinder.scheduler.host_manager [req-43ef07aa-76b2-459b-85e7-1a4ef5f00198 2ed03c48dd01430aa74a76d7d080dfe5 - - - -] volume service is down. (host: rack08-server75@lvm-1)
2022-04-14 10:59:59.490 11 WARNING cinder.scheduler.host_manager [req-4d12d6db-18ae-45ec-a817-ba0b0e2eb6b6 728dbf3766b642499446d184c31ca83d - - - -] volume service is down. (host: rack08-server75@lvm-1)
2022-04-14 11:00:00.603 11 WARNING cinder.scheduler.host_manager [req-e2b231df-9d08-4eed-a078-f1d3025b7d6b 8ed377700a094f0aae1a72b4df866b90 - - - -] volume service is down. (host: rack08-server75@lvm-1)
2022-04-14 11:01:08.198 11 WARNING cinder.scheduler.host_manager [req-bb57bcf4-87bd-4e95-8e86-d71fc71e716b 96d1cda76d2746b4a64169a48e76a7fd - - - -] volume service is down. (host: rack08-server75@lvm-1)
2022-04-14 11:01:11.722 11 WARNING cinder.scheduler.host_manager [req-7d88fd4b-aeb6-4c59-b90f-e0cd03f2984b 96d1cda76d2746b4a64169a48e76a7fd - - - -] volume service is down. (host: rack08-server75@lvm-1)
2022-04-14 11:03:07.382 11 WARNING cinder.scheduler.host_manager [req-992f25eb-34e4-4a76-a083-55583fddd999 96d1cda76d2746b4a64169a48e76a7fd - - - -] volume service is down. (host: rack08-server75@lvm-1)
2022-04-14 11:03:09.645 11 WARNING cinder.scheduler.host_manager [req-b4caafa8-9d0e-4b90-9e39-177f704c2678 96d1cda76d2746b4a64169a48e76a7fd - - - -] volume service is down. (host: rack08-server75@lvm-1)
2022-04-14 11:05:20.267 11 WARNING cinder.scheduler.host_manager [req-9b94f40c-212a-4d18-9426-daa3be4b590b e05c0bc386c047ada6d63ff6bcb929c4 - - - -] volume service is down. (host: rack08-server75@lvm-1)
2022-04-14 11:05:31.052 11 WARNING cinder.scheduler.host_manager [req-66eb30fe-e9e0-4fb0-878b-78be11efb168 e05c0bc386c047ada6d63ff6bcb929c4 - - - -] volume service is down. (host: rack08-server75@lvm-1)
2022-04-14 11:05:32.531 11 WARNING cinder.scheduler.host_manager [req-4da9e1c8-0edf-4ad2-aa1b-1763180d17cf e05c0bc386c047ada6d63ff6bcb929c4 - - - -] volume service is down. (host: rack08-server75@lvm-1)
2022-04-14 11:05:34.878 11 WARNING cinder.scheduler.host_manager [req-ea0beab7-72dd-4110-8416-f9908b1a630e e05c0bc386c047ada6d63ff6bcb929c4 - - - -] volume service is down. (host: rack08-server75@lvm-1)
2022-04-14 11:05:37.162 11 WARNING cinder.scheduler.host_manager [req-0aa3571e-ed67-4f11-914b-82a372f6e727 e05c0bc386c047ada6d63ff6bcb929c4 - - - -] volume service is down. (host: rack08-server75@lvm-1)
2022-04-14 11:05:45.036 11 WARNING cinder.scheduler.host_manager [req-21a80092-cd7d-4fca-a94b-74aa52cd2cfb 3d63a97c275b41f885c8c2b5159128ac - - - -] volume service is down. (host: rack08-server75@lvm-1)
2022-04-14 11:05:47.694 11 WARNING cinder.scheduler.host_manager [req-5981fd97-f06f-4a81-9260-d1a7fdb73dfd 3d63a97c275b41f885c8c2b5159128ac - - - -] volume service is down. (host: rack08-server75@lvm-1)
2022-04-14 11:05:52.510 11 WARNING cinder.scheduler.host_manager [req-fd92be2a-e4d0-4fd8-887c-a935b5e987be 3d63a97c275b41f885c8c2b5159128ac - - - -] volume service is down. (host: rack08-server75@lvm-1)
2022-04-14 11:05:55.002 11 WARNING cinder.scheduler.host_manager [req-2bc51b8b-e477-4d05-bdb3-6f109853391c 3d63a97c275b41f885c8c2b5159128ac - - - -] volume service is down. (host: rack08-server75@lvm-1)
2022-04-14 11:05:58.798 11 WARNING cinder.scheduler.host_manager [req-15b0d1c3-1dd8-4aa2-98ba-2e13a8731c04 3d63a97c275b41f885c8c2b5159128ac - - - -] volume service is down. (host: rack08-server75@lvm-1)
2022-04-14 11:06:02.284 11 WARNING cinder.scheduler.host_manager [req-bd83e28d-669b-49ad-bc2a-287d4b3fa631 96d1cda76d2746b4a64169a48e76a7fd - - - -] volume service is down. (host: rack08-server75@lvm-1)
2022-04-14 11:06:02.704 11 WARNING cinder.scheduler.host_manager [req-00086ea8-79d1-4835-8945-5b7d37872fa0 3d63a97c275b41f885c8c2b5159128ac - - - -] volume service is down. (host: rack08-server75@lvm-1)
2022-04-14 11:06:04.035 11 WARNING cinder.scheduler.host_manager [req-3c51b63b-cec1-4a27-bf49-970dfbdd1d25 728dbf3766b642499446d184c31ca83d - - - -] volume service is down. (host: rack08-server75@lvm-1)
2022-04-14 11:06:04.580 11 WARNING cinder.scheduler.host_manager [req-cb9863b2-0a07-41e2-871a-b57c3a0e8509 96d1cda76d2746b4a64169a48e76a7fd - - - -] volume service is down. (host: rack08-server75@lvm-1)
2022-04-14 11:06:07.533 11 WARNING cinder.scheduler.host_manager [req-557c5cbc-d2c4-4d26-9acb-20a9e09281d4 96d1cda76d2746b4a64169a48e76a7fd - - - -] volume service is down. (host: rack08-server75@lvm-1)
2022-04-14 11:06:11.174 11 WARNING cinder.scheduler.host_manager [req-9b711fe1-e032-4b9c-8ef3-f0f5994cb3b7 96d1cda76d2746b4a64169a48e76a7fd - - - -] volume service is down. (host: rack08-server75@lvm-1)
2022-04-14 11:06:13.486 11 WARNING cinder.scheduler.host_manager [req-157a423e-410b-45f9-9835-1a3e781e2f0b 96d1cda76d2746b4a64169a48e76a7fd - - - -] volume service is down. (host: rack08-server75@lvm-1)
2022-04-14 11:06:13.829 11 WARNING cinder.scheduler.host_manager [req-ef9e23e4-e4cf-40be-a3ba-2891d4770948 3d63a97c275b41f885c8c2b5159128ac - - - -] volume service is down. (host: rack08-server75@lvm-1)
2022-04-14 11:06:15.947 11 WARNING cinder.scheduler.host_manager [req-3a16aaeb-3e0c-43ce-8aff-63d45243ed5e 96d1cda76d2746b4a64169a48e76a7fd - - - -] volume service is down. (host: rack08-server75@lvm-1)
2022-04-14 11:06:22.818 11 WARNING cinder.scheduler.host_manager [req-d24f1ee5-6a65-41aa-87df-4969d0a22c15 63ceb79ab2d340c9bdf56f9a2cf5f372 - - - -] volume service is down. (host: rack08-server75@lvm-1)
2022-04-14 11:06:25.320 11 WARNING cinder.scheduler.host_manager [req-3833849b-d6ec-46c8-9fd1-0a9d6cf846d2 63ceb79ab2d340c9bdf56f9a2cf5f372 - - - -] volume service is down. (host: rack08-server75@lvm-1)
2022-04-14 11:06:27.816 11 WARNING cinder.scheduler.host_manager [req-bde043ae-1c21-4674-a40b-9872f6f6d362 63ceb79ab2d340c9bdf56f9a2cf5f372 - - - -] volume service is down. (host: rack08-server75@lvm-1)
2022-04-14 11:06:28.909 11 WARNING cinder.scheduler.host_manager [req-62c513dd-7b1b-403c-97d9-22f89796f726 461d2c2d7129423189e4bfddeb7bc842 - - - -] volume service is down. (host: rack08-server75@lvm-1)
2022-04-14 11:06:31.213 11 WARNING cinder.scheduler.host_manager [req-e2d5c127-561e-4fe4-a41d-86582c6bfdcd 461d2c2d7129423189e4bfddeb7bc842 - - - -] volume service is down. (host: rack08-server75@lvm-1)
2022-04-14 11:09:09.847 11 WARNING cinder.scheduler.host_manager [req-cedc2c7c-de5d-4bb4-86fe-bff9ea51f32f 728dbf3766b642499446d184c31ca83d - - - -] volume service is down. (host: rack08-server75@lvm-1)
2022-04-14 11:15:13.537 11 WARNING cinder.scheduler.host_manager [req-7ebb0315-6257-4b47-a735-4163ff4d5c12 ec2d718558a342a98e00b0bb7a772320 - - - -] volume service is down. (host: rack08-server75@lvm-1)
2022-04-14 11:15:13.547 11 WARNING cinder.scheduler.host_manager [req-7ebb0315-6257-4b47-a735-4163ff4d5c12 ec2d718558a342a98e00b0bb7a772320 - - - -] volume service is down. (host: rack08-server75@lvm-1)
2022-04-14 11:15:21.886 11 WARNING cinder.scheduler.host_manager [req-aa2cb28d-eb6a-4dab-a934-354f6ec81aa5 55f0b78cdeea433d83c02ff134d6e5bf - - - -] volume service is down. (host: rack08-server75@lvm-1)
2022-04-14 11:15:21.887 11 INFO cinder.scheduler.base_filter [req-aa2cb28d-eb6a-4dab-a934-354f6ec81aa5 55f0b78cdeea433d83c02ff134d6e5bf - - - -] Filtering removed all hosts for the request with volume ID '2d629975-fa15-49ac-a26a-a31cbb144abd'. Filter results: AvailabilityZoneFilter: (start: 1, end: 1), CapacityFilter: (start: 1, end: 1), CapabilitiesFilter: (start: 1, end: 0)
2022-04-14 11:15:21.888 11 WARNING cinder.scheduler.filter_scheduler [req-aa2cb28d-eb6a-4dab-a934-354f6ec81aa5 55f0b78cdeea433d83c02ff134d6e5bf - - - -] No weighed backend found for volume with properties: {'id': '16168bb1-98a8-45a5-b4d0-158af62ef1bf', 'name': 'tempest-UserMessagesTest-volume-type-723466009', 'description': None, 'is_public': True, 'projects': [], 'extra_specs': {'storage_protocol': 'tempest-storage_protocol-1634318829', 'vendor_name': 'tempest-vendor_name-406396613'}, 'qos_specs_id': None, 'created_at': '2022-04-14T08:15:21.000000', 'updated_at': None, 'deleted_at': None, 'deleted': False}
2022-04-14 11:15:21.888 11 INFO cinder.message.api [req-aa2cb28d-eb6a-4dab-a934-354f6ec81aa5 55f0b78cdeea433d83c02ff134d6e5bf - - - -] Creating message record for request_id = req-aa2cb28d-eb6a-4dab-a934-354f6ec81aa5
2022-04-14 11:15:21.893 11 ERROR cinder.scheduler.flows.create_volume [req-aa2cb28d-eb6a-4dab-a934-354f6ec81aa5 55f0b78cdeea433d83c02ff134d6e5bf - - - -] Failed to run task cinder.scheduler.flows.create_volume.ScheduleCreateVolumeTask;volume:create: No valid backend was found. No weighed backends available: cinder.exception.NoValidBackend: No valid backend was found. No weighed backends available
2022-04-14 11:15:39.234 11 WARNING cinder.scheduler.host_manager [req-cba31ab5-91e5-4ff5-bb9b-bc6b31a237c6 dfc900ef24694155b25281f643d4ea6d - - - -] volume service is down. (host: rack08-server75@lvm-1)
2022-04-14 11:15:39.314 11 WARNING cinder.scheduler.host_manager [req-45e83f1e-fb2e-4d5c-ac5d-97ef7be4363e 621d91dbc8714083aa78c700ca292743 - - - -] volume service is down. (host: rack08-server75@lvm-1)
2022-04-14 11:15:39.714 11 WARNING cinder.scheduler.host_manager [req-eeb90b2b-9701-48a7-bb5a-0d78c9bf1964 621d91dbc8714083aa78c700ca292743 - - - -] volume service is down. (host: rack08-server75@lvm-1)
2022-04-14 11:15:40.183 11 WARNING cinder.scheduler.host_manager [req-02632a3d-7803-4266-b70b-571503de3f97 621d91dbc8714083aa78c700ca292743 - - - -] volume service is down. (host: rack08-server75@lvm-1)
2022-04-14 11:15:40.597 11 WARNING cinder.scheduler.host_manager [req-39de5e69-e443-4e0f-ac08-a4c7ee5be75c 621d91dbc8714083aa78c700ca292743 - - - -] volume service is down. (host: rack08-server75@lvm-1)
2022-04-14 11:15:40.724 11 WARNING cinder.scheduler.host_manager [req-09a6b4ab-88f0-4433-8b91-590a9c41b523 dfc900ef24694155b25281f643d4ea6d - - - -] volume service is down. (host: rack08-server75@lvm-1)
2022-04-14 11:15:41.029 11 WARNING cinder.scheduler.host_manager [req-c41c640b-c692-4b8c-b813-fe53d94d1290 621d91dbc8714083aa78c700ca292743 - - - -] volume service is down. (host: rack08-server75@lvm-1)
2022-04-14 11:15:43.115 11 WARNING cinder.scheduler.host_manager [req-c33d3b9d-9257-464e-9b15-886a366a8a85 dfc900ef24694155b25281f643d4ea6d - - - -] volume service is down. (host: rack08-server75@lvm-1)
