Build Started 13_01_2025_19_51_43
2025-01-13 19:53:06.279 7 WARNING cinder.scheduler.host_manager [req-d8d27bea-39af-4825-b112-33253ded0554 req-61df1ebc-efc6-435c-8135-898c23e35254 988e808b94dd455690f8c511f2a109b9 283f5b3dc9e14ed6b4771f730b9fa26b - - - -] volume service is down. (host: rack13-server67@lvm-1)
2025-01-13 19:53:06.343 7 WARNING cinder.scheduler.host_manager [req-3ec0c46b-fd52-4779-b0dd-2c57e6d43f22 req-3ac7e85f-7780-4d7a-9fc0-d3818f96ebb2 ac41dfd4564b46318d72ec822f99680a 2a0e28a9d5bd4d3dbfb749948427d233 - - - -] volume service is down. (host: rack13-server67@lvm-1)
2025-01-13 19:53:08.686 7 WARNING cinder.scheduler.host_manager [req-4ec37eb0-bf6f-46e9-a8e6-4c02071091ae req-61b7955c-7336-4712-ac1b-d27e3a2e7744 988e808b94dd455690f8c511f2a109b9 283f5b3dc9e14ed6b4771f730b9fa26b - - - -] volume service is down. (host: rack13-server67@lvm-1)
2025-01-13 19:53:13.480 7 WARNING cinder.scheduler.host_manager [None req-20357118-20d3-4584-9039-9bc4382aa5b9 7fbd293e582641a4842d37b2b10c3f1d e108b8785c2745c6a5b6a1fdfcd10b35 - - - -] volume service is down. (host: rack13-server67@lvm-1)
2025-01-13 19:53:15.154 7 WARNING cinder.scheduler.host_manager [None req-cf809645-3309-4433-9d9e-e12eb3ec17ed 34041414cdee493191341bebb4350faa df90b81695b043a19608b920555b20fd - - - -] volume service is down. (host: rack13-server67@lvm-1)
2025-01-13 19:53:15.970 7 WARNING cinder.scheduler.host_manager [None req-2f23dac8-7421-421c-82b9-f4be59144ec3 7fbd293e582641a4842d37b2b10c3f1d e108b8785c2745c6a5b6a1fdfcd10b35 - - - -] volume service is down. (host: rack13-server67@lvm-1)
2025-01-13 19:53:17.459 7 WARNING cinder.scheduler.host_manager [None req-f628d78f-5a4d-4dd1-b249-ca392580b00a 34041414cdee493191341bebb4350faa df90b81695b043a19608b920555b20fd - - - -] volume service is down. (host: rack13-server67@lvm-1)
2025-01-13 19:53:18.337 7 WARNING cinder.scheduler.host_manager [None req-ac94b5de-a96e-42e1-9dc1-139099d929c0 29ac1d99b5b24cfcb0076d7004b9e1aa c62238e5f32f4a5ba09773a07b3ae586 - - - -] volume service is down. (host: rack13-server67@lvm-1)
2025-01-13 19:53:18.447 7 WARNING cinder.scheduler.host_manager [None req-6271e451-5601-4bdd-a89b-fa55ad7454ad 7fbd293e582641a4842d37b2b10c3f1d e108b8785c2745c6a5b6a1fdfcd10b35 - - - -] volume service is down. (host: rack13-server67@lvm-1)
2025-01-13 19:53:18.863 7 WARNING cinder.scheduler.host_manager [None req-e42d9ff2-2aac-4105-a914-28f095abf900 29ac1d99b5b24cfcb0076d7004b9e1aa c62238e5f32f4a5ba09773a07b3ae586 - - - -] volume service is down. (host: rack13-server67@lvm-1)
2025-01-13 19:53:20.005 7 WARNING cinder.scheduler.host_manager [None req-45ac707e-701a-44f1-a886-ac87109beda8 34041414cdee493191341bebb4350faa df90b81695b043a19608b920555b20fd - - - -] volume service is down. (host: rack13-server67@lvm-1)
2025-01-13 19:53:23.581 7 WARNING cinder.scheduler.host_manager [None req-6496e95d-65fa-4722-8631-f6fa36d4110e 34041414cdee493191341bebb4350faa df90b81695b043a19608b920555b20fd - - - -] volume service is down. (host: rack13-server67@lvm-1)
2025-01-13 19:53:26.194 7 WARNING cinder.scheduler.host_manager [None req-210f3592-aadd-4d9c-97b3-79ebd57e01a4 09bb9cb1c8504aefa283749013139345 9cfd7a755b3340f3bf6cafef7e2970b4 - - - -] volume service is down. (host: rack13-server67@lvm-1)
2025-01-13 19:53:26.203 7 WARNING cinder.scheduler.host_manager [None req-210f3592-aadd-4d9c-97b3-79ebd57e01a4 09bb9cb1c8504aefa283749013139345 9cfd7a755b3340f3bf6cafef7e2970b4 - - - -] volume service is down. (host: rack13-server67@lvm-1)
2025-01-13 19:53:27.153 7 WARNING cinder.scheduler.host_manager [None req-43338be7-7480-45b5-aeb2-8c943086d9c5 34041414cdee493191341bebb4350faa df90b81695b043a19608b920555b20fd - - - -] volume service is down. (host: rack13-server67@lvm-1)
2025-01-13 19:53:27.625 7 WARNING cinder.scheduler.host_manager [None req-3b061ccd-98ad-4f19-bcda-3ddeedf5ccd5 09bb9cb1c8504aefa283749013139345 9cfd7a755b3340f3bf6cafef7e2970b4 - - - -] volume service is down. (host: rack13-server67@lvm-1)
2025-01-13 19:53:30.717 7 WARNING cinder.scheduler.host_manager [None req-7c5dd5bd-1875-4103-85e3-eea3ecdf84cb 34041414cdee493191341bebb4350faa df90b81695b043a19608b920555b20fd - - - -] volume service is down. (host: rack13-server67@lvm-1)
2025-01-13 19:53:33.712 7 WARNING cinder.scheduler.host_manager [None req-fb860d5b-5b2f-4aae-9d4b-588d1940d0c7 9f135f5057734c0da4291f14b19aff95 9e4b597be42143a79d5579a9de1f73da - - - -] volume service is down. (host: rack13-server67@lvm-1)
2025-01-13 19:53:33.721 7 WARNING cinder.scheduler.host_manager [None req-fb860d5b-5b2f-4aae-9d4b-588d1940d0c7 9f135f5057734c0da4291f14b19aff95 9e4b597be42143a79d5579a9de1f73da - - - -] volume service is down. (host: rack13-server67@lvm-1)
2025-01-13 19:53:35.134 7 WARNING cinder.scheduler.host_manager [None req-5bb2a8f7-1e88-4d32-9c88-018eeee52e70 9f135f5057734c0da4291f14b19aff95 9e4b597be42143a79d5579a9de1f73da - - - -] volume service is down. (host: rack13-server67@lvm-1)
2025-01-13 19:53:39.858 7 WARNING cinder.scheduler.host_manager [None req-77f547dd-02e1-4d3a-a56f-7cb8303a4460 9f135f5057734c0da4291f14b19aff95 9e4b597be42143a79d5579a9de1f73da - - - -] volume service is down. (host: rack13-server67@lvm-1)
2025-01-13 19:53:42.873 7 WARNING cinder.scheduler.host_manager [None req-b0436697-1364-4d05-8491-1d468feb521a ff4d664790644125a62bf49f56afaebe 5729c9d8b2d0458c9123d62f3c47aae8 - - - -] volume service is down. (host: rack13-server67@lvm-1)
2025-01-13 19:53:42.874 7 INFO cinder.scheduler.base_filter [None req-b0436697-1364-4d05-8491-1d468feb521a ff4d664790644125a62bf49f56afaebe 5729c9d8b2d0458c9123d62f3c47aae8 - - - -] Filtering removed all hosts for the request with volume ID '26b79e51-456c-4982-b139-52da50fbbaf4'. Filter results: AvailabilityZoneFilter: (start: 1, end: 1), CapacityFilter: (start: 1, end: 1), CapabilitiesFilter: (start: 1, end: 0)
2025-01-13 19:53:42.874 7 WARNING cinder.scheduler.filter_scheduler [None req-b0436697-1364-4d05-8491-1d468feb521a ff4d664790644125a62bf49f56afaebe 5729c9d8b2d0458c9123d62f3c47aae8 - - - -] No weighed backend found for volume with properties: {'id': 'c7310851-7763-4671-9469-98ab0e6ad427', 'name': 'tempest-UserMessagesTest-volume-type-821220652', 'description': None, 'is_public': True, 'projects': [], 'extra_specs': {'storage_protocol': 'tempest-storage_protocol-1253114806', 'vendor_name': 'tempest-vendor_name-1498992899'}, 'qos_specs_id': None, 'created_at': '2025-01-13T19:53:42.000000', 'updated_at': None, 'deleted_at': None, 'deleted': False}
2025-01-13 19:53:42.875 7 INFO cinder.message.api [None req-b0436697-1364-4d05-8491-1d468feb521a ff4d664790644125a62bf49f56afaebe 5729c9d8b2d0458c9123d62f3c47aae8 - - - -] Creating message record for request_id = req-b0436697-1364-4d05-8491-1d468feb521a
2025-01-13 19:53:42.879 7 ERROR cinder.scheduler.flows.create_volume [None req-b0436697-1364-4d05-8491-1d468feb521a ff4d664790644125a62bf49f56afaebe 5729c9d8b2d0458c9123d62f3c47aae8 - - - -] Failed to run task cinder.scheduler.flows.create_volume.ScheduleCreateVolumeTask;volume:create: No valid backend was found. No weighed backends available: cinder.exception.NoValidBackend: No valid backend was found. No weighed backends available
2025-01-13 19:53:44.564 7 WARNING cinder.scheduler.host_manager [None req-c6e32af5-0f43-491f-b561-7f8050389b05 ff4d664790644125a62bf49f56afaebe 5729c9d8b2d0458c9123d62f3c47aae8 - - - -] volume service is down. (host: rack13-server67@lvm-1)
2025-01-13 19:53:44.565 7 INFO cinder.scheduler.base_filter [None req-c6e32af5-0f43-491f-b561-7f8050389b05 ff4d664790644125a62bf49f56afaebe 5729c9d8b2d0458c9123d62f3c47aae8 - - - -] Filtering removed all hosts for the request with volume ID '74a59029-c30a-48c8-b227-677c7b0032b5'. Filter results: AvailabilityZoneFilter: (start: 1, end: 1), CapacityFilter: (start: 1, end: 1), CapabilitiesFilter: (start: 1, end: 0)
2025-01-13 19:53:44.566 7 WARNING cinder.scheduler.filter_scheduler [None req-c6e32af5-0f43-491f-b561-7f8050389b05 ff4d664790644125a62bf49f56afaebe 5729c9d8b2d0458c9123d62f3c47aae8 - - - -] No weighed backend found for volume with properties: {'id': '90b5f2cb-4565-4a80-a143-f54afc8fafab', 'name': 'tempest-UserMessagesTest-volume-type-79117565', 'description': None, 'is_public': True, 'projects': [], 'extra_specs': {'storage_protocol': 'tempest-storage_protocol-1735714805', 'vendor_name': 'tempest-vendor_name-15342063'}, 'qos_specs_id': None, 'created_at': '2025-01-13T19:53:44.000000', 'updated_at': None, 'deleted_at': None, 'deleted': False}
2025-01-13 19:53:44.567 7 INFO cinder.message.api [None req-c6e32af5-0f43-491f-b561-7f8050389b05 ff4d664790644125a62bf49f56afaebe 5729c9d8b2d0458c9123d62f3c47aae8 - - - -] Creating message record for request_id = req-c6e32af5-0f43-491f-b561-7f8050389b05
2025-01-13 19:53:44.572 7 ERROR cinder.scheduler.flows.create_volume [None req-c6e32af5-0f43-491f-b561-7f8050389b05 ff4d664790644125a62bf49f56afaebe 5729c9d8b2d0458c9123d62f3c47aae8 - - - -] Failed to run task cinder.scheduler.flows.create_volume.ScheduleCreateVolumeTask;volume:create: No valid backend was found. No weighed backends available: cinder.exception.NoValidBackend: No valid backend was found. No weighed backends available
2025-01-13 19:53:47.165 7 WARNING cinder.scheduler.host_manager [None req-1820748f-8150-4139-9ae6-3e8c7bcd973e 9f135f5057734c0da4291f14b19aff95 9e4b597be42143a79d5579a9de1f73da - - - -] volume service is down. (host: rack13-server67@lvm-1)
2025-01-13 19:53:47.173 7 WARNING cinder.scheduler.host_manager [None req-1820748f-8150-4139-9ae6-3e8c7bcd973e 9f135f5057734c0da4291f14b19aff95 9e4b597be42143a79d5579a9de1f73da - - - -] volume service is down. (host: rack13-server67@lvm-1)
2025-01-13 19:53:48.550 7 WARNING cinder.scheduler.host_manager [None req-a0c0b966-db78-4ffd-9ca0-4757b8a02e48 9f135f5057734c0da4291f14b19aff95 9e4b597be42143a79d5579a9de1f73da - - - -] volume service is down. (host: rack13-server67@lvm-1)
2025-01-13 19:53:49.325 7 WARNING cinder.scheduler.host_manager [None req-f5455e09-5870-49be-87c8-28edd52b8d4d cc19c49fe5104e749fbc4512a662fa1b df0bab23648a43b9a95dc8cdbbc834ab - - - -] volume service is down. (host: rack13-server67@lvm-1)
2025-01-13 19:53:51.030 7 WARNING cinder.scheduler.host_manager [None req-fe7465e6-9fe5-47c3-a828-c3606381d798 9f135f5057734c0da4291f14b19aff95 9e4b597be42143a79d5579a9de1f73da - - - -] volume service is down. (host: rack13-server67@lvm-1)
2025-01-13 19:53:52.992 7 WARNING cinder.scheduler.host_manager [None req-9513ead8-7c77-480f-9f5d-2627e9c10dd6 cc19c49fe5104e749fbc4512a662fa1b df0bab23648a43b9a95dc8cdbbc834ab - - - -] volume service is down. (host: rack13-server67@lvm-1)
2025-01-13 19:53:56.486 7 WARNING cinder.scheduler.host_manager [None req-466e27b4-402b-4d76-82fc-f0f3994047b1 df5610e88a774bd99fed863c411d8c72 d1d353a28e9447efae8ef02bc5a852e6 - - - -] volume service is down. (host: rack13-server67@lvm-1)
2025-01-13 19:54:03.124 7 WARNING cinder.scheduler.host_manager [None req-28ff1791-aa46-4f59-af23-17a4d6d5267e 64904b39a1e44dd6ad7227960253badd 9d1128bd314140fa97a0dd13ff117fe1 - - - -] volume service is down. (host: rack13-server67@lvm-1)
2025-01-13 19:54:04.231 7 WARNING cinder.scheduler.host_manager [None req-973d37fb-52c1-4a7f-b58b-e13752c3c2cc 9f135f5057734c0da4291f14b19aff95 9e4b597be42143a79d5579a9de1f73da - - - -] volume service is down. (host: rack13-server67@lvm-1)
2025-01-13 19:54:04.239 7 WARNING cinder.scheduler.host_manager [None req-973d37fb-52c1-4a7f-b58b-e13752c3c2cc 9f135f5057734c0da4291f14b19aff95 9e4b597be42143a79d5579a9de1f73da - - - -] volume service is down. (host: rack13-server67@lvm-1)
2025-01-13 19:54:05.620 7 WARNING cinder.scheduler.host_manager [None req-d44caf4f-864c-41fd-81d6-5cf39ec5b72d 9f135f5057734c0da4291f14b19aff95 9e4b597be42143a79d5579a9de1f73da - - - -] volume service is down. (host: rack13-server67@lvm-1)
2025-01-13 19:54:10.515 7 WARNING cinder.scheduler.host_manager [None req-76fa85db-f1d4-45b2-88a0-a2cac5ac1d2e 5118fcd5c6094d139f799444e7dca2bb 9efbdc1c6e1f40889bca87ec3aa7ecaa - - - -] volume service is down. (host: rack13-server67@lvm-1)
2025-01-13 19:54:12.866 7 WARNING cinder.scheduler.host_manager [None req-4c5fccf5-de45-4815-9799-f9ea44a5bbe4 5118fcd5c6094d139f799444e7dca2bb 9efbdc1c6e1f40889bca87ec3aa7ecaa - - - -] volume service is down. (host: rack13-server67@lvm-1)
2025-01-13 19:54:20.173 7 WARNING cinder.scheduler.host_manager [None req-44a8a1dc-fc2a-4c3b-8e78-c0694cb5c235 929a710629fa4c54852c4a93063bfd9d 68e1cdba29a3488995db566121c8e91f - - - -] volume service is down. (host: rack13-server67@lvm-1)
2025-01-13 19:54:22.679 7 WARNING cinder.scheduler.host_manager [None req-e48a86aa-a145-4c58-b8b4-1e6b0115c833 929a710629fa4c54852c4a93063bfd9d 68e1cdba29a3488995db566121c8e91f - - - -] volume service is down. (host: rack13-server67@lvm-1)
2025-01-13 19:54:24.804 7 WARNING cinder.scheduler.host_manager [None req-89ade8f2-0fe3-4423-967f-43ce47a98cc9 2bf86d6b0d524174b34c2e6f7edb407e 79e347a758cf47b5a854358472f6aa43 - - - -] volume service is down. (host: rack13-server67@lvm-1)
2025-01-13 19:54:24.810 7 WARNING cinder.scheduler.host_manager [None req-89ade8f2-0fe3-4423-967f-43ce47a98cc9 2bf86d6b0d524174b34c2e6f7edb407e 79e347a758cf47b5a854358472f6aa43 - - - -] volume service is down. (host: rack13-server67@lvm-1)
2025-01-13 19:54:25.114 7 WARNING cinder.scheduler.host_manager [None req-66a9e6f4-fe25-4f54-a0c4-507b2299e0cc 929a710629fa4c54852c4a93063bfd9d 68e1cdba29a3488995db566121c8e91f - - - -] volume service is down. (host: rack13-server67@lvm-1)
2025-01-13 19:54:26.003 7 WARNING cinder.scheduler.host_manager [None req-99162477-f8a2-408b-adc6-5f4d21cf341d 2bf86d6b0d524174b34c2e6f7edb407e 79e347a758cf47b5a854358472f6aa43 - - - -] volume service is down. (host: rack13-server67@lvm-1)
2025-01-13 19:54:26.009 7 WARNING cinder.scheduler.host_manager [None req-99162477-f8a2-408b-adc6-5f4d21cf341d 2bf86d6b0d524174b34c2e6f7edb407e 79e347a758cf47b5a854358472f6aa43 - - - -] volume service is down. (host: rack13-server67@lvm-1)
2025-01-13 19:54:27.364 7 WARNING cinder.scheduler.host_manager [None req-ff626e14-872c-4a46-9e4f-33b7c3ca5b49 2bf86d6b0d524174b34c2e6f7edb407e 79e347a758cf47b5a854358472f6aa43 - - - -] volume service is down. (host: rack13-server67@lvm-1)
2025-01-13 19:54:27.754 7 WARNING cinder.scheduler.host_manager [None req-de0b50ea-d24a-4a7f-9a74-4bf8d46e65b2 8f16a07424ce4d1ba54f7263d0d39baa 90e3a171bb394590bb59e264bcf96048 - - - -] volume service is down. (host: rack13-server67@lvm-1)
2025-01-13 19:54:32.670 7 WARNING cinder.scheduler.host_manager [None req-7b580767-8b7e-4680-8165-51fcda2ad5d9 2bf86d6b0d524174b34c2e6f7edb407e 79e347a758cf47b5a854358472f6aa43 - - - -] volume service is down. (host: rack13-server67@lvm-1)
2025-01-13 19:54:32.678 7 WARNING cinder.scheduler.host_manager [None req-7b580767-8b7e-4680-8165-51fcda2ad5d9 2bf86d6b0d524174b34c2e6f7edb407e 79e347a758cf47b5a854358472f6aa43 - - - -] volume service is down. (host: rack13-server67@lvm-1)
2025-01-13 19:54:34.066 7 WARNING cinder.scheduler.host_manager [None req-9b5aeea8-ba1e-43fb-9649-2dbea533a0cd 2bf86d6b0d524174b34c2e6f7edb407e 79e347a758cf47b5a854358472f6aa43 - - - -] volume service is down. (host: rack13-server67@lvm-1)
2025-01-13 19:54:36.552 7 WARNING cinder.scheduler.host_manager [None req-33c999b4-da00-40e7-8e29-3ae7ee04ade7 2bf86d6b0d524174b34c2e6f7edb407e 79e347a758cf47b5a854358472f6aa43 - - - -] volume service is down. (host: rack13-server67@lvm-1)
2025-01-13 19:54:40.060 7 WARNING cinder.scheduler.host_manager [None req-c5991524-2b9c-4dd1-828c-907652aab55d 484daea5ad654c7da0ec954518fa8e8a 038b08c52fe547ea86047ffb8974ddee - - - -] volume service is down. (host: rack13-server67@lvm-1)
2025-01-13 19:54:40.958 7 WARNING cinder.scheduler.host_manager [None req-f4238331-5138-4da8-bb5d-4ec7ec429630 bac309ec5dee4fc3ade85f2bca929c85 98b0eb95c0504119ad1a6a099c52c278 - - - -] volume service is down. (host: rack13-server67@lvm-1)
2025-01-13 19:54:48.871 7 WARNING cinder.scheduler.host_manager [None req-207d9f1f-bcd7-4976-b69b-fe8a93d9df90 91ea36e78a714561a478875f55d73d50 3f6f8c238344464680a6e091fee31fe3 - - - -] volume service is down. (host: rack13-server67@lvm-1)
2025-01-13 19:54:48.880 7 WARNING cinder.scheduler.host_manager [None req-207d9f1f-bcd7-4976-b69b-fe8a93d9df90 91ea36e78a714561a478875f55d73d50 3f6f8c238344464680a6e091fee31fe3 - - - -] volume service is down. (host: rack13-server67@lvm-1)
2025-01-13 19:54:50.275 7 WARNING cinder.scheduler.host_manager [None req-02468db0-9a13-4b82-ae6d-44f3e98eaf35 91ea36e78a714561a478875f55d73d50 3f6f8c238344464680a6e091fee31fe3 - - - -] volume service is down. (host: rack13-server67@lvm-1)
2025-01-13 19:54:51.996 7 WARNING cinder.scheduler.host_manager [None req-8657007a-178d-4a7b-bbd3-41b1af649b26 9b72d823b65e4f7bbf770cc3fef9793d d97d0dcd6451435ea29f1a0657a3978c - - - -] volume service is down. (host: rack13-server67@lvm-1)
2025-01-13 19:54:52.639 7 WARNING cinder.scheduler.host_manager [None req-8220bbe3-3b0f-4484-9a93-7be0560a6bd0 91ea36e78a714561a478875f55d73d50 3f6f8c238344464680a6e091fee31fe3 - - - -] volume service is down. (host: rack13-server67@lvm-1)
2025-01-13 19:54:54.881 7 WARNING cinder.scheduler.host_manager [None req-5241195d-1311-408d-ae60-218b6b88e998 de170a78fb6449c1a851bb24cc0e057f ea76bd2f5bdb4f218d93c6cdf87e6d9a - - - -] volume service is down. (host: rack13-server67@lvm-1)
2025-01-13 19:54:57.215 7 WARNING cinder.scheduler.host_manager [None req-77f81c64-51f7-472c-a3ec-432b816debf7 de170a78fb6449c1a851bb24cc0e057f ea76bd2f5bdb4f218d93c6cdf87e6d9a - - - -] volume service is down. (host: rack13-server67@lvm-1)
2025-01-13 19:54:57.288 7 WARNING cinder.scheduler.host_manager [None req-5d981e5f-2bec-400d-8816-3891a6f7e340 9b72d823b65e4f7bbf770cc3fef9793d d97d0dcd6451435ea29f1a0657a3978c - - - -] volume service is down. (host: rack13-server67@lvm-1)
2025-01-13 19:55:05.470 7 WARNING cinder.scheduler.host_manager [None req-4c2e5972-ba4f-4de0-bf40-fe04758f1e84 4957573d092e4501ba78b3ec9d233d3c f549febd242b45b9b6261558a8115fdf - - - -] volume service is down. (host: rack13-server67@lvm-1)
2025-01-13 19:55:05.479 7 WARNING cinder.scheduler.host_manager [None req-4c2e5972-ba4f-4de0-bf40-fe04758f1e84 4957573d092e4501ba78b3ec9d233d3c f549febd242b45b9b6261558a8115fdf - - - -] volume service is down. (host: rack13-server67@lvm-1)
2025-01-13 19:55:05.546 7 WARNING cinder.scheduler.host_manager [None req-77affbc6-8f22-49b8-83c8-430b080b2afd c8486d303b924ecdac03763ff8551810 2d85a6d7c0ab4e6f9992e2cf0bcffb2d - - - -] volume service is down. (host: rack13-server67@lvm-1)
2025-01-13 19:55:07.810 7 WARNING cinder.scheduler.host_manager [None req-0f62c78a-6bac-45e5-a135-4dff68a7ecf8 c8486d303b924ecdac03763ff8551810 2d85a6d7c0ab4e6f9992e2cf0bcffb2d - - - -] volume service is down. (host: rack13-server67@lvm-1)
2025-01-13 19:55:08.316 7 WARNING cinder.scheduler.host_manager [None req-34bc7de1-d285-4f84-adef-63f9d9d9ceef 8a22c2bc2f4f4d829e13c56fcf85322f 1f85b353d2054eb3981faa19a929d289 - - - -] volume service is down. (host: rack13-server67@lvm-1)
2025-01-13 19:55:10.079 7 WARNING cinder.scheduler.host_manager [None req-efa01fcf-323e-49d5-b80a-36dc18b149e4 c8486d303b924ecdac03763ff8551810 2d85a6d7c0ab4e6f9992e2cf0bcffb2d - - - -] volume service is down. (host: rack13-server67@lvm-1)
2025-01-13 19:55:13.704 7 WARNING cinder.scheduler.host_manager [None req-815754e4-70b5-40fb-a380-1cc413e8c043 8a22c2bc2f4f4d829e13c56fcf85322f 1f85b353d2054eb3981faa19a929d289 - - - -] volume service is down. (host: rack13-server67@lvm-1)
2025-01-13 19:55:13.778 7 WARNING cinder.scheduler.host_manager [None req-52c7d7d3-fa13-475b-ac38-c0f2b56068da c8486d303b924ecdac03763ff8551810 2d85a6d7c0ab4e6f9992e2cf0bcffb2d - - - -] volume service is down. (host: rack13-server67@lvm-1)
2025-01-13 19:55:16.145 7 WARNING cinder.scheduler.host_manager [None req-04eeb4ff-646a-4e75-831a-bdf5ffdb33b9 c8486d303b924ecdac03763ff8551810 2d85a6d7c0ab4e6f9992e2cf0bcffb2d - - - -] volume service is down. (host: rack13-server67@lvm-1)
2025-01-13 19:55:17.574 7 WARNING cinder.scheduler.host_manager [None req-4c4c833f-d667-4911-b287-a6e041a21680 c8486d303b924ecdac03763ff8551810 2d85a6d7c0ab4e6f9992e2cf0bcffb2d - - - -] volume service is down. (host: rack13-server67@lvm-1)
2025-01-13 19:55:20.719 7 WARNING cinder.scheduler.host_manager [None req-3f934635-7937-4f80-be5c-f42b43d3dca7 47b245f5cad348988a303d94654d017c dedc98fc2641432f8a92950afaab94b8 - - - -] volume service is down. (host: rack13-server67@lvm-1)
2025-01-13 19:55:21.893 7 WARNING cinder.scheduler.host_manager [None req-30c593a3-f916-458f-af98-16f5fbf5439d aa244afe4a5544c08433b36a54f7082d 68777b4514104d5eab4d98e0f48e1cff - - - -] volume service is down. (host: rack13-server67@lvm-1)
2025-01-13 19:55:26.171 7 WARNING cinder.scheduler.host_manager [None req-51cce503-65f7-4ba8-b342-f089e8936a7a b75bff6775cb4188998ba45bba5d2bd6 8ace85f764bb415b9b9a2263b4ad015c - - - -] volume service is down. (host: rack13-server67@lvm-1)
2025-01-13 19:55:30.593 7 WARNING cinder.scheduler.host_manager [None req-8e855188-03d6-46b4-8b27-2b2918400fd2 aa244afe4a5544c08433b36a54f7082d 68777b4514104d5eab4d98e0f48e1cff - - - -] volume service is down. (host: rack13-server67@lvm-1)
2025-01-13 19:55:31.358 7 WARNING cinder.scheduler.host_manager [None req-b7a2ff46-c54c-4fb8-9781-9234e07f134a 8c4371b3b3514126bab2e72da6b31a18 4072e374d49f4de4a42328b021acd5e7 - - - -] volume service is down. (host: rack13-server67@lvm-1)
2025-01-13 19:55:33.317 7 WARNING cinder.scheduler.host_manager [None req-61f02c3c-ff34-46f9-8b4e-4f957750d76b aa244afe4a5544c08433b36a54f7082d 68777b4514104d5eab4d98e0f48e1cff - - - -] volume service is down. (host: rack13-server67@lvm-1)
2025-01-13 19:55:33.788 7 WARNING cinder.scheduler.host_manager [None req-5f98087e-7e25-4b83-b0c0-7b820f4b2669 8c4371b3b3514126bab2e72da6b31a18 4072e374d49f4de4a42328b021acd5e7 - - - -] volume service is down. (host: rack13-server67@lvm-1)
2025-01-13 19:55:35.055 7 WARNING cinder.scheduler.host_manager [None req-31c47d16-69d9-4d0c-9406-fa103048284b b75bff6775cb4188998ba45bba5d2bd6 8ace85f764bb415b9b9a2263b4ad015c - - - -] volume service is down. (host: rack13-server67@lvm-1)
2025-01-13 19:55:35.672 7 WARNING cinder.scheduler.host_manager [None req-a5fa5053-abe8-44f0-b6b6-37c7c92d4024 aa244afe4a5544c08433b36a54f7082d 68777b4514104d5eab4d98e0f48e1cff - - - -] volume service is down. (host: rack13-server67@lvm-1)
2025-01-13 19:55:37.921 7 WARNING cinder.scheduler.host_manager [None req-f3dc132c-5542-4dbe-8a01-cfa57e5ac4fa aa244afe4a5544c08433b36a54f7082d 68777b4514104d5eab4d98e0f48e1cff - - - -] volume service is down. (host: rack13-server67@lvm-1)
2025-01-13 19:55:41.026 7 WARNING cinder.scheduler.host_manager [None req-01bd883c-141c-47c8-8dcb-f5477ecc242a b75bff6775cb4188998ba45bba5d2bd6 8ace85f764bb415b9b9a2263b4ad015c - - - -] volume service is down. (host: rack13-server67@lvm-1)
2025-01-13 19:55:43.454 7 WARNING cinder.scheduler.host_manager [None req-54577a73-569d-4f28-b371-885b2b4fc5b2 b75bff6775cb4188998ba45bba5d2bd6 8ace85f764bb415b9b9a2263b4ad015c - - - -] volume service is down. (host: rack13-server67@lvm-1)
2025-01-13 19:55:45.020 7 WARNING cinder.scheduler.host_manager [None req-ce38a189-2a3b-46d2-87ac-43b364bd8a0f 41afe59e05814c748dca4ae2a8e51067 a53d01a1237042d89c23c648eea00c62 - - - -] volume service is down. (host: rack13-server67@lvm-1)
2025-01-13 19:55:47.706 7 WARNING cinder.scheduler.host_manager [None req-b3e467ae-a3a2-4cd1-b1a1-044796d76074 41afe59e05814c748dca4ae2a8e51067 a53d01a1237042d89c23c648eea00c62 - - - -] volume service is down. (host: rack13-server67@lvm-1)
2025-01-13 19:55:52.511 7 WARNING cinder.scheduler.host_manager [None req-4d4155ba-b4d3-4de9-a793-02563d182512 41afe59e05814c748dca4ae2a8e51067 a53d01a1237042d89c23c648eea00c62 - - - -] volume service is down. (host: rack13-server67@lvm-1)
2025-01-13 19:55:52.708 7 WARNING cinder.scheduler.host_manager [None req-9d90b997-45f4-418b-ba97-99c3e81f7d2d 40c44c5c74d44af0ae6ddea238347b30 4af23718e76146a3bce95a7b42f64c8d - - - -] volume service is down. (host: rack13-server67@lvm-1)
2025-01-13 19:55:54.219 7 WARNING cinder.scheduler.host_manager [None req-af30be05-f10b-414b-a45d-8d21289f55de ba2e3d0d64f84953b44b2d122ab39241 99a79ee8daa04b7da235118a836b8fe5 - - - -] volume service is down. (host: rack13-server67@lvm-1)
2025-01-13 19:55:54.982 7 WARNING cinder.scheduler.host_manager [None req-5301227c-9dcd-423c-b334-f6aa4d306504 41afe59e05814c748dca4ae2a8e51067 a53d01a1237042d89c23c648eea00c62 - - - -] volume service is down. (host: rack13-server67@lvm-1)
2025-01-13 19:55:58.747 7 WARNING cinder.scheduler.host_manager [None req-25e00f5b-2ee7-430e-af6f-731881698cc8 95ddc711ec65456cb13022d684baf898 2ee3e333b3794a5b8109509e30eb7a7c - - - -] volume service is down. (host: rack13-server67@lvm-1)
2025-01-13 19:55:58.800 7 WARNING cinder.scheduler.host_manager [None req-b8e02ec6-8953-4941-a007-317a1e33c0a1 41afe59e05814c748dca4ae2a8e51067 a53d01a1237042d89c23c648eea00c62 - - - -] volume service is down. (host: rack13-server67@lvm-1)
2025-01-13 19:56:01.228 7 WARNING cinder.scheduler.host_manager [None req-ae88e7da-fb6f-4f82-9d71-76eafe9a3f0f 95ddc711ec65456cb13022d684baf898 2ee3e333b3794a5b8109509e30eb7a7c - - - -] volume service is down. (host: rack13-server67@lvm-1)
2025-01-13 19:56:03.740 7 WARNING cinder.scheduler.host_manager [None req-aefacd37-605f-4d1b-80dd-b119348daf2d 95ddc711ec65456cb13022d684baf898 2ee3e333b3794a5b8109509e30eb7a7c - - - -] volume service is down. (host: rack13-server67@lvm-1)
2025-01-13 19:56:05.007 7 WARNING cinder.scheduler.host_manager [None req-daeedba8-084a-40be-83c8-4fda9aa7d378 de8cedcafd6741359d470ca7659530e8 8e6f2c7145644b39b36c5e3ebbc964ca - - - -] volume service is down. (host: rack13-server67@lvm-1)
2025-01-13 19:56:05.017 7 WARNING cinder.scheduler.host_manager [None req-3eb949da-5bec-4e5e-ae62-b743a918054f 41afe59e05814c748dca4ae2a8e51067 a53d01a1237042d89c23c648eea00c62 - - - -] volume service is down. (host: rack13-server67@lvm-1)
2025-01-13 19:56:10.193 7 WARNING cinder.scheduler.host_manager [None req-65d8fbcd-f711-49fa-babb-b93309f866c6 de8cedcafd6741359d470ca7659530e8 8e6f2c7145644b39b36c5e3ebbc964ca - - - -] volume service is down. (host: rack13-server67@lvm-1)
2025-01-13 19:56:14.061 7 WARNING cinder.scheduler.host_manager [None req-43f9ba57-a080-479d-b41c-cfb994b7248d 41afe59e05814c748dca4ae2a8e51067 a53d01a1237042d89c23c648eea00c62 - - - -] volume service is down. (host: rack13-server67@lvm-1)
2025-01-13 19:56:14.710 7 WARNING cinder.scheduler.host_manager [None req-0ec8d30a-073c-4917-828a-123bf3ccf7ed 8a8b06bad51f4893a8cf38f86d592e01 5be5ab21f95b4ccdabe13f66b8300689 - - - -] volume service is down. (host: rack13-server67@lvm-1)
2025-01-13 19:56:17.877 7 WARNING cinder.scheduler.host_manager [None req-852f845b-c936-4337-8f28-6ac4a69806c8 7d41ec93f75a4b6c9b8a6f05303e60f1 58a71be536e34b39ae91ba44008b0f82 - - - -] volume service is down. (host: rack13-server67@lvm-1)
2025-01-13 19:56:20.194 7 WARNING cinder.scheduler.host_manager [None req-3ebd39c0-2cb4-4888-9f1b-5e7aba02754d 7d41ec93f75a4b6c9b8a6f05303e60f1 58a71be536e34b39ae91ba44008b0f82 - - - -] volume service is down. (host: rack13-server67@lvm-1)
2025-01-13 19:56:25.316 7 WARNING cinder.scheduler.host_manager [None req-8c60533e-6fc8-4fb7-a693-23283a310f95 d6008679f379436e9426082256b7d7d5 3d894392837f48f7a1f8556408f1a865 - - - -] volume service is down. (host: rack13-server67@lvm-1)
2025-01-13 19:56:27.664 7 WARNING cinder.scheduler.host_manager [None req-d0135ad5-729b-4479-af92-b3d47fe3a635 d6008679f379436e9426082256b7d7d5 3d894392837f48f7a1f8556408f1a865 - - - -] volume service is down. (host: rack13-server67@lvm-1)
2025-01-13 19:56:29.937 7 WARNING cinder.scheduler.host_manager [None req-75283b1a-79cf-458d-a1ee-85f05ce202bb d6008679f379436e9426082256b7d7d5 3d894392837f48f7a1f8556408f1a865 - - - -] volume service is down. (host: rack13-server67@lvm-1)
2025-01-13 19:56:32.182 7 WARNING cinder.scheduler.host_manager [None req-60f11a93-dd7c-4316-a109-3dc7bd81785f d6008679f379436e9426082256b7d7d5 3d894392837f48f7a1f8556408f1a865 - - - -] volume service is down. (host: rack13-server67@lvm-1)
2025-01-13 19:56:49.827 7 WARNING cinder.scheduler.host_manager [None req-7cca7a71-5d74-409a-b7c9-4bc325c31a45 6e403df9b8fe4d7da5caedc674ff5ab0 989b0aa6d4ce49acba339916d5766889 - - - -] volume service is down. (host: rack13-server67@lvm-1)
2025-01-13 19:56:49.890 7 WARNING cinder.scheduler.host_manager [None req-b12ebcdd-4a7e-41fd-b6ab-8d0ed6ac4288 419eadb79d514d6fa92ec5657046e2d8 59a1a5dca68b4d5cba23b12e9dd87742 - - - -] volume service is down. (host: rack13-server67@lvm-1)
2025-01-13 19:56:49.954 7 WARNING cinder.scheduler.host_manager [None req-71061b19-2eef-44de-b5b0-5006de3eb798 d01c809fc1664324b67aa2d07f6112a9 077338c2c8e642c4936611584e7fd269 - - - -] volume service is down. (host: rack13-server67@lvm-1)
2025-01-13 19:56:50.149 7 WARNING cinder.scheduler.host_manager [None req-0569c4c7-bc18-47f3-90ed-eef1aaa177a7 d01c809fc1664324b67aa2d07f6112a9 077338c2c8e642c4936611584e7fd269 - - - -] volume service is down. (host: rack13-server67@lvm-1)
2025-01-13 19:56:50.375 7 WARNING cinder.scheduler.host_manager [None req-9ec1b8cf-5cb5-4849-a9f3-453704fc0579 d01c809fc1664324b67aa2d07f6112a9 077338c2c8e642c4936611584e7fd269 - - - -] volume service is down. (host: rack13-server67@lvm-1)
2025-01-13 19:56:50.566 7 WARNING cinder.scheduler.host_manager [None req-fd3bf219-459a-4d8a-8c9d-3a4e88727d30 d01c809fc1664324b67aa2d07f6112a9 077338c2c8e642c4936611584e7fd269 - - - -] volume service is down. (host: rack13-server67@lvm-1)
2025-01-13 19:56:50.808 7 WARNING cinder.scheduler.host_manager [None req-cf0c91b9-b1e2-430c-b19a-ccf9ff118ed0 d01c809fc1664324b67aa2d07f6112a9 077338c2c8e642c4936611584e7fd269 - - - -] volume service is down. (host: rack13-server67@lvm-1)
2025-01-13 19:56:52.194 7 WARNING cinder.scheduler.host_manager [None req-09dca12a-afcc-42ec-a09d-a9f34de15b1c 419eadb79d514d6fa92ec5657046e2d8 59a1a5dca68b4d5cba23b12e9dd87742 - - - -] volume service is down. (host: rack13-server67@lvm-1)
2025-01-13 19:56:52.262 7 WARNING cinder.scheduler.host_manager [None req-a492e4d2-88b7-4117-87da-a829df05326e 6e403df9b8fe4d7da5caedc674ff5ab0 989b0aa6d4ce49acba339916d5766889 - - - -] volume service is down. (host: rack13-server67@lvm-1)
2025-01-13 19:56:52.476 7 WARNING cinder.scheduler.host_manager [None req-8b14e7ad-c587-4a13-ba3b-818605899d53 6e403df9b8fe4d7da5caedc674ff5ab0 989b0aa6d4ce49acba339916d5766889 - - - -] volume service is down. (host: rack13-server67@lvm-1)
2025-01-13 19:56:52.691 7 WARNING cinder.scheduler.host_manager [None req-a2592b84-ac97-45e1-97d4-04e5660d86ed 6e403df9b8fe4d7da5caedc674ff5ab0 989b0aa6d4ce49acba339916d5766889 - - - -] volume service is down. (host: rack13-server67@lvm-1)
2025-01-13 19:56:52.922 7 WARNING cinder.scheduler.host_manager [None req-f37b3e5e-40b9-4fdb-bfaf-dfc0e7db84c9 6e403df9b8fe4d7da5caedc674ff5ab0 989b0aa6d4ce49acba339916d5766889 - - - -] volume service is down. (host: rack13-server67@lvm-1)
2025-01-13 19:56:53.166 7 WARNING cinder.scheduler.host_manager [None req-ed34a236-99ee-4868-8662-8951a8f4d2fb 6e403df9b8fe4d7da5caedc674ff5ab0 989b0aa6d4ce49acba339916d5766889 - - - -] volume service is down. (host: rack13-server67@lvm-1)
2025-01-13 19:56:54.502 7 WARNING cinder.scheduler.host_manager [None req-70dda888-3fb6-47bd-a8f5-1891c6548c93 419eadb79d514d6fa92ec5657046e2d8 59a1a5dca68b4d5cba23b12e9dd87742 - - - -] volume service is down. (host: rack13-server67@lvm-1)
2025-01-13 19:56:54.732 7 WARNING cinder.scheduler.host_manager [None req-36690e4e-db34-49a3-bbb9-dce2f11abb1f 419eadb79d514d6fa92ec5657046e2d8 59a1a5dca68b4d5cba23b12e9dd87742 - - - -] volume service is down. (host: rack13-server67@lvm-1)
2025-01-13 19:56:54.909 7 WARNING cinder.scheduler.host_manager [None req-55168749-1bef-444a-bc60-52c7c4f2dcb8 419eadb79d514d6fa92ec5657046e2d8 59a1a5dca68b4d5cba23b12e9dd87742 - - - -] volume service is down. (host: rack13-server67@lvm-1)
2025-01-13 19:56:55.098 7 WARNING cinder.scheduler.host_manager [None req-13d4d1e8-3ac2-4997-b94e-783f5d5ac8ce 419eadb79d514d6fa92ec5657046e2d8 59a1a5dca68b4d5cba23b12e9dd87742 - - - -] volume service is down. (host: rack13-server67@lvm-1)
2025-01-13 19:56:55.322 7 WARNING cinder.scheduler.host_manager [None req-4cbcb957-c931-4f80-868c-2b19888b187d 419eadb79d514d6fa92ec5657046e2d8 59a1a5dca68b4d5cba23b12e9dd87742 - - - -] volume service is down. (host: rack13-server67@lvm-1)
2025-01-13 19:57:02.609 7 WARNING cinder.scheduler.host_manager [None req-9e112f69-c88c-40fc-9b0b-c68acb25b5c6 dd44431d0d3b4477acb2a7db83fad06b 1287bb8afdc9453abd9ef5f2b6320740 - - - -] volume service is down. (host: rack13-server67@lvm-1)
2025-01-13 19:57:05.153 7 WARNING cinder.scheduler.host_manager [None req-63f4fce9-d191-4947-9394-f044ac30ff91 dd44431d0d3b4477acb2a7db83fad06b 1287bb8afdc9453abd9ef5f2b6320740 - - - -] volume service is down. (host: rack13-server67@lvm-1)
2025-01-13 19:57:07.550 7 WARNING cinder.scheduler.host_manager [None req-58385852-b279-444f-9faa-c00f7941cf3c dd44431d0d3b4477acb2a7db83fad06b 1287bb8afdc9453abd9ef5f2b6320740 - - - -] volume service is down. (host: rack13-server67@lvm-1)
