Build Started 09_03_2023_21_30_19
2023-03-09 21:32:17.010 7 WARNING cinder.scheduler.host_manager [req-76941442-996f-45d3-acc5-bf4db53d25a7 req-526e1f38-3e6b-4598-b347-26ebb518ce4f 6e4171a800f9486ca03aa6efa5a76c85 74417ba1f3df497bb8ef65e7712b8970 - - - -] volume service is down. (host: rack09-server62@lvm-1)
2023-03-09 21:32:17.045 7 WARNING cinder.scheduler.host_manager [None req-69131cb0-0889-4134-98d0-2a97def2f505 e9cf36026e3d4606a8610a1ae47133f8 170eee3f3a0e49d38819f8240b5c6840 - - - -] volume service is down. (host: rack09-server62@lvm-1)
2023-03-09 21:32:17.315 7 WARNING cinder.scheduler.host_manager [None req-0a1b47ca-c6c5-4cb8-94e9-98d43b1de142 725c6b539e504fe3878b03febadc91f9 ce60b33530194c068e4a8abbbd6d6317 - - - -] volume service is down. (host: rack09-server62@lvm-1)
2023-03-09 21:32:19.759 7 WARNING cinder.scheduler.host_manager [req-182a167f-c0ed-4b7d-a234-405b96455ac7 req-c428f3d6-bf79-4b8d-8ff4-f5c349fe448e 6e4171a800f9486ca03aa6efa5a76c85 74417ba1f3df497bb8ef65e7712b8970 - - - -] volume service is down. (host: rack09-server62@lvm-1)
2023-03-09 21:32:19.760 7 WARNING oslo_messaging.rpc.client [req-182a167f-c0ed-4b7d-a234-405b96455ac7 req-c428f3d6-bf79-4b8d-8ff4-f5c349fe448e 6e4171a800f9486ca03aa6efa5a76c85 74417ba1f3df497bb8ef65e7712b8970 - - - -] Using RPCClient manually to instantiate client. Please use get_rpc_client to obtain an RPC client instance.
2023-03-09 21:32:20.077 7 WARNING cinder.scheduler.host_manager [None req-7b6b6b67-2a15-45e8-8a6c-5c31cd806e98 725c6b539e504fe3878b03febadc91f9 ce60b33530194c068e4a8abbbd6d6317 - - - -] volume service is down. (host: rack09-server62@lvm-1)
2023-03-09 21:32:22.743 7 WARNING cinder.scheduler.host_manager [None req-985ce0c6-06e7-4f31-a8e6-6e62ed0e720f 725c6b539e504fe3878b03febadc91f9 ce60b33530194c068e4a8abbbd6d6317 - - - -] volume service is down. (host: rack09-server62@lvm-1)
2023-03-09 21:32:32.118 7 WARNING cinder.scheduler.host_manager [None req-375053c3-3db5-44d7-8caf-feaa46e154b9 7efc489edb484ef7b552f8eea941eec5 781644639e414fab98934d623b730ee1 - - - -] volume service is down. (host: rack09-server62@lvm-1)
2023-03-09 21:32:32.125 7 WARNING cinder.scheduler.host_manager [None req-375053c3-3db5-44d7-8caf-feaa46e154b9 7efc489edb484ef7b552f8eea941eec5 781644639e414fab98934d623b730ee1 - - - -] volume service is down. (host: rack09-server62@lvm-1)
2023-03-09 21:32:33.403 7 WARNING cinder.scheduler.host_manager [None req-0baa63fb-858f-45be-9c04-c37339e783d6 a4549759ecc641bfa045702a9bdeebfc 0b3d0b990d6b419b9b0f23947c9575da - - - -] volume service is down. (host: rack09-server62@lvm-1)
2023-03-09 21:32:33.441 7 WARNING cinder.scheduler.host_manager [None req-edbef5e6-13fe-49aa-a919-1d4b02621ceb a4549759ecc641bfa045702a9bdeebfc 0b3d0b990d6b419b9b0f23947c9575da - - - -] volume service is down. (host: rack09-server62@lvm-1)
2023-03-09 21:32:33.857 7 WARNING cinder.scheduler.host_manager [None req-e5dd7c8f-3709-4bac-9a74-38907bd3f180 7efc489edb484ef7b552f8eea941eec5 781644639e414fab98934d623b730ee1 - - - -] volume service is down. (host: rack09-server62@lvm-1)
2023-03-09 21:32:37.711 7 WARNING cinder.scheduler.host_manager [None req-9eb9c7ab-1199-458b-893d-290faf06bb62 7efc489edb484ef7b552f8eea941eec5 781644639e414fab98934d623b730ee1 - - - -] volume service is down. (host: rack09-server62@lvm-1)
2023-03-09 21:32:43.935 7 WARNING cinder.scheduler.host_manager [None req-c13b5b40-e10a-4b54-af21-db3d833c4929 7efc489edb484ef7b552f8eea941eec5 781644639e414fab98934d623b730ee1 - - - -] volume service is down. (host: rack09-server62@lvm-1)
2023-03-09 21:32:43.943 7 WARNING cinder.scheduler.host_manager [None req-c13b5b40-e10a-4b54-af21-db3d833c4929 7efc489edb484ef7b552f8eea941eec5 781644639e414fab98934d623b730ee1 - - - -] volume service is down. (host: rack09-server62@lvm-1)
2023-03-09 21:32:45.619 7 WARNING cinder.scheduler.host_manager [None req-ab274264-1c43-4810-9d5c-80eef84632c0 7efc489edb484ef7b552f8eea941eec5 781644639e414fab98934d623b730ee1 - - - -] volume service is down. (host: rack09-server62@lvm-1)
2023-03-09 21:32:47.113 7 WARNING cinder.scheduler.host_manager [None req-cd4c27fe-6ef8-48d9-9745-d03256ab21bf e9cf36026e3d4606a8610a1ae47133f8 170eee3f3a0e49d38819f8240b5c6840 - - - -] volume service is down. (host: rack09-server62@lvm-1)
2023-03-09 21:32:48.318 7 WARNING cinder.scheduler.host_manager [None req-d4f0e469-3862-49c6-8885-fbe3cef15763 7efc489edb484ef7b552f8eea941eec5 781644639e414fab98934d623b730ee1 - - - -] volume service is down. (host: rack09-server62@lvm-1)
2023-03-09 21:32:52.156 7 WARNING cinder.scheduler.host_manager [None req-0d46fd31-9ef7-4ad6-a636-1465e37e92fb 82d306e1803e48a7b0c7afa7b5cae126 fe82495d41a640048d8463d74868ebff - - - -] volume service is down. (host: rack09-server62@lvm-1)
2023-03-09 21:32:56.072 7 WARNING cinder.scheduler.host_manager [None req-16807bba-14e1-4622-811e-c00a10462695 82d306e1803e48a7b0c7afa7b5cae126 fe82495d41a640048d8463d74868ebff - - - -] volume service is down. (host: rack09-server62@lvm-1)
2023-03-09 21:33:02.200 7 WARNING cinder.scheduler.host_manager [None req-9f279d74-a754-4a99-87ee-4ca6d0c37fc8 7efc489edb484ef7b552f8eea941eec5 781644639e414fab98934d623b730ee1 - - - -] volume service is down. (host: rack09-server62@lvm-1)
2023-03-09 21:33:02.207 7 WARNING cinder.scheduler.host_manager [None req-9f279d74-a754-4a99-87ee-4ca6d0c37fc8 7efc489edb484ef7b552f8eea941eec5 781644639e414fab98934d623b730ee1 - - - -] volume service is down. (host: rack09-server62@lvm-1)
2023-03-09 21:33:04.161 7 WARNING cinder.scheduler.host_manager [None req-374e0824-7fc3-42d8-ba9b-de67b2a2c392 7efc489edb484ef7b552f8eea941eec5 781644639e414fab98934d623b730ee1 - - - -] volume service is down. (host: rack09-server62@lvm-1)
2023-03-09 21:33:09.270 7 WARNING cinder.scheduler.host_manager [None req-de4b92fd-7f73-41ee-b239-416f85749a21 1b664181e1a7456ba45bbda1e0931ab2 a070af74c3fc4e79ba104488b647b909 - - - -] volume service is down. (host: rack09-server62@lvm-1)
2023-03-09 21:33:17.419 7 WARNING cinder.scheduler.host_manager [None req-e0638122-0506-4f4d-be6a-1bb8f69bbae1 bab4490efb87473195a0eceb247ea4ee c674b1d25b9d49c487ac38475d7f3a28 - - - -] volume service is down. (host: rack09-server62@lvm-1)
2023-03-09 21:33:17.426 7 WARNING cinder.scheduler.host_manager [None req-e0638122-0506-4f4d-be6a-1bb8f69bbae1 bab4490efb87473195a0eceb247ea4ee c674b1d25b9d49c487ac38475d7f3a28 - - - -] volume service is down. (host: rack09-server62@lvm-1)
2023-03-09 21:33:18.696 7 WARNING cinder.scheduler.host_manager [None req-cb780cee-1200-4036-a6db-2df48be78912 bab4490efb87473195a0eceb247ea4ee c674b1d25b9d49c487ac38475d7f3a28 - - - -] volume service is down. (host: rack09-server62@lvm-1)
2023-03-09 21:33:18.703 7 WARNING cinder.scheduler.host_manager [None req-cb780cee-1200-4036-a6db-2df48be78912 bab4490efb87473195a0eceb247ea4ee c674b1d25b9d49c487ac38475d7f3a28 - - - -] volume service is down. (host: rack09-server62@lvm-1)
2023-03-09 21:33:19.637 7 WARNING cinder.scheduler.host_manager [None req-8c2a3088-bff8-42af-939c-ea32475ccd3e e5e0d5fa056f4bd79ddbdf9b5261274d 26ed5a0f2f1b46d4ac022d4d768f9431 - - - -] volume service is down. (host: rack09-server62@lvm-1)
2023-03-09 21:33:20.413 7 WARNING cinder.scheduler.host_manager [None req-16eb3250-3e94-4c5c-af40-1555abd7f972 bab4490efb87473195a0eceb247ea4ee c674b1d25b9d49c487ac38475d7f3a28 - - - -] volume service is down. (host: rack09-server62@lvm-1)
2023-03-09 21:33:22.679 7 WARNING cinder.scheduler.host_manager [None req-b0f438ab-d96d-4ea8-8a59-e3ea6026df1e e5e0d5fa056f4bd79ddbdf9b5261274d 26ed5a0f2f1b46d4ac022d4d768f9431 - - - -] volume service is down. (host: rack09-server62@lvm-1)
2023-03-09 21:33:22.680 7 WARNING oslo_messaging.rpc.client [None req-b0f438ab-d96d-4ea8-8a59-e3ea6026df1e e5e0d5fa056f4bd79ddbdf9b5261274d 26ed5a0f2f1b46d4ac022d4d768f9431 - - - -] Using RPCClient manually to instantiate client. Please use get_rpc_client to obtain an RPC client instance.
2023-03-09 21:33:26.025 7 WARNING cinder.scheduler.host_manager [None req-f5728a8d-10a5-4a42-bbdf-491564cdfb66 bab4490efb87473195a0eceb247ea4ee c674b1d25b9d49c487ac38475d7f3a28 - - - -] volume service is down. (host: rack09-server62@lvm-1)
2023-03-09 21:33:26.033 7 WARNING cinder.scheduler.host_manager [None req-f5728a8d-10a5-4a42-bbdf-491564cdfb66 bab4490efb87473195a0eceb247ea4ee c674b1d25b9d49c487ac38475d7f3a28 - - - -] volume service is down. (host: rack09-server62@lvm-1)
2023-03-09 21:33:27.664 7 WARNING cinder.scheduler.host_manager [None req-5bdd1d8b-2a99-42f6-a3bc-1865c09a7d14 bab4490efb87473195a0eceb247ea4ee c674b1d25b9d49c487ac38475d7f3a28 - - - -] volume service is down. (host: rack09-server62@lvm-1)
2023-03-09 21:33:30.334 7 WARNING cinder.scheduler.host_manager [None req-b530815e-d621-417a-bb47-a9f13bf81f0e bab4490efb87473195a0eceb247ea4ee c674b1d25b9d49c487ac38475d7f3a28 - - - -] volume service is down. (host: rack09-server62@lvm-1)
2023-03-09 21:33:30.781 7 WARNING cinder.scheduler.host_manager [None req-54652edf-6998-451e-9405-72ee04f58f14 6bde4fba278f4b448d68676d2c9422d6 9e6ac899a20b4807a47cfbffc3e071a0 - - - -] volume service is down. (host: rack09-server62@lvm-1)
2023-03-09 21:33:40.175 7 WARNING cinder.scheduler.host_manager [None req-b5be2b9d-bd8f-4132-9a10-b5e031190ba3 c460b99f80dd40229e3038355fdbb012 ed5c0c4959984eac873456a2409bd98a - - - -] volume service is down. (host: rack09-server62@lvm-1)
2023-03-09 21:33:41.840 7 WARNING cinder.scheduler.host_manager [None req-f5b43df7-4b1b-48bc-88ae-1290d371ccbc eff0723f2b814ecd9bf5f71a4aaa5002 7b7bd806c4804c728b9cfcd9349317d1 - - - -] volume service is down. (host: rack09-server62@lvm-1)
2023-03-09 21:33:41.849 7 WARNING cinder.scheduler.host_manager [None req-f5b43df7-4b1b-48bc-88ae-1290d371ccbc eff0723f2b814ecd9bf5f71a4aaa5002 7b7bd806c4804c728b9cfcd9349317d1 - - - -] volume service is down. (host: rack09-server62@lvm-1)
2023-03-09 21:33:42.591 7 WARNING cinder.scheduler.host_manager [None req-b873762b-bc47-4d13-ac8b-784bac5ecb5a c460b99f80dd40229e3038355fdbb012 ed5c0c4959984eac873456a2409bd98a - - - -] volume service is down. (host: rack09-server62@lvm-1)
2023-03-09 21:33:42.592 7 WARNING oslo_messaging.rpc.client [None req-b873762b-bc47-4d13-ac8b-784bac5ecb5a c460b99f80dd40229e3038355fdbb012 ed5c0c4959984eac873456a2409bd98a - - - -] Using RPCClient manually to instantiate client. Please use get_rpc_client to obtain an RPC client instance.
2023-03-09 21:33:43.536 7 WARNING cinder.scheduler.host_manager [None req-0f30e6a7-fef1-4d5b-9f45-dff37f92901a eff0723f2b814ecd9bf5f71a4aaa5002 7b7bd806c4804c728b9cfcd9349317d1 - - - -] volume service is down. (host: rack09-server62@lvm-1)
2023-03-09 21:33:45.984 7 WARNING cinder.scheduler.host_manager [None req-ac916396-a072-4a88-954e-df8be589d05f eff0723f2b814ecd9bf5f71a4aaa5002 7b7bd806c4804c728b9cfcd9349317d1 - - - -] volume service is down. (host: rack09-server62@lvm-1)
2023-03-09 21:33:56.322 7 WARNING cinder.scheduler.host_manager [None req-087f797b-d3e4-441e-bd0a-c87ffa9d1ac5 a8f91243b8ad46128f2f5974f34d69a7 7c3fa32b404f4fbb8c7694834506f60b - - - -] volume service is down. (host: rack09-server62@lvm-1)
2023-03-09 21:34:00.802 7 WARNING cinder.scheduler.host_manager [None req-851fa0d5-958a-4ad6-a7d9-e8ed05bcd0c5 e9cf36026e3d4606a8610a1ae47133f8 170eee3f3a0e49d38819f8240b5c6840 - - - -] volume service is down. (host: rack09-server62@lvm-1)
2023-03-09 21:34:03.380 7 WARNING cinder.scheduler.host_manager [None req-51583859-db33-42aa-b786-2f27cec7daa9 a8b7f9dab8aa49ff8fa56d3290336efe 89469dd24fb74709ab2c6fbcce20d912 - - - -] volume service is down. (host: rack09-server62@lvm-1)
2023-03-09 21:34:09.292 7 WARNING cinder.scheduler.host_manager [None req-0987a126-586a-4fc2-80b6-9b377df2c1b3 a8b7f9dab8aa49ff8fa56d3290336efe 89469dd24fb74709ab2c6fbcce20d912 - - - -] volume service is down. (host: rack09-server62@lvm-1)
2023-03-09 21:34:13.157 7 WARNING cinder.scheduler.host_manager [None req-41a699cd-b04d-4cd0-9266-a8666e74a240 a8b7f9dab8aa49ff8fa56d3290336efe 89469dd24fb74709ab2c6fbcce20d912 - - - -] volume service is down. (host: rack09-server62@lvm-1)
2023-03-09 21:34:17.042 7 WARNING cinder.scheduler.host_manager [None req-a7b83a44-6417-411c-8742-8df37fec93d7 a8b7f9dab8aa49ff8fa56d3290336efe 89469dd24fb74709ab2c6fbcce20d912 - - - -] volume service is down. (host: rack09-server62@lvm-1)
2023-03-09 21:34:18.659 7 WARNING cinder.scheduler.host_manager [req-325d4f3e-3743-47de-88c6-88fa35bd7c7c req-5fbde121-5988-402c-9e85-c4acd790104f e9cf36026e3d4606a8610a1ae47133f8 170eee3f3a0e49d38819f8240b5c6840 - - - -] volume service is down. (host: rack09-server62@lvm-1)
2023-03-09 21:34:18.659 7 WARNING oslo_messaging.rpc.client [req-325d4f3e-3743-47de-88c6-88fa35bd7c7c req-5fbde121-5988-402c-9e85-c4acd790104f e9cf36026e3d4606a8610a1ae47133f8 170eee3f3a0e49d38819f8240b5c6840 - - - -] Using RPCClient manually to instantiate client. Please use get_rpc_client to obtain an RPC client instance.
2023-03-09 21:34:20.949 7 WARNING cinder.scheduler.host_manager [None req-8b79cdaf-2636-45e7-82dc-2e32d846cc7b a8b7f9dab8aa49ff8fa56d3290336efe 89469dd24fb74709ab2c6fbcce20d912 - - - -] volume service is down. (host: rack09-server62@lvm-1)
2023-03-09 21:34:23.756 7 WARNING cinder.scheduler.host_manager [None req-b4863495-0006-41af-aa37-71e89f636550 a8b7f9dab8aa49ff8fa56d3290336efe 89469dd24fb74709ab2c6fbcce20d912 - - - -] volume service is down. (host: rack09-server62@lvm-1)
2023-03-09 21:34:27.250 7 WARNING cinder.scheduler.host_manager [None req-827517c9-e7c6-4fb1-97f2-fe7ed1bee18a 272969f3868a4976ad411a6f64cd2b1c 26e15eb90fbc4288a15af38223dc26f0 - - - -] volume service is down. (host: rack09-server62@lvm-1)
2023-03-09 21:34:29.871 7 WARNING cinder.scheduler.host_manager [None req-81ce4b17-1429-48a1-9557-efca5ef97d71 272969f3868a4976ad411a6f64cd2b1c 26e15eb90fbc4288a15af38223dc26f0 - - - -] volume service is down. (host: rack09-server62@lvm-1)
2023-03-09 21:34:32.479 7 WARNING cinder.scheduler.host_manager [None req-6735225d-5c2a-44ba-b713-d883ef873bc8 272969f3868a4976ad411a6f64cd2b1c 26e15eb90fbc4288a15af38223dc26f0 - - - -] volume service is down. (host: rack09-server62@lvm-1)
2023-03-09 21:34:34.767 7 WARNING cinder.scheduler.host_manager [req-2363005d-25b2-45f9-b58a-3a0ba16b4a87 req-d522074d-5dec-4fdb-b17a-42f66180df12 3eb3c4373fc0483389350bbc22f88416 69ead05cd0324efabcd40b859b85f48e - - - -] volume service is down. (host: rack09-server62@lvm-1)
2023-03-09 21:34:35.483 7 WARNING cinder.scheduler.host_manager [None req-f66155ec-92e3-4cae-97d4-edd106199e64 d81cebf7b3de47bdbd70f4324fc5864d cbab0de4ca004f4abc0cd784fa3199de - - - -] volume service is down. (host: rack09-server62@lvm-1)
2023-03-09 21:34:36.489 7 WARNING cinder.scheduler.host_manager [None req-d31800e2-5afd-4dd5-9c1e-73f29b15b87e 7a8b2c90bcaa4a409d05da756c465223 e8a855d7ba924ce88757f52e6c166f12 - - - -] volume service is down. (host: rack09-server62@lvm-1)
2023-03-09 21:34:43.622 7 WARNING cinder.scheduler.host_manager [None req-7d01fa40-1064-4ad4-9ad6-46b29cb6816d 624a87322e374f9fbfc4847f3be3e131 c7d31548447a4a39a63a2344f885af26 - - - -] volume service is down. (host: rack09-server62@lvm-1)
2023-03-09 21:34:46.052 7 WARNING cinder.scheduler.host_manager [None req-46dac3dc-6327-41dc-b8bb-e52a1679207a 624a87322e374f9fbfc4847f3be3e131 c7d31548447a4a39a63a2344f885af26 - - - -] volume service is down. (host: rack09-server62@lvm-1)
2023-03-09 21:34:46.052 7 WARNING oslo_messaging.rpc.client [None req-46dac3dc-6327-41dc-b8bb-e52a1679207a 624a87322e374f9fbfc4847f3be3e131 c7d31548447a4a39a63a2344f885af26 - - - -] Using RPCClient manually to instantiate client. Please use get_rpc_client to obtain an RPC client instance.
2023-03-09 21:34:47.507 7 WARNING cinder.scheduler.host_manager [None req-e5d34c52-b761-48ea-9a85-197692f4e438 1af40cb4e4dc46699fefc77de554eb0e 3d7195f1abbc493588d82d60081c2913 - - - -] volume service is down. (host: rack09-server62@lvm-1)
2023-03-09 21:34:48.411 7 WARNING cinder.scheduler.host_manager [None req-c928853a-6cb7-428f-acd8-705bfab78191 624a87322e374f9fbfc4847f3be3e131 c7d31548447a4a39a63a2344f885af26 - - - -] volume service is down. (host: rack09-server62@lvm-1)
2023-03-09 21:34:48.412 7 WARNING oslo_messaging.rpc.client [None req-c928853a-6cb7-428f-acd8-705bfab78191 624a87322e374f9fbfc4847f3be3e131 c7d31548447a4a39a63a2344f885af26 - - - -] Using RPCClient manually to instantiate client. Please use get_rpc_client to obtain an RPC client instance.
2023-03-09 21:34:49.933 7 WARNING cinder.scheduler.host_manager [None req-9f5f5253-b4c4-4352-bad7-187ed2a34999 1af40cb4e4dc46699fefc77de554eb0e 3d7195f1abbc493588d82d60081c2913 - - - -] volume service is down. (host: rack09-server62@lvm-1)
2023-03-09 21:34:49.934 7 WARNING oslo_messaging.rpc.client [None req-9f5f5253-b4c4-4352-bad7-187ed2a34999 1af40cb4e4dc46699fefc77de554eb0e 3d7195f1abbc493588d82d60081c2913 - - - -] Using RPCClient manually to instantiate client. Please use get_rpc_client to obtain an RPC client instance.
2023-03-09 21:34:52.251 7 WARNING cinder.scheduler.host_manager [None req-aaf26cd7-e5b8-452f-ab46-5eb32f649efa 624a87322e374f9fbfc4847f3be3e131 c7d31548447a4a39a63a2344f885af26 - - - -] volume service is down. (host: rack09-server62@lvm-1)
2023-03-09 21:34:54.609 7 WARNING cinder.scheduler.host_manager [None req-eb130f6d-374d-49d9-b9d8-8b33ac314aa4 624a87322e374f9fbfc4847f3be3e131 c7d31548447a4a39a63a2344f885af26 - - - -] volume service is down. (host: rack09-server62@lvm-1)
2023-03-09 21:34:54.610 7 WARNING oslo_messaging.rpc.client [None req-eb130f6d-374d-49d9-b9d8-8b33ac314aa4 624a87322e374f9fbfc4847f3be3e131 c7d31548447a4a39a63a2344f885af26 - - - -] Using RPCClient manually to instantiate client. Please use get_rpc_client to obtain an RPC client instance.
2023-03-09 21:34:56.244 7 WARNING cinder.scheduler.host_manager [None req-2a1a0e2b-a321-49d4-bda8-d722bfc96771 573422cfb42c47c0a790a7c81c2fbc05 a6cfcbf4a94a4364819206e77d5d86ae - - - -] volume service is down. (host: rack09-server62@lvm-1)
2023-03-09 21:34:56.253 7 WARNING cinder.scheduler.host_manager [None req-2a1a0e2b-a321-49d4-bda8-d722bfc96771 573422cfb42c47c0a790a7c81c2fbc05 a6cfcbf4a94a4364819206e77d5d86ae - - - -] volume service is down. (host: rack09-server62@lvm-1)
2023-03-09 21:34:57.192 7 WARNING cinder.scheduler.host_manager [None req-66137123-86be-4b8f-827c-d1153daf9107 624a87322e374f9fbfc4847f3be3e131 c7d31548447a4a39a63a2344f885af26 - - - -] volume service is down. (host: rack09-server62@lvm-1)
2023-03-09 21:35:00.901 7 WARNING cinder.scheduler.host_manager [None req-cb4da379-95e2-456a-a1d6-5a8ea0857448 d1fb6996830b407dbe0bd62e0b610aab c95a79c4741543fdb474f2a4b328f8bf - - - -] volume service is down. (host: rack09-server62@lvm-1)
2023-03-09 21:35:06.907 7 WARNING cinder.scheduler.host_manager [None req-d4d776af-332f-4097-8ba5-0dc739d184f1 d1fb6996830b407dbe0bd62e0b610aab c95a79c4741543fdb474f2a4b328f8bf - - - -] volume service is down. (host: rack09-server62@lvm-1)
2023-03-09 21:35:07.972 7 WARNING cinder.scheduler.host_manager [None req-50ad3e04-e8e7-4e40-a3be-d10e66115d13 07331be7724e4aa79844f1b7cd2462c1 0ab674991a174d449e49f30dadcfb75a - - - -] volume service is down. (host: rack09-server62@lvm-1)
2023-03-09 21:35:11.022 7 WARNING cinder.scheduler.host_manager [None req-5652696b-4b75-449e-9797-053a85582bdb f0ab7ce6d82b423ba10aa5c5e9c8ff95 4004e3001cdf4fd7818a4a0b8f99f8e0 - - - -] volume service is down. (host: rack09-server62@lvm-1)
2023-03-09 21:35:13.446 7 WARNING cinder.scheduler.host_manager [None req-621c2344-e63a-4d4c-bd12-3916343a5cfd f0ab7ce6d82b423ba10aa5c5e9c8ff95 4004e3001cdf4fd7818a4a0b8f99f8e0 - - - -] volume service is down. (host: rack09-server62@lvm-1)
2023-03-09 21:35:13.446 7 WARNING oslo_messaging.rpc.client [None req-621c2344-e63a-4d4c-bd12-3916343a5cfd f0ab7ce6d82b423ba10aa5c5e9c8ff95 4004e3001cdf4fd7818a4a0b8f99f8e0 - - - -] Using RPCClient manually to instantiate client. Please use get_rpc_client to obtain an RPC client instance.
2023-03-09 21:35:13.451 7 WARNING cinder.scheduler.host_manager [None req-63b8845c-9d7a-4e2e-a551-0553a3109b94 07331be7724e4aa79844f1b7cd2462c1 0ab674991a174d449e49f30dadcfb75a - - - -] volume service is down. (host: rack09-server62@lvm-1)
2023-03-09 21:35:14.234 7 WARNING cinder.scheduler.host_manager [None req-8835098c-bb82-413f-8575-077fd43b86e5 f51ac0f16d034dc298bf56285fc29f70 c3bc487e9f514dc2bb0529792b359428 - - - -] volume service is down. (host: rack09-server62@lvm-1)
2023-03-09 21:35:16.055 7 WARNING cinder.scheduler.host_manager [None req-4bfcc729-a3b4-469b-95bd-04754ab9677f f0ab7ce6d82b423ba10aa5c5e9c8ff95 4004e3001cdf4fd7818a4a0b8f99f8e0 - - - -] volume service is down. (host: rack09-server62@lvm-1)
2023-03-09 21:35:16.055 7 WARNING oslo_messaging.rpc.client [None req-4bfcc729-a3b4-469b-95bd-04754ab9677f f0ab7ce6d82b423ba10aa5c5e9c8ff95 4004e3001cdf4fd7818a4a0b8f99f8e0 - - - -] Using RPCClient manually to instantiate client. Please use get_rpc_client to obtain an RPC client instance.
2023-03-09 21:35:19.713 7 WARNING cinder.scheduler.host_manager [None req-9e621b97-f595-456d-94df-75e2957e6743 f0ab7ce6d82b423ba10aa5c5e9c8ff95 4004e3001cdf4fd7818a4a0b8f99f8e0 - - - -] volume service is down. (host: rack09-server62@lvm-1)
2023-03-09 21:35:19.714 7 WARNING oslo_messaging.rpc.client [None req-9e621b97-f595-456d-94df-75e2957e6743 f0ab7ce6d82b423ba10aa5c5e9c8ff95 4004e3001cdf4fd7818a4a0b8f99f8e0 - - - -] Using RPCClient manually to instantiate client. Please use get_rpc_client to obtain an RPC client instance.
2023-03-09 21:35:20.965 7 WARNING cinder.scheduler.host_manager [None req-7e8da667-cc8a-4b5c-ba5f-4831db21fa0d 00dd374262bf471c80e198fb6eb566ab f8284caa610441adb6f70a3e3b59d3ed - - - -] volume service is down. (host: rack09-server62@lvm-1)
2023-03-09 21:35:23.360 7 WARNING cinder.scheduler.host_manager [None req-1a25414c-f60e-4af2-b99c-ffa45d30ea3b f0ab7ce6d82b423ba10aa5c5e9c8ff95 4004e3001cdf4fd7818a4a0b8f99f8e0 - - - -] volume service is down. (host: rack09-server62@lvm-1)
2023-03-09 21:35:23.361 7 WARNING oslo_messaging.rpc.client [None req-1a25414c-f60e-4af2-b99c-ffa45d30ea3b f0ab7ce6d82b423ba10aa5c5e9c8ff95 4004e3001cdf4fd7818a4a0b8f99f8e0 - - - -] Using RPCClient manually to instantiate client. Please use get_rpc_client to obtain an RPC client instance.
2023-03-09 21:35:27.005 7 WARNING cinder.scheduler.host_manager [None req-419274fb-bd81-4ad1-93d5-a858444ccbc5 f0ab7ce6d82b423ba10aa5c5e9c8ff95 4004e3001cdf4fd7818a4a0b8f99f8e0 - - - -] volume service is down. (host: rack09-server62@lvm-1)
2023-03-09 21:35:27.006 7 WARNING oslo_messaging.rpc.client [None req-419274fb-bd81-4ad1-93d5-a858444ccbc5 f0ab7ce6d82b423ba10aa5c5e9c8ff95 4004e3001cdf4fd7818a4a0b8f99f8e0 - - - -] Using RPCClient manually to instantiate client. Please use get_rpc_client to obtain an RPC client instance.
2023-03-09 21:35:32.929 7 WARNING cinder.scheduler.host_manager [None req-0208efe1-6675-4f7d-bad1-995acbafb598 00dd374262bf471c80e198fb6eb566ab f8284caa610441adb6f70a3e3b59d3ed - - - -] volume service is down. (host: rack09-server62@lvm-1)
2023-03-09 21:35:32.931 7 WARNING oslo_messaging.rpc.client [None req-0208efe1-6675-4f7d-bad1-995acbafb598 00dd374262bf471c80e198fb6eb566ab f8284caa610441adb6f70a3e3b59d3ed - - - -] Using RPCClient manually to instantiate client. Please use get_rpc_client to obtain an RPC client instance.
2023-03-09 21:35:34.536 7 WARNING cinder.scheduler.host_manager [None req-fd60d9eb-3e10-46ed-ac24-cb6860b57da1 00dd374262bf471c80e198fb6eb566ab f8284caa610441adb6f70a3e3b59d3ed - - - -] volume service is down. (host: rack09-server62@lvm-1)
2023-03-09 21:35:36.240 7 WARNING cinder.scheduler.host_manager [None req-177a739a-cacc-4de4-82c3-fed715f830ba 00dd374262bf471c80e198fb6eb566ab f8284caa610441adb6f70a3e3b59d3ed - - - -] volume service is down. (host: rack09-server62@lvm-1)
2023-03-09 21:35:36.241 7 WARNING oslo_messaging.rpc.client [None req-177a739a-cacc-4de4-82c3-fed715f830ba 00dd374262bf471c80e198fb6eb566ab f8284caa610441adb6f70a3e3b59d3ed - - - -] Using RPCClient manually to instantiate client. Please use get_rpc_client to obtain an RPC client instance.
2023-03-09 21:35:38.673 7 WARNING cinder.scheduler.host_manager [None req-bd4574c7-4b31-4ddd-849b-91b65f67d5bb 00dd374262bf471c80e198fb6eb566ab f8284caa610441adb6f70a3e3b59d3ed - - - -] volume service is down. (host: rack09-server62@lvm-1)
2023-03-09 21:35:38.674 7 WARNING oslo_messaging.rpc.client [None req-bd4574c7-4b31-4ddd-849b-91b65f67d5bb 00dd374262bf471c80e198fb6eb566ab f8284caa610441adb6f70a3e3b59d3ed - - - -] Using RPCClient manually to instantiate client. Please use get_rpc_client to obtain an RPC client instance.
2023-03-09 21:35:38.860 7 WARNING cinder.scheduler.host_manager [None req-a2f56f74-f789-4164-92ad-d0a13b9fd775 0290d7a7237949bcb55989700f21941c 75556b795a6d41fc83cbea230de0842a - - - -] volume service is down. (host: rack09-server62@lvm-1)
2023-03-09 21:35:38.861 7 INFO cinder.scheduler.base_filter [None req-a2f56f74-f789-4164-92ad-d0a13b9fd775 0290d7a7237949bcb55989700f21941c 75556b795a6d41fc83cbea230de0842a - - - -] Filtering removed all hosts for the request with volume ID '0d09af3c-afa8-48d4-aa9a-9d1c6a5e86db'. Filter results: AvailabilityZoneFilter: (start: 1, end: 1), CapacityFilter: (start: 1, end: 1), CapabilitiesFilter: (start: 1, end: 0)
2023-03-09 21:35:38.861 7 WARNING cinder.scheduler.filter_scheduler [None req-a2f56f74-f789-4164-92ad-d0a13b9fd775 0290d7a7237949bcb55989700f21941c 75556b795a6d41fc83cbea230de0842a - - - -] No weighed backend found for volume with properties: {'id': '5f9fd7b6-75bd-4e70-8570-2afe3f6456ca', 'name': 'tempest-UserMessagesTest-volume-type-1789312325', 'description': None, 'is_public': True, 'projects': [], 'extra_specs': {'storage_protocol': 'tempest-storage_protocol-577523514', 'vendor_name': 'tempest-vendor_name-1410478858'}, 'qos_specs_id': None, 'created_at': '2023-03-09T21:35:37.000000', 'updated_at': None, 'deleted_at': None, 'deleted': False}
2023-03-09 21:35:38.862 7 INFO cinder.message.api [None req-a2f56f74-f789-4164-92ad-d0a13b9fd775 0290d7a7237949bcb55989700f21941c 75556b795a6d41fc83cbea230de0842a - - - -] Creating message record for request_id = req-a2f56f74-f789-4164-92ad-d0a13b9fd775
2023-03-09 21:35:38.866 7 ERROR cinder.scheduler.flows.create_volume [None req-a2f56f74-f789-4164-92ad-d0a13b9fd775 0290d7a7237949bcb55989700f21941c 75556b795a6d41fc83cbea230de0842a - - - -] Failed to run task cinder.scheduler.flows.create_volume.ScheduleCreateVolumeTask;volume:create: No valid backend was found. No weighed backends available: cinder.exception.NoValidBackend: No valid backend was found. No weighed backends available
2023-03-09 21:35:40.869 7 WARNING cinder.scheduler.host_manager [None req-d847f034-0585-4a25-bae9-e4934ee33d95 0290d7a7237949bcb55989700f21941c 75556b795a6d41fc83cbea230de0842a - - - -] volume service is down. (host: rack09-server62@lvm-1)
2023-03-09 21:35:40.870 7 INFO cinder.scheduler.base_filter [None req-d847f034-0585-4a25-bae9-e4934ee33d95 0290d7a7237949bcb55989700f21941c 75556b795a6d41fc83cbea230de0842a - - - -] Filtering removed all hosts for the request with volume ID '4a77a6e2-c2c3-4f15-9cd3-8be9c5fffb52'. Filter results: AvailabilityZoneFilter: (start: 1, end: 1), CapacityFilter: (start: 1, end: 1), CapabilitiesFilter: (start: 1, end: 0)
2023-03-09 21:35:40.871 7 WARNING cinder.scheduler.filter_scheduler [None req-d847f034-0585-4a25-bae9-e4934ee33d95 0290d7a7237949bcb55989700f21941c 75556b795a6d41fc83cbea230de0842a - - - -] No weighed backend found for volume with properties: {'id': 'e1a988ba-a2b4-4b00-8a7a-2e0059a3631f', 'name': 'tempest-UserMessagesTest-volume-type-917863781', 'description': None, 'is_public': True, 'projects': [], 'extra_specs': {'storage_protocol': 'tempest-storage_protocol-780948856', 'vendor_name': 'tempest-vendor_name-567762164'}, 'qos_specs_id': None, 'created_at': '2023-03-09T21:35:40.000000', 'updated_at': None, 'deleted_at': None, 'deleted': False}
2023-03-09 21:35:40.871 7 INFO cinder.message.api [None req-d847f034-0585-4a25-bae9-e4934ee33d95 0290d7a7237949bcb55989700f21941c 75556b795a6d41fc83cbea230de0842a - - - -] Creating message record for request_id = req-d847f034-0585-4a25-bae9-e4934ee33d95
2023-03-09 21:35:40.892 7 ERROR cinder.scheduler.flows.create_volume [None req-d847f034-0585-4a25-bae9-e4934ee33d95 0290d7a7237949bcb55989700f21941c 75556b795a6d41fc83cbea230de0842a - - - -] Failed to run task cinder.scheduler.flows.create_volume.ScheduleCreateVolumeTask;volume:create: No valid backend was found. No weighed backends available: cinder.exception.NoValidBackend: No valid backend was found. No weighed backends available
2023-03-09 21:35:46.664 7 WARNING cinder.scheduler.host_manager [None req-14d65408-a7f0-4627-88d1-3d352c5f4186 ec72fe7457714b73b24a69409e36be2e 880508b4ab9e4e7b9b538eb7ca44be3a - - - -] volume service is down. (host: rack09-server62@lvm-1)
2023-03-09 21:35:49.577 7 WARNING cinder.scheduler.host_manager [None req-693d1acd-20d5-41d1-ac92-dc2c516c65c4 83d08198c5f74d268ae24a8ebfcb541d f72e1741b3f54d0e937e653abadf8d4a - - - -] volume service is down. (host: rack09-server62@lvm-1)
2023-03-09 21:36:01.148 7 WARNING cinder.scheduler.host_manager [None req-098a79ee-5267-43d4-bf5b-892b27552131 dbc66094af59475bad2b482a90e98b6c 35903983be9c403a93928eb8f4132f7a - - - -] volume service is down. (host: rack09-server62@lvm-1)
2023-03-09 21:36:01.693 7 WARNING cinder.scheduler.host_manager [None req-bb8eecae-b576-44ed-93f8-6b0850208a14 83d08198c5f74d268ae24a8ebfcb541d f72e1741b3f54d0e937e653abadf8d4a - - - -] volume service is down. (host: rack09-server62@lvm-1)
2023-03-09 21:36:08.592 7 WARNING cinder.scheduler.host_manager [None req-22400e68-73ab-4525-b67e-6d27eae1b443 83d08198c5f74d268ae24a8ebfcb541d f72e1741b3f54d0e937e653abadf8d4a - - - -] volume service is down. (host: rack09-server62@lvm-1)
2023-03-09 21:36:11.241 7 WARNING cinder.scheduler.host_manager [None req-d0a48c34-19c1-4d7c-bb01-cbe188d699a1 83d08198c5f74d268ae24a8ebfcb541d f72e1741b3f54d0e937e653abadf8d4a - - - -] volume service is down. (host: rack09-server62@lvm-1)
2023-03-09 21:36:17.368 7 WARNING cinder.scheduler.host_manager [None req-7f02b1bb-837b-4d6d-b4e6-f5d6fe697c87 c50a5a2775f14fedb88d9266d8085528 1f192f5ff6234b49b41693c09abe059c - - - -] volume service is down. (host: rack09-server62@lvm-1)
2023-03-09 21:36:22.327 7 WARNING cinder.scheduler.host_manager [None req-60467db1-9884-4e43-9249-4960a0503886 83cd2710ef944e6f8e4b16c90e1bc60a a65372992684460eab6ae8f4effb78fa - - - -] volume service is down. (host: rack09-server62@lvm-1)
2023-03-09 21:36:25.950 7 WARNING cinder.scheduler.host_manager [None req-7b7e3616-5943-4a85-a1ea-f179d5ab79ab d97c256aef384565b3f4c1078694bbf0 9a6169f40a1e4945957c4cbffc5fedfb - - - -] volume service is down. (host: rack09-server62@lvm-1)
2023-03-09 21:36:29.380 7 WARNING cinder.scheduler.host_manager [None req-3e971c58-7e3c-4ce4-bd3a-5b557a1ecb34 bf73f84614364081a3befa5b89a652af 4ac0c22219344e05a8e6be67873242a1 - - - -] volume service is down. (host: rack09-server62@lvm-1)
2023-03-09 21:36:32.226 7 WARNING cinder.scheduler.host_manager [None req-a57b14d7-c992-43e6-b129-58907c277834 bf73f84614364081a3befa5b89a652af 4ac0c22219344e05a8e6be67873242a1 - - - -] volume service is down. (host: rack09-server62@lvm-1)
2023-03-09 21:36:36.242 7 WARNING cinder.scheduler.host_manager [None req-8a3b9b0b-27c5-4a2b-8f4b-bd0bb11f7192 d97c256aef384565b3f4c1078694bbf0 9a6169f40a1e4945957c4cbffc5fedfb - - - -] volume service is down. (host: rack09-server62@lvm-1)
2023-03-09 21:36:36.243 7 WARNING oslo_messaging.rpc.client [None req-8a3b9b0b-27c5-4a2b-8f4b-bd0bb11f7192 d97c256aef384565b3f4c1078694bbf0 9a6169f40a1e4945957c4cbffc5fedfb - - - -] Using RPCClient manually to instantiate client. Please use get_rpc_client to obtain an RPC client instance.
2023-03-09 21:36:37.139 7 WARNING cinder.scheduler.host_manager [None req-0b858bd6-0d68-4cca-b8d0-63cf4942c60e bf73f84614364081a3befa5b89a652af 4ac0c22219344e05a8e6be67873242a1 - - - -] volume service is down. (host: rack09-server62@lvm-1)
2023-03-09 21:36:39.761 7 WARNING cinder.scheduler.host_manager [None req-a66a96b3-df68-49a6-865f-8e7911582b2e bf73f84614364081a3befa5b89a652af 4ac0c22219344e05a8e6be67873242a1 - - - -] volume service is down. (host: rack09-server62@lvm-1)
2023-03-09 21:36:43.655 7 WARNING cinder.scheduler.host_manager [None req-cabd3608-fb42-48b4-a97b-de5976f4289d bf73f84614364081a3befa5b89a652af 4ac0c22219344e05a8e6be67873242a1 - - - -] volume service is down. (host: rack09-server62@lvm-1)
2023-03-09 21:36:46.033 7 WARNING cinder.scheduler.host_manager [None req-7e6db1f9-d30d-4912-a049-4ffe8ed9c8c5 b40cb70600fe4fb6b21a87d0fbdd7787 1d8bf34289c4493da2fb426a44753304 - - - -] volume service is down. (host: rack09-server62@lvm-1)
2023-03-09 21:36:48.672 7 WARNING cinder.scheduler.host_manager [None req-3ce222d9-ed33-4e5b-a5dd-cee24d7cba3b b40cb70600fe4fb6b21a87d0fbdd7787 1d8bf34289c4493da2fb426a44753304 - - - -] volume service is down. (host: rack09-server62@lvm-1)
2023-03-09 21:36:48.780 7 WARNING cinder.scheduler.host_manager [None req-feb062d0-aef3-4809-b303-2788e5de78f5 bf73f84614364081a3befa5b89a652af 4ac0c22219344e05a8e6be67873242a1 - - - -] volume service is down. (host: rack09-server62@lvm-1)
2023-03-09 21:36:50.640 7 WARNING cinder.scheduler.host_manager [None req-0439a316-0072-410d-b0ce-246d276bea30 ec72fe7457714b73b24a69409e36be2e 880508b4ab9e4e7b9b538eb7ca44be3a - - - -] volume service is down. (host: rack09-server62@lvm-1)
2023-03-09 21:36:50.641 7 WARNING oslo_messaging.rpc.client [None req-0439a316-0072-410d-b0ce-246d276bea30 ec72fe7457714b73b24a69409e36be2e 880508b4ab9e4e7b9b538eb7ca44be3a - - - -] Using RPCClient manually to instantiate client. Please use get_rpc_client to obtain an RPC client instance.
2023-03-09 21:36:51.298 7 WARNING cinder.scheduler.host_manager [None req-b31e1f10-d0ea-4d5d-a94e-4cfb7aeeaf44 b40cb70600fe4fb6b21a87d0fbdd7787 1d8bf34289c4493da2fb426a44753304 - - - -] volume service is down. (host: rack09-server62@lvm-1)
2023-03-09 21:36:54.270 7 WARNING cinder.scheduler.host_manager [None req-2e00f85a-f4f5-42df-b4ca-da021ada748b ec72fe7457714b73b24a69409e36be2e 880508b4ab9e4e7b9b538eb7ca44be3a - - - -] volume service is down. (host: rack09-server62@lvm-1)
2023-03-09 21:36:54.271 7 WARNING oslo_messaging.rpc.client [None req-2e00f85a-f4f5-42df-b4ca-da021ada748b ec72fe7457714b73b24a69409e36be2e 880508b4ab9e4e7b9b538eb7ca44be3a - - - -] Using RPCClient manually to instantiate client. Please use get_rpc_client to obtain an RPC client instance.
2023-03-09 21:37:01.580 7 WARNING cinder.scheduler.host_manager [None req-b502b0c6-3ee3-44be-bc85-e0f177a8923b bf73f84614364081a3befa5b89a652af 4ac0c22219344e05a8e6be67873242a1 - - - -] volume service is down. (host: rack09-server62@lvm-1)
2023-03-09 21:37:02.828 7 WARNING cinder.scheduler.host_manager [None req-b502c2a1-7ab0-4597-81cd-94336451302a 279d641da43b42f788f534481bc99b82 7a749c59aa7f4fafae43b4d6ddfaa784 - - - -] volume service is down. (host: rack09-server62@lvm-1)
2023-03-09 21:37:03.279 7 WARNING cinder.scheduler.host_manager [None req-ef3b3936-b50b-4080-a763-a83a38a23294 ec72fe7457714b73b24a69409e36be2e 880508b4ab9e4e7b9b538eb7ca44be3a - - - -] volume service is down. (host: rack09-server62@lvm-1)
2023-03-09 21:37:03.280 7 WARNING oslo_messaging.rpc.client [None req-ef3b3936-b50b-4080-a763-a83a38a23294 ec72fe7457714b73b24a69409e36be2e 880508b4ab9e4e7b9b538eb7ca44be3a - - - -] Using RPCClient manually to instantiate client. Please use get_rpc_client to obtain an RPC client instance.
2023-03-09 21:37:05.708 7 WARNING cinder.scheduler.host_manager [None req-5efaeaa7-e0d1-4df7-903e-4f27e44fea2a ec72fe7457714b73b24a69409e36be2e 880508b4ab9e4e7b9b538eb7ca44be3a - - - -] volume service is down. (host: rack09-server62@lvm-1)
2023-03-09 21:37:05.709 7 WARNING oslo_messaging.rpc.client [None req-5efaeaa7-e0d1-4df7-903e-4f27e44fea2a ec72fe7457714b73b24a69409e36be2e 880508b4ab9e4e7b9b538eb7ca44be3a - - - -] Using RPCClient manually to instantiate client. Please use get_rpc_client to obtain an RPC client instance.
2023-03-09 21:37:15.242 7 WARNING cinder.scheduler.host_manager [None req-60cfe4d3-571a-4a34-aa93-a0ec6790e090 ec72fe7457714b73b24a69409e36be2e 880508b4ab9e4e7b9b538eb7ca44be3a - - - -] volume service is down. (host: rack09-server62@lvm-1)
2023-03-09 21:37:17.618 7 WARNING cinder.scheduler.host_manager [None req-52cca29f-9e30-4152-804a-e19de9b23ce9 ec72fe7457714b73b24a69409e36be2e 880508b4ab9e4e7b9b538eb7ca44be3a - - - -] volume service is down. (host: rack09-server62@lvm-1)
2023-03-09 21:37:17.619 7 WARNING oslo_messaging.rpc.client [None req-52cca29f-9e30-4152-804a-e19de9b23ce9 ec72fe7457714b73b24a69409e36be2e 880508b4ab9e4e7b9b538eb7ca44be3a - - - -] Using RPCClient manually to instantiate client. Please use get_rpc_client to obtain an RPC client instance.
2023-03-09 21:37:18.012 7 WARNING cinder.scheduler.host_manager [None req-1bbe0762-24ff-48ae-9487-f26763f1e599 847fa112f5654165b8a0cd6b5539e019 9e9982d21f9a471f8ecb69244dede658 - - - -] volume service is down. (host: rack09-server62@lvm-1)
2023-03-09 21:37:20.211 7 WARNING cinder.scheduler.host_manager [None req-bad592a9-7fb7-43d1-9156-29a19dab6032 ec72fe7457714b73b24a69409e36be2e 880508b4ab9e4e7b9b538eb7ca44be3a - - - -] volume service is down. (host: rack09-server62@lvm-1)
2023-03-09 21:37:20.414 7 WARNING cinder.scheduler.host_manager [None req-43762977-5f73-406a-b5e2-64bc00ea8e09 847fa112f5654165b8a0cd6b5539e019 9e9982d21f9a471f8ecb69244dede658 - - - -] volume service is down. (host: rack09-server62@lvm-1)
2023-03-09 21:37:20.415 7 WARNING oslo_messaging.rpc.client [None req-43762977-5f73-406a-b5e2-64bc00ea8e09 847fa112f5654165b8a0cd6b5539e019 9e9982d21f9a471f8ecb69244dede658 - - - -] Using RPCClient manually to instantiate client. Please use get_rpc_client to obtain an RPC client instance.
2023-03-09 21:37:22.752 7 WARNING cinder.scheduler.host_manager [None req-86aaa019-a6ba-4583-af7f-83a25f7cbcab 847fa112f5654165b8a0cd6b5539e019 9e9982d21f9a471f8ecb69244dede658 - - - -] volume service is down. (host: rack09-server62@lvm-1)
2023-03-09 21:37:22.753 7 WARNING oslo_messaging.rpc.client [None req-86aaa019-a6ba-4583-af7f-83a25f7cbcab 847fa112f5654165b8a0cd6b5539e019 9e9982d21f9a471f8ecb69244dede658 - - - -] Using RPCClient manually to instantiate client. Please use get_rpc_client to obtain an RPC client instance.
2023-03-09 21:37:24.038 7 WARNING cinder.scheduler.host_manager [None req-b49ae3be-dd62-494e-88dd-dce3b7cb47c9 ec72fe7457714b73b24a69409e36be2e 880508b4ab9e4e7b9b538eb7ca44be3a - - - -] volume service is down. (host: rack09-server62@lvm-1)
2023-03-09 21:37:25.095 7 WARNING cinder.scheduler.host_manager [None req-b9f91b75-d104-4dff-b10a-ef5d574c3620 847fa112f5654165b8a0cd6b5539e019 9e9982d21f9a471f8ecb69244dede658 - - - -] volume service is down. (host: rack09-server62@lvm-1)
2023-03-09 21:37:25.096 7 WARNING oslo_messaging.rpc.client [None req-b9f91b75-d104-4dff-b10a-ef5d574c3620 847fa112f5654165b8a0cd6b5539e019 9e9982d21f9a471f8ecb69244dede658 - - - -] Using RPCClient manually to instantiate client. Please use get_rpc_client to obtain an RPC client instance.
2023-03-09 21:37:26.427 7 WARNING cinder.scheduler.host_manager [None req-225051c9-8202-4415-8c4f-55f74791d0fb ec72fe7457714b73b24a69409e36be2e 880508b4ab9e4e7b9b538eb7ca44be3a - - - -] volume service is down. (host: rack09-server62@lvm-1)
2023-03-09 21:37:26.428 7 WARNING oslo_messaging.rpc.client [None req-225051c9-8202-4415-8c4f-55f74791d0fb ec72fe7457714b73b24a69409e36be2e 880508b4ab9e4e7b9b538eb7ca44be3a - - - -] Using RPCClient manually to instantiate client. Please use get_rpc_client to obtain an RPC client instance.
2023-03-09 21:37:29.023 7 WARNING cinder.scheduler.host_manager [None req-5e85cdfe-4c80-43f5-b4c3-d0f12cbb359b ec72fe7457714b73b24a69409e36be2e 880508b4ab9e4e7b9b538eb7ca44be3a - - - -] volume service is down. (host: rack09-server62@lvm-1)
2023-03-09 21:37:42.336 7 WARNING cinder.scheduler.host_manager [None req-741abdeb-1cd0-4812-bced-69eadb1d8c1f 59852e8ae7a542bc90e69d3005f4a158 208fc830ee114bd098d1bc16a87ba863 - - - -] volume service is down. (host: rack09-server62@lvm-1)
2023-03-09 21:37:44.791 7 WARNING cinder.scheduler.host_manager [None req-6238b575-01ce-43d2-a0ad-6d518a94ad17 59852e8ae7a542bc90e69d3005f4a158 208fc830ee114bd098d1bc16a87ba863 - - - -] volume service is down. (host: rack09-server62@lvm-1)
2023-03-09 21:37:44.792 7 WARNING oslo_messaging.rpc.client [None req-6238b575-01ce-43d2-a0ad-6d518a94ad17 59852e8ae7a542bc90e69d3005f4a158 208fc830ee114bd098d1bc16a87ba863 - - - -] Using RPCClient manually to instantiate client. Please use get_rpc_client to obtain an RPC client instance.
2023-03-09 21:37:57.634 7 WARNING cinder.scheduler.host_manager [None req-56f17007-565f-43fc-be7d-d58d6d8c64af 9988f87eb4414a0ab14618245d95295a 6065286d19cd43248ccf06a52de99941 - - - -] volume service is down. (host: rack09-server62@lvm-1)
2023-03-09 21:37:57.729 7 WARNING cinder.scheduler.host_manager [None req-f749915b-7e9b-4ee1-af44-9ea1a5e3d21d 6559d83354d14f58b187ae8352a0e1e3 5ee5f723b3964d49b35951a828fbe549 - - - -] volume service is down. (host: rack09-server62@lvm-1)
2023-03-09 21:37:57.753 7 WARNING cinder.scheduler.host_manager [None req-f685e752-a271-48ba-9921-3e1f8a2e89c5 84856edffccd4593bc0d8cffea0cf4ec 05e5976991264325a7575b5af72206ef - - - -] volume service is down. (host: rack09-server62@lvm-1)
2023-03-09 21:37:58.139 7 WARNING cinder.scheduler.host_manager [None req-0ac62b9a-9c2c-4476-ae49-1f7bb69d8123 84856edffccd4593bc0d8cffea0cf4ec 05e5976991264325a7575b5af72206ef - - - -] volume service is down. (host: rack09-server62@lvm-1)
2023-03-09 21:37:58.569 7 WARNING cinder.scheduler.host_manager [None req-c455c898-548d-4230-8f2a-e5a62ebd261a 84856edffccd4593bc0d8cffea0cf4ec 05e5976991264325a7575b5af72206ef - - - -] volume service is down. (host: rack09-server62@lvm-1)
2023-03-09 21:37:58.993 7 WARNING cinder.scheduler.host_manager [None req-9258f0cb-7baa-40f8-9b98-d0600243e70c 84856edffccd4593bc0d8cffea0cf4ec 05e5976991264325a7575b5af72206ef - - - -] volume service is down. (host: rack09-server62@lvm-1)
2023-03-09 21:37:59.388 7 WARNING cinder.scheduler.host_manager [None req-7d9e65e2-1526-4cb2-9007-77c785f03261 84856edffccd4593bc0d8cffea0cf4ec 05e5976991264325a7575b5af72206ef - - - -] volume service is down. (host: rack09-server62@lvm-1)
2023-03-09 21:38:00.054 7 WARNING cinder.scheduler.host_manager [None req-16d10ff7-0d62-4ae5-9735-99275b58fb2d 9988f87eb4414a0ab14618245d95295a 6065286d19cd43248ccf06a52de99941 - - - -] volume service is down. (host: rack09-server62@lvm-1)
2023-03-09 21:38:00.055 7 WARNING oslo_messaging.rpc.client [None req-16d10ff7-0d62-4ae5-9735-99275b58fb2d 9988f87eb4414a0ab14618245d95295a 6065286d19cd43248ccf06a52de99941 - - - -] Using RPCClient manually to instantiate client. Please use get_rpc_client to obtain an RPC client instance.
2023-03-09 21:38:00.641 7 WARNING cinder.scheduler.host_manager [None req-58b1426a-3bd0-46da-bd06-8804cdd3f3a5 6559d83354d14f58b187ae8352a0e1e3 5ee5f723b3964d49b35951a828fbe549 - - - -] volume service is down. (host: rack09-server62@lvm-1)
2023-03-09 21:38:01.453 7 WARNING cinder.scheduler.host_manager [None req-b6bc00a9-7233-491c-ae8b-4eed8838ca41 6559d83354d14f58b187ae8352a0e1e3 5ee5f723b3964d49b35951a828fbe549 - - - -] volume service is down. (host: rack09-server62@lvm-1)
2023-03-09 21:38:01.873 7 WARNING cinder.scheduler.host_manager [None req-4b00a2cc-c4c6-4ea3-ad2d-dfa708aa7791 6559d83354d14f58b187ae8352a0e1e3 5ee5f723b3964d49b35951a828fbe549 - - - -] volume service is down. (host: rack09-server62@lvm-1)
2023-03-09 21:38:02.277 7 WARNING cinder.scheduler.host_manager [None req-23ba75d2-f6ee-4007-a72a-ff712b1d9d2a 6559d83354d14f58b187ae8352a0e1e3 5ee5f723b3964d49b35951a828fbe549 - - - -] volume service is down. (host: rack09-server62@lvm-1)
2023-03-09 21:38:02.675 7 WARNING cinder.scheduler.host_manager [None req-7595fce1-11b9-499b-a45f-5b9d83d336d9 6559d83354d14f58b187ae8352a0e1e3 5ee5f723b3964d49b35951a828fbe549 - - - -] volume service is down. (host: rack09-server62@lvm-1)
2023-03-09 21:38:02.995 7 WARNING cinder.scheduler.host_manager [None req-59704984-6475-452a-bd0b-68bb3fda0646 9988f87eb4414a0ab14618245d95295a 6065286d19cd43248ccf06a52de99941 - - - -] volume service is down. (host: rack09-server62@lvm-1)
2023-03-09 21:38:03.425 7 WARNING cinder.scheduler.host_manager [None req-5f24f624-6fc1-4fc2-b6b1-bfe8453bc137 9988f87eb4414a0ab14618245d95295a 6065286d19cd43248ccf06a52de99941 - - - -] volume service is down. (host: rack09-server62@lvm-1)
2023-03-09 21:38:03.832 7 WARNING cinder.scheduler.host_manager [None req-24664439-bf66-4983-9670-5502ed5a6b0b 9988f87eb4414a0ab14618245d95295a 6065286d19cd43248ccf06a52de99941 - - - -] volume service is down. (host: rack09-server62@lvm-1)
2023-03-09 21:38:04.231 7 WARNING cinder.scheduler.host_manager [None req-1e0447e7-f8af-41cd-961e-366b99ce9966 9988f87eb4414a0ab14618245d95295a 6065286d19cd43248ccf06a52de99941 - - - -] volume service is down. (host: rack09-server62@lvm-1)
2023-03-09 21:38:04.638 7 WARNING cinder.scheduler.host_manager [None req-c77dd43a-a696-4501-80dc-70736a7e3be3 9988f87eb4414a0ab14618245d95295a 6065286d19cd43248ccf06a52de99941 - - - -] volume service is down. (host: rack09-server62@lvm-1)
2023-03-09 21:38:09.807 7 WARNING cinder.scheduler.host_manager [None req-8e958243-5278-495e-a179-5430d55fe777 cedb01123d8b45788244b07e62fff819 a90b457c6ad24c1b838dbf397efad8b7 - - - -] volume service is down. (host: rack09-server62@lvm-1)
2023-03-09 21:38:12.433 7 WARNING cinder.scheduler.host_manager [None req-724d21dc-71d4-4f53-bff0-ab73b248ea25 cedb01123d8b45788244b07e62fff819 a90b457c6ad24c1b838dbf397efad8b7 - - - -] volume service is down. (host: rack09-server62@lvm-1)
2023-03-09 21:38:14.941 7 WARNING cinder.scheduler.host_manager [None req-e008a587-e980-4706-b1a3-526fbdf039cc cedb01123d8b45788244b07e62fff819 a90b457c6ad24c1b838dbf397efad8b7 - - - -] volume service is down. (host: rack09-server62@lvm-1)
2023-03-09 21:38:14.942 7 WARNING oslo_messaging.rpc.client [None req-e008a587-e980-4706-b1a3-526fbdf039cc cedb01123d8b45788244b07e62fff819 a90b457c6ad24c1b838dbf397efad8b7 - - - -] Using RPCClient manually to instantiate client. Please use get_rpc_client to obtain an RPC client instance.
