Build Started 20_03_2024_14_48_53
2024-03-20 16:50:49.510 7 WARNING cinder.scheduler.host_manager [None req-e1a4979e-8ad9-449d-8a2b-ce0def0151f8 3340f57d3c32469b8007a16250fcb414 641b589bf6a14227ade4af28b4d5b425 - - - -] volume service is down. (host: rack01-server63@lvm-1)
2024-03-20 16:50:49.590 7 WARNING cinder.scheduler.host_manager [req-be3adc63-7d53-4fbe-ad1e-1dc28fbcd329 req-3fb25ff1-a72b-40f8-a978-10595fdd8874 09fc9d06db0e477fb06013a9c68621c9 fc00cacbffd448f590c0f4e02bb32513 - - - -] volume service is down. (host: rack01-server63@lvm-1)
2024-03-20 16:50:49.660 7 WARNING cinder.scheduler.host_manager [req-87887ea3-d953-4498-a2a6-290ae2afe39a req-8f0f8e35-df1e-4b8a-9646-26d79f8ff944 35503384526347e3ac0e73b7144926ca 56f75985cf2e4808acc7c5d723fdd34a - - - -] volume service is down. (host: rack01-server63@lvm-1)
2024-03-20 16:50:50.998 7 WARNING cinder.scheduler.host_manager [None req-a16d2110-3d54-4a34-b5c4-61eb58ce3f87 3340f57d3c32469b8007a16250fcb414 641b589bf6a14227ade4af28b4d5b425 - - - -] volume service is down. (host: rack01-server63@lvm-1)
2024-03-20 16:50:52.160 7 WARNING cinder.scheduler.host_manager [req-cfb7efd4-767f-4fd1-bc11-10ef6454e317 req-7cb3c0f2-61b6-4e4b-9e91-21eef403e6df 09fc9d06db0e477fb06013a9c68621c9 fc00cacbffd448f590c0f4e02bb32513 - - - -] volume service is down. (host: rack01-server63@lvm-1)
2024-03-20 16:50:53.536 7 WARNING cinder.scheduler.host_manager [None req-d5716ca0-b7bc-442c-9d8f-4d69fd6e2bb3 3340f57d3c32469b8007a16250fcb414 641b589bf6a14227ade4af28b4d5b425 - - - -] volume service is down. (host: rack01-server63@lvm-1)
2024-03-20 16:50:59.154 7 WARNING cinder.scheduler.host_manager [None req-75e7a544-fa75-4d98-a32c-bb26da1fbd9a 5a3f6bd4d46a40dc8a1aebc671af0927 4344c4ed97ab40ea902850c9fdbaa1aa - - - -] volume service is down. (host: rack01-server63@lvm-1)
2024-03-20 16:50:59.161 7 WARNING cinder.scheduler.host_manager [None req-75e7a544-fa75-4d98-a32c-bb26da1fbd9a 5a3f6bd4d46a40dc8a1aebc671af0927 4344c4ed97ab40ea902850c9fdbaa1aa - - - -] volume service is down. (host: rack01-server63@lvm-1)
2024-03-20 16:51:00.492 7 WARNING cinder.scheduler.host_manager [None req-43202ab9-d218-4fe4-9dbb-ceb541880c8b 5a3f6bd4d46a40dc8a1aebc671af0927 4344c4ed97ab40ea902850c9fdbaa1aa - - - -] volume service is down. (host: rack01-server63@lvm-1)
2024-03-20 16:51:05.328 7 WARNING cinder.scheduler.host_manager [None req-c3d70563-6582-4db9-9c84-7bf0cffb0ddf 5a1131796846449283459c577f433023 f897fc15d18b4d1bb917096b2b55dc9a - - - -] volume service is down. (host: rack01-server63@lvm-1)
2024-03-20 16:51:05.336 7 WARNING cinder.scheduler.host_manager [None req-c3d70563-6582-4db9-9c84-7bf0cffb0ddf 5a1131796846449283459c577f433023 f897fc15d18b4d1bb917096b2b55dc9a - - - -] volume service is down. (host: rack01-server63@lvm-1)
2024-03-20 16:51:05.443 7 WARNING cinder.scheduler.host_manager [None req-d7a4a46c-f5b1-48bd-a17b-246add5a6a71 14a948e475074d3ab1ac3183277b99e1 1acd2ac6668147909dd9053e4d92e4e6 - - - -] volume service is down. (host: rack01-server63@lvm-1)
2024-03-20 16:51:05.479 7 WARNING cinder.scheduler.host_manager [None req-2a7e92b7-66e9-4872-b9e0-1e0bd978d99c 14a948e475074d3ab1ac3183277b99e1 1acd2ac6668147909dd9053e4d92e4e6 - - - -] volume service is down. (host: rack01-server63@lvm-1)
2024-03-20 16:51:11.736 7 WARNING cinder.scheduler.host_manager [None req-6596f990-b5ae-476f-837b-966b856b8231 a58ffee7d20a4eb1b736174cc9ff3c84 07e436f80e464771be542ff4c8a1fe67 - - - -] volume service is down. (host: rack01-server63@lvm-1)
2024-03-20 16:51:11.746 7 WARNING cinder.scheduler.host_manager [None req-6596f990-b5ae-476f-837b-966b856b8231 a58ffee7d20a4eb1b736174cc9ff3c84 07e436f80e464771be542ff4c8a1fe67 - - - -] volume service is down. (host: rack01-server63@lvm-1)
2024-03-20 16:51:13.139 7 WARNING cinder.scheduler.host_manager [None req-ce6f2fc2-1be5-43f6-88f7-5a6ebb74b2f3 a58ffee7d20a4eb1b736174cc9ff3c84 07e436f80e464771be542ff4c8a1fe67 - - - -] volume service is down. (host: rack01-server63@lvm-1)
2024-03-20 16:51:14.161 7 WARNING cinder.scheduler.host_manager [None req-cb4787d6-bb68-4456-8c6d-9d7dd6bf64ae ec5f13ccefc040cf8f6ae363f1f5b6e6 0f4590cac7194e809f4654873f7b0dad - - - -] volume service is down. (host: rack01-server63@lvm-1)
2024-03-20 16:51:16.494 7 WARNING cinder.scheduler.host_manager [None req-335ac5c4-07fe-4b83-8eca-f38117a50b3e ec5f13ccefc040cf8f6ae363f1f5b6e6 0f4590cac7194e809f4654873f7b0dad - - - -] volume service is down. (host: rack01-server63@lvm-1)
2024-03-20 16:51:17.921 7 WARNING cinder.scheduler.host_manager [None req-6086b2db-0ea7-44f5-b53d-dc3f09e59f62 a58ffee7d20a4eb1b736174cc9ff3c84 07e436f80e464771be542ff4c8a1fe67 - - - -] volume service is down. (host: rack01-server63@lvm-1)
2024-03-20 16:51:19.215 7 WARNING cinder.scheduler.host_manager [None req-261330f5-c76e-4f52-962a-cd53748bbefd ec5f13ccefc040cf8f6ae363f1f5b6e6 0f4590cac7194e809f4654873f7b0dad - - - -] volume service is down. (host: rack01-server63@lvm-1)
2024-03-20 16:51:20.361 7 WARNING cinder.scheduler.host_manager [None req-b9671de1-34cf-495d-8d83-391dfc56dd7e c688816da1534ab5ae6a7160c2bb8c70 1762e6e7615948429943ec5eeda77410 - - - -] volume service is down. (host: rack01-server63@lvm-1)
2024-03-20 16:51:20.368 7 WARNING cinder.scheduler.host_manager [None req-b9671de1-34cf-495d-8d83-391dfc56dd7e c688816da1534ab5ae6a7160c2bb8c70 1762e6e7615948429943ec5eeda77410 - - - -] volume service is down. (host: rack01-server63@lvm-1)
2024-03-20 16:51:21.560 7 WARNING cinder.scheduler.host_manager [None req-f2863e45-1598-478d-b268-a7bf308796b6 c688816da1534ab5ae6a7160c2bb8c70 1762e6e7615948429943ec5eeda77410 - - - -] volume service is down. (host: rack01-server63@lvm-1)
2024-03-20 16:51:21.571 7 WARNING cinder.scheduler.host_manager [None req-f2863e45-1598-478d-b268-a7bf308796b6 c688816da1534ab5ae6a7160c2bb8c70 1762e6e7615948429943ec5eeda77410 - - - -] volume service is down. (host: rack01-server63@lvm-1)
2024-03-20 16:51:22.815 7 WARNING cinder.scheduler.host_manager [None req-b11a6351-db43-4a1e-8023-a385742bbf7f ec5f13ccefc040cf8f6ae363f1f5b6e6 0f4590cac7194e809f4654873f7b0dad - - - -] volume service is down. (host: rack01-server63@lvm-1)
2024-03-20 16:51:22.963 7 WARNING cinder.scheduler.host_manager [None req-b857e424-57db-404d-8284-6022bc68f6c9 c688816da1534ab5ae6a7160c2bb8c70 1762e6e7615948429943ec5eeda77410 - - - -] volume service is down. (host: rack01-server63@lvm-1)
2024-03-20 16:51:23.717 7 WARNING cinder.scheduler.host_manager [None req-545cc7ef-2482-431e-b575-dcf6c60fa2a2 a58ffee7d20a4eb1b736174cc9ff3c84 07e436f80e464771be542ff4c8a1fe67 - - - -] volume service is down. (host: rack01-server63@lvm-1)
2024-03-20 16:51:23.727 7 WARNING cinder.scheduler.host_manager [None req-545cc7ef-2482-431e-b575-dcf6c60fa2a2 a58ffee7d20a4eb1b736174cc9ff3c84 07e436f80e464771be542ff4c8a1fe67 - - - -] volume service is down. (host: rack01-server63@lvm-1)
2024-03-20 16:51:25.124 7 WARNING cinder.scheduler.host_manager [None req-af0e6ff3-c4b7-45de-8f6c-9d4ba4c21f64 a58ffee7d20a4eb1b736174cc9ff3c84 07e436f80e464771be542ff4c8a1fe67 - - - -] volume service is down. (host: rack01-server63@lvm-1)
2024-03-20 16:51:26.463 7 WARNING cinder.scheduler.host_manager [None req-4b5aab4f-e328-485c-b436-0a3b182d9d3a ec5f13ccefc040cf8f6ae363f1f5b6e6 0f4590cac7194e809f4654873f7b0dad - - - -] volume service is down. (host: rack01-server63@lvm-1)
2024-03-20 16:51:27.716 7 WARNING cinder.scheduler.host_manager [None req-de750776-7d67-49cc-bc42-42a33d2a5f2a a58ffee7d20a4eb1b736174cc9ff3c84 07e436f80e464771be542ff4c8a1fe67 - - - -] volume service is down. (host: rack01-server63@lvm-1)
2024-03-20 16:51:28.457 7 WARNING cinder.scheduler.host_manager [None req-328e12e2-e704-41f6-b3f3-7e5031cef990 c688816da1534ab5ae6a7160c2bb8c70 1762e6e7615948429943ec5eeda77410 - - - -] volume service is down. (host: rack01-server63@lvm-1)
2024-03-20 16:51:28.467 7 WARNING cinder.scheduler.host_manager [None req-328e12e2-e704-41f6-b3f3-7e5031cef990 c688816da1534ab5ae6a7160c2bb8c70 1762e6e7615948429943ec5eeda77410 - - - -] volume service is down. (host: rack01-server63@lvm-1)
2024-03-20 16:51:29.864 7 WARNING cinder.scheduler.host_manager [None req-192b2a09-b587-43a8-8ac1-4226e4a97da7 c688816da1534ab5ae6a7160c2bb8c70 1762e6e7615948429943ec5eeda77410 - - - -] volume service is down. (host: rack01-server63@lvm-1)
2024-03-20 16:51:30.093 7 WARNING cinder.scheduler.host_manager [None req-e819161b-750d-440c-a9d2-832f67bb4867 ec5f13ccefc040cf8f6ae363f1f5b6e6 0f4590cac7194e809f4654873f7b0dad - - - -] volume service is down. (host: rack01-server63@lvm-1)
2024-03-20 16:51:32.417 7 WARNING cinder.scheduler.host_manager [None req-bda93ae6-777b-4106-8189-8543d3832763 c688816da1534ab5ae6a7160c2bb8c70 1762e6e7615948429943ec5eeda77410 - - - -] volume service is down. (host: rack01-server63@lvm-1)
2024-03-20 16:51:41.043 7 WARNING cinder.scheduler.host_manager [None req-c8315278-b2a7-48ef-9b59-7c6447931f00 a58ffee7d20a4eb1b736174cc9ff3c84 07e436f80e464771be542ff4c8a1fe67 - - - -] volume service is down. (host: rack01-server63@lvm-1)
2024-03-20 16:51:41.053 7 WARNING cinder.scheduler.host_manager [None req-c8315278-b2a7-48ef-9b59-7c6447931f00 a58ffee7d20a4eb1b736174cc9ff3c84 07e436f80e464771be542ff4c8a1fe67 - - - -] volume service is down. (host: rack01-server63@lvm-1)
2024-03-20 16:51:42.450 7 WARNING cinder.scheduler.host_manager [None req-6507259c-9896-4ada-aa73-ba57a31f4dc2 a58ffee7d20a4eb1b736174cc9ff3c84 07e436f80e464771be542ff4c8a1fe67 - - - -] volume service is down. (host: rack01-server63@lvm-1)
2024-03-20 16:51:50.758 7 WARNING cinder.scheduler.host_manager [None req-c7bd74ed-d85d-4d90-8ffc-73925b450dfa 93ded69cef124a2597bbbd2fff4bad14 d2d70bbc29194804805be85b05accc3e - - - -] volume service is down. (host: rack01-server63@lvm-1)
2024-03-20 16:51:51.601 7 WARNING cinder.scheduler.host_manager [None req-7967f7dc-275f-4a1e-8b9e-4986b61f7220 1acd57336d9d439cac8100b31f3ba466 6affeb9d2e334e70965061d1b54a160c - - - -] volume service is down. (host: rack01-server63@lvm-1)
2024-03-20 16:51:53.179 7 WARNING cinder.scheduler.host_manager [None req-f5afc0e4-1c35-43db-b531-44ef67a73346 93ded69cef124a2597bbbd2fff4bad14 d2d70bbc29194804805be85b05accc3e - - - -] volume service is down. (host: rack01-server63@lvm-1)
2024-03-20 16:51:55.324 7 WARNING cinder.scheduler.host_manager [None req-f415a60c-ddc4-4c0b-8515-50100d71bc0a 1acd57336d9d439cac8100b31f3ba466 6affeb9d2e334e70965061d1b54a160c - - - -] volume service is down. (host: rack01-server63@lvm-1)
2024-03-20 16:52:01.449 7 WARNING cinder.scheduler.host_manager [None req-e117211e-a8d4-4769-bd07-7dd38e2d5c7b fa2a5436fb3c458fbc3b793925afe5dc 5f02d4cc3f7b4400a8c7565d367e32c0 - - - -] volume service is down. (host: rack01-server63@lvm-1)
2024-03-20 16:52:01.458 7 WARNING cinder.scheduler.host_manager [None req-e117211e-a8d4-4769-bd07-7dd38e2d5c7b fa2a5436fb3c458fbc3b793925afe5dc 5f02d4cc3f7b4400a8c7565d367e32c0 - - - -] volume service is down. (host: rack01-server63@lvm-1)
2024-03-20 16:52:02.043 7 WARNING cinder.scheduler.host_manager [None req-35425c72-2a58-49c9-a22d-66bd6a3e868d df4dcd3560df4bf791cc8540bff02df4 5335f44723924d47b04bedef54ed7bf1 - - - -] volume service is down. (host: rack01-server63@lvm-1)
2024-03-20 16:52:02.864 7 WARNING cinder.scheduler.host_manager [None req-4d34c8f2-3d53-4374-bcdc-27bd7d08aae4 fa2a5436fb3c458fbc3b793925afe5dc 5f02d4cc3f7b4400a8c7565d367e32c0 - - - -] volume service is down. (host: rack01-server63@lvm-1)
2024-03-20 16:52:05.245 7 WARNING cinder.scheduler.host_manager [None req-2ea897f4-b34f-4347-a1e0-5674c8e3fce1 fa2a5436fb3c458fbc3b793925afe5dc 5f02d4cc3f7b4400a8c7565d367e32c0 - - - -] volume service is down. (host: rack01-server63@lvm-1)
2024-03-20 16:52:06.662 7 WARNING cinder.scheduler.host_manager [None req-3c2f5191-e598-44b2-816b-979213a1eb86 936af9bdd12349efb9c38043f52985d3 dc2c5ea127bb4ba697f06cc0d6ea4809 - - - -] volume service is down. (host: rack01-server63@lvm-1)
2024-03-20 16:52:19.208 7 WARNING cinder.scheduler.host_manager [None req-6e2268b5-62a3-4b82-be9f-36f8440f6913 65398b5e64864e538b3adc36953233fb 6aa762499b37475e8dbaa01b55ac365a - - - -] volume service is down. (host: rack01-server63@lvm-1)
2024-03-20 16:52:21.689 7 WARNING cinder.scheduler.host_manager [None req-7a8634b9-af5b-495a-9a87-455306ea80b1 65398b5e64864e538b3adc36953233fb 6aa762499b37475e8dbaa01b55ac365a - - - -] volume service is down. (host: rack01-server63@lvm-1)
2024-03-20 16:52:22.969 7 WARNING cinder.scheduler.host_manager [None req-3d3872eb-8168-4b76-b14c-8a73753807fd 1a9b4589762949e1989420246f44ab90 f6203869a6a9475b88e301b49c6563ae - - - -] volume service is down. (host: rack01-server63@lvm-1)
2024-03-20 16:52:24.273 7 WARNING cinder.scheduler.host_manager [None req-acca4134-6c19-41ef-9661-fca520456010 65398b5e64864e538b3adc36953233fb 6aa762499b37475e8dbaa01b55ac365a - - - -] volume service is down. (host: rack01-server63@lvm-1)
2024-03-20 16:52:25.041 7 WARNING cinder.scheduler.host_manager [None req-138774a4-bb0f-4b0f-8447-1da353a8dd7b 22aee16b9bc542ac92039d3ff68da2dc db5098b415114f6da219ff5e3482a836 - - - -] volume service is down. (host: rack01-server63@lvm-1)
2024-03-20 16:52:25.042 7 INFO cinder.scheduler.base_filter [None req-138774a4-bb0f-4b0f-8447-1da353a8dd7b 22aee16b9bc542ac92039d3ff68da2dc db5098b415114f6da219ff5e3482a836 - - - -] Filtering removed all hosts for the request with volume ID '405be9c3-91ba-4cb3-9d17-ed20512b9ed0'. Filter results: AvailabilityZoneFilter: (start: 1, end: 1), CapacityFilter: (start: 1, end: 1), CapabilitiesFilter: (start: 1, end: 0)
2024-03-20 16:52:25.043 7 WARNING cinder.scheduler.filter_scheduler [None req-138774a4-bb0f-4b0f-8447-1da353a8dd7b 22aee16b9bc542ac92039d3ff68da2dc db5098b415114f6da219ff5e3482a836 - - - -] No weighed backend found for volume with properties: {'id': 'da25ad35-7ced-45f4-85b2-1d512d15b3c4', 'name': 'tempest-UserMessagesTest-volume-type-2054617997', 'description': None, 'is_public': True, 'projects': [], 'extra_specs': {'storage_protocol': 'tempest-storage_protocol-1528001337', 'vendor_name': 'tempest-vendor_name-1531388162'}, 'qos_specs_id': None, 'created_at': '2024-03-20T14:52:24.000000', 'updated_at': None, 'deleted_at': None, 'deleted': False}
2024-03-20 16:52:25.044 7 INFO cinder.message.api [None req-138774a4-bb0f-4b0f-8447-1da353a8dd7b 22aee16b9bc542ac92039d3ff68da2dc db5098b415114f6da219ff5e3482a836 - - - -] Creating message record for request_id = req-138774a4-bb0f-4b0f-8447-1da353a8dd7b
2024-03-20 16:52:25.050 7 ERROR cinder.scheduler.flows.create_volume [None req-138774a4-bb0f-4b0f-8447-1da353a8dd7b 22aee16b9bc542ac92039d3ff68da2dc db5098b415114f6da219ff5e3482a836 - - - -] Failed to run task cinder.scheduler.flows.create_volume.ScheduleCreateVolumeTask;volume:create: No valid backend was found. No weighed backends available: cinder.exception.NoValidBackend: No valid backend was found. No weighed backends available
2024-03-20 16:52:25.298 7 WARNING cinder.scheduler.host_manager [None req-1570d3e4-12d9-486a-89e8-4c02e1e53d47 1a9b4589762949e1989420246f44ab90 f6203869a6a9475b88e301b49c6563ae - - - -] volume service is down. (host: rack01-server63@lvm-1)
2024-03-20 16:52:26.866 7 WARNING cinder.scheduler.host_manager [None req-df0e9ab8-7e4e-42ff-8d76-3cea11181a1d 22aee16b9bc542ac92039d3ff68da2dc db5098b415114f6da219ff5e3482a836 - - - -] volume service is down. (host: rack01-server63@lvm-1)
2024-03-20 16:52:26.867 7 INFO cinder.scheduler.base_filter [None req-df0e9ab8-7e4e-42ff-8d76-3cea11181a1d 22aee16b9bc542ac92039d3ff68da2dc db5098b415114f6da219ff5e3482a836 - - - -] Filtering removed all hosts for the request with volume ID '4e6a2c5d-e0e8-4dfe-b20d-45f683d46ee7'. Filter results: AvailabilityZoneFilter: (start: 1, end: 1), CapacityFilter: (start: 1, end: 1), CapabilitiesFilter: (start: 1, end: 0)
2024-03-20 16:52:26.868 7 WARNING cinder.scheduler.filter_scheduler [None req-df0e9ab8-7e4e-42ff-8d76-3cea11181a1d 22aee16b9bc542ac92039d3ff68da2dc db5098b415114f6da219ff5e3482a836 - - - -] No weighed backend found for volume with properties: {'id': '67aece27-da2a-497d-b7b8-6d531b78c09f', 'name': 'tempest-UserMessagesTest-volume-type-280368037', 'description': None, 'is_public': True, 'projects': [], 'extra_specs': {'storage_protocol': 'tempest-storage_protocol-299739764', 'vendor_name': 'tempest-vendor_name-2035808327'}, 'qos_specs_id': None, 'created_at': '2024-03-20T14:52:26.000000', 'updated_at': None, 'deleted_at': None, 'deleted': False}
2024-03-20 16:52:26.868 7 INFO cinder.message.api [None req-df0e9ab8-7e4e-42ff-8d76-3cea11181a1d 22aee16b9bc542ac92039d3ff68da2dc db5098b415114f6da219ff5e3482a836 - - - -] Creating message record for request_id = req-df0e9ab8-7e4e-42ff-8d76-3cea11181a1d
2024-03-20 16:52:26.880 7 ERROR cinder.scheduler.flows.create_volume [None req-df0e9ab8-7e4e-42ff-8d76-3cea11181a1d 22aee16b9bc542ac92039d3ff68da2dc db5098b415114f6da219ff5e3482a836 - - - -] Failed to run task cinder.scheduler.flows.create_volume.ScheduleCreateVolumeTask;volume:create: No valid backend was found. No weighed backends available: cinder.exception.NoValidBackend: No valid backend was found. No weighed backends available
2024-03-20 16:52:26.934 7 WARNING cinder.scheduler.host_manager [None req-e7b82bec-428c-4144-9362-f76429db00a5 279e0641b0eb4e2a9d25a3ed3d0b5799 65f4e9dcf5be425abd271c0f98e3204a - - - -] volume service is down. (host: rack01-server63@lvm-1)
2024-03-20 16:52:34.314 7 WARNING cinder.scheduler.host_manager [None req-55292c4a-5b53-44ba-a4f9-41ee8b73a092 d3cb3a4276da4351a34b1c1125ed9acd a2771117206a4bc69dbf47e3e2d59ead - - - -] volume service is down. (host: rack01-server63@lvm-1)
2024-03-20 16:52:43.806 7 WARNING cinder.scheduler.host_manager [None req-1d7af933-aa0f-4908-bbe8-a4541b0f888c 8d25eedd89694a8d9405af2df15ea62b 9f0db501ed6e48df916851d2fe854cd7 - - - -] volume service is down. (host: rack01-server63@lvm-1)
2024-03-20 16:52:46.115 7 WARNING cinder.scheduler.host_manager [None req-a6a60dd9-c157-4eeb-a9e1-d696b982b9ed 8d25eedd89694a8d9405af2df15ea62b 9f0db501ed6e48df916851d2fe854cd7 - - - -] volume service is down. (host: rack01-server63@lvm-1)
2024-03-20 16:52:50.517 7 WARNING cinder.scheduler.host_manager [None req-012e378b-0f7e-4dcb-9939-9b8792e48b6a 0d0e1667dd034a32b7f94d863baac07f 8e3c65ac12f04ea59326285410c9bd39 - - - -] volume service is down. (host: rack01-server63@lvm-1)
2024-03-20 16:52:51.839 7 WARNING cinder.scheduler.host_manager [None req-460994d4-ad5a-460d-bb1d-bb478eb9c441 5d4938f5578841639d50c61e4bb9cadf 87075690cc944d198fa8a227d5f469a9 - - - -] volume service is down. (host: rack01-server63@lvm-1)
2024-03-20 16:52:54.679 7 WARNING cinder.scheduler.host_manager [None req-126181a0-46d6-443c-84e5-d3ccf5c86f11 6869e0065ec041fda241b5c4c692abb2 735cbcdbb2534e4c985ce1fe5ef0871e - - - -] volume service is down. (host: rack01-server63@lvm-1)
2024-03-20 16:53:02.875 7 WARNING cinder.scheduler.host_manager [None req-cf95c514-6854-409a-9aeb-e902a2b857c2 02a293a09109474c9cd8ed4f58e616a5 38b610c5e6dd4987922f36a228814d1d - - - -] volume service is down. (host: rack01-server63@lvm-1)
2024-03-20 16:53:05.275 7 WARNING cinder.scheduler.host_manager [None req-8ac03526-6d6a-449d-9d40-594fd96ab71e 99281012e9de458c8b0595452b1090f6 e052c5afc3804fe790c3c38f37bde92c - - - -] volume service is down. (host: rack01-server63@lvm-1)
2024-03-20 16:53:05.703 7 WARNING cinder.scheduler.host_manager [None req-9ba31d7e-6db9-43bf-82d2-a2640c65271f 09efba1fc4824a078fb4981debaf1ef5 7795fd2dbf1842faa0ec32d045f15f0a - - - -] volume service is down. (host: rack01-server63@lvm-1)
2024-03-20 16:53:07.611 7 WARNING cinder.scheduler.host_manager [None req-0b2eb05f-4d77-48c8-ac15-abf68880116a 99281012e9de458c8b0595452b1090f6 e052c5afc3804fe790c3c38f37bde92c - - - -] volume service is down. (host: rack01-server63@lvm-1)
2024-03-20 16:53:07.795 7 WARNING cinder.scheduler.host_manager [None req-5059f2da-f6a7-49b8-8182-0db8e51af7dc 02a293a09109474c9cd8ed4f58e616a5 38b610c5e6dd4987922f36a228814d1d - - - -] volume service is down. (host: rack01-server63@lvm-1)
2024-03-20 16:53:09.888 7 WARNING cinder.scheduler.host_manager [None req-270f8b19-4537-4787-b9e6-c1334f731380 99281012e9de458c8b0595452b1090f6 e052c5afc3804fe790c3c38f37bde92c - - - -] volume service is down. (host: rack01-server63@lvm-1)
2024-03-20 16:53:10.282 7 WARNING cinder.scheduler.host_manager [None req-29694246-e7cc-47c9-9d12-d6870624baa4 09efba1fc4824a078fb4981debaf1ef5 7795fd2dbf1842faa0ec32d045f15f0a - - - -] volume service is down. (host: rack01-server63@lvm-1)
2024-03-20 16:53:13.601 7 WARNING cinder.scheduler.host_manager [None req-dc6567bf-c8ce-4b7a-8f87-89e240d7f28b 99281012e9de458c8b0595452b1090f6 e052c5afc3804fe790c3c38f37bde92c - - - -] volume service is down. (host: rack01-server63@lvm-1)
2024-03-20 16:53:15.878 7 WARNING cinder.scheduler.host_manager [None req-016f5d9f-6bee-4744-ac0a-54204820ce33 99281012e9de458c8b0595452b1090f6 e052c5afc3804fe790c3c38f37bde92c - - - -] volume service is down. (host: rack01-server63@lvm-1)
2024-03-20 16:53:16.021 7 WARNING cinder.scheduler.host_manager [None req-f18686e0-c248-478f-b56a-87e3b05a0dc9 ee48979cd2f7450691845c47ddf37763 6968bb4f623f4cc6876c8d50d87ce546 - - - -] volume service is down. (host: rack01-server63@lvm-1)
2024-03-20 16:53:17.097 7 WARNING cinder.scheduler.host_manager [None req-e5d99017-5027-438e-906c-e0e2c4fcc857 ca6c2e7254254efa85de3e3e6ac7a714 39b6529dde7646f186a237e15704b47b - - - -] volume service is down. (host: rack01-server63@lvm-1)
2024-03-20 16:53:18.340 7 WARNING cinder.scheduler.host_manager [None req-ba0a13e6-ccaf-46a7-8488-7b06fb03639b 99281012e9de458c8b0595452b1090f6 e052c5afc3804fe790c3c38f37bde92c - - - -] volume service is down. (host: rack01-server63@lvm-1)
2024-03-20 16:53:19.811 7 WARNING cinder.scheduler.host_manager [None req-e8f2ee84-dec1-41df-ac0e-0eca20d97378 ca6c2e7254254efa85de3e3e6ac7a714 39b6529dde7646f186a237e15704b47b - - - -] volume service is down. (host: rack01-server63@lvm-1)
2024-03-20 16:53:24.557 7 WARNING cinder.scheduler.host_manager [None req-61856833-84bf-439a-90ab-cdaae3fe6b3b ca6c2e7254254efa85de3e3e6ac7a714 39b6529dde7646f186a237e15704b47b - - - -] volume service is down. (host: rack01-server63@lvm-1)
2024-03-20 16:53:24.811 7 WARNING cinder.scheduler.host_manager [None req-68df9553-fc6a-468f-bf32-86791391a80e ee48979cd2f7450691845c47ddf37763 6968bb4f623f4cc6876c8d50d87ce546 - - - -] volume service is down. (host: rack01-server63@lvm-1)
2024-03-20 16:53:25.932 7 WARNING cinder.scheduler.host_manager [None req-c7658091-7513-4f1b-8df4-ab3aa0f76f30 ca6c2e7254254efa85de3e3e6ac7a714 39b6529dde7646f186a237e15704b47b - - - -] volume service is down. (host: rack01-server63@lvm-1)
2024-03-20 16:53:28.552 7 WARNING cinder.scheduler.host_manager [None req-ace88c11-7f84-4ea8-bf8b-5a41ae4e4de6 ca6c2e7254254efa85de3e3e6ac7a714 39b6529dde7646f186a237e15704b47b - - - -] volume service is down. (host: rack01-server63@lvm-1)
2024-03-20 16:53:29.988 7 WARNING cinder.scheduler.host_manager [None req-c9a03701-a4d8-4275-983d-d0e10861a05c 928f7f9889374c4ab39cd1f457c30b3a 1fa1ce93243b4d5fb641187b38515478 - - - -] volume service is down. (host: rack01-server63@lvm-1)
2024-03-20 16:53:30.797 7 WARNING cinder.scheduler.host_manager [None req-460dd21d-8d81-4025-96e2-6cc03881cb80 ee48979cd2f7450691845c47ddf37763 6968bb4f623f4cc6876c8d50d87ce546 - - - -] volume service is down. (host: rack01-server63@lvm-1)
2024-03-20 16:53:33.274 7 WARNING cinder.scheduler.host_manager [None req-494cec01-0800-4f63-9bad-956d2ca47740 ee48979cd2f7450691845c47ddf37763 6968bb4f623f4cc6876c8d50d87ce546 - - - -] volume service is down. (host: rack01-server63@lvm-1)
2024-03-20 16:53:34.723 7 WARNING cinder.scheduler.host_manager [None req-d6dce3f3-4e28-4993-a518-615bd3a6c749 928f7f9889374c4ab39cd1f457c30b3a 1fa1ce93243b4d5fb641187b38515478 - - - -] volume service is down. (host: rack01-server63@lvm-1)
2024-03-20 16:53:34.841 7 WARNING cinder.scheduler.host_manager [None req-645090dd-44d2-4a2b-b1f6-dfddbbbb5899 ca6c2e7254254efa85de3e3e6ac7a714 39b6529dde7646f186a237e15704b47b - - - -] volume service is down. (host: rack01-server63@lvm-1)
2024-03-20 16:53:41.654 7 WARNING cinder.scheduler.host_manager [None req-070b016e-1802-49ba-aadb-f53f1d8f553a 938a45c2ccc6419195afb3ea33f4b3d4 6698f99d1b124c87a44766d704eadee8 - - - -] volume service is down. (host: rack01-server63@lvm-1)
2024-03-20 16:53:42.632 7 WARNING cinder.scheduler.host_manager [None req-44441450-bca3-40b2-8590-25df3b9e8157 9b787440b6124b6a8e9f8229ad65bbbd 3a80504e136c4f558a629b7bb29d211e - - - -] volume service is down. (host: rack01-server63@lvm-1)
2024-03-20 16:53:43.986 7 WARNING cinder.scheduler.host_manager [None req-dcad0e34-0160-4f8b-90c7-8446d2a7b339 ca6c2e7254254efa85de3e3e6ac7a714 39b6529dde7646f186a237e15704b47b - - - -] volume service is down. (host: rack01-server63@lvm-1)
2024-03-20 16:53:44.059 7 WARNING cinder.scheduler.host_manager [None req-c19f9489-2f50-4d9e-a1e6-30377786bd6e 9b787440b6124b6a8e9f8229ad65bbbd 3a80504e136c4f558a629b7bb29d211e - - - -] volume service is down. (host: rack01-server63@lvm-1)
2024-03-20 16:53:46.573 7 WARNING cinder.scheduler.host_manager [None req-bc81753f-a365-459c-8bc0-e3b499522538 9b787440b6124b6a8e9f8229ad65bbbd 3a80504e136c4f558a629b7bb29d211e - - - -] volume service is down. (host: rack01-server63@lvm-1)
2024-03-20 16:53:48.914 7 WARNING cinder.scheduler.host_manager [None req-2fecf07d-0897-4d65-99e4-b2c5d31a7f7b b3f22a403e894b5b9d22834e502534e2 8dc0bca715a741a08822a23a38e9329a - - - -] volume service is down. (host: rack01-server63@lvm-1)
2024-03-20 16:53:55.798 7 WARNING cinder.scheduler.host_manager [None req-a6e9f1ee-dad2-4849-8d00-739af423fabc 2a9ec3ee29eb4e93a62b5e0b3a68e6dc 0068a84b7cea4655b788cb87724df9a4 - - - -] volume service is down. (host: rack01-server63@lvm-1)
2024-03-20 16:53:57.590 7 WARNING cinder.scheduler.host_manager [None req-725902e5-91a0-414a-a12c-3262223286b7 4968663852424f7bb07f0c32902c0f31 d72cf093b3dc4849a01045421bdafe16 - - - -] volume service is down. (host: rack01-server63@lvm-1)
2024-03-20 16:53:57.634 7 WARNING cinder.scheduler.host_manager [None req-7dfb9fde-f5cc-4481-9502-42753495c199 b3f22a403e894b5b9d22834e502534e2 8dc0bca715a741a08822a23a38e9329a - - - -] volume service is down. (host: rack01-server63@lvm-1)
2024-03-20 16:53:59.865 7 WARNING cinder.scheduler.host_manager [None req-1059dffd-4164-448b-9b3d-63cfcfc5c6a0 4968663852424f7bb07f0c32902c0f31 d72cf093b3dc4849a01045421bdafe16 - - - -] volume service is down. (host: rack01-server63@lvm-1)
2024-03-20 16:54:00.250 7 WARNING cinder.scheduler.host_manager [None req-2428b5a9-cf75-4e57-9bcd-9031289e9352 b3f22a403e894b5b9d22834e502534e2 8dc0bca715a741a08822a23a38e9329a - - - -] volume service is down. (host: rack01-server63@lvm-1)
2024-03-20 16:54:02.113 7 WARNING cinder.scheduler.host_manager [None req-175c17c1-f1c1-427a-9bda-5263734c8820 4968663852424f7bb07f0c32902c0f31 d72cf093b3dc4849a01045421bdafe16 - - - -] volume service is down. (host: rack01-server63@lvm-1)
2024-03-20 16:54:02.561 7 WARNING cinder.scheduler.host_manager [None req-abe3612f-31c3-4efc-a425-51bbbdf0e57a b3f22a403e894b5b9d22834e502534e2 8dc0bca715a741a08822a23a38e9329a - - - -] volume service is down. (host: rack01-server63@lvm-1)
2024-03-20 16:54:04.379 7 WARNING cinder.scheduler.host_manager [None req-847a590a-314b-4122-b9f5-638a6f872eff 4968663852424f7bb07f0c32902c0f31 d72cf093b3dc4849a01045421bdafe16 - - - -] volume service is down. (host: rack01-server63@lvm-1)
2024-03-20 16:54:04.810 7 WARNING cinder.scheduler.host_manager [None req-99420053-2c3b-45dd-b824-0df3358ca3ad b3f22a403e894b5b9d22834e502534e2 8dc0bca715a741a08822a23a38e9329a - - - -] volume service is down. (host: rack01-server63@lvm-1)
2024-03-20 16:54:12.507 7 WARNING cinder.scheduler.host_manager [None req-a04a6978-f70c-41d5-9dd2-c1a9ecad8975 e5c4c484848c45d4a0bca1f046c4f55d 1e3b224c34e34aa08a98487248476102 - - - -] volume service is down. (host: rack01-server63@lvm-1)
2024-03-20 16:54:14.826 7 WARNING cinder.scheduler.host_manager [None req-0624f531-a43c-4db8-87d1-da928b0b5300 e5c4c484848c45d4a0bca1f046c4f55d 1e3b224c34e34aa08a98487248476102 - - - -] volume service is down. (host: rack01-server63@lvm-1)
2024-03-20 16:54:27.480 7 WARNING cinder.scheduler.host_manager [None req-ba584900-1622-4c33-ad2d-1a1cbc798d9a 7f1fcc0c1d384633b5a6289707e46773 496bcb68652f438ba7d530466fd564b4 - - - -] volume service is down. (host: rack01-server63@lvm-1)
2024-03-20 16:54:27.558 7 WARNING cinder.scheduler.host_manager [None req-b4652d72-6d09-498b-9a57-b5b61e79fe27 97f3112b6e59497abbeb77ae987e143d 6b681dc83a7b442c936df97582972217 - - - -] volume service is down. (host: rack01-server63@lvm-1)
2024-03-20 16:54:27.610 7 WARNING cinder.scheduler.host_manager [None req-cbf779f6-706f-4331-b4e4-4d4c8a1dc124 424d1259a1bb42e08fbc5232e2fa8d2a 1708f35f04a54d4383d235d760373436 - - - -] volume service is down. (host: rack01-server63@lvm-1)
2024-03-20 16:54:27.791 7 WARNING cinder.scheduler.host_manager [None req-9e553b02-3ff4-4b3d-96c9-fe09e1dbe265 424d1259a1bb42e08fbc5232e2fa8d2a 1708f35f04a54d4383d235d760373436 - - - -] volume service is down. (host: rack01-server63@lvm-1)
2024-03-20 16:54:28.054 7 WARNING cinder.scheduler.host_manager [None req-37717c07-ddf1-4385-8963-3642988e7e62 424d1259a1bb42e08fbc5232e2fa8d2a 1708f35f04a54d4383d235d760373436 - - - -] volume service is down. (host: rack01-server63@lvm-1)
2024-03-20 16:54:28.298 7 WARNING cinder.scheduler.host_manager [None req-100786f3-1f32-45bb-b1a1-169ce0036616 424d1259a1bb42e08fbc5232e2fa8d2a 1708f35f04a54d4383d235d760373436 - - - -] volume service is down. (host: rack01-server63@lvm-1)
2024-03-20 16:54:28.561 7 WARNING cinder.scheduler.host_manager [None req-4890446e-5bdb-461b-a708-358bce114920 424d1259a1bb42e08fbc5232e2fa8d2a 1708f35f04a54d4383d235d760373436 - - - -] volume service is down. (host: rack01-server63@lvm-1)
2024-03-20 16:54:28.833 7 WARNING cinder.scheduler.host_manager [None req-0fe3814d-1687-40b0-b861-5275c12c4723 7f1fcc0c1d384633b5a6289707e46773 496bcb68652f438ba7d530466fd564b4 - - - -] volume service is down. (host: rack01-server63@lvm-1)
2024-03-20 16:54:29.078 7 WARNING cinder.scheduler.host_manager [None req-c8c4372a-e13d-4908-8f82-57aee43f2fa0 7f1fcc0c1d384633b5a6289707e46773 496bcb68652f438ba7d530466fd564b4 - - - -] volume service is down. (host: rack01-server63@lvm-1)
2024-03-20 16:54:29.336 7 WARNING cinder.scheduler.host_manager [None req-cdc05a65-b01b-420f-abc9-6238eb383268 7f1fcc0c1d384633b5a6289707e46773 496bcb68652f438ba7d530466fd564b4 - - - -] volume service is down. (host: rack01-server63@lvm-1)
2024-03-20 16:54:29.585 7 WARNING cinder.scheduler.host_manager [None req-a3688978-b26f-4fab-ac06-4ec61170fc8f 7f1fcc0c1d384633b5a6289707e46773 496bcb68652f438ba7d530466fd564b4 - - - -] volume service is down. (host: rack01-server63@lvm-1)
2024-03-20 16:54:29.821 7 WARNING cinder.scheduler.host_manager [None req-3559667b-5ba7-48a0-97fa-7f3199c98e40 7f1fcc0c1d384633b5a6289707e46773 496bcb68652f438ba7d530466fd564b4 - - - -] volume service is down. (host: rack01-server63@lvm-1)
2024-03-20 16:54:29.850 7 WARNING cinder.scheduler.host_manager [None req-b3652bcf-5b31-4279-bb46-ccc1b2b51c79 97f3112b6e59497abbeb77ae987e143d 6b681dc83a7b442c936df97582972217 - - - -] volume service is down. (host: rack01-server63@lvm-1)
2024-03-20 16:54:32.239 7 WARNING cinder.scheduler.host_manager [None req-609f7999-db40-4eeb-8a6f-25b510ffafca 97f3112b6e59497abbeb77ae987e143d 6b681dc83a7b442c936df97582972217 - - - -] volume service is down. (host: rack01-server63@lvm-1)
2024-03-20 16:54:32.482 7 WARNING cinder.scheduler.host_manager [None req-9c185acb-54d8-4d0d-a0c4-466c0bee35d8 97f3112b6e59497abbeb77ae987e143d 6b681dc83a7b442c936df97582972217 - - - -] volume service is down. (host: rack01-server63@lvm-1)
2024-03-20 16:54:32.663 7 WARNING cinder.scheduler.host_manager [None req-2d96c013-64e7-49a5-9300-93b7e1c4d2ad 97f3112b6e59497abbeb77ae987e143d 6b681dc83a7b442c936df97582972217 - - - -] volume service is down. (host: rack01-server63@lvm-1)
2024-03-20 16:54:32.868 7 WARNING cinder.scheduler.host_manager [None req-39fa3234-669e-4e22-b65b-ccd19425a274 97f3112b6e59497abbeb77ae987e143d 6b681dc83a7b442c936df97582972217 - - - -] volume service is down. (host: rack01-server63@lvm-1)
2024-03-20 16:54:33.104 7 WARNING cinder.scheduler.host_manager [None req-b2f2caa7-588a-4cc4-adcd-e6cd7b954042 97f3112b6e59497abbeb77ae987e143d 6b681dc83a7b442c936df97582972217 - - - -] volume service is down. (host: rack01-server63@lvm-1)
2024-03-20 16:54:39.262 7 WARNING cinder.scheduler.host_manager [None req-8f45330a-17d3-4e45-9a01-504087da9521 6e5c3d879c6949bdb173b01b1490f90e e03ab2fc9ebd45a59ecf91696f63a1ea - - - -] volume service is down. (host: rack01-server63@lvm-1)
2024-03-20 16:54:40.705 7 WARNING cinder.scheduler.host_manager [None req-207d91fa-8d34-4afc-832c-ae354a1f109c 6e5c3d879c6949bdb173b01b1490f90e e03ab2fc9ebd45a59ecf91696f63a1ea - - - -] volume service is down. (host: rack01-server63@lvm-1)
2024-03-20 16:54:43.085 7 WARNING cinder.scheduler.host_manager [None req-6a8f6d56-c289-4582-9c25-f33a61683bb0 6e5c3d879c6949bdb173b01b1490f90e e03ab2fc9ebd45a59ecf91696f63a1ea - - - -] volume service is down. (host: rack01-server63@lvm-1)
