Build Started 02_03_2023_00_38_35
2023-03-02 00:41:19.067 7 WARNING cinder.scheduler.host_manager [req-1c9c85c2-bb43-4943-a0bb-bbef4a897668 req-9dc09429-c95d-4ce6-bb1c-205c97bb51ab fd2e51e55a7249d592761e9aa465929a fbf68b19c34e4df0b8a9063cdd19243b - - - -] volume service is down. (host: rack09-server62@lvm-1)
2023-03-02 00:41:19.183 7 WARNING cinder.scheduler.host_manager [None req-aa7ae939-73b1-4fe2-b95d-3b6bfe8862a2 a71830398c234743b3356876c7646681 93561e49f28d47f18d68a6b693c064db - - - -] volume service is down. (host: rack09-server62@lvm-1)
2023-03-02 00:41:19.188 7 WARNING cinder.scheduler.host_manager [req-c532b039-7041-4fee-b79d-2d2226dd8853 req-64d1f8b2-ff27-4dec-8ac0-f11b85b58aeb 3cbb4c9f316a4073b10777b3b69709ff a724a95bf239434096733ef0f84d22b3 - - - -] volume service is down. (host: rack09-server62@lvm-1)
2023-03-02 00:41:21.743 7 WARNING cinder.scheduler.host_manager [req-50ee9785-f06d-416a-81d9-3199bad0842b req-4daca600-501c-4b06-8c08-647c9f458080 3cbb4c9f316a4073b10777b3b69709ff a724a95bf239434096733ef0f84d22b3 - - - -] volume service is down. (host: rack09-server62@lvm-1)
2023-03-02 00:41:21.744 7 WARNING oslo_messaging.rpc.client [req-50ee9785-f06d-416a-81d9-3199bad0842b req-4daca600-501c-4b06-8c08-647c9f458080 3cbb4c9f316a4073b10777b3b69709ff a724a95bf239434096733ef0f84d22b3 - - - -] Using RPCClient manually to instantiate client. Please use get_rpc_client to obtain an RPC client instance.
2023-03-02 00:41:24.738 7 WARNING cinder.scheduler.host_manager [None req-d4c2b452-cc53-483a-9c48-0b2598fb3134 f45e1bf758464ae8ac6597b8b2a2e677 5ea2bea5dd5b48c8809b6214ae47458d - - - -] volume service is down. (host: rack09-server62@lvm-1)
2023-03-02 00:41:26.274 7 WARNING cinder.scheduler.host_manager [None req-88e2f9ef-4d2c-44c5-a398-8d3c61d8a8a8 f45e1bf758464ae8ac6597b8b2a2e677 5ea2bea5dd5b48c8809b6214ae47458d - - - -] volume service is down. (host: rack09-server62@lvm-1)
2023-03-02 00:41:28.873 7 WARNING cinder.scheduler.host_manager [None req-c134ec50-cda5-4ba0-97d5-fe4dfe97474e f45e1bf758464ae8ac6597b8b2a2e677 5ea2bea5dd5b48c8809b6214ae47458d - - - -] volume service is down. (host: rack09-server62@lvm-1)
2023-03-02 00:41:35.306 7 WARNING cinder.scheduler.host_manager [None req-f3824225-84cd-4c0d-a4d0-cf270bd294c1 58370a1af18d47899fa44cb7ae30248b 71ce64c5258e42f2a2a1b351c8f23c7b - - - -] volume service is down. (host: rack09-server62@lvm-1)
2023-03-02 00:41:35.313 7 WARNING cinder.scheduler.host_manager [None req-f3824225-84cd-4c0d-a4d0-cf270bd294c1 58370a1af18d47899fa44cb7ae30248b 71ce64c5258e42f2a2a1b351c8f23c7b - - - -] volume service is down. (host: rack09-server62@lvm-1)
2023-03-02 00:41:36.932 7 WARNING cinder.scheduler.host_manager [None req-aeacea48-5a65-4c50-9464-ef3d18621637 58370a1af18d47899fa44cb7ae30248b 71ce64c5258e42f2a2a1b351c8f23c7b - - - -] volume service is down. (host: rack09-server62@lvm-1)
2023-03-02 00:41:41.783 7 WARNING cinder.scheduler.host_manager [None req-898bced5-230b-42d7-9be2-9886c7f69fe1 58370a1af18d47899fa44cb7ae30248b 71ce64c5258e42f2a2a1b351c8f23c7b - - - -] volume service is down. (host: rack09-server62@lvm-1)
2023-03-02 00:41:47.882 7 WARNING cinder.scheduler.host_manager [None req-f6dcd19a-d3ad-4897-b32b-0a309c1b00ce 58370a1af18d47899fa44cb7ae30248b 71ce64c5258e42f2a2a1b351c8f23c7b - - - -] volume service is down. (host: rack09-server62@lvm-1)
2023-03-02 00:41:47.889 7 WARNING cinder.scheduler.host_manager [None req-f6dcd19a-d3ad-4897-b32b-0a309c1b00ce 58370a1af18d47899fa44cb7ae30248b 71ce64c5258e42f2a2a1b351c8f23c7b - - - -] volume service is down. (host: rack09-server62@lvm-1)
2023-03-02 00:41:48.257 7 WARNING cinder.scheduler.host_manager [None req-909e4fae-f5bb-482b-b6ff-96f9a2ce0d9b fd15d18b88e440e3b4b841a3849f5ae4 4839186fb2e642e0baeeec2fc05dc87c - - - -] volume service is down. (host: rack09-server62@lvm-1)
2023-03-02 00:41:48.264 7 WARNING cinder.scheduler.host_manager [None req-909e4fae-f5bb-482b-b6ff-96f9a2ce0d9b fd15d18b88e440e3b4b841a3849f5ae4 4839186fb2e642e0baeeec2fc05dc87c - - - -] volume service is down. (host: rack09-server62@lvm-1)
2023-03-02 00:41:49.327 7 WARNING cinder.scheduler.host_manager [None req-e0b36eee-097a-4b3b-accc-84ac4f06fe68 a71830398c234743b3356876c7646681 93561e49f28d47f18d68a6b693c064db - - - -] volume service is down. (host: rack09-server62@lvm-1)
2023-03-02 00:41:49.462 7 WARNING cinder.scheduler.host_manager [None req-06066d80-18d4-4f2a-9e52-456abbea77f7 58370a1af18d47899fa44cb7ae30248b 71ce64c5258e42f2a2a1b351c8f23c7b - - - -] volume service is down. (host: rack09-server62@lvm-1)
2023-03-02 00:41:49.498 7 WARNING cinder.scheduler.host_manager [None req-0d6744a2-ae89-4ddd-a80e-d43d7213e42e fd15d18b88e440e3b4b841a3849f5ae4 4839186fb2e642e0baeeec2fc05dc87c - - - -] volume service is down. (host: rack09-server62@lvm-1)
2023-03-02 00:41:49.505 7 WARNING cinder.scheduler.host_manager [None req-0d6744a2-ae89-4ddd-a80e-d43d7213e42e fd15d18b88e440e3b4b841a3849f5ae4 4839186fb2e642e0baeeec2fc05dc87c - - - -] volume service is down. (host: rack09-server62@lvm-1)
2023-03-02 00:41:51.152 7 WARNING cinder.scheduler.host_manager [None req-902cbe9e-211d-4ea8-9060-5d4e3e8b8c9a fd15d18b88e440e3b4b841a3849f5ae4 4839186fb2e642e0baeeec2fc05dc87c - - - -] volume service is down. (host: rack09-server62@lvm-1)
2023-03-02 00:41:52.097 7 WARNING cinder.scheduler.host_manager [None req-b401620c-315c-42dd-a215-2d6ea6185cfb 58370a1af18d47899fa44cb7ae30248b 71ce64c5258e42f2a2a1b351c8f23c7b - - - -] volume service is down. (host: rack09-server62@lvm-1)
2023-03-02 00:41:56.676 7 WARNING cinder.scheduler.host_manager [None req-c0ab5bf8-656d-4a09-af85-e6d2e251aa9a fd15d18b88e440e3b4b841a3849f5ae4 4839186fb2e642e0baeeec2fc05dc87c - - - -] volume service is down. (host: rack09-server62@lvm-1)
2023-03-02 00:41:56.683 7 WARNING cinder.scheduler.host_manager [None req-c0ab5bf8-656d-4a09-af85-e6d2e251aa9a fd15d18b88e440e3b4b841a3849f5ae4 4839186fb2e642e0baeeec2fc05dc87c - - - -] volume service is down. (host: rack09-server62@lvm-1)
2023-03-02 00:41:58.290 7 WARNING cinder.scheduler.host_manager [None req-94cbd754-1cd6-4c28-91dc-85c626036fd2 fd15d18b88e440e3b4b841a3849f5ae4 4839186fb2e642e0baeeec2fc05dc87c - - - -] volume service is down. (host: rack09-server62@lvm-1)
2023-03-02 00:42:00.915 7 WARNING cinder.scheduler.host_manager [None req-1213ce9a-b42c-4a11-b9c1-16e61b7fba9e fd15d18b88e440e3b4b841a3849f5ae4 4839186fb2e642e0baeeec2fc05dc87c - - - -] volume service is down. (host: rack09-server62@lvm-1)
2023-03-02 00:42:05.648 7 WARNING cinder.scheduler.host_manager [None req-a045a0e2-61fd-4cc2-bc03-6b5984cfc6dc 58370a1af18d47899fa44cb7ae30248b 71ce64c5258e42f2a2a1b351c8f23c7b - - - -] volume service is down. (host: rack09-server62@lvm-1)
2023-03-02 00:42:05.656 7 WARNING cinder.scheduler.host_manager [None req-a045a0e2-61fd-4cc2-bc03-6b5984cfc6dc 58370a1af18d47899fa44cb7ae30248b 71ce64c5258e42f2a2a1b351c8f23c7b - - - -] volume service is down. (host: rack09-server62@lvm-1)
2023-03-02 00:42:07.219 7 WARNING cinder.scheduler.host_manager [None req-5fa26567-60e0-4152-8d97-cc3de14e8ede 58370a1af18d47899fa44cb7ae30248b 71ce64c5258e42f2a2a1b351c8f23c7b - - - -] volume service is down. (host: rack09-server62@lvm-1)
2023-03-02 00:42:19.259 7 WARNING cinder.scheduler.host_manager [None req-557671fa-50b4-4dbb-9e73-f2ba8aef3456 82f05de55a294ec5ab27756a5746c9c4 e3926d3c43064cfdb18b8e1ca494cfdc - - - -] volume service is down. (host: rack09-server62@lvm-1)
2023-03-02 00:42:24.224 7 WARNING cinder.scheduler.host_manager [None req-447ee02c-00cf-40eb-af95-6cfe88fdea9b 13dfee76e45d45c79aa8b67bab4c3e2c e01e012cd2be4dbea7b721da13ee7f21 - - - -] volume service is down. (host: rack09-server62@lvm-1)
2023-03-02 00:42:24.233 7 WARNING cinder.scheduler.host_manager [None req-447ee02c-00cf-40eb-af95-6cfe88fdea9b 13dfee76e45d45c79aa8b67bab4c3e2c e01e012cd2be4dbea7b721da13ee7f21 - - - -] volume service is down. (host: rack09-server62@lvm-1)
2023-03-02 00:42:36.163 7 WARNING cinder.scheduler.host_manager [None req-63a5f036-b1bc-4403-9d53-ea1a1d46817f 54a5b066376e4ec390be36c40294ae3a 642c2c87acd04abc8de1285cc803f3c0 - - - -] volume service is down. (host: rack09-server62@lvm-1)
2023-03-02 00:42:36.509 7 WARNING cinder.scheduler.host_manager [None req-fc4663e1-adb0-49e1-a9dc-c44e940178f2 9096f013ce794275952a323921e7dd5f d464e03f102e4159ba0477d36e55e3a1 - - - -] volume service is down. (host: rack09-server62@lvm-1)
2023-03-02 00:42:39.131 7 WARNING cinder.scheduler.host_manager [None req-21522f6d-dc84-4e8a-b23b-56e9866c0a41 9096f013ce794275952a323921e7dd5f d464e03f102e4159ba0477d36e55e3a1 - - - -] volume service is down. (host: rack09-server62@lvm-1)
2023-03-02 00:42:41.722 7 WARNING cinder.scheduler.host_manager [None req-2f9e28e5-d645-4a00-98c2-de622ab66e7d 9096f013ce794275952a323921e7dd5f d464e03f102e4159ba0477d36e55e3a1 - - - -] volume service is down. (host: rack09-server62@lvm-1)
2023-03-02 00:42:44.276 7 WARNING cinder.scheduler.host_manager [None req-5debd9ff-5001-4611-9e08-2c87125a8594 60530648b2124da687633ccd8682fa8c 3d1baf6b52234f8db8c4a1a08ff312fb - - - -] volume service is down. (host: rack09-server62@lvm-1)
2023-03-02 00:42:44.574 7 WARNING cinder.scheduler.host_manager [None req-347c404c-8e9b-4ee4-9a3b-9a77208b406d 5f90846f2c094e0392f21cd947b49628 78ea30a2717f401f94fc76d08049ce7d - - - -] volume service is down. (host: rack09-server62@lvm-1)
2023-03-02 00:42:47.120 7 WARNING cinder.scheduler.host_manager [None req-e4018cea-ff8e-4a6f-b031-b6b785cde9c4 60530648b2124da687633ccd8682fa8c 3d1baf6b52234f8db8c4a1a08ff312fb - - - -] volume service is down. (host: rack09-server62@lvm-1)
2023-03-02 00:42:58.167 7 WARNING cinder.scheduler.host_manager [None req-4c0df37f-2e47-4f9b-b78a-0503516b8bb8 2d2bcc40614341168e9cc9d87d711b61 6e615cbc23704c4584d6f29baa502641 - - - -] volume service is down. (host: rack09-server62@lvm-1)
2023-03-02 00:43:00.304 7 WARNING cinder.scheduler.host_manager [None req-1ab23386-f283-4fe1-a85c-503c86747898 c5dcc2e969b84799818703564ab7bce1 f52ae2e2c23541c79130a14e81cc58fe - - - -] volume service is down. (host: rack09-server62@lvm-1)
2023-03-02 00:43:02.670 7 WARNING cinder.scheduler.host_manager [None req-9cd34467-bd36-4c77-be91-2c751a9a18ba c5dcc2e969b84799818703564ab7bce1 f52ae2e2c23541c79130a14e81cc58fe - - - -] volume service is down. (host: rack09-server62@lvm-1)
2023-03-02 00:43:02.671 7 WARNING oslo_messaging.rpc.client [None req-9cd34467-bd36-4c77-be91-2c751a9a18ba c5dcc2e969b84799818703564ab7bce1 f52ae2e2c23541c79130a14e81cc58fe - - - -] Using RPCClient manually to instantiate client. Please use get_rpc_client to obtain an RPC client instance.
2023-03-02 00:43:02.738 7 WARNING cinder.scheduler.host_manager [None req-c06dc0ad-4138-4af3-afea-d35f7aecfa12 a71830398c234743b3356876c7646681 93561e49f28d47f18d68a6b693c064db - - - -] volume service is down. (host: rack09-server62@lvm-1)
2023-03-02 00:43:08.333 7 WARNING cinder.scheduler.host_manager [None req-f92a330e-4c25-498f-8681-b3a8f15855c5 36752952b94f4994be014ba627c7c62d abc9250530a1498182bff1994610f407 - - - -] volume service is down. (host: rack09-server62@lvm-1)
2023-03-02 00:43:12.560 7 WARNING cinder.scheduler.host_manager [None req-e8d814f6-0df2-456a-bd41-dd20a5cc138e 36752952b94f4994be014ba627c7c62d abc9250530a1498182bff1994610f407 - - - -] volume service is down. (host: rack09-server62@lvm-1)
2023-03-02 00:43:19.722 7 WARNING cinder.scheduler.host_manager [None req-6ac7900c-a076-461f-a82f-3a8f43cd7289 29570d23e27d4887bd51aad085cf3ccf 769271efce7b474eb0a3ce96216eaa57 - - - -] volume service is down. (host: rack09-server62@lvm-1)
2023-03-02 00:43:20.498 7 WARNING cinder.scheduler.host_manager [req-26f2bf0e-8717-4106-abb6-a547571384ae req-dffe7877-9cd5-4fb3-b10e-2b6a5bb5c351 a71830398c234743b3356876c7646681 93561e49f28d47f18d68a6b693c064db - - - -] volume service is down. (host: rack09-server62@lvm-1)
2023-03-02 00:43:20.499 7 WARNING oslo_messaging.rpc.client [req-26f2bf0e-8717-4106-abb6-a547571384ae req-dffe7877-9cd5-4fb3-b10e-2b6a5bb5c351 a71830398c234743b3356876c7646681 93561e49f28d47f18d68a6b693c064db - - - -] Using RPCClient manually to instantiate client. Please use get_rpc_client to obtain an RPC client instance.
2023-03-02 00:43:22.511 7 WARNING cinder.scheduler.host_manager [None req-87ee82db-784a-4d5b-ae12-4bfda3b39fb1 f2f78e66adfa41ddb9faef0c61d8876b 0264213c3d3b4f0ead46d1a35b58229a - - - -] volume service is down. (host: rack09-server62@lvm-1)
2023-03-02 00:43:29.567 7 WARNING cinder.scheduler.host_manager [None req-3d13fcfd-7c3c-4e09-909d-560c84917351 f2f78e66adfa41ddb9faef0c61d8876b 0264213c3d3b4f0ead46d1a35b58229a - - - -] volume service is down. (host: rack09-server62@lvm-1)
2023-03-02 00:43:33.395 7 WARNING cinder.scheduler.host_manager [None req-2ceea030-9691-4d8c-a8fd-d422ee62ab91 f2f78e66adfa41ddb9faef0c61d8876b 0264213c3d3b4f0ead46d1a35b58229a - - - -] volume service is down. (host: rack09-server62@lvm-1)
2023-03-02 00:43:37.196 7 WARNING cinder.scheduler.host_manager [None req-545d9587-5517-462b-a1d9-b20c872ab53f f2f78e66adfa41ddb9faef0c61d8876b 0264213c3d3b4f0ead46d1a35b58229a - - - -] volume service is down. (host: rack09-server62@lvm-1)
2023-03-02 00:43:41.381 7 WARNING cinder.scheduler.host_manager [None req-669a5729-757e-4365-98bb-ba5aeb0b5f48 f2f78e66adfa41ddb9faef0c61d8876b 0264213c3d3b4f0ead46d1a35b58229a - - - -] volume service is down. (host: rack09-server62@lvm-1)
2023-03-02 00:43:42.655 7 WARNING cinder.scheduler.host_manager [None req-a29d1510-c1a5-458c-bad9-b0e2363908be 5c1edba678b94be685f89d23566b0009 a8d6521218414c959205c6bc7a95cd58 - - - -] volume service is down. (host: rack09-server62@lvm-1)
2023-03-02 00:43:42.693 7 WARNING cinder.scheduler.host_manager [None req-e602ce93-5752-41c0-be07-b7fce170b75f 5c1edba678b94be685f89d23566b0009 a8d6521218414c959205c6bc7a95cd58 - - - -] volume service is down. (host: rack09-server62@lvm-1)
2023-03-02 00:43:44.109 7 WARNING cinder.scheduler.host_manager [None req-88c57619-fb8d-4d6d-8642-bd0f5106e6b4 f2f78e66adfa41ddb9faef0c61d8876b 0264213c3d3b4f0ead46d1a35b58229a - - - -] volume service is down. (host: rack09-server62@lvm-1)
2023-03-02 00:43:48.512 7 WARNING cinder.scheduler.host_manager [None req-87c9fbcf-60fe-4df2-900a-9fe0f25276ee 42a2eb349808408bb18b4b3c200110b4 ca3af45caefd444da7b2e8cb6d16bc1a - - - -] volume service is down. (host: rack09-server62@lvm-1)
2023-03-02 00:43:48.519 7 WARNING cinder.scheduler.host_manager [None req-87c9fbcf-60fe-4df2-900a-9fe0f25276ee 42a2eb349808408bb18b4b3c200110b4 ca3af45caefd444da7b2e8cb6d16bc1a - - - -] volume service is down. (host: rack09-server62@lvm-1)
2023-03-02 00:43:50.197 7 WARNING cinder.scheduler.host_manager [None req-dcd13c3e-38b6-4074-b5f3-8921ca8390ba 42a2eb349808408bb18b4b3c200110b4 ca3af45caefd444da7b2e8cb6d16bc1a - - - -] volume service is down. (host: rack09-server62@lvm-1)
2023-03-02 00:43:52.592 7 WARNING cinder.scheduler.host_manager [None req-63f81b31-beb4-4d77-8679-df4d9bad41d0 42a2eb349808408bb18b4b3c200110b4 ca3af45caefd444da7b2e8cb6d16bc1a - - - -] volume service is down. (host: rack09-server62@lvm-1)
2023-03-02 00:43:55.051 7 WARNING cinder.scheduler.host_manager [None req-fd080550-daa4-439d-b107-dfe7a37ec2bb 57284f762c1346b0a3d5b78bb11611ba f9274de767ac4934898692d4f6293375 - - - -] volume service is down. (host: rack09-server62@lvm-1)
2023-03-02 00:43:55.989 7 WARNING cinder.scheduler.host_manager [None req-da9b0790-da34-45d8-aea9-37e4726594cd 91fc72d97f9542c6ae871c6668ca3dba c82f7e196c25449c9e13b7a539713807 - - - -] volume service is down. (host: rack09-server62@lvm-1)
2023-03-02 00:44:04.441 7 WARNING cinder.scheduler.host_manager [None req-cec1ff02-ff8a-4d2d-89a7-7e2030d10612 8e1b9b4a256d4de7b39ce18eb6ae5695 7be38ad0c449490fbaee45d4e05eeb15 - - - -] volume service is down. (host: rack09-server62@lvm-1)
2023-03-02 00:44:05.012 7 WARNING cinder.scheduler.host_manager [None req-67d1a218-b577-4be2-9829-069e9d943e4f 91fc72d97f9542c6ae871c6668ca3dba c82f7e196c25449c9e13b7a539713807 - - - -] volume service is down. (host: rack09-server62@lvm-1)
2023-03-02 00:44:05.013 7 WARNING oslo_messaging.rpc.client [None req-67d1a218-b577-4be2-9829-069e9d943e4f 91fc72d97f9542c6ae871c6668ca3dba c82f7e196c25449c9e13b7a539713807 - - - -] Using RPCClient manually to instantiate client. Please use get_rpc_client to obtain an RPC client instance.
2023-03-02 00:44:06.825 7 WARNING cinder.scheduler.host_manager [None req-ac59adf8-2b50-4db0-8321-27c35c7bf19c 8e1b9b4a256d4de7b39ce18eb6ae5695 7be38ad0c449490fbaee45d4e05eeb15 - - - -] volume service is down. (host: rack09-server62@lvm-1)
2023-03-02 00:44:06.826 7 WARNING oslo_messaging.rpc.client [None req-ac59adf8-2b50-4db0-8321-27c35c7bf19c 8e1b9b4a256d4de7b39ce18eb6ae5695 7be38ad0c449490fbaee45d4e05eeb15 - - - -] Using RPCClient manually to instantiate client. Please use get_rpc_client to obtain an RPC client instance.
2023-03-02 00:44:09.505 7 WARNING cinder.scheduler.host_manager [None req-0f82a536-de43-442e-80b3-bc10baab1ede 8e1b9b4a256d4de7b39ce18eb6ae5695 7be38ad0c449490fbaee45d4e05eeb15 - - - -] volume service is down. (host: rack09-server62@lvm-1)
2023-03-02 00:44:09.506 7 WARNING oslo_messaging.rpc.client [None req-0f82a536-de43-442e-80b3-bc10baab1ede 8e1b9b4a256d4de7b39ce18eb6ae5695 7be38ad0c449490fbaee45d4e05eeb15 - - - -] Using RPCClient manually to instantiate client. Please use get_rpc_client to obtain an RPC client instance.
2023-03-02 00:44:10.032 7 WARNING cinder.scheduler.host_manager [None req-31fe1561-5b10-4fbb-bd23-f01807db582f b90b4c3cdf1f46458dd675c2b29e6d48 eb3ea51b3f334fa2a28356ac7c424c2e - - - -] volume service is down. (host: rack09-server62@lvm-1)
2023-03-02 00:44:11.372 7 WARNING cinder.scheduler.host_manager [None req-bf6751bc-f0e9-427e-a321-445c8fd0d1ec b90b4c3cdf1f46458dd675c2b29e6d48 eb3ea51b3f334fa2a28356ac7c424c2e - - - -] volume service is down. (host: rack09-server62@lvm-1)
2023-03-02 00:44:11.373 7 WARNING oslo_messaging.rpc.client [None req-bf6751bc-f0e9-427e-a321-445c8fd0d1ec b90b4c3cdf1f46458dd675c2b29e6d48 eb3ea51b3f334fa2a28356ac7c424c2e - - - -] Using RPCClient manually to instantiate client. Please use get_rpc_client to obtain an RPC client instance.
2023-03-02 00:44:13.089 7 WARNING cinder.scheduler.host_manager [None req-6f3bbf23-f6f6-4615-aaa7-e9d9283364e7 8e1b9b4a256d4de7b39ce18eb6ae5695 7be38ad0c449490fbaee45d4e05eeb15 - - - -] volume service is down. (host: rack09-server62@lvm-1)
2023-03-02 00:44:13.090 7 WARNING oslo_messaging.rpc.client [None req-6f3bbf23-f6f6-4615-aaa7-e9d9283364e7 8e1b9b4a256d4de7b39ce18eb6ae5695 7be38ad0c449490fbaee45d4e05eeb15 - - - -] Using RPCClient manually to instantiate client. Please use get_rpc_client to obtain an RPC client instance.
2023-03-02 00:44:15.247 7 WARNING cinder.scheduler.host_manager [None req-bb0bf145-7f13-4e75-b571-68416d2eb012 f39cceb40ae5429a911f89bef826c5e3 0847a6f746cb41369b87ad3c4c99d94a - - - -] volume service is down. (host: rack09-server62@lvm-1)
2023-03-02 00:44:16.710 7 WARNING cinder.scheduler.host_manager [None req-10ea0109-806d-47d0-b081-b2a3593b3e5f 8e1b9b4a256d4de7b39ce18eb6ae5695 7be38ad0c449490fbaee45d4e05eeb15 - - - -] volume service is down. (host: rack09-server62@lvm-1)
2023-03-02 00:44:16.711 7 WARNING oslo_messaging.rpc.client [None req-10ea0109-806d-47d0-b081-b2a3593b3e5f 8e1b9b4a256d4de7b39ce18eb6ae5695 7be38ad0c449490fbaee45d4e05eeb15 - - - -] Using RPCClient manually to instantiate client. Please use get_rpc_client to obtain an RPC client instance.
2023-03-02 00:44:19.385 7 WARNING cinder.scheduler.host_manager [None req-eede603c-f555-4f1c-a016-3ef4f85f5a85 445e2f4a3347480a94e8ccdc66e3f00a 16ed987a11134485b373a50005c38139 - - - -] volume service is down. (host: rack09-server62@lvm-1)
2023-03-02 00:44:20.348 7 WARNING cinder.scheduler.host_manager [None req-84cc0197-07c0-4f9d-8b55-73f4d25f3376 8e1b9b4a256d4de7b39ce18eb6ae5695 7be38ad0c449490fbaee45d4e05eeb15 - - - -] volume service is down. (host: rack09-server62@lvm-1)
2023-03-02 00:44:20.349 7 WARNING oslo_messaging.rpc.client [None req-84cc0197-07c0-4f9d-8b55-73f4d25f3376 8e1b9b4a256d4de7b39ce18eb6ae5695 7be38ad0c449490fbaee45d4e05eeb15 - - - -] Using RPCClient manually to instantiate client. Please use get_rpc_client to obtain an RPC client instance.
2023-03-02 00:44:21.776 7 WARNING cinder.scheduler.host_manager [None req-af7e3b0a-a903-4c9c-83a0-f09af67c2d1b 445e2f4a3347480a94e8ccdc66e3f00a 16ed987a11134485b373a50005c38139 - - - -] volume service is down. (host: rack09-server62@lvm-1)
2023-03-02 00:44:21.778 7 WARNING oslo_messaging.rpc.client [None req-af7e3b0a-a903-4c9c-83a0-f09af67c2d1b 445e2f4a3347480a94e8ccdc66e3f00a 16ed987a11134485b373a50005c38139 - - - -] Using RPCClient manually to instantiate client. Please use get_rpc_client to obtain an RPC client instance.
2023-03-02 00:44:24.085 7 WARNING cinder.scheduler.host_manager [None req-b60c6056-a6dc-4267-b80e-5bafbc9a8899 445e2f4a3347480a94e8ccdc66e3f00a 16ed987a11134485b373a50005c38139 - - - -] volume service is down. (host: rack09-server62@lvm-1)
2023-03-02 00:44:24.086 7 WARNING oslo_messaging.rpc.client [None req-b60c6056-a6dc-4267-b80e-5bafbc9a8899 445e2f4a3347480a94e8ccdc66e3f00a 16ed987a11134485b373a50005c38139 - - - -] Using RPCClient manually to instantiate client. Please use get_rpc_client to obtain an RPC client instance.
2023-03-02 00:44:27.167 7 WARNING cinder.scheduler.host_manager [None req-cd8a35f1-3065-4be9-99de-066ef996dd85 f39cceb40ae5429a911f89bef826c5e3 0847a6f746cb41369b87ad3c4c99d94a - - - -] volume service is down. (host: rack09-server62@lvm-1)
2023-03-02 00:44:27.169 7 WARNING oslo_messaging.rpc.client [None req-cd8a35f1-3065-4be9-99de-066ef996dd85 f39cceb40ae5429a911f89bef826c5e3 0847a6f746cb41369b87ad3c4c99d94a - - - -] Using RPCClient manually to instantiate client. Please use get_rpc_client to obtain an RPC client instance.
2023-03-02 00:44:27.835 7 WARNING cinder.scheduler.host_manager [None req-0e37eb48-c001-4fe8-8ff4-b5b9efa2a95f 445e2f4a3347480a94e8ccdc66e3f00a 16ed987a11134485b373a50005c38139 - - - -] volume service is down. (host: rack09-server62@lvm-1)
2023-03-02 00:44:28.750 7 WARNING cinder.scheduler.host_manager [None req-95b942e4-6f47-4fcc-a83d-f44fa4a7832e f39cceb40ae5429a911f89bef826c5e3 0847a6f746cb41369b87ad3c4c99d94a - - - -] volume service is down. (host: rack09-server62@lvm-1)
2023-03-02 00:44:30.084 7 WARNING cinder.scheduler.host_manager [None req-341d2095-0206-4b90-88c3-675cd6370060 f39cceb40ae5429a911f89bef826c5e3 0847a6f746cb41369b87ad3c4c99d94a - - - -] volume service is down. (host: rack09-server62@lvm-1)
2023-03-02 00:44:30.085 7 WARNING oslo_messaging.rpc.client [None req-341d2095-0206-4b90-88c3-675cd6370060 f39cceb40ae5429a911f89bef826c5e3 0847a6f746cb41369b87ad3c4c99d94a - - - -] Using RPCClient manually to instantiate client. Please use get_rpc_client to obtain an RPC client instance.
2023-03-02 00:44:30.192 7 WARNING cinder.scheduler.host_manager [None req-c2bcc24f-2f09-49cb-ac8b-3328ca5ba3d5 445e2f4a3347480a94e8ccdc66e3f00a 16ed987a11134485b373a50005c38139 - - - -] volume service is down. (host: rack09-server62@lvm-1)
2023-03-02 00:44:30.193 7 WARNING oslo_messaging.rpc.client [None req-c2bcc24f-2f09-49cb-ac8b-3328ca5ba3d5 445e2f4a3347480a94e8ccdc66e3f00a 16ed987a11134485b373a50005c38139 - - - -] Using RPCClient manually to instantiate client. Please use get_rpc_client to obtain an RPC client instance.
2023-03-02 00:44:31.429 7 WARNING cinder.scheduler.host_manager [None req-54dea530-d0b2-4782-ad2b-fc8587f794f0 62f9438b528c4d828b4f4860693a16f2 fad4689192b94e799aeb7d182ee5ce11 - - - -] volume service is down. (host: rack09-server62@lvm-1)
2023-03-02 00:44:31.430 7 INFO cinder.scheduler.base_filter [None req-54dea530-d0b2-4782-ad2b-fc8587f794f0 62f9438b528c4d828b4f4860693a16f2 fad4689192b94e799aeb7d182ee5ce11 - - - -] Filtering removed all hosts for the request with volume ID '6f79b2d1-1361-4e7c-8151-59bef0710e6b'. Filter results: AvailabilityZoneFilter: (start: 1, end: 1), CapacityFilter: (start: 1, end: 1), CapabilitiesFilter: (start: 1, end: 0)
2023-03-02 00:44:31.430 7 WARNING cinder.scheduler.filter_scheduler [None req-54dea530-d0b2-4782-ad2b-fc8587f794f0 62f9438b528c4d828b4f4860693a16f2 fad4689192b94e799aeb7d182ee5ce11 - - - -] No weighed backend found for volume with properties: {'id': '633d1862-a7f3-4c52-a3c8-0bc9a76665ca', 'name': 'tempest-UserMessagesTest-volume-type-774795490', 'description': None, 'is_public': True, 'projects': [], 'extra_specs': {'storage_protocol': 'tempest-storage_protocol-963672764', 'vendor_name': 'tempest-vendor_name-83659198'}, 'qos_specs_id': None, 'created_at': '2023-03-02T00:44:30.000000', 'updated_at': None, 'deleted_at': None, 'deleted': False}
2023-03-02 00:44:31.430 7 INFO cinder.message.api [None req-54dea530-d0b2-4782-ad2b-fc8587f794f0 62f9438b528c4d828b4f4860693a16f2 fad4689192b94e799aeb7d182ee5ce11 - - - -] Creating message record for request_id = req-54dea530-d0b2-4782-ad2b-fc8587f794f0
2023-03-02 00:44:31.435 7 ERROR cinder.scheduler.flows.create_volume [None req-54dea530-d0b2-4782-ad2b-fc8587f794f0 62f9438b528c4d828b4f4860693a16f2 fad4689192b94e799aeb7d182ee5ce11 - - - -] Failed to run task cinder.scheduler.flows.create_volume.ScheduleCreateVolumeTask;volume:create: No valid backend was found. No weighed backends available: cinder.exception.NoValidBackend: No valid backend was found. No weighed backends available
2023-03-02 00:44:32.468 7 WARNING cinder.scheduler.host_manager [None req-3f953165-df28-4233-aa48-67a0e3843830 f39cceb40ae5429a911f89bef826c5e3 0847a6f746cb41369b87ad3c4c99d94a - - - -] volume service is down. (host: rack09-server62@lvm-1)
2023-03-02 00:44:32.469 7 WARNING oslo_messaging.rpc.client [None req-3f953165-df28-4233-aa48-67a0e3843830 f39cceb40ae5429a911f89bef826c5e3 0847a6f746cb41369b87ad3c4c99d94a - - - -] Using RPCClient manually to instantiate client. Please use get_rpc_client to obtain an RPC client instance.
2023-03-02 00:44:32.742 7 WARNING cinder.scheduler.host_manager [None req-1214ce19-9512-4e5b-a725-e3ba62b68fc5 445e2f4a3347480a94e8ccdc66e3f00a 16ed987a11134485b373a50005c38139 - - - -] volume service is down. (host: rack09-server62@lvm-1)
2023-03-02 00:44:33.334 7 WARNING cinder.scheduler.host_manager [None req-b7b0e6d1-8672-419e-92ad-e9d3b42ebc8d 62f9438b528c4d828b4f4860693a16f2 fad4689192b94e799aeb7d182ee5ce11 - - - -] volume service is down. (host: rack09-server62@lvm-1)
2023-03-02 00:44:33.334 7 INFO cinder.scheduler.base_filter [None req-b7b0e6d1-8672-419e-92ad-e9d3b42ebc8d 62f9438b528c4d828b4f4860693a16f2 fad4689192b94e799aeb7d182ee5ce11 - - - -] Filtering removed all hosts for the request with volume ID '11df0ee2-4f30-4adc-a8f0-7a3a905a4b1c'. Filter results: AvailabilityZoneFilter: (start: 1, end: 1), CapacityFilter: (start: 1, end: 1), CapabilitiesFilter: (start: 1, end: 0)
2023-03-02 00:44:33.335 7 WARNING cinder.scheduler.filter_scheduler [None req-b7b0e6d1-8672-419e-92ad-e9d3b42ebc8d 62f9438b528c4d828b4f4860693a16f2 fad4689192b94e799aeb7d182ee5ce11 - - - -] No weighed backend found for volume with properties: {'id': 'dda26128-1c96-44b2-9568-8e091e578a4e', 'name': 'tempest-UserMessagesTest-volume-type-419998304', 'description': None, 'is_public': True, 'projects': [], 'extra_specs': {'storage_protocol': 'tempest-storage_protocol-1992087674', 'vendor_name': 'tempest-vendor_name-276192920'}, 'qos_specs_id': None, 'created_at': '2023-03-02T00:44:32.000000', 'updated_at': None, 'deleted_at': None, 'deleted': False}
2023-03-02 00:44:33.335 7 INFO cinder.message.api [None req-b7b0e6d1-8672-419e-92ad-e9d3b42ebc8d 62f9438b528c4d828b4f4860693a16f2 fad4689192b94e799aeb7d182ee5ce11 - - - -] Creating message record for request_id = req-b7b0e6d1-8672-419e-92ad-e9d3b42ebc8d
2023-03-02 00:44:33.341 7 ERROR cinder.scheduler.flows.create_volume [None req-b7b0e6d1-8672-419e-92ad-e9d3b42ebc8d 62f9438b528c4d828b4f4860693a16f2 fad4689192b94e799aeb7d182ee5ce11 - - - -] Failed to run task cinder.scheduler.flows.create_volume.ScheduleCreateVolumeTask;volume:create: No valid backend was found. No weighed backends available: cinder.exception.NoValidBackend: No valid backend was found. No weighed backends available
2023-03-02 00:44:39.780 7 WARNING cinder.scheduler.host_manager [None req-25aadcf9-d5a1-4911-b6fb-af9fb63e168a 2bf0897bc3c646b68a57b42545e5cc0f 1f531aecf86543ea8a255d4c67816688 - - - -] volume service is down. (host: rack09-server62@lvm-1)
2023-03-02 00:44:40.242 7 WARNING cinder.scheduler.host_manager [None req-2103fdab-fe44-4dad-a9af-37998185c00d 2ff3e569aaad440884ad01a9399b4186 82d3d70dd0e047e7abeb77b597866d5e - - - -] volume service is down. (host: rack09-server62@lvm-1)
2023-03-02 00:44:47.921 7 WARNING cinder.scheduler.host_manager [None req-58b031c5-7f6a-40da-8d7a-a682079d33e5 e40ac298f1834627849ff29b0c92dd21 e62c16a61e654b998c4bf6cecb0e0344 - - - -] volume service is down. (host: rack09-server62@lvm-1)
2023-03-02 00:44:48.236 7 WARNING cinder.scheduler.host_manager [None req-74a478f2-343a-42c1-b3f8-bf2b86e6eafc 2ff3e569aaad440884ad01a9399b4186 82d3d70dd0e047e7abeb77b597866d5e - - - -] volume service is down. (host: rack09-server62@lvm-1)
2023-03-02 00:44:50.496 7 WARNING cinder.scheduler.host_manager [None req-ab8f8bb4-91f2-44e8-8731-18f0fe950241 e40ac298f1834627849ff29b0c92dd21 e62c16a61e654b998c4bf6cecb0e0344 - - - -] volume service is down. (host: rack09-server62@lvm-1)
2023-03-02 00:44:50.497 7 WARNING oslo_messaging.rpc.client [None req-ab8f8bb4-91f2-44e8-8731-18f0fe950241 e40ac298f1834627849ff29b0c92dd21 e62c16a61e654b998c4bf6cecb0e0344 - - - -] Using RPCClient manually to instantiate client. Please use get_rpc_client to obtain an RPC client instance.
2023-03-02 00:44:50.818 7 WARNING cinder.scheduler.host_manager [None req-da5535c1-ecb3-41a2-84a2-67fe782ac977 2bf0897bc3c646b68a57b42545e5cc0f 1f531aecf86543ea8a255d4c67816688 - - - -] volume service is down. (host: rack09-server62@lvm-1)
2023-03-02 00:44:57.606 7 WARNING cinder.scheduler.host_manager [None req-291645e9-e226-4107-ab38-2ae23352f2de 2bf0897bc3c646b68a57b42545e5cc0f 1f531aecf86543ea8a255d4c67816688 - - - -] volume service is down. (host: rack09-server62@lvm-1)
2023-03-02 00:44:58.508 7 WARNING cinder.scheduler.host_manager [None req-cf0fbca7-9038-49e4-9210-e22696bc9c25 03fc30b8dded4eea81359961e0e447c2 83e703b61e784890ac31982a469c23ea - - - -] volume service is down. (host: rack09-server62@lvm-1)
2023-03-02 00:45:00.174 7 WARNING cinder.scheduler.host_manager [None req-b17f7440-4115-4fb5-9f63-2b3af907356f 2bf0897bc3c646b68a57b42545e5cc0f 1f531aecf86543ea8a255d4c67816688 - - - -] volume service is down. (host: rack09-server62@lvm-1)
2023-03-02 00:45:03.193 7 WARNING cinder.scheduler.host_manager [None req-8e0731fc-c6d3-4c5b-ae5c-1ca77bb55ead 2ff3e569aaad440884ad01a9399b4186 82d3d70dd0e047e7abeb77b597866d5e - - - -] volume service is down. (host: rack09-server62@lvm-1)
2023-03-02 00:45:03.194 7 WARNING oslo_messaging.rpc.client [None req-8e0731fc-c6d3-4c5b-ae5c-1ca77bb55ead 2ff3e569aaad440884ad01a9399b4186 82d3d70dd0e047e7abeb77b597866d5e - - - -] Using RPCClient manually to instantiate client. Please use get_rpc_client to obtain an RPC client instance.
2023-03-02 00:45:05.520 7 WARNING cinder.scheduler.host_manager [None req-4ff686fd-8f8c-4414-84a2-a1ec2eaa8892 2ff3e569aaad440884ad01a9399b4186 82d3d70dd0e047e7abeb77b597866d5e - - - -] volume service is down. (host: rack09-server62@lvm-1)
2023-03-02 00:45:05.522 7 WARNING oslo_messaging.rpc.client [None req-4ff686fd-8f8c-4414-84a2-a1ec2eaa8892 2ff3e569aaad440884ad01a9399b4186 82d3d70dd0e047e7abeb77b597866d5e - - - -] Using RPCClient manually to instantiate client. Please use get_rpc_client to obtain an RPC client instance.
2023-03-02 00:45:07.837 7 WARNING cinder.scheduler.host_manager [None req-44fc2e5f-7c59-4d12-bfad-e959e1a298a0 2ff3e569aaad440884ad01a9399b4186 82d3d70dd0e047e7abeb77b597866d5e - - - -] volume service is down. (host: rack09-server62@lvm-1)
2023-03-02 00:45:07.838 7 WARNING oslo_messaging.rpc.client [None req-44fc2e5f-7c59-4d12-bfad-e959e1a298a0 2ff3e569aaad440884ad01a9399b4186 82d3d70dd0e047e7abeb77b597866d5e - - - -] Using RPCClient manually to instantiate client. Please use get_rpc_client to obtain an RPC client instance.
2023-03-02 00:45:10.102 7 WARNING cinder.scheduler.host_manager [None req-d3175f39-6eb8-46f4-bddd-a17b3626a384 9b1cfdc79b6b4b169b7550710ce9702c 012b062a2648472ebfe2b4c730e91013 - - - -] volume service is down. (host: rack09-server62@lvm-1)
2023-03-02 00:45:16.641 7 WARNING cinder.scheduler.host_manager [None req-941d1815-c865-4cff-a041-dcb0918e7ca6 0356182157674a3a9ae63843a5edf6a5 ce0438bc4d4340bd81f9a72c0d063127 - - - -] volume service is down. (host: rack09-server62@lvm-1)
2023-03-02 00:45:17.108 7 WARNING cinder.scheduler.host_manager [None req-8df50e76-e7ea-4b37-8f0c-3801b73f7210 2ff3e569aaad440884ad01a9399b4186 82d3d70dd0e047e7abeb77b597866d5e - - - -] volume service is down. (host: rack09-server62@lvm-1)
2023-03-02 00:45:17.108 7 WARNING oslo_messaging.rpc.client [None req-8df50e76-e7ea-4b37-8f0c-3801b73f7210 2ff3e569aaad440884ad01a9399b4186 82d3d70dd0e047e7abeb77b597866d5e - - - -] Using RPCClient manually to instantiate client. Please use get_rpc_client to obtain an RPC client instance.
2023-03-02 00:45:19.452 7 WARNING cinder.scheduler.host_manager [None req-4cb926ec-60a5-448d-9e42-794b86818656 0356182157674a3a9ae63843a5edf6a5 ce0438bc4d4340bd81f9a72c0d063127 - - - -] volume service is down. (host: rack09-server62@lvm-1)
2023-03-02 00:45:20.720 7 WARNING cinder.scheduler.host_manager [None req-8f802b2c-fea2-4164-aaf8-fd603c31adaf 2ff3e569aaad440884ad01a9399b4186 82d3d70dd0e047e7abeb77b597866d5e - - - -] volume service is down. (host: rack09-server62@lvm-1)
2023-03-02 00:45:20.721 7 WARNING oslo_messaging.rpc.client [None req-8f802b2c-fea2-4164-aaf8-fd603c31adaf 2ff3e569aaad440884ad01a9399b4186 82d3d70dd0e047e7abeb77b597866d5e - - - -] Using RPCClient manually to instantiate client. Please use get_rpc_client to obtain an RPC client instance.
2023-03-02 00:45:24.692 7 WARNING cinder.scheduler.host_manager [None req-d03c7c57-b6c1-46a1-96c4-e4fc76981ae7 0356182157674a3a9ae63843a5edf6a5 ce0438bc4d4340bd81f9a72c0d063127 - - - -] volume service is down. (host: rack09-server62@lvm-1)
2023-03-02 00:45:27.259 7 WARNING cinder.scheduler.host_manager [None req-b397261f-7c53-4854-bf67-065d6b7a124a 0356182157674a3a9ae63843a5edf6a5 ce0438bc4d4340bd81f9a72c0d063127 - - - -] volume service is down. (host: rack09-server62@lvm-1)
2023-03-02 00:45:29.243 7 WARNING cinder.scheduler.host_manager [None req-85820384-18fa-4b8d-9e0e-1bc4e50c0e48 c488cc5a50374af78c6fcb03d1a45362 4bfcd0bd8f0b40ea89a4e2a442eb3388 - - - -] volume service is down. (host: rack09-server62@lvm-1)
2023-03-02 00:45:29.781 7 WARNING cinder.scheduler.host_manager [None req-d78cd886-0ada-4d9f-844c-3320196b6522 2ff3e569aaad440884ad01a9399b4186 82d3d70dd0e047e7abeb77b597866d5e - - - -] volume service is down. (host: rack09-server62@lvm-1)
2023-03-02 00:45:29.782 7 WARNING oslo_messaging.rpc.client [None req-d78cd886-0ada-4d9f-844c-3320196b6522 2ff3e569aaad440884ad01a9399b4186 82d3d70dd0e047e7abeb77b597866d5e - - - -] Using RPCClient manually to instantiate client. Please use get_rpc_client to obtain an RPC client instance.
2023-03-02 00:45:31.093 7 WARNING cinder.scheduler.host_manager [None req-1c91b9f5-8bd6-42d0-aef5-98ca129fa3cc 0356182157674a3a9ae63843a5edf6a5 ce0438bc4d4340bd81f9a72c0d063127 - - - -] volume service is down. (host: rack09-server62@lvm-1)
2023-03-02 00:45:32.128 7 WARNING cinder.scheduler.host_manager [None req-fcab4495-b138-41c8-bfb5-f24c4f98c5a8 2ff3e569aaad440884ad01a9399b4186 82d3d70dd0e047e7abeb77b597866d5e - - - -] volume service is down. (host: rack09-server62@lvm-1)
2023-03-02 00:45:32.129 7 WARNING oslo_messaging.rpc.client [None req-fcab4495-b138-41c8-bfb5-f24c4f98c5a8 2ff3e569aaad440884ad01a9399b4186 82d3d70dd0e047e7abeb77b597866d5e - - - -] Using RPCClient manually to instantiate client. Please use get_rpc_client to obtain an RPC client instance.
2023-03-02 00:45:36.129 7 WARNING cinder.scheduler.host_manager [None req-47417596-42bf-468b-bd77-85e493feb940 0356182157674a3a9ae63843a5edf6a5 ce0438bc4d4340bd81f9a72c0d063127 - - - -] volume service is down. (host: rack09-server62@lvm-1)
2023-03-02 00:45:37.963 7 WARNING cinder.scheduler.host_manager [None req-7c03abbb-b1e8-4c75-bf75-913f2b96ca55 3696d2bc9b8741ccb3f10a210573bdef d361e82c951b4f808f69214ed822b679 - - - -] volume service is down. (host: rack09-server62@lvm-1)
2023-03-02 00:45:41.610 7 WARNING cinder.scheduler.host_manager [None req-0299c470-f422-4371-9291-13bf968121ec 2ff3e569aaad440884ad01a9399b4186 82d3d70dd0e047e7abeb77b597866d5e - - - -] volume service is down. (host: rack09-server62@lvm-1)
2023-03-02 00:45:42.926 7 WARNING cinder.scheduler.host_manager [None req-9006b43f-c72b-4fa1-97db-b299c2598136 2ff3e569aaad440884ad01a9399b4186 82d3d70dd0e047e7abeb77b597866d5e - - - -] volume service is down. (host: rack09-server62@lvm-1)
2023-03-02 00:45:42.927 7 WARNING oslo_messaging.rpc.client [None req-9006b43f-c72b-4fa1-97db-b299c2598136 2ff3e569aaad440884ad01a9399b4186 82d3d70dd0e047e7abeb77b597866d5e - - - -] Using RPCClient manually to instantiate client. Please use get_rpc_client to obtain an RPC client instance.
2023-03-02 00:45:43.114 7 WARNING cinder.scheduler.host_manager [None req-49e293da-3e90-4de6-9c96-31941a6a0bde 3696d2bc9b8741ccb3f10a210573bdef d361e82c951b4f808f69214ed822b679 - - - -] volume service is down. (host: rack09-server62@lvm-1)
2023-03-02 00:45:45.534 7 WARNING cinder.scheduler.host_manager [None req-35d473b2-cc1a-463b-b83f-16b2bfe66738 2ff3e569aaad440884ad01a9399b4186 82d3d70dd0e047e7abeb77b597866d5e - - - -] volume service is down. (host: rack09-server62@lvm-1)
2023-03-02 00:45:48.390 7 WARNING cinder.scheduler.host_manager [None req-71dc804e-190d-4828-8701-9f2409c5f247 0356182157674a3a9ae63843a5edf6a5 ce0438bc4d4340bd81f9a72c0d063127 - - - -] volume service is down. (host: rack09-server62@lvm-1)
2023-03-02 00:45:49.328 7 WARNING cinder.scheduler.host_manager [None req-b9da8158-775a-4225-bb28-c1f6e3beac6a 2ff3e569aaad440884ad01a9399b4186 82d3d70dd0e047e7abeb77b597866d5e - - - -] volume service is down. (host: rack09-server62@lvm-1)
2023-03-02 00:45:51.699 7 WARNING cinder.scheduler.host_manager [None req-a356f50b-71d2-4a4c-8777-5fe01cbd0a0c 2ff3e569aaad440884ad01a9399b4186 82d3d70dd0e047e7abeb77b597866d5e - - - -] volume service is down. (host: rack09-server62@lvm-1)
2023-03-02 00:45:51.699 7 WARNING oslo_messaging.rpc.client [None req-a356f50b-71d2-4a4c-8777-5fe01cbd0a0c 2ff3e569aaad440884ad01a9399b4186 82d3d70dd0e047e7abeb77b597866d5e - - - -] Using RPCClient manually to instantiate client. Please use get_rpc_client to obtain an RPC client instance.
2023-03-02 00:45:53.361 7 WARNING cinder.scheduler.host_manager [None req-b76af5c5-5d3d-443f-b848-f1b979ee6c20 357a846af2394280bd86b3f4317de79f f924097a2687481383d9695e3e0ea4ce - - - -] volume service is down. (host: rack09-server62@lvm-1)
2023-03-02 00:45:54.234 7 WARNING cinder.scheduler.host_manager [None req-c2b8be9a-0021-4853-9918-119e2a663c3c 2ff3e569aaad440884ad01a9399b4186 82d3d70dd0e047e7abeb77b597866d5e - - - -] volume service is down. (host: rack09-server62@lvm-1)
2023-03-02 00:45:55.748 7 WARNING cinder.scheduler.host_manager [None req-2f871d5a-375b-44ce-941f-07833759f932 357a846af2394280bd86b3f4317de79f f924097a2687481383d9695e3e0ea4ce - - - -] volume service is down. (host: rack09-server62@lvm-1)
2023-03-02 00:45:55.749 7 WARNING oslo_messaging.rpc.client [None req-2f871d5a-375b-44ce-941f-07833759f932 357a846af2394280bd86b3f4317de79f f924097a2687481383d9695e3e0ea4ce - - - -] Using RPCClient manually to instantiate client. Please use get_rpc_client to obtain an RPC client instance.
2023-03-02 00:45:56.173 7 WARNING cinder.scheduler.host_manager [None req-b927fc25-a684-4895-a600-4470529a8df0 90147b7172b84af9ad617374238f30dc 9891f7cff0674b5bbf1b3a3e8f335843 - - - -] volume service is down. (host: rack09-server62@lvm-1)
2023-03-02 00:45:58.083 7 WARNING cinder.scheduler.host_manager [None req-562ab4ea-df1e-4ae6-b367-ce151add45ca 357a846af2394280bd86b3f4317de79f f924097a2687481383d9695e3e0ea4ce - - - -] volume service is down. (host: rack09-server62@lvm-1)
2023-03-02 00:45:58.084 7 WARNING oslo_messaging.rpc.client [None req-562ab4ea-df1e-4ae6-b367-ce151add45ca 357a846af2394280bd86b3f4317de79f f924097a2687481383d9695e3e0ea4ce - - - -] Using RPCClient manually to instantiate client. Please use get_rpc_client to obtain an RPC client instance.
2023-03-02 00:45:58.762 7 WARNING cinder.scheduler.host_manager [None req-c70d5719-3d96-4e6a-a912-e99885bbcfe3 90147b7172b84af9ad617374238f30dc 9891f7cff0674b5bbf1b3a3e8f335843 - - - -] volume service is down. (host: rack09-server62@lvm-1)
2023-03-02 00:46:00.750 7 WARNING cinder.scheduler.host_manager [None req-d4fd57db-f858-4908-a474-8092973e3dde 357a846af2394280bd86b3f4317de79f f924097a2687481383d9695e3e0ea4ce - - - -] volume service is down. (host: rack09-server62@lvm-1)
2023-03-02 00:46:00.751 7 WARNING oslo_messaging.rpc.client [None req-d4fd57db-f858-4908-a474-8092973e3dde 357a846af2394280bd86b3f4317de79f f924097a2687481383d9695e3e0ea4ce - - - -] Using RPCClient manually to instantiate client. Please use get_rpc_client to obtain an RPC client instance.
2023-03-02 00:46:01.347 7 WARNING cinder.scheduler.host_manager [None req-5ed8f7f6-2082-47c8-afc4-9b919f55d730 90147b7172b84af9ad617374238f30dc 9891f7cff0674b5bbf1b3a3e8f335843 - - - -] volume service is down. (host: rack09-server62@lvm-1)
2023-03-02 00:46:08.254 7 WARNING cinder.scheduler.host_manager [None req-e0cd3f76-3242-4289-ad0f-2f97a6ae037d eec78d376db44376ac3140e4ad73e95f e99e275c39ba42acb97f20e2f1a79ad2 - - - -] volume service is down. (host: rack09-server62@lvm-1)
2023-03-02 00:46:09.594 7 WARNING cinder.scheduler.host_manager [None req-77390a1b-2b31-42cd-b409-6fd5dceb505b eec78d376db44376ac3140e4ad73e95f e99e275c39ba42acb97f20e2f1a79ad2 - - - -] volume service is down. (host: rack09-server62@lvm-1)
2023-03-02 00:46:09.595 7 WARNING oslo_messaging.rpc.client [None req-77390a1b-2b31-42cd-b409-6fd5dceb505b eec78d376db44376ac3140e4ad73e95f e99e275c39ba42acb97f20e2f1a79ad2 - - - -] Using RPCClient manually to instantiate client. Please use get_rpc_client to obtain an RPC client instance.
2023-03-02 00:46:12.396 7 WARNING cinder.scheduler.host_manager [None req-5de97322-1a5b-454e-bb04-99afa96fb158 ce0bcedc77e045e48399d7566edbe6cc 5a0a514118c6446caba4487e1c20873d - - - -] volume service is down. (host: rack09-server62@lvm-1)
2023-03-02 00:46:33.759 7 WARNING cinder.scheduler.host_manager [None req-b35378f2-b5fc-444e-af4f-cb444a81686c 533997b00ed84463974329e819be9d9a 91d11c3dc8814b659696646efd175f57 - - - -] volume service is down. (host: rack09-server62@lvm-1)
2023-03-02 00:46:33.783 7 WARNING cinder.scheduler.host_manager [None req-834189b2-3337-4711-991b-48dc119c7044 1c88eb92c31745ed89e815c0b74078d9 ae05ffa14cf642c5a8354d479ac6631d - - - -] volume service is down. (host: rack09-server62@lvm-1)
2023-03-02 00:46:34.090 7 WARNING cinder.scheduler.host_manager [None req-68b6ed66-2104-45a7-a873-63335549da08 4bdfcaa551f34250af3d29e625bc05a5 e816d95451d0453ab5c9d707d8582618 - - - -] volume service is down. (host: rack09-server62@lvm-1)
2023-03-02 00:46:34.458 7 WARNING cinder.scheduler.host_manager [None req-788f98fb-0f56-49d2-895f-29659fae8b11 4bdfcaa551f34250af3d29e625bc05a5 e816d95451d0453ab5c9d707d8582618 - - - -] volume service is down. (host: rack09-server62@lvm-1)
2023-03-02 00:46:34.815 7 WARNING cinder.scheduler.host_manager [None req-33b19c33-f1e9-4e65-ae01-35e2fe02c45d 4bdfcaa551f34250af3d29e625bc05a5 e816d95451d0453ab5c9d707d8582618 - - - -] volume service is down. (host: rack09-server62@lvm-1)
2023-03-02 00:46:35.183 7 WARNING cinder.scheduler.host_manager [None req-350d2f77-3c30-495e-88e7-de11adda60d8 4bdfcaa551f34250af3d29e625bc05a5 e816d95451d0453ab5c9d707d8582618 - - - -] volume service is down. (host: rack09-server62@lvm-1)
2023-03-02 00:46:35.550 7 WARNING cinder.scheduler.host_manager [None req-41066b03-39f7-4836-8d1a-621addf3eff0 4bdfcaa551f34250af3d29e625bc05a5 e816d95451d0453ab5c9d707d8582618 - - - -] volume service is down. (host: rack09-server62@lvm-1)
2023-03-02 00:46:36.109 7 WARNING cinder.scheduler.host_manager [None req-9774a9f0-6f24-4371-b2e0-ce872be1d32c 533997b00ed84463974329e819be9d9a 91d11c3dc8814b659696646efd175f57 - - - -] volume service is down. (host: rack09-server62@lvm-1)
2023-03-02 00:46:36.110 7 WARNING oslo_messaging.rpc.client [None req-9774a9f0-6f24-4371-b2e0-ce872be1d32c 533997b00ed84463974329e819be9d9a 91d11c3dc8814b659696646efd175f57 - - - -] Using RPCClient manually to instantiate client. Please use get_rpc_client to obtain an RPC client instance.
2023-03-02 00:46:36.281 7 WARNING cinder.scheduler.host_manager [None req-6fa7f013-4b06-45b6-ae99-234c6aded72c 1c88eb92c31745ed89e815c0b74078d9 ae05ffa14cf642c5a8354d479ac6631d - - - -] volume service is down. (host: rack09-server62@lvm-1)
2023-03-02 00:46:36.677 7 WARNING cinder.scheduler.host_manager [None req-1cb8e468-a411-4853-8f31-2d5cb5a2ffd8 1c88eb92c31745ed89e815c0b74078d9 ae05ffa14cf642c5a8354d479ac6631d - - - -] volume service is down. (host: rack09-server62@lvm-1)
2023-03-02 00:46:37.087 7 WARNING cinder.scheduler.host_manager [None req-22b94237-f03e-4879-8349-6724def8af54 1c88eb92c31745ed89e815c0b74078d9 ae05ffa14cf642c5a8354d479ac6631d - - - -] volume service is down. (host: rack09-server62@lvm-1)
2023-03-02 00:46:37.455 7 WARNING cinder.scheduler.host_manager [None req-8055d9dd-0605-4208-bb86-acb092835b8d 1c88eb92c31745ed89e815c0b74078d9 ae05ffa14cf642c5a8354d479ac6631d - - - -] volume service is down. (host: rack09-server62@lvm-1)
2023-03-02 00:46:37.824 7 WARNING cinder.scheduler.host_manager [None req-39cba6cc-fe1b-4cd1-b583-cfd4dc0987cc 1c88eb92c31745ed89e815c0b74078d9 ae05ffa14cf642c5a8354d479ac6631d - - - -] volume service is down. (host: rack09-server62@lvm-1)
2023-03-02 00:46:38.617 7 WARNING cinder.scheduler.host_manager [None req-f2a3e8c7-00ef-41d4-8a88-745654d6de8f 533997b00ed84463974329e819be9d9a 91d11c3dc8814b659696646efd175f57 - - - -] volume service is down. (host: rack09-server62@lvm-1)
2023-03-02 00:46:38.955 7 WARNING cinder.scheduler.host_manager [None req-506f98b8-e658-434e-8139-6531d9979335 533997b00ed84463974329e819be9d9a 91d11c3dc8814b659696646efd175f57 - - - -] volume service is down. (host: rack09-server62@lvm-1)
2023-03-02 00:46:39.325 7 WARNING cinder.scheduler.host_manager [None req-2d91f8ff-88ae-45c9-967a-a34856659b1f 533997b00ed84463974329e819be9d9a 91d11c3dc8814b659696646efd175f57 - - - -] volume service is down. (host: rack09-server62@lvm-1)
2023-03-02 00:46:39.669 7 WARNING cinder.scheduler.host_manager [None req-d3d0df82-ad76-4dd9-8920-2654641343dd 533997b00ed84463974329e819be9d9a 91d11c3dc8814b659696646efd175f57 - - - -] volume service is down. (host: rack09-server62@lvm-1)
2023-03-02 00:46:40.043 7 WARNING cinder.scheduler.host_manager [None req-8e333721-4426-4bfb-814d-aaa5badade53 533997b00ed84463974329e819be9d9a 91d11c3dc8814b659696646efd175f57 - - - -] volume service is down. (host: rack09-server62@lvm-1)
2023-03-02 00:46:46.809 7 WARNING cinder.scheduler.host_manager [None req-58498d60-cbf9-483e-951d-5c67a5158297 d07e09b232f2436995a867246c8602c2 2471aba543444eeaa92aad30d14733a8 - - - -] volume service is down. (host: rack09-server62@lvm-1)
2023-03-02 00:46:49.790 7 WARNING cinder.scheduler.host_manager [None req-6886373e-0a71-449c-bedc-9b6cd70b1b82 d07e09b232f2436995a867246c8602c2 2471aba543444eeaa92aad30d14733a8 - - - -] volume service is down. (host: rack09-server62@lvm-1)
2023-03-02 00:46:52.248 7 WARNING cinder.scheduler.host_manager [None req-c0256d18-6b98-4fe5-9219-3a5968623ddd d07e09b232f2436995a867246c8602c2 2471aba543444eeaa92aad30d14733a8 - - - -] volume service is down. (host: rack09-server62@lvm-1)
2023-03-02 00:46:52.249 7 WARNING oslo_messaging.rpc.client [None req-c0256d18-6b98-4fe5-9219-3a5968623ddd d07e09b232f2436995a867246c8602c2 2471aba543444eeaa92aad30d14733a8 - - - -] Using RPCClient manually to instantiate client. Please use get_rpc_client to obtain an RPC client instance.
