Build Started 29_04_2022_03_26_33
2022-04-29 06:28:46.302 11 WARNING cinder.scheduler.host_manager [req-10e373c3-d2e3-4473-830b-5ccd16f62a84 108e583f89734f398b4b3f4f3fc22f74 - - - -] volume service is down. (host: rack08-server75@lvm-1)
2022-04-29 06:28:46.313 11 WARNING cinder.scheduler.host_manager [req-2a286260-78d7-4315-95db-dae86efab3a7 757074412fe24811855018d9d84c547c - - - -] volume service is down. (host: rack08-server75@lvm-1)
2022-04-29 06:28:48.059 11 WARNING cinder.scheduler.host_manager [req-cffc3742-44e7-4e2c-bf87-a4842a206e8b 108e583f89734f398b4b3f4f3fc22f74 - - - -] volume service is down. (host: rack08-server75@lvm-1)
2022-04-29 06:28:56.247 11 WARNING cinder.scheduler.host_manager [req-d20ef622-d67c-4086-94f5-42a1b10231b0 dd22643907bf4ee184a63ee275b1ff19 - - - -] volume service is down. (host: rack08-server75@lvm-1)
2022-04-29 06:28:56.285 11 WARNING cinder.scheduler.host_manager [req-9ec33fa0-ccce-4327-b347-ec4f3d66d8d6 dd22643907bf4ee184a63ee275b1ff19 - - - -] volume service is down. (host: rack08-server75@lvm-1)
2022-04-29 06:29:01.724 11 WARNING cinder.scheduler.host_manager [req-828de56f-0df3-4c50-96f9-51a1f92b669c bdf2396c75154bbfb0806a61a1ba23ea - - - -] volume service is down. (host: rack08-server75@lvm-1)
2022-04-29 06:29:01.731 11 WARNING cinder.scheduler.host_manager [req-828de56f-0df3-4c50-96f9-51a1f92b669c bdf2396c75154bbfb0806a61a1ba23ea - - - -] volume service is down. (host: rack08-server75@lvm-1)
2022-04-29 06:29:03.375 11 WARNING cinder.scheduler.host_manager [req-c24a095c-a511-44d9-9932-95f5ecc7971c bdf2396c75154bbfb0806a61a1ba23ea - - - -] volume service is down. (host: rack08-server75@lvm-1)
2022-04-29 06:29:08.255 11 WARNING cinder.scheduler.host_manager [req-3c1a65f8-fe15-4180-94c2-f77329056e55 bdf2396c75154bbfb0806a61a1ba23ea - - - -] volume service is down. (host: rack08-server75@lvm-1)
2022-04-29 06:29:14.164 11 WARNING cinder.scheduler.host_manager [req-079295d2-446c-4ae7-ae96-70481acaa2e9 bdf2396c75154bbfb0806a61a1ba23ea - - - -] volume service is down. (host: rack08-server75@lvm-1)
2022-04-29 06:29:14.171 11 WARNING cinder.scheduler.host_manager [req-079295d2-446c-4ae7-ae96-70481acaa2e9 bdf2396c75154bbfb0806a61a1ba23ea - - - -] volume service is down. (host: rack08-server75@lvm-1)
2022-04-29 06:29:15.733 11 WARNING cinder.scheduler.host_manager [req-f9ff9d89-0b50-4689-814e-0585d0f971fa bdf2396c75154bbfb0806a61a1ba23ea - - - -] volume service is down. (host: rack08-server75@lvm-1)
2022-04-29 06:29:18.341 11 WARNING cinder.scheduler.host_manager [req-60e42b66-4340-421a-8737-ddd678c76719 bdf2396c75154bbfb0806a61a1ba23ea - - - -] volume service is down. (host: rack08-server75@lvm-1)
2022-04-29 06:29:31.765 11 WARNING cinder.scheduler.host_manager [req-b3cc8ec3-5734-40fa-83d2-c6f32b4d2f74 bdf2396c75154bbfb0806a61a1ba23ea - - - -] volume service is down. (host: rack08-server75@lvm-1)
2022-04-29 06:29:31.772 11 WARNING cinder.scheduler.host_manager [req-b3cc8ec3-5734-40fa-83d2-c6f32b4d2f74 bdf2396c75154bbfb0806a61a1ba23ea - - - -] volume service is down. (host: rack08-server75@lvm-1)
2022-04-29 06:29:33.319 11 WARNING cinder.scheduler.host_manager [req-0f8027a6-c0bd-4773-83c7-0699b8686b65 bdf2396c75154bbfb0806a61a1ba23ea - - - -] volume service is down. (host: rack08-server75@lvm-1)
2022-04-29 06:29:34.188 11 WARNING cinder.scheduler.host_manager [req-98259c59-48c2-4dd5-97db-5ee5c13dc33c 757074412fe24811855018d9d84c547c - - - -] volume service is down. (host: rack08-server75@lvm-1)
2022-04-29 06:29:46.668 11 WARNING cinder.scheduler.host_manager [req-ecdc08c8-eebf-441d-b550-cc643d23a2de 38944f8a59ac46949434e042ed0ba83d - - - -] volume service is down. (host: rack08-server75@lvm-1)
2022-04-29 06:29:46.676 11 WARNING cinder.scheduler.host_manager [req-ecdc08c8-eebf-441d-b550-cc643d23a2de 38944f8a59ac46949434e042ed0ba83d - - - -] volume service is down. (host: rack08-server75@lvm-1)
2022-04-29 06:30:01.570 11 WARNING cinder.scheduler.host_manager [req-388a0fc2-8f69-40bf-8706-0e75469c1fef eeb6bb124c37422494f54eb7a352cdf5 - - - -] volume service is down. (host: rack08-server75@lvm-1)
2022-04-29 06:30:03.975 11 WARNING cinder.scheduler.host_manager [req-ed18a1e2-ffe7-44cb-b6ad-4af9208a0bbc eeb6bb124c37422494f54eb7a352cdf5 - - - -] volume service is down. (host: rack08-server75@lvm-1)
2022-04-29 06:30:06.541 11 WARNING cinder.scheduler.host_manager [req-78429465-eb21-4f15-b837-d9a2d3a9e411 eeb6bb124c37422494f54eb7a352cdf5 - - - -] volume service is down. (host: rack08-server75@lvm-1)
2022-04-29 06:30:10.092 11 WARNING cinder.scheduler.host_manager [req-5812df3c-5f9e-47ea-ac3e-6ccaa9b394c2 eeb6bb124c37422494f54eb7a352cdf5 - - - -] volume service is down. (host: rack08-server75@lvm-1)
2022-04-29 06:30:13.655 11 WARNING cinder.scheduler.host_manager [req-4888e3e9-6db5-45d7-bc1e-560423288edc eeb6bb124c37422494f54eb7a352cdf5 - - - -] volume service is down. (host: rack08-server75@lvm-1)
2022-04-29 06:30:17.242 11 WARNING cinder.scheduler.host_manager [req-b6f7c640-5372-461a-ab95-5ee357a822e7 eeb6bb124c37422494f54eb7a352cdf5 - - - -] volume service is down. (host: rack08-server75@lvm-1)
2022-04-29 06:30:41.981 11 WARNING cinder.scheduler.host_manager [req-cd21cd23-537f-42b4-8432-86f1e5b3e8bc f6b67382683f418ab5c4b14f9fba1151 - - - -] volume service is down. (host: rack08-server75@lvm-1)
2022-04-29 06:30:52.379 11 WARNING cinder.scheduler.host_manager [req-f3d5a788-a13d-4d8f-85a8-c64659fbb293 320d3706d7554f4fbd095a48cb834a88 - - - -] volume service is down. (host: rack08-server75@lvm-1)
2022-04-29 06:31:47.847 11 WARNING cinder.scheduler.host_manager [req-afc42bc9-7c5e-45e3-8a83-1d969e5e44b5 4d5ab5b97f1040509f8cd788b2ee8524 - - - -] volume service is down. (host: rack08-server75@lvm-1)
2022-04-29 06:32:36.335 11 WARNING cinder.scheduler.host_manager [req-f759aa62-33f8-4932-8d49-c6620e46f34b 493552bca4584f73aa7f8c29257ab2c6 - - - -] volume service is down. (host: rack08-server75@lvm-1)
2022-04-29 06:32:45.699 11 WARNING cinder.scheduler.host_manager [req-251e36d8-80b6-4b87-90eb-280ed44a8a7d 757074412fe24811855018d9d84c547c - - - -] volume service is down. (host: rack08-server75@lvm-1)
2022-04-29 06:33:38.624 11 WARNING cinder.scheduler.host_manager [req-e7ca4e34-7a33-4ba0-ad51-26deaf7c085d 493552bca4584f73aa7f8c29257ab2c6 - - - -] volume service is down. (host: rack08-server75@lvm-1)
2022-04-29 06:33:42.445 11 WARNING cinder.scheduler.host_manager [req-7052a142-4ab3-41b8-bb94-f79db78ab863 493552bca4584f73aa7f8c29257ab2c6 - - - -] volume service is down. (host: rack08-server75@lvm-1)
2022-04-29 06:33:46.220 11 WARNING cinder.scheduler.host_manager [req-778f3695-dc26-48ad-acdc-2b3b23b197f4 493552bca4584f73aa7f8c29257ab2c6 - - - -] volume service is down. (host: rack08-server75@lvm-1)
2022-04-29 06:33:50.001 11 WARNING cinder.scheduler.host_manager [req-613e4421-0bbc-4d01-8312-e4e99e6ec6be 493552bca4584f73aa7f8c29257ab2c6 - - - -] volume service is down. (host: rack08-server75@lvm-1)
2022-04-29 06:33:53.780 11 WARNING cinder.scheduler.host_manager [req-ece72ab4-5930-434c-a0df-71edc8935a5c 493552bca4584f73aa7f8c29257ab2c6 - - - -] volume service is down. (host: rack08-server75@lvm-1)
2022-04-29 06:34:05.576 11 WARNING cinder.scheduler.host_manager [req-a3aca9a2-92ef-4e7e-9a71-126802ec02ca 632eaa7d1952455ca1e1147b3093de83 - - - -] volume service is down. (host: rack08-server75@lvm-1)
2022-04-29 06:34:21.377 11 WARNING cinder.scheduler.host_manager [req-0c3548f4-082e-4a19-9b33-f85d8cdab0ca d2caad5044d8463ebd9be463ace79120 - - - -] volume service is down. (host: rack08-server75@lvm-1)
2022-04-29 06:34:23.763 11 WARNING cinder.scheduler.host_manager [req-c761cb94-aa18-4e3d-ac1e-8077498c19c5 d2caad5044d8463ebd9be463ace79120 - - - -] volume service is down. (host: rack08-server75@lvm-1)
2022-04-29 06:34:34.470 11 WARNING cinder.scheduler.host_manager [req-a4766a56-9139-4428-a874-a0ca73fd7fdd 7fae3d9d37bd4ba3aa03c56dba1be58a - - - -] volume service is down. (host: rack08-server75@lvm-1)
2022-04-29 06:34:42.251 11 WARNING cinder.scheduler.host_manager [req-156aa1d6-f98e-4890-8bf8-183ae8653158 db47a973455f4f7486e60cca7fe57f71 - - - -] volume service is down. (host: rack08-server75@lvm-1)
2022-04-29 06:34:42.682 11 WARNING cinder.scheduler.host_manager [req-cc1d1013-c4d4-4a21-9ac3-7a039c1c842b b6660ece4a894bc6950ab106e877daf9 - - - -] volume service is down. (host: rack08-server75@lvm-1)
2022-04-29 06:34:44.987 11 WARNING cinder.scheduler.host_manager [req-b51b43e1-2655-4f1f-82be-c750cc32d5b7 62d12dc7ed18456e9ac368c7ea3cf9a2 - - - -] volume service is down. (host: rack08-server75@lvm-1)
2022-04-29 06:34:45.253 11 WARNING cinder.scheduler.host_manager [req-fce0a626-0c88-4e65-8c92-5365ad4db49a db47a973455f4f7486e60cca7fe57f71 - - - -] volume service is down. (host: rack08-server75@lvm-1)
2022-04-29 06:34:48.000 11 WARNING cinder.scheduler.host_manager [req-9eee1051-34fe-41df-be95-ec85c14c8697 db47a973455f4f7486e60cca7fe57f71 - - - -] volume service is down. (host: rack08-server75@lvm-1)
2022-04-29 06:34:50.326 11 WARNING cinder.scheduler.host_manager [req-2e08f722-9994-4714-bf9f-7efa905192cf 62d12dc7ed18456e9ac368c7ea3cf9a2 - - - -] volume service is down. (host: rack08-server75@lvm-1)
2022-04-29 06:34:56.613 11 WARNING cinder.scheduler.host_manager [req-a0a62c50-74bb-402b-9ca7-dde43d6aa5d9 187b67b0f4544830b41d23ca79b249ec - - - -] volume service is down. (host: rack08-server75@lvm-1)
2022-04-29 06:34:56.620 11 WARNING cinder.scheduler.host_manager [req-a0a62c50-74bb-402b-9ca7-dde43d6aa5d9 187b67b0f4544830b41d23ca79b249ec - - - -] volume service is down. (host: rack08-server75@lvm-1)
2022-04-29 06:34:57.841 11 WARNING cinder.scheduler.host_manager [req-1b54dc81-dd0c-442d-b991-9a11e82485ef 187b67b0f4544830b41d23ca79b249ec - - - -] volume service is down. (host: rack08-server75@lvm-1)
2022-04-29 06:34:57.849 11 WARNING cinder.scheduler.host_manager [req-1b54dc81-dd0c-442d-b991-9a11e82485ef 187b67b0f4544830b41d23ca79b249ec - - - -] volume service is down. (host: rack08-server75@lvm-1)
2022-04-29 06:34:58.036 11 WARNING cinder.scheduler.host_manager [req-bad93bdb-a627-41de-8479-839cc56b8f86 070a3118c3b448f88c1136b03431daf8 - - - -] volume service is down. (host: rack08-server75@lvm-1)
2022-04-29 06:34:59.440 11 WARNING cinder.scheduler.host_manager [req-b2cede98-98ef-4967-8af3-f8c8245a422a 187b67b0f4544830b41d23ca79b249ec - - - -] volume service is down. (host: rack08-server75@lvm-1)
2022-04-29 06:35:04.763 11 WARNING cinder.scheduler.host_manager [req-ad5ddd51-756d-4b07-8868-827ecff6d921 187b67b0f4544830b41d23ca79b249ec - - - -] volume service is down. (host: rack08-server75@lvm-1)
2022-04-29 06:35:04.769 11 WARNING cinder.scheduler.host_manager [req-ad5ddd51-756d-4b07-8868-827ecff6d921 187b67b0f4544830b41d23ca79b249ec - - - -] volume service is down. (host: rack08-server75@lvm-1)
2022-04-29 06:35:06.300 11 WARNING cinder.scheduler.host_manager [req-ecb2b354-23b1-41a5-902d-aa8744052ace 187b67b0f4544830b41d23ca79b249ec - - - -] volume service is down. (host: rack08-server75@lvm-1)
2022-04-29 06:35:08.872 11 WARNING cinder.scheduler.host_manager [req-58f6370a-f1f3-428c-983f-432e661a91aa 187b67b0f4544830b41d23ca79b249ec - - - -] volume service is down. (host: rack08-server75@lvm-1)
2022-04-29 06:35:17.713 11 WARNING cinder.scheduler.host_manager [req-cbb66f9c-484c-49e1-98e1-6b5cd5d09193 f660aead43d24af9a283cfb7e173f785 - - - -] volume service is down. (host: rack08-server75@lvm-1)
2022-04-29 06:35:17.714 11 INFO cinder.scheduler.base_filter [req-cbb66f9c-484c-49e1-98e1-6b5cd5d09193 f660aead43d24af9a283cfb7e173f785 - - - -] Filtering removed all hosts for the request with volume ID 'a5f434af-74bf-441f-be20-a35401126693'. Filter results: AvailabilityZoneFilter: (start: 1, end: 1), CapacityFilter: (start: 1, end: 1), CapabilitiesFilter: (start: 1, end: 0)
2022-04-29 06:35:17.715 11 WARNING cinder.scheduler.filter_scheduler [req-cbb66f9c-484c-49e1-98e1-6b5cd5d09193 f660aead43d24af9a283cfb7e173f785 - - - -] No weighed backend found for volume with properties: {'id': '53ed9d45-baeb-40ee-8819-18958161f116', 'name': 'tempest-UserMessagesTest-volume-type-82737227', 'description': None, 'is_public': True, 'projects': [], 'extra_specs': {'storage_protocol': 'tempest-storage_protocol-1512327918', 'vendor_name': 'tempest-vendor_name-147295416'}, 'qos_specs_id': None, 'created_at': '2022-04-29T03:35:16.000000', 'updated_at': None, 'deleted_at': None, 'deleted': False}
2022-04-29 06:35:17.715 11 INFO cinder.message.api [req-cbb66f9c-484c-49e1-98e1-6b5cd5d09193 f660aead43d24af9a283cfb7e173f785 - - - -] Creating message record for request_id = req-cbb66f9c-484c-49e1-98e1-6b5cd5d09193
2022-04-29 06:35:17.723 11 ERROR cinder.scheduler.flows.create_volume [req-cbb66f9c-484c-49e1-98e1-6b5cd5d09193 f660aead43d24af9a283cfb7e173f785 - - - -] Failed to run task cinder.scheduler.flows.create_volume.ScheduleCreateVolumeTask;volume:create: No valid backend was found. No weighed backends available: cinder.exception.NoValidBackend: No valid backend was found. No weighed backends available
2022-04-29 06:35:19.499 11 WARNING cinder.scheduler.host_manager [req-a190ff4f-3bdc-48c8-b920-45afd2ec58f6 f660aead43d24af9a283cfb7e173f785 - - - -] volume service is down. (host: rack08-server75@lvm-1)
2022-04-29 06:35:19.500 11 INFO cinder.scheduler.base_filter [req-a190ff4f-3bdc-48c8-b920-45afd2ec58f6 f660aead43d24af9a283cfb7e173f785 - - - -] Filtering removed all hosts for the request with volume ID '78f239e7-debb-4c59-bb9d-5f0bb5ec2d94'. Filter results: AvailabilityZoneFilter: (start: 1, end: 1), CapacityFilter: (start: 1, end: 1), CapabilitiesFilter: (start: 1, end: 0)
2022-04-29 06:35:19.501 11 WARNING cinder.scheduler.filter_scheduler [req-a190ff4f-3bdc-48c8-b920-45afd2ec58f6 f660aead43d24af9a283cfb7e173f785 - - - -] No weighed backend found for volume with properties: {'id': '82ad8c8e-a647-431d-b0e6-1034a3e46bd9', 'name': 'tempest-UserMessagesTest-volume-type-124223171', 'description': None, 'is_public': True, 'projects': [], 'extra_specs': {'storage_protocol': 'tempest-storage_protocol-1601441096', 'vendor_name': 'tempest-vendor_name-1784095643'}, 'qos_specs_id': None, 'created_at': '2022-04-29T03:35:18.000000', 'updated_at': None, 'deleted_at': None, 'deleted': False}
2022-04-29 06:35:19.501 11 INFO cinder.message.api [req-a190ff4f-3bdc-48c8-b920-45afd2ec58f6 f660aead43d24af9a283cfb7e173f785 - - - -] Creating message record for request_id = req-a190ff4f-3bdc-48c8-b920-45afd2ec58f6
2022-04-29 06:35:19.506 11 ERROR cinder.scheduler.flows.create_volume [req-a190ff4f-3bdc-48c8-b920-45afd2ec58f6 f660aead43d24af9a283cfb7e173f785 - - - -] Failed to run task cinder.scheduler.flows.create_volume.ScheduleCreateVolumeTask;volume:create: No valid backend was found. No weighed backends available: cinder.exception.NoValidBackend: No valid backend was found. No weighed backends available
2022-04-29 06:35:20.542 11 WARNING cinder.scheduler.host_manager [req-88653e2d-f7b8-4df9-b110-f453fadda2bd c412a9eedf6b4025b471172680a7f476 - - - -] volume service is down. (host: rack08-server75@lvm-1)
2022-04-29 06:35:20.549 11 WARNING cinder.scheduler.host_manager [req-88653e2d-f7b8-4df9-b110-f453fadda2bd c412a9eedf6b4025b471172680a7f476 - - - -] volume service is down. (host: rack08-server75@lvm-1)
2022-04-29 06:35:22.179 11 WARNING cinder.scheduler.host_manager [req-aab46f67-d9c3-4dd6-88fd-89c4d147284b c412a9eedf6b4025b471172680a7f476 - - - -] volume service is down. (host: rack08-server75@lvm-1)
2022-04-29 06:35:24.549 11 WARNING cinder.scheduler.host_manager [req-ae2fd4c8-03a4-4f98-aa66-d8598f7a6f0c c412a9eedf6b4025b471172680a7f476 - - - -] volume service is down. (host: rack08-server75@lvm-1)
2022-04-29 06:35:26.853 11 WARNING cinder.scheduler.host_manager [req-964fe996-6430-45dc-bdb9-e1898c925300 119bf38183f24132a41de17fc041ec2f - - - -] volume service is down. (host: rack08-server75@lvm-1)
2022-04-29 06:35:38.220 11 WARNING cinder.scheduler.host_manager [req-879b4845-a3b1-4138-92c6-b1eebddce8a8 b7ff441d54b9413aafd0c4400e484775 - - - -] volume service is down. (host: rack08-server75@lvm-1)
2022-04-29 06:35:38.864 11 WARNING cinder.scheduler.host_manager [req-b1a6a51a-0850-4170-b9b9-aba8f43fec51 60f7ee578494474ba3ce78081622dfa6 - - - -] volume service is down. (host: rack08-server75@lvm-1)
2022-04-29 06:35:40.586 11 WARNING cinder.scheduler.host_manager [req-0638fd98-7664-48e4-a9ec-bbbdd2818efa b7ff441d54b9413aafd0c4400e484775 - - - -] volume service is down. (host: rack08-server75@lvm-1)
2022-04-29 06:35:42.682 11 WARNING cinder.scheduler.host_manager [req-bcc93fbb-cfe1-469f-a913-dec67d86ff18 60f7ee578494474ba3ce78081622dfa6 - - - -] volume service is down. (host: rack08-server75@lvm-1)
2022-04-29 06:35:55.802 11 WARNING cinder.scheduler.host_manager [req-6924a60a-ac64-4666-8e9c-9f0d7251ad4b e8edc0f7f2b34be68e288fafad13a41d - - - -] volume service is down. (host: rack08-server75@lvm-1)
2022-04-29 06:35:58.411 11 WARNING cinder.scheduler.host_manager [req-92828774-20af-47d1-9f46-7fd0366c4a16 e8edc0f7f2b34be68e288fafad13a41d - - - -] volume service is down. (host: rack08-server75@lvm-1)
2022-04-29 06:36:04.769 11 WARNING cinder.scheduler.host_manager [req-bf953708-be2f-44c9-92f8-0e0a51eb9adc e8e95cf0d9b942e38e163b5587c6ddf1 - - - -] volume service is down. (host: rack08-server75@lvm-1)
2022-04-29 06:36:07.346 11 WARNING cinder.scheduler.host_manager [req-5b498644-7600-456c-bea5-6cbb65b4fea7 e8e95cf0d9b942e38e163b5587c6ddf1 - - - -] volume service is down. (host: rack08-server75@lvm-1)
2022-04-29 06:36:09.916 11 WARNING cinder.scheduler.host_manager [req-27242a47-5e43-43d8-a4c6-1412350aea4f e8e95cf0d9b942e38e163b5587c6ddf1 - - - -] volume service is down. (host: rack08-server75@lvm-1)
2022-04-29 06:36:11.714 11 WARNING cinder.scheduler.host_manager [req-89e4dcad-e569-4eb2-9708-ebd34516dfc0 d1b7242655a649a0be90f623db36a571 - - - -] volume service is down. (host: rack08-server75@lvm-1)
2022-04-29 06:36:21.242 11 WARNING cinder.scheduler.host_manager [req-6aac199a-2305-4fc8-8b80-a7a8fad074aa aa840a740b0e4bc18bed8f35c07fa010 - - - -] volume service is down. (host: rack08-server75@lvm-1)
2022-04-29 06:36:22.975 11 WARNING cinder.scheduler.host_manager [req-cee83cd6-30d4-4b80-92b6-4dc2b662b156 74750996c77449b3a9b1af8db04d1977 - - - -] volume service is down. (host: rack08-server75@lvm-1)
2022-04-29 06:36:23.603 11 WARNING cinder.scheduler.host_manager [req-32f21963-028d-4918-841b-0de4e6c64cc0 aa840a740b0e4bc18bed8f35c07fa010 - - - -] volume service is down. (host: rack08-server75@lvm-1)
2022-04-29 06:36:25.905 11 WARNING cinder.scheduler.host_manager [req-85aeed1b-9ccd-4c02-a175-11aeef8444c7 aa840a740b0e4bc18bed8f35c07fa010 - - - -] volume service is down. (host: rack08-server75@lvm-1)
2022-04-29 06:36:29.691 11 WARNING cinder.scheduler.host_manager [req-31638743-9e63-4223-a9a5-1e284abdcc06 aa840a740b0e4bc18bed8f35c07fa010 - - - -] volume service is down. (host: rack08-server75@lvm-1)
2022-04-29 06:36:30.379 11 WARNING cinder.scheduler.host_manager [req-1f2c4d59-efd7-4778-8f49-d682763ec962 967be8caae8e4f56be9dd9d079533987 - - - -] volume service is down. (host: rack08-server75@lvm-1)
2022-04-29 06:36:32.024 11 WARNING cinder.scheduler.host_manager [req-180eafa6-957c-432e-9afd-f70447fcb700 aa840a740b0e4bc18bed8f35c07fa010 - - - -] volume service is down. (host: rack08-server75@lvm-1)
2022-04-29 06:36:34.917 11 WARNING cinder.scheduler.host_manager [req-85fba246-1e71-4fca-ae4c-0ed96b3945b6 aa840a740b0e4bc18bed8f35c07fa010 - - - -] volume service is down. (host: rack08-server75@lvm-1)
2022-04-29 06:36:37.120 11 WARNING cinder.scheduler.host_manager [req-69ecfa8e-26aa-4861-bb49-311a11022fa5 0b6a93cdf2004a908a052863cc25331c - - - -] volume service is down. (host: rack08-server75@lvm-1)
2022-04-29 06:36:39.882 11 WARNING cinder.scheduler.host_manager [req-22c0f62a-4c12-40f4-8b3a-07ffafd31fe5 0b6a93cdf2004a908a052863cc25331c - - - -] volume service is down. (host: rack08-server75@lvm-1)
2022-04-29 06:36:44.734 11 WARNING cinder.scheduler.host_manager [req-acd334c3-39d3-499f-9fd7-a7ed445855b4 0b6a93cdf2004a908a052863cc25331c - - - -] volume service is down. (host: rack08-server75@lvm-1)
2022-04-29 06:36:46.258 11 WARNING cinder.scheduler.host_manager [req-ac635681-1fe0-443e-9e98-09b9b01f3473 e99f660742d446119acb43f823a2008d - - - -] volume service is down. (host: rack08-server75@lvm-1)
2022-04-29 06:36:47.304 11 WARNING cinder.scheduler.host_manager [req-7e4f77c8-4bc8-447e-ada6-5f50edc8a6fb 0b6a93cdf2004a908a052863cc25331c - - - -] volume service is down. (host: rack08-server75@lvm-1)
2022-04-29 06:36:51.132 11 WARNING cinder.scheduler.host_manager [req-2f2d2eb3-9e60-4074-9c01-b0cd2e8268a8 0b6a93cdf2004a908a052863cc25331c - - - -] volume service is down. (host: rack08-server75@lvm-1)
2022-04-29 06:36:51.778 11 WARNING cinder.scheduler.host_manager [req-86ee2811-6343-4de8-a507-413c3555756a e99f660742d446119acb43f823a2008d - - - -] volume service is down. (host: rack08-server75@lvm-1)
2022-04-29 06:36:56.511 11 WARNING cinder.scheduler.host_manager [req-8baaa469-62a3-4be8-af1e-96f6e8dfd982 0b6a93cdf2004a908a052863cc25331c - - - -] volume service is down. (host: rack08-server75@lvm-1)
2022-04-29 06:37:01.161 11 WARNING cinder.scheduler.host_manager [req-e14507ca-16e5-48c0-8556-7ac3dcc9e08e ac81f9db2d324e08b8a8fe21baaff32c - - - -] volume service is down. (host: rack08-server75@lvm-1)
2022-04-29 06:37:06.687 11 WARNING cinder.scheduler.host_manager [req-f1440e4b-9600-4c31-b737-2620a2fa9b0f 0b6a93cdf2004a908a052863cc25331c - - - -] volume service is down. (host: rack08-server75@lvm-1)
2022-04-29 06:37:17.557 11 WARNING cinder.scheduler.host_manager [req-a3709917-e414-478d-908a-2ece0101bed1 be40b21ccd2a497cac455666e924d06d - - - -] volume service is down. (host: rack08-server75@lvm-1)
2022-04-29 06:37:19.939 11 WARNING cinder.scheduler.host_manager [req-bcaee039-e483-407e-9754-40cd05c2a882 be40b21ccd2a497cac455666e924d06d - - - -] volume service is down. (host: rack08-server75@lvm-1)
2022-04-29 06:37:22.255 11 WARNING cinder.scheduler.host_manager [req-3938afba-e9ff-475d-b0ef-39a2f5b150eb be40b21ccd2a497cac455666e924d06d - - - -] volume service is down. (host: rack08-server75@lvm-1)
2022-04-29 06:37:24.569 11 WARNING cinder.scheduler.host_manager [req-05a8ab7c-7173-427e-9189-cfeba271404e be40b21ccd2a497cac455666e924d06d - - - -] volume service is down. (host: rack08-server75@lvm-1)
2022-04-29 06:39:46.751 11 WARNING cinder.scheduler.host_manager [req-c7e30ede-29ef-42e9-8578-276901409b52 ac81f9db2d324e08b8a8fe21baaff32c - - - -] volume service is down. (host: rack08-server75@lvm-1)
2022-04-29 06:42:58.041 11 WARNING cinder.scheduler.host_manager [req-7e2cf384-46bb-4482-b3bd-aae65ef86014 f68a50af34484695acd9826cd23eed41 - - - -] volume service is down. (host: rack08-server75@lvm-1)
2022-04-29 06:43:09.068 11 WARNING cinder.scheduler.host_manager [req-59cb59fd-2296-44e2-b51f-a10d19568f9c f68a50af34484695acd9826cd23eed41 - - - -] volume service is down. (host: rack08-server75@lvm-1)
2022-04-29 06:43:16.246 11 WARNING cinder.scheduler.host_manager [req-97bb1c29-af71-404d-b5eb-d08c5a02056d f68a50af34484695acd9826cd23eed41 - - - -] volume service is down. (host: rack08-server75@lvm-1)
2022-04-29 06:43:18.829 11 WARNING cinder.scheduler.host_manager [req-c5c19f8e-9ea9-4660-9089-0297472d392a f68a50af34484695acd9826cd23eed41 - - - -] volume service is down. (host: rack08-server75@lvm-1)
2022-04-29 06:43:30.124 11 WARNING cinder.scheduler.host_manager [req-d8eaf5db-f784-4dc4-a213-6067229fc4ec e950fd102d8e43769c4034bf91152dbc - - - -] volume service is down. (host: rack08-server75@lvm-1)
2022-04-29 06:43:37.389 11 WARNING cinder.scheduler.host_manager [req-c1e1022b-4f0d-4958-ac2b-e00d8d989300 afa4befd37a14873b40a267f2c1fd881 - - - -] volume service is down. (host: rack08-server75@lvm-1)
2022-04-29 06:43:47.191 11 WARNING cinder.scheduler.host_manager [req-ebb7cd87-8cd7-49d6-a945-a9acc43597a3 afa4befd37a14873b40a267f2c1fd881 - - - -] volume service is down. (host: rack08-server75@lvm-1)
2022-04-29 06:43:48.771 11 WARNING cinder.scheduler.host_manager [req-b5d138e2-c47b-4b1b-8cd4-e821e605810f afa4befd37a14873b40a267f2c1fd881 - - - -] volume service is down. (host: rack08-server75@lvm-1)
2022-04-29 06:43:51.140 11 WARNING cinder.scheduler.host_manager [req-8e836902-d4d3-4a84-a562-0c0fb33533ac afa4befd37a14873b40a267f2c1fd881 - - - -] volume service is down. (host: rack08-server75@lvm-1)
2022-04-29 06:43:53.498 11 WARNING cinder.scheduler.host_manager [req-ce2d8536-9afa-4113-905b-53ce2c174947 afa4befd37a14873b40a267f2c1fd881 - - - -] volume service is down. (host: rack08-server75@lvm-1)
2022-04-29 06:44:01.545 11 WARNING cinder.scheduler.host_manager [req-1a01e890-b9dd-497a-9fcb-4a12c874cc83 8311e8d7adcf4e6aab919ccfdbeb6ddc - - - -] volume service is down. (host: rack08-server75@lvm-1)
2022-04-29 06:44:04.144 11 WARNING cinder.scheduler.host_manager [req-7ef6b05d-edee-4c8d-89b5-414fab5ebe09 8311e8d7adcf4e6aab919ccfdbeb6ddc - - - -] volume service is down. (host: rack08-server75@lvm-1)
2022-04-29 06:44:06.719 11 WARNING cinder.scheduler.host_manager [req-9b2aeea1-80fa-40ea-b093-e2fcd087a9a0 8311e8d7adcf4e6aab919ccfdbeb6ddc - - - -] volume service is down. (host: rack08-server75@lvm-1)
2022-04-29 06:44:18.063 11 WARNING cinder.scheduler.host_manager [req-621f0d04-453e-4b64-8570-7c03473baefc 8c98ea168c7b40e982156cc912f5af66 - - - -] volume service is down. (host: rack08-server75@lvm-1)
2022-04-29 06:44:44.808 11 WARNING cinder.scheduler.host_manager [req-c9cf307d-8884-40f8-96f7-97c7f9ce2244 e950fd102d8e43769c4034bf91152dbc - - - -] volume service is down. (host: rack08-server75@lvm-1)
2022-04-29 06:45:35.466 11 WARNING cinder.scheduler.host_manager [req-2bcc2bd1-74a6-4b3b-87d1-3b72c2970701 e950fd102d8e43769c4034bf91152dbc - - - -] volume service is down. (host: rack08-server75@lvm-1)
2022-04-29 06:45:40.898 11 WARNING cinder.scheduler.host_manager [req-3202eb8c-9dc2-43de-8fac-9b0f976f388d e950fd102d8e43769c4034bf91152dbc - - - -] volume service is down. (host: rack08-server75@lvm-1)
2022-04-29 06:45:43.215 11 WARNING cinder.scheduler.host_manager [req-0b55877e-ce58-415e-b06a-13c564e0639e e950fd102d8e43769c4034bf91152dbc - - - -] volume service is down. (host: rack08-server75@lvm-1)
2022-04-29 06:47:52.009 11 WARNING cinder.scheduler.host_manager [req-ed0fe5d4-8a69-4353-9fbf-16b5662aadf9 7b19c4d6ad2b4b55b24f247407b586bd - - - -] volume service is down. (host: rack08-server75@lvm-1)
2022-04-29 06:47:54.374 11 WARNING cinder.scheduler.host_manager [req-f8f0b4fb-f581-43aa-92e3-b0a20f5674e2 7b19c4d6ad2b4b55b24f247407b586bd - - - -] volume service is down. (host: rack08-server75@lvm-1)
2022-04-29 06:49:45.287 11 WARNING cinder.scheduler.host_manager [req-dfd5068e-5950-4afc-95c0-f1ec38e00d59 e950fd102d8e43769c4034bf91152dbc - - - -] volume service is down. (host: rack08-server75@lvm-1)
2022-04-29 06:49:48.870 11 WARNING cinder.scheduler.host_manager [req-5d9a2026-6490-43ce-9124-34eaa08a89e5 e950fd102d8e43769c4034bf91152dbc - - - -] volume service is down. (host: rack08-server75@lvm-1)
2022-04-29 06:51:44.743 11 WARNING cinder.scheduler.host_manager [req-69c9cbb1-2f6b-44e1-9739-f667fb4677c4 e950fd102d8e43769c4034bf91152dbc - - - -] volume service is down. (host: rack08-server75@lvm-1)
2022-04-29 06:51:47.051 11 WARNING cinder.scheduler.host_manager [req-35e055dc-2b95-4fea-90e0-225159b7a0ef e950fd102d8e43769c4034bf91152dbc - - - -] volume service is down. (host: rack08-server75@lvm-1)
2022-04-29 06:54:46.614 11 WARNING cinder.scheduler.host_manager [req-7785567e-473e-4b94-a1cf-63b92323cff6 e950fd102d8e43769c4034bf91152dbc - - - -] volume service is down. (host: rack08-server75@lvm-1)
2022-04-29 06:54:48.958 11 WARNING cinder.scheduler.host_manager [req-45a7fa02-7bfa-4cb0-821c-fe1dba7af5df e950fd102d8e43769c4034bf91152dbc - - - -] volume service is down. (host: rack08-server75@lvm-1)
2022-04-29 06:54:51.507 11 WARNING cinder.scheduler.host_manager [req-eb22861a-f348-4d65-8190-b4c55f0caf1c e950fd102d8e43769c4034bf91152dbc - - - -] volume service is down. (host: rack08-server75@lvm-1)
2022-04-29 06:54:55.252 11 WARNING cinder.scheduler.host_manager [req-a840bde4-34b7-4638-9af9-15c023852b5c e950fd102d8e43769c4034bf91152dbc - - - -] volume service is down. (host: rack08-server75@lvm-1)
2022-04-29 06:54:57.598 11 WARNING cinder.scheduler.host_manager [req-7530d5bd-8b14-45c9-80ea-7a66b50496ed e950fd102d8e43769c4034bf91152dbc - - - -] volume service is down. (host: rack08-server75@lvm-1)
2022-04-29 06:55:00.138 11 WARNING cinder.scheduler.host_manager [req-5afb43ae-2f12-465a-828f-92a77f91a4df e950fd102d8e43769c4034bf91152dbc - - - -] volume service is down. (host: rack08-server75@lvm-1)
2022-04-29 06:55:19.945 11 WARNING cinder.scheduler.host_manager [req-beaf72fb-e703-4934-b329-dc063c71f1c5 77739177b84c4fc8a9a114293474f60c - - - -] volume service is down. (host: rack08-server75@lvm-1)
2022-04-29 06:55:20.174 11 WARNING cinder.scheduler.host_manager [req-6542577f-9ad9-4f5f-9087-af32ea8b4ada d2b3eb6b8afc44979bfaf3f6190e1dc6 - - - -] volume service is down. (host: rack08-server75@lvm-1)
2022-04-29 06:55:20.688 11 WARNING cinder.scheduler.host_manager [req-815f0c59-9356-418f-85e0-befe958b3dc9 d2b3eb6b8afc44979bfaf3f6190e1dc6 - - - -] volume service is down. (host: rack08-server75@lvm-1)
2022-04-29 06:55:21.221 11 WARNING cinder.scheduler.host_manager [req-942228bc-e98a-41eb-933c-f5cf5914990e d2b3eb6b8afc44979bfaf3f6190e1dc6 - - - -] volume service is down. (host: rack08-server75@lvm-1)
2022-04-29 06:55:21.725 11 WARNING cinder.scheduler.host_manager [req-058aedc1-fa4b-44d2-8fcf-16c3181a5e93 d2b3eb6b8afc44979bfaf3f6190e1dc6 - - - -] volume service is down. (host: rack08-server75@lvm-1)
2022-04-29 06:55:22.224 11 WARNING cinder.scheduler.host_manager [req-cc388918-7e92-4954-956d-b103635ef789 d2b3eb6b8afc44979bfaf3f6190e1dc6 - - - -] volume service is down. (host: rack08-server75@lvm-1)
2022-04-29 06:55:22.520 11 WARNING cinder.scheduler.host_manager [req-bca9f2b3-b845-49e6-9c37-5fdbdc19afc3 77739177b84c4fc8a9a114293474f60c - - - -] volume service is down. (host: rack08-server75@lvm-1)
2022-04-29 06:55:24.933 11 WARNING cinder.scheduler.host_manager [req-129adaab-31c9-409b-983c-d7a9437d90b0 77739177b84c4fc8a9a114293474f60c - - - -] volume service is down. (host: rack08-server75@lvm-1)
