Build Started 16_08_2022_12_57_09
2022-08-16 15:59:12.523 7 WARNING cinder.scheduler.host_manager [req-400b1dc8-242c-4c01-9ecf-2e7fb2f37f7d req-85843335-e033-413d-8b05-101008895af4 08e0b3467d7e4b898c7d73726d8c2277 eb3dca5fb3b74772bfff2bd638d2de66 - - - -] volume service is down. (host: rack08-server59@lvm-1)
2022-08-16 15:59:12.633 7 WARNING cinder.scheduler.host_manager [None req-4dbc7f81-7504-47df-a509-467bb6544653 650a622a3a194990a709ad1fece397df dabcafe5382d48f18772987972117732 - - - -] volume service is down. (host: rack08-server59@lvm-1)
2022-08-16 15:59:14.180 7 WARNING cinder.scheduler.host_manager [req-fd75a13d-c97b-4fe0-8d88-69367dc89928 req-7123063c-3058-4945-8a9d-346e95b46773 08e0b3467d7e4b898c7d73726d8c2277 eb3dca5fb3b74772bfff2bd638d2de66 - - - -] volume service is down. (host: rack08-server59@lvm-1)
2022-08-16 15:59:20.677 7 WARNING cinder.scheduler.host_manager [req-86aae7a5-45a6-4a4d-b6d7-28d31f4b1d27 req-bab4020a-6789-4d6c-aaed-6864e78fdee0 0520e210cd5743dcba121b34a66a0d44 5493543d81f446de9386cbdd2372052e - - - -] volume service is down. (host: rack08-server59@lvm-1)
2022-08-16 15:59:20.931 7 WARNING cinder.scheduler.host_manager [None req-2945210d-c08a-459b-b51c-d2df2aa05eaa 9b0fbff7e0d5445d8c5766ec32d1996d 2479910b28e248e986fb89bc939c0a24 - - - -] volume service is down. (host: rack08-server59@lvm-1)
2022-08-16 15:59:20.938 7 WARNING cinder.scheduler.host_manager [None req-2945210d-c08a-459b-b51c-d2df2aa05eaa 9b0fbff7e0d5445d8c5766ec32d1996d 2479910b28e248e986fb89bc939c0a24 - - - -] volume service is down. (host: rack08-server59@lvm-1)
2022-08-16 15:59:22.327 7 WARNING cinder.scheduler.host_manager [None req-2d3d504f-1c91-4c63-b631-2b4dc151c0fa 9b0fbff7e0d5445d8c5766ec32d1996d 2479910b28e248e986fb89bc939c0a24 - - - -] volume service is down. (host: rack08-server59@lvm-1)
2022-08-16 15:59:25.997 7 WARNING cinder.scheduler.host_manager [None req-521ac862-8704-4226-a0a2-80e533c565f3 9b0fbff7e0d5445d8c5766ec32d1996d 2479910b28e248e986fb89bc939c0a24 - - - -] volume service is down. (host: rack08-server59@lvm-1)
2022-08-16 15:59:27.477 7 WARNING cinder.scheduler.host_manager [None req-14817427-708c-472b-9508-079af6121fe8 f96f8ecafa594bf682ffcf50fa5b4cfe db32fd2875fe456296cf9dc9705d1c18 - - - -] volume service is down. (host: rack08-server59@lvm-1)
2022-08-16 15:59:27.485 7 WARNING cinder.scheduler.host_manager [None req-14817427-708c-472b-9508-079af6121fe8 f96f8ecafa594bf682ffcf50fa5b4cfe db32fd2875fe456296cf9dc9705d1c18 - - - -] volume service is down. (host: rack08-server59@lvm-1)
2022-08-16 15:59:28.669 7 WARNING cinder.scheduler.host_manager [None req-3f20242e-035a-400a-916c-0a9ff8b689fb f96f8ecafa594bf682ffcf50fa5b4cfe db32fd2875fe456296cf9dc9705d1c18 - - - -] volume service is down. (host: rack08-server59@lvm-1)
2022-08-16 15:59:28.676 7 WARNING cinder.scheduler.host_manager [None req-3f20242e-035a-400a-916c-0a9ff8b689fb f96f8ecafa594bf682ffcf50fa5b4cfe db32fd2875fe456296cf9dc9705d1c18 - - - -] volume service is down. (host: rack08-server59@lvm-1)
2022-08-16 15:59:30.031 7 WARNING cinder.scheduler.host_manager [None req-ccf7bed6-035c-48ff-b3db-52c9521564b0 f96f8ecafa594bf682ffcf50fa5b4cfe db32fd2875fe456296cf9dc9705d1c18 - - - -] volume service is down. (host: rack08-server59@lvm-1)
2022-08-16 15:59:31.638 7 WARNING cinder.scheduler.host_manager [None req-0e8e3b56-b62a-412f-90aa-170f33164b0a 9b0fbff7e0d5445d8c5766ec32d1996d 2479910b28e248e986fb89bc939c0a24 - - - -] volume service is down. (host: rack08-server59@lvm-1)
2022-08-16 15:59:31.645 7 WARNING cinder.scheduler.host_manager [None req-0e8e3b56-b62a-412f-90aa-170f33164b0a 9b0fbff7e0d5445d8c5766ec32d1996d 2479910b28e248e986fb89bc939c0a24 - - - -] volume service is down. (host: rack08-server59@lvm-1)
2022-08-16 15:59:32.993 7 WARNING cinder.scheduler.host_manager [None req-147e6ec3-6af6-4a27-9e40-1c860d54243e 9b0fbff7e0d5445d8c5766ec32d1996d 2479910b28e248e986fb89bc939c0a24 - - - -] volume service is down. (host: rack08-server59@lvm-1)
2022-08-16 15:59:34.171 7 WARNING cinder.scheduler.host_manager [None req-ef3086fe-87d2-405c-bf48-b621cc2d09c2 f96f8ecafa594bf682ffcf50fa5b4cfe db32fd2875fe456296cf9dc9705d1c18 - - - -] volume service is down. (host: rack08-server59@lvm-1)
2022-08-16 15:59:34.178 7 WARNING cinder.scheduler.host_manager [None req-ef3086fe-87d2-405c-bf48-b621cc2d09c2 f96f8ecafa594bf682ffcf50fa5b4cfe db32fd2875fe456296cf9dc9705d1c18 - - - -] volume service is down. (host: rack08-server59@lvm-1)
2022-08-16 15:59:34.386 7 WARNING cinder.scheduler.host_manager [None req-7f21eb24-45e7-498d-a456-073ed12043ff 9b0fbff7e0d5445d8c5766ec32d1996d 2479910b28e248e986fb89bc939c0a24 - - - -] volume service is down. (host: rack08-server59@lvm-1)
2022-08-16 15:59:35.559 7 WARNING cinder.scheduler.host_manager [None req-06a43f2b-c948-45db-9124-ac62c63ffd69 f96f8ecafa594bf682ffcf50fa5b4cfe db32fd2875fe456296cf9dc9705d1c18 - - - -] volume service is down. (host: rack08-server59@lvm-1)
2022-08-16 15:59:38.067 7 WARNING cinder.scheduler.host_manager [None req-3c7c5a30-1fad-46da-b9d9-2aa156866a3f f96f8ecafa594bf682ffcf50fa5b4cfe db32fd2875fe456296cf9dc9705d1c18 - - - -] volume service is down. (host: rack08-server59@lvm-1)
2022-08-16 15:59:39.161 7 WARNING cinder.scheduler.host_manager [None req-7653d9c1-7caa-4794-905c-0911d0b168a6 650a622a3a194990a709ad1fece397df dabcafe5382d48f18772987972117732 - - - -] volume service is down. (host: rack08-server59@lvm-1)
2022-08-16 15:59:47.664 7 WARNING cinder.scheduler.host_manager [None req-35843391-4b50-4f62-bf34-8014bf69e9e3 9b0fbff7e0d5445d8c5766ec32d1996d 2479910b28e248e986fb89bc939c0a24 - - - -] volume service is down. (host: rack08-server59@lvm-1)
2022-08-16 15:59:47.671 7 WARNING cinder.scheduler.host_manager [None req-35843391-4b50-4f62-bf34-8014bf69e9e3 9b0fbff7e0d5445d8c5766ec32d1996d 2479910b28e248e986fb89bc939c0a24 - - - -] volume service is down. (host: rack08-server59@lvm-1)
2022-08-16 15:59:49.013 7 WARNING cinder.scheduler.host_manager [None req-8b333b48-142c-46d0-91bd-2a57a921670b 9b0fbff7e0d5445d8c5766ec32d1996d 2479910b28e248e986fb89bc939c0a24 - - - -] volume service is down. (host: rack08-server59@lvm-1)
2022-08-16 15:59:52.707 7 WARNING cinder.scheduler.host_manager [None req-2680707a-6060-4e21-b69b-3e2521b47321 abcc2b9cd1a641d5afd07f58f34a6630 0117aa0a8de54f94afb3fed60df892f9 - - - -] volume service is down. (host: rack08-server59@lvm-1)
2022-08-16 16:00:02.036 7 WARNING cinder.scheduler.host_manager [None req-29317290-c663-4dc9-8ec4-288e29fb64ec eb608225eb964c1aabc621a87e2073f5 976243f92a544f04bedc52501ee7dd68 - - - -] volume service is down. (host: rack08-server59@lvm-1)
2022-08-16 16:00:03.349 7 WARNING cinder.scheduler.host_manager [None req-9beac7ae-2aac-4490-a01b-c2e827f277d0 eb608225eb964c1aabc621a87e2073f5 976243f92a544f04bedc52501ee7dd68 - - - -] volume service is down. (host: rack08-server59@lvm-1)
2022-08-16 16:00:13.959 7 WARNING cinder.scheduler.host_manager [None req-9c34c754-6a81-414c-9856-a87e054e93d7 8c3cfe5576b54d27a28078922f6a8844 0082f6b3df8745dfbfd4cf509ead13e1 - - - -] volume service is down. (host: rack08-server59@lvm-1)
2022-08-16 16:00:13.967 7 WARNING cinder.scheduler.host_manager [None req-9c34c754-6a81-414c-9856-a87e054e93d7 8c3cfe5576b54d27a28078922f6a8844 0082f6b3df8745dfbfd4cf509ead13e1 - - - -] volume service is down. (host: rack08-server59@lvm-1)
2022-08-16 16:00:15.364 7 WARNING cinder.scheduler.host_manager [None req-31b7f952-dca3-46c9-8203-548d3f5a0b08 8c3cfe5576b54d27a28078922f6a8844 0082f6b3df8745dfbfd4cf509ead13e1 - - - -] volume service is down. (host: rack08-server59@lvm-1)
2022-08-16 16:00:16.643 7 WARNING cinder.scheduler.host_manager [None req-0db3e813-c1c7-41c4-a2dc-89c5216c50ce 8c3cfe5576b54d27a28078922f6a8844 0082f6b3df8745dfbfd4cf509ead13e1 - - - -] volume service is down. (host: rack08-server59@lvm-1)
2022-08-16 16:00:26.894 7 WARNING cinder.scheduler.host_manager [None req-ecea485e-d769-4ced-99e2-15eca8a4c2f1 f5fcdaca127849e4aaf1bb519d6f029c 740c9e6037c64bdfb011e3d81b5c9c35 - - - -] volume service is down. (host: rack08-server59@lvm-1)
2022-08-16 16:00:26.900 7 WARNING cinder.scheduler.host_manager [None req-ecea485e-d769-4ced-99e2-15eca8a4c2f1 f5fcdaca127849e4aaf1bb519d6f029c 740c9e6037c64bdfb011e3d81b5c9c35 - - - -] volume service is down. (host: rack08-server59@lvm-1)
2022-08-16 16:00:31.343 7 WARNING cinder.scheduler.host_manager [None req-2eadf20a-de4e-450e-a8f1-a91f9e89203b 2bd42896961c4a1baa7c6151ede9fd52 aba2997ddf8f4ccfb9f31d7683a53470 - - - -] volume service is down. (host: rack08-server59@lvm-1)
2022-08-16 16:00:34.536 7 WARNING cinder.scheduler.host_manager [None req-8cfa917d-a267-46e4-a6b8-d4c0b8afd01b a1e978a7a38746f6a906037ccbd4350b eb70979979c7452cb0c505b0de60f3b7 - - - -] volume service is down. (host: rack08-server59@lvm-1)
2022-08-16 16:00:35.760 7 WARNING cinder.scheduler.host_manager [None req-d6e14ed5-6a69-4cb5-890a-8e2e50a6209f a1e978a7a38746f6a906037ccbd4350b eb70979979c7452cb0c505b0de60f3b7 - - - -] volume service is down. (host: rack08-server59@lvm-1)
2022-08-16 16:00:36.050 7 WARNING cinder.scheduler.host_manager [None req-d8a526c3-bf21-45dd-b17d-3ff5b68dff54 2bd42896961c4a1baa7c6151ede9fd52 aba2997ddf8f4ccfb9f31d7683a53470 - - - -] volume service is down. (host: rack08-server59@lvm-1)
2022-08-16 16:00:38.313 7 WARNING cinder.scheduler.host_manager [None req-370a74f4-310c-4871-a875-c48ccbd189d0 a1e978a7a38746f6a906037ccbd4350b eb70979979c7452cb0c505b0de60f3b7 - - - -] volume service is down. (host: rack08-server59@lvm-1)
2022-08-16 16:00:38.653 7 WARNING cinder.scheduler.host_manager [None req-f36a963a-ee5a-41a0-a528-fd00acba328f 2bd42896961c4a1baa7c6151ede9fd52 aba2997ddf8f4ccfb9f31d7683a53470 - - - -] volume service is down. (host: rack08-server59@lvm-1)
2022-08-16 16:00:41.245 7 WARNING cinder.scheduler.host_manager [None req-a46b1e8c-d4a5-49a8-9267-cc33868719f5 2bd42896961c4a1baa7c6151ede9fd52 aba2997ddf8f4ccfb9f31d7683a53470 - - - -] volume service is down. (host: rack08-server59@lvm-1)
2022-08-16 16:00:41.841 7 WARNING cinder.scheduler.host_manager [None req-9c05d486-cf1a-46fe-a60e-9a6a7a257909 a1e978a7a38746f6a906037ccbd4350b eb70979979c7452cb0c505b0de60f3b7 - - - -] volume service is down. (host: rack08-server59@lvm-1)
2022-08-16 16:00:43.891 7 WARNING cinder.scheduler.host_manager [None req-d51a18bf-df2f-431f-aaaf-6b79d8c77389 2bd42896961c4a1baa7c6151ede9fd52 aba2997ddf8f4ccfb9f31d7683a53470 - - - -] volume service is down. (host: rack08-server59@lvm-1)
2022-08-16 16:00:45.455 7 WARNING cinder.scheduler.host_manager [None req-3e27f651-f2d0-4dea-8cd7-be93c4d852a0 a1e978a7a38746f6a906037ccbd4350b eb70979979c7452cb0c505b0de60f3b7 - - - -] volume service is down. (host: rack08-server59@lvm-1)
2022-08-16 16:00:46.552 7 WARNING cinder.scheduler.host_manager [None req-aefcb82c-90e4-4d1c-928c-92f28198f6b2 2bd42896961c4a1baa7c6151ede9fd52 aba2997ddf8f4ccfb9f31d7683a53470 - - - -] volume service is down. (host: rack08-server59@lvm-1)
2022-08-16 16:00:49.011 7 WARNING cinder.scheduler.host_manager [None req-78ab4b7e-180e-4601-abc4-58dc5f2b621a a1e978a7a38746f6a906037ccbd4350b eb70979979c7452cb0c505b0de60f3b7 - - - -] volume service is down. (host: rack08-server59@lvm-1)
2022-08-16 16:00:51.478 7 WARNING cinder.scheduler.host_manager [None req-814bf4eb-c181-4bd7-9bc8-afb7746bf9ba 650a622a3a194990a709ad1fece397df dabcafe5382d48f18772987972117732 - - - -] volume service is down. (host: rack08-server59@lvm-1)
2022-08-16 16:00:55.689 7 WARNING cinder.scheduler.host_manager [None req-021141d4-9416-4b7d-a1a7-43d24fb09a16 2ee85cf8ae104f73bb5e89b6960c7fbc 42f88f30fdc84e85bea1596e11273e55 - - - -] volume service is down. (host: rack08-server59@lvm-1)
2022-08-16 16:00:57.068 7 WARNING cinder.scheduler.host_manager [None req-1f8fb61f-8577-4dee-b467-f375f194f39d 2ee85cf8ae104f73bb5e89b6960c7fbc 42f88f30fdc84e85bea1596e11273e55 - - - -] volume service is down. (host: rack08-server59@lvm-1)
2022-08-16 16:00:58.415 7 WARNING cinder.scheduler.host_manager [None req-c42bf4d0-bc56-4d69-bba3-81fa3757ccda 2ee85cf8ae104f73bb5e89b6960c7fbc 42f88f30fdc84e85bea1596e11273e55 - - - -] volume service is down. (host: rack08-server59@lvm-1)
2022-08-16 16:01:00.022 7 WARNING cinder.scheduler.host_manager [None req-b86fc4c7-0cbf-40ab-a0e4-0f2d41e9ab72 23d65e598bf8448b999031c04e1d5390 b4f894a3676c4bd4acb575a4427b47c9 - - - -] volume service is down. (host: rack08-server59@lvm-1)
2022-08-16 16:01:00.112 7 WARNING cinder.scheduler.host_manager [None req-427d37b5-e51f-45e4-9378-53c5d59e5036 45f69715a5864f51a1a6765059dbd095 450a52a1c53147fdbbff896724014a40 - - - -] volume service is down. (host: rack08-server59@lvm-1)
2022-08-16 16:01:08.931 7 WARNING cinder.scheduler.host_manager [req-a3f911b7-0cdc-4342-a68e-f497f7f6b64e req-e53f4b66-6326-4583-8c05-27956c2c40b5 650a622a3a194990a709ad1fece397df dabcafe5382d48f18772987972117732 - - - -] volume service is down. (host: rack08-server59@lvm-1)
2022-08-16 16:01:13.129 7 WARNING cinder.scheduler.host_manager [None req-2e7a1253-8a12-4ca0-9675-f7ad0b888e86 17922dab36e94ef993292493406f676d 67e4da5c60e940b38afeebae5f391b98 - - - -] volume service is down. (host: rack08-server59@lvm-1)
2022-08-16 16:01:15.404 7 WARNING cinder.scheduler.host_manager [None req-d856a830-6dec-42d0-a5dd-9f5cb69f5177 17922dab36e94ef993292493406f676d 67e4da5c60e940b38afeebae5f391b98 - - - -] volume service is down. (host: rack08-server59@lvm-1)
2022-08-16 16:01:16.590 7 WARNING cinder.scheduler.host_manager [None req-c4aeea1d-e591-46b0-af4e-b81f039cd7bd e729f1b165d843448ba95fe5a7529c1f f6739ca1fcf54bfe9a37d07db442ff02 - - - -] volume service is down. (host: rack08-server59@lvm-1)
2022-08-16 16:01:23.491 7 WARNING cinder.scheduler.host_manager [None req-46558d0c-ede2-4c69-886b-b23a35740197 8609c8f91a764562bfaf50accdc5b1af d9d6be7c07d347b6b81e355fa15ef298 - - - -] volume service is down. (host: rack08-server59@lvm-1)
2022-08-16 16:01:25.965 7 WARNING cinder.scheduler.host_manager [None req-23dd0fce-7b14-4fc0-9d0c-d8b222a35ee0 8609c8f91a764562bfaf50accdc5b1af d9d6be7c07d347b6b81e355fa15ef298 - - - -] volume service is down. (host: rack08-server59@lvm-1)
2022-08-16 16:01:26.042 7 WARNING cinder.scheduler.host_manager [None req-72867ffc-7479-4ca9-88c2-8fc156ac7fba 2aee35655c3d44c68ed6c677226d9986 8b118ec1906944ddbacb22a85a061ef5 - - - -] volume service is down. (host: rack08-server59@lvm-1)
2022-08-16 16:01:27.361 7 WARNING cinder.scheduler.host_manager [None req-bf9db3f0-e17f-4d6c-9fde-dc7bbe3ae9c6 8609c8f91a764562bfaf50accdc5b1af d9d6be7c07d347b6b81e355fa15ef298 - - - -] volume service is down. (host: rack08-server59@lvm-1)
2022-08-16 16:01:29.589 7 WARNING cinder.scheduler.host_manager [None req-cda1a2b3-1c82-4077-a830-54a1ad832853 2aee35655c3d44c68ed6c677226d9986 8b118ec1906944ddbacb22a85a061ef5 - - - -] volume service is down. (host: rack08-server59@lvm-1)
2022-08-16 16:01:35.957 7 WARNING cinder.scheduler.host_manager [None req-fb22be83-d6ac-4e2b-bd01-18c17f1564e9 d3794f5e09b44e988899c79bdb6755a3 abd6ba3ad534497cb201d679b12cc0ac - - - -] volume service is down. (host: rack08-server59@lvm-1)
2022-08-16 16:01:37.720 7 WARNING cinder.scheduler.host_manager [None req-dc9c299f-5a85-40c5-a0af-0229f93d28eb 21d56620c27f47bd8efd774e230b5b3c 6eb16b2538b048288564a430fd0b9d01 - - - -] volume service is down. (host: rack08-server59@lvm-1)
2022-08-16 16:01:37.759 7 WARNING cinder.scheduler.host_manager [None req-47b61e22-2b0c-4c07-9438-b3ac2486d7d3 21d56620c27f47bd8efd774e230b5b3c 6eb16b2538b048288564a430fd0b9d01 - - - -] volume service is down. (host: rack08-server59@lvm-1)
2022-08-16 16:01:37.859 7 WARNING cinder.scheduler.host_manager [None req-71d92e92-5430-4855-9a98-bb48bf70c218 31b77a57993747d2b6cabb9484b6a8dc 6f9ecb7519b64eb4acc139b65de35d59 - - - -] volume service is down. (host: rack08-server59@lvm-1)
2022-08-16 16:01:41.591 7 WARNING cinder.scheduler.host_manager [None req-6d5ebea5-094d-44bf-ae42-b59c6e84009b 31b77a57993747d2b6cabb9484b6a8dc 6f9ecb7519b64eb4acc139b65de35d59 - - - -] volume service is down. (host: rack08-server59@lvm-1)
2022-08-16 16:01:47.923 7 WARNING cinder.scheduler.host_manager [None req-7f8ff644-1b50-41b0-9dfb-2b870d159ccf d3794f5e09b44e988899c79bdb6755a3 abd6ba3ad534497cb201d679b12cc0ac - - - -] volume service is down. (host: rack08-server59@lvm-1)
2022-08-16 16:01:48.763 7 WARNING cinder.scheduler.host_manager [None req-6aaab3c4-c840-4359-8329-d34669751d43 9c297a879e7942a598504b929ab5fb3c 085ec0eb1cb14a9db0d57cfe977143b9 - - - -] volume service is down. (host: rack08-server59@lvm-1)
2022-08-16 16:01:48.931 7 WARNING cinder.scheduler.host_manager [None req-51284b67-f543-47f1-8643-8bb0204bc4c3 e7fa3059dbb14e61b1d865d583fdc18a 54d98f2f43b8439d891a5ec2380136af - - - -] volume service is down. (host: rack08-server59@lvm-1)
2022-08-16 16:01:48.931 7 INFO cinder.scheduler.base_filter [None req-51284b67-f543-47f1-8643-8bb0204bc4c3 e7fa3059dbb14e61b1d865d583fdc18a 54d98f2f43b8439d891a5ec2380136af - - - -] Filtering removed all hosts for the request with volume ID '9f85f4d8-b76a-48bc-b765-97345d199e0d'. Filter results: AvailabilityZoneFilter: (start: 1, end: 1), CapacityFilter: (start: 1, end: 1), CapabilitiesFilter: (start: 1, end: 0)
2022-08-16 16:01:48.932 7 WARNING cinder.scheduler.filter_scheduler [None req-51284b67-f543-47f1-8643-8bb0204bc4c3 e7fa3059dbb14e61b1d865d583fdc18a 54d98f2f43b8439d891a5ec2380136af - - - -] No weighed backend found for volume with properties: {'id': 'fa422fc1-c141-4bb2-a75b-55f64179f37e', 'name': 'tempest-UserMessagesTest-volume-type-811827767', 'description': None, 'is_public': True, 'projects': [], 'extra_specs': {'storage_protocol': 'tempest-storage_protocol-264869681', 'vendor_name': 'tempest-vendor_name-198716383'}, 'qos_specs_id': None, 'created_at': '2022-08-16T13:01:48.000000', 'updated_at': None, 'deleted_at': None, 'deleted': False}
2022-08-16 16:01:48.932 7 INFO cinder.message.api [None req-51284b67-f543-47f1-8643-8bb0204bc4c3 e7fa3059dbb14e61b1d865d583fdc18a 54d98f2f43b8439d891a5ec2380136af - - - -] Creating message record for request_id = req-51284b67-f543-47f1-8643-8bb0204bc4c3
2022-08-16 16:01:48.938 7 ERROR cinder.scheduler.flows.create_volume [None req-51284b67-f543-47f1-8643-8bb0204bc4c3 e7fa3059dbb14e61b1d865d583fdc18a 54d98f2f43b8439d891a5ec2380136af - - - -] Failed to run task cinder.scheduler.flows.create_volume.ScheduleCreateVolumeTask;volume:create: No valid backend was found. No weighed backends available: cinder.exception.NoValidBackend: No valid backend was found. No weighed backends available
2022-08-16 16:01:50.392 7 WARNING cinder.scheduler.host_manager [None req-b2ffde16-fcbb-4593-b0cb-fc359a890a77 e7fa3059dbb14e61b1d865d583fdc18a 54d98f2f43b8439d891a5ec2380136af - - - -] volume service is down. (host: rack08-server59@lvm-1)
2022-08-16 16:01:50.393 7 INFO cinder.scheduler.base_filter [None req-b2ffde16-fcbb-4593-b0cb-fc359a890a77 e7fa3059dbb14e61b1d865d583fdc18a 54d98f2f43b8439d891a5ec2380136af - - - -] Filtering removed all hosts for the request with volume ID '0159593c-338a-42cb-b0d6-29a513ba5f6e'. Filter results: AvailabilityZoneFilter: (start: 1, end: 1), CapacityFilter: (start: 1, end: 1), CapabilitiesFilter: (start: 1, end: 0)
2022-08-16 16:01:50.394 7 WARNING cinder.scheduler.filter_scheduler [None req-b2ffde16-fcbb-4593-b0cb-fc359a890a77 e7fa3059dbb14e61b1d865d583fdc18a 54d98f2f43b8439d891a5ec2380136af - - - -] No weighed backend found for volume with properties: {'id': '51e92978-1533-4331-86e1-0839e5b38c4f', 'name': 'tempest-UserMessagesTest-volume-type-61159034', 'description': None, 'is_public': True, 'projects': [], 'extra_specs': {'storage_protocol': 'tempest-storage_protocol-438736470', 'vendor_name': 'tempest-vendor_name-301822561'}, 'qos_specs_id': None, 'created_at': '2022-08-16T13:01:50.000000', 'updated_at': None, 'deleted_at': None, 'deleted': False}
2022-08-16 16:01:50.394 7 INFO cinder.message.api [None req-b2ffde16-fcbb-4593-b0cb-fc359a890a77 e7fa3059dbb14e61b1d865d583fdc18a 54d98f2f43b8439d891a5ec2380136af - - - -] Creating message record for request_id = req-b2ffde16-fcbb-4593-b0cb-fc359a890a77
2022-08-16 16:01:50.399 7 ERROR cinder.scheduler.flows.create_volume [None req-b2ffde16-fcbb-4593-b0cb-fc359a890a77 e7fa3059dbb14e61b1d865d583fdc18a 54d98f2f43b8439d891a5ec2380136af - - - -] Failed to run task cinder.scheduler.flows.create_volume.ScheduleCreateVolumeTask;volume:create: No valid backend was found. No weighed backends available: cinder.exception.NoValidBackend: No valid backend was found. No weighed backends available
2022-08-16 16:01:51.424 7 WARNING cinder.scheduler.host_manager [None req-9e606e8d-35d1-4207-839c-1eaf8b396b27 d3794f5e09b44e988899c79bdb6755a3 abd6ba3ad534497cb201d679b12cc0ac - - - -] volume service is down. (host: rack08-server59@lvm-1)
2022-08-16 16:01:52.812 7 WARNING cinder.scheduler.host_manager [None req-92d91326-80b3-40c5-a253-7e5ebc539ef0 d3794f5e09b44e988899c79bdb6755a3 abd6ba3ad534497cb201d679b12cc0ac - - - -] volume service is down. (host: rack08-server59@lvm-1)
2022-08-16 16:01:56.745 7 WARNING cinder.scheduler.host_manager [None req-5d5f5004-b50e-4e28-a2d5-5b1b1f21134b e72afed5bb1a4c90b70924cf0a2bc408 4f5c11cdfdbe4a37b9ee3b39a91e1434 - - - -] volume service is down. (host: rack08-server59@lvm-1)
2022-08-16 16:02:05.451 7 WARNING cinder.scheduler.host_manager [None req-3d9f713e-694b-4e53-81b9-2fd505ef2a55 7bff62250bad4bc4a82b2f9dfd3babb0 c1a58388f6464d5ab05577d86049d93e - - - -] volume service is down. (host: rack08-server59@lvm-1)
2022-08-16 16:02:09.078 7 WARNING cinder.scheduler.host_manager [None req-7c0a0fe6-5bac-4fed-bddc-8e87f4d6d111 ad5e792818cd4ab189f9ac5a8652f528 689dd10652fa45b69c1265b79c69c947 - - - -] volume service is down. (host: rack08-server59@lvm-1)
2022-08-16 16:02:12.681 7 WARNING cinder.scheduler.host_manager [None req-887a89e9-7296-4dac-a3de-6a0ff74f2060 ad5e792818cd4ab189f9ac5a8652f528 689dd10652fa45b69c1265b79c69c947 - - - -] volume service is down. (host: rack08-server59@lvm-1)
2022-08-16 16:02:13.367 7 WARNING cinder.scheduler.host_manager [None req-c1c802df-2131-4c92-8cc6-108813bc8f53 7bff62250bad4bc4a82b2f9dfd3babb0 c1a58388f6464d5ab05577d86049d93e - - - -] volume service is down. (host: rack08-server59@lvm-1)
2022-08-16 16:02:22.945 7 WARNING cinder.scheduler.host_manager [None req-9f97b683-e728-400a-8078-0e853bc82f90 2f82675a52e34e49940b1ff25df431f2 9ba02353369543fcb5610224e4c9c5e1 - - - -] volume service is down. (host: rack08-server59@lvm-1)
2022-08-16 16:02:24.204 7 WARNING cinder.scheduler.host_manager [None req-615e3a65-d4ae-4b64-afe3-85f6c36c6844 d1ca22da52a74b79ad80c111e9511179 0b113f3c50584841bcda1d97fa65ae33 - - - -] volume service is down. (host: rack08-server59@lvm-1)
2022-08-16 16:02:24.577 7 WARNING cinder.scheduler.host_manager [None req-a364c4e2-9b14-417f-8978-fe9cdc6bc042 05c1934fbbaf4a539b2202625f40bbce 36c3bf6c0d0f45eeb042e648d443815d - - - -] volume service is down. (host: rack08-server59@lvm-1)
2022-08-16 16:02:26.498 7 WARNING cinder.scheduler.host_manager [None req-20fbaabf-8587-438a-9f80-778a3d82c12d d1ca22da52a74b79ad80c111e9511179 0b113f3c50584841bcda1d97fa65ae33 - - - -] volume service is down. (host: rack08-server59@lvm-1)
2022-08-16 16:02:30.886 7 WARNING cinder.scheduler.host_manager [None req-7887bdda-1e03-42be-818f-69541f7a7cab 2f82675a52e34e49940b1ff25df431f2 9ba02353369543fcb5610224e4c9c5e1 - - - -] volume service is down. (host: rack08-server59@lvm-1)
2022-08-16 16:02:35.288 7 WARNING cinder.scheduler.host_manager [None req-058f149e-7c89-47cf-aa5a-5a3b3c012c3c 05c1934fbbaf4a539b2202625f40bbce 36c3bf6c0d0f45eeb042e648d443815d - - - -] volume service is down. (host: rack08-server59@lvm-1)
2022-08-16 16:02:36.706 7 WARNING cinder.scheduler.host_manager [None req-f2683c59-d080-4760-91a0-3840035ccfda 05c1934fbbaf4a539b2202625f40bbce 36c3bf6c0d0f45eeb042e648d443815d - - - -] volume service is down. (host: rack08-server59@lvm-1)
2022-08-16 16:02:37.936 7 WARNING cinder.scheduler.host_manager [None req-384b1eb3-a03a-46e2-bcf2-3c22f5b22691 05c1934fbbaf4a539b2202625f40bbce 36c3bf6c0d0f45eeb042e648d443815d - - - -] volume service is down. (host: rack08-server59@lvm-1)
2022-08-16 16:02:40.194 7 WARNING cinder.scheduler.host_manager [None req-a7c36898-d610-42ea-ab54-cd914d5c94e8 05c1934fbbaf4a539b2202625f40bbce 36c3bf6c0d0f45eeb042e648d443815d - - - -] volume service is down. (host: rack08-server59@lvm-1)
2022-08-16 16:02:41.726 7 WARNING cinder.scheduler.host_manager [None req-97692687-343d-4267-84eb-7b6f793bee8c c7fd39e517194460a259003947b8f76b 85ac8d0627104f11aa75f4281afff80a - - - -] volume service is down. (host: rack08-server59@lvm-1)
2022-08-16 16:02:45.237 7 WARNING cinder.scheduler.host_manager [None req-8a9a8ab3-1951-4533-a63e-d45e0c9a8661 2f82675a52e34e49940b1ff25df431f2 9ba02353369543fcb5610224e4c9c5e1 - - - -] volume service is down. (host: rack08-server59@lvm-1)
2022-08-16 16:02:47.324 7 WARNING cinder.scheduler.host_manager [None req-9e170809-c480-4497-8d54-200db34cc04c e13050bb070e4cb3b384b74c692b2579 4ea18290be554ce681cddeaee442a2ec - - - -] volume service is down. (host: rack08-server59@lvm-1)
2022-08-16 16:02:47.478 7 WARNING cinder.scheduler.host_manager [None req-6453bbdd-666f-4b1d-87fe-c83e3e2826e5 2f82675a52e34e49940b1ff25df431f2 9ba02353369543fcb5610224e4c9c5e1 - - - -] volume service is down. (host: rack08-server59@lvm-1)
2022-08-16 16:02:47.595 7 WARNING cinder.scheduler.host_manager [None req-2a51374e-b171-456e-a2e1-33dd29968251 6e1e46a2fa0949039a460108f58eb36b 8917b19fc4a94c378bd3ea069322dc5c - - - -] volume service is down. (host: rack08-server59@lvm-1)
2022-08-16 16:02:48.563 7 WARNING cinder.scheduler.host_manager [None req-f945a1ed-ef34-4f00-9f80-08c6a50a3288 e13050bb070e4cb3b384b74c692b2579 4ea18290be554ce681cddeaee442a2ec - - - -] volume service is down. (host: rack08-server59@lvm-1)
2022-08-16 16:02:49.749 7 WARNING cinder.scheduler.host_manager [None req-48996fed-675a-4f2e-925c-a6899c210bcd 2f82675a52e34e49940b1ff25df431f2 9ba02353369543fcb5610224e4c9c5e1 - - - -] volume service is down. (host: rack08-server59@lvm-1)
2022-08-16 16:02:50.184 7 WARNING cinder.scheduler.host_manager [None req-3187c55f-a5f8-4e14-854c-0f1138cf4c03 6e1e46a2fa0949039a460108f58eb36b 8917b19fc4a94c378bd3ea069322dc5c - - - -] volume service is down. (host: rack08-server59@lvm-1)
2022-08-16 16:02:50.814 7 WARNING cinder.scheduler.host_manager [None req-2514cff6-0566-42e3-9b46-92a1211b3a7b e13050bb070e4cb3b384b74c692b2579 4ea18290be554ce681cddeaee442a2ec - - - -] volume service is down. (host: rack08-server59@lvm-1)
2022-08-16 16:02:53.829 7 WARNING cinder.scheduler.host_manager [None req-79793ede-ea90-4666-a863-b98b885233a3 6e1e46a2fa0949039a460108f58eb36b 8917b19fc4a94c378bd3ea069322dc5c - - - -] volume service is down. (host: rack08-server59@lvm-1)
2022-08-16 16:02:54.404 7 WARNING cinder.scheduler.host_manager [None req-e5601275-73d7-4f00-9efc-861cd8db172e e13050bb070e4cb3b384b74c692b2579 4ea18290be554ce681cddeaee442a2ec - - - -] volume service is down. (host: rack08-server59@lvm-1)
2022-08-16 16:02:55.184 7 WARNING cinder.scheduler.host_manager [None req-74e9cc6a-159e-4294-afab-6872c0322eda 6e1e46a2fa0949039a460108f58eb36b 8917b19fc4a94c378bd3ea069322dc5c - - - -] volume service is down. (host: rack08-server59@lvm-1)
2022-08-16 16:02:55.619 7 WARNING cinder.scheduler.host_manager [None req-94c97b8e-54ba-4f76-ad22-e7ff62520560 e13050bb070e4cb3b384b74c692b2579 4ea18290be554ce681cddeaee442a2ec - - - -] volume service is down. (host: rack08-server59@lvm-1)
2022-08-16 16:02:57.788 7 WARNING cinder.scheduler.host_manager [None req-ed22fd4b-fefe-4061-8e65-2e444018b8d8 6e1e46a2fa0949039a460108f58eb36b 8917b19fc4a94c378bd3ea069322dc5c - - - -] volume service is down. (host: rack08-server59@lvm-1)
2022-08-16 16:02:58.021 7 WARNING cinder.scheduler.host_manager [None req-a1064be8-1e05-46af-80f3-bf5e2632357d e13050bb070e4cb3b384b74c692b2579 4ea18290be554ce681cddeaee442a2ec - - - -] volume service is down. (host: rack08-server59@lvm-1)
2022-08-16 16:02:58.964 7 WARNING cinder.scheduler.host_manager [None req-0919377a-887d-4d7d-a33f-c3808b40034a 2f82675a52e34e49940b1ff25df431f2 9ba02353369543fcb5610224e4c9c5e1 - - - -] volume service is down. (host: rack08-server59@lvm-1)
2022-08-16 16:03:02.462 7 WARNING cinder.scheduler.host_manager [None req-1da523f6-66e1-4450-8247-3bf5527abcd2 2f82675a52e34e49940b1ff25df431f2 9ba02353369543fcb5610224e4c9c5e1 - - - -] volume service is down. (host: rack08-server59@lvm-1)
2022-08-16 16:03:02.653 7 WARNING cinder.scheduler.host_manager [None req-724dd830-10f7-49e0-a46b-1b23597abf8b 6e1e46a2fa0949039a460108f58eb36b 8917b19fc4a94c378bd3ea069322dc5c - - - -] volume service is down. (host: rack08-server59@lvm-1)
2022-08-16 16:03:04.646 7 WARNING cinder.scheduler.host_manager [None req-ab96f41f-5a86-459e-a668-ea2b12b1c207 db73463e1669469099c29528bb12b43a 1c1f5b100207498a909e50824db7fd06 - - - -] volume service is down. (host: rack08-server59@lvm-1)
2022-08-16 16:03:10.348 7 WARNING cinder.scheduler.host_manager [None req-b068bb72-0730-4c30-bce0-cb0f51f56459 7e37d9eaf2534be2a5ef84abc19df25f 50fc67ef894649b5aec3f37c1fb3f870 - - - -] volume service is down. (host: rack08-server59@lvm-1)
2022-08-16 16:03:11.381 7 WARNING cinder.scheduler.host_manager [None req-81b97878-a7b0-4397-8280-bc606ff7346a 2f82675a52e34e49940b1ff25df431f2 9ba02353369543fcb5610224e4c9c5e1 - - - -] volume service is down. (host: rack08-server59@lvm-1)
2022-08-16 16:03:13.622 7 WARNING cinder.scheduler.host_manager [None req-c2fe348d-79f2-4dcc-8624-3c39740ee7bc 2f82675a52e34e49940b1ff25df431f2 9ba02353369543fcb5610224e4c9c5e1 - - - -] volume service is down. (host: rack08-server59@lvm-1)
2022-08-16 16:03:15.856 7 WARNING cinder.scheduler.host_manager [None req-5b45cafd-befc-4276-97dc-3bec3f240e98 6e1e46a2fa0949039a460108f58eb36b 8917b19fc4a94c378bd3ea069322dc5c - - - -] volume service is down. (host: rack08-server59@lvm-1)
2022-08-16 16:03:18.285 7 WARNING cinder.scheduler.host_manager [None req-1d9cde5c-d14a-46bc-a3e6-a5230ad64aa1 3d2258bb7b4c483bad64834838c9eaa4 483ce6d1065b4af39f652192b63cecc0 - - - -] volume service is down. (host: rack08-server59@lvm-1)
2022-08-16 16:03:22.927 7 WARNING cinder.scheduler.host_manager [None req-0b03bc8b-7bd2-4b0c-ba0f-5361080ad231 2f82675a52e34e49940b1ff25df431f2 9ba02353369543fcb5610224e4c9c5e1 - - - -] volume service is down. (host: rack08-server59@lvm-1)
2022-08-16 16:03:23.308 7 WARNING cinder.scheduler.host_manager [None req-da672019-90b4-48c2-916b-bb6227a2c3b4 aa99cfbf73714dcc91835c4caae7f991 2c29ca450658439d8a41a27d8dc5d2c6 - - - -] volume service is down. (host: rack08-server59@lvm-1)
2022-08-16 16:03:24.156 7 WARNING cinder.scheduler.host_manager [None req-8a6bb14e-fe6b-468d-8dc3-cf3a1d675243 2f82675a52e34e49940b1ff25df431f2 9ba02353369543fcb5610224e4c9c5e1 - - - -] volume service is down. (host: rack08-server59@lvm-1)
2022-08-16 16:03:24.706 7 WARNING cinder.scheduler.host_manager [None req-deef07ef-5fb3-40a0-9cd3-3edee243cba0 aa99cfbf73714dcc91835c4caae7f991 2c29ca450658439d8a41a27d8dc5d2c6 - - - -] volume service is down. (host: rack08-server59@lvm-1)
2022-08-16 16:03:26.086 7 WARNING cinder.scheduler.host_manager [None req-957b7270-07a0-495d-8b3a-54000f4d165a aa99cfbf73714dcc91835c4caae7f991 2c29ca450658439d8a41a27d8dc5d2c6 - - - -] volume service is down. (host: rack08-server59@lvm-1)
2022-08-16 16:03:26.547 7 WARNING cinder.scheduler.host_manager [None req-73e058cf-081d-4b98-a6ac-688115c7641f 2f82675a52e34e49940b1ff25df431f2 9ba02353369543fcb5610224e4c9c5e1 - - - -] volume service is down. (host: rack08-server59@lvm-1)
2022-08-16 16:03:29.069 7 WARNING cinder.scheduler.host_manager [None req-cbce0d0e-879d-46d0-baa9-6fc0f4b4d177 2f82675a52e34e49940b1ff25df431f2 9ba02353369543fcb5610224e4c9c5e1 - - - -] volume service is down. (host: rack08-server59@lvm-1)
2022-08-16 16:03:30.315 7 WARNING cinder.scheduler.host_manager [None req-2a4cb51e-93ee-482a-8522-5c619f5493fd 2f82675a52e34e49940b1ff25df431f2 9ba02353369543fcb5610224e4c9c5e1 - - - -] volume service is down. (host: rack08-server59@lvm-1)
2022-08-16 16:03:32.701 7 WARNING cinder.scheduler.host_manager [None req-367a9ec3-eb9b-4ee5-9cee-1e79d5ab8f6c 2f82675a52e34e49940b1ff25df431f2 9ba02353369543fcb5610224e4c9c5e1 - - - -] volume service is down. (host: rack08-server59@lvm-1)
2022-08-16 16:03:35.102 7 WARNING cinder.scheduler.host_manager [None req-9ccb7de8-b67e-47cf-8232-01c3ec034f6a 58a3ed54da00464780b3dd1c3f98c67a c2a75cc687704119ba60d97a2201a97d - - - -] volume service is down. (host: rack08-server59@lvm-1)
2022-08-16 16:03:37.408 7 WARNING cinder.scheduler.host_manager [None req-5805f767-81e6-4515-8583-f5289e66a43a 58a3ed54da00464780b3dd1c3f98c67a c2a75cc687704119ba60d97a2201a97d - - - -] volume service is down. (host: rack08-server59@lvm-1)
2022-08-16 16:03:39.657 7 WARNING cinder.scheduler.host_manager [None req-17b32274-a9f1-4354-b344-484db945bed3 58a3ed54da00464780b3dd1c3f98c67a c2a75cc687704119ba60d97a2201a97d - - - -] volume service is down. (host: rack08-server59@lvm-1)
2022-08-16 16:03:41.887 7 WARNING cinder.scheduler.host_manager [None req-c862fd89-3d90-4643-bfb1-b38084c40501 58a3ed54da00464780b3dd1c3f98c67a c2a75cc687704119ba60d97a2201a97d - - - -] volume service is down. (host: rack08-server59@lvm-1)
2022-08-16 16:03:52.187 7 WARNING cinder.scheduler.host_manager [None req-e02a1da0-c93d-4e2f-8c0f-0a01c2926881 b0ebffd2096240f386f17fc3a72265ed dc69ff39ac1c4ab4a380e5fe28fe5311 - - - -] volume service is down. (host: rack08-server59@lvm-1)
2022-08-16 16:03:54.485 7 WARNING cinder.scheduler.host_manager [None req-e1df7330-551d-4b0e-89bd-ecd8a26af68d b0ebffd2096240f386f17fc3a72265ed dc69ff39ac1c4ab4a380e5fe28fe5311 - - - -] volume service is down. (host: rack08-server59@lvm-1)
2022-08-16 16:04:07.111 7 WARNING cinder.scheduler.host_manager [None req-a5532325-c181-4550-aa0f-f0529570e3dc e2d6019b549844ae9bd2b94584ceaf51 3b9769dc48e9428abd2c8145bd01974b - - - -] volume service is down. (host: rack08-server59@lvm-1)
2022-08-16 16:04:07.162 7 WARNING cinder.scheduler.host_manager [None req-5c3d52ec-68fd-495d-97dc-b91a93c4d0f5 005dce0ea70547908667254f2bd31aff f8678d533c1d43b08fb7b0c03557ded6 - - - -] volume service is down. (host: rack08-server59@lvm-1)
2022-08-16 16:04:07.197 7 WARNING cinder.scheduler.host_manager [None req-f85e53ca-23a2-41de-ae29-7574fbb9d382 ec722be3eb1341069183dfc0f56ca5c5 435737b82b864aedb3df7e1efa5a7313 - - - -] volume service is down. (host: rack08-server59@lvm-1)
2022-08-16 16:04:07.296 7 WARNING cinder.scheduler.host_manager [None req-ff98f615-9deb-4a0b-9937-779337f03f50 005dce0ea70547908667254f2bd31aff f8678d533c1d43b08fb7b0c03557ded6 - - - -] volume service is down. (host: rack08-server59@lvm-1)
2022-08-16 16:04:07.495 7 WARNING cinder.scheduler.host_manager [None req-a5044c33-205d-4fee-9562-93e82627a2ef 005dce0ea70547908667254f2bd31aff f8678d533c1d43b08fb7b0c03557ded6 - - - -] volume service is down. (host: rack08-server59@lvm-1)
2022-08-16 16:04:07.706 7 WARNING cinder.scheduler.host_manager [None req-51cdb3f9-246b-4144-af7c-4072cc9c174b 005dce0ea70547908667254f2bd31aff f8678d533c1d43b08fb7b0c03557ded6 - - - -] volume service is down. (host: rack08-server59@lvm-1)
2022-08-16 16:04:07.932 7 WARNING cinder.scheduler.host_manager [None req-f2a8886a-770a-4593-9933-296c84ff90ad 005dce0ea70547908667254f2bd31aff f8678d533c1d43b08fb7b0c03557ded6 - - - -] volume service is down. (host: rack08-server59@lvm-1)
2022-08-16 16:04:08.380 7 WARNING cinder.scheduler.host_manager [None req-fcdba23b-edfd-4ec3-9d87-0dc2720f835d ec722be3eb1341069183dfc0f56ca5c5 435737b82b864aedb3df7e1efa5a7313 - - - -] volume service is down. (host: rack08-server59@lvm-1)
2022-08-16 16:04:08.436 7 WARNING cinder.scheduler.host_manager [None req-ed08fcd9-c5d1-40d8-b266-a2e19a31322c e2d6019b549844ae9bd2b94584ceaf51 3b9769dc48e9428abd2c8145bd01974b - - - -] volume service is down. (host: rack08-server59@lvm-1)
2022-08-16 16:04:08.680 7 WARNING cinder.scheduler.host_manager [None req-3ad59742-236e-4816-aae7-9f3ed979fb54 e2d6019b549844ae9bd2b94584ceaf51 3b9769dc48e9428abd2c8145bd01974b - - - -] volume service is down. (host: rack08-server59@lvm-1)
2022-08-16 16:04:08.903 7 WARNING cinder.scheduler.host_manager [None req-683bafc0-4dba-477d-8e58-c45ecd9ffcb3 e2d6019b549844ae9bd2b94584ceaf51 3b9769dc48e9428abd2c8145bd01974b - - - -] volume service is down. (host: rack08-server59@lvm-1)
2022-08-16 16:04:09.134 7 WARNING cinder.scheduler.host_manager [None req-2fe8b326-fc31-4d73-9a9d-d0d6d8814842 e2d6019b549844ae9bd2b94584ceaf51 3b9769dc48e9428abd2c8145bd01974b - - - -] volume service is down. (host: rack08-server59@lvm-1)
2022-08-16 16:04:09.354 7 WARNING cinder.scheduler.host_manager [None req-04b8dd8d-208d-4d32-921c-795e27c95cc0 e2d6019b549844ae9bd2b94584ceaf51 3b9769dc48e9428abd2c8145bd01974b - - - -] volume service is down. (host: rack08-server59@lvm-1)
2022-08-16 16:04:10.726 7 WARNING cinder.scheduler.host_manager [None req-704b4b47-79ad-41c1-b3ef-8fb9a245fef0 ec722be3eb1341069183dfc0f56ca5c5 435737b82b864aedb3df7e1efa5a7313 - - - -] volume service is down. (host: rack08-server59@lvm-1)
2022-08-16 16:04:10.994 7 WARNING cinder.scheduler.host_manager [None req-686150bf-c0a6-48b7-9093-42271b3b5780 ec722be3eb1341069183dfc0f56ca5c5 435737b82b864aedb3df7e1efa5a7313 - - - -] volume service is down. (host: rack08-server59@lvm-1)
2022-08-16 16:04:11.202 7 WARNING cinder.scheduler.host_manager [None req-cc3a0224-bb8f-4434-9957-0f9570fbb4e5 ec722be3eb1341069183dfc0f56ca5c5 435737b82b864aedb3df7e1efa5a7313 - - - -] volume service is down. (host: rack08-server59@lvm-1)
2022-08-16 16:04:11.416 7 WARNING cinder.scheduler.host_manager [None req-b37d5f9e-4ecd-46a6-9f4c-56beb315d516 ec722be3eb1341069183dfc0f56ca5c5 435737b82b864aedb3df7e1efa5a7313 - - - -] volume service is down. (host: rack08-server59@lvm-1)
2022-08-16 16:04:11.650 7 WARNING cinder.scheduler.host_manager [None req-c2b38f5d-1cd1-4b2d-91d1-c6c2988a9529 ec722be3eb1341069183dfc0f56ca5c5 435737b82b864aedb3df7e1efa5a7313 - - - -] volume service is down. (host: rack08-server59@lvm-1)
2022-08-16 16:04:16.993 7 WARNING cinder.scheduler.host_manager [None req-209be35a-7667-43b3-8dfe-0bd857ead3c4 a2eaf3a30cab46aba1d19c90b92da221 277fd443f32644879c12187efcf6a008 - - - -] volume service is down. (host: rack08-server59@lvm-1)
2022-08-16 16:04:19.456 7 WARNING cinder.scheduler.host_manager [None req-e15d7672-76eb-4df9-8159-ce138d5314b9 a2eaf3a30cab46aba1d19c90b92da221 277fd443f32644879c12187efcf6a008 - - - -] volume service is down. (host: rack08-server59@lvm-1)
2022-08-16 16:04:21.821 7 WARNING cinder.scheduler.host_manager [None req-3cc6a7cb-192e-4373-bc19-421b9126117e a2eaf3a30cab46aba1d19c90b92da221 277fd443f32644879c12187efcf6a008 - - - -] volume service is down. (host: rack08-server59@lvm-1)
