Build Started 19_09_2022_10_15_55
2022-09-19 13:17:58.360 7 WARNING cinder.scheduler.host_manager [None req-06a2c3ab-5301-423b-bff7-6047018c0644 26fc2d51c8ae46e18cb929ff96ba9858 4d25501abf5744fca54d9e7d77419033 - - - -] volume service is down. (host: rack08-server60@lvm-1)
2022-09-19 13:18:05.258 7 WARNING cinder.scheduler.host_manager [None req-48ebdfc1-696b-43c3-bd28-55f21ae404f7 4fc7ddec8a1346fa97bcd07ce2530420 dbbc1c5615204a75bf8a6dfa5c3d62dc - - - -] volume service is down. (host: rack08-server60@lvm-1)
2022-09-19 13:18:05.265 7 WARNING cinder.scheduler.host_manager [None req-48ebdfc1-696b-43c3-bd28-55f21ae404f7 4fc7ddec8a1346fa97bcd07ce2530420 dbbc1c5615204a75bf8a6dfa5c3d62dc - - - -] volume service is down. (host: rack08-server60@lvm-1)
2022-09-19 13:18:06.450 7 WARNING cinder.scheduler.host_manager [None req-781c9450-2ce5-466a-a4d4-7f41a7a3a99f 4fc7ddec8a1346fa97bcd07ce2530420 dbbc1c5615204a75bf8a6dfa5c3d62dc - - - -] volume service is down. (host: rack08-server60@lvm-1)
2022-09-19 13:18:06.458 7 WARNING cinder.scheduler.host_manager [None req-781c9450-2ce5-466a-a4d4-7f41a7a3a99f 4fc7ddec8a1346fa97bcd07ce2530420 dbbc1c5615204a75bf8a6dfa5c3d62dc - - - -] volume service is down. (host: rack08-server60@lvm-1)
2022-09-19 13:18:07.914 7 WARNING cinder.scheduler.host_manager [None req-56b307e5-36d1-4899-bd25-9e82456fa1e4 4fc7ddec8a1346fa97bcd07ce2530420 dbbc1c5615204a75bf8a6dfa5c3d62dc - - - -] volume service is down. (host: rack08-server60@lvm-1)
2022-09-19 13:18:07.964 7 WARNING cinder.scheduler.host_manager [None req-60b8103b-0513-49e9-904c-ed2c693bf538 d084a6f62fa2457d88b4808d5706ebd7 b85d63561707489fa5e6d894e3275549 - - - -] volume service is down. (host: rack08-server60@lvm-1)
2022-09-19 13:18:07.974 7 WARNING cinder.scheduler.host_manager [None req-60b8103b-0513-49e9-904c-ed2c693bf538 d084a6f62fa2457d88b4808d5706ebd7 b85d63561707489fa5e6d894e3275549 - - - -] volume service is down. (host: rack08-server60@lvm-1)
2022-09-19 13:18:09.404 7 WARNING cinder.scheduler.host_manager [None req-31fd76b1-3273-46b6-a929-7ee819605542 d084a6f62fa2457d88b4808d5706ebd7 b85d63561707489fa5e6d894e3275549 - - - -] volume service is down. (host: rack08-server60@lvm-1)
2022-09-19 13:18:13.073 7 WARNING cinder.scheduler.host_manager [None req-e6222fdd-502e-480d-aa9a-b4a777d2a3c0 4fc7ddec8a1346fa97bcd07ce2530420 dbbc1c5615204a75bf8a6dfa5c3d62dc - - - -] volume service is down. (host: rack08-server60@lvm-1)
2022-09-19 13:18:13.082 7 WARNING cinder.scheduler.host_manager [None req-e6222fdd-502e-480d-aa9a-b4a777d2a3c0 4fc7ddec8a1346fa97bcd07ce2530420 dbbc1c5615204a75bf8a6dfa5c3d62dc - - - -] volume service is down. (host: rack08-server60@lvm-1)
2022-09-19 13:18:14.071 7 WARNING cinder.scheduler.host_manager [None req-0ebe837d-bd54-43a1-9aab-cfa2efbfde60 d084a6f62fa2457d88b4808d5706ebd7 b85d63561707489fa5e6d894e3275549 - - - -] volume service is down. (host: rack08-server60@lvm-1)
2022-09-19 13:18:14.450 7 WARNING cinder.scheduler.host_manager [None req-e93abe69-773c-478e-bd28-b3c394531bf6 4fc7ddec8a1346fa97bcd07ce2530420 dbbc1c5615204a75bf8a6dfa5c3d62dc - - - -] volume service is down. (host: rack08-server60@lvm-1)
2022-09-19 13:18:16.922 7 WARNING cinder.scheduler.host_manager [None req-c9b903d0-51ce-4128-8570-7d91a4abd897 4fc7ddec8a1346fa97bcd07ce2530420 dbbc1c5615204a75bf8a6dfa5c3d62dc - - - -] volume service is down. (host: rack08-server60@lvm-1)
2022-09-19 13:18:19.641 7 WARNING cinder.scheduler.host_manager [None req-e50ebc2b-5326-449c-b71b-908252f7c7cf d084a6f62fa2457d88b4808d5706ebd7 b85d63561707489fa5e6d894e3275549 - - - -] volume service is down. (host: rack08-server60@lvm-1)
2022-09-19 13:18:19.648 7 WARNING cinder.scheduler.host_manager [None req-e50ebc2b-5326-449c-b71b-908252f7c7cf d084a6f62fa2457d88b4808d5706ebd7 b85d63561707489fa5e6d894e3275549 - - - -] volume service is down. (host: rack08-server60@lvm-1)
2022-09-19 13:18:21.049 7 WARNING cinder.scheduler.host_manager [None req-396904cf-173f-4e31-ad10-fd609c3f0239 d084a6f62fa2457d88b4808d5706ebd7 b85d63561707489fa5e6d894e3275549 - - - -] volume service is down. (host: rack08-server60@lvm-1)
2022-09-19 13:18:23.505 7 WARNING cinder.scheduler.host_manager [None req-2011cb90-7648-4677-b24e-eafc44de3ded d084a6f62fa2457d88b4808d5706ebd7 b85d63561707489fa5e6d894e3275549 - - - -] volume service is down. (host: rack08-server60@lvm-1)
2022-09-19 13:18:27.116 7 WARNING cinder.scheduler.host_manager [None req-1e41d824-5a57-4d8c-853d-ee8a1c4a1f2a 26fc2d51c8ae46e18cb929ff96ba9858 4d25501abf5744fca54d9e7d77419033 - - - -] volume service is down. (host: rack08-server60@lvm-1)
2022-09-19 13:18:27.587 7 WARNING cinder.scheduler.host_manager [None req-723e1c1a-a9a7-4619-a18e-3f574b0b49c7 ecd4999b517044239734bbc7fbfb4f09 f93f09dd23e9433b9a163c7f66d1e381 - - - -] volume service is down. (host: rack08-server60@lvm-1)
2022-09-19 13:18:27.595 7 WARNING cinder.scheduler.host_manager [None req-723e1c1a-a9a7-4619-a18e-3f574b0b49c7 ecd4999b517044239734bbc7fbfb4f09 f93f09dd23e9433b9a163c7f66d1e381 - - - -] volume service is down. (host: rack08-server60@lvm-1)
2022-09-19 13:18:36.560 7 WARNING cinder.scheduler.host_manager [None req-91b7e35a-932f-4b9f-be7f-fe698c6d4fda d084a6f62fa2457d88b4808d5706ebd7 b85d63561707489fa5e6d894e3275549 - - - -] volume service is down. (host: rack08-server60@lvm-1)
2022-09-19 13:18:36.567 7 WARNING cinder.scheduler.host_manager [None req-91b7e35a-932f-4b9f-be7f-fe698c6d4fda d084a6f62fa2457d88b4808d5706ebd7 b85d63561707489fa5e6d894e3275549 - - - -] volume service is down. (host: rack08-server60@lvm-1)
2022-09-19 13:18:37.953 7 WARNING cinder.scheduler.host_manager [None req-6e89ba16-932f-44dc-a2dc-e410e7e32ded d084a6f62fa2457d88b4808d5706ebd7 b85d63561707489fa5e6d894e3275549 - - - -] volume service is down. (host: rack08-server60@lvm-1)
2022-09-19 13:18:43.327 7 WARNING cinder.scheduler.host_manager [None req-8bb1781e-e4e5-4101-9beb-e93518d5bbb6 8af375d91b1f4c5e99fd204a6573fdaa bd3e993eb15c41bdb52f9b795c977c42 - - - -] volume service is down. (host: rack08-server60@lvm-1)
2022-09-19 13:18:46.884 7 WARNING cinder.scheduler.host_manager [None req-4f6e7d47-05c1-4032-8a07-57b72ceaf638 8af375d91b1f4c5e99fd204a6573fdaa bd3e993eb15c41bdb52f9b795c977c42 - - - -] volume service is down. (host: rack08-server60@lvm-1)
2022-09-19 13:19:07.134 7 WARNING cinder.scheduler.host_manager [None req-0c6d25b7-8024-4516-83a9-e5cb549417f6 3678f315c89c4a2f8649c73b15b33a35 3e5bf0d7d072472ca038673b2051f465 - - - -] volume service is down. (host: rack08-server60@lvm-1)
2022-09-19 13:19:12.644 7 WARNING cinder.scheduler.host_manager [None req-29636c6e-eb35-4a2e-952b-62f219d13e76 2aa22f1a0ffe4999a3fbe831bc399502 61122ddca35a497eac992f78bb7eb1c1 - - - -] volume service is down. (host: rack08-server60@lvm-1)
2022-09-19 13:19:14.457 7 WARNING cinder.scheduler.host_manager [None req-5fd8c682-1383-41f6-97d2-a11bdb2cad90 00bd9960c21a406db6f11ceb23080907 4b6d4348db9a4dd180ec582193e6527f - - - -] volume service is down. (host: rack08-server60@lvm-1)
2022-09-19 13:19:19.942 7 WARNING cinder.scheduler.host_manager [None req-6d181d11-dc9c-4efd-930b-836ae15c7bdb 00bd9960c21a406db6f11ceb23080907 4b6d4348db9a4dd180ec582193e6527f - - - -] volume service is down. (host: rack08-server60@lvm-1)
2022-09-19 13:19:22.658 7 WARNING cinder.scheduler.host_manager [None req-f56dd11d-fd18-44b6-b5f1-5e3500a78689 9edede778cf94015a524f00f6f5cfc1b 7599208be4ce4881848e5bc1188dea3c - - - -] volume service is down. (host: rack08-server60@lvm-1)
2022-09-19 13:19:23.602 7 WARNING cinder.scheduler.host_manager [None req-42dc9072-18c4-42b8-b617-09bc9b09b178 00bd9960c21a406db6f11ceb23080907 4b6d4348db9a4dd180ec582193e6527f - - - -] volume service is down. (host: rack08-server60@lvm-1)
2022-09-19 13:19:25.055 7 WARNING cinder.scheduler.host_manager [None req-9b431894-0605-43bd-b91a-b9cb6fd90ff3 9edede778cf94015a524f00f6f5cfc1b 7599208be4ce4881848e5bc1188dea3c - - - -] volume service is down. (host: rack08-server60@lvm-1)
2022-09-19 13:19:27.232 7 WARNING cinder.scheduler.host_manager [None req-2d7d1c6a-cb02-498c-aa24-b90eca380b51 00bd9960c21a406db6f11ceb23080907 4b6d4348db9a4dd180ec582193e6527f - - - -] volume service is down. (host: rack08-server60@lvm-1)
2022-09-19 13:19:30.844 7 WARNING cinder.scheduler.host_manager [None req-f0b01f4a-dab4-41b9-afa5-7f3a5c1f52e4 00bd9960c21a406db6f11ceb23080907 4b6d4348db9a4dd180ec582193e6527f - - - -] volume service is down. (host: rack08-server60@lvm-1)
2022-09-19 13:19:33.164 7 WARNING cinder.scheduler.host_manager [None req-83d571ca-4494-441a-b2f7-91129cd508ba 645e97a9d9f9494ea04b21a1d00d12d4 a751cc50326e4d9f8998ab12b5206b9a - - - -] volume service is down. (host: rack08-server60@lvm-1)
2022-09-19 13:19:34.444 7 WARNING cinder.scheduler.host_manager [None req-2e0f9c38-34c4-461b-8433-ab1abff4957f 00bd9960c21a406db6f11ceb23080907 4b6d4348db9a4dd180ec582193e6527f - - - -] volume service is down. (host: rack08-server60@lvm-1)
2022-09-19 13:19:39.830 7 WARNING cinder.scheduler.host_manager [None req-eb717cb1-1aa7-47dd-8814-94801d5c5d36 26fc2d51c8ae46e18cb929ff96ba9858 4d25501abf5744fca54d9e7d77419033 - - - -] volume service is down. (host: rack08-server60@lvm-1)
2022-09-19 13:19:46.009 7 WARNING cinder.scheduler.host_manager [None req-ddb9fa66-f958-4142-b24d-7c8b8df3e51b 5f32341496f94577b9d19f81875b64b0 d7dd2605977c4243bf62717aaf6b7ba1 - - - -] volume service is down. (host: rack08-server60@lvm-1)
2022-09-19 13:19:48.301 7 WARNING cinder.scheduler.host_manager [None req-22ad0e11-6b3c-4a67-abe0-f9f69f97a1a9 5f32341496f94577b9d19f81875b64b0 d7dd2605977c4243bf62717aaf6b7ba1 - - - -] volume service is down. (host: rack08-server60@lvm-1)
2022-09-19 13:19:54.675 7 WARNING cinder.scheduler.host_manager [None req-fe9c0535-824a-4a58-9fb2-637000f5bb89 be58d810ec8f47c2a84cc6d09058f263 ea2fed9e6f90466392a7134e0024ca3a - - - -] volume service is down. (host: rack08-server60@lvm-1)
2022-09-19 13:19:57.114 7 WARNING cinder.scheduler.host_manager [None req-fed7dee8-97ab-4a5f-aab8-43139cdd09cd be58d810ec8f47c2a84cc6d09058f263 ea2fed9e6f90466392a7134e0024ca3a - - - -] volume service is down. (host: rack08-server60@lvm-1)
2022-09-19 13:19:57.316 7 WARNING cinder.scheduler.host_manager [req-cf87a65e-cbbb-45af-a53e-0bfb990afc82 req-632d63e2-ddeb-4940-96bb-16d535172778 26fc2d51c8ae46e18cb929ff96ba9858 4d25501abf5744fca54d9e7d77419033 - - - -] volume service is down. (host: rack08-server60@lvm-1)
2022-09-19 13:19:58.111 7 WARNING cinder.scheduler.host_manager [None req-dcfb26d5-b392-477f-bd74-ce4b1fe66125 9c71d848b2a04a208548d3f692e6738b cd4bf76ee4af4a48b20b27c289315192 - - - -] volume service is down. (host: rack08-server60@lvm-1)
2022-09-19 13:19:59.554 7 WARNING cinder.scheduler.host_manager [None req-f1980e79-400c-445f-b077-2cf9654df9bc be58d810ec8f47c2a84cc6d09058f263 ea2fed9e6f90466392a7134e0024ca3a - - - -] volume service is down. (host: rack08-server60@lvm-1)
2022-09-19 13:20:02.256 7 WARNING cinder.scheduler.host_manager [None req-a6c8e662-6e45-4682-b4c9-6ffdf3b77868 be01e8adbe7746659847d3cf1ff5919c 1058b6fb11874acc8056af5b5d95ebd1 - - - -] volume service is down. (host: rack08-server60@lvm-1)
2022-09-19 13:20:06.065 7 WARNING cinder.scheduler.host_manager [None req-5e45b038-f89a-4af0-a0de-1406e2e1dfe9 9c71d848b2a04a208548d3f692e6738b cd4bf76ee4af4a48b20b27c289315192 - - - -] volume service is down. (host: rack08-server60@lvm-1)
2022-09-19 13:20:12.090 7 WARNING cinder.scheduler.host_manager [req-85c9c31d-36d0-4359-8690-4f2618b5787c req-19d2d8e8-d507-4d81-a3c8-37380ad60912 c08d4040b5354287a1e6a6355e60577c 609dbb7ce0e546a599e99ee91dd74e04 - - - -] volume service is down. (host: rack08-server60@lvm-1)
2022-09-19 13:20:13.403 7 WARNING cinder.scheduler.host_manager [req-f2112e49-e72d-4fdb-9fed-d72a4eef56cf req-c16b17a6-2797-4043-b2de-cb8bd8a3369c c08d4040b5354287a1e6a6355e60577c 609dbb7ce0e546a599e99ee91dd74e04 - - - -] volume service is down. (host: rack08-server60@lvm-1)
2022-09-19 13:20:15.421 7 WARNING cinder.scheduler.host_manager [None req-a84fdfbe-7f07-494e-a425-273300a2332e 477adc5fcf744c788ca2aa1019cc04f9 67fb81e9decf400f93a3c0c3c36084a4 - - - -] volume service is down. (host: rack08-server60@lvm-1)
2022-09-19 13:20:16.906 7 WARNING cinder.scheduler.host_manager [None req-c7bbf324-e3b9-44ea-abcf-55940d6f4153 1996ec0259dd4f02aad0b196fface078 44cad25780264efeb6019edd8727f75a - - - -] volume service is down. (host: rack08-server60@lvm-1)
2022-09-19 13:20:20.307 7 WARNING cinder.scheduler.host_manager [req-b52b09b8-6c40-41f8-91a8-24d5a63c5cd7 req-4a1ad3a1-6886-45ab-8f72-0c2d3708c4b9 32019501b4804499bef0a1a69f24be9b 16886f6c5f0c42938f38d8734d4f4f8c - - - -] volume service is down. (host: rack08-server60@lvm-1)
2022-09-19 13:20:22.455 7 WARNING cinder.scheduler.host_manager [None req-131c03c6-7393-476b-ab76-e1713aa904d3 cafd53d82a3b4b1caedba36470f4539a 9412e414072b43d387b76d867c50820c - - - -] volume service is down. (host: rack08-server60@lvm-1)
2022-09-19 13:20:24.734 7 WARNING cinder.scheduler.host_manager [None req-09da8075-bf5d-4547-b495-5f0c3df06734 cafd53d82a3b4b1caedba36470f4539a 9412e414072b43d387b76d867c50820c - - - -] volume service is down. (host: rack08-server60@lvm-1)
2022-09-19 13:20:26.029 7 WARNING cinder.scheduler.host_manager [None req-cfcb75f4-ecb0-42a4-8bca-b5410dbdff7f 7e6678c701ac46409990a038636c8a4d f6454c9c0f8648b390058a6e6461b2e7 - - - -] volume service is down. (host: rack08-server60@lvm-1)
2022-09-19 13:20:26.981 7 WARNING cinder.scheduler.host_manager [None req-56f1cbb6-f347-48fb-850c-675ab1f93520 cafd53d82a3b4b1caedba36470f4539a 9412e414072b43d387b76d867c50820c - - - -] volume service is down. (host: rack08-server60@lvm-1)
2022-09-19 13:20:28.513 7 WARNING cinder.scheduler.host_manager [None req-a220a116-dcf5-4f10-be7e-4a13f25db966 7e6678c701ac46409990a038636c8a4d f6454c9c0f8648b390058a6e6461b2e7 - - - -] volume service is down. (host: rack08-server60@lvm-1)
2022-09-19 13:20:29.686 7 WARNING cinder.scheduler.host_manager [None req-8beab880-7868-48f5-8140-71ec405aa3f5 1996ec0259dd4f02aad0b196fface078 44cad25780264efeb6019edd8727f75a - - - -] volume service is down. (host: rack08-server60@lvm-1)
2022-09-19 13:20:30.552 7 WARNING cinder.scheduler.host_manager [None req-58f3c526-9971-494f-a0e7-3c513563c5d9 cafd53d82a3b4b1caedba36470f4539a 9412e414072b43d387b76d867c50820c - - - -] volume service is down. (host: rack08-server60@lvm-1)
2022-09-19 13:20:30.968 7 WARNING cinder.scheduler.host_manager [None req-c838b1f3-2c7e-4652-ab88-54c18acff53c 7e6678c701ac46409990a038636c8a4d f6454c9c0f8648b390058a6e6461b2e7 - - - -] volume service is down. (host: rack08-server60@lvm-1)
2022-09-19 13:20:31.091 7 WARNING cinder.scheduler.host_manager [None req-28eecbfd-7050-438f-987a-da7cdb9b5861 1996ec0259dd4f02aad0b196fface078 44cad25780264efeb6019edd8727f75a - - - -] volume service is down. (host: rack08-server60@lvm-1)
2022-09-19 13:20:32.821 7 WARNING cinder.scheduler.host_manager [None req-b2b85db8-ddf6-4a5d-81a5-cdf7657c7979 cafd53d82a3b4b1caedba36470f4539a 9412e414072b43d387b76d867c50820c - - - -] volume service is down. (host: rack08-server60@lvm-1)
2022-09-19 13:20:33.371 7 WARNING cinder.scheduler.host_manager [None req-fc5f045d-9480-4642-b350-9839da3e0df0 1996ec0259dd4f02aad0b196fface078 44cad25780264efeb6019edd8727f75a - - - -] volume service is down. (host: rack08-server60@lvm-1)
2022-09-19 13:20:35.240 7 WARNING cinder.scheduler.host_manager [None req-721dfc47-021b-4ea7-b858-b57c8132dffb cafd53d82a3b4b1caedba36470f4539a 9412e414072b43d387b76d867c50820c - - - -] volume service is down. (host: rack08-server60@lvm-1)
2022-09-19 13:20:35.622 7 WARNING cinder.scheduler.host_manager [None req-7f08a42e-8fab-48d6-8bcd-21d5e357888a 1996ec0259dd4f02aad0b196fface078 44cad25780264efeb6019edd8727f75a - - - -] volume service is down. (host: rack08-server60@lvm-1)
2022-09-19 13:20:41.053 7 WARNING cinder.scheduler.host_manager [None req-3ddf5072-15c0-4b12-bde6-f8e0e0d8271c 810934838b7f4fb99cf63780e877365a a9c3a8a584b64953a5558997a844144f - - - -] volume service is down. (host: rack08-server60@lvm-1)
2022-09-19 13:20:41.103 7 WARNING cinder.scheduler.host_manager [None req-81cce306-1fea-496c-8159-e4391b5580db 810934838b7f4fb99cf63780e877365a a9c3a8a584b64953a5558997a844144f - - - -] volume service is down. (host: rack08-server60@lvm-1)
2022-09-19 13:20:45.407 7 WARNING cinder.scheduler.host_manager [None req-ebe810f3-e9eb-45b6-b3f1-4ec345713c0c c8dd7611e58847a4ace581207ba70ac1 928b35e468e840ec9eac5b12a332ceb3 - - - -] volume service is down. (host: rack08-server60@lvm-1)
2022-09-19 13:20:46.599 7 WARNING cinder.scheduler.host_manager [None req-c6a4535a-e5ca-411a-94f7-661a8b15c8e8 eb35a3086ca54f11bfa9cd24c47b93ed a6a2683cc396494fae070a4a750bc693 - - - -] volume service is down. (host: rack08-server60@lvm-1)
2022-09-19 13:20:46.606 7 WARNING cinder.scheduler.host_manager [None req-c6a4535a-e5ca-411a-94f7-661a8b15c8e8 eb35a3086ca54f11bfa9cd24c47b93ed a6a2683cc396494fae070a4a750bc693 - - - -] volume service is down. (host: rack08-server60@lvm-1)
2022-09-19 13:20:46.705 7 WARNING cinder.scheduler.host_manager [None req-24b7ff28-4b7a-4713-8759-31655dfbd3f2 a85cb382b8ab4f278a014ffb99aff3bd e53d10d5d04a4209b009d608df4be54d - - - -] volume service is down. (host: rack08-server60@lvm-1)
2022-09-19 13:20:48.013 7 WARNING cinder.scheduler.host_manager [None req-3ef18b6d-5edc-4f9c-acb6-8a66a2fe98a1 eb35a3086ca54f11bfa9cd24c47b93ed a6a2683cc396494fae070a4a750bc693 - - - -] volume service is down. (host: rack08-server60@lvm-1)
2022-09-19 13:20:49.137 7 WARNING cinder.scheduler.host_manager [None req-16299146-fb42-4b58-b1dd-fa16b6a65365 a85cb382b8ab4f278a014ffb99aff3bd e53d10d5d04a4209b009d608df4be54d - - - -] volume service is down. (host: rack08-server60@lvm-1)
2022-09-19 13:20:49.962 7 WARNING cinder.scheduler.host_manager [None req-f2f46de1-7044-49c0-9142-a6e6b3dbf40b c8dd7611e58847a4ace581207ba70ac1 928b35e468e840ec9eac5b12a332ceb3 - - - -] volume service is down. (host: rack08-server60@lvm-1)
2022-09-19 13:20:50.367 7 WARNING cinder.scheduler.host_manager [None req-506cf380-d566-4a3d-aa5d-936ee697bb12 eb35a3086ca54f11bfa9cd24c47b93ed a6a2683cc396494fae070a4a750bc693 - - - -] volume service is down. (host: rack08-server60@lvm-1)
2022-09-19 13:20:51.567 7 WARNING cinder.scheduler.host_manager [None req-a0b03273-bcd5-4350-9443-c384fcde4c42 a85cb382b8ab4f278a014ffb99aff3bd e53d10d5d04a4209b009d608df4be54d - - - -] volume service is down. (host: rack08-server60@lvm-1)
2022-09-19 13:21:00.798 7 WARNING cinder.scheduler.host_manager [None req-4d284931-a020-4608-8d68-2657cbc3cece bc78ad452c684ddda2de452d9b06b95b a9ba6b0547994fc787238c12be52bc4c - - - -] volume service is down. (host: rack08-server60@lvm-1)
2022-09-19 13:21:02.098 7 WARNING cinder.scheduler.host_manager [None req-931af43f-6191-4490-a343-63e113b96f5f 75227d97fd284e48a38b4ac60f7de211 a26fdefb230b4264bf5445496eaa96ce - - - -] volume service is down. (host: rack08-server60@lvm-1)
2022-09-19 13:21:02.202 7 WARNING cinder.scheduler.host_manager [None req-97e3cd26-f1ee-4038-b4c0-b16e1a6a1d87 d358848fad8a45d6a32ed089594734ab b3275d4cb77f4a0eb0a4efd22909b3d8 - - - -] volume service is down. (host: rack08-server60@lvm-1)
2022-09-19 13:21:04.481 7 WARNING cinder.scheduler.host_manager [None req-67116950-1680-4824-8806-5840ab02dce9 d358848fad8a45d6a32ed089594734ab b3275d4cb77f4a0eb0a4efd22909b3d8 - - - -] volume service is down. (host: rack08-server60@lvm-1)
2022-09-19 13:21:05.311 7 WARNING cinder.scheduler.host_manager [None req-6079898b-e924-4841-82e4-d2c02e95b814 bc78ad452c684ddda2de452d9b06b95b a9ba6b0547994fc787238c12be52bc4c - - - -] volume service is down. (host: rack08-server60@lvm-1)
2022-09-19 13:21:07.089 7 WARNING cinder.scheduler.host_manager [None req-7a4c0b15-2c15-4005-85ca-4665d56a46fe d358848fad8a45d6a32ed089594734ab b3275d4cb77f4a0eb0a4efd22909b3d8 - - - -] volume service is down. (host: rack08-server60@lvm-1)
2022-09-19 13:21:09.968 7 WARNING cinder.scheduler.host_manager [None req-f60d1c3c-4630-4ce0-8851-9f985d302714 75227d97fd284e48a38b4ac60f7de211 a26fdefb230b4264bf5445496eaa96ce - - - -] volume service is down. (host: rack08-server60@lvm-1)
2022-09-19 13:21:10.593 7 WARNING cinder.scheduler.host_manager [None req-7c3bb47d-a2d8-4918-afdc-96899e7fc591 d358848fad8a45d6a32ed089594734ab b3275d4cb77f4a0eb0a4efd22909b3d8 - - - -] volume service is down. (host: rack08-server60@lvm-1)
2022-09-19 13:21:12.854 7 WARNING cinder.scheduler.host_manager [None req-2bfb51a7-94d9-4865-b777-38d55600d448 5415297ea85c4700847dcb54f8e0c60a d3d30d7ee9aa4831af2c676d9f064d41 - - - -] volume service is down. (host: rack08-server60@lvm-1)
2022-09-19 13:21:14.107 7 WARNING cinder.scheduler.host_manager [None req-d8ae6fb2-6642-4aea-9082-e81654bed7c2 d358848fad8a45d6a32ed089594734ab b3275d4cb77f4a0eb0a4efd22909b3d8 - - - -] volume service is down. (host: rack08-server60@lvm-1)
2022-09-19 13:21:17.613 7 WARNING cinder.scheduler.host_manager [None req-9fdf109f-38b9-4ec6-b6da-e14b842d136b d358848fad8a45d6a32ed089594734ab b3275d4cb77f4a0eb0a4efd22909b3d8 - - - -] volume service is down. (host: rack08-server60@lvm-1)
2022-09-19 13:21:25.291 7 WARNING cinder.scheduler.host_manager [None req-274b11dc-d189-4c60-90df-e98178466b77 75227d97fd284e48a38b4ac60f7de211 a26fdefb230b4264bf5445496eaa96ce - - - -] volume service is down. (host: rack08-server60@lvm-1)
2022-09-19 13:21:27.546 7 WARNING cinder.scheduler.host_manager [None req-84e4b17a-6235-4ccd-b07d-42f7d164dd12 75227d97fd284e48a38b4ac60f7de211 a26fdefb230b4264bf5445496eaa96ce - - - -] volume service is down. (host: rack08-server60@lvm-1)
2022-09-19 13:21:29.144 7 WARNING cinder.scheduler.host_manager [None req-a951051d-424b-4d15-ab0d-79807cec1c56 1ae8ffa9eddd4af39faed8aa4184b1e6 91ef4ef396264a9fa6d6dc34f41ddbd5 - - - -] volume service is down. (host: rack08-server60@lvm-1)
2022-09-19 13:21:29.145 7 INFO cinder.scheduler.base_filter [None req-a951051d-424b-4d15-ab0d-79807cec1c56 1ae8ffa9eddd4af39faed8aa4184b1e6 91ef4ef396264a9fa6d6dc34f41ddbd5 - - - -] Filtering removed all hosts for the request with volume ID '3577972b-316d-4b94-8596-cf6314984ac1'. Filter results: AvailabilityZoneFilter: (start: 1, end: 1), CapacityFilter: (start: 1, end: 1), CapabilitiesFilter: (start: 1, end: 0)
2022-09-19 13:21:29.146 7 WARNING cinder.scheduler.filter_scheduler [None req-a951051d-424b-4d15-ab0d-79807cec1c56 1ae8ffa9eddd4af39faed8aa4184b1e6 91ef4ef396264a9fa6d6dc34f41ddbd5 - - - -] No weighed backend found for volume with properties: {'id': '2fee98ea-a42a-44e2-8c20-e1787b1c6a45', 'name': 'tempest-UserMessagesTest-volume-type-1598044414', 'description': None, 'is_public': True, 'projects': [], 'extra_specs': {'storage_protocol': 'tempest-storage_protocol-646768344', 'vendor_name': 'tempest-vendor_name-94537676'}, 'qos_specs_id': None, 'created_at': '2022-09-19T10:21:28.000000', 'updated_at': None, 'deleted_at': None, 'deleted': False}
2022-09-19 13:21:29.147 7 INFO cinder.message.api [None req-a951051d-424b-4d15-ab0d-79807cec1c56 1ae8ffa9eddd4af39faed8aa4184b1e6 91ef4ef396264a9fa6d6dc34f41ddbd5 - - - -] Creating message record for request_id = req-a951051d-424b-4d15-ab0d-79807cec1c56
2022-09-19 13:21:29.154 7 ERROR cinder.scheduler.flows.create_volume [None req-a951051d-424b-4d15-ab0d-79807cec1c56 1ae8ffa9eddd4af39faed8aa4184b1e6 91ef4ef396264a9fa6d6dc34f41ddbd5 - - - -] Failed to run task cinder.scheduler.flows.create_volume.ScheduleCreateVolumeTask;volume:create: No valid backend was found. No weighed backends available: cinder.exception.NoValidBackend: No valid backend was found. No weighed backends available
2022-09-19 13:21:29.808 7 WARNING cinder.scheduler.host_manager [None req-27289cb5-2240-475b-887b-87d3fb357383 75227d97fd284e48a38b4ac60f7de211 a26fdefb230b4264bf5445496eaa96ce - - - -] volume service is down. (host: rack08-server60@lvm-1)
2022-09-19 13:21:30.654 7 WARNING cinder.scheduler.host_manager [None req-057668b4-19cc-4d34-badf-aec1497e9d7f 1ae8ffa9eddd4af39faed8aa4184b1e6 91ef4ef396264a9fa6d6dc34f41ddbd5 - - - -] volume service is down. (host: rack08-server60@lvm-1)
2022-09-19 13:21:30.655 7 INFO cinder.scheduler.base_filter [None req-057668b4-19cc-4d34-badf-aec1497e9d7f 1ae8ffa9eddd4af39faed8aa4184b1e6 91ef4ef396264a9fa6d6dc34f41ddbd5 - - - -] Filtering removed all hosts for the request with volume ID '34ba46c2-ec7b-4ce1-b493-d5d218899075'. Filter results: AvailabilityZoneFilter: (start: 1, end: 1), CapacityFilter: (start: 1, end: 1), CapabilitiesFilter: (start: 1, end: 0)
2022-09-19 13:21:30.655 7 WARNING cinder.scheduler.filter_scheduler [None req-057668b4-19cc-4d34-badf-aec1497e9d7f 1ae8ffa9eddd4af39faed8aa4184b1e6 91ef4ef396264a9fa6d6dc34f41ddbd5 - - - -] No weighed backend found for volume with properties: {'id': '4cdbcee6-3018-4b8a-a538-c7d1344b07f8', 'name': 'tempest-UserMessagesTest-volume-type-2069109965', 'description': None, 'is_public': True, 'projects': [], 'extra_specs': {'storage_protocol': 'tempest-storage_protocol-2121400151', 'vendor_name': 'tempest-vendor_name-1074824070'}, 'qos_specs_id': None, 'created_at': '2022-09-19T10:21:30.000000', 'updated_at': None, 'deleted_at': None, 'deleted': False}
2022-09-19 13:21:30.656 7 INFO cinder.message.api [None req-057668b4-19cc-4d34-badf-aec1497e9d7f 1ae8ffa9eddd4af39faed8aa4184b1e6 91ef4ef396264a9fa6d6dc34f41ddbd5 - - - -] Creating message record for request_id = req-057668b4-19cc-4d34-badf-aec1497e9d7f
2022-09-19 13:21:30.661 7 ERROR cinder.scheduler.flows.create_volume [None req-057668b4-19cc-4d34-badf-aec1497e9d7f 1ae8ffa9eddd4af39faed8aa4184b1e6 91ef4ef396264a9fa6d6dc34f41ddbd5 - - - -] Failed to run task cinder.scheduler.flows.create_volume.ScheduleCreateVolumeTask;volume:create: No valid backend was found. No weighed backends available: cinder.exception.NoValidBackend: No valid backend was found. No weighed backends available
2022-09-19 13:21:39.706 7 WARNING cinder.scheduler.host_manager [None req-52e29ee8-62ae-4848-bb29-ce6ac349a62a 75227d97fd284e48a38b4ac60f7de211 a26fdefb230b4264bf5445496eaa96ce - - - -] volume service is down. (host: rack08-server60@lvm-1)
2022-09-19 13:21:43.166 7 WARNING cinder.scheduler.host_manager [None req-f3373ab6-a8b6-476d-9af8-fada04521ea0 75227d97fd284e48a38b4ac60f7de211 a26fdefb230b4264bf5445496eaa96ce - - - -] volume service is down. (host: rack08-server60@lvm-1)
2022-09-19 13:21:45.307 7 WARNING cinder.scheduler.host_manager [None req-aee255ec-76b2-4098-9f77-7d62ad6bd776 572917695c51476496a9dadd583e9efe 7519162572d6429394889dc64095364d - - - -] volume service is down. (host: rack08-server60@lvm-1)
2022-09-19 13:21:46.529 7 WARNING cinder.scheduler.host_manager [None req-f5bdee22-5d88-4d9b-bcf6-69ed74183c24 572917695c51476496a9dadd583e9efe 7519162572d6429394889dc64095364d - - - -] volume service is down. (host: rack08-server60@lvm-1)
2022-09-19 13:21:47.954 7 WARNING cinder.scheduler.host_manager [None req-f21d108c-2e28-46f1-961c-3174d7154083 6b46f0e6bd5a481aa4b0e9a0858cf61a fcf2a15ef58144c99af706ce60654d56 - - - -] volume service is down. (host: rack08-server60@lvm-1)
2022-09-19 13:21:52.103 7 WARNING cinder.scheduler.host_manager [None req-34f4a872-7c45-4836-b260-7f7fa007b729 75227d97fd284e48a38b4ac60f7de211 a26fdefb230b4264bf5445496eaa96ce - - - -] volume service is down. (host: rack08-server60@lvm-1)
2022-09-19 13:21:54.345 7 WARNING cinder.scheduler.host_manager [None req-518e67f6-cacf-4121-b431-93d8d6a98cdd 75227d97fd284e48a38b4ac60f7de211 a26fdefb230b4264bf5445496eaa96ce - - - -] volume service is down. (host: rack08-server60@lvm-1)
2022-09-19 13:21:58.846 7 WARNING cinder.scheduler.host_manager [None req-b7b908cc-6a8d-4bec-812f-5d3e5025e3fc 6b46f0e6bd5a481aa4b0e9a0858cf61a fcf2a15ef58144c99af706ce60654d56 - - - -] volume service is down. (host: rack08-server60@lvm-1)
2022-09-19 13:22:01.309 7 WARNING cinder.scheduler.host_manager [None req-5eb54c4f-d645-4d7d-b932-3d52a9a0b593 6b46f0e6bd5a481aa4b0e9a0858cf61a fcf2a15ef58144c99af706ce60654d56 - - - -] volume service is down. (host: rack08-server60@lvm-1)
2022-09-19 13:22:03.611 7 WARNING cinder.scheduler.host_manager [None req-22c50c99-7100-4e69-8c4f-472713c9ea2b 75227d97fd284e48a38b4ac60f7de211 a26fdefb230b4264bf5445496eaa96ce - - - -] volume service is down. (host: rack08-server60@lvm-1)
2022-09-19 13:22:03.704 7 WARNING cinder.scheduler.host_manager [None req-c411e6bb-8816-4ed0-acc7-b496bce7efba 6b46f0e6bd5a481aa4b0e9a0858cf61a fcf2a15ef58144c99af706ce60654d56 - - - -] volume service is down. (host: rack08-server60@lvm-1)
2022-09-19 13:22:04.822 7 WARNING cinder.scheduler.host_manager [None req-c8c97f99-cdf4-4006-ad05-6d3332570d76 75227d97fd284e48a38b4ac60f7de211 a26fdefb230b4264bf5445496eaa96ce - - - -] volume service is down. (host: rack08-server60@lvm-1)
2022-09-19 13:22:07.221 7 WARNING cinder.scheduler.host_manager [None req-3bbe4653-b51a-44ed-8a50-a0a8186fe1ae 75227d97fd284e48a38b4ac60f7de211 a26fdefb230b4264bf5445496eaa96ce - - - -] volume service is down. (host: rack08-server60@lvm-1)
2022-09-19 13:22:09.243 7 WARNING cinder.scheduler.host_manager [None req-71e012f3-2b39-42df-b92d-8f27a0d2f908 d19c3d6c17a74b7199e9fc1efcf12b38 08bf9f90531e4ea2b565594b71ac9c22 - - - -] volume service is down. (host: rack08-server60@lvm-1)
2022-09-19 13:22:10.813 7 WARNING cinder.scheduler.host_manager [None req-e602c2e1-979d-40f5-a6de-6978b984afd6 75227d97fd284e48a38b4ac60f7de211 a26fdefb230b4264bf5445496eaa96ce - - - -] volume service is down. (host: rack08-server60@lvm-1)
2022-09-19 13:22:13.072 7 WARNING cinder.scheduler.host_manager [None req-0a33a537-6018-4f09-9ccf-fab8d8682589 75227d97fd284e48a38b4ac60f7de211 a26fdefb230b4264bf5445496eaa96ce - - - -] volume service is down. (host: rack08-server60@lvm-1)
2022-09-19 13:22:14.787 7 WARNING cinder.scheduler.host_manager [None req-c9f95f2c-997d-4ef4-a49d-25937dced02a e4ca1cabd6304b61a6e4288f1308e534 75d513bb662f47e485fe74087439efa7 - - - -] volume service is down. (host: rack08-server60@lvm-1)
2022-09-19 13:22:15.474 7 WARNING cinder.scheduler.host_manager [None req-ff6090b8-9468-4e1b-917e-0f55dccdffb4 75227d97fd284e48a38b4ac60f7de211 a26fdefb230b4264bf5445496eaa96ce - - - -] volume service is down. (host: rack08-server60@lvm-1)
2022-09-19 13:22:17.363 7 WARNING cinder.scheduler.host_manager [None req-0c84d6e5-6992-4035-a758-dbf7def15e78 e4ca1cabd6304b61a6e4288f1308e534 75d513bb662f47e485fe74087439efa7 - - - -] volume service is down. (host: rack08-server60@lvm-1)
2022-09-19 13:22:22.076 7 WARNING cinder.scheduler.host_manager [None req-214b7a9b-5284-4c59-98fa-a43bb87f3831 e4ca1cabd6304b61a6e4288f1308e534 75d513bb662f47e485fe74087439efa7 - - - -] volume service is down. (host: rack08-server60@lvm-1)
2022-09-19 13:22:24.502 7 WARNING cinder.scheduler.host_manager [None req-784c6b06-7cfb-44d9-99b5-dd71ba182f37 e4ca1cabd6304b61a6e4288f1308e534 75d513bb662f47e485fe74087439efa7 - - - -] volume service is down. (host: rack08-server60@lvm-1)
2022-09-19 13:22:25.505 7 WARNING cinder.scheduler.host_manager [None req-2fccb770-969a-4992-bae8-64ef55615311 45ec59ca4a2a4d5a8e0ca1103b62c372 8e9e780e4d0a49af834f36dfc404f434 - - - -] volume service is down. (host: rack08-server60@lvm-1)
2022-09-19 13:22:28.098 7 WARNING cinder.scheduler.host_manager [None req-a9be6979-c97d-4270-8cd9-d9a327473278 e4ca1cabd6304b61a6e4288f1308e534 75d513bb662f47e485fe74087439efa7 - - - -] volume service is down. (host: rack08-server60@lvm-1)
2022-09-19 13:22:29.457 7 WARNING cinder.scheduler.host_manager [None req-aaec4091-9c68-4d1c-a19f-4830e9bbb01f a99b4439f1f849da8cfb63f88deea452 8880cfe726494be6a2d475962a3672eb - - - -] volume service is down. (host: rack08-server60@lvm-1)
2022-09-19 13:22:31.732 7 WARNING cinder.scheduler.host_manager [None req-c030e8be-ffeb-4e58-bbab-95a0b8138628 a99b4439f1f849da8cfb63f88deea452 8880cfe726494be6a2d475962a3672eb - - - -] volume service is down. (host: rack08-server60@lvm-1)
2022-09-19 13:22:32.559 7 WARNING cinder.scheduler.host_manager [None req-acaf6f9e-0fbb-4418-892e-2bf89466e7d7 f913eb38e7f04e4aa6f5ae08debd36d7 c26d129342e1466cbc27b4fe866000b9 - - - -] volume service is down. (host: rack08-server60@lvm-1)
2022-09-19 13:22:32.921 7 WARNING cinder.scheduler.host_manager [None req-690ef08c-079b-445a-8ef1-d132f837763b e4ca1cabd6304b61a6e4288f1308e534 75d513bb662f47e485fe74087439efa7 - - - -] volume service is down. (host: rack08-server60@lvm-1)
2022-09-19 13:22:33.982 7 WARNING cinder.scheduler.host_manager [None req-9c176878-a27a-43f5-a382-f46a7b3f4a1e a99b4439f1f849da8cfb63f88deea452 8880cfe726494be6a2d475962a3672eb - - - -] volume service is down. (host: rack08-server60@lvm-1)
2022-09-19 13:22:36.218 7 WARNING cinder.scheduler.host_manager [None req-6b97b042-d06b-4b1c-a13d-2feba7c9f4b3 a99b4439f1f849da8cfb63f88deea452 8880cfe726494be6a2d475962a3672eb - - - -] volume service is down. (host: rack08-server60@lvm-1)
2022-09-19 13:22:46.043 7 WARNING cinder.scheduler.host_manager [None req-90f290e7-903d-43fd-9e14-01c5087316bd e4ca1cabd6304b61a6e4288f1308e534 75d513bb662f47e485fe74087439efa7 - - - -] volume service is down. (host: rack08-server60@lvm-1)
2022-09-19 13:22:46.994 7 WARNING cinder.scheduler.host_manager [None req-d4f8b834-9a9c-44d0-a939-f70f48f3e05b 85f4bb6f0c44406191baaa809c83668f 785e5f263d8f444e92714ac42a02958a - - - -] volume service is down. (host: rack08-server60@lvm-1)
2022-09-19 13:22:49.282 7 WARNING cinder.scheduler.host_manager [None req-c9f8b314-d258-4fe4-94a3-b3aeeb4dbaf4 85f4bb6f0c44406191baaa809c83668f 785e5f263d8f444e92714ac42a02958a - - - -] volume service is down. (host: rack08-server60@lvm-1)
2022-09-19 13:22:54.878 7 WARNING cinder.scheduler.host_manager [None req-cf6ac96e-4306-4e1d-b2b0-77477a8848c8 1ae172a3ce224f33bb912a1f2fe95dd2 7d21d9a1b9ef438d8826c2f45c404554 - - - -] volume service is down. (host: rack08-server60@lvm-1)
2022-09-19 13:24:10.383 7 WARNING cinder.scheduler.host_manager [None req-e90c2e8c-d2e5-48bb-a837-1316f0aa0904 1ccaa642704a485b9ad8dee0a7e4aec2 32b0100ae53c45d2b56673fd6fb4673a - - - -] volume service is down. (host: rack08-server60@lvm-1)
2022-09-19 13:24:10.388 7 WARNING cinder.scheduler.host_manager [None req-7810fd83-dde4-4d93-8c36-7fb4c941c1ac 82d8a7f635714a18ae9e97df8018b96b 49496798ed144b488c80976120e21fc7 - - - -] volume service is down. (host: rack08-server60@lvm-1)
2022-09-19 13:24:10.396 7 WARNING cinder.scheduler.host_manager [None req-ffcd491f-180f-4fdb-b2db-05c45cf0360f 8cfdeec1c54c47219ba304e6fec96be1 90789c9915594a7181bdd372ca20e7c5 - - - -] volume service is down. (host: rack08-server60@lvm-1)
2022-09-19 13:24:10.568 7 WARNING cinder.scheduler.host_manager [None req-4d38b19a-6163-4fd4-9393-d6c6691da13c 8cfdeec1c54c47219ba304e6fec96be1 90789c9915594a7181bdd372ca20e7c5 - - - -] volume service is down. (host: rack08-server60@lvm-1)
2022-09-19 13:24:11.232 7 WARNING cinder.scheduler.host_manager [None req-d126187a-3a21-4e98-bcde-03b686195a2d 8cfdeec1c54c47219ba304e6fec96be1 90789c9915594a7181bdd372ca20e7c5 - - - -] volume service is down. (host: rack08-server60@lvm-1)
2022-09-19 13:24:11.473 7 WARNING cinder.scheduler.host_manager [None req-a87a106c-a569-4b3e-824d-e4c194b091b3 8cfdeec1c54c47219ba304e6fec96be1 90789c9915594a7181bdd372ca20e7c5 - - - -] volume service is down. (host: rack08-server60@lvm-1)
2022-09-19 13:24:11.669 7 WARNING cinder.scheduler.host_manager [None req-4d46fb25-0335-40a3-b10b-0fe90ec2f80a 1ccaa642704a485b9ad8dee0a7e4aec2 32b0100ae53c45d2b56673fd6fb4673a - - - -] volume service is down. (host: rack08-server60@lvm-1)
2022-09-19 13:24:11.731 7 WARNING cinder.scheduler.host_manager [None req-434044d2-bcf8-47ff-b00c-9fcc4f17bb45 8cfdeec1c54c47219ba304e6fec96be1 90789c9915594a7181bdd372ca20e7c5 - - - -] volume service is down. (host: rack08-server60@lvm-1)
2022-09-19 13:24:11.913 7 WARNING cinder.scheduler.host_manager [None req-30dd56e7-e15d-41f8-9bc8-d3e73217ca59 1ccaa642704a485b9ad8dee0a7e4aec2 32b0100ae53c45d2b56673fd6fb4673a - - - -] volume service is down. (host: rack08-server60@lvm-1)
2022-09-19 13:24:12.146 7 WARNING cinder.scheduler.host_manager [None req-be3d486e-0233-4f03-b52e-751a08e75e6a 1ccaa642704a485b9ad8dee0a7e4aec2 32b0100ae53c45d2b56673fd6fb4673a - - - -] volume service is down. (host: rack08-server60@lvm-1)
2022-09-19 13:24:12.362 7 WARNING cinder.scheduler.host_manager [None req-bbf8353c-c593-4c19-83ff-e46a044fe3ef 1ccaa642704a485b9ad8dee0a7e4aec2 32b0100ae53c45d2b56673fd6fb4673a - - - -] volume service is down. (host: rack08-server60@lvm-1)
2022-09-19 13:24:12.609 7 WARNING cinder.scheduler.host_manager [None req-283c781c-327c-4b1f-a9f2-13bd267a82f2 1ccaa642704a485b9ad8dee0a7e4aec2 32b0100ae53c45d2b56673fd6fb4673a - - - -] volume service is down. (host: rack08-server60@lvm-1)
2022-09-19 13:24:12.648 7 WARNING cinder.scheduler.host_manager [None req-2b15d075-f81a-481e-84d3-5857fd6fb609 82d8a7f635714a18ae9e97df8018b96b 49496798ed144b488c80976120e21fc7 - - - -] volume service is down. (host: rack08-server60@lvm-1)
2022-09-19 13:24:15.011 7 WARNING cinder.scheduler.host_manager [None req-7790b318-136e-41cc-9c82-3a1b79af1327 82d8a7f635714a18ae9e97df8018b96b 49496798ed144b488c80976120e21fc7 - - - -] volume service is down. (host: rack08-server60@lvm-1)
2022-09-19 13:24:15.239 7 WARNING cinder.scheduler.host_manager [None req-0694c215-1f7f-4e4b-abcb-c16efdb83678 82d8a7f635714a18ae9e97df8018b96b 49496798ed144b488c80976120e21fc7 - - - -] volume service is down. (host: rack08-server60@lvm-1)
2022-09-19 13:24:15.467 7 WARNING cinder.scheduler.host_manager [None req-7f855046-733e-4ce7-b19e-1ce33025b253 82d8a7f635714a18ae9e97df8018b96b 49496798ed144b488c80976120e21fc7 - - - -] volume service is down. (host: rack08-server60@lvm-1)
2022-09-19 13:24:15.719 7 WARNING cinder.scheduler.host_manager [None req-145ec412-7bbe-46e8-99dd-bca19d77545e 82d8a7f635714a18ae9e97df8018b96b 49496798ed144b488c80976120e21fc7 - - - -] volume service is down. (host: rack08-server60@lvm-1)
2022-09-19 13:24:15.945 7 WARNING cinder.scheduler.host_manager [None req-66c186ad-10a0-40c5-95bc-cbc086435767 82d8a7f635714a18ae9e97df8018b96b 49496798ed144b488c80976120e21fc7 - - - -] volume service is down. (host: rack08-server60@lvm-1)
2022-09-19 13:24:22.588 7 WARNING cinder.scheduler.host_manager [None req-ca53c83d-48d6-4877-a692-48e4ca071135 f0b930741e594912a0c48a8d6327f618 20c07418f8414e9fb7c9b166ea02f0d8 - - - -] volume service is down. (host: rack08-server60@lvm-1)
2022-09-19 13:24:25.022 7 WARNING cinder.scheduler.host_manager [None req-d04629b9-143a-4071-8e9b-da40c94707b9 f0b930741e594912a0c48a8d6327f618 20c07418f8414e9fb7c9b166ea02f0d8 - - - -] volume service is down. (host: rack08-server60@lvm-1)
2022-09-19 13:24:26.309 7 WARNING cinder.scheduler.host_manager [None req-8595fe87-83a2-4844-99dc-4141545d3059 f0b930741e594912a0c48a8d6327f618 20c07418f8414e9fb7c9b166ea02f0d8 - - - -] volume service is down. (host: rack08-server60@lvm-1)
