Build Started 25_08_2022_02_34_48
2022-08-25 05:37:39.505 7 WARNING cinder.scheduler.host_manager [None req-ef4a4bfb-1f6b-42ce-ae97-ac903ee8a614 ea339fa059f145a28d422e7eec5bdf43 d4fc0629f06e46ae9d5cdb90cdf54e4f - - - -] volume service is down. (host: rack08-server59@lvm-1)
2022-08-25 05:37:39.588 7 WARNING cinder.scheduler.host_manager [None req-cf13ab90-1d47-4a2e-b7fc-1546bdb6b708 b116c7fc2117411492f374f54c57dc60 61fb637a1039465aa593addd88c1da2c - - - -] volume service is down. (host: rack08-server59@lvm-1)
2022-08-25 05:37:39.894 7 WARNING cinder.scheduler.host_manager [req-fd7c8999-e06b-4209-8e51-641f6456efd0 req-58411719-2f2d-463f-af4b-03f0d3854c6a 57318f3a38b7442f90453d49046485af 061f83701a3e4c3098f5342f8f7f697b - - - -] volume service is down. (host: rack08-server59@lvm-1)
2022-08-25 05:37:41.120 7 WARNING cinder.scheduler.host_manager [None req-fb3938fb-87a3-4541-8370-5f391249a81a ea339fa059f145a28d422e7eec5bdf43 d4fc0629f06e46ae9d5cdb90cdf54e4f - - - -] volume service is down. (host: rack08-server59@lvm-1)
2022-08-25 05:37:41.577 7 WARNING cinder.scheduler.host_manager [req-f1d3c645-1f25-483c-a60a-0e5514e2e53e req-5609593b-84d1-436c-afda-a07a71f351f1 57318f3a38b7442f90453d49046485af 061f83701a3e4c3098f5342f8f7f697b - - - -] volume service is down. (host: rack08-server59@lvm-1)
2022-08-25 05:37:42.608 7 WARNING cinder.scheduler.host_manager [None req-70131788-62f4-4cfd-b087-97413b4b55bc ea339fa059f145a28d422e7eec5bdf43 d4fc0629f06e46ae9d5cdb90cdf54e4f - - - -] volume service is down. (host: rack08-server59@lvm-1)
2022-08-25 05:37:48.301 7 WARNING cinder.scheduler.host_manager [req-1c593d9f-456e-4e6a-8bd1-49456d053f1e req-388e71a3-6d49-476c-b133-a2e1c718762a 1302df5a126d478bbd0e004092912b65 68319670951e41d0a7afd6ab85045a61 - - - -] volume service is down. (host: rack08-server59@lvm-1)
2022-08-25 05:37:55.928 7 WARNING cinder.scheduler.host_manager [None req-1687f3dd-33b5-43de-af89-239f5c8c220f b943d379b05c492b97d8ed4a31418782 619599eb8eb240a29139e9cfc654731b - - - -] volume service is down. (host: rack08-server59@lvm-1)
2022-08-25 05:37:55.967 7 WARNING cinder.scheduler.host_manager [None req-b5585caa-cea4-42f1-9fd7-20ed8de22082 b943d379b05c492b97d8ed4a31418782 619599eb8eb240a29139e9cfc654731b - - - -] volume service is down. (host: rack08-server59@lvm-1)
2022-08-25 05:38:00.701 7 WARNING cinder.scheduler.host_manager [None req-a82020e7-6774-4b77-9a17-0f767c622f36 a400f7b3395f48b6af20d7e3f158cdb2 6ca624cbcd8243a9b0665bcfafe958bc - - - -] volume service is down. (host: rack08-server59@lvm-1)
2022-08-25 05:38:00.709 7 WARNING cinder.scheduler.host_manager [None req-a82020e7-6774-4b77-9a17-0f767c622f36 a400f7b3395f48b6af20d7e3f158cdb2 6ca624cbcd8243a9b0665bcfafe958bc - - - -] volume service is down. (host: rack08-server59@lvm-1)
2022-08-25 05:38:08.024 7 WARNING cinder.scheduler.host_manager [None req-ee4aeb23-c96b-49cc-9801-84a58d8bc571 5f9304b4dfa04cb6a04a50ab8a40c3d3 42d913b88fde4dd8b241b15ed66fa172 - - - -] volume service is down. (host: rack08-server59@lvm-1)
2022-08-25 05:38:08.498 7 WARNING cinder.scheduler.host_manager [None req-84bcf003-12b4-474e-a7c0-ab04c1ead5b6 8d0a9ae9d4904bbbbf94c7fa252c97f0 91faf3f67dca46d7922facdbb82ba19b - - - -] volume service is down. (host: rack08-server59@lvm-1)
2022-08-25 05:38:08.498 7 INFO cinder.scheduler.base_filter [None req-84bcf003-12b4-474e-a7c0-ab04c1ead5b6 8d0a9ae9d4904bbbbf94c7fa252c97f0 91faf3f67dca46d7922facdbb82ba19b - - - -] Filtering removed all hosts for the request with volume ID '40d1849f-a143-40f7-a5a1-a7911b77741d'. Filter results: AvailabilityZoneFilter: (start: 1, end: 1), CapacityFilter: (start: 1, end: 1), CapabilitiesFilter: (start: 1, end: 0)
2022-08-25 05:38:08.499 7 WARNING cinder.scheduler.filter_scheduler [None req-84bcf003-12b4-474e-a7c0-ab04c1ead5b6 8d0a9ae9d4904bbbbf94c7fa252c97f0 91faf3f67dca46d7922facdbb82ba19b - - - -] No weighed backend found for volume with properties: {'id': 'c06c8392-a1ae-4203-be70-cab98509438f', 'name': 'tempest-UserMessagesTest-volume-type-1757468396', 'description': None, 'is_public': True, 'projects': [], 'extra_specs': {'storage_protocol': 'tempest-storage_protocol-305126954', 'vendor_name': 'tempest-vendor_name-396410828'}, 'qos_specs_id': None, 'created_at': '2022-08-25T02:38:07.000000', 'updated_at': None, 'deleted_at': None, 'deleted': False}
2022-08-25 05:38:08.499 7 INFO cinder.message.api [None req-84bcf003-12b4-474e-a7c0-ab04c1ead5b6 8d0a9ae9d4904bbbbf94c7fa252c97f0 91faf3f67dca46d7922facdbb82ba19b - - - -] Creating message record for request_id = req-84bcf003-12b4-474e-a7c0-ab04c1ead5b6
2022-08-25 05:38:08.504 7 ERROR cinder.scheduler.flows.create_volume [None req-84bcf003-12b4-474e-a7c0-ab04c1ead5b6 8d0a9ae9d4904bbbbf94c7fa252c97f0 91faf3f67dca46d7922facdbb82ba19b - - - -] Failed to run task cinder.scheduler.flows.create_volume.ScheduleCreateVolumeTask;volume:create: No valid backend was found. No weighed backends available: cinder.exception.NoValidBackend: No valid backend was found. No weighed backends available
2022-08-25 05:38:10.089 7 WARNING cinder.scheduler.host_manager [None req-a866c96a-15e0-49e1-ac04-94d83fefc07b 8d0a9ae9d4904bbbbf94c7fa252c97f0 91faf3f67dca46d7922facdbb82ba19b - - - -] volume service is down. (host: rack08-server59@lvm-1)
2022-08-25 05:38:10.090 7 INFO cinder.scheduler.base_filter [None req-a866c96a-15e0-49e1-ac04-94d83fefc07b 8d0a9ae9d4904bbbbf94c7fa252c97f0 91faf3f67dca46d7922facdbb82ba19b - - - -] Filtering removed all hosts for the request with volume ID '143cbec9-61ff-4d21-b79b-ba7407d384d7'. Filter results: AvailabilityZoneFilter: (start: 1, end: 1), CapacityFilter: (start: 1, end: 1), CapabilitiesFilter: (start: 1, end: 0)
2022-08-25 05:38:10.091 7 WARNING cinder.scheduler.filter_scheduler [None req-a866c96a-15e0-49e1-ac04-94d83fefc07b 8d0a9ae9d4904bbbbf94c7fa252c97f0 91faf3f67dca46d7922facdbb82ba19b - - - -] No weighed backend found for volume with properties: {'id': '1d38b07e-0e2e-4d4c-b3b9-b7b33eec7438', 'name': 'tempest-UserMessagesTest-volume-type-1297175436', 'description': None, 'is_public': True, 'projects': [], 'extra_specs': {'storage_protocol': 'tempest-storage_protocol-446108112', 'vendor_name': 'tempest-vendor_name-1906373516'}, 'qos_specs_id': None, 'created_at': '2022-08-25T02:38:09.000000', 'updated_at': None, 'deleted_at': None, 'deleted': False}
2022-08-25 05:38:10.091 7 INFO cinder.message.api [None req-a866c96a-15e0-49e1-ac04-94d83fefc07b 8d0a9ae9d4904bbbbf94c7fa252c97f0 91faf3f67dca46d7922facdbb82ba19b - - - -] Creating message record for request_id = req-a866c96a-15e0-49e1-ac04-94d83fefc07b
2022-08-25 05:38:10.096 7 ERROR cinder.scheduler.flows.create_volume [None req-a866c96a-15e0-49e1-ac04-94d83fefc07b 8d0a9ae9d4904bbbbf94c7fa252c97f0 91faf3f67dca46d7922facdbb82ba19b - - - -] Failed to run task cinder.scheduler.flows.create_volume.ScheduleCreateVolumeTask;volume:create: No valid backend was found. No weighed backends available: cinder.exception.NoValidBackend: No valid backend was found. No weighed backends available
2022-08-25 05:38:10.364 7 WARNING cinder.scheduler.host_manager [None req-ea41cc5f-f76d-4919-a23b-146964750b5d 5f9304b4dfa04cb6a04a50ab8a40c3d3 42d913b88fde4dd8b241b15ed66fa172 - - - -] volume service is down. (host: rack08-server59@lvm-1)
2022-08-25 05:38:13.000 7 WARNING cinder.scheduler.host_manager [None req-355bfd87-d429-49b9-91bf-db7dbaf36462 5f9304b4dfa04cb6a04a50ab8a40c3d3 42d913b88fde4dd8b241b15ed66fa172 - - - -] volume service is down. (host: rack08-server59@lvm-1)
2022-08-25 05:38:16.563 7 WARNING cinder.scheduler.host_manager [None req-1ffb8ec9-46e0-4c09-8a2d-f78e4ec6f37b 5f9304b4dfa04cb6a04a50ab8a40c3d3 42d913b88fde4dd8b241b15ed66fa172 - - - -] volume service is down. (host: rack08-server59@lvm-1)
2022-08-25 05:38:19.504 7 WARNING cinder.scheduler.host_manager [None req-4fe718c7-7b08-4e82-81b2-1132d01e90e6 b8896d0518284daa8a33e78563662b46 4e41bb31626c4c07b37629ceb01aad73 - - - -] volume service is down. (host: rack08-server59@lvm-1)
2022-08-25 05:38:20.160 7 WARNING cinder.scheduler.host_manager [None req-a6d5ac3d-6245-4e33-9b5b-5b44776c5e0d 5f9304b4dfa04cb6a04a50ab8a40c3d3 42d913b88fde4dd8b241b15ed66fa172 - - - -] volume service is down. (host: rack08-server59@lvm-1)
2022-08-25 05:38:22.194 7 WARNING cinder.scheduler.host_manager [None req-d3644ccf-da2c-4aa5-bade-c13d90eb6900 b8896d0518284daa8a33e78563662b46 4e41bb31626c4c07b37629ceb01aad73 - - - -] volume service is down. (host: rack08-server59@lvm-1)
2022-08-25 05:38:23.726 7 WARNING cinder.scheduler.host_manager [None req-2668509f-2770-4daa-a5a6-c956ac8eaf52 5f9304b4dfa04cb6a04a50ab8a40c3d3 42d913b88fde4dd8b241b15ed66fa172 - - - -] volume service is down. (host: rack08-server59@lvm-1)
2022-08-25 05:38:32.383 7 WARNING cinder.scheduler.host_manager [None req-d8384142-25b1-4271-8464-b95aab70c6c5 4c67a7a48b15470a9bc3b54a4465a078 1e1bea15a7784c0c936652f14267fc79 - - - -] volume service is down. (host: rack08-server59@lvm-1)
2022-08-25 05:38:33.910 7 WARNING cinder.scheduler.host_manager [None req-4f7446d0-99f5-42ad-9f7c-94d32912bbfd ea775d258f4f44d0a763356b29fd3ac1 48d758d6c82945c58082a0b78db32fd4 - - - -] volume service is down. (host: rack08-server59@lvm-1)
2022-08-25 05:38:40.315 7 WARNING cinder.scheduler.host_manager [None req-c7649eb4-bf82-486f-9616-4e2e345e302d b116c7fc2117411492f374f54c57dc60 61fb637a1039465aa593addd88c1da2c - - - -] volume service is down. (host: rack08-server59@lvm-1)
2022-08-25 05:38:45.957 7 WARNING cinder.scheduler.host_manager [None req-6d1ede56-0028-40c6-81a6-ce1171d7cd38 cfdd7e65df4442ce8467a0edee65e0e6 32f2fdb0941f432c9aea18810466ef3c - - - -] volume service is down. (host: rack08-server59@lvm-1)
2022-08-25 05:38:47.235 7 WARNING cinder.scheduler.host_manager [None req-f5c51074-0fd4-4c51-8e22-c79bb53dae5d cfdd7e65df4442ce8467a0edee65e0e6 32f2fdb0941f432c9aea18810466ef3c - - - -] volume service is down. (host: rack08-server59@lvm-1)
2022-08-25 05:38:54.182 7 WARNING cinder.scheduler.host_manager [None req-c0403d49-9f56-4cc2-aefd-d7b2a75f7ad3 67d13c89d8054a05a136f6ba6cb1f537 e4e9f5ad3d14476084190280108745af - - - -] volume service is down. (host: rack08-server59@lvm-1)
2022-08-25 05:38:56.547 7 WARNING cinder.scheduler.host_manager [None req-1384c12e-10bb-43be-b0ef-28f5d8ba48de 67d13c89d8054a05a136f6ba6cb1f537 e4e9f5ad3d14476084190280108745af - - - -] volume service is down. (host: rack08-server59@lvm-1)
2022-08-25 05:39:06.877 7 WARNING cinder.scheduler.host_manager [None req-8adcf02f-a1c4-4396-83c7-ecd8a9a42e02 8ac806964b4b43e9977488736f30dce2 f0f4f799829a4df4ad0b18a625a283a3 - - - -] volume service is down. (host: rack08-server59@lvm-1)
2022-08-25 05:39:08.177 7 WARNING cinder.scheduler.host_manager [None req-8ed47a03-ab68-4ed2-a58b-75e1c5a217cb 8ac806964b4b43e9977488736f30dce2 f0f4f799829a4df4ad0b18a625a283a3 - - - -] volume service is down. (host: rack08-server59@lvm-1)
2022-08-25 05:39:08.352 7 WARNING cinder.scheduler.host_manager [None req-c453d4e9-29ef-44fc-9254-adf96840e5c5 70a6e90bf40343f797e8cc107efb466a 1e8d773df1b741dba3da4ffdb0d7ad14 - - - -] volume service is down. (host: rack08-server59@lvm-1)
2022-08-25 05:39:10.465 7 WARNING cinder.scheduler.host_manager [None req-46ca34e2-aff7-4a37-a48a-1767fd2fea8d 8ac806964b4b43e9977488736f30dce2 f0f4f799829a4df4ad0b18a625a283a3 - - - -] volume service is down. (host: rack08-server59@lvm-1)
2022-08-25 05:39:14.144 7 WARNING cinder.scheduler.host_manager [None req-ea9d3698-b5b0-4b71-94d5-4859e41b6f36 8ac806964b4b43e9977488736f30dce2 f0f4f799829a4df4ad0b18a625a283a3 - - - -] volume service is down. (host: rack08-server59@lvm-1)
2022-08-25 05:39:14.443 7 WARNING cinder.scheduler.host_manager [None req-c47ba6bf-3a14-4a0c-8559-bc297a5fce46 00283a7247e44823ba14360d0b7ec473 3b56b4a354c74e7d8e611b8d93e1c8c5 - - - -] volume service is down. (host: rack08-server59@lvm-1)
2022-08-25 05:39:16.395 7 WARNING cinder.scheduler.host_manager [None req-ae33f8a3-c4fc-4efd-9728-26275c31d6a3 9108bd264c3e41d0a5595d007a9d277a 6c55757b92aa440d975575da06490ef3 - - - -] volume service is down. (host: rack08-server59@lvm-1)
2022-08-25 05:39:16.405 7 WARNING cinder.scheduler.host_manager [None req-ae33f8a3-c4fc-4efd-9728-26275c31d6a3 9108bd264c3e41d0a5595d007a9d277a 6c55757b92aa440d975575da06490ef3 - - - -] volume service is down. (host: rack08-server59@lvm-1)
2022-08-25 05:39:16.491 7 WARNING cinder.scheduler.host_manager [None req-d668deac-48b9-4ba0-85d6-c126b212862b 8ac806964b4b43e9977488736f30dce2 f0f4f799829a4df4ad0b18a625a283a3 - - - -] volume service is down. (host: rack08-server59@lvm-1)
2022-08-25 05:39:16.971 7 WARNING cinder.scheduler.host_manager [None req-12342037-0915-4da2-ae34-6085a776d54b 00283a7247e44823ba14360d0b7ec473 3b56b4a354c74e7d8e611b8d93e1c8c5 - - - -] volume service is down. (host: rack08-server59@lvm-1)
2022-08-25 05:39:17.964 7 WARNING cinder.scheduler.host_manager [None req-98f6127a-d57b-47c1-a54e-87ecc67a4f38 9108bd264c3e41d0a5595d007a9d277a 6c55757b92aa440d975575da06490ef3 - - - -] volume service is down. (host: rack08-server59@lvm-1)
2022-08-25 05:39:18.436 7 WARNING cinder.scheduler.host_manager [None req-f22ca069-b32a-4627-bce4-2f35a4b0d77f 00283a7247e44823ba14360d0b7ec473 3b56b4a354c74e7d8e611b8d93e1c8c5 - - - -] volume service is down. (host: rack08-server59@lvm-1)
2022-08-25 05:39:19.000 7 WARNING cinder.scheduler.host_manager [None req-0f8c850e-b7a9-4e7a-9e8e-f5cbdeba1d4e 8ac806964b4b43e9977488736f30dce2 f0f4f799829a4df4ad0b18a625a283a3 - - - -] volume service is down. (host: rack08-server59@lvm-1)
2022-08-25 05:39:21.678 7 WARNING cinder.scheduler.host_manager [None req-ec3e4a4b-ca29-470c-aa64-ac0496bce306 9108bd264c3e41d0a5595d007a9d277a 6c55757b92aa440d975575da06490ef3 - - - -] volume service is down. (host: rack08-server59@lvm-1)
2022-08-25 05:39:27.542 7 WARNING cinder.scheduler.host_manager [None req-7c6a44ad-1baa-4348-8cc0-bc83f8dd5b6a 9108bd264c3e41d0a5595d007a9d277a 6c55757b92aa440d975575da06490ef3 - - - -] volume service is down. (host: rack08-server59@lvm-1)
2022-08-25 05:39:27.550 7 WARNING cinder.scheduler.host_manager [None req-7c6a44ad-1baa-4348-8cc0-bc83f8dd5b6a 9108bd264c3e41d0a5595d007a9d277a 6c55757b92aa440d975575da06490ef3 - - - -] volume service is down. (host: rack08-server59@lvm-1)
2022-08-25 05:39:29.066 7 WARNING cinder.scheduler.host_manager [None req-f4848182-b0ee-401d-85ca-f26a4f3693ab 9108bd264c3e41d0a5595d007a9d277a 6c55757b92aa440d975575da06490ef3 - - - -] volume service is down. (host: rack08-server59@lvm-1)
2022-08-25 05:39:29.140 7 WARNING cinder.scheduler.host_manager [None req-f598479b-a247-40d9-b551-d041e1f030e3 f8fbacaa27ee437db04020e50a1364f4 135165d1a3364cfeb76a7318b2d8375b - - - -] volume service is down. (host: rack08-server59@lvm-1)
2022-08-25 05:39:29.197 7 WARNING cinder.scheduler.host_manager [None req-a0aeadb9-21b4-4fe2-8b19-3497f8b4eb84 7e9986fad6ad4eb9a4ce4e7d8322285d 54ce7f9d667f4aeb96c8fd083086df29 - - - -] volume service is down. (host: rack08-server59@lvm-1)
2022-08-25 05:39:30.965 7 WARNING cinder.scheduler.host_manager [None req-e745a0ce-c197-4b44-9854-d5cc1933fcb4 9108bd264c3e41d0a5595d007a9d277a 6c55757b92aa440d975575da06490ef3 - - - -] volume service is down. (host: rack08-server59@lvm-1)
2022-08-25 05:39:34.282 7 WARNING cinder.scheduler.host_manager [None req-1012f04e-b039-4699-8df7-bc366f696e4a 7e9986fad6ad4eb9a4ce4e7d8322285d 54ce7f9d667f4aeb96c8fd083086df29 - - - -] volume service is down. (host: rack08-server59@lvm-1)
2022-08-25 05:39:39.072 7 WARNING cinder.scheduler.host_manager [None req-c8606b36-8a71-47ef-bc20-848baed35ea6 f8fbacaa27ee437db04020e50a1364f4 135165d1a3364cfeb76a7318b2d8375b - - - -] volume service is down. (host: rack08-server59@lvm-1)
2022-08-25 05:39:40.329 7 WARNING cinder.scheduler.host_manager [None req-4eaba6c5-e2b5-4942-8a6f-2bde74e3e50f 8154978760624daeb061b96d8faba4e0 3fde302c321f4eaf90f832b52ffaff67 - - - -] volume service is down. (host: rack08-server59@lvm-1)
2022-08-25 05:39:42.626 7 WARNING cinder.scheduler.host_manager [None req-344d84b5-40d3-4fe0-83f9-1b0989cdcb7a f8fbacaa27ee437db04020e50a1364f4 135165d1a3364cfeb76a7318b2d8375b - - - -] volume service is down. (host: rack08-server59@lvm-1)
2022-08-25 05:39:43.632 7 WARNING cinder.scheduler.host_manager [None req-97ba6d90-0bfc-431a-99b5-2c7c1bb7b3ad 9108bd264c3e41d0a5595d007a9d277a 6c55757b92aa440d975575da06490ef3 - - - -] volume service is down. (host: rack08-server59@lvm-1)
2022-08-25 05:39:43.639 7 WARNING cinder.scheduler.host_manager [None req-97ba6d90-0bfc-431a-99b5-2c7c1bb7b3ad 9108bd264c3e41d0a5595d007a9d277a 6c55757b92aa440d975575da06490ef3 - - - -] volume service is down. (host: rack08-server59@lvm-1)
2022-08-25 05:39:45.143 7 WARNING cinder.scheduler.host_manager [None req-f38bf33a-17e1-44e5-8686-0219a56e79ad 9108bd264c3e41d0a5595d007a9d277a 6c55757b92aa440d975575da06490ef3 - - - -] volume service is down. (host: rack08-server59@lvm-1)
2022-08-25 05:39:47.053 7 WARNING cinder.scheduler.host_manager [None req-89ec3c3e-5938-4f82-8aa9-a157aa5946f1 84e8e2c7296d4ce591b9880ea187cd63 6d929c7f609342aa94cbdd2070b9c34d - - - -] volume service is down. (host: rack08-server59@lvm-1)
2022-08-25 05:40:01.189 7 WARNING cinder.scheduler.host_manager [None req-5a331166-9257-459c-bcd9-f3e5a7bd3842 fb7a2d9cd22444408ad4b7274bd593a7 96fd2464ce4d4cab987362dabb4bc0ec - - - -] volume service is down. (host: rack08-server59@lvm-1)
2022-08-25 05:40:01.196 7 WARNING cinder.scheduler.host_manager [None req-5a331166-9257-459c-bcd9-f3e5a7bd3842 fb7a2d9cd22444408ad4b7274bd593a7 96fd2464ce4d4cab987362dabb4bc0ec - - - -] volume service is down. (host: rack08-server59@lvm-1)
2022-08-25 05:40:02.423 7 WARNING cinder.scheduler.host_manager [None req-fedaa526-79bd-405a-aff1-5ba2c5e28551 fb7a2d9cd22444408ad4b7274bd593a7 96fd2464ce4d4cab987362dabb4bc0ec - - - -] volume service is down. (host: rack08-server59@lvm-1)
2022-08-25 05:40:02.430 7 WARNING cinder.scheduler.host_manager [None req-fedaa526-79bd-405a-aff1-5ba2c5e28551 fb7a2d9cd22444408ad4b7274bd593a7 96fd2464ce4d4cab987362dabb4bc0ec - - - -] volume service is down. (host: rack08-server59@lvm-1)
2022-08-25 05:40:03.977 7 WARNING cinder.scheduler.host_manager [None req-f1564347-6f56-48ae-ae69-99554b835266 fb7a2d9cd22444408ad4b7274bd593a7 96fd2464ce4d4cab987362dabb4bc0ec - - - -] volume service is down. (host: rack08-server59@lvm-1)
2022-08-25 05:40:09.391 7 WARNING cinder.scheduler.host_manager [None req-46ce5ea3-d7bb-432d-88f3-c9843d63b308 fb7a2d9cd22444408ad4b7274bd593a7 96fd2464ce4d4cab987362dabb4bc0ec - - - -] volume service is down. (host: rack08-server59@lvm-1)
2022-08-25 05:40:09.398 7 WARNING cinder.scheduler.host_manager [None req-46ce5ea3-d7bb-432d-88f3-c9843d63b308 fb7a2d9cd22444408ad4b7274bd593a7 96fd2464ce4d4cab987362dabb4bc0ec - - - -] volume service is down. (host: rack08-server59@lvm-1)
2022-08-25 05:40:10.918 7 WARNING cinder.scheduler.host_manager [None req-24d8da79-5a1c-4066-9170-dfefc89adf0a fb7a2d9cd22444408ad4b7274bd593a7 96fd2464ce4d4cab987362dabb4bc0ec - - - -] volume service is down. (host: rack08-server59@lvm-1)
2022-08-25 05:40:12.404 7 WARNING cinder.scheduler.host_manager [None req-39e9dd49-8b0f-4add-acac-a4bfeda1fb24 fb7a2d9cd22444408ad4b7274bd593a7 96fd2464ce4d4cab987362dabb4bc0ec - - - -] volume service is down. (host: rack08-server59@lvm-1)
2022-08-25 05:40:22.642 7 WARNING cinder.scheduler.host_manager [None req-40d34018-d18c-4e6e-ab9e-a7c00159abad 1acd6cc4082649d1b0712ac6375e7900 9d87cc2747d34a6396a55969b808b080 - - - -] volume service is down. (host: rack08-server59@lvm-1)
2022-08-25 05:40:22.649 7 WARNING cinder.scheduler.host_manager [None req-40d34018-d18c-4e6e-ab9e-a7c00159abad 1acd6cc4082649d1b0712ac6375e7900 9d87cc2747d34a6396a55969b808b080 - - - -] volume service is down. (host: rack08-server59@lvm-1)
2022-08-25 05:40:24.201 7 WARNING cinder.scheduler.host_manager [None req-190cd01d-5752-4356-a657-4be1de8bcc4d 1acd6cc4082649d1b0712ac6375e7900 9d87cc2747d34a6396a55969b808b080 - - - -] volume service is down. (host: rack08-server59@lvm-1)
2022-08-25 05:40:25.499 7 WARNING cinder.scheduler.host_manager [None req-1d8fce97-cc30-4917-bf5d-861f9c5c1f9e 1acd6cc4082649d1b0712ac6375e7900 9d87cc2747d34a6396a55969b808b080 - - - -] volume service is down. (host: rack08-server59@lvm-1)
2022-08-25 05:40:47.355 7 WARNING cinder.scheduler.host_manager [None req-2410f7a7-aee2-4958-b0d6-0ce321df171a dbf960b909184dca929a077eb37526ef 89c3f8933ae84d66b6907e62f83e04a4 - - - -] volume service is down. (host: rack08-server59@lvm-1)
2022-08-25 05:40:48.836 7 WARNING cinder.scheduler.host_manager [None req-88adf2a1-d662-41f5-ba7d-1337c6206ca5 dbf960b909184dca929a077eb37526ef 89c3f8933ae84d66b6907e62f83e04a4 - - - -] volume service is down. (host: rack08-server59@lvm-1)
2022-08-25 05:40:56.471 7 WARNING cinder.scheduler.host_manager [None req-f00c5e90-1287-4e4b-97cc-ceae7021ba88 ebb8d6b53e7647e6a66cafd7692de904 d649539a0e744dfc9ee63a4d64e6118a - - - -] volume service is down. (host: rack08-server59@lvm-1)
2022-08-25 05:43:09.433 7 WARNING cinder.scheduler.host_manager [None req-8bd6013d-87a8-493d-8fee-9b5741d21d76 f8fbacaa27ee437db04020e50a1364f4 135165d1a3364cfeb76a7318b2d8375b - - - -] volume service is down. (host: rack08-server59@lvm-1)
2022-08-25 05:43:10.724 7 WARNING cinder.scheduler.host_manager [None req-9df2b2be-818b-4f4b-afe5-0677468c103f f8fbacaa27ee437db04020e50a1364f4 135165d1a3364cfeb76a7318b2d8375b - - - -] volume service is down. (host: rack08-server59@lvm-1)
2022-08-25 05:43:13.241 7 WARNING cinder.scheduler.host_manager [None req-47baae64-8abe-444f-8115-7c02a88c0e5d f8fbacaa27ee437db04020e50a1364f4 135165d1a3364cfeb76a7318b2d8375b - - - -] volume service is down. (host: rack08-server59@lvm-1)
2022-08-25 05:43:16.910 7 WARNING cinder.scheduler.host_manager [None req-246b9487-eae9-4715-a60a-6bda46d4b7fd f8fbacaa27ee437db04020e50a1364f4 135165d1a3364cfeb76a7318b2d8375b - - - -] volume service is down. (host: rack08-server59@lvm-1)
2022-08-25 05:43:18.155 7 WARNING cinder.scheduler.host_manager [None req-482d0c4e-7226-45b4-a285-e6cd5dc2db49 f8fbacaa27ee437db04020e50a1364f4 135165d1a3364cfeb76a7318b2d8375b - - - -] volume service is down. (host: rack08-server59@lvm-1)
2022-08-25 05:43:20.661 7 WARNING cinder.scheduler.host_manager [None req-a69d37a3-d82b-41ed-b239-000e26557c8d f8fbacaa27ee437db04020e50a1364f4 135165d1a3364cfeb76a7318b2d8375b - - - -] volume service is down. (host: rack08-server59@lvm-1)
2022-08-25 05:43:33.300 7 WARNING cinder.scheduler.host_manager [None req-095bc73a-37d7-48da-8ad4-822528b15704 ee041d72d39747f28183704f1230d31b ac1ade5441a44911ba0b4a321383be79 - - - -] volume service is down. (host: rack08-server59@lvm-1)
2022-08-25 05:43:34.593 7 WARNING cinder.scheduler.host_manager [None req-b078eb01-e70f-4606-b38d-354d423678f8 ee041d72d39747f28183704f1230d31b ac1ade5441a44911ba0b4a321383be79 - - - -] volume service is down. (host: rack08-server59@lvm-1)
2022-08-25 05:43:50.412 7 WARNING cinder.scheduler.host_manager [None req-dad2ca63-6e5b-4919-af6f-f8b05b3c4112 fc757c7cec3645398d4eed957e91baea eabf9ac499dd4762adf292d9be625e8b - - - -] volume service is down. (host: rack08-server59@lvm-1)
2022-08-25 05:44:02.338 7 WARNING cinder.scheduler.host_manager [None req-67874231-3f6f-47bd-8523-0de4370c8bbf fc757c7cec3645398d4eed957e91baea eabf9ac499dd4762adf292d9be625e8b - - - -] volume service is down. (host: rack08-server59@lvm-1)
2022-08-25 05:44:03.854 7 WARNING cinder.scheduler.host_manager [None req-776a784f-f099-417f-8e95-50d250d8201f fc757c7cec3645398d4eed957e91baea eabf9ac499dd4762adf292d9be625e8b - - - -] volume service is down. (host: rack08-server59@lvm-1)
2022-08-25 05:44:05.172 7 WARNING cinder.scheduler.host_manager [None req-5fd58525-063a-41c7-8b04-d5cb4b43cc25 fc757c7cec3645398d4eed957e91baea eabf9ac499dd4762adf292d9be625e8b - - - -] volume service is down. (host: rack08-server59@lvm-1)
2022-08-25 05:44:07.503 7 WARNING cinder.scheduler.host_manager [None req-f0919545-63d3-48f6-8eac-b91897ffa3aa fc757c7cec3645398d4eed957e91baea eabf9ac499dd4762adf292d9be625e8b - - - -] volume service is down. (host: rack08-server59@lvm-1)
2022-08-25 05:44:15.186 7 WARNING cinder.scheduler.host_manager [None req-f9136bcb-6c75-4b2b-8e81-7fb6ca7d1a6b 2398b57ec1fb4053b7a6c2949ea249d7 ec09b612bfd644af904c6eb90cd5d8dd - - - -] volume service is down. (host: rack08-server59@lvm-1)
2022-08-25 05:45:51.881 7 WARNING cinder.scheduler.host_manager [None req-0b8366c2-f176-48f4-9225-192cc7acb415 0823a587f1bd4a3f83dc04c42ff18fec 86b90f347f914472a18a4c8dbe9ea96f - - - -] volume service is down. (host: rack08-server59@lvm-1)
2022-08-25 05:45:54.756 7 WARNING cinder.scheduler.host_manager [None req-b532447b-6af5-423b-acb1-5f1655fc1731 0823a587f1bd4a3f83dc04c42ff18fec 86b90f347f914472a18a4c8dbe9ea96f - - - -] volume service is down. (host: rack08-server59@lvm-1)
2022-08-25 05:45:57.461 7 WARNING cinder.scheduler.host_manager [None req-a878fe04-41f7-4313-ba7e-701cee58063e 0823a587f1bd4a3f83dc04c42ff18fec 86b90f347f914472a18a4c8dbe9ea96f - - - -] volume service is down. (host: rack08-server59@lvm-1)
2022-08-25 05:46:01.200 7 WARNING cinder.scheduler.host_manager [None req-ec48dd47-83cb-48ec-8cd3-946d70c50d88 0823a587f1bd4a3f83dc04c42ff18fec 86b90f347f914472a18a4c8dbe9ea96f - - - -] volume service is down. (host: rack08-server59@lvm-1)
2022-08-25 05:46:03.917 7 WARNING cinder.scheduler.host_manager [None req-4f64a364-6a0d-43a5-ae89-3126fb4d42e8 0823a587f1bd4a3f83dc04c42ff18fec 86b90f347f914472a18a4c8dbe9ea96f - - - -] volume service is down. (host: rack08-server59@lvm-1)
2022-08-25 05:46:11.609 7 WARNING cinder.scheduler.host_manager [None req-175f7cb7-15c9-46f9-b86c-2175d5634901 6e00a6f173b541c59c8fc80f04d3c3a4 0c87ef16529141b58298cc2c98590cc8 - - - -] volume service is down. (host: rack08-server59@lvm-1)
2022-08-25 05:46:14.163 7 WARNING cinder.scheduler.host_manager [None req-46460bcb-670b-49fa-bd7c-f0e5ed954de7 6e00a6f173b541c59c8fc80f04d3c3a4 0c87ef16529141b58298cc2c98590cc8 - - - -] volume service is down. (host: rack08-server59@lvm-1)
2022-08-25 05:46:15.668 7 WARNING cinder.scheduler.host_manager [None req-935a9500-2bb0-4d20-bb9c-82783eb6ed5b 6e00a6f173b541c59c8fc80f04d3c3a4 0c87ef16529141b58298cc2c98590cc8 - - - -] volume service is down. (host: rack08-server59@lvm-1)
2022-08-25 05:46:17.394 7 WARNING cinder.scheduler.host_manager [None req-376b70f5-0fa1-4a48-a90d-8027e5e6239e b1287d26bdcb45cb92087a0911013be2 ec103dd8d55040dca99c9b8d64b76dfb - - - -] volume service is down. (host: rack08-server59@lvm-1)
2022-08-25 05:46:25.465 7 WARNING cinder.scheduler.host_manager [None req-4c797d43-99cd-426a-99c1-90520d3b37db 92b56ce39d5141ab8a8f6c9a588ff47e 576b0dbec0af485d85209a26ba981c67 - - - -] volume service is down. (host: rack08-server59@lvm-1)
2022-08-25 05:46:42.971 7 WARNING cinder.scheduler.host_manager [None req-1181e9fd-84d7-4fb4-9fc8-3b7bc95cea1b 6a25888b44064a87b76941836004baeb 129b1dc141474e4cb70aad84da5d516e - - - -] volume service is down. (host: rack08-server59@lvm-1)
2022-08-25 05:46:52.313 7 WARNING cinder.scheduler.host_manager [None req-0880bc96-d421-47a6-8ed9-f0d4552aa5cd 66b1360f05af43f1969928b27913da89 4149c3ca891141308c01997a8d1b022b - - - -] volume service is down. (host: rack08-server59@lvm-1)
2022-08-25 05:46:56.227 7 WARNING cinder.scheduler.host_manager [None req-b21acc00-a1ac-4e88-a05f-5a7422a7179c 66b1360f05af43f1969928b27913da89 4149c3ca891141308c01997a8d1b022b - - - -] volume service is down. (host: rack08-server59@lvm-1)
2022-08-25 05:47:02.295 7 WARNING cinder.scheduler.host_manager [None req-ce6334e5-431f-426c-884c-bebae8a3ba73 d99ab276f53d4812b554b850033570e1 74e55225d5124739a85bdc08a4f3c543 - - - -] volume service is down. (host: rack08-server59@lvm-1)
2022-08-25 05:56:51.026 7 WARNING cinder.scheduler.host_manager [None req-16c3c81b-be6a-4ee2-8c05-99204fb676fe 1ce4aa0ec628420cbcfe73c811f36b63 28b2e546487846f4968253267990838b - - - -] volume service is down. (host: rack08-server59@lvm-1)
2022-08-25 05:57:04.117 7 WARNING cinder.scheduler.host_manager [None req-b88da38c-0796-4dc2-a57c-07877ef4d41f 1ce4aa0ec628420cbcfe73c811f36b63 28b2e546487846f4968253267990838b - - - -] volume service is down. (host: rack08-server59@lvm-1)
2022-08-25 05:57:09.861 7 WARNING cinder.scheduler.host_manager [None req-09943a76-851c-49f0-b072-e808abbff07e 1ce4aa0ec628420cbcfe73c811f36b63 28b2e546487846f4968253267990838b - - - -] volume service is down. (host: rack08-server59@lvm-1)
2022-08-25 05:57:12.393 7 WARNING cinder.scheduler.host_manager [None req-2a31b98c-435d-47aa-a768-66d3cb0d0795 1ce4aa0ec628420cbcfe73c811f36b63 28b2e546487846f4968253267990838b - - - -] volume service is down. (host: rack08-server59@lvm-1)
2022-08-25 05:57:22.143 7 WARNING cinder.scheduler.host_manager [None req-6cff21ad-6d1d-4839-aad2-8fb9e50965ad 29cf4e7d9e844f5096980e52abe9528d 669c99e85f914e719dae409b2e01ec2d - - - -] volume service is down. (host: rack08-server59@lvm-1)
2022-08-25 05:57:24.849 7 WARNING cinder.scheduler.host_manager [None req-bb86e991-ad8e-4eef-9aa0-75cb96d9a75b 29cf4e7d9e844f5096980e52abe9528d 669c99e85f914e719dae409b2e01ec2d - - - -] volume service is down. (host: rack08-server59@lvm-1)
2022-08-25 05:57:28.639 7 WARNING cinder.scheduler.host_manager [None req-bf0f5250-4aaf-4d62-a289-7a298901fb07 29cf4e7d9e844f5096980e52abe9528d 669c99e85f914e719dae409b2e01ec2d - - - -] volume service is down. (host: rack08-server59@lvm-1)
2022-08-25 05:57:31.161 7 WARNING cinder.scheduler.host_manager [None req-1fa797fb-b04f-4ebf-871a-88c79dad2d2b 29cf4e7d9e844f5096980e52abe9528d 669c99e85f914e719dae409b2e01ec2d - - - -] volume service is down. (host: rack08-server59@lvm-1)
2022-08-25 05:57:34.933 7 WARNING cinder.scheduler.host_manager [None req-f9296224-b87b-4742-8b9e-4d1ce8653e32 29cf4e7d9e844f5096980e52abe9528d 669c99e85f914e719dae409b2e01ec2d - - - -] volume service is down. (host: rack08-server59@lvm-1)
2022-08-25 05:57:39.928 7 WARNING cinder.scheduler.host_manager [None req-c562de52-6f04-42e2-b882-0a57cada6292 29cf4e7d9e844f5096980e52abe9528d 669c99e85f914e719dae409b2e01ec2d - - - -] volume service is down. (host: rack08-server59@lvm-1)
2022-08-25 05:57:52.161 7 WARNING cinder.scheduler.host_manager [None req-7e95b375-a82a-4b46-8546-4b7dd70066f2 29cf4e7d9e844f5096980e52abe9528d 669c99e85f914e719dae409b2e01ec2d - - - -] volume service is down. (host: rack08-server59@lvm-1)
2022-08-25 05:58:02.153 7 WARNING cinder.scheduler.host_manager [None req-05f6f1a7-e02a-4843-ba5b-807d35fbdeb1 70b88ada190c4dfd9dc7bc39c58114ef 7175419e42ab4e54b1d1523edacc2543 - - - -] volume service is down. (host: rack08-server59@lvm-1)
2022-08-25 05:58:03.461 7 WARNING cinder.scheduler.host_manager [None req-b9d8c454-1df7-4b03-9b05-4f3644f85730 70b88ada190c4dfd9dc7bc39c58114ef 7175419e42ab4e54b1d1523edacc2543 - - - -] volume service is down. (host: rack08-server59@lvm-1)
2022-08-25 05:58:05.756 7 WARNING cinder.scheduler.host_manager [None req-c6a231fa-b2d2-40b1-96af-3bc3e9761ec2 70b88ada190c4dfd9dc7bc39c58114ef 7175419e42ab4e54b1d1523edacc2543 - - - -] volume service is down. (host: rack08-server59@lvm-1)
2022-08-25 05:58:08.050 7 WARNING cinder.scheduler.host_manager [None req-a3e4fd34-9e06-4aa8-bef8-d1e340d516ac 70b88ada190c4dfd9dc7bc39c58114ef 7175419e42ab4e54b1d1523edacc2543 - - - -] volume service is down. (host: rack08-server59@lvm-1)
2022-08-25 05:58:24.904 7 WARNING cinder.scheduler.host_manager [None req-6074810a-47a3-4f7c-ade5-4efbcdc7fdd8 a956696f1bbd4bbd9e9955a8453df39e ef39bea2c72345fca1a72622ac0ec702 - - - -] volume service is down. (host: rack08-server59@lvm-1)
2022-08-25 05:58:24.968 7 WARNING cinder.scheduler.host_manager [None req-c16fd45c-a497-4eca-bb66-9a20cb1b609c b18ecc8ce4a640118f0f044013bfb3df d6325d186a1d48bea844cbc80c834311 - - - -] volume service is down. (host: rack08-server59@lvm-1)
2022-08-25 05:58:25.032 7 WARNING cinder.scheduler.host_manager [None req-dda2963a-4dbf-41cb-bb04-82e424cc29a6 a6a63c2019f94a3a8d404ba18a3ff928 85cdf5c713744dc7aa682ca097e23e52 - - - -] volume service is down. (host: rack08-server59@lvm-1)
2022-08-25 05:58:25.281 7 WARNING cinder.scheduler.host_manager [None req-08f6f664-9d9c-4484-9af0-661433357eef a6a63c2019f94a3a8d404ba18a3ff928 85cdf5c713744dc7aa682ca097e23e52 - - - -] volume service is down. (host: rack08-server59@lvm-1)
2022-08-25 05:58:25.582 7 WARNING cinder.scheduler.host_manager [None req-3651d1ad-7614-4d87-b31d-eca912b7e269 a6a63c2019f94a3a8d404ba18a3ff928 85cdf5c713744dc7aa682ca097e23e52 - - - -] volume service is down. (host: rack08-server59@lvm-1)
2022-08-25 05:58:25.883 7 WARNING cinder.scheduler.host_manager [None req-1c3117a3-39bd-4785-8145-e7e03cc5d5ed a6a63c2019f94a3a8d404ba18a3ff928 85cdf5c713744dc7aa682ca097e23e52 - - - -] volume service is down. (host: rack08-server59@lvm-1)
2022-08-25 05:58:26.174 7 WARNING cinder.scheduler.host_manager [None req-f2e03182-4b35-4877-b273-07bc3262aa95 a6a63c2019f94a3a8d404ba18a3ff928 85cdf5c713744dc7aa682ca097e23e52 - - - -] volume service is down. (host: rack08-server59@lvm-1)
2022-08-25 05:58:26.211 7 WARNING cinder.scheduler.host_manager [None req-4cb7970f-d959-4fda-953a-2e3ef1823082 b18ecc8ce4a640118f0f044013bfb3df d6325d186a1d48bea844cbc80c834311 - - - -] volume service is down. (host: rack08-server59@lvm-1)
2022-08-25 05:58:26.367 7 WARNING cinder.scheduler.host_manager [None req-cbce2c7c-af28-4d21-af51-6aa285a95169 a956696f1bbd4bbd9e9955a8453df39e ef39bea2c72345fca1a72622ac0ec702 - - - -] volume service is down. (host: rack08-server59@lvm-1)
2022-08-25 05:58:28.622 7 WARNING cinder.scheduler.host_manager [None req-fe331201-a76f-4e47-8e38-ac6953f977fb b18ecc8ce4a640118f0f044013bfb3df d6325d186a1d48bea844cbc80c834311 - - - -] volume service is down. (host: rack08-server59@lvm-1)
2022-08-25 05:58:28.769 7 WARNING cinder.scheduler.host_manager [None req-33cd57dc-2aab-4e50-94a8-4565db977a0c a956696f1bbd4bbd9e9955a8453df39e ef39bea2c72345fca1a72622ac0ec702 - - - -] volume service is down. (host: rack08-server59@lvm-1)
2022-08-25 05:58:28.941 7 WARNING cinder.scheduler.host_manager [None req-4eb25684-dc48-4093-a633-3c22c6639503 b18ecc8ce4a640118f0f044013bfb3df d6325d186a1d48bea844cbc80c834311 - - - -] volume service is down. (host: rack08-server59@lvm-1)
2022-08-25 05:58:29.242 7 WARNING cinder.scheduler.host_manager [None req-69f8d9f2-1917-46b5-86e9-f3a93bc59094 b18ecc8ce4a640118f0f044013bfb3df d6325d186a1d48bea844cbc80c834311 - - - -] volume service is down. (host: rack08-server59@lvm-1)
2022-08-25 05:58:29.581 7 WARNING cinder.scheduler.host_manager [None req-5ec32e36-b8f8-44f1-a144-0316b4377d4b b18ecc8ce4a640118f0f044013bfb3df d6325d186a1d48bea844cbc80c834311 - - - -] volume service is down. (host: rack08-server59@lvm-1)
2022-08-25 05:58:29.897 7 WARNING cinder.scheduler.host_manager [None req-63aa847d-bfc6-44ee-b126-0211619b448e b18ecc8ce4a640118f0f044013bfb3df d6325d186a1d48bea844cbc80c834311 - - - -] volume service is down. (host: rack08-server59@lvm-1)
2022-08-25 05:58:36.200 7 WARNING cinder.scheduler.host_manager [None req-54c7236c-b85e-4a96-92b7-f707e6e96a83 c532ae4aceee4477858c6a965a98132b 23fb4cb574914856abb20326548bb3e1 - - - -] volume service is down. (host: rack08-server59@lvm-1)
2022-08-25 05:58:38.694 7 WARNING cinder.scheduler.host_manager [None req-3061b90b-5ed4-4996-8ce3-082b145b3a05 c532ae4aceee4477858c6a965a98132b 23fb4cb574914856abb20326548bb3e1 - - - -] volume service is down. (host: rack08-server59@lvm-1)
2022-08-25 05:58:39.070 7 WARNING cinder.scheduler.host_manager [None req-d93ae749-e081-455b-82a4-ea35086f98fc c532ae4aceee4477858c6a965a98132b 23fb4cb574914856abb20326548bb3e1 - - - -] volume service is down. (host: rack08-server59@lvm-1)
2022-08-25 05:58:39.382 7 WARNING cinder.scheduler.host_manager [None req-07cde7cb-f288-421d-823c-b15fa76e9fe1 c532ae4aceee4477858c6a965a98132b 23fb4cb574914856abb20326548bb3e1 - - - -] volume service is down. (host: rack08-server59@lvm-1)
2022-08-25 05:58:39.693 7 WARNING cinder.scheduler.host_manager [None req-cc0e00e0-004f-41c2-aee1-0334e8a875f1 c532ae4aceee4477858c6a965a98132b 23fb4cb574914856abb20326548bb3e1 - - - -] volume service is down. (host: rack08-server59@lvm-1)
2022-08-25 05:58:40.010 7 WARNING cinder.scheduler.host_manager [None req-4d9bb5e9-a40a-41cf-a623-095bbf659da0 c532ae4aceee4477858c6a965a98132b 23fb4cb574914856abb20326548bb3e1 - - - -] volume service is down. (host: rack08-server59@lvm-1)
