Build Started 10_03_2022_14_30_30
2022-03-10 16:32:34.536 7 WARNING cinder.scheduler.host_manager [req-31492fd5-6cae-4988-9337-9cc4686d2f73 ff019e30e9fc453fb3ad62bed8a67808 - - - -] volume service is down. (host: rack08-server75@lvm-1)
2022-03-10 16:32:34.541 7 WARNING cinder.scheduler.host_manager [req-10bf0a12-b95c-4d63-825e-33d72b13f8d2 d3c514c6c75443f79a2151d427730c8e - - - -] volume service is down. (host: rack08-server75@lvm-1)
2022-03-10 16:32:36.047 7 WARNING cinder.scheduler.host_manager [req-bd189925-69c2-4433-8143-a917e54ec6f7 d3c514c6c75443f79a2151d427730c8e - - - -] volume service is down. (host: rack08-server75@lvm-1)
2022-03-10 16:32:38.680 7 WARNING cinder.scheduler.host_manager [req-ec2e0efe-9cf9-43df-a471-1b00a8fe77ed d3c514c6c75443f79a2151d427730c8e - - - -] volume service is down. (host: rack08-server75@lvm-1)
2022-03-10 16:32:41.533 7 WARNING cinder.scheduler.host_manager [req-a45f94bb-2f3c-4f98-a40c-ea6b522f2774 650bc366acaf4334b786e7b63cc775e5 - - - -] volume service is down. (host: rack08-server75@lvm-1)
2022-03-10 16:32:51.480 7 WARNING cinder.scheduler.host_manager [req-68f3f202-f975-417c-a8f5-ada0dccace47 e7ebc72a9f014475b2b8fc9bc176dfde - - - -] volume service is down. (host: rack08-server75@lvm-1)
2022-03-10 16:32:51.517 7 WARNING cinder.scheduler.host_manager [req-087ce74c-276c-4a1a-b5ad-d63b4c767ee2 e7ebc72a9f014475b2b8fc9bc176dfde - - - -] volume service is down. (host: rack08-server75@lvm-1)
2022-03-10 16:32:58.383 7 WARNING cinder.scheduler.host_manager [req-5a32b936-1cb3-4af6-ae70-fdaf5e3bb0f5 650bc366acaf4334b786e7b63cc775e5 - - - -] volume service is down. (host: rack08-server75@lvm-1)
2022-03-10 16:33:03.219 7 WARNING cinder.scheduler.host_manager [req-46dc8fc7-4242-4464-9c5a-1f34222fdadc ff019e30e9fc453fb3ad62bed8a67808 - - - -] volume service is down. (host: rack08-server75@lvm-1)
2022-03-10 16:33:10.239 7 WARNING cinder.scheduler.host_manager [req-a060302b-4647-4649-8997-a9f9b6de3429 650bc366acaf4334b786e7b63cc775e5 - - - -] volume service is down. (host: rack08-server75@lvm-1)
2022-03-10 16:33:11.553 7 WARNING cinder.scheduler.host_manager [req-37f8b708-40bb-4f9e-a9c8-7481e37836ab 42392a69ded6489bbf7dd44076ba1c01 - - - -] volume service is down. (host: rack08-server75@lvm-1)
2022-03-10 16:33:11.560 7 WARNING cinder.scheduler.host_manager [req-37f8b708-40bb-4f9e-a9c8-7481e37836ab 42392a69ded6489bbf7dd44076ba1c01 - - - -] volume service is down. (host: rack08-server75@lvm-1)
2022-03-10 16:33:12.726 7 WARNING cinder.scheduler.host_manager [req-52a8ab66-b56b-4b2b-ab82-44cfd7e1821c 42392a69ded6489bbf7dd44076ba1c01 - - - -] volume service is down. (host: rack08-server75@lvm-1)
2022-03-10 16:33:12.733 7 WARNING cinder.scheduler.host_manager [req-52a8ab66-b56b-4b2b-ab82-44cfd7e1821c 42392a69ded6489bbf7dd44076ba1c01 - - - -] volume service is down. (host: rack08-server75@lvm-1)
2022-03-10 16:33:14.090 7 WARNING cinder.scheduler.host_manager [req-f503d592-66e4-448f-a920-13fa7285cdeb 42392a69ded6489bbf7dd44076ba1c01 - - - -] volume service is down. (host: rack08-server75@lvm-1)
2022-03-10 16:33:18.172 7 WARNING cinder.scheduler.host_manager [req-a4ff2ee5-1ffa-4987-a0d7-5add2c010c92 42392a69ded6489bbf7dd44076ba1c01 - - - -] volume service is down. (host: rack08-server75@lvm-1)
2022-03-10 16:33:18.178 7 WARNING cinder.scheduler.host_manager [req-a4ff2ee5-1ffa-4987-a0d7-5add2c010c92 42392a69ded6489bbf7dd44076ba1c01 - - - -] volume service is down. (host: rack08-server75@lvm-1)
2022-03-10 16:33:19.526 7 WARNING cinder.scheduler.host_manager [req-76936c87-bb02-4801-8166-b4fea669f647 42392a69ded6489bbf7dd44076ba1c01 - - - -] volume service is down. (host: rack08-server75@lvm-1)
2022-03-10 16:33:20.900 7 WARNING cinder.scheduler.host_manager [req-2c04592e-0521-48c1-8162-dec4d1517c2e 42392a69ded6489bbf7dd44076ba1c01 - - - -] volume service is down. (host: rack08-server75@lvm-1)
2022-03-10 16:33:32.335 7 WARNING cinder.scheduler.host_manager [req-2bd4a505-abb5-46c7-b784-6f162189fe39 bf45533d22d04dc9a6dddde54b45975e - - - -] volume service is down. (host: rack08-server75@lvm-1)
2022-03-10 16:33:32.342 7 WARNING cinder.scheduler.host_manager [req-2bd4a505-abb5-46c7-b784-6f162189fe39 bf45533d22d04dc9a6dddde54b45975e - - - -] volume service is down. (host: rack08-server75@lvm-1)
2022-03-10 16:33:40.230 7 WARNING cinder.scheduler.host_manager [req-a7ab524e-2e2f-4648-856e-1521dc51f23f 44563f99f4f44f58961d2a650d0fbc08 - - - -] volume service is down. (host: rack08-server75@lvm-1)
2022-03-10 16:33:42.507 7 WARNING cinder.scheduler.host_manager [req-91e59761-51f5-4d2c-a168-750c07bd8fff 44563f99f4f44f58961d2a650d0fbc08 - - - -] volume service is down. (host: rack08-server75@lvm-1)
2022-03-10 16:33:44.979 7 WARNING cinder.scheduler.host_manager [req-54c9ffa2-adb7-4941-9a4e-74b648a92a68 44563f99f4f44f58961d2a650d0fbc08 - - - -] volume service is down. (host: rack08-server75@lvm-1)
2022-03-10 16:33:48.472 7 WARNING cinder.scheduler.host_manager [req-b2adca18-beb6-4fbf-b010-b899aac0f345 44563f99f4f44f58961d2a650d0fbc08 - - - -] volume service is down. (host: rack08-server75@lvm-1)
2022-03-10 16:33:51.971 7 WARNING cinder.scheduler.host_manager [req-af27b0b3-92c9-4f1e-9771-b4ea24f87b63 44563f99f4f44f58961d2a650d0fbc08 - - - -] volume service is down. (host: rack08-server75@lvm-1)
2022-03-10 16:33:55.464 7 WARNING cinder.scheduler.host_manager [req-3697ad7b-e36d-4575-8a61-ef0048191fd8 44563f99f4f44f58961d2a650d0fbc08 - - - -] volume service is down. (host: rack08-server75@lvm-1)
2022-03-10 16:34:16.121 7 WARNING cinder.scheduler.host_manager [req-79089d91-2da4-4947-8167-bbe7f3ca941d ff019e30e9fc453fb3ad62bed8a67808 - - - -] volume service is down. (host: rack08-server75@lvm-1)
2022-03-10 16:34:19.894 7 WARNING cinder.scheduler.host_manager [req-10c0d48a-b0ba-4e31-8c08-c795d83e8c4d 1af35713a4544b9280d51e121b710f2e - - - -] volume service is down. (host: rack08-server75@lvm-1)
2022-03-10 16:34:22.380 7 WARNING cinder.scheduler.host_manager [req-454cb9c4-8360-494f-893e-85c96bb87f72 1af35713a4544b9280d51e121b710f2e - - - -] volume service is down. (host: rack08-server75@lvm-1)
2022-03-10 16:34:31.617 7 WARNING cinder.scheduler.host_manager [req-7631cb30-6d01-4bb3-bc37-c4e5e10012a0 dd049f1373a04658b878597258c5c996 - - - -] volume service is down. (host: rack08-server75@lvm-1)
2022-03-10 16:34:35.728 7 WARNING cinder.scheduler.host_manager [req-0a2b3c89-0bfb-40ff-91b5-f0643e7e7d87 ff019e30e9fc453fb3ad62bed8a67808 - - - -] volume service is down. (host: rack08-server75@lvm-1)
2022-03-10 16:34:39.997 7 WARNING cinder.scheduler.host_manager [req-d5a06256-4039-48d1-b570-879d89dca87c 5e2c355696fd476490f4eab18e1deebb - - - -] volume service is down. (host: rack08-server75@lvm-1)
2022-03-10 16:34:42.372 7 WARNING cinder.scheduler.host_manager [req-1c94b873-7956-490c-bcc1-859950d0113b 5e2c355696fd476490f4eab18e1deebb - - - -] volume service is down. (host: rack08-server75@lvm-1)
2022-03-10 16:34:51.685 7 WARNING cinder.scheduler.host_manager [req-562cafb7-0adf-48c7-82f2-89abfdaad0b1 25790c6c04ae4b3386f4efab60ca2303 - - - -] volume service is down. (host: rack08-server75@lvm-1)
2022-03-10 16:34:54.056 7 WARNING cinder.scheduler.host_manager [req-b69a164c-f44a-41f0-8e07-268f0f67ec02 25790c6c04ae4b3386f4efab60ca2303 - - - -] volume service is down. (host: rack08-server75@lvm-1)
2022-03-10 16:35:01.917 7 WARNING cinder.scheduler.host_manager [req-340202ba-38ee-4da2-a4a4-361b1f0c5cf3 8aeafe7184e346689816b3f0b80df631 - - - -] volume service is down. (host: rack08-server75@lvm-1)
2022-03-10 16:35:05.405 7 WARNING cinder.scheduler.host_manager [req-37f600f3-4960-40c7-88c7-562c5fbce6bf e4ba48d0e7e4476f8ee65b1f106b483b - - - -] volume service is down. (host: rack08-server75@lvm-1)
2022-03-10 16:35:10.263 7 WARNING cinder.scheduler.host_manager [req-2c6c6d6c-6ec0-472d-be9b-9dfd9c24b015 124eaf3d65c64c54a3459ba62cb2cfd7 - - - -] volume service is down. (host: rack08-server75@lvm-1)
2022-03-10 16:35:10.269 7 WARNING cinder.scheduler.host_manager [req-2c6c6d6c-6ec0-472d-be9b-9dfd9c24b015 124eaf3d65c64c54a3459ba62cb2cfd7 - - - -] volume service is down. (host: rack08-server75@lvm-1)
2022-03-10 16:35:11.078 7 WARNING cinder.scheduler.host_manager [req-33a5607e-76ea-4008-8e33-6b4fa215fb27 e4ba48d0e7e4476f8ee65b1f106b483b - - - -] volume service is down. (host: rack08-server75@lvm-1)
2022-03-10 16:35:11.630 7 WARNING cinder.scheduler.host_manager [req-d4f84f01-fdc3-4a8e-b65f-f4985e7c3518 124eaf3d65c64c54a3459ba62cb2cfd7 - - - -] volume service is down. (host: rack08-server75@lvm-1)
2022-03-10 16:35:14.672 7 WARNING cinder.scheduler.host_manager [req-73a33a1b-ca2a-42e3-8d36-4086715dd8e0 e4ba48d0e7e4476f8ee65b1f106b483b - - - -] volume service is down. (host: rack08-server75@lvm-1)
2022-03-10 16:35:16.281 7 WARNING cinder.scheduler.host_manager [req-d4d36f16-b5f5-4818-80ad-fb7c083095d4 124eaf3d65c64c54a3459ba62cb2cfd7 - - - -] volume service is down. (host: rack08-server75@lvm-1)
2022-03-10 16:35:18.344 7 WARNING cinder.scheduler.host_manager [req-077b6565-960f-4c8d-9f15-7155bcdff2e6 e4ba48d0e7e4476f8ee65b1f106b483b - - - -] volume service is down. (host: rack08-server75@lvm-1)
2022-03-10 16:35:20.906 7 WARNING cinder.scheduler.host_manager [req-acc7fbbd-f429-48e9-939a-77fde8b188ef e4ba48d0e7e4476f8ee65b1f106b483b - - - -] volume service is down. (host: rack08-server75@lvm-1)
2022-03-10 16:35:21.819 7 WARNING cinder.scheduler.host_manager [req-20c55a63-2ea7-4d58-a438-4b623e94ab9a 124eaf3d65c64c54a3459ba62cb2cfd7 - - - -] volume service is down. (host: rack08-server75@lvm-1)
2022-03-10 16:35:21.826 7 WARNING cinder.scheduler.host_manager [req-20c55a63-2ea7-4d58-a438-4b623e94ab9a 124eaf3d65c64c54a3459ba62cb2cfd7 - - - -] volume service is down. (host: rack08-server75@lvm-1)
2022-03-10 16:35:23.160 7 WARNING cinder.scheduler.host_manager [req-e58db19c-2ea1-4724-a33a-757bfa9f7591 124eaf3d65c64c54a3459ba62cb2cfd7 - - - -] volume service is down. (host: rack08-server75@lvm-1)
2022-03-10 16:35:24.501 7 WARNING cinder.scheduler.host_manager [req-e8b821c9-19e0-4141-93fe-120da5863221 e4ba48d0e7e4476f8ee65b1f106b483b - - - -] volume service is down. (host: rack08-server75@lvm-1)
2022-03-10 16:35:25.645 7 WARNING cinder.scheduler.host_manager [req-1909bf21-9697-4a7d-ab49-72541a7fb85d 124eaf3d65c64c54a3459ba62cb2cfd7 - - - -] volume service is down. (host: rack08-server75@lvm-1)
2022-03-10 16:35:33.670 7 WARNING cinder.scheduler.host_manager [req-290cd707-5d03-42b3-8bd5-755844073436 489cedba3e0f41bc826f9638cbe72914 - - - -] volume service is down. (host: rack08-server75@lvm-1)
2022-03-10 16:35:36.095 7 WARNING cinder.scheduler.host_manager [req-3da2beb2-d5b0-4210-b5f7-310b737b7888 489cedba3e0f41bc826f9638cbe72914 - - - -] volume service is down. (host: rack08-server75@lvm-1)
2022-03-10 16:35:37.441 7 WARNING cinder.scheduler.host_manager [req-2dceae16-49db-412f-978f-ac1663844184 489cedba3e0f41bc826f9638cbe72914 - - - -] volume service is down. (host: rack08-server75@lvm-1)
2022-03-10 16:35:38.713 7 WARNING cinder.scheduler.host_manager [req-82b0c699-c38f-4029-ba50-92f08e5ea989 124eaf3d65c64c54a3459ba62cb2cfd7 - - - -] volume service is down. (host: rack08-server75@lvm-1)
2022-03-10 16:35:38.720 7 WARNING cinder.scheduler.host_manager [req-82b0c699-c38f-4029-ba50-92f08e5ea989 124eaf3d65c64c54a3459ba62cb2cfd7 - - - -] volume service is down. (host: rack08-server75@lvm-1)
2022-03-10 16:35:38.942 7 WARNING cinder.scheduler.host_manager [req-c1c04475-124d-4ef3-b314-930948cb1fa2 4ac0197ee5d44febb2cfa9401ab5e605 - - - -] volume service is down. (host: rack08-server75@lvm-1)
2022-03-10 16:35:40.083 7 WARNING cinder.scheduler.host_manager [req-22ccc9e0-f1ef-40b8-9f08-faa30c0ead1c 124eaf3d65c64c54a3459ba62cb2cfd7 - - - -] volume service is down. (host: rack08-server75@lvm-1)
2022-03-10 16:35:50.033 7 WARNING cinder.scheduler.host_manager [req-3a004c83-c94a-48a7-ad89-db7817fa8273 6bf753c2c2a14ef48879b2580f355bbf - - - -] volume service is down. (host: rack08-server75@lvm-1)
2022-03-10 16:35:57.620 7 WARNING cinder.scheduler.host_manager [req-be07b1e8-7354-4c59-9ff7-b6f9eac12fed e4a8e25e4b884fb49d2bb1193641ff94 - - - -] volume service is down. (host: rack08-server75@lvm-1)
2022-03-10 16:35:57.628 7 WARNING cinder.scheduler.host_manager [req-be07b1e8-7354-4c59-9ff7-b6f9eac12fed e4a8e25e4b884fb49d2bb1193641ff94 - - - -] volume service is down. (host: rack08-server75@lvm-1)
2022-03-10 16:35:58.988 7 WARNING cinder.scheduler.host_manager [req-cc7f420b-8644-48d7-925a-b892729e6027 e4a8e25e4b884fb49d2bb1193641ff94 - - - -] volume service is down. (host: rack08-server75@lvm-1)
2022-03-10 16:36:01.289 7 WARNING cinder.scheduler.host_manager [req-8884643a-6ef6-4ca9-9918-2bd202820d22 e4a8e25e4b884fb49d2bb1193641ff94 - - - -] volume service is down. (host: rack08-server75@lvm-1)
2022-03-10 16:36:07.187 7 WARNING cinder.scheduler.host_manager [req-49b5430e-a968-46a2-9c2c-c2213ea1e717 cc668b182c4145a8ac57114a1972bd9a - - - -] volume service is down. (host: rack08-server75@lvm-1)
2022-03-10 16:36:09.455 7 WARNING cinder.scheduler.host_manager [req-380a861f-37b2-4d04-bbbb-bd446a9d436f cc668b182c4145a8ac57114a1972bd9a - - - -] volume service is down. (host: rack08-server75@lvm-1)
2022-03-10 16:36:17.766 7 WARNING cinder.scheduler.host_manager [req-1497a97e-dafb-49e6-9118-79759dfccf17 ced821d92ebc4b599ed0f5506cd588eb - - - -] volume service is down. (host: rack08-server75@lvm-1)
2022-03-10 16:36:19.427 7 WARNING cinder.scheduler.host_manager [req-8f455f29-4a91-4e80-a581-14de69b8110b faf7b3b3ec92492d9e1e5f419efc623d - - - -] volume service is down. (host: rack08-server75@lvm-1)
2022-03-10 16:36:19.428 7 INFO cinder.scheduler.base_filter [req-8f455f29-4a91-4e80-a581-14de69b8110b faf7b3b3ec92492d9e1e5f419efc623d - - - -] Filtering removed all hosts for the request with volume ID '88c6f8db-a6cf-4b21-a25d-f5e834b12515'. Filter results: AvailabilityZoneFilter: (start: 1, end: 1), CapacityFilter: (start: 1, end: 1), CapabilitiesFilter: (start: 1, end: 0)
2022-03-10 16:36:19.429 7 WARNING cinder.scheduler.filter_scheduler [req-8f455f29-4a91-4e80-a581-14de69b8110b faf7b3b3ec92492d9e1e5f419efc623d - - - -] No weighed backend found for volume with properties: {'id': 'e250040c-c3b8-4c82-a459-77121a7876c9', 'name': 'tempest-UserMessagesTest-volume-type-1426007995', 'description': None, 'is_public': True, 'projects': [], 'extra_specs': {'storage_protocol': 'tempest-storage_protocol-1344955639', 'vendor_name': 'tempest-vendor_name-1312891235'}, 'qos_specs_id': None, 'created_at': '2022-03-10T14:36:18.000000', 'updated_at': None, 'deleted_at': None, 'deleted': False}
2022-03-10 16:36:19.429 7 INFO cinder.message.api [req-8f455f29-4a91-4e80-a581-14de69b8110b faf7b3b3ec92492d9e1e5f419efc623d - - - -] Creating message record for request_id = req-8f455f29-4a91-4e80-a581-14de69b8110b
2022-03-10 16:36:19.435 7 ERROR cinder.scheduler.flows.create_volume [req-8f455f29-4a91-4e80-a581-14de69b8110b faf7b3b3ec92492d9e1e5f419efc623d - - - -] Failed to run task cinder.scheduler.flows.create_volume.ScheduleCreateVolumeTask;volume:create: No valid backend was found. No weighed backends available: cinder.exception.NoValidBackend: No valid backend was found. No weighed backends available
2022-03-10 16:36:20.885 7 WARNING cinder.scheduler.host_manager [req-014abb48-6042-4b2f-b87b-6e0b22f89a60 faf7b3b3ec92492d9e1e5f419efc623d - - - -] volume service is down. (host: rack08-server75@lvm-1)
2022-03-10 16:36:20.886 7 INFO cinder.scheduler.base_filter [req-014abb48-6042-4b2f-b87b-6e0b22f89a60 faf7b3b3ec92492d9e1e5f419efc623d - - - -] Filtering removed all hosts for the request with volume ID 'a17e418c-eea0-420a-aa58-95fa76e81980'. Filter results: AvailabilityZoneFilter: (start: 1, end: 1), CapacityFilter: (start: 1, end: 1), CapabilitiesFilter: (start: 1, end: 0)
2022-03-10 16:36:20.886 7 WARNING cinder.scheduler.filter_scheduler [req-014abb48-6042-4b2f-b87b-6e0b22f89a60 faf7b3b3ec92492d9e1e5f419efc623d - - - -] No weighed backend found for volume with properties: {'id': 'aa6495d4-3eaf-4d76-a7f0-f5cf3f61d8cb', 'name': 'tempest-UserMessagesTest-volume-type-137181507', 'description': None, 'is_public': True, 'projects': [], 'extra_specs': {'storage_protocol': 'tempest-storage_protocol-1236760411', 'vendor_name': 'tempest-vendor_name-819066680'}, 'qos_specs_id': None, 'created_at': '2022-03-10T14:36:20.000000', 'updated_at': None, 'deleted_at': None, 'deleted': False}
2022-03-10 16:36:20.887 7 INFO cinder.message.api [req-014abb48-6042-4b2f-b87b-6e0b22f89a60 faf7b3b3ec92492d9e1e5f419efc623d - - - -] Creating message record for request_id = req-014abb48-6042-4b2f-b87b-6e0b22f89a60
2022-03-10 16:36:20.892 7 ERROR cinder.scheduler.flows.create_volume [req-014abb48-6042-4b2f-b87b-6e0b22f89a60 faf7b3b3ec92492d9e1e5f419efc623d - - - -] Failed to run task cinder.scheduler.flows.create_volume.ScheduleCreateVolumeTask;volume:create: No valid backend was found. No weighed backends available: cinder.exception.NoValidBackend: No valid backend was found. No weighed backends available
2022-03-10 16:36:27.300 7 WARNING cinder.scheduler.host_manager [req-0f7ba1e4-7145-48e9-afc9-dda10a01d942 7fb3a4d2517e4493b0b9670d6c82e029 - - - -] volume service is down. (host: rack08-server75@lvm-1)
2022-03-10 16:36:32.664 7 WARNING cinder.scheduler.host_manager [req-e66f857b-13a3-45d5-8585-43bf155801e4 3cd4b54a91ab47db8cde29c2593d104b - - - -] volume service is down. (host: rack08-server75@lvm-1)
2022-03-10 16:36:32.809 7 WARNING cinder.scheduler.host_manager [req-9e04332c-c686-4376-bf87-6aa538f8fcd9 ced821d92ebc4b599ed0f5506cd588eb - - - -] volume service is down. (host: rack08-server75@lvm-1)
2022-03-10 16:36:38.371 7 WARNING cinder.scheduler.host_manager [req-59d923c2-bbf3-45e5-b14c-8adb1ea6ae7b ced821d92ebc4b599ed0f5506cd588eb - - - -] volume service is down. (host: rack08-server75@lvm-1)
2022-03-10 16:36:40.756 7 WARNING cinder.scheduler.host_manager [req-14fe682c-b9ed-495e-a102-e816c139c15f ced821d92ebc4b599ed0f5506cd588eb - - - -] volume service is down. (host: rack08-server75@lvm-1)
2022-03-10 16:36:45.412 7 WARNING cinder.scheduler.host_manager [req-988ba391-ab6f-4d67-9d67-bc6ce74a9515 a44b96f12dbf461fb3d64fef04667fa7 - - - -] volume service is down. (host: rack08-server75@lvm-1)
2022-03-10 16:36:46.654 7 WARNING cinder.scheduler.host_manager [req-2991beda-0d8e-4aed-bec6-7dcd2b7b2b92 a44b96f12dbf461fb3d64fef04667fa7 - - - -] volume service is down. (host: rack08-server75@lvm-1)
2022-03-10 16:36:51.628 7 WARNING cinder.scheduler.host_manager [req-da8aa22e-314f-4d19-aaf0-d3c4d0d7314f 31e5a1b3e966451ca02850f35f9d1867 - - - -] volume service is down. (host: rack08-server75@lvm-1)
2022-03-10 16:36:54.195 7 WARNING cinder.scheduler.host_manager [req-61d705d1-d5d7-4245-8045-d531561d3310 31e5a1b3e966451ca02850f35f9d1867 - - - -] volume service is down. (host: rack08-server75@lvm-1)
2022-03-10 16:36:58.895 7 WARNING cinder.scheduler.host_manager [req-3598225b-0e40-42bc-b63c-87fc7aec0bfc 31e5a1b3e966451ca02850f35f9d1867 - - - -] volume service is down. (host: rack08-server75@lvm-1)
2022-03-10 16:37:01.281 7 WARNING cinder.scheduler.host_manager [req-80bd4c42-12d8-46b4-92cd-b5b4bfd85e37 31e5a1b3e966451ca02850f35f9d1867 - - - -] volume service is down. (host: rack08-server75@lvm-1)
2022-03-10 16:37:04.906 7 WARNING cinder.scheduler.host_manager [req-f63505e4-681f-4608-8241-fce6e2f12bb2 31e5a1b3e966451ca02850f35f9d1867 - - - -] volume service is down. (host: rack08-server75@lvm-1)
2022-03-10 16:37:09.727 7 WARNING cinder.scheduler.host_manager [req-b6d634c9-0a36-4a96-9723-70a9628f8961 31e5a1b3e966451ca02850f35f9d1867 - - - -] volume service is down. (host: rack08-server75@lvm-1)
2022-03-10 16:37:20.136 7 WARNING cinder.scheduler.host_manager [req-35b62a34-fd1c-49a7-9549-934332d63821 46c448a744f4460eab151c1b8a170c08 - - - -] volume service is down. (host: rack08-server75@lvm-1)
2022-03-10 16:37:25.033 7 WARNING cinder.scheduler.host_manager [req-1298c8aa-3b3e-4ba8-be7c-93d6b55c6aed 31e5a1b3e966451ca02850f35f9d1867 - - - -] volume service is down. (host: rack08-server75@lvm-1)
2022-03-10 16:37:26.899 7 WARNING cinder.scheduler.host_manager [req-3fe6761f-8170-4f7b-adea-53175654c58f 612f38c870094a7a9097b178de966493 - - - -] volume service is down. (host: rack08-server75@lvm-1)
2022-03-10 16:37:29.163 7 WARNING cinder.scheduler.host_manager [req-e4c1c931-ac1c-4744-a676-5da57084b981 612f38c870094a7a9097b178de966493 - - - -] volume service is down. (host: rack08-server75@lvm-1)
2022-03-10 16:37:31.380 7 WARNING cinder.scheduler.host_manager [req-aa74ab58-9b63-4cff-a26b-6f5169a87441 612f38c870094a7a9097b178de966493 - - - -] volume service is down. (host: rack08-server75@lvm-1)
2022-03-10 16:37:34.916 7 WARNING cinder.scheduler.host_manager [req-f603f1bb-24cf-4e93-9dc2-a607f2d22a29 612f38c870094a7a9097b178de966493 - - - -] volume service is down. (host: rack08-server75@lvm-1)
2022-03-10 16:37:35.450 7 WARNING cinder.scheduler.host_manager [req-86aaf8de-e58a-4a9c-b1d7-38eaa5946125 19a289a754d541ca8bc137864ec1e128 - - - -] volume service is down. (host: rack08-server75@lvm-1)
2022-03-10 16:37:37.179 7 WARNING cinder.scheduler.host_manager [req-54fe5d1d-7a87-4b74-b830-b4ec1ee9fe7e 612f38c870094a7a9097b178de966493 - - - -] volume service is down. (host: rack08-server75@lvm-1)
2022-03-10 16:37:37.866 7 WARNING cinder.scheduler.host_manager [req-0518bc75-fe1a-47fb-9754-c26538a1d1e0 19a289a754d541ca8bc137864ec1e128 - - - -] volume service is down. (host: rack08-server75@lvm-1)
2022-03-10 16:37:39.551 7 WARNING cinder.scheduler.host_manager [req-ba78d98e-72eb-46fa-bea6-e7dc2fd5dca9 612f38c870094a7a9097b178de966493 - - - -] volume service is down. (host: rack08-server75@lvm-1)
2022-03-10 16:37:40.322 7 WARNING cinder.scheduler.host_manager [req-537c6a97-82a0-4b0e-a824-bb84a2e4c33d 19a289a754d541ca8bc137864ec1e128 - - - -] volume service is down. (host: rack08-server75@lvm-1)
2022-03-10 16:37:47.292 7 WARNING cinder.scheduler.host_manager [req-d329b746-3ec8-4347-9886-4632eadde4c6 113fa2483de3497ea6c71c004b5ed9f0 - - - -] volume service is down. (host: rack08-server75@lvm-1)
2022-03-10 16:37:50.330 7 WARNING cinder.scheduler.host_manager [req-3bc30ede-ca33-4ca6-b26d-60e003362b3c 5bb21e3e271a4c41b9431cae2ab43091 - - - -] volume service is down. (host: rack08-server75@lvm-1)
2022-03-10 16:37:57.317 7 WARNING cinder.scheduler.host_manager [req-70ffccff-776b-4886-87bc-cca2bdce46aa 5dad454f87ae487db32c800cf0f292ba - - - -] volume service is down. (host: rack08-server75@lvm-1)
2022-03-10 16:38:00.687 7 WARNING cinder.scheduler.host_manager [req-b6d4f186-12bc-4444-a741-3495639b84d8 5dad454f87ae487db32c800cf0f292ba - - - -] volume service is down. (host: rack08-server75@lvm-1)
2022-03-10 16:38:05.079 7 WARNING cinder.scheduler.host_manager [req-ffc48137-0320-48dd-b65d-46aeccd152d3 3243b62ced9744e59a1574fbdaf6f0d3 - - - -] volume service is down. (host: rack08-server75@lvm-1)
2022-03-10 16:38:11.129 7 WARNING cinder.scheduler.host_manager [req-6d2aeea4-605d-4c4f-a94e-2105989cd031 4390b5f2af704825b2617737e429e1bd - - - -] volume service is down. (host: rack08-server75@lvm-1)
2022-03-10 16:38:12.143 7 WARNING cinder.scheduler.host_manager [req-a8361aa9-3250-49be-8691-d90c54314031 3243b62ced9744e59a1574fbdaf6f0d3 - - - -] volume service is down. (host: rack08-server75@lvm-1)
2022-03-10 16:38:15.637 7 WARNING cinder.scheduler.host_manager [req-f3caf2ec-23fe-40cb-a84c-4f7c5c9df0c1 4390b5f2af704825b2617737e429e1bd - - - -] volume service is down. (host: rack08-server75@lvm-1)
2022-03-10 16:38:22.909 7 WARNING cinder.scheduler.host_manager [req-88112334-8e31-4bed-a0fa-7672c78620f8 7bf0c6e74782440b9c3e17c56ee25076 - - - -] volume service is down. (host: rack08-server75@lvm-1)
2022-03-10 16:38:29.608 7 WARNING cinder.scheduler.host_manager [req-5a7def44-5215-47f9-90ed-ce3080cd1186 3243b62ced9744e59a1574fbdaf6f0d3 - - - -] volume service is down. (host: rack08-server75@lvm-1)
2022-03-10 16:38:31.855 7 WARNING cinder.scheduler.host_manager [req-a30af9f7-d141-4c8c-aee6-d607961ada57 3243b62ced9744e59a1574fbdaf6f0d3 - - - -] volume service is down. (host: rack08-server75@lvm-1)
2022-03-10 16:38:34.097 7 WARNING cinder.scheduler.host_manager [req-91efdafe-9b33-4c90-ad90-c7ebf0e15044 3243b62ced9744e59a1574fbdaf6f0d3 - - - -] volume service is down. (host: rack08-server75@lvm-1)
2022-03-10 16:38:43.262 7 WARNING cinder.scheduler.host_manager [req-4219e912-b7d4-4974-ba89-b0819cd39e99 3243b62ced9744e59a1574fbdaf6f0d3 - - - -] volume service is down. (host: rack08-server75@lvm-1)
2022-03-10 16:38:47.737 7 WARNING cinder.scheduler.host_manager [req-a010fa8b-f7b0-4564-9176-3862dd306dba 3243b62ced9744e59a1574fbdaf6f0d3 - - - -] volume service is down. (host: rack08-server75@lvm-1)
2022-03-10 16:38:58.632 7 WARNING cinder.scheduler.host_manager [req-25276663-98ea-4aba-875e-22208976ba1f 0d05ea98b859423fa669d4211755a56b - - - -] volume service is down. (host: rack08-server75@lvm-1)
2022-03-10 16:38:59.485 7 WARNING cinder.scheduler.host_manager [req-38994d41-8352-4121-b093-3f58ead143e3 3243b62ced9744e59a1574fbdaf6f0d3 - - - -] volume service is down. (host: rack08-server75@lvm-1)
2022-03-10 16:39:01.729 7 WARNING cinder.scheduler.host_manager [req-224f2814-ab0c-4c2b-9bf5-4854d01a6c8a 3243b62ced9744e59a1574fbdaf6f0d3 - - - -] volume service is down. (host: rack08-server75@lvm-1)
2022-03-10 16:39:06.802 7 WARNING cinder.scheduler.host_manager [req-767c49e9-8ffb-4bd5-a11d-3f24c004e1f1 e1f615ebe3b24204906eaf507c1ba165 - - - -] volume service is down. (host: rack08-server75@lvm-1)
2022-03-10 16:39:10.979 7 WARNING cinder.scheduler.host_manager [req-3a040242-63c4-416e-9742-6f8a354a8203 3243b62ced9744e59a1574fbdaf6f0d3 - - - -] volume service is down. (host: rack08-server75@lvm-1)
2022-03-10 16:39:13.240 7 WARNING cinder.scheduler.host_manager [req-50442ace-09ed-4a15-ae3b-b5114f520917 3243b62ced9744e59a1574fbdaf6f0d3 - - - -] volume service is down. (host: rack08-server75@lvm-1)
2022-03-10 16:39:15.637 7 WARNING cinder.scheduler.host_manager [req-346beb35-7260-4ad3-ac7b-8ca51049aaf8 3243b62ced9744e59a1574fbdaf6f0d3 - - - -] volume service is down. (host: rack08-server75@lvm-1)
2022-03-10 16:39:15.951 7 WARNING cinder.scheduler.host_manager [req-bd441585-1e7a-446f-9998-96182bfbe825 e1f615ebe3b24204906eaf507c1ba165 - - - -] volume service is down. (host: rack08-server75@lvm-1)
2022-03-10 16:39:18.123 7 WARNING cinder.scheduler.host_manager [req-17e574f8-4da3-4461-b496-4f12af0d939a 3243b62ced9744e59a1574fbdaf6f0d3 - - - -] volume service is down. (host: rack08-server75@lvm-1)
2022-03-10 16:39:20.383 7 WARNING cinder.scheduler.host_manager [req-1a9f7a6c-2cd3-4359-a481-387e4c7ecc25 3243b62ced9744e59a1574fbdaf6f0d3 - - - -] volume service is down. (host: rack08-server75@lvm-1)
2022-03-10 16:39:22.756 7 WARNING cinder.scheduler.host_manager [req-d266c88c-ea68-47ee-ab8c-01c3410022cc 3243b62ced9744e59a1574fbdaf6f0d3 - - - -] volume service is down. (host: rack08-server75@lvm-1)
2022-03-10 16:39:25.750 7 WARNING cinder.scheduler.host_manager [req-bbc52f75-15fc-4d10-b7ae-f1a2f82ca9ed f2ef8b81f8c0472cbf750df6db1e3a2a - - - -] volume service is down. (host: rack08-server75@lvm-1)
2022-03-10 16:39:36.857 7 WARNING cinder.scheduler.host_manager [req-3120bc08-6d88-4268-a9f4-4d4f62282674 4672c83807034e14a539ab814f23d579 - - - -] volume service is down. (host: rack08-server75@lvm-1)
2022-03-10 16:39:37.523 7 WARNING cinder.scheduler.host_manager [req-a51bfa87-8e3d-4900-ac43-58c74439e7f9 f2ef8b81f8c0472cbf750df6db1e3a2a - - - -] volume service is down. (host: rack08-server75@lvm-1)
2022-03-10 16:39:38.940 7 WARNING cinder.scheduler.host_manager [req-44715684-514f-4bc4-aae8-4a70560e8893 f2ef8b81f8c0472cbf750df6db1e3a2a - - - -] volume service is down. (host: rack08-server75@lvm-1)
2022-03-10 16:39:39.162 7 WARNING cinder.scheduler.host_manager [req-9d87abbc-ef9f-410b-894a-c9ce6cbe639a 4672c83807034e14a539ab814f23d579 - - - -] volume service is down. (host: rack08-server75@lvm-1)
2022-03-10 16:39:40.174 7 WARNING cinder.scheduler.host_manager [req-c5831f09-21ce-48ae-b5c1-9946f5363acc f2ef8b81f8c0472cbf750df6db1e3a2a - - - -] volume service is down. (host: rack08-server75@lvm-1)
2022-03-10 16:39:42.381 7 WARNING cinder.scheduler.host_manager [req-5442e2aa-ce9f-49bd-a794-33cddc6f5852 f2ef8b81f8c0472cbf750df6db1e3a2a - - - -] volume service is down. (host: rack08-server75@lvm-1)
2022-03-10 16:39:50.087 7 WARNING cinder.scheduler.host_manager [req-a9d2cfba-71fe-4f1e-9b09-4550e26817a6 b2ddf6fd47424ce9a9521b9299007ca5 - - - -] volume service is down. (host: rack08-server75@lvm-1)
2022-03-10 16:39:52.375 7 WARNING cinder.scheduler.host_manager [req-19f13502-fbfb-4f9c-9e51-38834fe3856d b2ddf6fd47424ce9a9521b9299007ca5 - - - -] volume service is down. (host: rack08-server75@lvm-1)
2022-03-10 16:39:54.610 7 WARNING cinder.scheduler.host_manager [req-506e2482-5287-4ddb-9965-ee1abbfb2fe3 b2ddf6fd47424ce9a9521b9299007ca5 - - - -] volume service is down. (host: rack08-server75@lvm-1)
2022-03-10 16:39:56.840 7 WARNING cinder.scheduler.host_manager [req-e40bdd7a-7318-48ea-adfe-75caed629600 b2ddf6fd47424ce9a9521b9299007ca5 - - - -] volume service is down. (host: rack08-server75@lvm-1)
2022-03-10 16:40:12.600 7 WARNING cinder.scheduler.host_manager [req-b59abc76-182f-4b81-ac69-e416557bddb5 b094238cb0944c66a5679f0581fcdc8d - - - -] volume service is down. (host: rack08-server75@lvm-1)
2022-03-10 16:40:12.615 7 WARNING cinder.scheduler.host_manager [req-c99ace39-2160-4bd4-a20a-48c2e4e82640 0f8ab4c6b8b04a9d9d349201565c16e7 - - - -] volume service is down. (host: rack08-server75@lvm-1)
2022-03-10 16:40:12.899 7 WARNING cinder.scheduler.host_manager [req-4fed7f8e-96bd-40c9-b78d-e49096ada6aa 0f8ab4c6b8b04a9d9d349201565c16e7 - - - -] volume service is down. (host: rack08-server75@lvm-1)
2022-03-10 16:40:13.230 7 WARNING cinder.scheduler.host_manager [req-cc56be70-51cb-429b-ad61-f5b33b87f98a 0f8ab4c6b8b04a9d9d349201565c16e7 - - - -] volume service is down. (host: rack08-server75@lvm-1)
2022-03-10 16:40:13.577 7 WARNING cinder.scheduler.host_manager [req-117ca0d2-ee32-4445-89fb-f8428195952c 0f8ab4c6b8b04a9d9d349201565c16e7 - - - -] volume service is down. (host: rack08-server75@lvm-1)
2022-03-10 16:40:13.944 7 WARNING cinder.scheduler.host_manager [req-23148f4d-586f-4532-89b2-395f823974b3 b094238cb0944c66a5679f0581fcdc8d - - - -] volume service is down. (host: rack08-server75@lvm-1)
2022-03-10 16:40:13.970 7 WARNING cinder.scheduler.host_manager [req-686b4597-5e14-425c-98fe-5b0acd4573bd 0f8ab4c6b8b04a9d9d349201565c16e7 - - - -] volume service is down. (host: rack08-server75@lvm-1)
2022-03-10 16:40:15.209 7 WARNING cinder.scheduler.host_manager [req-9b5bfeb4-ee7c-45ae-998c-d78dedef53fa b094238cb0944c66a5679f0581fcdc8d - - - -] volume service is down. (host: rack08-server75@lvm-1)
