Build Started 27_06_2024_16_12_10
2024-06-27 16:14:10.819 7 WARNING cinder.scheduler.host_manager [None req-0c3cab80-b09b-49e1-847e-98809847dd02 ce39cc367b68460f9b77f011a79be518 a871dfc5c49b47719f580447397aec47 - - - -] volume service is down. (host: rack13-server79@lvm-1)
2024-06-27 16:14:10.924 7 WARNING cinder.scheduler.host_manager [req-4b204385-e2c3-41fe-a2ea-d88f89e70626 req-37476b77-6936-4a27-840b-f645e051177d dfd7362acbda4b00b820116b3eec6a12 aec60a2ad4f44bf5b088c7cf978ec3b6 - - - -] volume service is down. (host: rack13-server79@lvm-1)
2024-06-27 16:14:10.977 7 WARNING cinder.scheduler.host_manager [req-ad5b0162-b27e-4c9c-87a1-a9bb2932d10a req-a72276e7-8a39-4221-bedd-663fa4b99e27 134c7e61ac494f43970ce0630226e73b fcdf6d9198e841be9c9a069dc3b3c004 - - - -] volume service is down. (host: rack13-server79@lvm-1)
2024-06-27 16:14:12.412 7 WARNING cinder.scheduler.host_manager [req-853a900c-47e9-4a32-9941-403ecf741390 req-29d80098-fd76-4505-a364-ad02e92d8e96 dfd7362acbda4b00b820116b3eec6a12 aec60a2ad4f44bf5b088c7cf978ec3b6 - - - -] volume service is down. (host: rack13-server79@lvm-1)
2024-06-27 16:14:12.435 7 WARNING cinder.scheduler.host_manager [None req-96038b21-b52e-4c91-976e-33503974fac4 ce39cc367b68460f9b77f011a79be518 a871dfc5c49b47719f580447397aec47 - - - -] volume service is down. (host: rack13-server79@lvm-1)
2024-06-27 16:14:13.921 7 WARNING cinder.scheduler.host_manager [None req-17520f84-41fd-4e57-8b15-d08c638c1893 ce39cc367b68460f9b77f011a79be518 a871dfc5c49b47719f580447397aec47 - - - -] volume service is down. (host: rack13-server79@lvm-1)
2024-06-27 16:14:20.135 7 WARNING cinder.scheduler.host_manager [None req-c4ea168d-e7d4-4545-a75b-b1f05142a9bc 44133514dcef4e43a8b483f378a2a04c 47c851ae21fc4c8ea93e61a98a6f08cc - - - -] volume service is down. (host: rack13-server79@lvm-1)
2024-06-27 16:14:20.177 7 WARNING cinder.scheduler.host_manager [None req-5d987265-8179-4d08-acfa-5cc0cf887c20 44133514dcef4e43a8b483f378a2a04c 47c851ae21fc4c8ea93e61a98a6f08cc - - - -] volume service is down. (host: rack13-server79@lvm-1)
2024-06-27 16:14:25.608 7 WARNING cinder.scheduler.host_manager [None req-cce9399f-cd99-4653-92f5-edc100bad018 a16d573469d34f1fb0051a5f2cd556d7 a169f6746ed84a5f850e02ab98b558b5 - - - -] volume service is down. (host: rack13-server79@lvm-1)
2024-06-27 16:14:25.618 7 WARNING cinder.scheduler.host_manager [None req-cce9399f-cd99-4653-92f5-edc100bad018 a16d573469d34f1fb0051a5f2cd556d7 a169f6746ed84a5f850e02ab98b558b5 - - - -] volume service is down. (host: rack13-server79@lvm-1)
2024-06-27 16:14:26.481 7 WARNING cinder.scheduler.host_manager [None req-c9ba8a9d-5393-4b9f-9f81-5bd21b5e1efb b8968e4561e24122bebb3f2820c0b12b 20fb0a604939420aae8fce3b73c40651 - - - -] volume service is down. (host: rack13-server79@lvm-1)
2024-06-27 16:14:26.490 7 WARNING cinder.scheduler.host_manager [None req-c9ba8a9d-5393-4b9f-9f81-5bd21b5e1efb b8968e4561e24122bebb3f2820c0b12b 20fb0a604939420aae8fce3b73c40651 - - - -] volume service is down. (host: rack13-server79@lvm-1)
2024-06-27 16:14:27.071 7 WARNING cinder.scheduler.host_manager [None req-82cfcc68-d110-45a4-9310-97d774b02eea a16d573469d34f1fb0051a5f2cd556d7 a169f6746ed84a5f850e02ab98b558b5 - - - -] volume service is down. (host: rack13-server79@lvm-1)
2024-06-27 16:14:27.701 7 WARNING cinder.scheduler.host_manager [None req-53a4714c-a367-48fd-94be-14078b64d0a4 b8968e4561e24122bebb3f2820c0b12b 20fb0a604939420aae8fce3b73c40651 - - - -] volume service is down. (host: rack13-server79@lvm-1)
2024-06-27 16:14:27.710 7 WARNING cinder.scheduler.host_manager [None req-53a4714c-a367-48fd-94be-14078b64d0a4 b8968e4561e24122bebb3f2820c0b12b 20fb0a604939420aae8fce3b73c40651 - - - -] volume service is down. (host: rack13-server79@lvm-1)
2024-06-27 16:14:29.153 7 WARNING cinder.scheduler.host_manager [None req-b2441b8a-6c9a-45c5-ac62-e9e37c5caed7 b8968e4561e24122bebb3f2820c0b12b 20fb0a604939420aae8fce3b73c40651 - - - -] volume service is down. (host: rack13-server79@lvm-1)
2024-06-27 16:14:31.805 7 WARNING cinder.scheduler.host_manager [None req-ec49a8dd-d0bb-4585-9475-fc64520e3137 a16d573469d34f1fb0051a5f2cd556d7 a169f6746ed84a5f850e02ab98b558b5 - - - -] volume service is down. (host: rack13-server79@lvm-1)
2024-06-27 16:14:34.532 7 WARNING cinder.scheduler.host_manager [None req-cfc884c1-580f-472f-bd79-95bf6c174f14 b8968e4561e24122bebb3f2820c0b12b 20fb0a604939420aae8fce3b73c40651 - - - -] volume service is down. (host: rack13-server79@lvm-1)
2024-06-27 16:14:34.539 7 WARNING cinder.scheduler.host_manager [None req-cfc884c1-580f-472f-bd79-95bf6c174f14 b8968e4561e24122bebb3f2820c0b12b 20fb0a604939420aae8fce3b73c40651 - - - -] volume service is down. (host: rack13-server79@lvm-1)
2024-06-27 16:14:35.957 7 WARNING cinder.scheduler.host_manager [None req-1fb0965e-6b9d-44d6-a0b4-5c7288b7208b b8968e4561e24122bebb3f2820c0b12b 20fb0a604939420aae8fce3b73c40651 - - - -] volume service is down. (host: rack13-server79@lvm-1)
2024-06-27 16:14:37.663 7 WARNING cinder.scheduler.host_manager [None req-dfac3922-7fa0-43f2-8dc6-15638ecbb9fd a16d573469d34f1fb0051a5f2cd556d7 a169f6746ed84a5f850e02ab98b558b5 - - - -] volume service is down. (host: rack13-server79@lvm-1)
2024-06-27 16:14:37.673 7 WARNING cinder.scheduler.host_manager [None req-dfac3922-7fa0-43f2-8dc6-15638ecbb9fd a16d573469d34f1fb0051a5f2cd556d7 a169f6746ed84a5f850e02ab98b558b5 - - - -] volume service is down. (host: rack13-server79@lvm-1)
2024-06-27 16:14:37.867 7 WARNING cinder.scheduler.host_manager [None req-6c229a2c-7653-4a8a-9a84-af992add3eb1 5edf2ad94c9f40a6aad9b16a293bf621 6ed5cd33c37c43549cdca791ae09bd57 - - - -] volume service is down. (host: rack13-server79@lvm-1)
2024-06-27 16:14:37.876 7 WARNING cinder.scheduler.host_manager [None req-6c229a2c-7653-4a8a-9a84-af992add3eb1 5edf2ad94c9f40a6aad9b16a293bf621 6ed5cd33c37c43549cdca791ae09bd57 - - - -] volume service is down. (host: rack13-server79@lvm-1)
2024-06-27 16:14:38.550 7 WARNING cinder.scheduler.host_manager [None req-c92eca97-0643-4b47-b24e-67d5fef8840c b8968e4561e24122bebb3f2820c0b12b 20fb0a604939420aae8fce3b73c40651 - - - -] volume service is down. (host: rack13-server79@lvm-1)
2024-06-27 16:14:39.117 7 WARNING cinder.scheduler.host_manager [None req-a22aff01-b6d3-44aa-a5f9-bf2a08de6bcc a16d573469d34f1fb0051a5f2cd556d7 a169f6746ed84a5f850e02ab98b558b5 - - - -] volume service is down. (host: rack13-server79@lvm-1)
2024-06-27 16:14:39.329 7 WARNING cinder.scheduler.host_manager [None req-c4aca6e8-89cb-4ede-b72d-803e85a6b441 5edf2ad94c9f40a6aad9b16a293bf621 6ed5cd33c37c43549cdca791ae09bd57 - - - -] volume service is down. (host: rack13-server79@lvm-1)
2024-06-27 16:14:40.648 7 WARNING cinder.scheduler.host_manager [None req-193e0c9f-8e08-4969-883e-fcbd49f0d5b4 a16d573469d34f1fb0051a5f2cd556d7 a169f6746ed84a5f850e02ab98b558b5 - - - -] volume service is down. (host: rack13-server79@lvm-1)
2024-06-27 16:14:41.735 7 WARNING cinder.scheduler.host_manager [None req-69922a5f-f028-4938-8171-5f36bc0015cc 5edf2ad94c9f40a6aad9b16a293bf621 6ed5cd33c37c43549cdca791ae09bd57 - - - -] volume service is down. (host: rack13-server79@lvm-1)
2024-06-27 16:14:50.931 7 WARNING cinder.scheduler.host_manager [None req-0fe84ceb-e595-42a2-9746-524f7f5cda9c 97fc34c29a0a4e7e8e174c37e0dd170d 64da64017fd945be9bf4008d8a385938 - - - -] volume service is down. (host: rack13-server79@lvm-1)
2024-06-27 16:14:52.224 7 WARNING cinder.scheduler.host_manager [None req-2d8ae77a-6be3-47dc-b81a-8673d0965173 97fc34c29a0a4e7e8e174c37e0dd170d 64da64017fd945be9bf4008d8a385938 - - - -] volume service is down. (host: rack13-server79@lvm-1)
2024-06-27 16:14:54.179 7 WARNING cinder.scheduler.host_manager [None req-5257def8-3427-4bb1-a81a-fbd1469e1f44 a16d573469d34f1fb0051a5f2cd556d7 a169f6746ed84a5f850e02ab98b558b5 - - - -] volume service is down. (host: rack13-server79@lvm-1)
2024-06-27 16:14:54.189 7 WARNING cinder.scheduler.host_manager [None req-5257def8-3427-4bb1-a81a-fbd1469e1f44 a16d573469d34f1fb0051a5f2cd556d7 a169f6746ed84a5f850e02ab98b558b5 - - - -] volume service is down. (host: rack13-server79@lvm-1)
2024-06-27 16:14:54.936 7 WARNING cinder.scheduler.host_manager [None req-c7f0af0e-a0bd-4980-897d-8bd175e37ffb 97fc34c29a0a4e7e8e174c37e0dd170d 64da64017fd945be9bf4008d8a385938 - - - -] volume service is down. (host: rack13-server79@lvm-1)
2024-06-27 16:14:55.627 7 WARNING cinder.scheduler.host_manager [None req-d5f6cc76-5928-455a-b355-cee0cf0a20fc a16d573469d34f1fb0051a5f2cd556d7 a169f6746ed84a5f850e02ab98b558b5 - - - -] volume service is down. (host: rack13-server79@lvm-1)
2024-06-27 16:14:58.584 7 WARNING cinder.scheduler.host_manager [None req-446dc9c7-e70c-482f-8d24-52c8e9de0ebc 97fc34c29a0a4e7e8e174c37e0dd170d 64da64017fd945be9bf4008d8a385938 - - - -] volume service is down. (host: rack13-server79@lvm-1)
2024-06-27 16:15:02.190 7 WARNING cinder.scheduler.host_manager [None req-2b1acd37-e62d-4045-a6dc-d54071079058 97fc34c29a0a4e7e8e174c37e0dd170d 64da64017fd945be9bf4008d8a385938 - - - -] volume service is down. (host: rack13-server79@lvm-1)
2024-06-27 16:15:05.798 7 WARNING cinder.scheduler.host_manager [None req-32734225-c8ec-4e37-9104-4a40b2b95249 97fc34c29a0a4e7e8e174c37e0dd170d 64da64017fd945be9bf4008d8a385938 - - - -] volume service is down. (host: rack13-server79@lvm-1)
2024-06-27 16:15:06.910 7 WARNING cinder.scheduler.host_manager [None req-392d7e35-1d31-460a-859b-a814a20d75a5 c07a78119759420fa2b29830b1c98bd4 5d5c1ca9a4cb442aa6b954993a54ff7e - - - -] volume service is down. (host: rack13-server79@lvm-1)
2024-06-27 16:15:06.917 7 WARNING cinder.scheduler.host_manager [None req-392d7e35-1d31-460a-859b-a814a20d75a5 c07a78119759420fa2b29830b1c98bd4 5d5c1ca9a4cb442aa6b954993a54ff7e - - - -] volume service is down. (host: rack13-server79@lvm-1)
2024-06-27 16:15:07.513 7 WARNING cinder.scheduler.host_manager [None req-8fadb44f-8f21-447b-b0d5-e5646875ccf3 e8443a850a4147b1b1a3a56135ec2b4c e9db0b0050c14ac0821438f69a5390c1 - - - -] volume service is down. (host: rack13-server79@lvm-1)
2024-06-27 16:15:08.345 7 WARNING cinder.scheduler.host_manager [None req-a257033d-aefa-4a9c-8fad-fe8331715af0 c07a78119759420fa2b29830b1c98bd4 5d5c1ca9a4cb442aa6b954993a54ff7e - - - -] volume service is down. (host: rack13-server79@lvm-1)
2024-06-27 16:15:18.644 7 WARNING cinder.scheduler.host_manager [None req-58f5d1ce-97db-4d96-b3d2-29a7e4e89128 2461e14adbdb4a09bbcb077ed2221035 4a61d4f7c45c41e39a22f35dce53cfc6 - - - -] volume service is down. (host: rack13-server79@lvm-1)
2024-06-27 16:15:20.689 7 WARNING cinder.scheduler.host_manager [None req-3423cd38-a681-4f31-95fe-210a7c05a27c e56f78d59bfc452b852cd0a934b0275a ac894a174cbc499d8b5444f2655d621f - - - -] volume service is down. (host: rack13-server79@lvm-1)
2024-06-27 16:15:20.715 7 WARNING cinder.scheduler.host_manager [None req-0a7f670d-549d-4c7b-8f0e-517efcc7f1f2 02c0d9198f3141e596da7e1ec12bb4be e9257c2c833b480895f2660ffea500db - - - -] volume service is down. (host: rack13-server79@lvm-1)
2024-06-27 16:15:20.723 7 WARNING cinder.scheduler.host_manager [None req-0a7f670d-549d-4c7b-8f0e-517efcc7f1f2 02c0d9198f3141e596da7e1ec12bb4be e9257c2c833b480895f2660ffea500db - - - -] volume service is down. (host: rack13-server79@lvm-1)
2024-06-27 16:15:21.131 7 WARNING cinder.scheduler.host_manager [None req-09af4254-1f72-445b-a566-5bfaad0a43ec 2461e14adbdb4a09bbcb077ed2221035 4a61d4f7c45c41e39a22f35dce53cfc6 - - - -] volume service is down. (host: rack13-server79@lvm-1)
2024-06-27 16:15:24.583 7 WARNING cinder.scheduler.host_manager [None req-fcd7d13b-955e-493c-b2c8-93da2f435963 e56f78d59bfc452b852cd0a934b0275a ac894a174cbc499d8b5444f2655d621f - - - -] volume service is down. (host: rack13-server79@lvm-1)
2024-06-27 16:15:30.134 7 WARNING cinder.scheduler.host_manager [None req-46d99cd5-3a6d-47ac-90b0-441d14064699 7c0821a484e241cd8deab11270cc230e 7e9cfae9ff6742fc8bd76181ce54d958 - - - -] volume service is down. (host: rack13-server79@lvm-1)
2024-06-27 16:15:32.738 7 WARNING cinder.scheduler.host_manager [None req-2bf2efa8-86a9-4014-a25f-9e8f675f7134 7c0821a484e241cd8deab11270cc230e 7e9cfae9ff6742fc8bd76181ce54d958 - - - -] volume service is down. (host: rack13-server79@lvm-1)
2024-06-27 16:15:35.313 7 WARNING cinder.scheduler.host_manager [None req-b8476ae3-83eb-4ccc-b01f-736369a738a3 7c0821a484e241cd8deab11270cc230e 7e9cfae9ff6742fc8bd76181ce54d958 - - - -] volume service is down. (host: rack13-server79@lvm-1)
2024-06-27 16:15:36.727 7 WARNING cinder.scheduler.host_manager [None req-6f95a4ea-a746-4e1a-a9a0-5e0ade79b539 5492ccf604864456b6847779ebcbf0be 64eb05bd387041d69615c84eb4ebd704 - - - -] volume service is down. (host: rack13-server79@lvm-1)
2024-06-27 16:15:36.938 7 WARNING cinder.scheduler.host_manager [None req-97aa3ad2-d993-4487-8e3f-73327ee8969f a9d60012a4df40bb94bd0becfa24ff70 a38e644dcb0841d6b4e838ed4157c217 - - - -] volume service is down. (host: rack13-server79@lvm-1)
2024-06-27 16:15:36.939 7 INFO cinder.scheduler.base_filter [None req-97aa3ad2-d993-4487-8e3f-73327ee8969f a9d60012a4df40bb94bd0becfa24ff70 a38e644dcb0841d6b4e838ed4157c217 - - - -] Filtering removed all hosts for the request with volume ID 'ff975bde-c461-4279-8db5-6f6cf34cbd66'. Filter results: AvailabilityZoneFilter: (start: 1, end: 1), CapacityFilter: (start: 1, end: 1), CapabilitiesFilter: (start: 1, end: 0)
2024-06-27 16:15:36.940 7 WARNING cinder.scheduler.filter_scheduler [None req-97aa3ad2-d993-4487-8e3f-73327ee8969f a9d60012a4df40bb94bd0becfa24ff70 a38e644dcb0841d6b4e838ed4157c217 - - - -] No weighed backend found for volume with properties: {'id': '26a4e46e-dd68-401b-9ff4-80377348a6c6', 'name': 'tempest-UserMessagesTest-volume-type-1695584659', 'description': None, 'is_public': True, 'projects': [], 'extra_specs': {'storage_protocol': 'tempest-storage_protocol-1609890373', 'vendor_name': 'tempest-vendor_name-972885143'}, 'qos_specs_id': None, 'created_at': '2024-06-27T16:15:36.000000', 'updated_at': None, 'deleted_at': None, 'deleted': False}
2024-06-27 16:15:36.940 7 INFO cinder.message.api [None req-97aa3ad2-d993-4487-8e3f-73327ee8969f a9d60012a4df40bb94bd0becfa24ff70 a38e644dcb0841d6b4e838ed4157c217 - - - -] Creating message record for request_id = req-97aa3ad2-d993-4487-8e3f-73327ee8969f
2024-06-27 16:15:36.946 7 ERROR cinder.scheduler.flows.create_volume [None req-97aa3ad2-d993-4487-8e3f-73327ee8969f a9d60012a4df40bb94bd0becfa24ff70 a38e644dcb0841d6b4e838ed4157c217 - - - -] Failed to run task cinder.scheduler.flows.create_volume.ScheduleCreateVolumeTask;volume:create: No valid backend was found. No weighed backends available: cinder.exception.NoValidBackend: No valid backend was found. No weighed backends available
2024-06-27 16:15:38.042 7 WARNING cinder.scheduler.host_manager [None req-fe5e7784-3f9f-40d6-a9bc-94f807c2ba54 d9060efc60cd479dbf693aabaf391508 850497da990f49899b6c53e0e3c90614 - - - -] volume service is down. (host: rack13-server79@lvm-1)
2024-06-27 16:15:38.860 7 WARNING cinder.scheduler.host_manager [None req-a055d18b-17c8-4df0-9041-739ff1538b36 a9d60012a4df40bb94bd0becfa24ff70 a38e644dcb0841d6b4e838ed4157c217 - - - -] volume service is down. (host: rack13-server79@lvm-1)
2024-06-27 16:15:38.861 7 INFO cinder.scheduler.base_filter [None req-a055d18b-17c8-4df0-9041-739ff1538b36 a9d60012a4df40bb94bd0becfa24ff70 a38e644dcb0841d6b4e838ed4157c217 - - - -] Filtering removed all hosts for the request with volume ID '19c17fc7-2453-44ae-bcfb-3af1d50d2e59'. Filter results: AvailabilityZoneFilter: (start: 1, end: 1), CapacityFilter: (start: 1, end: 1), CapabilitiesFilter: (start: 1, end: 0)
2024-06-27 16:15:38.862 7 WARNING cinder.scheduler.filter_scheduler [None req-a055d18b-17c8-4df0-9041-739ff1538b36 a9d60012a4df40bb94bd0becfa24ff70 a38e644dcb0841d6b4e838ed4157c217 - - - -] No weighed backend found for volume with properties: {'id': '4c5f0056-0c03-4c0c-be39-fe5b2ee48fc4', 'name': 'tempest-UserMessagesTest-volume-type-534902753', 'description': None, 'is_public': True, 'projects': [], 'extra_specs': {'storage_protocol': 'tempest-storage_protocol-1730352218', 'vendor_name': 'tempest-vendor_name-799153863'}, 'qos_specs_id': None, 'created_at': '2024-06-27T16:15:38.000000', 'updated_at': None, 'deleted_at': None, 'deleted': False}
2024-06-27 16:15:38.862 7 INFO cinder.message.api [None req-a055d18b-17c8-4df0-9041-739ff1538b36 a9d60012a4df40bb94bd0becfa24ff70 a38e644dcb0841d6b4e838ed4157c217 - - - -] Creating message record for request_id = req-a055d18b-17c8-4df0-9041-739ff1538b36
2024-06-27 16:15:38.868 7 ERROR cinder.scheduler.flows.create_volume [None req-a055d18b-17c8-4df0-9041-739ff1538b36 a9d60012a4df40bb94bd0becfa24ff70 a38e644dcb0841d6b4e838ed4157c217 - - - -] Failed to run task cinder.scheduler.flows.create_volume.ScheduleCreateVolumeTask;volume:create: No valid backend was found. No weighed backends available: cinder.exception.NoValidBackend: No valid backend was found. No weighed backends available
2024-06-27 16:15:45.686 7 WARNING cinder.scheduler.host_manager [None req-525ed45d-1e17-4703-81f3-431cd75a4cc6 11299ed5c5614d3bac5d99113169b012 6f80a690e52a42158c6f70a437de33e7 - - - -] volume service is down. (host: rack13-server79@lvm-1)
2024-06-27 16:15:46.288 7 WARNING cinder.scheduler.host_manager [None req-83abafd8-1986-44dd-8072-09b87171bc6c 02b10d54b03e4334a7fc3723459af940 a129556122b9447e938ab0cb464766ae - - - -] volume service is down. (host: rack13-server79@lvm-1)
2024-06-27 16:15:46.939 7 WARNING cinder.scheduler.host_manager [None req-5fd6cd4b-7f8f-40a3-81f1-cce73a5a2420 11299ed5c5614d3bac5d99113169b012 6f80a690e52a42158c6f70a437de33e7 - - - -] volume service is down. (host: rack13-server79@lvm-1)
2024-06-27 16:15:51.785 7 WARNING cinder.scheduler.host_manager [None req-024970ef-e6f3-4bd7-a1f3-3becac37bdc3 31b6065672b04a75883193f69a949555 58ae3b11d3224f3083a5e64c2fe94a9f - - - -] volume service is down. (host: rack13-server79@lvm-1)
2024-06-27 16:16:07.346 7 WARNING cinder.scheduler.host_manager [None req-7d8c8640-0e48-482b-86c2-3596507268b8 bcf88e9da5b44dbbaf4ed3031aef6e32 6a7f9a73c01246b9a57dbf765d89c5b2 - - - -] volume service is down. (host: rack13-server79@lvm-1)
2024-06-27 16:16:08.678 7 WARNING cinder.scheduler.host_manager [None req-36e1f6d2-3a23-4695-8e08-576e28b9926c bcf88e9da5b44dbbaf4ed3031aef6e32 6a7f9a73c01246b9a57dbf765d89c5b2 - - - -] volume service is down. (host: rack13-server79@lvm-1)
2024-06-27 16:16:09.915 7 WARNING cinder.scheduler.host_manager [None req-d5b4fae9-a2ab-46f7-a300-6d76aa9afac6 bcf88e9da5b44dbbaf4ed3031aef6e32 6a7f9a73c01246b9a57dbf765d89c5b2 - - - -] volume service is down. (host: rack13-server79@lvm-1)
2024-06-27 16:16:12.637 7 WARNING cinder.scheduler.host_manager [None req-3f8f1170-ebf1-49e1-a639-f3d59cd2ae29 bcf88e9da5b44dbbaf4ed3031aef6e32 6a7f9a73c01246b9a57dbf765d89c5b2 - - - -] volume service is down. (host: rack13-server79@lvm-1)
2024-06-27 16:16:14.145 7 WARNING cinder.scheduler.host_manager [None req-29b21ff2-eb18-4ff6-86ec-9d0a7c06f421 a5f8a78b046a4a399df62f7d399711bd 54291170603a4cb2a892b7281ef6a399 - - - -] volume service is down. (host: rack13-server79@lvm-1)
2024-06-27 16:16:15.011 7 WARNING cinder.scheduler.host_manager [None req-2b820906-f0a3-4ef5-a9b3-e0c9e8abc5bc bcf88e9da5b44dbbaf4ed3031aef6e32 6a7f9a73c01246b9a57dbf765d89c5b2 - - - -] volume service is down. (host: rack13-server79@lvm-1)
2024-06-27 16:16:15.301 7 WARNING cinder.scheduler.host_manager [None req-87ccd735-9da0-4609-af2a-b29d272112ba 7d97d06bef31439091373c873e403a47 719dfdcaaffb42288433c4db86ddcc40 - - - -] volume service is down. (host: rack13-server79@lvm-1)
2024-06-27 16:16:16.476 7 WARNING cinder.scheduler.host_manager [None req-eb7715c2-008e-429d-a7b6-2d2d4579cd28 bcf88e9da5b44dbbaf4ed3031aef6e32 6a7f9a73c01246b9a57dbf765d89c5b2 - - - -] volume service is down. (host: rack13-server79@lvm-1)
2024-06-27 16:16:17.671 7 WARNING cinder.scheduler.host_manager [None req-3fd4528e-8c38-4244-b6d4-816e47147122 7d97d06bef31439091373c873e403a47 719dfdcaaffb42288433c4db86ddcc40 - - - -] volume service is down. (host: rack13-server79@lvm-1)
2024-06-27 16:16:25.294 7 WARNING cinder.scheduler.host_manager [None req-7efd40ee-88d6-4a19-9923-a7e61f937614 a66bd7e197cb4844bc835c1f46054303 8529dc88612f455bbe84229312b19fe4 - - - -] volume service is down. (host: rack13-server79@lvm-1)
2024-06-27 16:16:27.071 7 WARNING cinder.scheduler.host_manager [None req-62044c85-e4a9-4da4-868d-e8b11bb34a4d 6bd26a94f48b4169b206b7539b34cda0 b4432055747846c39408f752c2fa3275 - - - -] volume service is down. (host: rack13-server79@lvm-1)
2024-06-27 16:16:28.261 7 WARNING cinder.scheduler.host_manager [None req-38b98eb0-bb79-4231-9424-4cb51864246f 54b11bc81b7c44cbab368cc7de4d761a c9d29c9dac754be1ae2ec45c0cb9b2a9 - - - -] volume service is down. (host: rack13-server79@lvm-1)
2024-06-27 16:16:30.344 7 WARNING cinder.scheduler.host_manager [None req-f86f6799-aee9-4028-ae3e-432404db72ba a66bd7e197cb4844bc835c1f46054303 8529dc88612f455bbe84229312b19fe4 - - - -] volume service is down. (host: rack13-server79@lvm-1)
2024-06-27 16:16:33.307 7 WARNING cinder.scheduler.host_manager [None req-9731c2b9-7808-4663-af71-927e046c7337 54b11bc81b7c44cbab368cc7de4d761a c9d29c9dac754be1ae2ec45c0cb9b2a9 - - - -] volume service is down. (host: rack13-server79@lvm-1)
2024-06-27 16:16:37.344 7 WARNING cinder.scheduler.host_manager [None req-2309e09d-9068-4930-8d79-0ef99fe99b01 aba3a6878cef4dc18a6866cc1716183b 86afcbc3df8a46978213b163dc0030d5 - - - -] volume service is down. (host: rack13-server79@lvm-1)
2024-06-27 16:16:38.613 7 WARNING cinder.scheduler.host_manager [None req-1b6e2cf7-b413-4164-ab6b-f798b85c7130 be5bf58e58d24228b4e2087d26b88f33 6569441cb3f54ca0a476872330c6ad13 - - - -] volume service is down. (host: rack13-server79@lvm-1)
2024-06-27 16:16:41.401 7 WARNING cinder.scheduler.host_manager [None req-f0031500-1f5f-43f4-adad-582bbb73d25d 2d09abc9952345e593b6f68cc9fb26c5 15b2f86417804ed49c7c6dee9a65243d - - - -] volume service is down. (host: rack13-server79@lvm-1)
2024-06-27 16:16:41.995 7 WARNING cinder.scheduler.host_manager [None req-9763e855-f202-46df-8c51-d96caea5be5a aba3a6878cef4dc18a6866cc1716183b 86afcbc3df8a46978213b163dc0030d5 - - - -] volume service is down. (host: rack13-server79@lvm-1)
2024-06-27 16:16:43.518 7 WARNING cinder.scheduler.host_manager [None req-0d911356-83a2-4bb2-9ad3-15a10e388144 be5bf58e58d24228b4e2087d26b88f33 6569441cb3f54ca0a476872330c6ad13 - - - -] volume service is down. (host: rack13-server79@lvm-1)
2024-06-27 16:16:47.689 7 WARNING cinder.scheduler.host_manager [None req-a74c9616-3f9d-4dfb-8d91-53abcd4099bd 1a344796b2744e8082c543e42ed8ab96 b0d54136cab0438fb8fb8677d6c84edc - - - -] volume service is down. (host: rack13-server79@lvm-1)
2024-06-27 16:16:48.129 7 WARNING cinder.scheduler.host_manager [None req-651dbc52-d4ed-4d81-a6f0-b4c34ae21a0a aba3a6878cef4dc18a6866cc1716183b 86afcbc3df8a46978213b163dc0030d5 - - - -] volume service is down. (host: rack13-server79@lvm-1)
2024-06-27 16:16:50.473 7 WARNING cinder.scheduler.host_manager [None req-0c8fe490-36f0-4983-acd3-82dfc6f164c8 1a344796b2744e8082c543e42ed8ab96 b0d54136cab0438fb8fb8677d6c84edc - - - -] volume service is down. (host: rack13-server79@lvm-1)
2024-06-27 16:16:50.640 7 WARNING cinder.scheduler.host_manager [None req-adb3798c-43ff-4ec2-92c8-f1dda7d94868 aba3a6878cef4dc18a6866cc1716183b 86afcbc3df8a46978213b163dc0030d5 - - - -] volume service is down. (host: rack13-server79@lvm-1)
2024-06-27 16:16:51.781 7 WARNING cinder.scheduler.host_manager [None req-bd23720f-b749-4b1c-85cf-eaf98e781f88 e6e15ef658d1447485f157e88c6d379d 66d3993e09694f578cbfd09063021950 - - - -] volume service is down. (host: rack13-server79@lvm-1)
2024-06-27 16:16:54.304 7 WARNING cinder.scheduler.host_manager [None req-3632c7f1-7e8a-4827-8fa4-5cf163d4a1ee 1a344796b2744e8082c543e42ed8ab96 b0d54136cab0438fb8fb8677d6c84edc - - - -] volume service is down. (host: rack13-server79@lvm-1)
2024-06-27 16:16:56.842 7 WARNING cinder.scheduler.host_manager [None req-1325f41d-87c9-45ca-9061-471bb1ad9c3e 1a344796b2744e8082c543e42ed8ab96 b0d54136cab0438fb8fb8677d6c84edc - - - -] volume service is down. (host: rack13-server79@lvm-1)
2024-06-27 16:16:57.354 7 WARNING cinder.scheduler.host_manager [None req-2547e5fe-eaf3-4666-bbf8-6899b060e164 e6e15ef658d1447485f157e88c6d379d 66d3993e09694f578cbfd09063021950 - - - -] volume service is down. (host: rack13-server79@lvm-1)
2024-06-27 16:16:58.527 7 WARNING cinder.scheduler.host_manager [None req-ed136b39-cde5-47cd-8e82-de0db80e4c99 1a344796b2744e8082c543e42ed8ab96 b0d54136cab0438fb8fb8677d6c84edc - - - -] volume service is down. (host: rack13-server79@lvm-1)
2024-06-27 16:17:00.064 7 WARNING cinder.scheduler.host_manager [None req-2859fc9a-4d32-4ff1-b6d7-68e3011f4ffd e6e15ef658d1447485f157e88c6d379d 66d3993e09694f578cbfd09063021950 - - - -] volume service is down. (host: rack13-server79@lvm-1)
2024-06-27 16:17:02.185 7 WARNING cinder.scheduler.host_manager [None req-02d2f2a2-67a3-481f-a0be-58467c136093 b3940aacb282410f8b7fc00378c7bcf8 e0deedb10f0e4aae997956c76e3cfef6 - - - -] volume service is down. (host: rack13-server79@lvm-1)
2024-06-27 16:17:02.472 7 WARNING cinder.scheduler.host_manager [None req-362fe1b8-bb68-436f-844e-90555e890ecb e6e15ef658d1447485f157e88c6d379d 66d3993e09694f578cbfd09063021950 - - - -] volume service is down. (host: rack13-server79@lvm-1)
2024-06-27 16:17:04.782 7 WARNING cinder.scheduler.host_manager [None req-c597150a-d7f5-42d4-8833-00c420ba6e80 b3940aacb282410f8b7fc00378c7bcf8 e0deedb10f0e4aae997956c76e3cfef6 - - - -] volume service is down. (host: rack13-server79@lvm-1)
2024-06-27 16:17:04.817 7 WARNING cinder.scheduler.host_manager [None req-45935ab5-2e50-472f-8d67-f433a7a8c9c3 e6e15ef658d1447485f157e88c6d379d 66d3993e09694f578cbfd09063021950 - - - -] volume service is down. (host: rack13-server79@lvm-1)
2024-06-27 16:17:04.862 7 WARNING cinder.scheduler.host_manager [None req-4fbc5217-e2a5-4dad-be11-733c3c6bf5ce 1a344796b2744e8082c543e42ed8ab96 b0d54136cab0438fb8fb8677d6c84edc - - - -] volume service is down. (host: rack13-server79@lvm-1)
2024-06-27 16:17:07.334 7 WARNING cinder.scheduler.host_manager [None req-24dc1bf6-53aa-47eb-ace6-57e45ec0e5ca b3940aacb282410f8b7fc00378c7bcf8 e0deedb10f0e4aae997956c76e3cfef6 - - - -] volume service is down. (host: rack13-server79@lvm-1)
2024-06-27 16:17:10.787 7 WARNING cinder.scheduler.host_manager [None req-5fd7814f-f58e-4855-bc24-040f0cd8c754 1a344796b2744e8082c543e42ed8ab96 b0d54136cab0438fb8fb8677d6c84edc - - - -] volume service is down. (host: rack13-server79@lvm-1)
2024-06-27 16:17:18.522 7 WARNING cinder.scheduler.host_manager [None req-50ebf2f1-1da0-4dec-adcb-69c10106fc8c 40696f217d5644c89992ff69b3c06ebe 3b39820ebe7d43e5822040159f608dc4 - - - -] volume service is down. (host: rack13-server79@lvm-1)
2024-06-27 16:17:19.150 7 WARNING cinder.scheduler.host_manager [None req-0e054f7d-cf50-4fe1-b30f-8547f50806c3 5f820d2fc750424ba2d30b4fc4c0a664 a191cd1bb2614b6e9c7bd8ca5da13cbc - - - -] volume service is down. (host: rack13-server79@lvm-1)
2024-06-27 16:17:20.901 7 WARNING cinder.scheduler.host_manager [None req-9b3408e3-b431-48f5-8389-b3236cd8923b 40696f217d5644c89992ff69b3c06ebe 3b39820ebe7d43e5822040159f608dc4 - - - -] volume service is down. (host: rack13-server79@lvm-1)
2024-06-27 16:17:22.158 7 WARNING cinder.scheduler.host_manager [None req-20014b27-d25a-4f0b-ab6e-ad1064774217 40696f217d5644c89992ff69b3c06ebe 3b39820ebe7d43e5822040159f608dc4 - - - -] volume service is down. (host: rack13-server79@lvm-1)
2024-06-27 16:17:23.678 7 WARNING cinder.scheduler.host_manager [None req-63937bef-7866-4864-a192-b4aa75b39c5b 40696f217d5644c89992ff69b3c06ebe 3b39820ebe7d43e5822040159f608dc4 - - - -] volume service is down. (host: rack13-server79@lvm-1)
2024-06-27 16:17:33.817 7 WARNING cinder.scheduler.host_manager [None req-a24cd4da-62b5-4cf2-9659-07435428080d f074b36b4e5d455ea8e0888754111e04 fb2fbcba191e48abb4d698f4eb40bf00 - - - -] volume service is down. (host: rack13-server79@lvm-1)
2024-06-27 16:17:36.165 7 WARNING cinder.scheduler.host_manager [None req-2463c1e7-7744-4ed7-9b3f-850602caf208 f074b36b4e5d455ea8e0888754111e04 fb2fbcba191e48abb4d698f4eb40bf00 - - - -] volume service is down. (host: rack13-server79@lvm-1)
2024-06-27 16:17:48.925 7 WARNING cinder.scheduler.host_manager [None req-b19af0f1-9949-4464-8f01-c1112c318e63 8d813c94b3b54807a90dfdbde988d212 a1cc62ef0d7f4e3c83dee8a588ed03d6 - - - -] volume service is down. (host: rack13-server79@lvm-1)
2024-06-27 16:17:49.014 7 WARNING cinder.scheduler.host_manager [None req-2d14573a-b6a4-446a-a6f9-f1e58bd8a0f4 2be4b8eff9d14ac1ac1a5a327269686b db1aa55834dd4e12b4560e4ebb71740a - - - -] volume service is down. (host: rack13-server79@lvm-1)
2024-06-27 16:17:49.020 7 WARNING cinder.scheduler.host_manager [None req-eeffb9db-36b1-4395-af43-a46723cfdf2a a5494951c41245b39a27648ace0d3143 cc528d6ad12a4af7804c280a1e89e03e - - - -] volume service is down. (host: rack13-server79@lvm-1)
2024-06-27 16:17:49.185 7 WARNING cinder.scheduler.host_manager [None req-51dd91bc-6aaf-4606-a307-cdf38179626f 8d813c94b3b54807a90dfdbde988d212 a1cc62ef0d7f4e3c83dee8a588ed03d6 - - - -] volume service is down. (host: rack13-server79@lvm-1)
2024-06-27 16:17:49.503 7 WARNING cinder.scheduler.host_manager [None req-f9c61e2e-da1c-4471-b42d-e1c0ec31c94a 8d813c94b3b54807a90dfdbde988d212 a1cc62ef0d7f4e3c83dee8a588ed03d6 - - - -] volume service is down. (host: rack13-server79@lvm-1)
2024-06-27 16:17:49.813 7 WARNING cinder.scheduler.host_manager [None req-867df821-f729-47db-8bec-64a143f4dbbe 8d813c94b3b54807a90dfdbde988d212 a1cc62ef0d7f4e3c83dee8a588ed03d6 - - - -] volume service is down. (host: rack13-server79@lvm-1)
2024-06-27 16:17:50.131 7 WARNING cinder.scheduler.host_manager [None req-66693bec-040a-4832-836f-b6d4a4d9e09d 8d813c94b3b54807a90dfdbde988d212 a1cc62ef0d7f4e3c83dee8a588ed03d6 - - - -] volume service is down. (host: rack13-server79@lvm-1)
2024-06-27 16:17:50.227 7 WARNING cinder.scheduler.host_manager [None req-a777eb8f-ecaa-4623-8e93-1ba303a8a797 a5494951c41245b39a27648ace0d3143 cc528d6ad12a4af7804c280a1e89e03e - - - -] volume service is down. (host: rack13-server79@lvm-1)
2024-06-27 16:17:50.403 7 WARNING cinder.scheduler.host_manager [None req-a6541cf7-7bef-40ff-b7e0-ea3a3cd86167 2be4b8eff9d14ac1ac1a5a327269686b db1aa55834dd4e12b4560e4ebb71740a - - - -] volume service is down. (host: rack13-server79@lvm-1)
2024-06-27 16:17:50.705 7 WARNING cinder.scheduler.host_manager [None req-700821c3-5efc-4cca-ae6e-804b6ee695c4 2be4b8eff9d14ac1ac1a5a327269686b db1aa55834dd4e12b4560e4ebb71740a - - - -] volume service is down. (host: rack13-server79@lvm-1)
2024-06-27 16:17:50.996 7 WARNING cinder.scheduler.host_manager [None req-dc97616d-a4cd-482d-b928-5388144248ad 2be4b8eff9d14ac1ac1a5a327269686b db1aa55834dd4e12b4560e4ebb71740a - - - -] volume service is down. (host: rack13-server79@lvm-1)
2024-06-27 16:17:51.292 7 WARNING cinder.scheduler.host_manager [None req-cc3727bf-973b-4958-bdce-b047c7a46642 2be4b8eff9d14ac1ac1a5a327269686b db1aa55834dd4e12b4560e4ebb71740a - - - -] volume service is down. (host: rack13-server79@lvm-1)
2024-06-27 16:17:51.589 7 WARNING cinder.scheduler.host_manager [None req-3454627e-0294-4611-b88a-3142d6ac071a 2be4b8eff9d14ac1ac1a5a327269686b db1aa55834dd4e12b4560e4ebb71740a - - - -] volume service is down. (host: rack13-server79@lvm-1)
2024-06-27 16:17:51.656 7 WARNING cinder.scheduler.host_manager [None req-885780b0-cb38-4193-9ae7-bfea565a11b0 a5494951c41245b39a27648ace0d3143 cc528d6ad12a4af7804c280a1e89e03e - - - -] volume service is down. (host: rack13-server79@lvm-1)
2024-06-27 16:17:52.159 7 WARNING cinder.scheduler.host_manager [None req-63b751f9-cf82-43df-9d0b-a3524bbdc64a a5494951c41245b39a27648ace0d3143 cc528d6ad12a4af7804c280a1e89e03e - - - -] volume service is down. (host: rack13-server79@lvm-1)
2024-06-27 16:17:52.461 7 WARNING cinder.scheduler.host_manager [None req-35eeb323-5c4b-4816-beda-7ab62acf79f3 a5494951c41245b39a27648ace0d3143 cc528d6ad12a4af7804c280a1e89e03e - - - -] volume service is down. (host: rack13-server79@lvm-1)
2024-06-27 16:17:52.775 7 WARNING cinder.scheduler.host_manager [None req-b9d9faf8-30d8-451f-9203-d0d54247cece a5494951c41245b39a27648ace0d3143 cc528d6ad12a4af7804c280a1e89e03e - - - -] volume service is down. (host: rack13-server79@lvm-1)
2024-06-27 16:17:53.075 7 WARNING cinder.scheduler.host_manager [None req-29fad3a7-53a0-4a2e-b811-dc04c3cce9cb a5494951c41245b39a27648ace0d3143 cc528d6ad12a4af7804c280a1e89e03e - - - -] volume service is down. (host: rack13-server79@lvm-1)
2024-06-27 16:18:01.119 7 WARNING cinder.scheduler.host_manager [None req-24fec987-f035-45c7-9a76-ae4c1b86bda2 b16bcad44f4344e6801fb9aaa6bd7b09 cab3a7a80c954836ae2272755fd1036d - - - -] volume service is down. (host: rack13-server79@lvm-1)
2024-06-27 16:18:03.697 7 WARNING cinder.scheduler.host_manager [None req-dd080726-6dd4-41d2-b9e3-2e5a72986054 b16bcad44f4344e6801fb9aaa6bd7b09 cab3a7a80c954836ae2272755fd1036d - - - -] volume service is down. (host: rack13-server79@lvm-1)
2024-06-27 16:18:06.131 7 WARNING cinder.scheduler.host_manager [None req-02294b28-6be1-4cc4-aeda-f8fca3d933b4 b16bcad44f4344e6801fb9aaa6bd7b09 cab3a7a80c954836ae2272755fd1036d - - - -] volume service is down. (host: rack13-server79@lvm-1)
