Build Started 22_06_2023_16_40_14
2023-06-22 16:42:09.387 7 WARNING cinder.scheduler.host_manager [req-7fb699a8-64d8-4a6b-97b0-bd0b01008830 req-1797acc1-b88f-45fa-8bec-40e47ca94496 9dafd64a12694c148b869caa2df06942 e428af6bb73240e08e6a34ee4d023635 - - - -] volume service is down. (host: rack02-server70@lvm-1)
2023-06-22 16:42:11.902 7 WARNING cinder.scheduler.host_manager [req-12d1f3b4-bdc3-479d-a049-2c33453fd7db req-bca8d4bc-2d38-42e4-ab49-0f9dd4247a87 4926d3d0302a41a0b67d59bcfd4a4018 9783ea7d01a74d05ba00922eb7aaf537 - - - -] volume service is down. (host: rack02-server70@lvm-1)
2023-06-22 16:42:14.268 7 WARNING cinder.scheduler.host_manager [req-094ca1ea-799c-468f-aa62-4046033c6274 req-28744fb3-7692-4692-a62a-6a9177b3f7ee 4926d3d0302a41a0b67d59bcfd4a4018 9783ea7d01a74d05ba00922eb7aaf537 - - - -] volume service is down. (host: rack02-server70@lvm-1)
2023-06-22 16:42:15.170 7 WARNING cinder.scheduler.host_manager [None req-03ec4d54-7e2a-41ba-988e-b8ec3bf36590 6580b2f7ed2646d1b7b5e9943bcd5c28 a4239d07bb9a425baecc39a5163e3220 - - - -] volume service is down. (host: rack02-server70@lvm-1)
2023-06-22 16:42:17.636 7 WARNING cinder.scheduler.host_manager [None req-4553ff99-3832-42d1-8082-1b870d0b7d29 6580b2f7ed2646d1b7b5e9943bcd5c28 a4239d07bb9a425baecc39a5163e3220 - - - -] volume service is down. (host: rack02-server70@lvm-1)
2023-06-22 16:42:19.237 7 WARNING cinder.scheduler.host_manager [None req-f60858a7-dcfd-4114-b27d-0d0b97d9e6a1 e16b4b61b8fe4446a8dfe0ce9a84148c d2b6065c79a04b7eae009c1df2b0efe7 - - - -] volume service is down. (host: rack02-server70@lvm-1)
2023-06-22 16:42:19.243 7 WARNING cinder.scheduler.host_manager [None req-f60858a7-dcfd-4114-b27d-0d0b97d9e6a1 e16b4b61b8fe4446a8dfe0ce9a84148c d2b6065c79a04b7eae009c1df2b0efe7 - - - -] volume service is down. (host: rack02-server70@lvm-1)
2023-06-22 16:42:20.125 7 WARNING cinder.scheduler.host_manager [None req-bb3ea3a5-258d-4d9e-846d-bda664aeca94 6580b2f7ed2646d1b7b5e9943bcd5c28 a4239d07bb9a425baecc39a5163e3220 - - - -] volume service is down. (host: rack02-server70@lvm-1)
2023-06-22 16:42:30.612 7 WARNING cinder.scheduler.host_manager [None req-82e8eae4-915f-479f-aa3d-bca4b77789fc 46a2c24154874c16988d1bb9efbb8f13 720412d74b204c55bb27d55be8768905 - - - -] volume service is down. (host: rack02-server70@lvm-1)
2023-06-22 16:42:30.649 7 WARNING cinder.scheduler.host_manager [None req-2527159e-c55c-418b-89fa-853ebf06acd3 46a2c24154874c16988d1bb9efbb8f13 720412d74b204c55bb27d55be8768905 - - - -] volume service is down. (host: rack02-server70@lvm-1)
2023-06-22 16:42:33.086 7 WARNING cinder.scheduler.host_manager [None req-861fcc6b-3dcb-45d6-9ed6-bb705bca9928 ce892d0c524942858a03b4e8435e5abd a069cfc8a3a04f44babe52679c86c98b - - - -] volume service is down. (host: rack02-server70@lvm-1)
2023-06-22 16:42:33.949 7 WARNING cinder.scheduler.host_manager [None req-072ea88f-5252-422d-b03b-a32962cbaaff 7a43f52d9ea840ed81a24ea952969e99 a53ee272154e45c0b78fa87a51fc350a - - - -] volume service is down. (host: rack02-server70@lvm-1)
2023-06-22 16:42:33.950 7 INFO cinder.scheduler.base_filter [None req-072ea88f-5252-422d-b03b-a32962cbaaff 7a43f52d9ea840ed81a24ea952969e99 a53ee272154e45c0b78fa87a51fc350a - - - -] Filtering removed all hosts for the request with volume ID 'fb42843a-0ef8-47fa-9f7a-83a3c08e4790'. Filter results: AvailabilityZoneFilter: (start: 1, end: 1), CapacityFilter: (start: 1, end: 1), CapabilitiesFilter: (start: 1, end: 0)
2023-06-22 16:42:33.950 7 WARNING cinder.scheduler.filter_scheduler [None req-072ea88f-5252-422d-b03b-a32962cbaaff 7a43f52d9ea840ed81a24ea952969e99 a53ee272154e45c0b78fa87a51fc350a - - - -] No weighed backend found for volume with properties: {'id': 'e545aa89-f5a2-46d1-943b-335ec327c0ab', 'name': 'tempest-UserMessagesTest-volume-type-333557059', 'description': None, 'is_public': True, 'projects': [], 'extra_specs': {'storage_protocol': 'tempest-storage_protocol-1630170347', 'vendor_name': 'tempest-vendor_name-733917766'}, 'qos_specs_id': None, 'created_at': '2023-06-22T16:42:33.000000', 'updated_at': None, 'deleted_at': None, 'deleted': False}
2023-06-22 16:42:33.951 7 INFO cinder.message.api [None req-072ea88f-5252-422d-b03b-a32962cbaaff 7a43f52d9ea840ed81a24ea952969e99 a53ee272154e45c0b78fa87a51fc350a - - - -] Creating message record for request_id = req-072ea88f-5252-422d-b03b-a32962cbaaff
2023-06-22 16:42:33.956 7 ERROR cinder.scheduler.flows.create_volume [None req-072ea88f-5252-422d-b03b-a32962cbaaff 7a43f52d9ea840ed81a24ea952969e99 a53ee272154e45c0b78fa87a51fc350a - - - -] Failed to run task cinder.scheduler.flows.create_volume.ScheduleCreateVolumeTask;volume:create: No valid backend was found. No weighed backends available: cinder.exception.NoValidBackend: No valid backend was found. No weighed backends available
2023-06-22 16:42:35.378 7 WARNING cinder.scheduler.host_manager [None req-2a13f4ef-8c30-4669-9f79-c45452202a02 ce892d0c524942858a03b4e8435e5abd a069cfc8a3a04f44babe52679c86c98b - - - -] volume service is down. (host: rack02-server70@lvm-1)
2023-06-22 16:42:35.836 7 WARNING cinder.scheduler.host_manager [None req-b95f8fae-9289-4b10-ac15-20197b1de866 491cf89e8d534ebeb395dab90ac92b09 584390f135ce49b8af5705435f90001b - - - -] volume service is down. (host: rack02-server70@lvm-1)
2023-06-22 16:42:35.842 7 WARNING cinder.scheduler.host_manager [None req-b95f8fae-9289-4b10-ac15-20197b1de866 491cf89e8d534ebeb395dab90ac92b09 584390f135ce49b8af5705435f90001b - - - -] volume service is down. (host: rack02-server70@lvm-1)
2023-06-22 16:42:36.026 7 WARNING cinder.scheduler.host_manager [None req-df2ff355-30dd-4e7f-ad92-6f3ffa728f48 7a43f52d9ea840ed81a24ea952969e99 a53ee272154e45c0b78fa87a51fc350a - - - -] volume service is down. (host: rack02-server70@lvm-1)
2023-06-22 16:42:36.026 7 INFO cinder.scheduler.base_filter [None req-df2ff355-30dd-4e7f-ad92-6f3ffa728f48 7a43f52d9ea840ed81a24ea952969e99 a53ee272154e45c0b78fa87a51fc350a - - - -] Filtering removed all hosts for the request with volume ID '41a86a7e-004a-430f-bbfd-c62367cbdee0'. Filter results: AvailabilityZoneFilter: (start: 1, end: 1), CapacityFilter: (start: 1, end: 1), CapabilitiesFilter: (start: 1, end: 0)
2023-06-22 16:42:36.027 7 WARNING cinder.scheduler.filter_scheduler [None req-df2ff355-30dd-4e7f-ad92-6f3ffa728f48 7a43f52d9ea840ed81a24ea952969e99 a53ee272154e45c0b78fa87a51fc350a - - - -] No weighed backend found for volume with properties: {'id': 'f6e60be3-bf81-47b8-83fb-3d058ca6b113', 'name': 'tempest-UserMessagesTest-volume-type-1739640638', 'description': None, 'is_public': True, 'projects': [], 'extra_specs': {'storage_protocol': 'tempest-storage_protocol-1129462455', 'vendor_name': 'tempest-vendor_name-1736226037'}, 'qos_specs_id': None, 'created_at': '2023-06-22T16:42:35.000000', 'updated_at': None, 'deleted_at': None, 'deleted': False}
2023-06-22 16:42:36.027 7 INFO cinder.message.api [None req-df2ff355-30dd-4e7f-ad92-6f3ffa728f48 7a43f52d9ea840ed81a24ea952969e99 a53ee272154e45c0b78fa87a51fc350a - - - -] Creating message record for request_id = req-df2ff355-30dd-4e7f-ad92-6f3ffa728f48
2023-06-22 16:42:36.032 7 ERROR cinder.scheduler.flows.create_volume [None req-df2ff355-30dd-4e7f-ad92-6f3ffa728f48 7a43f52d9ea840ed81a24ea952969e99 a53ee272154e45c0b78fa87a51fc350a - - - -] Failed to run task cinder.scheduler.flows.create_volume.ScheduleCreateVolumeTask;volume:create: No valid backend was found. No weighed backends available: cinder.exception.NoValidBackend: No valid backend was found. No weighed backends available
2023-06-22 16:42:37.234 7 WARNING cinder.scheduler.host_manager [None req-1fe22e64-550b-4179-a883-21994e64ab93 491cf89e8d534ebeb395dab90ac92b09 584390f135ce49b8af5705435f90001b - - - -] volume service is down. (host: rack02-server70@lvm-1)
2023-06-22 16:42:37.834 7 WARNING cinder.scheduler.host_manager [None req-40760a6a-9458-4983-afe8-315a5d5416ae ce892d0c524942858a03b4e8435e5abd a069cfc8a3a04f44babe52679c86c98b - - - -] volume service is down. (host: rack02-server70@lvm-1)
2023-06-22 16:42:41.313 7 WARNING cinder.scheduler.host_manager [None req-122ee8fa-b3cf-4089-87ee-df9d89256733 ce892d0c524942858a03b4e8435e5abd a069cfc8a3a04f44babe52679c86c98b - - - -] volume service is down. (host: rack02-server70@lvm-1)
2023-06-22 16:42:41.844 7 WARNING cinder.scheduler.host_manager [None req-76e3c945-f0f3-49f9-bed7-f39487c9ec25 491cf89e8d534ebeb395dab90ac92b09 584390f135ce49b8af5705435f90001b - - - -] volume service is down. (host: rack02-server70@lvm-1)
2023-06-22 16:42:44.773 7 WARNING cinder.scheduler.host_manager [None req-a83ea27e-b228-4ae8-a93f-6a341eec660c ce892d0c524942858a03b4e8435e5abd a069cfc8a3a04f44babe52679c86c98b - - - -] volume service is down. (host: rack02-server70@lvm-1)
2023-06-22 16:42:48.261 7 WARNING cinder.scheduler.host_manager [None req-ccd12841-f42e-4e48-a03d-2720da4f8298 ce892d0c524942858a03b4e8435e5abd a069cfc8a3a04f44babe52679c86c98b - - - -] volume service is down. (host: rack02-server70@lvm-1)
2023-06-22 16:42:48.283 7 WARNING cinder.scheduler.host_manager [None req-c47c5f2a-dc6c-4b9e-ae88-03a88bae7de4 491cf89e8d534ebeb395dab90ac92b09 584390f135ce49b8af5705435f90001b - - - -] volume service is down. (host: rack02-server70@lvm-1)
2023-06-22 16:42:48.289 7 WARNING cinder.scheduler.host_manager [None req-c47c5f2a-dc6c-4b9e-ae88-03a88bae7de4 491cf89e8d534ebeb395dab90ac92b09 584390f135ce49b8af5705435f90001b - - - -] volume service is down. (host: rack02-server70@lvm-1)
2023-06-22 16:42:49.660 7 WARNING cinder.scheduler.host_manager [None req-e33c642b-c7ea-417f-9a7a-7e383b0dd251 491cf89e8d534ebeb395dab90ac92b09 584390f135ce49b8af5705435f90001b - - - -] volume service is down. (host: rack02-server70@lvm-1)
2023-06-22 16:42:52.122 7 WARNING cinder.scheduler.host_manager [None req-95c83e21-ba00-40e1-85e6-54d177acbf6a 491cf89e8d534ebeb395dab90ac92b09 584390f135ce49b8af5705435f90001b - - - -] volume service is down. (host: rack02-server70@lvm-1)
2023-06-22 16:42:57.105 7 WARNING cinder.scheduler.host_manager [None req-63588408-f9fa-4251-8ba5-c2584ad15829 39d53c3bb6864bfbbc13bf3522dbebf7 20041688bf904d83a62d33ab4a2870c4 - - - -] volume service is down. (host: rack02-server70@lvm-1)
2023-06-22 16:42:59.338 7 WARNING cinder.scheduler.host_manager [None req-7d808ef7-cf05-4673-b4d4-f45844f71bd2 d543937d98974f0ab99128f23a44aee1 e4d42d74d7884d3fb0d90dc3edaa0689 - - - -] volume service is down. (host: rack02-server70@lvm-1)
2023-06-22 16:43:00.668 7 WARNING cinder.scheduler.host_manager [None req-f6381bce-a808-4579-a416-9825925443fd d543937d98974f0ab99128f23a44aee1 e4d42d74d7884d3fb0d90dc3edaa0689 - - - -] volume service is down. (host: rack02-server70@lvm-1)
2023-06-22 16:43:00.727 7 WARNING cinder.scheduler.host_manager [None req-364ebc7f-ed9e-4580-95c1-519c5c6cc642 39d53c3bb6864bfbbc13bf3522dbebf7 20041688bf904d83a62d33ab4a2870c4 - - - -] volume service is down. (host: rack02-server70@lvm-1)
2023-06-22 16:43:04.977 7 WARNING cinder.scheduler.host_manager [None req-433ad534-c072-4752-83ce-173857aecb58 491cf89e8d534ebeb395dab90ac92b09 584390f135ce49b8af5705435f90001b - - - -] volume service is down. (host: rack02-server70@lvm-1)
2023-06-22 16:43:04.983 7 WARNING cinder.scheduler.host_manager [None req-433ad534-c072-4752-83ce-173857aecb58 491cf89e8d534ebeb395dab90ac92b09 584390f135ce49b8af5705435f90001b - - - -] volume service is down. (host: rack02-server70@lvm-1)
2023-06-22 16:43:06.378 7 WARNING cinder.scheduler.host_manager [None req-6266d326-551c-44ef-b9f5-c0a00da31831 491cf89e8d534ebeb395dab90ac92b09 584390f135ce49b8af5705435f90001b - - - -] volume service is down. (host: rack02-server70@lvm-1)
2023-06-22 16:43:11.850 7 WARNING cinder.scheduler.host_manager [None req-bbd9487e-4dd6-4277-8702-9cda29ba6d28 db408601290b4d1cb9cc4e2c1551c360 c5e7ce550e434ebbb7c62188bf7eab4a - - - -] volume service is down. (host: rack02-server70@lvm-1)
2023-06-22 16:43:18.829 7 WARNING cinder.scheduler.host_manager [None req-19161f74-1211-40a1-a60a-cab3d967ae2a 098f7e42d3a640dc80dd685c9051b126 61a4d39644ad433488498ef3bc350b83 - - - -] volume service is down. (host: rack02-server70@lvm-1)
2023-06-22 16:43:18.835 7 WARNING cinder.scheduler.host_manager [None req-19161f74-1211-40a1-a60a-cab3d967ae2a 098f7e42d3a640dc80dd685c9051b126 61a4d39644ad433488498ef3bc350b83 - - - -] volume service is down. (host: rack02-server70@lvm-1)
2023-06-22 16:43:20.212 7 WARNING cinder.scheduler.host_manager [None req-e84cb958-dbc1-4fbe-b4ce-98f8f5859520 098f7e42d3a640dc80dd685c9051b126 61a4d39644ad433488498ef3bc350b83 - - - -] volume service is down. (host: rack02-server70@lvm-1)
2023-06-22 16:43:23.614 7 WARNING cinder.scheduler.host_manager [None req-308ac346-1dff-41ca-b275-bcf8f338fe7c 0b0bafbbfe4d4dd2ac381a42e83d3c9b db5b74ed4bb64cc5a6318071d4c54705 - - - -] volume service is down. (host: rack02-server70@lvm-1)
2023-06-22 16:43:26.070 7 WARNING cinder.scheduler.host_manager [None req-e2035f1a-5222-4131-9745-347eb60d1d81 0b0bafbbfe4d4dd2ac381a42e83d3c9b db5b74ed4bb64cc5a6318071d4c54705 - - - -] volume service is down. (host: rack02-server70@lvm-1)
2023-06-22 16:43:28.498 7 WARNING cinder.scheduler.host_manager [None req-4b6ce855-51aa-43c6-ad16-115653eb310a 0b0bafbbfe4d4dd2ac381a42e83d3c9b db5b74ed4bb64cc5a6318071d4c54705 - - - -] volume service is down. (host: rack02-server70@lvm-1)
2023-06-22 16:43:31.600 7 WARNING cinder.scheduler.host_manager [None req-c8ac7d9d-6e55-43b3-92df-5dc82a0fa221 9c1d8bdbf909423fa5661b6a88cfbaec fd3354d2ea0f4897a477c4b3a6091605 - - - -] volume service is down. (host: rack02-server70@lvm-1)
2023-06-22 16:43:32.528 7 WARNING cinder.scheduler.host_manager [None req-2f142cfa-9d02-4e06-acc6-31d9fd081164 45262d2c1e1d4139a899f0a1f00ce9d7 e12fd59c9ac64ab78fa04ff080e46920 - - - -] volume service is down. (host: rack02-server70@lvm-1)
2023-06-22 16:43:32.534 7 WARNING cinder.scheduler.host_manager [None req-2f142cfa-9d02-4e06-acc6-31d9fd081164 45262d2c1e1d4139a899f0a1f00ce9d7 e12fd59c9ac64ab78fa04ff080e46920 - - - -] volume service is down. (host: rack02-server70@lvm-1)
2023-06-22 16:43:33.716 7 WARNING cinder.scheduler.host_manager [None req-c529c33c-f039-4f11-ae80-bea655aab1b9 45262d2c1e1d4139a899f0a1f00ce9d7 e12fd59c9ac64ab78fa04ff080e46920 - - - -] volume service is down. (host: rack02-server70@lvm-1)
2023-06-22 16:43:33.722 7 WARNING cinder.scheduler.host_manager [None req-c529c33c-f039-4f11-ae80-bea655aab1b9 45262d2c1e1d4139a899f0a1f00ce9d7 e12fd59c9ac64ab78fa04ff080e46920 - - - -] volume service is down. (host: rack02-server70@lvm-1)
2023-06-22 16:43:35.101 7 WARNING cinder.scheduler.host_manager [None req-96c7cdd2-8fbd-419f-bb49-8b7ba72f109e 45262d2c1e1d4139a899f0a1f00ce9d7 e12fd59c9ac64ab78fa04ff080e46920 - - - -] volume service is down. (host: rack02-server70@lvm-1)
2023-06-22 16:43:37.743 7 WARNING cinder.scheduler.host_manager [None req-2acb346c-4ce6-4359-b54b-e90b387a7eec 75ae0cdcf40d4e70814806a88a694daf 2c7500e120274d4288d98de147bb68c5 - - - -] volume service is down. (host: rack02-server70@lvm-1)
2023-06-22 16:43:40.152 7 WARNING cinder.scheduler.host_manager [None req-00446f48-5447-4e5c-a91a-f289ade6cbd8 45262d2c1e1d4139a899f0a1f00ce9d7 e12fd59c9ac64ab78fa04ff080e46920 - - - -] volume service is down. (host: rack02-server70@lvm-1)
2023-06-22 16:43:40.159 7 WARNING cinder.scheduler.host_manager [None req-00446f48-5447-4e5c-a91a-f289ade6cbd8 45262d2c1e1d4139a899f0a1f00ce9d7 e12fd59c9ac64ab78fa04ff080e46920 - - - -] volume service is down. (host: rack02-server70@lvm-1)
2023-06-22 16:43:40.565 7 WARNING cinder.scheduler.host_manager [None req-a355b3dd-1e38-49ff-9957-f1fb818455cd 982aaf095373466a90d09694c8dad7e6 d9fe779628654c829fc94b893c7b8ea3 - - - -] volume service is down. (host: rack02-server70@lvm-1)
2023-06-22 16:43:41.531 7 WARNING cinder.scheduler.host_manager [None req-94ffd752-887f-492c-95e0-2e2e32687fd2 45262d2c1e1d4139a899f0a1f00ce9d7 e12fd59c9ac64ab78fa04ff080e46920 - - - -] volume service is down. (host: rack02-server70@lvm-1)
2023-06-22 16:43:43.388 7 WARNING cinder.scheduler.host_manager [None req-f99ba901-fdba-45d7-a64b-607048ff184f 75ae0cdcf40d4e70814806a88a694daf 2c7500e120274d4288d98de147bb68c5 - - - -] volume service is down. (host: rack02-server70@lvm-1)
2023-06-22 16:43:44.006 7 WARNING cinder.scheduler.host_manager [None req-0fb628f5-aefb-4064-916b-e3a8148c5185 45262d2c1e1d4139a899f0a1f00ce9d7 e12fd59c9ac64ab78fa04ff080e46920 - - - -] volume service is down. (host: rack02-server70@lvm-1)
2023-06-22 16:43:47.048 7 WARNING cinder.scheduler.host_manager [None req-a1fe6200-9718-4710-9524-9b1a6ec2cb95 75ae0cdcf40d4e70814806a88a694daf 2c7500e120274d4288d98de147bb68c5 - - - -] volume service is down. (host: rack02-server70@lvm-1)
2023-06-22 16:43:50.646 7 WARNING cinder.scheduler.host_manager [None req-d6b4060e-57ab-4b26-8021-e1ece735420f 05b46a4b62814694bb40aae9ef101d69 b8ef5feb1eae4409998f9eb67e7e335f - - - -] volume service is down. (host: rack02-server70@lvm-1)
2023-06-22 16:43:50.703 7 WARNING cinder.scheduler.host_manager [None req-f4cc34a4-709f-4243-809a-dceeb5bd1f46 75ae0cdcf40d4e70814806a88a694daf 2c7500e120274d4288d98de147bb68c5 - - - -] volume service is down. (host: rack02-server70@lvm-1)
2023-06-22 16:43:54.306 7 WARNING cinder.scheduler.host_manager [None req-ac2ff479-be31-46d1-b0b9-13b8d0244292 75ae0cdcf40d4e70814806a88a694daf 2c7500e120274d4288d98de147bb68c5 - - - -] volume service is down. (host: rack02-server70@lvm-1)
2023-06-22 16:43:55.126 7 WARNING cinder.scheduler.host_manager [None req-4b6ac09a-1aeb-4c74-9274-0003e15042c4 8680a57f01284d869b45d1e5084114a1 144dd05bf53a496b97f663a767dc1883 - - - -] volume service is down. (host: rack02-server70@lvm-1)
2023-06-22 16:43:55.132 7 WARNING cinder.scheduler.host_manager [None req-4b6ac09a-1aeb-4c74-9274-0003e15042c4 8680a57f01284d869b45d1e5084114a1 144dd05bf53a496b97f663a767dc1883 - - - -] volume service is down. (host: rack02-server70@lvm-1)
2023-06-22 16:43:55.222 7 WARNING cinder.scheduler.host_manager [None req-28116584-818b-4086-8aad-0b426355b764 05b46a4b62814694bb40aae9ef101d69 b8ef5feb1eae4409998f9eb67e7e335f - - - -] volume service is down. (host: rack02-server70@lvm-1)
2023-06-22 16:43:56.513 7 WARNING cinder.scheduler.host_manager [None req-037e87a8-d4be-4d78-aa15-d2e2d8770d59 8680a57f01284d869b45d1e5084114a1 144dd05bf53a496b97f663a767dc1883 - - - -] volume service is down. (host: rack02-server70@lvm-1)
2023-06-22 16:43:57.960 7 WARNING cinder.scheduler.host_manager [None req-8932ebf3-0782-464b-93fa-7be6b826d7cc 75ae0cdcf40d4e70814806a88a694daf 2c7500e120274d4288d98de147bb68c5 - - - -] volume service is down. (host: rack02-server70@lvm-1)
2023-06-22 16:43:58.827 7 WARNING cinder.scheduler.host_manager [None req-015b54b5-d875-4664-825a-d1026e52fae5 8680a57f01284d869b45d1e5084114a1 144dd05bf53a496b97f663a767dc1883 - - - -] volume service is down. (host: rack02-server70@lvm-1)
2023-06-22 16:44:04.142 7 WARNING cinder.scheduler.host_manager [None req-44888faa-c509-4813-91fd-901fb2fbcf6e d0570deece79440d8bfbf720435fd01f a0d1aa09ff6d42f7aa615e5c4197a668 - - - -] volume service is down. (host: rack02-server70@lvm-1)
2023-06-22 16:44:09.904 7 WARNING cinder.scheduler.host_manager [None req-088662ef-5091-441a-b9f2-9d0182b4cf1f 519c9de7050449e1bec9c9b35c67873e 6cd2d45752164bdba6b630f3697d93de - - - -] volume service is down. (host: rack02-server70@lvm-1)
2023-06-22 16:44:12.106 7 WARNING cinder.scheduler.host_manager [None req-3fab09de-0361-4aa1-8ddc-268e8f8e909f e3286c7db9274ea19df7c53f6e419f29 c0b0d54cbb35402e98502c58839127d5 - - - -] volume service is down. (host: rack02-server70@lvm-1)
2023-06-22 16:44:14.404 7 WARNING cinder.scheduler.host_manager [None req-12b5618c-7eaf-4f82-ba49-e2b2fbd0303b e3286c7db9274ea19df7c53f6e419f29 c0b0d54cbb35402e98502c58839127d5 - - - -] volume service is down. (host: rack02-server70@lvm-1)
2023-06-22 16:44:15.067 7 WARNING cinder.scheduler.host_manager [None req-4edf32b6-48fa-4291-95d4-3a42c9b3a184 d0570deece79440d8bfbf720435fd01f a0d1aa09ff6d42f7aa615e5c4197a668 - - - -] volume service is down. (host: rack02-server70@lvm-1)
2023-06-22 16:44:15.227 7 WARNING cinder.scheduler.host_manager [None req-70b87db8-27d8-43bd-8b37-bb39e682c7f8 663961adc44c49298a3b55924e84adb9 2885832aa6484066b40d8adad3958976 - - - -] volume service is down. (host: rack02-server70@lvm-1)
2023-06-22 16:44:25.337 7 WARNING cinder.scheduler.host_manager [None req-13a0b9fd-3e66-475c-a968-fdb5981a6cfa d9bfa8651ccf4c069603a7b9af0d02a5 cf4c924ff899481f84f3904d16e6143b - - - -] volume service is down. (host: rack02-server70@lvm-1)
2023-06-22 16:44:25.732 7 WARNING cinder.scheduler.host_manager [None req-c499f614-cd95-48ae-ba30-cc132095ec6e b2118eafe1944dc689b0cbcd51b41efe ff57e0b6c95e46e0a85b7ba058a8907c - - - -] volume service is down. (host: rack02-server70@lvm-1)
2023-06-22 16:44:27.472 7 WARNING cinder.scheduler.host_manager [None req-1f9b4228-a865-432d-8d4d-c8dd200ef75d 79c289a79d3d4b4e8c56d9875bb6cd1a 41ca91b80327462da0b159537ac00dba - - - -] volume service is down. (host: rack02-server70@lvm-1)
2023-06-22 16:44:27.940 7 WARNING cinder.scheduler.host_manager [None req-fc5dc664-f5ca-4d74-8176-a458c6b53acb d9bfa8651ccf4c069603a7b9af0d02a5 cf4c924ff899481f84f3904d16e6143b - - - -] volume service is down. (host: rack02-server70@lvm-1)
2023-06-22 16:44:28.021 7 WARNING cinder.scheduler.host_manager [None req-1244e7cb-881e-4bb8-82fc-194e81940dd1 b2118eafe1944dc689b0cbcd51b41efe ff57e0b6c95e46e0a85b7ba058a8907c - - - -] volume service is down. (host: rack02-server70@lvm-1)
2023-06-22 16:44:29.921 7 WARNING cinder.scheduler.host_manager [None req-b016faa5-f13e-4a85-bded-7d1d0c27f9ca 79c289a79d3d4b4e8c56d9875bb6cd1a 41ca91b80327462da0b159537ac00dba - - - -] volume service is down. (host: rack02-server70@lvm-1)
2023-06-22 16:44:30.167 7 WARNING cinder.scheduler.host_manager [None req-63a10322-a2f9-40bc-a8a9-fc50888d5f0d d9bfa8651ccf4c069603a7b9af0d02a5 cf4c924ff899481f84f3904d16e6143b - - - -] volume service is down. (host: rack02-server70@lvm-1)
2023-06-22 16:44:32.358 7 WARNING cinder.scheduler.host_manager [None req-10ad20f5-532d-47eb-aa19-f59a5ff4eff1 79c289a79d3d4b4e8c56d9875bb6cd1a 41ca91b80327462da0b159537ac00dba - - - -] volume service is down. (host: rack02-server70@lvm-1)
2023-06-22 16:44:33.698 7 WARNING cinder.scheduler.host_manager [None req-26b6cd79-9c6f-484f-b8e7-6a231d499fbc d9bfa8651ccf4c069603a7b9af0d02a5 cf4c924ff899481f84f3904d16e6143b - - - -] volume service is down. (host: rack02-server70@lvm-1)
2023-06-22 16:44:35.965 7 WARNING cinder.scheduler.host_manager [None req-0afdc767-7c25-458d-8bb1-6ff48f87245f d9bfa8651ccf4c069603a7b9af0d02a5 cf4c924ff899481f84f3904d16e6143b - - - -] volume service is down. (host: rack02-server70@lvm-1)
2023-06-22 16:44:38.378 7 WARNING cinder.scheduler.host_manager [None req-0e3abf32-0c45-44cd-ac6c-23cc0dde1d8c d9bfa8651ccf4c069603a7b9af0d02a5 cf4c924ff899481f84f3904d16e6143b - - - -] volume service is down. (host: rack02-server70@lvm-1)
2023-06-22 16:44:42.139 7 WARNING cinder.scheduler.host_manager [None req-8b04b525-2bbc-4258-8a1c-c358a6fe907d 23cb2fe487814057a074cccb7df0209e 2c5ceb7be92040bbb926d17f87f1c5f8 - - - -] volume service is down. (host: rack02-server70@lvm-1)
2023-06-22 16:44:43.288 7 WARNING cinder.scheduler.host_manager [None req-6e5b4b30-bc27-4962-9de4-6d59e925bb70 23091c2dbf7d47869521403bc1bc1fe4 953ad776f73448bd8dd6a4e5602b5cb2 - - - -] volume service is down. (host: rack02-server70@lvm-1)
2023-06-22 16:44:46.241 7 WARNING cinder.scheduler.host_manager [None req-39373777-6a49-4bc5-8cd2-1787014ce4cc c98b1044f0044250bb8657767eea9641 5686cb32796f43aeaedc26f613145bcd - - - -] volume service is down. (host: rack02-server70@lvm-1)
2023-06-22 16:44:56.689 7 WARNING cinder.scheduler.host_manager [None req-21e1325e-3819-42fd-bf38-62dd1d08bf61 fa450c70cebf406f868c2efcbc787560 47b42083d3cd4614a8da6ffc381779aa - - - -] volume service is down. (host: rack02-server70@lvm-1)
2023-06-22 16:44:58.101 7 WARNING cinder.scheduler.host_manager [None req-e83ea6c4-82e2-4031-8e17-1c7d5572fdc8 c98b1044f0044250bb8657767eea9641 5686cb32796f43aeaedc26f613145bcd - - - -] volume service is down. (host: rack02-server70@lvm-1)
2023-06-22 16:45:01.582 7 WARNING cinder.scheduler.host_manager [None req-3d1808e4-721d-43dd-a886-18fdf0ccfc93 c98b1044f0044250bb8657767eea9641 5686cb32796f43aeaedc26f613145bcd - - - -] volume service is down. (host: rack02-server70@lvm-1)
2023-06-22 16:45:02.092 7 WARNING cinder.scheduler.host_manager [None req-5a1ea6fd-c714-4a71-ab7f-31768fa3f8cf 274f79ff6a0e47e49fa7792eebfb9553 033486356bb348c99c46346ce51cdb7a - - - -] volume service is down. (host: rack02-server70@lvm-1)
2023-06-22 16:45:04.014 7 WARNING cinder.scheduler.host_manager [None req-e4dbb5db-72cd-4258-a744-c0a373050dc0 c98b1044f0044250bb8657767eea9641 5686cb32796f43aeaedc26f613145bcd - - - -] volume service is down. (host: rack02-server70@lvm-1)
2023-06-22 16:45:04.397 7 WARNING cinder.scheduler.host_manager [None req-335baecc-ffc1-4aee-bee0-5fab38ab5653 fa450c70cebf406f868c2efcbc787560 47b42083d3cd4614a8da6ffc381779aa - - - -] volume service is down. (host: rack02-server70@lvm-1)
2023-06-22 16:45:11.891 7 WARNING cinder.scheduler.host_manager [None req-71a1579a-ef5e-410b-898e-affd37f1c2bd 33f5265b69514aabb6e5d8c8df53eab8 2f47e3c00f0a4b618b985104b0bba13e - - - -] volume service is down. (host: rack02-server70@lvm-1)
2023-06-22 16:45:14.787 7 WARNING cinder.scheduler.host_manager [None req-d87cbfec-a0b2-44ca-bad9-0352310fdfab 6e7f3fe2583c41ceaeb0418dfef461de 18fa1565f5d440a0a640b92de6f00f3f - - - -] volume service is down. (host: rack02-server70@lvm-1)
2023-06-22 16:45:16.437 7 WARNING cinder.scheduler.host_manager [None req-3cc31318-4145-46d8-997f-8a40ff345cc1 33f5265b69514aabb6e5d8c8df53eab8 2f47e3c00f0a4b618b985104b0bba13e - - - -] volume service is down. (host: rack02-server70@lvm-1)
2023-06-22 16:45:17.405 7 WARNING cinder.scheduler.host_manager [None req-685c105e-9c37-4e6a-8e73-0dba7a1b80b7 6e7f3fe2583c41ceaeb0418dfef461de 18fa1565f5d440a0a640b92de6f00f3f - - - -] volume service is down. (host: rack02-server70@lvm-1)
2023-06-22 16:45:18.546 7 WARNING cinder.scheduler.host_manager [None req-16a27493-483b-46a1-b37c-a9c55b700702 fa450c70cebf406f868c2efcbc787560 47b42083d3cd4614a8da6ffc381779aa - - - -] volume service is down. (host: rack02-server70@lvm-1)
2023-06-22 16:45:20.780 7 WARNING cinder.scheduler.host_manager [None req-24b691a5-8d82-4caa-bb02-6dc0fbbf3baf fa450c70cebf406f868c2efcbc787560 47b42083d3cd4614a8da6ffc381779aa - - - -] volume service is down. (host: rack02-server70@lvm-1)
2023-06-22 16:45:22.080 7 WARNING cinder.scheduler.host_manager [None req-efeef8f4-e478-46ec-bcf8-9b0d30e0f452 6e7f3fe2583c41ceaeb0418dfef461de 18fa1565f5d440a0a640b92de6f00f3f - - - -] volume service is down. (host: rack02-server70@lvm-1)
2023-06-22 16:45:23.015 7 WARNING cinder.scheduler.host_manager [None req-5b7e8242-4705-46d7-b154-c9e222cf21ce fa450c70cebf406f868c2efcbc787560 47b42083d3cd4614a8da6ffc381779aa - - - -] volume service is down. (host: rack02-server70@lvm-1)
2023-06-22 16:45:23.658 7 WARNING cinder.scheduler.host_manager [None req-346b18b9-2b89-4a1e-be52-be286a5f67f1 0622bfd6e27f4fd19463d6d45e233f7f cd422202140540ae9fc8288a30b15c95 - - - -] volume service is down. (host: rack02-server70@lvm-1)
2023-06-22 16:45:24.530 7 WARNING cinder.scheduler.host_manager [None req-ebf11097-1ce8-4751-b5c7-b7194f72d905 6e7f3fe2583c41ceaeb0418dfef461de 18fa1565f5d440a0a640b92de6f00f3f - - - -] volume service is down. (host: rack02-server70@lvm-1)
2023-06-22 16:45:28.153 7 WARNING cinder.scheduler.host_manager [None req-61f18306-8e88-484e-b127-9236129b6037 6e7f3fe2583c41ceaeb0418dfef461de 18fa1565f5d440a0a640b92de6f00f3f - - - -] volume service is down. (host: rack02-server70@lvm-1)
2023-06-22 16:45:32.063 7 WARNING cinder.scheduler.host_manager [None req-c41fae14-fac0-4983-86f8-f9b2406a31ea fa450c70cebf406f868c2efcbc787560 47b42083d3cd4614a8da6ffc381779aa - - - -] volume service is down. (host: rack02-server70@lvm-1)
2023-06-22 16:45:32.917 7 WARNING cinder.scheduler.host_manager [None req-a2af71c1-fece-4819-b30e-744268fdf953 6e7f3fe2583c41ceaeb0418dfef461de 18fa1565f5d440a0a640b92de6f00f3f - - - -] volume service is down. (host: rack02-server70@lvm-1)
2023-06-22 16:45:35.495 7 WARNING cinder.scheduler.host_manager [None req-263fdb86-fb4b-44de-a0a9-1acc4a998503 fa450c70cebf406f868c2efcbc787560 47b42083d3cd4614a8da6ffc381779aa - - - -] volume service is down. (host: rack02-server70@lvm-1)
2023-06-22 16:45:44.842 7 WARNING cinder.scheduler.host_manager [None req-ba4a6c73-1520-4eb1-8936-de867a2902b9 fa450c70cebf406f868c2efcbc787560 47b42083d3cd4614a8da6ffc381779aa - - - -] volume service is down. (host: rack02-server70@lvm-1)
2023-06-22 16:45:45.046 7 WARNING cinder.scheduler.host_manager [None req-21f0278b-ebec-44c1-b416-7f62a939603b 6e7f3fe2583c41ceaeb0418dfef461de 18fa1565f5d440a0a640b92de6f00f3f - - - -] volume service is down. (host: rack02-server70@lvm-1)
2023-06-22 16:45:47.114 7 WARNING cinder.scheduler.host_manager [None req-91934ee8-111c-47b3-a186-28fdad2d15c8 fa450c70cebf406f868c2efcbc787560 47b42083d3cd4614a8da6ffc381779aa - - - -] volume service is down. (host: rack02-server70@lvm-1)
2023-06-22 16:45:54.421 7 WARNING cinder.scheduler.host_manager [None req-04679d0d-cc8b-4a29-b85a-c199b5afa93b 3c21219d2cff41aa8cee3ff2297fd7e2 6e0ff53e14cd4925ae75094783722736 - - - -] volume service is down. (host: rack02-server70@lvm-1)
2023-06-22 16:45:56.691 7 WARNING cinder.scheduler.host_manager [None req-831feb47-9786-44af-929d-004b7753f590 3c21219d2cff41aa8cee3ff2297fd7e2 6e0ff53e14cd4925ae75094783722736 - - - -] volume service is down. (host: rack02-server70@lvm-1)
2023-06-22 16:45:56.993 7 WARNING cinder.scheduler.host_manager [None req-b109f5ca-de89-42c0-af58-0e15ded1479c fa450c70cebf406f868c2efcbc787560 47b42083d3cd4614a8da6ffc381779aa - - - -] volume service is down. (host: rack02-server70@lvm-1)
2023-06-22 16:45:57.979 7 WARNING cinder.scheduler.host_manager [None req-5dd10477-075c-4dd2-8a72-d938b72fef13 959174191bfd4a2c8766207d5b6c4d01 611b825740564ea8af0dd86812306318 - - - -] volume service is down. (host: rack02-server70@lvm-1)
2023-06-22 16:45:59.255 7 WARNING cinder.scheduler.host_manager [None req-f03c1a91-384a-481d-b8ee-d74381a4b9ab fa450c70cebf406f868c2efcbc787560 47b42083d3cd4614a8da6ffc381779aa - - - -] volume service is down. (host: rack02-server70@lvm-1)
2023-06-22 16:46:01.695 7 WARNING cinder.scheduler.host_manager [None req-607ece57-8c54-4d3c-870a-54546b4725db fa450c70cebf406f868c2efcbc787560 47b42083d3cd4614a8da6ffc381779aa - - - -] volume service is down. (host: rack02-server70@lvm-1)
2023-06-22 16:46:05.099 7 WARNING cinder.scheduler.host_manager [None req-0d2c8669-3e50-45e7-a9a8-b21294a97db1 0d4258a8b89f4c8bbb989848029dafdb 57c17d8e19e6471e98ff892998db25a4 - - - -] volume service is down. (host: rack02-server70@lvm-1)
2023-06-22 16:46:05.263 7 WARNING cinder.scheduler.host_manager [None req-e8acd786-b3c7-4cef-a169-671137d3ed63 fa450c70cebf406f868c2efcbc787560 47b42083d3cd4614a8da6ffc381779aa - - - -] volume service is down. (host: rack02-server70@lvm-1)
2023-06-22 16:46:07.557 7 WARNING cinder.scheduler.host_manager [None req-d1e69c9b-2bdc-4198-bc8f-efbc36e513e7 fa450c70cebf406f868c2efcbc787560 47b42083d3cd4614a8da6ffc381779aa - - - -] volume service is down. (host: rack02-server70@lvm-1)
2023-06-22 16:46:10.017 7 WARNING cinder.scheduler.host_manager [None req-751d035c-dbdb-43ba-84df-f354000b3a02 fa450c70cebf406f868c2efcbc787560 47b42083d3cd4614a8da6ffc381779aa - - - -] volume service is down. (host: rack02-server70@lvm-1)
2023-06-22 16:46:16.831 7 WARNING cinder.scheduler.host_manager [None req-e2ecf951-08f6-4a9d-92fe-11e4bf77caf4 0d4258a8b89f4c8bbb989848029dafdb 57c17d8e19e6471e98ff892998db25a4 - - - -] volume service is down. (host: rack02-server70@lvm-1)
2023-06-22 16:46:18.246 7 WARNING cinder.scheduler.host_manager [None req-8e781ed4-9fc9-46be-8d94-9e4d9d492452 0d4258a8b89f4c8bbb989848029dafdb 57c17d8e19e6471e98ff892998db25a4 - - - -] volume service is down. (host: rack02-server70@lvm-1)
2023-06-22 16:46:20.524 7 WARNING cinder.scheduler.host_manager [None req-f7154d5d-6530-43eb-a220-deeb4c2335c0 0d4258a8b89f4c8bbb989848029dafdb 57c17d8e19e6471e98ff892998db25a4 - - - -] volume service is down. (host: rack02-server70@lvm-1)
2023-06-22 16:46:22.788 7 WARNING cinder.scheduler.host_manager [None req-7c7ccfa1-b3af-413f-8242-3b8c6bb6dafb 0d4258a8b89f4c8bbb989848029dafdb 57c17d8e19e6471e98ff892998db25a4 - - - -] volume service is down. (host: rack02-server70@lvm-1)
2023-06-22 16:46:30.495 7 WARNING cinder.scheduler.host_manager [None req-739e6c62-70f1-471c-85e7-ee0069b20ec5 53ce7e2ced2c48b991b9ab608d25b046 12adda30cc344475adee3ec15f9ac9e8 - - - -] volume service is down. (host: rack02-server70@lvm-1)
2023-06-22 16:46:32.780 7 WARNING cinder.scheduler.host_manager [None req-39d05d51-bd17-47a5-82ea-44e096c808d6 53ce7e2ced2c48b991b9ab608d25b046 12adda30cc344475adee3ec15f9ac9e8 - - - -] volume service is down. (host: rack02-server70@lvm-1)
2023-06-22 16:46:34.998 7 WARNING cinder.scheduler.host_manager [None req-5e41c4d0-6114-4307-b335-4951e50ca78c 53ce7e2ced2c48b991b9ab608d25b046 12adda30cc344475adee3ec15f9ac9e8 - - - -] volume service is down. (host: rack02-server70@lvm-1)
2023-06-22 16:46:37.268 7 WARNING cinder.scheduler.host_manager [None req-522e8014-0320-4a52-a944-580a88ce08cf 53ce7e2ced2c48b991b9ab608d25b046 12adda30cc344475adee3ec15f9ac9e8 - - - -] volume service is down. (host: rack02-server70@lvm-1)
2023-06-22 16:46:52.833 7 WARNING cinder.scheduler.host_manager [None req-f7505d94-6403-48c3-8fa6-95d2b119c7ff 840b7b08d38f4a57a4b7a34cf67678b1 152ad3e06d334d5185b1af82eac0003b - - - -] volume service is down. (host: rack02-server70@lvm-1)
2023-06-22 16:46:52.892 7 WARNING cinder.scheduler.host_manager [None req-8bcc5ed6-04ea-41aa-b447-3628d59d202c d4bb564cdfed4ceea0737b76ae1b9239 1944a53a18974aa1a0ad06918bf333b6 - - - -] volume service is down. (host: rack02-server70@lvm-1)
2023-06-22 16:46:52.963 7 WARNING cinder.scheduler.host_manager [None req-11bb11b9-8eb4-49e2-bc31-3643d32535c4 1ef9c882fa1c4d67a72a09b29db6bae8 75e5bbf8ff5b41d3916e55f71a5a3b99 - - - -] volume service is down. (host: rack02-server70@lvm-1)
2023-06-22 16:46:53.204 7 WARNING cinder.scheduler.host_manager [None req-d593ff10-fe34-4013-8289-a53b8205de27 1ef9c882fa1c4d67a72a09b29db6bae8 75e5bbf8ff5b41d3916e55f71a5a3b99 - - - -] volume service is down. (host: rack02-server70@lvm-1)
2023-06-22 16:46:53.580 7 WARNING cinder.scheduler.host_manager [None req-36288b18-67e0-4cba-aa73-72b6dd98475c 1ef9c882fa1c4d67a72a09b29db6bae8 75e5bbf8ff5b41d3916e55f71a5a3b99 - - - -] volume service is down. (host: rack02-server70@lvm-1)
2023-06-22 16:46:53.713 7 WARNING cinder.scheduler.host_manager [None req-ea19ebc5-b6bb-46a5-a8cf-108caa40d8c4 1ef9c882fa1c4d67a72a09b29db6bae8 75e5bbf8ff5b41d3916e55f71a5a3b99 - - - -] volume service is down. (host: rack02-server70@lvm-1)
2023-06-22 16:46:53.958 7 WARNING cinder.scheduler.host_manager [None req-b2d3d748-f826-43fc-a7f0-938df45845d8 1ef9c882fa1c4d67a72a09b29db6bae8 75e5bbf8ff5b41d3916e55f71a5a3b99 - - - -] volume service is down. (host: rack02-server70@lvm-1)
2023-06-22 16:46:55.124 7 WARNING cinder.scheduler.host_manager [None req-dbd69d5e-b04a-4c79-a95f-ff56e650b859 840b7b08d38f4a57a4b7a34cf67678b1 152ad3e06d334d5185b1af82eac0003b - - - -] volume service is down. (host: rack02-server70@lvm-1)
2023-06-22 16:46:55.298 7 WARNING cinder.scheduler.host_manager [None req-b51dae85-48d3-47ad-9be5-0a752907f891 d4bb564cdfed4ceea0737b76ae1b9239 1944a53a18974aa1a0ad06918bf333b6 - - - -] volume service is down. (host: rack02-server70@lvm-1)
2023-06-22 16:46:57.483 7 WARNING cinder.scheduler.host_manager [None req-66e26ea8-3d1a-4efa-8d49-8ca6f77215b2 840b7b08d38f4a57a4b7a34cf67678b1 152ad3e06d334d5185b1af82eac0003b - - - -] volume service is down. (host: rack02-server70@lvm-1)
2023-06-22 16:46:57.607 7 WARNING cinder.scheduler.host_manager [None req-ef38a6cb-39c4-4ce6-b927-a15800b354f7 d4bb564cdfed4ceea0737b76ae1b9239 1944a53a18974aa1a0ad06918bf333b6 - - - -] volume service is down. (host: rack02-server70@lvm-1)
2023-06-22 16:46:57.728 7 WARNING cinder.scheduler.host_manager [None req-1d88d722-f595-447f-943c-62f6d3b09d21 840b7b08d38f4a57a4b7a34cf67678b1 152ad3e06d334d5185b1af82eac0003b - - - -] volume service is down. (host: rack02-server70@lvm-1)
2023-06-22 16:46:57.964 7 WARNING cinder.scheduler.host_manager [None req-af31f22e-30be-4561-8e13-22ada1951470 840b7b08d38f4a57a4b7a34cf67678b1 152ad3e06d334d5185b1af82eac0003b - - - -] volume service is down. (host: rack02-server70@lvm-1)
2023-06-22 16:46:58.204 7 WARNING cinder.scheduler.host_manager [None req-9cec1955-e2c0-43a7-8fe0-c8f5296abb07 840b7b08d38f4a57a4b7a34cf67678b1 152ad3e06d334d5185b1af82eac0003b - - - -] volume service is down. (host: rack02-server70@lvm-1)
2023-06-22 16:46:58.449 7 WARNING cinder.scheduler.host_manager [None req-7afe9fd0-7172-4420-873a-c9d262f392fa 840b7b08d38f4a57a4b7a34cf67678b1 152ad3e06d334d5185b1af82eac0003b - - - -] volume service is down. (host: rack02-server70@lvm-1)
2023-06-22 16:47:05.099 7 WARNING cinder.scheduler.host_manager [None req-0a9da5f6-652b-46e1-b9d8-dc217f79a7f4 6592db744eac4a208162547cd90e3f74 20d4f03cbe80431a9b1eac87307ef7dd - - - -] volume service is down. (host: rack02-server70@lvm-1)
2023-06-22 16:47:07.515 7 WARNING cinder.scheduler.host_manager [None req-ce239b54-6ca2-41d2-9108-2e48288d2866 6592db744eac4a208162547cd90e3f74 20d4f03cbe80431a9b1eac87307ef7dd - - - -] volume service is down. (host: rack02-server70@lvm-1)
2023-06-22 16:47:07.776 7 WARNING cinder.scheduler.host_manager [None req-18ebfd48-5878-420d-b4f8-9d2727241263 6592db744eac4a208162547cd90e3f74 20d4f03cbe80431a9b1eac87307ef7dd - - - -] volume service is down. (host: rack02-server70@lvm-1)
2023-06-22 16:47:08.031 7 WARNING cinder.scheduler.host_manager [None req-ecfa628a-6a48-4154-a153-4ae9097699a9 6592db744eac4a208162547cd90e3f74 20d4f03cbe80431a9b1eac87307ef7dd - - - -] volume service is down. (host: rack02-server70@lvm-1)
2023-06-22 16:47:08.284 7 WARNING cinder.scheduler.host_manager [None req-5502435a-75e9-48f5-b02f-7b88ccc4b5c6 6592db744eac4a208162547cd90e3f74 20d4f03cbe80431a9b1eac87307ef7dd - - - -] volume service is down. (host: rack02-server70@lvm-1)
2023-06-22 16:47:08.532 7 WARNING cinder.scheduler.host_manager [None req-2a8f1fc6-bb13-41c1-8ee7-a168421d4b26 6592db744eac4a208162547cd90e3f74 20d4f03cbe80431a9b1eac87307ef7dd - - - -] volume service is down. (host: rack02-server70@lvm-1)
