Build Started 14_01_2025_15_02_50
2025-01-14 15:04:12.978 7 WARNING cinder.scheduler.host_manager [req-f3a2e811-b2ce-44eb-a301-45f25dbf42e5 req-09f1889e-5812-4433-8d42-5b13ae72fde1 ae8039cf28b2451c8971e8b48825495b 8c1227a2a8ef4a30829a3daaacb854b9 - - - -] volume service is down. (host: rack13-server67@lvm-1)
2025-01-14 15:04:13.324 7 WARNING cinder.scheduler.host_manager [None req-8397611b-b7e9-4b33-8a5f-856cf7b00e7d b4c14d4302bb4dc3936ad5166133f779 7f5cf95c5e5c46b1ba413b0a21108e90 - - - -] volume service is down. (host: rack13-server67@lvm-1)
2025-01-14 15:04:14.446 7 WARNING cinder.scheduler.host_manager [None req-00d8cd86-1a71-4d61-94d2-7b59c261e7f0 fe2738350d654195b6d31e6bad49e8d7 b84e48a55cd24d91830bbfbd9d9c13d2 - - - -] volume service is down. (host: rack13-server67@lvm-1)
2025-01-14 15:04:14.969 7 WARNING cinder.scheduler.host_manager [None req-bc6075a2-c9f8-4dc9-a26e-6c51308bc51c fe2738350d654195b6d31e6bad49e8d7 b84e48a55cd24d91830bbfbd9d9c13d2 - - - -] volume service is down. (host: rack13-server67@lvm-1)
2025-01-14 15:04:15.439 7 WARNING cinder.scheduler.host_manager [req-debd4ae4-6815-4eec-be0c-434ae02f0acf req-d11d45b1-8984-475d-8ef6-6013ec299676 ae8039cf28b2451c8971e8b48825495b 8c1227a2a8ef4a30829a3daaacb854b9 - - - -] volume service is down. (host: rack13-server67@lvm-1)
2025-01-14 15:04:15.956 7 WARNING cinder.scheduler.host_manager [None req-05a99fa1-8f07-486c-bb47-caad51063ff4 b4c14d4302bb4dc3936ad5166133f779 7f5cf95c5e5c46b1ba413b0a21108e90 - - - -] volume service is down. (host: rack13-server67@lvm-1)
2025-01-14 15:04:18.575 7 WARNING cinder.scheduler.host_manager [None req-d03fc4a0-8057-4f87-a4ca-7d6e6e09651e b4c14d4302bb4dc3936ad5166133f779 7f5cf95c5e5c46b1ba413b0a21108e90 - - - -] volume service is down. (host: rack13-server67@lvm-1)
2025-01-14 15:04:22.634 7 WARNING cinder.scheduler.host_manager [None req-56cef8d7-0da2-4834-9ce3-dab8ab57b7c9 46fefb98b1e14e628b32f57a826175d4 4c5395eb51544efd8f7086168f8e6bd6 - - - -] volume service is down. (host: rack13-server67@lvm-1)
2025-01-14 15:04:22.643 7 WARNING cinder.scheduler.host_manager [None req-56cef8d7-0da2-4834-9ce3-dab8ab57b7c9 46fefb98b1e14e628b32f57a826175d4 4c5395eb51544efd8f7086168f8e6bd6 - - - -] volume service is down. (host: rack13-server67@lvm-1)
2025-01-14 15:04:22.894 7 WARNING cinder.scheduler.host_manager [req-65d52b6f-a47f-423b-b01f-c7671f2e1c95 req-7ae8f63c-4e12-4895-8518-2e276509f643 d84d871312fa4d5e9ae2997feb8132bf 0528f68f6bbb409fae77c3e19cee4df0 - - - -] volume service is down. (host: rack13-server67@lvm-1)
2025-01-14 15:04:24.374 7 WARNING cinder.scheduler.host_manager [None req-42757fb5-b6ab-49d5-b834-18ad5651427c 46fefb98b1e14e628b32f57a826175d4 4c5395eb51544efd8f7086168f8e6bd6 - - - -] volume service is down. (host: rack13-server67@lvm-1)
2025-01-14 15:04:35.199 7 WARNING cinder.scheduler.host_manager [None req-6506ab1e-d177-40b8-b855-81b87411d22a cb45c92aa8be4cdd89286c4ec07c266c c60c48b94c7c4d4087281cbcb83362a7 - - - -] volume service is down. (host: rack13-server67@lvm-1)
2025-01-14 15:04:35.208 7 WARNING cinder.scheduler.host_manager [None req-6506ab1e-d177-40b8-b855-81b87411d22a cb45c92aa8be4cdd89286c4ec07c266c c60c48b94c7c4d4087281cbcb83362a7 - - - -] volume service is down. (host: rack13-server67@lvm-1)
2025-01-14 15:04:35.895 7 WARNING cinder.scheduler.host_manager [None req-3e4617e8-7f76-4a12-a1cc-a5bda4cbafe9 9df87754b0d041e78d52d1eb85bde54b fcae37f71e3a40ac8a9eae9a94442999 - - - -] volume service is down. (host: rack13-server67@lvm-1)
2025-01-14 15:04:35.904 7 WARNING cinder.scheduler.host_manager [None req-3e4617e8-7f76-4a12-a1cc-a5bda4cbafe9 9df87754b0d041e78d52d1eb85bde54b fcae37f71e3a40ac8a9eae9a94442999 - - - -] volume service is down. (host: rack13-server67@lvm-1)
2025-01-14 15:04:36.916 7 WARNING cinder.scheduler.host_manager [None req-3fbae05f-b1d5-4d9b-87db-40d49ec5fd80 cb45c92aa8be4cdd89286c4ec07c266c c60c48b94c7c4d4087281cbcb83362a7 - - - -] volume service is down. (host: rack13-server67@lvm-1)
2025-01-14 15:04:37.411 7 WARNING cinder.scheduler.host_manager [None req-d546549e-b8a2-425f-9f07-7d3d226cfb40 2ebbfde5fd064d04bff42263a302ab2d 896d80780630452f9f6024c80dad88d8 - - - -] volume service is down. (host: rack13-server67@lvm-1)
2025-01-14 15:04:37.439 7 WARNING cinder.scheduler.host_manager [None req-1bb5347c-7e51-4703-ac01-91c2eec4a060 9df87754b0d041e78d52d1eb85bde54b fcae37f71e3a40ac8a9eae9a94442999 - - - -] volume service is down. (host: rack13-server67@lvm-1)
2025-01-14 15:04:39.786 7 WARNING cinder.scheduler.host_manager [None req-0d360ca8-7c9f-4840-b824-d5b26c8ab268 2ebbfde5fd064d04bff42263a302ab2d 896d80780630452f9f6024c80dad88d8 - - - -] volume service is down. (host: rack13-server67@lvm-1)
2025-01-14 15:04:40.184 7 WARNING cinder.scheduler.host_manager [None req-2a042f4c-8b28-479a-8a90-bb8b252ca5bb 9df87754b0d041e78d52d1eb85bde54b fcae37f71e3a40ac8a9eae9a94442999 - - - -] volume service is down. (host: rack13-server67@lvm-1)
2025-01-14 15:04:41.502 7 WARNING cinder.scheduler.host_manager [None req-38f3179f-a32e-4fac-8193-90a3eadcba53 cb45c92aa8be4cdd89286c4ec07c266c c60c48b94c7c4d4087281cbcb83362a7 - - - -] volume service is down. (host: rack13-server67@lvm-1)
2025-01-14 15:04:42.409 7 WARNING cinder.scheduler.host_manager [None req-7b6ab7d4-238c-4a1c-9d23-923f82ca2572 2ebbfde5fd064d04bff42263a302ab2d 896d80780630452f9f6024c80dad88d8 - - - -] volume service is down. (host: rack13-server67@lvm-1)
2025-01-14 15:04:46.079 7 WARNING cinder.scheduler.host_manager [None req-9768d8c3-58ab-4e3f-94e9-3d5a8f33cda9 2ebbfde5fd064d04bff42263a302ab2d 896d80780630452f9f6024c80dad88d8 - - - -] volume service is down. (host: rack13-server67@lvm-1)
2025-01-14 15:04:49.021 7 WARNING cinder.scheduler.host_manager [None req-fbfbf948-06ac-422c-8fee-1555af38e103 cb45c92aa8be4cdd89286c4ec07c266c c60c48b94c7c4d4087281cbcb83362a7 - - - -] volume service is down. (host: rack13-server67@lvm-1)
2025-01-14 15:04:49.030 7 WARNING cinder.scheduler.host_manager [None req-fbfbf948-06ac-422c-8fee-1555af38e103 cb45c92aa8be4cdd89286c4ec07c266c c60c48b94c7c4d4087281cbcb83362a7 - - - -] volume service is down. (host: rack13-server67@lvm-1)
2025-01-14 15:04:49.772 7 WARNING cinder.scheduler.host_manager [None req-8d85799e-e3fe-41ec-b68a-3db93f21f489 2ebbfde5fd064d04bff42263a302ab2d 896d80780630452f9f6024c80dad88d8 - - - -] volume service is down. (host: rack13-server67@lvm-1)
2025-01-14 15:04:50.459 7 WARNING cinder.scheduler.host_manager [None req-b739ad29-2a77-4bb7-8007-bc22f113137a cb45c92aa8be4cdd89286c4ec07c266c c60c48b94c7c4d4087281cbcb83362a7 - - - -] volume service is down. (host: rack13-server67@lvm-1)
2025-01-14 15:04:53.045 7 WARNING cinder.scheduler.host_manager [None req-1377cfae-1f2f-4dde-b016-604ea579b4a3 cb45c92aa8be4cdd89286c4ec07c266c c60c48b94c7c4d4087281cbcb83362a7 - - - -] volume service is down. (host: rack13-server67@lvm-1)
2025-01-14 15:04:53.189 7 WARNING cinder.scheduler.host_manager [None req-d4d197b5-4ff9-4684-be3b-86f9afe17ed5 29b258998d1e47b2a47e55efcf7056f2 4ca236a78e3c49439eaf2276ffe98aa6 - - - -] volume service is down. (host: rack13-server67@lvm-1)
2025-01-14 15:04:53.197 7 WARNING cinder.scheduler.host_manager [None req-d4d197b5-4ff9-4684-be3b-86f9afe17ed5 29b258998d1e47b2a47e55efcf7056f2 4ca236a78e3c49439eaf2276ffe98aa6 - - - -] volume service is down. (host: rack13-server67@lvm-1)
2025-01-14 15:04:53.390 7 WARNING cinder.scheduler.host_manager [None req-d4a2aad9-b40a-4a31-9a3f-0a30208cbf2e 2ebbfde5fd064d04bff42263a302ab2d 896d80780630452f9f6024c80dad88d8 - - - -] volume service is down. (host: rack13-server67@lvm-1)
2025-01-14 15:05:05.474 7 WARNING cinder.scheduler.host_manager [None req-e8ce8183-7798-45ed-9dd6-bd885e88ec04 5877b2ccca2745028870972434342214 0aa2ebb13a0748209f12b5e221f5e195 - - - -] volume service is down. (host: rack13-server67@lvm-1)
2025-01-14 15:05:06.340 7 WARNING cinder.scheduler.host_manager [None req-d55a729c-91e2-4965-b2ec-dd120e4dd12d cb45c92aa8be4cdd89286c4ec07c266c c60c48b94c7c4d4087281cbcb83362a7 - - - -] volume service is down. (host: rack13-server67@lvm-1)
2025-01-14 15:05:06.348 7 WARNING cinder.scheduler.host_manager [None req-d55a729c-91e2-4965-b2ec-dd120e4dd12d cb45c92aa8be4cdd89286c4ec07c266c c60c48b94c7c4d4087281cbcb83362a7 - - - -] volume service is down. (host: rack13-server67@lvm-1)
2025-01-14 15:05:07.766 7 WARNING cinder.scheduler.host_manager [None req-7d37fc11-c8b5-47e5-90ed-e5ee226b2655 cb45c92aa8be4cdd89286c4ec07c266c c60c48b94c7c4d4087281cbcb83362a7 - - - -] volume service is down. (host: rack13-server67@lvm-1)
2025-01-14 15:05:08.512 7 WARNING cinder.scheduler.host_manager [None req-84832a6f-f2e1-490f-a4ad-23da1cf0c1a6 f9d0722a840e49fd89bcf4131eaf0324 90715ab1edce42faa5d906c4453ffc6f - - - -] volume service is down. (host: rack13-server67@lvm-1)
2025-01-14 15:05:08.513 7 INFO cinder.scheduler.base_filter [None req-84832a6f-f2e1-490f-a4ad-23da1cf0c1a6 f9d0722a840e49fd89bcf4131eaf0324 90715ab1edce42faa5d906c4453ffc6f - - - -] Filtering removed all hosts for the request with volume ID '83a011f0-8f0b-4fa4-8e96-1dac16b958cc'. Filter results: AvailabilityZoneFilter: (start: 1, end: 1), CapacityFilter: (start: 1, end: 1), CapabilitiesFilter: (start: 1, end: 0)
2025-01-14 15:05:08.514 7 WARNING cinder.scheduler.filter_scheduler [None req-84832a6f-f2e1-490f-a4ad-23da1cf0c1a6 f9d0722a840e49fd89bcf4131eaf0324 90715ab1edce42faa5d906c4453ffc6f - - - -] No weighed backend found for volume with properties: {'id': 'b0e83451-acad-4b51-a77f-b7db3409210f', 'name': 'tempest-UserMessagesTest-volume-type-1968842941', 'description': None, 'is_public': True, 'projects': [], 'extra_specs': {'storage_protocol': 'tempest-storage_protocol-33313691', 'vendor_name': 'tempest-vendor_name-2077568015'}, 'qos_specs_id': None, 'created_at': '2025-01-14T15:05:07.000000', 'updated_at': None, 'deleted_at': None, 'deleted': False}
2025-01-14 15:05:08.515 7 INFO cinder.message.api [None req-84832a6f-f2e1-490f-a4ad-23da1cf0c1a6 f9d0722a840e49fd89bcf4131eaf0324 90715ab1edce42faa5d906c4453ffc6f - - - -] Creating message record for request_id = req-84832a6f-f2e1-490f-a4ad-23da1cf0c1a6
2025-01-14 15:05:08.521 7 ERROR cinder.scheduler.flows.create_volume [None req-84832a6f-f2e1-490f-a4ad-23da1cf0c1a6 f9d0722a840e49fd89bcf4131eaf0324 90715ab1edce42faa5d906c4453ffc6f - - - -] Failed to run task cinder.scheduler.flows.create_volume.ScheduleCreateVolumeTask;volume:create: No valid backend was found. No weighed backends available: cinder.exception.NoValidBackend: No valid backend was found. No weighed backends available
2025-01-14 15:05:10.377 7 WARNING cinder.scheduler.host_manager [None req-0c6ecd3c-6c6e-4b03-90c9-5e34600ed5e0 f9d0722a840e49fd89bcf4131eaf0324 90715ab1edce42faa5d906c4453ffc6f - - - -] volume service is down. (host: rack13-server67@lvm-1)
2025-01-14 15:05:10.378 7 INFO cinder.scheduler.base_filter [None req-0c6ecd3c-6c6e-4b03-90c9-5e34600ed5e0 f9d0722a840e49fd89bcf4131eaf0324 90715ab1edce42faa5d906c4453ffc6f - - - -] Filtering removed all hosts for the request with volume ID 'f7b59ae9-2e29-4c3f-9e70-9350187fe791'. Filter results: AvailabilityZoneFilter: (start: 1, end: 1), CapacityFilter: (start: 1, end: 1), CapabilitiesFilter: (start: 1, end: 0)
2025-01-14 15:05:10.378 7 WARNING cinder.scheduler.filter_scheduler [None req-0c6ecd3c-6c6e-4b03-90c9-5e34600ed5e0 f9d0722a840e49fd89bcf4131eaf0324 90715ab1edce42faa5d906c4453ffc6f - - - -] No weighed backend found for volume with properties: {'id': '05b930cd-9ce9-4045-99cf-a3b3eff33610', 'name': 'tempest-UserMessagesTest-volume-type-228582485', 'description': None, 'is_public': True, 'projects': [], 'extra_specs': {'storage_protocol': 'tempest-storage_protocol-934990576', 'vendor_name': 'tempest-vendor_name-1223680258'}, 'qos_specs_id': None, 'created_at': '2025-01-14T15:05:10.000000', 'updated_at': None, 'deleted_at': None, 'deleted': False}
2025-01-14 15:05:10.379 7 INFO cinder.message.api [None req-0c6ecd3c-6c6e-4b03-90c9-5e34600ed5e0 f9d0722a840e49fd89bcf4131eaf0324 90715ab1edce42faa5d906c4453ffc6f - - - -] Creating message record for request_id = req-0c6ecd3c-6c6e-4b03-90c9-5e34600ed5e0
2025-01-14 15:05:10.385 7 ERROR cinder.scheduler.flows.create_volume [None req-0c6ecd3c-6c6e-4b03-90c9-5e34600ed5e0 f9d0722a840e49fd89bcf4131eaf0324 90715ab1edce42faa5d906c4453ffc6f - - - -] Failed to run task cinder.scheduler.flows.create_volume.ScheduleCreateVolumeTask;volume:create: No valid backend was found. No weighed backends available: cinder.exception.NoValidBackend: No valid backend was found. No weighed backends available
2025-01-14 15:05:18.210 7 WARNING cinder.scheduler.host_manager [None req-8d0e463b-c94b-4b94-a54e-564dc146ddd1 891e92869b98497e8d92f5f92c985d5b 9a91f8f9cfb74ff5bc55db8612cce5ad - - - -] volume service is down. (host: rack13-server67@lvm-1)
2025-01-14 15:05:27.042 7 WARNING cinder.scheduler.host_manager [None req-483adce0-5072-47b0-a6ab-4ac18ca582cd 8ce7bfcfee7e4bf78b5dc6156cdf7114 4c7c588c33324d328343942474c34187 - - - -] volume service is down. (host: rack13-server67@lvm-1)
2025-01-14 15:05:27.050 7 WARNING cinder.scheduler.host_manager [None req-483adce0-5072-47b0-a6ab-4ac18ca582cd 8ce7bfcfee7e4bf78b5dc6156cdf7114 4c7c588c33324d328343942474c34187 - - - -] volume service is down. (host: rack13-server67@lvm-1)
2025-01-14 15:05:28.273 7 WARNING cinder.scheduler.host_manager [None req-cd9b4183-f1b6-4da4-8b1d-9baee4ec4da9 8ce7bfcfee7e4bf78b5dc6156cdf7114 4c7c588c33324d328343942474c34187 - - - -] volume service is down. (host: rack13-server67@lvm-1)
2025-01-14 15:05:28.281 7 WARNING cinder.scheduler.host_manager [None req-cd9b4183-f1b6-4da4-8b1d-9baee4ec4da9 8ce7bfcfee7e4bf78b5dc6156cdf7114 4c7c588c33324d328343942474c34187 - - - -] volume service is down. (host: rack13-server67@lvm-1)
2025-01-14 15:05:29.154 7 WARNING cinder.scheduler.host_manager [None req-215dcf98-f6c1-42e0-ac6f-f6de7db2d084 8303423edc53476daaf6717d16c9ad5d 6d325fde7276450483fa496aabdcf54f - - - -] volume service is down. (host: rack13-server67@lvm-1)
2025-01-14 15:05:29.783 7 WARNING cinder.scheduler.host_manager [None req-d035ba1e-8325-4d62-a99d-c0e4ad79f8ec 8ce7bfcfee7e4bf78b5dc6156cdf7114 4c7c588c33324d328343942474c34187 - - - -] volume service is down. (host: rack13-server67@lvm-1)
2025-01-14 15:05:31.654 7 WARNING cinder.scheduler.host_manager [None req-07bf6e90-c2bb-432e-9fd9-8c6e1e030c8c 8303423edc53476daaf6717d16c9ad5d 6d325fde7276450483fa496aabdcf54f - - - -] volume service is down. (host: rack13-server67@lvm-1)
2025-01-14 15:05:33.569 7 WARNING cinder.scheduler.host_manager [None req-6fd8d3b9-64a1-4760-8d88-1e0b6edf36dd 78fd599dca994e8cbccf58c65bc1b4f1 bd57b4031cbb47b9b33ffe06d2348834 - - - -] volume service is down. (host: rack13-server67@lvm-1)
2025-01-14 15:05:35.185 7 WARNING cinder.scheduler.host_manager [None req-7a2e0162-97ae-45c4-83c6-17a6907044c8 8ce7bfcfee7e4bf78b5dc6156cdf7114 4c7c588c33324d328343942474c34187 - - - -] volume service is down. (host: rack13-server67@lvm-1)
2025-01-14 15:05:35.193 7 WARNING cinder.scheduler.host_manager [None req-7a2e0162-97ae-45c4-83c6-17a6907044c8 8ce7bfcfee7e4bf78b5dc6156cdf7114 4c7c588c33324d328343942474c34187 - - - -] volume service is down. (host: rack13-server67@lvm-1)
2025-01-14 15:05:36.127 7 WARNING cinder.scheduler.host_manager [None req-10d128aa-7ea7-46f7-a882-bc092ae4fb25 78fd599dca994e8cbccf58c65bc1b4f1 bd57b4031cbb47b9b33ffe06d2348834 - - - -] volume service is down. (host: rack13-server67@lvm-1)
2025-01-14 15:05:36.640 7 WARNING cinder.scheduler.host_manager [None req-12034c42-3f5d-4831-8c8b-5201cf44ed6c 8ce7bfcfee7e4bf78b5dc6156cdf7114 4c7c588c33324d328343942474c34187 - - - -] volume service is down. (host: rack13-server67@lvm-1)
2025-01-14 15:05:38.679 7 WARNING cinder.scheduler.host_manager [None req-6bb1cde8-b83d-4fad-bce9-15f9929ec472 78fd599dca994e8cbccf58c65bc1b4f1 bd57b4031cbb47b9b33ffe06d2348834 - - - -] volume service is down. (host: rack13-server67@lvm-1)
2025-01-14 15:05:39.478 7 WARNING cinder.scheduler.host_manager [None req-3c9ed03d-c0d3-44cd-bbbe-a44e908d1834 8ce7bfcfee7e4bf78b5dc6156cdf7114 4c7c588c33324d328343942474c34187 - - - -] volume service is down. (host: rack13-server67@lvm-1)
2025-01-14 15:05:40.583 7 WARNING cinder.scheduler.host_manager [None req-57069175-182a-4d2d-85b2-2a96a499d5c4 9d79ec3e305540858c39647ae51cd39a ff32c2e0ba11457ab6d2c6e577dbd1d0 - - - -] volume service is down. (host: rack13-server67@lvm-1)
2025-01-14 15:05:41.329 7 WARNING cinder.scheduler.host_manager [None req-3e0efe18-9a37-4245-a7b4-e801172834b0 f99771a3a6ed4916b6f4ebc90db05d1e fcfc8ba698964c6caf48f7073edcb152 - - - -] volume service is down. (host: rack13-server67@lvm-1)
2025-01-14 15:05:42.940 7 WARNING cinder.scheduler.host_manager [None req-5dd3f0fa-12fb-493b-bbc2-e253dbaf05fd 9d79ec3e305540858c39647ae51cd39a ff32c2e0ba11457ab6d2c6e577dbd1d0 - - - -] volume service is down. (host: rack13-server67@lvm-1)
2025-01-14 15:05:54.512 7 WARNING cinder.scheduler.host_manager [None req-fa504e7b-0714-4103-9442-deed8ccce3bf 0fcb4cbde793427b87b02f82abf43aff e3c95089dbd64ace9e1460c47d06b4cd - - - -] volume service is down. (host: rack13-server67@lvm-1)
2025-01-14 15:05:56.845 7 WARNING cinder.scheduler.host_manager [None req-21ef49bc-a904-4a7c-ab6b-788c28a05699 c8c68569668c4d6a9d883ef9a125ce5b a1200d989ca5447b831b1cca31c43e33 - - - -] volume service is down. (host: rack13-server67@lvm-1)
2025-01-14 15:05:58.351 7 WARNING cinder.scheduler.host_manager [None req-52ecb5e2-bd93-4362-b506-9ad660543d9c f286858a1c0e465b8d608cc9338b2dc1 5bd6e080bba843e78fbf0b3c82dafe4b - - - -] volume service is down. (host: rack13-server67@lvm-1)
2025-01-14 15:06:00.710 7 WARNING cinder.scheduler.host_manager [None req-2aacb3cf-74a5-472d-8abd-e9abd8ce4116 f286858a1c0e465b8d608cc9338b2dc1 5bd6e080bba843e78fbf0b3c82dafe4b - - - -] volume service is down. (host: rack13-server67@lvm-1)
2025-01-14 15:06:11.017 7 WARNING cinder.scheduler.host_manager [None req-44363205-9b7d-4f3d-81ee-5588b9c52a61 45cd782f384e434bb4464476a1dc5268 3da4f1d342024ec3855800daaec970b3 - - - -] volume service is down. (host: rack13-server67@lvm-1)
2025-01-14 15:06:12.752 7 WARNING cinder.scheduler.host_manager [None req-ca5fe8c2-6b97-4c79-9f50-17506621739b dd5a14fa2594428b9c75f7912a6cca1f 0350360d32714b6faca66cdf3bc2d53b - - - -] volume service is down. (host: rack13-server67@lvm-1)
2025-01-14 15:06:14.155 7 WARNING cinder.scheduler.host_manager [None req-25db3aeb-100b-492d-abf7-560c621b6938 a0a4e4a39d40498ab6fd3658225f024d 417e83c773434e00ad4cf2ac620a7532 - - - -] volume service is down. (host: rack13-server67@lvm-1)
2025-01-14 15:06:15.081 7 WARNING cinder.scheduler.host_manager [None req-4942b99f-e1ce-4a7e-aa78-333a5ef08666 dd5a14fa2594428b9c75f7912a6cca1f 0350360d32714b6faca66cdf3bc2d53b - - - -] volume service is down. (host: rack13-server67@lvm-1)
2025-01-14 15:06:17.395 7 WARNING cinder.scheduler.host_manager [None req-5c343955-14a7-4d93-8573-d84e9ba7a034 dd5a14fa2594428b9c75f7912a6cca1f 0350360d32714b6faca66cdf3bc2d53b - - - -] volume service is down. (host: rack13-server67@lvm-1)
2025-01-14 15:06:17.973 7 WARNING cinder.scheduler.host_manager [None req-1709d9ce-35a4-4173-aaad-672077b5486e a0a4e4a39d40498ab6fd3658225f024d 417e83c773434e00ad4cf2ac620a7532 - - - -] volume service is down. (host: rack13-server67@lvm-1)
2025-01-14 15:06:21.134 7 WARNING cinder.scheduler.host_manager [None req-f3bee601-42e2-43cd-ac90-ca5a3603c855 dd5a14fa2594428b9c75f7912a6cca1f 0350360d32714b6faca66cdf3bc2d53b - - - -] volume service is down. (host: rack13-server67@lvm-1)
2025-01-14 15:06:21.627 7 WARNING cinder.scheduler.host_manager [None req-46d7b65f-6fca-4e4b-910d-b874350fbb1c c4d4e81bb29e473b9890b32fa757858e 0428fd13e51b4ce592cefbd019bbc12a - - - -] volume service is down. (host: rack13-server67@lvm-1)
2025-01-14 15:06:23.516 7 WARNING cinder.scheduler.host_manager [None req-349bfa6b-e5bd-454d-a4eb-3bb09eef147d dd5a14fa2594428b9c75f7912a6cca1f 0350360d32714b6faca66cdf3bc2d53b - - - -] volume service is down. (host: rack13-server67@lvm-1)
2025-01-14 15:06:26.004 7 WARNING cinder.scheduler.host_manager [None req-018c946f-178d-405d-aebe-9cb632f1c1aa dd5a14fa2594428b9c75f7912a6cca1f 0350360d32714b6faca66cdf3bc2d53b - - - -] volume service is down. (host: rack13-server67@lvm-1)
2025-01-14 15:06:27.108 7 WARNING cinder.scheduler.host_manager [None req-07b7aac4-8c25-42eb-9a29-4051f69ffdac c4d4e81bb29e473b9890b32fa757858e 0428fd13e51b4ce592cefbd019bbc12a - - - -] volume service is down. (host: rack13-server67@lvm-1)
2025-01-14 15:06:34.393 7 WARNING cinder.scheduler.host_manager [None req-347e3e72-4e6e-44b0-ba9b-daf837faab80 1e93891402c6479cb3c0ff26c918a250 e10073a5ab2145e7b7eb645a2e8a9763 - - - -] volume service is down. (host: rack13-server67@lvm-1)
2025-01-14 15:06:37.802 7 WARNING cinder.scheduler.host_manager [None req-5113a4b9-2e0a-4bd1-8e92-d3bd1c602998 55d43cbea742491a9bbd0d0b14524600 a5c666e01e68441db352f8e53e3a4587 - - - -] volume service is down. (host: rack13-server67@lvm-1)
2025-01-14 15:06:43.156 7 WARNING cinder.scheduler.host_manager [None req-cd03d060-abcf-4e87-bda5-6c610a91aafc 1e93891402c6479cb3c0ff26c918a250 e10073a5ab2145e7b7eb645a2e8a9763 - - - -] volume service is down. (host: rack13-server67@lvm-1)
2025-01-14 15:06:43.614 7 WARNING cinder.scheduler.host_manager [None req-173cf891-af97-4b2c-8bbe-76939f28f644 55d43cbea742491a9bbd0d0b14524600 a5c666e01e68441db352f8e53e3a4587 - - - -] volume service is down. (host: rack13-server67@lvm-1)
2025-01-14 15:06:45.413 7 WARNING cinder.scheduler.host_manager [None req-5ec8c05d-7e74-436a-9c87-6e77fb1065f5 2ec609dbffee489c8a92dd687e911819 f69a9e6234764293b09c69355a225c3d - - - -] volume service is down. (host: rack13-server67@lvm-1)
2025-01-14 15:06:46.016 7 WARNING cinder.scheduler.host_manager [None req-68d33689-249e-4cd3-aca1-eee64724ccd0 1e93891402c6479cb3c0ff26c918a250 e10073a5ab2145e7b7eb645a2e8a9763 - - - -] volume service is down. (host: rack13-server67@lvm-1)
2025-01-14 15:06:48.371 7 WARNING cinder.scheduler.host_manager [None req-e1bd8070-7f42-4b76-a7f3-2b67d8cde4e6 1e93891402c6479cb3c0ff26c918a250 e10073a5ab2145e7b7eb645a2e8a9763 - - - -] volume service is down. (host: rack13-server67@lvm-1)
2025-01-14 15:06:50.678 7 WARNING cinder.scheduler.host_manager [None req-040dc614-2f71-47ac-b1d3-48bb57f099d4 1e93891402c6479cb3c0ff26c918a250 e10073a5ab2145e7b7eb645a2e8a9763 - - - -] volume service is down. (host: rack13-server67@lvm-1)
2025-01-14 15:06:51.707 7 WARNING cinder.scheduler.host_manager [None req-1b25c969-a0fe-42f3-a02d-34eeac4a6ff7 b761c237c5e341589ec970a4c14fb777 5a6a455925ac40fea5cc737030093358 - - - -] volume service is down. (host: rack13-server67@lvm-1)
2025-01-14 15:06:56.185 7 WARNING cinder.scheduler.host_manager [None req-1cb31aca-79ce-4e37-a6e1-fedb6c26fffa 40c3d52a57ec48cba3ff04665afa053f 93daf37c51d0475aa990b3b28319ae19 - - - -] volume service is down. (host: rack13-server67@lvm-1)
2025-01-14 15:06:57.623 7 WARNING cinder.scheduler.host_manager [None req-be178527-0211-42f8-a5c1-1a387b0ac24a 36f966fea7fc4e1eae70bbacaa438453 87e6c8bd117e4cba8e5db51b00f4a9b8 - - - -] volume service is down. (host: rack13-server67@lvm-1)
2025-01-14 15:07:00.424 7 WARNING cinder.scheduler.host_manager [None req-ba777f68-8785-4198-83e1-da6183fc6bc8 36f966fea7fc4e1eae70bbacaa438453 87e6c8bd117e4cba8e5db51b00f4a9b8 - - - -] volume service is down. (host: rack13-server67@lvm-1)
2025-01-14 15:07:00.659 7 WARNING cinder.scheduler.host_manager [None req-b1235d07-b887-48a4-bc9f-12a6ebf87f8b b761c237c5e341589ec970a4c14fb777 5a6a455925ac40fea5cc737030093358 - - - -] volume service is down. (host: rack13-server67@lvm-1)
2025-01-14 15:07:01.727 7 WARNING cinder.scheduler.host_manager [None req-86cafda0-6764-479c-b486-51f739a5ce50 40c3d52a57ec48cba3ff04665afa053f 93daf37c51d0475aa990b3b28319ae19 - - - -] volume service is down. (host: rack13-server67@lvm-1)
2025-01-14 15:07:04.252 7 WARNING cinder.scheduler.host_manager [None req-e31c3511-33f2-4e02-be13-5feb95f5359d 36f966fea7fc4e1eae70bbacaa438453 87e6c8bd117e4cba8e5db51b00f4a9b8 - - - -] volume service is down. (host: rack13-server67@lvm-1)
2025-01-14 15:07:06.771 7 WARNING cinder.scheduler.host_manager [None req-bcbdf2d7-7c80-414b-b4ae-28d4e00ea818 b761c237c5e341589ec970a4c14fb777 5a6a455925ac40fea5cc737030093358 - - - -] volume service is down. (host: rack13-server67@lvm-1)
2025-01-14 15:07:07.076 7 WARNING cinder.scheduler.host_manager [None req-246c9358-9bf2-4971-8092-dafb3b655fc7 36f966fea7fc4e1eae70bbacaa438453 87e6c8bd117e4cba8e5db51b00f4a9b8 - - - -] volume service is down. (host: rack13-server67@lvm-1)
2025-01-14 15:07:09.271 7 WARNING cinder.scheduler.host_manager [None req-555791bb-dd02-4d37-9d54-78e2a79b23e9 b761c237c5e341589ec970a4c14fb777 5a6a455925ac40fea5cc737030093358 - - - -] volume service is down. (host: rack13-server67@lvm-1)
2025-01-14 15:07:09.692 7 WARNING cinder.scheduler.host_manager [None req-7510cb2a-99e4-41a5-85ca-ea822323b5c0 d8ab7f3ca6b54171bae892d60d3713da bfb23995e82b4f789fe196339b91d236 - - - -] volume service is down. (host: rack13-server67@lvm-1)
2025-01-14 15:07:10.866 7 WARNING cinder.scheduler.host_manager [None req-ee7ce419-bbd0-4861-a6fb-46a38083feb9 36f966fea7fc4e1eae70bbacaa438453 87e6c8bd117e4cba8e5db51b00f4a9b8 - - - -] volume service is down. (host: rack13-server67@lvm-1)
2025-01-14 15:07:16.967 7 WARNING cinder.scheduler.host_manager [None req-b3148d41-35cd-4ab4-b1d9-9412a0833a90 58b9f3c4d555487eb9f754dac0f564a6 bba4a47385ee4e95873bb0d3ced37b6e - - - -] volume service is down. (host: rack13-server67@lvm-1)
2025-01-14 15:07:17.089 7 WARNING cinder.scheduler.host_manager [None req-bd2577c2-0cd9-44c4-a0be-069f7327fdb8 36f966fea7fc4e1eae70bbacaa438453 87e6c8bd117e4cba8e5db51b00f4a9b8 - - - -] volume service is down. (host: rack13-server67@lvm-1)
2025-01-14 15:07:19.606 7 WARNING cinder.scheduler.host_manager [None req-44f41f81-8922-458a-845e-9f38f2a9d112 58b9f3c4d555487eb9f754dac0f564a6 bba4a47385ee4e95873bb0d3ced37b6e - - - -] volume service is down. (host: rack13-server67@lvm-1)
2025-01-14 15:07:22.060 7 WARNING cinder.scheduler.host_manager [None req-1e07fe5f-6fd0-4009-bc3c-a68432329e8f a2ed19f7680a42c980e936d6025039be f2fe87cf02d447d99918b0544827dd8b - - - -] volume service is down. (host: rack13-server67@lvm-1)
2025-01-14 15:07:22.197 7 WARNING cinder.scheduler.host_manager [None req-952285f8-674b-43d2-959b-2a3a50e0c778 58b9f3c4d555487eb9f754dac0f564a6 bba4a47385ee4e95873bb0d3ced37b6e - - - -] volume service is down. (host: rack13-server67@lvm-1)
2025-01-14 15:07:26.156 7 WARNING cinder.scheduler.host_manager [None req-32a5a6f3-4e10-4977-aea2-d04e3e1df824 36f966fea7fc4e1eae70bbacaa438453 87e6c8bd117e4cba8e5db51b00f4a9b8 - - - -] volume service is down. (host: rack13-server67@lvm-1)
2025-01-14 15:07:34.294 7 WARNING cinder.scheduler.host_manager [None req-79442023-bc01-43d5-afc0-0746a15d3aa6 b27f3620a7954464b2817a505f5194e7 abe9290a4ccd46879581ed374f66e8a9 - - - -] volume service is down. (host: rack13-server67@lvm-1)
2025-01-14 15:07:36.661 7 WARNING cinder.scheduler.host_manager [None req-88c79e32-7cbb-46ea-aeca-8b1160e17463 b27f3620a7954464b2817a505f5194e7 abe9290a4ccd46879581ed374f66e8a9 - - - -] volume service is down. (host: rack13-server67@lvm-1)
2025-01-14 15:07:38.999 7 WARNING cinder.scheduler.host_manager [None req-5779c4d1-26d8-4407-a2f7-0c5ad157009a b27f3620a7954464b2817a505f5194e7 abe9290a4ccd46879581ed374f66e8a9 - - - -] volume service is down. (host: rack13-server67@lvm-1)
2025-01-14 15:07:41.324 7 WARNING cinder.scheduler.host_manager [None req-fa6da55f-7b49-4dee-acf1-631a2d6c9df5 b27f3620a7954464b2817a505f5194e7 abe9290a4ccd46879581ed374f66e8a9 - - - -] volume service is down. (host: rack13-server67@lvm-1)
2025-01-14 15:07:52.692 7 WARNING cinder.scheduler.host_manager [None req-53948423-df45-4bf1-9c87-7e0fe6b38596 d5cd1550f78f401da5136734b58617f3 41c1411747ed48beb7384471158475ef - - - -] volume service is down. (host: rack13-server67@lvm-1)
2025-01-14 15:07:53.998 7 WARNING cinder.scheduler.host_manager [None req-208ea589-732b-4fa9-90b2-4ce3fe584447 d5cd1550f78f401da5136734b58617f3 41c1411747ed48beb7384471158475ef - - - -] volume service is down. (host: rack13-server67@lvm-1)
2025-01-14 15:08:06.608 7 WARNING cinder.scheduler.host_manager [None req-d3f703ed-3eaa-420f-b3d2-18142edd178c f8e744d12439467aa9ceecb0a965cae3 ac78ce347a164830a2f7d3ff74c334af - - - -] volume service is down. (host: rack13-server67@lvm-1)
2025-01-14 15:08:06.612 7 WARNING cinder.scheduler.host_manager [None req-2563499e-65ee-40d4-9433-409e758bf26e e5c7c71fbb4c481383bf0c1b2d4196cf e455de753ccb43fabdb435c16e484870 - - - -] volume service is down. (host: rack13-server67@lvm-1)
2025-01-14 15:08:06.651 7 WARNING cinder.scheduler.host_manager [None req-255087de-8b68-4a49-8116-94f4ed4961f9 3e4448350b5a4e72a04622d994fd09b2 ff1f41215d334711a21347c78bdc6d14 - - - -] volume service is down. (host: rack13-server67@lvm-1)
2025-01-14 15:08:06.829 7 WARNING cinder.scheduler.host_manager [None req-2ecd9335-2599-4056-b763-1f79f7bfe23e e5c7c71fbb4c481383bf0c1b2d4196cf e455de753ccb43fabdb435c16e484870 - - - -] volume service is down. (host: rack13-server67@lvm-1)
2025-01-14 15:08:07.164 7 WARNING cinder.scheduler.host_manager [None req-893771b4-a209-415c-b171-28d8841f8738 e5c7c71fbb4c481383bf0c1b2d4196cf e455de753ccb43fabdb435c16e484870 - - - -] volume service is down. (host: rack13-server67@lvm-1)
2025-01-14 15:08:07.479 7 WARNING cinder.scheduler.host_manager [None req-ff36695d-e7c5-4e94-8cbe-fefc2e6a05eb e5c7c71fbb4c481383bf0c1b2d4196cf e455de753ccb43fabdb435c16e484870 - - - -] volume service is down. (host: rack13-server67@lvm-1)
2025-01-14 15:08:07.822 7 WARNING cinder.scheduler.host_manager [None req-18ed7c73-6de1-41f2-a63c-7cf583604c84 e5c7c71fbb4c481383bf0c1b2d4196cf e455de753ccb43fabdb435c16e484870 - - - -] volume service is down. (host: rack13-server67@lvm-1)
2025-01-14 15:08:08.922 7 WARNING cinder.scheduler.host_manager [None req-8d9dde2a-a08f-443c-b1d3-0af3b16fcf8c f8e744d12439467aa9ceecb0a965cae3 ac78ce347a164830a2f7d3ff74c334af - - - -] volume service is down. (host: rack13-server67@lvm-1)
2025-01-14 15:08:09.106 7 WARNING cinder.scheduler.host_manager [None req-a1062df9-5dc5-4dbc-a2f2-c6f9abdf0cde 3e4448350b5a4e72a04622d994fd09b2 ff1f41215d334711a21347c78bdc6d14 - - - -] volume service is down. (host: rack13-server67@lvm-1)
2025-01-14 15:08:09.416 7 WARNING cinder.scheduler.host_manager [None req-3b7a6b1d-dcbd-462f-a78e-589a816cbda1 3e4448350b5a4e72a04622d994fd09b2 ff1f41215d334711a21347c78bdc6d14 - - - -] volume service is down. (host: rack13-server67@lvm-1)
2025-01-14 15:08:09.737 7 WARNING cinder.scheduler.host_manager [None req-c453758e-8eb1-4a2e-895e-b11e4ca54520 3e4448350b5a4e72a04622d994fd09b2 ff1f41215d334711a21347c78bdc6d14 - - - -] volume service is down. (host: rack13-server67@lvm-1)
2025-01-14 15:08:10.049 7 WARNING cinder.scheduler.host_manager [None req-0c5bf67a-2b0a-4026-a071-8b14aee341a0 3e4448350b5a4e72a04622d994fd09b2 ff1f41215d334711a21347c78bdc6d14 - - - -] volume service is down. (host: rack13-server67@lvm-1)
2025-01-14 15:08:10.358 7 WARNING cinder.scheduler.host_manager [None req-d46a121b-e2c9-4b8a-8f32-daf029d66245 3e4448350b5a4e72a04622d994fd09b2 ff1f41215d334711a21347c78bdc6d14 - - - -] volume service is down. (host: rack13-server67@lvm-1)
2025-01-14 15:08:11.370 7 WARNING cinder.scheduler.host_manager [None req-2273ff6d-7543-4930-8ab5-dad85e634586 f8e744d12439467aa9ceecb0a965cae3 ac78ce347a164830a2f7d3ff74c334af - - - -] volume service is down. (host: rack13-server67@lvm-1)
2025-01-14 15:08:11.683 7 WARNING cinder.scheduler.host_manager [None req-e02c6eb2-f8b1-4e5a-9b3d-b1ad9df2702a f8e744d12439467aa9ceecb0a965cae3 ac78ce347a164830a2f7d3ff74c334af - - - -] volume service is down. (host: rack13-server67@lvm-1)
2025-01-14 15:08:11.994 7 WARNING cinder.scheduler.host_manager [None req-5460053c-9f05-41c3-93b8-bd9c34d6e285 f8e744d12439467aa9ceecb0a965cae3 ac78ce347a164830a2f7d3ff74c334af - - - -] volume service is down. (host: rack13-server67@lvm-1)
2025-01-14 15:08:12.338 7 WARNING cinder.scheduler.host_manager [None req-6f757117-551b-448e-8457-6a64a177d742 f8e744d12439467aa9ceecb0a965cae3 ac78ce347a164830a2f7d3ff74c334af - - - -] volume service is down. (host: rack13-server67@lvm-1)
2025-01-14 15:08:12.684 7 WARNING cinder.scheduler.host_manager [None req-6ff24fda-8c7d-4697-8742-46c9cfd29d69 f8e744d12439467aa9ceecb0a965cae3 ac78ce347a164830a2f7d3ff74c334af - - - -] volume service is down. (host: rack13-server67@lvm-1)
2025-01-14 15:08:18.700 7 WARNING cinder.scheduler.host_manager [None req-e14196f7-d187-4722-a80e-5d8b0e0fa4ae 45ee157e324d43ca931cea308c64075a 46cb77b5839640d8b3391c33e47df05f - - - -] volume service is down. (host: rack13-server67@lvm-1)
2025-01-14 15:08:21.269 7 WARNING cinder.scheduler.host_manager [None req-20fd0f72-f7d2-4084-bee5-6505ba4f9d33 45ee157e324d43ca931cea308c64075a 46cb77b5839640d8b3391c33e47df05f - - - -] volume service is down. (host: rack13-server67@lvm-1)
2025-01-14 15:08:23.754 7 WARNING cinder.scheduler.host_manager [None req-1016f4d5-d58a-4c0c-baa6-9ccc68bddbd8 45ee157e324d43ca931cea308c64075a 46cb77b5839640d8b3391c33e47df05f - - - -] volume service is down. (host: rack13-server67@lvm-1)
