Build Started 31_08_2022_18_14_38
2022-08-31 21:16:55.477 7 WARNING cinder.scheduler.host_manager [req-6fa984a6-f2b0-4f76-9740-5bfefab5b7ef req-2982e564-1545-4210-80ce-bcff80944dec 452aecdc175742539435d7999bf4e4eb 8e4fffb3e64e4ae2b4f54c80f2dcc14c - - - -] volume service is down. (host: rack03-server59@lvm-1)
2022-08-31 21:16:55.529 7 WARNING cinder.scheduler.host_manager [req-0c90f044-6865-409c-b695-96df5e51c4f4 req-ab099225-654f-4967-9921-7ce8595c2d60 36c7c72ed1f249f2949c16d65408eac9 33cc12b25bed4f0daa9b0aa2f2f27b0b - - - -] volume service is down. (host: rack03-server59@lvm-1)
2022-08-31 21:16:55.566 7 WARNING cinder.scheduler.host_manager [None req-60f304d4-7edb-4a97-b751-c9c3e0262348 bfded447470344d28d5f3f41f2a145e2 27bd76085c824c17a23372696fdcb978 - - - -] volume service is down. (host: rack03-server59@lvm-1)
2022-08-31 21:16:56.846 7 WARNING cinder.scheduler.host_manager [req-52b09574-4988-4b9b-a213-d115e5ea339e req-a093e70e-4c0d-4b20-856b-671e7914e1f7 36c7c72ed1f249f2949c16d65408eac9 33cc12b25bed4f0daa9b0aa2f2f27b0b - - - -] volume service is down. (host: rack03-server59@lvm-1)
2022-08-31 21:17:02.910 7 WARNING cinder.scheduler.host_manager [None req-a00db05e-eb6d-4cb8-8177-ee6e868a13ba 23e38b5f66f643a2995fe7f6d0012682 2447db747eed47ed9ffb4757e1432c4a - - - -] volume service is down. (host: rack03-server59@lvm-1)
2022-08-31 21:17:02.946 7 WARNING cinder.scheduler.host_manager [None req-53cb00e2-a72f-4be9-8d5b-2d3c57ee11e0 23e38b5f66f643a2995fe7f6d0012682 2447db747eed47ed9ffb4757e1432c4a - - - -] volume service is down. (host: rack03-server59@lvm-1)
2022-08-31 21:17:09.931 7 WARNING cinder.scheduler.host_manager [None req-ea97c3eb-2d80-473d-bbf9-3f81a0f1a39e 966881dbbb9346b58e0af47e8d489b77 bb2ffbf432e844558da8639461b4205d - - - -] volume service is down. (host: rack03-server59@lvm-1)
2022-08-31 21:17:09.938 7 WARNING cinder.scheduler.host_manager [None req-ea97c3eb-2d80-473d-bbf9-3f81a0f1a39e 966881dbbb9346b58e0af47e8d489b77 bb2ffbf432e844558da8639461b4205d - - - -] volume service is down. (host: rack03-server59@lvm-1)
2022-08-31 21:17:11.283 7 WARNING cinder.scheduler.host_manager [None req-a27bb6fc-c3bf-41d4-8ba8-e8183a8b2154 966881dbbb9346b58e0af47e8d489b77 bb2ffbf432e844558da8639461b4205d - - - -] volume service is down. (host: rack03-server59@lvm-1)
2022-08-31 21:17:14.864 7 WARNING cinder.scheduler.host_manager [None req-9bb50af4-002e-4500-a262-82bd3c205a22 966881dbbb9346b58e0af47e8d489b77 bb2ffbf432e844558da8639461b4205d - - - -] volume service is down. (host: rack03-server59@lvm-1)
2022-08-31 21:17:20.375 7 WARNING cinder.scheduler.host_manager [None req-590bf157-f210-4b52-ac79-cd4ca7f8bb89 966881dbbb9346b58e0af47e8d489b77 bb2ffbf432e844558da8639461b4205d - - - -] volume service is down. (host: rack03-server59@lvm-1)
2022-08-31 21:17:20.382 7 WARNING cinder.scheduler.host_manager [None req-590bf157-f210-4b52-ac79-cd4ca7f8bb89 966881dbbb9346b58e0af47e8d489b77 bb2ffbf432e844558da8639461b4205d - - - -] volume service is down. (host: rack03-server59@lvm-1)
2022-08-31 21:17:21.718 7 WARNING cinder.scheduler.host_manager [None req-f0dc3bc6-c2ce-4e85-9ea7-61897a52207b 966881dbbb9346b58e0af47e8d489b77 bb2ffbf432e844558da8639461b4205d - - - -] volume service is down. (host: rack03-server59@lvm-1)
2022-08-31 21:17:23.509 7 WARNING cinder.scheduler.host_manager [None req-bc626d37-bd70-4d48-8d0a-2046855bd5e5 bfded447470344d28d5f3f41f2a145e2 27bd76085c824c17a23372696fdcb978 - - - -] volume service is down. (host: rack03-server59@lvm-1)
2022-08-31 21:17:23.999 7 WARNING cinder.scheduler.host_manager [None req-4a42b672-86bf-4e4f-8eda-4ac3839280ef 290eb0e9a48045b5b621e9cc608d856b f5788bd9a9b849db932b7c0704ff1222 - - - -] volume service is down. (host: rack03-server59@lvm-1)
2022-08-31 21:17:24.007 7 WARNING cinder.scheduler.host_manager [None req-4a42b672-86bf-4e4f-8eda-4ac3839280ef 290eb0e9a48045b5b621e9cc608d856b f5788bd9a9b849db932b7c0704ff1222 - - - -] volume service is down. (host: rack03-server59@lvm-1)
2022-08-31 21:17:24.208 7 WARNING cinder.scheduler.host_manager [None req-947a1eda-5e73-4e55-8c57-1b9495db39d1 966881dbbb9346b58e0af47e8d489b77 bb2ffbf432e844558da8639461b4205d - - - -] volume service is down. (host: rack03-server59@lvm-1)
2022-08-31 21:17:25.351 7 WARNING cinder.scheduler.host_manager [None req-175a2cab-7ad1-4557-b241-9a2e3627b9f8 290eb0e9a48045b5b621e9cc608d856b f5788bd9a9b849db932b7c0704ff1222 - - - -] volume service is down. (host: rack03-server59@lvm-1)
2022-08-31 21:17:27.675 7 WARNING cinder.scheduler.host_manager [None req-0df291db-ab98-4962-bcf9-a2dc366947d7 290eb0e9a48045b5b621e9cc608d856b f5788bd9a9b849db932b7c0704ff1222 - - - -] volume service is down. (host: rack03-server59@lvm-1)
2022-08-31 21:17:37.254 7 WARNING cinder.scheduler.host_manager [None req-868b8301-ad32-4989-97e0-a99b09f16ea8 966881dbbb9346b58e0af47e8d489b77 bb2ffbf432e844558da8639461b4205d - - - -] volume service is down. (host: rack03-server59@lvm-1)
2022-08-31 21:17:37.261 7 WARNING cinder.scheduler.host_manager [None req-868b8301-ad32-4989-97e0-a99b09f16ea8 966881dbbb9346b58e0af47e8d489b77 bb2ffbf432e844558da8639461b4205d - - - -] volume service is down. (host: rack03-server59@lvm-1)
2022-08-31 21:17:38.584 7 WARNING cinder.scheduler.host_manager [None req-488c83d2-7209-4ba5-9064-03deeffb1362 72ba64aec7af48bdac1bc64f20dd133e bf7338fe1c404c1faa99b7eae9a0cbe5 - - - -] volume service is down. (host: rack03-server59@lvm-1)
2022-08-31 21:17:38.614 7 WARNING cinder.scheduler.host_manager [None req-488c83d2-7209-4ba5-9064-03deeffb1362 72ba64aec7af48bdac1bc64f20dd133e bf7338fe1c404c1faa99b7eae9a0cbe5 - - - -] volume service is down. (host: rack03-server59@lvm-1)
2022-08-31 21:17:38.632 7 WARNING cinder.scheduler.host_manager [None req-bb994db9-e741-4a85-9492-bb5f7bf5f785 966881dbbb9346b58e0af47e8d489b77 bb2ffbf432e844558da8639461b4205d - - - -] volume service is down. (host: rack03-server59@lvm-1)
2022-08-31 21:17:46.713 7 WARNING cinder.scheduler.host_manager [None req-9e0703b6-2b19-4bfa-94f7-b5891c098fbd 5d54d0c362cb4910b43d4b36a74d6f7a e6f081de9f2b419eb4c845a16f4e87a0 - - - -] volume service is down. (host: rack03-server59@lvm-1)
2022-08-31 21:17:47.928 7 WARNING cinder.scheduler.host_manager [None req-ce4ba79f-8362-4a98-a926-940d4b4f260e 5d54d0c362cb4910b43d4b36a74d6f7a e6f081de9f2b419eb4c845a16f4e87a0 - - - -] volume service is down. (host: rack03-server59@lvm-1)
2022-08-31 21:17:50.528 7 WARNING cinder.scheduler.host_manager [None req-e865d0d6-1f7d-4cd4-ab7e-9847b23a9042 5d54d0c362cb4910b43d4b36a74d6f7a e6f081de9f2b419eb4c845a16f4e87a0 - - - -] volume service is down. (host: rack03-server59@lvm-1)
2022-08-31 21:17:54.010 7 WARNING cinder.scheduler.host_manager [None req-41e3d32c-a6db-4de7-92d2-55f10da946a3 5d54d0c362cb4910b43d4b36a74d6f7a e6f081de9f2b419eb4c845a16f4e87a0 - - - -] volume service is down. (host: rack03-server59@lvm-1)
2022-08-31 21:17:56.862 7 WARNING cinder.scheduler.host_manager [None req-03ced3c1-19c4-447f-bf0d-62f79ce07ddb a6e2e49b4c8b40aab9f64a4575dacd41 1bf7b315c51b48e59ab44a786500ff11 - - - -] volume service is down. (host: rack03-server59@lvm-1)
2022-08-31 21:17:56.870 7 WARNING cinder.scheduler.host_manager [None req-03ced3c1-19c4-447f-bf0d-62f79ce07ddb a6e2e49b4c8b40aab9f64a4575dacd41 1bf7b315c51b48e59ab44a786500ff11 - - - -] volume service is down. (host: rack03-server59@lvm-1)
2022-08-31 21:17:57.498 7 WARNING cinder.scheduler.host_manager [None req-f0013734-c5b3-4f96-a132-140d584f3557 5d54d0c362cb4910b43d4b36a74d6f7a e6f081de9f2b419eb4c845a16f4e87a0 - - - -] volume service is down. (host: rack03-server59@lvm-1)
2022-08-31 21:17:58.026 7 WARNING cinder.scheduler.host_manager [None req-1acf3e4c-d284-49a9-9bc3-636da7f098fc a6e2e49b4c8b40aab9f64a4575dacd41 1bf7b315c51b48e59ab44a786500ff11 - - - -] volume service is down. (host: rack03-server59@lvm-1)
2022-08-31 21:17:58.034 7 WARNING cinder.scheduler.host_manager [None req-1acf3e4c-d284-49a9-9bc3-636da7f098fc a6e2e49b4c8b40aab9f64a4575dacd41 1bf7b315c51b48e59ab44a786500ff11 - - - -] volume service is down. (host: rack03-server59@lvm-1)
2022-08-31 21:17:59.380 7 WARNING cinder.scheduler.host_manager [None req-cd13e974-ada0-496a-b034-91750a3d0045 a6e2e49b4c8b40aab9f64a4575dacd41 1bf7b315c51b48e59ab44a786500ff11 - - - -] volume service is down. (host: rack03-server59@lvm-1)
2022-08-31 21:18:00.994 7 WARNING cinder.scheduler.host_manager [None req-73d4dae7-78e6-4bfb-840c-646b76a50542 5d54d0c362cb4910b43d4b36a74d6f7a e6f081de9f2b419eb4c845a16f4e87a0 - - - -] volume service is down. (host: rack03-server59@lvm-1)
2022-08-31 21:18:03.450 7 WARNING cinder.scheduler.host_manager [None req-31ec5a82-8b9f-4234-a13c-c824b4f90afa a6e2e49b4c8b40aab9f64a4575dacd41 1bf7b315c51b48e59ab44a786500ff11 - - - -] volume service is down. (host: rack03-server59@lvm-1)
2022-08-31 21:18:03.458 7 WARNING cinder.scheduler.host_manager [None req-31ec5a82-8b9f-4234-a13c-c824b4f90afa a6e2e49b4c8b40aab9f64a4575dacd41 1bf7b315c51b48e59ab44a786500ff11 - - - -] volume service is down. (host: rack03-server59@lvm-1)
2022-08-31 21:18:04.789 7 WARNING cinder.scheduler.host_manager [None req-f031865f-d97e-4029-890c-85cb7d47ff44 a6e2e49b4c8b40aab9f64a4575dacd41 1bf7b315c51b48e59ab44a786500ff11 - - - -] volume service is down. (host: rack03-server59@lvm-1)
2022-08-31 21:18:06.162 7 WARNING cinder.scheduler.host_manager [None req-6cbd752e-a944-4667-848a-4e9b04c7b295 a6e2e49b4c8b40aab9f64a4575dacd41 1bf7b315c51b48e59ab44a786500ff11 - - - -] volume service is down. (host: rack03-server59@lvm-1)
2022-08-31 21:18:23.881 7 WARNING cinder.scheduler.host_manager [None req-9bd00ac1-6978-401b-a0d3-ba4a17d6f41e ad753cc75fb141faa0c647234cf835e5 9ac9533a8a274c37a0293ea20c7cfb7b - - - -] volume service is down. (host: rack03-server59@lvm-1)
2022-08-31 21:18:23.882 7 INFO cinder.scheduler.base_filter [None req-9bd00ac1-6978-401b-a0d3-ba4a17d6f41e ad753cc75fb141faa0c647234cf835e5 9ac9533a8a274c37a0293ea20c7cfb7b - - - -] Filtering removed all hosts for the request with volume ID 'a2c74fd8-7c16-458f-9f2e-bcdc5524b8ab'. Filter results: AvailabilityZoneFilter: (start: 1, end: 1), CapacityFilter: (start: 1, end: 1), CapabilitiesFilter: (start: 1, end: 0)
2022-08-31 21:18:23.883 7 WARNING cinder.scheduler.filter_scheduler [None req-9bd00ac1-6978-401b-a0d3-ba4a17d6f41e ad753cc75fb141faa0c647234cf835e5 9ac9533a8a274c37a0293ea20c7cfb7b - - - -] No weighed backend found for volume with properties: {'id': '0446763f-4c19-4658-8210-5af5db489ab8', 'name': 'tempest-UserMessagesTest-volume-type-2038484046', 'description': None, 'is_public': True, 'projects': [], 'extra_specs': {'storage_protocol': 'tempest-storage_protocol-709619869', 'vendor_name': 'tempest-vendor_name-386443434'}, 'qos_specs_id': None, 'created_at': '2022-08-31T18:18:23.000000', 'updated_at': None, 'deleted_at': None, 'deleted': False}
2022-08-31 21:18:23.883 7 INFO cinder.message.api [None req-9bd00ac1-6978-401b-a0d3-ba4a17d6f41e ad753cc75fb141faa0c647234cf835e5 9ac9533a8a274c37a0293ea20c7cfb7b - - - -] Creating message record for request_id = req-9bd00ac1-6978-401b-a0d3-ba4a17d6f41e
2022-08-31 21:18:23.889 7 ERROR cinder.scheduler.flows.create_volume [None req-9bd00ac1-6978-401b-a0d3-ba4a17d6f41e ad753cc75fb141faa0c647234cf835e5 9ac9533a8a274c37a0293ea20c7cfb7b - - - -] Failed to run task cinder.scheduler.flows.create_volume.ScheduleCreateVolumeTask;volume:create: No valid backend was found. No weighed backends available: cinder.exception.NoValidBackend: No valid backend was found. No weighed backends available
2022-08-31 21:18:25.358 7 WARNING cinder.scheduler.host_manager [None req-e61fe1ba-a099-4796-a0bf-84dc94adbb95 ad753cc75fb141faa0c647234cf835e5 9ac9533a8a274c37a0293ea20c7cfb7b - - - -] volume service is down. (host: rack03-server59@lvm-1)
2022-08-31 21:18:25.359 7 INFO cinder.scheduler.base_filter [None req-e61fe1ba-a099-4796-a0bf-84dc94adbb95 ad753cc75fb141faa0c647234cf835e5 9ac9533a8a274c37a0293ea20c7cfb7b - - - -] Filtering removed all hosts for the request with volume ID 'dce330b7-70fd-4c5f-ac1a-ca8baa0b0a65'. Filter results: AvailabilityZoneFilter: (start: 1, end: 1), CapacityFilter: (start: 1, end: 1), CapabilitiesFilter: (start: 1, end: 0)
2022-08-31 21:18:25.359 7 WARNING cinder.scheduler.filter_scheduler [None req-e61fe1ba-a099-4796-a0bf-84dc94adbb95 ad753cc75fb141faa0c647234cf835e5 9ac9533a8a274c37a0293ea20c7cfb7b - - - -] No weighed backend found for volume with properties: {'id': 'c2ecd35b-064d-405c-91ca-0c784bbd8146', 'name': 'tempest-UserMessagesTest-volume-type-512196789', 'description': None, 'is_public': True, 'projects': [], 'extra_specs': {'storage_protocol': 'tempest-storage_protocol-655644887', 'vendor_name': 'tempest-vendor_name-1672294445'}, 'qos_specs_id': None, 'created_at': '2022-08-31T18:18:25.000000', 'updated_at': None, 'deleted_at': None, 'deleted': False}
2022-08-31 21:18:25.360 7 INFO cinder.message.api [None req-e61fe1ba-a099-4796-a0bf-84dc94adbb95 ad753cc75fb141faa0c647234cf835e5 9ac9533a8a274c37a0293ea20c7cfb7b - - - -] Creating message record for request_id = req-e61fe1ba-a099-4796-a0bf-84dc94adbb95
2022-08-31 21:18:25.365 7 ERROR cinder.scheduler.flows.create_volume [None req-e61fe1ba-a099-4796-a0bf-84dc94adbb95 ad753cc75fb141faa0c647234cf835e5 9ac9533a8a274c37a0293ea20c7cfb7b - - - -] Failed to run task cinder.scheduler.flows.create_volume.ScheduleCreateVolumeTask;volume:create: No valid backend was found. No weighed backends available: cinder.exception.NoValidBackend: No valid backend was found. No weighed backends available
2022-08-31 21:18:28.600 7 WARNING cinder.scheduler.host_manager [None req-82f2c0f9-8295-4dce-84c8-478574f754d3 c5af88a456f148e687cc883495896591 15424edfffcf433eaf3c886af05e65f9 - - - -] volume service is down. (host: rack03-server59@lvm-1)
2022-08-31 21:18:32.255 7 WARNING cinder.scheduler.host_manager [None req-c0b31a31-e86a-4476-8dc6-9dca618cb9cf b4c2bc73cc984596a7994735c94ee97d bd325305c4b244c488fd0cdb429c5672 - - - -] volume service is down. (host: rack03-server59@lvm-1)
2022-08-31 21:18:33.229 7 WARNING cinder.scheduler.host_manager [None req-057b05d8-cac1-4a67-9e2c-d64b2de45f0d c5af88a456f148e687cc883495896591 15424edfffcf433eaf3c886af05e65f9 - - - -] volume service is down. (host: rack03-server59@lvm-1)
2022-08-31 21:18:35.638 7 WARNING cinder.scheduler.host_manager [None req-1e003f09-1c44-49bf-bb72-bd53d83f9be2 bfded447470344d28d5f3f41f2a145e2 27bd76085c824c17a23372696fdcb978 - - - -] volume service is down. (host: rack03-server59@lvm-1)
2022-08-31 21:18:35.759 7 WARNING cinder.scheduler.host_manager [None req-307739b1-1488-4b4a-aa6d-db6c0fe93e71 c5af88a456f148e687cc883495896591 15424edfffcf433eaf3c886af05e65f9 - - - -] volume service is down. (host: rack03-server59@lvm-1)
2022-08-31 21:18:38.337 7 WARNING cinder.scheduler.host_manager [None req-10a50f91-daf2-45fe-beb1-e0e40909c117 c5af88a456f148e687cc883495896591 15424edfffcf433eaf3c886af05e65f9 - - - -] volume service is down. (host: rack03-server59@lvm-1)
2022-08-31 21:18:40.912 7 WARNING cinder.scheduler.host_manager [None req-b95710a9-cea5-4387-a7e9-2b7d65519951 c5af88a456f148e687cc883495896591 15424edfffcf433eaf3c886af05e65f9 - - - -] volume service is down. (host: rack03-server59@lvm-1)
2022-08-31 21:18:43.472 7 WARNING cinder.scheduler.host_manager [None req-c2acb4c4-27be-4201-93ce-0ed615b670f9 c5af88a456f148e687cc883495896591 15424edfffcf433eaf3c886af05e65f9 - - - -] volume service is down. (host: rack03-server59@lvm-1)
2022-08-31 21:18:44.206 7 WARNING cinder.scheduler.host_manager [None req-13e1e4db-914e-4755-87d1-48772fe144a7 747ea4af9b67498c9668f5840b25d208 6e1b814d86ad4ad9a7702e4bf24d44dc - - - -] volume service is down. (host: rack03-server59@lvm-1)
2022-08-31 21:18:45.545 7 WARNING cinder.scheduler.host_manager [None req-b4339b08-ed05-49ce-95fc-c2ce2659eeeb 747ea4af9b67498c9668f5840b25d208 6e1b814d86ad4ad9a7702e4bf24d44dc - - - -] volume service is down. (host: rack03-server59@lvm-1)
2022-08-31 21:18:53.166 7 WARNING cinder.scheduler.host_manager [req-fd0a9fcd-652d-42bc-a63c-05e9ecc38592 req-fdbb28ff-e664-43b0-a736-28d71a1b3f7f bfded447470344d28d5f3f41f2a145e2 27bd76085c824c17a23372696fdcb978 - - - -] volume service is down. (host: rack03-server59@lvm-1)
2022-08-31 21:18:53.681 7 WARNING cinder.scheduler.host_manager [None req-c2c9157a-1411-4f20-ba80-dc270ec7574e 3630af1c9ff84e9f811e21280e29f1ea ef0991b4626340079eb87f01d1e6a4cf - - - -] volume service is down. (host: rack03-server59@lvm-1)
2022-08-31 21:18:54.354 7 WARNING cinder.scheduler.host_manager [None req-00213d21-894e-4525-8e27-98c778fff10c 2d6b04c734f24652b07aff1d19a2297e ec32716b20654b44a6ba67cdda7f287b - - - -] volume service is down. (host: rack03-server59@lvm-1)
2022-08-31 21:19:08.725 7 WARNING cinder.scheduler.host_manager [None req-f5d85c5f-f1a3-440c-bb0d-0a08d30d9948 da597a11f61a4151aacc32816b78884a 94f94ab7ed7c42a9b1399e3dc0c743cf - - - -] volume service is down. (host: rack03-server59@lvm-1)
2022-08-31 21:19:09.155 7 WARNING cinder.scheduler.host_manager [None req-bf4ec7f8-90af-4837-b4a9-ef0dca4d1927 b99b169cb0144e8289185f0fcfa6851f 7cb1ccca48194dac93c36489c604315b - - - -] volume service is down. (host: rack03-server59@lvm-1)
2022-08-31 21:19:10.669 7 WARNING cinder.scheduler.host_manager [None req-7c37b6c7-cb39-42da-98a1-2672f7e18231 aed3cc639cd747169b10277841573d2c f65036719de544229155fa08d54da76a - - - -] volume service is down. (host: rack03-server59@lvm-1)
2022-08-31 21:19:11.633 7 WARNING cinder.scheduler.host_manager [None req-8a7227fa-06ac-49fd-bed6-f5217b49de50 b99b169cb0144e8289185f0fcfa6851f 7cb1ccca48194dac93c36489c604315b - - - -] volume service is down. (host: rack03-server59@lvm-1)
2022-08-31 21:19:12.956 7 WARNING cinder.scheduler.host_manager [None req-107d9cc2-beaf-4968-8134-6a26b32c7e79 aed3cc639cd747169b10277841573d2c f65036719de544229155fa08d54da76a - - - -] volume service is down. (host: rack03-server59@lvm-1)
2022-08-31 21:19:13.017 7 WARNING cinder.scheduler.host_manager [None req-74222d51-3a38-4cad-8f3d-a96c6476e83e b99b169cb0144e8289185f0fcfa6851f 7cb1ccca48194dac93c36489c604315b - - - -] volume service is down. (host: rack03-server59@lvm-1)
2022-08-31 21:19:21.303 7 WARNING cinder.scheduler.host_manager [None req-1cc89008-105e-4b4b-b2d8-2bd7579f495a 79c0255e5e8b44c9aa502f746ff14c0b 441ae12062fa47d3825d9e32f6c8b8f5 - - - -] volume service is down. (host: rack03-server59@lvm-1)
2022-08-31 21:19:30.586 7 WARNING cinder.scheduler.host_manager [None req-a82e6396-6937-47d7-acd6-cdc8ed452780 41a2f308716c42208d198e0fd6d9fda9 d7c6533c4739442ab35e5c642d878869 - - - -] volume service is down. (host: rack03-server59@lvm-1)
2022-08-31 21:19:31.644 7 WARNING cinder.scheduler.host_manager [None req-10f074d4-82a7-4905-897c-56524e23ee69 bed9cd08450d4987b04b541d94a0f7d8 9234798f7cb04f2b8c5a0e536076961f - - - -] volume service is down. (host: rack03-server59@lvm-1)
2022-08-31 21:19:34.182 7 WARNING cinder.scheduler.host_manager [None req-0e0f80c0-4253-4619-a40b-745a2cf76ce2 bed9cd08450d4987b04b541d94a0f7d8 9234798f7cb04f2b8c5a0e536076961f - - - -] volume service is down. (host: rack03-server59@lvm-1)
2022-08-31 21:19:34.960 7 WARNING cinder.scheduler.host_manager [None req-aceb347d-e7bb-4f88-9f77-2e0c794534a1 41a2f308716c42208d198e0fd6d9fda9 d7c6533c4739442ab35e5c642d878869 - - - -] volume service is down. (host: rack03-server59@lvm-1)
2022-08-31 21:19:42.184 7 WARNING cinder.scheduler.host_manager [None req-40e27a88-6b92-4e62-ab00-2a18ab02f4b0 4e2c2d7fd90441788c3383fad8eaf49f 9b227853f28743a88753bc7cc139e9e5 - - - -] volume service is down. (host: rack03-server59@lvm-1)
2022-08-31 21:19:43.713 7 WARNING cinder.scheduler.host_manager [None req-5defeaca-8c2a-46cb-bf3e-2ec6f59f1633 ff704f9657984d379398d09cc350983e 13523793d86d402892f9e974073cf1e6 - - - -] volume service is down. (host: rack03-server59@lvm-1)
2022-08-31 21:19:44.770 7 WARNING cinder.scheduler.host_manager [None req-f0db3ef8-2c4d-4d6e-9838-cee41ab9bd1c 2290bf0b6c424e8eac6340f802b1f657 c7e7e69deafe452da5378788b7cc45ba - - - -] volume service is down. (host: rack03-server59@lvm-1)
2022-08-31 21:19:52.689 7 WARNING cinder.scheduler.host_manager [None req-75f093a1-e6d2-4231-8169-5ab4554e0763 2290bf0b6c424e8eac6340f802b1f657 c7e7e69deafe452da5378788b7cc45ba - - - -] volume service is down. (host: rack03-server59@lvm-1)
2022-08-31 21:19:54.089 7 WARNING cinder.scheduler.host_manager [None req-c6fbda49-616d-474f-9b74-6c28ce90d35f 4e2c2d7fd90441788c3383fad8eaf49f 9b227853f28743a88753bc7cc139e9e5 - - - -] volume service is down. (host: rack03-server59@lvm-1)
2022-08-31 21:19:56.518 7 WARNING cinder.scheduler.host_manager [None req-5e0c1f66-2f80-4bbe-9128-480acadb891b 4e2c2d7fd90441788c3383fad8eaf49f 9b227853f28743a88753bc7cc139e9e5 - - - -] volume service is down. (host: rack03-server59@lvm-1)
2022-08-31 21:19:57.895 7 WARNING cinder.scheduler.host_manager [None req-807d1c45-1a69-4577-a0ef-616249e9f4b1 4e2c2d7fd90441788c3383fad8eaf49f 9b227853f28743a88753bc7cc139e9e5 - - - -] volume service is down. (host: rack03-server59@lvm-1)
2022-08-31 21:19:57.964 7 WARNING cinder.scheduler.host_manager [None req-b146c562-4440-42e7-87d0-80b42d4dacc5 0092f47f679648beba067a85ee1ceece 417f93601ffa41d7898d676d64811d18 - - - -] volume service is down. (host: rack03-server59@lvm-1)
2022-08-31 21:20:00.193 7 WARNING cinder.scheduler.host_manager [None req-0e6b0039-c815-4477-82f3-48a2378ea5bf 0092f47f679648beba067a85ee1ceece 417f93601ffa41d7898d676d64811d18 - - - -] volume service is down. (host: rack03-server59@lvm-1)
2022-08-31 21:20:02.547 7 WARNING cinder.scheduler.host_manager [None req-fae8a78d-e659-475e-b16c-c95668498080 0f88faab1a8545a5852d491f63b31e4b a43a120a55764a2e992de36f5eb61df0 - - - -] volume service is down. (host: rack03-server59@lvm-1)
2022-08-31 21:20:08.054 7 WARNING cinder.scheduler.host_manager [None req-9dd4bbb8-6e84-4fb4-b0f1-ec1d64b19b3a aab2b0195cbd4a6ea14881ccee6ab30f 0a5fbea07e98453986c3f6b8c919e3cb - - - -] volume service is down. (host: rack03-server59@lvm-1)
2022-08-31 21:20:09.397 7 WARNING cinder.scheduler.host_manager [None req-c5e8facd-aeda-43ef-993d-3aeadb323a5d aab2b0195cbd4a6ea14881ccee6ab30f 0a5fbea07e98453986c3f6b8c919e3cb - - - -] volume service is down. (host: rack03-server59@lvm-1)
2022-08-31 21:20:11.795 7 WARNING cinder.scheduler.host_manager [None req-a21371a4-bb8c-48e4-a317-e223ff4bfe57 aab2b0195cbd4a6ea14881ccee6ab30f 0a5fbea07e98453986c3f6b8c919e3cb - - - -] volume service is down. (host: rack03-server59@lvm-1)
2022-08-31 21:20:15.313 7 WARNING cinder.scheduler.host_manager [None req-c38bd1f5-1395-468e-a70d-0fa6d1d8b54c 0f88faab1a8545a5852d491f63b31e4b a43a120a55764a2e992de36f5eb61df0 - - - -] volume service is down. (host: rack03-server59@lvm-1)
2022-08-31 21:20:16.719 7 WARNING cinder.scheduler.host_manager [None req-1f206087-1c53-4792-b385-34082cf4f006 0f88faab1a8545a5852d491f63b31e4b a43a120a55764a2e992de36f5eb61df0 - - - -] volume service is down. (host: rack03-server59@lvm-1)
2022-08-31 21:20:17.933 7 WARNING cinder.scheduler.host_manager [None req-5b81b925-064c-4d13-a401-981b6f874a2b 0f88faab1a8545a5852d491f63b31e4b a43a120a55764a2e992de36f5eb61df0 - - - -] volume service is down. (host: rack03-server59@lvm-1)
2022-08-31 21:20:20.127 7 WARNING cinder.scheduler.host_manager [None req-2f7812eb-9345-46a8-b152-5c2631fb790b 0f88faab1a8545a5852d491f63b31e4b a43a120a55764a2e992de36f5eb61df0 - - - -] volume service is down. (host: rack03-server59@lvm-1)
2022-08-31 21:20:20.875 7 WARNING cinder.scheduler.host_manager [None req-57e5db28-c14d-4da3-a1f5-0f06367c4401 c341c327e09643a196eb85bc4ddd04f8 1e3053f4bf374ce3ba1e3cb211cc6682 - - - -] volume service is down. (host: rack03-server59@lvm-1)
2022-08-31 21:20:23.186 7 WARNING cinder.scheduler.host_manager [None req-b1a1f8d6-2efa-4c77-920c-efd76ddb7ef1 b997f508a1c947c9a1e23a5c79d6f40e a32370a6da044cdca99b51a05acc8b4d - - - -] volume service is down. (host: rack03-server59@lvm-1)
2022-08-31 21:20:24.561 7 WARNING cinder.scheduler.host_manager [None req-715863c4-75b4-4431-ad6a-6dafc2a72e8c b997f508a1c947c9a1e23a5c79d6f40e a32370a6da044cdca99b51a05acc8b4d - - - -] volume service is down. (host: rack03-server59@lvm-1)
2022-08-31 21:20:25.900 7 WARNING cinder.scheduler.host_manager [None req-849e2d43-ee8d-44ae-90d9-cb5fea629e9e b997f508a1c947c9a1e23a5c79d6f40e a32370a6da044cdca99b51a05acc8b4d - - - -] volume service is down. (host: rack03-server59@lvm-1)
2022-08-31 21:20:27.731 7 WARNING cinder.scheduler.host_manager [None req-0d8c5938-a6a9-4274-9281-8087be3524fc c341c327e09643a196eb85bc4ddd04f8 1e3053f4bf374ce3ba1e3cb211cc6682 - - - -] volume service is down. (host: rack03-server59@lvm-1)
2022-08-31 21:20:28.081 7 WARNING cinder.scheduler.host_manager [None req-6a5f74dd-193f-4def-a578-6c41095a2dc0 1ed776cc792c4b6eb9933ca123c3b506 c7e9505260294f3ca75fd3e869066ef2 - - - -] volume service is down. (host: rack03-server59@lvm-1)
2022-08-31 21:20:28.517 7 WARNING cinder.scheduler.host_manager [None req-7965d659-a436-4e4e-ba93-24eba02d6e28 4a2cc65bded3486abbfa44a4364ddaaf 6961de3ba7a64691bc3f7b228192418c - - - -] volume service is down. (host: rack03-server59@lvm-1)
2022-08-31 21:20:29.605 7 WARNING cinder.scheduler.host_manager [None req-8660afd1-8337-46cc-a0fd-fc227e006714 1ed776cc792c4b6eb9933ca123c3b506 c7e9505260294f3ca75fd3e869066ef2 - - - -] volume service is down. (host: rack03-server59@lvm-1)
2022-08-31 21:20:33.244 7 WARNING cinder.scheduler.host_manager [None req-f577bcc1-1410-4127-9460-2a9e47de2ebf 1ed776cc792c4b6eb9933ca123c3b506 c7e9505260294f3ca75fd3e869066ef2 - - - -] volume service is down. (host: rack03-server59@lvm-1)
2022-08-31 21:20:34.591 7 WARNING cinder.scheduler.host_manager [None req-6a6da3c7-7290-45a5-86b1-d0eba86bdbb5 1ed776cc792c4b6eb9933ca123c3b506 c7e9505260294f3ca75fd3e869066ef2 - - - -] volume service is down. (host: rack03-server59@lvm-1)
2022-08-31 21:20:37.154 7 WARNING cinder.scheduler.host_manager [None req-687fb971-f32b-409a-9902-a5bd02b6a3e7 1ed776cc792c4b6eb9933ca123c3b506 c7e9505260294f3ca75fd3e869066ef2 - - - -] volume service is down. (host: rack03-server59@lvm-1)
2022-08-31 21:20:41.882 7 WARNING cinder.scheduler.host_manager [None req-f90792ec-69da-4022-a204-8458bf39a204 87343d24950e49de9a6c2e0bbc1dffe3 5cac0ebd91404a89a9fc301bc581dd90 - - - -] volume service is down. (host: rack03-server59@lvm-1)
2022-08-31 21:20:41.961 7 WARNING cinder.scheduler.host_manager [None req-bef2eb70-7052-4b2a-8843-b0ca57c79d30 1ed776cc792c4b6eb9933ca123c3b506 c7e9505260294f3ca75fd3e869066ef2 - - - -] volume service is down. (host: rack03-server59@lvm-1)
2022-08-31 21:20:42.106 7 WARNING cinder.scheduler.host_manager [None req-744b0bf1-41ff-4bf2-9d69-615ca7f42424 c341c327e09643a196eb85bc4ddd04f8 1e3053f4bf374ce3ba1e3cb211cc6682 - - - -] volume service is down. (host: rack03-server59@lvm-1)
2022-08-31 21:20:44.337 7 WARNING cinder.scheduler.host_manager [None req-7ce8d806-687d-4d3a-8ce5-6a0a54a379d5 c341c327e09643a196eb85bc4ddd04f8 1e3053f4bf374ce3ba1e3cb211cc6682 - - - -] volume service is down. (host: rack03-server59@lvm-1)
2022-08-31 21:20:46.566 7 WARNING cinder.scheduler.host_manager [None req-0428ca5d-521f-430c-96e1-7b8f7d4bee06 c341c327e09643a196eb85bc4ddd04f8 1e3053f4bf374ce3ba1e3cb211cc6682 - - - -] volume service is down. (host: rack03-server59@lvm-1)
2022-08-31 21:20:48.109 7 WARNING cinder.scheduler.host_manager [None req-d5ddfe5e-ef3a-4783-8041-3b57661cffe5 2e7604c775384a42ae44203155903223 6f185388aa034da4a8217532fb8b0299 - - - -] volume service is down. (host: rack03-server59@lvm-1)
2022-08-31 21:20:50.406 7 WARNING cinder.scheduler.host_manager [None req-7be168b9-2438-47e2-8104-707eba1fb882 2e7604c775384a42ae44203155903223 6f185388aa034da4a8217532fb8b0299 - - - -] volume service is down. (host: rack03-server59@lvm-1)
2022-08-31 21:20:52.624 7 WARNING cinder.scheduler.host_manager [None req-62a6f1e2-910c-4f4e-9d96-387ff1f19439 2e7604c775384a42ae44203155903223 6f185388aa034da4a8217532fb8b0299 - - - -] volume service is down. (host: rack03-server59@lvm-1)
2022-08-31 21:20:54.028 7 WARNING cinder.scheduler.host_manager [None req-01e12e9c-2495-4402-a4ea-ba4db24628e8 1ed776cc792c4b6eb9933ca123c3b506 c7e9505260294f3ca75fd3e869066ef2 - - - -] volume service is down. (host: rack03-server59@lvm-1)
2022-08-31 21:20:55.841 7 WARNING cinder.scheduler.host_manager [None req-3a912c15-6147-4da5-82fc-f4e08aa3c34b c341c327e09643a196eb85bc4ddd04f8 1e3053f4bf374ce3ba1e3cb211cc6682 - - - -] volume service is down. (host: rack03-server59@lvm-1)
2022-08-31 21:20:56.168 7 WARNING cinder.scheduler.host_manager [None req-eb730d0f-787c-4f3f-b528-7d06ba3510b2 2e7604c775384a42ae44203155903223 6f185388aa034da4a8217532fb8b0299 - - - -] volume service is down. (host: rack03-server59@lvm-1)
2022-08-31 21:20:57.377 7 WARNING cinder.scheduler.host_manager [None req-86e6b534-42f9-4188-8b8f-e9b4ae30ba22 2e7604c775384a42ae44203155903223 6f185388aa034da4a8217532fb8b0299 - - - -] volume service is down. (host: rack03-server59@lvm-1)
2022-08-31 21:20:59.322 7 WARNING cinder.scheduler.host_manager [None req-200eb391-9317-4460-9821-ab61ac69f1c8 c341c327e09643a196eb85bc4ddd04f8 1e3053f4bf374ce3ba1e3cb211cc6682 - - - -] volume service is down. (host: rack03-server59@lvm-1)
2022-08-31 21:20:59.772 7 WARNING cinder.scheduler.host_manager [None req-dbe17c40-c8aa-4464-add9-20008069b36e 2e7604c775384a42ae44203155903223 6f185388aa034da4a8217532fb8b0299 - - - -] volume service is down. (host: rack03-server59@lvm-1)
2022-08-31 21:21:05.114 7 WARNING cinder.scheduler.host_manager [None req-6fa007f9-29aa-4e11-8780-695e1125805b 495baee7c31248fbbda5be971cb7a8a2 b386917650d44046bba3ee2abf4d7fbe - - - -] volume service is down. (host: rack03-server59@lvm-1)
2022-08-31 21:21:06.345 7 WARNING cinder.scheduler.host_manager [None req-56cd3898-dce5-48e3-809e-f803c7b7888a 495baee7c31248fbbda5be971cb7a8a2 b386917650d44046bba3ee2abf4d7fbe - - - -] volume service is down. (host: rack03-server59@lvm-1)
2022-08-31 21:21:08.569 7 WARNING cinder.scheduler.host_manager [None req-ab1ef684-ea23-4509-9259-fb59782fff5f 495baee7c31248fbbda5be971cb7a8a2 b386917650d44046bba3ee2abf4d7fbe - - - -] volume service is down. (host: rack03-server59@lvm-1)
2022-08-31 21:21:08.821 7 WARNING cinder.scheduler.host_manager [None req-4555ab50-9201-4fe7-84d8-616f1ec30aee c341c327e09643a196eb85bc4ddd04f8 1e3053f4bf374ce3ba1e3cb211cc6682 - - - -] volume service is down. (host: rack03-server59@lvm-1)
2022-08-31 21:21:10.037 7 WARNING cinder.scheduler.host_manager [None req-ae6cb798-1a78-487a-911a-073a9bafdf50 d6df752af1464065a430e3f8e2aa4f86 090292847ec544808d1669d0fd63d024 - - - -] volume service is down. (host: rack03-server59@lvm-1)
2022-08-31 21:21:10.806 7 WARNING cinder.scheduler.host_manager [None req-e99aab88-42d0-4017-84f8-cadae4fd988d 495baee7c31248fbbda5be971cb7a8a2 b386917650d44046bba3ee2abf4d7fbe - - - -] volume service is down. (host: rack03-server59@lvm-1)
2022-08-31 21:21:11.056 7 WARNING cinder.scheduler.host_manager [None req-5e4583b3-632e-49ea-9ca3-b47f121344e7 c341c327e09643a196eb85bc4ddd04f8 1e3053f4bf374ce3ba1e3cb211cc6682 - - - -] volume service is down. (host: rack03-server59@lvm-1)
2022-08-31 21:21:13.460 7 WARNING cinder.scheduler.host_manager [None req-aa277b66-0299-4de1-b4f5-02926bfab0a1 d6df752af1464065a430e3f8e2aa4f86 090292847ec544808d1669d0fd63d024 - - - -] volume service is down. (host: rack03-server59@lvm-1)
2022-08-31 21:21:20.081 7 WARNING cinder.scheduler.host_manager [None req-7c470c4e-56e1-46b5-9876-865f1bc4d0d9 bb248c68e21443a79fdb39035839330e 31d8fa15b12d43f99412e39286e73357 - - - -] volume service is down. (host: rack03-server59@lvm-1)
2022-08-31 21:21:20.348 7 WARNING cinder.scheduler.host_manager [None req-bec15ca7-a777-4f48-bfa7-aa721c5c49a8 c341c327e09643a196eb85bc4ddd04f8 1e3053f4bf374ce3ba1e3cb211cc6682 - - - -] volume service is down. (host: rack03-server59@lvm-1)
2022-08-31 21:21:22.619 7 WARNING cinder.scheduler.host_manager [None req-fad0650b-b850-4cfa-972d-5fcd5918b0e4 c341c327e09643a196eb85bc4ddd04f8 1e3053f4bf374ce3ba1e3cb211cc6682 - - - -] volume service is down. (host: rack03-server59@lvm-1)
2022-08-31 21:21:24.998 7 WARNING cinder.scheduler.host_manager [None req-e968f1ce-9066-4149-bef1-bb288bb57e34 c341c327e09643a196eb85bc4ddd04f8 1e3053f4bf374ce3ba1e3cb211cc6682 - - - -] volume service is down. (host: rack03-server59@lvm-1)
2022-08-31 21:21:26.824 7 WARNING cinder.scheduler.host_manager [None req-1ed8e21c-4b0e-494f-b513-32f29eeab11b 0b15c6e46e744c1bac213bbb91c9092c 86b5e9e5e559454a84f642d3c824d947 - - - -] volume service is down. (host: rack03-server59@lvm-1)
2022-08-31 21:21:28.539 7 WARNING cinder.scheduler.host_manager [None req-2d76ce48-917f-458f-89ae-d5bd809012ca c341c327e09643a196eb85bc4ddd04f8 1e3053f4bf374ce3ba1e3cb211cc6682 - - - -] volume service is down. (host: rack03-server59@lvm-1)
2022-08-31 21:21:30.799 7 WARNING cinder.scheduler.host_manager [None req-66642142-11e7-4e34-9a35-0fc7c74678bf c341c327e09643a196eb85bc4ddd04f8 1e3053f4bf374ce3ba1e3cb211cc6682 - - - -] volume service is down. (host: rack03-server59@lvm-1)
2022-08-31 21:21:33.206 7 WARNING cinder.scheduler.host_manager [None req-0397b88c-4ae0-4d6c-a979-19f2b6665355 c341c327e09643a196eb85bc4ddd04f8 1e3053f4bf374ce3ba1e3cb211cc6682 - - - -] volume service is down. (host: rack03-server59@lvm-1)
2022-08-31 21:21:46.382 7 WARNING cinder.scheduler.host_manager [None req-ec9be1c1-f8aa-41c5-a652-51ddffe3d595 30b5c10a6c964bc3a32abaef447d2941 e0d1255565fe4b2db4898fa41437242d - - - -] volume service is down. (host: rack03-server59@lvm-1)
2022-08-31 21:21:47.602 7 WARNING cinder.scheduler.host_manager [None req-e524f1e2-94ab-400e-8115-eb94ca908411 30b5c10a6c964bc3a32abaef447d2941 e0d1255565fe4b2db4898fa41437242d - - - -] volume service is down. (host: rack03-server59@lvm-1)
2022-08-31 21:22:00.645 7 WARNING cinder.scheduler.host_manager [None req-2c3127a3-2805-4495-b92a-2fe00c20d6fb 9991f6a093e34212a89aba3441f03a61 0090db5cb1ee44dcba93aafd34602475 - - - -] volume service is down. (host: rack03-server59@lvm-1)
2022-08-31 21:22:00.649 7 WARNING cinder.scheduler.host_manager [None req-059560da-d089-4eb4-838e-07b084223e84 5250ff841f7d48cf8c0bd965c011cf62 a4ce41273ad24e548a5f91e823201c9c - - - -] volume service is down. (host: rack03-server59@lvm-1)
2022-08-31 21:22:00.690 7 WARNING cinder.scheduler.host_manager [None req-c87fcf64-f8d6-4a02-9c69-3672a07d2c30 709ff7472bd741a29d49dbad7f70645c 2f4241a9444b497e94b79d81c648e1a1 - - - -] volume service is down. (host: rack03-server59@lvm-1)
2022-08-31 21:22:00.774 7 WARNING cinder.scheduler.host_manager [None req-388d1ca1-63c2-4cd2-8c9e-7340b4c7b8a6 5250ff841f7d48cf8c0bd965c011cf62 a4ce41273ad24e548a5f91e823201c9c - - - -] volume service is down. (host: rack03-server59@lvm-1)
2022-08-31 21:22:00.974 7 WARNING cinder.scheduler.host_manager [None req-a0bbf47a-8a1b-4ddc-8e41-ef71a294afba 5250ff841f7d48cf8c0bd965c011cf62 a4ce41273ad24e548a5f91e823201c9c - - - -] volume service is down. (host: rack03-server59@lvm-1)
2022-08-31 21:22:01.151 7 WARNING cinder.scheduler.host_manager [None req-c471a0ae-ada1-4d9f-acbd-e9f3f025583c 5250ff841f7d48cf8c0bd965c011cf62 a4ce41273ad24e548a5f91e823201c9c - - - -] volume service is down. (host: rack03-server59@lvm-1)
2022-08-31 21:22:01.345 7 WARNING cinder.scheduler.host_manager [None req-1958165f-e651-4a56-8292-ec2374295e50 5250ff841f7d48cf8c0bd965c011cf62 a4ce41273ad24e548a5f91e823201c9c - - - -] volume service is down. (host: rack03-server59@lvm-1)
2022-08-31 21:22:01.825 7 WARNING cinder.scheduler.host_manager [None req-5ee088df-14e0-4d0d-a929-465cb82b4e24 9991f6a093e34212a89aba3441f03a61 0090db5cb1ee44dcba93aafd34602475 - - - -] volume service is down. (host: rack03-server59@lvm-1)
2022-08-31 21:22:01.897 7 WARNING cinder.scheduler.host_manager [None req-2ab660b0-9d56-4c99-a5f3-89d00a282140 709ff7472bd741a29d49dbad7f70645c 2f4241a9444b497e94b79d81c648e1a1 - - - -] volume service is down. (host: rack03-server59@lvm-1)
2022-08-31 21:22:02.094 7 WARNING cinder.scheduler.host_manager [None req-94a43be4-dcfc-4f98-b7e4-1fcbe251f844 709ff7472bd741a29d49dbad7f70645c 2f4241a9444b497e94b79d81c648e1a1 - - - -] volume service is down. (host: rack03-server59@lvm-1)
2022-08-31 21:22:02.326 7 WARNING cinder.scheduler.host_manager [None req-7fa5c4c1-dc23-4990-ad98-9870f668b348 709ff7472bd741a29d49dbad7f70645c 2f4241a9444b497e94b79d81c648e1a1 - - - -] volume service is down. (host: rack03-server59@lvm-1)
2022-08-31 21:22:02.515 7 WARNING cinder.scheduler.host_manager [None req-528011f3-b6bd-45ed-9aa3-eb4adddc60a4 709ff7472bd741a29d49dbad7f70645c 2f4241a9444b497e94b79d81c648e1a1 - - - -] volume service is down. (host: rack03-server59@lvm-1)
2022-08-31 21:22:02.703 7 WARNING cinder.scheduler.host_manager [None req-907ef72a-0a14-4780-8958-f20ab38d30f5 709ff7472bd741a29d49dbad7f70645c 2f4241a9444b497e94b79d81c648e1a1 - - - -] volume service is down. (host: rack03-server59@lvm-1)
2022-08-31 21:22:04.141 7 WARNING cinder.scheduler.host_manager [None req-4c57013d-e9d0-421c-bda4-dc7f402b8a2f 9991f6a093e34212a89aba3441f03a61 0090db5cb1ee44dcba93aafd34602475 - - - -] volume service is down. (host: rack03-server59@lvm-1)
2022-08-31 21:22:04.344 7 WARNING cinder.scheduler.host_manager [None req-b0b725d2-19d0-4a41-8848-302536c9c64e 9991f6a093e34212a89aba3441f03a61 0090db5cb1ee44dcba93aafd34602475 - - - -] volume service is down. (host: rack03-server59@lvm-1)
2022-08-31 21:22:04.547 7 WARNING cinder.scheduler.host_manager [None req-f65f924e-c8ec-4230-b283-3711717ea27d 9991f6a093e34212a89aba3441f03a61 0090db5cb1ee44dcba93aafd34602475 - - - -] volume service is down. (host: rack03-server59@lvm-1)
2022-08-31 21:22:04.773 7 WARNING cinder.scheduler.host_manager [None req-1037368f-075a-47a0-be71-41ffa8d9d7c6 9991f6a093e34212a89aba3441f03a61 0090db5cb1ee44dcba93aafd34602475 - - - -] volume service is down. (host: rack03-server59@lvm-1)
2022-08-31 21:22:04.967 7 WARNING cinder.scheduler.host_manager [None req-61af1e52-cb86-4bae-9625-6a1fb624db6e 9991f6a093e34212a89aba3441f03a61 0090db5cb1ee44dcba93aafd34602475 - - - -] volume service is down. (host: rack03-server59@lvm-1)
2022-08-31 21:22:11.737 7 WARNING cinder.scheduler.host_manager [None req-c596cdfb-5d29-422c-adfa-a5efe268684b 4ab287e7c41548f8889ee65cc4826ed6 e91565f0c75741e9a9939d2c4352b5f2 - - - -] volume service is down. (host: rack03-server59@lvm-1)
2022-08-31 21:22:14.153 7 WARNING cinder.scheduler.host_manager [None req-5570b9ef-df66-44bd-befb-5ad3229c85c3 4ab287e7c41548f8889ee65cc4826ed6 e91565f0c75741e9a9939d2c4352b5f2 - - - -] volume service is down. (host: rack03-server59@lvm-1)
2022-08-31 21:22:16.483 7 WARNING cinder.scheduler.host_manager [None req-cb1886b5-1c65-429c-8201-2398f60c1ec5 4ab287e7c41548f8889ee65cc4826ed6 e91565f0c75741e9a9939d2c4352b5f2 - - - -] volume service is down. (host: rack03-server59@lvm-1)
