Build Started 03_08_2022_05_03_19
2022-08-03 08:05:16.880 7 WARNING cinder.scheduler.host_manager [req-5a50ba9a-27f0-4a4c-933d-a4e55849bc9a 207d07e1168f43b0b670588597b9d0c0 3962357d21e84177a25f60fd2d70ed6e - - -] volume service is down. (host: rack03-server59@lvm-1)
2022-08-03 08:05:17.113 7 WARNING cinder.scheduler.host_manager [req-a7244a77-e7f0-4839-af48-7240070e74ed 156337179ebd463fb49f897ed29b043d f99f946d50b346b7b753111fea299ff0 - - -] volume service is down. (host: rack03-server59@lvm-1)
2022-08-03 08:05:17.126 7 WARNING cinder.scheduler.host_manager [req-f0c1b586-3110-4a56-aa2b-400fb4438b57 b49c4e7f90e747bda4e4571df67d7838 c99b699ceb044caabbd18268283202df - - -] volume service is down. (host: rack03-server59@lvm-1)
2022-08-03 08:05:19.965 7 WARNING cinder.scheduler.host_manager [req-4a0d1c7a-2eca-4176-8e9d-a7489e24671c 156337179ebd463fb49f897ed29b043d f99f946d50b346b7b753111fea299ff0 - - -] volume service is down. (host: rack03-server59@lvm-1)
2022-08-03 08:05:43.137 7 WARNING cinder.scheduler.host_manager [req-db08cab6-e1c7-4f81-a4fa-17aee4828366 c2aec670e61d4288a9912cb000754b9a a72b289c00744ea2add16fab9cdea170 - - -] volume service is down. (host: rack03-server59@lvm-1)
2022-08-03 08:05:43.145 7 WARNING cinder.scheduler.host_manager [req-db08cab6-e1c7-4f81-a4fa-17aee4828366 c2aec670e61d4288a9912cb000754b9a a72b289c00744ea2add16fab9cdea170 - - -] volume service is down. (host: rack03-server59@lvm-1)
2022-08-03 08:05:44.672 7 WARNING cinder.scheduler.host_manager [req-b0472151-af65-4418-b81a-a917b75156fe c2aec670e61d4288a9912cb000754b9a a72b289c00744ea2add16fab9cdea170 - - -] volume service is down. (host: rack03-server59@lvm-1)
2022-08-03 08:05:47.040 7 WARNING cinder.scheduler.host_manager [req-7d65b845-3c4f-47aa-a6e6-8604d3f2f827 c2aec670e61d4288a9912cb000754b9a a72b289c00744ea2add16fab9cdea170 - - -] volume service is down. (host: rack03-server59@lvm-1)
2022-08-03 08:05:54.283 7 WARNING cinder.scheduler.host_manager [req-e45e8576-971b-4688-9249-2690572f6b05 207d07e1168f43b0b670588597b9d0c0 3962357d21e84177a25f60fd2d70ed6e - - -] volume service is down. (host: rack03-server59@lvm-1)
2022-08-03 08:05:57.853 7 WARNING cinder.scheduler.host_manager [req-118df67e-d656-44d5-822e-b8688c026a70 207d07e1168f43b0b670588597b9d0c0 3962357d21e84177a25f60fd2d70ed6e - - -] volume service is down. (host: rack03-server59@lvm-1)
2022-08-03 08:05:58.426 7 WARNING cinder.scheduler.host_manager [req-c625e973-5f3c-410c-a5be-f46447e9aa96 b49c4e7f90e747bda4e4571df67d7838 c99b699ceb044caabbd18268283202df - - -] volume service is down. (host: rack03-server59@lvm-1)
2022-08-03 08:05:59.479 7 WARNING cinder.scheduler.host_manager [req-d8d025b6-ccf4-4006-ab2a-28b9715b9883 ab2745cab26945dabfc5673d2c8e3766 3b9234cab7ae4dec8e4a51f5edfd1f42 - - -] volume service is down. (host: rack03-server59@lvm-1)
2022-08-03 08:05:59.480 7 INFO cinder.scheduler.base_filter [req-d8d025b6-ccf4-4006-ab2a-28b9715b9883 ab2745cab26945dabfc5673d2c8e3766 3b9234cab7ae4dec8e4a51f5edfd1f42 - - -] Filtering removed all hosts for the request with volume ID '170a4b1c-fecc-4d00-9239-b118a490d7d5'. Filter results: AvailabilityZoneFilter: (start: 1, end: 1), CapacityFilter: (start: 1, end: 1), CapabilitiesFilter: (start: 1, end: 0)
2022-08-03 08:05:59.481 7 WARNING cinder.scheduler.filter_scheduler [req-d8d025b6-ccf4-4006-ab2a-28b9715b9883 ab2745cab26945dabfc5673d2c8e3766 3b9234cab7ae4dec8e4a51f5edfd1f42 - - -] No weighed backend found for volume with properties: {'id': '24751959-fb02-48b4-b553-860a6dc592bd', 'name': 'tempest-UserMessagesTest-volume-type-721110032', 'description': None, 'is_public': True, 'projects': [], 'extra_specs': {'storage_protocol': 'tempest-storage_protocol-2143964056', 'vendor_name': 'tempest-vendor_name-1403357941'}, 'qos_specs_id': None, 'created_at': '2022-08-03T05:05:58.000000', 'updated_at': None, 'deleted_at': None, 'deleted': False}
2022-08-03 08:05:59.482 7 INFO cinder.message.api [req-d8d025b6-ccf4-4006-ab2a-28b9715b9883 ab2745cab26945dabfc5673d2c8e3766 3b9234cab7ae4dec8e4a51f5edfd1f42 - - -] Creating message record for request_id = req-d8d025b6-ccf4-4006-ab2a-28b9715b9883
2022-08-03 08:05:59.488 7 ERROR cinder.scheduler.flows.create_volume [req-d8d025b6-ccf4-4006-ab2a-28b9715b9883 ab2745cab26945dabfc5673d2c8e3766 3b9234cab7ae4dec8e4a51f5edfd1f42 - - -] Failed to run task cinder.scheduler.flows.create_volume.ScheduleCreateVolumeTask;volume:create: No valid backend was found. No weighed backends available: cinder.exception.NoValidBackend: No valid backend was found. No weighed backends available
2022-08-03 08:06:01.095 7 WARNING cinder.scheduler.host_manager [req-5d009792-c123-4e74-8c8e-9b1d4ba75f21 ab2745cab26945dabfc5673d2c8e3766 3b9234cab7ae4dec8e4a51f5edfd1f42 - - -] volume service is down. (host: rack03-server59@lvm-1)
2022-08-03 08:06:01.096 7 INFO cinder.scheduler.base_filter [req-5d009792-c123-4e74-8c8e-9b1d4ba75f21 ab2745cab26945dabfc5673d2c8e3766 3b9234cab7ae4dec8e4a51f5edfd1f42 - - -] Filtering removed all hosts for the request with volume ID '99088f4c-5868-445a-aaff-6042fca74a91'. Filter results: AvailabilityZoneFilter: (start: 1, end: 1), CapacityFilter: (start: 1, end: 1), CapabilitiesFilter: (start: 1, end: 0)
2022-08-03 08:06:01.096 7 WARNING cinder.scheduler.filter_scheduler [req-5d009792-c123-4e74-8c8e-9b1d4ba75f21 ab2745cab26945dabfc5673d2c8e3766 3b9234cab7ae4dec8e4a51f5edfd1f42 - - -] No weighed backend found for volume with properties: {'id': 'a35a450c-37a4-46e4-beea-5f079f46f84b', 'name': 'tempest-UserMessagesTest-volume-type-209081248', 'description': None, 'is_public': True, 'projects': [], 'extra_specs': {'storage_protocol': 'tempest-storage_protocol-1633723971', 'vendor_name': 'tempest-vendor_name-1341557166'}, 'qos_specs_id': None, 'created_at': '2022-08-03T05:06:00.000000', 'updated_at': None, 'deleted_at': None, 'deleted': False}
2022-08-03 08:06:01.097 7 INFO cinder.message.api [req-5d009792-c123-4e74-8c8e-9b1d4ba75f21 ab2745cab26945dabfc5673d2c8e3766 3b9234cab7ae4dec8e4a51f5edfd1f42 - - -] Creating message record for request_id = req-5d009792-c123-4e74-8c8e-9b1d4ba75f21
2022-08-03 08:06:01.102 7 ERROR cinder.scheduler.flows.create_volume [req-5d009792-c123-4e74-8c8e-9b1d4ba75f21 ab2745cab26945dabfc5673d2c8e3766 3b9234cab7ae4dec8e4a51f5edfd1f42 - - -] Failed to run task cinder.scheduler.flows.create_volume.ScheduleCreateVolumeTask;volume:create: No valid backend was found. No weighed backends available: cinder.exception.NoValidBackend: No valid backend was found. No weighed backends available
2022-08-03 08:06:13.574 7 WARNING cinder.scheduler.host_manager [req-093a4be1-f2ab-4464-8b20-cdae19eb6e57 dedc10bf77374b3eb42c71ced85bebbe cd154a0a49ed496eb702c8d15e6c18f4 - - -] volume service is down. (host: rack03-server59@lvm-1)
2022-08-03 08:06:21.730 7 WARNING cinder.scheduler.host_manager [req-0997a391-0bdf-44d7-834d-e8681596e90c 152a65d481444028b179c78ba0e0c703 0e66c3b4f7b44c50b29be9669ac175f6 - - -] volume service is down. (host: rack03-server59@lvm-1)
2022-08-03 08:06:25.479 7 WARNING cinder.scheduler.host_manager [req-e1bfc03f-7f51-472d-9e35-a9238dc77b67 152a65d481444028b179c78ba0e0c703 0e66c3b4f7b44c50b29be9669ac175f6 - - -] volume service is down. (host: rack03-server59@lvm-1)
2022-08-03 08:06:37.224 7 WARNING cinder.scheduler.host_manager [req-1dc354cf-7fc6-45d3-9625-e0703b997323 4b96a2c8a77d418995578eb405d73c0a ad6f10d6f2e546b5952ba03515ca15d7 - - -] volume service is down. (host: rack03-server59@lvm-1)
2022-08-03 08:06:47.695 7 WARNING cinder.scheduler.host_manager [req-c2a064ef-90de-4f0a-b814-942723802e94 026352a3d0fd40998d9688bf98378e5f d981b9c32b474fbc8715f44767d838fe - - -] volume service is down. (host: rack03-server59@lvm-1)
2022-08-03 08:07:02.165 7 WARNING cinder.scheduler.host_manager [req-c24bcdfe-bf1e-4186-827c-a875d9c4d083 5f9e5bcfde7e446e94afb7f74728d814 3ea8f78b884742538f184b604203ed69 - - -] volume service is down. (host: rack03-server59@lvm-1)
2022-08-03 08:07:04.526 7 WARNING cinder.scheduler.host_manager [req-9e7a544a-0f8c-4058-ac61-452429125ea5 5f9e5bcfde7e446e94afb7f74728d814 3ea8f78b884742538f184b604203ed69 - - -] volume service is down. (host: rack03-server59@lvm-1)
2022-08-03 08:08:56.809 7 WARNING cinder.scheduler.host_manager [req-b295c49d-8e55-44a1-8981-26a47328186f 6a24506333814d4c85741cf7fbba006e ba0d0ee1aef24d55881b781e61820b35 - - -] volume service is down. (host: rack03-server59@lvm-1)
2022-08-03 08:10:55.938 7 WARNING cinder.scheduler.host_manager [req-5f140823-62c8-413a-a36c-244f4cf8cc2b 6a24506333814d4c85741cf7fbba006e ba0d0ee1aef24d55881b781e61820b35 - - -] volume service is down. (host: rack03-server59@lvm-1)
2022-08-03 08:10:59.651 7 WARNING cinder.scheduler.host_manager [req-b6caa14b-9e25-461d-aecc-055dbb4c26ad 6a24506333814d4c85741cf7fbba006e ba0d0ee1aef24d55881b781e61820b35 - - -] volume service is down. (host: rack03-server59@lvm-1)
2022-08-03 08:11:03.421 7 WARNING cinder.scheduler.host_manager [req-91131d5f-b246-4c92-9f2d-6f833bc43f35 6a24506333814d4c85741cf7fbba006e ba0d0ee1aef24d55881b781e61820b35 - - -] volume service is down. (host: rack03-server59@lvm-1)
2022-08-03 08:11:07.187 7 WARNING cinder.scheduler.host_manager [req-fe4d79c3-5d4e-429f-9017-1958aec2d706 6a24506333814d4c85741cf7fbba006e ba0d0ee1aef24d55881b781e61820b35 - - -] volume service is down. (host: rack03-server59@lvm-1)
2022-08-03 08:11:10.915 7 WARNING cinder.scheduler.host_manager [req-8c7edcbd-a6aa-4f00-946e-cb964c90079d 6a24506333814d4c85741cf7fbba006e ba0d0ee1aef24d55881b781e61820b35 - - -] volume service is down. (host: rack03-server59@lvm-1)
2022-08-03 08:11:21.464 7 WARNING cinder.scheduler.host_manager [req-c6485272-91ba-4bae-acf9-7c3b71ce032d 6e3d6dca81584c389435ba59dcafea18 7173004a290241c9abedd42b27480076 - - -] volume service is down. (host: rack03-server59@lvm-1)
2022-08-03 08:11:28.522 7 WARNING cinder.scheduler.host_manager [req-2c75e2b8-f1f7-47d8-ac4c-f6aafe7764e9 db988bb9ef26480fad2ec089969f645f 529ec485c1ef4aabb66211d8befb7e38 - - -] volume service is down. (host: rack03-server59@lvm-1)
2022-08-03 08:11:30.860 7 WARNING cinder.scheduler.host_manager [req-76a98234-27da-4065-863a-281de0c7e1a7 db988bb9ef26480fad2ec089969f645f 529ec485c1ef4aabb66211d8befb7e38 - - -] volume service is down. (host: rack03-server59@lvm-1)
2022-08-03 08:11:33.170 7 WARNING cinder.scheduler.host_manager [req-dcadb0b5-ad5e-4ae7-98c3-bd77c7a35d82 db988bb9ef26480fad2ec089969f645f 529ec485c1ef4aabb66211d8befb7e38 - - -] volume service is down. (host: rack03-server59@lvm-1)
2022-08-03 08:11:36.887 7 WARNING cinder.scheduler.host_manager [req-d1f761e6-d9eb-4621-b9a0-1ccf4754aca0 db988bb9ef26480fad2ec089969f645f 529ec485c1ef4aabb66211d8befb7e38 - - -] volume service is down. (host: rack03-server59@lvm-1)
2022-08-03 08:11:39.210 7 WARNING cinder.scheduler.host_manager [req-a188904f-43f0-4b24-8a3a-a7b4106b9995 db988bb9ef26480fad2ec089969f645f 529ec485c1ef4aabb66211d8befb7e38 - - -] volume service is down. (host: rack03-server59@lvm-1)
2022-08-03 08:11:41.695 7 WARNING cinder.scheduler.host_manager [req-67f71ff0-1c9b-48d2-9075-35a9cb509dae db988bb9ef26480fad2ec089969f645f 529ec485c1ef4aabb66211d8befb7e38 - - -] volume service is down. (host: rack03-server59@lvm-1)
2022-08-03 08:11:52.983 7 WARNING cinder.scheduler.host_manager [req-c906c5ff-2460-45ea-aa49-26d24a7257da 7fcdbfc64a684d9ca1740159156ced74 5277ddfb2f914ad094c39079af1445c9 - - -] volume service is down. (host: rack03-server59@lvm-1)
2022-08-03 08:11:57.902 7 WARNING cinder.scheduler.host_manager [req-d3b880b0-ac2b-44b5-acc1-690e2b89bf26 7fcdbfc64a684d9ca1740159156ced74 5277ddfb2f914ad094c39079af1445c9 - - -] volume service is down. (host: rack03-server59@lvm-1)
2022-08-03 08:12:04.610 7 WARNING cinder.scheduler.host_manager [req-b7174f37-8c55-4d30-a675-9f971fa8e185 839be136ceef4f23832f2d00f73aa340 9c6978d68f8d46b58195b97274227128 - - -] volume service is down. (host: rack03-server59@lvm-1)
2022-08-03 08:12:05.392 7 WARNING cinder.scheduler.host_manager [req-f264db30-1427-42dc-bf77-baaba146228b d323b4bd0be140728870b162955ae171 f046db3ccf6d4fe1a016080d579e3dc3 - - -] volume service is down. (host: rack03-server59@lvm-1)
2022-08-03 08:12:11.389 7 WARNING cinder.scheduler.host_manager [req-b3392023-da0e-4476-9bf2-24de3e971c70 c4cbad0105654e67ae1dcb5b51dfd12f 6b56604f947149ee9234a65d3d18252c - - -] volume service is down. (host: rack03-server59@lvm-1)
2022-08-03 08:12:13.927 7 WARNING cinder.scheduler.host_manager [req-104dcb48-5240-44b3-8f8e-826b0d50de22 c4cbad0105654e67ae1dcb5b51dfd12f 6b56604f947149ee9234a65d3d18252c - - -] volume service is down. (host: rack03-server59@lvm-1)
2022-08-03 08:12:16.464 7 WARNING cinder.scheduler.host_manager [req-9b44b554-0389-4c9b-98dd-ee27cea9eec8 c4cbad0105654e67ae1dcb5b51dfd12f 6b56604f947149ee9234a65d3d18252c - - -] volume service is down. (host: rack03-server59@lvm-1)
2022-08-03 08:12:27.645 7 WARNING cinder.scheduler.host_manager [req-c6b2aa4c-bd38-4f6e-bda5-b1def04155c1 dcb78df7b32b4f7ba4743420109cfc1c f396b5f419f84f0a88db2ee3452710e8 - - -] volume service is down. (host: rack03-server59@lvm-1)
2022-08-03 08:12:27.686 7 WARNING cinder.scheduler.host_manager [req-dc56787f-bf41-4684-a883-8b2ec0db203b dcb78df7b32b4f7ba4743420109cfc1c f396b5f419f84f0a88db2ee3452710e8 - - -] volume service is down. (host: rack03-server59@lvm-1)
2022-08-03 08:12:37.968 7 WARNING cinder.scheduler.host_manager [req-f739e364-62d2-49bb-8056-c4b5e7f620b5 6b44a2961a144e01b6f17801f688db72 397faab5df56445caeb243efa1a883b9 - - -] volume service is down. (host: rack03-server59@lvm-1)
2022-08-03 08:12:37.977 7 WARNING cinder.scheduler.host_manager [req-f739e364-62d2-49bb-8056-c4b5e7f620b5 6b44a2961a144e01b6f17801f688db72 397faab5df56445caeb243efa1a883b9 - - -] volume service is down. (host: rack03-server59@lvm-1)
2022-08-03 08:12:39.477 7 WARNING cinder.scheduler.host_manager [req-bffcc341-42bd-47bd-a9fa-48bed2fbc5c4 6b44a2961a144e01b6f17801f688db72 397faab5df56445caeb243efa1a883b9 - - -] volume service is down. (host: rack03-server59@lvm-1)
2022-08-03 08:12:44.253 7 WARNING cinder.scheduler.host_manager [req-33a18376-dcde-4ce7-83cf-99ec3b0b5008 6b44a2961a144e01b6f17801f688db72 397faab5df56445caeb243efa1a883b9 - - -] volume service is down. (host: rack03-server59@lvm-1)
2022-08-03 08:12:50.054 7 WARNING cinder.scheduler.host_manager [req-3f4d80b5-f51f-48c7-a651-153e8f0960e2 6b44a2961a144e01b6f17801f688db72 397faab5df56445caeb243efa1a883b9 - - -] volume service is down. (host: rack03-server59@lvm-1)
2022-08-03 08:12:50.061 7 WARNING cinder.scheduler.host_manager [req-3f4d80b5-f51f-48c7-a651-153e8f0960e2 6b44a2961a144e01b6f17801f688db72 397faab5df56445caeb243efa1a883b9 - - -] volume service is down. (host: rack03-server59@lvm-1)
2022-08-03 08:12:51.793 7 WARNING cinder.scheduler.host_manager [req-eac34a2d-c3c6-4b3b-a8a0-f3195fb410ea 6b44a2961a144e01b6f17801f688db72 397faab5df56445caeb243efa1a883b9 - - -] volume service is down. (host: rack03-server59@lvm-1)
2022-08-03 08:12:54.374 7 WARNING cinder.scheduler.host_manager [req-61a50b3c-a248-45f5-b3b7-6913681bc622 6b44a2961a144e01b6f17801f688db72 397faab5df56445caeb243efa1a883b9 - - -] volume service is down. (host: rack03-server59@lvm-1)
2022-08-03 08:13:07.819 7 WARNING cinder.scheduler.host_manager [req-4aa4db54-9c57-4f39-9b52-95dc93e7b7d6 6b44a2961a144e01b6f17801f688db72 397faab5df56445caeb243efa1a883b9 - - -] volume service is down. (host: rack03-server59@lvm-1)
2022-08-03 08:13:07.826 7 WARNING cinder.scheduler.host_manager [req-4aa4db54-9c57-4f39-9b52-95dc93e7b7d6 6b44a2961a144e01b6f17801f688db72 397faab5df56445caeb243efa1a883b9 - - -] volume service is down. (host: rack03-server59@lvm-1)
2022-08-03 08:13:09.289 7 WARNING cinder.scheduler.host_manager [req-351ef44b-44c2-4d46-9626-14d0a0cb7209 6b44a2961a144e01b6f17801f688db72 397faab5df56445caeb243efa1a883b9 - - -] volume service is down. (host: rack03-server59@lvm-1)
2022-08-03 08:13:22.504 7 WARNING cinder.scheduler.host_manager [req-4aa99ca4-641b-46e3-9440-60d295edab40 c4cf3cebc5cc4fd88ad51d1334479b5b 695150b8749649fda32131096090977b - - -] volume service is down. (host: rack03-server59@lvm-1)
2022-08-03 08:13:22.511 7 WARNING cinder.scheduler.host_manager [req-4aa99ca4-641b-46e3-9440-60d295edab40 c4cf3cebc5cc4fd88ad51d1334479b5b 695150b8749649fda32131096090977b - - -] volume service is down. (host: rack03-server59@lvm-1)
2022-08-03 08:13:24.017 7 WARNING cinder.scheduler.host_manager [req-9feb41bd-ab7e-4bc6-9b69-76929480801c c4cf3cebc5cc4fd88ad51d1334479b5b 695150b8749649fda32131096090977b - - -] volume service is down. (host: rack03-server59@lvm-1)
2022-08-03 08:13:37.242 7 WARNING cinder.scheduler.host_manager [req-10aea229-2e6b-4047-9e24-269e7d6efe1c d2ca216450074f9abe0c28b0dbd33b59 89136d6facd94ca6881e4e60df6d2810 - - -] volume service is down. (host: rack03-server59@lvm-1)
2022-08-03 08:13:37.250 7 WARNING cinder.scheduler.host_manager [req-10aea229-2e6b-4047-9e24-269e7d6efe1c d2ca216450074f9abe0c28b0dbd33b59 89136d6facd94ca6881e4e60df6d2810 - - -] volume service is down. (host: rack03-server59@lvm-1)
2022-08-03 08:13:38.460 7 WARNING cinder.scheduler.host_manager [req-48b3c2e0-eb8b-40dc-acdd-32730e8460e7 d2ca216450074f9abe0c28b0dbd33b59 89136d6facd94ca6881e4e60df6d2810 - - -] volume service is down. (host: rack03-server59@lvm-1)
2022-08-03 08:13:38.469 7 WARNING cinder.scheduler.host_manager [req-48b3c2e0-eb8b-40dc-acdd-32730e8460e7 d2ca216450074f9abe0c28b0dbd33b59 89136d6facd94ca6881e4e60df6d2810 - - -] volume service is down. (host: rack03-server59@lvm-1)
2022-08-03 08:13:39.973 7 WARNING cinder.scheduler.host_manager [req-f6c40fc5-4aea-4073-9065-df2cebfbb1e1 d2ca216450074f9abe0c28b0dbd33b59 89136d6facd94ca6881e4e60df6d2810 - - -] volume service is down. (host: rack03-server59@lvm-1)
2022-08-03 08:13:45.363 7 WARNING cinder.scheduler.host_manager [req-cc22d046-48b0-4525-a016-6aacfc250a76 d2ca216450074f9abe0c28b0dbd33b59 89136d6facd94ca6881e4e60df6d2810 - - -] volume service is down. (host: rack03-server59@lvm-1)
2022-08-03 08:13:45.370 7 WARNING cinder.scheduler.host_manager [req-cc22d046-48b0-4525-a016-6aacfc250a76 d2ca216450074f9abe0c28b0dbd33b59 89136d6facd94ca6881e4e60df6d2810 - - -] volume service is down. (host: rack03-server59@lvm-1)
2022-08-03 08:13:46.833 7 WARNING cinder.scheduler.host_manager [req-c26d80b6-35ad-46c9-becd-58382741b585 d2ca216450074f9abe0c28b0dbd33b59 89136d6facd94ca6881e4e60df6d2810 - - -] volume service is down. (host: rack03-server59@lvm-1)
2022-08-03 08:13:49.382 7 WARNING cinder.scheduler.host_manager [req-e45e1b7e-759b-4962-b3c0-e3aa46073073 d2ca216450074f9abe0c28b0dbd33b59 89136d6facd94ca6881e4e60df6d2810 - - -] volume service is down. (host: rack03-server59@lvm-1)
2022-08-03 08:13:57.101 7 WARNING cinder.scheduler.host_manager [req-6a764b4b-8394-430c-ace2-5c888803dea7 207d07e1168f43b0b670588597b9d0c0 3962357d21e84177a25f60fd2d70ed6e - - -] volume service is down. (host: rack03-server59@lvm-1)
2022-08-03 08:13:59.424 7 WARNING cinder.scheduler.host_manager [req-29c46284-c5da-4e36-a0d3-30c203721355 207d07e1168f43b0b670588597b9d0c0 3962357d21e84177a25f60fd2d70ed6e - - -] volume service is down. (host: rack03-server59@lvm-1)
2022-08-03 08:14:01.329 7 WARNING cinder.scheduler.host_manager [req-7770d8fa-5fb5-406c-9e39-8df83f246eb9 4f620cfa8bd44cd8a8d27799c86b91a3 4fa8221669a64e519ff7e75eff6c9332 - - -] volume service is down. (host: rack03-server59@lvm-1)
2022-08-03 08:14:01.336 7 WARNING cinder.scheduler.host_manager [req-7770d8fa-5fb5-406c-9e39-8df83f246eb9 4f620cfa8bd44cd8a8d27799c86b91a3 4fa8221669a64e519ff7e75eff6c9332 - - -] volume service is down. (host: rack03-server59@lvm-1)
2022-08-03 08:14:01.916 7 WARNING cinder.scheduler.host_manager [req-1a44f518-b88a-478b-b212-d0ab653d8a58 207d07e1168f43b0b670588597b9d0c0 3962357d21e84177a25f60fd2d70ed6e - - -] volume service is down. (host: rack03-server59@lvm-1)
2022-08-03 08:14:05.573 7 WARNING cinder.scheduler.host_manager [req-7de49523-96c0-4ec0-b839-28cf5ce76936 207d07e1168f43b0b670588597b9d0c0 3962357d21e84177a25f60fd2d70ed6e - - -] volume service is down. (host: rack03-server59@lvm-1)
2022-08-03 08:14:07.884 7 WARNING cinder.scheduler.host_manager [req-7165e649-c021-4039-998e-acc6085c09d1 207d07e1168f43b0b670588597b9d0c0 3962357d21e84177a25f60fd2d70ed6e - - -] volume service is down. (host: rack03-server59@lvm-1)
2022-08-03 08:14:10.589 7 WARNING cinder.scheduler.host_manager [req-2724aa72-ca9d-4d9a-80c8-29901aced1c7 207d07e1168f43b0b670588597b9d0c0 3962357d21e84177a25f60fd2d70ed6e - - -] volume service is down. (host: rack03-server59@lvm-1)
2022-08-03 08:14:16.625 7 WARNING cinder.scheduler.host_manager [req-d84c9874-c310-4b1e-9534-6436587883ab d0d9ca934dd346099036bef00ff3c90c 8d31ee114049419cb418bbed0c378bf7 - - -] volume service is down. (host: rack03-server59@lvm-1)
2022-08-03 08:14:18.992 7 WARNING cinder.scheduler.host_manager [req-09b10395-c3bc-4d70-b5a2-1b93f6520131 d0d9ca934dd346099036bef00ff3c90c 8d31ee114049419cb418bbed0c378bf7 - - -] volume service is down. (host: rack03-server59@lvm-1)
2022-08-03 08:14:21.621 7 WARNING cinder.scheduler.host_manager [req-3f0a246f-bdf4-47a7-beb4-4b7899a79f98 d0d9ca934dd346099036bef00ff3c90c 8d31ee114049419cb418bbed0c378bf7 - - -] volume service is down. (host: rack03-server59@lvm-1)
2022-08-03 08:14:25.193 7 WARNING cinder.scheduler.host_manager [req-ba8f4367-83c4-4d7f-8750-a1a554662f51 d0d9ca934dd346099036bef00ff3c90c 8d31ee114049419cb418bbed0c378bf7 - - -] volume service is down. (host: rack03-server59@lvm-1)
2022-08-03 08:14:28.759 7 WARNING cinder.scheduler.host_manager [req-a35d9f41-d4c5-475a-ae91-e68e404083d7 d0d9ca934dd346099036bef00ff3c90c 8d31ee114049419cb418bbed0c378bf7 - - -] volume service is down. (host: rack03-server59@lvm-1)
2022-08-03 08:14:32.339 7 WARNING cinder.scheduler.host_manager [req-660c237c-52c2-41d2-b8ba-c1d359e1e93d d0d9ca934dd346099036bef00ff3c90c 8d31ee114049419cb418bbed0c378bf7 - - -] volume service is down. (host: rack03-server59@lvm-1)
2022-08-03 08:14:51.092 7 WARNING cinder.scheduler.host_manager [req-8e3d200c-28d2-439d-8cd0-e9eaae03094f 042abf29ebe24212b6e4968aa72592f7 208fee730f7a4f178a41bdf50c38f642 - - -] volume service is down. (host: rack03-server59@lvm-1)
2022-08-03 08:14:53.604 7 WARNING cinder.scheduler.host_manager [req-03853b12-4868-4510-8590-18a9cb8fc35b 042abf29ebe24212b6e4968aa72592f7 208fee730f7a4f178a41bdf50c38f642 - - -] volume service is down. (host: rack03-server59@lvm-1)
2022-08-03 08:15:13.281 7 WARNING cinder.scheduler.host_manager [req-5732d854-0b2a-4a0a-bbf6-7a8fe9686b9c 5d4ca13cd03c49c089680e6cd9d74a30 c669c12ce3d14f59bfcdc9943060cb34 - - -] volume service is down. (host: rack03-server59@lvm-1)
2022-08-03 08:15:15.831 7 WARNING cinder.scheduler.host_manager [req-f75a3747-93b5-4df3-bd61-2e18aeac4ea4 5d4ca13cd03c49c089680e6cd9d74a30 c669c12ce3d14f59bfcdc9943060cb34 - - -] volume service is down. (host: rack03-server59@lvm-1)
2022-08-03 08:15:18.359 7 WARNING cinder.scheduler.host_manager [req-f09562d6-12dc-4b2b-bf5b-22899d92bc35 5d4ca13cd03c49c089680e6cd9d74a30 c669c12ce3d14f59bfcdc9943060cb34 - - -] volume service is down. (host: rack03-server59@lvm-1)
2022-08-03 08:15:21.150 7 WARNING cinder.scheduler.host_manager [req-cf0fa026-3c6a-4bb0-be4d-6897e2ddfbc7 b79fcabe93e9419fae8923a6ae683ad0 61e8fc8cb04f462895ab2dd91962af6c - - -] volume service is down. (host: rack03-server59@lvm-1)
2022-08-03 08:15:36.494 7 WARNING cinder.scheduler.host_manager [req-acc9e517-a316-4e7e-becf-ad10fd3db738 44efd97886144bc7870ea96091f23580 701646204efd4dc4abe48072c7d9e9d7 - - -] volume service is down. (host: rack03-server59@lvm-1)
2022-08-03 08:15:57.214 7 WARNING cinder.scheduler.host_manager [req-7a7a69c7-daa3-4013-a17b-9b992a5fbeb3 7d96f2c5995547ffa749c21c4cdc0e13 a42511969873487bb9cfced322fa6b50 - - -] volume service is down. (host: rack03-server59@lvm-1)
2022-08-03 08:15:59.552 7 WARNING cinder.scheduler.host_manager [req-11aabcf8-9605-4833-8800-f9ab8d49c13e 7d96f2c5995547ffa749c21c4cdc0e13 a42511969873487bb9cfced322fa6b50 - - -] volume service is down. (host: rack03-server59@lvm-1)
2022-08-03 08:16:11.140 7 WARNING cinder.scheduler.host_manager [req-7492ba82-04ac-4548-9f4c-575a5eaec023 25a616461a994900a6e985c4c1eab7df 392f0039e41d4453b2e38ccd5566d443 - - -] volume service is down. (host: rack03-server59@lvm-1)
2022-08-03 08:16:21.689 7 WARNING cinder.scheduler.host_manager [req-a730e1d5-d7f8-42a6-89e4-5f25d77e666e 3e90431410904b95818d96e3ed07defb 420ed5da19704a9189e7bd428baec956 - - -] volume service is down. (host: rack03-server59@lvm-1)
2022-08-03 08:16:25.627 7 WARNING cinder.scheduler.host_manager [req-4082be3b-4a6a-4805-9ea8-d4cd0c24ad5d 3e90431410904b95818d96e3ed07defb 420ed5da19704a9189e7bd428baec956 - - -] volume service is down. (host: rack03-server59@lvm-1)
2022-08-03 08:16:35.129 7 WARNING cinder.scheduler.host_manager [req-0d6e1954-ef31-4629-b066-6d24310f7f87 1396ff258b254736bc5e42cb18eae60d cc43b67985f74f959b63afd4dea1c5b7 - - -] volume service is down. (host: rack03-server59@lvm-1)
2022-08-03 08:18:18.673 7 WARNING cinder.scheduler.host_manager [req-c241a4df-2f3a-4f37-9702-f0bea9a8928a e32b403ebb8d45e393a30898d58409b6 9b6a85cda2884aa6bf12078b1667e04d - - -] volume service is down. (host: rack03-server59@lvm-1)
2022-08-03 08:18:33.912 7 WARNING cinder.scheduler.host_manager [req-93c7d745-f123-4e96-b107-092e70520275 e32b403ebb8d45e393a30898d58409b6 9b6a85cda2884aa6bf12078b1667e04d - - -] volume service is down. (host: rack03-server59@lvm-1)
2022-08-03 08:18:40.687 7 WARNING cinder.scheduler.host_manager [req-52e6f20c-83be-4456-9fd1-eff7ed7116e0 e32b403ebb8d45e393a30898d58409b6 9b6a85cda2884aa6bf12078b1667e04d - - -] volume service is down. (host: rack03-server59@lvm-1)
2022-08-03 08:18:43.176 7 WARNING cinder.scheduler.host_manager [req-9e60a4dd-f722-4b39-88ed-c77b0ce7cdbc e32b403ebb8d45e393a30898d58409b6 9b6a85cda2884aa6bf12078b1667e04d - - -] volume service is down. (host: rack03-server59@lvm-1)
2022-08-03 08:18:54.704 7 WARNING cinder.scheduler.host_manager [req-255802b0-fb14-4924-a815-41110e2e3648 ae8c1ba3ef794bf48e4b725f61eb2f03 069f7824eab54e0b9f24cb8bb0d5709f - - -] volume service is down. (host: rack03-server59@lvm-1)
2022-08-03 08:19:01.440 7 WARNING cinder.scheduler.host_manager [req-014271ef-e44c-4163-bed2-97ca41bb47bd 81c03b829550472792e80dd4a25aedd3 90c454e52bcc41f0b4c283e413163182 - - -] volume service is down. (host: rack03-server59@lvm-1)
2022-08-03 08:19:04.605 7 WARNING cinder.scheduler.host_manager [req-082831d5-6f80-4342-8033-d00c5e0de225 81c03b829550472792e80dd4a25aedd3 90c454e52bcc41f0b4c283e413163182 - - -] volume service is down. (host: rack03-server59@lvm-1)
2022-08-03 08:19:09.442 7 WARNING cinder.scheduler.host_manager [req-b705e1ca-2779-40fd-ab1c-28914b67dd74 81c03b829550472792e80dd4a25aedd3 90c454e52bcc41f0b4c283e413163182 - - -] volume service is down. (host: rack03-server59@lvm-1)
2022-08-03 08:19:11.961 7 WARNING cinder.scheduler.host_manager [req-ea748c51-8136-48c0-b709-19840a174f53 81c03b829550472792e80dd4a25aedd3 90c454e52bcc41f0b4c283e413163182 - - -] volume service is down. (host: rack03-server59@lvm-1)
2022-08-03 08:19:15.708 7 WARNING cinder.scheduler.host_manager [req-121ee1af-30d8-4f64-aa1d-db7d1858f461 81c03b829550472792e80dd4a25aedd3 90c454e52bcc41f0b4c283e413163182 - - -] volume service is down. (host: rack03-server59@lvm-1)
2022-08-03 08:19:20.716 7 WARNING cinder.scheduler.host_manager [req-165fd0fb-5319-439b-bc83-5d245a1c0b2d 81c03b829550472792e80dd4a25aedd3 90c454e52bcc41f0b4c283e413163182 - - -] volume service is down. (host: rack03-server59@lvm-1)
2022-08-03 08:19:37.189 7 WARNING cinder.scheduler.host_manager [req-0148343c-d203-4d13-bd73-afae32c91489 81c03b829550472792e80dd4a25aedd3 90c454e52bcc41f0b4c283e413163182 - - -] volume service is down. (host: rack03-server59@lvm-1)
2022-08-03 08:19:49.274 7 WARNING cinder.scheduler.host_manager [req-4fc8f5e2-87c0-41ec-9dbe-2e572b85a065 d3321ae8ce4141299ff9c88f89fc1df3 ded30e32598c468e8be5f57eebf0bcca - - -] volume service is down. (host: rack03-server59@lvm-1)
2022-08-03 08:19:51.801 7 WARNING cinder.scheduler.host_manager [req-6e621ebd-1187-4cce-812d-0893cbd31c11 d3321ae8ce4141299ff9c88f89fc1df3 ded30e32598c468e8be5f57eebf0bcca - - -] volume service is down. (host: rack03-server59@lvm-1)
2022-08-03 08:19:54.339 7 WARNING cinder.scheduler.host_manager [req-0b4ce9af-dd63-4ee9-833f-a3cc510614e3 d3321ae8ce4141299ff9c88f89fc1df3 ded30e32598c468e8be5f57eebf0bcca - - -] volume service is down. (host: rack03-server59@lvm-1)
2022-08-03 08:24:58.932 7 WARNING cinder.scheduler.host_manager [req-27109183-887d-4e48-bcd3-e9b86a672823 445177dfc1344fb3bbc6b3b8351da4a9 41fab9b529a643388ecb0ad47fd0c739 - - -] volume service is down. (host: rack03-server59@lvm-1)
2022-08-03 08:25:15.060 7 WARNING cinder.scheduler.host_manager [req-7e9800f7-065d-493a-8cea-98e6c7417ca5 445177dfc1344fb3bbc6b3b8351da4a9 41fab9b529a643388ecb0ad47fd0c739 - - -] volume service is down. (host: rack03-server59@lvm-1)
2022-08-03 08:25:16.560 7 WARNING cinder.scheduler.host_manager [req-636ceb1e-6443-4f54-85cb-99e81cab1b0a 445177dfc1344fb3bbc6b3b8351da4a9 41fab9b529a643388ecb0ad47fd0c739 - - -] volume service is down. (host: rack03-server59@lvm-1)
2022-08-03 08:25:18.899 7 WARNING cinder.scheduler.host_manager [req-b30d2570-aa69-405a-9fd6-3b2eed0cdb8d 445177dfc1344fb3bbc6b3b8351da4a9 41fab9b529a643388ecb0ad47fd0c739 - - -] volume service is down. (host: rack03-server59@lvm-1)
2022-08-03 08:25:21.199 7 WARNING cinder.scheduler.host_manager [req-9ab26458-7b9e-484a-ab0c-3b47ae2788ed 445177dfc1344fb3bbc6b3b8351da4a9 41fab9b529a643388ecb0ad47fd0c739 - - -] volume service is down. (host: rack03-server59@lvm-1)
2022-08-03 08:25:29.329 7 WARNING cinder.scheduler.host_manager [req-d548b22a-3ced-413d-b5ab-c73ff0f7717c f5d05363b77a4b70a7aa67d1d73a9dad 21bbdc2bdb0f4228816428f97fcefd4c - - -] volume service is down. (host: rack03-server59@lvm-1)
2022-08-03 08:29:02.120 7 WARNING cinder.scheduler.host_manager [req-de9bb043-91a0-4359-b6ea-22849438a938 63c962907f9847d0b693963b91c2b2f7 d5eb63c3595749a0aba6cce0acd61b76 - - -] volume service is down. (host: rack03-server59@lvm-1)
2022-08-03 08:29:04.452 7 WARNING cinder.scheduler.host_manager [req-3deae9fb-f01e-43cc-ba52-ef9333130cb2 63c962907f9847d0b693963b91c2b2f7 d5eb63c3595749a0aba6cce0acd61b76 - - -] volume service is down. (host: rack03-server59@lvm-1)
2022-08-03 08:29:06.755 7 WARNING cinder.scheduler.host_manager [req-31478ee0-6564-497e-8639-3dfd858e6455 63c962907f9847d0b693963b91c2b2f7 d5eb63c3595749a0aba6cce0acd61b76 - - -] volume service is down. (host: rack03-server59@lvm-1)
2022-08-03 08:29:09.040 7 WARNING cinder.scheduler.host_manager [req-cdc645b4-521f-4571-bd2a-d8e297f8d443 63c962907f9847d0b693963b91c2b2f7 d5eb63c3595749a0aba6cce0acd61b76 - - -] volume service is down. (host: rack03-server59@lvm-1)
2022-08-03 08:29:19.968 7 WARNING cinder.scheduler.host_manager [req-0b2c9f1a-8cde-4ce1-a9da-f4fd7695bb86 d23e9dd8ba1049b3a4cc36d7ec8c0d29 82cd2d0b8b004564ad5fbcf94646470c - - -] volume service is down. (host: rack03-server59@lvm-1)
2022-08-03 08:29:22.339 7 WARNING cinder.scheduler.host_manager [req-ddbb0e8b-bca7-4cc2-ae34-43471a08a3a5 d23e9dd8ba1049b3a4cc36d7ec8c0d29 82cd2d0b8b004564ad5fbcf94646470c - - -] volume service is down. (host: rack03-server59@lvm-1)
2022-08-03 08:29:35.121 7 WARNING cinder.scheduler.host_manager [req-e5714d3b-842b-4dda-8839-226aa3c58164 af42188f21034f5ba49baf1fc9db718b e3066b2fdeb7475481c185eb7d2dbdbc - - -] volume service is down. (host: rack03-server59@lvm-1)
2022-08-03 08:29:35.156 7 WARNING cinder.scheduler.host_manager [req-75c79bdd-e5d9-4e0d-ad3d-42e46ab9adb6 2d955102789d4cddb655eda9fed0e7bb 93ec9b3a0b764406864fee15e31f4e65 - - -] volume service is down. (host: rack03-server59@lvm-1)
2022-08-03 08:29:35.171 7 WARNING cinder.scheduler.host_manager [req-b796a73b-919d-4577-a7e4-5d2141778d95 90e44e08297849c3a791c55bd0312da1 9d557d07166045ab8bd6499d8c729094 - - -] volume service is down. (host: rack03-server59@lvm-1)
2022-08-03 08:29:35.374 7 WARNING cinder.scheduler.host_manager [req-a31f22ef-a03a-4c94-80de-d33c4de49d5f 2d955102789d4cddb655eda9fed0e7bb 93ec9b3a0b764406864fee15e31f4e65 - - -] volume service is down. (host: rack03-server59@lvm-1)
2022-08-03 08:29:35.647 7 WARNING cinder.scheduler.host_manager [req-1165eba4-f1ad-473f-818e-96e326540b59 2d955102789d4cddb655eda9fed0e7bb 93ec9b3a0b764406864fee15e31f4e65 - - -] volume service is down. (host: rack03-server59@lvm-1)
2022-08-03 08:29:35.924 7 WARNING cinder.scheduler.host_manager [req-194fb6bb-0942-4b94-917a-d3656d22820f 2d955102789d4cddb655eda9fed0e7bb 93ec9b3a0b764406864fee15e31f4e65 - - -] volume service is down. (host: rack03-server59@lvm-1)
2022-08-03 08:29:36.213 7 WARNING cinder.scheduler.host_manager [req-1b514fac-ebf5-4047-a2be-185074215043 2d955102789d4cddb655eda9fed0e7bb 93ec9b3a0b764406864fee15e31f4e65 - - -] volume service is down. (host: rack03-server59@lvm-1)
2022-08-03 08:29:36.354 7 WARNING cinder.scheduler.host_manager [req-147e1bbb-5a3d-4d6a-b66b-db3e0853f8fa 90e44e08297849c3a791c55bd0312da1 9d557d07166045ab8bd6499d8c729094 - - -] volume service is down. (host: rack03-server59@lvm-1)
2022-08-03 08:29:36.461 7 WARNING cinder.scheduler.host_manager [req-e9ec370f-fa6e-4942-a7e5-c88a8cab55e0 af42188f21034f5ba49baf1fc9db718b e3066b2fdeb7475481c185eb7d2dbdbc - - -] volume service is down. (host: rack03-server59@lvm-1)
2022-08-03 08:29:36.747 7 WARNING cinder.scheduler.host_manager [req-c74cf3ec-4d74-4563-818d-788fa1c5f0ea af42188f21034f5ba49baf1fc9db718b e3066b2fdeb7475481c185eb7d2dbdbc - - -] volume service is down. (host: rack03-server59@lvm-1)
2022-08-03 08:29:37.035 7 WARNING cinder.scheduler.host_manager [req-4664c456-b019-4773-a9d0-8140961eb0ce af42188f21034f5ba49baf1fc9db718b e3066b2fdeb7475481c185eb7d2dbdbc - - -] volume service is down. (host: rack03-server59@lvm-1)
2022-08-03 08:29:37.324 7 WARNING cinder.scheduler.host_manager [req-c3525d0d-f71c-48f4-825b-1f3b4ece6ff0 af42188f21034f5ba49baf1fc9db718b e3066b2fdeb7475481c185eb7d2dbdbc - - -] volume service is down. (host: rack03-server59@lvm-1)
2022-08-03 08:29:37.637 7 WARNING cinder.scheduler.host_manager [req-0c838e48-06b1-4559-b1d4-5d212a526455 af42188f21034f5ba49baf1fc9db718b e3066b2fdeb7475481c185eb7d2dbdbc - - -] volume service is down. (host: rack03-server59@lvm-1)
2022-08-03 08:29:38.810 7 WARNING cinder.scheduler.host_manager [req-c9b83b63-cdbb-4747-8b47-a8d6ef014e36 90e44e08297849c3a791c55bd0312da1 9d557d07166045ab8bd6499d8c729094 - - -] volume service is down. (host: rack03-server59@lvm-1)
2022-08-03 08:29:39.102 7 WARNING cinder.scheduler.host_manager [req-3c670c2d-8765-49f4-a5bd-1c8842c6dad9 90e44e08297849c3a791c55bd0312da1 9d557d07166045ab8bd6499d8c729094 - - -] volume service is down. (host: rack03-server59@lvm-1)
2022-08-03 08:29:39.394 7 WARNING cinder.scheduler.host_manager [req-1d7cae56-7772-4f59-8bfb-d52eaf9ec80b 90e44e08297849c3a791c55bd0312da1 9d557d07166045ab8bd6499d8c729094 - - -] volume service is down. (host: rack03-server59@lvm-1)
2022-08-03 08:29:39.676 7 WARNING cinder.scheduler.host_manager [req-ab61edb6-0616-4066-ae0b-94c7205944f8 90e44e08297849c3a791c55bd0312da1 9d557d07166045ab8bd6499d8c729094 - - -] volume service is down. (host: rack03-server59@lvm-1)
2022-08-03 08:29:39.975 7 WARNING cinder.scheduler.host_manager [req-fbc11553-b665-461d-8171-e76dbc38d0ad 90e44e08297849c3a791c55bd0312da1 9d557d07166045ab8bd6499d8c729094 - - -] volume service is down. (host: rack03-server59@lvm-1)
2022-08-03 08:29:46.665 7 WARNING cinder.scheduler.host_manager [req-a390af6c-999c-4335-a3e3-fad7e664c3ae ad75c0fac1ef413d90c516bca53cb005 0925331222844a32a1e5dae7f2eb03d8 - - -] volume service is down. (host: rack03-server59@lvm-1)
2022-08-03 08:29:49.229 7 WARNING cinder.scheduler.host_manager [req-71a81f26-6b6d-41c7-8f88-ec4f94d77477 ad75c0fac1ef413d90c516bca53cb005 0925331222844a32a1e5dae7f2eb03d8 - - -] volume service is down. (host: rack03-server59@lvm-1)
2022-08-03 08:29:51.639 7 WARNING cinder.scheduler.host_manager [req-2c041117-3688-49c1-8991-80e1dfc16684 ad75c0fac1ef413d90c516bca53cb005 0925331222844a32a1e5dae7f2eb03d8 - - -] volume service is down. (host: rack03-server59@lvm-1)
