Build Started 13_04_2022_00_48_48
2022-04-13 03:50:56.213 11 WARNING cinder.scheduler.host_manager [req-4a50735c-3bc6-4f81-ad00-8b58fd347138 d81e65b3b3b94be790c7822f7973302b - - - -] volume service is down. (host: rack08-server75@lvm-1)
2022-04-13 03:50:56.300 11 WARNING cinder.scheduler.host_manager [req-8a449459-18bc-4cc6-84f1-ccf7582df4fd c46a7a74325a4823a1d009749b045057 - - - -] volume service is down. (host: rack08-server75@lvm-1)
2022-04-13 03:51:07.145 11 WARNING cinder.scheduler.host_manager [req-117d0d2e-18da-49db-8269-bdc0f668e899 91984e23632946cf90bc35d357362d9d - - - -] volume service is down. (host: rack08-server75@lvm-1)
2022-04-13 03:51:07.180 11 WARNING cinder.scheduler.host_manager [req-1acdcc93-ac57-4abe-ac51-79f706dcbb4f 91984e23632946cf90bc35d357362d9d - - - -] volume service is down. (host: rack08-server75@lvm-1)
2022-04-13 03:51:12.994 11 WARNING cinder.scheduler.host_manager [req-43ca4d90-5f6b-4bb4-9c3f-d22820a2a6b4 c23513a903da4d57b797def99b8c4f71 - - - -] volume service is down. (host: rack08-server75@lvm-1)
2022-04-13 03:51:13.001 11 WARNING cinder.scheduler.host_manager [req-43ca4d90-5f6b-4bb4-9c3f-d22820a2a6b4 c23513a903da4d57b797def99b8c4f71 - - - -] volume service is down. (host: rack08-server75@lvm-1)
2022-04-13 03:51:14.485 11 WARNING cinder.scheduler.host_manager [req-2e5bd4e1-3695-4d6c-8422-64a28352ea0a c23513a903da4d57b797def99b8c4f71 - - - -] volume service is down. (host: rack08-server75@lvm-1)
2022-04-13 03:51:16.836 11 WARNING cinder.scheduler.host_manager [req-77f0cc8e-ec16-465c-9c90-f179599be80e c23513a903da4d57b797def99b8c4f71 - - - -] volume service is down. (host: rack08-server75@lvm-1)
2022-04-13 03:51:27.848 11 WARNING cinder.scheduler.host_manager [req-cb5bfe6d-3aa1-44b8-955f-33b759f7ae04 dca6d59b466e4f86854dd7d110cdd2c7 - - - -] volume service is down. (host: rack08-server75@lvm-1)
2022-04-13 03:51:27.856 11 WARNING cinder.scheduler.host_manager [req-cb5bfe6d-3aa1-44b8-955f-33b759f7ae04 dca6d59b466e4f86854dd7d110cdd2c7 - - - -] volume service is down. (host: rack08-server75@lvm-1)
2022-04-13 03:51:43.232 11 WARNING cinder.scheduler.host_manager [req-764ba472-e58a-4935-a7e5-30b1e76305d0 a6d276c0b4384c808361c9c12c95dee0 - - - -] volume service is down. (host: rack08-server75@lvm-1)
2022-04-13 03:51:43.233 11 INFO cinder.scheduler.base_filter [req-764ba472-e58a-4935-a7e5-30b1e76305d0 a6d276c0b4384c808361c9c12c95dee0 - - - -] Filtering removed all hosts for the request with volume ID '6e811cab-b577-48f9-8e14-42980bf0443b'. Filter results: AvailabilityZoneFilter: (start: 1, end: 1), CapacityFilter: (start: 1, end: 1), CapabilitiesFilter: (start: 1, end: 0)
2022-04-13 03:51:43.233 11 WARNING cinder.scheduler.filter_scheduler [req-764ba472-e58a-4935-a7e5-30b1e76305d0 a6d276c0b4384c808361c9c12c95dee0 - - - -] No weighed backend found for volume with properties: {'id': '05e06d0d-69f7-4d10-935f-25da94e89a1d', 'name': 'tempest-UserMessagesTest-volume-type-466598828', 'description': None, 'is_public': True, 'projects': [], 'extra_specs': {'storage_protocol': 'tempest-storage_protocol-164948370', 'vendor_name': 'tempest-vendor_name-954987651'}, 'qos_specs_id': None, 'created_at': '2022-04-13T00:51:42.000000', 'updated_at': None, 'deleted_at': None, 'deleted': False}
2022-04-13 03:51:43.234 11 INFO cinder.message.api [req-764ba472-e58a-4935-a7e5-30b1e76305d0 a6d276c0b4384c808361c9c12c95dee0 - - - -] Creating message record for request_id = req-764ba472-e58a-4935-a7e5-30b1e76305d0
2022-04-13 03:51:43.239 11 ERROR cinder.scheduler.flows.create_volume [req-764ba472-e58a-4935-a7e5-30b1e76305d0 a6d276c0b4384c808361c9c12c95dee0 - - - -] Failed to run task cinder.scheduler.flows.create_volume.ScheduleCreateVolumeTask;volume:create: No valid backend was found. No weighed backends available: cinder.exception.NoValidBackend: No valid backend was found. No weighed backends available
2022-04-13 03:52:42.807 11 WARNING cinder.scheduler.host_manager [req-9b445559-0bee-419b-82e1-a4a7bd2264ed 9220d0d81b87438287d1291cc8724343 - - - -] volume service is down. (host: rack08-server75@lvm-1)
2022-04-13 03:54:40.333 11 WARNING cinder.scheduler.host_manager [req-bc9d6acd-fc07-4850-b935-5d6c61583371 c46a7a74325a4823a1d009749b045057 - - - -] volume service is down. (host: rack08-server75@lvm-1)
2022-04-13 03:57:43.869 11 WARNING cinder.scheduler.host_manager [req-943b6b85-c48d-48c8-9e2a-f1c2482bb660 9220d0d81b87438287d1291cc8724343 - - - -] volume service is down. (host: rack08-server75@lvm-1)
2022-04-13 03:58:34.224 11 WARNING cinder.scheduler.host_manager [req-cf75d3e1-770b-43a4-ab6c-bf7245f056f3 c46a7a74325a4823a1d009749b045057 - - - -] volume service is down. (host: rack08-server75@lvm-1)
2022-04-13 04:00:40.799 11 WARNING cinder.scheduler.host_manager [req-8e9251b4-aa48-4b9c-a5b9-f245825a7eef c46a7a74325a4823a1d009749b045057 - - - -] volume service is down. (host: rack08-server75@lvm-1)
2022-04-13 04:00:42.916 11 WARNING cinder.scheduler.host_manager [req-8069cc17-a610-48e1-b7e3-b6d09dffa4d2 9220d0d81b87438287d1291cc8724343 - - - -] volume service is down. (host: rack08-server75@lvm-1)
2022-04-13 04:05:42.902 11 WARNING cinder.scheduler.host_manager [req-457bec32-0815-4ae2-86f1-4f7b7466b54e 5523141d7a6d4cb0b371b7225559822a - - - -] volume service is down. (host: rack08-server75@lvm-1)
2022-04-13 04:05:45.342 11 WARNING cinder.scheduler.host_manager [req-b75c9088-be97-4fbd-b297-65eb1c937e9d 5523141d7a6d4cb0b371b7225559822a - - - -] volume service is down. (host: rack08-server75@lvm-1)
2022-04-13 04:05:52.478 11 WARNING cinder.scheduler.host_manager [req-92554e0a-11e0-4443-9a5a-2b0bbdc577ca ed6216a919294c1eafa133bd2dcc7081 - - - -] volume service is down. (host: rack08-server75@lvm-1)
2022-04-13 04:05:55.005 11 WARNING cinder.scheduler.host_manager [req-32536493-6599-4df8-9a85-c8056aaa87f6 ed6216a919294c1eafa133bd2dcc7081 - - - -] volume service is down. (host: rack08-server75@lvm-1)
2022-04-13 04:05:57.483 11 WARNING cinder.scheduler.host_manager [req-75335b64-ced7-40c5-8aa3-abe7f8a22362 ed6216a919294c1eafa133bd2dcc7081 - - - -] volume service is down. (host: rack08-server75@lvm-1)
2022-04-13 04:05:59.728 11 WARNING cinder.scheduler.host_manager [req-12b6e5ad-efde-4124-a81a-b08ae81d94e5 4be2e6d9685141ba96b675cd09f6b011 - - - -] volume service is down. (host: rack08-server75@lvm-1)
2022-04-13 04:05:59.735 11 WARNING cinder.scheduler.host_manager [req-12b6e5ad-efde-4124-a81a-b08ae81d94e5 4be2e6d9685141ba96b675cd09f6b011 - - - -] volume service is down. (host: rack08-server75@lvm-1)
2022-04-13 04:06:00.933 11 WARNING cinder.scheduler.host_manager [req-fa53b1bc-d113-47f8-87a9-5c7639d82955 4be2e6d9685141ba96b675cd09f6b011 - - - -] volume service is down. (host: rack08-server75@lvm-1)
2022-04-13 04:06:00.940 11 WARNING cinder.scheduler.host_manager [req-fa53b1bc-d113-47f8-87a9-5c7639d82955 4be2e6d9685141ba96b675cd09f6b011 - - - -] volume service is down. (host: rack08-server75@lvm-1)
2022-04-13 04:06:02.432 11 WARNING cinder.scheduler.host_manager [req-369c7d18-195c-4d16-a8ee-1afb69cd85d3 4be2e6d9685141ba96b675cd09f6b011 - - - -] volume service is down. (host: rack08-server75@lvm-1)
2022-04-13 04:06:07.660 11 WARNING cinder.scheduler.host_manager [req-dc583ba5-d42c-4aab-96ca-f7bf9c257b90 4be2e6d9685141ba96b675cd09f6b011 - - - -] volume service is down. (host: rack08-server75@lvm-1)
2022-04-13 04:06:07.667 11 WARNING cinder.scheduler.host_manager [req-dc583ba5-d42c-4aab-96ca-f7bf9c257b90 4be2e6d9685141ba96b675cd09f6b011 - - - -] volume service is down. (host: rack08-server75@lvm-1)
2022-04-13 04:06:09.106 11 WARNING cinder.scheduler.host_manager [req-e1f8d6ae-ddcb-4c92-8685-25fa77421f34 4be2e6d9685141ba96b675cd09f6b011 - - - -] volume service is down. (host: rack08-server75@lvm-1)
2022-04-13 04:06:09.153 11 WARNING cinder.scheduler.host_manager [req-175a20a3-5a16-422e-a80d-bc1fcaab6e0b 8f53092874d74dacbd66cee49720b26e - - - -] volume service is down. (host: rack08-server75@lvm-1)
2022-04-13 04:06:09.162 11 WARNING cinder.scheduler.host_manager [req-175a20a3-5a16-422e-a80d-bc1fcaab6e0b 8f53092874d74dacbd66cee49720b26e - - - -] volume service is down. (host: rack08-server75@lvm-1)
2022-04-13 04:06:10.685 11 WARNING cinder.scheduler.host_manager [req-1be4eb03-f107-4ebb-8c7f-ecfa1452fd62 8f53092874d74dacbd66cee49720b26e - - - -] volume service is down. (host: rack08-server75@lvm-1)
2022-04-13 04:06:11.630 11 WARNING cinder.scheduler.host_manager [req-a4e25e22-50a2-4367-87ec-cf8424d4028f 4be2e6d9685141ba96b675cd09f6b011 - - - -] volume service is down. (host: rack08-server75@lvm-1)
2022-04-13 04:06:15.374 11 WARNING cinder.scheduler.host_manager [req-33926cd3-57ea-4719-93ce-751fcdf1f142 8f53092874d74dacbd66cee49720b26e - - - -] volume service is down. (host: rack08-server75@lvm-1)
2022-04-13 04:06:21.444 11 WARNING cinder.scheduler.host_manager [req-99417948-434d-4786-90cb-f80f5a67adb7 8f53092874d74dacbd66cee49720b26e - - - -] volume service is down. (host: rack08-server75@lvm-1)
2022-04-13 04:06:21.451 11 WARNING cinder.scheduler.host_manager [req-99417948-434d-4786-90cb-f80f5a67adb7 8f53092874d74dacbd66cee49720b26e - - - -] volume service is down. (host: rack08-server75@lvm-1)
2022-04-13 04:06:22.895 11 WARNING cinder.scheduler.host_manager [req-d2730073-2625-4f8d-8994-c9d7a5b0cfc5 8f53092874d74dacbd66cee49720b26e - - - -] volume service is down. (host: rack08-server75@lvm-1)
2022-04-13 04:06:22.988 11 WARNING cinder.scheduler.host_manager [req-e64c99a5-efdb-418d-b88e-b2eb7d8739b1 0dfed5c79e0c45a9b819fa8c31a02b89 - - - -] volume service is down. (host: rack08-server75@lvm-1)
2022-04-13 04:06:25.395 11 WARNING cinder.scheduler.host_manager [req-5da48b8f-d5bf-4f37-87a4-3ff3c39c9a33 8f53092874d74dacbd66cee49720b26e - - - -] volume service is down. (host: rack08-server75@lvm-1)
2022-04-13 04:06:38.360 11 WARNING cinder.scheduler.host_manager [req-77df8130-18ed-46d7-8e3a-7e9b5a486d52 29474431165f42ab878b3c0e1c57cf7f - - - -] volume service is down. (host: rack08-server75@lvm-1)
2022-04-13 04:06:38.553 11 WARNING cinder.scheduler.host_manager [req-9a7351d6-7213-4484-b157-08e36e57a44b 8f53092874d74dacbd66cee49720b26e - - - -] volume service is down. (host: rack08-server75@lvm-1)
2022-04-13 04:06:38.560 11 WARNING cinder.scheduler.host_manager [req-9a7351d6-7213-4484-b157-08e36e57a44b 8f53092874d74dacbd66cee49720b26e - - - -] volume service is down. (host: rack08-server75@lvm-1)
2022-04-13 04:06:40.014 11 WARNING cinder.scheduler.host_manager [req-c58e8261-15ed-4a99-83d6-26f4ddc13de1 8f53092874d74dacbd66cee49720b26e - - - -] volume service is down. (host: rack08-server75@lvm-1)
2022-04-13 04:06:42.073 11 WARNING cinder.scheduler.host_manager [req-7a60f171-1010-4a6a-9503-e1f64efcfff0 29474431165f42ab878b3c0e1c57cf7f - - - -] volume service is down. (host: rack08-server75@lvm-1)
2022-04-13 04:06:53.691 11 WARNING cinder.scheduler.host_manager [req-8ecc0bf2-cdda-460d-a50b-ae10cd8ee58a 0cd368f203944ffa9824d3d7b444eccc - - - -] volume service is down. (host: rack08-server75@lvm-1)
2022-04-13 04:06:56.184 11 WARNING cinder.scheduler.host_manager [req-ef9bf68d-3549-4414-ad0b-8db4e880ec44 0cd368f203944ffa9824d3d7b444eccc - - - -] volume service is down. (host: rack08-server75@lvm-1)
2022-04-13 04:06:58.266 11 WARNING cinder.scheduler.host_manager [req-a665f691-b9a4-4279-8428-399bb0567372 2a2470f1c1c346a0924393601c05f918 - - - -] volume service is down. (host: rack08-server75@lvm-1)
2022-04-13 04:07:00.587 11 WARNING cinder.scheduler.host_manager [req-61433dfe-cd9b-4615-9863-ee8c98533a00 2a2470f1c1c346a0924393601c05f918 - - - -] volume service is down. (host: rack08-server75@lvm-1)
2022-04-13 04:07:03.166 11 WARNING cinder.scheduler.host_manager [req-0e2c0038-5ab2-4dbb-9219-f3b32d2e9ad5 2a2470f1c1c346a0924393601c05f918 - - - -] volume service is down. (host: rack08-server75@lvm-1)
2022-04-13 04:07:06.680 11 WARNING cinder.scheduler.host_manager [req-76b3408e-4e84-4e8a-96dd-fc45f4c475f2 2a2470f1c1c346a0924393601c05f918 - - - -] volume service is down. (host: rack08-server75@lvm-1)
2022-04-13 04:07:10.189 11 WARNING cinder.scheduler.host_manager [req-d4251cd5-33dc-4fa8-8ab8-ededb5644c24 2a2470f1c1c346a0924393601c05f918 - - - -] volume service is down. (host: rack08-server75@lvm-1)
2022-04-13 04:07:13.703 11 WARNING cinder.scheduler.host_manager [req-a848a29c-9e86-42bf-81c2-c07ecab36f87 2a2470f1c1c346a0924393601c05f918 - - - -] volume service is down. (host: rack08-server75@lvm-1)
2022-04-13 04:07:26.466 11 WARNING cinder.scheduler.host_manager [req-e3f1c13e-ce3d-4b25-9c94-e2fdaaa14965 8d412bf34f86469da2e7344fdc19ec68 - - - -] volume service is down. (host: rack08-server75@lvm-1)
2022-04-13 04:07:28.949 11 WARNING cinder.scheduler.host_manager [req-36614bc4-2d8a-4edb-a4f3-2a3e18322279 8d412bf34f86469da2e7344fdc19ec68 - - - -] volume service is down. (host: rack08-server75@lvm-1)
2022-04-13 04:07:30.691 11 WARNING cinder.scheduler.host_manager [req-ac541009-a6e6-4af2-9102-b4ebdc41e073 83afe84e8524461ebea541f477e8fe90 - - - -] volume service is down. (host: rack08-server75@lvm-1)
2022-04-13 04:07:31.442 11 WARNING cinder.scheduler.host_manager [req-8fe7b2c2-9676-4e14-b44d-8fd228819479 8d412bf34f86469da2e7344fdc19ec68 - - - -] volume service is down. (host: rack08-server75@lvm-1)
2022-04-13 04:07:34.186 11 WARNING cinder.scheduler.host_manager [req-9b416031-3ee8-49fa-8362-76ae3827670f dcaa2fe04dea4f3898dd8182f6cbd572 - - - -] volume service is down. (host: rack08-server75@lvm-1)
2022-04-13 04:07:39.951 11 WARNING cinder.scheduler.host_manager [req-18a6476b-d564-4217-b55a-07eb5bd7c925 dc6fef68bdd04211b92bfe2dc27c56f2 - - - -] volume service is down. (host: rack08-server75@lvm-1)
2022-04-13 04:07:49.548 11 WARNING cinder.scheduler.host_manager [req-b8cfef72-c40e-4c46-ba70-220076ee403d d39003b4c2b14c65840d645471dda382 - - - -] volume service is down. (host: rack08-server75@lvm-1)
2022-04-13 04:07:54.411 11 WARNING cinder.scheduler.host_manager [req-28fc5861-d0fc-4224-87a2-283e8b58979c d39003b4c2b14c65840d645471dda382 - - - -] volume service is down. (host: rack08-server75@lvm-1)
2022-04-13 04:08:01.908 11 WARNING cinder.scheduler.host_manager [req-1566c4f6-6686-48e8-a966-0e747843de3d 2856111cbfab4ba4af5621681fd9ca3e - - - -] volume service is down. (host: rack08-server75@lvm-1)
2022-04-13 04:09:39.990 11 WARNING cinder.scheduler.host_manager [req-2ec4d56c-bbba-4320-9570-6bf5d5ed578e 4d44b35d47ad4cd6aee56ee5234201ce - - - -] volume service is down. (host: rack08-server75@lvm-1)
2022-04-13 04:10:39.676 11 WARNING cinder.scheduler.host_manager [req-f9184c48-ca61-4fe3-8e42-34727f9dd150 4d44b35d47ad4cd6aee56ee5234201ce - - - -] volume service is down. (host: rack08-server75@lvm-1)
2022-04-13 04:10:43.397 11 WARNING cinder.scheduler.host_manager [req-969fd3f6-689d-47e2-b7ed-0f7a3228f373 4d44b35d47ad4cd6aee56ee5234201ce - - - -] volume service is down. (host: rack08-server75@lvm-1)
2022-04-13 04:10:47.101 11 WARNING cinder.scheduler.host_manager [req-8bf561d2-0238-4a0e-a057-a4ce07b4a393 4d44b35d47ad4cd6aee56ee5234201ce - - - -] volume service is down. (host: rack08-server75@lvm-1)
2022-04-13 04:10:50.805 11 WARNING cinder.scheduler.host_manager [req-dd47c8fd-e884-4c0d-8acf-d148f7eb8a48 4d44b35d47ad4cd6aee56ee5234201ce - - - -] volume service is down. (host: rack08-server75@lvm-1)
2022-04-13 04:10:54.568 11 WARNING cinder.scheduler.host_manager [req-9263a22b-fc39-4d1e-ad18-d70ff9853385 4d44b35d47ad4cd6aee56ee5234201ce - - - -] volume service is down. (host: rack08-server75@lvm-1)
2022-04-13 04:11:06.115 11 WARNING cinder.scheduler.host_manager [req-50e0e8f8-466b-4a03-a825-0b4b89a573fc b6824dc3d3d34425b90809492197a246 - - - -] volume service is down. (host: rack08-server75@lvm-1)
2022-04-13 04:11:15.440 11 WARNING cinder.scheduler.host_manager [req-d1f10bd1-caf8-4ef6-9943-2a88a0309b09 2b74fa4f3ca74b01a63c55eb6958468a - - - -] volume service is down. (host: rack08-server75@lvm-1)
2022-04-13 04:11:20.224 11 WARNING cinder.scheduler.host_manager [req-fa81d48d-ffb5-4af8-aa59-a57d99174b82 2b74fa4f3ca74b01a63c55eb6958468a - - - -] volume service is down. (host: rack08-server75@lvm-1)
2022-04-13 04:11:26.812 11 WARNING cinder.scheduler.host_manager [req-53f30747-35c8-4568-b9ce-724f57b38800 ead1c50b4cf64cd88604ff7b5465ee87 - - - -] volume service is down. (host: rack08-server75@lvm-1)
2022-04-13 04:11:37.601 11 WARNING cinder.scheduler.host_manager [req-45d5e4e4-1e68-4269-9942-8a746e569c95 ead1c50b4cf64cd88604ff7b5465ee87 - - - -] volume service is down. (host: rack08-server75@lvm-1)
2022-04-13 04:11:39.069 11 WARNING cinder.scheduler.host_manager [req-0ae9b76e-d6a2-4e21-acb5-c9df09624aba ead1c50b4cf64cd88604ff7b5465ee87 - - - -] volume service is down. (host: rack08-server75@lvm-1)
2022-04-13 04:11:40.351 11 WARNING cinder.scheduler.host_manager [req-4c0ad3b2-6c98-435a-89db-12ec0e629712 ead1c50b4cf64cd88604ff7b5465ee87 - - - -] volume service is down. (host: rack08-server75@lvm-1)
2022-04-13 04:11:42.631 11 WARNING cinder.scheduler.host_manager [req-b71b0a3d-a08d-49de-be22-4c6b0f9546bd ead1c50b4cf64cd88604ff7b5465ee87 - - - -] volume service is down. (host: rack08-server75@lvm-1)
2022-04-13 04:11:53.563 11 WARNING cinder.scheduler.host_manager [req-9f824e95-b6ee-4e98-9b93-7ec89847958f f02d316b24884ecaa11d67280522067e - - - -] volume service is down. (host: rack08-server75@lvm-1)
2022-04-13 04:11:56.059 11 WARNING cinder.scheduler.host_manager [req-91a75fb3-bd0d-489a-8d24-a06377d4a1d3 f02d316b24884ecaa11d67280522067e - - - -] volume service is down. (host: rack08-server75@lvm-1)
2022-04-13 04:11:58.583 11 WARNING cinder.scheduler.host_manager [req-72a88ed6-36f0-4cb3-af3d-24dfa9e66b29 f02d316b24884ecaa11d67280522067e - - - -] volume service is down. (host: rack08-server75@lvm-1)
2022-04-13 04:12:09.623 11 WARNING cinder.scheduler.host_manager [req-fd76423f-c321-46a6-834d-eaf194c14d4e 7eaff02c793f4940a27662b358485ba5 - - - -] volume service is down. (host: rack08-server75@lvm-1)
2022-04-13 04:12:11.941 11 WARNING cinder.scheduler.host_manager [req-2113a8ca-a6df-452c-9ff4-42f3c70cf5d1 7eaff02c793f4940a27662b358485ba5 - - - -] volume service is down. (host: rack08-server75@lvm-1)
2022-04-13 04:13:02.402 11 WARNING cinder.scheduler.host_manager [req-332a8f39-e8ff-4e29-b294-2c94d4db733f 453d21c327ce487f8c3907a962539d2e - - - -] volume service is down. (host: rack08-server75@lvm-1)
2022-04-13 04:13:05.060 11 WARNING cinder.scheduler.host_manager [req-df4a8c71-62f8-4717-aa51-8f6361915707 453d21c327ce487f8c3907a962539d2e - - - -] volume service is down. (host: rack08-server75@lvm-1)
2022-04-13 04:13:09.889 11 WARNING cinder.scheduler.host_manager [req-26d56e7c-bbb4-43e0-a48f-d39e08f5ea66 453d21c327ce487f8c3907a962539d2e - - - -] volume service is down. (host: rack08-server75@lvm-1)
2022-04-13 04:13:12.334 11 WARNING cinder.scheduler.host_manager [req-e3c7074f-66ca-488e-b507-955e04aa7530 453d21c327ce487f8c3907a962539d2e - - - -] volume service is down. (host: rack08-server75@lvm-1)
2022-04-13 04:13:15.015 11 WARNING cinder.scheduler.host_manager [req-f2a7571a-3af5-48e4-b593-44dc3e7796c9 453d21c327ce487f8c3907a962539d2e - - - -] volume service is down. (host: rack08-server75@lvm-1)
2022-04-13 04:13:19.946 11 WARNING cinder.scheduler.host_manager [req-42316b03-c7b2-42e0-a72e-8b1ee3d4c547 453d21c327ce487f8c3907a962539d2e - - - -] volume service is down. (host: rack08-server75@lvm-1)
2022-04-13 04:13:31.041 11 WARNING cinder.scheduler.host_manager [req-29cb4e37-28b8-482c-9402-e1fb3154444e 453d21c327ce487f8c3907a962539d2e - - - -] volume service is down. (host: rack08-server75@lvm-1)
2022-04-13 04:13:39.903 11 WARNING cinder.scheduler.host_manager [req-7901d16b-6539-4107-89fe-822685286428 54de97953034408984b8f568fd647869 - - - -] volume service is down. (host: rack08-server75@lvm-1)
2022-04-13 04:13:42.241 11 WARNING cinder.scheduler.host_manager [req-9bc06e71-2104-4e09-a4fc-a24ea75dfc2b 54de97953034408984b8f568fd647869 - - - -] volume service is down. (host: rack08-server75@lvm-1)
2022-04-13 04:13:44.506 11 WARNING cinder.scheduler.host_manager [req-c2286ada-de90-4e22-8fb3-18fa3ced1d96 54de97953034408984b8f568fd647869 - - - -] volume service is down. (host: rack08-server75@lvm-1)
2022-04-13 04:13:46.763 11 WARNING cinder.scheduler.host_manager [req-c03f6d87-2e08-4f15-adf8-91ae8751632b 54de97953034408984b8f568fd647869 - - - -] volume service is down. (host: rack08-server75@lvm-1)
2022-04-13 04:14:02.614 11 WARNING cinder.scheduler.host_manager [req-36c16594-45aa-49b4-820c-5ca3df19d0de a16c268334734e6294c2e376bd14f115 - - - -] volume service is down. (host: rack08-server75@lvm-1)
2022-04-13 04:14:02.887 11 WARNING cinder.scheduler.host_manager [req-41c8ec09-ed08-4d31-9915-6bffdc040497 beafa6a1dfb14750a13889d924a9ea10 - - - -] volume service is down. (host: rack08-server75@lvm-1)
2022-04-13 04:14:03.342 11 WARNING cinder.scheduler.host_manager [req-fa695c47-d8ab-498e-891f-6ec5b885807b beafa6a1dfb14750a13889d924a9ea10 - - - -] volume service is down. (host: rack08-server75@lvm-1)
2022-04-13 04:14:03.778 11 WARNING cinder.scheduler.host_manager [req-4b7bfd7b-f492-4b2c-9d76-f56a7f0ba6d8 beafa6a1dfb14750a13889d924a9ea10 - - - -] volume service is down. (host: rack08-server75@lvm-1)
2022-04-13 04:14:04.061 11 WARNING cinder.scheduler.host_manager [req-9eec1fbc-0b19-446e-b5a4-534ae43e757a a16c268334734e6294c2e376bd14f115 - - - -] volume service is down. (host: rack08-server75@lvm-1)
2022-04-13 04:14:04.192 11 WARNING cinder.scheduler.host_manager [req-aef90302-36d5-4589-bec0-89f37ae001d0 beafa6a1dfb14750a13889d924a9ea10 - - - -] volume service is down. (host: rack08-server75@lvm-1)
2022-04-13 04:14:04.605 11 WARNING cinder.scheduler.host_manager [req-096f68db-0114-4603-9723-7b303254cedc beafa6a1dfb14750a13889d924a9ea10 - - - -] volume service is down. (host: rack08-server75@lvm-1)
2022-04-13 04:14:06.431 11 WARNING cinder.scheduler.host_manager [req-51234c75-1590-4c01-99c7-ffe018a95530 a16c268334734e6294c2e376bd14f115 - - - -] volume service is down. (host: rack08-server75@lvm-1)
