Build Started 02_08_2022_10_49_21
2022-08-02 13:51:29.363 7 WARNING cinder.scheduler.host_manager [req-0b642ecc-9352-4423-89b6-56383f531ba2 02c13830c8604633979bf4986c4cb77c a4e9fb5b0d98495eb6b157aa9d3cf110 - - -] volume service is down. (host: rack03-server59@lvm-1)
2022-08-02 13:51:29.463 7 WARNING cinder.scheduler.host_manager [req-80085e9d-a356-4229-a394-447e036ee7d0 3e5db651dbb04d15965e4d44f9d55027 9d63b14bd6d84675906048b0c32700bb - - -] volume service is down. (host: rack03-server59@lvm-1)
2022-08-02 13:51:29.488 7 WARNING cinder.scheduler.host_manager [req-8aa68322-009b-433d-b1d7-3e2d123952ee 61f15ff1eb05475ca4bdda64e05c0b29 f1923b2bb99e4f28aed899f6b91b7e0e - - -] volume service is down. (host: rack03-server59@lvm-1)
2022-08-02 13:51:31.922 7 WARNING cinder.scheduler.host_manager [req-7e9d56ba-3c6e-482f-809e-fd3f176e4e8f 61f15ff1eb05475ca4bdda64e05c0b29 f1923b2bb99e4f28aed899f6b91b7e0e - - -] volume service is down. (host: rack03-server59@lvm-1)
2022-08-02 13:51:38.938 7 WARNING cinder.scheduler.host_manager [req-f542fa9b-64b2-41c7-9443-86426cd65d0b 64347331d732404ab0eff11a02d7c97f c611cf62533947f19931f7a906cea513 - - -] volume service is down. (host: rack03-server59@lvm-1)
2022-08-02 13:51:39.835 7 WARNING cinder.scheduler.host_manager [req-136aeaf1-f616-40bd-b409-b046b444e6a8 205b826cc0584fd2ba8c88a609a0cd20 3e1f833526704b7ba625643f275aee31 - - -] volume service is down. (host: rack03-server59@lvm-1)
2022-08-02 13:51:39.875 7 WARNING cinder.scheduler.host_manager [req-6033bf27-8872-4b27-a1f2-ae725107a230 205b826cc0584fd2ba8c88a609a0cd20 3e1f833526704b7ba625643f275aee31 - - -] volume service is down. (host: rack03-server59@lvm-1)
2022-08-02 13:51:41.457 7 WARNING cinder.scheduler.host_manager [req-08571f1d-0669-40fe-b149-ae12454e9a1c 64347331d732404ab0eff11a02d7c97f c611cf62533947f19931f7a906cea513 - - -] volume service is down. (host: rack03-server59@lvm-1)
2022-08-02 13:51:44.011 7 WARNING cinder.scheduler.host_manager [req-af33e441-b20d-4909-9d79-639c3fd44878 64347331d732404ab0eff11a02d7c97f c611cf62533947f19931f7a906cea513 - - -] volume service is down. (host: rack03-server59@lvm-1)
2022-08-02 13:51:45.383 7 WARNING cinder.scheduler.host_manager [req-a49a6380-1093-406f-9b69-388f66138919 dde3026e75ba4553b63a450eab4f268b 5e3d9c0df9b242aebb51afe35bf11d42 - - -] volume service is down. (host: rack03-server59@lvm-1)
2022-08-02 13:51:45.391 7 WARNING cinder.scheduler.host_manager [req-a49a6380-1093-406f-9b69-388f66138919 dde3026e75ba4553b63a450eab4f268b 5e3d9c0df9b242aebb51afe35bf11d42 - - -] volume service is down. (host: rack03-server59@lvm-1)
2022-08-02 13:51:46.879 7 WARNING cinder.scheduler.host_manager [req-76b29d3c-5970-4fa4-93f4-26c0d8dc32ad dde3026e75ba4553b63a450eab4f268b 5e3d9c0df9b242aebb51afe35bf11d42 - - -] volume service is down. (host: rack03-server59@lvm-1)
2022-08-02 13:51:51.622 7 WARNING cinder.scheduler.host_manager [req-b892c2ce-a431-4db0-a47b-6bafd14d6259 dde3026e75ba4553b63a450eab4f268b 5e3d9c0df9b242aebb51afe35bf11d42 - - -] volume service is down. (host: rack03-server59@lvm-1)
2022-08-02 13:51:57.350 7 WARNING cinder.scheduler.host_manager [req-adc84afa-e815-424b-8ae4-d4ac1b7b9196 dde3026e75ba4553b63a450eab4f268b 5e3d9c0df9b242aebb51afe35bf11d42 - - -] volume service is down. (host: rack03-server59@lvm-1)
2022-08-02 13:51:57.356 7 WARNING cinder.scheduler.host_manager [req-adc84afa-e815-424b-8ae4-d4ac1b7b9196 dde3026e75ba4553b63a450eab4f268b 5e3d9c0df9b242aebb51afe35bf11d42 - - -] volume service is down. (host: rack03-server59@lvm-1)
2022-08-02 13:51:58.810 7 WARNING cinder.scheduler.host_manager [req-d27998d4-9300-49c2-bef4-82ebf5ceee8c dde3026e75ba4553b63a450eab4f268b 5e3d9c0df9b242aebb51afe35bf11d42 - - -] volume service is down. (host: rack03-server59@lvm-1)
2022-08-02 13:52:00.235 7 WARNING cinder.scheduler.host_manager [req-012598cb-ef3d-4a5b-a16b-43568cca51a2 a06db3befed145129ded27680a0dfbbd 148dd90d85ce4cd4b50a678738e0dcbe - - -] volume service is down. (host: rack03-server59@lvm-1)
2022-08-02 13:52:00.243 7 WARNING cinder.scheduler.host_manager [req-012598cb-ef3d-4a5b-a16b-43568cca51a2 a06db3befed145129ded27680a0dfbbd 148dd90d85ce4cd4b50a678738e0dcbe - - -] volume service is down. (host: rack03-server59@lvm-1)
2022-08-02 13:52:00.656 7 WARNING cinder.scheduler.host_manager [req-c60e6005-51a1-4d25-a884-fe2cabff08f5 3e5db651dbb04d15965e4d44f9d55027 9d63b14bd6d84675906048b0c32700bb - - -] volume service is down. (host: rack03-server59@lvm-1)
2022-08-02 13:52:01.367 7 WARNING cinder.scheduler.host_manager [req-e2c95c12-0f02-4da5-8b02-b722d5a7c80f dde3026e75ba4553b63a450eab4f268b 5e3d9c0df9b242aebb51afe35bf11d42 - - -] volume service is down. (host: rack03-server59@lvm-1)
2022-08-02 13:52:01.725 7 WARNING cinder.scheduler.host_manager [req-3cd17ad5-235c-49d7-9b32-a2841a4cc80c a06db3befed145129ded27680a0dfbbd 148dd90d85ce4cd4b50a678738e0dcbe - - -] volume service is down. (host: rack03-server59@lvm-1)
2022-08-02 13:52:14.701 7 WARNING cinder.scheduler.host_manager [req-447619dc-1316-4f02-8af0-3683a32fbd91 dde3026e75ba4553b63a450eab4f268b 5e3d9c0df9b242aebb51afe35bf11d42 - - -] volume service is down. (host: rack03-server59@lvm-1)
2022-08-02 13:52:14.708 7 WARNING cinder.scheduler.host_manager [req-447619dc-1316-4f02-8af0-3683a32fbd91 dde3026e75ba4553b63a450eab4f268b 5e3d9c0df9b242aebb51afe35bf11d42 - - -] volume service is down. (host: rack03-server59@lvm-1)
2022-08-02 13:52:16.160 7 WARNING cinder.scheduler.host_manager [req-99462615-eb51-444b-981d-43428b4aac85 dde3026e75ba4553b63a450eab4f268b 5e3d9c0df9b242aebb51afe35bf11d42 - - -] volume service is down. (host: rack03-server59@lvm-1)
2022-08-02 13:52:20.183 7 WARNING cinder.scheduler.host_manager [req-424d628a-babc-4856-a37f-21b0b0d73e76 41d0c6a0e5c14e19a98b58543a0dcc4f ca57869dccd04c8598e27b9963ed1ff3 - - -] volume service is down. (host: rack03-server59@lvm-1)
2022-08-02 13:52:20.191 7 WARNING cinder.scheduler.host_manager [req-424d628a-babc-4856-a37f-21b0b0d73e76 41d0c6a0e5c14e19a98b58543a0dcc4f ca57869dccd04c8598e27b9963ed1ff3 - - -] volume service is down. (host: rack03-server59@lvm-1)
2022-08-02 13:52:21.663 7 WARNING cinder.scheduler.host_manager [req-864945e0-8a0e-40c8-91a8-6e6bc049c3ee 41d0c6a0e5c14e19a98b58543a0dcc4f ca57869dccd04c8598e27b9963ed1ff3 - - -] volume service is down. (host: rack03-server59@lvm-1)
2022-08-02 13:52:24.048 7 WARNING cinder.scheduler.host_manager [req-59d35307-6dde-4033-beab-72fab75eeb93 41d0c6a0e5c14e19a98b58543a0dcc4f ca57869dccd04c8598e27b9963ed1ff3 - - -] volume service is down. (host: rack03-server59@lvm-1)
2022-08-02 13:52:35.318 7 WARNING cinder.scheduler.host_manager [req-102f9169-4224-4f7e-b22d-845e72b64837 2af00e2efb6b411482c66b642465b133 ba994c4518a64c9fbdf5d9c7744ee38c - - -] volume service is down. (host: rack03-server59@lvm-1)
2022-08-02 13:52:36.039 7 WARNING cinder.scheduler.host_manager [req-23e114bf-025f-44a6-8bf8-e1f48df31323 a634fa504d7a45daaf89164c17e37e34 d3674d7d5a254505ad6326560a63b6fd - - -] volume service is down. (host: rack03-server59@lvm-1)
2022-08-02 13:52:37.782 7 WARNING cinder.scheduler.host_manager [req-770c31db-34b4-4dcd-a8e1-64392d579dd5 2af00e2efb6b411482c66b642465b133 ba994c4518a64c9fbdf5d9c7744ee38c - - -] volume service is down. (host: rack03-server59@lvm-1)
2022-08-02 13:52:38.366 7 WARNING cinder.scheduler.host_manager [req-eeffea21-7bee-4818-9952-5159df12de84 a634fa504d7a45daaf89164c17e37e34 d3674d7d5a254505ad6326560a63b6fd - - -] volume service is down. (host: rack03-server59@lvm-1)
2022-08-02 13:52:40.917 7 WARNING cinder.scheduler.host_manager [req-0ccb3b75-a116-4433-b062-803020ed192e a634fa504d7a45daaf89164c17e37e34 d3674d7d5a254505ad6326560a63b6fd - - -] volume service is down. (host: rack03-server59@lvm-1)
2022-08-02 13:52:46.012 7 WARNING cinder.scheduler.host_manager [req-08a662cf-f228-4cb9-afb3-5db2c121b5e0 2b2a6e522cc84de19b644d6b31fe1e37 c8e414f6035c4759b44c92d1ffb4844e - - -] volume service is down. (host: rack03-server59@lvm-1)
2022-08-02 13:52:49.676 7 WARNING cinder.scheduler.host_manager [req-1d8d64a5-5c94-4559-9ee5-42fc19df18ce a634fa504d7a45daaf89164c17e37e34 d3674d7d5a254505ad6326560a63b6fd - - -] volume service is down. (host: rack03-server59@lvm-1)
2022-08-02 13:52:57.344 7 WARNING cinder.scheduler.host_manager [req-3a69e7c3-79c8-45f5-8e2c-5a955e3299e4 a634fa504d7a45daaf89164c17e37e34 d3674d7d5a254505ad6326560a63b6fd - - -] volume service is down. (host: rack03-server59@lvm-1)
2022-08-02 13:53:00.904 7 WARNING cinder.scheduler.host_manager [req-623ba14c-e8ca-4109-a572-797034a19417 a634fa504d7a45daaf89164c17e37e34 d3674d7d5a254505ad6326560a63b6fd - - -] volume service is down. (host: rack03-server59@lvm-1)
2022-08-02 13:53:10.574 7 WARNING cinder.scheduler.host_manager [req-2378b5e0-159a-48f4-867a-de925e0b0230 5be60a8e4fd84a1f8e26e982a52e9269 985de6ab0e2542bdbcb8fc6a055fa705 - - -] volume service is down. (host: rack03-server59@lvm-1)
2022-08-02 13:53:14.089 7 WARNING cinder.scheduler.host_manager [req-5934336d-06a5-469a-99f4-cdb86f879bbd 3e5db651dbb04d15965e4d44f9d55027 9d63b14bd6d84675906048b0c32700bb - - -] volume service is down. (host: rack03-server59@lvm-1)
2022-08-02 13:53:16.340 7 WARNING cinder.scheduler.host_manager [req-229fb9d9-d933-41d5-99bf-7cf314e9467a 5be60a8e4fd84a1f8e26e982a52e9269 985de6ab0e2542bdbcb8fc6a055fa705 - - -] volume service is down. (host: rack03-server59@lvm-1)
2022-08-02 13:53:16.980 7 WARNING cinder.scheduler.host_manager [req-9cf097de-0171-4140-b7e8-1bcd71c31d19 dd2c103389d74e3d998f3d0f41704d06 dd8a6593eafd4e22b69d12bb54b4ad5c - - -] volume service is down. (host: rack03-server59@lvm-1)
2022-08-02 13:53:20.055 7 WARNING cinder.scheduler.host_manager [req-ac5ee9ed-d969-4f49-83da-929e8cef9b88 5be60a8e4fd84a1f8e26e982a52e9269 985de6ab0e2542bdbcb8fc6a055fa705 - - -] volume service is down. (host: rack03-server59@lvm-1)
2022-08-02 13:53:23.776 7 WARNING cinder.scheduler.host_manager [req-14191a30-e94b-4249-9ba7-81bb87a6f068 5be60a8e4fd84a1f8e26e982a52e9269 985de6ab0e2542bdbcb8fc6a055fa705 - - -] volume service is down. (host: rack03-server59@lvm-1)
2022-08-02 13:53:25.153 7 WARNING cinder.scheduler.host_manager [req-37ed9a24-0ed5-43f5-862e-42081c7b0968 25c0048d4e494dc783fc5f47c3b554f6 688d5366a75d4f46810db0349b6ab395 - - -] volume service is down. (host: rack03-server59@lvm-1)
2022-08-02 13:53:27.532 7 WARNING cinder.scheduler.host_manager [req-eeeb4044-7206-4d94-8173-906ca0869398 5be60a8e4fd84a1f8e26e982a52e9269 985de6ab0e2542bdbcb8fc6a055fa705 - - -] volume service is down. (host: rack03-server59@lvm-1)
2022-08-02 13:53:28.857 7 WARNING cinder.scheduler.host_manager [req-17988209-e268-4a00-aaad-5daf5b9d58ed 25c0048d4e494dc783fc5f47c3b554f6 688d5366a75d4f46810db0349b6ab395 - - -] volume service is down. (host: rack03-server59@lvm-1)
2022-08-02 13:53:30.195 7 WARNING cinder.scheduler.host_manager [req-935cfa7e-ac21-487f-a11e-a863c72a4a26 5be60a8e4fd84a1f8e26e982a52e9269 985de6ab0e2542bdbcb8fc6a055fa705 - - -] volume service is down. (host: rack03-server59@lvm-1)
2022-08-02 13:53:32.798 7 WARNING cinder.scheduler.host_manager [req-8b57eee6-a300-4e8b-9718-69856063c958 3e5db651dbb04d15965e4d44f9d55027 9d63b14bd6d84675906048b0c32700bb - - -] volume service is down. (host: rack03-server59@lvm-1)
2022-08-02 13:53:40.765 7 WARNING cinder.scheduler.host_manager [req-3a51a9da-6131-4d71-8344-2a941dae3219 c865a9a8d1ec4412bd5301631963dd96 a218533c498741038daf62895f200b86 - - -] volume service is down. (host: rack03-server59@lvm-1)
2022-08-02 13:53:40.903 7 WARNING cinder.scheduler.host_manager [req-8d932fba-8772-45f0-b129-c0fc69f68e1b f00909dcaa344789b7ab91bc9a47336d 77feb2ebed2f471ba612ab95a4fc5cec - - -] volume service is down. (host: rack03-server59@lvm-1)
2022-08-02 13:53:43.246 7 WARNING cinder.scheduler.host_manager [req-0627d31f-8b77-4b58-8105-dfc954198157 f00909dcaa344789b7ab91bc9a47336d 77feb2ebed2f471ba612ab95a4fc5cec - - -] volume service is down. (host: rack03-server59@lvm-1)
2022-08-02 13:53:43.300 7 WARNING cinder.scheduler.host_manager [req-f3a36dfa-91d1-4c6c-952c-54b2b8697d26 c865a9a8d1ec4412bd5301631963dd96 a218533c498741038daf62895f200b86 - - -] volume service is down. (host: rack03-server59@lvm-1)
2022-08-02 13:53:44.738 7 WARNING cinder.scheduler.host_manager [req-a16bd16b-3926-4d91-946d-5a1a62cc25fa c865a9a8d1ec4412bd5301631963dd96 a218533c498741038daf62895f200b86 - - -] volume service is down. (host: rack03-server59@lvm-1)
2022-08-02 13:53:47.481 7 WARNING cinder.scheduler.host_manager [req-305cc390-489b-43c4-98b9-f50d0012829e 9a75a3e7ad534530aca1ef7f80908066 2a6be5523ba3474c92e62cf1f17156e9 - - -] volume service is down. (host: rack03-server59@lvm-1)
2022-08-02 13:53:55.381 7 WARNING cinder.scheduler.host_manager [req-044ce3d0-01e4-4bd8-b302-1cf8a08ae271 d760f262538a4ac0af837b31153ba221 01946c43d77e45d6b1f99b8fcbd6cc1b - - -] volume service is down. (host: rack03-server59@lvm-1)
2022-08-02 13:53:55.389 7 WARNING cinder.scheduler.host_manager [req-044ce3d0-01e4-4bd8-b302-1cf8a08ae271 d760f262538a4ac0af837b31153ba221 01946c43d77e45d6b1f99b8fcbd6cc1b - - -] volume service is down. (host: rack03-server59@lvm-1)
2022-08-02 13:53:56.599 7 WARNING cinder.scheduler.host_manager [req-a31cbcbd-b2b3-4607-af5e-6661dacee68e d760f262538a4ac0af837b31153ba221 01946c43d77e45d6b1f99b8fcbd6cc1b - - -] volume service is down. (host: rack03-server59@lvm-1)
2022-08-02 13:53:56.606 7 WARNING cinder.scheduler.host_manager [req-a31cbcbd-b2b3-4607-af5e-6661dacee68e d760f262538a4ac0af837b31153ba221 01946c43d77e45d6b1f99b8fcbd6cc1b - - -] volume service is down. (host: rack03-server59@lvm-1)
2022-08-02 13:53:58.083 7 WARNING cinder.scheduler.host_manager [req-ea36743e-e7cd-4d9e-a3cf-29ff08b9aa25 d760f262538a4ac0af837b31153ba221 01946c43d77e45d6b1f99b8fcbd6cc1b - - -] volume service is down. (host: rack03-server59@lvm-1)
2022-08-02 13:53:59.786 7 WARNING cinder.scheduler.host_manager [req-7023d04b-53b0-4162-be49-04504a49c72a e2bd8ca018c84f32a47174e2891a5165 ee0c05a5be03438abe72978200ec944f - - -] volume service is down. (host: rack03-server59@lvm-1)
2022-08-02 13:54:02.130 7 WARNING cinder.scheduler.host_manager [req-79e0c2fe-3c1c-47a2-b996-b403b7e08880 e2bd8ca018c84f32a47174e2891a5165 ee0c05a5be03438abe72978200ec944f - - -] volume service is down. (host: rack03-server59@lvm-1)
2022-08-02 13:54:03.383 7 WARNING cinder.scheduler.host_manager [req-ce2eb5e6-2216-493f-a058-dfb053af5965 d760f262538a4ac0af837b31153ba221 01946c43d77e45d6b1f99b8fcbd6cc1b - - -] volume service is down. (host: rack03-server59@lvm-1)
2022-08-02 13:54:03.390 7 WARNING cinder.scheduler.host_manager [req-ce2eb5e6-2216-493f-a058-dfb053af5965 d760f262538a4ac0af837b31153ba221 01946c43d77e45d6b1f99b8fcbd6cc1b - - -] volume service is down. (host: rack03-server59@lvm-1)
2022-08-02 13:54:04.839 7 WARNING cinder.scheduler.host_manager [req-8622f6b8-7211-48b9-93d9-316cfd26b048 d760f262538a4ac0af837b31153ba221 01946c43d77e45d6b1f99b8fcbd6cc1b - - -] volume service is down. (host: rack03-server59@lvm-1)
2022-08-02 13:54:06.296 7 WARNING cinder.scheduler.host_manager [req-2beecaf3-7aba-4e66-8176-322f8a850d67 d760f262538a4ac0af837b31153ba221 01946c43d77e45d6b1f99b8fcbd6cc1b - - -] volume service is down. (host: rack03-server59@lvm-1)
2022-08-02 13:54:08.029 7 WARNING cinder.scheduler.host_manager [req-9aa3be6d-65a0-470f-b3fa-675d7aa1b8e1 b47e78e9e6e64f66ab8287687c5d42a0 3c85a8908f2e4786ac987152241afd15 - - -] volume service is down. (host: rack03-server59@lvm-1)
2022-08-02 13:54:12.853 7 WARNING cinder.scheduler.host_manager [req-6fa77abf-cce6-4fcc-938c-bdbaf3650ab8 b47e78e9e6e64f66ab8287687c5d42a0 3c85a8908f2e4786ac987152241afd15 - - -] volume service is down. (host: rack03-server59@lvm-1)
2022-08-02 13:54:14.963 7 WARNING cinder.scheduler.host_manager [req-14b1fed9-5335-4bfb-939f-84a19cb398d0 ea73787b7ff54bbfa0303e134a606f20 d4eb0c358cde46e98719baa537d9c909 - - -] volume service is down. (host: rack03-server59@lvm-1)
2022-08-02 13:54:18.085 7 WARNING cinder.scheduler.host_manager [req-8a9d9904-dbc5-4bc4-806e-39fa5492aa09 e26afd9dcbc244ffb344eb57d5a3cd03 957602ce6deb44b89c0370e77c6a73a5 - - -] volume service is down. (host: rack03-server59@lvm-1)
2022-08-02 13:54:18.092 7 WARNING cinder.scheduler.host_manager [req-8a9d9904-dbc5-4bc4-806e-39fa5492aa09 e26afd9dcbc244ffb344eb57d5a3cd03 957602ce6deb44b89c0370e77c6a73a5 - - -] volume service is down. (host: rack03-server59@lvm-1)
2022-08-02 13:54:20.412 7 WARNING cinder.scheduler.host_manager [req-e30f8308-6f5e-4d3b-8376-8b31c2590bac 15e6b98219b44df883563322bdad5853 e948603b57bc462e8a09fb28ade0d9ec - - -] volume service is down. (host: rack03-server59@lvm-1)
2022-08-02 13:54:21.922 7 WARNING cinder.scheduler.host_manager [req-355166b7-9480-4348-a261-e592538251cb e5a3ba412c2b49b1a201bd7dd6cb9509 c37706ecd61648259aeb56827736ebbb - - -] volume service is down. (host: rack03-server59@lvm-1)
2022-08-02 13:54:24.266 7 WARNING cinder.scheduler.host_manager [req-c66b23b0-8d54-41da-8ba5-764598f0d085 e5a3ba412c2b49b1a201bd7dd6cb9509 c37706ecd61648259aeb56827736ebbb - - -] volume service is down. (host: rack03-server59@lvm-1)
2022-08-02 13:54:26.289 7 WARNING cinder.scheduler.host_manager [req-16478787-0d6c-4f32-8187-d0c6c6cb2737 bf64a64f01ec48beabaafd90d975f0e3 2ed1de6f5f324040804b27dda090dccf - - -] volume service is down. (host: rack03-server59@lvm-1)
2022-08-02 13:54:26.291 7 INFO cinder.scheduler.base_filter [req-16478787-0d6c-4f32-8187-d0c6c6cb2737 bf64a64f01ec48beabaafd90d975f0e3 2ed1de6f5f324040804b27dda090dccf - - -] Filtering removed all hosts for the request with volume ID '728e0421-ee78-48d6-a756-23bfc2e432a3'. Filter results: AvailabilityZoneFilter: (start: 1, end: 1), CapacityFilter: (start: 1, end: 1), CapabilitiesFilter: (start: 1, end: 0)
2022-08-02 13:54:26.292 7 WARNING cinder.scheduler.filter_scheduler [req-16478787-0d6c-4f32-8187-d0c6c6cb2737 bf64a64f01ec48beabaafd90d975f0e3 2ed1de6f5f324040804b27dda090dccf - - -] No weighed backend found for volume with properties: {'id': 'bdce6eb7-fbae-41cb-891a-e45fb3e656ba', 'name': 'tempest-UserMessagesTest-volume-type-294351187', 'description': None, 'is_public': True, 'projects': [], 'extra_specs': {'storage_protocol': 'tempest-storage_protocol-902585199', 'vendor_name': 'tempest-vendor_name-681121163'}, 'qos_specs_id': None, 'created_at': '2022-08-02T10:54:25.000000', 'updated_at': None, 'deleted_at': None, 'deleted': False}
2022-08-02 13:54:26.293 7 INFO cinder.message.api [req-16478787-0d6c-4f32-8187-d0c6c6cb2737 bf64a64f01ec48beabaafd90d975f0e3 2ed1de6f5f324040804b27dda090dccf - - -] Creating message record for request_id = req-16478787-0d6c-4f32-8187-d0c6c6cb2737
2022-08-02 13:54:26.300 7 ERROR cinder.scheduler.flows.create_volume [req-16478787-0d6c-4f32-8187-d0c6c6cb2737 bf64a64f01ec48beabaafd90d975f0e3 2ed1de6f5f324040804b27dda090dccf - - -] Failed to run task cinder.scheduler.flows.create_volume.ScheduleCreateVolumeTask;volume:create: No valid backend was found. No weighed backends available: cinder.exception.NoValidBackend: No valid backend was found. No weighed backends available
2022-08-02 13:54:26.573 7 WARNING cinder.scheduler.host_manager [req-81f53023-b0ec-4297-8787-9a44a2b19456 e5a3ba412c2b49b1a201bd7dd6cb9509 c37706ecd61648259aeb56827736ebbb - - -] volume service is down. (host: rack03-server59@lvm-1)
2022-08-02 13:54:27.855 7 WARNING cinder.scheduler.host_manager [req-2bd9ab49-27b9-4b65-90ab-c8d839c746ee bf64a64f01ec48beabaafd90d975f0e3 2ed1de6f5f324040804b27dda090dccf - - -] volume service is down. (host: rack03-server59@lvm-1)
2022-08-02 13:54:27.856 7 INFO cinder.scheduler.base_filter [req-2bd9ab49-27b9-4b65-90ab-c8d839c746ee bf64a64f01ec48beabaafd90d975f0e3 2ed1de6f5f324040804b27dda090dccf - - -] Filtering removed all hosts for the request with volume ID 'c0c5d56d-1621-48ad-a33b-e1b503f03562'. Filter results: AvailabilityZoneFilter: (start: 1, end: 1), CapacityFilter: (start: 1, end: 1), CapabilitiesFilter: (start: 1, end: 0)
2022-08-02 13:54:27.857 7 WARNING cinder.scheduler.filter_scheduler [req-2bd9ab49-27b9-4b65-90ab-c8d839c746ee bf64a64f01ec48beabaafd90d975f0e3 2ed1de6f5f324040804b27dda090dccf - - -] No weighed backend found for volume with properties: {'id': 'bcbd8538-e7b6-4002-a5b5-0b85da41873f', 'name': 'tempest-UserMessagesTest-volume-type-1941105230', 'description': None, 'is_public': True, 'projects': [], 'extra_specs': {'storage_protocol': 'tempest-storage_protocol-173398163', 'vendor_name': 'tempest-vendor_name-447647801'}, 'qos_specs_id': None, 'created_at': '2022-08-02T10:54:27.000000', 'updated_at': None, 'deleted_at': None, 'deleted': False}
2022-08-02 13:54:27.857 7 INFO cinder.message.api [req-2bd9ab49-27b9-4b65-90ab-c8d839c746ee bf64a64f01ec48beabaafd90d975f0e3 2ed1de6f5f324040804b27dda090dccf - - -] Creating message record for request_id = req-2bd9ab49-27b9-4b65-90ab-c8d839c746ee
2022-08-02 13:54:27.862 7 ERROR cinder.scheduler.flows.create_volume [req-2bd9ab49-27b9-4b65-90ab-c8d839c746ee bf64a64f01ec48beabaafd90d975f0e3 2ed1de6f5f324040804b27dda090dccf - - -] Failed to run task cinder.scheduler.flows.create_volume.ScheduleCreateVolumeTask;volume:create: No valid backend was found. No weighed backends available: cinder.exception.NoValidBackend: No valid backend was found. No weighed backends available
2022-08-02 13:54:30.257 7 WARNING cinder.scheduler.host_manager [req-4d64fed9-29ee-4445-94cf-149e13f624b0 e5a3ba412c2b49b1a201bd7dd6cb9509 c37706ecd61648259aeb56827736ebbb - - -] volume service is down. (host: rack03-server59@lvm-1)
2022-08-02 13:54:31.502 7 WARNING cinder.scheduler.host_manager [req-da291635-9c8e-42ca-ae39-f65132323745 e5a3ba412c2b49b1a201bd7dd6cb9509 c37706ecd61648259aeb56827736ebbb - - -] volume service is down. (host: rack03-server59@lvm-1)
2022-08-02 13:54:33.987 7 WARNING cinder.scheduler.host_manager [req-119b4f46-343b-4241-8505-1c3cfbf87750 e5a3ba412c2b49b1a201bd7dd6cb9509 c37706ecd61648259aeb56827736ebbb - - -] volume service is down. (host: rack03-server59@lvm-1)
2022-08-02 13:54:42.166 7 WARNING cinder.scheduler.host_manager [req-5422e9a9-0d30-424b-9375-852f006841a4 e326d2e29c624fd89d49afd8c268f91d b56ec5aee16a4b86bfe0664f921d4dbd - - -] volume service is down. (host: rack03-server59@lvm-1)
2022-08-02 13:54:42.227 7 WARNING cinder.scheduler.host_manager [req-4ccd88e6-0cba-41c0-8566-37a9f75a18a0 a46798f260a4409b82681f3d5b7fa8a4 7ba231e25446476faf6555703e090ef3 - - -] volume service is down. (host: rack03-server59@lvm-1)
2022-08-02 13:54:55.263 7 WARNING cinder.scheduler.host_manager [req-0680677a-b72e-4267-8033-a9fe77a695cc a46798f260a4409b82681f3d5b7fa8a4 7ba231e25446476faf6555703e090ef3 - - -] volume service is down. (host: rack03-server59@lvm-1)
2022-08-02 13:54:57.119 7 WARNING cinder.scheduler.host_manager [req-fa7cd509-8352-4a22-8a4b-080b6c4c1be0 2f743a0a47f0431fbdb66e1edff58fd1 84940a16dce24ea8b2381acede3f8ae4 - - -] volume service is down. (host: rack03-server59@lvm-1)
2022-08-02 13:54:58.874 7 WARNING cinder.scheduler.host_manager [req-4c21ff52-03fe-46f8-b90d-a8989181bf5c a46798f260a4409b82681f3d5b7fa8a4 7ba231e25446476faf6555703e090ef3 - - -] volume service is down. (host: rack03-server59@lvm-1)
2022-08-02 13:55:01.343 7 WARNING cinder.scheduler.host_manager [req-c1d3d329-907b-454d-a901-31ffdcf738ce a46798f260a4409b82681f3d5b7fa8a4 7ba231e25446476faf6555703e090ef3 - - -] volume service is down. (host: rack03-server59@lvm-1)
2022-08-02 13:55:03.836 7 WARNING cinder.scheduler.host_manager [req-43dd96ef-eb47-4bab-a8a3-0909a4d09080 5b057b90fc0d4262a40fe06aeba5ef6e dac1323c709d44ffb2e515b07166ce40 - - -] volume service is down. (host: rack03-server59@lvm-1)
2022-08-02 13:55:05.896 7 WARNING cinder.scheduler.host_manager [req-b7e18d1b-915a-4a5e-8d97-3c9cb231cd13 cfb286573199486ab3769d99b81e038f b678ac40fa2142bdbabfd96c1a9c48ec - - -] volume service is down. (host: rack03-server59@lvm-1)
2022-08-02 13:55:12.525 7 WARNING cinder.scheduler.host_manager [req-f345ea23-9645-4b7d-a56c-ce33a47975c5 7ed6e49f3d944a1a95a5e5645caec0f3 a203ad86f3a049b0aa512e30a568ec96 - - -] volume service is down. (host: rack03-server59@lvm-1)
2022-08-02 13:55:20.511 7 WARNING cinder.scheduler.host_manager [req-7a5a18a8-12b5-4b1d-b6ee-c2b6984d2ee5 7ed6e49f3d944a1a95a5e5645caec0f3 a203ad86f3a049b0aa512e30a568ec96 - - -] volume service is down. (host: rack03-server59@lvm-1)
2022-08-02 13:55:20.937 7 WARNING cinder.scheduler.host_manager [req-557d50d4-5388-4d07-b1ac-efcca832f121 5b057b90fc0d4262a40fe06aeba5ef6e dac1323c709d44ffb2e515b07166ce40 - - -] volume service is down. (host: rack03-server59@lvm-1)
2022-08-02 13:55:22.457 7 WARNING cinder.scheduler.host_manager [req-db419017-cc17-4858-956b-2fcf4c4774c2 5b057b90fc0d4262a40fe06aeba5ef6e dac1323c709d44ffb2e515b07166ce40 - - -] volume service is down. (host: rack03-server59@lvm-1)
2022-08-02 13:55:24.788 7 WARNING cinder.scheduler.host_manager [req-7cf2886d-7f26-41c0-9312-48207fced38e 5b057b90fc0d4262a40fe06aeba5ef6e dac1323c709d44ffb2e515b07166ce40 - - -] volume service is down. (host: rack03-server59@lvm-1)
2022-08-02 13:55:25.432 7 WARNING cinder.scheduler.host_manager [req-a68b94be-011a-48b1-aa05-1c55cd2578be 0e04723a52134145aee3fa07f1d73a4a 2bb7246ef42a47d184c5b42422f59124 - - -] volume service is down. (host: rack03-server59@lvm-1)
2022-08-02 13:55:27.092 7 WARNING cinder.scheduler.host_manager [req-4619044c-4ad7-48fd-8719-ba934cb740d9 5b057b90fc0d4262a40fe06aeba5ef6e dac1323c709d44ffb2e515b07166ce40 - - -] volume service is down. (host: rack03-server59@lvm-1)
2022-08-02 13:55:35.087 7 WARNING cinder.scheduler.host_manager [req-ea547cd5-3755-4372-9614-c0870406fdae eaae78a40aad4505986b19cd1713cfbc 4039bf1e0fdd4e8ba70b1a6ca98a9b50 - - -] volume service is down. (host: rack03-server59@lvm-1)
2022-08-02 13:55:35.687 7 WARNING cinder.scheduler.host_manager [req-843302a2-a2a3-438f-a491-9469e0858333 add24f28b6344037a05c2b295e9f6f60 13c0fbf6f65349d78f34363c3f15a755 - - -] volume service is down. (host: rack03-server59@lvm-1)
2022-08-02 13:55:35.936 7 WARNING cinder.scheduler.host_manager [req-3f716ee0-b3b3-4996-bc42-bd3020ce469c 7ed6e49f3d944a1a95a5e5645caec0f3 a203ad86f3a049b0aa512e30a568ec96 - - -] volume service is down. (host: rack03-server59@lvm-1)
2022-08-02 13:55:37.775 7 WARNING cinder.scheduler.host_manager [req-a61fba86-5e77-42c4-acfc-743b21fe2e25 eaae78a40aad4505986b19cd1713cfbc 4039bf1e0fdd4e8ba70b1a6ca98a9b50 - - -] volume service is down. (host: rack03-server59@lvm-1)
2022-08-02 13:55:38.224 7 WARNING cinder.scheduler.host_manager [req-857d6f38-6d43-4a6a-9d7f-1aef6481cfea 7ed6e49f3d944a1a95a5e5645caec0f3 a203ad86f3a049b0aa512e30a568ec96 - - -] volume service is down. (host: rack03-server59@lvm-1)
2022-08-02 13:55:40.505 7 WARNING cinder.scheduler.host_manager [req-73cf741e-7b89-41a0-b36d-cd3ee1bdb7f8 7ed6e49f3d944a1a95a5e5645caec0f3 a203ad86f3a049b0aa512e30a568ec96 - - -] volume service is down. (host: rack03-server59@lvm-1)
2022-08-02 13:55:40.846 7 WARNING cinder.scheduler.host_manager [req-05afb431-107d-4bbf-8747-f581ee0b6470 add24f28b6344037a05c2b295e9f6f60 13c0fbf6f65349d78f34363c3f15a755 - - -] volume service is down. (host: rack03-server59@lvm-1)
2022-08-02 13:55:42.589 7 WARNING cinder.scheduler.host_manager [req-22eb9e48-3102-4fdf-a786-450952d9846b eaae78a40aad4505986b19cd1713cfbc 4039bf1e0fdd4e8ba70b1a6ca98a9b50 - - -] volume service is down. (host: rack03-server59@lvm-1)
2022-08-02 13:55:45.097 7 WARNING cinder.scheduler.host_manager [req-ac40bd4d-9fe7-4669-82f3-9e7a50c6803f eaae78a40aad4505986b19cd1713cfbc 4039bf1e0fdd4e8ba70b1a6ca98a9b50 - - -] volume service is down. (host: rack03-server59@lvm-1)
2022-08-02 13:55:48.825 7 WARNING cinder.scheduler.host_manager [req-cc3d40a0-a46d-4781-a097-8832be1f6b5b eaae78a40aad4505986b19cd1713cfbc 4039bf1e0fdd4e8ba70b1a6ca98a9b50 - - -] volume service is down. (host: rack03-server59@lvm-1)
2022-08-02 13:55:49.755 7 WARNING cinder.scheduler.host_manager [req-ef83250d-2a07-4c67-9774-b1cf1b6f950d 7ed6e49f3d944a1a95a5e5645caec0f3 a203ad86f3a049b0aa512e30a568ec96 - - -] volume service is down. (host: rack03-server59@lvm-1)
2022-08-02 13:55:50.148 7 WARNING cinder.scheduler.host_manager [req-c681bdb6-ebff-4a7e-82d6-2a7279156be4 11e49f7f330c4b3ea055d8cd3d146162 a4f48aba700646dd84f752660aa8275a - - -] volume service is down. (host: rack03-server59@lvm-1)
2022-08-02 13:55:53.299 7 WARNING cinder.scheduler.host_manager [req-075df26c-87df-44e5-b74b-0c7714a6aff7 7ed6e49f3d944a1a95a5e5645caec0f3 a203ad86f3a049b0aa512e30a568ec96 - - -] volume service is down. (host: rack03-server59@lvm-1)
2022-08-02 13:55:53.776 7 WARNING cinder.scheduler.host_manager [req-0d11e2e2-f3b7-48a4-ae8a-1d4ec160a68b eaae78a40aad4505986b19cd1713cfbc 4039bf1e0fdd4e8ba70b1a6ca98a9b50 - - -] volume service is down. (host: rack03-server59@lvm-1)
2022-08-02 13:55:59.210 7 WARNING cinder.scheduler.host_manager [req-db3740cd-a8d8-495c-acff-c19de4016933 11e49f7f330c4b3ea055d8cd3d146162 a4f48aba700646dd84f752660aa8275a - - -] volume service is down. (host: rack03-server59@lvm-1)
2022-08-02 13:56:02.261 7 WARNING cinder.scheduler.host_manager [req-379abd8c-59c7-4451-954c-d1d18e5c1362 7ed6e49f3d944a1a95a5e5645caec0f3 a203ad86f3a049b0aa512e30a568ec96 - - -] volume service is down. (host: rack03-server59@lvm-1)
2022-08-02 13:56:04.562 7 WARNING cinder.scheduler.host_manager [req-beaf9e22-f7b8-4379-9233-c0fb2a261eb4 7ed6e49f3d944a1a95a5e5645caec0f3 a203ad86f3a049b0aa512e30a568ec96 - - -] volume service is down. (host: rack03-server59@lvm-1)
2022-08-02 13:56:10.213 7 WARNING cinder.scheduler.host_manager [req-21357267-d809-4f7a-8045-d158877efd95 eaae78a40aad4505986b19cd1713cfbc 4039bf1e0fdd4e8ba70b1a6ca98a9b50 - - -] volume service is down. (host: rack03-server59@lvm-1)
2022-08-02 13:56:11.916 7 WARNING cinder.scheduler.host_manager [req-e154b76b-a6b8-4312-9809-525feb591edf 2f470bbe98c340ce89cd206e89271046 e5d1e2db6d0a49328d60fa759644fc35 - - -] volume service is down. (host: rack03-server59@lvm-1)
2022-08-02 13:56:13.996 7 WARNING cinder.scheduler.host_manager [req-901f2b6e-a217-4179-b36a-9e2901d15318 7ed6e49f3d944a1a95a5e5645caec0f3 a203ad86f3a049b0aa512e30a568ec96 - - -] volume service is down. (host: rack03-server59@lvm-1)
2022-08-02 13:56:14.247 7 WARNING cinder.scheduler.host_manager [req-85870c1a-0fed-425e-a968-280085e10ba4 2f470bbe98c340ce89cd206e89271046 e5d1e2db6d0a49328d60fa759644fc35 - - -] volume service is down. (host: rack03-server59@lvm-1)
2022-08-02 13:56:16.303 7 WARNING cinder.scheduler.host_manager [req-6a958153-1880-476a-9235-49dd1bcaac0e 7ed6e49f3d944a1a95a5e5645caec0f3 a203ad86f3a049b0aa512e30a568ec96 - - -] volume service is down. (host: rack03-server59@lvm-1)
2022-08-02 13:56:16.509 7 WARNING cinder.scheduler.host_manager [req-304b13df-9371-4c6e-bb05-28401eeec97c 2f470bbe98c340ce89cd206e89271046 e5d1e2db6d0a49328d60fa759644fc35 - - -] volume service is down. (host: rack03-server59@lvm-1)
2022-08-02 13:56:18.788 7 WARNING cinder.scheduler.host_manager [req-e5546df1-1af3-44b2-bb06-0418998488e6 2f470bbe98c340ce89cd206e89271046 e5d1e2db6d0a49328d60fa759644fc35 - - -] volume service is down. (host: rack03-server59@lvm-1)
2022-08-02 13:56:18.796 7 WARNING cinder.scheduler.host_manager [req-868dcaea-03cd-4a25-8b93-67811cffc577 7ed6e49f3d944a1a95a5e5645caec0f3 a203ad86f3a049b0aa512e30a568ec96 - - -] volume service is down. (host: rack03-server59@lvm-1)
2022-08-02 13:56:19.208 7 WARNING cinder.scheduler.host_manager [req-d4976433-513f-4b30-8c52-8835cf747f53 237ad9013d4d4a418ec2a86e09862793 445bc993dbe948fdb49da45f6ba76d3a - - -] volume service is down. (host: rack03-server59@lvm-1)
2022-08-02 13:56:21.747 7 WARNING cinder.scheduler.host_manager [req-009c3583-b8df-46f2-a308-dace515894cf 237ad9013d4d4a418ec2a86e09862793 445bc993dbe948fdb49da45f6ba76d3a - - -] volume service is down. (host: rack03-server59@lvm-1)
2022-08-02 13:56:22.444 7 WARNING cinder.scheduler.host_manager [req-8d35582b-b275-4746-a328-8f0e85645f3c 7ed6e49f3d944a1a95a5e5645caec0f3 a203ad86f3a049b0aa512e30a568ec96 - - -] volume service is down. (host: rack03-server59@lvm-1)
2022-08-02 13:56:24.237 7 WARNING cinder.scheduler.host_manager [req-9d5d170a-5c8c-4526-892c-8849a2b538a6 237ad9013d4d4a418ec2a86e09862793 445bc993dbe948fdb49da45f6ba76d3a - - -] volume service is down. (host: rack03-server59@lvm-1)
2022-08-02 13:56:24.780 7 WARNING cinder.scheduler.host_manager [req-4fbd8604-af93-4507-9317-d42a9d5d84ad 7ed6e49f3d944a1a95a5e5645caec0f3 a203ad86f3a049b0aa512e30a568ec96 - - -] volume service is down. (host: rack03-server59@lvm-1)
2022-08-02 13:56:27.253 7 WARNING cinder.scheduler.host_manager [req-5afc3157-0a7e-468b-b105-121ac469a1b6 7ed6e49f3d944a1a95a5e5645caec0f3 a203ad86f3a049b0aa512e30a568ec96 - - -] volume service is down. (host: rack03-server59@lvm-1)
2022-08-02 13:56:29.618 7 WARNING cinder.scheduler.host_manager [req-c587a9bc-c791-4601-940f-31d188aaa4d2 6f825b27418a48c6949c46613f6c42de 2488ab190afb45e0b6a83c5fb7f08b36 - - -] volume service is down. (host: rack03-server59@lvm-1)
2022-08-02 13:56:31.945 7 WARNING cinder.scheduler.host_manager [req-bb1b66b0-0d63-4040-be7a-c4ba52925a4c 6f825b27418a48c6949c46613f6c42de 2488ab190afb45e0b6a83c5fb7f08b36 - - -] volume service is down. (host: rack03-server59@lvm-1)
2022-08-02 13:56:34.991 7 WARNING cinder.scheduler.host_manager [req-a786c06c-b0e1-44cc-b4be-a055bac5869b c9c404d1333d483ca4cc8d319fbf75c8 30324e9b509c41d79aa863d5f5bcf383 - - -] volume service is down. (host: rack03-server59@lvm-1)
2022-08-02 13:56:53.849 7 WARNING cinder.scheduler.host_manager [req-e27fcdbc-593a-4494-a1d6-9c1b9563a154 acfd7c718a5246d9bb2fc930351124f3 6a2708126f6f4616a382ff47b95843c8 - - -] volume service is down. (host: rack03-server59@lvm-1)
2022-08-02 13:56:53.943 7 WARNING cinder.scheduler.host_manager [req-b48f442e-8833-49f8-aa7a-264782117ec7 d4cbc6b0382c46ee8a76acc768507c68 75a0e6ab09c541cc8563f255ccd9f4bb - - -] volume service is down. (host: rack03-server59@lvm-1)
2022-08-02 13:56:53.947 7 WARNING cinder.scheduler.host_manager [req-f3e228b0-c0d4-4bcd-93b4-8cbc2858e622 e1f298c322794b6893316690edff986c 1536fc395c5842e0a5ea1abf29d6ae29 - - -] volume service is down. (host: rack03-server59@lvm-1)
2022-08-02 13:56:54.133 7 WARNING cinder.scheduler.host_manager [req-e3111e0c-75f8-4721-a9a8-2824b97dae4b e1f298c322794b6893316690edff986c 1536fc395c5842e0a5ea1abf29d6ae29 - - -] volume service is down. (host: rack03-server59@lvm-1)
2022-08-02 13:56:54.408 7 WARNING cinder.scheduler.host_manager [req-148afcd9-4107-4cbe-9557-7deed50895dc e1f298c322794b6893316690edff986c 1536fc395c5842e0a5ea1abf29d6ae29 - - -] volume service is down. (host: rack03-server59@lvm-1)
2022-08-02 13:56:54.689 7 WARNING cinder.scheduler.host_manager [req-22abdacb-4041-4366-a16a-0e7e744f1db4 e1f298c322794b6893316690edff986c 1536fc395c5842e0a5ea1abf29d6ae29 - - -] volume service is down. (host: rack03-server59@lvm-1)
2022-08-02 13:56:54.968 7 WARNING cinder.scheduler.host_manager [req-5b0d2439-f0df-4b94-96a1-74188cf5503d e1f298c322794b6893316690edff986c 1536fc395c5842e0a5ea1abf29d6ae29 - - -] volume service is down. (host: rack03-server59@lvm-1)
2022-08-02 13:56:55.116 7 WARNING cinder.scheduler.host_manager [req-5a337fc5-e7ea-4f3f-b09d-fa01ca4dd4b6 acfd7c718a5246d9bb2fc930351124f3 6a2708126f6f4616a382ff47b95843c8 - - -] volume service is down. (host: rack03-server59@lvm-1)
2022-08-02 13:56:56.332 7 WARNING cinder.scheduler.host_manager [req-2afacb29-cd57-4122-b30f-9d7fa49d4521 d4cbc6b0382c46ee8a76acc768507c68 75a0e6ab09c541cc8563f255ccd9f4bb - - -] volume service is down. (host: rack03-server59@lvm-1)
2022-08-02 13:56:56.608 7 WARNING cinder.scheduler.host_manager [req-72dbf8b5-4c59-4855-9e33-5797d13280a4 d4cbc6b0382c46ee8a76acc768507c68 75a0e6ab09c541cc8563f255ccd9f4bb - - -] volume service is down. (host: rack03-server59@lvm-1)
2022-08-02 13:56:56.900 7 WARNING cinder.scheduler.host_manager [req-d016a280-8a9e-4aa5-8ecc-08a38668e4b7 d4cbc6b0382c46ee8a76acc768507c68 75a0e6ab09c541cc8563f255ccd9f4bb - - -] volume service is down. (host: rack03-server59@lvm-1)
2022-08-02 13:56:57.186 7 WARNING cinder.scheduler.host_manager [req-2ad3c82d-6130-4c91-95f7-e8a8cbc74c35 d4cbc6b0382c46ee8a76acc768507c68 75a0e6ab09c541cc8563f255ccd9f4bb - - -] volume service is down. (host: rack03-server59@lvm-1)
2022-08-02 13:56:57.514 7 WARNING cinder.scheduler.host_manager [req-12fe6519-fc51-4353-b8a5-b900f0dbdc7e d4cbc6b0382c46ee8a76acc768507c68 75a0e6ab09c541cc8563f255ccd9f4bb - - -] volume service is down. (host: rack03-server59@lvm-1)
2022-08-02 13:56:57.540 7 WARNING cinder.scheduler.host_manager [req-6c034dac-869e-429b-9f8a-5956d57b06e5 acfd7c718a5246d9bb2fc930351124f3 6a2708126f6f4616a382ff47b95843c8 - - -] volume service is down. (host: rack03-server59@lvm-1)
2022-08-02 13:56:57.789 7 WARNING cinder.scheduler.host_manager [req-98b3043f-0f12-4ee8-9067-156bfd41178a acfd7c718a5246d9bb2fc930351124f3 6a2708126f6f4616a382ff47b95843c8 - - -] volume service is down. (host: rack03-server59@lvm-1)
2022-08-02 13:56:58.100 7 WARNING cinder.scheduler.host_manager [req-88772822-c5a9-41a0-ac5f-bbcc7f938e82 acfd7c718a5246d9bb2fc930351124f3 6a2708126f6f4616a382ff47b95843c8 - - -] volume service is down. (host: rack03-server59@lvm-1)
2022-08-02 13:56:58.407 7 WARNING cinder.scheduler.host_manager [req-04b22ca9-e2a3-4393-bf60-07741c3ab1f6 acfd7c718a5246d9bb2fc930351124f3 6a2708126f6f4616a382ff47b95843c8 - - -] volume service is down. (host: rack03-server59@lvm-1)
2022-08-02 13:56:58.681 7 WARNING cinder.scheduler.host_manager [req-838cfd32-b987-4298-85d2-37092b99b7c2 acfd7c718a5246d9bb2fc930351124f3 6a2708126f6f4616a382ff47b95843c8 - - -] volume service is down. (host: rack03-server59@lvm-1)
2022-08-02 13:57:05.338 7 WARNING cinder.scheduler.host_manager [req-d51b17a6-aa9a-465c-bcf0-da6afa96b5de b22f91ceaa9b45ee81b63ede0ba10566 d25fc177d3884ce397ae72cc7e9935fc - - -] volume service is down. (host: rack03-server59@lvm-1)
2022-08-02 13:57:07.849 7 WARNING cinder.scheduler.host_manager [req-62eb5e1a-2b53-467b-a24a-bfc3ce64061a b22f91ceaa9b45ee81b63ede0ba10566 d25fc177d3884ce397ae72cc7e9935fc - - -] volume service is down. (host: rack03-server59@lvm-1)
2022-08-02 13:57:10.236 7 WARNING cinder.scheduler.host_manager [req-98644405-384f-4ee2-85e4-9addcda2b424 b22f91ceaa9b45ee81b63ede0ba10566 d25fc177d3884ce397ae72cc7e9935fc - - -] volume service is down. (host: rack03-server59@lvm-1)
