Build Started 09_05_2024_18_00_00
2024-05-09 18:01:48.826 7 WARNING cinder.scheduler.host_manager [req-a2b831a5-2568-4fb8-bfbb-84339532b43e req-5147e755-5bd6-4817-a2de-41c45a0d0eda ec92f8e6526b4aff92e80b7e5e9d79b9 b908c00e5a1e417b8400417346756dff - - - -] volume service is down. (host: rack01-server63@lvm-1)
2024-05-09 18:01:48.894 7 WARNING cinder.scheduler.host_manager [None req-1793ed36-3e83-4950-9c8b-a1988cc8863b 21087997399a4ba888b35d1a21fa0832 ad7fc6072413430db5a67e89b88f9651 - - - -] volume service is down. (host: rack01-server63@lvm-1)
2024-05-09 18:01:50.287 7 WARNING cinder.scheduler.host_manager [None req-d3146f45-f986-4620-b8a1-59f58316261a 0ab803cf1fce4697adc1c5c706fa29ba 29fbb041719a4d3c8482f58ef05631ad - - - -] volume service is down. (host: rack01-server63@lvm-1)
2024-05-09 18:01:50.326 7 WARNING cinder.scheduler.host_manager [None req-add65d62-7a23-40c8-b649-795e891e8200 0ab803cf1fce4697adc1c5c706fa29ba 29fbb041719a4d3c8482f58ef05631ad - - - -] volume service is down. (host: rack01-server63@lvm-1)
2024-05-09 18:01:50.543 7 WARNING cinder.scheduler.host_manager [req-28475c2a-73ff-42f8-bd2c-a808f4892690 req-ef33cd1a-7f8c-4477-92a2-139ffbc6632d ec92f8e6526b4aff92e80b7e5e9d79b9 b908c00e5a1e417b8400417346756dff - - - -] volume service is down. (host: rack01-server63@lvm-1)
2024-05-09 18:01:51.416 7 WARNING cinder.scheduler.host_manager [None req-766e071d-54ac-4beb-98fd-8c84c7a429ab 21087997399a4ba888b35d1a21fa0832 ad7fc6072413430db5a67e89b88f9651 - - - -] volume service is down. (host: rack01-server63@lvm-1)
2024-05-09 18:01:53.927 7 WARNING cinder.scheduler.host_manager [None req-eec0e7c4-81bd-4f30-86ac-0deffdcf26a2 21087997399a4ba888b35d1a21fa0832 ad7fc6072413430db5a67e89b88f9651 - - - -] volume service is down. (host: rack01-server63@lvm-1)
2024-05-09 18:01:58.283 7 WARNING cinder.scheduler.host_manager [req-ebbada6f-7536-4dfb-b1d0-83bf236e56c2 req-179439b8-1200-41fc-bd0d-bb061d279af9 4c6ebd88f81e420badb16a8e9c594ce8 45432c1fd9934c2b84405d62570c59a6 - - - -] volume service is down. (host: rack01-server63@lvm-1)
2024-05-09 18:02:02.867 7 WARNING cinder.scheduler.host_manager [None req-1fe05fec-1aa2-4e36-965f-007cf4c1c573 de0b91a486ee4107846dc229e4b81fd4 0dd55371566440409913c770d8ad9e02 - - - -] volume service is down. (host: rack01-server63@lvm-1)
2024-05-09 18:02:05.221 7 WARNING cinder.scheduler.host_manager [None req-abebdfd4-ef05-486f-9943-718f53b9209b de0b91a486ee4107846dc229e4b81fd4 0dd55371566440409913c770d8ad9e02 - - - -] volume service is down. (host: rack01-server63@lvm-1)
2024-05-09 18:02:07.190 7 WARNING cinder.scheduler.host_manager [None req-c3ac3e47-5978-4504-82e8-2194e01c7d00 6b26de82a6a046bcb66fd30b057065fa 50b43fe532e34d95ae5c15b24e7c503a - - - -] volume service is down. (host: rack01-server63@lvm-1)
2024-05-09 18:02:07.200 7 WARNING cinder.scheduler.host_manager [None req-c3ac3e47-5978-4504-82e8-2194e01c7d00 6b26de82a6a046bcb66fd30b057065fa 50b43fe532e34d95ae5c15b24e7c503a - - - -] volume service is down. (host: rack01-server63@lvm-1)
2024-05-09 18:02:07.853 7 WARNING cinder.scheduler.host_manager [None req-d0d86d48-b60f-40c5-bc28-e6cae3bd04c7 de0b91a486ee4107846dc229e4b81fd4 0dd55371566440409913c770d8ad9e02 - - - -] volume service is down. (host: rack01-server63@lvm-1)
2024-05-09 18:02:08.602 7 WARNING cinder.scheduler.host_manager [None req-cdc62647-4395-4074-bdbd-24c06109b9b3 6b26de82a6a046bcb66fd30b057065fa 50b43fe532e34d95ae5c15b24e7c503a - - - -] volume service is down. (host: rack01-server63@lvm-1)
2024-05-09 18:02:09.562 7 WARNING cinder.scheduler.host_manager [None req-541179c2-aa2e-4fd8-b941-dfcb72d5dba9 39dc5cda10f04d64bfd9da63e279daf9 c3d9f234374640b5a97f3898e3b691fb - - - -] volume service is down. (host: rack01-server63@lvm-1)
2024-05-09 18:02:09.570 7 WARNING cinder.scheduler.host_manager [None req-541179c2-aa2e-4fd8-b941-dfcb72d5dba9 39dc5cda10f04d64bfd9da63e279daf9 c3d9f234374640b5a97f3898e3b691fb - - - -] volume service is down. (host: rack01-server63@lvm-1)
2024-05-09 18:02:10.986 7 WARNING cinder.scheduler.host_manager [None req-2170a66d-0b5c-45e4-bd38-02a119652be9 39dc5cda10f04d64bfd9da63e279daf9 c3d9f234374640b5a97f3898e3b691fb - - - -] volume service is down. (host: rack01-server63@lvm-1)
2024-05-09 18:02:11.488 7 WARNING cinder.scheduler.host_manager [None req-78a8e529-46a7-41d3-bfb3-58304189d131 de0b91a486ee4107846dc229e4b81fd4 0dd55371566440409913c770d8ad9e02 - - - -] volume service is down. (host: rack01-server63@lvm-1)
2024-05-09 18:02:14.691 7 WARNING cinder.scheduler.host_manager [None req-7568203b-816e-42e6-a7b8-41614fae3b3b 39dc5cda10f04d64bfd9da63e279daf9 c3d9f234374640b5a97f3898e3b691fb - - - -] volume service is down. (host: rack01-server63@lvm-1)
2024-05-09 18:02:15.114 7 WARNING cinder.scheduler.host_manager [None req-75c944e0-ca1a-483f-8979-d4b9101fd762 de0b91a486ee4107846dc229e4b81fd4 0dd55371566440409913c770d8ad9e02 - - - -] volume service is down. (host: rack01-server63@lvm-1)
2024-05-09 18:02:18.730 7 WARNING cinder.scheduler.host_manager [None req-2948a2d7-12e2-4c1f-86ae-f37f53c0eaf7 de0b91a486ee4107846dc229e4b81fd4 0dd55371566440409913c770d8ad9e02 - - - -] volume service is down. (host: rack01-server63@lvm-1)
2024-05-09 18:02:20.625 7 WARNING cinder.scheduler.host_manager [None req-f1d7a0d2-0937-4eae-a1fb-96fea8eaf5c5 39dc5cda10f04d64bfd9da63e279daf9 c3d9f234374640b5a97f3898e3b691fb - - - -] volume service is down. (host: rack01-server63@lvm-1)
2024-05-09 18:02:20.636 7 WARNING cinder.scheduler.host_manager [None req-f1d7a0d2-0937-4eae-a1fb-96fea8eaf5c5 39dc5cda10f04d64bfd9da63e279daf9 c3d9f234374640b5a97f3898e3b691fb - - - -] volume service is down. (host: rack01-server63@lvm-1)
2024-05-09 18:02:22.011 7 WARNING cinder.scheduler.host_manager [None req-dd3a5677-5f21-4e6c-a1a9-fd7f28d533d9 39dc5cda10f04d64bfd9da63e279daf9 c3d9f234374640b5a97f3898e3b691fb - - - -] volume service is down. (host: rack01-server63@lvm-1)
2024-05-09 18:02:23.500 7 WARNING cinder.scheduler.host_manager [None req-574d5bd4-ff3a-471b-826b-6b1614fd8f01 39dc5cda10f04d64bfd9da63e279daf9 c3d9f234374640b5a97f3898e3b691fb - - - -] volume service is down. (host: rack01-server63@lvm-1)
2024-05-09 18:02:28.842 7 WARNING cinder.scheduler.host_manager [None req-7dca6c7b-f5fb-44fd-82a0-3ee3b4644f29 ee22d1fe020146169ab904a54bdfef10 63a263408f954ccf80059db99ffcb108 - - - -] volume service is down. (host: rack01-server63@lvm-1)
2024-05-09 18:02:28.851 7 WARNING cinder.scheduler.host_manager [None req-7dca6c7b-f5fb-44fd-82a0-3ee3b4644f29 ee22d1fe020146169ab904a54bdfef10 63a263408f954ccf80059db99ffcb108 - - - -] volume service is down. (host: rack01-server63@lvm-1)
2024-05-09 18:02:30.035 7 WARNING cinder.scheduler.host_manager [None req-998920e5-aa07-46c4-ab1d-ecaea1a32617 ee22d1fe020146169ab904a54bdfef10 63a263408f954ccf80059db99ffcb108 - - - -] volume service is down. (host: rack01-server63@lvm-1)
2024-05-09 18:02:30.045 7 WARNING cinder.scheduler.host_manager [None req-998920e5-aa07-46c4-ab1d-ecaea1a32617 ee22d1fe020146169ab904a54bdfef10 63a263408f954ccf80059db99ffcb108 - - - -] volume service is down. (host: rack01-server63@lvm-1)
2024-05-09 18:02:30.559 7 WARNING cinder.scheduler.host_manager [None req-e7c5316c-8ca5-42a0-9ba8-069f964de910 51bf0a7e6db64dcfaab1cef831512986 70ef84f76056438b8fcd114f3774a4e2 - - - -] volume service is down. (host: rack01-server63@lvm-1)
2024-05-09 18:02:31.464 7 WARNING cinder.scheduler.host_manager [None req-e016a59b-3495-4315-a4d8-af6aa084dc61 ee22d1fe020146169ab904a54bdfef10 63a263408f954ccf80059db99ffcb108 - - - -] volume service is down. (host: rack01-server63@lvm-1)
2024-05-09 18:02:36.821 7 WARNING cinder.scheduler.host_manager [None req-d29dc8a9-8ba5-4d2f-a32a-f8c7a87732da ee22d1fe020146169ab904a54bdfef10 63a263408f954ccf80059db99ffcb108 - - - -] volume service is down. (host: rack01-server63@lvm-1)
2024-05-09 18:02:36.827 7 WARNING cinder.scheduler.host_manager [None req-d29dc8a9-8ba5-4d2f-a32a-f8c7a87732da ee22d1fe020146169ab904a54bdfef10 63a263408f954ccf80059db99ffcb108 - - - -] volume service is down. (host: rack01-server63@lvm-1)
2024-05-09 18:02:36.918 7 WARNING cinder.scheduler.host_manager [None req-5e99132a-1db3-4b0f-b502-faaaa4252c3c 39dc5cda10f04d64bfd9da63e279daf9 c3d9f234374640b5a97f3898e3b691fb - - - -] volume service is down. (host: rack01-server63@lvm-1)
2024-05-09 18:02:36.927 7 WARNING cinder.scheduler.host_manager [None req-5e99132a-1db3-4b0f-b502-faaaa4252c3c 39dc5cda10f04d64bfd9da63e279daf9 c3d9f234374640b5a97f3898e3b691fb - - - -] volume service is down. (host: rack01-server63@lvm-1)
2024-05-09 18:02:38.162 7 WARNING cinder.scheduler.host_manager [None req-18b63076-34ce-4358-ae97-0115ce9756d9 ee22d1fe020146169ab904a54bdfef10 63a263408f954ccf80059db99ffcb108 - - - -] volume service is down. (host: rack01-server63@lvm-1)
2024-05-09 18:02:38.256 7 WARNING cinder.scheduler.host_manager [None req-78cd1d0b-0e68-48ba-936f-e16236b42ac3 39dc5cda10f04d64bfd9da63e279daf9 c3d9f234374640b5a97f3898e3b691fb - - - -] volume service is down. (host: rack01-server63@lvm-1)
2024-05-09 18:02:40.681 7 WARNING cinder.scheduler.host_manager [None req-67be3da4-4724-4087-a971-30a9abfd27d1 ee22d1fe020146169ab904a54bdfef10 63a263408f954ccf80059db99ffcb108 - - - -] volume service is down. (host: rack01-server63@lvm-1)
2024-05-09 18:02:45.692 7 WARNING cinder.scheduler.host_manager [None req-c0813822-511d-4447-864e-97f590686e9d 79e88d19c4b841b6873d55235b17becd f4a0cd0fe6f74e6c8cd1a2002d04245e - - - -] volume service is down. (host: rack01-server63@lvm-1)
2024-05-09 18:02:49.424 7 WARNING cinder.scheduler.host_manager [None req-c51d0323-ca6b-4545-a7e0-007c2eba7d78 79e88d19c4b841b6873d55235b17becd f4a0cd0fe6f74e6c8cd1a2002d04245e - - - -] volume service is down. (host: rack01-server63@lvm-1)
2024-05-09 18:02:51.835 7 WARNING cinder.scheduler.host_manager [None req-45a740d7-3078-44a2-ae5f-7ead71659584 6030aff628894f799f618952d84951e4 a6fd0b088a9a449090fbbe6fdc22237d - - - -] volume service is down. (host: rack01-server63@lvm-1)
2024-05-09 18:02:51.844 7 WARNING cinder.scheduler.host_manager [None req-45a740d7-3078-44a2-ae5f-7ead71659584 6030aff628894f799f618952d84951e4 a6fd0b088a9a449090fbbe6fdc22237d - - - -] volume service is down. (host: rack01-server63@lvm-1)
2024-05-09 18:02:52.944 7 WARNING cinder.scheduler.host_manager [None req-5ae3fab9-514e-40ea-90cb-39f3a562d05f 3273f0114b694c0c8ebf151187789693 c074e30db36d4ca1904442e5c07e4ee2 - - - -] volume service is down. (host: rack01-server63@lvm-1)
2024-05-09 18:02:52.955 7 WARNING cinder.scheduler.host_manager [None req-5ae3fab9-514e-40ea-90cb-39f3a562d05f 3273f0114b694c0c8ebf151187789693 c074e30db36d4ca1904442e5c07e4ee2 - - - -] volume service is down. (host: rack01-server63@lvm-1)
2024-05-09 18:02:53.250 7 WARNING cinder.scheduler.host_manager [None req-0289f082-da57-4c0e-8a24-c8f10403c5df 6030aff628894f799f618952d84951e4 a6fd0b088a9a449090fbbe6fdc22237d - - - -] volume service is down. (host: rack01-server63@lvm-1)
2024-05-09 18:02:54.530 7 WARNING cinder.scheduler.host_manager [None req-93436970-f5ed-44e5-8009-3850a6597547 6030aff628894f799f618952d84951e4 a6fd0b088a9a449090fbbe6fdc22237d - - - -] volume service is down. (host: rack01-server63@lvm-1)
2024-05-09 18:03:08.036 7 WARNING cinder.scheduler.host_manager [None req-3d349f0d-4e7a-4082-8c34-d2583522d820 a835c7af72c64db68f833cd10fd89531 0c84bac4a5ca4be5b1d882e0c057084a - - - -] volume service is down. (host: rack01-server63@lvm-1)
2024-05-09 18:03:10.400 7 WARNING cinder.scheduler.host_manager [None req-e2be173d-a327-43b2-893d-b5fcb71c7672 a835c7af72c64db68f833cd10fd89531 0c84bac4a5ca4be5b1d882e0c057084a - - - -] volume service is down. (host: rack01-server63@lvm-1)
2024-05-09 18:03:14.788 7 WARNING cinder.scheduler.host_manager [None req-31810518-1d5d-41f8-b0f6-4c97fa189903 bb6b7215868b4213998a9ff26559cce0 bbad85e5677f46f9ad31dcda22e02193 - - - -] volume service is down. (host: rack01-server63@lvm-1)
2024-05-09 18:03:14.790 7 INFO cinder.scheduler.base_filter [None req-31810518-1d5d-41f8-b0f6-4c97fa189903 bb6b7215868b4213998a9ff26559cce0 bbad85e5677f46f9ad31dcda22e02193 - - - -] Filtering removed all hosts for the request with volume ID '8336cc1b-980a-41ee-85aa-19583552d321'. Filter results: AvailabilityZoneFilter: (start: 1, end: 1), CapacityFilter: (start: 1, end: 1), CapabilitiesFilter: (start: 1, end: 0)
2024-05-09 18:03:14.790 7 WARNING cinder.scheduler.filter_scheduler [None req-31810518-1d5d-41f8-b0f6-4c97fa189903 bb6b7215868b4213998a9ff26559cce0 bbad85e5677f46f9ad31dcda22e02193 - - - -] No weighed backend found for volume with properties: {'id': '40b8ef6e-a4be-4546-9a3a-0ea69433ea45', 'name': 'tempest-UserMessagesTest-volume-type-1172543638', 'description': None, 'is_public': True, 'projects': [], 'extra_specs': {'storage_protocol': 'tempest-storage_protocol-591892547', 'vendor_name': 'tempest-vendor_name-160278042'}, 'qos_specs_id': None, 'created_at': '2024-05-09T18:03:14.000000', 'updated_at': None, 'deleted_at': None, 'deleted': False}
2024-05-09 18:03:14.790 7 INFO cinder.message.api [None req-31810518-1d5d-41f8-b0f6-4c97fa189903 bb6b7215868b4213998a9ff26559cce0 bbad85e5677f46f9ad31dcda22e02193 - - - -] Creating message record for request_id = req-31810518-1d5d-41f8-b0f6-4c97fa189903
2024-05-09 18:03:14.796 7 ERROR cinder.scheduler.flows.create_volume [None req-31810518-1d5d-41f8-b0f6-4c97fa189903 bb6b7215868b4213998a9ff26559cce0 bbad85e5677f46f9ad31dcda22e02193 - - - -] Failed to run task cinder.scheduler.flows.create_volume.ScheduleCreateVolumeTask;volume:create: No valid backend was found. No weighed backends available: cinder.exception.NoValidBackend: No valid backend was found. No weighed backends available
2024-05-09 18:03:16.650 7 WARNING cinder.scheduler.host_manager [None req-84cff7e8-9e1c-4d5f-b1db-7d6e085b1640 bb6b7215868b4213998a9ff26559cce0 bbad85e5677f46f9ad31dcda22e02193 - - - -] volume service is down. (host: rack01-server63@lvm-1)
2024-05-09 18:03:16.651 7 INFO cinder.scheduler.base_filter [None req-84cff7e8-9e1c-4d5f-b1db-7d6e085b1640 bb6b7215868b4213998a9ff26559cce0 bbad85e5677f46f9ad31dcda22e02193 - - - -] Filtering removed all hosts for the request with volume ID 'bef9cc7f-a793-4490-a414-19d4c5759ae3'. Filter results: AvailabilityZoneFilter: (start: 1, end: 1), CapacityFilter: (start: 1, end: 1), CapabilitiesFilter: (start: 1, end: 0)
2024-05-09 18:03:16.652 7 WARNING cinder.scheduler.filter_scheduler [None req-84cff7e8-9e1c-4d5f-b1db-7d6e085b1640 bb6b7215868b4213998a9ff26559cce0 bbad85e5677f46f9ad31dcda22e02193 - - - -] No weighed backend found for volume with properties: {'id': '498013a7-0292-40b0-841d-1384a5b8ab49', 'name': 'tempest-UserMessagesTest-volume-type-1125625793', 'description': None, 'is_public': True, 'projects': [], 'extra_specs': {'storage_protocol': 'tempest-storage_protocol-1567088661', 'vendor_name': 'tempest-vendor_name-809747291'}, 'qos_specs_id': None, 'created_at': '2024-05-09T18:03:16.000000', 'updated_at': None, 'deleted_at': None, 'deleted': False}
2024-05-09 18:03:16.653 7 INFO cinder.message.api [None req-84cff7e8-9e1c-4d5f-b1db-7d6e085b1640 bb6b7215868b4213998a9ff26559cce0 bbad85e5677f46f9ad31dcda22e02193 - - - -] Creating message record for request_id = req-84cff7e8-9e1c-4d5f-b1db-7d6e085b1640
2024-05-09 18:03:16.659 7 ERROR cinder.scheduler.flows.create_volume [None req-84cff7e8-9e1c-4d5f-b1db-7d6e085b1640 bb6b7215868b4213998a9ff26559cce0 bbad85e5677f46f9ad31dcda22e02193 - - - -] Failed to run task cinder.scheduler.flows.create_volume.ScheduleCreateVolumeTask;volume:create: No valid backend was found. No weighed backends available: cinder.exception.NoValidBackend: No valid backend was found. No weighed backends available
2024-05-09 18:03:19.229 7 WARNING cinder.scheduler.host_manager [None req-7f2019a9-6efa-4eac-b6d2-c93a0f247f54 0c7f8039e1fe4378aba244ff6411159a 0d1ba7b9ebc94d3fb5d4beb84d1b4a21 - - - -] volume service is down. (host: rack01-server63@lvm-1)
2024-05-09 18:03:24.822 7 WARNING cinder.scheduler.host_manager [None req-1d9beb36-6056-46cd-a0ef-e73405e78570 05c659a031d64500bfb1fd53f6e5e4dd f44cad7a3920408fb50183a0c0e52d6b - - - -] volume service is down. (host: rack01-server63@lvm-1)
2024-05-09 18:03:27.483 7 WARNING cinder.scheduler.host_manager [None req-f20e418a-1d0f-4dbd-8de0-993d4e8955c1 d09bf8d5a7a44a96a83317c48552549c 646b348a1fdf4498ab966a22787a32ef - - - -] volume service is down. (host: rack01-server63@lvm-1)
2024-05-09 18:03:28.999 7 WARNING cinder.scheduler.host_manager [None req-2a5d9446-3505-487f-8024-bebc02ec0ccf 4a1e594fdfce40bb83d910357e3bc67f efdd23c1d7904381927afed28b3be51c - - - -] volume service is down. (host: rack01-server63@lvm-1)
2024-05-09 18:03:29.987 7 WARNING cinder.scheduler.host_manager [None req-c909ab14-5844-48d8-9b11-4ba3b85b4136 d09bf8d5a7a44a96a83317c48552549c 646b348a1fdf4498ab966a22787a32ef - - - -] volume service is down. (host: rack01-server63@lvm-1)
2024-05-09 18:03:31.330 7 WARNING cinder.scheduler.host_manager [None req-391f1813-d96f-4f90-aade-1e8eb7f31417 4a1e594fdfce40bb83d910357e3bc67f efdd23c1d7904381927afed28b3be51c - - - -] volume service is down. (host: rack01-server63@lvm-1)
2024-05-09 18:03:32.471 7 WARNING cinder.scheduler.host_manager [None req-ffc37460-6bde-457b-87d1-bea272c87596 d09bf8d5a7a44a96a83317c48552549c 646b348a1fdf4498ab966a22787a32ef - - - -] volume service is down. (host: rack01-server63@lvm-1)
2024-05-09 18:03:35.232 7 WARNING cinder.scheduler.host_manager [None req-1a4da506-b178-45fa-9895-eecc52588484 8287f0988cd1436c8b04f7d7f6a3808d 7f278ec0224a4df889f92aa930259633 - - - -] volume service is down. (host: rack01-server63@lvm-1)
2024-05-09 18:03:45.232 7 WARNING cinder.scheduler.host_manager [None req-68eacbe2-fe57-4836-8a06-f4e9c981c0d1 4a031cf3aca34a058dc9a9b1b27e5f12 a9ad8d7bd0c84b65a71991c52fc0f220 - - - -] volume service is down. (host: rack01-server63@lvm-1)
2024-05-09 18:03:46.482 7 WARNING cinder.scheduler.host_manager [None req-e6356a9a-c237-4619-94d0-e5a8a9b7e79d 48f9bd2ee09b42c1a8d921e0caa25529 d971cce7ed4b43fb87f7f00badc56084 - - - -] volume service is down. (host: rack01-server63@lvm-1)
2024-05-09 18:03:47.524 7 WARNING cinder.scheduler.host_manager [None req-5f3a9d2a-c375-4ee9-bc26-706329830259 4a031cf3aca34a058dc9a9b1b27e5f12 a9ad8d7bd0c84b65a71991c52fc0f220 - - - -] volume service is down. (host: rack01-server63@lvm-1)
2024-05-09 18:03:48.765 7 WARNING cinder.scheduler.host_manager [None req-f927a53f-d3f9-446c-8f30-74ef514c861c 48f9bd2ee09b42c1a8d921e0caa25529 d971cce7ed4b43fb87f7f00badc56084 - - - -] volume service is down. (host: rack01-server63@lvm-1)
2024-05-09 18:03:50.545 7 WARNING cinder.scheduler.host_manager [None req-c46e1d74-c83d-4697-b151-4974825eee2a e5103ef865e04a1488262334d768ba2f 350652e1f40f4eb28f7d6d1d37e5f4e3 - - - -] volume service is down. (host: rack01-server63@lvm-1)
2024-05-09 18:03:50.990 7 WARNING cinder.scheduler.host_manager [None req-34c81bd3-d5c7-40c8-ba33-463b50fd1801 48f9bd2ee09b42c1a8d921e0caa25529 d971cce7ed4b43fb87f7f00badc56084 - - - -] volume service is down. (host: rack01-server63@lvm-1)
2024-05-09 18:03:54.742 7 WARNING cinder.scheduler.host_manager [None req-dc2f0257-ca02-475f-9aaa-c5050eb57ca6 48f9bd2ee09b42c1a8d921e0caa25529 d971cce7ed4b43fb87f7f00badc56084 - - - -] volume service is down. (host: rack01-server63@lvm-1)
2024-05-09 18:03:57.051 7 WARNING cinder.scheduler.host_manager [None req-afb1f505-0b29-4c56-bc33-dfa27d50dacd 48f9bd2ee09b42c1a8d921e0caa25529 d971cce7ed4b43fb87f7f00badc56084 - - - -] volume service is down. (host: rack01-server63@lvm-1)
2024-05-09 18:03:59.511 7 WARNING cinder.scheduler.host_manager [None req-a615ac46-2e91-4a82-b87c-be361bdb8c7f 48f9bd2ee09b42c1a8d921e0caa25529 d971cce7ed4b43fb87f7f00badc56084 - - - -] volume service is down. (host: rack01-server63@lvm-1)
2024-05-09 18:03:59.913 7 WARNING cinder.scheduler.host_manager [None req-20bdb35a-6cd8-4fc1-9422-1a51f11c4a13 ba0d72c4a10e43f4872ad818843bd212 09354b273b76489682c65f291193d410 - - - -] volume service is down. (host: rack01-server63@lvm-1)
2024-05-09 18:04:04.701 7 WARNING cinder.scheduler.host_manager [None req-91862cb3-ebc3-488f-9415-cebe9dd509b5 ba0d72c4a10e43f4872ad818843bd212 09354b273b76489682c65f291193d410 - - - -] volume service is down. (host: rack01-server63@lvm-1)
2024-05-09 18:04:06.842 7 WARNING cinder.scheduler.host_manager [None req-23371887-935d-403b-9ac0-bee9f934853b 57b3733d2a1741ffae99c5a7da3c45ed 1f8baebab8124ac8b1b738e91cc9135e - - - -] volume service is down. (host: rack01-server63@lvm-1)
2024-05-09 18:04:07.501 7 WARNING cinder.scheduler.host_manager [None req-9904506e-4e52-48b2-ba7b-7cae945b4596 8bd8f64c72ef49d1ba1959dec67da7fd 7032ff3b8ab944e485b313a0da0c76fe - - - -] volume service is down. (host: rack01-server63@lvm-1)
2024-05-09 18:04:15.103 7 WARNING cinder.scheduler.host_manager [None req-0b7b7979-d0c8-4b3c-9d6d-88c8122d03ba dda0561d73524a679b76019389376f71 f8e6b11a087d49159d4bc069428c7431 - - - -] volume service is down. (host: rack01-server63@lvm-1)
2024-05-09 18:04:16.768 7 WARNING cinder.scheduler.host_manager [None req-72d395ed-91c1-4e50-8927-67d592efcd6d ad73c00d4811441a9eb6082a82288a4c 46c5144e13f14d1692755a5350ec6833 - - - -] volume service is down. (host: rack01-server63@lvm-1)
2024-05-09 18:04:17.824 7 WARNING cinder.scheduler.host_manager [None req-e4e6dd4f-d411-4d39-8827-b492cdf4b433 dda0561d73524a679b76019389376f71 f8e6b11a087d49159d4bc069428c7431 - - - -] volume service is down. (host: rack01-server63@lvm-1)
2024-05-09 18:04:18.116 7 WARNING cinder.scheduler.host_manager [None req-2ad05dd0-623b-4751-bfde-a4e7c77cdb17 5551203de5274534b5445d1b2094ef2b 59c5ccf86a9748e6bb1980fd64886551 - - - -] volume service is down. (host: rack01-server63@lvm-1)
2024-05-09 18:04:21.600 7 WARNING cinder.scheduler.host_manager [None req-657a6e19-d8a2-4967-9e9d-e170af015ab3 ad73c00d4811441a9eb6082a82288a4c 46c5144e13f14d1692755a5350ec6833 - - - -] volume service is down. (host: rack01-server63@lvm-1)
2024-05-09 18:04:21.660 7 WARNING cinder.scheduler.host_manager [None req-9b5a0d26-f531-4fe1-bb10-e33f51751260 dda0561d73524a679b76019389376f71 f8e6b11a087d49159d4bc069428c7431 - - - -] volume service is down. (host: rack01-server63@lvm-1)
2024-05-09 18:04:22.908 7 WARNING cinder.scheduler.host_manager [None req-285ddb80-43a2-44e8-8a1f-dd1af9b09bf0 5551203de5274534b5445d1b2094ef2b 59c5ccf86a9748e6bb1980fd64886551 - - - -] volume service is down. (host: rack01-server63@lvm-1)
2024-05-09 18:04:24.094 7 WARNING cinder.scheduler.host_manager [None req-5e988ef6-646b-4719-997f-34e7cc596532 dda0561d73524a679b76019389376f71 f8e6b11a087d49159d4bc069428c7431 - - - -] volume service is down. (host: rack01-server63@lvm-1)
2024-05-09 18:04:26.739 7 WARNING cinder.scheduler.host_manager [None req-827e5096-3843-4d1a-93a4-0f8d613ccdf5 dda0561d73524a679b76019389376f71 f8e6b11a087d49159d4bc069428c7431 - - - -] volume service is down. (host: rack01-server63@lvm-1)
2024-05-09 18:04:29.668 7 WARNING cinder.scheduler.host_manager [None req-00fa181c-3642-4a3a-bf5e-2e9921b57a66 5e3456ac69964296a45ce9b19e75fb8f b96f7df4a62e41d58630e5e7feacb073 - - - -] volume service is down. (host: rack01-server63@lvm-1)
2024-05-09 18:04:30.927 7 WARNING cinder.scheduler.host_manager [None req-48ba4457-9e2f-4077-8c63-6362c2d1c7f2 8dd27a3251c44309aa4c78b02a172c16 41e241ad7c304dae86ef94d0c0962be0 - - - -] volume service is down. (host: rack01-server63@lvm-1)
2024-05-09 18:04:32.983 7 WARNING cinder.scheduler.host_manager [None req-dc462fe4-d3f2-478b-9e58-5f6acf870e11 dda0561d73524a679b76019389376f71 f8e6b11a087d49159d4bc069428c7431 - - - -] volume service is down. (host: rack01-server63@lvm-1)
2024-05-09 18:04:38.515 7 WARNING cinder.scheduler.host_manager [None req-856375f5-3de9-4b62-85e3-ae0c97805e99 5e3456ac69964296a45ce9b19e75fb8f b96f7df4a62e41d58630e5e7feacb073 - - - -] volume service is down. (host: rack01-server63@lvm-1)
2024-05-09 18:04:41.003 7 WARNING cinder.scheduler.host_manager [None req-0aa3c341-1399-4cef-ae05-762e7a3b4bc5 dda0561d73524a679b76019389376f71 f8e6b11a087d49159d4bc069428c7431 - - - -] volume service is down. (host: rack01-server63@lvm-1)
2024-05-09 18:04:41.778 7 WARNING cinder.scheduler.host_manager [None req-98cbd3b1-f3e8-415f-9f73-e979e5e6b610 45a74cfcb0324985978edf4c3d942a31 8fdaa363f52344bba7d209385d8fb993 - - - -] volume service is down. (host: rack01-server63@lvm-1)
2024-05-09 18:04:44.126 7 WARNING cinder.scheduler.host_manager [None req-2821dae1-3094-4ff3-b165-9d3a7293110a 45a74cfcb0324985978edf4c3d942a31 8fdaa363f52344bba7d209385d8fb993 - - - -] volume service is down. (host: rack01-server63@lvm-1)
2024-05-09 18:04:44.579 7 WARNING cinder.scheduler.host_manager [None req-6ac0f293-b552-4932-b3d1-cdb900a54ccf 5e3456ac69964296a45ce9b19e75fb8f b96f7df4a62e41d58630e5e7feacb073 - - - -] volume service is down. (host: rack01-server63@lvm-1)
2024-05-09 18:04:47.075 7 WARNING cinder.scheduler.host_manager [None req-946320cc-f026-4534-a521-f5165d5d7b69 5e3456ac69964296a45ce9b19e75fb8f b96f7df4a62e41d58630e5e7feacb073 - - - -] volume service is down. (host: rack01-server63@lvm-1)
2024-05-09 18:04:49.456 7 WARNING cinder.scheduler.host_manager [None req-a1c60e96-1eb1-46ce-b26c-706c70789a7a 18e4a71539d7455aae0008be8485b68a 48da733e19784987b31f7b170f543e0d - - - -] volume service is down. (host: rack01-server63@lvm-1)
2024-05-09 18:04:56.685 7 WARNING cinder.scheduler.host_manager [None req-6a865272-7919-4eb0-9814-502ccb8b1272 8b8235d15c314c24b8b7fdf94e794906 2b208481d7824d018cc11e04de4f46d7 - - - -] volume service is down. (host: rack01-server63@lvm-1)
2024-05-09 18:05:05.378 7 WARNING cinder.scheduler.host_manager [None req-e1b3eab3-8e45-4c6f-bf7b-2c64e4c81960 8b8235d15c314c24b8b7fdf94e794906 2b208481d7824d018cc11e04de4f46d7 - - - -] volume service is down. (host: rack01-server63@lvm-1)
2024-05-09 18:05:08.108 7 WARNING cinder.scheduler.host_manager [None req-c034733d-23fc-409a-93cc-73c35c4e89e6 8b8235d15c314c24b8b7fdf94e794906 2b208481d7824d018cc11e04de4f46d7 - - - -] volume service is down. (host: rack01-server63@lvm-1)
2024-05-09 18:05:08.172 7 WARNING cinder.scheduler.host_manager [None req-84d078db-277f-44aa-9ec2-b5034eaee5f9 303470df0563417ba3212f97d0737948 f7a55fd7f5914b6fa798383574868ce4 - - - -] volume service is down. (host: rack01-server63@lvm-1)
2024-05-09 18:05:10.462 7 WARNING cinder.scheduler.host_manager [None req-3f121065-95ac-48a6-94c2-d203508e21b7 8b8235d15c314c24b8b7fdf94e794906 2b208481d7824d018cc11e04de4f46d7 - - - -] volume service is down. (host: rack01-server63@lvm-1)
2024-05-09 18:05:10.818 7 WARNING cinder.scheduler.host_manager [None req-00ad2450-0a74-461f-8d1a-a915fdf15493 303470df0563417ba3212f97d0737948 f7a55fd7f5914b6fa798383574868ce4 - - - -] volume service is down. (host: rack01-server63@lvm-1)
2024-05-09 18:05:12.752 7 WARNING cinder.scheduler.host_manager [None req-aec76fb0-bef2-4c77-8ac4-15aad9150c1e 8b8235d15c314c24b8b7fdf94e794906 2b208481d7824d018cc11e04de4f46d7 - - - -] volume service is down. (host: rack01-server63@lvm-1)
2024-05-09 18:05:13.101 7 WARNING cinder.scheduler.host_manager [None req-ed203f59-afc3-4100-b180-779d10d82cb4 303470df0563417ba3212f97d0737948 f7a55fd7f5914b6fa798383574868ce4 - - - -] volume service is down. (host: rack01-server63@lvm-1)
2024-05-09 18:05:15.368 7 WARNING cinder.scheduler.host_manager [None req-d465dd1f-5ba5-41b4-893d-137356c4cf33 303470df0563417ba3212f97d0737948 f7a55fd7f5914b6fa798383574868ce4 - - - -] volume service is down. (host: rack01-server63@lvm-1)
2024-05-09 18:05:20.220 7 WARNING cinder.scheduler.host_manager [None req-a57e970f-ed38-488a-8ccf-6a0f6e6a5116 a129c637e14f4c719764341a5e67ab2b d61b0ec8b508435084c8910f45188480 - - - -] volume service is down. (host: rack01-server63@lvm-1)
2024-05-09 18:05:22.957 7 WARNING cinder.scheduler.host_manager [None req-54f41f45-2a23-4543-9b18-fd2ff792e964 a129c637e14f4c719764341a5e67ab2b d61b0ec8b508435084c8910f45188480 - - - -] volume service is down. (host: rack01-server63@lvm-1)
2024-05-09 18:05:24.410 7 WARNING cinder.scheduler.host_manager [None req-c24d3997-4089-4db2-8755-53978529bebc a129c637e14f4c719764341a5e67ab2b d61b0ec8b508435084c8910f45188480 - - - -] volume service is down. (host: rack01-server63@lvm-1)
2024-05-09 18:05:38.107 7 WARNING cinder.scheduler.host_manager [None req-2d6d1203-7e3c-4298-8465-513256ee3770 955043efa31f4d1d8a9d04fa944ee786 8e6bbc3b63f948058852a2dc82c5c758 - - - -] volume service is down. (host: rack01-server63@lvm-1)
2024-05-09 18:05:38.171 7 WARNING cinder.scheduler.host_manager [None req-f4f12a29-5659-4199-9801-2fbf8c7883da db2fef0437a14a8c8a7e0b8dd5677d44 5a65ae5cb7ef4558b671ed30214055d2 - - - -] volume service is down. (host: rack01-server63@lvm-1)
2024-05-09 18:05:38.222 7 WARNING cinder.scheduler.host_manager [None req-8f768b09-12c4-437b-b461-983d83282ede 238fad9efc134fdf9f4b07fe52c1d033 9b2b7f12c3fe4448895a31546b9d5127 - - - -] volume service is down. (host: rack01-server63@lvm-1)
2024-05-09 18:05:38.307 7 WARNING cinder.scheduler.host_manager [None req-967fa0c0-ab2f-40e6-9343-62cbea23bd43 955043efa31f4d1d8a9d04fa944ee786 8e6bbc3b63f948058852a2dc82c5c758 - - - -] volume service is down. (host: rack01-server63@lvm-1)
2024-05-09 18:05:38.497 7 WARNING cinder.scheduler.host_manager [None req-f64851bc-d16d-4aa7-9862-b2ac515b3564 955043efa31f4d1d8a9d04fa944ee786 8e6bbc3b63f948058852a2dc82c5c758 - - - -] volume service is down. (host: rack01-server63@lvm-1)
2024-05-09 18:05:38.713 7 WARNING cinder.scheduler.host_manager [None req-f4fbbe50-d963-4733-9948-32f54f1574bf 955043efa31f4d1d8a9d04fa944ee786 8e6bbc3b63f948058852a2dc82c5c758 - - - -] volume service is down. (host: rack01-server63@lvm-1)
2024-05-09 18:05:38.914 7 WARNING cinder.scheduler.host_manager [None req-72b4bd9f-9cc7-4f15-9132-462925b41a92 955043efa31f4d1d8a9d04fa944ee786 8e6bbc3b63f948058852a2dc82c5c758 - - - -] volume service is down. (host: rack01-server63@lvm-1)
2024-05-09 18:05:39.386 7 WARNING cinder.scheduler.host_manager [None req-28553d3c-a20d-47b6-9585-8f2714c5084b db2fef0437a14a8c8a7e0b8dd5677d44 5a65ae5cb7ef4558b671ed30214055d2 - - - -] volume service is down. (host: rack01-server63@lvm-1)
2024-05-09 18:05:40.729 7 WARNING cinder.scheduler.host_manager [None req-535246ad-3a10-4e9e-bd61-1d90c1f66820 238fad9efc134fdf9f4b07fe52c1d033 9b2b7f12c3fe4448895a31546b9d5127 - - - -] volume service is down. (host: rack01-server63@lvm-1)
2024-05-09 18:05:41.777 7 WARNING cinder.scheduler.host_manager [None req-6097d662-2f6f-4852-bc30-360de4c54717 db2fef0437a14a8c8a7e0b8dd5677d44 5a65ae5cb7ef4558b671ed30214055d2 - - - -] volume service is down. (host: rack01-server63@lvm-1)
2024-05-09 18:05:42.013 7 WARNING cinder.scheduler.host_manager [None req-50336469-8908-4fda-9eb9-afc9b5c1bb3d db2fef0437a14a8c8a7e0b8dd5677d44 5a65ae5cb7ef4558b671ed30214055d2 - - - -] volume service is down. (host: rack01-server63@lvm-1)
2024-05-09 18:05:42.250 7 WARNING cinder.scheduler.host_manager [None req-5e1e1725-e746-4958-b3a8-822b76338252 db2fef0437a14a8c8a7e0b8dd5677d44 5a65ae5cb7ef4558b671ed30214055d2 - - - -] volume service is down. (host: rack01-server63@lvm-1)
2024-05-09 18:05:42.504 7 WARNING cinder.scheduler.host_manager [None req-ce584535-2fe8-4730-b1dd-5198fef06f3d db2fef0437a14a8c8a7e0b8dd5677d44 5a65ae5cb7ef4558b671ed30214055d2 - - - -] volume service is down. (host: rack01-server63@lvm-1)
2024-05-09 18:05:42.745 7 WARNING cinder.scheduler.host_manager [None req-19a8b8dd-b2c7-4b0f-9df1-f732cf6532d1 db2fef0437a14a8c8a7e0b8dd5677d44 5a65ae5cb7ef4558b671ed30214055d2 - - - -] volume service is down. (host: rack01-server63@lvm-1)
2024-05-09 18:05:43.123 7 WARNING cinder.scheduler.host_manager [None req-3c4e1a9c-c1fe-4b63-a67f-a0474631f567 238fad9efc134fdf9f4b07fe52c1d033 9b2b7f12c3fe4448895a31546b9d5127 - - - -] volume service is down. (host: rack01-server63@lvm-1)
2024-05-09 18:05:49.954 7 WARNING cinder.scheduler.host_manager [None req-7b479c3d-1e19-4a81-b975-a7ab92fc1cd2 292eb9c1d2f143c1a798a15388219d4a 74c7fb1a731142faa858bdf918ca86cd - - - -] volume service is down. (host: rack01-server63@lvm-1)
2024-05-09 18:05:52.416 7 WARNING cinder.scheduler.host_manager [None req-f69e2208-75ea-4008-b588-6596db3e1e82 292eb9c1d2f143c1a798a15388219d4a 74c7fb1a731142faa858bdf918ca86cd - - - -] volume service is down. (host: rack01-server63@lvm-1)
2024-05-09 18:05:52.669 7 WARNING cinder.scheduler.host_manager [None req-3afcc50f-621a-4349-a027-76e856ac3f2b 292eb9c1d2f143c1a798a15388219d4a 74c7fb1a731142faa858bdf918ca86cd - - - -] volume service is down. (host: rack01-server63@lvm-1)
2024-05-09 18:05:52.912 7 WARNING cinder.scheduler.host_manager [None req-1f692500-4f57-49f5-bb65-13a576e1a5e4 292eb9c1d2f143c1a798a15388219d4a 74c7fb1a731142faa858bdf918ca86cd - - - -] volume service is down. (host: rack01-server63@lvm-1)
2024-05-09 18:05:53.142 7 WARNING cinder.scheduler.host_manager [None req-f8f14b3e-7058-4349-973c-b0e034c3cb27 292eb9c1d2f143c1a798a15388219d4a 74c7fb1a731142faa858bdf918ca86cd - - - -] volume service is down. (host: rack01-server63@lvm-1)
2024-05-09 18:05:53.388 7 WARNING cinder.scheduler.host_manager [None req-0de19f54-c1bd-4c72-9670-ae696c153a49 292eb9c1d2f143c1a798a15388219d4a 74c7fb1a731142faa858bdf918ca86cd - - - -] volume service is down. (host: rack01-server63@lvm-1)
