Build Started 06_06_2023_18_09_14
2023-06-06 18:11:26.537 7 WARNING cinder.scheduler.host_manager [None req-6eb07927-f0cd-4fe6-9e96-7b1d51529052 9009b62a97b043a08022e5a22fc4f459 2d58c490ed0047c29686cf6f1d7e05b4 - - - -] volume service is down. (host: rack02-server70@lvm-1)
2023-06-06 18:11:26.597 7 WARNING cinder.scheduler.host_manager [req-844a32fa-3a72-4f3b-bcec-918c395aae45 req-6eee1121-2572-4579-b7b7-ae82b45aa973 48cbc415abcf43e5aa9930ed534c8f70 967ba262e8f347e1b8f84a56df4678f4 - - - -] volume service is down. (host: rack02-server70@lvm-1)
2023-06-06 18:11:28.129 7 WARNING cinder.scheduler.host_manager [req-2cac3a9a-306e-4898-b883-70617830e202 req-e72a04e1-dc97-449d-b5a7-9ebbb681c4cb 48cbc415abcf43e5aa9930ed534c8f70 967ba262e8f347e1b8f84a56df4678f4 - - - -] volume service is down. (host: rack02-server70@lvm-1)
2023-06-06 18:11:28.952 7 WARNING cinder.scheduler.host_manager [None req-b17e763f-00f8-4a7a-8e57-1054454acd33 9009b62a97b043a08022e5a22fc4f459 2d58c490ed0047c29686cf6f1d7e05b4 - - - -] volume service is down. (host: rack02-server70@lvm-1)
2023-06-06 18:11:31.493 7 WARNING cinder.scheduler.host_manager [None req-7283ac83-2393-4a1c-a1d1-32a547cfae2c 9009b62a97b043a08022e5a22fc4f459 2d58c490ed0047c29686cf6f1d7e05b4 - - - -] volume service is down. (host: rack02-server70@lvm-1)
2023-06-06 18:11:35.913 7 WARNING cinder.scheduler.host_manager [req-c6d26172-ff8f-4d16-bd04-bd933bca33a8 req-fb4cf303-7696-47a6-bd5d-98fd3e8dd3bc 7f521c9dfe6a406ba4380b3f338bf777 8d59cca444554619bb3f6675d316bbbb - - - -] volume service is down. (host: rack02-server70@lvm-1)
2023-06-06 18:11:41.830 7 WARNING cinder.scheduler.host_manager [None req-00dcd0e7-4c23-4d85-8316-0ee99db6ac44 2c0ced7aacfe48c7a3d50467d320978d 2c4946cf9dac4376a75d624dc219abec - - - -] volume service is down. (host: rack02-server70@lvm-1)
2023-06-06 18:11:41.857 7 WARNING cinder.scheduler.host_manager [None req-836646ad-de9e-461e-822e-abefecb0c7f2 2c0ced7aacfe48c7a3d50467d320978d 2c4946cf9dac4376a75d624dc219abec - - - -] volume service is down. (host: rack02-server70@lvm-1)
2023-06-06 18:11:44.009 7 WARNING cinder.scheduler.host_manager [None req-5fdc3958-4713-4c43-8e91-94ef8e2a3945 4fc9323cf9b14f73abd4115083669764 0d814843f7a5452795da2aa6c7e62ffd - - - -] volume service is down. (host: rack02-server70@lvm-1)
2023-06-06 18:11:44.015 7 WARNING cinder.scheduler.host_manager [None req-5fdc3958-4713-4c43-8e91-94ef8e2a3945 4fc9323cf9b14f73abd4115083669764 0d814843f7a5452795da2aa6c7e62ffd - - - -] volume service is down. (host: rack02-server70@lvm-1)
2023-06-06 18:11:44.067 7 WARNING cinder.scheduler.host_manager [None req-92126f08-0494-42a0-91a0-016e5d252b3d 48316e84d05f4e298d458fa17bc50842 8c7ff0c03faa4f39a7a734effd02f82e - - - -] volume service is down. (host: rack02-server70@lvm-1)
2023-06-06 18:11:44.073 7 WARNING cinder.scheduler.host_manager [None req-92126f08-0494-42a0-91a0-016e5d252b3d 48316e84d05f4e298d458fa17bc50842 8c7ff0c03faa4f39a7a734effd02f82e - - - -] volume service is down. (host: rack02-server70@lvm-1)
2023-06-06 18:11:45.182 7 WARNING cinder.scheduler.host_manager [None req-4ded385c-f6c6-479f-ad68-cab85af6de5d 4fc9323cf9b14f73abd4115083669764 0d814843f7a5452795da2aa6c7e62ffd - - - -] volume service is down. (host: rack02-server70@lvm-1)
2023-06-06 18:11:45.188 7 WARNING cinder.scheduler.host_manager [None req-4ded385c-f6c6-479f-ad68-cab85af6de5d 4fc9323cf9b14f73abd4115083669764 0d814843f7a5452795da2aa6c7e62ffd - - - -] volume service is down. (host: rack02-server70@lvm-1)
2023-06-06 18:11:45.410 7 WARNING cinder.scheduler.host_manager [None req-b2478058-1d30-4519-9ad1-40df6be30f3b 48316e84d05f4e298d458fa17bc50842 8c7ff0c03faa4f39a7a734effd02f82e - - - -] volume service is down. (host: rack02-server70@lvm-1)
2023-06-06 18:11:46.532 7 WARNING cinder.scheduler.host_manager [None req-0f6c5f99-e114-4697-a2fa-8feb42bbdeba 4fc9323cf9b14f73abd4115083669764 0d814843f7a5452795da2aa6c7e62ffd - - - -] volume service is down. (host: rack02-server70@lvm-1)
2023-06-06 18:11:46.974 7 WARNING cinder.scheduler.host_manager [None req-4cedab5f-4cc1-463f-8d01-f1ffc411a521 88cce3765f32410ebcfd72d335f71d74 b1b1be13b4a14bf091ec27515fcd22ad - - - -] volume service is down. (host: rack02-server70@lvm-1)
2023-06-06 18:11:46.980 7 WARNING cinder.scheduler.host_manager [None req-4cedab5f-4cc1-463f-8d01-f1ffc411a521 88cce3765f32410ebcfd72d335f71d74 b1b1be13b4a14bf091ec27515fcd22ad - - - -] volume service is down. (host: rack02-server70@lvm-1)
2023-06-06 18:11:48.325 7 WARNING cinder.scheduler.host_manager [None req-d12b2cbd-9a63-40d1-a3a1-4fb716aa6620 88cce3765f32410ebcfd72d335f71d74 b1b1be13b4a14bf091ec27515fcd22ad - - - -] volume service is down. (host: rack02-server70@lvm-1)
2023-06-06 18:11:50.505 7 WARNING cinder.scheduler.host_manager [None req-20d3957b-5ea0-44bb-8c97-99be7362768a 4fc9323cf9b14f73abd4115083669764 0d814843f7a5452795da2aa6c7e62ffd - - - -] volume service is down. (host: rack02-server70@lvm-1)
2023-06-06 18:11:50.511 7 WARNING cinder.scheduler.host_manager [None req-20d3957b-5ea0-44bb-8c97-99be7362768a 4fc9323cf9b14f73abd4115083669764 0d814843f7a5452795da2aa6c7e62ffd - - - -] volume service is down. (host: rack02-server70@lvm-1)
2023-06-06 18:11:51.850 7 WARNING cinder.scheduler.host_manager [None req-adfb60a3-43e9-48e1-a55c-00c66e3456b4 4fc9323cf9b14f73abd4115083669764 0d814843f7a5452795da2aa6c7e62ffd - - - -] volume service is down. (host: rack02-server70@lvm-1)
2023-06-06 18:11:52.895 7 WARNING cinder.scheduler.host_manager [None req-78031b77-db18-4236-a878-4c172c336ab5 88cce3765f32410ebcfd72d335f71d74 b1b1be13b4a14bf091ec27515fcd22ad - - - -] volume service is down. (host: rack02-server70@lvm-1)
2023-06-06 18:11:54.282 7 WARNING cinder.scheduler.host_manager [None req-b98bb48b-acd9-425a-98ae-7a0225a0a769 4fc9323cf9b14f73abd4115083669764 0d814843f7a5452795da2aa6c7e62ffd - - - -] volume service is down. (host: rack02-server70@lvm-1)
2023-06-06 18:11:59.295 7 WARNING cinder.scheduler.host_manager [None req-da05264a-6b5c-4670-9c6f-6f5989550fff 88cce3765f32410ebcfd72d335f71d74 b1b1be13b4a14bf091ec27515fcd22ad - - - -] volume service is down. (host: rack02-server70@lvm-1)
2023-06-06 18:11:59.301 7 WARNING cinder.scheduler.host_manager [None req-da05264a-6b5c-4670-9c6f-6f5989550fff 88cce3765f32410ebcfd72d335f71d74 b1b1be13b4a14bf091ec27515fcd22ad - - - -] volume service is down. (host: rack02-server70@lvm-1)
2023-06-06 18:12:01.000 7 WARNING cinder.scheduler.host_manager [None req-144661f0-c6a9-4f1d-9629-4309b8bab75c 88cce3765f32410ebcfd72d335f71d74 b1b1be13b4a14bf091ec27515fcd22ad - - - -] volume service is down. (host: rack02-server70@lvm-1)
2023-06-06 18:12:02.083 7 WARNING cinder.scheduler.host_manager [None req-64981b7a-69ab-4c4e-a152-d87a0e01ee2d 8a7182340c4b4c0f8a85ded2ef7ff727 de8620cd7ddc438cad3c4642df3b476b - - - -] volume service is down. (host: rack02-server70@lvm-1)
2023-06-06 18:12:03.431 7 WARNING cinder.scheduler.host_manager [None req-db5e2358-b1dc-402b-ba2d-e36e86e2ba72 88cce3765f32410ebcfd72d335f71d74 b1b1be13b4a14bf091ec27515fcd22ad - - - -] volume service is down. (host: rack02-server70@lvm-1)
2023-06-06 18:12:04.342 7 WARNING cinder.scheduler.host_manager [None req-5751fc34-0635-4e37-9af7-fc474097195c 8a7182340c4b4c0f8a85ded2ef7ff727 de8620cd7ddc438cad3c4642df3b476b - - - -] volume service is down. (host: rack02-server70@lvm-1)
2023-06-06 18:12:05.377 7 WARNING cinder.scheduler.host_manager [None req-f2cb1242-7a6d-4008-9225-2f981d7b8df8 8e0010a6b88a41539ed804fcb133ab28 e5a873497f6b4f02ab68497c5b789300 - - - -] volume service is down. (host: rack02-server70@lvm-1)
2023-06-06 18:12:05.384 7 WARNING cinder.scheduler.host_manager [None req-f2cb1242-7a6d-4008-9225-2f981d7b8df8 8e0010a6b88a41539ed804fcb133ab28 e5a873497f6b4f02ab68497c5b789300 - - - -] volume service is down. (host: rack02-server70@lvm-1)
2023-06-06 18:12:06.734 7 WARNING cinder.scheduler.host_manager [None req-a07e8f92-c210-4313-8398-83b858910f84 8e0010a6b88a41539ed804fcb133ab28 e5a873497f6b4f02ab68497c5b789300 - - - -] volume service is down. (host: rack02-server70@lvm-1)
2023-06-06 18:12:06.781 7 WARNING cinder.scheduler.host_manager [None req-29cb775c-07a4-47b8-bba4-086a4c9aa6c5 8a7182340c4b4c0f8a85ded2ef7ff727 de8620cd7ddc438cad3c4642df3b476b - - - -] volume service is down. (host: rack02-server70@lvm-1)
2023-06-06 18:12:09.030 7 WARNING cinder.scheduler.host_manager [None req-58167a70-22a8-4f40-9f2c-a013222d1077 8e0010a6b88a41539ed804fcb133ab28 e5a873497f6b4f02ab68497c5b789300 - - - -] volume service is down. (host: rack02-server70@lvm-1)
2023-06-06 18:12:10.260 7 WARNING cinder.scheduler.host_manager [None req-96ed6f36-f106-41a8-bf91-a38f172491e3 8a7182340c4b4c0f8a85ded2ef7ff727 de8620cd7ddc438cad3c4642df3b476b - - - -] volume service is down. (host: rack02-server70@lvm-1)
2023-06-06 18:12:13.744 7 WARNING cinder.scheduler.host_manager [None req-308d693e-f81a-4d65-b375-f50bbc993276 8a7182340c4b4c0f8a85ded2ef7ff727 de8620cd7ddc438cad3c4642df3b476b - - - -] volume service is down. (host: rack02-server70@lvm-1)
2023-06-06 18:12:16.275 7 WARNING cinder.scheduler.host_manager [None req-a5c8a4f6-5990-4e83-88a8-ef2d78f05fa1 88cce3765f32410ebcfd72d335f71d74 b1b1be13b4a14bf091ec27515fcd22ad - - - -] volume service is down. (host: rack02-server70@lvm-1)
2023-06-06 18:12:16.281 7 WARNING cinder.scheduler.host_manager [None req-a5c8a4f6-5990-4e83-88a8-ef2d78f05fa1 88cce3765f32410ebcfd72d335f71d74 b1b1be13b4a14bf091ec27515fcd22ad - - - -] volume service is down. (host: rack02-server70@lvm-1)
2023-06-06 18:12:17.177 7 WARNING cinder.scheduler.host_manager [None req-24bbd7e6-d85d-49f2-81df-69e8d421134c 8a7182340c4b4c0f8a85ded2ef7ff727 de8620cd7ddc438cad3c4642df3b476b - - - -] volume service is down. (host: rack02-server70@lvm-1)
2023-06-06 18:12:17.611 7 WARNING cinder.scheduler.host_manager [None req-0509f7cc-6e92-48ca-9b6d-5c9b74e5535c 88cce3765f32410ebcfd72d335f71d74 b1b1be13b4a14bf091ec27515fcd22ad - - - -] volume service is down. (host: rack02-server70@lvm-1)
2023-06-06 18:12:20.430 7 WARNING cinder.scheduler.host_manager [None req-e5eeb2fc-06fc-40ca-918f-9e97cd8de17a bf552d6eaae94f00b9b7610a63c90b01 439f8b3b71db43429625f884b9ed0213 - - - -] volume service is down. (host: rack02-server70@lvm-1)
2023-06-06 18:12:20.431 7 INFO cinder.scheduler.base_filter [None req-e5eeb2fc-06fc-40ca-918f-9e97cd8de17a bf552d6eaae94f00b9b7610a63c90b01 439f8b3b71db43429625f884b9ed0213 - - - -] Filtering removed all hosts for the request with volume ID '23bdfed3-3567-4f1d-91d6-f82a6f606b76'. Filter results: AvailabilityZoneFilter: (start: 1, end: 1), CapacityFilter: (start: 1, end: 1), CapabilitiesFilter: (start: 1, end: 0)
2023-06-06 18:12:20.431 7 WARNING cinder.scheduler.filter_scheduler [None req-e5eeb2fc-06fc-40ca-918f-9e97cd8de17a bf552d6eaae94f00b9b7610a63c90b01 439f8b3b71db43429625f884b9ed0213 - - - -] No weighed backend found for volume with properties: {'id': '93e43849-765b-424a-a761-c112b49f4c4f', 'name': 'tempest-UserMessagesTest-volume-type-664653505', 'description': None, 'is_public': True, 'projects': [], 'extra_specs': {'storage_protocol': 'tempest-storage_protocol-1521522627', 'vendor_name': 'tempest-vendor_name-1856026952'}, 'qos_specs_id': None, 'created_at': '2023-06-06T18:12:20.000000', 'updated_at': None, 'deleted_at': None, 'deleted': False}
2023-06-06 18:12:20.432 7 INFO cinder.message.api [None req-e5eeb2fc-06fc-40ca-918f-9e97cd8de17a bf552d6eaae94f00b9b7610a63c90b01 439f8b3b71db43429625f884b9ed0213 - - - -] Creating message record for request_id = req-e5eeb2fc-06fc-40ca-918f-9e97cd8de17a
2023-06-06 18:12:20.437 7 ERROR cinder.scheduler.flows.create_volume [None req-e5eeb2fc-06fc-40ca-918f-9e97cd8de17a bf552d6eaae94f00b9b7610a63c90b01 439f8b3b71db43429625f884b9ed0213 - - - -] Failed to run task cinder.scheduler.flows.create_volume.ScheduleCreateVolumeTask;volume:create: No valid backend was found. No weighed backends available: cinder.exception.NoValidBackend: No valid backend was found. No weighed backends available
2023-06-06 18:12:21.962 7 WARNING cinder.scheduler.host_manager [None req-7b0565cf-de6e-494b-bd7d-571fb1554382 bf552d6eaae94f00b9b7610a63c90b01 439f8b3b71db43429625f884b9ed0213 - - - -] volume service is down. (host: rack02-server70@lvm-1)
2023-06-06 18:12:21.963 7 INFO cinder.scheduler.base_filter [None req-7b0565cf-de6e-494b-bd7d-571fb1554382 bf552d6eaae94f00b9b7610a63c90b01 439f8b3b71db43429625f884b9ed0213 - - - -] Filtering removed all hosts for the request with volume ID '20a15a89-6d2b-44d0-b745-fff64cdf1453'. Filter results: AvailabilityZoneFilter: (start: 1, end: 1), CapacityFilter: (start: 1, end: 1), CapabilitiesFilter: (start: 1, end: 0)
2023-06-06 18:12:21.964 7 WARNING cinder.scheduler.filter_scheduler [None req-7b0565cf-de6e-494b-bd7d-571fb1554382 bf552d6eaae94f00b9b7610a63c90b01 439f8b3b71db43429625f884b9ed0213 - - - -] No weighed backend found for volume with properties: {'id': '4d5727c5-aac3-41a9-9201-93b72b1cb9bf', 'name': 'tempest-UserMessagesTest-volume-type-859522921', 'description': None, 'is_public': True, 'projects': [], 'extra_specs': {'storage_protocol': 'tempest-storage_protocol-666847170', 'vendor_name': 'tempest-vendor_name-58560174'}, 'qos_specs_id': None, 'created_at': '2023-06-06T18:12:21.000000', 'updated_at': None, 'deleted_at': None, 'deleted': False}
2023-06-06 18:12:21.964 7 INFO cinder.message.api [None req-7b0565cf-de6e-494b-bd7d-571fb1554382 bf552d6eaae94f00b9b7610a63c90b01 439f8b3b71db43429625f884b9ed0213 - - - -] Creating message record for request_id = req-7b0565cf-de6e-494b-bd7d-571fb1554382
2023-06-06 18:12:21.968 7 ERROR cinder.scheduler.flows.create_volume [None req-7b0565cf-de6e-494b-bd7d-571fb1554382 bf552d6eaae94f00b9b7610a63c90b01 439f8b3b71db43429625f884b9ed0213 - - - -] Failed to run task cinder.scheduler.flows.create_volume.ScheduleCreateVolumeTask;volume:create: No valid backend was found. No weighed backends available: cinder.exception.NoValidBackend: No valid backend was found. No weighed backends available
2023-06-06 18:12:29.116 7 WARNING cinder.scheduler.host_manager [None req-90be70b0-8aba-4e93-94d5-42868d210625 b2e0c92fa6d046b5ae04e6797b9c20ab 83cc2568ea884f0e8a5a3e2225fe4b6c - - - -] volume service is down. (host: rack02-server70@lvm-1)
2023-06-06 18:12:29.957 7 WARNING cinder.scheduler.host_manager [None req-0b26c909-6e82-42a2-9699-a9f3f77bed67 6611b4aadd25479a8e60f98d8f4c5ccb 553b9384694b49b7914d0c431f405b6d - - - -] volume service is down. (host: rack02-server70@lvm-1)
2023-06-06 18:12:29.963 7 WARNING cinder.scheduler.host_manager [None req-0b26c909-6e82-42a2-9699-a9f3f77bed67 6611b4aadd25479a8e60f98d8f4c5ccb 553b9384694b49b7914d0c431f405b6d - - - -] volume service is down. (host: rack02-server70@lvm-1)
2023-06-06 18:12:32.789 7 WARNING cinder.scheduler.host_manager [None req-a790dd6f-8bd6-4a43-a402-c290371f55ff 4b54a505117e4a198026905698f405b0 0c96a886af134dc9892f48cffee3e54e - - - -] volume service is down. (host: rack02-server70@lvm-1)
2023-06-06 18:12:38.176 7 WARNING cinder.scheduler.host_manager [None req-1507c866-677e-4463-8991-8fca8bba63c8 175e9df632b244cbaf1367052f323ca1 91682fa5f8c146d3a5fee54b7354a4ab - - - -] volume service is down. (host: rack02-server70@lvm-1)
2023-06-06 18:12:38.640 7 WARNING cinder.scheduler.host_manager [None req-2ba65cd0-15f8-498f-8091-2aed9bf90398 25d0bf728d744e19a341f073559626e7 d30391c875dc4be5a2bb5925ec6e53f6 - - - -] volume service is down. (host: rack02-server70@lvm-1)
2023-06-06 18:12:40.983 7 WARNING cinder.scheduler.host_manager [None req-6ce63925-013a-4496-a6d4-5d0eeee1fcc5 25d0bf728d744e19a341f073559626e7 d30391c875dc4be5a2bb5925ec6e53f6 - - - -] volume service is down. (host: rack02-server70@lvm-1)
2023-06-06 18:12:52.468 7 WARNING cinder.scheduler.host_manager [None req-33c30459-7270-4e63-904a-8f1e306335a8 ef3d3c45de184ac88d8c8abfb380081c 51d477e82f924ed7beda10cd450e558b - - - -] volume service is down. (host: rack02-server70@lvm-1)
2023-06-06 18:12:56.036 7 WARNING cinder.scheduler.host_manager [None req-1bfeae00-a650-434f-aaf2-3a3a6ed1458e ef3d3c45de184ac88d8c8abfb380081c 51d477e82f924ed7beda10cd450e558b - - - -] volume service is down. (host: rack02-server70@lvm-1)
2023-06-06 18:12:56.194 7 WARNING cinder.scheduler.host_manager [None req-b1fcf721-fb73-4a38-91fe-2fba9ccb81b4 4f117a81dff4464f88d23d9613e444ba ad9c7c8bd6ee47b1a92aa0f476a300fe - - - -] volume service is down. (host: rack02-server70@lvm-1)
2023-06-06 18:12:59.824 7 WARNING cinder.scheduler.host_manager [None req-d1686d3b-4c56-4d90-9dd4-553abcf45fa1 9c0b1908e2024c6491a6367691aa7d35 5f969c627aed4c70ba8942f41e612a87 - - - -] volume service is down. (host: rack02-server70@lvm-1)
2023-06-06 18:13:01.042 7 WARNING cinder.scheduler.host_manager [None req-758670f2-155c-4e08-8457-a0cd924fec62 9c0b1908e2024c6491a6367691aa7d35 5f969c627aed4c70ba8942f41e612a87 - - - -] volume service is down. (host: rack02-server70@lvm-1)
2023-06-06 18:13:10.721 7 WARNING cinder.scheduler.host_manager [None req-f74f29e6-4203-417a-81d8-b23ae8a6ab8b e61e04c7dc0e42ff97cc5712a50499c3 dd087fd1586a40e49dc6e25889ef9c6a - - - -] volume service is down. (host: rack02-server70@lvm-1)
2023-06-06 18:13:11.632 7 WARNING cinder.scheduler.host_manager [None req-8922c89d-4788-46bd-b1f7-1500ec77215d 84a812cec615464ba76cfd88313a9f02 596d8dcd5b814f9f88810356e3b96596 - - - -] volume service is down. (host: rack02-server70@lvm-1)
2023-06-06 18:13:13.894 7 WARNING cinder.scheduler.host_manager [None req-30d46589-370f-4b1f-9fff-054d10d368ff 84a812cec615464ba76cfd88313a9f02 596d8dcd5b814f9f88810356e3b96596 - - - -] volume service is down. (host: rack02-server70@lvm-1)
2023-06-06 18:13:16.260 7 WARNING cinder.scheduler.host_manager [None req-df3c92a8-0fd8-4351-b80b-1373bc660743 00a42e2b9e8444f7a64856bb263a7e36 25687a3914ea499fac364e6d84d763de - - - -] volume service is down. (host: rack02-server70@lvm-1)
2023-06-06 18:13:17.466 7 WARNING cinder.scheduler.host_manager [None req-69a7c0e5-2a5f-458f-9424-f7526569e76b 2d016f5b597042f59b4c545450f1f6b4 100d90fa07d04677a9032f4982af9cd2 - - - -] volume service is down. (host: rack02-server70@lvm-1)
2023-06-06 18:13:19.715 7 WARNING cinder.scheduler.host_manager [None req-b2e474f6-04f8-4ff4-afc6-8f46fc3047b5 2d016f5b597042f59b4c545450f1f6b4 100d90fa07d04677a9032f4982af9cd2 - - - -] volume service is down. (host: rack02-server70@lvm-1)
2023-06-06 18:13:20.675 7 WARNING cinder.scheduler.host_manager [None req-67c2f43e-fd19-4c4b-9e6b-a6717ae86882 00a42e2b9e8444f7a64856bb263a7e36 25687a3914ea499fac364e6d84d763de - - - -] volume service is down. (host: rack02-server70@lvm-1)
2023-06-06 18:13:21.926 7 WARNING cinder.scheduler.host_manager [None req-3f917d22-3c75-445f-9414-674fb547aec3 2d016f5b597042f59b4c545450f1f6b4 100d90fa07d04677a9032f4982af9cd2 - - - -] volume service is down. (host: rack02-server70@lvm-1)
2023-06-06 18:13:26.491 7 WARNING cinder.scheduler.host_manager [None req-11540c70-8073-45f6-8878-29b819e13fdc 2d016f5b597042f59b4c545450f1f6b4 100d90fa07d04677a9032f4982af9cd2 - - - -] volume service is down. (host: rack02-server70@lvm-1)
2023-06-06 18:13:26.842 7 WARNING cinder.scheduler.host_manager [None req-1552d5fc-5805-4abd-8430-643b2149a91e c3a32aab00db4f55b84c0fd5a33b422b 7c1a2b9f1bb0463d9087c164e3170a52 - - - -] volume service is down. (host: rack02-server70@lvm-1)
2023-06-06 18:13:28.731 7 WARNING cinder.scheduler.host_manager [None req-0ff5b76c-a422-4249-ab77-4f434963713d 2d016f5b597042f59b4c545450f1f6b4 100d90fa07d04677a9032f4982af9cd2 - - - -] volume service is down. (host: rack02-server70@lvm-1)
2023-06-06 18:13:31.111 7 WARNING cinder.scheduler.host_manager [None req-67edcd8a-2549-48ac-9f2c-5fffc53321f6 2d016f5b597042f59b4c545450f1f6b4 100d90fa07d04677a9032f4982af9cd2 - - - -] volume service is down. (host: rack02-server70@lvm-1)
2023-06-06 18:13:36.875 7 WARNING cinder.scheduler.host_manager [None req-43cbb8e2-daf5-46f4-ab1c-0fd5864f6014 8e6ff3342f5f4ce2867f7e01fc7719fd 474e88675fe7493697abb1a9801b7d8b - - - -] volume service is down. (host: rack02-server70@lvm-1)
2023-06-06 18:13:41.889 7 WARNING cinder.scheduler.host_manager [None req-2864ec22-f6ce-48e0-8cc5-fef9e906a414 075cd62b97df4571a2a0f52984a9350d 7bf3464d875a46148b346b8103e8e0c2 - - - -] volume service is down. (host: rack02-server70@lvm-1)
2023-06-06 18:13:42.384 7 WARNING cinder.scheduler.host_manager [None req-df3182c7-5cb1-4420-8e5d-bf39886954a1 8e6ff3342f5f4ce2867f7e01fc7719fd 474e88675fe7493697abb1a9801b7d8b - - - -] volume service is down. (host: rack02-server70@lvm-1)
2023-06-06 18:13:45.968 7 WARNING cinder.scheduler.host_manager [None req-f0a31aa8-69e1-401a-9fb6-55a8935ed0f4 8e6ff3342f5f4ce2867f7e01fc7719fd 474e88675fe7493697abb1a9801b7d8b - - - -] volume service is down. (host: rack02-server70@lvm-1)
2023-06-06 18:13:46.581 7 WARNING cinder.scheduler.host_manager [None req-da32b1da-e21a-41f4-b254-667591cb6505 075cd62b97df4571a2a0f52984a9350d 7bf3464d875a46148b346b8103e8e0c2 - - - -] volume service is down. (host: rack02-server70@lvm-1)
2023-06-06 18:13:49.586 7 WARNING cinder.scheduler.host_manager [None req-c1f9b29c-839c-452d-a616-921eca625c2c 8e6ff3342f5f4ce2867f7e01fc7719fd 474e88675fe7493697abb1a9801b7d8b - - - -] volume service is down. (host: rack02-server70@lvm-1)
2023-06-06 18:13:53.231 7 WARNING cinder.scheduler.host_manager [None req-0875953f-7f40-48c1-a469-bf3aa8b075bd 8e6ff3342f5f4ce2867f7e01fc7719fd 474e88675fe7493697abb1a9801b7d8b - - - -] volume service is down. (host: rack02-server70@lvm-1)
2023-06-06 18:13:53.803 7 WARNING cinder.scheduler.host_manager [None req-e341aa76-a175-4cbf-ace0-90b2a39eee0b 77dc31984bd1448d833287359ff5cc4a 60b9dfd0120044d69a97e1502d3aaf9c - - - -] volume service is down. (host: rack02-server70@lvm-1)
2023-06-06 18:13:56.847 7 WARNING cinder.scheduler.host_manager [None req-a1167d18-289f-4963-b0e2-9ee57f49b914 8e6ff3342f5f4ce2867f7e01fc7719fd 474e88675fe7493697abb1a9801b7d8b - - - -] volume service is down. (host: rack02-server70@lvm-1)
2023-06-06 18:14:00.265 7 WARNING cinder.scheduler.host_manager [None req-43d1d0f6-60b4-4529-ba16-e2d8b9965128 e5ced7df454d4bb7a7b7ccb883f0b6df 8ad9638ef2b847c4a2e1da4a7b8157a8 - - - -] volume service is down. (host: rack02-server70@lvm-1)
2023-06-06 18:14:01.612 7 WARNING cinder.scheduler.host_manager [None req-4ac65b85-5378-49ab-a0ce-cbf1d7f815b1 e5ced7df454d4bb7a7b7ccb883f0b6df 8ad9638ef2b847c4a2e1da4a7b8157a8 - - - -] volume service is down. (host: rack02-server70@lvm-1)
2023-06-06 18:14:03.532 7 WARNING cinder.scheduler.host_manager [None req-88161390-389f-4a77-bf2d-4704acb19608 8f4117f0ac104bd183005acde30a6ed9 b9b354cdbfd3490da598feabfad67847 - - - -] volume service is down. (host: rack02-server70@lvm-1)
2023-06-06 18:14:04.024 7 WARNING cinder.scheduler.host_manager [None req-9a8d14b0-f847-4a8b-ab27-4e420e84aa58 e5ced7df454d4bb7a7b7ccb883f0b6df 8ad9638ef2b847c4a2e1da4a7b8157a8 - - - -] volume service is down. (host: rack02-server70@lvm-1)
2023-06-06 18:14:06.804 7 WARNING cinder.scheduler.host_manager [None req-3921b244-26c1-4d7d-87f7-a1539cd428e0 77002fc913054d75a5e163ea04b67903 cd4f6021ac504a809259bfaf7e45546d - - - -] volume service is down. (host: rack02-server70@lvm-1)
2023-06-06 18:14:09.589 7 WARNING cinder.scheduler.host_manager [None req-8a5effc5-42c0-494f-8900-e146a97e345a 77002fc913054d75a5e163ea04b67903 cd4f6021ac504a809259bfaf7e45546d - - - -] volume service is down. (host: rack02-server70@lvm-1)
2023-06-06 18:14:12.020 7 WARNING cinder.scheduler.host_manager [None req-852df183-2158-4533-8b29-e316306e79e4 77002fc913054d75a5e163ea04b67903 cd4f6021ac504a809259bfaf7e45546d - - - -] volume service is down. (host: rack02-server70@lvm-1)
2023-06-06 18:14:13.731 7 WARNING cinder.scheduler.host_manager [None req-8ded24c2-1097-486a-8f10-03c9a0e66ecd 44909f7f0d3e4ce2806ba8894807e7eb 41e5427e27fb46ecb2a3732de238236d - - - -] volume service is down. (host: rack02-server70@lvm-1)
2023-06-06 18:14:14.532 7 WARNING cinder.scheduler.host_manager [None req-beae3d19-b271-4f67-be5e-b881835c585d 2f17ab57163c485386f3546184b4eb09 d5b21e49fde54af390179adb9fb66720 - - - -] volume service is down. (host: rack02-server70@lvm-1)
2023-06-06 18:14:15.347 7 WARNING cinder.scheduler.host_manager [None req-5737fb05-eb84-4297-a75a-fa2a2e68dee0 8f4117f0ac104bd183005acde30a6ed9 b9b354cdbfd3490da598feabfad67847 - - - -] volume service is down. (host: rack02-server70@lvm-1)
2023-06-06 18:14:18.825 7 WARNING cinder.scheduler.host_manager [None req-4bdd2f07-21c7-422b-b5ac-caff51539fd1 8f4117f0ac104bd183005acde30a6ed9 b9b354cdbfd3490da598feabfad67847 - - - -] volume service is down. (host: rack02-server70@lvm-1)
2023-06-06 18:14:21.218 7 WARNING cinder.scheduler.host_manager [None req-c8e10056-612c-48fd-883b-8f50bae34792 8f4117f0ac104bd183005acde30a6ed9 b9b354cdbfd3490da598feabfad67847 - - - -] volume service is down. (host: rack02-server70@lvm-1)
2023-06-06 18:14:21.354 7 WARNING cinder.scheduler.host_manager [None req-a9f9f090-ffd4-46ae-bf5b-a43dfcb6c24a 44909f7f0d3e4ce2806ba8894807e7eb 41e5427e27fb46ecb2a3732de238236d - - - -] volume service is down. (host: rack02-server70@lvm-1)
2023-06-06 18:14:28.202 7 WARNING cinder.scheduler.host_manager [None req-35aed584-c0b0-46d8-8085-05ae75c92c11 480c30fd5e754a9d933b1f66a744b3f8 6ca6bbe16b164dd2b69b6b7a2383b7f3 - - - -] volume service is down. (host: rack02-server70@lvm-1)
2023-06-06 18:14:32.685 7 WARNING cinder.scheduler.host_manager [None req-44de47ed-9e1b-4e89-aad4-ca3d8be94819 b1f0118d3a8a464b88c11ea6fd4492e0 20acac49c2bf40babfce7520f8210429 - - - -] volume service is down. (host: rack02-server70@lvm-1)
2023-06-06 18:14:35.786 7 WARNING cinder.scheduler.host_manager [None req-1ccbdc81-203e-402c-b2a1-8aae26d8116d da8149ff63854fba94db272149d1b1a7 db40e0a779824a779c5134aa16a9d8a4 - - - -] volume service is down. (host: rack02-server70@lvm-1)
2023-06-06 18:14:37.960 7 WARNING cinder.scheduler.host_manager [None req-7ecdc091-c903-43c6-a092-9711b50279ab 44909f7f0d3e4ce2806ba8894807e7eb 41e5427e27fb46ecb2a3732de238236d - - - -] volume service is down. (host: rack02-server70@lvm-1)
2023-06-06 18:14:40.192 7 WARNING cinder.scheduler.host_manager [None req-80cc43f0-558d-487f-8d8d-1f470a20a08d 44909f7f0d3e4ce2806ba8894807e7eb 41e5427e27fb46ecb2a3732de238236d - - - -] volume service is down. (host: rack02-server70@lvm-1)
2023-06-06 18:14:42.417 7 WARNING cinder.scheduler.host_manager [None req-cf986682-184f-4b06-b1f2-0b3e0282710d 44909f7f0d3e4ce2806ba8894807e7eb 41e5427e27fb46ecb2a3732de238236d - - - -] volume service is down. (host: rack02-server70@lvm-1)
2023-06-06 18:14:44.368 7 WARNING cinder.scheduler.host_manager [None req-38fe8a69-6d09-487d-8571-11e993042fb1 b1f0118d3a8a464b88c11ea6fd4492e0 20acac49c2bf40babfce7520f8210429 - - - -] volume service is down. (host: rack02-server70@lvm-1)
2023-06-06 18:14:45.105 7 WARNING cinder.scheduler.host_manager [None req-a6c7a092-f36f-46e2-9206-87f5fb90bea0 da8149ff63854fba94db272149d1b1a7 db40e0a779824a779c5134aa16a9d8a4 - - - -] volume service is down. (host: rack02-server70@lvm-1)
2023-06-06 18:14:45.753 7 WARNING cinder.scheduler.host_manager [None req-39b22725-9038-4ac3-b99e-e92214909933 b1f0118d3a8a464b88c11ea6fd4492e0 20acac49c2bf40babfce7520f8210429 - - - -] volume service is down. (host: rack02-server70@lvm-1)
2023-06-06 18:14:48.021 7 WARNING cinder.scheduler.host_manager [None req-29abeced-9ddb-492e-8606-f11c6dfac981 b1f0118d3a8a464b88c11ea6fd4492e0 20acac49c2bf40babfce7520f8210429 - - - -] volume service is down. (host: rack02-server70@lvm-1)
2023-06-06 18:14:50.244 7 WARNING cinder.scheduler.host_manager [None req-3f45e638-58ed-4444-9d32-0d39243635a5 b1f0118d3a8a464b88c11ea6fd4492e0 20acac49c2bf40babfce7520f8210429 - - - -] volume service is down. (host: rack02-server70@lvm-1)
2023-06-06 18:14:51.458 7 WARNING cinder.scheduler.host_manager [None req-682fc984-af5b-4897-b00b-b0ef19cb3aab 44909f7f0d3e4ce2806ba8894807e7eb 41e5427e27fb46ecb2a3732de238236d - - - -] volume service is down. (host: rack02-server70@lvm-1)
2023-06-06 18:14:54.444 7 WARNING cinder.scheduler.host_manager [None req-f3b2034a-d249-45dd-8cc1-580a85b98d45 1ddc05252ca845f18c072152d27040f1 3e7d185bdae848e5a29dde1dd133b6c7 - - - -] volume service is down. (host: rack02-server70@lvm-1)
2023-06-06 18:14:54.879 7 WARNING cinder.scheduler.host_manager [None req-d241ff25-68a1-4d79-b4e0-654571594737 44909f7f0d3e4ce2806ba8894807e7eb 41e5427e27fb46ecb2a3732de238236d - - - -] volume service is down. (host: rack02-server70@lvm-1)
2023-06-06 18:14:56.992 7 WARNING cinder.scheduler.host_manager [None req-635b2f36-3704-4d36-bdbe-6c0ea0ea8960 1ddc05252ca845f18c072152d27040f1 3e7d185bdae848e5a29dde1dd133b6c7 - - - -] volume service is down. (host: rack02-server70@lvm-1)
2023-06-06 18:15:00.688 7 WARNING cinder.scheduler.host_manager [None req-2b04d09a-a129-4f7f-81c6-0b7f69f0b5e3 a434b53a185048b48a54e3c493615382 fac6bc1a593f400c95909202980b9bf8 - - - -] volume service is down. (host: rack02-server70@lvm-1)
2023-06-06 18:15:01.687 7 WARNING cinder.scheduler.host_manager [None req-9a188d22-b2e6-478a-a1b2-a2d3cf93d26f 1ddc05252ca845f18c072152d27040f1 3e7d185bdae848e5a29dde1dd133b6c7 - - - -] volume service is down. (host: rack02-server70@lvm-1)
2023-06-06 18:15:02.948 7 WARNING cinder.scheduler.host_manager [None req-29055a02-fa7a-48fb-8746-b5f8362b21d1 a434b53a185048b48a54e3c493615382 fac6bc1a593f400c95909202980b9bf8 - - - -] volume service is down. (host: rack02-server70@lvm-1)
2023-06-06 18:15:03.710 7 WARNING cinder.scheduler.host_manager [None req-218b293c-2434-44b3-8595-9533107a7dc8 44909f7f0d3e4ce2806ba8894807e7eb 41e5427e27fb46ecb2a3732de238236d - - - -] volume service is down. (host: rack02-server70@lvm-1)
2023-06-06 18:15:04.094 7 WARNING cinder.scheduler.host_manager [None req-ffc72185-1d0a-477d-9d81-fcbc338aadd1 1ddc05252ca845f18c072152d27040f1 3e7d185bdae848e5a29dde1dd133b6c7 - - - -] volume service is down. (host: rack02-server70@lvm-1)
2023-06-06 18:15:05.164 7 WARNING cinder.scheduler.host_manager [None req-c719e4ab-7959-4f1c-ab03-00e8cde20b77 a434b53a185048b48a54e3c493615382 fac6bc1a593f400c95909202980b9bf8 - - - -] volume service is down. (host: rack02-server70@lvm-1)
2023-06-06 18:15:05.939 7 WARNING cinder.scheduler.host_manager [None req-bcd220ae-1da1-4df4-8501-253f41420a2b 44909f7f0d3e4ce2806ba8894807e7eb 41e5427e27fb46ecb2a3732de238236d - - - -] volume service is down. (host: rack02-server70@lvm-1)
2023-06-06 18:15:07.384 7 WARNING cinder.scheduler.host_manager [None req-e9b5fc38-8295-49b0-8ddb-f84e8a52ae4e a434b53a185048b48a54e3c493615382 fac6bc1a593f400c95909202980b9bf8 - - - -] volume service is down. (host: rack02-server70@lvm-1)
2023-06-06 18:15:07.719 7 WARNING cinder.scheduler.host_manager [None req-b297a121-6b82-4d8c-a432-19033affd710 1ddc05252ca845f18c072152d27040f1 3e7d185bdae848e5a29dde1dd133b6c7 - - - -] volume service is down. (host: rack02-server70@lvm-1)
2023-06-06 18:15:12.628 7 WARNING cinder.scheduler.host_manager [None req-d587c882-a234-474d-9be5-7b458e72e7bc 1ddc05252ca845f18c072152d27040f1 3e7d185bdae848e5a29dde1dd133b6c7 - - - -] volume service is down. (host: rack02-server70@lvm-1)
2023-06-06 18:15:15.110 7 WARNING cinder.scheduler.host_manager [None req-caa35960-b59f-41ee-8627-7d6ffd3b7552 44909f7f0d3e4ce2806ba8894807e7eb 41e5427e27fb46ecb2a3732de238236d - - - -] volume service is down. (host: rack02-server70@lvm-1)
2023-06-06 18:15:17.365 7 WARNING cinder.scheduler.host_manager [None req-05791bba-3650-4c97-bb28-88444ad8d0d9 44909f7f0d3e4ce2806ba8894807e7eb 41e5427e27fb46ecb2a3732de238236d - - - -] volume service is down. (host: rack02-server70@lvm-1)
2023-06-06 18:15:19.746 7 WARNING cinder.scheduler.host_manager [None req-080b2929-088a-4bb8-9af9-fdc1845fd7b1 44909f7f0d3e4ce2806ba8894807e7eb 41e5427e27fb46ecb2a3732de238236d - - - -] volume service is down. (host: rack02-server70@lvm-1)
2023-06-06 18:15:23.288 7 WARNING cinder.scheduler.host_manager [None req-780e3563-e1cd-4032-b0c4-4700a10134e6 44909f7f0d3e4ce2806ba8894807e7eb 41e5427e27fb46ecb2a3732de238236d - - - -] volume service is down. (host: rack02-server70@lvm-1)
2023-06-06 18:15:24.642 7 WARNING cinder.scheduler.host_manager [None req-4ecfa5a8-1769-47d6-b569-cb12efc95c3c 1ddc05252ca845f18c072152d27040f1 3e7d185bdae848e5a29dde1dd133b6c7 - - - -] volume service is down. (host: rack02-server70@lvm-1)
2023-06-06 18:15:25.529 7 WARNING cinder.scheduler.host_manager [None req-afe36383-239a-4350-8076-a0ac27a784aa 44909f7f0d3e4ce2806ba8894807e7eb 41e5427e27fb46ecb2a3732de238236d - - - -] volume service is down. (host: rack02-server70@lvm-1)
2023-06-06 18:15:27.900 7 WARNING cinder.scheduler.host_manager [None req-e451314a-a46a-4fc9-b393-70ec361800b6 44909f7f0d3e4ce2806ba8894807e7eb 41e5427e27fb46ecb2a3732de238236d - - - -] volume service is down. (host: rack02-server70@lvm-1)
2023-06-06 18:15:33.339 7 WARNING cinder.scheduler.host_manager [None req-e2742dd9-aa5c-463a-91e8-98771a3cab15 a587577679dc4623be4aadc05fdfaec9 0eaa7b88b23f4bb780883ed90897046f - - - -] volume service is down. (host: rack02-server70@lvm-1)
2023-06-06 18:15:46.839 7 WARNING cinder.scheduler.host_manager [None req-c0dc6bda-2193-4266-9580-84ff565a1cf9 31bb1907177844358a29b543426f7302 6e0b2b1ded2347e4b90a7f91b8c8424e - - - -] volume service is down. (host: rack02-server70@lvm-1)
2023-06-06 18:15:49.111 7 WARNING cinder.scheduler.host_manager [None req-33c199cf-3376-419a-babb-cb862b3b6d2e 31bb1907177844358a29b543426f7302 6e0b2b1ded2347e4b90a7f91b8c8424e - - - -] volume service is down. (host: rack02-server70@lvm-1)
2023-06-06 18:16:01.980 7 WARNING cinder.scheduler.host_manager [None req-9e567194-b40a-4a04-9b1c-626000d29ac9 6840afa61c73422dad0dedddddf660c0 1c663b84aaa247f89dc01c311f0be0d7 - - - -] volume service is down. (host: rack02-server70@lvm-1)
2023-06-06 18:16:02.069 7 WARNING cinder.scheduler.host_manager [None req-f5806323-295a-4056-a12f-11a42d5178ab 835e21e9ed584dbfac65deb7734f7e8e 409b1d007c35476f8193755f66124a45 - - - -] volume service is down. (host: rack02-server70@lvm-1)
2023-06-06 18:16:02.080 7 WARNING cinder.scheduler.host_manager [None req-1f8021f4-a843-444b-b9d2-7a9ac620a816 bd9b5d75e007402fb679e0035dfd4297 544f1ae023df4f4da57e965f3a848a56 - - - -] volume service is down. (host: rack02-server70@lvm-1)
2023-06-06 18:16:02.202 7 WARNING cinder.scheduler.host_manager [None req-c9f73003-cdef-4f47-946e-e29cbc5c252c 835e21e9ed584dbfac65deb7734f7e8e 409b1d007c35476f8193755f66124a45 - - - -] volume service is down. (host: rack02-server70@lvm-1)
2023-06-06 18:16:02.430 7 WARNING cinder.scheduler.host_manager [None req-b9edac6b-29ce-4738-92fc-c4f4ac9dc4f9 835e21e9ed584dbfac65deb7734f7e8e 409b1d007c35476f8193755f66124a45 - - - -] volume service is down. (host: rack02-server70@lvm-1)
2023-06-06 18:16:02.659 7 WARNING cinder.scheduler.host_manager [None req-764d0085-63b0-477e-a844-a35ae16a6ac3 835e21e9ed584dbfac65deb7734f7e8e 409b1d007c35476f8193755f66124a45 - - - -] volume service is down. (host: rack02-server70@lvm-1)
2023-06-06 18:16:02.882 7 WARNING cinder.scheduler.host_manager [None req-57dce7bb-5854-4ad8-8fd1-4937a6fd67d1 835e21e9ed584dbfac65deb7734f7e8e 409b1d007c35476f8193755f66124a45 - - - -] volume service is down. (host: rack02-server70@lvm-1)
2023-06-06 18:16:03.177 7 WARNING cinder.scheduler.host_manager [None req-c14415ff-d58e-4aaf-91ec-fd514b016bba 6840afa61c73422dad0dedddddf660c0 1c663b84aaa247f89dc01c311f0be0d7 - - - -] volume service is down. (host: rack02-server70@lvm-1)
2023-06-06 18:16:03.301 7 WARNING cinder.scheduler.host_manager [None req-44b58d07-e381-4fe0-89e0-50aa168a1282 bd9b5d75e007402fb679e0035dfd4297 544f1ae023df4f4da57e965f3a848a56 - - - -] volume service is down. (host: rack02-server70@lvm-1)
2023-06-06 18:16:03.552 7 WARNING cinder.scheduler.host_manager [None req-cabf4a14-1a5f-460b-90ce-da1b9e64a0a4 bd9b5d75e007402fb679e0035dfd4297 544f1ae023df4f4da57e965f3a848a56 - - - -] volume service is down. (host: rack02-server70@lvm-1)
2023-06-06 18:16:03.775 7 WARNING cinder.scheduler.host_manager [None req-c860ad20-8252-4e0b-bc28-4fc9d81fa209 bd9b5d75e007402fb679e0035dfd4297 544f1ae023df4f4da57e965f3a848a56 - - - -] volume service is down. (host: rack02-server70@lvm-1)
2023-06-06 18:16:03.992 7 WARNING cinder.scheduler.host_manager [None req-aa0d03d8-2af8-4ac3-9b6f-f3393717d189 bd9b5d75e007402fb679e0035dfd4297 544f1ae023df4f4da57e965f3a848a56 - - - -] volume service is down. (host: rack02-server70@lvm-1)
2023-06-06 18:16:04.242 7 WARNING cinder.scheduler.host_manager [None req-cacc91b5-774d-40d1-9a7d-d49a569962be bd9b5d75e007402fb679e0035dfd4297 544f1ae023df4f4da57e965f3a848a56 - - - -] volume service is down. (host: rack02-server70@lvm-1)
2023-06-06 18:16:05.523 7 WARNING cinder.scheduler.host_manager [None req-aa93aa89-206c-4a23-91d9-0dbe3c5e0aea 6840afa61c73422dad0dedddddf660c0 1c663b84aaa247f89dc01c311f0be0d7 - - - -] volume service is down. (host: rack02-server70@lvm-1)
2023-06-06 18:16:05.763 7 WARNING cinder.scheduler.host_manager [None req-de21a9c5-12eb-4756-a20d-18bb5fb782f2 6840afa61c73422dad0dedddddf660c0 1c663b84aaa247f89dc01c311f0be0d7 - - - -] volume service is down. (host: rack02-server70@lvm-1)
2023-06-06 18:16:05.980 7 WARNING cinder.scheduler.host_manager [None req-9a628a6c-64a9-450b-bd27-633c2c5c231e 6840afa61c73422dad0dedddddf660c0 1c663b84aaa247f89dc01c311f0be0d7 - - - -] volume service is down. (host: rack02-server70@lvm-1)
2023-06-06 18:16:06.197 7 WARNING cinder.scheduler.host_manager [None req-70a5cc9e-5bd1-4594-b662-859786781a1d 6840afa61c73422dad0dedddddf660c0 1c663b84aaa247f89dc01c311f0be0d7 - - - -] volume service is down. (host: rack02-server70@lvm-1)
2023-06-06 18:16:06.414 7 WARNING cinder.scheduler.host_manager [None req-3463a6ed-291d-43e3-977b-0fe5d62f6db7 6840afa61c73422dad0dedddddf660c0 1c663b84aaa247f89dc01c311f0be0d7 - - - -] volume service is down. (host: rack02-server70@lvm-1)
2023-06-06 18:16:14.018 7 WARNING cinder.scheduler.host_manager [None req-7f4a97b6-c803-40d6-957f-152a12ead964 aeb21ea6cb79418cadeb2af8522fbee8 b7bc7e9ca88744c8ac2fa3cce2a1dfbf - - - -] volume service is down. (host: rack02-server70@lvm-1)
2023-06-06 18:16:16.440 7 WARNING cinder.scheduler.host_manager [None req-e91fc7fa-30d1-4b38-ab01-7ebb46f725b3 aeb21ea6cb79418cadeb2af8522fbee8 b7bc7e9ca88744c8ac2fa3cce2a1dfbf - - - -] volume service is down. (host: rack02-server70@lvm-1)
2023-06-06 18:16:18.759 7 WARNING cinder.scheduler.host_manager [None req-23fc2bf9-e7af-4b10-9399-a5cf1a3f89c0 aeb21ea6cb79418cadeb2af8522fbee8 b7bc7e9ca88744c8ac2fa3cce2a1dfbf - - - -] volume service is down. (host: rack02-server70@lvm-1)
