Build Started 19_07_2024_14_13_28
2024-07-19 14:14:53.188 7 WARNING cinder.scheduler.host_manager [req-3ed64759-f0b6-45df-8d46-7e2d3e9d9d01 req-f00aa3f8-b455-437b-8e26-e9251f5bb7b6 dcd4f095030942b581383e6faa076533 1df990658c204ca4a503d0b67a1b5e43 - - - -] volume service is down. (host: rack11-server75@LIGHTOSxgzdqh)
2024-07-19 14:14:53.572 7 WARNING cinder.scheduler.host_manager [req-ae1b3441-642d-4305-834d-51cad8e0664b req-12db494f-9879-497a-86cc-216be731dba4 19dfda771cbb4cbe91f9014cc07a3084 882006f68c7746f185501168f695c611 - - - -] volume service is down. (host: rack11-server75@LIGHTOSxgzdqh)
2024-07-19 14:14:54.578 7 WARNING cinder.scheduler.host_manager [None req-87756099-7115-49a3-8440-7ae3c8b18630 713754bb7893415d9530f2d91aa0a3e2 4cab0f7dd4ef4241828b39336e4288d9 - - - -] volume service is down. (host: rack11-server75@LIGHTOSxgzdqh)
2024-07-19 14:14:55.074 7 WARNING cinder.scheduler.host_manager [req-15553b01-0a7c-4ce4-bdc3-1734fe938c5a req-6ff71b8b-4930-41b5-b5be-9a17cd579be9 19dfda771cbb4cbe91f9014cc07a3084 882006f68c7746f185501168f695c611 - - - -] volume service is down. (host: rack11-server75@LIGHTOSxgzdqh)
2024-07-19 14:14:55.099 7 WARNING cinder.scheduler.host_manager [None req-f4eef984-7eb9-4661-9c2b-08c401c7985a 713754bb7893415d9530f2d91aa0a3e2 4cab0f7dd4ef4241828b39336e4288d9 - - - -] volume service is down. (host: rack11-server75@LIGHTOSxgzdqh)
2024-07-19 14:15:00.594 7 WARNING cinder.scheduler.host_manager [None req-c2093d5e-61cc-425d-bbff-e526c5bbb77e 80af3427032e45fdb26c95693dbc8514 e55dc2fd7b9641f7881cc62f16885b91 - - - -] volume service is down. (host: rack11-server75@LIGHTOSxgzdqh)
2024-07-19 14:15:02.053 7 WARNING cinder.scheduler.host_manager [None req-f7141af9-7d55-464d-8ef6-a20815e3c4ba 80af3427032e45fdb26c95693dbc8514 e55dc2fd7b9641f7881cc62f16885b91 - - - -] volume service is down. (host: rack11-server75@LIGHTOSxgzdqh)
2024-07-19 14:15:02.827 7 WARNING cinder.scheduler.host_manager [None req-1d8ae5eb-3f77-4bfa-903a-95cded74a580 903f81578feb4c3f9a096d81a1a1dcf7 7ec3853b79284252b8e73696e8ac528d - - - -] volume service is down. (host: rack11-server75@LIGHTOSxgzdqh)
2024-07-19 14:15:02.835 7 WARNING cinder.scheduler.host_manager [None req-1d8ae5eb-3f77-4bfa-903a-95cded74a580 903f81578feb4c3f9a096d81a1a1dcf7 7ec3853b79284252b8e73696e8ac528d - - - -] volume service is down. (host: rack11-server75@LIGHTOSxgzdqh)
2024-07-19 14:15:03.553 7 WARNING cinder.scheduler.host_manager [None req-8d5a40e0-facd-405e-a769-834b696692cc 80af3427032e45fdb26c95693dbc8514 e55dc2fd7b9641f7881cc62f16885b91 - - - -] volume service is down. (host: rack11-server75@LIGHTOSxgzdqh)
2024-07-19 14:15:04.265 7 WARNING cinder.scheduler.host_manager [None req-daba30dd-c89a-4ffe-98e3-5622833ed007 903f81578feb4c3f9a096d81a1a1dcf7 7ec3853b79284252b8e73696e8ac528d - - - -] volume service is down. (host: rack11-server75@LIGHTOSxgzdqh)
2024-07-19 14:15:11.546 7 WARNING cinder.scheduler.host_manager [None req-4fadbcf9-e255-45d4-8bc1-b25137361a42 04ec52a56c9943658be11ea96d712fd8 e71ab82e6b2041f9866b19e215945d8a - - - -] volume service is down. (host: rack11-server75@LIGHTOSxgzdqh)
2024-07-19 14:15:11.555 7 WARNING cinder.scheduler.host_manager [None req-4fadbcf9-e255-45d4-8bc1-b25137361a42 04ec52a56c9943658be11ea96d712fd8 e71ab82e6b2041f9866b19e215945d8a - - - -] volume service is down. (host: rack11-server75@LIGHTOSxgzdqh)
2024-07-19 14:15:12.752 7 WARNING cinder.scheduler.host_manager [None req-fd17e675-dfad-435f-b2b7-7710d515d3b2 04ec52a56c9943658be11ea96d712fd8 e71ab82e6b2041f9866b19e215945d8a - - - -] volume service is down. (host: rack11-server75@LIGHTOSxgzdqh)
2024-07-19 14:15:12.760 7 WARNING cinder.scheduler.host_manager [None req-fd17e675-dfad-435f-b2b7-7710d515d3b2 04ec52a56c9943658be11ea96d712fd8 e71ab82e6b2041f9866b19e215945d8a - - - -] volume service is down. (host: rack11-server75@LIGHTOSxgzdqh)
2024-07-19 14:15:14.158 7 WARNING cinder.scheduler.host_manager [None req-0b0769bc-2b3a-45ba-b2c3-d22e230b26b9 04ec52a56c9943658be11ea96d712fd8 e71ab82e6b2041f9866b19e215945d8a - - - -] volume service is down. (host: rack11-server75@LIGHTOSxgzdqh)
2024-07-19 14:15:19.494 7 WARNING cinder.scheduler.host_manager [None req-395e8a29-b2af-4fcc-835f-5965dca0b89e 04ec52a56c9943658be11ea96d712fd8 e71ab82e6b2041f9866b19e215945d8a - - - -] volume service is down. (host: rack11-server75@LIGHTOSxgzdqh)
2024-07-19 14:15:19.502 7 WARNING cinder.scheduler.host_manager [None req-395e8a29-b2af-4fcc-835f-5965dca0b89e 04ec52a56c9943658be11ea96d712fd8 e71ab82e6b2041f9866b19e215945d8a - - - -] volume service is down. (host: rack11-server75@LIGHTOSxgzdqh)
2024-07-19 14:15:20.890 7 WARNING cinder.scheduler.host_manager [None req-f98ddc9e-c6bc-47a2-bb27-b19fe3861b03 04ec52a56c9943658be11ea96d712fd8 e71ab82e6b2041f9866b19e215945d8a - - - -] volume service is down. (host: rack11-server75@LIGHTOSxgzdqh)
2024-07-19 14:15:21.481 7 WARNING cinder.scheduler.host_manager [None req-ca735681-7a35-4fc3-b6fa-e239cb22bd72 bb174656c528477cb4b195763275a458 3f33517fded0439cbb1a73e2f71d5ade - - - -] volume service is down. (host: rack11-server75@LIGHTOSxgzdqh)
2024-07-19 14:15:21.494 7 WARNING cinder.scheduler.host_manager [None req-ca735681-7a35-4fc3-b6fa-e239cb22bd72 bb174656c528477cb4b195763275a458 3f33517fded0439cbb1a73e2f71d5ade - - - -] volume service is down. (host: rack11-server75@LIGHTOSxgzdqh)
2024-07-19 14:15:22.403 7 WARNING cinder.scheduler.host_manager [None req-51766391-f571-4f60-b46a-274e01a70b6f 04ec52a56c9943658be11ea96d712fd8 e71ab82e6b2041f9866b19e215945d8a - - - -] volume service is down. (host: rack11-server75@LIGHTOSxgzdqh)
2024-07-19 14:15:22.908 7 WARNING cinder.scheduler.host_manager [None req-3f26e92c-929f-43de-b889-1ed693632829 bb174656c528477cb4b195763275a458 3f33517fded0439cbb1a73e2f71d5ade - - - -] volume service is down. (host: rack11-server75@LIGHTOSxgzdqh)
2024-07-19 14:15:25.534 7 WARNING cinder.scheduler.host_manager [None req-2f12a3f5-274e-41bd-88d6-4cc6b49a7524 bb174656c528477cb4b195763275a458 3f33517fded0439cbb1a73e2f71d5ade - - - -] volume service is down. (host: rack11-server75@LIGHTOSxgzdqh)
2024-07-19 14:15:30.403 7 WARNING cinder.scheduler.host_manager [None req-a927b09b-9632-43ba-b5b1-70bbe452e7d4 139d5e10c7e34c9f962824dd4a4a0acd 4fc9718fc5c1486b9cf5e8f1078b45ad - - - -] volume service is down. (host: rack11-server75@LIGHTOSxgzdqh)
2024-07-19 14:15:31.676 7 WARNING cinder.scheduler.host_manager [None req-de231589-d282-455a-a04f-567b14747de1 139d5e10c7e34c9f962824dd4a4a0acd 4fc9718fc5c1486b9cf5e8f1078b45ad - - - -] volume service is down. (host: rack11-server75@LIGHTOSxgzdqh)
2024-07-19 14:15:33.356 7 WARNING cinder.scheduler.host_manager [None req-055d79e4-bbec-4a09-98df-af44aee3c9b4 139d5e10c7e34c9f962824dd4a4a0acd 4fc9718fc5c1486b9cf5e8f1078b45ad - - - -] volume service is down. (host: rack11-server75@LIGHTOSxgzdqh)
2024-07-19 14:15:35.141 7 WARNING cinder.scheduler.host_manager [None req-d328f862-fcc3-407a-b0ee-dcf881d395d7 bb174656c528477cb4b195763275a458 3f33517fded0439cbb1a73e2f71d5ade - - - -] volume service is down. (host: rack11-server75@LIGHTOSxgzdqh)
2024-07-19 14:15:35.150 7 WARNING cinder.scheduler.host_manager [None req-d328f862-fcc3-407a-b0ee-dcf881d395d7 bb174656c528477cb4b195763275a458 3f33517fded0439cbb1a73e2f71d5ade - - - -] volume service is down. (host: rack11-server75@LIGHTOSxgzdqh)
2024-07-19 14:15:35.637 7 WARNING cinder.scheduler.host_manager [None req-ed67f8af-d66c-419a-be79-6191030826ea c2b159055aad46f09f6f3c0040409801 8d002b48a1ae4f078f07b8c153869edf - - - -] volume service is down. (host: rack11-server75@LIGHTOSxgzdqh)
2024-07-19 14:15:35.647 7 WARNING cinder.scheduler.host_manager [None req-ed67f8af-d66c-419a-be79-6191030826ea c2b159055aad46f09f6f3c0040409801 8d002b48a1ae4f078f07b8c153869edf - - - -] volume service is down. (host: rack11-server75@LIGHTOSxgzdqh)
2024-07-19 14:15:36.001 7 WARNING cinder.scheduler.host_manager [None req-51d2b569-6fe3-4ea9-82b2-1990f65865c9 139d5e10c7e34c9f962824dd4a4a0acd 4fc9718fc5c1486b9cf5e8f1078b45ad - - - -] volume service is down. (host: rack11-server75@LIGHTOSxgzdqh)
2024-07-19 14:15:36.568 7 WARNING cinder.scheduler.host_manager [None req-01bf95d2-894a-4fea-9a3f-e67fefac803f bb174656c528477cb4b195763275a458 3f33517fded0439cbb1a73e2f71d5ade - - - -] volume service is down. (host: rack11-server75@LIGHTOSxgzdqh)
2024-07-19 14:15:37.013 7 WARNING cinder.scheduler.host_manager [None req-3cfed0d8-3938-4cf1-9667-ae067b35bd62 c2b159055aad46f09f6f3c0040409801 8d002b48a1ae4f078f07b8c153869edf - - - -] volume service is down. (host: rack11-server75@LIGHTOSxgzdqh)
2024-07-19 14:15:38.022 7 WARNING cinder.scheduler.host_manager [None req-7e39e6f7-ceaf-4b96-9852-103a7900897c bb174656c528477cb4b195763275a458 3f33517fded0439cbb1a73e2f71d5ade - - - -] volume service is down. (host: rack11-server75@LIGHTOSxgzdqh)
2024-07-19 14:15:38.319 7 WARNING cinder.scheduler.host_manager [None req-96ac4d2d-dabf-4309-b457-40d5c6071fc2 c2b159055aad46f09f6f3c0040409801 8d002b48a1ae4f078f07b8c153869edf - - - -] volume service is down. (host: rack11-server75@LIGHTOSxgzdqh)
2024-07-19 14:15:38.612 7 WARNING cinder.scheduler.host_manager [None req-429371c5-9bf0-4647-9dc2-1bfd38d37866 139d5e10c7e34c9f962824dd4a4a0acd 4fc9718fc5c1486b9cf5e8f1078b45ad - - - -] volume service is down. (host: rack11-server75@LIGHTOSxgzdqh)
2024-07-19 14:15:41.216 7 WARNING cinder.scheduler.host_manager [None req-a2324dfd-5e91-46f1-9bd9-68ce693bac91 139d5e10c7e34c9f962824dd4a4a0acd 4fc9718fc5c1486b9cf5e8f1078b45ad - - - -] volume service is down. (host: rack11-server75@LIGHTOSxgzdqh)
2024-07-19 14:15:52.701 7 WARNING cinder.scheduler.host_manager [None req-fea1d2d6-3ab0-4b60-a14a-81ec3dee729f bb174656c528477cb4b195763275a458 3f33517fded0439cbb1a73e2f71d5ade - - - -] volume service is down. (host: rack11-server75@LIGHTOSxgzdqh)
2024-07-19 14:15:52.709 7 WARNING cinder.scheduler.host_manager [None req-fea1d2d6-3ab0-4b60-a14a-81ec3dee729f bb174656c528477cb4b195763275a458 3f33517fded0439cbb1a73e2f71d5ade - - - -] volume service is down. (host: rack11-server75@LIGHTOSxgzdqh)
2024-07-19 14:15:52.734 7 WARNING cinder.scheduler.host_manager [None req-b7cf922d-869b-4038-b905-681e7daae6f2 062d63b85d664fe184644084707321b4 b6021c192a5d4478a6ce3fba79ffba29 - - - -] volume service is down. (host: rack11-server75@LIGHTOSxgzdqh)
2024-07-19 14:15:52.743 7 WARNING cinder.scheduler.host_manager [None req-b7cf922d-869b-4038-b905-681e7daae6f2 062d63b85d664fe184644084707321b4 b6021c192a5d4478a6ce3fba79ffba29 - - - -] volume service is down. (host: rack11-server75@LIGHTOSxgzdqh)
2024-07-19 14:15:53.351 7 WARNING cinder.scheduler.host_manager [None req-64f3475c-8734-45dc-99bf-cfdc84dae680 fd95e4cb69b7472da58c7e731d56c1cf 1b7e472f74af4361b748e568f5f781c8 - - - -] volume service is down. (host: rack11-server75@LIGHTOSxgzdqh)
2024-07-19 14:15:53.352 7 INFO cinder.scheduler.base_filter [None req-64f3475c-8734-45dc-99bf-cfdc84dae680 fd95e4cb69b7472da58c7e731d56c1cf 1b7e472f74af4361b748e568f5f781c8 - - - -] Filtering removed all hosts for the request with volume ID '6010545d-cf1f-45a8-92df-4443e65db9b9'. Filter results: AvailabilityZoneFilter: (start: 1, end: 1), CapacityFilter: (start: 1, end: 1), CapabilitiesFilter: (start: 1, end: 0)
2024-07-19 14:15:53.353 7 WARNING cinder.scheduler.filter_scheduler [None req-64f3475c-8734-45dc-99bf-cfdc84dae680 fd95e4cb69b7472da58c7e731d56c1cf 1b7e472f74af4361b748e568f5f781c8 - - - -] No weighed backend found for volume with properties: {'id': '629324e4-b5da-41c1-8a5f-4b326970b9b7', 'name': 'tempest-UserMessagesTest-volume-type-403264308', 'description': None, 'is_public': True, 'projects': [], 'extra_specs': {'storage_protocol': 'tempest-storage_protocol-47619667', 'vendor_name': 'tempest-vendor_name-72137641'}, 'qos_specs_id': None, 'created_at': '2024-07-19T14:15:52.000000', 'updated_at': None, 'deleted_at': None, 'deleted': False}
2024-07-19 14:15:53.354 7 INFO cinder.message.api [None req-64f3475c-8734-45dc-99bf-cfdc84dae680 fd95e4cb69b7472da58c7e731d56c1cf 1b7e472f74af4361b748e568f5f781c8 - - - -] Creating message record for request_id = req-64f3475c-8734-45dc-99bf-cfdc84dae680
2024-07-19 14:15:53.360 7 ERROR cinder.scheduler.flows.create_volume [None req-64f3475c-8734-45dc-99bf-cfdc84dae680 fd95e4cb69b7472da58c7e731d56c1cf 1b7e472f74af4361b748e568f5f781c8 - - - -] Failed to run task cinder.scheduler.flows.create_volume.ScheduleCreateVolumeTask;volume:create: No valid backend was found. No weighed backends available: cinder.exception.NoValidBackend: No valid backend was found. No weighed backends available
2024-07-19 14:15:54.121 7 WARNING cinder.scheduler.host_manager [None req-66e89a7b-63c6-4c80-b3f5-14a55608ac1b bb174656c528477cb4b195763275a458 3f33517fded0439cbb1a73e2f71d5ade - - - -] volume service is down. (host: rack11-server75@LIGHTOSxgzdqh)
2024-07-19 14:15:55.207 7 WARNING cinder.scheduler.host_manager [None req-d5eb4185-1884-4b54-9fe8-e5a79a262906 fd95e4cb69b7472da58c7e731d56c1cf 1b7e472f74af4361b748e568f5f781c8 - - - -] volume service is down. (host: rack11-server75@LIGHTOSxgzdqh)
2024-07-19 14:15:55.207 7 INFO cinder.scheduler.base_filter [None req-d5eb4185-1884-4b54-9fe8-e5a79a262906 fd95e4cb69b7472da58c7e731d56c1cf 1b7e472f74af4361b748e568f5f781c8 - - - -] Filtering removed all hosts for the request with volume ID 'a6609fdd-ff61-4eb8-89fd-7d3a4b4908ae'. Filter results: AvailabilityZoneFilter: (start: 1, end: 1), CapacityFilter: (start: 1, end: 1), CapabilitiesFilter: (start: 1, end: 0)
2024-07-19 14:15:55.208 7 WARNING cinder.scheduler.filter_scheduler [None req-d5eb4185-1884-4b54-9fe8-e5a79a262906 fd95e4cb69b7472da58c7e731d56c1cf 1b7e472f74af4361b748e568f5f781c8 - - - -] No weighed backend found for volume with properties: {'id': '13e0bea6-25a6-478e-9aae-7c78a3eeed29', 'name': 'tempest-UserMessagesTest-volume-type-1870452660', 'description': None, 'is_public': True, 'projects': [], 'extra_specs': {'storage_protocol': 'tempest-storage_protocol-1666059381', 'vendor_name': 'tempest-vendor_name-1319988286'}, 'qos_specs_id': None, 'created_at': '2024-07-19T14:15:54.000000', 'updated_at': None, 'deleted_at': None, 'deleted': False}
2024-07-19 14:15:55.208 7 INFO cinder.message.api [None req-d5eb4185-1884-4b54-9fe8-e5a79a262906 fd95e4cb69b7472da58c7e731d56c1cf 1b7e472f74af4361b748e568f5f781c8 - - - -] Creating message record for request_id = req-d5eb4185-1884-4b54-9fe8-e5a79a262906
2024-07-19 14:15:55.212 7 ERROR cinder.scheduler.flows.create_volume [None req-d5eb4185-1884-4b54-9fe8-e5a79a262906 fd95e4cb69b7472da58c7e731d56c1cf 1b7e472f74af4361b748e568f5f781c8 - - - -] Failed to run task cinder.scheduler.flows.create_volume.ScheduleCreateVolumeTask;volume:create: No valid backend was found. No weighed backends available: cinder.exception.NoValidBackend: No valid backend was found. No weighed backends available
2024-07-19 14:16:02.992 7 WARNING cinder.scheduler.host_manager [None req-347ab4a2-4c76-4f58-ac2e-79347644acdd 873c4ad62a894d74a777f172b58cd533 69975b3633b04efeb1be6027286e3c0a - - - -] volume service is down. (host: rack11-server75@LIGHTOSxgzdqh)
2024-07-19 14:16:06.153 7 WARNING cinder.scheduler.host_manager [None req-981e6026-4d41-4f30-aaa5-fda7df6f5eb8 640f63f22cba48c381e4d28da54394ef c18a8330c1f84e34899f15af67b83f70 - - - -] volume service is down. (host: rack11-server75@LIGHTOSxgzdqh)
2024-07-19 14:16:06.334 7 WARNING cinder.scheduler.host_manager [None req-0f9d8c93-4303-474d-af1f-f9ee01791ec3 9ebf844b607e4e57a356b9fcfc4918f9 ccf2b511a30e47f8b42fe95fdb0c852f - - - -] volume service is down. (host: rack11-server75@LIGHTOSxgzdqh)
2024-07-19 14:16:21.866 7 WARNING cinder.scheduler.host_manager [None req-2e38b294-4500-4344-ab0f-62cfe44a4c9d 1da1f6ecab664d3c83104d8fad191b80 2b8ad62a33614ba88cc53fff3bfff31a - - - -] volume service is down. (host: rack11-server75@LIGHTOSxgzdqh)
2024-07-19 14:16:25.586 7 WARNING cinder.scheduler.host_manager [None req-196c2f58-b6dc-4113-9022-dcd024112749 1da1f6ecab664d3c83104d8fad191b80 2b8ad62a33614ba88cc53fff3bfff31a - - - -] volume service is down. (host: rack11-server75@LIGHTOSxgzdqh)
2024-07-19 14:16:26.775 7 WARNING cinder.scheduler.host_manager [None req-14ef69cf-6001-46ce-8c31-5fecefbd99e0 b4dfea61c02b416c8e2b00ce70e12d06 87e6f7fee03d4bfb8978223fe7122a47 - - - -] volume service is down. (host: rack11-server75@LIGHTOSxgzdqh)
2024-07-19 14:16:28.667 7 WARNING cinder.scheduler.host_manager [None req-bac16898-8f9c-441f-8ee1-279e56fb68ba cd6ac2b15dd34f6580a1db1a78545d49 3cea8b4cc4f94f1aab2d250618aaf174 - - - -] volume service is down. (host: rack11-server75@LIGHTOSxgzdqh)
2024-07-19 14:16:29.943 7 WARNING cinder.scheduler.host_manager [None req-ef769fef-3ad3-42cb-972c-854d6500d977 cd6ac2b15dd34f6580a1db1a78545d49 3cea8b4cc4f94f1aab2d250618aaf174 - - - -] volume service is down. (host: rack11-server75@LIGHTOSxgzdqh)
2024-07-19 14:16:37.169 7 WARNING cinder.scheduler.host_manager [None req-b06e8142-1c3b-419c-8192-bdda3db472f5 da23e64957344cf08490eef5fbce235c 3306336f98f04c05ab53046829c4c49b - - - -] volume service is down. (host: rack11-server75@LIGHTOSxgzdqh)
2024-07-19 14:16:38.481 7 WARNING cinder.scheduler.host_manager [None req-e721b463-851f-46e6-bbaa-2f663cc88085 da23e64957344cf08490eef5fbce235c 3306336f98f04c05ab53046829c4c49b - - - -] volume service is down. (host: rack11-server75@LIGHTOSxgzdqh)
2024-07-19 14:16:38.488 7 WARNING cinder.scheduler.host_manager [None req-5f0da830-0090-425f-aa82-d3685695f906 315ee79afe2646feade89017fe4f1359 50d83109502c4b638229eb02cbc81591 - - - -] volume service is down. (host: rack11-server75@LIGHTOSxgzdqh)
2024-07-19 14:16:39.735 7 WARNING cinder.scheduler.host_manager [None req-c3c7ffc3-ad1c-4f0a-b3a4-938ccb5d2931 315ee79afe2646feade89017fe4f1359 50d83109502c4b638229eb02cbc81591 - - - -] volume service is down. (host: rack11-server75@LIGHTOSxgzdqh)
2024-07-19 14:16:40.959 7 WARNING cinder.scheduler.host_manager [None req-dffaa44a-a495-44ff-b9df-0cdd3a94500e 315ee79afe2646feade89017fe4f1359 50d83109502c4b638229eb02cbc81591 - - - -] volume service is down. (host: rack11-server75@LIGHTOSxgzdqh)
2024-07-19 14:16:43.262 7 WARNING cinder.scheduler.host_manager [None req-73fa4bd0-64c1-4ee1-9588-dcd1f33bf983 b81ce374f8344cb387f11c95f0562e16 6ccfa2ee3f884eb1a77a11481ae55c34 - - - -] volume service is down. (host: rack11-server75@LIGHTOSxgzdqh)
2024-07-19 14:16:45.796 7 WARNING cinder.scheduler.host_manager [None req-728ab235-358d-4c69-9854-df59a8303cc5 315ee79afe2646feade89017fe4f1359 50d83109502c4b638229eb02cbc81591 - - - -] volume service is down. (host: rack11-server75@LIGHTOSxgzdqh)
2024-07-19 14:16:47.071 7 WARNING cinder.scheduler.host_manager [None req-80a32f71-0efb-4cfe-a179-ec76de3ecfe7 315ee79afe2646feade89017fe4f1359 50d83109502c4b638229eb02cbc81591 - - - -] volume service is down. (host: rack11-server75@LIGHTOSxgzdqh)
2024-07-19 14:16:48.477 7 WARNING cinder.scheduler.host_manager [None req-b4df95a5-4a5a-4693-87a9-c8ea7a9eda66 315ee79afe2646feade89017fe4f1359 50d83109502c4b638229eb02cbc81591 - - - -] volume service is down. (host: rack11-server75@LIGHTOSxgzdqh)
2024-07-19 14:16:50.709 7 WARNING cinder.scheduler.host_manager [None req-abdf92db-c501-45b8-9c87-0e39a0d385fa 3bc674b0d6bf4f10b3ac65042f88fea5 5a83a116ccf2447d983995d7197e8ef7 - - - -] volume service is down. (host: rack11-server75@LIGHTOSxgzdqh)
2024-07-19 14:16:54.103 7 WARNING cinder.scheduler.host_manager [None req-40f17de9-92d3-44c5-be16-84d06a9186a3 1952c8069c654f769a9deb39ce6be8a8 a6f2e34a2f4f490d88640170e073d5b3 - - - -] volume service is down. (host: rack11-server75@LIGHTOSxgzdqh)
2024-07-19 14:16:55.351 7 WARNING cinder.scheduler.host_manager [None req-1b1c3561-6599-407f-a84f-5076d01df50c 1952c8069c654f769a9deb39ce6be8a8 a6f2e34a2f4f490d88640170e073d5b3 - - - -] volume service is down. (host: rack11-server75@LIGHTOSxgzdqh)
2024-07-19 14:17:01.787 7 WARNING cinder.scheduler.host_manager [None req-6df84452-ff51-491d-9bf3-0cd14b762445 a4e9b34100984301bcbb516e1f42ddcc 20b36b48cd9f4e1c8dbcae83b84d568e - - - -] volume service is down. (host: rack11-server75@LIGHTOSxgzdqh)
2024-07-19 14:17:02.456 7 WARNING cinder.scheduler.host_manager [None req-a032e67b-7a71-40ee-93e1-de473e3e7e81 4b281188db0f46cb849c96eb8f11426d e5602729c15a4bd68b0faa7e5c867a45 - - - -] volume service is down. (host: rack11-server75@LIGHTOSxgzdqh)
2024-07-19 14:17:07.103 7 WARNING cinder.scheduler.host_manager [None req-cf59fbed-3f18-4689-b44e-8a496abd5aec a4e9b34100984301bcbb516e1f42ddcc 20b36b48cd9f4e1c8dbcae83b84d568e - - - -] volume service is down. (host: rack11-server75@LIGHTOSxgzdqh)
2024-07-19 14:17:07.872 7 WARNING cinder.scheduler.host_manager [None req-93bc2bab-2acb-4396-b302-2efcf6cc67ee 4b281188db0f46cb849c96eb8f11426d e5602729c15a4bd68b0faa7e5c867a45 - - - -] volume service is down. (host: rack11-server75@LIGHTOSxgzdqh)
2024-07-19 14:17:12.180 7 WARNING cinder.scheduler.host_manager [None req-d6571919-3d30-451c-b4de-c26baec2c5f6 141d3040578e490aa343dd128e2bd55c d20f64f117f44037b82e134d98776936 - - - -] volume service is down. (host: rack11-server75@LIGHTOSxgzdqh)
2024-07-19 14:17:13.567 7 WARNING cinder.scheduler.host_manager [None req-0ac87a86-a7b6-4380-892e-77c059b457de 141d3040578e490aa343dd128e2bd55c d20f64f117f44037b82e134d98776936 - - - -] volume service is down. (host: rack11-server75@LIGHTOSxgzdqh)
2024-07-19 14:17:14.953 7 WARNING cinder.scheduler.host_manager [None req-4f5a745e-1f62-4ead-8a7c-fe5054782e79 141d3040578e490aa343dd128e2bd55c d20f64f117f44037b82e134d98776936 - - - -] volume service is down. (host: rack11-server75@LIGHTOSxgzdqh)
2024-07-19 14:17:15.085 7 WARNING cinder.scheduler.host_manager [None req-0133a5e6-ac8e-4d12-822d-7a5d0b7bf7b9 a313a3d071b94bab93f13daf4f01af3f 2cd7e0d6debc48d0ac94cb1b12a10fb6 - - - -] volume service is down. (host: rack11-server75@LIGHTOSxgzdqh)
2024-07-19 14:17:15.538 7 WARNING cinder.scheduler.host_manager [None req-54224b10-f463-4e6a-b66e-b06572683a9c d55b678121a04281aa6b85f0dd6f0ce8 e5711dffef744838bc646ef11525fe0f - - - -] volume service is down. (host: rack11-server75@LIGHTOSxgzdqh)
2024-07-19 14:17:16.469 7 WARNING cinder.scheduler.host_manager [None req-2f952201-1ddd-4498-aed6-41b85db4046c 84463fd4d542451d9c752f6aa2089c2c dc1dc5fabc6f4842b078212ef92a95f8 - - - -] volume service is down. (host: rack11-server75@LIGHTOSxgzdqh)
2024-07-19 14:17:19.558 7 WARNING cinder.scheduler.host_manager [None req-60b58283-df10-45f7-bb8d-8eee93115847 a313a3d071b94bab93f13daf4f01af3f 2cd7e0d6debc48d0ac94cb1b12a10fb6 - - - -] volume service is down. (host: rack11-server75@LIGHTOSxgzdqh)
2024-07-19 14:17:22.623 7 WARNING cinder.scheduler.host_manager [None req-47b148e1-7cb2-47c0-a643-c160f70d3efb 98697c65e89c4910a4f60829c05c7376 d95b8eeb27f442d7826e08d2fa843da2 - - - -] volume service is down. (host: rack11-server75@LIGHTOSxgzdqh)
2024-07-19 14:17:24.285 7 WARNING cinder.scheduler.host_manager [None req-d9f59103-0f46-43c9-8c58-fe959436d95d 98697c65e89c4910a4f60829c05c7376 d95b8eeb27f442d7826e08d2fa843da2 - - - -] volume service is down. (host: rack11-server75@LIGHTOSxgzdqh)
2024-07-19 14:17:24.432 7 WARNING cinder.scheduler.host_manager [None req-c005accd-9da5-4b61-8247-68b376bacdb0 a313a3d071b94bab93f13daf4f01af3f 2cd7e0d6debc48d0ac94cb1b12a10fb6 - - - -] volume service is down. (host: rack11-server75@LIGHTOSxgzdqh)
2024-07-19 14:17:25.681 7 WARNING cinder.scheduler.host_manager [None req-f0afc05e-7494-462b-addd-442e64294271 a313a3d071b94bab93f13daf4f01af3f 2cd7e0d6debc48d0ac94cb1b12a10fb6 - - - -] volume service is down. (host: rack11-server75@LIGHTOSxgzdqh)
2024-07-19 14:17:26.906 7 WARNING cinder.scheduler.host_manager [None req-1c93c878-a9b5-4f8d-91c9-8aa9ecbae22e a313a3d071b94bab93f13daf4f01af3f 2cd7e0d6debc48d0ac94cb1b12a10fb6 - - - -] volume service is down. (host: rack11-server75@LIGHTOSxgzdqh)
2024-07-19 14:17:30.165 7 WARNING cinder.scheduler.host_manager [None req-09e2c8be-db14-4328-9a50-d1efb31a45b8 98697c65e89c4910a4f60829c05c7376 d95b8eeb27f442d7826e08d2fa843da2 - - - -] volume service is down. (host: rack11-server75@LIGHTOSxgzdqh)
2024-07-19 14:17:31.560 7 WARNING cinder.scheduler.host_manager [None req-a00e57a1-6d80-4375-a1de-ce2b329130fc 98697c65e89c4910a4f60829c05c7376 d95b8eeb27f442d7826e08d2fa843da2 - - - -] volume service is down. (host: rack11-server75@LIGHTOSxgzdqh)
2024-07-19 14:17:34.324 7 WARNING cinder.scheduler.host_manager [None req-fe8d68c5-4417-445e-b4cc-917644fed904 98697c65e89c4910a4f60829c05c7376 d95b8eeb27f442d7826e08d2fa843da2 - - - -] volume service is down. (host: rack11-server75@LIGHTOSxgzdqh)
2024-07-19 14:17:35.198 7 WARNING cinder.scheduler.host_manager [None req-0dc104e6-8ecc-4242-9e8e-838c6bba7a69 5c3e03c5d93044abbd779d7bd5eb4cc1 8518f5dc1ea6484692018139d266dfad - - - -] volume service is down. (host: rack11-server75@LIGHTOSxgzdqh)
2024-07-19 14:17:35.655 7 WARNING cinder.scheduler.host_manager [None req-268eec34-a74c-4c16-adf8-f9c0cd7228b6 863e6d0e1c084e03833e91fe3135d23a df0270facb4045a8af5f375d99fc4a8f - - - -] volume service is down. (host: rack11-server75@LIGHTOSxgzdqh)
2024-07-19 14:17:36.675 7 WARNING cinder.scheduler.host_manager [None req-0f29c1ea-93c2-4f70-9966-b6f92cc371c9 5c3e03c5d93044abbd779d7bd5eb4cc1 8518f5dc1ea6484692018139d266dfad - - - -] volume service is down. (host: rack11-server75@LIGHTOSxgzdqh)
2024-07-19 14:17:38.122 7 WARNING cinder.scheduler.host_manager [None req-b6a6a551-d935-4a65-978a-da07d886b0cc 5c3e03c5d93044abbd779d7bd5eb4cc1 8518f5dc1ea6484692018139d266dfad - - - -] volume service is down. (host: rack11-server75@LIGHTOSxgzdqh)
2024-07-19 14:17:40.852 7 WARNING cinder.scheduler.host_manager [None req-b23ea8bd-92ae-449e-a435-63399929c0a3 863e6d0e1c084e03833e91fe3135d23a df0270facb4045a8af5f375d99fc4a8f - - - -] volume service is down. (host: rack11-server75@LIGHTOSxgzdqh)
2024-07-19 14:17:42.758 7 WARNING cinder.scheduler.host_manager [None req-154099eb-6be0-4bf1-b1f7-4b72927fee0b 98697c65e89c4910a4f60829c05c7376 d95b8eeb27f442d7826e08d2fa843da2 - - - -] volume service is down. (host: rack11-server75@LIGHTOSxgzdqh)
2024-07-19 14:17:47.637 7 WARNING cinder.scheduler.host_manager [None req-f2484607-9f5c-400f-8ec4-99021c4992ed 98697c65e89c4910a4f60829c05c7376 d95b8eeb27f442d7826e08d2fa843da2 - - - -] volume service is down. (host: rack11-server75@LIGHTOSxgzdqh)
2024-07-19 14:17:49.002 7 WARNING cinder.scheduler.host_manager [None req-cf926d19-a24d-4f62-8349-78e1493d01d4 fc64eb904f4945178c9543f429d7c8ec 549415b39596419fa38d9a8f004c624d - - - -] volume service is down. (host: rack11-server75@LIGHTOSxgzdqh)
2024-07-19 14:17:51.288 7 WARNING cinder.scheduler.host_manager [None req-e849865d-cff0-41f9-8483-edbdeb039087 4a46d93d2e1c42a1981e62ebb161d3f0 a08d7f548cb24b09aca19ecef269f9f4 - - - -] volume service is down. (host: rack11-server75@LIGHTOSxgzdqh)
2024-07-19 14:17:53.549 7 WARNING cinder.scheduler.host_manager [None req-84213458-889d-4880-9e02-6166d40a63e5 fc64eb904f4945178c9543f429d7c8ec 549415b39596419fa38d9a8f004c624d - - - -] volume service is down. (host: rack11-server75@LIGHTOSxgzdqh)
2024-07-19 14:18:00.628 7 WARNING cinder.scheduler.host_manager [None req-5ac3d3a7-0d6c-4a00-bf23-0797131002ba fc64eb904f4945178c9543f429d7c8ec 549415b39596419fa38d9a8f004c624d - - - -] volume service is down. (host: rack11-server75@LIGHTOSxgzdqh)
2024-07-19 14:18:02.043 7 WARNING cinder.scheduler.host_manager [None req-d5bdb047-380e-40fc-b337-a06f486da626 fc64eb904f4945178c9543f429d7c8ec 549415b39596419fa38d9a8f004c624d - - - -] volume service is down. (host: rack11-server75@LIGHTOSxgzdqh)
2024-07-19 14:18:08.990 7 WARNING cinder.scheduler.host_manager [None req-74da1030-39f2-4127-903f-dcb5cb61d0c6 b88b393e34e14a3da166bf58c3bf4f31 817fdc25df4b46ffb3166b8b04aab4ac - - - -] volume service is down. (host: rack11-server75@LIGHTOSxgzdqh)
2024-07-19 14:18:10.292 7 WARNING cinder.scheduler.host_manager [None req-c243f5e0-608d-4564-9c89-232305d27867 b88b393e34e14a3da166bf58c3bf4f31 817fdc25df4b46ffb3166b8b04aab4ac - - - -] volume service is down. (host: rack11-server75@LIGHTOSxgzdqh)
2024-07-19 14:18:13.601 7 WARNING cinder.scheduler.host_manager [None req-a291ee55-eef3-4c61-a4e0-03437933f37e fe72bf4ce9814608b96a45020ea1e6e2 286d1ce7c8fb425593ae3e5dc60ea6ef - - - -] volume service is down. (host: rack11-server75@LIGHTOSxgzdqh)
2024-07-19 14:18:14.882 7 WARNING cinder.scheduler.host_manager [None req-1eefd4ab-18d6-4ae9-9d23-d311df908e12 fe72bf4ce9814608b96a45020ea1e6e2 286d1ce7c8fb425593ae3e5dc60ea6ef - - - -] volume service is down. (host: rack11-server75@LIGHTOSxgzdqh)
2024-07-19 14:18:16.135 7 WARNING cinder.scheduler.host_manager [None req-b18f4884-b437-48ea-b1fd-1c9124fbad84 fe72bf4ce9814608b96a45020ea1e6e2 286d1ce7c8fb425593ae3e5dc60ea6ef - - - -] volume service is down. (host: rack11-server75@LIGHTOSxgzdqh)
2024-07-19 14:18:17.380 7 WARNING cinder.scheduler.host_manager [None req-5d8a2c89-7a29-43a3-a31c-64d72699d8d1 fe72bf4ce9814608b96a45020ea1e6e2 286d1ce7c8fb425593ae3e5dc60ea6ef - - - -] volume service is down. (host: rack11-server75@LIGHTOSxgzdqh)
2024-07-19 14:18:31.035 7 WARNING cinder.scheduler.host_manager [None req-6de28e44-f3e6-4331-a908-84c797ca52c9 d8a5bac404374105af87990f424fcbac b4941e465dda4c949e6c4e160a8586f2 - - - -] volume service is down. (host: rack11-server75@LIGHTOSxgzdqh)
2024-07-19 14:18:31.095 7 WARNING cinder.scheduler.host_manager [None req-263089e1-7287-4186-a4f8-35f31da56b7d ba7dbeefd05247f88a8e63a0de0d5f75 8fcdb393aa5f4382812fac92edeb9ff2 - - - -] volume service is down. (host: rack11-server75@LIGHTOSxgzdqh)
2024-07-19 14:18:31.189 7 WARNING cinder.scheduler.host_manager [None req-54249102-5186-4633-a367-9a022a17435c 20f0a9d039e6490aad415339edb20332 b410cbac98b14966a790e2a3ae2b56cf - - - -] volume service is down. (host: rack11-server75@LIGHTOSxgzdqh)
2024-07-19 14:18:31.464 7 WARNING cinder.scheduler.host_manager [None req-03c4dd2f-f155-4aea-8521-260571ffabc6 20f0a9d039e6490aad415339edb20332 b410cbac98b14966a790e2a3ae2b56cf - - - -] volume service is down. (host: rack11-server75@LIGHTOSxgzdqh)
2024-07-19 14:18:31.724 7 WARNING cinder.scheduler.host_manager [None req-a8ef25e4-8c33-4baa-b91b-ee5e94fc2f03 20f0a9d039e6490aad415339edb20332 b410cbac98b14966a790e2a3ae2b56cf - - - -] volume service is down. (host: rack11-server75@LIGHTOSxgzdqh)
2024-07-19 14:18:32.004 7 WARNING cinder.scheduler.host_manager [None req-1038ad27-25fa-48eb-b864-abc68963caba 20f0a9d039e6490aad415339edb20332 b410cbac98b14966a790e2a3ae2b56cf - - - -] volume service is down. (host: rack11-server75@LIGHTOSxgzdqh)
2024-07-19 14:18:32.210 7 WARNING cinder.scheduler.host_manager [None req-0abe7062-2426-4ccd-827a-08dff8368b58 20f0a9d039e6490aad415339edb20332 b410cbac98b14966a790e2a3ae2b56cf - - - -] volume service is down. (host: rack11-server75@LIGHTOSxgzdqh)
2024-07-19 14:18:32.325 7 WARNING cinder.scheduler.host_manager [None req-83ad8798-455d-4f38-b68c-914eb61fdf14 ba7dbeefd05247f88a8e63a0de0d5f75 8fcdb393aa5f4382812fac92edeb9ff2 - - - -] volume service is down. (host: rack11-server75@LIGHTOSxgzdqh)
2024-07-19 14:18:32.396 7 WARNING cinder.scheduler.host_manager [None req-76724c6b-1194-44e1-8c13-e9a82c89d63d d8a5bac404374105af87990f424fcbac b4941e465dda4c949e6c4e160a8586f2 - - - -] volume service is down. (host: rack11-server75@LIGHTOSxgzdqh)
2024-07-19 14:18:32.644 7 WARNING cinder.scheduler.host_manager [None req-0d4608a3-e618-470c-a41a-51b846d526b0 d8a5bac404374105af87990f424fcbac b4941e465dda4c949e6c4e160a8586f2 - - - -] volume service is down. (host: rack11-server75@LIGHTOSxgzdqh)
2024-07-19 14:18:32.897 7 WARNING cinder.scheduler.host_manager [None req-35a42be8-ebe1-46a9-b687-698abed085c3 d8a5bac404374105af87990f424fcbac b4941e465dda4c949e6c4e160a8586f2 - - - -] volume service is down. (host: rack11-server75@LIGHTOSxgzdqh)
2024-07-19 14:18:33.113 7 WARNING cinder.scheduler.host_manager [None req-cd2a2032-2d1f-48a4-a30d-d98abee20da8 d8a5bac404374105af87990f424fcbac b4941e465dda4c949e6c4e160a8586f2 - - - -] volume service is down. (host: rack11-server75@LIGHTOSxgzdqh)
2024-07-19 14:18:33.388 7 WARNING cinder.scheduler.host_manager [None req-b1fe9d3b-d5ce-4b37-8ff3-b3c63165ea7c d8a5bac404374105af87990f424fcbac b4941e465dda4c949e6c4e160a8586f2 - - - -] volume service is down. (host: rack11-server75@LIGHTOSxgzdqh)
2024-07-19 14:18:34.714 7 WARNING cinder.scheduler.host_manager [None req-85defd9e-35d7-4657-b123-bdced5777f4a ba7dbeefd05247f88a8e63a0de0d5f75 8fcdb393aa5f4382812fac92edeb9ff2 - - - -] volume service is down. (host: rack11-server75@LIGHTOSxgzdqh)
2024-07-19 14:18:34.966 7 WARNING cinder.scheduler.host_manager [None req-50446044-af89-49ec-959a-0194f958d2fb ba7dbeefd05247f88a8e63a0de0d5f75 8fcdb393aa5f4382812fac92edeb9ff2 - - - -] volume service is down. (host: rack11-server75@LIGHTOSxgzdqh)
2024-07-19 14:18:35.226 7 WARNING cinder.scheduler.host_manager [None req-2700de21-acba-4fff-9297-32d940c4b81d ba7dbeefd05247f88a8e63a0de0d5f75 8fcdb393aa5f4382812fac92edeb9ff2 - - - -] volume service is down. (host: rack11-server75@LIGHTOSxgzdqh)
2024-07-19 14:18:35.476 7 WARNING cinder.scheduler.host_manager [None req-58389420-630a-4162-9e00-7c92e085797b ba7dbeefd05247f88a8e63a0de0d5f75 8fcdb393aa5f4382812fac92edeb9ff2 - - - -] volume service is down. (host: rack11-server75@LIGHTOSxgzdqh)
2024-07-19 14:18:35.690 7 WARNING cinder.scheduler.host_manager [None req-f849fedf-b5d7-4e92-bd70-f66d73beabbd ba7dbeefd05247f88a8e63a0de0d5f75 8fcdb393aa5f4382812fac92edeb9ff2 - - - -] volume service is down. (host: rack11-server75@LIGHTOSxgzdqh)
2024-07-19 14:18:48.410 7 WARNING cinder.scheduler.host_manager [None req-65c47a2c-a6ac-45ef-a08c-36b87a60e4bb 63ad60a390e146f188122f3b0d864e2a 8cd84e5b67134dac88fb34a57c615c75 - - - -] volume service is down. (host: rack11-server75@LIGHTOSxgzdqh)
2024-07-19 14:18:49.893 7 WARNING cinder.scheduler.host_manager [None req-a2fd1b54-5dba-4dee-acfc-99faa263b520 63ad60a390e146f188122f3b0d864e2a 8cd84e5b67134dac88fb34a57c615c75 - - - -] volume service is down. (host: rack11-server75@LIGHTOSxgzdqh)
2024-07-19 14:18:51.265 7 WARNING cinder.scheduler.host_manager [None req-62d56f34-116e-43d8-9d6e-f0de670ad3c3 63ad60a390e146f188122f3b0d864e2a 8cd84e5b67134dac88fb34a57c615c75 - - - -] volume service is down. (host: rack11-server75@LIGHTOSxgzdqh)
