Build Started 18_01_2023_10_34_56
2023-01-18 10:36:56.349 7 WARNING cinder.scheduler.host_manager [req-8d36df91-ff90-4a79-a1b9-90b5e275ea3d req-241d38ac-6651-4282-be2c-1fd105477966 f57889cf02334058a2e079b8dc9c42f2 bdc33ffa11b84c04891d49f9f71e5883 - - - -] volume service is down. (host: rack09-server62@lvm-1)
2023-01-18 10:36:56.419 7 WARNING cinder.scheduler.host_manager [req-bf1c4e66-60f5-4bde-9958-bc48107f23b3 req-d2d57fc3-c43c-43ff-843a-3e9f055e9894 e1288fea6d264c428f8cce427e314401 69c6401104c04414a2f68079bd44c737 - - - -] volume service is down. (host: rack09-server62@lvm-1)
2023-01-18 10:36:56.503 7 WARNING cinder.scheduler.host_manager [None req-76dfe8a8-f02f-40d0-959b-be23ff869fde f85fabf6432d4ad6b64dfe105e44f345 07f510d8dbaf4262ada2b8b6ccbd3ca3 - - - -] volume service is down. (host: rack09-server62@lvm-1)
2023-01-18 10:36:58.862 7 WARNING cinder.scheduler.host_manager [req-8b8c5fb1-25cb-49c8-b774-0009f1b1f3e4 req-57951b9f-cf9f-46fc-b47a-58471662d1ad e1288fea6d264c428f8cce427e314401 69c6401104c04414a2f68079bd44c737 - - - -] volume service is down. (host: rack09-server62@lvm-1)
2023-01-18 10:36:58.863 7 WARNING oslo_messaging.rpc.client [req-8b8c5fb1-25cb-49c8-b774-0009f1b1f3e4 req-57951b9f-cf9f-46fc-b47a-58471662d1ad e1288fea6d264c428f8cce427e314401 69c6401104c04414a2f68079bd44c737 - - - -] Using RPCClient manually to instantiate client. Please use get_rpc_client to obtain an RPC client instance.
2023-01-18 10:37:03.441 7 WARNING cinder.scheduler.host_manager [None req-d59f9668-b175-4356-9510-f7ccd27f859a 33fe2744ac3246349bb08ab12994f4f2 d5faecd347c04273af0db093fd2d9aeb - - - -] volume service is down. (host: rack09-server62@lvm-1)
2023-01-18 10:37:03.512 7 WARNING cinder.scheduler.host_manager [None req-313234b9-c4c7-48ea-b453-55089a365511 33fe2744ac3246349bb08ab12994f4f2 d5faecd347c04273af0db093fd2d9aeb - - - -] volume service is down. (host: rack09-server62@lvm-1)
2023-01-18 10:37:13.604 7 WARNING cinder.scheduler.host_manager [None req-bab1d156-3d28-4825-b4c2-e85fa165306a b39a938e7c784f64be65dee498274088 9cfcddb6f9564ef982527eeed4b42b42 - - - -] volume service is down. (host: rack09-server62@lvm-1)
2023-01-18 10:37:13.611 7 WARNING cinder.scheduler.host_manager [None req-bab1d156-3d28-4825-b4c2-e85fa165306a b39a938e7c784f64be65dee498274088 9cfcddb6f9564ef982527eeed4b42b42 - - - -] volume service is down. (host: rack09-server62@lvm-1)
2023-01-18 10:37:14.850 7 WARNING cinder.scheduler.host_manager [None req-08e12f41-9c03-4149-bff2-eb28362bbe72 b39a938e7c784f64be65dee498274088 9cfcddb6f9564ef982527eeed4b42b42 - - - -] volume service is down. (host: rack09-server62@lvm-1)
2023-01-18 10:37:14.856 7 WARNING cinder.scheduler.host_manager [None req-08e12f41-9c03-4149-bff2-eb28362bbe72 b39a938e7c784f64be65dee498274088 9cfcddb6f9564ef982527eeed4b42b42 - - - -] volume service is down. (host: rack09-server62@lvm-1)
2023-01-18 10:37:16.214 7 WARNING cinder.scheduler.host_manager [None req-4c2766da-2a1b-4012-8e04-843296a71948 b39a938e7c784f64be65dee498274088 9cfcddb6f9564ef982527eeed4b42b42 - - - -] volume service is down. (host: rack09-server62@lvm-1)
2023-01-18 10:37:21.550 7 WARNING cinder.scheduler.host_manager [None req-21a3aa4e-6870-42f0-b4cd-feba861ed9ca b39a938e7c784f64be65dee498274088 9cfcddb6f9564ef982527eeed4b42b42 - - - -] volume service is down. (host: rack09-server62@lvm-1)
2023-01-18 10:37:21.559 7 WARNING cinder.scheduler.host_manager [None req-21a3aa4e-6870-42f0-b4cd-feba861ed9ca b39a938e7c784f64be65dee498274088 9cfcddb6f9564ef982527eeed4b42b42 - - - -] volume service is down. (host: rack09-server62@lvm-1)
2023-01-18 10:37:22.909 7 WARNING cinder.scheduler.host_manager [None req-d5eed496-55b5-4711-927a-a948b00303fd b39a938e7c784f64be65dee498274088 9cfcddb6f9564ef982527eeed4b42b42 - - - -] volume service is down. (host: rack09-server62@lvm-1)
2023-01-18 10:37:24.259 7 WARNING cinder.scheduler.host_manager [None req-54a7a7e2-7145-4210-ae1e-2cfbf7369a6d b39a938e7c784f64be65dee498274088 9cfcddb6f9564ef982527eeed4b42b42 - - - -] volume service is down. (host: rack09-server62@lvm-1)
2023-01-18 10:37:29.617 7 WARNING cinder.scheduler.host_manager [None req-3c9c584b-031e-440a-a3de-0ae17b2509b6 f85fabf6432d4ad6b64dfe105e44f345 07f510d8dbaf4262ada2b8b6ccbd3ca3 - - - -] volume service is down. (host: rack09-server62@lvm-1)
2023-01-18 10:37:35.588 7 WARNING cinder.scheduler.host_manager [None req-140f8cef-7799-4c49-a4ac-23b7df6ddd89 b3122486f6a6481e81348b87f184fb3a 4ea4c59b99ca4d6cb63487bb10f532d4 - - - -] volume service is down. (host: rack09-server62@lvm-1)
2023-01-18 10:37:35.595 7 WARNING cinder.scheduler.host_manager [None req-140f8cef-7799-4c49-a4ac-23b7df6ddd89 b3122486f6a6481e81348b87f184fb3a 4ea4c59b99ca4d6cb63487bb10f532d4 - - - -] volume service is down. (host: rack09-server62@lvm-1)
2023-01-18 10:37:36.968 7 WARNING cinder.scheduler.host_manager [None req-f724fa2a-bda1-4484-9d72-fdf349415d28 b3122486f6a6481e81348b87f184fb3a 4ea4c59b99ca4d6cb63487bb10f532d4 - - - -] volume service is down. (host: rack09-server62@lvm-1)
2023-01-18 10:37:37.248 7 WARNING cinder.scheduler.host_manager [None req-56a30c4b-0978-4a65-ae85-1aaeed2c5e5e 30b4dda2439245c99bc00e262890c49e 7b062ee875ff476488c0e0fbbac100e3 - - - -] volume service is down. (host: rack09-server62@lvm-1)
2023-01-18 10:37:38.226 7 WARNING cinder.scheduler.host_manager [None req-9a00d336-1ea9-4732-84cb-123bd7fcdd18 b3122486f6a6481e81348b87f184fb3a 4ea4c59b99ca4d6cb63487bb10f532d4 - - - -] volume service is down. (host: rack09-server62@lvm-1)
2023-01-18 10:37:49.592 7 WARNING cinder.scheduler.host_manager [None req-c38bbb0d-432d-44e1-a21a-c7bdad2117f1 7b136f22caa24ab2ae46b6ba2f4a9c56 01576e8165d24d65ac11950b00757029 - - - -] volume service is down. (host: rack09-server62@lvm-1)
2023-01-18 10:37:49.600 7 WARNING cinder.scheduler.host_manager [None req-c38bbb0d-432d-44e1-a21a-c7bdad2117f1 7b136f22caa24ab2ae46b6ba2f4a9c56 01576e8165d24d65ac11950b00757029 - - - -] volume service is down. (host: rack09-server62@lvm-1)
2023-01-18 10:37:55.589 7 WARNING cinder.scheduler.host_manager [None req-bec71f81-abf3-4045-ad76-58017889480f a3c9235365c64da09d0bd7d19ab35517 51024f5f3b144370807e596e8254df31 - - - -] volume service is down. (host: rack09-server62@lvm-1)
2023-01-18 10:37:56.939 7 WARNING cinder.scheduler.host_manager [None req-9daab9ae-fe8f-45cd-b4de-60b496c6724b 109843e212034574b6890e9af945969f b3a4a5e486644712914780ed1d3c1d97 - - - -] volume service is down. (host: rack09-server62@lvm-1)
2023-01-18 10:38:02.031 7 WARNING cinder.scheduler.host_manager [None req-43a133a0-18ed-48cd-9102-75251591aba5 5917bd0c889241a3867bf6591a20c0ef 97e77c8360114e47afbcfd31305cbf2c - - - -] volume service is down. (host: rack09-server62@lvm-1)
2023-01-18 10:38:07.486 7 WARNING cinder.scheduler.host_manager [None req-c9e1c104-dffd-4ac9-8b76-63e6f890191e a3c9235365c64da09d0bd7d19ab35517 51024f5f3b144370807e596e8254df31 - - - -] volume service is down. (host: rack09-server62@lvm-1)
2023-01-18 10:38:10.958 7 WARNING cinder.scheduler.host_manager [None req-3292ed92-b56c-4135-8d18-c57aad1717f7 a3c9235365c64da09d0bd7d19ab35517 51024f5f3b144370807e596e8254df31 - - - -] volume service is down. (host: rack09-server62@lvm-1)
2023-01-18 10:38:11.302 7 WARNING cinder.scheduler.host_manager [None req-94954a16-a793-44da-8426-b0857ddf030f 75c79ed9babc474988bbb47361fe98ed df1748f3b4df435abe1020040705e502 - - - -] volume service is down. (host: rack09-server62@lvm-1)
2023-01-18 10:38:13.359 7 WARNING cinder.scheduler.host_manager [None req-bb57bb8d-660b-466a-b336-69880f6474e3 a3c9235365c64da09d0bd7d19ab35517 51024f5f3b144370807e596e8254df31 - - - -] volume service is down. (host: rack09-server62@lvm-1)
2023-01-18 10:38:13.620 7 WARNING cinder.scheduler.host_manager [None req-f2b7af6f-e485-4a44-b3ef-df2bb7e9acba 75c79ed9babc474988bbb47361fe98ed df1748f3b4df435abe1020040705e502 - - - -] volume service is down. (host: rack09-server62@lvm-1)
2023-01-18 10:38:13.621 7 WARNING oslo_messaging.rpc.client [None req-f2b7af6f-e485-4a44-b3ef-df2bb7e9acba 75c79ed9babc474988bbb47361fe98ed df1748f3b4df435abe1020040705e502 - - - -] Using RPCClient manually to instantiate client. Please use get_rpc_client to obtain an RPC client instance.
2023-01-18 10:38:24.114 7 WARNING cinder.scheduler.host_manager [None req-b2de44b7-3cdb-4af7-b85c-674931d2fa5b 1d0bab0fbe664e479e5b34aa1d287d66 aa1eb702374b4df99d3bcb985b048578 - - - -] volume service is down. (host: rack09-server62@lvm-1)
2023-01-18 10:38:32.148 7 WARNING cinder.scheduler.host_manager [None req-22fe9ce7-1225-4fb3-83a5-a290f0bd0b01 ad449d95c73646cc9e505cec97dd84b9 7652947a20274e4ca2c35f597fe820e5 - - - -] volume service is down. (host: rack09-server62@lvm-1)
2023-01-18 10:38:42.444 7 WARNING cinder.scheduler.host_manager [None req-1a29f196-d561-4c0b-b5a7-6aa319eeebae ad449d95c73646cc9e505cec97dd84b9 7652947a20274e4ca2c35f597fe820e5 - - - -] volume service is down. (host: rack09-server62@lvm-1)
2023-01-18 10:38:42.445 7 WARNING oslo_messaging.rpc.client [None req-1a29f196-d561-4c0b-b5a7-6aa319eeebae ad449d95c73646cc9e505cec97dd84b9 7652947a20274e4ca2c35f597fe820e5 - - - -] Using RPCClient manually to instantiate client. Please use get_rpc_client to obtain an RPC client instance.
2023-01-18 10:38:44.001 7 WARNING cinder.scheduler.host_manager [None req-0b0b44b1-7064-4a57-9914-410eaba22703 b70091299bed4a7d950e1e7c216fbbfd 6aa84bb826d44f80999888a0b7a0d2ca - - - -] volume service is down. (host: rack09-server62@lvm-1)
2023-01-18 10:38:44.279 7 WARNING cinder.scheduler.host_manager [None req-b0e2f2c7-e52b-4c7a-8710-67def35edd35 f85fabf6432d4ad6b64dfe105e44f345 07f510d8dbaf4262ada2b8b6ccbd3ca3 - - - -] volume service is down. (host: rack09-server62@lvm-1)
2023-01-18 10:38:49.737 7 WARNING cinder.scheduler.host_manager [None req-79fd66db-00a0-420d-bf9f-f7a5fa194190 b70091299bed4a7d950e1e7c216fbbfd 6aa84bb826d44f80999888a0b7a0d2ca - - - -] volume service is down. (host: rack09-server62@lvm-1)
2023-01-18 10:38:51.832 7 WARNING cinder.scheduler.host_manager [None req-32868378-6bad-4786-b2cc-9d5ef298b6bc f87a62d1753848b4bf29571609226eba cf96d9032ccb412e99519047af265ad3 - - - -] volume service is down. (host: rack09-server62@lvm-1)
2023-01-18 10:38:53.348 7 WARNING cinder.scheduler.host_manager [None req-32d7b5e1-a94d-493f-983f-2e161244a0ef b70091299bed4a7d950e1e7c216fbbfd 6aa84bb826d44f80999888a0b7a0d2ca - - - -] volume service is down. (host: rack09-server62@lvm-1)
2023-01-18 10:38:54.411 7 WARNING cinder.scheduler.host_manager [None req-49f21fd8-65b4-4d2e-80ef-b5521d5233b7 f87a62d1753848b4bf29571609226eba cf96d9032ccb412e99519047af265ad3 - - - -] volume service is down. (host: rack09-server62@lvm-1)
2023-01-18 10:38:56.949 7 WARNING cinder.scheduler.host_manager [None req-c9f4e708-4a52-410f-a073-209139e0e752 b70091299bed4a7d950e1e7c216fbbfd 6aa84bb826d44f80999888a0b7a0d2ca - - - -] volume service is down. (host: rack09-server62@lvm-1)
2023-01-18 10:38:59.133 7 WARNING cinder.scheduler.host_manager [None req-abc4f4b1-8040-4470-b5f0-a47edbe61b0d f87a62d1753848b4bf29571609226eba cf96d9032ccb412e99519047af265ad3 - - - -] volume service is down. (host: rack09-server62@lvm-1)
2023-01-18 10:38:59.555 7 WARNING cinder.scheduler.host_manager [None req-24a95884-3bba-4fa9-ae81-48ffb3bfaf9d b70091299bed4a7d950e1e7c216fbbfd 6aa84bb826d44f80999888a0b7a0d2ca - - - -] volume service is down. (host: rack09-server62@lvm-1)
2023-01-18 10:39:01.561 7 WARNING cinder.scheduler.host_manager [None req-83412f99-9ece-48f2-8be5-5394b0587a4e f87a62d1753848b4bf29571609226eba cf96d9032ccb412e99519047af265ad3 - - - -] volume service is down. (host: rack09-server62@lvm-1)
2023-01-18 10:39:01.845 7 WARNING cinder.scheduler.host_manager [req-da80f25f-1c13-4187-8c0f-017e323d2eb6 req-877eb9ca-1ca5-41b5-acb5-d435f8855e75 f85fabf6432d4ad6b64dfe105e44f345 07f510d8dbaf4262ada2b8b6ccbd3ca3 - - - -] volume service is down. (host: rack09-server62@lvm-1)
2023-01-18 10:39:01.846 7 WARNING oslo_messaging.rpc.client [req-da80f25f-1c13-4187-8c0f-017e323d2eb6 req-877eb9ca-1ca5-41b5-acb5-d435f8855e75 f85fabf6432d4ad6b64dfe105e44f345 07f510d8dbaf4262ada2b8b6ccbd3ca3 - - - -] Using RPCClient manually to instantiate client. Please use get_rpc_client to obtain an RPC client instance.
2023-01-18 10:39:02.133 7 WARNING cinder.scheduler.host_manager [None req-1e6b8bab-d27d-4596-87d9-b67e585271f2 b70091299bed4a7d950e1e7c216fbbfd 6aa84bb826d44f80999888a0b7a0d2ca - - - -] volume service is down. (host: rack09-server62@lvm-1)
2023-01-18 10:39:05.182 7 WARNING cinder.scheduler.host_manager [None req-a6f9d896-1101-4aca-b89d-e6552424eda9 f87a62d1753848b4bf29571609226eba cf96d9032ccb412e99519047af265ad3 - - - -] volume service is down. (host: rack09-server62@lvm-1)
2023-01-18 10:39:08.979 7 WARNING cinder.scheduler.host_manager [None req-df6c97cc-83bf-456f-b60a-e4e5dd9a26c0 f87a62d1753848b4bf29571609226eba cf96d9032ccb412e99519047af265ad3 - - - -] volume service is down. (host: rack09-server62@lvm-1)
2023-01-18 10:39:13.382 7 WARNING cinder.scheduler.host_manager [None req-bce6cd1d-ba6b-4696-a6f6-172061d0244e 2b6dc9ef5b76420ba511e71a8ed817bd 1a1a8895721843ed8b7de4c33a92d564 - - - -] volume service is down. (host: rack09-server62@lvm-1)
2023-01-18 10:39:19.952 7 WARNING cinder.scheduler.host_manager [None req-f4ff478a-79b2-43a8-bea0-75352e8853cc f78413373c994ae3988e71a975fa7b76 11d41d953fd44890b46a49ffaa7634b8 - - - -] volume service is down. (host: rack09-server62@lvm-1)
2023-01-18 10:39:20.010 7 WARNING cinder.scheduler.host_manager [None req-b5be9ee0-6a8b-4fa7-8396-490264c6e5ef f87a62d1753848b4bf29571609226eba cf96d9032ccb412e99519047af265ad3 - - - -] volume service is down. (host: rack09-server62@lvm-1)
2023-01-18 10:39:21.326 7 WARNING cinder.scheduler.host_manager [None req-0c4bbcf3-4698-4719-8f9e-c73d36f9de2a f78413373c994ae3988e71a975fa7b76 11d41d953fd44890b46a49ffaa7634b8 - - - -] volume service is down. (host: rack09-server62@lvm-1)
2023-01-18 10:39:23.808 7 WARNING cinder.scheduler.host_manager [None req-e34de381-d33d-42ca-84b7-6f6dbf33cf44 f78413373c994ae3988e71a975fa7b76 11d41d953fd44890b46a49ffaa7634b8 - - - -] volume service is down. (host: rack09-server62@lvm-1)
2023-01-18 10:39:30.189 7 WARNING cinder.scheduler.host_manager [None req-a58507ed-7bdf-44e7-bd16-a0e109d41c77 3a79abcfbc2948bdb7751f91821b3253 efe316a7e34341788f162f4f68a08fc5 - - - -] volume service is down. (host: rack09-server62@lvm-1)
2023-01-18 10:39:32.010 7 WARNING cinder.scheduler.host_manager [None req-553fd553-3825-4187-8db0-59b13d61e63e 4d50ff5a949b446f9eeda458695094ec d8dac5e2848c46fb8f1c5cd6be6fbe44 - - - -] volume service is down. (host: rack09-server62@lvm-1)
2023-01-18 10:39:34.304 7 WARNING cinder.scheduler.host_manager [None req-c101737e-1a87-4f78-8b6f-78bfb90f6528 4d50ff5a949b446f9eeda458695094ec d8dac5e2848c46fb8f1c5cd6be6fbe44 - - - -] volume service is down. (host: rack09-server62@lvm-1)
2023-01-18 10:39:34.305 7 WARNING oslo_messaging.rpc.client [None req-c101737e-1a87-4f78-8b6f-78bfb90f6528 4d50ff5a949b446f9eeda458695094ec d8dac5e2848c46fb8f1c5cd6be6fbe44 - - - -] Using RPCClient manually to instantiate client. Please use get_rpc_client to obtain an RPC client instance.
2023-01-18 10:39:34.582 7 WARNING cinder.scheduler.host_manager [None req-8173437d-bb9b-410d-b656-f2f607177b5d 576414b346ac419d90608d0d8b5db396 71807b37fb46436fa01d352d72d01a11 - - - -] volume service is down. (host: rack09-server62@lvm-1)
2023-01-18 10:39:34.590 7 WARNING cinder.scheduler.host_manager [None req-8173437d-bb9b-410d-b656-f2f607177b5d 576414b346ac419d90608d0d8b5db396 71807b37fb46436fa01d352d72d01a11 - - - -] volume service is down. (host: rack09-server62@lvm-1)
2023-01-18 10:39:35.917 7 WARNING cinder.scheduler.host_manager [None req-c3f9ae6f-e51c-4444-a181-5a44746b0d53 576414b346ac419d90608d0d8b5db396 71807b37fb46436fa01d352d72d01a11 - - - -] volume service is down. (host: rack09-server62@lvm-1)
2023-01-18 10:39:36.557 7 WARNING cinder.scheduler.host_manager [None req-15ebc8bd-8fc1-4bcc-a1e8-aadbfcc721b3 4d50ff5a949b446f9eeda458695094ec d8dac5e2848c46fb8f1c5cd6be6fbe44 - - - -] volume service is down. (host: rack09-server62@lvm-1)
2023-01-18 10:39:36.558 7 WARNING oslo_messaging.rpc.client [None req-15ebc8bd-8fc1-4bcc-a1e8-aadbfcc721b3 4d50ff5a949b446f9eeda458695094ec d8dac5e2848c46fb8f1c5cd6be6fbe44 - - - -] Using RPCClient manually to instantiate client. Please use get_rpc_client to obtain an RPC client instance.
2023-01-18 10:39:40.159 7 WARNING cinder.scheduler.host_manager [None req-5d3bd162-b4c1-4b2b-809a-0426afbf0957 4d50ff5a949b446f9eeda458695094ec d8dac5e2848c46fb8f1c5cd6be6fbe44 - - - -] volume service is down. (host: rack09-server62@lvm-1)
2023-01-18 10:39:40.587 7 WARNING cinder.scheduler.host_manager [None req-bec8d446-0504-4e98-9640-a5ca271cc838 576414b346ac419d90608d0d8b5db396 71807b37fb46436fa01d352d72d01a11 - - - -] volume service is down. (host: rack09-server62@lvm-1)
2023-01-18 10:39:42.412 7 WARNING cinder.scheduler.host_manager [None req-152f3029-a2c7-4921-8d11-8fc31b8ecde7 4d50ff5a949b446f9eeda458695094ec d8dac5e2848c46fb8f1c5cd6be6fbe44 - - - -] volume service is down. (host: rack09-server62@lvm-1)
2023-01-18 10:39:42.413 7 WARNING oslo_messaging.rpc.client [None req-152f3029-a2c7-4921-8d11-8fc31b8ecde7 4d50ff5a949b446f9eeda458695094ec d8dac5e2848c46fb8f1c5cd6be6fbe44 - - - -] Using RPCClient manually to instantiate client. Please use get_rpc_client to obtain an RPC client instance.
2023-01-18 10:39:44.773 7 WARNING cinder.scheduler.host_manager [None req-2e7fa994-bedf-4cbf-a471-cf623209d960 4d50ff5a949b446f9eeda458695094ec d8dac5e2848c46fb8f1c5cd6be6fbe44 - - - -] volume service is down. (host: rack09-server62@lvm-1)
2023-01-18 10:39:45.290 7 WARNING cinder.scheduler.host_manager [None req-4532f11e-4373-4556-85d8-d0c3a75aa2d7 4c5098fe90a4484a92314aeed9a374b2 f42aeaaa3bc64d02a026625fba5ae7d6 - - - -] volume service is down. (host: rack09-server62@lvm-1)
2023-01-18 10:39:46.190 7 WARNING cinder.scheduler.host_manager [None req-4ed996a9-572e-4937-a89a-e3a3cc313f26 576414b346ac419d90608d0d8b5db396 71807b37fb46436fa01d352d72d01a11 - - - -] volume service is down. (host: rack09-server62@lvm-1)
2023-01-18 10:39:46.197 7 WARNING cinder.scheduler.host_manager [None req-4ed996a9-572e-4937-a89a-e3a3cc313f26 576414b346ac419d90608d0d8b5db396 71807b37fb46436fa01d352d72d01a11 - - - -] volume service is down. (host: rack09-server62@lvm-1)
2023-01-18 10:39:47.510 7 WARNING cinder.scheduler.host_manager [None req-89d4cca1-34be-4a91-942b-8a7e41c77de8 576414b346ac419d90608d0d8b5db396 71807b37fb46436fa01d352d72d01a11 - - - -] volume service is down. (host: rack09-server62@lvm-1)
2023-01-18 10:39:47.548 7 WARNING cinder.scheduler.host_manager [None req-9651e5a2-8af6-432b-8bb3-dc388622b0f9 4c5098fe90a4484a92314aeed9a374b2 f42aeaaa3bc64d02a026625fba5ae7d6 - - - -] volume service is down. (host: rack09-server62@lvm-1)
2023-01-18 10:39:47.548 7 WARNING oslo_messaging.rpc.client [None req-9651e5a2-8af6-432b-8bb3-dc388622b0f9 4c5098fe90a4484a92314aeed9a374b2 f42aeaaa3bc64d02a026625fba5ae7d6 - - - -] Using RPCClient manually to instantiate client. Please use get_rpc_client to obtain an RPC client instance.
2023-01-18 10:39:48.877 7 WARNING cinder.scheduler.host_manager [None req-7928ff86-6f83-48b0-ad89-922f92f7bf75 576414b346ac419d90608d0d8b5db396 71807b37fb46436fa01d352d72d01a11 - - - -] volume service is down. (host: rack09-server62@lvm-1)
2023-01-18 10:39:49.770 7 WARNING cinder.scheduler.host_manager [None req-74b2e0ec-b1cb-4ba4-bf2a-b847509d6589 4c5098fe90a4484a92314aeed9a374b2 f42aeaaa3bc64d02a026625fba5ae7d6 - - - -] volume service is down. (host: rack09-server62@lvm-1)
2023-01-18 10:39:49.773 7 WARNING oslo_messaging.rpc.client [None req-74b2e0ec-b1cb-4ba4-bf2a-b847509d6589 4c5098fe90a4484a92314aeed9a374b2 f42aeaaa3bc64d02a026625fba5ae7d6 - - - -] Using RPCClient manually to instantiate client. Please use get_rpc_client to obtain an RPC client instance.
2023-01-18 10:39:51.984 7 WARNING cinder.scheduler.host_manager [None req-8fad9e6d-738a-452c-830f-f4456932b415 4c5098fe90a4484a92314aeed9a374b2 f42aeaaa3bc64d02a026625fba5ae7d6 - - - -] volume service is down. (host: rack09-server62@lvm-1)
2023-01-18 10:39:51.985 7 WARNING oslo_messaging.rpc.client [None req-8fad9e6d-738a-452c-830f-f4456932b415 4c5098fe90a4484a92314aeed9a374b2 f42aeaaa3bc64d02a026625fba5ae7d6 - - - -] Using RPCClient manually to instantiate client. Please use get_rpc_client to obtain an RPC client instance.
2023-01-18 10:39:55.163 7 WARNING cinder.scheduler.host_manager [None req-1e70ec51-ba51-406b-a8fd-eb004624d1c5 9b8910ab0ada4596ab01deaee35553b2 2a322e9adc834023a54d915e01d8bb77 - - - -] volume service is down. (host: rack09-server62@lvm-1)
2023-01-18 10:39:58.490 7 WARNING cinder.scheduler.host_manager [None req-c8bed933-df5e-4893-91cd-878b8154a1af 9b8910ab0ada4596ab01deaee35553b2 2a322e9adc834023a54d915e01d8bb77 - - - -] volume service is down. (host: rack09-server62@lvm-1)
2023-01-18 10:40:02.097 7 WARNING cinder.scheduler.host_manager [None req-8e1d2409-28d8-4434-a7df-2b4c3cd3a33e 576414b346ac419d90608d0d8b5db396 71807b37fb46436fa01d352d72d01a11 - - - -] volume service is down. (host: rack09-server62@lvm-1)
2023-01-18 10:40:02.105 7 WARNING cinder.scheduler.host_manager [None req-8e1d2409-28d8-4434-a7df-2b4c3cd3a33e 576414b346ac419d90608d0d8b5db396 71807b37fb46436fa01d352d72d01a11 - - - -] volume service is down. (host: rack09-server62@lvm-1)
2023-01-18 10:40:03.429 7 WARNING cinder.scheduler.host_manager [None req-4abf8af0-e1f8-4776-b03e-ef92cd3e7ea3 576414b346ac419d90608d0d8b5db396 71807b37fb46436fa01d352d72d01a11 - - - -] volume service is down. (host: rack09-server62@lvm-1)
2023-01-18 10:40:05.899 7 WARNING cinder.scheduler.host_manager [None req-ece33283-77d5-4595-bfb8-df43de0b200d 6056b381d04d4f65bd2e0e9dcb95ff5f c4d4af8470594a39bfd56d0777b8c85b - - - -] volume service is down. (host: rack09-server62@lvm-1)
2023-01-18 10:40:08.299 7 WARNING cinder.scheduler.host_manager [None req-2274ba12-26b5-495b-a3a8-a880b1366343 6056b381d04d4f65bd2e0e9dcb95ff5f c4d4af8470594a39bfd56d0777b8c85b - - - -] volume service is down. (host: rack09-server62@lvm-1)
2023-01-18 10:40:10.749 7 WARNING cinder.scheduler.host_manager [None req-8beb55af-68f5-425d-a30e-700d8f44488e 6056b381d04d4f65bd2e0e9dcb95ff5f c4d4af8470594a39bfd56d0777b8c85b - - - -] volume service is down. (host: rack09-server62@lvm-1)
2023-01-18 10:40:20.831 7 WARNING cinder.scheduler.host_manager [None req-5943982c-86e8-489f-8db8-722905017c12 bf5e5d22dd254e1f86e3853155d24fe2 b4ae82ee81b7404ea1b626bca9050381 - - - -] volume service is down. (host: rack09-server62@lvm-1)
2023-01-18 10:40:22.027 7 WARNING cinder.scheduler.host_manager [None req-90a75ad3-94be-44c3-95b0-4e06e5f9c6ec 7d081e6f8e9e46b5aeca6d2df51d8245 2c902a53c83143acade684245023e98c - - - -] volume service is down. (host: rack09-server62@lvm-1)
2023-01-18 10:40:23.095 7 WARNING cinder.scheduler.host_manager [None req-835a85f3-2be0-4f7a-af49-a9b69e5090de bf5e5d22dd254e1f86e3853155d24fe2 b4ae82ee81b7404ea1b626bca9050381 - - - -] volume service is down. (host: rack09-server62@lvm-1)
2023-01-18 10:40:23.096 7 WARNING oslo_messaging.rpc.client [None req-835a85f3-2be0-4f7a-af49-a9b69e5090de bf5e5d22dd254e1f86e3853155d24fe2 b4ae82ee81b7404ea1b626bca9050381 - - - -] Using RPCClient manually to instantiate client. Please use get_rpc_client to obtain an RPC client instance.
2023-01-18 10:40:24.304 7 WARNING cinder.scheduler.host_manager [None req-4286b314-c631-493e-a511-8d9e9ebd5f3b 7d081e6f8e9e46b5aeca6d2df51d8245 2c902a53c83143acade684245023e98c - - - -] volume service is down. (host: rack09-server62@lvm-1)
2023-01-18 10:40:24.305 7 WARNING oslo_messaging.rpc.client [None req-4286b314-c631-493e-a511-8d9e9ebd5f3b 7d081e6f8e9e46b5aeca6d2df51d8245 2c902a53c83143acade684245023e98c - - - -] Using RPCClient manually to instantiate client. Please use get_rpc_client to obtain an RPC client instance.
2023-01-18 10:40:25.612 7 WARNING cinder.scheduler.host_manager [None req-511edda6-dca2-449c-8536-ec0f3ca03e32 bf5e5d22dd254e1f86e3853155d24fe2 b4ae82ee81b7404ea1b626bca9050381 - - - -] volume service is down. (host: rack09-server62@lvm-1)
2023-01-18 10:40:25.613 7 WARNING oslo_messaging.rpc.client [None req-511edda6-dca2-449c-8536-ec0f3ca03e32 bf5e5d22dd254e1f86e3853155d24fe2 b4ae82ee81b7404ea1b626bca9050381 - - - -] Using RPCClient manually to instantiate client. Please use get_rpc_client to obtain an RPC client instance.
2023-01-18 10:40:29.101 7 WARNING cinder.scheduler.host_manager [None req-c40887e9-b8b7-4bbf-84c1-f92575a16400 bf5e5d22dd254e1f86e3853155d24fe2 b4ae82ee81b7404ea1b626bca9050381 - - - -] volume service is down. (host: rack09-server62@lvm-1)
2023-01-18 10:40:29.102 7 WARNING oslo_messaging.rpc.client [None req-c40887e9-b8b7-4bbf-84c1-f92575a16400 bf5e5d22dd254e1f86e3853155d24fe2 b4ae82ee81b7404ea1b626bca9050381 - - - -] Using RPCClient manually to instantiate client. Please use get_rpc_client to obtain an RPC client instance.
2023-01-18 10:40:32.661 7 WARNING cinder.scheduler.host_manager [None req-2b34cdcb-ac3b-4310-b3a8-c9ca31dd5429 bf5e5d22dd254e1f86e3853155d24fe2 b4ae82ee81b7404ea1b626bca9050381 - - - -] volume service is down. (host: rack09-server62@lvm-1)
2023-01-18 10:40:32.662 7 WARNING oslo_messaging.rpc.client [None req-2b34cdcb-ac3b-4310-b3a8-c9ca31dd5429 bf5e5d22dd254e1f86e3853155d24fe2 b4ae82ee81b7404ea1b626bca9050381 - - - -] Using RPCClient manually to instantiate client. Please use get_rpc_client to obtain an RPC client instance.
2023-01-18 10:40:36.329 7 WARNING cinder.scheduler.host_manager [None req-14fef75e-6761-49be-968f-b7ec70d123f1 bf5e5d22dd254e1f86e3853155d24fe2 b4ae82ee81b7404ea1b626bca9050381 - - - -] volume service is down. (host: rack09-server62@lvm-1)
2023-01-18 10:40:36.330 7 WARNING oslo_messaging.rpc.client [None req-14fef75e-6761-49be-968f-b7ec70d123f1 bf5e5d22dd254e1f86e3853155d24fe2 b4ae82ee81b7404ea1b626bca9050381 - - - -] Using RPCClient manually to instantiate client. Please use get_rpc_client to obtain an RPC client instance.
2023-01-18 10:40:47.442 7 WARNING cinder.scheduler.host_manager [None req-ce16593b-ac95-4962-93f2-d8123b8c70e6 ee720034e7c34951a81e154bf63da156 10c14980698743979d801855d563ebe1 - - - -] volume service is down. (host: rack09-server62@lvm-1)
2023-01-18 10:40:47.443 7 INFO cinder.scheduler.base_filter [None req-ce16593b-ac95-4962-93f2-d8123b8c70e6 ee720034e7c34951a81e154bf63da156 10c14980698743979d801855d563ebe1 - - - -] Filtering removed all hosts for the request with volume ID '15a3cc7d-b286-4431-a6ec-1dd461bc0842'. Filter results: AvailabilityZoneFilter: (start: 1, end: 1), CapacityFilter: (start: 1, end: 1), CapabilitiesFilter: (start: 1, end: 0)
2023-01-18 10:40:47.443 7 WARNING cinder.scheduler.filter_scheduler [None req-ce16593b-ac95-4962-93f2-d8123b8c70e6 ee720034e7c34951a81e154bf63da156 10c14980698743979d801855d563ebe1 - - - -] No weighed backend found for volume with properties: {'id': 'd631816e-fd37-4402-99ba-18c1643d0478', 'name': 'tempest-UserMessagesTest-volume-type-1486927467', 'description': None, 'is_public': True, 'projects': [], 'extra_specs': {'storage_protocol': 'tempest-storage_protocol-505794460', 'vendor_name': 'tempest-vendor_name-465245778'}, 'qos_specs_id': None, 'created_at': '2023-01-18T10:40:46.000000', 'updated_at': None, 'deleted_at': None, 'deleted': False}
2023-01-18 10:40:47.444 7 INFO cinder.message.api [None req-ce16593b-ac95-4962-93f2-d8123b8c70e6 ee720034e7c34951a81e154bf63da156 10c14980698743979d801855d563ebe1 - - - -] Creating message record for request_id = req-ce16593b-ac95-4962-93f2-d8123b8c70e6
2023-01-18 10:40:47.451 7 ERROR cinder.scheduler.flows.create_volume [None req-ce16593b-ac95-4962-93f2-d8123b8c70e6 ee720034e7c34951a81e154bf63da156 10c14980698743979d801855d563ebe1 - - - -] Failed to run task cinder.scheduler.flows.create_volume.ScheduleCreateVolumeTask;volume:create: No valid backend was found. No weighed backends available: cinder.exception.NoValidBackend: No valid backend was found. No weighed backends available
2023-01-18 10:40:48.917 7 WARNING cinder.scheduler.host_manager [None req-fc38a967-622f-4532-9bd0-7421f970b068 ee720034e7c34951a81e154bf63da156 10c14980698743979d801855d563ebe1 - - - -] volume service is down. (host: rack09-server62@lvm-1)
2023-01-18 10:40:48.918 7 INFO cinder.scheduler.base_filter [None req-fc38a967-622f-4532-9bd0-7421f970b068 ee720034e7c34951a81e154bf63da156 10c14980698743979d801855d563ebe1 - - - -] Filtering removed all hosts for the request with volume ID '466e9664-b106-4d69-bc22-19ef616baea9'. Filter results: AvailabilityZoneFilter: (start: 1, end: 1), CapacityFilter: (start: 1, end: 1), CapabilitiesFilter: (start: 1, end: 0)
2023-01-18 10:40:48.918 7 WARNING cinder.scheduler.filter_scheduler [None req-fc38a967-622f-4532-9bd0-7421f970b068 ee720034e7c34951a81e154bf63da156 10c14980698743979d801855d563ebe1 - - - -] No weighed backend found for volume with properties: {'id': '4a74d519-51b8-42b8-9a62-06d41ab1f6b2', 'name': 'tempest-UserMessagesTest-volume-type-722705588', 'description': None, 'is_public': True, 'projects': [], 'extra_specs': {'storage_protocol': 'tempest-storage_protocol-515864032', 'vendor_name': 'tempest-vendor_name-377479467'}, 'qos_specs_id': None, 'created_at': '2023-01-18T10:40:48.000000', 'updated_at': None, 'deleted_at': None, 'deleted': False}
2023-01-18 10:40:48.918 7 INFO cinder.message.api [None req-fc38a967-622f-4532-9bd0-7421f970b068 ee720034e7c34951a81e154bf63da156 10c14980698743979d801855d563ebe1 - - - -] Creating message record for request_id = req-fc38a967-622f-4532-9bd0-7421f970b068
2023-01-18 10:40:48.923 7 ERROR cinder.scheduler.flows.create_volume [None req-fc38a967-622f-4532-9bd0-7421f970b068 ee720034e7c34951a81e154bf63da156 10c14980698743979d801855d563ebe1 - - - -] Failed to run task cinder.scheduler.flows.create_volume.ScheduleCreateVolumeTask;volume:create: No valid backend was found. No weighed backends available: cinder.exception.NoValidBackend: No valid backend was found. No weighed backends available
2023-01-18 10:40:57.370 7 WARNING cinder.scheduler.host_manager [None req-260b286b-2c73-4c21-b90d-ea612308cfeb 518ead1dde274411a3ddac1f6ac15670 e480849237ad43b6bf6c0eb2fb519b14 - - - -] volume service is down. (host: rack09-server62@lvm-1)
2023-01-18 10:41:00.954 7 WARNING cinder.scheduler.host_manager [None req-58e9bd9c-1241-4537-91e0-834f6ed1964c 518ead1dde274411a3ddac1f6ac15670 e480849237ad43b6bf6c0eb2fb519b14 - - - -] volume service is down. (host: rack09-server62@lvm-1)
2023-01-18 10:41:11.065 7 WARNING cinder.scheduler.host_manager [None req-311a1b21-09eb-42a5-89ed-37ffabc35d79 027d725e98dd49ab9d11ed9e1f45db81 bc0510cd6e2f4ebb9aa9c0ef5d3f3b59 - - - -] volume service is down. (host: rack09-server62@lvm-1)
2023-01-18 10:41:13.468 7 WARNING cinder.scheduler.host_manager [None req-4cd9f6fe-e140-42d5-91f0-d8ef345ea0f7 027d725e98dd49ab9d11ed9e1f45db81 bc0510cd6e2f4ebb9aa9c0ef5d3f3b59 - - - -] volume service is down. (host: rack09-server62@lvm-1)
2023-01-18 10:41:13.469 7 WARNING oslo_messaging.rpc.client [None req-4cd9f6fe-e140-42d5-91f0-d8ef345ea0f7 027d725e98dd49ab9d11ed9e1f45db81 bc0510cd6e2f4ebb9aa9c0ef5d3f3b59 - - - -] Using RPCClient manually to instantiate client. Please use get_rpc_client to obtain an RPC client instance.
2023-01-18 10:41:25.770 7 WARNING cinder.scheduler.host_manager [None req-aba6ecfd-b9a3-46ef-9e1f-eacc0b86d00f 2188421d16d546f497967797f0d1d053 8ead14e7b94742d995fbd174d46868bd - - - -] volume service is down. (host: rack09-server62@lvm-1)
2023-01-18 10:41:28.219 7 WARNING cinder.scheduler.host_manager [None req-ced1cb8b-41bc-4e28-a9ba-4ac81bf0e507 2188421d16d546f497967797f0d1d053 8ead14e7b94742d995fbd174d46868bd - - - -] volume service is down. (host: rack09-server62@lvm-1)
2023-01-18 10:41:30.647 7 WARNING cinder.scheduler.host_manager [None req-03cf2359-0725-4ce1-aa13-ef55deaa408a 2188421d16d546f497967797f0d1d053 8ead14e7b94742d995fbd174d46868bd - - - -] volume service is down. (host: rack09-server62@lvm-1)
2023-01-18 10:41:33.212 7 WARNING cinder.scheduler.host_manager [None req-0ccd329f-1c8f-4f60-9eb9-f787a7e85cd5 ff7045cdd25c4481b7c83ab4f9daf401 ab5df5d22984468eb1df83d7147a6bc5 - - - -] volume service is down. (host: rack09-server62@lvm-1)
2023-01-18 10:41:44.930 7 WARNING cinder.scheduler.host_manager [None req-0fe577b8-8a62-40a7-8ea1-e1bd54e56efe be4699097b8749448e0a50657470a828 0c7e1c6cc0804bdbaa5c8578d19019e7 - - - -] volume service is down. (host: rack09-server62@lvm-1)
2023-01-18 10:41:47.220 7 WARNING cinder.scheduler.host_manager [None req-1663de1e-36cc-4200-a4df-3838bd0d976c be4699097b8749448e0a50657470a828 0c7e1c6cc0804bdbaa5c8578d19019e7 - - - -] volume service is down. (host: rack09-server62@lvm-1)
2023-01-18 10:41:47.221 7 WARNING oslo_messaging.rpc.client [None req-1663de1e-36cc-4200-a4df-3838bd0d976c be4699097b8749448e0a50657470a828 0c7e1c6cc0804bdbaa5c8578d19019e7 - - - -] Using RPCClient manually to instantiate client. Please use get_rpc_client to obtain an RPC client instance.
2023-01-18 10:41:56.818 7 WARNING cinder.scheduler.host_manager [None req-9e3e2de5-5568-4eaa-8ce5-140549bc253d d8ee99ac3882437c9300a6ba11ffa72c d69c0079b8a94fccacee0282c485b546 - - - -] volume service is down. (host: rack09-server62@lvm-1)
2023-01-18 10:42:02.370 7 WARNING cinder.scheduler.host_manager [None req-18a27c4a-f1ad-4359-abe7-2d2e32fc9a70 5c8f616146754ad1ab4617447ae9e767 7e3daa2086594bff9c4b3219d1718dcb - - - -] volume service is down. (host: rack09-server62@lvm-1)
2023-01-18 10:42:11.145 7 WARNING cinder.scheduler.host_manager [None req-7cffdad6-c2e6-4c80-a64b-35d1c4639208 02dc14b6af8f44c2a63a26c2226dfd95 646701a7cc534e0fa3e1dc584917ca4d - - - -] volume service is down. (host: rack09-server62@lvm-1)
2023-01-18 10:42:14.548 7 WARNING cinder.scheduler.host_manager [None req-f9e1c48d-b92c-4543-bd13-c86e1fe46ec1 02dc14b6af8f44c2a63a26c2226dfd95 646701a7cc534e0fa3e1dc584917ca4d - - - -] volume service is down. (host: rack09-server62@lvm-1)
2023-01-18 10:42:21.755 7 WARNING cinder.scheduler.host_manager [None req-7655ec6d-cd8d-4507-b094-59db30c2a4f4 81fa862451f24cecbb80697c42c47cfe 684ab4901d9c4c2993417a779c465bc7 - - - -] volume service is down. (host: rack09-server62@lvm-1)
2023-01-18 10:42:57.969 7 WARNING cinder.scheduler.host_manager [None req-ca8d806b-87c8-4990-a118-c9814e53cd3e c73a15b503094b8d82b81d90469d3e9d d988d1e1ddec4da6acbe64bd8e82ed98 - - - -] volume service is down. (host: rack09-server62@lvm-1)
2023-01-18 10:43:09.765 7 WARNING cinder.scheduler.host_manager [None req-2e1fdf08-181c-4627-b381-03409f877b92 c73a15b503094b8d82b81d90469d3e9d d988d1e1ddec4da6acbe64bd8e82ed98 - - - -] volume service is down. (host: rack09-server62@lvm-1)
2023-01-18 10:43:09.766 7 WARNING oslo_messaging.rpc.client [None req-2e1fdf08-181c-4627-b381-03409f877b92 c73a15b503094b8d82b81d90469d3e9d d988d1e1ddec4da6acbe64bd8e82ed98 - - - -] Using RPCClient manually to instantiate client. Please use get_rpc_client to obtain an RPC client instance.
2023-01-18 10:43:11.168 7 WARNING cinder.scheduler.host_manager [None req-a553b3fc-960d-4afd-83a6-8e6eb9628965 c73a15b503094b8d82b81d90469d3e9d d988d1e1ddec4da6acbe64bd8e82ed98 - - - -] volume service is down. (host: rack09-server62@lvm-1)
2023-01-18 10:43:13.456 7 WARNING cinder.scheduler.host_manager [None req-ced0804a-dd9e-4dba-85b7-c7a4e2361e7a c73a15b503094b8d82b81d90469d3e9d d988d1e1ddec4da6acbe64bd8e82ed98 - - - -] volume service is down. (host: rack09-server62@lvm-1)
2023-01-18 10:43:13.457 7 WARNING oslo_messaging.rpc.client [None req-ced0804a-dd9e-4dba-85b7-c7a4e2361e7a c73a15b503094b8d82b81d90469d3e9d d988d1e1ddec4da6acbe64bd8e82ed98 - - - -] Using RPCClient manually to instantiate client. Please use get_rpc_client to obtain an RPC client instance.
2023-01-18 10:43:15.676 7 WARNING cinder.scheduler.host_manager [None req-36623904-5cd9-4d9f-88e7-5e9cd10e1b34 c73a15b503094b8d82b81d90469d3e9d d988d1e1ddec4da6acbe64bd8e82ed98 - - - -] volume service is down. (host: rack09-server62@lvm-1)
2023-01-18 10:43:15.677 7 WARNING oslo_messaging.rpc.client [None req-36623904-5cd9-4d9f-88e7-5e9cd10e1b34 c73a15b503094b8d82b81d90469d3e9d d988d1e1ddec4da6acbe64bd8e82ed98 - - - -] Using RPCClient manually to instantiate client. Please use get_rpc_client to obtain an RPC client instance.
2023-01-18 10:43:23.288 7 WARNING cinder.scheduler.host_manager [None req-2ced39ff-2e15-4aeb-b3a3-d95f38b5a61e be731b6b6e07477a99f16cd333412d0b 15cd76f120a64a63a307eb80a1fe61df - - - -] volume service is down. (host: rack09-server62@lvm-1)
2023-01-18 10:43:31.253 7 WARNING cinder.scheduler.host_manager [None req-ef734471-276d-42dd-9a62-3ea9f8eebe54 be731b6b6e07477a99f16cd333412d0b 15cd76f120a64a63a307eb80a1fe61df - - - -] volume service is down. (host: rack09-server62@lvm-1)
2023-01-18 10:43:46.687 7 WARNING cinder.scheduler.host_manager [None req-267e5dff-f1ff-4c17-b804-47936a647213 be731b6b6e07477a99f16cd333412d0b 15cd76f120a64a63a307eb80a1fe61df - - - -] volume service is down. (host: rack09-server62@lvm-1)
2023-01-18 10:43:46.688 7 WARNING oslo_messaging.rpc.client [None req-267e5dff-f1ff-4c17-b804-47936a647213 be731b6b6e07477a99f16cd333412d0b 15cd76f120a64a63a307eb80a1fe61df - - - -] Using RPCClient manually to instantiate client. Please use get_rpc_client to obtain an RPC client instance.
2023-01-18 10:43:53.085 7 WARNING cinder.scheduler.host_manager [None req-63724d84-c2c7-4d45-a69f-80d36c04243b be731b6b6e07477a99f16cd333412d0b 15cd76f120a64a63a307eb80a1fe61df - - - -] volume service is down. (host: rack09-server62@lvm-1)
2023-01-18 10:43:53.086 7 WARNING oslo_messaging.rpc.client [None req-63724d84-c2c7-4d45-a69f-80d36c04243b be731b6b6e07477a99f16cd333412d0b 15cd76f120a64a63a307eb80a1fe61df - - - -] Using RPCClient manually to instantiate client. Please use get_rpc_client to obtain an RPC client instance.
2023-01-18 10:43:55.331 7 WARNING cinder.scheduler.host_manager [None req-5c046dc6-1aa1-477d-8b14-9281b1f2b66e be731b6b6e07477a99f16cd333412d0b 15cd76f120a64a63a307eb80a1fe61df - - - -] volume service is down. (host: rack09-server62@lvm-1)
2023-01-18 10:43:55.332 7 WARNING oslo_messaging.rpc.client [None req-5c046dc6-1aa1-477d-8b14-9281b1f2b66e be731b6b6e07477a99f16cd333412d0b 15cd76f120a64a63a307eb80a1fe61df - - - -] Using RPCClient manually to instantiate client. Please use get_rpc_client to obtain an RPC client instance.
2023-01-18 10:44:04.677 7 WARNING cinder.scheduler.host_manager [None req-17f74a0d-6e71-45ee-9ceb-8ed4f4b3a65f be731b6b6e07477a99f16cd333412d0b 15cd76f120a64a63a307eb80a1fe61df - - - -] volume service is down. (host: rack09-server62@lvm-1)
2023-01-18 10:44:04.678 7 WARNING oslo_messaging.rpc.client [None req-17f74a0d-6e71-45ee-9ceb-8ed4f4b3a65f be731b6b6e07477a99f16cd333412d0b 15cd76f120a64a63a307eb80a1fe61df - - - -] Using RPCClient manually to instantiate client. Please use get_rpc_client to obtain an RPC client instance.
2023-01-18 10:44:08.200 7 WARNING cinder.scheduler.host_manager [None req-5f782b56-3bce-466f-811a-d0682b88bd6c be731b6b6e07477a99f16cd333412d0b 15cd76f120a64a63a307eb80a1fe61df - - - -] volume service is down. (host: rack09-server62@lvm-1)
2023-01-18 10:44:08.201 7 WARNING oslo_messaging.rpc.client [None req-5f782b56-3bce-466f-811a-d0682b88bd6c be731b6b6e07477a99f16cd333412d0b 15cd76f120a64a63a307eb80a1fe61df - - - -] Using RPCClient manually to instantiate client. Please use get_rpc_client to obtain an RPC client instance.
2023-01-18 10:44:17.197 7 WARNING cinder.scheduler.host_manager [None req-67d1bf25-d7cf-4968-b0c7-393a86664422 be731b6b6e07477a99f16cd333412d0b 15cd76f120a64a63a307eb80a1fe61df - - - -] volume service is down. (host: rack09-server62@lvm-1)
2023-01-18 10:44:17.198 7 WARNING oslo_messaging.rpc.client [None req-67d1bf25-d7cf-4968-b0c7-393a86664422 be731b6b6e07477a99f16cd333412d0b 15cd76f120a64a63a307eb80a1fe61df - - - -] Using RPCClient manually to instantiate client. Please use get_rpc_client to obtain an RPC client instance.
2023-01-18 10:44:19.453 7 WARNING cinder.scheduler.host_manager [None req-70437e37-2460-43a9-aa33-28227bc47521 be731b6b6e07477a99f16cd333412d0b 15cd76f120a64a63a307eb80a1fe61df - - - -] volume service is down. (host: rack09-server62@lvm-1)
2023-01-18 10:44:19.454 7 WARNING oslo_messaging.rpc.client [None req-70437e37-2460-43a9-aa33-28227bc47521 be731b6b6e07477a99f16cd333412d0b 15cd76f120a64a63a307eb80a1fe61df - - - -] Using RPCClient manually to instantiate client. Please use get_rpc_client to obtain an RPC client instance.
2023-01-18 10:44:28.823 7 WARNING cinder.scheduler.host_manager [None req-83947c7e-d599-40fd-9877-b79a433a5a18 be731b6b6e07477a99f16cd333412d0b 15cd76f120a64a63a307eb80a1fe61df - - - -] volume service is down. (host: rack09-server62@lvm-1)
2023-01-18 10:44:31.103 7 WARNING cinder.scheduler.host_manager [None req-c8955e86-b51c-4c35-b5b0-2ab9b18909f3 be731b6b6e07477a99f16cd333412d0b 15cd76f120a64a63a307eb80a1fe61df - - - -] volume service is down. (host: rack09-server62@lvm-1)
2023-01-18 10:44:31.104 7 WARNING oslo_messaging.rpc.client [None req-c8955e86-b51c-4c35-b5b0-2ab9b18909f3 be731b6b6e07477a99f16cd333412d0b 15cd76f120a64a63a307eb80a1fe61df - - - -] Using RPCClient manually to instantiate client. Please use get_rpc_client to obtain an RPC client instance.
2023-01-18 10:44:33.465 7 WARNING cinder.scheduler.host_manager [None req-0665accb-d92e-4647-b2c4-37f2e1c07e16 be731b6b6e07477a99f16cd333412d0b 15cd76f120a64a63a307eb80a1fe61df - - - -] volume service is down. (host: rack09-server62@lvm-1)
2023-01-18 10:44:37.041 7 WARNING cinder.scheduler.host_manager [None req-10aeb39d-7e2a-44ab-bbcc-e0528221ba3d be731b6b6e07477a99f16cd333412d0b 15cd76f120a64a63a307eb80a1fe61df - - - -] volume service is down. (host: rack09-server62@lvm-1)
2023-01-18 10:44:39.328 7 WARNING cinder.scheduler.host_manager [None req-9b75ee4e-39f6-4f5f-9288-64c7e659a384 be731b6b6e07477a99f16cd333412d0b 15cd76f120a64a63a307eb80a1fe61df - - - -] volume service is down. (host: rack09-server62@lvm-1)
2023-01-18 10:44:39.330 7 WARNING oslo_messaging.rpc.client [None req-9b75ee4e-39f6-4f5f-9288-64c7e659a384 be731b6b6e07477a99f16cd333412d0b 15cd76f120a64a63a307eb80a1fe61df - - - -] Using RPCClient manually to instantiate client. Please use get_rpc_client to obtain an RPC client instance.
2023-01-18 10:44:41.739 7 WARNING cinder.scheduler.host_manager [None req-48b5b7d1-6917-47aa-8530-d125552428a3 be731b6b6e07477a99f16cd333412d0b 15cd76f120a64a63a307eb80a1fe61df - - - -] volume service is down. (host: rack09-server62@lvm-1)
2023-01-18 10:45:00.721 7 WARNING cinder.scheduler.host_manager [None req-06c8e736-e8c8-4259-aa70-4b81f91ed91b 23e2039307d44911ae603589184258d3 d73d78fa7ebf475aaede27e1ca33852e - - - -] volume service is down. (host: rack09-server62@lvm-1)
2023-01-18 10:45:00.745 7 WARNING cinder.scheduler.host_manager [None req-99acd2e4-006d-4081-bc8c-5af64144936a 23ca2086de9748af8e2d8679373c2634 95b2e2bdfe34410bb53fcd81e11146f0 - - - -] volume service is down. (host: rack09-server62@lvm-1)
2023-01-18 10:45:01.766 7 WARNING cinder.scheduler.host_manager [None req-965622d9-91ad-477b-9f4d-d4ce8139f729 d5381d5b8209437489a3088e1741d0d5 9745eeae76aa4806adcff8eb9bc7dc85 - - - -] volume service is down. (host: rack09-server62@lvm-1)
2023-01-18 10:45:01.963 7 WARNING cinder.scheduler.host_manager [None req-013150b6-477d-4f69-b154-a5edc43c1d18 d5381d5b8209437489a3088e1741d0d5 9745eeae76aa4806adcff8eb9bc7dc85 - - - -] volume service is down. (host: rack09-server62@lvm-1)
2023-01-18 10:45:02.033 7 WARNING cinder.scheduler.host_manager [None req-30871184-a26e-44ce-a10f-4b039595679e 23ca2086de9748af8e2d8679373c2634 95b2e2bdfe34410bb53fcd81e11146f0 - - - -] volume service is down. (host: rack09-server62@lvm-1)
2023-01-18 10:45:02.184 7 WARNING cinder.scheduler.host_manager [None req-6238ae1f-3422-41a3-8310-d2ee181c0dc8 d5381d5b8209437489a3088e1741d0d5 9745eeae76aa4806adcff8eb9bc7dc85 - - - -] volume service is down. (host: rack09-server62@lvm-1)
2023-01-18 10:45:02.246 7 WARNING cinder.scheduler.host_manager [None req-6b2c418b-9cfc-49cd-8750-2436f8937b4d 23ca2086de9748af8e2d8679373c2634 95b2e2bdfe34410bb53fcd81e11146f0 - - - -] volume service is down. (host: rack09-server62@lvm-1)
2023-01-18 10:45:02.362 7 WARNING cinder.scheduler.host_manager [None req-891727ad-e240-47ff-8eed-a643f4b03320 d5381d5b8209437489a3088e1741d0d5 9745eeae76aa4806adcff8eb9bc7dc85 - - - -] volume service is down. (host: rack09-server62@lvm-1)
2023-01-18 10:45:02.426 7 WARNING cinder.scheduler.host_manager [None req-ad1553aa-95c3-4025-be8f-429be333a0e6 23ca2086de9748af8e2d8679373c2634 95b2e2bdfe34410bb53fcd81e11146f0 - - - -] volume service is down. (host: rack09-server62@lvm-1)
2023-01-18 10:45:02.555 7 WARNING cinder.scheduler.host_manager [None req-255989a3-522a-4b12-9455-d8bbca444284 d5381d5b8209437489a3088e1741d0d5 9745eeae76aa4806adcff8eb9bc7dc85 - - - -] volume service is down. (host: rack09-server62@lvm-1)
2023-01-18 10:45:02.616 7 WARNING cinder.scheduler.host_manager [None req-2b0f32ba-f2e6-4c3e-b053-034b96fa28a4 23ca2086de9748af8e2d8679373c2634 95b2e2bdfe34410bb53fcd81e11146f0 - - - -] volume service is down. (host: rack09-server62@lvm-1)
2023-01-18 10:45:02.777 7 WARNING cinder.scheduler.host_manager [None req-709ecf37-53ec-4c37-bdfa-dc8567bf5341 23ca2086de9748af8e2d8679373c2634 95b2e2bdfe34410bb53fcd81e11146f0 - - - -] volume service is down. (host: rack09-server62@lvm-1)
2023-01-18 10:45:03.090 7 WARNING cinder.scheduler.host_manager [None req-26b50502-d8de-4d0f-9597-6329b1062739 23e2039307d44911ae603589184258d3 d73d78fa7ebf475aaede27e1ca33852e - - - -] volume service is down. (host: rack09-server62@lvm-1)
2023-01-18 10:45:05.425 7 WARNING cinder.scheduler.host_manager [None req-acfa8584-724f-4594-a739-80c99de6796b 23e2039307d44911ae603589184258d3 d73d78fa7ebf475aaede27e1ca33852e - - - -] volume service is down. (host: rack09-server62@lvm-1)
2023-01-18 10:45:05.426 7 WARNING oslo_messaging.rpc.client [None req-acfa8584-724f-4594-a739-80c99de6796b 23e2039307d44911ae603589184258d3 d73d78fa7ebf475aaede27e1ca33852e - - - -] Using RPCClient manually to instantiate client. Please use get_rpc_client to obtain an RPC client instance.
2023-01-18 10:45:12.586 7 WARNING cinder.scheduler.host_manager [None req-1e8573af-0b4e-4a4d-9ba8-d59fdea6014e 1a01b6fc50f545f58d3d36608b632698 3eb24a1ead3e4d8b9d12cec2d6492fae - - - -] volume service is down. (host: rack09-server62@lvm-1)
2023-01-18 10:45:14.895 7 WARNING cinder.scheduler.host_manager [None req-3842b2a9-3c7f-4872-a27f-2218b87512ea 1a01b6fc50f545f58d3d36608b632698 3eb24a1ead3e4d8b9d12cec2d6492fae - - - -] volume service is down. (host: rack09-server62@lvm-1)
2023-01-18 10:45:14.896 7 WARNING oslo_messaging.rpc.client [None req-3842b2a9-3c7f-4872-a27f-2218b87512ea 1a01b6fc50f545f58d3d36608b632698 3eb24a1ead3e4d8b9d12cec2d6492fae - - - -] Using RPCClient manually to instantiate client. Please use get_rpc_client to obtain an RPC client instance.
2023-01-18 10:45:17.238 7 WARNING cinder.scheduler.host_manager [None req-ad5dc480-c820-40a8-82de-75d1bb09aeb0 1a01b6fc50f545f58d3d36608b632698 3eb24a1ead3e4d8b9d12cec2d6492fae - - - -] volume service is down. (host: rack09-server62@lvm-1)
2023-01-18 10:45:17.419 7 WARNING cinder.scheduler.host_manager [None req-42947f8e-2464-42d7-9ef2-3975ac423e2f 1a01b6fc50f545f58d3d36608b632698 3eb24a1ead3e4d8b9d12cec2d6492fae - - - -] volume service is down. (host: rack09-server62@lvm-1)
2023-01-18 10:45:17.629 7 WARNING cinder.scheduler.host_manager [None req-b03b2d36-a82e-4182-b06b-0f09ca9f91ac 1a01b6fc50f545f58d3d36608b632698 3eb24a1ead3e4d8b9d12cec2d6492fae - - - -] volume service is down. (host: rack09-server62@lvm-1)
2023-01-18 10:45:17.829 7 WARNING cinder.scheduler.host_manager [None req-9c2c0fd5-4a98-41e9-a969-ca854c31b1f4 1a01b6fc50f545f58d3d36608b632698 3eb24a1ead3e4d8b9d12cec2d6492fae - - - -] volume service is down. (host: rack09-server62@lvm-1)
2023-01-18 10:45:18.035 7 WARNING cinder.scheduler.host_manager [None req-5b2dbaf4-bbd5-43d7-a24f-54f942595519 1a01b6fc50f545f58d3d36608b632698 3eb24a1ead3e4d8b9d12cec2d6492fae - - - -] volume service is down. (host: rack09-server62@lvm-1)
