Build Started 17_10_2022_12_48_07
2022-10-17 12:50:06.610 7 WARNING cinder.scheduler.host_manager [None req-6ecfdf69-7f27-4deb-b388-523d006e441d 5e2a46da6806458980feb17933d00429 13d2311744d74081ac1ec4dfcfadfad0 - - - -] volume service is down. (host: rack05-server64@lvm-1)
2022-10-17 12:50:06.698 7 WARNING cinder.scheduler.host_manager [req-da4b0784-5521-47aa-a44b-a8ce426d21f0 req-a7bef9a1-7412-415a-853b-24662b8dd968 7465ca0e5afb40d2ba1af9a5f18596e7 92b549fe128c4a6b9c68ef5125394d42 - - - -] volume service is down. (host: rack05-server64@lvm-1)
2022-10-17 12:50:06.778 7 WARNING cinder.scheduler.host_manager [None req-a5b32ddb-7179-4f21-88cf-6288eeaa6e50 666eb0afa32a474d9fde81f5c605634b bd43eff61f1d4cb9bb288ae00d375fed - - - -] volume service is down. (host: rack05-server64@lvm-1)
2022-10-17 12:50:08.093 7 WARNING cinder.scheduler.host_manager [None req-9a50d8fc-6e03-46d6-9314-6939a4ca03ab 5e2a46da6806458980feb17933d00429 13d2311744d74081ac1ec4dfcfadfad0 - - - -] volume service is down. (host: rack05-server64@lvm-1)
2022-10-17 12:50:09.485 7 WARNING cinder.scheduler.host_manager [None req-b7a3e19b-83ce-4495-8548-6fe439ad87d2 5e2a46da6806458980feb17933d00429 13d2311744d74081ac1ec4dfcfadfad0 - - - -] volume service is down. (host: rack05-server64@lvm-1)
2022-10-17 12:50:13.879 7 WARNING cinder.scheduler.host_manager [None req-c59c9ff9-f792-40d7-a2b3-9c5cc65c3aac 089b33a6aa104dd8bb91f60e52daf951 46b069d6b97c470f9c8f4d9be0091c6e - - - -] volume service is down. (host: rack05-server64@lvm-1)
2022-10-17 12:50:13.886 7 WARNING cinder.scheduler.host_manager [None req-c59c9ff9-f792-40d7-a2b3-9c5cc65c3aac 089b33a6aa104dd8bb91f60e52daf951 46b069d6b97c470f9c8f4d9be0091c6e - - - -] volume service is down. (host: rack05-server64@lvm-1)
2022-10-17 12:50:15.279 7 WARNING cinder.scheduler.host_manager [None req-21898617-2d02-41ae-af4d-10155c48e62b 089b33a6aa104dd8bb91f60e52daf951 46b069d6b97c470f9c8f4d9be0091c6e - - - -] volume service is down. (host: rack05-server64@lvm-1)
2022-10-17 12:50:19.984 7 WARNING cinder.scheduler.host_manager [None req-49b33e70-5573-42bd-94ba-8ae30763437f 089b33a6aa104dd8bb91f60e52daf951 46b069d6b97c470f9c8f4d9be0091c6e - - - -] volume service is down. (host: rack05-server64@lvm-1)
2022-10-17 12:50:21.753 7 WARNING cinder.scheduler.host_manager [None req-4e600b0b-7149-447c-83ef-507b0d4d9ee3 07bd733e07eb4b4d85130dbdb736bb01 b4e3dabf083d404f8c6bc9171c869d06 - - - -] volume service is down. (host: rack05-server64@lvm-1)
2022-10-17 12:50:21.792 7 WARNING cinder.scheduler.host_manager [None req-35025108-60cd-47b2-8343-579d08059cda 07bd733e07eb4b4d85130dbdb736bb01 b4e3dabf083d404f8c6bc9171c869d06 - - - -] volume service is down. (host: rack05-server64@lvm-1)
2022-10-17 12:50:25.652 7 WARNING cinder.scheduler.host_manager [None req-aa6d1f53-9905-4d4e-94b5-af5ccee59ba3 089b33a6aa104dd8bb91f60e52daf951 46b069d6b97c470f9c8f4d9be0091c6e - - - -] volume service is down. (host: rack05-server64@lvm-1)
2022-10-17 12:50:25.658 7 WARNING cinder.scheduler.host_manager [None req-aa6d1f53-9905-4d4e-94b5-af5ccee59ba3 089b33a6aa104dd8bb91f60e52daf951 46b069d6b97c470f9c8f4d9be0091c6e - - - -] volume service is down. (host: rack05-server64@lvm-1)
2022-10-17 12:50:26.754 7 WARNING cinder.scheduler.host_manager [None req-a3dec60f-821d-40fd-823f-c263e6d6de8a 2f4f30b9014247568aa264333f50e568 34546b3792b442e58ac4d73b2aa8283e - - - -] volume service is down. (host: rack05-server64@lvm-1)
2022-10-17 12:50:26.761 7 WARNING cinder.scheduler.host_manager [None req-a3dec60f-821d-40fd-823f-c263e6d6de8a 2f4f30b9014247568aa264333f50e568 34546b3792b442e58ac4d73b2aa8283e - - - -] volume service is down. (host: rack05-server64@lvm-1)
2022-10-17 12:50:27.025 7 WARNING cinder.scheduler.host_manager [None req-1b596441-870e-4c82-beb5-3e056711a400 089b33a6aa104dd8bb91f60e52daf951 46b069d6b97c470f9c8f4d9be0091c6e - - - -] volume service is down. (host: rack05-server64@lvm-1)
2022-10-17 12:50:27.941 7 WARNING cinder.scheduler.host_manager [None req-f1c84740-0e4f-46f5-9e6c-ca4f0241f4f1 2f4f30b9014247568aa264333f50e568 34546b3792b442e58ac4d73b2aa8283e - - - -] volume service is down. (host: rack05-server64@lvm-1)
2022-10-17 12:50:27.948 7 WARNING cinder.scheduler.host_manager [None req-f1c84740-0e4f-46f5-9e6c-ca4f0241f4f1 2f4f30b9014247568aa264333f50e568 34546b3792b442e58ac4d73b2aa8283e - - - -] volume service is down. (host: rack05-server64@lvm-1)
2022-10-17 12:50:29.370 7 WARNING cinder.scheduler.host_manager [None req-b6507cdb-3cdc-4e0f-84a9-508c44325510 2f4f30b9014247568aa264333f50e568 34546b3792b442e58ac4d73b2aa8283e - - - -] volume service is down. (host: rack05-server64@lvm-1)
2022-10-17 12:50:29.523 7 WARNING cinder.scheduler.host_manager [None req-20a295a9-3c55-49d0-bb1c-ccacb3abaf96 089b33a6aa104dd8bb91f60e52daf951 46b069d6b97c470f9c8f4d9be0091c6e - - - -] volume service is down. (host: rack05-server64@lvm-1)
2022-10-17 12:50:34.681 7 WARNING cinder.scheduler.host_manager [None req-8e587886-9ff7-4d39-bae0-e91c0952dc22 2f4f30b9014247568aa264333f50e568 34546b3792b442e58ac4d73b2aa8283e - - - -] volume service is down. (host: rack05-server64@lvm-1)
2022-10-17 12:50:34.691 7 WARNING cinder.scheduler.host_manager [None req-8e587886-9ff7-4d39-bae0-e91c0952dc22 2f4f30b9014247568aa264333f50e568 34546b3792b442e58ac4d73b2aa8283e - - - -] volume service is down. (host: rack05-server64@lvm-1)
2022-10-17 12:50:36.047 7 WARNING cinder.scheduler.host_manager [None req-5eeecca1-cdff-4190-b461-854452bdae75 2f4f30b9014247568aa264333f50e568 34546b3792b442e58ac4d73b2aa8283e - - - -] volume service is down. (host: rack05-server64@lvm-1)
2022-10-17 12:50:36.665 7 WARNING cinder.scheduler.host_manager [None req-7bb30fac-15f8-4238-a2d0-6a670062afcc 666eb0afa32a474d9fde81f5c605634b bd43eff61f1d4cb9bb288ae00d375fed - - - -] volume service is down. (host: rack05-server64@lvm-1)
2022-10-17 12:50:38.550 7 WARNING cinder.scheduler.host_manager [None req-96a207f4-b6fd-4c9f-8a4d-f5a319a3c56f 2f4f30b9014247568aa264333f50e568 34546b3792b442e58ac4d73b2aa8283e - - - -] volume service is down. (host: rack05-server64@lvm-1)
2022-10-17 12:50:42.834 7 WARNING cinder.scheduler.host_manager [None req-cbd30cb7-5a89-4c6d-ad95-58e672df8ce3 089b33a6aa104dd8bb91f60e52daf951 46b069d6b97c470f9c8f4d9be0091c6e - - - -] volume service is down. (host: rack05-server64@lvm-1)
2022-10-17 12:50:42.841 7 WARNING cinder.scheduler.host_manager [None req-cbd30cb7-5a89-4c6d-ad95-58e672df8ce3 089b33a6aa104dd8bb91f60e52daf951 46b069d6b97c470f9c8f4d9be0091c6e - - - -] volume service is down. (host: rack05-server64@lvm-1)
2022-10-17 12:50:44.204 7 WARNING cinder.scheduler.host_manager [None req-539a30a1-badd-4fa7-82ee-916af9822358 089b33a6aa104dd8bb91f60e52daf951 46b069d6b97c470f9c8f4d9be0091c6e - - - -] volume service is down. (host: rack05-server64@lvm-1)
2022-10-17 12:50:50.065 7 WARNING cinder.scheduler.host_manager [None req-f0cd2387-0a8c-4c36-957c-c9a9cf654c14 59c23063546943828fe31b58f69c154d 0f834924d5bf4e4a92e1be501ec410f9 - - - -] volume service is down. (host: rack05-server64@lvm-1)
2022-10-17 12:50:50.065 7 INFO cinder.scheduler.base_filter [None req-f0cd2387-0a8c-4c36-957c-c9a9cf654c14 59c23063546943828fe31b58f69c154d 0f834924d5bf4e4a92e1be501ec410f9 - - - -] Filtering removed all hosts for the request with volume ID '6757a1f7-52fe-4708-be96-b01a737a974d'. Filter results: AvailabilityZoneFilter: (start: 1, end: 1), CapacityFilter: (start: 1, end: 1), CapabilitiesFilter: (start: 1, end: 0)
2022-10-17 12:50:50.066 7 WARNING cinder.scheduler.filter_scheduler [None req-f0cd2387-0a8c-4c36-957c-c9a9cf654c14 59c23063546943828fe31b58f69c154d 0f834924d5bf4e4a92e1be501ec410f9 - - - -] No weighed backend found for volume with properties: {'id': '2f187f27-4395-40b0-805b-5b1af1afd9c2', 'name': 'tempest-UserMessagesTest-volume-type-379525956', 'description': None, 'is_public': True, 'projects': [], 'extra_specs': {'storage_protocol': 'tempest-storage_protocol-1752783594', 'vendor_name': 'tempest-vendor_name-1716147210'}, 'qos_specs_id': None, 'created_at': '2022-10-17T12:50:49.000000', 'updated_at': None, 'deleted_at': None, 'deleted': False}
2022-10-17 12:50:50.066 7 INFO cinder.message.api [None req-f0cd2387-0a8c-4c36-957c-c9a9cf654c14 59c23063546943828fe31b58f69c154d 0f834924d5bf4e4a92e1be501ec410f9 - - - -] Creating message record for request_id = req-f0cd2387-0a8c-4c36-957c-c9a9cf654c14
2022-10-17 12:50:50.073 7 ERROR cinder.scheduler.flows.create_volume [None req-f0cd2387-0a8c-4c36-957c-c9a9cf654c14 59c23063546943828fe31b58f69c154d 0f834924d5bf4e4a92e1be501ec410f9 - - - -] Failed to run task cinder.scheduler.flows.create_volume.ScheduleCreateVolumeTask;volume:create: No valid backend was found. No weighed backends available: cinder.exception.NoValidBackend: No valid backend was found. No weighed backends available
2022-10-17 12:50:51.599 7 WARNING cinder.scheduler.host_manager [None req-c588df25-8d1b-4784-a1ee-c17780371512 59c23063546943828fe31b58f69c154d 0f834924d5bf4e4a92e1be501ec410f9 - - - -] volume service is down. (host: rack05-server64@lvm-1)
2022-10-17 12:50:51.600 7 INFO cinder.scheduler.base_filter [None req-c588df25-8d1b-4784-a1ee-c17780371512 59c23063546943828fe31b58f69c154d 0f834924d5bf4e4a92e1be501ec410f9 - - - -] Filtering removed all hosts for the request with volume ID '083e5eef-c309-45cf-8f55-ce66432365bf'. Filter results: AvailabilityZoneFilter: (start: 1, end: 1), CapacityFilter: (start: 1, end: 1), CapabilitiesFilter: (start: 1, end: 0)
2022-10-17 12:50:51.601 7 WARNING cinder.scheduler.filter_scheduler [None req-c588df25-8d1b-4784-a1ee-c17780371512 59c23063546943828fe31b58f69c154d 0f834924d5bf4e4a92e1be501ec410f9 - - - -] No weighed backend found for volume with properties: {'id': '12a0a457-9e35-41ac-bd8d-d0204cd7b28c', 'name': 'tempest-UserMessagesTest-volume-type-1969428587', 'description': None, 'is_public': True, 'projects': [], 'extra_specs': {'storage_protocol': 'tempest-storage_protocol-1982770600', 'vendor_name': 'tempest-vendor_name-1879526654'}, 'qos_specs_id': None, 'created_at': '2022-10-17T12:50:51.000000', 'updated_at': None, 'deleted_at': None, 'deleted': False}
2022-10-17 12:50:51.601 7 INFO cinder.message.api [None req-c588df25-8d1b-4784-a1ee-c17780371512 59c23063546943828fe31b58f69c154d 0f834924d5bf4e4a92e1be501ec410f9 - - - -] Creating message record for request_id = req-c588df25-8d1b-4784-a1ee-c17780371512
2022-10-17 12:50:51.608 7 ERROR cinder.scheduler.flows.create_volume [None req-c588df25-8d1b-4784-a1ee-c17780371512 59c23063546943828fe31b58f69c154d 0f834924d5bf4e4a92e1be501ec410f9 - - - -] Failed to run task cinder.scheduler.flows.create_volume.ScheduleCreateVolumeTask;volume:create: No valid backend was found. No weighed backends available: cinder.exception.NoValidBackend: No valid backend was found. No weighed backends available
2022-10-17 12:51:01.315 7 WARNING cinder.scheduler.host_manager [None req-1bdd9834-4152-4c92-88e3-0dd2355c8c2d 81e0ada7d2274d87be41f10bfcd67d46 57c792338ef94fd69d3bf6878961d1ef - - - -] volume service is down. (host: rack05-server64@lvm-1)
2022-10-17 12:51:01.322 7 WARNING cinder.scheduler.host_manager [None req-1bdd9834-4152-4c92-88e3-0dd2355c8c2d 81e0ada7d2274d87be41f10bfcd67d46 57c792338ef94fd69d3bf6878961d1ef - - - -] volume service is down. (host: rack05-server64@lvm-1)
2022-10-17 12:51:02.707 7 WARNING cinder.scheduler.host_manager [None req-4796aefa-c657-4a33-91a8-97ebd561107b 81e0ada7d2274d87be41f10bfcd67d46 57c792338ef94fd69d3bf6878961d1ef - - - -] volume service is down. (host: rack05-server64@lvm-1)
2022-10-17 12:51:02.769 7 WARNING cinder.scheduler.host_manager [None req-d048e884-8512-4b9f-b5c0-2feec89084b1 a77212f2500d472d9a8c8c3af6baf189 c7b3cae6e93b483a8281aae72fc429d1 - - - -] volume service is down. (host: rack05-server64@lvm-1)
2022-10-17 12:51:05.062 7 WARNING cinder.scheduler.host_manager [None req-e742857d-1f5c-446b-9de6-997531b2dccf 81e0ada7d2274d87be41f10bfcd67d46 57c792338ef94fd69d3bf6878961d1ef - - - -] volume service is down. (host: rack05-server64@lvm-1)
2022-10-17 12:51:13.649 7 WARNING cinder.scheduler.host_manager [None req-2938814f-0321-413e-8634-940fa7286671 19db571bf78f49fb8b9948b53f35a320 aa61fadac1fd4c30888cd8bf61943a6b - - - -] volume service is down. (host: rack05-server64@lvm-1)
2022-10-17 12:51:22.016 7 WARNING cinder.scheduler.host_manager [None req-27c911fa-45dd-4251-8c49-a5e12a23a533 033016bbb5894af3a4e2eeb7068097e9 44f9bab7f592495587f210c7ca43e5c0 - - - -] volume service is down. (host: rack05-server64@lvm-1)
2022-10-17 12:51:22.964 7 WARNING cinder.scheduler.host_manager [None req-cf0c4ea4-2339-4f85-9b6e-7a2ca4a12b65 a303ebe275ed4bf5b0b9722bee2a6dd7 0b945b41ee4d4d83a2f1c8483ea9624e - - - -] volume service is down. (host: rack05-server64@lvm-1)
2022-10-17 12:51:24.282 7 WARNING cinder.scheduler.host_manager [None req-b4d4433a-a9de-42f3-80d9-332dee43d507 a303ebe275ed4bf5b0b9722bee2a6dd7 0b945b41ee4d4d83a2f1c8483ea9624e - - - -] volume service is down. (host: rack05-server64@lvm-1)
2022-10-17 12:51:24.313 7 WARNING cinder.scheduler.host_manager [None req-a057cd46-9166-4744-a7fc-aac97c0d98b5 033016bbb5894af3a4e2eeb7068097e9 44f9bab7f592495587f210c7ca43e5c0 - - - -] volume service is down. (host: rack05-server64@lvm-1)
2022-10-17 12:51:31.938 7 WARNING cinder.scheduler.host_manager [None req-b5878a5c-2fa8-4479-bf84-7d19cab244ef c023a28d48534360b57fd3f43d3b66ac 788eb7d538814d71909a64026d5e7b31 - - - -] volume service is down. (host: rack05-server64@lvm-1)
2022-10-17 12:51:44.402 7 WARNING cinder.scheduler.host_manager [None req-0d45ff03-1ce4-4538-b8ec-83502a8c94ed fe43e797477f476c93cd496f204f0be0 2c5626441bb14158892cd6ab791f01b3 - - - -] volume service is down. (host: rack05-server64@lvm-1)
2022-10-17 12:51:45.594 7 WARNING cinder.scheduler.host_manager [None req-57ce02c3-6cf2-482f-ab43-9e6e64f9eea3 fa7db96b07c44b4daf4f8e139f518598 84a2bb2739d3490fa99362c1f84787f5 - - - -] volume service is down. (host: rack05-server64@lvm-1)
2022-10-17 12:51:47.878 7 WARNING cinder.scheduler.host_manager [None req-65ae304b-57be-46ce-a7ca-7ea291aff04d fa7db96b07c44b4daf4f8e139f518598 84a2bb2739d3490fa99362c1f84787f5 - - - -] volume service is down. (host: rack05-server64@lvm-1)
2022-10-17 12:51:50.042 7 WARNING cinder.scheduler.host_manager [None req-a24396c4-f593-4c13-a7de-b53be9140d45 666eb0afa32a474d9fde81f5c605634b bd43eff61f1d4cb9bb288ae00d375fed - - - -] volume service is down. (host: rack05-server64@lvm-1)
2022-10-17 12:51:50.088 7 WARNING cinder.scheduler.host_manager [None req-ad18dbae-5394-4799-8ccb-1aa709b7be03 fe43e797477f476c93cd496f204f0be0 2c5626441bb14158892cd6ab791f01b3 - - - -] volume service is down. (host: rack05-server64@lvm-1)
2022-10-17 12:51:53.740 7 WARNING cinder.scheduler.host_manager [None req-b9780055-8bbb-4881-8891-b2e8004ca90a fe43e797477f476c93cd496f204f0be0 2c5626441bb14158892cd6ab791f01b3 - - - -] volume service is down. (host: rack05-server64@lvm-1)
2022-10-17 12:51:57.395 7 WARNING cinder.scheduler.host_manager [None req-8893b634-b067-4532-be6a-14336c251a12 fe43e797477f476c93cd496f204f0be0 2c5626441bb14158892cd6ab791f01b3 - - - -] volume service is down. (host: rack05-server64@lvm-1)
2022-10-17 12:51:57.544 7 WARNING cinder.scheduler.host_manager [None req-d9320275-f1a0-485d-8c76-3e0971e6f937 4aa9921fc4f44306966391d30762406e 619d3ea928674715a82d218cff47f85e - - - -] volume service is down. (host: rack05-server64@lvm-1)
2022-10-17 12:52:00.067 7 WARNING cinder.scheduler.host_manager [None req-30818892-fb14-400c-a785-0f2373f9c874 fe43e797477f476c93cd496f204f0be0 2c5626441bb14158892cd6ab791f01b3 - - - -] volume service is down. (host: rack05-server64@lvm-1)
2022-10-17 12:52:03.732 7 WARNING cinder.scheduler.host_manager [None req-e8bdc877-c2cc-4026-9171-e878c15048c0 fe43e797477f476c93cd496f204f0be0 2c5626441bb14158892cd6ab791f01b3 - - - -] volume service is down. (host: rack05-server64@lvm-1)
2022-10-17 12:52:04.174 7 WARNING cinder.scheduler.host_manager [None req-ce547303-cb70-4400-a997-9f60986d47d9 f1454896438a4ffcb21095b1a95f457d 92f239663d5f4ab3a9f0c893731e381f - - - -] volume service is down. (host: rack05-server64@lvm-1)
2022-10-17 12:52:06.473 7 WARNING cinder.scheduler.host_manager [None req-38585984-f5b6-4d2b-97de-83d47e166471 f1454896438a4ffcb21095b1a95f457d 92f239663d5f4ab3a9f0c893731e381f - - - -] volume service is down. (host: rack05-server64@lvm-1)
2022-10-17 12:52:08.553 7 WARNING cinder.scheduler.host_manager [req-8af9e479-7587-434a-b6bb-aee8f48ff664 req-3794888a-4d32-4231-bad9-68fbc1bfb3f4 666eb0afa32a474d9fde81f5c605634b bd43eff61f1d4cb9bb288ae00d375fed - - - -] volume service is down. (host: rack05-server64@lvm-1)
2022-10-17 12:52:08.771 7 WARNING cinder.scheduler.host_manager [None req-3ea79232-7715-4c14-a643-781b9e7ad0e9 f1454896438a4ffcb21095b1a95f457d 92f239663d5f4ab3a9f0c893731e381f - - - -] volume service is down. (host: rack05-server64@lvm-1)
2022-10-17 12:52:12.379 7 WARNING cinder.scheduler.host_manager [None req-567e357c-8121-40d9-b230-06e2a1e5ff0c f1454896438a4ffcb21095b1a95f457d 92f239663d5f4ab3a9f0c893731e381f - - - -] volume service is down. (host: rack05-server64@lvm-1)
2022-10-17 12:52:13.609 7 WARNING cinder.scheduler.host_manager [None req-8e949f57-95cc-4ce9-bcab-77f91b7e2be5 f1454896438a4ffcb21095b1a95f457d 92f239663d5f4ab3a9f0c893731e381f - - - -] volume service is down. (host: rack05-server64@lvm-1)
2022-10-17 12:52:14.828 7 WARNING cinder.scheduler.host_manager [None req-bf9090f3-2303-43fa-b4a8-83da186830de 9e5d8d42d63a4a779b9506757f14bd03 94e25607c6aa425eb741d96bf29c3e31 - - - -] volume service is down. (host: rack05-server64@lvm-1)
2022-10-17 12:52:16.029 7 WARNING cinder.scheduler.host_manager [None req-638b16d9-17b4-4c26-ac62-7cd89c946d27 f1454896438a4ffcb21095b1a95f457d 92f239663d5f4ab3a9f0c893731e381f - - - -] volume service is down. (host: rack05-server64@lvm-1)
2022-10-17 12:52:24.572 7 WARNING cinder.scheduler.host_manager [req-439f0e66-bcf1-49f9-9a5b-47ba7293f73c req-a7c110a9-590e-422d-a0dd-a19078bf1812 843633cd273049d38f9f61954ffabb13 22fa8ebfaffb4025bd800c6c02ebfb71 - - - -] volume service is down. (host: rack05-server64@lvm-1)
2022-10-17 12:52:26.574 7 WARNING cinder.scheduler.host_manager [None req-5a1d7c77-8b8f-4599-9f98-9d6192d6b313 1abc5ba9bec14dffacb4e4f9cead4a19 d6d4610362484c3490c0d3ec5a348c35 - - - -] volume service is down. (host: rack05-server64@lvm-1)
2022-10-17 12:52:27.018 7 WARNING cinder.scheduler.host_manager [req-755ca178-3c92-4ea2-8c80-7d59faaaab3b req-464d83f4-03c9-4199-98c5-fe5d2d0f0475 843633cd273049d38f9f61954ffabb13 22fa8ebfaffb4025bd800c6c02ebfb71 - - - -] volume service is down. (host: rack05-server64@lvm-1)
2022-10-17 12:52:31.238 7 WARNING cinder.scheduler.host_manager [None req-13316aea-4831-4c87-a05a-131260c35c9b 1abc5ba9bec14dffacb4e4f9cead4a19 d6d4610362484c3490c0d3ec5a348c35 - - - -] volume service is down. (host: rack05-server64@lvm-1)
2022-10-17 12:52:33.673 7 WARNING cinder.scheduler.host_manager [None req-6a92bef9-a8e4-4415-81cc-0213de7de589 e6a314af0ec945f084f2cf73e4707fc5 eb5ddd4614d24f86bf2ca04d31d9f328 - - - -] volume service is down. (host: rack05-server64@lvm-1)
2022-10-17 12:52:38.331 7 WARNING cinder.scheduler.host_manager [None req-9089c28d-97f7-411e-8a8a-62e2245ec4a5 e6a314af0ec945f084f2cf73e4707fc5 eb5ddd4614d24f86bf2ca04d31d9f328 - - - -] volume service is down. (host: rack05-server64@lvm-1)
2022-10-17 12:52:38.402 7 WARNING cinder.scheduler.host_manager [None req-c7e0252d-b179-4254-874f-0352ff23e97a 3aedd746b3634f099ac3c4ccbf9902ea 3aa75c82e5a948f588c47526878de6ff - - - -] volume service is down. (host: rack05-server64@lvm-1)
2022-10-17 12:52:45.864 7 WARNING cinder.scheduler.host_manager [None req-55d308a9-8750-4439-87f9-f383aa5e6b99 55049cd1c0564564851a2fd29ed8c7aa b30b885f24c3469bb833de3aa287a9ea - - - -] volume service is down. (host: rack05-server64@lvm-1)
2022-10-17 12:52:50.123 7 WARNING cinder.scheduler.host_manager [None req-184dd908-19a8-4eab-b508-71796fceab13 348914f121d74fb3a4606316befe6ca3 3cbab270142347a2ba2a2c6705968f4b - - - -] volume service is down. (host: rack05-server64@lvm-1)
2022-10-17 12:52:50.130 7 WARNING cinder.scheduler.host_manager [None req-184dd908-19a8-4eab-b508-71796fceab13 348914f121d74fb3a4606316befe6ca3 3cbab270142347a2ba2a2c6705968f4b - - - -] volume service is down. (host: rack05-server64@lvm-1)
2022-10-17 12:52:53.764 7 WARNING cinder.scheduler.host_manager [None req-da688372-fdcd-4683-9864-b1372a44fdfe 55049cd1c0564564851a2fd29ed8c7aa b30b885f24c3469bb833de3aa287a9ea - - - -] volume service is down. (host: rack05-server64@lvm-1)
2022-10-17 12:52:57.820 7 WARNING cinder.scheduler.host_manager [None req-1adb766f-1d73-4105-b2c2-c6a08d7ce231 ebc43c16bd1343dcaafff97480801853 f8f18b4312114916943c7ff8bd9a78b2 - - - -] volume service is down. (host: rack05-server64@lvm-1)
2022-10-17 12:53:00.152 7 WARNING cinder.scheduler.host_manager [None req-43febebc-0957-48a3-98e6-5776c5fecf27 ebc43c16bd1343dcaafff97480801853 f8f18b4312114916943c7ff8bd9a78b2 - - - -] volume service is down. (host: rack05-server64@lvm-1)
2022-10-17 12:53:02.826 7 WARNING cinder.scheduler.host_manager [None req-7e00b487-6f21-4d76-babd-880ac259fdec ebc43c16bd1343dcaafff97480801853 f8f18b4312114916943c7ff8bd9a78b2 - - - -] volume service is down. (host: rack05-server64@lvm-1)
2022-10-17 12:53:05.215 7 WARNING cinder.scheduler.host_manager [None req-71454d17-3445-4661-b3bc-80e057e80f09 358c45032e394d10b13b05ea049e37b4 ce2dd60ac50c417083dfd1fa5c962132 - - - -] volume service is down. (host: rack05-server64@lvm-1)
2022-10-17 12:53:06.770 7 WARNING cinder.scheduler.host_manager [None req-5b1ba364-423b-4381-8b5d-6ac9af904c94 ebc43c16bd1343dcaafff97480801853 f8f18b4312114916943c7ff8bd9a78b2 - - - -] volume service is down. (host: rack05-server64@lvm-1)
2022-10-17 12:53:10.339 7 WARNING cinder.scheduler.host_manager [None req-44186726-a6c8-4fef-8453-9b630abf0070 ebc43c16bd1343dcaafff97480801853 f8f18b4312114916943c7ff8bd9a78b2 - - - -] volume service is down. (host: rack05-server64@lvm-1)
2022-10-17 12:53:12.590 7 WARNING cinder.scheduler.host_manager [None req-3b654710-e887-4839-a96a-732cfbc08ef1 352fa22f659946a1af9abeb27671483a 9481159a6f9a4841ab07b031a1dd5a9f - - - -] volume service is down. (host: rack05-server64@lvm-1)
2022-10-17 12:53:13.904 7 WARNING cinder.scheduler.host_manager [None req-da503eb7-9120-4c03-8bfc-cce7c38dd7bd ebc43c16bd1343dcaafff97480801853 f8f18b4312114916943c7ff8bd9a78b2 - - - -] volume service is down. (host: rack05-server64@lvm-1)
2022-10-17 12:53:17.861 7 WARNING cinder.scheduler.host_manager [None req-6ad6b62b-749c-47ef-b36f-7f8667c518ed 358c45032e394d10b13b05ea049e37b4 ce2dd60ac50c417083dfd1fa5c962132 - - - -] volume service is down. (host: rack05-server64@lvm-1)
2022-10-17 12:53:19.301 7 WARNING cinder.scheduler.host_manager [None req-04c0b1cd-8df8-47c1-be54-c4ca7ae2271f 358c45032e394d10b13b05ea049e37b4 ce2dd60ac50c417083dfd1fa5c962132 - - - -] volume service is down. (host: rack05-server64@lvm-1)
2022-10-17 12:53:21.619 7 WARNING cinder.scheduler.host_manager [None req-32ed0075-07d2-4e52-aeab-7da4391d557b 358c45032e394d10b13b05ea049e37b4 ce2dd60ac50c417083dfd1fa5c962132 - - - -] volume service is down. (host: rack05-server64@lvm-1)
2022-10-17 12:53:23.854 7 WARNING cinder.scheduler.host_manager [None req-5dba93f4-690c-4d1e-80b3-f09e8695b148 358c45032e394d10b13b05ea049e37b4 ce2dd60ac50c417083dfd1fa5c962132 - - - -] volume service is down. (host: rack05-server64@lvm-1)
2022-10-17 12:53:25.577 7 WARNING cinder.scheduler.host_manager [None req-64e73b02-feb1-4f47-a4aa-1db90d4db0e8 352fa22f659946a1af9abeb27671483a 9481159a6f9a4841ab07b031a1dd5a9f - - - -] volume service is down. (host: rack05-server64@lvm-1)
2022-10-17 12:53:26.875 7 WARNING cinder.scheduler.host_manager [None req-6001fd16-2087-410f-a2a4-d8a9285bc007 f72063449f2f4843b783ed2b2d422287 2b5509b5bf89419c8fcc368fe26fdc26 - - - -] volume service is down. (host: rack05-server64@lvm-1)
2022-10-17 12:53:30.817 7 WARNING cinder.scheduler.host_manager [None req-3b13cff2-3657-4a1a-b29d-0893d405f53b f72063449f2f4843b783ed2b2d422287 2b5509b5bf89419c8fcc368fe26fdc26 - - - -] volume service is down. (host: rack05-server64@lvm-1)
2022-10-17 12:53:31.345 7 WARNING cinder.scheduler.host_manager [None req-fabcab20-2ee9-4f4b-afbf-84af7fc3dde7 429a1d2348354e69a74a946d3546f22c df7f64e3a62f40dbb9a355b96ecff077 - - - -] volume service is down. (host: rack05-server64@lvm-1)
2022-10-17 12:53:32.218 7 WARNING cinder.scheduler.host_manager [None req-c457c115-324e-4c26-b64c-d4852c7cfa5e 352fa22f659946a1af9abeb27671483a 9481159a6f9a4841ab07b031a1dd5a9f - - - -] volume service is down. (host: rack05-server64@lvm-1)
2022-10-17 12:53:33.789 7 WARNING cinder.scheduler.host_manager [None req-25a62978-b6f6-4800-8328-528aec13b670 429a1d2348354e69a74a946d3546f22c df7f64e3a62f40dbb9a355b96ecff077 - - - -] volume service is down. (host: rack05-server64@lvm-1)
2022-10-17 12:53:34.625 7 WARNING cinder.scheduler.host_manager [None req-492034b8-fcb6-485b-b07e-21b3a884eace 352fa22f659946a1af9abeb27671483a 9481159a6f9a4841ab07b031a1dd5a9f - - - -] volume service is down. (host: rack05-server64@lvm-1)
2022-10-17 12:53:35.176 7 WARNING cinder.scheduler.host_manager [None req-1fc2be19-2a73-4879-ba8d-0b9ce96a6362 429a1d2348354e69a74a946d3546f22c df7f64e3a62f40dbb9a355b96ecff077 - - - -] volume service is down. (host: rack05-server64@lvm-1)
2022-10-17 12:53:44.324 7 WARNING cinder.scheduler.host_manager [None req-212c4916-ee59-4cf0-adcc-38a748691248 db367e494b564a7f96f918780c09d8d9 e805665f14a64348a35914d5b4340bab - - - -] volume service is down. (host: rack05-server64@lvm-1)
2022-10-17 12:53:44.986 7 WARNING cinder.scheduler.host_manager [None req-2d5a08bd-f188-413e-81d2-ebab25729d25 afc0e1263bc9422db0fe0a30746766fa 4ca548017a234fedaad084188c2f7379 - - - -] volume service is down. (host: rack05-server64@lvm-1)
2022-10-17 12:53:50.618 7 WARNING cinder.scheduler.host_manager [None req-96f4884c-e6ac-4f15-9546-7b4fa3e0e54a b9084b351c684dd8ae5e6c6b76fbb900 fbedc8b1dfde4b41bb82b3e646ad3753 - - - -] volume service is down. (host: rack05-server64@lvm-1)
2022-10-17 12:53:52.902 7 WARNING cinder.scheduler.host_manager [None req-4fc269c3-1b74-4cb1-a542-5c4bf4fd2c14 afc0e1263bc9422db0fe0a30746766fa 4ca548017a234fedaad084188c2f7379 - - - -] volume service is down. (host: rack05-server64@lvm-1)
2022-10-17 12:53:53.236 7 WARNING cinder.scheduler.host_manager [None req-84a5774e-3ed3-4860-a067-752c6fc687a4 b9084b351c684dd8ae5e6c6b76fbb900 fbedc8b1dfde4b41bb82b3e646ad3753 - - - -] volume service is down. (host: rack05-server64@lvm-1)
2022-10-17 12:53:58.007 7 WARNING cinder.scheduler.host_manager [None req-5305a1cb-6585-4e36-9e4f-ac285f8fa248 b9084b351c684dd8ae5e6c6b76fbb900 fbedc8b1dfde4b41bb82b3e646ad3753 - - - -] volume service is down. (host: rack05-server64@lvm-1)
2022-10-17 12:54:00.430 7 WARNING cinder.scheduler.host_manager [None req-5feb0cf8-3e64-4e41-9f95-0b4f3260317d b9084b351c684dd8ae5e6c6b76fbb900 fbedc8b1dfde4b41bb82b3e646ad3753 - - - -] volume service is down. (host: rack05-server64@lvm-1)
2022-10-17 12:54:02.432 7 WARNING cinder.scheduler.host_manager [None req-dfba4def-c3df-4774-a320-31a52fdd96eb eb937e44d48f4b9a83e99fbac4f506c4 a9b84fd5c59a48888850dbf77ae40e8f - - - -] volume service is down. (host: rack05-server64@lvm-1)
2022-10-17 12:54:03.068 7 WARNING cinder.scheduler.host_manager [None req-110409b8-e7d1-47e6-b6c0-f42c45e8d29b b9084b351c684dd8ae5e6c6b76fbb900 fbedc8b1dfde4b41bb82b3e646ad3753 - - - -] volume service is down. (host: rack05-server64@lvm-1)
2022-10-17 12:54:03.853 7 WARNING cinder.scheduler.host_manager [None req-21a999fc-652f-4581-8a46-c3864b591ce8 eb937e44d48f4b9a83e99fbac4f506c4 a9b84fd5c59a48888850dbf77ae40e8f - - - -] volume service is down. (host: rack05-server64@lvm-1)
2022-10-17 12:54:05.235 7 WARNING cinder.scheduler.host_manager [None req-36dc2895-2a73-49c8-9d3c-12eddb42790f eb937e44d48f4b9a83e99fbac4f506c4 a9b84fd5c59a48888850dbf77ae40e8f - - - -] volume service is down. (host: rack05-server64@lvm-1)
2022-10-17 12:54:06.898 7 WARNING cinder.scheduler.host_manager [None req-a59debb6-fb75-46a5-b823-294a5484bfe6 b9084b351c684dd8ae5e6c6b76fbb900 fbedc8b1dfde4b41bb82b3e646ad3753 - - - -] volume service is down. (host: rack05-server64@lvm-1)
2022-10-17 12:54:07.288 7 WARNING cinder.scheduler.host_manager [None req-ace5bd4b-f9e4-4f35-8c3d-5a8c82e5f1de afc0e1263bc9422db0fe0a30746766fa 4ca548017a234fedaad084188c2f7379 - - - -] volume service is down. (host: rack05-server64@lvm-1)
2022-10-17 12:54:07.843 7 WARNING cinder.scheduler.host_manager [None req-db53fdea-4015-4cbe-839f-f7a8b1436e89 555fabc653f14684abda2b19b7b3728d da99f2cb257f408da0ceb103fb41cda6 - - - -] volume service is down. (host: rack05-server64@lvm-1)
2022-10-17 12:54:09.532 7 WARNING cinder.scheduler.host_manager [None req-9919b3bb-2bcc-4eca-bcb0-656e6cc2c084 afc0e1263bc9422db0fe0a30746766fa 4ca548017a234fedaad084188c2f7379 - - - -] volume service is down. (host: rack05-server64@lvm-1)
2022-10-17 12:54:11.787 7 WARNING cinder.scheduler.host_manager [None req-291f8c85-0a2f-4c5f-bcde-ca69a8964efe afc0e1263bc9422db0fe0a30746766fa 4ca548017a234fedaad084188c2f7379 - - - -] volume service is down. (host: rack05-server64@lvm-1)
2022-10-17 12:54:19.402 7 WARNING cinder.scheduler.host_manager [None req-b8454429-6d22-48e8-af38-13d9d2fb4e23 b9084b351c684dd8ae5e6c6b76fbb900 fbedc8b1dfde4b41bb82b3e646ad3753 - - - -] volume service is down. (host: rack05-server64@lvm-1)
2022-10-17 12:54:20.005 7 WARNING cinder.scheduler.host_manager [None req-c4696a3b-1eb8-45a6-9b7d-988206de5d5b 157d8da211a247eebd9de97d2ef0694e 1b93555832c147cdaafd61f191304b86 - - - -] volume service is down. (host: rack05-server64@lvm-1)
2022-10-17 12:54:21.195 7 WARNING cinder.scheduler.host_manager [None req-7ed42719-3296-4313-b244-a7c10335b7c7 afc0e1263bc9422db0fe0a30746766fa 4ca548017a234fedaad084188c2f7379 - - - -] volume service is down. (host: rack05-server64@lvm-1)
2022-10-17 12:54:24.701 7 WARNING cinder.scheduler.host_manager [None req-c017e331-e6d4-4db7-9828-7a4c89949d81 afc0e1263bc9422db0fe0a30746766fa 4ca548017a234fedaad084188c2f7379 - - - -] volume service is down. (host: rack05-server64@lvm-1)
2022-10-17 12:54:26.993 7 WARNING cinder.scheduler.host_manager [None req-72bfb7c8-b3a2-48b8-9794-851ce97e65d2 bee7671bed424e43b1edea2ef13dc1e0 40269a945f474a7287f2b2fd5b6ed7fb - - - -] volume service is down. (host: rack05-server64@lvm-1)
2022-10-17 12:54:29.972 7 WARNING cinder.scheduler.host_manager [None req-36953318-f836-4c97-b0cf-5a8ce7ac4571 2015100a73114eeaa1506bef2fc94b3e 27fc185d0bc543f09ce23488ebbb2ae9 - - - -] volume service is down. (host: rack05-server64@lvm-1)
2022-10-17 12:54:31.215 7 WARNING cinder.scheduler.host_manager [None req-98876388-e8eb-4ec4-9567-fd2cbec8e2d9 2015100a73114eeaa1506bef2fc94b3e 27fc185d0bc543f09ce23488ebbb2ae9 - - - -] volume service is down. (host: rack05-server64@lvm-1)
2022-10-17 12:54:33.668 7 WARNING cinder.scheduler.host_manager [None req-d2c46b6c-b7c0-446b-994d-04576828ccfd afc0e1263bc9422db0fe0a30746766fa 4ca548017a234fedaad084188c2f7379 - - - -] volume service is down. (host: rack05-server64@lvm-1)
2022-10-17 12:54:35.918 7 WARNING cinder.scheduler.host_manager [None req-4d7366c9-a5fa-4105-b813-189fc458e085 afc0e1263bc9422db0fe0a30746766fa 4ca548017a234fedaad084188c2f7379 - - - -] volume service is down. (host: rack05-server64@lvm-1)
2022-10-17 12:54:42.119 7 WARNING cinder.scheduler.host_manager [None req-462d20b6-edb4-4107-983e-7c23da03a184 0bac5f29c72b473cae9c232d93cd7abb cafbe22189984f9a8deb95224b8497b9 - - - -] volume service is down. (host: rack05-server64@lvm-1)
2022-10-17 12:54:44.409 7 WARNING cinder.scheduler.host_manager [None req-6136eb99-2327-4b18-a2bb-5a7a7bf47b02 0bac5f29c72b473cae9c232d93cd7abb cafbe22189984f9a8deb95224b8497b9 - - - -] volume service is down. (host: rack05-server64@lvm-1)
2022-10-17 12:54:45.291 7 WARNING cinder.scheduler.host_manager [None req-9f19c88f-d398-4f9d-b359-f61ff2b0b343 afc0e1263bc9422db0fe0a30746766fa 4ca548017a234fedaad084188c2f7379 - - - -] volume service is down. (host: rack05-server64@lvm-1)
2022-10-17 12:54:46.645 7 WARNING cinder.scheduler.host_manager [None req-37ad506d-a69b-445d-9bde-c7efdcd7ec45 0bac5f29c72b473cae9c232d93cd7abb cafbe22189984f9a8deb95224b8497b9 - - - -] volume service is down. (host: rack05-server64@lvm-1)
2022-10-17 12:54:47.577 7 WARNING cinder.scheduler.host_manager [None req-fe8d6776-abb7-4f15-a12e-1e68d446ff3f afc0e1263bc9422db0fe0a30746766fa 4ca548017a234fedaad084188c2f7379 - - - -] volume service is down. (host: rack05-server64@lvm-1)
2022-10-17 12:54:48.891 7 WARNING cinder.scheduler.host_manager [None req-536c13d8-c8c3-470b-a28c-73a3e6d44918 0bac5f29c72b473cae9c232d93cd7abb cafbe22189984f9a8deb95224b8497b9 - - - -] volume service is down. (host: rack05-server64@lvm-1)
2022-10-17 12:54:50.033 7 WARNING cinder.scheduler.host_manager [None req-075fbf76-cbed-4c84-89c0-6e2835407eda afc0e1263bc9422db0fe0a30746766fa 4ca548017a234fedaad084188c2f7379 - - - -] volume service is down. (host: rack05-server64@lvm-1)
2022-10-17 12:54:53.613 7 WARNING cinder.scheduler.host_manager [None req-135b53b9-008b-4b6f-a77f-9c3aa02191e0 afc0e1263bc9422db0fe0a30746766fa 4ca548017a234fedaad084188c2f7379 - - - -] volume service is down. (host: rack05-server64@lvm-1)
2022-10-17 12:54:55.901 7 WARNING cinder.scheduler.host_manager [None req-2d5fca5d-c5ce-4c80-8c20-416ed4f39005 afc0e1263bc9422db0fe0a30746766fa 4ca548017a234fedaad084188c2f7379 - - - -] volume service is down. (host: rack05-server64@lvm-1)
2022-10-17 12:54:58.322 7 WARNING cinder.scheduler.host_manager [None req-71d37aa9-955c-4e52-b93a-8c25737f45df afc0e1263bc9422db0fe0a30746766fa 4ca548017a234fedaad084188c2f7379 - - - -] volume service is down. (host: rack05-server64@lvm-1)
2022-10-17 12:55:17.564 7 WARNING cinder.scheduler.host_manager [None req-8ba5b53c-b81e-4926-b904-582976f3bc0e 92ea624e07e442c99cd09d83039589fb c29ee8c7605a4d8a9acae8bb69cadaa5 - - - -] volume service is down. (host: rack05-server64@lvm-1)
2022-10-17 12:55:17.595 7 WARNING cinder.scheduler.host_manager [None req-e2416288-7498-4d86-9c5c-9612198d0dc5 dc09ce7a24c64eb8aed3107735f26b90 68f854ce40bb4f4499f7922549af5f77 - - - -] volume service is down. (host: rack05-server64@lvm-1)
2022-10-17 12:55:17.601 7 WARNING cinder.scheduler.host_manager [None req-9d429932-a624-4cfe-a2d1-64c44e677d0c 5561280a783b4d259648455810c04aa8 34bbb7a7bb934022b26d36b29279d106 - - - -] volume service is down. (host: rack05-server64@lvm-1)
2022-10-17 12:55:17.733 7 WARNING cinder.scheduler.host_manager [None req-5841b1f2-f474-43fb-988c-ed604b120157 92ea624e07e442c99cd09d83039589fb c29ee8c7605a4d8a9acae8bb69cadaa5 - - - -] volume service is down. (host: rack05-server64@lvm-1)
2022-10-17 12:55:17.958 7 WARNING cinder.scheduler.host_manager [None req-491cb973-783e-4cb6-bec4-4414c2f173f6 92ea624e07e442c99cd09d83039589fb c29ee8c7605a4d8a9acae8bb69cadaa5 - - - -] volume service is down. (host: rack05-server64@lvm-1)
2022-10-17 12:55:18.182 7 WARNING cinder.scheduler.host_manager [None req-e225bc5e-83cd-4bcf-a2ab-f42d41568fc1 92ea624e07e442c99cd09d83039589fb c29ee8c7605a4d8a9acae8bb69cadaa5 - - - -] volume service is down. (host: rack05-server64@lvm-1)
2022-10-17 12:55:18.389 7 WARNING cinder.scheduler.host_manager [None req-07ab7fd2-5898-4bc1-9607-bbd71f380c05 92ea624e07e442c99cd09d83039589fb c29ee8c7605a4d8a9acae8bb69cadaa5 - - - -] volume service is down. (host: rack05-server64@lvm-1)
2022-10-17 12:55:19.842 7 WARNING cinder.scheduler.host_manager [None req-7facaa0b-c090-42ce-847a-9615bd12dc38 dc09ce7a24c64eb8aed3107735f26b90 68f854ce40bb4f4499f7922549af5f77 - - - -] volume service is down. (host: rack05-server64@lvm-1)
2022-10-17 12:55:19.896 7 WARNING cinder.scheduler.host_manager [None req-f07a53cb-4bbe-424c-8e8b-4fbb2f9e5d34 5561280a783b4d259648455810c04aa8 34bbb7a7bb934022b26d36b29279d106 - - - -] volume service is down. (host: rack05-server64@lvm-1)
2022-10-17 12:55:20.103 7 WARNING cinder.scheduler.host_manager [None req-f7f50a41-e08a-4939-9dee-ae5d15aa6d4e 5561280a783b4d259648455810c04aa8 34bbb7a7bb934022b26d36b29279d106 - - - -] volume service is down. (host: rack05-server64@lvm-1)
2022-10-17 12:55:20.315 7 WARNING cinder.scheduler.host_manager [None req-dc7ee44f-2264-4cb5-9b8b-e8022e1044f4 5561280a783b4d259648455810c04aa8 34bbb7a7bb934022b26d36b29279d106 - - - -] volume service is down. (host: rack05-server64@lvm-1)
2022-10-17 12:55:20.524 7 WARNING cinder.scheduler.host_manager [None req-cd33386d-f522-4791-997c-1f39c28660b0 5561280a783b4d259648455810c04aa8 34bbb7a7bb934022b26d36b29279d106 - - - -] volume service is down. (host: rack05-server64@lvm-1)
2022-10-17 12:55:20.740 7 WARNING cinder.scheduler.host_manager [None req-9aa589b7-afba-49e9-8cb0-2f449e230730 5561280a783b4d259648455810c04aa8 34bbb7a7bb934022b26d36b29279d106 - - - -] volume service is down. (host: rack05-server64@lvm-1)
2022-10-17 12:55:22.180 7 WARNING cinder.scheduler.host_manager [None req-0b88471c-c553-43a4-b004-8355d35566af dc09ce7a24c64eb8aed3107735f26b90 68f854ce40bb4f4499f7922549af5f77 - - - -] volume service is down. (host: rack05-server64@lvm-1)
2022-10-17 12:55:22.415 7 WARNING cinder.scheduler.host_manager [None req-efa883ff-0f64-4e7e-b825-56ad9b6b912f dc09ce7a24c64eb8aed3107735f26b90 68f854ce40bb4f4499f7922549af5f77 - - - -] volume service is down. (host: rack05-server64@lvm-1)
2022-10-17 12:55:22.624 7 WARNING cinder.scheduler.host_manager [None req-6c05fbca-e3c7-4a29-8ee9-444321a53fd8 dc09ce7a24c64eb8aed3107735f26b90 68f854ce40bb4f4499f7922549af5f77 - - - -] volume service is down. (host: rack05-server64@lvm-1)
2022-10-17 12:55:22.879 7 WARNING cinder.scheduler.host_manager [None req-da182384-b12c-4baf-b499-77526680a170 dc09ce7a24c64eb8aed3107735f26b90 68f854ce40bb4f4499f7922549af5f77 - - - -] volume service is down. (host: rack05-server64@lvm-1)
2022-10-17 12:55:23.086 7 WARNING cinder.scheduler.host_manager [None req-3e51ad74-7120-477c-a470-91e72ffffa4b dc09ce7a24c64eb8aed3107735f26b90 68f854ce40bb4f4499f7922549af5f77 - - - -] volume service is down. (host: rack05-server64@lvm-1)
2022-10-17 12:55:28.522 7 WARNING cinder.scheduler.host_manager [None req-d5ed370a-0dbc-4d5c-bbc5-140bbedf76c5 9c6ce33b99934cda9a4a36bc057d94ab 7c1794e288d944a89325239188e6c5bf - - - -] volume service is down. (host: rack05-server64@lvm-1)
2022-10-17 12:55:29.925 7 WARNING cinder.scheduler.host_manager [None req-8bd6a064-ff95-47fe-9c3a-f38eb79b7bbb 9c6ce33b99934cda9a4a36bc057d94ab 7c1794e288d944a89325239188e6c5bf - - - -] volume service is down. (host: rack05-server64@lvm-1)
2022-10-17 12:55:32.293 7 WARNING cinder.scheduler.host_manager [None req-4448a7ab-43f5-41b7-8182-a4db2df3372a 9c6ce33b99934cda9a4a36bc057d94ab 7c1794e288d944a89325239188e6c5bf - - - -] volume service is down. (host: rack05-server64@lvm-1)
