Build Started 04_08_2022_16_50_53
2022-08-04 19:52:57.189 7 WARNING cinder.scheduler.host_manager [req-e9214d5e-7186-4a42-a902-bbcbe8555235 a687bdcadc80428bb2f91295542de0fb 9c29457c67d040fba7170c3788c88e00 - - -] volume service is down. (host: rack03-server59@lvm-1)
2022-08-04 19:52:57.271 7 WARNING cinder.scheduler.host_manager [req-388e401b-671f-4f14-90f7-f06b5ad039b1 bad136317fef4445b52de8b82589591c 5af55dc5a92941c7888651091bee91c6 - - -] volume service is down. (host: rack03-server59@lvm-1)
2022-08-04 19:52:57.371 7 WARNING cinder.scheduler.host_manager [req-90c40984-8535-49f7-bf1e-82c37d46e7ca ccc97c1c80644fa98183e934f16f7b28 f43c25020e97480fa40872d1577fdafc - - -] volume service is down. (host: rack03-server59@lvm-1)
2022-08-04 19:53:03.471 7 WARNING cinder.scheduler.host_manager [req-c26b0e7b-331d-4276-aa95-7a707ab144ce 4b8bf6eafcd84bada1c0ea707ea8811b f10f43aa8cde40889b18364c9bd9059c - - -] volume service is down. (host: rack03-server59@lvm-1)
2022-08-04 19:53:06.058 7 WARNING cinder.scheduler.host_manager [req-58c36a73-783e-46af-9eea-b5cc9798fe32 4b8bf6eafcd84bada1c0ea707ea8811b f10f43aa8cde40889b18364c9bd9059c - - -] volume service is down. (host: rack03-server59@lvm-1)
2022-08-04 19:53:08.622 7 WARNING cinder.scheduler.host_manager [req-f40e266d-9df4-4f54-a7d0-ad67cba5aca0 4b8bf6eafcd84bada1c0ea707ea8811b f10f43aa8cde40889b18364c9bd9059c - - -] volume service is down. (host: rack03-server59@lvm-1)
2022-08-04 19:53:19.615 7 WARNING cinder.scheduler.host_manager [req-b7a58396-a918-4208-8613-882ebcf12a09 b364b20bce7449319323e6e6fb201c43 2e3719961bed496db241e4392ca5066b - - -] volume service is down. (host: rack03-server59@lvm-1)
2022-08-04 19:53:19.654 7 WARNING cinder.scheduler.host_manager [req-e33ec108-3dd4-43a1-9222-d8c661fae597 b364b20bce7449319323e6e6fb201c43 2e3719961bed496db241e4392ca5066b - - -] volume service is down. (host: rack03-server59@lvm-1)
2022-08-04 19:53:27.705 7 WARNING cinder.scheduler.host_manager [req-ba116b3b-4a15-4a5e-a2a2-c8065bbd9a00 bad136317fef4445b52de8b82589591c 5af55dc5a92941c7888651091bee91c6 - - -] volume service is down. (host: rack03-server59@lvm-1)
2022-08-04 19:53:29.844 7 WARNING cinder.scheduler.host_manager [req-61f33820-e9b1-4f95-a144-21a208800800 ba36f1053f7946f0a93ea54719f69abb d237f7687e874eddb1b5ca02a9f09f81 - - -] volume service is down. (host: rack03-server59@lvm-1)
2022-08-04 19:53:29.852 7 WARNING cinder.scheduler.host_manager [req-61f33820-e9b1-4f95-a144-21a208800800 ba36f1053f7946f0a93ea54719f69abb d237f7687e874eddb1b5ca02a9f09f81 - - -] volume service is down. (host: rack03-server59@lvm-1)
2022-08-04 19:53:31.393 7 WARNING cinder.scheduler.host_manager [req-ae870d4d-e0ce-47b6-8164-5123ffd985af ba36f1053f7946f0a93ea54719f69abb d237f7687e874eddb1b5ca02a9f09f81 - - -] volume service is down. (host: rack03-server59@lvm-1)
2022-08-04 19:53:36.200 7 WARNING cinder.scheduler.host_manager [req-2d294c23-9de7-4369-8276-afd3ef044a84 ba36f1053f7946f0a93ea54719f69abb d237f7687e874eddb1b5ca02a9f09f81 - - -] volume service is down. (host: rack03-server59@lvm-1)
2022-08-04 19:53:42.116 7 WARNING cinder.scheduler.host_manager [req-71519bc0-0335-497e-8a47-a3482b6f668d ba36f1053f7946f0a93ea54719f69abb d237f7687e874eddb1b5ca02a9f09f81 - - -] volume service is down. (host: rack03-server59@lvm-1)
2022-08-04 19:53:42.123 7 WARNING cinder.scheduler.host_manager [req-71519bc0-0335-497e-8a47-a3482b6f668d ba36f1053f7946f0a93ea54719f69abb d237f7687e874eddb1b5ca02a9f09f81 - - -] volume service is down. (host: rack03-server59@lvm-1)
2022-08-04 19:53:43.603 7 WARNING cinder.scheduler.host_manager [req-10145097-91da-4ca7-860c-3cacd4b8e8ac ba36f1053f7946f0a93ea54719f69abb d237f7687e874eddb1b5ca02a9f09f81 - - -] volume service is down. (host: rack03-server59@lvm-1)
2022-08-04 19:53:46.154 7 WARNING cinder.scheduler.host_manager [req-16e843da-41ed-4be9-87a6-c35483dc6abc ba36f1053f7946f0a93ea54719f69abb d237f7687e874eddb1b5ca02a9f09f81 - - -] volume service is down. (host: rack03-server59@lvm-1)
2022-08-04 19:53:59.667 7 WARNING cinder.scheduler.host_manager [req-939710f1-c529-4279-9c35-96e75077466d ba36f1053f7946f0a93ea54719f69abb d237f7687e874eddb1b5ca02a9f09f81 - - -] volume service is down. (host: rack03-server59@lvm-1)
2022-08-04 19:53:59.674 7 WARNING cinder.scheduler.host_manager [req-939710f1-c529-4279-9c35-96e75077466d ba36f1053f7946f0a93ea54719f69abb d237f7687e874eddb1b5ca02a9f09f81 - - -] volume service is down. (host: rack03-server59@lvm-1)
2022-08-04 19:54:01.152 7 WARNING cinder.scheduler.host_manager [req-3fe4714a-3649-42ce-9e8b-88b695816533 ba36f1053f7946f0a93ea54719f69abb d237f7687e874eddb1b5ca02a9f09f81 - - -] volume service is down. (host: rack03-server59@lvm-1)
2022-08-04 19:54:14.443 7 WARNING cinder.scheduler.host_manager [req-70dbe394-ca50-4f1e-a196-83b0be983020 f9be0372051040bea524f26e262b3a51 1785b93b4e934a4eaabd25264cd13ea8 - - -] volume service is down. (host: rack03-server59@lvm-1)
2022-08-04 19:54:14.450 7 WARNING cinder.scheduler.host_manager [req-70dbe394-ca50-4f1e-a196-83b0be983020 f9be0372051040bea524f26e262b3a51 1785b93b4e934a4eaabd25264cd13ea8 - - -] volume service is down. (host: rack03-server59@lvm-1)
2022-08-04 19:54:16.004 7 WARNING cinder.scheduler.host_manager [req-f97f4143-9b17-4dd0-bd0e-df51298745f1 f9be0372051040bea524f26e262b3a51 1785b93b4e934a4eaabd25264cd13ea8 - - -] volume service is down. (host: rack03-server59@lvm-1)
2022-08-04 19:54:46.585 7 WARNING cinder.scheduler.host_manager [req-f0a521d9-98c6-44ef-bdf4-30268753a24b 612c5eeebd5b4b008a78080c092d10ca b962a7072cb543beae1dd7e4d9c36d74 - - -] volume service is down. (host: rack03-server59@lvm-1)
2022-08-04 19:54:55.275 7 WARNING cinder.scheduler.host_manager [req-2bd84719-e3b6-4d68-8daa-eff266b43dee e003df82ea97407b8a7f8af553db787a c6be3a4099244e3b9b5f786da9d96028 - - -] volume service is down. (host: rack03-server59@lvm-1)
2022-08-04 19:54:59.329 7 WARNING cinder.scheduler.host_manager [req-d2b32dd4-ff06-4b2f-a2be-208e01eea056 e003df82ea97407b8a7f8af553db787a c6be3a4099244e3b9b5f786da9d96028 - - -] volume service is down. (host: rack03-server59@lvm-1)
2022-08-04 19:55:11.390 7 WARNING cinder.scheduler.host_manager [req-6571a3b6-15b6-4796-a6dc-a773c2bf292b 817d743bebe24db18c6ff9a81784837b b07435ed563b46079b069b3414c540f6 - - -] volume service is down. (host: rack03-server59@lvm-1)
2022-08-04 19:55:22.282 7 WARNING cinder.scheduler.host_manager [req-5eeb1cbd-f6b2-4419-8534-b4a8e2cfed19 6073f3c35d3e49aeb2caecce1aca9f8c dd9157736cd14d19aae4cccc710de594 - - -] volume service is down. (host: rack03-server59@lvm-1)
2022-08-04 19:55:24.786 7 WARNING cinder.scheduler.host_manager [req-55ebf17a-7391-4886-b51f-46240b11b252 6073f3c35d3e49aeb2caecce1aca9f8c dd9157736cd14d19aae4cccc710de594 - - -] volume service is down. (host: rack03-server59@lvm-1)
2022-08-04 19:55:25.639 7 WARNING cinder.scheduler.host_manager [req-1053304b-e5c9-4359-807a-e57915700d39 a687bdcadc80428bb2f91295542de0fb 9c29457c67d040fba7170c3788c88e00 - - -] volume service is down. (host: rack03-server59@lvm-1)
2022-08-04 19:57:28.569 7 WARNING cinder.scheduler.host_manager [req-c4dcf54d-5469-421c-a564-ef26f56c3965 9cf8365b11ef47a587d6920e161d10bf 356505f669bc43b9aa52358cc5d26303 - - -] volume service is down. (host: rack03-server59@lvm-1)
2022-08-04 19:58:28.836 7 WARNING cinder.scheduler.host_manager [req-b727ccb2-29c4-4fd9-965b-a86851c7ce55 9cf8365b11ef47a587d6920e161d10bf 356505f669bc43b9aa52358cc5d26303 - - -] volume service is down. (host: rack03-server59@lvm-1)
2022-08-04 19:58:32.615 7 WARNING cinder.scheduler.host_manager [req-9ba2470a-23ca-4946-958c-63c975b76d70 9cf8365b11ef47a587d6920e161d10bf 356505f669bc43b9aa52358cc5d26303 - - -] volume service is down. (host: rack03-server59@lvm-1)
2022-08-04 19:58:36.358 7 WARNING cinder.scheduler.host_manager [req-b802bf00-5591-46a0-80f4-e4c735c60cab 9cf8365b11ef47a587d6920e161d10bf 356505f669bc43b9aa52358cc5d26303 - - -] volume service is down. (host: rack03-server59@lvm-1)
2022-08-04 19:58:37.226 7 WARNING cinder.scheduler.host_manager [req-aca27e7e-9de0-4dae-a3f9-36c6c5199ccb 62ac6a9d94ae495fb750d1de060d3b55 bf435196ec7643aa8172d6f329695210 - - -] volume service is down. (host: rack03-server59@lvm-1)
2022-08-04 19:58:39.696 7 WARNING cinder.scheduler.host_manager [req-895d2442-a9de-44e9-9fe1-5020b58ba841 62ac6a9d94ae495fb750d1de060d3b55 bf435196ec7643aa8172d6f329695210 - - -] volume service is down. (host: rack03-server59@lvm-1)
2022-08-04 19:58:40.128 7 WARNING cinder.scheduler.host_manager [req-9e823475-59b1-493c-9e00-a68b27cc245b 9cf8365b11ef47a587d6920e161d10bf 356505f669bc43b9aa52358cc5d26303 - - -] volume service is down. (host: rack03-server59@lvm-1)
2022-08-04 19:58:43.880 7 WARNING cinder.scheduler.host_manager [req-28431134-58da-4efa-81be-a0affa4dad89 9cf8365b11ef47a587d6920e161d10bf 356505f669bc43b9aa52358cc5d26303 - - -] volume service is down. (host: rack03-server59@lvm-1)
2022-08-04 19:58:54.427 7 WARNING cinder.scheduler.host_manager [req-59c1808a-704d-400b-800e-b8e06d4b29dd ed9e15194ba549299756b15129a4f97e e79488910a8d4610a17b1def88b28227 - - -] volume service is down. (host: rack03-server59@lvm-1)
2022-08-04 19:58:56.790 7 WARNING cinder.scheduler.host_manager [req-8a59d8bd-0250-4695-81a4-2adfba1a54ed b4de4e305f154f1786f88d21e3222f4b 5fedbcd2d4f14fa2bf7f8008bdbf90aa - - -] volume service is down. (host: rack03-server59@lvm-1)
2022-08-04 19:58:56.800 7 WARNING cinder.scheduler.host_manager [req-8a59d8bd-0250-4695-81a4-2adfba1a54ed b4de4e305f154f1786f88d21e3222f4b 5fedbcd2d4f14fa2bf7f8008bdbf90aa - - -] volume service is down. (host: rack03-server59@lvm-1)
2022-08-04 19:58:56.958 7 WARNING cinder.scheduler.host_manager [req-491ae949-0b57-4b66-a274-ec2e3af6b690 ed9e15194ba549299756b15129a4f97e e79488910a8d4610a17b1def88b28227 - - -] volume service is down. (host: rack03-server59@lvm-1)
2022-08-04 19:58:58.026 7 WARNING cinder.scheduler.host_manager [req-5ca36e91-99a1-4be6-962d-79b521679372 b4de4e305f154f1786f88d21e3222f4b 5fedbcd2d4f14fa2bf7f8008bdbf90aa - - -] volume service is down. (host: rack03-server59@lvm-1)
2022-08-04 19:58:58.033 7 WARNING cinder.scheduler.host_manager [req-5ca36e91-99a1-4be6-962d-79b521679372 b4de4e305f154f1786f88d21e3222f4b 5fedbcd2d4f14fa2bf7f8008bdbf90aa - - -] volume service is down. (host: rack03-server59@lvm-1)
2022-08-04 19:58:59.496 7 WARNING cinder.scheduler.host_manager [req-ffc66b49-03a7-4f80-8466-f8e851961884 ed9e15194ba549299756b15129a4f97e e79488910a8d4610a17b1def88b28227 - - -] volume service is down. (host: rack03-server59@lvm-1)
2022-08-04 19:58:59.580 7 WARNING cinder.scheduler.host_manager [req-747a78de-4565-4bac-b6bb-2336eeb10c0d b4de4e305f154f1786f88d21e3222f4b 5fedbcd2d4f14fa2bf7f8008bdbf90aa - - -] volume service is down. (host: rack03-server59@lvm-1)
2022-08-04 19:59:02.263 7 WARNING cinder.scheduler.host_manager [req-0415573b-7e30-4732-ab6b-273f6e06209f c563628a0da14ff992e72b760b36fa1e d67d0de9434840858dfa2dba0b729748 - - -] volume service is down. (host: rack03-server59@lvm-1)
2022-08-04 19:59:04.968 7 WARNING cinder.scheduler.host_manager [req-de959058-8c28-467a-8587-a956074e5b7c b4de4e305f154f1786f88d21e3222f4b 5fedbcd2d4f14fa2bf7f8008bdbf90aa - - -] volume service is down. (host: rack03-server59@lvm-1)
2022-08-04 19:59:04.977 7 WARNING cinder.scheduler.host_manager [req-de959058-8c28-467a-8587-a956074e5b7c b4de4e305f154f1786f88d21e3222f4b 5fedbcd2d4f14fa2bf7f8008bdbf90aa - - -] volume service is down. (host: rack03-server59@lvm-1)
2022-08-04 19:59:06.449 7 WARNING cinder.scheduler.host_manager [req-4d891152-c9ac-401a-b75e-2ee4f30405af b4de4e305f154f1786f88d21e3222f4b 5fedbcd2d4f14fa2bf7f8008bdbf90aa - - -] volume service is down. (host: rack03-server59@lvm-1)
2022-08-04 19:59:09.013 7 WARNING cinder.scheduler.host_manager [req-6dc5f9a1-d2a2-4068-ba73-ee74210f7cee b4de4e305f154f1786f88d21e3222f4b 5fedbcd2d4f14fa2bf7f8008bdbf90aa - - -] volume service is down. (host: rack03-server59@lvm-1)
2022-08-04 19:59:10.834 7 WARNING cinder.scheduler.host_manager [req-4b4e790e-b8a2-4009-8ccc-b92c4114f3b8 6d575dfd93b84eb5a844c1d9ffd2e3f8 fe72816474db46728e253fedc108d289 - - -] volume service is down. (host: rack03-server59@lvm-1)
2022-08-04 19:59:20.882 7 WARNING cinder.scheduler.host_manager [req-9a839b89-700a-4b05-973b-72c9faaa6f87 4a719a6840544bb394b8807e884a6174 89cd7502eb1b4d15aa4c3bfd05f23c89 - - -] volume service is down. (host: rack03-server59@lvm-1)
2022-08-04 19:59:20.890 7 WARNING cinder.scheduler.host_manager [req-9a839b89-700a-4b05-973b-72c9faaa6f87 4a719a6840544bb394b8807e884a6174 89cd7502eb1b4d15aa4c3bfd05f23c89 - - -] volume service is down. (host: rack03-server59@lvm-1)
2022-08-04 19:59:22.420 7 WARNING cinder.scheduler.host_manager [req-89ded227-2661-4503-8ad8-6374264d9224 4a719a6840544bb394b8807e884a6174 89cd7502eb1b4d15aa4c3bfd05f23c89 - - -] volume service is down. (host: rack03-server59@lvm-1)
2022-08-04 19:59:24.800 7 WARNING cinder.scheduler.host_manager [req-90c3e48f-49d7-442f-8181-9c6ed89aca65 4a719a6840544bb394b8807e884a6174 89cd7502eb1b4d15aa4c3bfd05f23c89 - - -] volume service is down. (host: rack03-server59@lvm-1)
2022-08-04 19:59:30.099 7 WARNING cinder.scheduler.host_manager [req-f202f921-c097-42b6-b68f-d6352a40fc3d 70e14f953ea74a55bb874e17a2229c4e e96fdf55b5dd401b8c72019649118f58 - - -] volume service is down. (host: rack03-server59@lvm-1)
2022-08-04 19:59:35.639 7 WARNING cinder.scheduler.host_manager [req-9220d2c4-e511-4d24-8666-f52c0f1a3175 dc92fe303be04cc5ac8eef2c639b6272 37b580c1afd94db98723066fd7187735 - - -] volume service is down. (host: rack03-server59@lvm-1)
2022-08-04 19:59:35.646 7 WARNING cinder.scheduler.host_manager [req-9220d2c4-e511-4d24-8666-f52c0f1a3175 dc92fe303be04cc5ac8eef2c639b6272 37b580c1afd94db98723066fd7187735 - - -] volume service is down. (host: rack03-server59@lvm-1)
2022-08-04 19:59:37.023 7 WARNING cinder.scheduler.host_manager [req-d992667b-a6e8-483d-9049-175cc029db5d 0d561d48423d40c08864d55fd184d564 c072c3f74f0e4744b76b2013be6f1757 - - -] volume service is down. (host: rack03-server59@lvm-1)
2022-08-04 19:59:38.311 7 WARNING cinder.scheduler.host_manager [req-0e3bb218-6c36-4181-8782-a6c26ecfc069 0d561d48423d40c08864d55fd184d564 c072c3f74f0e4744b76b2013be6f1757 - - -] volume service is down. (host: rack03-server59@lvm-1)
2022-08-04 19:59:40.625 7 WARNING cinder.scheduler.host_manager [req-7fba92bb-1e6c-46dc-92b2-ee0a816ccc0c 0d561d48423d40c08864d55fd184d564 c072c3f74f0e4744b76b2013be6f1757 - - -] volume service is down. (host: rack03-server59@lvm-1)
2022-08-04 19:59:43.692 7 WARNING cinder.scheduler.host_manager [req-1e3f8f96-ce76-4be0-acf9-52e38dd19479 30f12a22b50f49cf85ba6a9ea0021007 87822f122474452ba1a6d3c9047f6c5d - - -] volume service is down. (host: rack03-server59@lvm-1)
2022-08-04 19:59:44.336 7 WARNING cinder.scheduler.host_manager [req-4a082454-4f16-4c40-aa8c-f0bde499a640 0d561d48423d40c08864d55fd184d564 c072c3f74f0e4744b76b2013be6f1757 - - -] volume service is down. (host: rack03-server59@lvm-1)
2022-08-04 19:59:46.047 7 WARNING cinder.scheduler.host_manager [req-8bde12ec-02c2-4c7a-bc83-894318b26274 30f12a22b50f49cf85ba6a9ea0021007 87822f122474452ba1a6d3c9047f6c5d - - -] volume service is down. (host: rack03-server59@lvm-1)
2022-08-04 19:59:46.647 7 WARNING cinder.scheduler.host_manager [req-c1f556ff-96eb-4b2e-ba34-65023d0aed3a 0d561d48423d40c08864d55fd184d564 c072c3f74f0e4744b76b2013be6f1757 - - -] volume service is down. (host: rack03-server59@lvm-1)
2022-08-04 19:59:48.638 7 WARNING cinder.scheduler.host_manager [req-f40759fd-37cf-435c-b552-50a5a2d32a1b 30f12a22b50f49cf85ba6a9ea0021007 87822f122474452ba1a6d3c9047f6c5d - - -] volume service is down. (host: rack03-server59@lvm-1)
2022-08-04 19:59:49.192 7 WARNING cinder.scheduler.host_manager [req-13c50fd6-ff04-468d-b3af-d9fdc1f2b229 0d561d48423d40c08864d55fd184d564 c072c3f74f0e4744b76b2013be6f1757 - - -] volume service is down. (host: rack03-server59@lvm-1)
2022-08-04 19:59:52.259 7 WARNING cinder.scheduler.host_manager [req-5e0aafaf-cb5a-4252-bef6-08c5e97a172d 30f12a22b50f49cf85ba6a9ea0021007 87822f122474452ba1a6d3c9047f6c5d - - -] volume service is down. (host: rack03-server59@lvm-1)
2022-08-04 19:59:55.829 7 WARNING cinder.scheduler.host_manager [req-e969c912-12cb-43aa-82f3-2867dcc484e2 30f12a22b50f49cf85ba6a9ea0021007 87822f122474452ba1a6d3c9047f6c5d - - -] volume service is down. (host: rack03-server59@lvm-1)
2022-08-04 19:59:59.416 7 WARNING cinder.scheduler.host_manager [req-72592399-cbcf-4456-9377-dfdcd497feb5 30f12a22b50f49cf85ba6a9ea0021007 87822f122474452ba1a6d3c9047f6c5d - - -] volume service is down. (host: rack03-server59@lvm-1)
2022-08-04 20:00:00.587 7 WARNING cinder.scheduler.host_manager [req-52335101-4dd6-4ed4-ac6b-5cf315f0d042 942d89f8efd94009b3cf82672c3f2530 3a7950f1149e4d49807c43712a17d881 - - -] volume service is down. (host: rack03-server59@lvm-1)
2022-08-04 20:00:05.544 7 WARNING cinder.scheduler.host_manager [req-a5a9e661-20dd-419a-975a-9c1978b88314 942d89f8efd94009b3cf82672c3f2530 3a7950f1149e4d49807c43712a17d881 - - -] volume service is down. (host: rack03-server59@lvm-1)
2022-08-04 20:00:11.431 7 WARNING cinder.scheduler.host_manager [req-e03c3204-c6ba-4b64-876f-3a56f7115051 076ca50681fc416a8900529aa6ba1738 44ec1e8f69dc4e73b3d77e00db53487b - - -] volume service is down. (host: rack03-server59@lvm-1)
2022-08-04 20:00:11.432 7 INFO cinder.scheduler.base_filter [req-e03c3204-c6ba-4b64-876f-3a56f7115051 076ca50681fc416a8900529aa6ba1738 44ec1e8f69dc4e73b3d77e00db53487b - - -] Filtering removed all hosts for the request with volume ID 'ef58ad5c-ec10-4571-b996-3da7423ecc12'. Filter results: AvailabilityZoneFilter: (start: 1, end: 1), CapacityFilter: (start: 1, end: 1), CapabilitiesFilter: (start: 1, end: 0)
2022-08-04 20:00:11.433 7 WARNING cinder.scheduler.filter_scheduler [req-e03c3204-c6ba-4b64-876f-3a56f7115051 076ca50681fc416a8900529aa6ba1738 44ec1e8f69dc4e73b3d77e00db53487b - - -] No weighed backend found for volume with properties: {'id': 'e64dd7b6-820e-4f82-9ea4-9588ce482d89', 'name': 'tempest-UserMessagesTest-volume-type-1967989631', 'description': None, 'is_public': True, 'projects': [], 'extra_specs': {'storage_protocol': 'tempest-storage_protocol-691636623', 'vendor_name': 'tempest-vendor_name-1708047772'}, 'qos_specs_id': None, 'created_at': '2022-08-04T17:00:10.000000', 'updated_at': None, 'deleted_at': None, 'deleted': False}
2022-08-04 20:00:11.433 7 INFO cinder.message.api [req-e03c3204-c6ba-4b64-876f-3a56f7115051 076ca50681fc416a8900529aa6ba1738 44ec1e8f69dc4e73b3d77e00db53487b - - -] Creating message record for request_id = req-e03c3204-c6ba-4b64-876f-3a56f7115051
2022-08-04 20:00:11.438 7 ERROR cinder.scheduler.flows.create_volume [req-e03c3204-c6ba-4b64-876f-3a56f7115051 076ca50681fc416a8900529aa6ba1738 44ec1e8f69dc4e73b3d77e00db53487b - - -] Failed to run task cinder.scheduler.flows.create_volume.ScheduleCreateVolumeTask;volume:create: No valid backend was found. No weighed backends available: cinder.exception.NoValidBackend: No valid backend was found. No weighed backends available
2022-08-04 20:00:13.036 7 WARNING cinder.scheduler.host_manager [req-095cce16-2239-4450-8c2c-7a2f8d214445 076ca50681fc416a8900529aa6ba1738 44ec1e8f69dc4e73b3d77e00db53487b - - -] volume service is down. (host: rack03-server59@lvm-1)
2022-08-04 20:00:13.037 7 INFO cinder.scheduler.base_filter [req-095cce16-2239-4450-8c2c-7a2f8d214445 076ca50681fc416a8900529aa6ba1738 44ec1e8f69dc4e73b3d77e00db53487b - - -] Filtering removed all hosts for the request with volume ID 'a3be60db-b648-4090-ba5b-30be757dee6b'. Filter results: AvailabilityZoneFilter: (start: 1, end: 1), CapacityFilter: (start: 1, end: 1), CapabilitiesFilter: (start: 1, end: 0)
2022-08-04 20:00:13.038 7 WARNING cinder.scheduler.filter_scheduler [req-095cce16-2239-4450-8c2c-7a2f8d214445 076ca50681fc416a8900529aa6ba1738 44ec1e8f69dc4e73b3d77e00db53487b - - -] No weighed backend found for volume with properties: {'id': 'a11ec30c-e3c8-4fac-8750-9211488738df', 'name': 'tempest-UserMessagesTest-volume-type-515887275', 'description': None, 'is_public': True, 'projects': [], 'extra_specs': {'storage_protocol': 'tempest-storage_protocol-1508055196', 'vendor_name': 'tempest-vendor_name-361027981'}, 'qos_specs_id': None, 'created_at': '2022-08-04T17:00:12.000000', 'updated_at': None, 'deleted_at': None, 'deleted': False}
2022-08-04 20:00:13.039 7 INFO cinder.message.api [req-095cce16-2239-4450-8c2c-7a2f8d214445 076ca50681fc416a8900529aa6ba1738 44ec1e8f69dc4e73b3d77e00db53487b - - -] Creating message record for request_id = req-095cce16-2239-4450-8c2c-7a2f8d214445
2022-08-04 20:00:13.044 7 ERROR cinder.scheduler.flows.create_volume [req-095cce16-2239-4450-8c2c-7a2f8d214445 076ca50681fc416a8900529aa6ba1738 44ec1e8f69dc4e73b3d77e00db53487b - - -] Failed to run task cinder.scheduler.flows.create_volume.ScheduleCreateVolumeTask;volume:create: No valid backend was found. No weighed backends available: cinder.exception.NoValidBackend: No valid backend was found. No weighed backends available
2022-08-04 20:00:13.338 7 WARNING cinder.scheduler.host_manager [req-69fe8e4c-db0a-4f30-8be8-97de220ba5cc 00f1841206d644e384db2f346c3fe752 7010044ee881416fb34461d306cd79ba - - -] volume service is down. (host: rack03-server59@lvm-1)
2022-08-04 20:00:27.881 7 WARNING cinder.scheduler.host_manager [req-47cbcb17-317d-447c-b609-df598dbe062e e662baf51df5444d9e23c1366e761297 936d1c3d8eaa4da3951ae89bf052bb5c - - -] volume service is down. (host: rack03-server59@lvm-1)
2022-08-04 20:00:28.555 7 WARNING cinder.scheduler.host_manager [req-454139ca-db5f-4f9f-8e54-dc009c5a68ad 00f1841206d644e384db2f346c3fe752 7010044ee881416fb34461d306cd79ba - - -] volume service is down. (host: rack03-server59@lvm-1)
2022-08-04 20:00:36.401 7 WARNING cinder.scheduler.host_manager [req-558f0647-91e4-469b-af70-c5a4a9c9c7d8 00f1841206d644e384db2f346c3fe752 7010044ee881416fb34461d306cd79ba - - -] volume service is down. (host: rack03-server59@lvm-1)
2022-08-04 20:00:38.912 7 WARNING cinder.scheduler.host_manager [req-4e0d0acc-27a4-44a0-8e70-75eb6c9ad692 00f1841206d644e384db2f346c3fe752 7010044ee881416fb34461d306cd79ba - - -] volume service is down. (host: rack03-server59@lvm-1)
2022-08-04 20:00:42.310 7 WARNING cinder.scheduler.host_manager [req-1cb54bba-3e7b-496b-b83c-4c64c5ea8523 35dce84eed644e3a81fa52356f75b205 62dff8dc2e414fa09d1380e0b26f6b8e - - -] volume service is down. (host: rack03-server59@lvm-1)
2022-08-04 20:00:44.677 7 WARNING cinder.scheduler.host_manager [req-558701c4-8ccb-48c6-826a-683176f98038 35dce84eed644e3a81fa52356f75b205 62dff8dc2e414fa09d1380e0b26f6b8e - - -] volume service is down. (host: rack03-server59@lvm-1)
2022-08-04 20:00:50.166 7 WARNING cinder.scheduler.host_manager [req-91a526e3-345a-47b6-8437-a0ec6e017c0f 8a85abc12cb34cafbd8109fde4d68756 82102e94646842c797f20b5d88978e66 - - -] volume service is down. (host: rack03-server59@lvm-1)
2022-08-04 20:00:58.631 7 WARNING cinder.scheduler.host_manager [req-35e60299-344d-4047-bfe3-755036421193 9c7c4630dec84efd9d6da00ce3f85e16 6493822a587b4100990e39e07580ebec - - -] volume service is down. (host: rack03-server59@lvm-1)
2022-08-04 20:01:11.874 7 WARNING cinder.scheduler.host_manager [req-e952f579-5a97-47a8-b606-60bb095ffb82 0ca7adbfc6f44b84b7cada698d7e4425 b47d51114d8544cca193f3b16eeaee31 - - -] volume service is down. (host: rack03-server59@lvm-1)
2022-08-04 20:01:14.265 7 WARNING cinder.scheduler.host_manager [req-1a9fd47f-7e2f-45d3-82a4-d74e4e3d5f90 0ca7adbfc6f44b84b7cada698d7e4425 b47d51114d8544cca193f3b16eeaee31 - - -] volume service is down. (host: rack03-server59@lvm-1)
2022-08-04 20:01:25.748 7 WARNING cinder.scheduler.host_manager [req-1900c091-cbc8-4582-a1e3-bd505367b967 0dd756c054604cf5ac8c450369d57c4e b9dfc72f125f4e02b27640ceb3e7dd46 - - -] volume service is down. (host: rack03-server59@lvm-1)
2022-08-04 20:01:29.379 7 WARNING cinder.scheduler.host_manager [req-8b8cecba-34d6-436e-abce-57fdc8ddc18f a687bdcadc80428bb2f91295542de0fb 9c29457c67d040fba7170c3788c88e00 - - -] volume service is down. (host: rack03-server59@lvm-1)
2022-08-04 20:01:32.928 7 WARNING cinder.scheduler.host_manager [req-0054609b-12a4-42c9-856e-1c59fb2885b5 a687bdcadc80428bb2f91295542de0fb 9c29457c67d040fba7170c3788c88e00 - - -] volume service is down. (host: rack03-server59@lvm-1)
2022-08-04 20:01:36.183 7 WARNING cinder.scheduler.host_manager [req-e85790d2-905e-4498-a4a7-b6bced65687b 0b394fed2b0943598344b2777b07c49e 173c69cf741947a7a7332ff7af65ca37 - - -] volume service is down. (host: rack03-server59@lvm-1)
2022-08-04 20:01:41.160 7 WARNING cinder.scheduler.host_manager [req-1175d722-9125-41f2-a7df-63e1c3e4c2e2 0b394fed2b0943598344b2777b07c49e 173c69cf741947a7a7332ff7af65ca37 - - -] volume service is down. (host: rack03-server59@lvm-1)
2022-08-04 20:01:48.927 7 WARNING cinder.scheduler.host_manager [req-9cee3d93-4156-4ca3-8019-dc5f25645b70 09fcd5bd08684fc59129682b701e88aa 075ab34318f14c08abdbcf4ed7c90f27 - - -] volume service is down. (host: rack03-server59@lvm-1)
2022-08-04 20:02:21.247 7 WARNING cinder.scheduler.host_manager [req-6cbf4e05-bb41-4ea3-b2f2-7ebd1602951c a687bdcadc80428bb2f91295542de0fb 9c29457c67d040fba7170c3788c88e00 - - -] volume service is down. (host: rack03-server59@lvm-1)
2022-08-04 20:02:23.603 7 WARNING cinder.scheduler.host_manager [req-dba7789c-8d35-4cc2-b19b-b71e610a7356 a687bdcadc80428bb2f91295542de0fb 9c29457c67d040fba7170c3788c88e00 - - -] volume service is down. (host: rack03-server59@lvm-1)
2022-08-04 20:02:26.136 7 WARNING cinder.scheduler.host_manager [req-ae482199-4308-4eb2-9ba4-fb49063ccfc2 a687bdcadc80428bb2f91295542de0fb 9c29457c67d040fba7170c3788c88e00 - - -] volume service is down. (host: rack03-server59@lvm-1)
2022-08-04 20:02:29.856 7 WARNING cinder.scheduler.host_manager [req-0f5a60bc-2568-4dcc-85a3-47b403faf35e a687bdcadc80428bb2f91295542de0fb 9c29457c67d040fba7170c3788c88e00 - - -] volume service is down. (host: rack03-server59@lvm-1)
2022-08-04 20:02:32.207 7 WARNING cinder.scheduler.host_manager [req-113c82a8-c681-4e3f-8e5d-522cdccd19d1 a687bdcadc80428bb2f91295542de0fb 9c29457c67d040fba7170c3788c88e00 - - -] volume service is down. (host: rack03-server59@lvm-1)
2022-08-04 20:02:34.711 7 WARNING cinder.scheduler.host_manager [req-64b23a14-0aa8-4b4e-a925-ef16f4fb9379 a687bdcadc80428bb2f91295542de0fb 9c29457c67d040fba7170c3788c88e00 - - -] volume service is down. (host: rack03-server59@lvm-1)
2022-08-04 20:07:43.049 7 WARNING cinder.scheduler.host_manager [req-6d597b0b-b835-4c25-bf90-93a9b46cf5e9 09b5b6861aa741d09df823375b12a898 bff9dcd7e2be4874abc7e4e28de5e658 - - -] volume service is down. (host: rack03-server59@lvm-1)
2022-08-04 20:07:58.135 7 WARNING cinder.scheduler.host_manager [req-0d732f8d-5093-4226-ac6b-edd80ff57568 09b5b6861aa741d09df823375b12a898 bff9dcd7e2be4874abc7e4e28de5e658 - - -] volume service is down. (host: rack03-server59@lvm-1)
2022-08-04 20:07:59.694 7 WARNING cinder.scheduler.host_manager [req-3ee4aac6-4f96-4e40-9586-e595c654517c 09b5b6861aa741d09df823375b12a898 bff9dcd7e2be4874abc7e4e28de5e658 - - -] volume service is down. (host: rack03-server59@lvm-1)
2022-08-04 20:08:02.125 7 WARNING cinder.scheduler.host_manager [req-ddda4505-bb63-4631-b8f6-8608c2e9a04f 09b5b6861aa741d09df823375b12a898 bff9dcd7e2be4874abc7e4e28de5e658 - - -] volume service is down. (host: rack03-server59@lvm-1)
2022-08-04 20:08:04.469 7 WARNING cinder.scheduler.host_manager [req-b0cf0f8d-aaf8-48e0-82ff-dc599ef43296 09b5b6861aa741d09df823375b12a898 bff9dcd7e2be4874abc7e4e28de5e658 - - -] volume service is down. (host: rack03-server59@lvm-1)
2022-08-04 20:08:12.705 7 WARNING cinder.scheduler.host_manager [req-d53319f1-9244-45b2-902d-c8bff4c5cc6c deea8a879d41472ca26fa0974e833021 37a0761b2b914f8db1d2543305fa6f7c - - -] volume service is down. (host: rack03-server59@lvm-1)
2022-08-04 20:08:15.407 7 WARNING cinder.scheduler.host_manager [req-14c0cf0b-7ac6-44ad-91e3-39e6c14b5582 deea8a879d41472ca26fa0974e833021 37a0761b2b914f8db1d2543305fa6f7c - - -] volume service is down. (host: rack03-server59@lvm-1)
2022-08-04 20:08:20.244 7 WARNING cinder.scheduler.host_manager [req-41d7b409-38da-465a-8c5c-572a63e4b095 deea8a879d41472ca26fa0974e833021 37a0761b2b914f8db1d2543305fa6f7c - - -] volume service is down. (host: rack03-server59@lvm-1)
2022-08-04 20:08:22.811 7 WARNING cinder.scheduler.host_manager [req-7306f0c3-330e-4225-8650-e7ad49e813ec deea8a879d41472ca26fa0974e833021 37a0761b2b914f8db1d2543305fa6f7c - - -] volume service is down. (host: rack03-server59@lvm-1)
2022-08-04 20:08:26.647 7 WARNING cinder.scheduler.host_manager [req-04a3c0c5-a1c7-4b77-afd8-819b3975b6ac deea8a879d41472ca26fa0974e833021 37a0761b2b914f8db1d2543305fa6f7c - - -] volume service is down. (host: rack03-server59@lvm-1)
2022-08-04 20:08:31.609 7 WARNING cinder.scheduler.host_manager [req-e86c6a65-608b-4e2c-9411-e7d2658b8a7a deea8a879d41472ca26fa0974e833021 37a0761b2b914f8db1d2543305fa6f7c - - -] volume service is down. (host: rack03-server59@lvm-1)
2022-08-04 20:08:48.194 7 WARNING cinder.scheduler.host_manager [req-7af91776-4194-4e9b-9226-16c140bfd108 deea8a879d41472ca26fa0974e833021 37a0761b2b914f8db1d2543305fa6f7c - - -] volume service is down. (host: rack03-server59@lvm-1)
2022-08-04 20:08:57.336 7 WARNING cinder.scheduler.host_manager [req-ed29554e-d672-4c32-afb3-9327c80db607 0b9730fb4a8a411f9f74c64bb0676b92 a14a8266eaeb4df9aac9c3934f2996a8 - - -] volume service is down. (host: rack03-server59@lvm-1)
2022-08-04 20:08:59.879 7 WARNING cinder.scheduler.host_manager [req-53325dac-c2f7-4692-b4ee-fde4d12d7864 0b9730fb4a8a411f9f74c64bb0676b92 a14a8266eaeb4df9aac9c3934f2996a8 - - -] volume service is down. (host: rack03-server59@lvm-1)
2022-08-04 20:09:02.451 7 WARNING cinder.scheduler.host_manager [req-fd616100-dfe7-45fc-a32b-c1d01b6d0657 0b9730fb4a8a411f9f74c64bb0676b92 a14a8266eaeb4df9aac9c3934f2996a8 - - -] volume service is down. (host: rack03-server59@lvm-1)
2022-08-04 20:09:13.913 7 WARNING cinder.scheduler.host_manager [req-0477a138-1505-4f62-8c49-24461333d865 8a750d14d9874c84af4b163978e7eca5 4c86259c9639440baba97424c8275c91 - - -] volume service is down. (host: rack03-server59@lvm-1)
2022-08-04 20:09:29.324 7 WARNING cinder.scheduler.host_manager [req-c3d4b3a2-3643-48c6-8383-18a9848d2b36 1f13f30b244541adb3b40db9e5132b3c 963b4a17cbc748238e8589129871dedc - - -] volume service is down. (host: rack03-server59@lvm-1)
2022-08-04 20:09:31.716 7 WARNING cinder.scheduler.host_manager [req-38702e30-4cb5-48bc-aa3f-08114f0ff106 1f13f30b244541adb3b40db9e5132b3c 963b4a17cbc748238e8589129871dedc - - -] volume service is down. (host: rack03-server59@lvm-1)
2022-08-04 20:11:35.846 7 WARNING cinder.scheduler.host_manager [req-8526aa4f-1192-49b8-abf0-f24728885aea 5346ae0a36854ed19b3f5f7368ef339f 3daa7fbeeb7d45448c301f245ec3678f - - -] volume service is down. (host: rack03-server59@lvm-1)
2022-08-04 20:11:38.205 7 WARNING cinder.scheduler.host_manager [req-79c6c263-c479-4fe9-ba9b-374f63b35c4d 5346ae0a36854ed19b3f5f7368ef339f 3daa7fbeeb7d45448c301f245ec3678f - - -] volume service is down. (host: rack03-server59@lvm-1)
2022-08-04 20:11:40.537 7 WARNING cinder.scheduler.host_manager [req-15da0318-5ab5-4cac-96e9-ece3bf7408e9 5346ae0a36854ed19b3f5f7368ef339f 3daa7fbeeb7d45448c301f245ec3678f - - -] volume service is down. (host: rack03-server59@lvm-1)
2022-08-04 20:11:42.865 7 WARNING cinder.scheduler.host_manager [req-66aa93a6-82ab-43f8-804e-919be85178e1 5346ae0a36854ed19b3f5f7368ef339f 3daa7fbeeb7d45448c301f245ec3678f - - -] volume service is down. (host: rack03-server59@lvm-1)
2022-08-04 20:11:58.653 7 WARNING cinder.scheduler.host_manager [req-3b2dc73e-7aba-4494-b747-94ed7ec86331 53b3c2754acf48ecba4d45b1e0335659 1f8eee3d2a5c40fcb0cebcf1b0825121 - - -] volume service is down. (host: rack03-server59@lvm-1)
2022-08-04 20:11:58.774 7 WARNING cinder.scheduler.host_manager [req-def96c7a-596f-48bc-88de-7b912d4a35b0 91df2302f3ac423a85779625a1e2dee9 e13427f3f8bf41b6a2fd5ba64ec0f882 - - -] volume service is down. (host: rack03-server59@lvm-1)
2022-08-04 20:11:58.780 7 WARNING cinder.scheduler.host_manager [req-28866dea-73c3-479f-af2b-98091509bede 11dc86f0a6a544f395ce9efb6fd7915e 0b9f941b2b964dd1922c3b7ed7156639 - - -] volume service is down. (host: rack03-server59@lvm-1)
2022-08-04 20:11:58.963 7 WARNING cinder.scheduler.host_manager [req-595bd94d-7c61-4ee6-bf9b-b702e99822fd 53b3c2754acf48ecba4d45b1e0335659 1f8eee3d2a5c40fcb0cebcf1b0825121 - - -] volume service is down. (host: rack03-server59@lvm-1)
2022-08-04 20:11:59.274 7 WARNING cinder.scheduler.host_manager [req-d171e33b-681d-4685-80c9-492ef050d594 53b3c2754acf48ecba4d45b1e0335659 1f8eee3d2a5c40fcb0cebcf1b0825121 - - -] volume service is down. (host: rack03-server59@lvm-1)
2022-08-04 20:11:59.592 7 WARNING cinder.scheduler.host_manager [req-6b206f64-f3f5-4fea-96cb-0ccdb0e31065 53b3c2754acf48ecba4d45b1e0335659 1f8eee3d2a5c40fcb0cebcf1b0825121 - - -] volume service is down. (host: rack03-server59@lvm-1)
2022-08-04 20:11:59.908 7 WARNING cinder.scheduler.host_manager [req-1a71650b-3d10-456e-9295-ae4ed00d511b 53b3c2754acf48ecba4d45b1e0335659 1f8eee3d2a5c40fcb0cebcf1b0825121 - - -] volume service is down. (host: rack03-server59@lvm-1)
2022-08-04 20:12:00.192 7 WARNING cinder.scheduler.host_manager [req-9eefb8cf-dbd0-40f4-8a0b-db9af4668b00 11dc86f0a6a544f395ce9efb6fd7915e 0b9f941b2b964dd1922c3b7ed7156639 - - -] volume service is down. (host: rack03-server59@lvm-1)
2022-08-04 20:12:01.082 7 WARNING cinder.scheduler.host_manager [req-db6d0644-6ece-4de6-a6c4-51dfd3470751 91df2302f3ac423a85779625a1e2dee9 e13427f3f8bf41b6a2fd5ba64ec0f882 - - -] volume service is down. (host: rack03-server59@lvm-1)
2022-08-04 20:12:02.592 7 WARNING cinder.scheduler.host_manager [req-8e9b002d-9457-465a-8563-04aa65c4f32f 11dc86f0a6a544f395ce9efb6fd7915e 0b9f941b2b964dd1922c3b7ed7156639 - - -] volume service is down. (host: rack03-server59@lvm-1)
2022-08-04 20:12:03.548 7 WARNING cinder.scheduler.host_manager [req-0e4154bb-3739-43d7-9648-cb0bd4d989b7 91df2302f3ac423a85779625a1e2dee9 e13427f3f8bf41b6a2fd5ba64ec0f882 - - -] volume service is down. (host: rack03-server59@lvm-1)
2022-08-04 20:12:03.864 7 WARNING cinder.scheduler.host_manager [req-f34424e2-4c43-4583-832f-cad5b9a417d1 91df2302f3ac423a85779625a1e2dee9 e13427f3f8bf41b6a2fd5ba64ec0f882 - - -] volume service is down. (host: rack03-server59@lvm-1)
2022-08-04 20:12:04.182 7 WARNING cinder.scheduler.host_manager [req-36ad9b23-3ace-4233-abee-de04d092198b 91df2302f3ac423a85779625a1e2dee9 e13427f3f8bf41b6a2fd5ba64ec0f882 - - -] volume service is down. (host: rack03-server59@lvm-1)
2022-08-04 20:12:04.501 7 WARNING cinder.scheduler.host_manager [req-db7805f5-97da-4d12-8ff0-7fd8db2d81f0 91df2302f3ac423a85779625a1e2dee9 e13427f3f8bf41b6a2fd5ba64ec0f882 - - -] volume service is down. (host: rack03-server59@lvm-1)
2022-08-04 20:12:04.808 7 WARNING cinder.scheduler.host_manager [req-72ecfbf8-c95e-4d22-9db2-65b4fe89e313 91df2302f3ac423a85779625a1e2dee9 e13427f3f8bf41b6a2fd5ba64ec0f882 - - -] volume service is down. (host: rack03-server59@lvm-1)
2022-08-04 20:12:10.426 7 WARNING cinder.scheduler.host_manager [req-58c3f8e9-1bee-45c3-8fa7-beb5529041a2 698b83692db34daab16e59c2b264c6ad a72cd34fb52444149449f05fa223b130 - - -] volume service is down. (host: rack03-server59@lvm-1)
2022-08-04 20:12:12.886 7 WARNING cinder.scheduler.host_manager [req-8dcd1150-c9bb-48d1-bad5-4555f65d8e74 698b83692db34daab16e59c2b264c6ad a72cd34fb52444149449f05fa223b130 - - -] volume service is down. (host: rack03-server59@lvm-1)
2022-08-04 20:12:13.190 7 WARNING cinder.scheduler.host_manager [req-9e10317c-a3b4-4e38-8fa2-d27c82a04ac3 698b83692db34daab16e59c2b264c6ad a72cd34fb52444149449f05fa223b130 - - -] volume service is down. (host: rack03-server59@lvm-1)
2022-08-04 20:12:13.487 7 WARNING cinder.scheduler.host_manager [req-c099671c-69b7-4cc2-855f-8eb7dd9cf78e 698b83692db34daab16e59c2b264c6ad a72cd34fb52444149449f05fa223b130 - - -] volume service is down. (host: rack03-server59@lvm-1)
2022-08-04 20:12:13.802 7 WARNING cinder.scheduler.host_manager [req-e12fcfa0-69e3-41dc-a08c-e9e87f080498 698b83692db34daab16e59c2b264c6ad a72cd34fb52444149449f05fa223b130 - - -] volume service is down. (host: rack03-server59@lvm-1)
2022-08-04 20:12:14.119 7 WARNING cinder.scheduler.host_manager [req-283175bb-0e52-4e85-b20d-bc585ecd99f4 698b83692db34daab16e59c2b264c6ad a72cd34fb52444149449f05fa223b130 - - -] volume service is down. (host: rack03-server59@lvm-1)
