Build Started 29_08_2022_18_34_58
2022-08-29 21:37:09.240 7 WARNING cinder.scheduler.host_manager [req-69103cde-d789-48b3-a666-f9e9a45c6439 req-e03933c8-3518-444c-91e8-dd2e50e05310 8b3905682c05427ca85c11483e52ac80 c4d92d80eb5941fc868de4adfaeb01ce - - - -] volume service is down. (host: rack02-server66@lvm-1)
2022-08-29 21:37:09.453 7 WARNING cinder.scheduler.host_manager [None req-595716e2-62fd-4589-9bc4-b77db67ebf71 59057f9b2091445ba838dfd64740e85a 40246cf912b94d69a3ce195352e2e696 - - - -] volume service is down. (host: rack02-server66@lvm-1)
2022-08-29 21:37:10.802 7 WARNING cinder.scheduler.host_manager [None req-ca2470e0-08ae-486d-a52b-20dab05f451e b5830d0935c54da0b362c1d6b2b9019d 44300272b49343348844b3e9b766c7e8 - - - -] volume service is down. (host: rack02-server66@lvm-1)
2022-08-29 21:37:10.841 7 WARNING cinder.scheduler.host_manager [None req-8731ecde-002f-4b47-b254-4708645e2468 b5830d0935c54da0b362c1d6b2b9019d 44300272b49343348844b3e9b766c7e8 - - - -] volume service is down. (host: rack02-server66@lvm-1)
2022-08-29 21:37:15.331 7 WARNING cinder.scheduler.host_manager [None req-01eb03f9-d734-4093-ad6a-c32cd8f1579a 86ecb0b957604442869c37e87a38f188 155c720069704fba9c2ce24c399a7dc7 - - - -] volume service is down. (host: rack02-server66@lvm-1)
2022-08-29 21:37:16.275 7 WARNING cinder.scheduler.host_manager [None req-6cd90e0f-e9d3-45f0-8e48-a4fb23e4d927 e4851a4c8b0044d4b6d9572e31d331f1 9d3af99f912c4c0486a79f000ddba64b - - - -] volume service is down. (host: rack02-server66@lvm-1)
2022-08-29 21:37:16.285 7 WARNING cinder.scheduler.host_manager [None req-6cd90e0f-e9d3-45f0-8e48-a4fb23e4d927 e4851a4c8b0044d4b6d9572e31d331f1 9d3af99f912c4c0486a79f000ddba64b - - - -] volume service is down. (host: rack02-server66@lvm-1)
2022-08-29 21:37:16.714 7 WARNING cinder.scheduler.host_manager [None req-f9b1fb74-f357-416b-8f98-6490f271e9b0 86ecb0b957604442869c37e87a38f188 155c720069704fba9c2ce24c399a7dc7 - - - -] volume service is down. (host: rack02-server66@lvm-1)
2022-08-29 21:37:17.630 7 WARNING cinder.scheduler.host_manager [None req-9738e58e-5142-4255-a424-237309117233 e4851a4c8b0044d4b6d9572e31d331f1 9d3af99f912c4c0486a79f000ddba64b - - - -] volume service is down. (host: rack02-server66@lvm-1)
2022-08-29 21:37:18.090 7 WARNING cinder.scheduler.host_manager [None req-1a94a899-d31d-4edf-9d4b-c4a30108df66 86ecb0b957604442869c37e87a38f188 155c720069704fba9c2ce24c399a7dc7 - - - -] volume service is down. (host: rack02-server66@lvm-1)
2022-08-29 21:37:21.197 7 WARNING cinder.scheduler.host_manager [None req-637ef9b9-0927-4cfc-9932-4e4d3a414b01 e4851a4c8b0044d4b6d9572e31d331f1 9d3af99f912c4c0486a79f000ddba64b - - - -] volume service is down. (host: rack02-server66@lvm-1)
2022-08-29 21:37:26.690 7 WARNING cinder.scheduler.host_manager [None req-8a2155a1-828d-4065-9c91-3468a185a4a7 e4851a4c8b0044d4b6d9572e31d331f1 9d3af99f912c4c0486a79f000ddba64b - - - -] volume service is down. (host: rack02-server66@lvm-1)
2022-08-29 21:37:26.699 7 WARNING cinder.scheduler.host_manager [None req-8a2155a1-828d-4065-9c91-3468a185a4a7 e4851a4c8b0044d4b6d9572e31d331f1 9d3af99f912c4c0486a79f000ddba64b - - - -] volume service is down. (host: rack02-server66@lvm-1)
2022-08-29 21:37:28.060 7 WARNING cinder.scheduler.host_manager [None req-db3d5b26-3f15-47df-a1f6-7ea99cee602a e4851a4c8b0044d4b6d9572e31d331f1 9d3af99f912c4c0486a79f000ddba64b - - - -] volume service is down. (host: rack02-server66@lvm-1)
2022-08-29 21:37:30.492 7 WARNING cinder.scheduler.host_manager [None req-c05f23a7-156c-43a7-bf6f-4aa55e2a6b4e e4851a4c8b0044d4b6d9572e31d331f1 9d3af99f912c4c0486a79f000ddba64b - - - -] volume service is down. (host: rack02-server66@lvm-1)
2022-08-29 21:37:37.403 7 WARNING cinder.scheduler.host_manager [None req-241455e8-c2ed-4e21-b6cd-0b1d169bb703 59057f9b2091445ba838dfd64740e85a 40246cf912b94d69a3ce195352e2e696 - - - -] volume service is down. (host: rack02-server66@lvm-1)
2022-08-29 21:37:43.533 7 WARNING cinder.scheduler.host_manager [None req-1ac60267-9168-4256-9c79-edf13fb4b64c e4851a4c8b0044d4b6d9572e31d331f1 9d3af99f912c4c0486a79f000ddba64b - - - -] volume service is down. (host: rack02-server66@lvm-1)
2022-08-29 21:37:43.541 7 WARNING cinder.scheduler.host_manager [None req-1ac60267-9168-4256-9c79-edf13fb4b64c e4851a4c8b0044d4b6d9572e31d331f1 9d3af99f912c4c0486a79f000ddba64b - - - -] volume service is down. (host: rack02-server66@lvm-1)
2022-08-29 21:37:44.863 7 WARNING cinder.scheduler.host_manager [None req-55ec0e87-0790-4af8-a56a-4aa8beb50e6b e4851a4c8b0044d4b6d9572e31d331f1 9d3af99f912c4c0486a79f000ddba64b - - - -] volume service is down. (host: rack02-server66@lvm-1)
2022-08-29 21:37:55.497 7 WARNING cinder.scheduler.host_manager [None req-8fafec3a-44b4-4b41-93e0-fe4e5fb89f2c 905f13ef18d14795826451f1b158145f 336054369db74473a390f303e4b347b5 - - - -] volume service is down. (host: rack02-server66@lvm-1)
2022-08-29 21:37:56.732 7 WARNING cinder.scheduler.host_manager [None req-130c33d9-3c68-442f-935f-1a5451b5e047 905f13ef18d14795826451f1b158145f 336054369db74473a390f303e4b347b5 - - - -] volume service is down. (host: rack02-server66@lvm-1)
2022-08-29 21:37:56.743 7 WARNING cinder.scheduler.host_manager [None req-2109b5f7-d973-4d49-b472-a86f4f643fb2 40013b61860b4e42be65727cd1a07116 f71f028a2e8c4599b0ad0aa1aa837f78 - - - -] volume service is down. (host: rack02-server66@lvm-1)
2022-08-29 21:37:56.750 7 WARNING cinder.scheduler.host_manager [None req-2109b5f7-d973-4d49-b472-a86f4f643fb2 40013b61860b4e42be65727cd1a07116 f71f028a2e8c4599b0ad0aa1aa837f78 - - - -] volume service is down. (host: rack02-server66@lvm-1)
2022-08-29 21:37:57.900 7 WARNING cinder.scheduler.host_manager [None req-7eeb7385-e586-49b1-ac1e-583223e14413 40013b61860b4e42be65727cd1a07116 f71f028a2e8c4599b0ad0aa1aa837f78 - - - -] volume service is down. (host: rack02-server66@lvm-1)
2022-08-29 21:37:57.908 7 WARNING cinder.scheduler.host_manager [None req-7eeb7385-e586-49b1-ac1e-583223e14413 40013b61860b4e42be65727cd1a07116 f71f028a2e8c4599b0ad0aa1aa837f78 - - - -] volume service is down. (host: rack02-server66@lvm-1)
2022-08-29 21:37:59.262 7 WARNING cinder.scheduler.host_manager [None req-c8c9d6a9-293c-4bfd-b301-ebead34c9523 905f13ef18d14795826451f1b158145f 336054369db74473a390f303e4b347b5 - - - -] volume service is down. (host: rack02-server66@lvm-1)
2022-08-29 21:37:59.267 7 WARNING cinder.scheduler.host_manager [None req-462f2ebf-38ee-484c-9150-bbe2cf6e52ef 40013b61860b4e42be65727cd1a07116 f71f028a2e8c4599b0ad0aa1aa837f78 - - - -] volume service is down. (host: rack02-server66@lvm-1)
2022-08-29 21:38:02.749 7 WARNING cinder.scheduler.host_manager [None req-cfa7f32a-cf1d-4f43-b845-8d573556f426 905f13ef18d14795826451f1b158145f 336054369db74473a390f303e4b347b5 - - - -] volume service is down. (host: rack02-server66@lvm-1)
2022-08-29 21:38:04.394 7 WARNING cinder.scheduler.host_manager [None req-07a75181-158e-434a-a272-84a840403e8d 40013b61860b4e42be65727cd1a07116 f71f028a2e8c4599b0ad0aa1aa837f78 - - - -] volume service is down. (host: rack02-server66@lvm-1)
2022-08-29 21:38:04.401 7 WARNING cinder.scheduler.host_manager [None req-07a75181-158e-434a-a272-84a840403e8d 40013b61860b4e42be65727cd1a07116 f71f028a2e8c4599b0ad0aa1aa837f78 - - - -] volume service is down. (host: rack02-server66@lvm-1)
2022-08-29 21:38:05.726 7 WARNING cinder.scheduler.host_manager [None req-0a9b8f9b-5ca2-4c87-aca7-0d3e0956e05a 40013b61860b4e42be65727cd1a07116 f71f028a2e8c4599b0ad0aa1aa837f78 - - - -] volume service is down. (host: rack02-server66@lvm-1)
2022-08-29 21:38:06.249 7 WARNING cinder.scheduler.host_manager [None req-de7039a7-5326-4863-9d08-01f3029ddd71 905f13ef18d14795826451f1b158145f 336054369db74473a390f303e4b347b5 - - - -] volume service is down. (host: rack02-server66@lvm-1)
2022-08-29 21:38:07.097 7 WARNING cinder.scheduler.host_manager [None req-eb735d66-33b9-42b0-b3cb-ae4db99629eb 40013b61860b4e42be65727cd1a07116 f71f028a2e8c4599b0ad0aa1aa837f78 - - - -] volume service is down. (host: rack02-server66@lvm-1)
2022-08-29 21:38:09.744 7 WARNING cinder.scheduler.host_manager [None req-7cf67e27-5343-4241-a9cf-fa543bf255b1 905f13ef18d14795826451f1b158145f 336054369db74473a390f303e4b347b5 - - - -] volume service is down. (host: rack02-server66@lvm-1)
2022-08-29 21:38:17.700 7 WARNING cinder.scheduler.host_manager [None req-6ded633f-7658-4838-98a2-1cdeacbff09f 9292fa6dad8f49d6b6e3c289bb9b8dad 6470df00560344889d6773cdd749b5ec - - - -] volume service is down. (host: rack02-server66@lvm-1)
2022-08-29 21:38:17.708 7 WARNING cinder.scheduler.host_manager [None req-6ded633f-7658-4838-98a2-1cdeacbff09f 9292fa6dad8f49d6b6e3c289bb9b8dad 6470df00560344889d6773cdd749b5ec - - - -] volume service is down. (host: rack02-server66@lvm-1)
2022-08-29 21:38:19.044 7 WARNING cinder.scheduler.host_manager [None req-aa1abcba-c0b9-4149-92c0-a494dd1df332 9292fa6dad8f49d6b6e3c289bb9b8dad 6470df00560344889d6773cdd749b5ec - - - -] volume service is down. (host: rack02-server66@lvm-1)
2022-08-29 21:38:20.298 7 WARNING cinder.scheduler.host_manager [None req-c3936927-db12-4cf8-aec5-9349b3f92074 9292fa6dad8f49d6b6e3c289bb9b8dad 6470df00560344889d6773cdd749b5ec - - - -] volume service is down. (host: rack02-server66@lvm-1)
2022-08-29 21:38:23.120 7 WARNING cinder.scheduler.host_manager [None req-fadc76a9-e9df-47a5-b6dc-cac6dbef0f72 d4f6f77e11da4d97b0a29c0cc2e2e225 15a58709c2f848979531c1ff67b12a6d - - - -] volume service is down. (host: rack02-server66@lvm-1)
2022-08-29 21:38:25.631 7 WARNING cinder.scheduler.host_manager [None req-44fcb0ef-0478-49ac-9572-448bf4011a2a d4f6f77e11da4d97b0a29c0cc2e2e225 15a58709c2f848979531c1ff67b12a6d - - - -] volume service is down. (host: rack02-server66@lvm-1)
2022-08-29 21:38:31.051 7 WARNING cinder.scheduler.host_manager [None req-1f5a4966-6b21-4562-963f-3ad71bd0d8ca 62b39165b09f4609a2ac64ebf544f229 9887bba830ae4775b941c70868185a2b - - - -] volume service is down. (host: rack02-server66@lvm-1)
2022-08-29 21:38:31.059 7 WARNING cinder.scheduler.host_manager [None req-1f5a4966-6b21-4562-963f-3ad71bd0d8ca 62b39165b09f4609a2ac64ebf544f229 9887bba830ae4775b941c70868185a2b - - - -] volume service is down. (host: rack02-server66@lvm-1)
2022-08-29 21:38:35.117 7 WARNING cinder.scheduler.host_manager [None req-053fe3ac-dbf3-40c4-ad09-ac5a5aa9e910 16602771fc8e41ecabed66fabe038ec0 f9ae07fa77df40529165c10899485212 - - - -] volume service is down. (host: rack02-server66@lvm-1)
2022-08-29 21:38:36.421 7 WARNING cinder.scheduler.host_manager [None req-2e6654b4-3526-4730-92a6-d2eb5dfed99f 16602771fc8e41ecabed66fabe038ec0 f9ae07fa77df40529165c10899485212 - - - -] volume service is down. (host: rack02-server66@lvm-1)
2022-08-29 21:38:45.369 7 WARNING cinder.scheduler.host_manager [None req-d7db0c3f-f544-494b-91d8-11c7552aaf1b 9f738cea7dce412a81fbd9c5d2feab6f 7201a61d6d284ed8b4305dff7be8c81d - - - -] volume service is down. (host: rack02-server66@lvm-1)
2022-08-29 21:38:45.375 7 WARNING cinder.scheduler.host_manager [None req-7e12bca1-bb4c-4089-a8cf-f29dbbe7b398 5527dab6f1ad437aab4d969f528a4b08 b705a71a965c43089d6ab2002918087a - - - -] volume service is down. (host: rack02-server66@lvm-1)
2022-08-29 21:38:46.549 7 WARNING cinder.scheduler.host_manager [None req-4a3875b1-9921-48d2-8329-847d5c31cb82 5527dab6f1ad437aab4d969f528a4b08 b705a71a965c43089d6ab2002918087a - - - -] volume service is down. (host: rack02-server66@lvm-1)
2022-08-29 21:38:49.439 7 WARNING cinder.scheduler.host_manager [None req-679a32f3-71cd-46f0-a41a-f287d34a5847 59057f9b2091445ba838dfd64740e85a 40246cf912b94d69a3ce195352e2e696 - - - -] volume service is down. (host: rack02-server66@lvm-1)
2022-08-29 21:38:54.118 7 WARNING cinder.scheduler.host_manager [None req-7aa6f9c6-654b-4c6c-90d4-e960624dbf32 f10ca5a5b43140468e5c9b3e4225ad3f 7cc5b892233749f0b7f37e78278f7800 - - - -] volume service is down. (host: rack02-server66@lvm-1)
2022-08-29 21:38:57.572 7 WARNING cinder.scheduler.host_manager [None req-dfcb4049-10e9-439a-a0bd-c4e5e09b4cd8 ed51f55ffcfc4dbbb00084699c386a9f d5e8fe969344481aa849bd08e9efd9ec - - - -] volume service is down. (host: rack02-server66@lvm-1)
2022-08-29 21:38:58.788 7 WARNING cinder.scheduler.host_manager [None req-e056ecd2-1358-4ca5-825a-255d0253bebd ed51f55ffcfc4dbbb00084699c386a9f d5e8fe969344481aa849bd08e9efd9ec - - - -] volume service is down. (host: rack02-server66@lvm-1)
2022-08-29 21:39:01.030 7 WARNING cinder.scheduler.host_manager [None req-903799da-8967-40f0-8688-e00911313069 ed51f55ffcfc4dbbb00084699c386a9f d5e8fe969344481aa849bd08e9efd9ec - - - -] volume service is down. (host: rack02-server66@lvm-1)
2022-08-29 21:39:04.585 7 WARNING cinder.scheduler.host_manager [None req-c141afdf-488e-4e2c-9058-d13531bf2be5 ed51f55ffcfc4dbbb00084699c386a9f d5e8fe969344481aa849bd08e9efd9ec - - - -] volume service is down. (host: rack02-server66@lvm-1)
2022-08-29 21:39:05.807 7 WARNING cinder.scheduler.host_manager [None req-f432cac4-45d1-4fb4-9426-2dceb3ea0ba8 ed51f55ffcfc4dbbb00084699c386a9f d5e8fe969344481aa849bd08e9efd9ec - - - -] volume service is down. (host: rack02-server66@lvm-1)
2022-08-29 21:39:06.130 7 WARNING cinder.scheduler.host_manager [req-ffc03c63-6003-4c79-9bf7-d57e4e90ac4b req-3ceb057f-5218-4974-9642-b69beebc183a 59057f9b2091445ba838dfd64740e85a 40246cf912b94d69a3ce195352e2e696 - - - -] volume service is down. (host: rack02-server66@lvm-1)
2022-08-29 21:39:08.185 7 WARNING cinder.scheduler.host_manager [None req-3fcf21d3-625d-4e7a-b771-a8d9b00d3b20 ed51f55ffcfc4dbbb00084699c386a9f d5e8fe969344481aa849bd08e9efd9ec - - - -] volume service is down. (host: rack02-server66@lvm-1)
2022-08-29 21:39:08.986 7 WARNING cinder.scheduler.host_manager [None req-cb497b41-52dd-42db-820a-22b4b0f05143 605eac8ad2874920b471ed9571f085bf 388a487cbb0044c7ad26d6584e2b8156 - - - -] volume service is down. (host: rack02-server66@lvm-1)
2022-08-29 21:39:11.249 7 WARNING cinder.scheduler.host_manager [None req-73bb6630-ab7d-4a50-a986-8cd3d86f1750 605eac8ad2874920b471ed9571f085bf 388a487cbb0044c7ad26d6584e2b8156 - - - -] volume service is down. (host: rack02-server66@lvm-1)
2022-08-29 21:39:16.979 7 WARNING cinder.scheduler.host_manager [None req-ce31a506-da93-420a-aab1-fb20c207a352 607381e539d6435092766345b9ae8d87 05e787bc7f5d46ccbfb91ae98c576abe - - - -] volume service is down. (host: rack02-server66@lvm-1)
2022-08-29 21:39:21.344 7 WARNING cinder.scheduler.host_manager [req-9d481a10-bd31-4e53-a02b-987c10183224 req-2116cad2-53ab-42f1-ac93-f5cecf41ae46 26eb908772cc413d9090e22795972616 92205c269b0e4c83961af9fdd97859ce - - - -] volume service is down. (host: rack02-server66@lvm-1)
2022-08-29 21:39:22.657 7 WARNING cinder.scheduler.host_manager [req-c632bb5b-4b13-4e88-97ff-20e8267958ae req-902d2cb2-35fa-4a3c-8501-fc74941897ab 26eb908772cc413d9090e22795972616 92205c269b0e4c83961af9fdd97859ce - - - -] volume service is down. (host: rack02-server66@lvm-1)
2022-08-29 21:39:28.730 7 WARNING cinder.scheduler.host_manager [None req-727aee80-41fc-499d-abdb-413d72b71c91 607381e539d6435092766345b9ae8d87 05e787bc7f5d46ccbfb91ae98c576abe - - - -] volume service is down. (host: rack02-server66@lvm-1)
2022-08-29 21:39:30.101 7 WARNING cinder.scheduler.host_manager [None req-67df5c0d-09cc-46e3-8115-22fd5e719837 607381e539d6435092766345b9ae8d87 05e787bc7f5d46ccbfb91ae98c576abe - - - -] volume service is down. (host: rack02-server66@lvm-1)
2022-08-29 21:39:31.309 7 WARNING cinder.scheduler.host_manager [None req-f5746fc9-7403-41cf-b2c5-0afe854168fc 607381e539d6435092766345b9ae8d87 05e787bc7f5d46ccbfb91ae98c576abe - - - -] volume service is down. (host: rack02-server66@lvm-1)
2022-08-29 21:39:33.503 7 WARNING cinder.scheduler.host_manager [None req-eeef6662-6b1a-4068-a0fd-a708da0a8314 607381e539d6435092766345b9ae8d87 05e787bc7f5d46ccbfb91ae98c576abe - - - -] volume service is down. (host: rack02-server66@lvm-1)
2022-08-29 21:39:35.837 7 WARNING cinder.scheduler.host_manager [None req-3832d231-c460-4dd6-b0ba-79513ea61c18 9372d44e49fe47678d041b70d763b993 e539baed2f4f4d8595e731f1555231cb - - - -] volume service is down. (host: rack02-server66@lvm-1)
2022-08-29 21:39:35.838 7 INFO cinder.scheduler.base_filter [None req-3832d231-c460-4dd6-b0ba-79513ea61c18 9372d44e49fe47678d041b70d763b993 e539baed2f4f4d8595e731f1555231cb - - - -] Filtering removed all hosts for the request with volume ID '67f88936-8aa6-423a-9a33-fefc06e386d3'. Filter results: AvailabilityZoneFilter: (start: 1, end: 1), CapacityFilter: (start: 1, end: 1), CapabilitiesFilter: (start: 1, end: 0)
2022-08-29 21:39:35.838 7 WARNING cinder.scheduler.filter_scheduler [None req-3832d231-c460-4dd6-b0ba-79513ea61c18 9372d44e49fe47678d041b70d763b993 e539baed2f4f4d8595e731f1555231cb - - - -] No weighed backend found for volume with properties: {'id': '6ffa796e-358c-49a8-b519-8f8581b12cdd', 'name': 'tempest-UserMessagesTest-volume-type-1828691091', 'description': None, 'is_public': True, 'projects': [], 'extra_specs': {'storage_protocol': 'tempest-storage_protocol-1250745627', 'vendor_name': 'tempest-vendor_name-514622620'}, 'qos_specs_id': None, 'created_at': '2022-08-29T18:39:35.000000', 'updated_at': None, 'deleted_at': None, 'deleted': False}
2022-08-29 21:39:35.839 7 INFO cinder.message.api [None req-3832d231-c460-4dd6-b0ba-79513ea61c18 9372d44e49fe47678d041b70d763b993 e539baed2f4f4d8595e731f1555231cb - - - -] Creating message record for request_id = req-3832d231-c460-4dd6-b0ba-79513ea61c18
2022-08-29 21:39:35.844 7 ERROR cinder.scheduler.flows.create_volume [None req-3832d231-c460-4dd6-b0ba-79513ea61c18 9372d44e49fe47678d041b70d763b993 e539baed2f4f4d8595e731f1555231cb - - - -] Failed to run task cinder.scheduler.flows.create_volume.ScheduleCreateVolumeTask;volume:create: No valid backend was found. No weighed backends available: cinder.exception.NoValidBackend: No valid backend was found. No weighed backends available
2022-08-29 21:39:37.272 7 WARNING cinder.scheduler.host_manager [None req-a9a4bf66-0469-4839-a1df-0a4203323c87 9372d44e49fe47678d041b70d763b993 e539baed2f4f4d8595e731f1555231cb - - - -] volume service is down. (host: rack02-server66@lvm-1)
2022-08-29 21:39:37.273 7 INFO cinder.scheduler.base_filter [None req-a9a4bf66-0469-4839-a1df-0a4203323c87 9372d44e49fe47678d041b70d763b993 e539baed2f4f4d8595e731f1555231cb - - - -] Filtering removed all hosts for the request with volume ID '2bc64b5d-1cdd-44c6-b94f-29d25e5fd2b0'. Filter results: AvailabilityZoneFilter: (start: 1, end: 1), CapacityFilter: (start: 1, end: 1), CapabilitiesFilter: (start: 1, end: 0)
2022-08-29 21:39:37.274 7 WARNING cinder.scheduler.filter_scheduler [None req-a9a4bf66-0469-4839-a1df-0a4203323c87 9372d44e49fe47678d041b70d763b993 e539baed2f4f4d8595e731f1555231cb - - - -] No weighed backend found for volume with properties: {'id': '12d9e55f-d05f-4e09-96a6-18337f667b4d', 'name': 'tempest-UserMessagesTest-volume-type-1850569696', 'description': None, 'is_public': True, 'projects': [], 'extra_specs': {'storage_protocol': 'tempest-storage_protocol-1512127762', 'vendor_name': 'tempest-vendor_name-2061706304'}, 'qos_specs_id': None, 'created_at': '2022-08-29T18:39:37.000000', 'updated_at': None, 'deleted_at': None, 'deleted': False}
2022-08-29 21:39:37.274 7 INFO cinder.message.api [None req-a9a4bf66-0469-4839-a1df-0a4203323c87 9372d44e49fe47678d041b70d763b993 e539baed2f4f4d8595e731f1555231cb - - - -] Creating message record for request_id = req-a9a4bf66-0469-4839-a1df-0a4203323c87
2022-08-29 21:39:37.280 7 ERROR cinder.scheduler.flows.create_volume [None req-a9a4bf66-0469-4839-a1df-0a4203323c87 9372d44e49fe47678d041b70d763b993 e539baed2f4f4d8595e731f1555231cb - - - -] Failed to run task cinder.scheduler.flows.create_volume.ScheduleCreateVolumeTask;volume:create: No valid backend was found. No weighed backends available: cinder.exception.NoValidBackend: No valid backend was found. No weighed backends available
2022-08-29 21:39:38.495 7 WARNING cinder.scheduler.host_manager [None req-12aa5924-cb1c-414f-9704-36a9503ad159 81e8ca998210493ebc7a04140b622108 c99a3237bacf4af3b23b441aac1bb5cb - - - -] volume service is down. (host: rack02-server66@lvm-1)
2022-08-29 21:39:41.459 7 WARNING cinder.scheduler.host_manager [None req-31b468e2-7678-4038-afea-78aecbe3e2ab c9af1f0e582548f5b3b2bed00fde05c1 dfe89b6b6a344e788252654ffa7898de - - - -] volume service is down. (host: rack02-server66@lvm-1)
2022-08-29 21:39:43.119 7 WARNING cinder.scheduler.host_manager [None req-aa53e55d-2b19-4ba1-907d-bc2e313a4f79 81e8ca998210493ebc7a04140b622108 c99a3237bacf4af3b23b441aac1bb5cb - - - -] volume service is down. (host: rack02-server66@lvm-1)
2022-08-29 21:39:44.000 7 WARNING cinder.scheduler.host_manager [None req-c0ed5a81-f9d6-455a-8c47-766cc898a208 c9af1f0e582548f5b3b2bed00fde05c1 dfe89b6b6a344e788252654ffa7898de - - - -] volume service is down. (host: rack02-server66@lvm-1)
2022-08-29 21:39:45.685 7 WARNING cinder.scheduler.host_manager [None req-1b6e15e3-cdbc-489c-b593-bb20b454d48e 81e8ca998210493ebc7a04140b622108 c99a3237bacf4af3b23b441aac1bb5cb - - - -] volume service is down. (host: rack02-server66@lvm-1)
2022-08-29 21:39:47.604 7 WARNING cinder.scheduler.host_manager [None req-c7f62fe0-c83d-493d-86c8-52278d53ecf9 c9af1f0e582548f5b3b2bed00fde05c1 dfe89b6b6a344e788252654ffa7898de - - - -] volume service is down. (host: rack02-server66@lvm-1)
2022-08-29 21:39:48.253 7 WARNING cinder.scheduler.host_manager [None req-ff455469-2252-4f2f-9be5-d42b8aa475bf 81e8ca998210493ebc7a04140b622108 c99a3237bacf4af3b23b441aac1bb5cb - - - -] volume service is down. (host: rack02-server66@lvm-1)
2022-08-29 21:39:48.918 7 WARNING cinder.scheduler.host_manager [None req-441cf03e-d504-47c3-9faf-a4c1d10a116a c9af1f0e582548f5b3b2bed00fde05c1 dfe89b6b6a344e788252654ffa7898de - - - -] volume service is down. (host: rack02-server66@lvm-1)
2022-08-29 21:39:49.346 7 WARNING cinder.scheduler.host_manager [None req-7cc1a21f-180e-40ab-a63d-732117fd06b6 fccac96ab8384b0086c6654ce88495aa a2714415fd28417cbf0d3cfed40a9a51 - - - -] volume service is down. (host: rack02-server66@lvm-1)
2022-08-29 21:39:50.782 7 WARNING cinder.scheduler.host_manager [None req-fe80ab13-9e25-49b0-8145-18b26e723c59 81e8ca998210493ebc7a04140b622108 c99a3237bacf4af3b23b441aac1bb5cb - - - -] volume service is down. (host: rack02-server66@lvm-1)
2022-08-29 21:39:52.504 7 WARNING cinder.scheduler.host_manager [None req-8b217469-3c5c-4dd3-a6e1-4afc7f1c7046 c9af1f0e582548f5b3b2bed00fde05c1 dfe89b6b6a344e788252654ffa7898de - - - -] volume service is down. (host: rack02-server66@lvm-1)
2022-08-29 21:39:53.312 7 WARNING cinder.scheduler.host_manager [None req-bd1758ca-1541-44e9-8cad-fed3662ed0e7 81e8ca998210493ebc7a04140b622108 c99a3237bacf4af3b23b441aac1bb5cb - - - -] volume service is down. (host: rack02-server66@lvm-1)
2022-08-29 21:39:56.286 7 WARNING cinder.scheduler.host_manager [None req-fc67d085-ed4e-4c0d-913a-89bc256ad467 c9af1f0e582548f5b3b2bed00fde05c1 dfe89b6b6a344e788252654ffa7898de - - - -] volume service is down. (host: rack02-server66@lvm-1)
2022-08-29 21:40:02.870 7 WARNING cinder.scheduler.host_manager [None req-eb1f85c8-e356-42cd-b0e2-7b7e00dbfbea 58a42250563d4f15b5f973384d37ba3c edbe0a81dad0408689a95e43a9a3a847 - - - -] volume service is down. (host: rack02-server66@lvm-1)
2022-08-29 21:40:04.240 7 WARNING cinder.scheduler.host_manager [None req-c8e24e58-d714-4169-a2f5-268ee6b7b758 58a42250563d4f15b5f973384d37ba3c edbe0a81dad0408689a95e43a9a3a847 - - - -] volume service is down. (host: rack02-server66@lvm-1)
2022-08-29 21:40:05.576 7 WARNING cinder.scheduler.host_manager [None req-28dfaaa8-9d45-453a-b1d0-6466396627b5 58a42250563d4f15b5f973384d37ba3c edbe0a81dad0408689a95e43a9a3a847 - - - -] volume service is down. (host: rack02-server66@lvm-1)
2022-08-29 21:40:07.118 7 WARNING cinder.scheduler.host_manager [None req-0a0245c8-caa3-4015-88fe-e939e7ca9a39 d11b01f87c764b47a95d4cec78442888 9424d75e7121472dba70287b24fcdf96 - - - -] volume service is down. (host: rack02-server66@lvm-1)
2022-08-29 21:40:07.276 7 WARNING cinder.scheduler.host_manager [None req-18fea40f-aa8b-4166-8e3b-6379d615f375 c9af1f0e582548f5b3b2bed00fde05c1 dfe89b6b6a344e788252654ffa7898de - - - -] volume service is down. (host: rack02-server66@lvm-1)
2022-08-29 21:40:14.544 7 WARNING cinder.scheduler.host_manager [None req-6f887a62-e171-42bf-8be5-06b5d40f182a 48b208206d464540bc7a8b6a8fbcb862 f2945639efd547a29b1f623066dd3cfa - - - -] volume service is down. (host: rack02-server66@lvm-1)
2022-08-29 21:40:15.463 7 WARNING cinder.scheduler.host_manager [None req-e5c9018d-59b9-4a2c-a0f0-eee640787753 16bc2f73d17e45eab768c04a1b6d0fbd 41ab43a45066428d8547e84a6b5a5b2b - - - -] volume service is down. (host: rack02-server66@lvm-1)
2022-08-29 21:40:18.045 7 WARNING cinder.scheduler.host_manager [None req-47f9aabc-2edb-4a38-8e03-afe080cea238 e124de1400654fbfb360735380b661f0 d787df2b71d8404d8a98bbf8b027a876 - - - -] volume service is down. (host: rack02-server66@lvm-1)
2022-08-29 21:40:21.496 7 WARNING cinder.scheduler.host_manager [None req-a284455e-223d-4db3-a45b-ea662dd104ae 39841c10ca994290a9dae9036283ea24 68596ec76e554a36b2a9a5cc1b89e4b8 - - - -] volume service is down. (host: rack02-server66@lvm-1)
2022-08-29 21:40:24.906 7 WARNING cinder.scheduler.host_manager [None req-26d4cbd0-cff1-415d-b58a-5ad9e936778e e124de1400654fbfb360735380b661f0 d787df2b71d8404d8a98bbf8b027a876 - - - -] volume service is down. (host: rack02-server66@lvm-1)
2022-08-29 21:40:28.810 7 WARNING cinder.scheduler.host_manager [None req-7bab08f1-f05f-47fd-bcad-60b2b1f2b4cf 6ace5f7e0e504237b8cc738d060201ac 3697966bcdff48329f48eaf555ed39ce - - - -] volume service is down. (host: rack02-server66@lvm-1)
2022-08-29 21:40:31.697 7 WARNING cinder.scheduler.host_manager [None req-9ff9af0a-e679-4567-913e-bb6bd0d476ec 4a63b1695ae04861bbc7bff3bca38ed1 d123fd020d654f4e929979b9db905a33 - - - -] volume service is down. (host: rack02-server66@lvm-1)
2022-08-29 21:40:36.714 7 WARNING cinder.scheduler.host_manager [None req-a805339a-3f53-4f89-8979-6f852c4e8050 6ace5f7e0e504237b8cc738d060201ac 3697966bcdff48329f48eaf555ed39ce - - - -] volume service is down. (host: rack02-server66@lvm-1)
2022-08-29 21:40:38.164 7 WARNING cinder.scheduler.host_manager [None req-55321ec0-9a16-459a-98c8-fc74533d0668 e124de1400654fbfb360735380b661f0 d787df2b71d8404d8a98bbf8b027a876 - - - -] volume service is down. (host: rack02-server66@lvm-1)
2022-08-29 21:40:40.399 7 WARNING cinder.scheduler.host_manager [None req-9ed047ce-4b64-40c4-b874-0493c07c02a5 e124de1400654fbfb360735380b661f0 d787df2b71d8404d8a98bbf8b027a876 - - - -] volume service is down. (host: rack02-server66@lvm-1)
2022-08-29 21:40:41.251 7 WARNING cinder.scheduler.host_manager [None req-625e34b9-326a-40ab-b8de-f2b7a25cd73f 293f14d7778c413e821636d959b20f14 9f25b1defec149ea899a7a98bb024c7d - - - -] volume service is down. (host: rack02-server66@lvm-1)
2022-08-29 21:40:42.633 7 WARNING cinder.scheduler.host_manager [None req-8882b10d-49c9-48e3-8eb5-d3bac97714f2 e124de1400654fbfb360735380b661f0 d787df2b71d8404d8a98bbf8b027a876 - - - -] volume service is down. (host: rack02-server66@lvm-1)
2022-08-29 21:40:44.867 7 WARNING cinder.scheduler.host_manager [None req-9a9dcdb9-8c1a-4dc8-8d09-6258eb20ca81 293f14d7778c413e821636d959b20f14 9f25b1defec149ea899a7a98bb024c7d - - - -] volume service is down. (host: rack02-server66@lvm-1)
2022-08-29 21:40:46.594 7 WARNING cinder.scheduler.host_manager [None req-b8ecb9b6-9ee9-4305-9f84-0879f5a16695 bc82a9605668462daeaf1efc096f9a9b 8be36eb56fab455f98fe16775fde3bb8 - - - -] volume service is down. (host: rack02-server66@lvm-1)
2022-08-29 21:40:47.937 7 WARNING cinder.scheduler.host_manager [None req-28324fd2-5a46-4cb6-9fee-974acff474cc bc82a9605668462daeaf1efc096f9a9b 8be36eb56fab455f98fe16775fde3bb8 - - - -] volume service is down. (host: rack02-server66@lvm-1)
2022-08-29 21:40:50.330 7 WARNING cinder.scheduler.host_manager [None req-7fd8f62a-91d1-4150-b15d-e4bc0c944a4c bc82a9605668462daeaf1efc096f9a9b 8be36eb56fab455f98fe16775fde3bb8 - - - -] volume service is down. (host: rack02-server66@lvm-1)
2022-08-29 21:40:51.822 7 WARNING cinder.scheduler.host_manager [None req-c1438e52-4cc8-4141-8ee6-c7829778b557 e124de1400654fbfb360735380b661f0 d787df2b71d8404d8a98bbf8b027a876 - - - -] volume service is down. (host: rack02-server66@lvm-1)
2022-08-29 21:40:54.599 7 WARNING cinder.scheduler.host_manager [None req-765aea44-130c-47b1-bff6-ac90a504d0bf d5dcac4234f54b358d4ffaa2a9a65fe0 e05b5d709f8346f5bc916d4bd7214034 - - - -] volume service is down. (host: rack02-server66@lvm-1)
2022-08-29 21:40:55.307 7 WARNING cinder.scheduler.host_manager [None req-aecf7856-b014-469e-abf5-212b4275bfdb e124de1400654fbfb360735380b661f0 d787df2b71d8404d8a98bbf8b027a876 - - - -] volume service is down. (host: rack02-server66@lvm-1)
2022-08-29 21:40:57.933 7 WARNING cinder.scheduler.host_manager [None req-2e0c3d8c-82f1-4af8-b0e3-4c8d5655ae7e d5dcac4234f54b358d4ffaa2a9a65fe0 e05b5d709f8346f5bc916d4bd7214034 - - - -] volume service is down. (host: rack02-server66@lvm-1)
2022-08-29 21:40:59.882 7 WARNING cinder.scheduler.host_manager [None req-9fd34454-1169-4f5a-9f25-6236b066de47 e7ba5fab905c4711be94f0dfc93caf38 7cb1b91af84548c28113164fd0223eb3 - - - -] volume service is down. (host: rack02-server66@lvm-1)
2022-08-29 21:41:04.294 7 WARNING cinder.scheduler.host_manager [None req-16c02b3a-c741-4fe2-b696-5940933c2f17 e124de1400654fbfb360735380b661f0 d787df2b71d8404d8a98bbf8b027a876 - - - -] volume service is down. (host: rack02-server66@lvm-1)
2022-08-29 21:41:05.570 7 WARNING cinder.scheduler.host_manager [None req-802effc2-d9a5-40b6-bcfb-72f0abfea4b3 7ba10c7a13be4562b81d21dbfbcbb68f 75ab1df73c4c4ef8bd03135fc5abd19d - - - -] volume service is down. (host: rack02-server66@lvm-1)
2022-08-29 21:41:06.534 7 WARNING cinder.scheduler.host_manager [None req-83ca1cc3-5b97-45f9-a4c3-0fedc9faf18f e124de1400654fbfb360735380b661f0 d787df2b71d8404d8a98bbf8b027a876 - - - -] volume service is down. (host: rack02-server66@lvm-1)
2022-08-29 21:41:14.456 7 WARNING cinder.scheduler.host_manager [None req-036183d2-0964-4190-95f1-69802d338832 7d8c348592bf4ee981c5911373a1018a d976af352ec041389d22237f5d4dc80c - - - -] volume service is down. (host: rack02-server66@lvm-1)
2022-08-29 21:41:15.714 7 WARNING cinder.scheduler.host_manager [None req-a646bb28-cdad-40a1-9fe8-3e6743aa1d5c 7d8c348592bf4ee981c5911373a1018a d976af352ec041389d22237f5d4dc80c - - - -] volume service is down. (host: rack02-server66@lvm-1)
2022-08-29 21:41:15.820 7 WARNING cinder.scheduler.host_manager [None req-d4d1c2d0-4698-422e-aac0-2536d20d8d47 e124de1400654fbfb360735380b661f0 d787df2b71d8404d8a98bbf8b027a876 - - - -] volume service is down. (host: rack02-server66@lvm-1)
2022-08-29 21:41:17.243 7 WARNING cinder.scheduler.host_manager [None req-fd91b5b1-97c4-4553-b040-f24a338a8df4 e124de1400654fbfb360735380b661f0 d787df2b71d8404d8a98bbf8b027a876 - - - -] volume service is down. (host: rack02-server66@lvm-1)
2022-08-29 21:41:17.950 7 WARNING cinder.scheduler.host_manager [None req-30ed1f33-64b9-4bdf-9dfd-bd311003a831 7d8c348592bf4ee981c5911373a1018a d976af352ec041389d22237f5d4dc80c - - - -] volume service is down. (host: rack02-server66@lvm-1)
2022-08-29 21:41:19.652 7 WARNING cinder.scheduler.host_manager [None req-36a28df0-a736-462c-a482-3cfccd065692 e124de1400654fbfb360735380b661f0 d787df2b71d8404d8a98bbf8b027a876 - - - -] volume service is down. (host: rack02-server66@lvm-1)
2022-08-29 21:41:20.168 7 WARNING cinder.scheduler.host_manager [None req-705fc9ac-ea46-44fb-949f-3c12c77c9ce7 7d8c348592bf4ee981c5911373a1018a d976af352ec041389d22237f5d4dc80c - - - -] volume service is down. (host: rack02-server66@lvm-1)
2022-08-29 21:41:22.144 7 WARNING cinder.scheduler.host_manager [None req-8b463a4a-2b14-48d2-a105-975eca88d6fb e124de1400654fbfb360735380b661f0 d787df2b71d8404d8a98bbf8b027a876 - - - -] volume service is down. (host: rack02-server66@lvm-1)
2022-08-29 21:41:23.356 7 WARNING cinder.scheduler.host_manager [None req-05588b7f-d49f-4c95-9430-ec7e33707b70 e124de1400654fbfb360735380b661f0 d787df2b71d8404d8a98bbf8b027a876 - - - -] volume service is down. (host: rack02-server66@lvm-1)
2022-08-29 21:41:25.728 7 WARNING cinder.scheduler.host_manager [None req-62ff7860-562a-496b-aa70-399f1c66cff3 e124de1400654fbfb360735380b661f0 d787df2b71d8404d8a98bbf8b027a876 - - - -] volume service is down. (host: rack02-server66@lvm-1)
2022-08-29 21:41:39.907 7 WARNING cinder.scheduler.host_manager [None req-bfa56a74-5e8b-4a08-b071-05e1f99eae13 c908a4cbd01046799950fb598c73df3f cf6edd187a8741a0a66fcb5a51335d58 - - - -] volume service is down. (host: rack02-server66@lvm-1)
2022-08-29 21:41:41.128 7 WARNING cinder.scheduler.host_manager [None req-0b730e2b-9a5d-4b02-8b77-e3dd9ba9bff6 c908a4cbd01046799950fb598c73df3f cf6edd187a8741a0a66fcb5a51335d58 - - - -] volume service is down. (host: rack02-server66@lvm-1)
2022-08-29 21:41:44.459 7 WARNING cinder.scheduler.host_manager [None req-5e644a9b-77ab-4277-800f-6b7a9e60b5b0 c46479fb42e5423a91335a911c173721 0894737348f24c01881caf98f27c1fbe - - - -] volume service is down. (host: rack02-server66@lvm-1)
2022-08-29 21:41:56.420 7 WARNING cinder.scheduler.host_manager [None req-0cf796ef-3390-4525-b0b6-e65a3a7c93e9 c46479fb42e5423a91335a911c173721 0894737348f24c01881caf98f27c1fbe - - - -] volume service is down. (host: rack02-server66@lvm-1)
2022-08-29 21:42:02.014 7 WARNING cinder.scheduler.host_manager [None req-0bf1828e-0131-4fa3-92e3-a5f2c3358130 c46479fb42e5423a91335a911c173721 0894737348f24c01881caf98f27c1fbe - - - -] volume service is down. (host: rack02-server66@lvm-1)
2022-08-29 21:42:03.371 7 WARNING cinder.scheduler.host_manager [None req-48bf34a9-db0c-442d-9334-3a33346dccb1 c46479fb42e5423a91335a911c173721 0894737348f24c01881caf98f27c1fbe - - - -] volume service is down. (host: rack02-server66@lvm-1)
2022-08-29 21:42:18.705 7 WARNING cinder.scheduler.host_manager [None req-9de691ca-eaac-4c5b-9f50-2fba9c7af7e5 7aa5efaa536f43cab4afaa7818881f61 fa65afb4ded24fc0a933cc01b70a1b54 - - - -] volume service is down. (host: rack02-server66@lvm-1)
2022-08-29 21:42:18.757 7 WARNING cinder.scheduler.host_manager [None req-ac303753-ba51-48f7-a3d4-7f74c87dd512 ec496d5e1ae048e68377a00a6b892b8b 0055603de27c475d89bcf03c8745afaa - - - -] volume service is down. (host: rack02-server66@lvm-1)
2022-08-29 21:42:18.800 7 WARNING cinder.scheduler.host_manager [None req-abe231db-2307-448f-9299-0071a6cbf609 e7dbe8dd0fac40e89271c284a6246db6 bf50805a1e6c48e6b53f79df2399d6c7 - - - -] volume service is down. (host: rack02-server66@lvm-1)
2022-08-29 21:42:18.878 7 WARNING cinder.scheduler.host_manager [None req-037610f1-ddf8-4abc-912b-467964d972d5 7aa5efaa536f43cab4afaa7818881f61 fa65afb4ded24fc0a933cc01b70a1b54 - - - -] volume service is down. (host: rack02-server66@lvm-1)
2022-08-29 21:42:19.036 7 WARNING cinder.scheduler.host_manager [None req-e709ad7a-3487-4e24-ab7f-33a43d11fa1a 7aa5efaa536f43cab4afaa7818881f61 fa65afb4ded24fc0a933cc01b70a1b54 - - - -] volume service is down. (host: rack02-server66@lvm-1)
2022-08-29 21:42:19.221 7 WARNING cinder.scheduler.host_manager [None req-61b462fd-8c83-4348-9a77-4502aa015028 7aa5efaa536f43cab4afaa7818881f61 fa65afb4ded24fc0a933cc01b70a1b54 - - - -] volume service is down. (host: rack02-server66@lvm-1)
2022-08-29 21:42:19.431 7 WARNING cinder.scheduler.host_manager [None req-361d9409-5684-4266-9df6-75d38d1d92b3 7aa5efaa536f43cab4afaa7818881f61 fa65afb4ded24fc0a933cc01b70a1b54 - - - -] volume service is down. (host: rack02-server66@lvm-1)
2022-08-29 21:42:19.895 7 WARNING cinder.scheduler.host_manager [None req-36e7e807-9a07-4251-a6d3-e3c5ed7213ab ec496d5e1ae048e68377a00a6b892b8b 0055603de27c475d89bcf03c8745afaa - - - -] volume service is down. (host: rack02-server66@lvm-1)
2022-08-29 21:42:20.014 7 WARNING cinder.scheduler.host_manager [None req-f2807f22-9871-4384-a38c-0947f50082fd e7dbe8dd0fac40e89271c284a6246db6 bf50805a1e6c48e6b53f79df2399d6c7 - - - -] volume service is down. (host: rack02-server66@lvm-1)
2022-08-29 21:42:20.202 7 WARNING cinder.scheduler.host_manager [None req-1a5a18cf-7912-4cfb-8cd2-0e3afb1c973e e7dbe8dd0fac40e89271c284a6246db6 bf50805a1e6c48e6b53f79df2399d6c7 - - - -] volume service is down. (host: rack02-server66@lvm-1)
2022-08-29 21:42:20.380 7 WARNING cinder.scheduler.host_manager [None req-2313191d-6d5f-409e-b566-535ae221ce70 e7dbe8dd0fac40e89271c284a6246db6 bf50805a1e6c48e6b53f79df2399d6c7 - - - -] volume service is down. (host: rack02-server66@lvm-1)
2022-08-29 21:42:20.563 7 WARNING cinder.scheduler.host_manager [None req-61e8aa18-ca4e-4616-930c-3efa6faba263 e7dbe8dd0fac40e89271c284a6246db6 bf50805a1e6c48e6b53f79df2399d6c7 - - - -] volume service is down. (host: rack02-server66@lvm-1)
2022-08-29 21:42:20.767 7 WARNING cinder.scheduler.host_manager [None req-cf8e5caa-1bbc-4af3-a13d-aad8c45b6bf1 e7dbe8dd0fac40e89271c284a6246db6 bf50805a1e6c48e6b53f79df2399d6c7 - - - -] volume service is down. (host: rack02-server66@lvm-1)
2022-08-29 21:42:22.244 7 WARNING cinder.scheduler.host_manager [None req-04d90043-0056-4a59-b29e-9402d20a5d6c ec496d5e1ae048e68377a00a6b892b8b 0055603de27c475d89bcf03c8745afaa - - - -] volume service is down. (host: rack02-server66@lvm-1)
2022-08-29 21:42:22.395 7 WARNING cinder.scheduler.host_manager [None req-41bdd0b7-9f7e-4d3e-abd0-b9f6dfb934ba ec496d5e1ae048e68377a00a6b892b8b 0055603de27c475d89bcf03c8745afaa - - - -] volume service is down. (host: rack02-server66@lvm-1)
2022-08-29 21:42:22.593 7 WARNING cinder.scheduler.host_manager [None req-371fcb5a-84e8-473d-97b7-50839ec70d79 ec496d5e1ae048e68377a00a6b892b8b 0055603de27c475d89bcf03c8745afaa - - - -] volume service is down. (host: rack02-server66@lvm-1)
2022-08-29 21:42:22.785 7 WARNING cinder.scheduler.host_manager [None req-ba7a8f7d-4803-48a8-9421-bda697030b62 ec496d5e1ae048e68377a00a6b892b8b 0055603de27c475d89bcf03c8745afaa - - - -] volume service is down. (host: rack02-server66@lvm-1)
2022-08-29 21:42:22.981 7 WARNING cinder.scheduler.host_manager [None req-992c8ce6-4965-4579-93c3-aa3b4fff997e ec496d5e1ae048e68377a00a6b892b8b 0055603de27c475d89bcf03c8745afaa - - - -] volume service is down. (host: rack02-server66@lvm-1)
2022-08-29 21:42:30.939 7 WARNING cinder.scheduler.host_manager [None req-edcd7078-7d44-4964-a4cc-265fc1b8eb07 48dad24542424b84ac5222d1c10991e3 18e7cdd4aa744351af8b108fafa36f82 - - - -] volume service is down. (host: rack02-server66@lvm-1)
2022-08-29 21:42:33.352 7 WARNING cinder.scheduler.host_manager [None req-b698ce6c-006f-4778-9eff-6269ff91b49c 48dad24542424b84ac5222d1c10991e3 18e7cdd4aa744351af8b108fafa36f82 - - - -] volume service is down. (host: rack02-server66@lvm-1)
2022-08-29 21:42:35.677 7 WARNING cinder.scheduler.host_manager [None req-95edd84a-7fb4-440c-a4e3-bee2b1023ad3 48dad24542424b84ac5222d1c10991e3 18e7cdd4aa744351af8b108fafa36f82 - - - -] volume service is down. (host: rack02-server66@lvm-1)
