Build Started 26_07_2022_08_54_12
2022-07-26 11:56:16.115 7 WARNING cinder.scheduler.host_manager [req-5a17a277-87cb-4619-9605-6f95af82a21f 946059a13929476199bff17ec596323e 337c3d9c864c4e70a06819497ceaa352 - - -] volume service is down. (host: rack03-server59@lvm-1)
2022-07-26 11:56:16.227 7 WARNING cinder.scheduler.host_manager [req-7a1a50fe-de3c-42fc-991e-16a293ee99e1 610e474085a34e58abacdff28163d77c 19f3d697cbb44acdbf735eb80a6bf031 - - -] volume service is down. (host: rack03-server59@lvm-1)
2022-07-26 11:56:17.532 7 WARNING cinder.scheduler.host_manager [req-7991b0e7-b060-425a-8a9e-18f297bcb14e 946059a13929476199bff17ec596323e 337c3d9c864c4e70a06819497ceaa352 - - -] volume service is down. (host: rack03-server59@lvm-1)
2022-07-26 11:56:20.206 7 WARNING cinder.scheduler.host_manager [req-618948cf-44c3-4561-878f-97159d5979b6 946059a13929476199bff17ec596323e 337c3d9c864c4e70a06819497ceaa352 - - -] volume service is down. (host: rack03-server59@lvm-1)
2022-07-26 11:56:26.204 7 WARNING cinder.scheduler.host_manager [req-a3981035-7bc4-4b85-a077-91f83c06bc0f 38e6f85f7f6147538499f2540cb93552 d950c0d31f36430fb91ee5fc8628de18 - - -] volume service is down. (host: rack03-server59@lvm-1)
2022-07-26 11:56:26.211 7 WARNING cinder.scheduler.host_manager [req-a3981035-7bc4-4b85-a077-91f83c06bc0f 38e6f85f7f6147538499f2540cb93552 d950c0d31f36430fb91ee5fc8628de18 - - -] volume service is down. (host: rack03-server59@lvm-1)
2022-07-26 11:56:27.618 7 WARNING cinder.scheduler.host_manager [req-952bb927-32c5-4765-957c-61d50683c75f 38e6f85f7f6147538499f2540cb93552 d950c0d31f36430fb91ee5fc8628de18 - - -] volume service is down. (host: rack03-server59@lvm-1)
2022-07-26 11:56:31.638 7 WARNING cinder.scheduler.host_manager [req-1b5e93f0-ed05-49be-b7f7-5d1a538beaf0 e6cce9a070af4ba39db9007e2b6ce060 163d9254c4734b148667c6fb478aca51 - - -] volume service is down. (host: rack03-server59@lvm-1)
2022-07-26 11:56:31.644 7 WARNING cinder.scheduler.host_manager [req-1b5e93f0-ed05-49be-b7f7-5d1a538beaf0 e6cce9a070af4ba39db9007e2b6ce060 163d9254c4734b148667c6fb478aca51 - - -] volume service is down. (host: rack03-server59@lvm-1)
2022-07-26 11:56:33.040 7 WARNING cinder.scheduler.host_manager [req-5d42e0a9-d1e2-4032-9d8b-64701fe38e67 e6cce9a070af4ba39db9007e2b6ce060 163d9254c4734b148667c6fb478aca51 - - -] volume service is down. (host: rack03-server59@lvm-1)
2022-07-26 11:56:37.751 7 WARNING cinder.scheduler.host_manager [req-8ebbc61a-70db-40b3-8d97-662402009943 e6cce9a070af4ba39db9007e2b6ce060 163d9254c4734b148667c6fb478aca51 - - -] volume service is down. (host: rack03-server59@lvm-1)
2022-07-26 11:56:43.380 7 WARNING cinder.scheduler.host_manager [req-0f413054-e963-4bf9-a980-1a51df424368 e6cce9a070af4ba39db9007e2b6ce060 163d9254c4734b148667c6fb478aca51 - - -] volume service is down. (host: rack03-server59@lvm-1)
2022-07-26 11:56:43.388 7 WARNING cinder.scheduler.host_manager [req-0f413054-e963-4bf9-a980-1a51df424368 e6cce9a070af4ba39db9007e2b6ce060 163d9254c4734b148667c6fb478aca51 - - -] volume service is down. (host: rack03-server59@lvm-1)
2022-07-26 11:56:44.746 7 WARNING cinder.scheduler.host_manager [req-e559d637-7eef-411d-9931-d8f6e3e33edd e6cce9a070af4ba39db9007e2b6ce060 163d9254c4734b148667c6fb478aca51 - - -] volume service is down. (host: rack03-server59@lvm-1)
2022-07-26 11:56:45.795 7 WARNING cinder.scheduler.host_manager [req-a3600782-3ef2-4cf8-adcc-1fcb5d5d1f0a 35dfbfe039094724821b84703a992558 24c1b587834a488db17323c0dbd283e1 - - -] volume service is down. (host: rack03-server59@lvm-1)
2022-07-26 11:56:45.803 7 WARNING cinder.scheduler.host_manager [req-a3600782-3ef2-4cf8-adcc-1fcb5d5d1f0a 35dfbfe039094724821b84703a992558 24c1b587834a488db17323c0dbd283e1 - - -] volume service is down. (host: rack03-server59@lvm-1)
2022-07-26 11:56:46.996 7 WARNING cinder.scheduler.host_manager [req-b12dcf60-284e-4e81-8893-15da46065fd4 35dfbfe039094724821b84703a992558 24c1b587834a488db17323c0dbd283e1 - - -] volume service is down. (host: rack03-server59@lvm-1)
2022-07-26 11:56:47.003 7 WARNING cinder.scheduler.host_manager [req-b12dcf60-284e-4e81-8893-15da46065fd4 35dfbfe039094724821b84703a992558 24c1b587834a488db17323c0dbd283e1 - - -] volume service is down. (host: rack03-server59@lvm-1)
2022-07-26 11:56:47.233 7 WARNING cinder.scheduler.host_manager [req-920833bf-008b-404c-8c89-979140e4143c e6cce9a070af4ba39db9007e2b6ce060 163d9254c4734b148667c6fb478aca51 - - -] volume service is down. (host: rack03-server59@lvm-1)
2022-07-26 11:56:47.432 7 WARNING cinder.scheduler.host_manager [req-77979676-e322-4f5a-90e9-2ebe95b03494 610e474085a34e58abacdff28163d77c 19f3d697cbb44acdbf735eb80a6bf031 - - -] volume service is down. (host: rack03-server59@lvm-1)
2022-07-26 11:56:48.418 7 WARNING cinder.scheduler.host_manager [req-2a39e186-9199-4548-bcc6-fc07a3b854a8 35dfbfe039094724821b84703a992558 24c1b587834a488db17323c0dbd283e1 - - -] volume service is down. (host: rack03-server59@lvm-1)
2022-07-26 11:56:53.683 7 WARNING cinder.scheduler.host_manager [req-3febaad0-fcd1-44f5-8d0f-83a3667c1882 35dfbfe039094724821b84703a992558 24c1b587834a488db17323c0dbd283e1 - - -] volume service is down. (host: rack03-server59@lvm-1)
2022-07-26 11:56:53.690 7 WARNING cinder.scheduler.host_manager [req-3febaad0-fcd1-44f5-8d0f-83a3667c1882 35dfbfe039094724821b84703a992558 24c1b587834a488db17323c0dbd283e1 - - -] volume service is down. (host: rack03-server59@lvm-1)
2022-07-26 11:56:55.048 7 WARNING cinder.scheduler.host_manager [req-86f1d022-eff6-4d3f-9608-4e33b15dff8b 35dfbfe039094724821b84703a992558 24c1b587834a488db17323c0dbd283e1 - - -] volume service is down. (host: rack03-server59@lvm-1)
2022-07-26 11:56:57.520 7 WARNING cinder.scheduler.host_manager [req-435ca940-f7b3-4fc4-aa94-9abebfc8a308 35dfbfe039094724821b84703a992558 24c1b587834a488db17323c0dbd283e1 - - -] volume service is down. (host: rack03-server59@lvm-1)
2022-07-26 11:57:00.507 7 WARNING cinder.scheduler.host_manager [req-4dd898a2-0f67-4a55-b846-bacc67fbc89d e6cce9a070af4ba39db9007e2b6ce060 163d9254c4734b148667c6fb478aca51 - - -] volume service is down. (host: rack03-server59@lvm-1)
2022-07-26 11:57:00.514 7 WARNING cinder.scheduler.host_manager [req-4dd898a2-0f67-4a55-b846-bacc67fbc89d e6cce9a070af4ba39db9007e2b6ce060 163d9254c4734b148667c6fb478aca51 - - -] volume service is down. (host: rack03-server59@lvm-1)
2022-07-26 11:57:01.875 7 WARNING cinder.scheduler.host_manager [req-8f6f3a5e-e4db-481b-905e-05f35f84d01b e6cce9a070af4ba39db9007e2b6ce060 163d9254c4734b148667c6fb478aca51 - - -] volume service is down. (host: rack03-server59@lvm-1)
2022-07-26 11:57:09.307 7 WARNING cinder.scheduler.host_manager [req-7b2c013a-02a3-4e75-919a-402928b795ef 6b3e04a9fbf74c3d86747bb6bb1f54e1 9fb76115eecc4940978598a4d6c3699c - - -] volume service is down. (host: rack03-server59@lvm-1)
2022-07-26 11:57:09.315 7 WARNING cinder.scheduler.host_manager [req-7b2c013a-02a3-4e75-919a-402928b795ef 6b3e04a9fbf74c3d86747bb6bb1f54e1 9fb76115eecc4940978598a4d6c3699c - - -] volume service is down. (host: rack03-server59@lvm-1)
2022-07-26 11:57:10.727 7 WARNING cinder.scheduler.host_manager [req-3a9c8fd5-381a-4620-8dfa-258c414ba7cc 6b3e04a9fbf74c3d86747bb6bb1f54e1 9fb76115eecc4940978598a4d6c3699c - - -] volume service is down. (host: rack03-server59@lvm-1)
2022-07-26 11:57:13.065 7 WARNING cinder.scheduler.host_manager [req-a455aea2-b5f6-46fb-9961-5e1d5164cfad 6b3e04a9fbf74c3d86747bb6bb1f54e1 9fb76115eecc4940978598a4d6c3699c - - -] volume service is down. (host: rack03-server59@lvm-1)
2022-07-26 11:57:14.857 7 WARNING cinder.scheduler.host_manager [req-0a8d7556-a36b-42b8-a59f-d7560fc4a810 a94afe99e1174ef9be1d5394a45ea30b 18eefff099c046a1a60af79f9f3a0470 - - -] volume service is down. (host: rack03-server59@lvm-1)
2022-07-26 11:57:14.863 7 WARNING cinder.scheduler.host_manager [req-0a8d7556-a36b-42b8-a59f-d7560fc4a810 a94afe99e1174ef9be1d5394a45ea30b 18eefff099c046a1a60af79f9f3a0470 - - -] volume service is down. (host: rack03-server59@lvm-1)
2022-07-26 11:57:22.565 7 WARNING cinder.scheduler.host_manager [req-9d67a463-7086-41d0-bc7d-b2c3a9a88a4a 30e863e0e05e446691f0dad882d148da d80dbb5125ab4499ae0c32562690e155 - - -] volume service is down. (host: rack03-server59@lvm-1)
2022-07-26 11:57:30.255 7 WARNING cinder.scheduler.host_manager [req-be697d53-9a59-459e-854b-0f41d46f0c3f b7734a527c1e4903a0bb998c40285a8c c860b27e83ac40019177fcbfe59c7e56 - - -] volume service is down. (host: rack03-server59@lvm-1)
2022-07-26 11:57:32.659 7 WARNING cinder.scheduler.host_manager [req-c00fdb8e-e50e-421e-81c5-23cd4695824d b7734a527c1e4903a0bb998c40285a8c c860b27e83ac40019177fcbfe59c7e56 - - -] volume service is down. (host: rack03-server59@lvm-1)
2022-07-26 11:57:53.599 7 WARNING cinder.scheduler.host_manager [req-697e89a5-7299-4c60-b141-0018e9e2652b f140ecaf6eab4c60b1b5c8f45c107701 dbba8c7a2d9a443980b35e617a85c463 - - -] volume service is down. (host: rack03-server59@lvm-1)
2022-07-26 11:58:00.480 7 WARNING cinder.scheduler.host_manager [req-78030280-2ed4-4870-814c-8aff44a9d411 24939df5afa04209a1b99b2c31313835 5ff4e364033144078e54da74ea3483f5 - - -] volume service is down. (host: rack03-server59@lvm-1)
2022-07-26 11:58:00.879 7 WARNING cinder.scheduler.host_manager [req-22889a0a-802a-4fd2-b500-b4e037779e8e 610e474085a34e58abacdff28163d77c 19f3d697cbb44acdbf735eb80a6bf031 - - -] volume service is down. (host: rack03-server59@lvm-1)
2022-07-26 11:58:02.818 7 WARNING cinder.scheduler.host_manager [req-51577b10-2be2-4a47-8276-94d409a86004 24939df5afa04209a1b99b2c31313835 5ff4e364033144078e54da74ea3483f5 - - -] volume service is down. (host: rack03-server59@lvm-1)
2022-07-26 11:58:03.098 7 WARNING cinder.scheduler.host_manager [req-e34615a9-a3cd-4091-bcf4-c118f9f38600 57a086e153c0427a9ef96f7a576eddc1 7bd2077752894e798813ba09047fcd08 - - -] volume service is down. (host: rack03-server59@lvm-1)
2022-07-26 11:58:05.080 7 WARNING cinder.scheduler.host_manager [req-675ef9b5-9083-43af-bcbc-99e548eb8354 24939df5afa04209a1b99b2c31313835 5ff4e364033144078e54da74ea3483f5 - - -] volume service is down. (host: rack03-server59@lvm-1)
2022-07-26 11:58:08.692 7 WARNING cinder.scheduler.host_manager [req-2062e197-5852-498a-bcf5-35acf6a5f96b 24939df5afa04209a1b99b2c31313835 5ff4e364033144078e54da74ea3483f5 - - -] volume service is down. (host: rack03-server59@lvm-1)
2022-07-26 11:58:08.786 7 WARNING cinder.scheduler.host_manager [req-59f3d294-558d-4c46-b062-2ef23acf8d81 57a086e153c0427a9ef96f7a576eddc1 7bd2077752894e798813ba09047fcd08 - - -] volume service is down. (host: rack03-server59@lvm-1)
2022-07-26 11:58:10.977 7 WARNING cinder.scheduler.host_manager [req-0a1f9f84-ad3d-4a1f-b2be-3682fafa8555 24939df5afa04209a1b99b2c31313835 5ff4e364033144078e54da74ea3483f5 - - -] volume service is down. (host: rack03-server59@lvm-1)
2022-07-26 11:58:12.430 7 WARNING cinder.scheduler.host_manager [req-cbc0ed73-5aef-410d-8220-27e7626d4628 57a086e153c0427a9ef96f7a576eddc1 7bd2077752894e798813ba09047fcd08 - - -] volume service is down. (host: rack03-server59@lvm-1)
2022-07-26 11:58:13.403 7 WARNING cinder.scheduler.host_manager [req-55f3f8ac-738f-4be2-b6d4-11583d21ef71 24939df5afa04209a1b99b2c31313835 5ff4e364033144078e54da74ea3483f5 - - -] volume service is down. (host: rack03-server59@lvm-1)
2022-07-26 11:58:16.081 7 WARNING cinder.scheduler.host_manager [req-dbfeaad2-0d41-4d8e-943e-e9ff66c80fbc 57a086e153c0427a9ef96f7a576eddc1 7bd2077752894e798813ba09047fcd08 - - -] volume service is down. (host: rack03-server59@lvm-1)
2022-07-26 11:58:19.586 7 WARNING cinder.scheduler.host_manager [req-2e219418-24fd-435c-9a96-8682d8e05646 610e474085a34e58abacdff28163d77c 19f3d697cbb44acdbf735eb80a6bf031 - - -] volume service is down. (host: rack03-server59@lvm-1)
2022-07-26 11:58:19.787 7 WARNING cinder.scheduler.host_manager [req-da626dbe-298e-4bf5-a74a-cb6e804734d3 57a086e153c0427a9ef96f7a576eddc1 7bd2077752894e798813ba09047fcd08 - - -] volume service is down. (host: rack03-server59@lvm-1)
2022-07-26 11:58:23.452 7 WARNING cinder.scheduler.host_manager [req-030aea8b-d544-45b4-a0fc-0a920027b513 57a086e153c0427a9ef96f7a576eddc1 7bd2077752894e798813ba09047fcd08 - - -] volume service is down. (host: rack03-server59@lvm-1)
2022-07-26 11:58:24.570 7 WARNING cinder.scheduler.host_manager [req-f10a5ab7-fef2-4cb9-8ef9-4e634cee3128 750125f2c576482db6516441041c2a66 82672ebc668f4ba3968a41b8f50424e6 - - -] volume service is down. (host: rack03-server59@lvm-1)
2022-07-26 11:58:29.094 7 WARNING cinder.scheduler.host_manager [req-3e1cd2a0-6ea4-4385-85cb-3aa4ffae9357 750125f2c576482db6516441041c2a66 82672ebc668f4ba3968a41b8f50424e6 - - -] volume service is down. (host: rack03-server59@lvm-1)
2022-07-26 11:58:33.853 7 WARNING cinder.scheduler.host_manager [req-6d8daf3d-c00a-4276-81ee-2b464eb03f56 82d56e93d8ae4a20a2a518a6c3ad0b0e 51344ecfc2f94a27a5688ea22a5a1d5d - - -] volume service is down. (host: rack03-server59@lvm-1)
2022-07-26 11:58:34.730 7 WARNING cinder.scheduler.host_manager [req-17919026-dad0-4bdd-954f-1798ebbb599c 612d51058bd347a7bce6c4534fdb1811 709f8141c2524d15a4bb619543e4fe5a - - -] volume service is down. (host: rack03-server59@lvm-1)
2022-07-26 11:58:36.303 7 WARNING cinder.scheduler.host_manager [req-bb805cc9-36bb-4a65-874a-0ada4c4bc27b 82d56e93d8ae4a20a2a518a6c3ad0b0e 51344ecfc2f94a27a5688ea22a5a1d5d - - -] volume service is down. (host: rack03-server59@lvm-1)
2022-07-26 11:58:36.492 7 WARNING cinder.scheduler.host_manager [req-22dda849-f9a1-4139-aa69-719d725458a3 373ccd01a1cf44ed8ac913aa770623ef 789428d63c664a0785f42dc52b9d7ba4 - - -] volume service is down. (host: rack03-server59@lvm-1)
2022-07-26 11:58:37.128 7 WARNING cinder.scheduler.host_manager [req-6070c3f7-5d79-41ce-8dea-b51e00a2d49a 612d51058bd347a7bce6c4534fdb1811 709f8141c2524d15a4bb619543e4fe5a - - -] volume service is down. (host: rack03-server59@lvm-1)
2022-07-26 11:58:38.728 7 WARNING cinder.scheduler.host_manager [req-5460f855-a87c-4edc-837b-8f19806f55d4 82d56e93d8ae4a20a2a518a6c3ad0b0e 51344ecfc2f94a27a5688ea22a5a1d5d - - -] volume service is down. (host: rack03-server59@lvm-1)
2022-07-26 11:58:41.404 7 WARNING cinder.scheduler.host_manager [req-d1315110-dc2d-4750-9268-9d37e00c76cd da431b20cff94f7facc268adb548d2e4 89f797b0b75840119c0d5c6be16df2e5 - - -] volume service is down. (host: rack03-server59@lvm-1)
2022-07-26 11:58:44.147 7 WARNING cinder.scheduler.host_manager [req-4416e2f5-b11d-40f6-8643-8959951b69ad 9e26b672f7194aecb0542158e98793aa 64bb2da1a00b4bd48a26bb43db2e17dd - - -] volume service is down. (host: rack03-server59@lvm-1)
2022-07-26 11:58:52.444 7 WARNING cinder.scheduler.host_manager [req-a6d48c31-b44e-4e67-bd9d-702712b8cbc2 ae26e8e5f9b6408fb43dc2035a7005df 31c93faf08a4449ea22355dcdbb80345 - - -] volume service is down. (host: rack03-server59@lvm-1)
2022-07-26 11:58:52.482 7 WARNING cinder.scheduler.host_manager [req-d001807c-89bc-4495-93a8-e56e4b6555d4 ae26e8e5f9b6408fb43dc2035a7005df 31c93faf08a4449ea22355dcdbb80345 - - -] volume service is down. (host: rack03-server59@lvm-1)
2022-07-26 11:58:53.656 7 WARNING cinder.scheduler.host_manager [req-c76f6a12-ffd1-4dfc-8115-c49fa24fee8e 303718c4ee5442b086fd6f33ecf2e669 514fa51a47ed44dfabf6af28a76d5e7d - - -] volume service is down. (host: rack03-server59@lvm-1)
2022-07-26 11:58:55.943 7 WARNING cinder.scheduler.host_manager [req-67ebde83-1f57-4b05-aa82-ab3d4952f60a 303718c4ee5442b086fd6f33ecf2e669 514fa51a47ed44dfabf6af28a76d5e7d - - -] volume service is down. (host: rack03-server59@lvm-1)
2022-07-26 11:59:07.643 7 WARNING cinder.scheduler.host_manager [req-f8fb10cb-b495-4071-9303-84e4e7879169 99e525f52c314fc59757103e3aba748f 712808a7a1f340088f7a46749bdbd4ab - - -] volume service is down. (host: rack03-server59@lvm-1)
2022-07-26 11:59:10.425 7 WARNING cinder.scheduler.host_manager [req-2055b6da-ee69-474c-9e84-0846ef003e9b e0964259b2ca4f8d9bdf4627defff653 1111e62cdd7a4f549b4d4fa74a8c37d0 - - -] volume service is down. (host: rack03-server59@lvm-1)
2022-07-26 11:59:12.324 7 WARNING cinder.scheduler.host_manager [req-b45201aa-add2-4032-8ca8-9d6bc9fa7ab5 99e525f52c314fc59757103e3aba748f 712808a7a1f340088f7a46749bdbd4ab - - -] volume service is down. (host: rack03-server59@lvm-1)
2022-07-26 11:59:12.740 7 WARNING cinder.scheduler.host_manager [req-c5dde060-2248-400e-a19d-c4121313f97b e0964259b2ca4f8d9bdf4627defff653 1111e62cdd7a4f549b4d4fa74a8c37d0 - - -] volume service is down. (host: rack03-server59@lvm-1)
2022-07-26 11:59:13.515 7 WARNING cinder.scheduler.host_manager [req-0ea30a04-7c9f-4dd0-ad37-eea392364fd4 5929f21a39114591b87724905b4f0472 5d5ab71913d84de1b972f4fb4a74bd2c - - -] volume service is down. (host: rack03-server59@lvm-1)
2022-07-26 11:59:15.291 7 WARNING cinder.scheduler.host_manager [req-220d0281-b5e8-4065-91a7-e418fb2518b7 e0964259b2ca4f8d9bdf4627defff653 1111e62cdd7a4f549b4d4fa74a8c37d0 - - -] volume service is down. (host: rack03-server59@lvm-1)
2022-07-26 11:59:18.815 7 WARNING cinder.scheduler.host_manager [req-707ef80b-19dd-4763-98a8-1b9fb86cfdf9 e0964259b2ca4f8d9bdf4627defff653 1111e62cdd7a4f549b4d4fa74a8c37d0 - - -] volume service is down. (host: rack03-server59@lvm-1)
2022-07-26 11:59:19.940 7 WARNING cinder.scheduler.host_manager [req-d1bf72c6-e80b-43bd-af80-d77e52d0b8ae e4a68a10b58947368a65f656f454aa6a de0cb238363145cfac5c5e29a1a10fc0 - - -] volume service is down. (host: rack03-server59@lvm-1)
2022-07-26 11:59:21.853 7 WARNING cinder.scheduler.host_manager [req-ebf90a06-8e6c-4992-b916-bd2dacb4e747 fbae74edaf094b46a73372f5d1c3bf53 396127a811744831a41c7510e46a4129 - - -] volume service is down. (host: rack03-server59@lvm-1)
2022-07-26 11:59:22.352 7 WARNING cinder.scheduler.host_manager [req-882677e5-7d90-4fa6-b8f2-b3f6cef00f05 e0964259b2ca4f8d9bdf4627defff653 1111e62cdd7a4f549b4d4fa74a8c37d0 - - -] volume service is down. (host: rack03-server59@lvm-1)
2022-07-26 11:59:25.884 7 WARNING cinder.scheduler.host_manager [req-2d982aad-7be5-42c9-9f8c-1bf159db9ff3 e0964259b2ca4f8d9bdf4627defff653 1111e62cdd7a4f549b4d4fa74a8c37d0 - - -] volume service is down. (host: rack03-server59@lvm-1)
2022-07-26 11:59:30.823 7 WARNING cinder.scheduler.host_manager [req-f3a14c96-e9c8-465a-bde8-cb1b45423449 fbae74edaf094b46a73372f5d1c3bf53 396127a811744831a41c7510e46a4129 - - -] volume service is down. (host: rack03-server59@lvm-1)
2022-07-26 11:59:36.106 7 WARNING cinder.scheduler.host_manager [req-60c7ad82-433f-4459-a3d6-3d2590328d1d e4a68a10b58947368a65f656f454aa6a de0cb238363145cfac5c5e29a1a10fc0 - - -] volume service is down. (host: rack03-server59@lvm-1)
2022-07-26 11:59:37.322 7 WARNING cinder.scheduler.host_manager [req-5de061db-e8f9-4fc9-b445-1f1ba036ef91 b1b5a5cec0164218ab3293f8d87715a1 48cdcc1241ee437ba16e344a01014f53 - - -] volume service is down. (host: rack03-server59@lvm-1)
2022-07-26 11:59:37.323 7 INFO cinder.scheduler.base_filter [req-5de061db-e8f9-4fc9-b445-1f1ba036ef91 b1b5a5cec0164218ab3293f8d87715a1 48cdcc1241ee437ba16e344a01014f53 - - -] Filtering removed all hosts for the request with volume ID '5914c973-f532-41ea-903f-8dcbcf241ea8'. Filter results: AvailabilityZoneFilter: (start: 1, end: 1), CapacityFilter: (start: 1, end: 1), CapabilitiesFilter: (start: 1, end: 0)
2022-07-26 11:59:37.324 7 WARNING cinder.scheduler.filter_scheduler [req-5de061db-e8f9-4fc9-b445-1f1ba036ef91 b1b5a5cec0164218ab3293f8d87715a1 48cdcc1241ee437ba16e344a01014f53 - - -] No weighed backend found for volume with properties: {'id': '7cc71582-7f94-4348-9eea-d8fb11a250ec', 'name': 'tempest-UserMessagesTest-volume-type-1652200169', 'description': None, 'is_public': True, 'projects': [], 'extra_specs': {'storage_protocol': 'tempest-storage_protocol-1853867732', 'vendor_name': 'tempest-vendor_name-1569620624'}, 'qos_specs_id': None, 'created_at': '2022-07-26T08:59:36.000000', 'updated_at': None, 'deleted_at': None, 'deleted': False}
2022-07-26 11:59:37.324 7 INFO cinder.message.api [req-5de061db-e8f9-4fc9-b445-1f1ba036ef91 b1b5a5cec0164218ab3293f8d87715a1 48cdcc1241ee437ba16e344a01014f53 - - -] Creating message record for request_id = req-5de061db-e8f9-4fc9-b445-1f1ba036ef91
2022-07-26 11:59:37.330 7 ERROR cinder.scheduler.flows.create_volume [req-5de061db-e8f9-4fc9-b445-1f1ba036ef91 b1b5a5cec0164218ab3293f8d87715a1 48cdcc1241ee437ba16e344a01014f53 - - -] Failed to run task cinder.scheduler.flows.create_volume.ScheduleCreateVolumeTask;volume:create: No valid backend was found. No weighed backends available: cinder.exception.NoValidBackend: No valid backend was found. No weighed backends available
2022-07-26 11:59:38.826 7 WARNING cinder.scheduler.host_manager [req-0f778d62-bc29-44e0-b060-8250572fa01a b1b5a5cec0164218ab3293f8d87715a1 48cdcc1241ee437ba16e344a01014f53 - - -] volume service is down. (host: rack03-server59@lvm-1)
2022-07-26 11:59:38.827 7 INFO cinder.scheduler.base_filter [req-0f778d62-bc29-44e0-b060-8250572fa01a b1b5a5cec0164218ab3293f8d87715a1 48cdcc1241ee437ba16e344a01014f53 - - -] Filtering removed all hosts for the request with volume ID 'ccfb5108-b7ac-402f-821e-32fb3f5f6921'. Filter results: AvailabilityZoneFilter: (start: 1, end: 1), CapacityFilter: (start: 1, end: 1), CapabilitiesFilter: (start: 1, end: 0)
2022-07-26 11:59:38.828 7 WARNING cinder.scheduler.filter_scheduler [req-0f778d62-bc29-44e0-b060-8250572fa01a b1b5a5cec0164218ab3293f8d87715a1 48cdcc1241ee437ba16e344a01014f53 - - -] No weighed backend found for volume with properties: {'id': '73014f2f-224d-49fe-9ce1-5eb83ccc6b07', 'name': 'tempest-UserMessagesTest-volume-type-99416022', 'description': None, 'is_public': True, 'projects': [], 'extra_specs': {'storage_protocol': 'tempest-storage_protocol-1251627539', 'vendor_name': 'tempest-vendor_name-1329597130'}, 'qos_specs_id': None, 'created_at': '2022-07-26T08:59:38.000000', 'updated_at': None, 'deleted_at': None, 'deleted': False}
2022-07-26 11:59:38.828 7 INFO cinder.message.api [req-0f778d62-bc29-44e0-b060-8250572fa01a b1b5a5cec0164218ab3293f8d87715a1 48cdcc1241ee437ba16e344a01014f53 - - -] Creating message record for request_id = req-0f778d62-bc29-44e0-b060-8250572fa01a
2022-07-26 11:59:38.833 7 ERROR cinder.scheduler.flows.create_volume [req-0f778d62-bc29-44e0-b060-8250572fa01a b1b5a5cec0164218ab3293f8d87715a1 48cdcc1241ee437ba16e344a01014f53 - - -] Failed to run task cinder.scheduler.flows.create_volume.ScheduleCreateVolumeTask;volume:create: No valid backend was found. No weighed backends available: cinder.exception.NoValidBackend: No valid backend was found. No weighed backends available
2022-07-26 11:59:39.614 7 WARNING cinder.scheduler.host_manager [req-7ef04799-f2ad-4f8a-9741-31658785afd5 e4a68a10b58947368a65f656f454aa6a de0cb238363145cfac5c5e29a1a10fc0 - - -] volume service is down. (host: rack03-server59@lvm-1)
2022-07-26 11:59:41.757 7 WARNING cinder.scheduler.host_manager [req-7a70cd58-80f5-4931-aee7-4bc55a70eb4d 1e2ff236ac2e44db9e51ef8b3a862eb4 093e36a6a7f741e49bb9c2aadeb500be - - -] volume service is down. (host: rack03-server59@lvm-1)
2022-07-26 11:59:42.055 7 WARNING cinder.scheduler.host_manager [req-b28bee1e-4a58-42d2-970e-4c3d7f13bc88 e4a68a10b58947368a65f656f454aa6a de0cb238363145cfac5c5e29a1a10fc0 - - -] volume service is down. (host: rack03-server59@lvm-1)
2022-07-26 11:59:48.002 7 WARNING cinder.scheduler.host_manager [req-d8cf0161-7edc-449b-bc29-62e48e32aeb3 29a97c18ce8a41449d1732166dc2cc9c 111da48c3d3542c9b1f687389661c805 - - -] volume service is down. (host: rack03-server59@lvm-1)
2022-07-26 11:59:51.645 7 WARNING cinder.scheduler.host_manager [req-a0a7260b-9139-4840-92d1-e675eb41124c 29a97c18ce8a41449d1732166dc2cc9c 111da48c3d3542c9b1f687389661c805 - - -] volume service is down. (host: rack03-server59@lvm-1)
2022-07-26 11:59:53.146 7 WARNING cinder.scheduler.host_manager [req-e8e59022-60d7-44b3-bd29-728eb2ff821f b9c3c3b3ce834198b5d60fadfbad20b4 6c9118dbeda3476ab88eb19caee3eaf2 - - -] volume service is down. (host: rack03-server59@lvm-1)
2022-07-26 11:59:55.593 7 WARNING cinder.scheduler.host_manager [req-bf1d889e-b211-4363-894a-bead88d0d63c b9c3c3b3ce834198b5d60fadfbad20b4 6c9118dbeda3476ab88eb19caee3eaf2 - - -] volume service is down. (host: rack03-server59@lvm-1)
2022-07-26 11:59:57.011 7 WARNING cinder.scheduler.host_manager [req-c12df1ba-aa34-4f15-b9fd-f382d821decb 1e2ff236ac2e44db9e51ef8b3a862eb4 093e36a6a7f741e49bb9c2aadeb500be - - -] volume service is down. (host: rack03-server59@lvm-1)
2022-07-26 11:59:58.027 7 WARNING cinder.scheduler.host_manager [req-f984e328-8e8a-4b24-9845-9794a8c246fc b9c3c3b3ce834198b5d60fadfbad20b4 6c9118dbeda3476ab88eb19caee3eaf2 - - -] volume service is down. (host: rack03-server59@lvm-1)
2022-07-26 11:59:58.417 7 WARNING cinder.scheduler.host_manager [req-b844e522-be13-4eab-8613-c4655136213f 1e2ff236ac2e44db9e51ef8b3a862eb4 093e36a6a7f741e49bb9c2aadeb500be - - -] volume service is down. (host: rack03-server59@lvm-1)
2022-07-26 12:00:00.707 7 WARNING cinder.scheduler.host_manager [req-e168e64a-9376-430f-9440-7a828766678d 1e2ff236ac2e44db9e51ef8b3a862eb4 093e36a6a7f741e49bb9c2aadeb500be - - -] volume service is down. (host: rack03-server59@lvm-1)
2022-07-26 12:00:02.354 7 WARNING cinder.scheduler.host_manager [req-7231822c-3561-4723-b6f4-62cea9d5a584 fc59811f43db4edebe02727b168004a0 85612d1837cd460fa8cea03e2a1c8f81 - - -] volume service is down. (host: rack03-server59@lvm-1)
2022-07-26 12:00:02.954 7 WARNING cinder.scheduler.host_manager [req-399deecb-bf4d-477a-b87a-365d0c28e6cc 1e2ff236ac2e44db9e51ef8b3a862eb4 093e36a6a7f741e49bb9c2aadeb500be - - -] volume service is down. (host: rack03-server59@lvm-1)
2022-07-26 12:00:08.523 7 WARNING cinder.scheduler.host_manager [req-056d9c61-857e-4c8e-b415-7b5b25aa24fa 42cebefaf08140bc9ca875a02461a4ee 3823cdb915fd4ce98caed573807f0bf6 - - -] volume service is down. (host: rack03-server59@lvm-1)
2022-07-26 12:00:10.779 7 WARNING cinder.scheduler.host_manager [req-c24b62ac-b23d-4a35-b017-4ac501c8b85c 7b3cbce788c042148084ba6bf45c641b 28bdc637ff834de19c0fd13360001b41 - - -] volume service is down. (host: rack03-server59@lvm-1)
2022-07-26 12:00:12.222 7 WARNING cinder.scheduler.host_manager [req-4b93599f-e1ae-484f-aa0e-e81229d8a8e0 989df52c6b704e34b83d4e3337873c03 4f3cf12f5eaf40e49111ad0d1455b880 - - -] volume service is down. (host: rack03-server59@lvm-1)
2022-07-26 12:00:13.403 7 WARNING cinder.scheduler.host_manager [req-0b924482-e1ae-40d5-949f-fabb7174e09b 7b3cbce788c042148084ba6bf45c641b 28bdc637ff834de19c0fd13360001b41 - - -] volume service is down. (host: rack03-server59@lvm-1)
2022-07-26 12:00:16.479 7 WARNING cinder.scheduler.host_manager [req-d9f1162d-a5fe-49b8-836c-573df60d1f76 42cebefaf08140bc9ca875a02461a4ee 3823cdb915fd4ce98caed573807f0bf6 - - -] volume service is down. (host: rack03-server59@lvm-1)
2022-07-26 12:00:18.153 7 WARNING cinder.scheduler.host_manager [req-e8a3b7ee-0f91-476a-ad4d-86ac58fc5eea 7b3cbce788c042148084ba6bf45c641b 28bdc637ff834de19c0fd13360001b41 - - -] volume service is down. (host: rack03-server59@lvm-1)
2022-07-26 12:00:21.010 7 WARNING cinder.scheduler.host_manager [req-58670c91-db45-43ad-84ce-7a51e003995b 7b3cbce788c042148084ba6bf45c641b 28bdc637ff834de19c0fd13360001b41 - - -] volume service is down. (host: rack03-server59@lvm-1)
2022-07-26 12:00:21.379 7 WARNING cinder.scheduler.host_manager [req-0188f549-bc1b-4127-b180-55d774ff695c f8ca652a52414834ac8accbab41c5b8a ea77b3b4abce4059a397abdbec1147d6 - - -] volume service is down. (host: rack03-server59@lvm-1)
2022-07-26 12:00:23.688 7 WARNING cinder.scheduler.host_manager [req-81b299e8-9436-48b1-8e9b-47da26364524 f8ca652a52414834ac8accbab41c5b8a ea77b3b4abce4059a397abdbec1147d6 - - -] volume service is down. (host: rack03-server59@lvm-1)
2022-07-26 12:00:24.714 7 WARNING cinder.scheduler.host_manager [req-335db873-93e6-489d-84e8-bf9307559d60 7b3cbce788c042148084ba6bf45c641b 28bdc637ff834de19c0fd13360001b41 - - -] volume service is down. (host: rack03-server59@lvm-1)
2022-07-26 12:00:29.590 7 WARNING cinder.scheduler.host_manager [req-424c5bfc-ae79-4c5b-a7fa-93e8e0b379ee 7b3cbce788c042148084ba6bf45c641b 28bdc637ff834de19c0fd13360001b41 - - -] volume service is down. (host: rack03-server59@lvm-1)
2022-07-26 12:00:32.478 7 WARNING cinder.scheduler.host_manager [req-05d51723-72f7-48b8-8c16-8a738927c7c5 c48f48125a9247efb5011303aeb4d051 c3ce888543d54f1b8b2de49a81659b16 - - -] volume service is down. (host: rack03-server59@lvm-1)
2022-07-26 12:00:35.084 7 WARNING cinder.scheduler.host_manager [req-92a97580-9525-4f2c-ba7e-88a271684c6e 42cebefaf08140bc9ca875a02461a4ee 3823cdb915fd4ce98caed573807f0bf6 - - -] volume service is down. (host: rack03-server59@lvm-1)
2022-07-26 12:00:37.348 7 WARNING cinder.scheduler.host_manager [req-cd3b335b-d1ae-4d01-ac90-21077a131184 42cebefaf08140bc9ca875a02461a4ee 3823cdb915fd4ce98caed573807f0bf6 - - -] volume service is down. (host: rack03-server59@lvm-1)
2022-07-26 12:00:39.600 7 WARNING cinder.scheduler.host_manager [req-52b4ff19-006b-46b7-a8bd-055c2a16db4e 42cebefaf08140bc9ca875a02461a4ee 3823cdb915fd4ce98caed573807f0bf6 - - -] volume service is down. (host: rack03-server59@lvm-1)
2022-07-26 12:00:42.842 7 WARNING cinder.scheduler.host_manager [req-bc39b1ac-8911-4d13-bdd2-9fcb326de316 7b3cbce788c042148084ba6bf45c641b 28bdc637ff834de19c0fd13360001b41 - - -] volume service is down. (host: rack03-server59@lvm-1)
2022-07-26 12:00:48.867 7 WARNING cinder.scheduler.host_manager [req-a5a10d27-afcc-4e74-893e-be64e20b61e7 42cebefaf08140bc9ca875a02461a4ee 3823cdb915fd4ce98caed573807f0bf6 - - -] volume service is down. (host: rack03-server59@lvm-1)
2022-07-26 12:00:51.881 7 WARNING cinder.scheduler.host_manager [req-456fd969-6a1b-4442-ad86-a2497825ffa8 3651272db33d41528007649b5d46808a cb34310df7b64932aa45269ff8a1eb70 - - -] volume service is down. (host: rack03-server59@lvm-1)
2022-07-26 12:00:52.358 7 WARNING cinder.scheduler.host_manager [req-9dee4b2b-7ca4-44b0-b30c-bfbc2cb8af86 42cebefaf08140bc9ca875a02461a4ee 3823cdb915fd4ce98caed573807f0bf6 - - -] volume service is down. (host: rack03-server59@lvm-1)
2022-07-26 12:00:54.189 7 WARNING cinder.scheduler.host_manager [req-056b1c26-5422-410e-b217-8d20e7e9dced 3651272db33d41528007649b5d46808a cb34310df7b64932aa45269ff8a1eb70 - - -] volume service is down. (host: rack03-server59@lvm-1)
2022-07-26 12:00:55.872 7 WARNING cinder.scheduler.host_manager [req-86c93e63-eb8b-4cf1-8204-804e17e59e26 36263d14569249f8bf2b1e98cfed2a07 69d32b55e3d54e78bf62eaa1d97f6416 - - -] volume service is down. (host: rack03-server59@lvm-1)
2022-07-26 12:00:56.439 7 WARNING cinder.scheduler.host_manager [req-04b68c55-a4db-4556-8825-668aac26590f 3651272db33d41528007649b5d46808a cb34310df7b64932aa45269ff8a1eb70 - - -] volume service is down. (host: rack03-server59@lvm-1)
2022-07-26 12:00:58.699 7 WARNING cinder.scheduler.host_manager [req-737970da-a616-422c-a188-5621d9dab534 3651272db33d41528007649b5d46808a cb34310df7b64932aa45269ff8a1eb70 - - -] volume service is down. (host: rack03-server59@lvm-1)
2022-07-26 12:01:01.343 7 WARNING cinder.scheduler.host_manager [req-ee0ae381-7324-4dcf-a352-e8154902a209 42cebefaf08140bc9ca875a02461a4ee 3823cdb915fd4ce98caed573807f0bf6 - - -] volume service is down. (host: rack03-server59@lvm-1)
2022-07-26 12:01:03.596 7 WARNING cinder.scheduler.host_manager [req-10b3f0d8-5c3d-4431-bd69-5bd5d2c10f5d 42cebefaf08140bc9ca875a02461a4ee 3823cdb915fd4ce98caed573807f0bf6 - - -] volume service is down. (host: rack03-server59@lvm-1)
2022-07-26 12:01:06.042 7 WARNING cinder.scheduler.host_manager [req-285900a6-293e-4b7e-b21d-1538847b560b a1d03589f37f4d799fb33cb5125f2989 369ecae2dbcd41b3a642c48c2dfd7947 - - -] volume service is down. (host: rack03-server59@lvm-1)
2022-07-26 12:01:09.265 7 WARNING cinder.scheduler.host_manager [req-a36d30a7-7f6d-4033-82c4-498738a8fefc 43309fa1cf5b4160bedeaa69f512857d 21dbb9c92ce546e2a52a5af6dbf3f860 - - -] volume service is down. (host: rack03-server59@lvm-1)
2022-07-26 12:01:11.567 7 WARNING cinder.scheduler.host_manager [req-7d9b559f-93b1-478b-bf8d-423f327dcbc2 43309fa1cf5b4160bedeaa69f512857d 21dbb9c92ce546e2a52a5af6dbf3f860 - - -] volume service is down. (host: rack03-server59@lvm-1)
2022-07-26 12:01:12.964 7 WARNING cinder.scheduler.host_manager [req-c5067cf5-73db-41f9-9756-f7401c6b8b9b 42cebefaf08140bc9ca875a02461a4ee 3823cdb915fd4ce98caed573807f0bf6 - - -] volume service is down. (host: rack03-server59@lvm-1)
2022-07-26 12:01:15.247 7 WARNING cinder.scheduler.host_manager [req-0ff9e735-881f-4698-bd3f-fa86974c06ad 42cebefaf08140bc9ca875a02461a4ee 3823cdb915fd4ce98caed573807f0bf6 - - -] volume service is down. (host: rack03-server59@lvm-1)
2022-07-26 12:01:17.678 7 WARNING cinder.scheduler.host_manager [req-da947423-f841-43c4-bb00-215d89d497a0 42cebefaf08140bc9ca875a02461a4ee 3823cdb915fd4ce98caed573807f0bf6 - - -] volume service is down. (host: rack03-server59@lvm-1)
2022-07-26 12:01:21.323 7 WARNING cinder.scheduler.host_manager [req-b0ddd77f-e20e-4d4d-b59e-a19b9ab31d50 42cebefaf08140bc9ca875a02461a4ee 3823cdb915fd4ce98caed573807f0bf6 - - -] volume service is down. (host: rack03-server59@lvm-1)
2022-07-26 12:01:23.603 7 WARNING cinder.scheduler.host_manager [req-dffbe93c-2841-438e-ade7-6ff7144f7f06 42cebefaf08140bc9ca875a02461a4ee 3823cdb915fd4ce98caed573807f0bf6 - - -] volume service is down. (host: rack03-server59@lvm-1)
2022-07-26 12:01:26.020 7 WARNING cinder.scheduler.host_manager [req-5f944ca2-1426-4eee-b277-55fae2e8a019 42cebefaf08140bc9ca875a02461a4ee 3823cdb915fd4ce98caed573807f0bf6 - - -] volume service is down. (host: rack03-server59@lvm-1)
2022-07-26 12:01:44.154 7 WARNING cinder.scheduler.host_manager [req-c617e30f-62af-4bd3-bce9-81cce175c6fa d3b55071b0f24fd9be1ecb018a13bf26 f9458fedab7a466f8fbbf592a1b13f6b - - -] volume service is down. (host: rack03-server59@lvm-1)
2022-07-26 12:01:44.217 7 WARNING cinder.scheduler.host_manager [req-8dec4161-d0d6-483d-a3c8-22b7be969caf ae9030bf47d340bca3077a00ae5cfda4 9171d74033554d2da3ae3424a38b165e - - -] volume service is down. (host: rack03-server59@lvm-1)
2022-07-26 12:01:44.219 7 WARNING cinder.scheduler.host_manager [req-7ac8a6b8-02e4-4a75-bc03-7028015fff1d 6707a1874b734412857a282a32238627 b9d2e890448b423b8c8db20062882b5d - - -] volume service is down. (host: rack03-server59@lvm-1)
2022-07-26 12:01:44.330 7 WARNING cinder.scheduler.host_manager [req-94d81d79-9924-4134-8488-0cf42b2b062f d3b55071b0f24fd9be1ecb018a13bf26 f9458fedab7a466f8fbbf592a1b13f6b - - -] volume service is down. (host: rack03-server59@lvm-1)
2022-07-26 12:01:44.546 7 WARNING cinder.scheduler.host_manager [req-35b896ea-f176-4c41-a1b3-946648e456aa d3b55071b0f24fd9be1ecb018a13bf26 f9458fedab7a466f8fbbf592a1b13f6b - - -] volume service is down. (host: rack03-server59@lvm-1)
2022-07-26 12:01:44.776 7 WARNING cinder.scheduler.host_manager [req-a143bd92-ea25-4829-ba21-31119d210714 d3b55071b0f24fd9be1ecb018a13bf26 f9458fedab7a466f8fbbf592a1b13f6b - - -] volume service is down. (host: rack03-server59@lvm-1)
2022-07-26 12:01:44.999 7 WARNING cinder.scheduler.host_manager [req-f53b9f9f-83d0-4c88-b407-a892e53224bd d3b55071b0f24fd9be1ecb018a13bf26 f9458fedab7a466f8fbbf592a1b13f6b - - -] volume service is down. (host: rack03-server59@lvm-1)
2022-07-26 12:01:45.406 7 WARNING cinder.scheduler.host_manager [req-b3449c37-e97d-4a2c-86d6-11c8fb88ff08 6707a1874b734412857a282a32238627 b9d2e890448b423b8c8db20062882b5d - - -] volume service is down. (host: rack03-server59@lvm-1)
2022-07-26 12:01:45.472 7 WARNING cinder.scheduler.host_manager [req-953fe6a5-81ed-47d4-9be9-1a5a7adc8d35 ae9030bf47d340bca3077a00ae5cfda4 9171d74033554d2da3ae3424a38b165e - - -] volume service is down. (host: rack03-server59@lvm-1)
2022-07-26 12:01:45.688 7 WARNING cinder.scheduler.host_manager [req-c542c1fc-8ea3-4fa2-90ed-ff75693e7b60 ae9030bf47d340bca3077a00ae5cfda4 9171d74033554d2da3ae3424a38b165e - - -] volume service is down. (host: rack03-server59@lvm-1)
2022-07-26 12:01:45.898 7 WARNING cinder.scheduler.host_manager [req-6b17fc02-5b04-4c1e-b0ab-dd98c64278c0 ae9030bf47d340bca3077a00ae5cfda4 9171d74033554d2da3ae3424a38b165e - - -] volume service is down. (host: rack03-server59@lvm-1)
2022-07-26 12:01:46.123 7 WARNING cinder.scheduler.host_manager [req-a2586e47-bc4d-4502-8ccc-0351c351f711 ae9030bf47d340bca3077a00ae5cfda4 9171d74033554d2da3ae3424a38b165e - - -] volume service is down. (host: rack03-server59@lvm-1)
2022-07-26 12:01:46.348 7 WARNING cinder.scheduler.host_manager [req-991bc847-c535-4b63-821f-63bd5a9f56eb ae9030bf47d340bca3077a00ae5cfda4 9171d74033554d2da3ae3424a38b165e - - -] volume service is down. (host: rack03-server59@lvm-1)
2022-07-26 12:01:47.767 7 WARNING cinder.scheduler.host_manager [req-ae655bcf-1728-4ebc-8a90-55a890760b10 6707a1874b734412857a282a32238627 b9d2e890448b423b8c8db20062882b5d - - -] volume service is down. (host: rack03-server59@lvm-1)
2022-07-26 12:01:47.987 7 WARNING cinder.scheduler.host_manager [req-b91edf83-2efc-4ade-be11-875b44bd9479 6707a1874b734412857a282a32238627 b9d2e890448b423b8c8db20062882b5d - - -] volume service is down. (host: rack03-server59@lvm-1)
2022-07-26 12:01:48.205 7 WARNING cinder.scheduler.host_manager [req-5760f83d-5958-483e-a509-5e7472ecc58d 6707a1874b734412857a282a32238627 b9d2e890448b423b8c8db20062882b5d - - -] volume service is down. (host: rack03-server59@lvm-1)
2022-07-26 12:01:48.443 7 WARNING cinder.scheduler.host_manager [req-34af6678-8c57-4679-a169-6b47e88277e4 6707a1874b734412857a282a32238627 b9d2e890448b423b8c8db20062882b5d - - -] volume service is down. (host: rack03-server59@lvm-1)
2022-07-26 12:01:48.657 7 WARNING cinder.scheduler.host_manager [req-de2f3986-90ec-4f8f-9095-95fee5217507 6707a1874b734412857a282a32238627 b9d2e890448b423b8c8db20062882b5d - - -] volume service is down. (host: rack03-server59@lvm-1)
2022-07-26 12:01:55.615 7 WARNING cinder.scheduler.host_manager [req-26ee4c37-2db4-49db-b7ca-ce0f0c1a49cc 9e5628de0d674cf99ab3770dc0f49d33 9dc5da76bc3a417ebcb95837e30eee0d - - -] volume service is down. (host: rack03-server59@lvm-1)
2022-07-26 12:01:58.049 7 WARNING cinder.scheduler.host_manager [req-21e6a101-024a-41c8-9ead-211452fb36e8 9e5628de0d674cf99ab3770dc0f49d33 9dc5da76bc3a417ebcb95837e30eee0d - - -] volume service is down. (host: rack03-server59@lvm-1)
2022-07-26 12:02:00.385 7 WARNING cinder.scheduler.host_manager [req-3918f3cc-8aed-40e2-8d8b-0597af897a8c 9e5628de0d674cf99ab3770dc0f49d33 9dc5da76bc3a417ebcb95837e30eee0d - - -] volume service is down. (host: rack03-server59@lvm-1)
