Build Started 07_06_2024_17_02_58
2024-06-07 17:04:52.771 7 WARNING cinder.scheduler.host_manager [None req-ffc11b8e-714a-4cae-9139-26c15e3c3be2 f705e1cf49fe49c2bceb0cb80ed387ba 6a60a911c4564254998f70e5edfedb93 - - - -] volume service is down. (host: rack13-server79@lvm-1)
2024-06-07 17:04:52.806 7 WARNING cinder.scheduler.host_manager [req-8bb338a7-f139-4b28-90d9-f89aa19e5f27 req-2d1220c5-6649-4f28-8f51-b21fe8688740 9229e86728c34c0797ef71f3d4bad762 090755f8ec194893ac16db26ac2ef9f2 - - - -] volume service is down. (host: rack13-server79@lvm-1)
2024-06-07 17:04:54.461 7 WARNING cinder.scheduler.host_manager [None req-34f53658-1caa-475b-9686-e4ccd6c10f45 f705e1cf49fe49c2bceb0cb80ed387ba 6a60a911c4564254998f70e5edfedb93 - - - -] volume service is down. (host: rack13-server79@lvm-1)
2024-06-07 17:04:55.309 7 WARNING cinder.scheduler.host_manager [req-041cca34-16a6-477d-8ad5-edcc4dc83aea req-02069035-1948-47c4-94b3-538f9bf25710 9229e86728c34c0797ef71f3d4bad762 090755f8ec194893ac16db26ac2ef9f2 - - - -] volume service is down. (host: rack13-server79@lvm-1)
2024-06-07 17:04:56.978 7 WARNING cinder.scheduler.host_manager [None req-1e346c9b-a412-448f-a092-6e4c37a1763f f705e1cf49fe49c2bceb0cb80ed387ba 6a60a911c4564254998f70e5edfedb93 - - - -] volume service is down. (host: rack13-server79@lvm-1)
2024-06-07 17:04:57.972 7 WARNING cinder.scheduler.host_manager [None req-5520c80b-eb58-4265-8cd5-758ae89262c4 0d69ab98287842d383461507d5659b4e 4122c5c91a5f4ff291a64d89c551c30c - - - -] volume service is down. (host: rack13-server79@lvm-1)
2024-06-07 17:04:58.013 7 WARNING cinder.scheduler.host_manager [None req-92e96292-ba67-4185-8d38-735bdced855f 0d69ab98287842d383461507d5659b4e 4122c5c91a5f4ff291a64d89c551c30c - - - -] volume service is down. (host: rack13-server79@lvm-1)
2024-06-07 17:05:03.606 7 WARNING cinder.scheduler.host_manager [req-aa52859d-85f3-4245-a778-ebeae42f1dcb req-cd8e5437-1323-47e6-963b-f89425af754c 8eb4bac26df242898820b84386d15d1a fa978f059d854c04b4d79d64bf0680e9 - - - -] volume service is down. (host: rack13-server79@lvm-1)
2024-06-07 17:05:08.845 7 WARNING cinder.scheduler.host_manager [None req-3eb3a3d2-2314-48e3-a70b-fe20706e5c89 339ebbe769cb46de8e8fa3ca45cafa5d 14efa1c6d51a4fe4a30eb4dea67a4e07 - - - -] volume service is down. (host: rack13-server79@lvm-1)
2024-06-07 17:05:08.854 7 WARNING cinder.scheduler.host_manager [None req-3eb3a3d2-2314-48e3-a70b-fe20706e5c89 339ebbe769cb46de8e8fa3ca45cafa5d 14efa1c6d51a4fe4a30eb4dea67a4e07 - - - -] volume service is down. (host: rack13-server79@lvm-1)
2024-06-07 17:05:09.838 7 WARNING cinder.scheduler.host_manager [None req-0d1e5108-d778-48cd-a161-e8ae7a7c9026 3ff4c9a60e7a4ebcaad1701cd2ce52d2 a94aa1a832ad434f8f41040b5f45b9ab - - - -] volume service is down. (host: rack13-server79@lvm-1)
2024-06-07 17:05:09.848 7 WARNING cinder.scheduler.host_manager [None req-0d1e5108-d778-48cd-a161-e8ae7a7c9026 3ff4c9a60e7a4ebcaad1701cd2ce52d2 a94aa1a832ad434f8f41040b5f45b9ab - - - -] volume service is down. (host: rack13-server79@lvm-1)
2024-06-07 17:05:10.263 7 WARNING cinder.scheduler.host_manager [None req-f5421847-dacf-4a2a-9e5a-9557f998509f 339ebbe769cb46de8e8fa3ca45cafa5d 14efa1c6d51a4fe4a30eb4dea67a4e07 - - - -] volume service is down. (host: rack13-server79@lvm-1)
2024-06-07 17:05:11.251 7 WARNING cinder.scheduler.host_manager [None req-3e066f1b-37d8-43ba-b68b-bfc3ea663b75 3ff4c9a60e7a4ebcaad1701cd2ce52d2 a94aa1a832ad434f8f41040b5f45b9ab - - - -] volume service is down. (host: rack13-server79@lvm-1)
2024-06-07 17:05:11.793 7 WARNING cinder.scheduler.host_manager [None req-6813f876-af79-45ce-9671-d697bed8daca 4faa39e7cd8d410a91325cf8d6c46927 f0b88e8d44a5462493c1b8439b250337 - - - -] volume service is down. (host: rack13-server79@lvm-1)
2024-06-07 17:05:11.803 7 WARNING cinder.scheduler.host_manager [None req-6813f876-af79-45ce-9671-d697bed8daca 4faa39e7cd8d410a91325cf8d6c46927 f0b88e8d44a5462493c1b8439b250337 - - - -] volume service is down. (host: rack13-server79@lvm-1)
2024-06-07 17:05:13.201 7 WARNING cinder.scheduler.host_manager [None req-eef3709f-2dfd-4c7d-8c0a-23c84e8fc0d9 4faa39e7cd8d410a91325cf8d6c46927 f0b88e8d44a5462493c1b8439b250337 - - - -] volume service is down. (host: rack13-server79@lvm-1)
2024-06-07 17:05:13.636 7 WARNING cinder.scheduler.host_manager [None req-381c4c43-b04f-484c-99a9-b42a8477177f 3ff4c9a60e7a4ebcaad1701cd2ce52d2 a94aa1a832ad434f8f41040b5f45b9ab - - - -] volume service is down. (host: rack13-server79@lvm-1)
2024-06-07 17:05:16.921 7 WARNING cinder.scheduler.host_manager [None req-55e5f05e-e38d-4494-8fbb-a0e2abe0788c 4faa39e7cd8d410a91325cf8d6c46927 f0b88e8d44a5462493c1b8439b250337 - - - -] volume service is down. (host: rack13-server79@lvm-1)
2024-06-07 17:05:22.673 7 WARNING cinder.scheduler.host_manager [None req-2cd14b5e-b04f-4660-b1ab-b193ed8ef032 4faa39e7cd8d410a91325cf8d6c46927 f0b88e8d44a5462493c1b8439b250337 - - - -] volume service is down. (host: rack13-server79@lvm-1)
2024-06-07 17:05:22.683 7 WARNING cinder.scheduler.host_manager [None req-2cd14b5e-b04f-4660-b1ab-b193ed8ef032 4faa39e7cd8d410a91325cf8d6c46927 f0b88e8d44a5462493c1b8439b250337 - - - -] volume service is down. (host: rack13-server79@lvm-1)
2024-06-07 17:05:24.055 7 WARNING cinder.scheduler.host_manager [None req-d477b50a-7273-4fa5-a8d6-9a13135045c0 4faa39e7cd8d410a91325cf8d6c46927 f0b88e8d44a5462493c1b8439b250337 - - - -] volume service is down. (host: rack13-server79@lvm-1)
2024-06-07 17:05:25.366 7 WARNING cinder.scheduler.host_manager [None req-7304e51b-9888-4c0e-b7a6-66226a75837f 7ff484c2f42f45979c000737f950a057 673845964e8348eb99b2b5b143f3130b - - - -] volume service is down. (host: rack13-server79@lvm-1)
2024-06-07 17:05:26.581 7 WARNING cinder.scheduler.host_manager [None req-320ad387-88e0-45fc-bf58-9303b85ed2e4 4faa39e7cd8d410a91325cf8d6c46927 f0b88e8d44a5462493c1b8439b250337 - - - -] volume service is down. (host: rack13-server79@lvm-1)
2024-06-07 17:05:26.619 7 WARNING cinder.scheduler.host_manager [None req-45c154d8-0d8c-4e35-9a1c-ad17d6d63b60 7ff484c2f42f45979c000737f950a057 673845964e8348eb99b2b5b143f3130b - - - -] volume service is down. (host: rack13-server79@lvm-1)
2024-06-07 17:05:29.050 7 WARNING cinder.scheduler.host_manager [None req-d097e622-0a6f-4b16-a39f-e33b47b37944 007295735d944b5c93bc3fceb719173c 7888923c34824dbb929f0360b87a0991 - - - -] volume service is down. (host: rack13-server79@lvm-1)
2024-06-07 17:05:29.060 7 WARNING cinder.scheduler.host_manager [None req-d097e622-0a6f-4b16-a39f-e33b47b37944 007295735d944b5c93bc3fceb719173c 7888923c34824dbb929f0360b87a0991 - - - -] volume service is down. (host: rack13-server79@lvm-1)
2024-06-07 17:05:29.279 7 WARNING cinder.scheduler.host_manager [None req-010eb3d8-6310-46c3-9e6a-93ba155fd0ee 7ff484c2f42f45979c000737f950a057 673845964e8348eb99b2b5b143f3130b - - - -] volume service is down. (host: rack13-server79@lvm-1)
2024-06-07 17:05:30.275 7 WARNING cinder.scheduler.host_manager [None req-5051d3f2-e00f-450b-96e4-5334b66c0e74 007295735d944b5c93bc3fceb719173c 7888923c34824dbb929f0360b87a0991 - - - -] volume service is down. (host: rack13-server79@lvm-1)
2024-06-07 17:05:30.285 7 WARNING cinder.scheduler.host_manager [None req-5051d3f2-e00f-450b-96e4-5334b66c0e74 007295735d944b5c93bc3fceb719173c 7888923c34824dbb929f0360b87a0991 - - - -] volume service is down. (host: rack13-server79@lvm-1)
2024-06-07 17:05:31.705 7 WARNING cinder.scheduler.host_manager [None req-48b68539-5ec4-4379-ba7b-def44736640d 007295735d944b5c93bc3fceb719173c 7888923c34824dbb929f0360b87a0991 - - - -] volume service is down. (host: rack13-server79@lvm-1)
2024-06-07 17:05:32.882 7 WARNING cinder.scheduler.host_manager [None req-670e6177-f6d4-4ba8-87a2-307ca3313484 7ff484c2f42f45979c000737f950a057 673845964e8348eb99b2b5b143f3130b - - - -] volume service is down. (host: rack13-server79@lvm-1)
2024-06-07 17:05:36.067 7 WARNING cinder.scheduler.host_manager [None req-c994d41e-d12e-4904-a56b-b4419a76f7e1 007295735d944b5c93bc3fceb719173c 7888923c34824dbb929f0360b87a0991 - - - -] volume service is down. (host: rack13-server79@lvm-1)
2024-06-07 17:05:36.077 7 WARNING cinder.scheduler.host_manager [None req-c994d41e-d12e-4904-a56b-b4419a76f7e1 007295735d944b5c93bc3fceb719173c 7888923c34824dbb929f0360b87a0991 - - - -] volume service is down. (host: rack13-server79@lvm-1)
2024-06-07 17:05:36.479 7 WARNING cinder.scheduler.host_manager [None req-54398d61-62da-48bc-9ac9-4be1d377e56a 7ff484c2f42f45979c000737f950a057 673845964e8348eb99b2b5b143f3130b - - - -] volume service is down. (host: rack13-server79@lvm-1)
2024-06-07 17:05:37.428 7 WARNING cinder.scheduler.host_manager [None req-908e5be5-5f7e-4281-a979-6590a3238186 007295735d944b5c93bc3fceb719173c 7888923c34824dbb929f0360b87a0991 - - - -] volume service is down. (host: rack13-server79@lvm-1)
2024-06-07 17:05:38.907 7 WARNING cinder.scheduler.host_manager [None req-34723d5d-0048-4bf0-a533-ce84baf68483 4faa39e7cd8d410a91325cf8d6c46927 f0b88e8d44a5462493c1b8439b250337 - - - -] volume service is down. (host: rack13-server79@lvm-1)
2024-06-07 17:05:38.916 7 WARNING cinder.scheduler.host_manager [None req-34723d5d-0048-4bf0-a533-ce84baf68483 4faa39e7cd8d410a91325cf8d6c46927 f0b88e8d44a5462493c1b8439b250337 - - - -] volume service is down. (host: rack13-server79@lvm-1)
2024-06-07 17:05:39.975 7 WARNING cinder.scheduler.host_manager [None req-c3a8a2e4-7713-464a-8122-cbf8b9ee1c84 007295735d944b5c93bc3fceb719173c 7888923c34824dbb929f0360b87a0991 - - - -] volume service is down. (host: rack13-server79@lvm-1)
2024-06-07 17:05:40.035 7 WARNING cinder.scheduler.host_manager [None req-d520d73c-3679-434d-8596-626a6ba56c05 7ff484c2f42f45979c000737f950a057 673845964e8348eb99b2b5b143f3130b - - - -] volume service is down. (host: rack13-server79@lvm-1)
2024-06-07 17:05:40.296 7 WARNING cinder.scheduler.host_manager [None req-4b7b5501-cfe4-46e0-a766-d642643e484c 4faa39e7cd8d410a91325cf8d6c46927 f0b88e8d44a5462493c1b8439b250337 - - - -] volume service is down. (host: rack13-server79@lvm-1)
2024-06-07 17:05:51.389 7 WARNING cinder.scheduler.host_manager [None req-d2d48c61-5e37-47d8-be82-40bb95dc5a40 f96c044abf4749d592b2b31c99ed5f0c 23b25b5d89a44a2382c939a9bc7a1df5 - - - -] volume service is down. (host: rack13-server79@lvm-1)
2024-06-07 17:05:51.396 7 WARNING cinder.scheduler.host_manager [None req-d2d48c61-5e37-47d8-be82-40bb95dc5a40 f96c044abf4749d592b2b31c99ed5f0c 23b25b5d89a44a2382c939a9bc7a1df5 - - - -] volume service is down. (host: rack13-server79@lvm-1)
2024-06-07 17:05:52.439 7 WARNING cinder.scheduler.host_manager [None req-cf88b431-454b-4168-949e-2bd168534a82 66dfa84e6ad34f75a505daae7edfe9fb c7ac48aa174541b5b806ef76645cb3a4 - - - -] volume service is down. (host: rack13-server79@lvm-1)
2024-06-07 17:05:52.441 7 INFO cinder.scheduler.base_filter [None req-cf88b431-454b-4168-949e-2bd168534a82 66dfa84e6ad34f75a505daae7edfe9fb c7ac48aa174541b5b806ef76645cb3a4 - - - -] Filtering removed all hosts for the request with volume ID 'fc1d1620-a416-41d3-868a-ba6332f58c19'. Filter results: AvailabilityZoneFilter: (start: 1, end: 1), CapacityFilter: (start: 1, end: 1), CapabilitiesFilter: (start: 1, end: 0)
2024-06-07 17:05:52.441 7 WARNING cinder.scheduler.filter_scheduler [None req-cf88b431-454b-4168-949e-2bd168534a82 66dfa84e6ad34f75a505daae7edfe9fb c7ac48aa174541b5b806ef76645cb3a4 - - - -] No weighed backend found for volume with properties: {'id': '38f5172f-4d44-42c6-91fc-263cca505a7d', 'name': 'tempest-UserMessagesTest-volume-type-778382618', 'description': None, 'is_public': True, 'projects': [], 'extra_specs': {'storage_protocol': 'tempest-storage_protocol-928188944', 'vendor_name': 'tempest-vendor_name-814940195'}, 'qos_specs_id': None, 'created_at': '2024-06-07T17:05:52.000000', 'updated_at': None, 'deleted_at': None, 'deleted': False}
2024-06-07 17:05:52.442 7 INFO cinder.message.api [None req-cf88b431-454b-4168-949e-2bd168534a82 66dfa84e6ad34f75a505daae7edfe9fb c7ac48aa174541b5b806ef76645cb3a4 - - - -] Creating message record for request_id = req-cf88b431-454b-4168-949e-2bd168534a82
2024-06-07 17:05:52.449 7 ERROR cinder.scheduler.flows.create_volume [None req-cf88b431-454b-4168-949e-2bd168534a82 66dfa84e6ad34f75a505daae7edfe9fb c7ac48aa174541b5b806ef76645cb3a4 - - - -] Failed to run task cinder.scheduler.flows.create_volume.ScheduleCreateVolumeTask;volume:create: No valid backend was found. No weighed backends available: cinder.exception.NoValidBackend: No valid backend was found. No weighed backends available
2024-06-07 17:05:53.917 7 WARNING cinder.scheduler.host_manager [None req-784f2836-e075-4ced-abbc-32888a6dae8a 0503469b65594ae68e738968125bcc9f 9adbdadc36e94ca289955d977564b263 - - - -] volume service is down. (host: rack13-server79@lvm-1)
2024-06-07 17:05:54.311 7 WARNING cinder.scheduler.host_manager [None req-8040fad0-0deb-4ba8-91c2-f86a3f90b435 66dfa84e6ad34f75a505daae7edfe9fb c7ac48aa174541b5b806ef76645cb3a4 - - - -] volume service is down. (host: rack13-server79@lvm-1)
2024-06-07 17:05:54.312 7 INFO cinder.scheduler.base_filter [None req-8040fad0-0deb-4ba8-91c2-f86a3f90b435 66dfa84e6ad34f75a505daae7edfe9fb c7ac48aa174541b5b806ef76645cb3a4 - - - -] Filtering removed all hosts for the request with volume ID '5334641f-991f-4cab-bee6-42d1d00455d4'. Filter results: AvailabilityZoneFilter: (start: 1, end: 1), CapacityFilter: (start: 1, end: 1), CapabilitiesFilter: (start: 1, end: 0)
2024-06-07 17:05:54.312 7 WARNING cinder.scheduler.filter_scheduler [None req-8040fad0-0deb-4ba8-91c2-f86a3f90b435 66dfa84e6ad34f75a505daae7edfe9fb c7ac48aa174541b5b806ef76645cb3a4 - - - -] No weighed backend found for volume with properties: {'id': '445d241e-7b4c-4393-9919-4ed697500bc8', 'name': 'tempest-UserMessagesTest-volume-type-248149662', 'description': None, 'is_public': True, 'projects': [], 'extra_specs': {'storage_protocol': 'tempest-storage_protocol-232110436', 'vendor_name': 'tempest-vendor_name-1445546639'}, 'qos_specs_id': None, 'created_at': '2024-06-07T17:05:53.000000', 'updated_at': None, 'deleted_at': None, 'deleted': False}
2024-06-07 17:05:54.313 7 INFO cinder.message.api [None req-8040fad0-0deb-4ba8-91c2-f86a3f90b435 66dfa84e6ad34f75a505daae7edfe9fb c7ac48aa174541b5b806ef76645cb3a4 - - - -] Creating message record for request_id = req-8040fad0-0deb-4ba8-91c2-f86a3f90b435
2024-06-07 17:05:54.318 7 ERROR cinder.scheduler.flows.create_volume [None req-8040fad0-0deb-4ba8-91c2-f86a3f90b435 66dfa84e6ad34f75a505daae7edfe9fb c7ac48aa174541b5b806ef76645cb3a4 - - - -] Failed to run task cinder.scheduler.flows.create_volume.ScheduleCreateVolumeTask;volume:create: No valid backend was found. No weighed backends available: cinder.exception.NoValidBackend: No valid backend was found. No weighed backends available
2024-06-07 17:06:03.298 7 WARNING cinder.scheduler.host_manager [None req-19323bde-776a-4121-a893-811e5f2949ad 80b95b4fbabe4378a0c609846ef4e3e1 06fc62f1dd5f45d6947c160beb80979c - - - -] volume service is down. (host: rack13-server79@lvm-1)
2024-06-07 17:06:07.607 7 WARNING cinder.scheduler.host_manager [None req-a286288f-c7d6-4dee-ac15-c6546bd8b523 d0ab4003726a4cdc973175a97a87829d 1d21782dade343d79cad7bdc0ee1500f - - - -] volume service is down. (host: rack13-server79@lvm-1)
2024-06-07 17:06:13.748 7 WARNING cinder.scheduler.host_manager [None req-c0c81e74-4762-4872-9c7a-8982df471d0e 9f5101c5da5e47b8be0ee9d4118781b3 1271ee488c2a46fe930f3f4e4a6cc111 - - - -] volume service is down. (host: rack13-server79@lvm-1)
2024-06-07 17:06:15.079 7 WARNING cinder.scheduler.host_manager [None req-02c3eafd-ab72-4dcb-b264-d9a2a8d407c5 9f5101c5da5e47b8be0ee9d4118781b3 1271ee488c2a46fe930f3f4e4a6cc111 - - - -] volume service is down. (host: rack13-server79@lvm-1)
2024-06-07 17:06:17.080 7 WARNING cinder.scheduler.host_manager [None req-92b43029-71ef-4d41-8a13-775c2ed3c0dd 5bbc75967e8741c080a3de713ae6ce20 9ae8c8b2a19d4d0aa4a4eb9eb3eb6fc6 - - - -] volume service is down. (host: rack13-server79@lvm-1)
2024-06-07 17:06:19.740 7 WARNING cinder.scheduler.host_manager [None req-e27ccad9-251e-49df-8f02-1c8afac32f47 5bbc75967e8741c080a3de713ae6ce20 9ae8c8b2a19d4d0aa4a4eb9eb3eb6fc6 - - - -] volume service is down. (host: rack13-server79@lvm-1)
2024-06-07 17:06:23.984 7 WARNING cinder.scheduler.host_manager [None req-3db72717-ef3d-40de-9830-a0e8bff2fb52 722476d0e9754726bfcc852e1a751bb9 36ee85ef74fe4a049333e3bb7b90862a - - - -] volume service is down. (host: rack13-server79@lvm-1)
2024-06-07 17:06:24.051 7 WARNING cinder.scheduler.host_manager [None req-143c4011-5a0a-4a42-bb89-9c19dba76bf3 79c13b1227c741189beb20d93f8d5f4f 00d36db7772b4c85a3e33e6045ebc8fb - - - -] volume service is down. (host: rack13-server79@lvm-1)
2024-06-07 17:06:26.404 7 WARNING cinder.scheduler.host_manager [None req-3c8af8f0-bd0c-4685-b681-0ca92890210d 79c13b1227c741189beb20d93f8d5f4f 00d36db7772b4c85a3e33e6045ebc8fb - - - -] volume service is down. (host: rack13-server79@lvm-1)
2024-06-07 17:06:26.525 7 WARNING cinder.scheduler.host_manager [None req-6cff6b5c-b940-4f89-8b98-e2641aad5e74 722476d0e9754726bfcc852e1a751bb9 36ee85ef74fe4a049333e3bb7b90862a - - - -] volume service is down. (host: rack13-server79@lvm-1)
2024-06-07 17:06:29.045 7 WARNING cinder.scheduler.host_manager [None req-1d20546b-ea59-4d62-918c-0651490c93ba 722476d0e9754726bfcc852e1a751bb9 36ee85ef74fe4a049333e3bb7b90862a - - - -] volume service is down. (host: rack13-server79@lvm-1)
2024-06-07 17:06:30.742 7 WARNING cinder.scheduler.host_manager [None req-b7aec907-8f68-4b6d-9080-7051e9502dc0 97f3ada30f244fe789dcbdf4dcf62351 2bbb0b9a363d48ada5b488df0d758875 - - - -] volume service is down. (host: rack13-server79@lvm-1)
2024-06-07 17:06:45.074 7 WARNING cinder.scheduler.host_manager [None req-df279395-a100-464a-ae3c-bb3eca80eb5d 964abf43c8d44e5fba9eb35ce6d224ae 129ddcf786504a5bad0381ce3863953b - - - -] volume service is down. (host: rack13-server79@lvm-1)
2024-06-07 17:06:45.583 7 WARNING cinder.scheduler.host_manager [None req-dca18ed1-6912-4919-9124-f5328aa46dfb d971af8311674a3db74866f2c4369b46 a25104590c4c43498e30945673c12cc6 - - - -] volume service is down. (host: rack13-server79@lvm-1)
2024-06-07 17:06:47.823 7 WARNING cinder.scheduler.host_manager [None req-978e810e-fbce-444a-a793-7fb3afa4d98b ce6614c6729f4b449748d79253e539da 223626f760c04c59977a5d040040ae3b - - - -] volume service is down. (host: rack13-server79@lvm-1)
2024-06-07 17:06:50.157 7 WARNING cinder.scheduler.host_manager [None req-190ef2d2-6f58-413f-b80a-067f33fc0a7b ce6614c6729f4b449748d79253e539da 223626f760c04c59977a5d040040ae3b - - - -] volume service is down. (host: rack13-server79@lvm-1)
2024-06-07 17:06:56.633 7 WARNING cinder.scheduler.host_manager [None req-1ab4f7d9-907e-4eae-b31c-3305e5b9a298 c5517001e67c418d9b026aab71e02ccf ee620b9ca3f144d4bde6fa981cfe5449 - - - -] volume service is down. (host: rack13-server79@lvm-1)
2024-06-07 17:07:01.536 7 WARNING cinder.scheduler.host_manager [None req-38873bd3-561c-42a3-9160-9a2fe625a543 c5517001e67c418d9b026aab71e02ccf ee620b9ca3f144d4bde6fa981cfe5449 - - - -] volume service is down. (host: rack13-server79@lvm-1)
2024-06-07 17:07:02.464 7 WARNING cinder.scheduler.host_manager [None req-c9f74f6f-f0c5-4f84-b89a-7f8cd60ab6c0 b819750dbc5f4877b8473c139bea8775 38d2efe156154f82824066134de4f5e4 - - - -] volume service is down. (host: rack13-server79@lvm-1)
2024-06-07 17:07:03.275 7 WARNING cinder.scheduler.host_manager [None req-12680382-07ea-4e21-86fd-46ee20e202ef 38b239a789c549d1b3d03725a44272d1 c6b6d75d094041ca9099b94df3c77bda - - - -] volume service is down. (host: rack13-server79@lvm-1)
2024-06-07 17:07:06.115 7 WARNING cinder.scheduler.host_manager [None req-35fc0201-8fdc-400a-a947-1ed78076281d b819750dbc5f4877b8473c139bea8775 38d2efe156154f82824066134de4f5e4 - - - -] volume service is down. (host: rack13-server79@lvm-1)
2024-06-07 17:07:09.802 7 WARNING cinder.scheduler.host_manager [None req-4d285ef0-6d45-49be-995d-ab7c36c840a8 c92f8bf52b284c30a27ade7d82e98772 d0c7f790763b4e019a3c37de3b0d607c - - - -] volume service is down. (host: rack13-server79@lvm-1)
2024-06-07 17:07:09.965 7 WARNING cinder.scheduler.host_manager [None req-6269df82-2a86-477e-80d0-8b2513127778 6a91ddf1264d4175a64aa017d36a4f14 18c9f287c65f4a3a95ca63afea887589 - - - -] volume service is down. (host: rack13-server79@lvm-1)
2024-06-07 17:07:12.303 7 WARNING cinder.scheduler.host_manager [None req-32e00e5d-eb1d-4633-8e68-14003ed3f299 6a91ddf1264d4175a64aa017d36a4f14 18c9f287c65f4a3a95ca63afea887589 - - - -] volume service is down. (host: rack13-server79@lvm-1)
2024-06-07 17:07:13.159 7 WARNING cinder.scheduler.host_manager [None req-ea25d61f-9e51-464d-86a7-fe0d983166ac 75a7fc82f90641cb8e527364bd1c7028 99f9ff5d67fe4bb5bae2af79aaa696a4 - - - -] volume service is down. (host: rack13-server79@lvm-1)
2024-06-07 17:07:14.558 7 WARNING cinder.scheduler.host_manager [None req-33ccf416-551e-4bfc-89f9-f001998b7287 6a91ddf1264d4175a64aa017d36a4f14 18c9f287c65f4a3a95ca63afea887589 - - - -] volume service is down. (host: rack13-server79@lvm-1)
2024-06-07 17:07:14.791 7 WARNING cinder.scheduler.host_manager [None req-80865214-e166-4eec-9450-8db20810de01 75a7fc82f90641cb8e527364bd1c7028 99f9ff5d67fe4bb5bae2af79aaa696a4 - - - -] volume service is down. (host: rack13-server79@lvm-1)
2024-06-07 17:07:15.499 7 WARNING cinder.scheduler.host_manager [None req-1ba1f09d-954a-434a-81ea-6008b05caf15 c92f8bf52b284c30a27ade7d82e98772 d0c7f790763b4e019a3c37de3b0d607c - - - -] volume service is down. (host: rack13-server79@lvm-1)
2024-06-07 17:07:18.342 7 WARNING cinder.scheduler.host_manager [None req-03618b84-5a27-4354-8e61-31d4505aace9 6a91ddf1264d4175a64aa017d36a4f14 18c9f287c65f4a3a95ca63afea887589 - - - -] volume service is down. (host: rack13-server79@lvm-1)
2024-06-07 17:07:19.644 7 WARNING cinder.scheduler.host_manager [None req-66a30dc8-95b7-41a4-a59a-57a43784dd32 6a91ddf1264d4175a64aa017d36a4f14 18c9f287c65f4a3a95ca63afea887589 - - - -] volume service is down. (host: rack13-server79@lvm-1)
2024-06-07 17:07:19.669 7 WARNING cinder.scheduler.host_manager [None req-a8b8f437-988c-42b6-81de-7e047942a26d 75a7fc82f90641cb8e527364bd1c7028 99f9ff5d67fe4bb5bae2af79aaa696a4 - - - -] volume service is down. (host: rack13-server79@lvm-1)
2024-06-07 17:07:21.475 7 WARNING cinder.scheduler.host_manager [None req-c62b42a1-80f9-4f0e-be61-57c3035c991a c92f8bf52b284c30a27ade7d82e98772 d0c7f790763b4e019a3c37de3b0d607c - - - -] volume service is down. (host: rack13-server79@lvm-1)
2024-06-07 17:07:22.030 7 WARNING cinder.scheduler.host_manager [None req-a878e07e-4659-42b8-891f-9bcffd19a6e7 6a91ddf1264d4175a64aa017d36a4f14 18c9f287c65f4a3a95ca63afea887589 - - - -] volume service is down. (host: rack13-server79@lvm-1)
2024-06-07 17:07:22.109 7 WARNING cinder.scheduler.host_manager [None req-6e32d169-18cc-48ac-ba84-b95b0066c2df 75a7fc82f90641cb8e527364bd1c7028 99f9ff5d67fe4bb5bae2af79aaa696a4 - - - -] volume service is down. (host: rack13-server79@lvm-1)
2024-06-07 17:07:22.836 7 WARNING cinder.scheduler.host_manager [None req-eb7cca6c-a7bb-4d43-aa7b-00d545142b70 c92f8bf52b284c30a27ade7d82e98772 d0c7f790763b4e019a3c37de3b0d607c - - - -] volume service is down. (host: rack13-server79@lvm-1)
2024-06-07 17:07:25.814 7 WARNING cinder.scheduler.host_manager [None req-4828b991-d893-4338-9d1b-fe73a64c7317 75a7fc82f90641cb8e527364bd1c7028 99f9ff5d67fe4bb5bae2af79aaa696a4 - - - -] volume service is down. (host: rack13-server79@lvm-1)
2024-06-07 17:07:30.929 7 WARNING cinder.scheduler.host_manager [None req-abcfd43c-7f6f-443d-8d5d-bb07898b46ac 75a7fc82f90641cb8e527364bd1c7028 99f9ff5d67fe4bb5bae2af79aaa696a4 - - - -] volume service is down. (host: rack13-server79@lvm-1)
2024-06-07 17:07:32.385 7 WARNING cinder.scheduler.host_manager [None req-fbb38cfd-faf5-4b62-9d89-4845b8e19a48 8433bd0b9c1a4ac4a5bdf0af87e8999f ff06a91e738a46a7993c37cba250a2fd - - - -] volume service is down. (host: rack13-server79@lvm-1)
2024-06-07 17:07:34.054 7 WARNING cinder.scheduler.host_manager [None req-9ec0cdab-43f3-4253-91da-593240eb90f6 7bcdd15cc7674097a27c0092e7075f69 9dd837901a4e477382ed7a7f07989273 - - - -] volume service is down. (host: rack13-server79@lvm-1)
2024-06-07 17:07:37.916 7 WARNING cinder.scheduler.host_manager [None req-b9056813-0339-4595-91b3-cebcda053155 75a7fc82f90641cb8e527364bd1c7028 99f9ff5d67fe4bb5bae2af79aaa696a4 - - - -] volume service is down. (host: rack13-server79@lvm-1)
2024-06-07 17:07:38.763 7 WARNING cinder.scheduler.host_manager [None req-d2d0bfb2-4378-4dac-bbfd-420caac2591a 33db11dc14534d7ebdc24f8bc262e581 e14b32cab3b34dd69bc5249bca302f0c - - - -] volume service is down. (host: rack13-server79@lvm-1)
2024-06-07 17:07:38.850 7 WARNING cinder.scheduler.host_manager [None req-e8830746-8ea6-4051-ad86-5c34a1158817 7bcdd15cc7674097a27c0092e7075f69 9dd837901a4e477382ed7a7f07989273 - - - -] volume service is down. (host: rack13-server79@lvm-1)
2024-06-07 17:07:45.539 7 WARNING cinder.scheduler.host_manager [None req-da787e67-057b-4626-af10-b5196a203dc5 33db11dc14534d7ebdc24f8bc262e581 e14b32cab3b34dd69bc5249bca302f0c - - - -] volume service is down. (host: rack13-server79@lvm-1)
2024-06-07 17:07:45.895 7 WARNING cinder.scheduler.host_manager [None req-d3b94202-eebb-40cc-bef6-198bd0036b80 1a589beea5d64c6ca9f19ea94c7f5cf8 18abde0a4344467f8b79bbfcced5ffdb - - - -] volume service is down. (host: rack13-server79@lvm-1)
2024-06-07 17:07:48.069 7 WARNING cinder.scheduler.host_manager [None req-6e7f1e2e-aa00-415d-b3d7-52d71fcb0c34 33db11dc14534d7ebdc24f8bc262e581 e14b32cab3b34dd69bc5249bca302f0c - - - -] volume service is down. (host: rack13-server79@lvm-1)
2024-06-07 17:07:48.217 7 WARNING cinder.scheduler.host_manager [None req-ea38e772-2897-4678-b74c-f7a518316200 1a589beea5d64c6ca9f19ea94c7f5cf8 18abde0a4344467f8b79bbfcced5ffdb - - - -] volume service is down. (host: rack13-server79@lvm-1)
2024-06-07 17:07:48.747 7 WARNING cinder.scheduler.host_manager [None req-87b0b415-8d86-4c40-a7db-ceece92f9ad1 fb30426290ba4ac3b176e2f3e94cec0c 6766c28656e244fba4346c707805f815 - - - -] volume service is down. (host: rack13-server79@lvm-1)
2024-06-07 17:07:49.358 7 WARNING cinder.scheduler.host_manager [None req-19fc69a3-7c24-4fde-820b-f2e399134b8b 33db11dc14534d7ebdc24f8bc262e581 e14b32cab3b34dd69bc5249bca302f0c - - - -] volume service is down. (host: rack13-server79@lvm-1)
2024-06-07 17:07:50.202 7 WARNING cinder.scheduler.host_manager [None req-a6fb4a64-e75c-4872-9bdc-ebf246005197 fb30426290ba4ac3b176e2f3e94cec0c 6766c28656e244fba4346c707805f815 - - - -] volume service is down. (host: rack13-server79@lvm-1)
2024-06-07 17:07:50.432 7 WARNING cinder.scheduler.host_manager [None req-eac6b6a6-016b-4977-9cf6-57b300229b10 1a589beea5d64c6ca9f19ea94c7f5cf8 18abde0a4344467f8b79bbfcced5ffdb - - - -] volume service is down. (host: rack13-server79@lvm-1)
2024-06-07 17:07:51.606 7 WARNING cinder.scheduler.host_manager [None req-aba5e3a4-ce26-4cf2-a889-63e40fa3eeaf 33db11dc14534d7ebdc24f8bc262e581 e14b32cab3b34dd69bc5249bca302f0c - - - -] volume service is down. (host: rack13-server79@lvm-1)
2024-06-07 17:07:52.725 7 WARNING cinder.scheduler.host_manager [None req-ebdacf92-8cd9-4bfa-b0e4-e0672f1ca449 1a589beea5d64c6ca9f19ea94c7f5cf8 18abde0a4344467f8b79bbfcced5ffdb - - - -] volume service is down. (host: rack13-server79@lvm-1)
2024-06-07 17:07:52.732 7 WARNING cinder.scheduler.host_manager [None req-fb230443-d9db-4d1e-991f-10e9d59d93b9 fb30426290ba4ac3b176e2f3e94cec0c 6766c28656e244fba4346c707805f815 - - - -] volume service is down. (host: rack13-server79@lvm-1)
2024-06-07 17:08:03.816 7 WARNING cinder.scheduler.host_manager [None req-3614540d-3ad5-4971-b567-5ebb5ce68ecf 32d1834913bb4ab1b8d331861eebb254 9a8086a8bc62445eb54a30b0b17562ab - - - -] volume service is down. (host: rack13-server79@lvm-1)
2024-06-07 17:08:04.053 7 WARNING cinder.scheduler.host_manager [None req-2b8cf39c-acb6-4886-97dd-86354fae7a04 022de1e1e882496996b6e877bb189edb 8df0739cec854032823cee5493052641 - - - -] volume service is down. (host: rack13-server79@lvm-1)
2024-06-07 17:08:05.111 7 WARNING cinder.scheduler.host_manager [None req-4adbf91c-6679-43dd-a8b4-0fab7c0550b5 32d1834913bb4ab1b8d331861eebb254 9a8086a8bc62445eb54a30b0b17562ab - - - -] volume service is down. (host: rack13-server79@lvm-1)
2024-06-07 17:08:28.095 7 WARNING cinder.scheduler.host_manager [None req-ab025e70-8175-41a4-b426-8fd2988b195a 4e540af58fef43519b2322c90f110bd2 17d7935ea37541f9b08efdee149dcc51 - - - -] volume service is down. (host: rack13-server79@lvm-1)
2024-06-07 17:08:28.174 7 WARNING cinder.scheduler.host_manager [None req-4e3f8bf5-8897-4698-8cfa-c0d6e40aab0c 22789af4788c48588d78665313c68cb4 ee5555fe5b314316a7ca080815b54b9a - - - -] volume service is down. (host: rack13-server79@lvm-1)
2024-06-07 17:08:28.309 7 WARNING cinder.scheduler.host_manager [None req-16972545-44ef-495e-8609-094c2ce63423 f3fdb7658e2f4833a6f29af753177a56 730d3fe3cba74520b47a3a772cfb8aa6 - - - -] volume service is down. (host: rack13-server79@lvm-1)
2024-06-07 17:08:28.419 7 WARNING cinder.scheduler.host_manager [None req-cb3a4982-f957-404f-bf96-9a0812bca03a 22789af4788c48588d78665313c68cb4 ee5555fe5b314316a7ca080815b54b9a - - - -] volume service is down. (host: rack13-server79@lvm-1)
2024-06-07 17:08:28.705 7 WARNING cinder.scheduler.host_manager [None req-c754acab-a3e0-4ce2-8087-4e0006f95b94 22789af4788c48588d78665313c68cb4 ee5555fe5b314316a7ca080815b54b9a - - - -] volume service is down. (host: rack13-server79@lvm-1)
2024-06-07 17:08:28.966 7 WARNING cinder.scheduler.host_manager [None req-93246fd2-8a2b-4fb4-8260-a3d58f76d2ed 22789af4788c48588d78665313c68cb4 ee5555fe5b314316a7ca080815b54b9a - - - -] volume service is down. (host: rack13-server79@lvm-1)
2024-06-07 17:08:29.234 7 WARNING cinder.scheduler.host_manager [None req-2677db7f-35bd-48c1-85d6-1732d44ac491 22789af4788c48588d78665313c68cb4 ee5555fe5b314316a7ca080815b54b9a - - - -] volume service is down. (host: rack13-server79@lvm-1)
2024-06-07 17:08:29.544 7 WARNING cinder.scheduler.host_manager [None req-03c1062d-a355-4cb8-871d-4d512037e57f 4e540af58fef43519b2322c90f110bd2 17d7935ea37541f9b08efdee149dcc51 - - - -] volume service is down. (host: rack13-server79@lvm-1)
2024-06-07 17:08:29.583 7 WARNING cinder.scheduler.host_manager [None req-443271c9-03ec-4436-92f9-444a2c3a5253 f3fdb7658e2f4833a6f29af753177a56 730d3fe3cba74520b47a3a772cfb8aa6 - - - -] volume service is down. (host: rack13-server79@lvm-1)
2024-06-07 17:08:30.885 7 WARNING cinder.scheduler.host_manager [None req-3c98b4e7-a60f-470f-b649-ba1b366c383b 4e540af58fef43519b2322c90f110bd2 17d7935ea37541f9b08efdee149dcc51 - - - -] volume service is down. (host: rack13-server79@lvm-1)
2024-06-07 17:08:31.973 7 WARNING cinder.scheduler.host_manager [None req-44761d75-4bfe-4af7-b907-98e26473f609 f3fdb7658e2f4833a6f29af753177a56 730d3fe3cba74520b47a3a772cfb8aa6 - - - -] volume service is down. (host: rack13-server79@lvm-1)
2024-06-07 17:08:32.246 7 WARNING cinder.scheduler.host_manager [None req-f365819f-a548-4555-81c9-99ec0b92950d f3fdb7658e2f4833a6f29af753177a56 730d3fe3cba74520b47a3a772cfb8aa6 - - - -] volume service is down. (host: rack13-server79@lvm-1)
2024-06-07 17:08:32.452 7 WARNING cinder.scheduler.host_manager [None req-02abbc3b-ba2f-412d-bb1e-b643cdf8370c f3fdb7658e2f4833a6f29af753177a56 730d3fe3cba74520b47a3a772cfb8aa6 - - - -] volume service is down. (host: rack13-server79@lvm-1)
2024-06-07 17:08:32.698 7 WARNING cinder.scheduler.host_manager [None req-bc3f0bf2-442a-4ac7-b29e-74639c46c275 f3fdb7658e2f4833a6f29af753177a56 730d3fe3cba74520b47a3a772cfb8aa6 - - - -] volume service is down. (host: rack13-server79@lvm-1)
2024-06-07 17:08:32.942 7 WARNING cinder.scheduler.host_manager [None req-711002ee-6e36-4160-824f-4aa84b5b77bc f3fdb7658e2f4833a6f29af753177a56 730d3fe3cba74520b47a3a772cfb8aa6 - - - -] volume service is down. (host: rack13-server79@lvm-1)
2024-06-07 17:08:38.964 7 WARNING cinder.scheduler.host_manager [None req-34a437d2-2ab5-433c-9fbf-f1158cc86cf2 c89470feb88f42f1bcb72e697e8a1614 3326968264374d5784fe83e9e82ca70a - - - -] volume service is down. (host: rack13-server79@lvm-1)
2024-06-07 17:08:41.399 7 WARNING cinder.scheduler.host_manager [None req-a111ea41-4fd1-4dcf-8a86-92ca0a105e30 c89470feb88f42f1bcb72e697e8a1614 3326968264374d5784fe83e9e82ca70a - - - -] volume service is down. (host: rack13-server79@lvm-1)
2024-06-07 17:08:41.651 7 WARNING cinder.scheduler.host_manager [None req-a59e912e-94c1-48e0-9b3a-837e6d215dff c89470feb88f42f1bcb72e697e8a1614 3326968264374d5784fe83e9e82ca70a - - - -] volume service is down. (host: rack13-server79@lvm-1)
2024-06-07 17:08:42.183 7 WARNING cinder.scheduler.host_manager [None req-daac9f28-3d5a-4c65-bfb2-641bf5cd2d67 c89470feb88f42f1bcb72e697e8a1614 3326968264374d5784fe83e9e82ca70a - - - -] volume service is down. (host: rack13-server79@lvm-1)
2024-06-07 17:08:42.434 7 WARNING cinder.scheduler.host_manager [None req-b38d0586-932e-4c6f-955c-80fd5a2ac849 c89470feb88f42f1bcb72e697e8a1614 3326968264374d5784fe83e9e82ca70a - - - -] volume service is down. (host: rack13-server79@lvm-1)
2024-06-07 17:08:42.645 7 WARNING cinder.scheduler.host_manager [None req-f8485cff-e773-406c-86ca-9eaacb7471b3 c89470feb88f42f1bcb72e697e8a1614 3326968264374d5784fe83e9e82ca70a - - - -] volume service is down. (host: rack13-server79@lvm-1)
