Build Started 07_04_2022_09_50_41
2022-04-07 12:52:48.883 11 WARNING cinder.scheduler.host_manager [req-dbde63df-8729-4312-9433-0eeea9b0ad40 8f3f15fce3a649a8a2426a36a0e88661 - - - -] volume service is down. (host: rack08-server75@lvm-1)
2022-04-07 12:52:48.914 11 WARNING cinder.scheduler.host_manager [req-9c9572c2-5158-400b-b66a-1482524f368b 113d078964f24355b5cdb6b346efda3d - - - -] volume service is down. (host: rack08-server75@lvm-1)
2022-04-07 12:52:54.986 11 WARNING cinder.scheduler.host_manager [req-18c6c8a4-96ce-401b-9f73-eb0dd7b805c1 1ebba630e2134bae9be9b4cdc9719cbc - - - -] volume service is down. (host: rack08-server75@lvm-1)
2022-04-07 12:52:57.465 11 WARNING cinder.scheduler.host_manager [req-b02d3bb5-4cdb-472b-aa21-e24e082622dc 1ebba630e2134bae9be9b4cdc9719cbc - - - -] volume service is down. (host: rack08-server75@lvm-1)
2022-04-07 12:52:59.933 11 WARNING cinder.scheduler.host_manager [req-4ae49a3b-a22c-4ee9-9422-7f47e3f0ba67 1ebba630e2134bae9be9b4cdc9719cbc - - - -] volume service is down. (host: rack08-server75@lvm-1)
2022-04-07 12:53:10.870 11 WARNING cinder.scheduler.host_manager [req-fd7b7120-7404-4551-8639-d7223cc65bb7 e1412f668d4e49b7b5515d871782207c - - - -] volume service is down. (host: rack08-server75@lvm-1)
2022-04-07 12:53:10.909 11 WARNING cinder.scheduler.host_manager [req-85dd1812-b5dd-4d08-bb12-0a7dc6c3ed0e e1412f668d4e49b7b5515d871782207c - - - -] volume service is down. (host: rack08-server75@lvm-1)
2022-04-07 12:53:16.274 11 WARNING cinder.scheduler.host_manager [req-d71172a0-6461-404b-8597-fe6b739178fe 28bd14a0aa244c52983bab2d807c3a35 - - - -] volume service is down. (host: rack08-server75@lvm-1)
2022-04-07 12:53:16.281 11 WARNING cinder.scheduler.host_manager [req-d71172a0-6461-404b-8597-fe6b739178fe 28bd14a0aa244c52983bab2d807c3a35 - - - -] volume service is down. (host: rack08-server75@lvm-1)
2022-04-07 12:53:24.372 11 WARNING cinder.scheduler.host_manager [req-c05d24a6-6331-4cad-a04d-3e166cef0fa1 b2e0089c490d40fc9a6fe8991e6812b3 - - - -] volume service is down. (host: rack08-server75@lvm-1)
2022-04-07 12:53:24.373 11 INFO cinder.scheduler.base_filter [req-c05d24a6-6331-4cad-a04d-3e166cef0fa1 b2e0089c490d40fc9a6fe8991e6812b3 - - - -] Filtering removed all hosts for the request with volume ID 'a02c4e4c-23e8-4ca3-b667-13bda9f9937a'. Filter results: AvailabilityZoneFilter: (start: 1, end: 1), CapacityFilter: (start: 1, end: 1), CapabilitiesFilter: (start: 1, end: 0)
2022-04-07 12:53:24.373 11 WARNING cinder.scheduler.filter_scheduler [req-c05d24a6-6331-4cad-a04d-3e166cef0fa1 b2e0089c490d40fc9a6fe8991e6812b3 - - - -] No weighed backend found for volume with properties: {'id': 'aa5006e4-4b7e-4b76-b0fd-b67c63cab46b', 'name': 'tempest-UserMessagesTest-volume-type-1975702022', 'description': None, 'is_public': True, 'projects': [], 'extra_specs': {'storage_protocol': 'tempest-storage_protocol-1310751088', 'vendor_name': 'tempest-vendor_name-1677342520'}, 'qos_specs_id': None, 'created_at': '2022-04-07T09:53:23.000000', 'updated_at': None, 'deleted_at': None, 'deleted': False}
2022-04-07 12:53:24.374 11 INFO cinder.message.api [req-c05d24a6-6331-4cad-a04d-3e166cef0fa1 b2e0089c490d40fc9a6fe8991e6812b3 - - - -] Creating message record for request_id = req-c05d24a6-6331-4cad-a04d-3e166cef0fa1
2022-04-07 12:53:24.379 11 ERROR cinder.scheduler.flows.create_volume [req-c05d24a6-6331-4cad-a04d-3e166cef0fa1 b2e0089c490d40fc9a6fe8991e6812b3 - - - -] Failed to run task cinder.scheduler.flows.create_volume.ScheduleCreateVolumeTask;volume:create: No valid backend was found. No weighed backends available: cinder.exception.NoValidBackend: No valid backend was found. No weighed backends available
2022-04-07 12:53:47.039 11 WARNING cinder.scheduler.host_manager [req-3e4866b7-9dd1-46e3-8d68-b2a162790d06 2673a33cb00a42d688597a881a0bb7b8 - - - -] volume service is down. (host: rack08-server75@lvm-1)
2022-04-07 12:53:49.481 11 WARNING cinder.scheduler.host_manager [req-db1871aa-73ce-40f9-94a9-af204db2b75e 2673a33cb00a42d688597a881a0bb7b8 - - - -] volume service is down. (host: rack08-server75@lvm-1)
2022-04-07 12:54:01.165 11 WARNING cinder.scheduler.host_manager [req-955235da-e73e-43d5-baa0-98180d79ee8c ee3a3156871640c0b0a67e2c3a0e47a4 - - - -] volume service is down. (host: rack08-server75@lvm-1)
2022-04-07 12:54:01.172 11 WARNING cinder.scheduler.host_manager [req-955235da-e73e-43d5-baa0-98180d79ee8c ee3a3156871640c0b0a67e2c3a0e47a4 - - - -] volume service is down. (host: rack08-server75@lvm-1)
2022-04-07 12:54:02.641 11 WARNING cinder.scheduler.host_manager [req-9018e84e-4663-4759-a837-a16072bda1c4 ee3a3156871640c0b0a67e2c3a0e47a4 - - - -] volume service is down. (host: rack08-server75@lvm-1)
2022-04-07 12:54:07.327 11 WARNING cinder.scheduler.host_manager [req-3e590d4b-a963-4062-95e3-1afd4455df1b ee3a3156871640c0b0a67e2c3a0e47a4 - - - -] volume service is down. (host: rack08-server75@lvm-1)
2022-04-07 12:54:12.294 11 WARNING cinder.scheduler.host_manager [req-a297fac0-e811-4ba6-a7fb-8e192d9b29ca ee3a3156871640c0b0a67e2c3a0e47a4 - - - -] volume service is down. (host: rack08-server75@lvm-1)
2022-04-07 12:54:12.300 11 WARNING cinder.scheduler.host_manager [req-a297fac0-e811-4ba6-a7fb-8e192d9b29ca ee3a3156871640c0b0a67e2c3a0e47a4 - - - -] volume service is down. (host: rack08-server75@lvm-1)
2022-04-07 12:54:13.701 11 WARNING cinder.scheduler.host_manager [req-f39c6c33-bd20-4b6d-b00c-c8e229d96037 ee3a3156871640c0b0a67e2c3a0e47a4 - - - -] volume service is down. (host: rack08-server75@lvm-1)
2022-04-07 12:54:16.180 11 WARNING cinder.scheduler.host_manager [req-076efab2-0bae-47cf-a785-8ff0e3b00055 ee3a3156871640c0b0a67e2c3a0e47a4 - - - -] volume service is down. (host: rack08-server75@lvm-1)
2022-04-07 12:54:29.383 11 WARNING cinder.scheduler.host_manager [req-db24bfab-6ecf-4fae-8d53-a6532654f4e4 ee3a3156871640c0b0a67e2c3a0e47a4 - - - -] volume service is down. (host: rack08-server75@lvm-1)
2022-04-07 12:54:29.391 11 WARNING cinder.scheduler.host_manager [req-db24bfab-6ecf-4fae-8d53-a6532654f4e4 ee3a3156871640c0b0a67e2c3a0e47a4 - - - -] volume service is down. (host: rack08-server75@lvm-1)
2022-04-07 12:54:30.792 11 WARNING cinder.scheduler.host_manager [req-205bdee2-8c68-4bc9-9897-454355685ab4 ee3a3156871640c0b0a67e2c3a0e47a4 - - - -] volume service is down. (host: rack08-server75@lvm-1)
2022-04-07 12:54:43.799 11 WARNING cinder.scheduler.host_manager [req-4b028625-9f6c-438c-8bb7-8ba1a729cfe0 0946bd256b584777b12a805b9ec9bba3 - - - -] volume service is down. (host: rack08-server75@lvm-1)
2022-04-07 12:54:43.807 11 WARNING cinder.scheduler.host_manager [req-4b028625-9f6c-438c-8bb7-8ba1a729cfe0 0946bd256b584777b12a805b9ec9bba3 - - - -] volume service is down. (host: rack08-server75@lvm-1)
2022-04-07 12:54:45.003 11 WARNING cinder.scheduler.host_manager [req-0b2e3326-8451-45d8-aef2-d5639cda80c4 0946bd256b584777b12a805b9ec9bba3 - - - -] volume service is down. (host: rack08-server75@lvm-1)
2022-04-07 12:54:45.011 11 WARNING cinder.scheduler.host_manager [req-0b2e3326-8451-45d8-aef2-d5639cda80c4 0946bd256b584777b12a805b9ec9bba3 - - - -] volume service is down. (host: rack08-server75@lvm-1)
2022-04-07 12:54:46.459 11 WARNING cinder.scheduler.host_manager [req-651a47d8-56fd-4157-88e2-11ffb7e01f5b 0946bd256b584777b12a805b9ec9bba3 - - - -] volume service is down. (host: rack08-server75@lvm-1)
2022-04-07 12:54:51.758 11 WARNING cinder.scheduler.host_manager [req-a56c09b7-3d75-4026-88ad-553ed9476163 0946bd256b584777b12a805b9ec9bba3 - - - -] volume service is down. (host: rack08-server75@lvm-1)
2022-04-07 12:54:51.766 11 WARNING cinder.scheduler.host_manager [req-a56c09b7-3d75-4026-88ad-553ed9476163 0946bd256b584777b12a805b9ec9bba3 - - - -] volume service is down. (host: rack08-server75@lvm-1)
2022-04-07 12:54:53.175 11 WARNING cinder.scheduler.host_manager [req-fa91c0cb-0f12-4483-823b-ea80d405a6c6 0946bd256b584777b12a805b9ec9bba3 - - - -] volume service is down. (host: rack08-server75@lvm-1)
2022-04-07 12:54:55.674 11 WARNING cinder.scheduler.host_manager [req-8b4c8235-f92f-407c-900b-3b6cd5936e24 0946bd256b584777b12a805b9ec9bba3 - - - -] volume service is down. (host: rack08-server75@lvm-1)
2022-04-07 12:55:07.380 11 WARNING cinder.scheduler.host_manager [req-a3ea3171-5d10-434a-be8e-73e8558306d4 9b2284af4e944cfdb841903a94e8bf56 - - - -] volume service is down. (host: rack08-server75@lvm-1)
2022-04-07 12:55:07.387 11 WARNING cinder.scheduler.host_manager [req-a3ea3171-5d10-434a-be8e-73e8558306d4 9b2284af4e944cfdb841903a94e8bf56 - - - -] volume service is down. (host: rack08-server75@lvm-1)
2022-04-07 12:55:08.835 11 WARNING cinder.scheduler.host_manager [req-18965ade-a3e2-4044-b5f1-3e62ca15da86 9b2284af4e944cfdb841903a94e8bf56 - - - -] volume service is down. (host: rack08-server75@lvm-1)
2022-04-07 12:55:11.188 11 WARNING cinder.scheduler.host_manager [req-518341e7-54a4-4ffb-9578-b457e5dce197 9b2284af4e944cfdb841903a94e8bf56 - - - -] volume service is down. (host: rack08-server75@lvm-1)
2022-04-07 12:55:47.196 11 WARNING cinder.scheduler.host_manager [req-1e332881-c71b-4531-b457-73f8eb52f39c 113d078964f24355b5cdb6b346efda3d - - - -] volume service is down. (host: rack08-server75@lvm-1)
2022-04-07 12:56:49.673 11 WARNING cinder.scheduler.host_manager [req-9b4e24e1-d811-438c-a6df-10aa26de2983 25b5f32f03cd40378b76744628741334 - - - -] volume service is down. (host: rack08-server75@lvm-1)
2022-04-07 12:57:55.184 11 WARNING cinder.scheduler.host_manager [req-d6f6f92f-860d-41da-b3cc-e20c418523f1 25b5f32f03cd40378b76744628741334 - - - -] volume service is down. (host: rack08-server75@lvm-1)
2022-04-07 12:57:58.859 11 WARNING cinder.scheduler.host_manager [req-41b078c0-4ff6-412a-b411-5e9a8a7f3be7 25b5f32f03cd40378b76744628741334 - - - -] volume service is down. (host: rack08-server75@lvm-1)
2022-04-07 12:58:02.590 11 WARNING cinder.scheduler.host_manager [req-e7fdb06d-51e9-411d-86c4-ee5d7b16e4af 25b5f32f03cd40378b76744628741334 - - - -] volume service is down. (host: rack08-server75@lvm-1)
2022-04-07 12:58:06.274 11 WARNING cinder.scheduler.host_manager [req-a3b918f2-c633-49fd-9c26-eea18359c618 25b5f32f03cd40378b76744628741334 - - - -] volume service is down. (host: rack08-server75@lvm-1)
2022-04-07 12:58:09.982 11 WARNING cinder.scheduler.host_manager [req-3ab15a90-8566-4220-a42a-4b5fc22a8a3a 25b5f32f03cd40378b76744628741334 - - - -] volume service is down. (host: rack08-server75@lvm-1)
2022-04-07 12:58:21.950 11 WARNING cinder.scheduler.host_manager [req-bfab1485-103c-41e0-b35e-a245ba6e5c4e 5c7d9919df174a9eb4493d9ba2d47db4 - - - -] volume service is down. (host: rack08-server75@lvm-1)
2022-04-07 12:58:38.942 11 WARNING cinder.scheduler.host_manager [req-35663a91-f2cd-42ca-80e7-53449faf297e 2672b7061cc84a9a9d53b387167f20a3 - - - -] volume service is down. (host: rack08-server75@lvm-1)
2022-04-07 12:58:46.018 11 WARNING cinder.scheduler.host_manager [req-f22a2851-16f4-4a79-be09-60e5c1f6a352 1293862dd3194b5ca7bca2f67f3cc1d0 - - - -] volume service is down. (host: rack08-server75@lvm-1)
2022-04-07 12:58:48.358 11 WARNING cinder.scheduler.host_manager [req-fab2809b-5ff1-4cf9-bb32-481cd832e67c 1293862dd3194b5ca7bca2f67f3cc1d0 - - - -] volume service is down. (host: rack08-server75@lvm-1)
2022-04-07 12:58:50.613 11 WARNING cinder.scheduler.host_manager [req-4f060b73-803b-4778-842e-d03cb8ed7f17 1293862dd3194b5ca7bca2f67f3cc1d0 - - - -] volume service is down. (host: rack08-server75@lvm-1)
2022-04-07 12:58:54.237 11 WARNING cinder.scheduler.host_manager [req-0f2d93e3-138b-42ab-8754-0c1b4397e645 1293862dd3194b5ca7bca2f67f3cc1d0 - - - -] volume service is down. (host: rack08-server75@lvm-1)
2022-04-07 12:58:56.535 11 WARNING cinder.scheduler.host_manager [req-256288e2-98f2-4d82-a18a-5c03d2cf3488 1293862dd3194b5ca7bca2f67f3cc1d0 - - - -] volume service is down. (host: rack08-server75@lvm-1)
2022-04-07 12:58:58.983 11 WARNING cinder.scheduler.host_manager [req-31045628-21c3-4f26-9c86-b8f8da53e14a 1293862dd3194b5ca7bca2f67f3cc1d0 - - - -] volume service is down. (host: rack08-server75@lvm-1)
2022-04-07 12:59:07.070 11 WARNING cinder.scheduler.host_manager [req-823ed5b1-70ea-4449-a2e7-0b7eec187e39 ac5514989e094939901751dd99c9d2d6 - - - -] volume service is down. (host: rack08-server75@lvm-1)
2022-04-07 12:59:12.615 11 WARNING cinder.scheduler.host_manager [req-9712aa84-26e1-4ae1-bb1b-146848d1829c 9c2843bc58da4bb58ba808cb90f68786 - - - -] volume service is down. (host: rack08-server75@lvm-1)
2022-04-07 12:59:15.286 11 WARNING cinder.scheduler.host_manager [req-11d09726-bf2b-447c-a439-a1acfd90c253 9c2843bc58da4bb58ba808cb90f68786 - - - -] volume service is down. (host: rack08-server75@lvm-1)
2022-04-07 12:59:20.024 11 WARNING cinder.scheduler.host_manager [req-a4313cc7-b471-44dd-9060-3475cb5cde39 9c2843bc58da4bb58ba808cb90f68786 - - - -] volume service is down. (host: rack08-server75@lvm-1)
2022-04-07 12:59:22.464 11 WARNING cinder.scheduler.host_manager [req-a2f19365-63b4-4d8b-bc35-8f4826ea41c2 9c2843bc58da4bb58ba808cb90f68786 - - - -] volume service is down. (host: rack08-server75@lvm-1)
2022-04-07 12:59:26.166 11 WARNING cinder.scheduler.host_manager [req-066ffd7f-d369-404f-9dc9-75eac11a5a28 9c2843bc58da4bb58ba808cb90f68786 - - - -] volume service is down. (host: rack08-server75@lvm-1)
2022-04-07 12:59:31.060 11 WARNING cinder.scheduler.host_manager [req-c87a4f76-105a-403d-9f32-80e4b9b9acf9 9c2843bc58da4bb58ba808cb90f68786 - - - -] volume service is down. (host: rack08-server75@lvm-1)
2022-04-07 12:59:42.148 11 WARNING cinder.scheduler.host_manager [req-1393140c-c475-4864-be4e-d6f7a3ea74c1 9c2843bc58da4bb58ba808cb90f68786 - - - -] volume service is down. (host: rack08-server75@lvm-1)
2022-04-07 12:59:54.148 11 WARNING cinder.scheduler.host_manager [req-a65f84da-0960-42ef-a465-ea1572bc8df4 fb1ddb80b68f48ae8aec110c9f99bfc6 - - - -] volume service is down. (host: rack08-server75@lvm-1)
2022-04-07 12:59:56.634 11 WARNING cinder.scheduler.host_manager [req-3210c1c8-abc1-4fdd-8040-1c08fc62e69e fb1ddb80b68f48ae8aec110c9f99bfc6 - - - -] volume service is down. (host: rack08-server75@lvm-1)
2022-04-07 12:59:59.120 11 WARNING cinder.scheduler.host_manager [req-44e219ec-5c61-40cf-8a0e-6f1c2cf7b26f fb1ddb80b68f48ae8aec110c9f99bfc6 - - - -] volume service is down. (host: rack08-server75@lvm-1)
2022-04-07 13:00:08.812 11 WARNING cinder.scheduler.host_manager [req-c33c06e1-5366-40e2-ba20-2920eb4cac98 c59eb30879bb4cd0997cd78c728aff1c - - - -] volume service is down. (host: rack08-server75@lvm-1)
2022-04-07 13:00:11.150 11 WARNING cinder.scheduler.host_manager [req-7430035b-63fd-4a1a-922b-0a14b8d2d9a5 c59eb30879bb4cd0997cd78c728aff1c - - - -] volume service is down. (host: rack08-server75@lvm-1)
2022-04-07 13:00:13.400 11 WARNING cinder.scheduler.host_manager [req-24781129-4c47-4396-acc5-7b5d1a0ac720 c59eb30879bb4cd0997cd78c728aff1c - - - -] volume service is down. (host: rack08-server75@lvm-1)
2022-04-07 13:00:15.668 11 WARNING cinder.scheduler.host_manager [req-8f971d6d-ff59-428f-b7f2-434a3581c7c2 c59eb30879bb4cd0997cd78c728aff1c - - - -] volume service is down. (host: rack08-server75@lvm-1)
2022-04-07 13:00:26.422 11 WARNING cinder.scheduler.host_manager [req-6349ce7b-6248-4ab5-8e68-0be6fd52718a bd851b817387423a8cf1931193360e12 - - - -] volume service is down. (host: rack08-server75@lvm-1)
2022-04-07 13:00:28.744 11 WARNING cinder.scheduler.host_manager [req-cdd019af-bf61-48f5-a0c5-7465682947ea bd851b817387423a8cf1931193360e12 - - - -] volume service is down. (host: rack08-server75@lvm-1)
2022-04-07 13:02:48.552 11 WARNING cinder.scheduler.host_manager [req-8bdec8c4-6711-4f75-a40d-84ffd0c827a4 113d078964f24355b5cdb6b346efda3d - - - -] volume service is down. (host: rack08-server75@lvm-1)
2022-04-07 13:04:53.050 11 WARNING cinder.scheduler.host_manager [req-4844464a-4c66-4015-9e8a-563c42ccde46 113d078964f24355b5cdb6b346efda3d - - - -] volume service is down. (host: rack08-server75@lvm-1)
2022-04-07 13:14:29.593 11 WARNING cinder.scheduler.host_manager [req-053d2654-069e-4a1d-985f-793a806ff647 19b6ffe7978247d48ac782d8db872488 - - - -] volume service is down. (host: rack08-server75@lvm-1)
2022-04-07 13:14:31.893 11 WARNING cinder.scheduler.host_manager [req-a38b3b8e-1350-4c3f-b6a6-ee2d31916e0f 19b6ffe7978247d48ac782d8db872488 - - - -] volume service is down. (host: rack08-server75@lvm-1)
2022-04-07 13:14:34.436 11 WARNING cinder.scheduler.host_manager [req-d988c17e-cce3-429a-ba38-a1060198da00 19b6ffe7978247d48ac782d8db872488 - - - -] volume service is down. (host: rack08-server75@lvm-1)
2022-04-07 13:14:37.979 11 WARNING cinder.scheduler.host_manager [req-60c9e33c-2e3c-4b4f-80c6-3bfbef5ea9d3 19b6ffe7978247d48ac782d8db872488 - - - -] volume service is down. (host: rack08-server75@lvm-1)
2022-04-07 13:14:41.574 11 WARNING cinder.scheduler.host_manager [req-350f945c-58cf-4d1c-ba86-c16d81f2d672 19b6ffe7978247d48ac782d8db872488 - - - -] volume service is down. (host: rack08-server75@lvm-1)
2022-04-07 13:14:45.118 11 WARNING cinder.scheduler.host_manager [req-dde974f5-b95e-49f8-a48b-ec87e991cd46 19b6ffe7978247d48ac782d8db872488 - - - -] volume service is down. (host: rack08-server75@lvm-1)
2022-04-07 13:15:05.286 11 WARNING cinder.scheduler.host_manager [req-846ee393-13b7-4430-a551-f7323d1457ee 3e5819dd6bee4adb8633076d5ca9b53c - - - -] volume service is down. (host: rack08-server75@lvm-1)
2022-04-07 13:15:08.954 11 WARNING cinder.scheduler.host_manager [req-e20e452c-a408-4c15-b8ca-bb17778c4213 3e5819dd6bee4adb8633076d5ca9b53c - - - -] volume service is down. (host: rack08-server75@lvm-1)
2022-04-07 13:15:19.939 11 WARNING cinder.scheduler.host_manager [req-9197fcdd-40c1-42ea-a056-857c486578ee 04455e1df4c64182bc52ddd3af1246df - - - -] volume service is down. (host: rack08-server75@lvm-1)
2022-04-07 13:15:22.386 11 WARNING cinder.scheduler.host_manager [req-516817ac-d448-4385-8f13-24eed8b1c77c 04455e1df4c64182bc52ddd3af1246df - - - -] volume service is down. (host: rack08-server75@lvm-1)
2022-04-07 13:15:46.004 11 WARNING cinder.scheduler.host_manager [req-f3e9cfb0-c79c-4fba-b628-0f1c564c2b02 3976cd5f88cb4835818f716900131b56 - - - -] volume service is down. (host: rack08-server75@lvm-1)
2022-04-07 13:15:48.479 11 WARNING cinder.scheduler.host_manager [req-3596a067-50f7-43d1-bec4-43a61bc39418 3976cd5f88cb4835818f716900131b56 - - - -] volume service is down. (host: rack08-server75@lvm-1)
2022-04-07 13:15:50.912 11 WARNING cinder.scheduler.host_manager [req-0ae7a76e-1c01-4b01-ab5d-41b5b669b0e2 3976cd5f88cb4835818f716900131b56 - - - -] volume service is down. (host: rack08-server75@lvm-1)
2022-04-07 13:15:52.564 11 WARNING cinder.scheduler.host_manager [req-5d46ebcf-a3d9-44c2-a91b-3b963bdbfbad dc2934f094aa4e0faa62b1b4839441cb - - - -] volume service is down. (host: rack08-server75@lvm-1)
2022-04-07 13:16:04.722 11 WARNING cinder.scheduler.host_manager [req-22cdb6a8-6564-4daf-bd60-0dcb0ba526d8 396c4adb49bc4ac3bf9760da0ea2d9e0 - - - -] volume service is down. (host: rack08-server75@lvm-1)
2022-04-07 13:16:07.033 11 WARNING cinder.scheduler.host_manager [req-e63d8e75-a3ba-48ea-a374-df1a22ccd48f 396c4adb49bc4ac3bf9760da0ea2d9e0 - - - -] volume service is down. (host: rack08-server75@lvm-1)
2022-04-07 13:16:18.420 11 WARNING cinder.scheduler.host_manager [req-8be618d6-e963-47fa-81a0-d916984a92e0 cee1faa0f9174eee88b829922c3d9597 - - - -] volume service is down. (host: rack08-server75@lvm-1)
2022-04-07 13:16:23.045 11 WARNING cinder.scheduler.host_manager [req-0c2445f9-e9ee-4cf5-ae52-e03e17b80252 cee1faa0f9174eee88b829922c3d9597 - - - -] volume service is down. (host: rack08-server75@lvm-1)
2022-04-07 13:16:30.580 11 WARNING cinder.scheduler.host_manager [req-220b75b3-af41-4526-9a41-41b5b5fe8ac4 3569b279d9444101a2437385ec7bb091 - - - -] volume service is down. (host: rack08-server75@lvm-1)
2022-04-07 13:16:41.492 11 WARNING cinder.scheduler.host_manager [req-8ea7dd46-3b46-4e9a-a7a9-952785c70a37 3569b279d9444101a2437385ec7bb091 - - - -] volume service is down. (host: rack08-server75@lvm-1)
2022-04-07 13:16:48.203 11 WARNING cinder.scheduler.host_manager [req-c27d7004-bf10-4b1c-936d-532e30be8fc9 3569b279d9444101a2437385ec7bb091 - - - -] volume service is down. (host: rack08-server75@lvm-1)
2022-04-07 13:16:50.654 11 WARNING cinder.scheduler.host_manager [req-c2391cbc-8768-4c04-9ed4-0498ccea11c9 3569b279d9444101a2437385ec7bb091 - - - -] volume service is down. (host: rack08-server75@lvm-1)
2022-04-07 13:17:03.643 11 WARNING cinder.scheduler.host_manager [req-9639dde4-9946-4530-a5e0-dcefe291dc90 1434e8ae543646deb00f4b68f00925fb - - - -] volume service is down. (host: rack08-server75@lvm-1)
2022-04-07 13:18:56.368 11 WARNING cinder.scheduler.host_manager [req-3e6ab7cf-c326-4245-a562-02459f46ed0c 1434e8ae543646deb00f4b68f00925fb - - - -] volume service is down. (host: rack08-server75@lvm-1)
2022-04-07 13:21:59.694 11 WARNING cinder.scheduler.host_manager [req-69999339-9597-44d2-8f91-a86d48cf06fd 04285088d1914c7f9e5eceeed35c8196 - - - -] volume service is down. (host: rack08-server75@lvm-1)
2022-04-07 13:22:09.409 11 WARNING cinder.scheduler.host_manager [req-2f0e3f51-6947-41b2-9647-9e727e2883a7 04285088d1914c7f9e5eceeed35c8196 - - - -] volume service is down. (host: rack08-server75@lvm-1)
2022-04-07 13:22:10.858 11 WARNING cinder.scheduler.host_manager [req-2c770429-e76b-4379-8396-8ab4c09c85d5 04285088d1914c7f9e5eceeed35c8196 - - - -] volume service is down. (host: rack08-server75@lvm-1)
2022-04-07 13:22:13.160 11 WARNING cinder.scheduler.host_manager [req-adcf2072-ed7b-4f9a-b9ae-e763877f913f 04285088d1914c7f9e5eceeed35c8196 - - - -] volume service is down. (host: rack08-server75@lvm-1)
2022-04-07 13:22:15.414 11 WARNING cinder.scheduler.host_manager [req-9c54af70-a856-453c-8c52-736acc6d304c 04285088d1914c7f9e5eceeed35c8196 - - - -] volume service is down. (host: rack08-server75@lvm-1)
2022-04-07 13:22:28.783 11 WARNING cinder.scheduler.host_manager [req-1b80e295-704a-431d-b5fb-36a45c312123 885c5fef4d1b44d99668bccefa7853f7 - - - -] volume service is down. (host: rack08-server75@lvm-1)
2022-04-07 13:22:29.068 11 WARNING cinder.scheduler.host_manager [req-5d71c3d8-4683-4ddd-bf9a-5d1ccdbfbf4c 674d76f125b942ec8af260076696b844 - - - -] volume service is down. (host: rack08-server75@lvm-1)
2022-04-07 13:22:29.449 11 WARNING cinder.scheduler.host_manager [req-dbd7e583-2da8-482d-9e8f-286e2900094b 674d76f125b942ec8af260076696b844 - - - -] volume service is down. (host: rack08-server75@lvm-1)
2022-04-07 13:22:30.181 11 WARNING cinder.scheduler.host_manager [req-d137fee6-4efa-4110-bebc-edf72773e6a1 674d76f125b942ec8af260076696b844 - - - -] volume service is down. (host: rack08-server75@lvm-1)
2022-04-07 13:22:30.560 11 WARNING cinder.scheduler.host_manager [req-485179cb-b141-4744-a4b0-a655408414ff 674d76f125b942ec8af260076696b844 - - - -] volume service is down. (host: rack08-server75@lvm-1)
2022-04-07 13:22:30.940 11 WARNING cinder.scheduler.host_manager [req-5b332e52-03ad-43c3-8836-a5eee12bd83a 674d76f125b942ec8af260076696b844 - - - -] volume service is down. (host: rack08-server75@lvm-1)
2022-04-07 13:22:31.279 11 WARNING cinder.scheduler.host_manager [req-01c8b15e-ab5d-4621-92f2-a3ab461f0f26 885c5fef4d1b44d99668bccefa7853f7 - - - -] volume service is down. (host: rack08-server75@lvm-1)
2022-04-07 13:22:33.644 11 WARNING cinder.scheduler.host_manager [req-64612ee9-4ae5-488e-b6d5-4383b68b7c72 885c5fef4d1b44d99668bccefa7853f7 - - - -] volume service is down. (host: rack08-server75@lvm-1)
