Build Started 14_01_2025_08_44_38
2025-01-14 08:46:11.703 7 WARNING cinder.scheduler.host_manager [req-ae9b1565-418c-4da2-be19-9a5ebd30771a req-f7fa9bca-0e0c-409b-9a1f-0887146c9ad8 839429e3a01d4bca9479fe8762699799 d3dd5855705c45208c926716c36dacf8 - - - -] volume service is down. (host: rack13-server67@lvm-1)
2025-01-14 08:46:11.728 7 WARNING cinder.scheduler.host_manager [req-8eaf1ac2-d4fd-40f7-a5cc-d04db86f6930 req-8f86ff08-65ce-4055-a47c-e03d9cd7ea85 f2c2320b1d85423fb5cf63f511c44ab4 ffc838efc89a461d9b44f6ae30fecd7d - - - -] volume service is down. (host: rack13-server67@lvm-1)
2025-01-14 08:46:12.627 7 WARNING cinder.scheduler.host_manager [None req-edbd80c9-6d54-4443-8384-03ca4614885c 99819d2f0fb54d0586a6dce99ce854e3 a2c92e00ce644119900f7897ef7e6f09 - - - -] volume service is down. (host: rack13-server67@lvm-1)
2025-01-14 08:46:13.153 7 WARNING cinder.scheduler.host_manager [None req-3278ea97-a50c-45b9-b6f7-a0e61d4b21f2 99819d2f0fb54d0586a6dce99ce854e3 a2c92e00ce644119900f7897ef7e6f09 - - - -] volume service is down. (host: rack13-server67@lvm-1)
2025-01-14 08:46:13.719 7 WARNING cinder.scheduler.host_manager [req-8442129f-d6c0-4c67-a139-af5943a9a82d req-8a91c871-6633-4252-b1dd-826daa8850c5 839429e3a01d4bca9479fe8762699799 d3dd5855705c45208c926716c36dacf8 - - - -] volume service is down. (host: rack13-server67@lvm-1)
2025-01-14 08:46:18.093 7 WARNING cinder.scheduler.host_manager [None req-615509ef-d9c7-4f70-af75-2d6746a519ec c1264b41718a44dca0cc0a5317c98b0a f88dc4145c1b4d2f98e6c979119eb5a0 - - - -] volume service is down. (host: rack13-server67@lvm-1)
2025-01-14 08:46:20.610 7 WARNING cinder.scheduler.host_manager [None req-bf5b8c04-f8ab-4899-a20e-6fabfe37513a c1264b41718a44dca0cc0a5317c98b0a f88dc4145c1b4d2f98e6c979119eb5a0 - - - -] volume service is down. (host: rack13-server67@lvm-1)
2025-01-14 08:46:23.008 7 WARNING cinder.scheduler.host_manager [None req-679abf3e-3b7d-4fab-919b-b5c7ac40d73a afecf01930e44d23ad5eb74810a1ed95 dc4fcef4a8c64da58f4d6a2ef0236145 - - - -] volume service is down. (host: rack13-server67@lvm-1)
2025-01-14 08:46:23.017 7 WARNING cinder.scheduler.host_manager [None req-679abf3e-3b7d-4fab-919b-b5c7ac40d73a afecf01930e44d23ad5eb74810a1ed95 dc4fcef4a8c64da58f4d6a2ef0236145 - - - -] volume service is down. (host: rack13-server67@lvm-1)
2025-01-14 08:46:23.132 7 WARNING cinder.scheduler.host_manager [None req-45c0a028-261e-44cc-a8ff-b13dce271106 c1264b41718a44dca0cc0a5317c98b0a f88dc4145c1b4d2f98e6c979119eb5a0 - - - -] volume service is down. (host: rack13-server67@lvm-1)
2025-01-14 08:46:24.432 7 WARNING cinder.scheduler.host_manager [None req-1bce1662-970b-46ac-a3ec-c262d5323f75 afecf01930e44d23ad5eb74810a1ed95 dc4fcef4a8c64da58f4d6a2ef0236145 - - - -] volume service is down. (host: rack13-server67@lvm-1)
2025-01-14 08:46:29.195 7 WARNING cinder.scheduler.host_manager [None req-df32b853-152b-465a-85fb-18e26f8be37a afecf01930e44d23ad5eb74810a1ed95 dc4fcef4a8c64da58f4d6a2ef0236145 - - - -] volume service is down. (host: rack13-server67@lvm-1)
2025-01-14 08:46:35.490 7 WARNING cinder.scheduler.host_manager [None req-670e844b-bd28-4518-8bdd-12fc1444e73d afecf01930e44d23ad5eb74810a1ed95 dc4fcef4a8c64da58f4d6a2ef0236145 - - - -] volume service is down. (host: rack13-server67@lvm-1)
2025-01-14 08:46:35.498 7 WARNING cinder.scheduler.host_manager [None req-670e844b-bd28-4518-8bdd-12fc1444e73d afecf01930e44d23ad5eb74810a1ed95 dc4fcef4a8c64da58f4d6a2ef0236145 - - - -] volume service is down. (host: rack13-server67@lvm-1)
2025-01-14 08:46:36.934 7 WARNING cinder.scheduler.host_manager [None req-1141d7fb-ce9f-4312-9feb-f81e9df4ea64 afecf01930e44d23ad5eb74810a1ed95 dc4fcef4a8c64da58f4d6a2ef0236145 - - - -] volume service is down. (host: rack13-server67@lvm-1)
2025-01-14 08:46:38.815 7 WARNING cinder.scheduler.host_manager [None req-92e2dba5-bf22-474e-951e-249604f4cd52 deae7acf4d8b4bc8aa68f556c03a5ee8 df40e5b3b9b2454fa955187bcb42a6c8 - - - -] volume service is down. (host: rack13-server67@lvm-1)
2025-01-14 08:46:38.823 7 WARNING cinder.scheduler.host_manager [None req-92e2dba5-bf22-474e-951e-249604f4cd52 deae7acf4d8b4bc8aa68f556c03a5ee8 df40e5b3b9b2454fa955187bcb42a6c8 - - - -] volume service is down. (host: rack13-server67@lvm-1)
2025-01-14 08:46:39.478 7 WARNING cinder.scheduler.host_manager [None req-cbfdc559-5d46-4862-bd08-694a75be13ec afecf01930e44d23ad5eb74810a1ed95 dc4fcef4a8c64da58f4d6a2ef0236145 - - - -] volume service is down. (host: rack13-server67@lvm-1)
2025-01-14 08:46:40.262 7 WARNING cinder.scheduler.host_manager [None req-abe4b243-4255-4e66-b852-e61d4ccadf1b deae7acf4d8b4bc8aa68f556c03a5ee8 df40e5b3b9b2454fa955187bcb42a6c8 - - - -] volume service is down. (host: rack13-server67@lvm-1)
2025-01-14 08:46:42.643 7 WARNING cinder.scheduler.host_manager [None req-a937dd29-16e7-45d6-8081-59a30fe12fd8 deae7acf4d8b4bc8aa68f556c03a5ee8 df40e5b3b9b2454fa955187bcb42a6c8 - - - -] volume service is down. (host: rack13-server67@lvm-1)
2025-01-14 08:46:49.975 7 WARNING cinder.scheduler.host_manager [None req-7d53d364-9a67-41af-aef7-bfc417c45715 0ce9724bd8a24d5f9c96b5a40bf373ec be069657708d4e0589276a6874f638d4 - - - -] volume service is down. (host: rack13-server67@lvm-1)
2025-01-14 08:46:52.967 7 WARNING cinder.scheduler.host_manager [None req-5c1cef55-30f9-4632-b48a-8601aff30290 afecf01930e44d23ad5eb74810a1ed95 dc4fcef4a8c64da58f4d6a2ef0236145 - - - -] volume service is down. (host: rack13-server67@lvm-1)
2025-01-14 08:46:52.974 7 WARNING cinder.scheduler.host_manager [None req-5c1cef55-30f9-4632-b48a-8601aff30290 afecf01930e44d23ad5eb74810a1ed95 dc4fcef4a8c64da58f4d6a2ef0236145 - - - -] volume service is down. (host: rack13-server67@lvm-1)
2025-01-14 08:46:53.746 7 WARNING cinder.scheduler.host_manager [None req-caa34a56-dada-48d9-b48f-6b601673147b 0ce9724bd8a24d5f9c96b5a40bf373ec be069657708d4e0589276a6874f638d4 - - - -] volume service is down. (host: rack13-server67@lvm-1)
2025-01-14 08:46:54.384 7 WARNING cinder.scheduler.host_manager [None req-71c11cf1-bcba-4baf-816f-1e4dde384336 afecf01930e44d23ad5eb74810a1ed95 dc4fcef4a8c64da58f4d6a2ef0236145 - - - -] volume service is down. (host: rack13-server67@lvm-1)
2025-01-14 08:46:55.343 7 WARNING cinder.scheduler.host_manager [None req-7df24cb8-450a-49b2-8700-f6386583e545 37631378d59f47a2b38125bf766e7a11 4fb26dd9253a43d4a89924a4acec857d - - - -] volume service is down. (host: rack13-server67@lvm-1)
2025-01-14 08:46:57.672 7 WARNING cinder.scheduler.host_manager [None req-84c1357f-d66f-4769-a4c2-534ba0f096f6 37631378d59f47a2b38125bf766e7a11 4fb26dd9253a43d4a89924a4acec857d - - - -] volume service is down. (host: rack13-server67@lvm-1)
2025-01-14 08:47:00.347 7 WARNING cinder.scheduler.host_manager [None req-4a1cecab-2984-4cd1-8bca-d0bf5cb13879 37631378d59f47a2b38125bf766e7a11 4fb26dd9253a43d4a89924a4acec857d - - - -] volume service is down. (host: rack13-server67@lvm-1)
2025-01-14 08:47:03.958 7 WARNING cinder.scheduler.host_manager [None req-f6990c54-e7ad-46eb-a918-bc23fdc2ec6b 37631378d59f47a2b38125bf766e7a11 4fb26dd9253a43d4a89924a4acec857d - - - -] volume service is down. (host: rack13-server67@lvm-1)
2025-01-14 08:47:06.535 7 WARNING cinder.scheduler.host_manager [None req-152ff3d4-f284-4d06-883e-87409abe46ab 421b247bfe794a9e87b2274eb42c48a2 7252871df0db4d7c9d2d28c077f9e6ea - - - -] volume service is down. (host: rack13-server67@lvm-1)
2025-01-14 08:47:07.570 7 WARNING cinder.scheduler.host_manager [None req-75774205-59e5-44ed-8090-11c758b6f48c 37631378d59f47a2b38125bf766e7a11 4fb26dd9253a43d4a89924a4acec857d - - - -] volume service is down. (host: rack13-server67@lvm-1)
2025-01-14 08:47:07.685 7 WARNING cinder.scheduler.host_manager [None req-0226a1e9-2c8e-4251-b55f-33d21d250d3e a66c84567cb64583bfd7ce2b736704f9 8146261dd9094d2fa9ab765d7d5a1779 - - - -] volume service is down. (host: rack13-server67@lvm-1)
2025-01-14 08:47:07.693 7 WARNING cinder.scheduler.host_manager [None req-0226a1e9-2c8e-4251-b55f-33d21d250d3e a66c84567cb64583bfd7ce2b736704f9 8146261dd9094d2fa9ab765d7d5a1779 - - - -] volume service is down. (host: rack13-server67@lvm-1)
2025-01-14 08:47:09.141 7 WARNING cinder.scheduler.host_manager [None req-a5f0f6f5-954f-4a7e-8165-4cb9dc538c2f a66c84567cb64583bfd7ce2b736704f9 8146261dd9094d2fa9ab765d7d5a1779 - - - -] volume service is down. (host: rack13-server67@lvm-1)
2025-01-14 08:47:11.211 7 WARNING cinder.scheduler.host_manager [None req-83d9a907-baf0-47ea-be7c-a24f3fa1bc15 37631378d59f47a2b38125bf766e7a11 4fb26dd9253a43d4a89924a4acec857d - - - -] volume service is down. (host: rack13-server67@lvm-1)
2025-01-14 08:47:23.206 7 WARNING cinder.scheduler.host_manager [None req-1713ed2a-37b0-43e6-ad6d-8b66f67aa649 d971f0080f05411aaddcbfd1d9dc8b92 d937c2c67b934136b83d22ecaf949728 - - - -] volume service is down. (host: rack13-server67@lvm-1)
2025-01-14 08:47:23.207 7 INFO cinder.scheduler.base_filter [None req-1713ed2a-37b0-43e6-ad6d-8b66f67aa649 d971f0080f05411aaddcbfd1d9dc8b92 d937c2c67b934136b83d22ecaf949728 - - - -] Filtering removed all hosts for the request with volume ID 'f978c540-7194-44ca-8052-383a00a49305'. Filter results: AvailabilityZoneFilter: (start: 1, end: 1), CapacityFilter: (start: 1, end: 1), CapabilitiesFilter: (start: 1, end: 0)
2025-01-14 08:47:23.208 7 WARNING cinder.scheduler.filter_scheduler [None req-1713ed2a-37b0-43e6-ad6d-8b66f67aa649 d971f0080f05411aaddcbfd1d9dc8b92 d937c2c67b934136b83d22ecaf949728 - - - -] No weighed backend found for volume with properties: {'id': '1b8e86de-cb8f-4841-8928-c943a1964724', 'name': 'tempest-UserMessagesTest-volume-type-347853682', 'description': None, 'is_public': True, 'projects': [], 'extra_specs': {'storage_protocol': 'tempest-storage_protocol-333836663', 'vendor_name': 'tempest-vendor_name-337030441'}, 'qos_specs_id': None, 'created_at': '2025-01-14T08:47:22.000000', 'updated_at': None, 'deleted_at': None, 'deleted': False}
2025-01-14 08:47:23.209 7 INFO cinder.message.api [None req-1713ed2a-37b0-43e6-ad6d-8b66f67aa649 d971f0080f05411aaddcbfd1d9dc8b92 d937c2c67b934136b83d22ecaf949728 - - - -] Creating message record for request_id = req-1713ed2a-37b0-43e6-ad6d-8b66f67aa649
2025-01-14 08:47:23.214 7 ERROR cinder.scheduler.flows.create_volume [None req-1713ed2a-37b0-43e6-ad6d-8b66f67aa649 d971f0080f05411aaddcbfd1d9dc8b92 d937c2c67b934136b83d22ecaf949728 - - - -] Failed to run task cinder.scheduler.flows.create_volume.ScheduleCreateVolumeTask;volume:create: No valid backend was found. No weighed backends available: cinder.exception.NoValidBackend: No valid backend was found. No weighed backends available
2025-01-14 08:47:25.364 7 WARNING cinder.scheduler.host_manager [None req-eb3179e6-5e85-4644-9f12-c0c783bfd0d1 d971f0080f05411aaddcbfd1d9dc8b92 d937c2c67b934136b83d22ecaf949728 - - - -] volume service is down. (host: rack13-server67@lvm-1)
2025-01-14 08:47:25.365 7 INFO cinder.scheduler.base_filter [None req-eb3179e6-5e85-4644-9f12-c0c783bfd0d1 d971f0080f05411aaddcbfd1d9dc8b92 d937c2c67b934136b83d22ecaf949728 - - - -] Filtering removed all hosts for the request with volume ID '0d64a2af-b538-45a0-a7e9-61fb8a6a5469'. Filter results: AvailabilityZoneFilter: (start: 1, end: 1), CapacityFilter: (start: 1, end: 1), CapabilitiesFilter: (start: 1, end: 0)
2025-01-14 08:47:25.365 7 WARNING cinder.scheduler.filter_scheduler [None req-eb3179e6-5e85-4644-9f12-c0c783bfd0d1 d971f0080f05411aaddcbfd1d9dc8b92 d937c2c67b934136b83d22ecaf949728 - - - -] No weighed backend found for volume with properties: {'id': 'd86361c3-5aec-4acd-8e78-39232692eaa2', 'name': 'tempest-UserMessagesTest-volume-type-678945873', 'description': None, 'is_public': True, 'projects': [], 'extra_specs': {'storage_protocol': 'tempest-storage_protocol-320036465', 'vendor_name': 'tempest-vendor_name-1506085397'}, 'qos_specs_id': None, 'created_at': '2025-01-14T08:47:24.000000', 'updated_at': None, 'deleted_at': None, 'deleted': False}
2025-01-14 08:47:25.366 7 INFO cinder.message.api [None req-eb3179e6-5e85-4644-9f12-c0c783bfd0d1 d971f0080f05411aaddcbfd1d9dc8b92 d937c2c67b934136b83d22ecaf949728 - - - -] Creating message record for request_id = req-eb3179e6-5e85-4644-9f12-c0c783bfd0d1
2025-01-14 08:47:25.371 7 ERROR cinder.scheduler.flows.create_volume [None req-eb3179e6-5e85-4644-9f12-c0c783bfd0d1 d971f0080f05411aaddcbfd1d9dc8b92 d937c2c67b934136b83d22ecaf949728 - - - -] Failed to run task cinder.scheduler.flows.create_volume.ScheduleCreateVolumeTask;volume:create: No valid backend was found. No weighed backends available: cinder.exception.NoValidBackend: No valid backend was found. No weighed backends available
2025-01-14 08:47:28.682 7 WARNING cinder.scheduler.host_manager [None req-c9644a25-47dd-43b8-90da-d5f331233b82 864131bcc51b41818ef3a618a99f1ac1 fe40e25349164203b6b9bb1b5634fa20 - - - -] volume service is down. (host: rack13-server67@lvm-1)
2025-01-14 08:47:28.689 7 WARNING cinder.scheduler.host_manager [None req-c9644a25-47dd-43b8-90da-d5f331233b82 864131bcc51b41818ef3a618a99f1ac1 fe40e25349164203b6b9bb1b5634fa20 - - - -] volume service is down. (host: rack13-server67@lvm-1)
2025-01-14 08:47:30.176 7 WARNING cinder.scheduler.host_manager [None req-b9f71533-492a-4319-8783-7eee69cfde87 864131bcc51b41818ef3a618a99f1ac1 fe40e25349164203b6b9bb1b5634fa20 - - - -] volume service is down. (host: rack13-server67@lvm-1)
2025-01-14 08:47:30.182 7 WARNING cinder.scheduler.host_manager [None req-b9f71533-492a-4319-8783-7eee69cfde87 864131bcc51b41818ef3a618a99f1ac1 fe40e25349164203b6b9bb1b5634fa20 - - - -] volume service is down. (host: rack13-server67@lvm-1)
2025-01-14 08:47:31.768 7 WARNING cinder.scheduler.host_manager [None req-8269cbda-9479-4120-b590-084f14bf298c 864131bcc51b41818ef3a618a99f1ac1 fe40e25349164203b6b9bb1b5634fa20 - - - -] volume service is down. (host: rack13-server67@lvm-1)
2025-01-14 08:47:32.079 7 WARNING cinder.scheduler.host_manager [None req-5ad034df-b314-46c8-bb18-b3b49088a8bb 5c0b46b2469349adbf8d210d700b9f0b 976b2cd228d94cefa1a5d0dcea3cea3c - - - -] volume service is down. (host: rack13-server67@lvm-1)
2025-01-14 08:47:32.448 7 WARNING cinder.scheduler.host_manager [None req-adb95b4d-7d1a-4bac-9620-5711e60f299a b369366c597d42dfbdd2fe1a65d3113e 6973b980bd9d4e72905452152b069fc3 - - - -] volume service is down. (host: rack13-server67@lvm-1)
2025-01-14 08:47:34.816 7 WARNING cinder.scheduler.host_manager [None req-2fcec38e-aa5d-4eac-9402-2d2f1de7c3be b369366c597d42dfbdd2fe1a65d3113e 6973b980bd9d4e72905452152b069fc3 - - - -] volume service is down. (host: rack13-server67@lvm-1)
2025-01-14 08:47:36.998 7 WARNING cinder.scheduler.host_manager [None req-60e98650-1272-413e-9287-56ee63eb5643 864131bcc51b41818ef3a618a99f1ac1 fe40e25349164203b6b9bb1b5634fa20 - - - -] volume service is down. (host: rack13-server67@lvm-1)
2025-01-14 08:47:37.006 7 WARNING cinder.scheduler.host_manager [None req-60e98650-1272-413e-9287-56ee63eb5643 864131bcc51b41818ef3a618a99f1ac1 fe40e25349164203b6b9bb1b5634fa20 - - - -] volume service is down. (host: rack13-server67@lvm-1)
2025-01-14 08:47:38.406 7 WARNING cinder.scheduler.host_manager [None req-192538b7-f3f4-43fc-83c3-1b75fcdcaa26 864131bcc51b41818ef3a618a99f1ac1 fe40e25349164203b6b9bb1b5634fa20 - - - -] volume service is down. (host: rack13-server67@lvm-1)
2025-01-14 08:47:40.935 7 WARNING cinder.scheduler.host_manager [None req-79e2a490-f27e-4bfa-98e2-6b45322727be 864131bcc51b41818ef3a618a99f1ac1 fe40e25349164203b6b9bb1b5634fa20 - - - -] volume service is down. (host: rack13-server67@lvm-1)
2025-01-14 08:47:43.447 7 WARNING cinder.scheduler.host_manager [None req-6f7d3333-6b8b-4c87-9a67-37754e33fcee d1fff68b747f4d36933cd4222fd33321 f1bfa7d723ba40518f1d8225db06c232 - - - -] volume service is down. (host: rack13-server67@lvm-1)
2025-01-14 08:47:45.797 7 WARNING cinder.scheduler.host_manager [None req-d053cd3a-8320-43d5-aea1-f874d904881d d1fff68b747f4d36933cd4222fd33321 f1bfa7d723ba40518f1d8225db06c232 - - - -] volume service is down. (host: rack13-server67@lvm-1)
2025-01-14 08:47:48.099 7 WARNING cinder.scheduler.host_manager [None req-cd2bb31e-8f7f-4479-b5cd-16c9c6c91ea4 d1fff68b747f4d36933cd4222fd33321 f1bfa7d723ba40518f1d8225db06c232 - - - -] volume service is down. (host: rack13-server67@lvm-1)
2025-01-14 08:47:50.275 7 WARNING cinder.scheduler.host_manager [None req-dd1547e5-db19-4470-aae6-4263f0dfcde5 7f49ccea31e54e8a9002046fa6252c70 b13336d02baf4d3e9f3e213392524ad1 - - - -] volume service is down. (host: rack13-server67@lvm-1)
2025-01-14 08:47:51.903 7 WARNING cinder.scheduler.host_manager [None req-66913e82-2704-4014-aae8-cea446f12dc7 d1fff68b747f4d36933cd4222fd33321 f1bfa7d723ba40518f1d8225db06c232 - - - -] volume service is down. (host: rack13-server67@lvm-1)
2025-01-14 08:47:53.446 7 WARNING cinder.scheduler.host_manager [None req-a06a0fbc-487d-494b-a5c1-bd0bad2127b2 cd13cb747ec74022afeee946c69ec7fb 1006231b8a06412aa55383f86833e27f - - - -] volume service is down. (host: rack13-server67@lvm-1)
2025-01-14 08:47:53.454 7 WARNING cinder.scheduler.host_manager [None req-a06a0fbc-487d-494b-a5c1-bd0bad2127b2 cd13cb747ec74022afeee946c69ec7fb 1006231b8a06412aa55383f86833e27f - - - -] volume service is down. (host: rack13-server67@lvm-1)
2025-01-14 08:47:54.238 7 WARNING cinder.scheduler.host_manager [None req-59e810ea-d9c9-41f9-98cd-bd8749390b52 d1fff68b747f4d36933cd4222fd33321 f1bfa7d723ba40518f1d8225db06c232 - - - -] volume service is down. (host: rack13-server67@lvm-1)
2025-01-14 08:47:57.104 7 WARNING cinder.scheduler.host_manager [None req-38c436ec-5e5d-4c97-a37c-e7aa8b82a163 d1fff68b747f4d36933cd4222fd33321 f1bfa7d723ba40518f1d8225db06c232 - - - -] volume service is down. (host: rack13-server67@lvm-1)
2025-01-14 08:48:01.375 7 WARNING cinder.scheduler.host_manager [None req-ad0564bc-272d-4774-aaf1-b9514cfd0a04 058ef12e89aa4247b689d3ebe2f6bf8b a68527c188e0416f9868d94bc854867d - - - -] volume service is down. (host: rack13-server67@lvm-1)
2025-01-14 08:48:02.116 7 WARNING cinder.scheduler.host_manager [None req-7f53c277-5922-478a-b048-b11fc9e56857 d2f2afadcfee4f0bb32adfd7fac0ff38 7a89e02b8c24440384c92f4f3289813b - - - -] volume service is down. (host: rack13-server67@lvm-1)
2025-01-14 08:48:06.862 7 WARNING cinder.scheduler.host_manager [None req-7773f33c-2dfc-45a6-a9c8-e082e5d53a95 058ef12e89aa4247b689d3ebe2f6bf8b a68527c188e0416f9868d94bc854867d - - - -] volume service is down. (host: rack13-server67@lvm-1)
2025-01-14 08:48:08.785 7 WARNING cinder.scheduler.host_manager [None req-06250452-68af-49b1-8400-e18ff45abbbe c3023a44624947b9a9311644c73b5889 0b4693a06117455cba116373c2c1a8ad - - - -] volume service is down. (host: rack13-server67@lvm-1)
2025-01-14 08:48:12.894 7 WARNING cinder.scheduler.host_manager [None req-83ba27fa-86af-40e6-a6dc-ed824fb1b80e 0f5dcbb79b6246ad8cf7a3396b641b2e dbf13ae7cc77427dbd90151f1a314a07 - - - -] volume service is down. (host: rack13-server67@lvm-1)
2025-01-14 08:48:14.516 7 WARNING cinder.scheduler.host_manager [None req-7013d1f0-a819-48b4-9e31-0d137af49672 c3023a44624947b9a9311644c73b5889 0b4693a06117455cba116373c2c1a8ad - - - -] volume service is down. (host: rack13-server67@lvm-1)
2025-01-14 08:48:14.591 7 WARNING cinder.scheduler.host_manager [None req-07281da3-a061-48c6-a7fa-73845ebd1f60 e98d199483ec4cf3a5afeae474e54ab9 0bbc840f9ad04921957ce8af5ce013f9 - - - -] volume service is down. (host: rack13-server67@lvm-1)
2025-01-14 08:48:15.347 7 WARNING cinder.scheduler.host_manager [None req-9e552937-53e8-4565-8c37-2312e24c4c40 0f5dcbb79b6246ad8cf7a3396b641b2e dbf13ae7cc77427dbd90151f1a314a07 - - - -] volume service is down. (host: rack13-server67@lvm-1)
2025-01-14 08:48:21.851 7 WARNING cinder.scheduler.host_manager [None req-3f18a20a-6ef6-4f91-aa63-a002bdab7ff6 0083f8c47b7642809f227c2c81773025 55ad818b51c9466a902934e1deb5ffd4 - - - -] volume service is down. (host: rack13-server67@lvm-1)
2025-01-14 08:48:22.671 7 WARNING cinder.scheduler.host_manager [None req-e8434af0-5c95-4c1b-8214-befb1b6d8dd6 dd9660ffc3e446d1affc301dff26931c 00b28bc1170145f6ae2d504021ecab6a - - - -] volume service is down. (host: rack13-server67@lvm-1)
2025-01-14 08:48:24.637 7 WARNING cinder.scheduler.host_manager [None req-185bfbee-2c80-42ce-a2fb-ada6aa2f0836 c247e1288871407695c47ae09f324e70 c3d59dfd574743648d90e4707428adfc - - - -] volume service is down. (host: rack13-server67@lvm-1)
2025-01-14 08:48:27.002 7 WARNING cinder.scheduler.host_manager [None req-5e2d9925-ae3a-4baa-9660-246311b186cf c247e1288871407695c47ae09f324e70 c3d59dfd574743648d90e4707428adfc - - - -] volume service is down. (host: rack13-server67@lvm-1)
2025-01-14 08:48:31.601 7 WARNING cinder.scheduler.host_manager [None req-b9600e8a-acae-42ef-bbab-1f7f09511cc2 dd9660ffc3e446d1affc301dff26931c 00b28bc1170145f6ae2d504021ecab6a - - - -] volume service is down. (host: rack13-server67@lvm-1)
2025-01-14 08:48:31.659 7 WARNING cinder.scheduler.host_manager [None req-0109a668-1ebd-4f0d-a098-775b7134844d 0083f8c47b7642809f227c2c81773025 55ad818b51c9466a902934e1deb5ffd4 - - - -] volume service is down. (host: rack13-server67@lvm-1)
2025-01-14 08:48:34.640 7 WARNING cinder.scheduler.host_manager [None req-ad552f05-627a-4787-ad5d-b89c88df78c9 0083f8c47b7642809f227c2c81773025 55ad818b51c9466a902934e1deb5ffd4 - - - -] volume service is down. (host: rack13-server67@lvm-1)
2025-01-14 08:48:36.990 7 WARNING cinder.scheduler.host_manager [None req-39be83c7-3361-4a56-862b-a48a1f3a52f6 0083f8c47b7642809f227c2c81773025 55ad818b51c9466a902934e1deb5ffd4 - - - -] volume service is down. (host: rack13-server67@lvm-1)
2025-01-14 08:48:37.630 7 WARNING cinder.scheduler.host_manager [None req-e1effee3-1e0f-4fdb-8cfc-30ee1878e61e dd9660ffc3e446d1affc301dff26931c 00b28bc1170145f6ae2d504021ecab6a - - - -] volume service is down. (host: rack13-server67@lvm-1)
2025-01-14 08:48:39.274 7 WARNING cinder.scheduler.host_manager [None req-33f0722e-2d1f-470f-a677-ab744db253c9 0083f8c47b7642809f227c2c81773025 55ad818b51c9466a902934e1deb5ffd4 - - - -] volume service is down. (host: rack13-server67@lvm-1)
2025-01-14 08:48:40.132 7 WARNING cinder.scheduler.host_manager [None req-71d6a687-5140-4101-b59b-56636d9756e4 dd9660ffc3e446d1affc301dff26931c 00b28bc1170145f6ae2d504021ecab6a - - - -] volume service is down. (host: rack13-server67@lvm-1)
2025-01-14 08:48:46.498 7 WARNING cinder.scheduler.host_manager [None req-2601be4e-9d3e-4a74-9cbc-795657b02c70 81a97e6d432d453c8556a140d0d2f1c5 e47fabfb815f492881719b278973e52d - - - -] volume service is down. (host: rack13-server67@lvm-1)
2025-01-14 08:48:49.182 7 WARNING cinder.scheduler.host_manager [None req-55df7056-ed9d-4cff-902b-f001c9d3676e 81a97e6d432d453c8556a140d0d2f1c5 e47fabfb815f492881719b278973e52d - - - -] volume service is down. (host: rack13-server67@lvm-1)
2025-01-14 08:48:49.453 7 WARNING cinder.scheduler.host_manager [None req-21c69ab8-04b1-4669-8f84-e390135fb3ff 2837c35da8924b4882231584ce9f4a85 e1cc06bb7bbf454e95c47a4bf2845e48 - - - -] volume service is down. (host: rack13-server67@lvm-1)
2025-01-14 08:48:54.048 7 WARNING cinder.scheduler.host_manager [None req-8e65a769-22ca-4479-b8da-6a6775c2c3c1 81a97e6d432d453c8556a140d0d2f1c5 e47fabfb815f492881719b278973e52d - - - -] volume service is down. (host: rack13-server67@lvm-1)
2025-01-14 08:48:56.408 7 WARNING cinder.scheduler.host_manager [None req-648a7539-9fc4-4ad1-8484-7d1b86296901 ef88e031a6774444b5033fdc2f66c04c be06035f332f44fb8193d5384b90d497 - - - -] volume service is down. (host: rack13-server67@lvm-1)
2025-01-14 08:48:56.571 7 WARNING cinder.scheduler.host_manager [None req-5bd09943-a22b-4267-a8b6-65533e7c4963 81a97e6d432d453c8556a140d0d2f1c5 e47fabfb815f492881719b278973e52d - - - -] volume service is down. (host: rack13-server67@lvm-1)
2025-01-14 08:48:58.965 7 WARNING cinder.scheduler.host_manager [None req-d1f58ad4-0131-4be5-b4c4-0f8fef720287 ef88e031a6774444b5033fdc2f66c04c be06035f332f44fb8193d5384b90d497 - - - -] volume service is down. (host: rack13-server67@lvm-1)
2025-01-14 08:49:00.396 7 WARNING cinder.scheduler.host_manager [None req-aaaa268c-e537-4f07-86e2-cea87aaa49ed 81a97e6d432d453c8556a140d0d2f1c5 e47fabfb815f492881719b278973e52d - - - -] volume service is down. (host: rack13-server67@lvm-1)
2025-01-14 08:49:01.570 7 WARNING cinder.scheduler.host_manager [None req-7cbdf5fd-4063-49ce-9024-8b496b4aa07f ef88e031a6774444b5033fdc2f66c04c be06035f332f44fb8193d5384b90d497 - - - -] volume service is down. (host: rack13-server67@lvm-1)
2025-01-14 08:49:04.396 7 WARNING cinder.scheduler.host_manager [None req-7128ec88-f7ee-4545-ba86-8fec85a2ebf5 898250ca11204cc8a68fa5de6cd4908f f8f8cbb9677d447780deaea2b9667203 - - - -] volume service is down. (host: rack13-server67@lvm-1)
2025-01-14 08:49:06.663 7 WARNING cinder.scheduler.host_manager [None req-73d6b46d-3d93-4f13-a4b9-420d07caf015 81a97e6d432d453c8556a140d0d2f1c5 e47fabfb815f492881719b278973e52d - - - -] volume service is down. (host: rack13-server67@lvm-1)
2025-01-14 08:49:14.530 7 WARNING cinder.scheduler.host_manager [None req-e2033a15-8d18-486b-812c-fca67114b704 cbe7db90714b4ef1ad18f7e9dc1d4896 c09963a0f4ef462b82846e06e58837d2 - - - -] volume service is down. (host: rack13-server67@lvm-1)
2025-01-14 08:49:15.837 7 WARNING cinder.scheduler.host_manager [None req-05e4c027-a876-454b-a28d-72f4abcee74c 81a97e6d432d453c8556a140d0d2f1c5 e47fabfb815f492881719b278973e52d - - - -] volume service is down. (host: rack13-server67@lvm-1)
2025-01-14 08:49:20.383 7 WARNING cinder.scheduler.host_manager [None req-6bb2bb4d-d703-4e50-af42-2800e0a07493 b4b09c646fda49de882ff83e211a32e6 213567077fbc4aa8a4b235594e947a20 - - - -] volume service is down. (host: rack13-server67@lvm-1)
2025-01-14 08:49:22.737 7 WARNING cinder.scheduler.host_manager [None req-8dbab5df-dd08-4563-9bc3-4259b69b69f8 b4b09c646fda49de882ff83e211a32e6 213567077fbc4aa8a4b235594e947a20 - - - -] volume service is down. (host: rack13-server67@lvm-1)
2025-01-14 08:49:28.048 7 WARNING cinder.scheduler.host_manager [None req-f47c77e9-1710-41f0-a7ad-7c6f7ac182bb d2efe7812ce64a91a408fa8d047830ef d3ad8ddc4fb04e67a180ddc6c80f015c - - - -] volume service is down. (host: rack13-server67@lvm-1)
2025-01-14 08:49:28.403 7 WARNING cinder.scheduler.host_manager [None req-b4c5a830-8114-48c7-8aaa-b6e8ca4d0e16 8cab5c0df8f74e67bba8c648f180b408 5f478dfca1024e08b71e1db2a4e5450e - - - -] volume service is down. (host: rack13-server67@lvm-1)
2025-01-14 08:49:31.827 7 WARNING cinder.scheduler.host_manager [None req-8e97492d-13b9-4fef-9a51-5413955a72d7 d2efe7812ce64a91a408fa8d047830ef d3ad8ddc4fb04e67a180ddc6c80f015c - - - -] volume service is down. (host: rack13-server67@lvm-1)
2025-01-14 08:49:34.366 7 WARNING cinder.scheduler.host_manager [None req-85decb98-11ce-4bc6-a9b9-a876d484974b d2efe7812ce64a91a408fa8d047830ef d3ad8ddc4fb04e67a180ddc6c80f015c - - - -] volume service is down. (host: rack13-server67@lvm-1)
2025-01-14 08:49:40.337 7 WARNING cinder.scheduler.host_manager [None req-e4a8c4ec-af58-4819-9b1a-a69988eff8a4 72892b68b4a84c2c8161bc4ddc684301 b8b6a8e7af0442d4973351160e553cbe - - - -] volume service is down. (host: rack13-server67@lvm-1)
2025-01-14 08:49:46.221 7 WARNING cinder.scheduler.host_manager [None req-e0e7e91c-eba9-4193-bd4c-23974e0c3d90 72892b68b4a84c2c8161bc4ddc684301 b8b6a8e7af0442d4973351160e553cbe - - - -] volume service is down. (host: rack13-server67@lvm-1)
2025-01-14 08:49:46.568 7 WARNING cinder.scheduler.host_manager [None req-5518a7e0-ec65-4cb3-bd49-18e396dc7a1d a6db2368b6d04e529359fa423236ec1b 128b7f11bcb845c1ad9ae8681c5e932b - - - -] volume service is down. (host: rack13-server67@lvm-1)
2025-01-14 08:49:48.931 7 WARNING cinder.scheduler.host_manager [None req-7a3e8a84-75a1-403b-a837-0e145336f0d0 a6db2368b6d04e529359fa423236ec1b 128b7f11bcb845c1ad9ae8681c5e932b - - - -] volume service is down. (host: rack13-server67@lvm-1)
2025-01-14 08:49:51.211 7 WARNING cinder.scheduler.host_manager [None req-cf208cc8-4798-4526-b126-75918f8e81a7 a6db2368b6d04e529359fa423236ec1b 128b7f11bcb845c1ad9ae8681c5e932b - - - -] volume service is down. (host: rack13-server67@lvm-1)
2025-01-14 08:49:53.470 7 WARNING cinder.scheduler.host_manager [None req-cdb04c42-9ad0-46bf-ae9a-b99c32369fe8 a6db2368b6d04e529359fa423236ec1b 128b7f11bcb845c1ad9ae8681c5e932b - - - -] volume service is down. (host: rack13-server67@lvm-1)
2025-01-14 08:50:09.095 7 WARNING cinder.scheduler.host_manager [None req-d1d4a12a-6d3a-40e3-aedc-1109204460c3 12a5aed2970c43e4a3389d94c5e1735e 5ceb6d085c7346479c4946b7c36d7bd8 - - - -] volume service is down. (host: rack13-server67@lvm-1)
2025-01-14 08:50:09.116 7 WARNING cinder.scheduler.host_manager [None req-7914c92d-7a68-4f36-915c-4286a5fbd0cf cd836bd6c01547a38d3899f889b581fc 3139987284d84d798d31f033c232c3b3 - - - -] volume service is down. (host: rack13-server67@lvm-1)
2025-01-14 08:50:09.197 7 WARNING cinder.scheduler.host_manager [None req-94aaf212-7a4f-4e28-b9ee-6a18db92f916 c505c38f695b4cf3b05c3167bb835302 a32cf2a21845425099a711b0a2f1785f - - - -] volume service is down. (host: rack13-server67@lvm-1)
2025-01-14 08:50:09.346 7 WARNING cinder.scheduler.host_manager [None req-ca707790-4b98-4017-98df-00b0c2147583 cd836bd6c01547a38d3899f889b581fc 3139987284d84d798d31f033c232c3b3 - - - -] volume service is down. (host: rack13-server67@lvm-1)
2025-01-14 08:50:09.647 7 WARNING cinder.scheduler.host_manager [None req-cb7d7672-5fdb-44b4-8c06-c94f874f50d1 cd836bd6c01547a38d3899f889b581fc 3139987284d84d798d31f033c232c3b3 - - - -] volume service is down. (host: rack13-server67@lvm-1)
2025-01-14 08:50:09.908 7 WARNING cinder.scheduler.host_manager [None req-5453d87e-4b4a-44b4-a762-8ee620d83c31 cd836bd6c01547a38d3899f889b581fc 3139987284d84d798d31f033c232c3b3 - - - -] volume service is down. (host: rack13-server67@lvm-1)
2025-01-14 08:50:10.193 7 WARNING cinder.scheduler.host_manager [None req-9dd28cc9-d78e-4f0c-846b-6188b10e2649 cd836bd6c01547a38d3899f889b581fc 3139987284d84d798d31f033c232c3b3 - - - -] volume service is down. (host: rack13-server67@lvm-1)
2025-01-14 08:50:11.462 7 WARNING cinder.scheduler.host_manager [None req-caf12e3a-d52f-4486-9393-e1a4786b12c2 12a5aed2970c43e4a3389d94c5e1735e 5ceb6d085c7346479c4946b7c36d7bd8 - - - -] volume service is down. (host: rack13-server67@lvm-1)
2025-01-14 08:50:11.749 7 WARNING cinder.scheduler.host_manager [None req-e775f9f1-51c5-4c64-9fc8-844872a03ec9 c505c38f695b4cf3b05c3167bb835302 a32cf2a21845425099a711b0a2f1785f - - - -] volume service is down. (host: rack13-server67@lvm-1)
2025-01-14 08:50:12.063 7 WARNING cinder.scheduler.host_manager [None req-290fd96c-37a4-4852-abde-fe494743eb49 c505c38f695b4cf3b05c3167bb835302 a32cf2a21845425099a711b0a2f1785f - - - -] volume service is down. (host: rack13-server67@lvm-1)
2025-01-14 08:50:12.380 7 WARNING cinder.scheduler.host_manager [None req-5aac3b76-9299-48da-a600-faadf83b68d3 c505c38f695b4cf3b05c3167bb835302 a32cf2a21845425099a711b0a2f1785f - - - -] volume service is down. (host: rack13-server67@lvm-1)
2025-01-14 08:50:12.681 7 WARNING cinder.scheduler.host_manager [None req-957c464e-511d-4439-abd8-cdd106db85cc c505c38f695b4cf3b05c3167bb835302 a32cf2a21845425099a711b0a2f1785f - - - -] volume service is down. (host: rack13-server67@lvm-1)
2025-01-14 08:50:12.942 7 WARNING cinder.scheduler.host_manager [None req-47bad8f2-5959-4ff3-855b-722e1127d46a c505c38f695b4cf3b05c3167bb835302 a32cf2a21845425099a711b0a2f1785f - - - -] volume service is down. (host: rack13-server67@lvm-1)
2025-01-14 08:50:13.892 7 WARNING cinder.scheduler.host_manager [None req-bccc7051-f114-4f25-87e9-d7c6e4dce86f 12a5aed2970c43e4a3389d94c5e1735e 5ceb6d085c7346479c4946b7c36d7bd8 - - - -] volume service is down. (host: rack13-server67@lvm-1)
2025-01-14 08:50:14.192 7 WARNING cinder.scheduler.host_manager [None req-9a1818fc-165f-4750-aee6-14ad5f6f2102 12a5aed2970c43e4a3389d94c5e1735e 5ceb6d085c7346479c4946b7c36d7bd8 - - - -] volume service is down. (host: rack13-server67@lvm-1)
2025-01-14 08:50:14.486 7 WARNING cinder.scheduler.host_manager [None req-a0a4ff57-aa71-4267-84b6-65eac0f98660 12a5aed2970c43e4a3389d94c5e1735e 5ceb6d085c7346479c4946b7c36d7bd8 - - - -] volume service is down. (host: rack13-server67@lvm-1)
2025-01-14 08:50:14.757 7 WARNING cinder.scheduler.host_manager [None req-236710c7-2fd0-4f39-bd29-4fef99cfc54e 12a5aed2970c43e4a3389d94c5e1735e 5ceb6d085c7346479c4946b7c36d7bd8 - - - -] volume service is down. (host: rack13-server67@lvm-1)
2025-01-14 08:50:15.055 7 WARNING cinder.scheduler.host_manager [None req-d0d9ad70-3785-497e-9960-84a6d6ffb6ad 12a5aed2970c43e4a3389d94c5e1735e 5ceb6d085c7346479c4946b7c36d7bd8 - - - -] volume service is down. (host: rack13-server67@lvm-1)
2025-01-14 08:50:21.242 7 WARNING cinder.scheduler.host_manager [None req-a08b59e4-c9b4-4ce9-b8fa-517784183a69 25c308c639624c319b3c28a38748e699 42151a4e928849ddaabaf4fa4cf4d034 - - - -] volume service is down. (host: rack13-server67@lvm-1)
2025-01-14 08:50:23.794 7 WARNING cinder.scheduler.host_manager [None req-4fbf9aa9-5039-4f9a-a31a-7bdef8f58635 25c308c639624c319b3c28a38748e699 42151a4e928849ddaabaf4fa4cf4d034 - - - -] volume service is down. (host: rack13-server67@lvm-1)
2025-01-14 08:50:26.211 7 WARNING cinder.scheduler.host_manager [None req-2daf4506-0f10-4df6-bf25-ed8787abb671 25c308c639624c319b3c28a38748e699 42151a4e928849ddaabaf4fa4cf4d034 - - - -] volume service is down. (host: rack13-server67@lvm-1)
