Build Started 04_05_2022_10_30_48
2022-05-04 13:32:50.012 11 WARNING cinder.scheduler.host_manager [req-602baaf5-9b51-4503-a7ef-fcf6277d5cb3 57eef916412244548e94e6fa4b58a97e - - - -] volume service is down. (host: rack08-server75@lvm-1)
2022-05-04 13:32:50.052 11 WARNING cinder.scheduler.host_manager [req-2faf93d5-d325-4fe2-9ca1-bc131a4816fd cebb791651e444808429d24b3a03c7e7 - - - -] volume service is down. (host: rack08-server75@lvm-1)
2022-05-04 13:33:19.420 11 WARNING cinder.scheduler.host_manager [req-6a51b2d2-60b6-4971-a1fc-cd0d1286bdd7 57eef916412244548e94e6fa4b58a97e - - - -] volume service is down. (host: rack08-server75@lvm-1)
2022-05-04 13:33:33.363 11 WARNING cinder.scheduler.host_manager [req-6c17cb59-c827-45dd-8304-bbd6060f5381 fa32a687c1cc40008b553e3bdaebe1e1 - - - -] volume service is down. (host: rack08-server75@lvm-1)
2022-05-04 13:33:48.829 11 WARNING cinder.scheduler.host_manager [req-ac3220bd-a7d9-442c-8db8-e3664880c4cc 2900a10aea4748eca3591c00926419ad - - - -] volume service is down. (host: rack08-server75@lvm-1)
2022-05-04 13:33:59.375 11 WARNING cinder.scheduler.host_manager [req-4ecabf9e-085a-4e06-abf9-215144e20622 e1128d89c6e545f8a040856669ff3b06 - - - -] volume service is down. (host: rack08-server75@lvm-1)
2022-05-04 13:34:04.617 11 WARNING cinder.scheduler.host_manager [req-2fda35ec-296d-4af1-b267-24b33c438657 e1128d89c6e545f8a040856669ff3b06 - - - -] volume service is down. (host: rack08-server75@lvm-1)
2022-05-04 13:34:14.265 11 WARNING cinder.scheduler.host_manager [req-c445bd59-5536-4875-a85f-fb1aad2b360f 2f964134c1a346f4a3207abc92ad2952 - - - -] volume service is down. (host: rack08-server75@lvm-1)
2022-05-04 13:34:17.173 11 WARNING cinder.scheduler.host_manager [req-0d01b2d7-90ba-471d-9270-18882efe4d29 2f964134c1a346f4a3207abc92ad2952 - - - -] volume service is down. (host: rack08-server75@lvm-1)
2022-05-04 13:34:19.760 11 WARNING cinder.scheduler.host_manager [req-d35df4b2-cfb6-4645-8dc1-90903b373da7 2f964134c1a346f4a3207abc92ad2952 - - - -] volume service is down. (host: rack08-server75@lvm-1)
2022-05-04 13:34:31.360 11 WARNING cinder.scheduler.host_manager [req-9f5a7dc1-0f57-484e-8714-ce1d13d3be89 f4af41a9aef045509338f21d82987d65 - - - -] volume service is down. (host: rack08-server75@lvm-1)
2022-05-04 13:35:19.819 11 WARNING cinder.scheduler.host_manager [req-ab0cc15b-0c43-45f0-a92f-23330f904350 27e45e2dff8644e68eed12208d5e30c8 - - - -] volume service is down. (host: rack08-server75@lvm-1)
2022-05-04 13:36:21.660 11 WARNING cinder.scheduler.host_manager [req-362ae680-8be1-4063-a154-16c31d10105a f4af41a9aef045509338f21d82987d65 - - - -] volume service is down. (host: rack08-server75@lvm-1)
2022-05-04 13:37:13.549 11 WARNING cinder.scheduler.host_manager [req-60d5aabb-3570-4099-ad6e-8e970573a976 57eef916412244548e94e6fa4b58a97e - - - -] volume service is down. (host: rack08-server75@lvm-1)
2022-05-04 13:37:26.925 11 WARNING cinder.scheduler.host_manager [req-b7197e29-ce90-49f4-9f55-0d2e2a614711 f4af41a9aef045509338f21d82987d65 - - - -] volume service is down. (host: rack08-server75@lvm-1)
2022-05-04 13:37:29.259 11 WARNING cinder.scheduler.host_manager [req-2d6345c8-8359-4f5a-8ec0-be68f90f429b f4af41a9aef045509338f21d82987d65 - - - -] volume service is down. (host: rack08-server75@lvm-1)
2022-05-04 13:37:31.602 11 WARNING cinder.scheduler.host_manager [req-b900ec85-c376-4f62-96f3-75dc948a2b1b f4af41a9aef045509338f21d82987d65 - - - -] volume service is down. (host: rack08-server75@lvm-1)
2022-05-04 13:38:49.401 11 WARNING cinder.scheduler.host_manager [req-a19fd6bf-2cff-4d54-b22e-02a50554382b d605f6ac87254aebb8cfcf3fdbe6885b - - - -] volume service is down. (host: rack08-server75@lvm-1)
2022-05-04 13:38:49.410 11 WARNING cinder.scheduler.host_manager [req-a19fd6bf-2cff-4d54-b22e-02a50554382b d605f6ac87254aebb8cfcf3fdbe6885b - - - -] volume service is down. (host: rack08-server75@lvm-1)
2022-05-04 13:38:51.050 11 WARNING cinder.scheduler.host_manager [req-b9d3d191-843a-4bff-a5cf-8f54c41078c2 d605f6ac87254aebb8cfcf3fdbe6885b - - - -] volume service is down. (host: rack08-server75@lvm-1)
2022-05-04 13:38:51.058 11 WARNING cinder.scheduler.host_manager [req-b9d3d191-843a-4bff-a5cf-8f54c41078c2 d605f6ac87254aebb8cfcf3fdbe6885b - - - -] volume service is down. (host: rack08-server75@lvm-1)
2022-05-04 13:38:52.715 11 WARNING cinder.scheduler.host_manager [req-256f0b96-f567-4e9e-9f18-85c1c4840597 d605f6ac87254aebb8cfcf3fdbe6885b - - - -] volume service is down. (host: rack08-server75@lvm-1)
2022-05-04 13:38:58.141 11 WARNING cinder.scheduler.host_manager [req-5db84f07-5acf-4806-b36b-1551be9fd25a d605f6ac87254aebb8cfcf3fdbe6885b - - - -] volume service is down. (host: rack08-server75@lvm-1)
2022-05-04 13:38:58.148 11 WARNING cinder.scheduler.host_manager [req-5db84f07-5acf-4806-b36b-1551be9fd25a d605f6ac87254aebb8cfcf3fdbe6885b - - - -] volume service is down. (host: rack08-server75@lvm-1)
2022-05-04 13:38:59.742 11 WARNING cinder.scheduler.host_manager [req-c4621fe7-5dc8-4524-9595-32d12566d651 d605f6ac87254aebb8cfcf3fdbe6885b - - - -] volume service is down. (host: rack08-server75@lvm-1)
2022-05-04 13:39:02.362 11 WARNING cinder.scheduler.host_manager [req-1063cac1-2161-4530-9211-a6fe6409daeb d605f6ac87254aebb8cfcf3fdbe6885b - - - -] volume service is down. (host: rack08-server75@lvm-1)
2022-05-04 13:39:14.448 11 WARNING cinder.scheduler.host_manager [req-b3bdf449-93ad-4fcd-8012-f3b415ceb6de 3208b1ab43274fb8b0f94848178bafb6 - - - -] volume service is down. (host: rack08-server75@lvm-1)
2022-05-04 13:39:14.455 11 WARNING cinder.scheduler.host_manager [req-b3bdf449-93ad-4fcd-8012-f3b415ceb6de 3208b1ab43274fb8b0f94848178bafb6 - - - -] volume service is down. (host: rack08-server75@lvm-1)
2022-05-04 13:39:16.601 11 WARNING cinder.scheduler.host_manager [req-0e487eb9-d619-4553-aef2-2e2416a4b242 3208b1ab43274fb8b0f94848178bafb6 - - - -] volume service is down. (host: rack08-server75@lvm-1)
2022-05-04 13:39:19.006 11 WARNING cinder.scheduler.host_manager [req-68281267-45e8-44da-b68a-715d58245ca6 3208b1ab43274fb8b0f94848178bafb6 - - - -] volume service is down. (host: rack08-server75@lvm-1)
2022-05-04 13:39:30.260 11 WARNING cinder.scheduler.host_manager [req-0e3e0fdf-e2fd-4e90-ad16-185893d90878 3a0577c7bbee4f4cadff51b79003850d - - - -] volume service is down. (host: rack08-server75@lvm-1)
2022-05-04 13:39:32.623 11 WARNING cinder.scheduler.host_manager [req-63a16346-e337-4ca3-80b3-da103d3aa0e9 3a0577c7bbee4f4cadff51b79003850d - - - -] volume service is down. (host: rack08-server75@lvm-1)
2022-05-04 13:39:35.210 11 WARNING cinder.scheduler.host_manager [req-e7a54138-447a-4c16-822f-74283ffcd6b8 3a0577c7bbee4f4cadff51b79003850d - - - -] volume service is down. (host: rack08-server75@lvm-1)
2022-05-04 13:39:38.780 11 WARNING cinder.scheduler.host_manager [req-37c1a254-8a1b-4dc0-bec1-606a63536313 3a0577c7bbee4f4cadff51b79003850d - - - -] volume service is down. (host: rack08-server75@lvm-1)
2022-05-04 13:39:42.347 11 WARNING cinder.scheduler.host_manager [req-bfb02552-6a93-4ca8-a675-752b474001b9 3a0577c7bbee4f4cadff51b79003850d - - - -] volume service is down. (host: rack08-server75@lvm-1)
2022-05-04 13:39:45.955 11 WARNING cinder.scheduler.host_manager [req-0d7a5a8d-8082-4d3f-a242-39619783f89a 3a0577c7bbee4f4cadff51b79003850d - - - -] volume service is down. (host: rack08-server75@lvm-1)
2022-05-04 13:39:57.677 11 WARNING cinder.scheduler.host_manager [req-1e9ffcf7-90a5-4abb-a455-672831a1b993 62de0e0756d84dd0a068cc1ee52bbe41 - - - -] volume service is down. (host: rack08-server75@lvm-1)
2022-05-04 13:39:57.679 11 INFO cinder.scheduler.base_filter [req-1e9ffcf7-90a5-4abb-a455-672831a1b993 62de0e0756d84dd0a068cc1ee52bbe41 - - - -] Filtering removed all hosts for the request with volume ID '8f18a242-4c29-4fca-9899-f5ce3f49ec51'. Filter results: AvailabilityZoneFilter: (start: 1, end: 1), CapacityFilter: (start: 1, end: 1), CapabilitiesFilter: (start: 1, end: 0)
2022-05-04 13:39:57.679 11 WARNING cinder.scheduler.filter_scheduler [req-1e9ffcf7-90a5-4abb-a455-672831a1b993 62de0e0756d84dd0a068cc1ee52bbe41 - - - -] No weighed backend found for volume with properties: {'id': 'c7285eed-0a92-4ef0-9652-180c17da8b7c', 'name': 'tempest-UserMessagesTest-volume-type-2001997476', 'description': None, 'is_public': True, 'projects': [], 'extra_specs': {'storage_protocol': 'tempest-storage_protocol-19789291', 'vendor_name': 'tempest-vendor_name-990538534'}, 'qos_specs_id': None, 'created_at': '2022-05-04T10:39:56.000000', 'updated_at': None, 'deleted_at': None, 'deleted': False}
2022-05-04 13:39:57.680 11 INFO cinder.message.api [req-1e9ffcf7-90a5-4abb-a455-672831a1b993 62de0e0756d84dd0a068cc1ee52bbe41 - - - -] Creating message record for request_id = req-1e9ffcf7-90a5-4abb-a455-672831a1b993
2022-05-04 13:39:57.686 11 ERROR cinder.scheduler.flows.create_volume [req-1e9ffcf7-90a5-4abb-a455-672831a1b993 62de0e0756d84dd0a068cc1ee52bbe41 - - - -] Failed to run task cinder.scheduler.flows.create_volume.ScheduleCreateVolumeTask;volume:create: No valid backend was found. No weighed backends available: cinder.exception.NoValidBackend: No valid backend was found. No weighed backends available
2022-05-04 13:39:59.496 11 WARNING cinder.scheduler.host_manager [req-091d4850-7367-41f1-8971-b2818dfb7a53 62de0e0756d84dd0a068cc1ee52bbe41 - - - -] volume service is down. (host: rack08-server75@lvm-1)
2022-05-04 13:39:59.497 11 INFO cinder.scheduler.base_filter [req-091d4850-7367-41f1-8971-b2818dfb7a53 62de0e0756d84dd0a068cc1ee52bbe41 - - - -] Filtering removed all hosts for the request with volume ID 'cd714a47-70ee-4d48-8710-572a53a8bbba'. Filter results: AvailabilityZoneFilter: (start: 1, end: 1), CapacityFilter: (start: 1, end: 1), CapabilitiesFilter: (start: 1, end: 0)
2022-05-04 13:39:59.497 11 WARNING cinder.scheduler.filter_scheduler [req-091d4850-7367-41f1-8971-b2818dfb7a53 62de0e0756d84dd0a068cc1ee52bbe41 - - - -] No weighed backend found for volume with properties: {'id': '254de301-df62-4915-9141-d7dab33a55e9', 'name': 'tempest-UserMessagesTest-volume-type-1531531935', 'description': None, 'is_public': True, 'projects': [], 'extra_specs': {'storage_protocol': 'tempest-storage_protocol-1806613747', 'vendor_name': 'tempest-vendor_name-1887014872'}, 'qos_specs_id': None, 'created_at': '2022-05-04T10:39:58.000000', 'updated_at': None, 'deleted_at': None, 'deleted': False}
2022-05-04 13:39:59.498 11 INFO cinder.message.api [req-091d4850-7367-41f1-8971-b2818dfb7a53 62de0e0756d84dd0a068cc1ee52bbe41 - - - -] Creating message record for request_id = req-091d4850-7367-41f1-8971-b2818dfb7a53
2022-05-04 13:39:59.503 11 ERROR cinder.scheduler.flows.create_volume [req-091d4850-7367-41f1-8971-b2818dfb7a53 62de0e0756d84dd0a068cc1ee52bbe41 - - - -] Failed to run task cinder.scheduler.flows.create_volume.ScheduleCreateVolumeTask;volume:create: No valid backend was found. No weighed backends available: cinder.exception.NoValidBackend: No valid backend was found. No weighed backends available
2022-05-04 13:40:06.606 11 WARNING cinder.scheduler.host_manager [req-77878b8f-fb22-48a1-aa05-79d22da4a93e 752b1f12f4894e35b04a45ee153d2890 - - - -] volume service is down. (host: rack08-server75@lvm-1)
2022-05-04 13:40:13.195 11 WARNING cinder.scheduler.host_manager [req-726ea141-0db1-4c8a-a129-8ac7e7fd4253 7aa753f9abe9472aad16a38ee7ab5748 - - - -] volume service is down. (host: rack08-server75@lvm-1)
2022-05-04 13:40:15.586 11 WARNING cinder.scheduler.host_manager [req-a31cbf21-c887-4744-a61d-370a2be03647 7aa753f9abe9472aad16a38ee7ab5748 - - - -] volume service is down. (host: rack08-server75@lvm-1)
2022-05-04 13:40:18.576 11 WARNING cinder.scheduler.host_manager [req-78f13a34-58fe-4e33-91da-96487c277a6c f4af41a9aef045509338f21d82987d65 - - - -] volume service is down. (host: rack08-server75@lvm-1)
2022-05-04 13:40:22.179 11 WARNING cinder.scheduler.host_manager [req-a249d1eb-1430-4abd-9c3a-f3058766c20a f4af41a9aef045509338f21d82987d65 - - - -] volume service is down. (host: rack08-server75@lvm-1)
2022-05-04 13:41:22.572 11 WARNING cinder.scheduler.host_manager [req-87e71a58-85f7-4482-86b0-927ae7a72731 27e45e2dff8644e68eed12208d5e30c8 - - - -] volume service is down. (host: rack08-server75@lvm-1)
2022-05-04 13:42:22.165 11 WARNING cinder.scheduler.host_manager [req-22f471c6-019f-4a9f-b00a-6966a6c14158 0c7945e6f6fe4da3a4e8ed17d498fd46 - - - -] volume service is down. (host: rack08-server75@lvm-1)
2022-05-04 13:43:20.119 11 WARNING cinder.scheduler.host_manager [req-c76a7661-7644-4379-a997-8a9836a98ad5 f4af41a9aef045509338f21d82987d65 - - - -] volume service is down. (host: rack08-server75@lvm-1)
2022-05-04 13:43:22.441 11 WARNING cinder.scheduler.host_manager [req-3f8d9fd3-b73b-4cd2-ad91-13b99f846418 f4af41a9aef045509338f21d82987d65 - - - -] volume service is down. (host: rack08-server75@lvm-1)
2022-05-04 13:44:14.117 11 WARNING cinder.scheduler.host_manager [req-3be5824d-2360-4e2e-8783-a52b09f3d337 27e45e2dff8644e68eed12208d5e30c8 - - - -] volume service is down. (host: rack08-server75@lvm-1)
2022-05-04 13:44:18.819 11 WARNING cinder.scheduler.host_manager [req-928cdca1-1aba-4b46-a122-e77c4a330614 0c7945e6f6fe4da3a4e8ed17d498fd46 - - - -] volume service is down. (host: rack08-server75@lvm-1)
2022-05-04 13:44:21.606 11 WARNING cinder.scheduler.host_manager [req-a2735ca6-24b7-491a-9889-14df34a74233 0c7945e6f6fe4da3a4e8ed17d498fd46 - - - -] volume service is down. (host: rack08-server75@lvm-1)
2022-05-04 13:44:25.414 11 WARNING cinder.scheduler.host_manager [req-0159db29-ab12-4641-bcee-3a055f525844 0c7945e6f6fe4da3a4e8ed17d498fd46 - - - -] volume service is down. (host: rack08-server75@lvm-1)
2022-05-04 13:44:29.218 11 WARNING cinder.scheduler.host_manager [req-932f09cd-764b-4bcc-8916-973965df3895 0c7945e6f6fe4da3a4e8ed17d498fd46 - - - -] volume service is down. (host: rack08-server75@lvm-1)
2022-05-04 13:44:32.010 11 WARNING cinder.scheduler.host_manager [req-6b846797-3020-423a-b15d-691ac5644430 0c7945e6f6fe4da3a4e8ed17d498fd46 - - - -] volume service is down. (host: rack08-server75@lvm-1)
2022-05-04 13:44:42.865 11 WARNING cinder.scheduler.host_manager [req-0eb309b4-ea50-4fbb-b485-0b696a3b5a4b eef3a4fa560149cbb585516b0b84b5f9 - - - -] volume service is down. (host: rack08-server75@lvm-1)
2022-05-04 13:44:45.458 11 WARNING cinder.scheduler.host_manager [req-1c883abf-0cb7-4f39-9fa1-2fb1c4b95adb eef3a4fa560149cbb585516b0b84b5f9 - - - -] volume service is down. (host: rack08-server75@lvm-1)
2022-05-04 13:44:48.044 11 WARNING cinder.scheduler.host_manager [req-e32f7892-6801-4d38-a470-32f7ccab2e3f eef3a4fa560149cbb585516b0b84b5f9 - - - -] volume service is down. (host: rack08-server75@lvm-1)
2022-05-04 13:44:50.861 11 WARNING cinder.scheduler.host_manager [req-793ddb46-2bc7-4fc9-80cb-e11380c2cbc1 16edf7209b7e4acaafc7d007b430b11b - - - -] volume service is down. (host: rack08-server75@lvm-1)
2022-05-04 13:45:03.253 11 WARNING cinder.scheduler.host_manager [req-6553a71b-55ae-4cfc-a7cc-a3ebbfc73c3e d7034b4692094ec2979853060168cc8c - - - -] volume service is down. (host: rack08-server75@lvm-1)
2022-05-04 13:45:05.673 11 WARNING cinder.scheduler.host_manager [req-0d4b1716-ec9c-43f7-b441-11f539536248 d7034b4692094ec2979853060168cc8c - - - -] volume service is down. (host: rack08-server75@lvm-1)
2022-05-04 13:45:20.365 11 WARNING cinder.scheduler.host_manager [req-e2474549-dfc7-4b1b-bb80-0d1bb72ecc64 64ed558d13744163a2e6707fa157a4b0 - - - -] volume service is down. (host: rack08-server75@lvm-1)
2022-05-04 13:45:25.348 11 WARNING cinder.scheduler.host_manager [req-10882ab7-eec4-46e0-a611-d0d19ec98749 64ed558d13744163a2e6707fa157a4b0 - - - -] volume service is down. (host: rack08-server75@lvm-1)
2022-05-04 13:45:33.075 11 WARNING cinder.scheduler.host_manager [req-4ddf1c32-eb07-4029-8d3b-69c314c3846d b9eff5d2cbe94cd6a9a0c6b8b0a64369 - - - -] volume service is down. (host: rack08-server75@lvm-1)
2022-05-04 13:46:20.430 11 WARNING cinder.scheduler.host_manager [req-289cd4d4-94af-4248-a3d3-973a5fc39b9a f4af41a9aef045509338f21d82987d65 - - - -] volume service is down. (host: rack08-server75@lvm-1)
2022-05-04 13:46:22.795 11 WARNING cinder.scheduler.host_manager [req-339c0bbe-6711-4ae3-bd37-ac44e3b390d5 f4af41a9aef045509338f21d82987d65 - - - -] volume service is down. (host: rack08-server75@lvm-1)
2022-05-04 13:46:25.701 11 WARNING cinder.scheduler.host_manager [req-5444a614-cc90-414c-94fd-5efc6af8b6c4 f4af41a9aef045509338f21d82987d65 - - - -] volume service is down. (host: rack08-server75@lvm-1)
2022-05-04 13:46:29.433 11 WARNING cinder.scheduler.host_manager [req-6971101e-ca68-4272-9e09-db49931d739d f4af41a9aef045509338f21d82987d65 - - - -] volume service is down. (host: rack08-server75@lvm-1)
2022-05-04 13:46:31.799 11 WARNING cinder.scheduler.host_manager [req-643b490e-16dd-45a5-9100-cc4fde2c2a8e f4af41a9aef045509338f21d82987d65 - - - -] volume service is down. (host: rack08-server75@lvm-1)
2022-05-04 13:46:34.341 11 WARNING cinder.scheduler.host_manager [req-02f49a9b-6402-4749-be49-3fdb10849c52 f4af41a9aef045509338f21d82987d65 - - - -] volume service is down. (host: rack08-server75@lvm-1)
2022-05-04 13:46:48.678 11 WARNING cinder.scheduler.host_manager [req-f06305e9-3045-4d66-a363-2791260ecc32 1aa771f4a930402d89dcf8ecf758a6f2 - - - -] volume service is down. (host: rack08-server75@lvm-1)
2022-05-04 13:46:51.063 11 WARNING cinder.scheduler.host_manager [req-67c44bd7-4d5d-4c04-822e-ca3e81350682 1aa771f4a930402d89dcf8ecf758a6f2 - - - -] volume service is down. (host: rack08-server75@lvm-1)
2022-05-04 13:51:27.187 11 WARNING cinder.scheduler.host_manager [req-61dcaee1-a2c8-4bed-8a6d-beb7402bcd09 6460cf15f18545fe972cddb0b2e6fb65 - - - -] volume service is down. (host: rack08-server75@lvm-1)
2022-05-04 13:51:29.670 11 WARNING cinder.scheduler.host_manager [req-6fa8f92c-a37d-4ba0-a553-b01c95429914 6460cf15f18545fe972cddb0b2e6fb65 - - - -] volume service is down. (host: rack08-server75@lvm-1)
2022-05-04 13:51:36.949 11 WARNING cinder.scheduler.host_manager [req-f1adc80f-b99d-4d05-9b8d-41df9d50b5f4 85d938cc1ba046e6a0331cf20b482e0e - - - -] volume service is down. (host: rack08-server75@lvm-1)
2022-05-04 13:51:39.511 11 WARNING cinder.scheduler.host_manager [req-18cdffe7-eb03-4d06-8d97-c37554e67241 85d938cc1ba046e6a0331cf20b482e0e - - - -] volume service is down. (host: rack08-server75@lvm-1)
2022-05-04 13:51:42.110 11 WARNING cinder.scheduler.host_manager [req-29ef713f-f2db-4216-b8a6-f02fdc805e50 85d938cc1ba046e6a0331cf20b482e0e - - - -] volume service is down. (host: rack08-server75@lvm-1)
2022-05-04 13:51:42.781 11 WARNING cinder.scheduler.host_manager [req-af6710c9-8fd8-4852-927d-2e65e90e8051 e1620595ff64400db9ab41d3ff55ef0c - - - -] volume service is down. (host: rack08-server75@lvm-1)
2022-05-04 13:51:53.767 11 WARNING cinder.scheduler.host_manager [req-7b69bf08-24cc-430e-83f9-417a13425c28 e1620595ff64400db9ab41d3ff55ef0c - - - -] volume service is down. (host: rack08-server75@lvm-1)
2022-05-04 13:51:56.255 11 WARNING cinder.scheduler.host_manager [req-eb74923a-2543-439c-842c-f0fec557565d 964de83d9cbf47b9acdfff57daeb7a32 - - - -] volume service is down. (host: rack08-server75@lvm-1)
2022-05-04 13:51:56.291 11 WARNING cinder.scheduler.host_manager [req-84d2c7a7-a761-43e2-a0cc-730ec0a50e27 964de83d9cbf47b9acdfff57daeb7a32 - - - -] volume service is down. (host: rack08-server75@lvm-1)
2022-05-04 13:51:57.401 11 WARNING cinder.scheduler.host_manager [req-733c10a3-7d55-45d9-915f-13f41c8992ca e1620595ff64400db9ab41d3ff55ef0c - - - -] volume service is down. (host: rack08-server75@lvm-1)
2022-05-04 13:51:59.967 11 WARNING cinder.scheduler.host_manager [req-9dce46e6-75a2-43f7-b671-83adf1313e78 e1620595ff64400db9ab41d3ff55ef0c - - - -] volume service is down. (host: rack08-server75@lvm-1)
2022-05-04 13:52:01.606 11 WARNING cinder.scheduler.host_manager [req-0a60d962-9b7d-4314-91a1-aa3c8ec2db14 e65b3e14f2b24661a5e71381cec87886 - - - -] volume service is down. (host: rack08-server75@lvm-1)
2022-05-04 13:52:01.614 11 WARNING cinder.scheduler.host_manager [req-0a60d962-9b7d-4314-91a1-aa3c8ec2db14 e65b3e14f2b24661a5e71381cec87886 - - - -] volume service is down. (host: rack08-server75@lvm-1)
2022-05-04 13:52:03.250 11 WARNING cinder.scheduler.host_manager [req-a5ee9bd1-7867-481a-a7f0-b8e188a37208 e65b3e14f2b24661a5e71381cec87886 - - - -] volume service is down. (host: rack08-server75@lvm-1)
2022-05-04 13:52:07.019 11 WARNING cinder.scheduler.host_manager [req-1bd8fc56-9dd0-4b76-b6f6-e132d405f575 e65b3e14f2b24661a5e71381cec87886 - - - -] volume service is down. (host: rack08-server75@lvm-1)
2022-05-04 13:52:11.815 11 WARNING cinder.scheduler.host_manager [req-ac164941-0c21-4284-8a61-025929dc5657 f1dc182d98ec4ee39aeb9a0bcce4e3b7 - - - -] volume service is down. (host: rack08-server75@lvm-1)
2022-05-04 13:52:13.832 11 WARNING cinder.scheduler.host_manager [req-855724a5-4822-45f2-89c3-6b4a51d5c60e e65b3e14f2b24661a5e71381cec87886 - - - -] volume service is down. (host: rack08-server75@lvm-1)
2022-05-04 13:52:13.839 11 WARNING cinder.scheduler.host_manager [req-855724a5-4822-45f2-89c3-6b4a51d5c60e e65b3e14f2b24661a5e71381cec87886 - - - -] volume service is down. (host: rack08-server75@lvm-1)
2022-05-04 13:52:15.396 11 WARNING cinder.scheduler.host_manager [req-b1d44886-efb1-4b71-883d-98e612b05a31 e65b3e14f2b24661a5e71381cec87886 - - - -] volume service is down. (host: rack08-server75@lvm-1)
2022-05-04 13:52:17.984 11 WARNING cinder.scheduler.host_manager [req-6d292435-b9fa-42aa-817c-31e44bff668c e65b3e14f2b24661a5e71381cec87886 - - - -] volume service is down. (host: rack08-server75@lvm-1)
2022-05-04 13:52:18.542 11 WARNING cinder.scheduler.host_manager [req-862f633a-3e31-4505-a129-2a710902ef90 74c5dfde0dad4c5badb124cdcaf8ef4e - - - -] volume service is down. (host: rack08-server75@lvm-1)
2022-05-04 13:52:21.290 11 WARNING cinder.scheduler.host_manager [req-20142fb7-5d39-47b3-9fe6-c104ee464798 74c5dfde0dad4c5badb124cdcaf8ef4e - - - -] volume service is down. (host: rack08-server75@lvm-1)
2022-05-04 13:52:25.113 11 WARNING cinder.scheduler.host_manager [req-3f030024-895e-4ee4-8a17-04a277317330 74c5dfde0dad4c5badb124cdcaf8ef4e - - - -] volume service is down. (host: rack08-server75@lvm-1)
2022-05-04 13:52:27.703 11 WARNING cinder.scheduler.host_manager [req-1e582544-0f4f-4248-8a79-ad3f9793c71c 74c5dfde0dad4c5badb124cdcaf8ef4e - - - -] volume service is down. (host: rack08-server75@lvm-1)
2022-05-04 13:52:31.352 11 WARNING cinder.scheduler.host_manager [req-0bb76c66-6075-4258-9f36-0414189068a1 e65b3e14f2b24661a5e71381cec87886 - - - -] volume service is down. (host: rack08-server75@lvm-1)
2022-05-04 13:52:31.361 11 WARNING cinder.scheduler.host_manager [req-0bb76c66-6075-4258-9f36-0414189068a1 e65b3e14f2b24661a5e71381cec87886 - - - -] volume service is down. (host: rack08-server75@lvm-1)
2022-05-04 13:52:31.494 11 WARNING cinder.scheduler.host_manager [req-9aba7b15-50f8-4028-8f99-edf12d4a8fa0 74c5dfde0dad4c5badb124cdcaf8ef4e - - - -] volume service is down. (host: rack08-server75@lvm-1)
2022-05-04 13:52:32.927 11 WARNING cinder.scheduler.host_manager [req-9270fc93-8430-4a40-9b06-b2f1d912cacc e65b3e14f2b24661a5e71381cec87886 - - - -] volume service is down. (host: rack08-server75@lvm-1)
2022-05-04 13:52:36.516 11 WARNING cinder.scheduler.host_manager [req-2667b9c8-77be-46f2-a2d8-be7d65ec418d 74c5dfde0dad4c5badb124cdcaf8ef4e - - - -] volume service is down. (host: rack08-server75@lvm-1)
2022-05-04 13:52:46.245 11 WARNING cinder.scheduler.host_manager [req-917349aa-5432-4915-a8b1-1ea52d747c42 0f91940adbac4ff09bd970ca54b42170 - - - -] volume service is down. (host: rack08-server75@lvm-1)
2022-05-04 13:52:46.254 11 WARNING cinder.scheduler.host_manager [req-917349aa-5432-4915-a8b1-1ea52d747c42 0f91940adbac4ff09bd970ca54b42170 - - - -] volume service is down. (host: rack08-server75@lvm-1)
2022-05-04 13:52:46.743 11 WARNING cinder.scheduler.host_manager [req-1d6629f3-3b21-4386-b43e-e9c570a37f22 74c5dfde0dad4c5badb124cdcaf8ef4e - - - -] volume service is down. (host: rack08-server75@lvm-1)
2022-05-04 13:52:55.785 11 WARNING cinder.scheduler.host_manager [req-55d2297b-58d6-4ee3-9360-07e4b24b3df4 2f6e4fea6fab41a7b94458b3fe93a2c1 - - - -] volume service is down. (host: rack08-server75@lvm-1)
2022-05-04 13:52:57.105 11 WARNING cinder.scheduler.host_manager [req-124eedbf-588c-431e-bb45-8fcfdb3f6472 2f6e4fea6fab41a7b94458b3fe93a2c1 - - - -] volume service is down. (host: rack08-server75@lvm-1)
2022-05-04 13:52:59.429 11 WARNING cinder.scheduler.host_manager [req-d898f184-7178-4c50-a726-4552fd57affb 2f6e4fea6fab41a7b94458b3fe93a2c1 - - - -] volume service is down. (host: rack08-server75@lvm-1)
2022-05-04 13:53:01.743 11 WARNING cinder.scheduler.host_manager [req-e606ba16-7b79-4993-bb71-18b432ce8930 2f6e4fea6fab41a7b94458b3fe93a2c1 - - - -] volume service is down. (host: rack08-server75@lvm-1)
2022-05-04 13:53:05.060 11 WARNING cinder.scheduler.host_manager [req-77640713-dd40-4ced-a648-2cbe6405449c d379eaeccdba4ec08f1c8cc6f76affeb - - - -] volume service is down. (host: rack08-server75@lvm-1)
2022-05-04 13:53:08.900 11 WARNING cinder.scheduler.host_manager [req-91856c0b-50ba-40ca-8226-3c4c31c81be1 d379eaeccdba4ec08f1c8cc6f76affeb - - - -] volume service is down. (host: rack08-server75@lvm-1)
2022-05-04 13:53:21.981 11 WARNING cinder.scheduler.host_manager [req-8d855dfa-8e58-4bfa-b4d3-222e356a3cda a61bac1820a5490690da4f9633a98aa9 - - - -] volume service is down. (host: rack08-server75@lvm-1)
2022-05-04 13:53:33.169 11 WARNING cinder.scheduler.host_manager [req-743102f1-52b1-41ee-82ad-bbf5098e6084 06591dff7dd643a4a5a88e53c3ebc902 - - - -] volume service is down. (host: rack08-server75@lvm-1)
2022-05-04 13:53:35.754 11 WARNING cinder.scheduler.host_manager [req-02dd9f48-d634-4c14-b030-b2f2065eaf8e 06591dff7dd643a4a5a88e53c3ebc902 - - - -] volume service is down. (host: rack08-server75@lvm-1)
2022-05-04 13:53:44.254 11 WARNING cinder.scheduler.host_manager [req-d97260ee-a332-4ba0-8fb2-86f6cbbafe8c 4f78bd72f2414ba29ab6449cb5d5bdff - - - -] volume service is down. (host: rack08-server75@lvm-1)
2022-05-04 13:54:06.858 11 WARNING cinder.scheduler.host_manager [req-ce6c6afc-cbdb-49a7-bc46-3350eef018dd 6fb0bebd40a847bd8421328d90380781 - - - -] volume service is down. (host: rack08-server75@lvm-1)
2022-05-04 13:54:14.161 11 WARNING cinder.scheduler.host_manager [req-a1e107c0-e081-4b8d-bbf1-a16b2d535359 da9220e95baa42088a3fbe18119d25f3 - - - -] volume service is down. (host: rack08-server75@lvm-1)
2022-05-04 13:54:16.539 11 WARNING cinder.scheduler.host_manager [req-30a78db3-7f09-4606-ad9e-bbf4457cab7a da9220e95baa42088a3fbe18119d25f3 - - - -] volume service is down. (host: rack08-server75@lvm-1)
2022-05-04 13:54:18.856 11 WARNING cinder.scheduler.host_manager [req-949be9bf-2ec6-46e1-962e-edd890acf582 da9220e95baa42088a3fbe18119d25f3 - - - -] volume service is down. (host: rack08-server75@lvm-1)
2022-05-04 13:54:22.665 11 WARNING cinder.scheduler.host_manager [req-2c403e84-8838-4e33-8057-1ea2deb4da29 da9220e95baa42088a3fbe18119d25f3 - - - -] volume service is down. (host: rack08-server75@lvm-1)
2022-05-04 13:54:25.006 11 WARNING cinder.scheduler.host_manager [req-6befe026-d284-443f-b140-118d832c4e12 da9220e95baa42088a3fbe18119d25f3 - - - -] volume service is down. (host: rack08-server75@lvm-1)
2022-05-04 13:54:27.543 11 WARNING cinder.scheduler.host_manager [req-9c64ff28-524d-46e0-bc93-31d346f66a50 da9220e95baa42088a3fbe18119d25f3 - - - -] volume service is down. (host: rack08-server75@lvm-1)
2022-05-04 13:54:37.496 11 WARNING cinder.scheduler.host_manager [req-5ed267e5-e5d1-4f48-95be-e671b9df1665 3c4d57771eb34d9fbe55f6d719bff878 - - - -] volume service is down. (host: rack08-server75@lvm-1)
2022-05-04 13:58:03.929 11 WARNING cinder.scheduler.host_manager [req-b2798543-c542-448b-88d7-f5b11255560b 3c4d57771eb34d9fbe55f6d719bff878 - - - -] volume service is down. (host: rack08-server75@lvm-1)
2022-05-04 14:01:06.888 11 WARNING cinder.scheduler.host_manager [req-2e27aabd-cb28-4365-9b40-9157eb8ff943 a8df8914ab6d4f819831c7439fda8770 - - - -] volume service is down. (host: rack08-server75@lvm-1)
2022-05-04 14:01:17.787 11 WARNING cinder.scheduler.host_manager [req-a34b9897-ef84-404d-a1a5-da62f7d4021d a8df8914ab6d4f819831c7439fda8770 - - - -] volume service is down. (host: rack08-server75@lvm-1)
2022-05-04 14:01:19.362 11 WARNING cinder.scheduler.host_manager [req-ea358a76-988a-4385-bcfe-b7c8049bf470 a8df8914ab6d4f819831c7439fda8770 - - - -] volume service is down. (host: rack08-server75@lvm-1)
2022-05-04 14:01:20.681 11 WARNING cinder.scheduler.host_manager [req-aa313959-ab37-40b6-855b-eb8243b73ce8 a8df8914ab6d4f819831c7439fda8770 - - - -] volume service is down. (host: rack08-server75@lvm-1)
2022-05-04 14:01:23.514 11 WARNING cinder.scheduler.host_manager [req-f7c8b8fe-827e-499d-a6fc-399c137934cd a8df8914ab6d4f819831c7439fda8770 - - - -] volume service is down. (host: rack08-server75@lvm-1)
2022-05-04 14:01:31.738 11 WARNING cinder.scheduler.host_manager [req-2d57cf1a-8b5f-44a7-b4bc-e970df36c5e1 95b5a1354b954b48a358fee118b9a2cc - - - -] volume service is down. (host: rack08-server75@lvm-1)
2022-05-04 14:06:12.360 11 WARNING cinder.scheduler.host_manager [req-a36f6dbb-42e1-411d-828c-25a287386beb 0442982c429a4cf1a63db5abf82346a2 - - - -] volume service is down. (host: rack08-server75@lvm-1)
2022-05-04 14:06:12.514 11 WARNING cinder.scheduler.host_manager [req-51acc961-74e5-4550-b706-b17160959110 4ca26069723149079dde0f4a52096b76 - - - -] volume service is down. (host: rack08-server75@lvm-1)
2022-05-04 14:06:13.034 11 WARNING cinder.scheduler.host_manager [req-1c72e84c-3501-439f-8d3b-039bd12982bc 4ca26069723149079dde0f4a52096b76 - - - -] volume service is down. (host: rack08-server75@lvm-1)
2022-05-04 14:06:13.585 11 WARNING cinder.scheduler.host_manager [req-96877134-41a9-49f0-bf0b-9d179b39910e 4ca26069723149079dde0f4a52096b76 - - - -] volume service is down. (host: rack08-server75@lvm-1)
2022-05-04 14:06:14.114 11 WARNING cinder.scheduler.host_manager [req-08230662-a126-426a-85ec-62aafad0bd3d 4ca26069723149079dde0f4a52096b76 - - - -] volume service is down. (host: rack08-server75@lvm-1)
2022-05-04 14:06:14.635 11 WARNING cinder.scheduler.host_manager [req-c094621c-4e7c-44ef-8dce-434213727270 4ca26069723149079dde0f4a52096b76 - - - -] volume service is down. (host: rack08-server75@lvm-1)
2022-05-04 14:06:14.986 11 WARNING cinder.scheduler.host_manager [req-c10b0e0e-2c51-4955-a8aa-663eaaa4b047 0442982c429a4cf1a63db5abf82346a2 - - - -] volume service is down. (host: rack08-server75@lvm-1)
2022-05-04 14:06:16.347 11 WARNING cinder.scheduler.host_manager [req-091a8881-5de0-4894-a8db-27d1fbc6884f 0442982c429a4cf1a63db5abf82346a2 - - - -] volume service is down. (host: rack08-server75@lvm-1)
