Build Started 17_06_2024_07_39_47
2024-06-17 07:41:37.983 7 WARNING cinder.scheduler.host_manager [req-9c6454af-0522-434e-9ca8-f8c3d6431d58 req-8d1d7068-a65f-4a77-8a82-bab66d01b185 dd909b9bd71a4cfe92aa2a5aabd62e5c 8752e9a0f5cd4b2f9328e8bb2e59dc63 - - - -] volume service is down. (host: rack13-server79@lvm-1)
2024-06-17 07:41:37.991 7 WARNING cinder.scheduler.host_manager [None req-c8993e18-c62e-4742-89b2-4f1c44148c52 cfc44d1ff27f4e9d866a4414fd8872fa 7434393abc854f6f9a7c29d037cddf70 - - - -] volume service is down. (host: rack13-server79@lvm-1)
2024-06-17 07:41:37.995 7 WARNING cinder.scheduler.host_manager [req-c3211b31-cefa-4fe5-ae51-90be4be84d9d req-22449580-9522-4902-bd2f-757c47f505e8 e63cfbe12e2e42389b58116a0c5adaab 48b0347d41c54fca92cf790042efe4f8 - - - -] volume service is down. (host: rack13-server79@lvm-1)
2024-06-17 07:41:39.361 7 WARNING cinder.scheduler.host_manager [req-c9978961-c082-41fe-a2dd-f5989a236c08 req-2831508e-825d-405f-b084-46bb64ce6f13 dd909b9bd71a4cfe92aa2a5aabd62e5c 8752e9a0f5cd4b2f9328e8bb2e59dc63 - - - -] volume service is down. (host: rack13-server79@lvm-1)
2024-06-17 07:41:39.434 7 WARNING cinder.scheduler.host_manager [None req-c64ad8c6-6a7b-4b58-8285-f1c3ec1d8b96 cfc44d1ff27f4e9d866a4414fd8872fa 7434393abc854f6f9a7c29d037cddf70 - - - -] volume service is down. (host: rack13-server79@lvm-1)
2024-06-17 07:41:41.976 7 WARNING cinder.scheduler.host_manager [None req-4e98c72e-6310-475c-92b1-b10c731b4fbb cfc44d1ff27f4e9d866a4414fd8872fa 7434393abc854f6f9a7c29d037cddf70 - - - -] volume service is down. (host: rack13-server79@lvm-1)
2024-06-17 07:41:48.252 7 WARNING cinder.scheduler.host_manager [None req-1fa347ea-1218-4fd5-970a-a49346a0fb1b 08e15d9fa5ba410e8f0e7bd656d7c330 065a639a80fc432086f37ebe51e52673 - - - -] volume service is down. (host: rack13-server79@lvm-1)
2024-06-17 07:41:48.284 7 WARNING cinder.scheduler.host_manager [None req-7d8013f1-e21e-43f3-87b4-12a57660cf17 08e15d9fa5ba410e8f0e7bd656d7c330 065a639a80fc432086f37ebe51e52673 - - - -] volume service is down. (host: rack13-server79@lvm-1)
2024-06-17 07:41:50.671 7 WARNING cinder.scheduler.host_manager [None req-3f64f75c-14e7-4ffb-902f-8a664fbf61c5 fd0f13d6947c4b79807fd93aa073d0ce 316959cc30874a51ac82508d304cd12a - - - -] volume service is down. (host: rack13-server79@lvm-1)
2024-06-17 07:41:50.680 7 WARNING cinder.scheduler.host_manager [None req-3f64f75c-14e7-4ffb-902f-8a664fbf61c5 fd0f13d6947c4b79807fd93aa073d0ce 316959cc30874a51ac82508d304cd12a - - - -] volume service is down. (host: rack13-server79@lvm-1)
2024-06-17 07:41:52.068 7 WARNING cinder.scheduler.host_manager [None req-87b33934-336c-4aba-adda-f0c200152654 fd0f13d6947c4b79807fd93aa073d0ce 316959cc30874a51ac82508d304cd12a - - - -] volume service is down. (host: rack13-server79@lvm-1)
2024-06-17 07:41:54.378 7 WARNING cinder.scheduler.host_manager [None req-c9971c64-03f3-4ef0-9523-217d0e263483 64d1646654bf43378948a8222a9aab56 fcb75317ec234a6fa3eaefe8e7e4adbc - - - -] volume service is down. (host: rack13-server79@lvm-1)
2024-06-17 07:41:54.388 7 WARNING cinder.scheduler.host_manager [None req-c9971c64-03f3-4ef0-9523-217d0e263483 64d1646654bf43378948a8222a9aab56 fcb75317ec234a6fa3eaefe8e7e4adbc - - - -] volume service is down. (host: rack13-server79@lvm-1)
2024-06-17 07:41:55.836 7 WARNING cinder.scheduler.host_manager [None req-ae8c57fb-b463-4cbf-afcb-a761b120a6bc 64d1646654bf43378948a8222a9aab56 fcb75317ec234a6fa3eaefe8e7e4adbc - - - -] volume service is down. (host: rack13-server79@lvm-1)
2024-06-17 07:41:56.849 7 WARNING cinder.scheduler.host_manager [None req-76e37bc7-00ac-4b6a-9c0a-858533f6083c fd0f13d6947c4b79807fd93aa073d0ce 316959cc30874a51ac82508d304cd12a - - - -] volume service is down. (host: rack13-server79@lvm-1)
2024-06-17 07:41:58.123 7 WARNING cinder.scheduler.host_manager [None req-88a24e7d-9924-411b-b301-a7c5e550ce49 f73e7f57880643f490959c2c22c34234 f09d689865b3475c8e5c0df145565eac - - - -] volume service is down. (host: rack13-server79@lvm-1)
2024-06-17 07:41:58.132 7 WARNING cinder.scheduler.host_manager [None req-88a24e7d-9924-411b-b301-a7c5e550ce49 f73e7f57880643f490959c2c22c34234 f09d689865b3475c8e5c0df145565eac - - - -] volume service is down. (host: rack13-server79@lvm-1)
2024-06-17 07:41:59.339 7 WARNING cinder.scheduler.host_manager [None req-45f7c791-9e39-4007-bbb1-db3ec85d3a63 f73e7f57880643f490959c2c22c34234 f09d689865b3475c8e5c0df145565eac - - - -] volume service is down. (host: rack13-server79@lvm-1)
2024-06-17 07:41:59.350 7 WARNING cinder.scheduler.host_manager [None req-45f7c791-9e39-4007-bbb1-db3ec85d3a63 f73e7f57880643f490959c2c22c34234 f09d689865b3475c8e5c0df145565eac - - - -] volume service is down. (host: rack13-server79@lvm-1)
2024-06-17 07:42:00.744 7 WARNING cinder.scheduler.host_manager [None req-aa5d8765-ae4e-4f88-9691-27a44e8cbfd0 f73e7f57880643f490959c2c22c34234 f09d689865b3475c8e5c0df145565eac - - - -] volume service is down. (host: rack13-server79@lvm-1)
2024-06-17 07:42:02.771 7 WARNING cinder.scheduler.host_manager [None req-93d3763d-3325-4a8c-964b-291d5749b2e7 fd0f13d6947c4b79807fd93aa073d0ce 316959cc30874a51ac82508d304cd12a - - - -] volume service is down. (host: rack13-server79@lvm-1)
2024-06-17 07:42:02.781 7 WARNING cinder.scheduler.host_manager [None req-93d3763d-3325-4a8c-964b-291d5749b2e7 fd0f13d6947c4b79807fd93aa073d0ce 316959cc30874a51ac82508d304cd12a - - - -] volume service is down. (host: rack13-server79@lvm-1)
2024-06-17 07:42:04.191 7 WARNING cinder.scheduler.host_manager [None req-a24ae892-1d2c-455c-9913-3da2cfbd1348 fd0f13d6947c4b79807fd93aa073d0ce 316959cc30874a51ac82508d304cd12a - - - -] volume service is down. (host: rack13-server79@lvm-1)
2024-06-17 07:42:05.122 7 WARNING cinder.scheduler.host_manager [None req-b1155a39-4810-4914-afbc-7aa3f36aa439 f73e7f57880643f490959c2c22c34234 f09d689865b3475c8e5c0df145565eac - - - -] volume service is down. (host: rack13-server79@lvm-1)
2024-06-17 07:42:05.131 7 WARNING cinder.scheduler.host_manager [None req-b1155a39-4810-4914-afbc-7aa3f36aa439 f73e7f57880643f490959c2c22c34234 f09d689865b3475c8e5c0df145565eac - - - -] volume service is down. (host: rack13-server79@lvm-1)
2024-06-17 07:42:05.650 7 WARNING cinder.scheduler.host_manager [None req-68f66ee5-35db-4059-8d8e-0c237705bd1b fd0f13d6947c4b79807fd93aa073d0ce 316959cc30874a51ac82508d304cd12a - - - -] volume service is down. (host: rack13-server79@lvm-1)
2024-06-17 07:42:06.564 7 WARNING cinder.scheduler.host_manager [None req-2df4b7ac-aa9c-4f32-aa26-12731f465112 f73e7f57880643f490959c2c22c34234 f09d689865b3475c8e5c0df145565eac - - - -] volume service is down. (host: rack13-server79@lvm-1)
2024-06-17 07:42:08.047 7 WARNING cinder.scheduler.host_manager [None req-2e0a3ca3-8962-42f9-a944-787aadfa3b44 f73e7f57880643f490959c2c22c34234 f09d689865b3475c8e5c0df145565eac - - - -] volume service is down. (host: rack13-server79@lvm-1)
2024-06-17 07:42:19.191 7 WARNING cinder.scheduler.host_manager [None req-af2ebd37-1f07-43a2-b953-bc42e16e4269 fd0f13d6947c4b79807fd93aa073d0ce 316959cc30874a51ac82508d304cd12a - - - -] volume service is down. (host: rack13-server79@lvm-1)
2024-06-17 07:42:19.200 7 WARNING cinder.scheduler.host_manager [None req-af2ebd37-1f07-43a2-b953-bc42e16e4269 fd0f13d6947c4b79807fd93aa073d0ce 316959cc30874a51ac82508d304cd12a - - - -] volume service is down. (host: rack13-server79@lvm-1)
2024-06-17 07:42:20.607 7 WARNING cinder.scheduler.host_manager [None req-330ba2e6-fa22-4056-b794-7d4309bea7fb fd0f13d6947c4b79807fd93aa073d0ce 316959cc30874a51ac82508d304cd12a - - - -] volume service is down. (host: rack13-server79@lvm-1)
2024-06-17 07:42:20.685 7 WARNING cinder.scheduler.host_manager [None req-2698823d-3170-48ab-bfc3-f1a3301aadd2 aa19cc26945f459a9481c6619a596475 1d150cc03b2144c1b35d8daa9e1a5a93 - - - -] volume service is down. (host: rack13-server79@lvm-1)
2024-06-17 07:42:20.695 7 WARNING cinder.scheduler.host_manager [None req-2698823d-3170-48ab-bfc3-f1a3301aadd2 aa19cc26945f459a9481c6619a596475 1d150cc03b2144c1b35d8daa9e1a5a93 - - - -] volume service is down. (host: rack13-server79@lvm-1)
2024-06-17 07:42:28.613 7 WARNING cinder.scheduler.host_manager [None req-02285a80-14ed-436f-bb50-9b629ebfb273 25d57011f6c24e4b9d52f3da70a00f61 baa494c63e6b4ab2a26408db32bf0667 - - - -] volume service is down. (host: rack13-server79@lvm-1)
2024-06-17 07:42:29.112 7 WARNING cinder.scheduler.host_manager [None req-41711a78-203d-450e-972a-3076f207b3bf 5a439ac56dd04946a82ff550b733ae89 6ad33ce039e74a62b2d90404abb4ee68 - - - -] volume service is down. (host: rack13-server79@lvm-1)
2024-06-17 07:42:30.427 7 WARNING cinder.scheduler.host_manager [None req-fabfb809-6358-4128-92cd-b0f55a05b5a5 5a439ac56dd04946a82ff550b733ae89 6ad33ce039e74a62b2d90404abb4ee68 - - - -] volume service is down. (host: rack13-server79@lvm-1)
2024-06-17 07:42:33.089 7 WARNING cinder.scheduler.host_manager [None req-421d6a5e-dafc-4a9f-af12-4fa48a72364f 5a439ac56dd04946a82ff550b733ae89 6ad33ce039e74a62b2d90404abb4ee68 - - - -] volume service is down. (host: rack13-server79@lvm-1)
2024-06-17 07:42:36.725 7 WARNING cinder.scheduler.host_manager [None req-022325ee-244b-485a-a700-e0eed7869adf 5a439ac56dd04946a82ff550b733ae89 6ad33ce039e74a62b2d90404abb4ee68 - - - -] volume service is down. (host: rack13-server79@lvm-1)
2024-06-17 07:42:38.600 7 WARNING cinder.scheduler.host_manager [None req-ad7d8cd9-b205-4dfa-a091-c113983d155f ea37e73ccdc8431691a639e56278e970 fb8aa1a3044a4d04b655a15477293d96 - - - -] volume service is down. (host: rack13-server79@lvm-1)
2024-06-17 07:42:38.610 7 WARNING cinder.scheduler.host_manager [None req-ad7d8cd9-b205-4dfa-a091-c113983d155f ea37e73ccdc8431691a639e56278e970 fb8aa1a3044a4d04b655a15477293d96 - - - -] volume service is down. (host: rack13-server79@lvm-1)
2024-06-17 07:42:39.229 7 WARNING cinder.scheduler.host_manager [None req-d99e4f1a-66a2-41ec-9817-f4ce7123bc74 bc9a1dc746a34e858ce8233d27859d86 b7f606b480ec4cfa81b66d9387b7463e - - - -] volume service is down. (host: rack13-server79@lvm-1)
2024-06-17 07:42:40.028 7 WARNING cinder.scheduler.host_manager [None req-953eb84f-2d4d-4368-9369-9196989c2a3b ea37e73ccdc8431691a639e56278e970 fb8aa1a3044a4d04b655a15477293d96 - - - -] volume service is down. (host: rack13-server79@lvm-1)
2024-06-17 07:42:40.339 7 WARNING cinder.scheduler.host_manager [None req-2b08b5db-23b5-4de5-9ceb-b1592b025ef1 5a439ac56dd04946a82ff550b733ae89 6ad33ce039e74a62b2d90404abb4ee68 - - - -] volume service is down. (host: rack13-server79@lvm-1)
2024-06-17 07:42:41.718 7 WARNING cinder.scheduler.host_manager [None req-36c06ec5-a214-411c-8819-e26626b3a2bf bc9a1dc746a34e858ce8233d27859d86 b7f606b480ec4cfa81b66d9387b7463e - - - -] volume service is down. (host: rack13-server79@lvm-1)
2024-06-17 07:42:42.455 7 WARNING cinder.scheduler.host_manager [None req-32c40cae-f70e-46ef-982c-c32529dbd35f ea37e73ccdc8431691a639e56278e970 fb8aa1a3044a4d04b655a15477293d96 - - - -] volume service is down. (host: rack13-server79@lvm-1)
2024-06-17 07:42:44.256 7 WARNING cinder.scheduler.host_manager [None req-e87cd018-fc98-4599-9db6-0078a6429cf0 5a439ac56dd04946a82ff550b733ae89 6ad33ce039e74a62b2d90404abb4ee68 - - - -] volume service is down. (host: rack13-server79@lvm-1)
2024-06-17 07:42:50.757 7 WARNING cinder.scheduler.host_manager [None req-74b99b50-9324-438c-8223-6722b4073ea1 522058f7cbad4367aa58e35eefbb4ac3 1c077cc793d9432d8397c2d3102215ff - - - -] volume service is down. (host: rack13-server79@lvm-1)
2024-06-17 07:42:56.736 7 WARNING cinder.scheduler.host_manager [None req-9b9bec07-9507-4174-9faf-2e835a84301c 5c7519f0a5d84938a7f2f734bd05d910 f4214a7259944a0991a91a7c01d69e3a - - - -] volume service is down. (host: rack13-server79@lvm-1)
2024-06-17 07:42:56.737 7 INFO cinder.scheduler.base_filter [None req-9b9bec07-9507-4174-9faf-2e835a84301c 5c7519f0a5d84938a7f2f734bd05d910 f4214a7259944a0991a91a7c01d69e3a - - - -] Filtering removed all hosts for the request with volume ID '51f7a4c9-fb14-4e0e-822f-09469eb18b4c'. Filter results: AvailabilityZoneFilter: (start: 1, end: 1), CapacityFilter: (start: 1, end: 1), CapabilitiesFilter: (start: 1, end: 0)
2024-06-17 07:42:56.738 7 WARNING cinder.scheduler.filter_scheduler [None req-9b9bec07-9507-4174-9faf-2e835a84301c 5c7519f0a5d84938a7f2f734bd05d910 f4214a7259944a0991a91a7c01d69e3a - - - -] No weighed backend found for volume with properties: {'id': '9bef8397-cf67-4469-ace0-13e3fb31d8ea', 'name': 'tempest-UserMessagesTest-volume-type-121593161', 'description': None, 'is_public': True, 'projects': [], 'extra_specs': {'storage_protocol': 'tempest-storage_protocol-2110111157', 'vendor_name': 'tempest-vendor_name-942475585'}, 'qos_specs_id': None, 'created_at': '2024-06-17T07:42:56.000000', 'updated_at': None, 'deleted_at': None, 'deleted': False}
2024-06-17 07:42:56.739 7 INFO cinder.message.api [None req-9b9bec07-9507-4174-9faf-2e835a84301c 5c7519f0a5d84938a7f2f734bd05d910 f4214a7259944a0991a91a7c01d69e3a - - - -] Creating message record for request_id = req-9b9bec07-9507-4174-9faf-2e835a84301c
2024-06-17 07:42:56.745 7 ERROR cinder.scheduler.flows.create_volume [None req-9b9bec07-9507-4174-9faf-2e835a84301c 5c7519f0a5d84938a7f2f734bd05d910 f4214a7259944a0991a91a7c01d69e3a - - - -] Failed to run task cinder.scheduler.flows.create_volume.ScheduleCreateVolumeTask;volume:create: No valid backend was found. No weighed backends available: cinder.exception.NoValidBackend: No valid backend was found. No weighed backends available
2024-06-17 07:42:58.527 7 WARNING cinder.scheduler.host_manager [None req-e43ce90b-c9de-4726-8a82-854101d52ec1 5c7519f0a5d84938a7f2f734bd05d910 f4214a7259944a0991a91a7c01d69e3a - - - -] volume service is down. (host: rack13-server79@lvm-1)
2024-06-17 07:42:58.528 7 INFO cinder.scheduler.base_filter [None req-e43ce90b-c9de-4726-8a82-854101d52ec1 5c7519f0a5d84938a7f2f734bd05d910 f4214a7259944a0991a91a7c01d69e3a - - - -] Filtering removed all hosts for the request with volume ID '60034af7-61dd-49b5-add0-36b9665ceeb7'. Filter results: AvailabilityZoneFilter: (start: 1, end: 1), CapacityFilter: (start: 1, end: 1), CapabilitiesFilter: (start: 1, end: 0)
2024-06-17 07:42:58.529 7 WARNING cinder.scheduler.filter_scheduler [None req-e43ce90b-c9de-4726-8a82-854101d52ec1 5c7519f0a5d84938a7f2f734bd05d910 f4214a7259944a0991a91a7c01d69e3a - - - -] No weighed backend found for volume with properties: {'id': 'b33d14e5-f7ce-4093-a030-5a45f56f66a7', 'name': 'tempest-UserMessagesTest-volume-type-1739634650', 'description': None, 'is_public': True, 'projects': [], 'extra_specs': {'storage_protocol': 'tempest-storage_protocol-1348361046', 'vendor_name': 'tempest-vendor_name-1203572465'}, 'qos_specs_id': None, 'created_at': '2024-06-17T07:42:58.000000', 'updated_at': None, 'deleted_at': None, 'deleted': False}
2024-06-17 07:42:58.529 7 INFO cinder.message.api [None req-e43ce90b-c9de-4726-8a82-854101d52ec1 5c7519f0a5d84938a7f2f734bd05d910 f4214a7259944a0991a91a7c01d69e3a - - - -] Creating message record for request_id = req-e43ce90b-c9de-4726-8a82-854101d52ec1
2024-06-17 07:42:58.534 7 ERROR cinder.scheduler.flows.create_volume [None req-e43ce90b-c9de-4726-8a82-854101d52ec1 5c7519f0a5d84938a7f2f734bd05d910 f4214a7259944a0991a91a7c01d69e3a - - - -] Failed to run task cinder.scheduler.flows.create_volume.ScheduleCreateVolumeTask;volume:create: No valid backend was found. No weighed backends available: cinder.exception.NoValidBackend: No valid backend was found. No weighed backends available
2024-06-17 07:43:05.439 7 WARNING cinder.scheduler.host_manager [None req-dfe25a3a-3861-4df4-9cf5-963500c95a27 7faadbf3fc78498081d33aec47c97fe2 8dabb4805e554e4f867599719ddd3797 - - - -] volume service is down. (host: rack13-server79@lvm-1)
2024-06-17 07:43:05.494 7 WARNING cinder.scheduler.host_manager [None req-3eac5655-a4ea-48e6-9098-87d111c62e34 5258039eabfa4322b5a2dac021564177 a218875883c54c678e67323682960fc7 - - - -] volume service is down. (host: rack13-server79@lvm-1)
2024-06-17 07:43:06.700 7 WARNING cinder.scheduler.host_manager [None req-c558b74c-6895-42a8-bcf9-d4e1a456077f 7faadbf3fc78498081d33aec47c97fe2 8dabb4805e554e4f867599719ddd3797 - - - -] volume service is down. (host: rack13-server79@lvm-1)
2024-06-17 07:43:08.166 7 WARNING cinder.scheduler.host_manager [None req-cd648dd2-74e7-4051-ad15-0311b6f392c8 7bbda768753044be97a23c61eee8857d 6a782a5d7a7444618009dc0b4322d9bc - - - -] volume service is down. (host: rack13-server79@lvm-1)
2024-06-17 07:43:14.186 7 WARNING cinder.scheduler.host_manager [None req-a76cf199-0536-4cb1-a64b-ab21a7986411 071230007cca49e1950b45b04effe31b c2f353a9dde0472f9342c0efc4c7ddc6 - - - -] volume service is down. (host: rack13-server79@lvm-1)
2024-06-17 07:43:16.930 7 WARNING cinder.scheduler.host_manager [None req-79def6a7-5dea-4ec3-8243-602935244f5c 071230007cca49e1950b45b04effe31b c2f353a9dde0472f9342c0efc4c7ddc6 - - - -] volume service is down. (host: rack13-server79@lvm-1)
2024-06-17 07:43:23.334 7 WARNING cinder.scheduler.host_manager [None req-7f8c2005-3544-4475-9b25-b245a6c83f37 118d5a2f5a8742c7aabdd26483db346c 123ce69b1e054d0c954bab14d94f8ef6 - - - -] volume service is down. (host: rack13-server79@lvm-1)
2024-06-17 07:43:24.614 7 WARNING cinder.scheduler.host_manager [None req-5dd02134-fa13-44c0-8c2e-77294bed2516 118d5a2f5a8742c7aabdd26483db346c 123ce69b1e054d0c954bab14d94f8ef6 - - - -] volume service is down. (host: rack13-server79@lvm-1)
2024-06-17 07:43:25.528 7 WARNING cinder.scheduler.host_manager [None req-654249a6-c5a6-42ff-b2c7-184e0a74acdf 9037d63fc9a14dedb23d691613e46088 2022e4c23f354dbc8737c8b78b866fcb - - - -] volume service is down. (host: rack13-server79@lvm-1)
2024-06-17 07:43:26.890 7 WARNING cinder.scheduler.host_manager [None req-d6bf635c-9386-4735-acfa-0529eb90b5e3 118d5a2f5a8742c7aabdd26483db346c 123ce69b1e054d0c954bab14d94f8ef6 - - - -] volume service is down. (host: rack13-server79@lvm-1)
2024-06-17 07:43:30.671 7 WARNING cinder.scheduler.host_manager [None req-1325544f-a169-4fb1-971d-2c2c4d5a2d68 118d5a2f5a8742c7aabdd26483db346c 123ce69b1e054d0c954bab14d94f8ef6 - - - -] volume service is down. (host: rack13-server79@lvm-1)
2024-06-17 07:43:32.977 7 WARNING cinder.scheduler.host_manager [None req-44c0a886-658e-4119-8964-26c7dd0d1056 9ed9b3ad99814e15baaca1e0baddd6b2 32896e535bb64c008aadf7fb91159a19 - - - -] volume service is down. (host: rack13-server79@lvm-1)
2024-06-17 07:43:33.018 7 WARNING cinder.scheduler.host_manager [None req-fd64b0b0-8fe4-4489-a0ec-8b6d7a9dd950 118d5a2f5a8742c7aabdd26483db346c 123ce69b1e054d0c954bab14d94f8ef6 - - - -] volume service is down. (host: rack13-server79@lvm-1)
2024-06-17 07:43:35.464 7 WARNING cinder.scheduler.host_manager [None req-3e44954c-c220-4075-b6d4-d3bc6655d8df 118d5a2f5a8742c7aabdd26483db346c 123ce69b1e054d0c954bab14d94f8ef6 - - - -] volume service is down. (host: rack13-server79@lvm-1)
2024-06-17 07:43:39.571 7 WARNING cinder.scheduler.host_manager [None req-7aa185de-0e35-40d5-952f-27e17e99e568 9ed9b3ad99814e15baaca1e0baddd6b2 32896e535bb64c008aadf7fb91159a19 - - - -] volume service is down. (host: rack13-server79@lvm-1)
2024-06-17 07:43:41.352 7 WARNING cinder.scheduler.host_manager [None req-3a20a701-5a21-461c-a1a8-48d9ea4761a9 4a5170bf21104793a90ef955e5da4337 577b21ca5e0c41a0be7ce4fd0534648a - - - -] volume service is down. (host: rack13-server79@lvm-1)
2024-06-17 07:43:42.322 7 WARNING cinder.scheduler.host_manager [None req-46a0c6f8-d850-4ae4-b986-76fa3ef176b6 9ed9b3ad99814e15baaca1e0baddd6b2 32896e535bb64c008aadf7fb91159a19 - - - -] volume service is down. (host: rack13-server79@lvm-1)
2024-06-17 07:43:42.814 7 WARNING cinder.scheduler.host_manager [None req-26ea1299-58c8-4325-a491-88e97b760624 4a5170bf21104793a90ef955e5da4337 577b21ca5e0c41a0be7ce4fd0534648a - - - -] volume service is down. (host: rack13-server79@lvm-1)
2024-06-17 07:43:43.594 7 WARNING cinder.scheduler.host_manager [None req-c62d8c10-62f8-4413-8c6e-c2dfe80cb289 9ed9b3ad99814e15baaca1e0baddd6b2 32896e535bb64c008aadf7fb91159a19 - - - -] volume service is down. (host: rack13-server79@lvm-1)
2024-06-17 07:43:44.274 7 WARNING cinder.scheduler.host_manager [None req-7c2a700a-0ec1-4913-b779-14ef34a5ad0b 4a5170bf21104793a90ef955e5da4337 577b21ca5e0c41a0be7ce4fd0534648a - - - -] volume service is down. (host: rack13-server79@lvm-1)
2024-06-17 07:43:45.861 7 WARNING cinder.scheduler.host_manager [None req-47eb7a46-cdc2-4621-a8f3-35966697493b 9ed9b3ad99814e15baaca1e0baddd6b2 32896e535bb64c008aadf7fb91159a19 - - - -] volume service is down. (host: rack13-server79@lvm-1)
2024-06-17 07:43:45.979 7 WARNING cinder.scheduler.host_manager [None req-e40cc33a-139f-4c0f-ac6e-50ebca437b40 5de7854e4eaa43c5a761fab1db4b58b6 fc3eb8e5141949d98be1c3eea569f328 - - - -] volume service is down. (host: rack13-server79@lvm-1)
2024-06-17 07:43:46.321 7 WARNING cinder.scheduler.host_manager [None req-89108e63-3080-4387-9d76-17049e6351e4 67632696624040b19400bfff249a3aa4 952c934f4b974828a6253835eae35941 - - - -] volume service is down. (host: rack13-server79@lvm-1)
2024-06-17 07:43:51.076 7 WARNING cinder.scheduler.host_manager [None req-7d3101be-7528-48bc-8b95-356acd85d49e 67632696624040b19400bfff249a3aa4 952c934f4b974828a6253835eae35941 - - - -] volume service is down. (host: rack13-server79@lvm-1)
2024-06-17 07:43:53.223 7 WARNING cinder.scheduler.host_manager [None req-16f08d45-6cd3-46d5-a1e9-ba4e123be368 a005f1e925de4e78a6fbc5dd7bfd0c77 b8b3084e65994b7ba506d8dd7f135612 - - - -] volume service is down. (host: rack13-server79@lvm-1)
2024-06-17 07:43:54.874 7 WARNING cinder.scheduler.host_manager [None req-58a9b5b1-f6b8-4407-b1d8-224ccf15a98c a005f1e925de4e78a6fbc5dd7bfd0c77 b8b3084e65994b7ba506d8dd7f135612 - - - -] volume service is down. (host: rack13-server79@lvm-1)
2024-06-17 07:43:56.609 7 WARNING cinder.scheduler.host_manager [None req-dd5d3f18-aa8f-4230-b6fa-043a6755bb2c 8d2ffe0ce7ad4d0e97b272c3f4a157a3 36c3bcdd15f54b34ad8bcbe5c34aed3e - - - -] volume service is down. (host: rack13-server79@lvm-1)
2024-06-17 07:43:57.922 7 WARNING cinder.scheduler.host_manager [None req-3e4ea6f4-1d74-4d7b-9b50-65ce5f256958 8d2ffe0ce7ad4d0e97b272c3f4a157a3 36c3bcdd15f54b34ad8bcbe5c34aed3e - - - -] volume service is down. (host: rack13-server79@lvm-1)
2024-06-17 07:43:59.791 7 WARNING cinder.scheduler.host_manager [None req-9d2d95df-d49f-4ac1-9f3c-a557b1900e24 a005f1e925de4e78a6fbc5dd7bfd0c77 b8b3084e65994b7ba506d8dd7f135612 - - - -] volume service is down. (host: rack13-server79@lvm-1)
2024-06-17 07:44:01.179 7 WARNING cinder.scheduler.host_manager [None req-61271034-e5ea-4dd1-85a4-ebf1a726b2ac a005f1e925de4e78a6fbc5dd7bfd0c77 b8b3084e65994b7ba506d8dd7f135612 - - - -] volume service is down. (host: rack13-server79@lvm-1)
2024-06-17 07:44:01.416 7 WARNING cinder.scheduler.host_manager [None req-466f79ef-fff3-4683-82b4-89dbddf991ac dc55dde61b5e4a22bdb4a13b3c07e837 1c3a4e3e009c4f5c9265739473df1538 - - - -] volume service is down. (host: rack13-server79@lvm-1)
2024-06-17 07:44:04.982 7 WARNING cinder.scheduler.host_manager [None req-ecdc4b86-2866-4018-960c-c1400c0e728b a005f1e925de4e78a6fbc5dd7bfd0c77 b8b3084e65994b7ba506d8dd7f135612 - - - -] volume service is down. (host: rack13-server79@lvm-1)
2024-06-17 07:44:06.200 7 WARNING cinder.scheduler.host_manager [None req-90cf58df-5371-47ba-95d4-ce1094087290 dc55dde61b5e4a22bdb4a13b3c07e837 1c3a4e3e009c4f5c9265739473df1538 - - - -] volume service is down. (host: rack13-server79@lvm-1)
2024-06-17 07:44:08.612 7 WARNING cinder.scheduler.host_manager [None req-91926061-97bd-464d-8563-3db98a411e61 a9ff832958154e79937ea0188b5ae148 c0b4d6cac90f4a0c97884863d649ff69 - - - -] volume service is down. (host: rack13-server79@lvm-1)
2024-06-17 07:44:11.182 7 WARNING cinder.scheduler.host_manager [None req-f8fb7061-71f4-4f1f-a54d-1cadb9c57160 a005f1e925de4e78a6fbc5dd7bfd0c77 b8b3084e65994b7ba506d8dd7f135612 - - - -] volume service is down. (host: rack13-server79@lvm-1)
2024-06-17 07:44:12.997 7 WARNING cinder.scheduler.host_manager [None req-297c2598-d515-4d08-831b-d88a2463011c 7046a1f504b34eaf89d1d4de62b0ecd6 e406dddd2fbb4a2ea6f50a0a9234dfb9 - - - -] volume service is down. (host: rack13-server79@lvm-1)
2024-06-17 07:44:18.445 7 WARNING cinder.scheduler.host_manager [None req-be5ae872-ebb1-4ef3-a6a6-f091ca200b83 c27ca9629e564a9283147e7064804097 820027c1634241fd8387b4bbb195bbcd - - - -] volume service is down. (host: rack13-server79@lvm-1)
2024-06-17 07:44:19.258 7 WARNING cinder.scheduler.host_manager [None req-b6582f15-f630-4bbe-9ba7-beb6c686294e a005f1e925de4e78a6fbc5dd7bfd0c77 b8b3084e65994b7ba506d8dd7f135612 - - - -] volume service is down. (host: rack13-server79@lvm-1)
2024-06-17 07:44:20.055 7 WARNING cinder.scheduler.host_manager [None req-07024e6b-c709-4ee3-91d3-c4865beea0d4 62b5119384ef415d897f6b84e12d4ec4 00300650f20e4b77923fbc14028f82af - - - -] volume service is down. (host: rack13-server79@lvm-1)
2024-06-17 07:44:22.272 7 WARNING cinder.scheduler.host_manager [None req-9507e7ee-9a51-4e6e-bfb5-6f66c4710b3d c27ca9629e564a9283147e7064804097 820027c1634241fd8387b4bbb195bbcd - - - -] volume service is down. (host: rack13-server79@lvm-1)
2024-06-17 07:44:22.588 7 WARNING cinder.scheduler.host_manager [None req-77978ee2-346a-418a-9734-df5416491a5e 62b5119384ef415d897f6b84e12d4ec4 00300650f20e4b77923fbc14028f82af - - - -] volume service is down. (host: rack13-server79@lvm-1)
2024-06-17 07:44:24.052 7 WARNING cinder.scheduler.host_manager [None req-de83147f-38b1-4473-b68a-e4ab8ddb299b 62b5119384ef415d897f6b84e12d4ec4 00300650f20e4b77923fbc14028f82af - - - -] volume service is down. (host: rack13-server79@lvm-1)
2024-06-17 07:44:27.616 7 WARNING cinder.scheduler.host_manager [None req-b4bba6a8-233e-4142-896e-6587bf223d68 85ff25be26644f9ba380b162fa506b70 b0f00fe80acb4d2ca9efb8063d5e401f - - - -] volume service is down. (host: rack13-server79@lvm-1)
2024-06-17 07:44:29.100 7 WARNING cinder.scheduler.host_manager [None req-ba50dbf5-2daa-4289-946e-6d98480ab722 518c3deeace1437988e0629f9d88e828 cb89608625c144c9a9014700749cdbbe - - - -] volume service is down. (host: rack13-server79@lvm-1)
2024-06-17 07:44:35.427 7 WARNING cinder.scheduler.host_manager [None req-d5a44d14-8986-4b8c-aaa8-daad2e6b4659 f2f6127663b64367a910e900d9a1b9f7 57a5e5607b1249ce81fbe5c701438ca0 - - - -] volume service is down. (host: rack13-server79@lvm-1)
2024-06-17 07:44:36.716 7 WARNING cinder.scheduler.host_manager [None req-73c3277d-0802-432e-a384-817e0ca23431 f2f6127663b64367a910e900d9a1b9f7 57a5e5607b1249ce81fbe5c701438ca0 - - - -] volume service is down. (host: rack13-server79@lvm-1)
2024-06-17 07:44:36.946 7 WARNING cinder.scheduler.host_manager [None req-84170897-72bc-4fe9-b4fb-0bf60a999056 518c3deeace1437988e0629f9d88e828 cb89608625c144c9a9014700749cdbbe - - - -] volume service is down. (host: rack13-server79@lvm-1)
2024-06-17 07:44:38.998 7 WARNING cinder.scheduler.host_manager [None req-4efa2cf0-7c91-4ad8-b078-63ed347062ce f2f6127663b64367a910e900d9a1b9f7 57a5e5607b1249ce81fbe5c701438ca0 - - - -] volume service is down. (host: rack13-server79@lvm-1)
2024-06-17 07:44:41.306 7 WARNING cinder.scheduler.host_manager [None req-4acfeda7-9030-4b0f-8dd5-fdb4438c85d3 f2f6127663b64367a910e900d9a1b9f7 57a5e5607b1249ce81fbe5c701438ca0 - - - -] volume service is down. (host: rack13-server79@lvm-1)
2024-06-17 07:44:41.971 7 WARNING cinder.scheduler.host_manager [None req-ce63da4b-e50a-417a-86a6-0af5b78ab24b 518c3deeace1437988e0629f9d88e828 cb89608625c144c9a9014700749cdbbe - - - -] volume service is down. (host: rack13-server79@lvm-1)
2024-06-17 07:44:44.477 7 WARNING cinder.scheduler.host_manager [None req-ba0cce90-19b8-48fd-a3dc-beb4387c8e42 518c3deeace1437988e0629f9d88e828 cb89608625c144c9a9014700749cdbbe - - - -] volume service is down. (host: rack13-server79@lvm-1)
2024-06-17 07:44:56.352 7 WARNING cinder.scheduler.host_manager [None req-ae388830-85f0-4dac-a836-c79c5d9719ea 9188f9aafa8944b9aafdbd8f6094a794 ec69051283124360b05a68004719c1c9 - - - -] volume service is down. (host: rack13-server79@lvm-1)
2024-06-17 07:44:57.639 7 WARNING cinder.scheduler.host_manager [None req-885d63bf-9ed4-427c-b83e-355369ebadb5 9188f9aafa8944b9aafdbd8f6094a794 ec69051283124360b05a68004719c1c9 - - - -] volume service is down. (host: rack13-server79@lvm-1)
2024-06-17 07:45:10.387 7 WARNING cinder.scheduler.host_manager [None req-7c74af18-0c14-4e01-bfc4-f9364205b839 1eb797136b264e629cb0a033717e6792 0d3a0dc4f69045de8214f13b05b30b11 - - - -] volume service is down. (host: rack13-server79@lvm-1)
2024-06-17 07:45:10.464 7 WARNING cinder.scheduler.host_manager [None req-5cfb585c-9a14-4f9b-b11b-b09f2e44e0fb 6ad29fba2729418b8ad4df8c68633d72 6b4550a4e6bf41b8a6e92a558bb4f052 - - - -] volume service is down. (host: rack13-server79@lvm-1)
2024-06-17 07:45:10.515 7 WARNING cinder.scheduler.host_manager [None req-5491940b-bc63-4d33-9df3-7bc44034deff dc75c95fc1af4e4c9fabc5043829a52b 8f2d049087404dfcaf6147e3596f7b82 - - - -] volume service is down. (host: rack13-server79@lvm-1)
2024-06-17 07:45:10.723 7 WARNING cinder.scheduler.host_manager [None req-84b793fe-1e17-47de-8ffb-c1cb2a67795d 6ad29fba2729418b8ad4df8c68633d72 6b4550a4e6bf41b8a6e92a558bb4f052 - - - -] volume service is down. (host: rack13-server79@lvm-1)
2024-06-17 07:45:11.012 7 WARNING cinder.scheduler.host_manager [None req-d6395ff3-5638-48b9-bc4e-87dd5941f956 6ad29fba2729418b8ad4df8c68633d72 6b4550a4e6bf41b8a6e92a558bb4f052 - - - -] volume service is down. (host: rack13-server79@lvm-1)
2024-06-17 07:45:11.303 7 WARNING cinder.scheduler.host_manager [None req-8280ed81-d5f3-4a7d-9a9a-7c2175eb5991 6ad29fba2729418b8ad4df8c68633d72 6b4550a4e6bf41b8a6e92a558bb4f052 - - - -] volume service is down. (host: rack13-server79@lvm-1)
2024-06-17 07:45:11.594 7 WARNING cinder.scheduler.host_manager [None req-9d007103-706b-4cef-aabb-18c09c57a743 6ad29fba2729418b8ad4df8c68633d72 6b4550a4e6bf41b8a6e92a558bb4f052 - - - -] volume service is down. (host: rack13-server79@lvm-1)
2024-06-17 07:45:11.820 7 WARNING cinder.scheduler.host_manager [None req-2d72c766-1c21-453b-9a6b-55aac5c91a1a 1eb797136b264e629cb0a033717e6792 0d3a0dc4f69045de8214f13b05b30b11 - - - -] volume service is down. (host: rack13-server79@lvm-1)
2024-06-17 07:45:12.855 7 WARNING cinder.scheduler.host_manager [None req-b71ee28a-9b43-43e8-9ea0-4e96a10cdc3b dc75c95fc1af4e4c9fabc5043829a52b 8f2d049087404dfcaf6147e3596f7b82 - - - -] volume service is down. (host: rack13-server79@lvm-1)
2024-06-17 07:45:13.158 7 WARNING cinder.scheduler.host_manager [None req-cd2a6e68-3c2a-4714-ac58-e979f9feb184 1eb797136b264e629cb0a033717e6792 0d3a0dc4f69045de8214f13b05b30b11 - - - -] volume service is down. (host: rack13-server79@lvm-1)
2024-06-17 07:45:15.274 7 WARNING cinder.scheduler.host_manager [None req-01c27f1f-5a58-47f9-a989-45faa27d4cc2 dc75c95fc1af4e4c9fabc5043829a52b 8f2d049087404dfcaf6147e3596f7b82 - - - -] volume service is down. (host: rack13-server79@lvm-1)
2024-06-17 07:45:15.564 7 WARNING cinder.scheduler.host_manager [None req-0f11ba2d-49bc-40df-8519-72ae9c4409bc dc75c95fc1af4e4c9fabc5043829a52b 8f2d049087404dfcaf6147e3596f7b82 - - - -] volume service is down. (host: rack13-server79@lvm-1)
2024-06-17 07:45:15.835 7 WARNING cinder.scheduler.host_manager [None req-6c03afca-a4f5-4843-92b6-b62f7dba7eba dc75c95fc1af4e4c9fabc5043829a52b 8f2d049087404dfcaf6147e3596f7b82 - - - -] volume service is down. (host: rack13-server79@lvm-1)
2024-06-17 07:45:16.101 7 WARNING cinder.scheduler.host_manager [None req-81e3774d-086d-4649-972b-f4e2b6eed3a1 dc75c95fc1af4e4c9fabc5043829a52b 8f2d049087404dfcaf6147e3596f7b82 - - - -] volume service is down. (host: rack13-server79@lvm-1)
2024-06-17 07:45:16.399 7 WARNING cinder.scheduler.host_manager [None req-d1469fa9-56ee-4507-a741-2642b8f501ec dc75c95fc1af4e4c9fabc5043829a52b 8f2d049087404dfcaf6147e3596f7b82 - - - -] volume service is down. (host: rack13-server79@lvm-1)
2024-06-17 07:45:22.472 7 WARNING cinder.scheduler.host_manager [None req-6c009a07-48b2-47ed-8a9a-6820466b1c55 c61a061c511e4c049078ac55114b5049 3cc7bd5c916f4e688f751cb0b8718e7a - - - -] volume service is down. (host: rack13-server79@lvm-1)
2024-06-17 07:45:24.904 7 WARNING cinder.scheduler.host_manager [None req-3e976395-2dad-41d5-bde7-c75a27f14f3c c61a061c511e4c049078ac55114b5049 3cc7bd5c916f4e688f751cb0b8718e7a - - - -] volume service is down. (host: rack13-server79@lvm-1)
2024-06-17 07:45:25.124 7 WARNING cinder.scheduler.host_manager [None req-6b00a480-7829-491a-999c-5153939f5e64 c61a061c511e4c049078ac55114b5049 3cc7bd5c916f4e688f751cb0b8718e7a - - - -] volume service is down. (host: rack13-server79@lvm-1)
2024-06-17 07:45:25.371 7 WARNING cinder.scheduler.host_manager [None req-f3367c39-9309-4abc-8727-6b2d682cd0b4 c61a061c511e4c049078ac55114b5049 3cc7bd5c916f4e688f751cb0b8718e7a - - - -] volume service is down. (host: rack13-server79@lvm-1)
2024-06-17 07:45:25.601 7 WARNING cinder.scheduler.host_manager [None req-a8c65dce-7cae-43be-be1a-c04357e55d87 c61a061c511e4c049078ac55114b5049 3cc7bd5c916f4e688f751cb0b8718e7a - - - -] volume service is down. (host: rack13-server79@lvm-1)
2024-06-17 07:45:25.814 7 WARNING cinder.scheduler.host_manager [None req-bddeaf70-c82a-4e95-9376-d1c9f8774a40 c61a061c511e4c049078ac55114b5049 3cc7bd5c916f4e688f751cb0b8718e7a - - - -] volume service is down. (host: rack13-server79@lvm-1)
