Build Started 16_02_2023_09_22_51
2023-02-16 09:24:47.168 7 WARNING cinder.scheduler.host_manager [req-089f0e06-8fd9-4497-a122-3af47ba1a095 req-474ee7b9-7524-44b4-8c58-eada3420f108 e5926027c00149faadcb47b31c756299 0cdd50599e074c8fa1e1729032ea8361 - - - -] volume service is down. (host: rack09-server62@lvm-1)
2023-02-16 09:24:47.247 7 WARNING cinder.scheduler.host_manager [req-2e920271-cf2e-4fc7-9f11-1b412b94707c req-6a931ea6-93e8-44a8-88f7-244e7265b904 c552be21ae074fb6a449891798d50191 458c1b3953ec428180ad1935cb5460c6 - - - -] volume service is down. (host: rack09-server62@lvm-1)
2023-02-16 09:24:47.303 7 WARNING cinder.scheduler.host_manager [None req-1e00ca0f-f925-4f68-bdac-2726b4947a3e 22570cb7b6ae4a219887c006e0248148 63efcbbce6a144a686689bc3a82a9137 - - - -] volume service is down. (host: rack09-server62@lvm-1)
2023-02-16 09:24:49.765 7 WARNING cinder.scheduler.host_manager [req-23ffe4d9-e8ad-43a6-b81a-2b2bf3f36bc7 req-d4924f16-ff16-4286-a6f9-424e9ebc1926 c552be21ae074fb6a449891798d50191 458c1b3953ec428180ad1935cb5460c6 - - - -] volume service is down. (host: rack09-server62@lvm-1)
2023-02-16 09:24:49.766 7 WARNING oslo_messaging.rpc.client [req-23ffe4d9-e8ad-43a6-b81a-2b2bf3f36bc7 req-d4924f16-ff16-4286-a6f9-424e9ebc1926 c552be21ae074fb6a449891798d50191 458c1b3953ec428180ad1935cb5460c6 - - - -] Using RPCClient manually to instantiate client. Please use get_rpc_client to obtain an RPC client instance.
2023-02-16 09:24:55.023 7 WARNING cinder.scheduler.host_manager [None req-154af725-0d63-4aff-a459-6aaa371307ad f6b03935d0ca4ecbb894e69c2edb6015 6c76a9f541f846aba48d8166b0fc9997 - - - -] volume service is down. (host: rack09-server62@lvm-1)
2023-02-16 09:24:55.060 7 WARNING cinder.scheduler.host_manager [None req-f8f6831e-c644-477d-a98e-eae6e7b31e2d f6b03935d0ca4ecbb894e69c2edb6015 6c76a9f541f846aba48d8166b0fc9997 - - - -] volume service is down. (host: rack09-server62@lvm-1)
2023-02-16 09:24:57.588 7 WARNING cinder.scheduler.host_manager [None req-6534c694-1fd2-4f2a-bb1c-0ee881aeede3 a0e5fce60689477f89d19825b97a9c08 67b7b3e6c2ec4dbf875ca8c1e5c45630 - - - -] volume service is down. (host: rack09-server62@lvm-1)
2023-02-16 09:25:00.419 7 WARNING cinder.scheduler.host_manager [None req-a3ffdeb6-d57c-44c4-9433-be7566759884 a0e5fce60689477f89d19825b97a9c08 67b7b3e6c2ec4dbf875ca8c1e5c45630 - - - -] volume service is down. (host: rack09-server62@lvm-1)
2023-02-16 09:25:02.946 7 WARNING cinder.scheduler.host_manager [None req-e450871d-a3f6-4253-8154-df6ccf858234 a0e5fce60689477f89d19825b97a9c08 67b7b3e6c2ec4dbf875ca8c1e5c45630 - - - -] volume service is down. (host: rack09-server62@lvm-1)
2023-02-16 09:25:13.881 7 WARNING cinder.scheduler.host_manager [None req-bb976e88-69b2-4836-8a53-a7facf5c7636 44c1ace9345f4e63bb721d418f220429 eebfd4fb61954345a5a7b92abdcc6a40 - - - -] volume service is down. (host: rack09-server62@lvm-1)
2023-02-16 09:25:13.889 7 WARNING cinder.scheduler.host_manager [None req-bb976e88-69b2-4836-8a53-a7facf5c7636 44c1ace9345f4e63bb721d418f220429 eebfd4fb61954345a5a7b92abdcc6a40 - - - -] volume service is down. (host: rack09-server62@lvm-1)
2023-02-16 09:25:15.428 7 WARNING cinder.scheduler.host_manager [None req-6048acad-58b9-416d-b32c-983fca11d104 44c1ace9345f4e63bb721d418f220429 eebfd4fb61954345a5a7b92abdcc6a40 - - - -] volume service is down. (host: rack09-server62@lvm-1)
2023-02-16 09:25:17.184 7 WARNING cinder.scheduler.host_manager [None req-85c5d980-6ea1-44c3-8cb6-a94c5ff81ab1 22570cb7b6ae4a219887c006e0248148 63efcbbce6a144a686689bc3a82a9137 - - - -] volume service is down. (host: rack09-server62@lvm-1)
2023-02-16 09:25:18.025 7 WARNING cinder.scheduler.host_manager [None req-02dad5b0-c980-4f70-a23e-a5e33eab69b4 835407993dea45b6b386f9e991c2501f e228cb91cdd84ea09a4b384af3ee8590 - - - -] volume service is down. (host: rack09-server62@lvm-1)
2023-02-16 09:25:18.032 7 WARNING cinder.scheduler.host_manager [None req-02dad5b0-c980-4f70-a23e-a5e33eab69b4 835407993dea45b6b386f9e991c2501f e228cb91cdd84ea09a4b384af3ee8590 - - - -] volume service is down. (host: rack09-server62@lvm-1)
2023-02-16 09:25:20.265 7 WARNING cinder.scheduler.host_manager [None req-17dc118c-c874-4d61-a10c-f40f87983da0 44c1ace9345f4e63bb721d418f220429 eebfd4fb61954345a5a7b92abdcc6a40 - - - -] volume service is down. (host: rack09-server62@lvm-1)
2023-02-16 09:25:25.736 7 WARNING cinder.scheduler.host_manager [None req-4ebaecac-c4d5-4537-bf74-14704ed55a60 bf61fe6f1a6e47e1aa02d65569b8f20d 81032128bb4e48e9a899fcf4574fa1ec - - - -] volume service is down. (host: rack09-server62@lvm-1)
2023-02-16 09:25:26.116 7 WARNING cinder.scheduler.host_manager [None req-75deb6b0-a3a1-42a3-badf-6edb858b3213 44c1ace9345f4e63bb721d418f220429 eebfd4fb61954345a5a7b92abdcc6a40 - - - -] volume service is down. (host: rack09-server62@lvm-1)
2023-02-16 09:25:26.123 7 WARNING cinder.scheduler.host_manager [None req-75deb6b0-a3a1-42a3-badf-6edb858b3213 44c1ace9345f4e63bb721d418f220429 eebfd4fb61954345a5a7b92abdcc6a40 - - - -] volume service is down. (host: rack09-server62@lvm-1)
2023-02-16 09:25:27.609 7 WARNING cinder.scheduler.host_manager [None req-a03705ef-9844-4ffb-a0e5-da10b6b9599d 44c1ace9345f4e63bb721d418f220429 eebfd4fb61954345a5a7b92abdcc6a40 - - - -] volume service is down. (host: rack09-server62@lvm-1)
2023-02-16 09:25:28.097 7 WARNING cinder.scheduler.host_manager [None req-13c2a37f-f0c8-4d86-9594-edff23133807 bf61fe6f1a6e47e1aa02d65569b8f20d 81032128bb4e48e9a899fcf4574fa1ec - - - -] volume service is down. (host: rack09-server62@lvm-1)
2023-02-16 09:25:28.098 7 WARNING oslo_messaging.rpc.client [None req-13c2a37f-f0c8-4d86-9594-edff23133807 bf61fe6f1a6e47e1aa02d65569b8f20d 81032128bb4e48e9a899fcf4574fa1ec - - - -] Using RPCClient manually to instantiate client. Please use get_rpc_client to obtain an RPC client instance.
2023-02-16 09:25:30.182 7 WARNING cinder.scheduler.host_manager [None req-77d6e919-58ee-4348-a653-ddd4a34011ad 44c1ace9345f4e63bb721d418f220429 eebfd4fb61954345a5a7b92abdcc6a40 - - - -] volume service is down. (host: rack09-server62@lvm-1)
2023-02-16 09:25:30.684 7 WARNING cinder.scheduler.host_manager [None req-76289a13-2600-4a97-a8b3-b0e6df59811f bf61fe6f1a6e47e1aa02d65569b8f20d 81032128bb4e48e9a899fcf4574fa1ec - - - -] volume service is down. (host: rack09-server62@lvm-1)
2023-02-16 09:25:30.685 7 WARNING oslo_messaging.rpc.client [None req-76289a13-2600-4a97-a8b3-b0e6df59811f bf61fe6f1a6e47e1aa02d65569b8f20d 81032128bb4e48e9a899fcf4574fa1ec - - - -] Using RPCClient manually to instantiate client. Please use get_rpc_client to obtain an RPC client instance.
2023-02-16 09:25:34.302 7 WARNING cinder.scheduler.host_manager [None req-4a054429-2b63-4e24-9216-7ecafb3b9735 bf61fe6f1a6e47e1aa02d65569b8f20d 81032128bb4e48e9a899fcf4574fa1ec - - - -] volume service is down. (host: rack09-server62@lvm-1)
2023-02-16 09:25:34.303 7 WARNING oslo_messaging.rpc.client [None req-4a054429-2b63-4e24-9216-7ecafb3b9735 bf61fe6f1a6e47e1aa02d65569b8f20d 81032128bb4e48e9a899fcf4574fa1ec - - - -] Using RPCClient manually to instantiate client. Please use get_rpc_client to obtain an RPC client instance.
2023-02-16 09:25:37.884 7 WARNING cinder.scheduler.host_manager [None req-22c5881b-752b-4471-86ec-6a951948f810 bf61fe6f1a6e47e1aa02d65569b8f20d 81032128bb4e48e9a899fcf4574fa1ec - - - -] volume service is down. (host: rack09-server62@lvm-1)
2023-02-16 09:25:37.885 7 WARNING oslo_messaging.rpc.client [None req-22c5881b-752b-4471-86ec-6a951948f810 bf61fe6f1a6e47e1aa02d65569b8f20d 81032128bb4e48e9a899fcf4574fa1ec - - - -] Using RPCClient manually to instantiate client. Please use get_rpc_client to obtain an RPC client instance.
2023-02-16 09:25:41.455 7 WARNING cinder.scheduler.host_manager [None req-f69c72c2-2f98-49a7-9277-63acce15f559 bf61fe6f1a6e47e1aa02d65569b8f20d 81032128bb4e48e9a899fcf4574fa1ec - - - -] volume service is down. (host: rack09-server62@lvm-1)
2023-02-16 09:25:41.456 7 WARNING oslo_messaging.rpc.client [None req-f69c72c2-2f98-49a7-9277-63acce15f559 bf61fe6f1a6e47e1aa02d65569b8f20d 81032128bb4e48e9a899fcf4574fa1ec - - - -] Using RPCClient manually to instantiate client. Please use get_rpc_client to obtain an RPC client instance.
2023-02-16 09:25:43.586 7 WARNING cinder.scheduler.host_manager [None req-06a5d9f5-eefc-4599-9ada-744487875e16 44c1ace9345f4e63bb721d418f220429 eebfd4fb61954345a5a7b92abdcc6a40 - - - -] volume service is down. (host: rack09-server62@lvm-1)
2023-02-16 09:25:43.594 7 WARNING cinder.scheduler.host_manager [None req-06a5d9f5-eefc-4599-9ada-744487875e16 44c1ace9345f4e63bb721d418f220429 eebfd4fb61954345a5a7b92abdcc6a40 - - - -] volume service is down. (host: rack09-server62@lvm-1)
2023-02-16 09:25:45.068 7 WARNING cinder.scheduler.host_manager [None req-c4188add-abe5-4528-8179-daac3897df37 44c1ace9345f4e63bb721d418f220429 eebfd4fb61954345a5a7b92abdcc6a40 - - - -] volume service is down. (host: rack09-server62@lvm-1)
2023-02-16 09:25:56.697 7 WARNING cinder.scheduler.host_manager [None req-a4d25085-dc41-4666-b57d-fe3fdd9a2284 21f04b903348407297d853217b3daf46 4870fb5dd24040e38d8afab7aaa748e6 - - - -] volume service is down. (host: rack09-server62@lvm-1)
2023-02-16 09:25:56.704 7 WARNING cinder.scheduler.host_manager [None req-a4d25085-dc41-4666-b57d-fe3fdd9a2284 21f04b903348407297d853217b3daf46 4870fb5dd24040e38d8afab7aaa748e6 - - - -] volume service is down. (host: rack09-server62@lvm-1)
2023-02-16 09:25:57.906 7 WARNING cinder.scheduler.host_manager [None req-c065db7a-746b-4a55-bae4-a3b815d574f7 21f04b903348407297d853217b3daf46 4870fb5dd24040e38d8afab7aaa748e6 - - - -] volume service is down. (host: rack09-server62@lvm-1)
2023-02-16 09:25:57.913 7 WARNING cinder.scheduler.host_manager [None req-c065db7a-746b-4a55-bae4-a3b815d574f7 21f04b903348407297d853217b3daf46 4870fb5dd24040e38d8afab7aaa748e6 - - - -] volume service is down. (host: rack09-server62@lvm-1)
2023-02-16 09:25:59.491 7 WARNING cinder.scheduler.host_manager [None req-4e5d48fb-d2e4-4981-a197-9cc51e77d8a5 21f04b903348407297d853217b3daf46 4870fb5dd24040e38d8afab7aaa748e6 - - - -] volume service is down. (host: rack09-server62@lvm-1)
2023-02-16 09:26:04.859 7 WARNING cinder.scheduler.host_manager [None req-c186ae42-991e-4d77-8638-d916969180fb 21f04b903348407297d853217b3daf46 4870fb5dd24040e38d8afab7aaa748e6 - - - -] volume service is down. (host: rack09-server62@lvm-1)
2023-02-16 09:26:04.866 7 WARNING cinder.scheduler.host_manager [None req-c186ae42-991e-4d77-8638-d916969180fb 21f04b903348407297d853217b3daf46 4870fb5dd24040e38d8afab7aaa748e6 - - - -] volume service is down. (host: rack09-server62@lvm-1)
2023-02-16 09:26:06.354 7 WARNING cinder.scheduler.host_manager [None req-427562bf-c344-4dde-a458-df6e904f4e09 21f04b903348407297d853217b3daf46 4870fb5dd24040e38d8afab7aaa748e6 - - - -] volume service is down. (host: rack09-server62@lvm-1)
2023-02-16 09:26:07.859 7 WARNING cinder.scheduler.host_manager [None req-ebe95b0e-589a-4be6-97fd-c0d5cb9d5d1b 21f04b903348407297d853217b3daf46 4870fb5dd24040e38d8afab7aaa748e6 - - - -] volume service is down. (host: rack09-server62@lvm-1)
2023-02-16 09:26:07.918 7 WARNING cinder.scheduler.host_manager [None req-6cde1627-18e4-4f95-aad0-ca44646e7556 8ab32e3990594789be47e43f3b8a2cea f6d14152638e4c2a859a0111d8108c5a - - - -] volume service is down. (host: rack09-server62@lvm-1)
2023-02-16 09:26:13.642 7 WARNING cinder.scheduler.host_manager [None req-c8ef737b-2b7c-4823-9a3b-0017e6fa3f5c 8ab32e3990594789be47e43f3b8a2cea f6d14152638e4c2a859a0111d8108c5a - - - -] volume service is down. (host: rack09-server62@lvm-1)
2023-02-16 09:26:17.363 7 WARNING cinder.scheduler.host_manager [None req-e010351c-0203-4b87-9a03-7fa2688b536b 8ab32e3990594789be47e43f3b8a2cea f6d14152638e4c2a859a0111d8108c5a - - - -] volume service is down. (host: rack09-server62@lvm-1)
2023-02-16 09:26:21.113 7 WARNING cinder.scheduler.host_manager [None req-77230929-97f7-4c78-b3e4-2a9bb42f56bf 8ab32e3990594789be47e43f3b8a2cea f6d14152638e4c2a859a0111d8108c5a - - - -] volume service is down. (host: rack09-server62@lvm-1)
2023-02-16 09:26:22.049 7 WARNING cinder.scheduler.host_manager [None req-014901eb-1c1c-4151-9943-09de522bc87d 1f82f5e09bb64594b3fad8641fdf8b3a 9c3e512878b44d8189def1f61ee17451 - - - -] volume service is down. (host: rack09-server62@lvm-1)
2023-02-16 09:26:24.915 7 WARNING cinder.scheduler.host_manager [None req-b567f19c-f7d0-4c05-b6f3-399839979a83 8ab32e3990594789be47e43f3b8a2cea f6d14152638e4c2a859a0111d8108c5a - - - -] volume service is down. (host: rack09-server62@lvm-1)
2023-02-16 09:26:25.818 7 WARNING cinder.scheduler.host_manager [None req-533e4d93-f5ad-45b3-84c5-9bfaf467a7ca 1f82f5e09bb64594b3fad8641fdf8b3a 9c3e512878b44d8189def1f61ee17451 - - - -] volume service is down. (host: rack09-server62@lvm-1)
2023-02-16 09:26:28.694 7 WARNING cinder.scheduler.host_manager [None req-146902e4-6ce3-4f00-b3f0-ea05e93b7ffa 8ab32e3990594789be47e43f3b8a2cea f6d14152638e4c2a859a0111d8108c5a - - - -] volume service is down. (host: rack09-server62@lvm-1)
2023-02-16 09:26:30.503 7 WARNING cinder.scheduler.host_manager [None req-63980315-c02f-4835-b429-99be1f870f83 22570cb7b6ae4a219887c006e0248148 63efcbbce6a144a686689bc3a82a9137 - - - -] volume service is down. (host: rack09-server62@lvm-1)
2023-02-16 09:26:37.864 7 WARNING cinder.scheduler.host_manager [None req-4c11c311-8aff-4b3b-9118-dfee1469422f fa4f85803a7246fd8476a9a660830204 e745b18f9751492a8b9f872d3e86ce93 - - - -] volume service is down. (host: rack09-server62@lvm-1)
2023-02-16 09:26:39.754 7 WARNING cinder.scheduler.host_manager [None req-5af876c8-857d-4638-85a8-ae28b28647b3 cea84fc30f80497fabe9342bf732e765 3899bfd7ac00459bb7c9f0c294d7525f - - - -] volume service is down. (host: rack09-server62@lvm-1)
2023-02-16 09:26:47.036 7 WARNING cinder.scheduler.host_manager [req-965c35ee-9170-417a-92ae-ced85655e840 req-cbf7e393-1e5b-4c1e-a6ae-a2deee8cc431 22570cb7b6ae4a219887c006e0248148 63efcbbce6a144a686689bc3a82a9137 - - - -] volume service is down. (host: rack09-server62@lvm-1)
2023-02-16 09:26:47.037 7 WARNING oslo_messaging.rpc.client [req-965c35ee-9170-417a-92ae-ced85655e840 req-cbf7e393-1e5b-4c1e-a6ae-a2deee8cc431 22570cb7b6ae4a219887c006e0248148 63efcbbce6a144a686689bc3a82a9137 - - - -] Using RPCClient manually to instantiate client. Please use get_rpc_client to obtain an RPC client instance.
2023-02-16 09:26:48.247 7 WARNING cinder.scheduler.host_manager [None req-37ddcd38-a346-4a9a-a729-97195135be56 0a56dc2a9ab94b47b8e1fc3116865501 36e991e7351342888a1cd9b66aa80bff - - - -] volume service is down. (host: rack09-server62@lvm-1)
2023-02-16 09:26:49.564 7 WARNING cinder.scheduler.host_manager [None req-12f5ea25-a85f-421d-9ada-c21edef6db03 0a56dc2a9ab94b47b8e1fc3116865501 36e991e7351342888a1cd9b66aa80bff - - - -] volume service is down. (host: rack09-server62@lvm-1)
2023-02-16 09:26:49.565 7 WARNING oslo_messaging.rpc.client [None req-12f5ea25-a85f-421d-9ada-c21edef6db03 0a56dc2a9ab94b47b8e1fc3116865501 36e991e7351342888a1cd9b66aa80bff - - - -] Using RPCClient manually to instantiate client. Please use get_rpc_client to obtain an RPC client instance.
2023-02-16 09:26:55.887 7 WARNING cinder.scheduler.host_manager [None req-4be31044-86b2-4858-b6f9-75f98b1cce45 0d85facff6794db8af484e13acc1e762 2633f33875454ab181ec9bb5f3b2e76f - - - -] volume service is down. (host: rack09-server62@lvm-1)
2023-02-16 09:26:58.243 7 WARNING cinder.scheduler.host_manager [None req-d4a28041-4ecb-4b5b-9526-6ed448bcdfe2 0d85facff6794db8af484e13acc1e762 2633f33875454ab181ec9bb5f3b2e76f - - - -] volume service is down. (host: rack09-server62@lvm-1)
2023-02-16 09:26:58.244 7 WARNING oslo_messaging.rpc.client [None req-d4a28041-4ecb-4b5b-9526-6ed448bcdfe2 0d85facff6794db8af484e13acc1e762 2633f33875454ab181ec9bb5f3b2e76f - - - -] Using RPCClient manually to instantiate client. Please use get_rpc_client to obtain an RPC client instance.
2023-02-16 09:27:06.081 7 WARNING cinder.scheduler.host_manager [None req-f28d61e8-0acf-4363-86b6-dcea315aa152 ab1e81f70012450c96ce6de83311d165 9f1b97c0a4164fd7a7de501d92cc49d1 - - - -] volume service is down. (host: rack09-server62@lvm-1)
2023-02-16 09:27:07.379 7 WARNING cinder.scheduler.host_manager [None req-abc22ef0-59b1-4a02-adf9-78509e321e31 ab1e81f70012450c96ce6de83311d165 9f1b97c0a4164fd7a7de501d92cc49d1 - - - -] volume service is down. (host: rack09-server62@lvm-1)
2023-02-16 09:27:07.380 7 WARNING oslo_messaging.rpc.client [None req-abc22ef0-59b1-4a02-adf9-78509e321e31 ab1e81f70012450c96ce6de83311d165 9f1b97c0a4164fd7a7de501d92cc49d1 - - - -] Using RPCClient manually to instantiate client. Please use get_rpc_client to obtain an RPC client instance.
2023-02-16 09:27:08.328 7 WARNING cinder.scheduler.host_manager [None req-5461ac9c-84be-4944-a80c-6c3522c6761e fed29cc9bf5841e09a63c601b71baab8 7cb8beea6f1c4694aa43b416e79a4345 - - - -] volume service is down. (host: rack09-server62@lvm-1)
2023-02-16 09:27:08.334 7 WARNING cinder.scheduler.host_manager [None req-5461ac9c-84be-4944-a80c-6c3522c6761e fed29cc9bf5841e09a63c601b71baab8 7cb8beea6f1c4694aa43b416e79a4345 - - - -] volume service is down. (host: rack09-server62@lvm-1)
2023-02-16 09:27:09.699 7 WARNING cinder.scheduler.host_manager [None req-0035dc47-1010-42ae-9099-089f9db2991a ab1e81f70012450c96ce6de83311d165 9f1b97c0a4164fd7a7de501d92cc49d1 - - - -] volume service is down. (host: rack09-server62@lvm-1)
2023-02-16 09:27:09.700 7 WARNING oslo_messaging.rpc.client [None req-0035dc47-1010-42ae-9099-089f9db2991a ab1e81f70012450c96ce6de83311d165 9f1b97c0a4164fd7a7de501d92cc49d1 - - - -] Using RPCClient manually to instantiate client. Please use get_rpc_client to obtain an RPC client instance.
2023-02-16 09:27:09.868 7 WARNING cinder.scheduler.host_manager [None req-2a59e376-ef70-4cb3-a23e-7b8fdcd3da83 fed29cc9bf5841e09a63c601b71baab8 7cb8beea6f1c4694aa43b416e79a4345 - - - -] volume service is down. (host: rack09-server62@lvm-1)
2023-02-16 09:27:11.134 7 WARNING cinder.scheduler.host_manager [None req-b5dadf20-36f1-48c6-b38d-5aa57f4198f4 e3976d427bb0492c9e4950de09b76cd0 a0081377eb8d4e3585e8d952a028fa86 - - - -] volume service is down. (host: rack09-server62@lvm-1)
2023-02-16 09:27:12.248 7 WARNING cinder.scheduler.host_manager [None req-59f9da73-d2b1-4541-bccd-37bf7f60022d fed29cc9bf5841e09a63c601b71baab8 7cb8beea6f1c4694aa43b416e79a4345 - - - -] volume service is down. (host: rack09-server62@lvm-1)
2023-02-16 09:27:13.445 7 WARNING cinder.scheduler.host_manager [None req-1098f8ff-f0a4-4e59-8edf-8eee9a8d3083 ab1e81f70012450c96ce6de83311d165 9f1b97c0a4164fd7a7de501d92cc49d1 - - - -] volume service is down. (host: rack09-server62@lvm-1)
2023-02-16 09:27:13.672 7 WARNING cinder.scheduler.host_manager [None req-b6db0f07-43af-4af1-bbcd-f592051e7aaa e3976d427bb0492c9e4950de09b76cd0 a0081377eb8d4e3585e8d952a028fa86 - - - -] volume service is down. (host: rack09-server62@lvm-1)
2023-02-16 09:27:14.719 7 WARNING cinder.scheduler.host_manager [None req-b2e1d1da-6e7f-48da-856a-71497274aaae ab1e81f70012450c96ce6de83311d165 9f1b97c0a4164fd7a7de501d92cc49d1 - - - -] volume service is down. (host: rack09-server62@lvm-1)
2023-02-16 09:27:14.720 7 WARNING oslo_messaging.rpc.client [None req-b2e1d1da-6e7f-48da-856a-71497274aaae ab1e81f70012450c96ce6de83311d165 9f1b97c0a4164fd7a7de501d92cc49d1 - - - -] Using RPCClient manually to instantiate client. Please use get_rpc_client to obtain an RPC client instance.
2023-02-16 09:27:15.139 7 WARNING cinder.scheduler.host_manager [None req-4bdff9c4-1a18-4dd1-81ea-f4e52a8dded0 e3976d427bb0492c9e4950de09b76cd0 a0081377eb8d4e3585e8d952a028fa86 - - - -] volume service is down. (host: rack09-server62@lvm-1)
2023-02-16 09:27:17.202 7 WARNING cinder.scheduler.host_manager [None req-6b378a3c-89b6-4bc0-b641-555076fbd3c6 ab1e81f70012450c96ce6de83311d165 9f1b97c0a4164fd7a7de501d92cc49d1 - - - -] volume service is down. (host: rack09-server62@lvm-1)
2023-02-16 09:27:17.865 7 WARNING cinder.scheduler.host_manager [None req-304c7833-4f55-450f-a342-6f060096f4e6 3579a7289dfc45d2bf70c2f671e5fdb1 a60bfd2f6a6b4747a75d5421ff79aee2 - - - -] volume service is down. (host: rack09-server62@lvm-1)
2023-02-16 09:27:27.687 7 WARNING cinder.scheduler.host_manager [None req-c839b15d-d205-4e22-82bd-417c57aeac9a 87c187c8bf5546848b3b7be8996d8da8 e02480d11224494e8958dfb03a1945b5 - - - -] volume service is down. (host: rack09-server62@lvm-1)
2023-02-16 09:27:30.171 7 WARNING cinder.scheduler.host_manager [None req-6ed79481-2e6f-4053-826c-d2a10d4b8e7e 32320c25fa264bde897964f804212c27 bab80189045c4a348355499beb12e6a8 - - - -] volume service is down. (host: rack09-server62@lvm-1)
2023-02-16 09:27:30.171 7 INFO cinder.scheduler.base_filter [None req-6ed79481-2e6f-4053-826c-d2a10d4b8e7e 32320c25fa264bde897964f804212c27 bab80189045c4a348355499beb12e6a8 - - - -] Filtering removed all hosts for the request with volume ID '0d2f764a-d14e-4e13-a122-a648796d2727'. Filter results: AvailabilityZoneFilter: (start: 1, end: 1), CapacityFilter: (start: 1, end: 1), CapabilitiesFilter: (start: 1, end: 0)
2023-02-16 09:27:30.172 7 WARNING cinder.scheduler.filter_scheduler [None req-6ed79481-2e6f-4053-826c-d2a10d4b8e7e 32320c25fa264bde897964f804212c27 bab80189045c4a348355499beb12e6a8 - - - -] No weighed backend found for volume with properties: {'id': '1ed2e059-29e7-4320-8023-9428f6d38726', 'name': 'tempest-UserMessagesTest-volume-type-1494032051', 'description': None, 'is_public': True, 'projects': [], 'extra_specs': {'storage_protocol': 'tempest-storage_protocol-479666853', 'vendor_name': 'tempest-vendor_name-1581398972'}, 'qos_specs_id': None, 'created_at': '2023-02-16T09:27:29.000000', 'updated_at': None, 'deleted_at': None, 'deleted': False}
2023-02-16 09:27:30.172 7 INFO cinder.message.api [None req-6ed79481-2e6f-4053-826c-d2a10d4b8e7e 32320c25fa264bde897964f804212c27 bab80189045c4a348355499beb12e6a8 - - - -] Creating message record for request_id = req-6ed79481-2e6f-4053-826c-d2a10d4b8e7e
2023-02-16 09:27:30.177 7 ERROR cinder.scheduler.flows.create_volume [None req-6ed79481-2e6f-4053-826c-d2a10d4b8e7e 32320c25fa264bde897964f804212c27 bab80189045c4a348355499beb12e6a8 - - - -] Failed to run task cinder.scheduler.flows.create_volume.ScheduleCreateVolumeTask;volume:create: No valid backend was found. No weighed backends available: cinder.exception.NoValidBackend: No valid backend was found. No weighed backends available
2023-02-16 09:27:31.828 7 WARNING cinder.scheduler.host_manager [None req-3550567f-58fd-4d19-9285-ec0dedb7071c 32320c25fa264bde897964f804212c27 bab80189045c4a348355499beb12e6a8 - - - -] volume service is down. (host: rack09-server62@lvm-1)
2023-02-16 09:27:31.829 7 INFO cinder.scheduler.base_filter [None req-3550567f-58fd-4d19-9285-ec0dedb7071c 32320c25fa264bde897964f804212c27 bab80189045c4a348355499beb12e6a8 - - - -] Filtering removed all hosts for the request with volume ID '84fed5c3-4836-42be-89b6-a28b9ca13e84'. Filter results: AvailabilityZoneFilter: (start: 1, end: 1), CapacityFilter: (start: 1, end: 1), CapabilitiesFilter: (start: 1, end: 0)
2023-02-16 09:27:31.829 7 WARNING cinder.scheduler.filter_scheduler [None req-3550567f-58fd-4d19-9285-ec0dedb7071c 32320c25fa264bde897964f804212c27 bab80189045c4a348355499beb12e6a8 - - - -] No weighed backend found for volume with properties: {'id': 'ba2198b1-f0af-4eb5-a51e-99287cda97cd', 'name': 'tempest-UserMessagesTest-volume-type-31035501', 'description': None, 'is_public': True, 'projects': [], 'extra_specs': {'storage_protocol': 'tempest-storage_protocol-208408598', 'vendor_name': 'tempest-vendor_name-698629602'}, 'qos_specs_id': None, 'created_at': '2023-02-16T09:27:31.000000', 'updated_at': None, 'deleted_at': None, 'deleted': False}
2023-02-16 09:27:31.830 7 INFO cinder.message.api [None req-3550567f-58fd-4d19-9285-ec0dedb7071c 32320c25fa264bde897964f804212c27 bab80189045c4a348355499beb12e6a8 - - - -] Creating message record for request_id = req-3550567f-58fd-4d19-9285-ec0dedb7071c
2023-02-16 09:27:31.834 7 ERROR cinder.scheduler.flows.create_volume [None req-3550567f-58fd-4d19-9285-ec0dedb7071c 32320c25fa264bde897964f804212c27 bab80189045c4a348355499beb12e6a8 - - - -] Failed to run task cinder.scheduler.flows.create_volume.ScheduleCreateVolumeTask;volume:create: No valid backend was found. No weighed backends available: cinder.exception.NoValidBackend: No valid backend was found. No weighed backends available
2023-02-16 09:27:32.129 7 WARNING cinder.scheduler.host_manager [None req-98483528-1db2-4bc2-b522-2c0ad89f5949 5c3472c289b5436283d9699d40dc8a45 7efc330888c943efacc6c3e8a4cf1675 - - - -] volume service is down. (host: rack09-server62@lvm-1)
2023-02-16 09:27:32.593 7 WARNING cinder.scheduler.host_manager [None req-8d4b6d3b-7197-48e7-bcc6-3b3293593a51 87c187c8bf5546848b3b7be8996d8da8 e02480d11224494e8958dfb03a1945b5 - - - -] volume service is down. (host: rack09-server62@lvm-1)
2023-02-16 09:27:39.029 7 WARNING cinder.scheduler.host_manager [None req-5fe0998b-ee9d-4f66-8392-94f174308cfd 1fcc2c10b1f34219b80849979f2e161a d289adb6077b4c95a8919549081180e4 - - - -] volume service is down. (host: rack09-server62@lvm-1)
2023-02-16 09:27:39.666 7 WARNING cinder.scheduler.host_manager [None req-48f8c059-3725-4c8c-8123-3c835c22e906 11dc2e9076e24d09ae9836f5f06399c3 b78b6f0e1d8445a3a9f4c36608e81712 - - - -] volume service is down. (host: rack09-server62@lvm-1)
2023-02-16 09:27:43.759 7 WARNING cinder.scheduler.host_manager [None req-0cee3b88-23d3-4aed-9856-89b94d339632 5e48fa0d7260416a91246346c0b32320 04399e843f60446d8020a460cf6f34ff - - - -] volume service is down. (host: rack09-server62@lvm-1)
2023-02-16 09:27:45.118 7 WARNING cinder.scheduler.host_manager [None req-1f2ea1ab-5b60-4dbc-9fb2-fad6524777a5 6773d81e8d5e43819076d06c89ac35bc a8f8104d913340d2872ba6d7beea2aba - - - -] volume service is down. (host: rack09-server62@lvm-1)
2023-02-16 09:27:55.284 7 WARNING cinder.scheduler.host_manager [None req-463c3644-07c0-46d1-816a-c09ec9ca1842 96448c1a791a4ed2a2845bceb39fbc94 9698f81947c24153bcd438394d6a0b72 - - - -] volume service is down. (host: rack09-server62@lvm-1)
2023-02-16 09:27:55.915 7 WARNING cinder.scheduler.host_manager [None req-d1830394-7494-4874-ad8a-f7072870e801 6773d81e8d5e43819076d06c89ac35bc a8f8104d913340d2872ba6d7beea2aba - - - -] volume service is down. (host: rack09-server62@lvm-1)
2023-02-16 09:27:55.916 7 WARNING oslo_messaging.rpc.client [None req-d1830394-7494-4874-ad8a-f7072870e801 6773d81e8d5e43819076d06c89ac35bc a8f8104d913340d2872ba6d7beea2aba - - - -] Using RPCClient manually to instantiate client. Please use get_rpc_client to obtain an RPC client instance.
2023-02-16 09:27:57.408 7 WARNING cinder.scheduler.host_manager [None req-16d69ae2-a3b2-42f5-adae-e1e109f3b2f8 6773d81e8d5e43819076d06c89ac35bc a8f8104d913340d2872ba6d7beea2aba - - - -] volume service is down. (host: rack09-server62@lvm-1)
2023-02-16 09:27:57.835 7 WARNING cinder.scheduler.host_manager [None req-607a10aa-a8fe-4e8f-821f-65322af0c10b 96448c1a791a4ed2a2845bceb39fbc94 9698f81947c24153bcd438394d6a0b72 - - - -] volume service is down. (host: rack09-server62@lvm-1)
2023-02-16 09:27:57.836 7 WARNING oslo_messaging.rpc.client [None req-607a10aa-a8fe-4e8f-821f-65322af0c10b 96448c1a791a4ed2a2845bceb39fbc94 9698f81947c24153bcd438394d6a0b72 - - - -] Using RPCClient manually to instantiate client. Please use get_rpc_client to obtain an RPC client instance.
2023-02-16 09:27:59.749 7 WARNING cinder.scheduler.host_manager [None req-21d65bed-e7fe-4794-84ac-f7585c278946 6773d81e8d5e43819076d06c89ac35bc a8f8104d913340d2872ba6d7beea2aba - - - -] volume service is down. (host: rack09-server62@lvm-1)
2023-02-16 09:27:59.751 7 WARNING oslo_messaging.rpc.client [None req-21d65bed-e7fe-4794-84ac-f7585c278946 6773d81e8d5e43819076d06c89ac35bc a8f8104d913340d2872ba6d7beea2aba - - - -] Using RPCClient manually to instantiate client. Please use get_rpc_client to obtain an RPC client instance.
2023-02-16 09:28:02.057 7 WARNING cinder.scheduler.host_manager [None req-28d8028f-9ae1-4de5-86e5-324c86d564cc 6773d81e8d5e43819076d06c89ac35bc a8f8104d913340d2872ba6d7beea2aba - - - -] volume service is down. (host: rack09-server62@lvm-1)
2023-02-16 09:28:02.058 7 WARNING oslo_messaging.rpc.client [None req-28d8028f-9ae1-4de5-86e5-324c86d564cc 6773d81e8d5e43819076d06c89ac35bc a8f8104d913340d2872ba6d7beea2aba - - - -] Using RPCClient manually to instantiate client. Please use get_rpc_client to obtain an RPC client instance.
2023-02-16 09:28:05.657 7 WARNING cinder.scheduler.host_manager [None req-63b1b66b-e05b-438d-b1f0-ffe9b0a3a9e1 c4a5e63dcf5945d7b18dd81fc25700fe a5dd476eb446438e88f7c24c6a3191c1 - - - -] volume service is down. (host: rack09-server62@lvm-1)
2023-02-16 09:28:09.650 7 WARNING cinder.scheduler.host_manager [None req-6102b962-3d5c-442c-9c8e-c2a8a4ad5fbe 19d0f09b828e4ec0bb8d7c3311acb834 7517a64aa39f4aca933064d075042e21 - - - -] volume service is down. (host: rack09-server62@lvm-1)
2023-02-16 09:28:14.404 7 WARNING cinder.scheduler.host_manager [None req-7af12918-3f7f-4d8c-9880-38a9a3a9d011 13f98112d2ee4eb096d0d784d9524d6a d68ddc7976364c81b448c1e6da8dcf2c - - - -] volume service is down. (host: rack09-server62@lvm-1)
2023-02-16 09:28:17.359 7 WARNING cinder.scheduler.host_manager [None req-404b64e4-7fda-41d4-b0e2-7f16d53659ff 19d0f09b828e4ec0bb8d7c3311acb834 7517a64aa39f4aca933064d075042e21 - - - -] volume service is down. (host: rack09-server62@lvm-1)
2023-02-16 09:28:23.105 7 WARNING cinder.scheduler.host_manager [None req-284e9211-2343-47ab-a0e5-386664ca9aa3 0e58bf4336be497787d54cc79bdae0b5 bd6d0f9915e3447cb4afb019fa0ae08a - - - -] volume service is down. (host: rack09-server62@lvm-1)
2023-02-16 09:28:26.397 7 WARNING cinder.scheduler.host_manager [None req-fd0ab38b-87ff-4a7e-b9ac-545db00920f7 13f98112d2ee4eb096d0d784d9524d6a d68ddc7976364c81b448c1e6da8dcf2c - - - -] volume service is down. (host: rack09-server62@lvm-1)
2023-02-16 09:28:28.917 7 WARNING cinder.scheduler.host_manager [None req-8f4cb91b-2e46-46b7-93ef-befaa50c24da 13f98112d2ee4eb096d0d784d9524d6a d68ddc7976364c81b448c1e6da8dcf2c - - - -] volume service is down. (host: rack09-server62@lvm-1)
2023-02-16 09:28:31.434 7 WARNING cinder.scheduler.host_manager [None req-6b00a408-daa7-4490-bb91-7c5d7a4c60af 13f98112d2ee4eb096d0d784d9524d6a d68ddc7976364c81b448c1e6da8dcf2c - - - -] volume service is down. (host: rack09-server62@lvm-1)
2023-02-16 09:28:31.773 7 WARNING cinder.scheduler.host_manager [None req-6a2d5dd5-10f6-435e-9368-a9b8999a1318 19d0f09b828e4ec0bb8d7c3311acb834 7517a64aa39f4aca933064d075042e21 - - - -] volume service is down. (host: rack09-server62@lvm-1)
2023-02-16 09:28:31.774 7 WARNING oslo_messaging.rpc.client [None req-6a2d5dd5-10f6-435e-9368-a9b8999a1318 19d0f09b828e4ec0bb8d7c3311acb834 7517a64aa39f4aca933064d075042e21 - - - -] Using RPCClient manually to instantiate client. Please use get_rpc_client to obtain an RPC client instance.
2023-02-16 09:28:32.606 7 WARNING cinder.scheduler.host_manager [None req-397287cb-8e80-4c36-a7d2-b29536ca7b47 29ba0d49ced6463aa534f737c66c28ee f1ceb2366ebb4038bb69dada13db58bb - - - -] volume service is down. (host: rack09-server62@lvm-1)
2023-02-16 09:28:34.062 7 WARNING cinder.scheduler.host_manager [None req-16ac80f4-7c32-4163-91f3-7e475b8b32b8 19d0f09b828e4ec0bb8d7c3311acb834 7517a64aa39f4aca933064d075042e21 - - - -] volume service is down. (host: rack09-server62@lvm-1)
2023-02-16 09:28:34.062 7 WARNING oslo_messaging.rpc.client [None req-16ac80f4-7c32-4163-91f3-7e475b8b32b8 19d0f09b828e4ec0bb8d7c3311acb834 7517a64aa39f4aca933064d075042e21 - - - -] Using RPCClient manually to instantiate client. Please use get_rpc_client to obtain an RPC client instance.
2023-02-16 09:28:36.379 7 WARNING cinder.scheduler.host_manager [None req-a12fe4cd-5571-48fb-bc61-34faa0e9f1e0 19d0f09b828e4ec0bb8d7c3311acb834 7517a64aa39f4aca933064d075042e21 - - - -] volume service is down. (host: rack09-server62@lvm-1)
2023-02-16 09:28:36.381 7 WARNING oslo_messaging.rpc.client [None req-a12fe4cd-5571-48fb-bc61-34faa0e9f1e0 19d0f09b828e4ec0bb8d7c3311acb834 7517a64aa39f4aca933064d075042e21 - - - -] Using RPCClient manually to instantiate client. Please use get_rpc_client to obtain an RPC client instance.
2023-02-16 09:28:37.546 7 WARNING cinder.scheduler.host_manager [None req-c38b2769-945d-4193-a741-217cd0f83702 29ba0d49ced6463aa534f737c66c28ee f1ceb2366ebb4038bb69dada13db58bb - - - -] volume service is down. (host: rack09-server62@lvm-1)
2023-02-16 09:28:42.598 7 WARNING cinder.scheduler.host_manager [None req-fa0f282c-cf3a-4051-8675-fcae039be1a9 4ecd950de50a4e2b9d784e638cfad82d 5d9859a27d0b41a281f59089dcbe6310 - - - -] volume service is down. (host: rack09-server62@lvm-1)
2023-02-16 09:28:45.310 7 WARNING cinder.scheduler.host_manager [None req-9bbe7b7a-b9bd-4ccb-8ca7-766af948a572 4ecd950de50a4e2b9d784e638cfad82d 5d9859a27d0b41a281f59089dcbe6310 - - - -] volume service is down. (host: rack09-server62@lvm-1)
2023-02-16 09:28:45.334 7 WARNING cinder.scheduler.host_manager [None req-2b08730d-9e4d-4f97-91be-5b0f6c61c2dc c5120b0aefa5461a9e3c716c3fe373f8 ebd6df954ff94feaae99a13e77582eb0 - - - -] volume service is down. (host: rack09-server62@lvm-1)
2023-02-16 09:28:45.676 7 WARNING cinder.scheduler.host_manager [None req-77bc546c-df64-43d0-92f5-126349903823 19d0f09b828e4ec0bb8d7c3311acb834 7517a64aa39f4aca933064d075042e21 - - - -] volume service is down. (host: rack09-server62@lvm-1)
2023-02-16 09:28:45.677 7 WARNING oslo_messaging.rpc.client [None req-77bc546c-df64-43d0-92f5-126349903823 19d0f09b828e4ec0bb8d7c3311acb834 7517a64aa39f4aca933064d075042e21 - - - -] Using RPCClient manually to instantiate client. Please use get_rpc_client to obtain an RPC client instance.
2023-02-16 09:28:49.063 7 WARNING cinder.scheduler.host_manager [None req-79f5053d-ecdf-4a1e-b56f-24ff93850cfe 4ecd950de50a4e2b9d784e638cfad82d 5d9859a27d0b41a281f59089dcbe6310 - - - -] volume service is down. (host: rack09-server62@lvm-1)
2023-02-16 09:28:49.200 7 WARNING cinder.scheduler.host_manager [None req-d2ce1500-e0bf-4056-abbe-c122bc4ac70a 19d0f09b828e4ec0bb8d7c3311acb834 7517a64aa39f4aca933064d075042e21 - - - -] volume service is down. (host: rack09-server62@lvm-1)
2023-02-16 09:28:49.201 7 WARNING oslo_messaging.rpc.client [None req-d2ce1500-e0bf-4056-abbe-c122bc4ac70a 19d0f09b828e4ec0bb8d7c3311acb834 7517a64aa39f4aca933064d075042e21 - - - -] Using RPCClient manually to instantiate client. Please use get_rpc_client to obtain an RPC client instance.
2023-02-16 09:28:50.542 7 WARNING cinder.scheduler.host_manager [None req-c1373130-d970-44cc-a81f-da711e2f33e8 4ecd950de50a4e2b9d784e638cfad82d 5d9859a27d0b41a281f59089dcbe6310 - - - -] volume service is down. (host: rack09-server62@lvm-1)
2023-02-16 09:28:54.327 7 WARNING cinder.scheduler.host_manager [None req-d89586b0-cb85-413c-b6f3-cbaf37ab2671 c5120b0aefa5461a9e3c716c3fe373f8 ebd6df954ff94feaae99a13e77582eb0 - - - -] volume service is down. (host: rack09-server62@lvm-1)
2023-02-16 09:28:54.328 7 WARNING oslo_messaging.rpc.client [None req-d89586b0-cb85-413c-b6f3-cbaf37ab2671 c5120b0aefa5461a9e3c716c3fe373f8 ebd6df954ff94feaae99a13e77582eb0 - - - -] Using RPCClient manually to instantiate client. Please use get_rpc_client to obtain an RPC client instance.
2023-02-16 09:28:54.338 7 WARNING cinder.scheduler.host_manager [None req-5d6cf10f-1cce-4c6f-bc57-910ba94522e0 4ecd950de50a4e2b9d784e638cfad82d 5d9859a27d0b41a281f59089dcbe6310 - - - -] volume service is down. (host: rack09-server62@lvm-1)
2023-02-16 09:28:58.245 7 WARNING cinder.scheduler.host_manager [None req-60873680-ab3c-4a79-b6af-d9ae6d9a1d5a 19d0f09b828e4ec0bb8d7c3311acb834 7517a64aa39f4aca933064d075042e21 - - - -] volume service is down. (host: rack09-server62@lvm-1)
2023-02-16 09:28:58.246 7 WARNING oslo_messaging.rpc.client [None req-60873680-ab3c-4a79-b6af-d9ae6d9a1d5a 19d0f09b828e4ec0bb8d7c3311acb834 7517a64aa39f4aca933064d075042e21 - - - -] Using RPCClient manually to instantiate client. Please use get_rpc_client to obtain an RPC client instance.
2023-02-16 09:28:58.256 7 WARNING cinder.scheduler.host_manager [None req-6ce30168-37dd-4d5f-9f80-1ea918355a8a 4ecd950de50a4e2b9d784e638cfad82d 5d9859a27d0b41a281f59089dcbe6310 - - - -] volume service is down. (host: rack09-server62@lvm-1)
2023-02-16 09:29:00.527 7 WARNING cinder.scheduler.host_manager [None req-d07cf080-1496-4a17-b645-9a4622e6f74c 19d0f09b828e4ec0bb8d7c3311acb834 7517a64aa39f4aca933064d075042e21 - - - -] volume service is down. (host: rack09-server62@lvm-1)
2023-02-16 09:29:00.528 7 WARNING oslo_messaging.rpc.client [None req-d07cf080-1496-4a17-b645-9a4622e6f74c 19d0f09b828e4ec0bb8d7c3311acb834 7517a64aa39f4aca933064d075042e21 - - - -] Using RPCClient manually to instantiate client. Please use get_rpc_client to obtain an RPC client instance.
2023-02-16 09:29:03.964 7 WARNING cinder.scheduler.host_manager [None req-a5dea657-30cc-4e82-b0fa-df3d36ffc480 8da7bba3c8154f3f915da34b9d3bd3ff 6e138d3de76741d5aa70ba74b1bf3ab7 - - - -] volume service is down. (host: rack09-server62@lvm-1)
2023-02-16 09:29:06.167 7 WARNING cinder.scheduler.host_manager [None req-ff0ef14c-7a16-4ff2-910e-311e0309f1e7 8da7bba3c8154f3f915da34b9d3bd3ff 6e138d3de76741d5aa70ba74b1bf3ab7 - - - -] volume service is down. (host: rack09-server62@lvm-1)
2023-02-16 09:29:06.168 7 WARNING oslo_messaging.rpc.client [None req-ff0ef14c-7a16-4ff2-910e-311e0309f1e7 8da7bba3c8154f3f915da34b9d3bd3ff 6e138d3de76741d5aa70ba74b1bf3ab7 - - - -] Using RPCClient manually to instantiate client. Please use get_rpc_client to obtain an RPC client instance.
2023-02-16 09:29:08.446 7 WARNING cinder.scheduler.host_manager [None req-be570d1f-b394-4a84-ad4f-d83c782628a4 8da7bba3c8154f3f915da34b9d3bd3ff 6e138d3de76741d5aa70ba74b1bf3ab7 - - - -] volume service is down. (host: rack09-server62@lvm-1)
2023-02-16 09:29:08.447 7 WARNING oslo_messaging.rpc.client [None req-be570d1f-b394-4a84-ad4f-d83c782628a4 8da7bba3c8154f3f915da34b9d3bd3ff 6e138d3de76741d5aa70ba74b1bf3ab7 - - - -] Using RPCClient manually to instantiate client. Please use get_rpc_client to obtain an RPC client instance.
2023-02-16 09:29:09.410 7 WARNING cinder.scheduler.host_manager [None req-82994fca-3a84-49b0-9d56-21a8d2fc5a3e 4ecd950de50a4e2b9d784e638cfad82d 5d9859a27d0b41a281f59089dcbe6310 - - - -] volume service is down. (host: rack09-server62@lvm-1)
2023-02-16 09:29:09.928 7 WARNING cinder.scheduler.host_manager [None req-d7615951-e95a-4702-8bf0-92f42ca176fd 19d0f09b828e4ec0bb8d7c3311acb834 7517a64aa39f4aca933064d075042e21 - - - -] volume service is down. (host: rack09-server62@lvm-1)
2023-02-16 09:29:10.796 7 WARNING cinder.scheduler.host_manager [None req-70cb6fff-1876-4c11-8d6b-e66b426f3496 8da7bba3c8154f3f915da34b9d3bd3ff 6e138d3de76741d5aa70ba74b1bf3ab7 - - - -] volume service is down. (host: rack09-server62@lvm-1)
2023-02-16 09:29:10.797 7 WARNING oslo_messaging.rpc.client [None req-70cb6fff-1876-4c11-8d6b-e66b426f3496 8da7bba3c8154f3f915da34b9d3bd3ff 6e138d3de76741d5aa70ba74b1bf3ab7 - - - -] Using RPCClient manually to instantiate client. Please use get_rpc_client to obtain an RPC client instance.
2023-02-16 09:29:12.263 7 WARNING cinder.scheduler.host_manager [None req-b3a4c49f-ab90-44e6-8edd-21e3c16d0814 19d0f09b828e4ec0bb8d7c3311acb834 7517a64aa39f4aca933064d075042e21 - - - -] volume service is down. (host: rack09-server62@lvm-1)
2023-02-16 09:29:12.264 7 WARNING oslo_messaging.rpc.client [None req-b3a4c49f-ab90-44e6-8edd-21e3c16d0814 19d0f09b828e4ec0bb8d7c3311acb834 7517a64aa39f4aca933064d075042e21 - - - -] Using RPCClient manually to instantiate client. Please use get_rpc_client to obtain an RPC client instance.
2023-02-16 09:29:15.113 7 WARNING cinder.scheduler.host_manager [None req-8065f000-649a-4a2e-b659-1553a19b16b1 19d0f09b828e4ec0bb8d7c3311acb834 7517a64aa39f4aca933064d075042e21 - - - -] volume service is down. (host: rack09-server62@lvm-1)
2023-02-16 09:29:18.789 7 WARNING cinder.scheduler.host_manager [None req-4f78ac20-1a86-49bb-800d-a6f498519d0f 19d0f09b828e4ec0bb8d7c3311acb834 7517a64aa39f4aca933064d075042e21 - - - -] volume service is down. (host: rack09-server62@lvm-1)
2023-02-16 09:29:21.040 7 WARNING cinder.scheduler.host_manager [None req-219f041f-2278-44e0-abc9-78b40e9ec25d b3676dbab31746e187969d4f578b37f6 81471c95be0c44a4b538a0b407cc0111 - - - -] volume service is down. (host: rack09-server62@lvm-1)
2023-02-16 09:29:21.104 7 WARNING cinder.scheduler.host_manager [None req-d87fb481-61ac-44cd-922e-a55496da0cf0 19d0f09b828e4ec0bb8d7c3311acb834 7517a64aa39f4aca933064d075042e21 - - - -] volume service is down. (host: rack09-server62@lvm-1)
2023-02-16 09:29:21.105 7 WARNING oslo_messaging.rpc.client [None req-d87fb481-61ac-44cd-922e-a55496da0cf0 19d0f09b828e4ec0bb8d7c3311acb834 7517a64aa39f4aca933064d075042e21 - - - -] Using RPCClient manually to instantiate client. Please use get_rpc_client to obtain an RPC client instance.
2023-02-16 09:29:22.511 7 WARNING cinder.scheduler.host_manager [None req-7787821f-c6b0-4cdd-acf4-c1abd938085d b3676dbab31746e187969d4f578b37f6 81471c95be0c44a4b538a0b407cc0111 - - - -] volume service is down. (host: rack09-server62@lvm-1)
2023-02-16 09:29:23.629 7 WARNING cinder.scheduler.host_manager [None req-18da3891-119f-4f10-aa4f-8cbf59e3bea7 19d0f09b828e4ec0bb8d7c3311acb834 7517a64aa39f4aca933064d075042e21 - - - -] volume service is down. (host: rack09-server62@lvm-1)
2023-02-16 09:29:25.079 7 WARNING cinder.scheduler.host_manager [None req-78c9fbf9-c03c-4468-a466-0cbc3f2d1bfe b3676dbab31746e187969d4f578b37f6 81471c95be0c44a4b538a0b407cc0111 - - - -] volume service is down. (host: rack09-server62@lvm-1)
2023-02-16 09:29:35.937 7 WARNING cinder.scheduler.host_manager [None req-cf1577f3-4b73-4a8d-8bf3-ea75071e127d 1a354928d3134b7c8a55303866bb0ff9 6c3e255a0c6d460d84f13d6c60be7df2 - - - -] volume service is down. (host: rack09-server62@lvm-1)
2023-02-16 09:29:36.437 7 WARNING cinder.scheduler.host_manager [None req-dd6c42de-5829-413d-b4a2-02c53a03bf99 2b356144c5a74f55a7b6e37ebbb4eda3 b732951fa5d04506a75871831e8a6381 - - - -] volume service is down. (host: rack09-server62@lvm-1)
2023-02-16 09:29:38.804 7 WARNING cinder.scheduler.host_manager [None req-ebdc1ffa-27a3-4694-a6d0-7016d6f94ef2 2b356144c5a74f55a7b6e37ebbb4eda3 b732951fa5d04506a75871831e8a6381 - - - -] volume service is down. (host: rack09-server62@lvm-1)
2023-02-16 09:29:38.805 7 WARNING oslo_messaging.rpc.client [None req-ebdc1ffa-27a3-4694-a6d0-7016d6f94ef2 2b356144c5a74f55a7b6e37ebbb4eda3 b732951fa5d04506a75871831e8a6381 - - - -] Using RPCClient manually to instantiate client. Please use get_rpc_client to obtain an RPC client instance.
2023-02-16 09:29:56.433 7 WARNING cinder.scheduler.host_manager [None req-9998b517-0cb6-4f86-a3db-ed5573815e06 72f19d7779bd4d9e90a10da81abdf151 9bc2369565114bd6a9dd23346b83f5d6 - - - -] volume service is down. (host: rack09-server62@lvm-1)
2023-02-16 09:29:56.464 7 WARNING cinder.scheduler.host_manager [None req-5ce3f8ce-1c1b-4cec-8ca7-2735d66b9aa7 ddc04a9093d04a9a9629a0219b5bcd5c b577f7a529724f559885d3692510a8a1 - - - -] volume service is down. (host: rack09-server62@lvm-1)
2023-02-16 09:29:56.532 7 WARNING cinder.scheduler.host_manager [None req-94bb31dd-aeeb-43de-b8a9-061a34ea9ad1 e4a6cda2b2af433a9f9e919d4634aec2 804d032f269e47958f783c6624adb431 - - - -] volume service is down. (host: rack09-server62@lvm-1)
2023-02-16 09:29:56.763 7 WARNING cinder.scheduler.host_manager [None req-ca8b4d3e-8f2d-4060-ab3b-fddf3e202333 ddc04a9093d04a9a9629a0219b5bcd5c b577f7a529724f559885d3692510a8a1 - - - -] volume service is down. (host: rack09-server62@lvm-1)
2023-02-16 09:29:57.062 7 WARNING cinder.scheduler.host_manager [None req-0add79a6-b69f-4bbe-b4c3-b67f7e1b16a3 ddc04a9093d04a9a9629a0219b5bcd5c b577f7a529724f559885d3692510a8a1 - - - -] volume service is down. (host: rack09-server62@lvm-1)
2023-02-16 09:29:57.384 7 WARNING cinder.scheduler.host_manager [None req-18c2d78e-1fe5-4902-910a-3fb64dc4ca90 ddc04a9093d04a9a9629a0219b5bcd5c b577f7a529724f559885d3692510a8a1 - - - -] volume service is down. (host: rack09-server62@lvm-1)
2023-02-16 09:29:57.689 7 WARNING cinder.scheduler.host_manager [None req-73fc3bd1-5ffe-4127-b8bf-1c9b60c65b33 72f19d7779bd4d9e90a10da81abdf151 9bc2369565114bd6a9dd23346b83f5d6 - - - -] volume service is down. (host: rack09-server62@lvm-1)
2023-02-16 09:29:57.689 7 WARNING oslo_messaging.rpc.client [None req-73fc3bd1-5ffe-4127-b8bf-1c9b60c65b33 72f19d7779bd4d9e90a10da81abdf151 9bc2369565114bd6a9dd23346b83f5d6 - - - -] Using RPCClient manually to instantiate client. Please use get_rpc_client to obtain an RPC client instance.
2023-02-16 09:29:57.728 7 WARNING cinder.scheduler.host_manager [None req-3088e03d-8411-4e83-a59f-0315f1dba394 ddc04a9093d04a9a9629a0219b5bcd5c b577f7a529724f559885d3692510a8a1 - - - -] volume service is down. (host: rack09-server62@lvm-1)
2023-02-16 09:29:58.222 7 WARNING cinder.scheduler.host_manager [None req-743c8d2b-482d-4a8d-8e81-36a3d2b68e74 e4a6cda2b2af433a9f9e919d4634aec2 804d032f269e47958f783c6624adb431 - - - -] volume service is down. (host: rack09-server62@lvm-1)
2023-02-16 09:29:58.521 7 WARNING cinder.scheduler.host_manager [None req-f5f1ee11-30c4-4379-a8cb-9891735876ba e4a6cda2b2af433a9f9e919d4634aec2 804d032f269e47958f783c6624adb431 - - - -] volume service is down. (host: rack09-server62@lvm-1)
2023-02-16 09:29:58.826 7 WARNING cinder.scheduler.host_manager [None req-0c770b4c-46ab-4aed-8f74-70bf83ab14cf e4a6cda2b2af433a9f9e919d4634aec2 804d032f269e47958f783c6624adb431 - - - -] volume service is down. (host: rack09-server62@lvm-1)
2023-02-16 09:29:59.127 7 WARNING cinder.scheduler.host_manager [None req-ed555d31-f2f0-40a7-af36-4ab2b3c67fa0 e4a6cda2b2af433a9f9e919d4634aec2 804d032f269e47958f783c6624adb431 - - - -] volume service is down. (host: rack09-server62@lvm-1)
2023-02-16 09:29:59.439 7 WARNING cinder.scheduler.host_manager [None req-7471968f-8770-4e50-bd30-18bd4cc6903f e4a6cda2b2af433a9f9e919d4634aec2 804d032f269e47958f783c6624adb431 - - - -] volume service is down. (host: rack09-server62@lvm-1)
2023-02-16 09:30:00.118 7 WARNING cinder.scheduler.host_manager [None req-9e91d47e-f539-4530-b72d-636f73d1959e 72f19d7779bd4d9e90a10da81abdf151 9bc2369565114bd6a9dd23346b83f5d6 - - - -] volume service is down. (host: rack09-server62@lvm-1)
2023-02-16 09:30:00.394 7 WARNING cinder.scheduler.host_manager [None req-6a8ecd86-1461-4310-8c13-0f5a655ea035 72f19d7779bd4d9e90a10da81abdf151 9bc2369565114bd6a9dd23346b83f5d6 - - - -] volume service is down. (host: rack09-server62@lvm-1)
2023-02-16 09:30:00.744 7 WARNING cinder.scheduler.host_manager [None req-7eabc59a-6922-4cbc-8e46-3f5364fb5193 72f19d7779bd4d9e90a10da81abdf151 9bc2369565114bd6a9dd23346b83f5d6 - - - -] volume service is down. (host: rack09-server62@lvm-1)
2023-02-16 09:30:01.055 7 WARNING cinder.scheduler.host_manager [None req-a8bb7f6c-992b-4022-b611-20f7b56eb45e 72f19d7779bd4d9e90a10da81abdf151 9bc2369565114bd6a9dd23346b83f5d6 - - - -] volume service is down. (host: rack09-server62@lvm-1)
2023-02-16 09:30:01.348 7 WARNING cinder.scheduler.host_manager [None req-4579491e-4601-42f5-ba3d-dda92d714190 72f19d7779bd4d9e90a10da81abdf151 9bc2369565114bd6a9dd23346b83f5d6 - - - -] volume service is down. (host: rack09-server62@lvm-1)
2023-02-16 09:30:09.217 7 WARNING cinder.scheduler.host_manager [None req-6328cd94-a2f2-440f-b1c5-fcf12ccb0c39 818723128ae4460293bbada1a7217ba6 9f207bb503df4319a78d45e0da2b80fd - - - -] volume service is down. (host: rack09-server62@lvm-1)
2023-02-16 09:30:11.765 7 WARNING cinder.scheduler.host_manager [None req-1cb2ac69-98d6-45f0-bf1a-b03f347101aa 818723128ae4460293bbada1a7217ba6 9f207bb503df4319a78d45e0da2b80fd - - - -] volume service is down. (host: rack09-server62@lvm-1)
2023-02-16 09:30:14.175 7 WARNING cinder.scheduler.host_manager [None req-77d468b4-eb2e-4424-9143-e0b22ecd86f7 818723128ae4460293bbada1a7217ba6 9f207bb503df4319a78d45e0da2b80fd - - - -] volume service is down. (host: rack09-server62@lvm-1)
2023-02-16 09:30:14.176 7 WARNING oslo_messaging.rpc.client [None req-77d468b4-eb2e-4424-9143-e0b22ecd86f7 818723128ae4460293bbada1a7217ba6 9f207bb503df4319a78d45e0da2b80fd - - - -] Using RPCClient manually to instantiate client. Please use get_rpc_client to obtain an RPC client instance.
