Build Started 29_04_2022_14_26_40
2022-04-29 17:28:43.304 11 WARNING cinder.scheduler.host_manager [req-6836fb55-622c-4447-bf4e-437dc44c64ce cc7558030bf744a78f7394f6964af316 - - - -] volume service is down. (host: rack08-server75@lvm-1)
2022-04-29 17:28:43.494 11 WARNING cinder.scheduler.host_manager [req-23890d3e-8701-431b-aaee-cf0143716202 0d055466bbf14f99a204dd27b4743f8f - - - -] volume service is down. (host: rack08-server75@lvm-1)
2022-04-29 17:28:45.788 11 WARNING cinder.scheduler.host_manager [req-565ae482-8373-4ec4-92df-0bda9d753e6e cc7558030bf744a78f7394f6964af316 - - - -] volume service is down. (host: rack08-server75@lvm-1)
2022-04-29 17:28:53.062 11 WARNING cinder.scheduler.host_manager [req-7c7580e9-5e08-4f4d-a2f2-f74818ab32fc aff67b107ab24446897bbc6558434bcd - - - -] volume service is down. (host: rack08-server75@lvm-1)
2022-04-29 17:28:59.649 11 WARNING cinder.scheduler.host_manager [req-e82f428e-a2dc-47f7-ad9c-4ed59823abf2 30571cda6211421fb1eed2abbe8ff188 - - - -] volume service is down. (host: rack08-server75@lvm-1)
2022-04-29 17:29:01.295 11 WARNING cinder.scheduler.host_manager [req-33da852e-9d8b-49eb-b7c9-5f936ad1b4e1 0b1f45c1a32d4011a5ae9d05b5741c05 - - - -] volume service is down. (host: rack08-server75@lvm-1)
2022-04-29 17:29:01.333 11 WARNING cinder.scheduler.host_manager [req-53643ac7-3d88-4e8f-a9fc-ac5e2f4b81f4 0b1f45c1a32d4011a5ae9d05b5741c05 - - - -] volume service is down. (host: rack08-server75@lvm-1)
2022-04-29 17:29:02.259 11 WARNING cinder.scheduler.host_manager [req-7b1a1300-8b37-42e7-b791-91822bfddc63 30571cda6211421fb1eed2abbe8ff188 - - - -] volume service is down. (host: rack08-server75@lvm-1)
2022-04-29 17:29:04.865 11 WARNING cinder.scheduler.host_manager [req-88231ae3-4390-43d1-8146-e6b84910150d 30571cda6211421fb1eed2abbe8ff188 - - - -] volume service is down. (host: rack08-server75@lvm-1)
2022-04-29 17:29:16.768 11 WARNING cinder.scheduler.host_manager [req-301e01b8-aeac-4ddc-8685-5923c736fd8a cc60d923b2f34fb9946249bc599c1e2b - - - -] volume service is down. (host: rack08-server75@lvm-1)
2022-04-29 17:29:16.776 11 WARNING cinder.scheduler.host_manager [req-301e01b8-aeac-4ddc-8685-5923c736fd8a cc60d923b2f34fb9946249bc599c1e2b - - - -] volume service is down. (host: rack08-server75@lvm-1)
2022-04-29 17:29:18.432 11 WARNING cinder.scheduler.host_manager [req-870a90f2-4c96-47bb-8296-180ded7eeff3 cc60d923b2f34fb9946249bc599c1e2b - - - -] volume service is down. (host: rack08-server75@lvm-1)
2022-04-29 17:29:21.246 11 WARNING cinder.scheduler.host_manager [req-c7f1fabf-c9d0-46a9-a052-cde789a4082b 7bd6bb513bb9489ab85523d200aba370 - - - -] volume service is down. (host: rack08-server75@lvm-1)
2022-04-29 17:29:21.253 11 WARNING cinder.scheduler.host_manager [req-c7f1fabf-c9d0-46a9-a052-cde789a4082b 7bd6bb513bb9489ab85523d200aba370 - - - -] volume service is down. (host: rack08-server75@lvm-1)
2022-04-29 17:29:22.496 11 WARNING cinder.scheduler.host_manager [req-6162decd-d77f-41b9-ab02-bb8e47a3a5d1 7bd6bb513bb9489ab85523d200aba370 - - - -] volume service is down. (host: rack08-server75@lvm-1)
2022-04-29 17:29:22.504 11 WARNING cinder.scheduler.host_manager [req-6162decd-d77f-41b9-ab02-bb8e47a3a5d1 7bd6bb513bb9489ab85523d200aba370 - - - -] volume service is down. (host: rack08-server75@lvm-1)
2022-04-29 17:29:23.221 11 WARNING cinder.scheduler.host_manager [req-dc6c6b59-7d7b-411b-9b47-d1c1c0b5e660 cc60d923b2f34fb9946249bc599c1e2b - - - -] volume service is down. (host: rack08-server75@lvm-1)
2022-04-29 17:29:24.136 11 WARNING cinder.scheduler.host_manager [req-d2844e36-00d6-4d9a-a0e5-13061d6141b7 7bd6bb513bb9489ab85523d200aba370 - - - -] volume service is down. (host: rack08-server75@lvm-1)
2022-04-29 17:29:28.487 11 WARNING cinder.scheduler.host_manager [req-a48a5fbf-869d-4eb8-927d-80a5173cc238 7bd6bb513bb9489ab85523d200aba370 - - - -] volume service is down. (host: rack08-server75@lvm-1)
2022-04-29 17:29:28.496 11 WARNING cinder.scheduler.host_manager [req-a48a5fbf-869d-4eb8-927d-80a5173cc238 7bd6bb513bb9489ab85523d200aba370 - - - -] volume service is down. (host: rack08-server75@lvm-1)
2022-04-29 17:29:29.185 11 WARNING cinder.scheduler.host_manager [req-09188bf1-339a-40c1-8ba6-2bb124a8a9a6 cc60d923b2f34fb9946249bc599c1e2b - - - -] volume service is down. (host: rack08-server75@lvm-1)
2022-04-29 17:29:29.192 11 WARNING cinder.scheduler.host_manager [req-09188bf1-339a-40c1-8ba6-2bb124a8a9a6 cc60d923b2f34fb9946249bc599c1e2b - - - -] volume service is down. (host: rack08-server75@lvm-1)
2022-04-29 17:29:30.067 11 WARNING cinder.scheduler.host_manager [req-4b7c76f5-092e-4959-814a-2ed1ec250078 7bd6bb513bb9489ab85523d200aba370 - - - -] volume service is down. (host: rack08-server75@lvm-1)
2022-04-29 17:29:31.138 11 WARNING cinder.scheduler.host_manager [req-d8e9a5f4-332d-4679-b4a2-6088d20974a6 cc60d923b2f34fb9946249bc599c1e2b - - - -] volume service is down. (host: rack08-server75@lvm-1)
2022-04-29 17:29:32.673 11 WARNING cinder.scheduler.host_manager [req-d6f5fb26-16a7-4ea0-be39-8b2839c0de34 7bd6bb513bb9489ab85523d200aba370 - - - -] volume service is down. (host: rack08-server75@lvm-1)
2022-04-29 17:29:33.778 11 WARNING cinder.scheduler.host_manager [req-7c00a962-1aef-40a8-b340-156e7199499f cc60d923b2f34fb9946249bc599c1e2b - - - -] volume service is down. (host: rack08-server75@lvm-1)
2022-04-29 17:29:45.199 11 WARNING cinder.scheduler.host_manager [req-39aea3fd-6653-4e5a-b6a5-bd8107658039 0d055466bbf14f99a204dd27b4743f8f - - - -] volume service is down. (host: rack08-server75@lvm-1)
2022-04-29 17:29:47.239 11 WARNING cinder.scheduler.host_manager [req-14cb06c4-16c1-424c-991d-0a3415a1193d cc60d923b2f34fb9946249bc599c1e2b - - - -] volume service is down. (host: rack08-server75@lvm-1)
2022-04-29 17:29:47.246 11 WARNING cinder.scheduler.host_manager [req-14cb06c4-16c1-424c-991d-0a3415a1193d cc60d923b2f34fb9946249bc599c1e2b - - - -] volume service is down. (host: rack08-server75@lvm-1)
2022-04-29 17:29:48.812 11 WARNING cinder.scheduler.host_manager [req-6ce0333b-2436-4dc2-8374-12d612d5f97b cc60d923b2f34fb9946249bc599c1e2b - - - -] volume service is down. (host: rack08-server75@lvm-1)
2022-04-29 17:29:55.250 11 WARNING cinder.scheduler.host_manager [req-72da2076-13db-45b8-851a-60108b57afc7 75c87a2a5ac6413e8c9dc9db23eb79f7 - - - -] volume service is down. (host: rack08-server75@lvm-1)
2022-04-29 17:29:59.079 11 WARNING cinder.scheduler.host_manager [req-bc4ac0be-2c81-4619-9273-bd9d263c4937 75c87a2a5ac6413e8c9dc9db23eb79f7 - - - -] volume service is down. (host: rack08-server75@lvm-1)
2022-04-29 17:30:06.018 11 WARNING cinder.scheduler.host_manager [req-930648d8-83d7-4958-91a4-54244809633b 0722f642a65b4f24acbf1a3c7bf85577 - - - -] volume service is down. (host: rack08-server75@lvm-1)
2022-04-29 17:30:06.026 11 WARNING cinder.scheduler.host_manager [req-930648d8-83d7-4958-91a4-54244809633b 0722f642a65b4f24acbf1a3c7bf85577 - - - -] volume service is down. (host: rack08-server75@lvm-1)
2022-04-29 17:30:07.653 11 WARNING cinder.scheduler.host_manager [req-7aca7a67-f8cd-44de-bc01-66ec0b6f5d17 0722f642a65b4f24acbf1a3c7bf85577 - - - -] volume service is down. (host: rack08-server75@lvm-1)
2022-04-29 17:30:10.020 11 WARNING cinder.scheduler.host_manager [req-5d0c5218-264b-427c-ac7d-0a9c94be696b 0722f642a65b4f24acbf1a3c7bf85577 - - - -] volume service is down. (host: rack08-server75@lvm-1)
2022-04-29 17:30:11.987 11 WARNING cinder.scheduler.host_manager [req-7b312eb0-8165-4ac2-8342-5585cda97431 9e28246d93d742149b58c60229d07248 - - - -] volume service is down. (host: rack08-server75@lvm-1)
2022-04-29 17:30:20.912 11 WARNING cinder.scheduler.host_manager [req-8377312a-24fa-4b1f-b1f6-2d891a727b63 0db4a034baf14f68bdd73cb4c8f139ef - - - -] volume service is down. (host: rack08-server75@lvm-1)
2022-04-29 17:30:20.919 11 WARNING cinder.scheduler.host_manager [req-8377312a-24fa-4b1f-b1f6-2d891a727b63 0db4a034baf14f68bdd73cb4c8f139ef - - - -] volume service is down. (host: rack08-server75@lvm-1)
2022-04-29 17:30:23.314 11 WARNING cinder.scheduler.host_manager [req-804ebc2a-4c06-4829-82d7-6deda34fce40 216713c77c3348ba9acf1d25bd97a998 - - - -] volume service is down. (host: rack08-server75@lvm-1)
2022-04-29 17:30:25.888 11 WARNING cinder.scheduler.host_manager [req-c28b7870-1c53-4a5a-8d22-36790d990a81 216713c77c3348ba9acf1d25bd97a998 - - - -] volume service is down. (host: rack08-server75@lvm-1)
2022-04-29 17:30:29.168 11 WARNING cinder.scheduler.host_manager [req-d70ce966-1d8f-453d-885d-9b17994f08b7 5e30d031b783409d887d8e3fb1b3a0db - - - -] volume service is down. (host: rack08-server75@lvm-1)
2022-04-29 17:30:31.517 11 WARNING cinder.scheduler.host_manager [req-de5dee42-567c-4a12-b20d-3508bf893932 5e30d031b783409d887d8e3fb1b3a0db - - - -] volume service is down. (host: rack08-server75@lvm-1)
2022-04-29 17:30:34.115 11 WARNING cinder.scheduler.host_manager [req-8297457f-a0f9-4931-95f2-b48d5e837d01 5e30d031b783409d887d8e3fb1b3a0db - - - -] volume service is down. (host: rack08-server75@lvm-1)
2022-04-29 17:30:34.289 11 WARNING cinder.scheduler.host_manager [req-e512ef23-ae0e-4578-ad81-d55259248d25 1eb97ff7063a4ba8bdfad3582ba70e08 - - - -] volume service is down. (host: rack08-server75@lvm-1)
2022-04-29 17:30:37.736 11 WARNING cinder.scheduler.host_manager [req-682a8bb1-bf82-4256-a786-aee10759a1a2 5e30d031b783409d887d8e3fb1b3a0db - - - -] volume service is down. (host: rack08-server75@lvm-1)
2022-04-29 17:30:41.289 11 WARNING cinder.scheduler.host_manager [req-5f224235-51fb-43df-b7d9-ab4e718d0aa5 5e30d031b783409d887d8e3fb1b3a0db - - - -] volume service is down. (host: rack08-server75@lvm-1)
2022-04-29 17:30:44.875 11 WARNING cinder.scheduler.host_manager [req-12e4f0b6-df22-4ed8-abea-574472ec40d4 5e30d031b783409d887d8e3fb1b3a0db - - - -] volume service is down. (host: rack08-server75@lvm-1)
2022-04-29 17:30:56.557 11 WARNING cinder.scheduler.host_manager [req-94cd5233-04b0-406c-a42a-815a04e6edfd 3b2ab76bcb63492a966230ac1a87a5dc - - - -] volume service is down. (host: rack08-server75@lvm-1)
2022-04-29 17:30:56.558 11 INFO cinder.scheduler.base_filter [req-94cd5233-04b0-406c-a42a-815a04e6edfd 3b2ab76bcb63492a966230ac1a87a5dc - - - -] Filtering removed all hosts for the request with volume ID '9cbb53a1-46f6-4e72-8cca-6f40584a0ee7'. Filter results: AvailabilityZoneFilter: (start: 1, end: 1), CapacityFilter: (start: 1, end: 1), CapabilitiesFilter: (start: 1, end: 0)
2022-04-29 17:30:56.558 11 WARNING cinder.scheduler.filter_scheduler [req-94cd5233-04b0-406c-a42a-815a04e6edfd 3b2ab76bcb63492a966230ac1a87a5dc - - - -] No weighed backend found for volume with properties: {'id': 'd9f8a809-2cf0-4c05-9282-059baf8a5206', 'name': 'tempest-UserMessagesTest-volume-type-1323293222', 'description': None, 'is_public': True, 'projects': [], 'extra_specs': {'storage_protocol': 'tempest-storage_protocol-830206999', 'vendor_name': 'tempest-vendor_name-618390995'}, 'qos_specs_id': None, 'created_at': '2022-04-29T14:30:55.000000', 'updated_at': None, 'deleted_at': None, 'deleted': False}
2022-04-29 17:30:56.559 11 INFO cinder.message.api [req-94cd5233-04b0-406c-a42a-815a04e6edfd 3b2ab76bcb63492a966230ac1a87a5dc - - - -] Creating message record for request_id = req-94cd5233-04b0-406c-a42a-815a04e6edfd
2022-04-29 17:30:56.564 11 ERROR cinder.scheduler.flows.create_volume [req-94cd5233-04b0-406c-a42a-815a04e6edfd 3b2ab76bcb63492a966230ac1a87a5dc - - - -] Failed to run task cinder.scheduler.flows.create_volume.ScheduleCreateVolumeTask;volume:create: No valid backend was found. No weighed backends available: cinder.exception.NoValidBackend: No valid backend was found. No weighed backends available
2022-04-29 17:30:58.324 11 WARNING cinder.scheduler.host_manager [req-ddd45c51-9a81-4ed9-82cd-6355a0391f9d 3b2ab76bcb63492a966230ac1a87a5dc - - - -] volume service is down. (host: rack08-server75@lvm-1)
2022-04-29 17:30:58.325 11 INFO cinder.scheduler.base_filter [req-ddd45c51-9a81-4ed9-82cd-6355a0391f9d 3b2ab76bcb63492a966230ac1a87a5dc - - - -] Filtering removed all hosts for the request with volume ID '0e1e4309-acf7-40ef-a185-d68eef5c331e'. Filter results: AvailabilityZoneFilter: (start: 1, end: 1), CapacityFilter: (start: 1, end: 1), CapabilitiesFilter: (start: 1, end: 0)
2022-04-29 17:30:58.326 11 WARNING cinder.scheduler.filter_scheduler [req-ddd45c51-9a81-4ed9-82cd-6355a0391f9d 3b2ab76bcb63492a966230ac1a87a5dc - - - -] No weighed backend found for volume with properties: {'id': '53161f53-917e-4c4f-93ae-2ab44d59e791', 'name': 'tempest-UserMessagesTest-volume-type-1193098423', 'description': None, 'is_public': True, 'projects': [], 'extra_specs': {'storage_protocol': 'tempest-storage_protocol-1158462647', 'vendor_name': 'tempest-vendor_name-532397853'}, 'qos_specs_id': None, 'created_at': '2022-04-29T14:30:57.000000', 'updated_at': None, 'deleted_at': None, 'deleted': False}
2022-04-29 17:30:58.326 11 INFO cinder.message.api [req-ddd45c51-9a81-4ed9-82cd-6355a0391f9d 3b2ab76bcb63492a966230ac1a87a5dc - - - -] Creating message record for request_id = req-ddd45c51-9a81-4ed9-82cd-6355a0391f9d
2022-04-29 17:30:58.332 11 ERROR cinder.scheduler.flows.create_volume [req-ddd45c51-9a81-4ed9-82cd-6355a0391f9d 3b2ab76bcb63492a966230ac1a87a5dc - - - -] Failed to run task cinder.scheduler.flows.create_volume.ScheduleCreateVolumeTask;volume:create: No valid backend was found. No weighed backends available: cinder.exception.NoValidBackend: No valid backend was found. No weighed backends available
2022-04-29 17:31:00.407 11 WARNING cinder.scheduler.host_manager [req-2a5ba341-093b-4bc0-8195-bc7cd10c511e 4ac8905532d04643a2c4cb1fe9ea9d03 - - - -] volume service is down. (host: rack08-server75@lvm-1)
2022-04-29 17:31:02.996 11 WARNING cinder.scheduler.host_manager [req-1bf64d8d-3dbf-4771-8c45-206fbe0c830b 4ac8905532d04643a2c4cb1fe9ea9d03 - - - -] volume service is down. (host: rack08-server75@lvm-1)
2022-04-29 17:31:05.941 11 WARNING cinder.scheduler.host_manager [req-e66f0c46-29f1-4e42-9ca5-8a08f6acb877 4ac8905532d04643a2c4cb1fe9ea9d03 - - - -] volume service is down. (host: rack08-server75@lvm-1)
2022-04-29 17:31:08.908 11 WARNING cinder.scheduler.host_manager [req-652adc89-c5a4-4565-8574-672e111dd347 fe0507e75979489d8059ba08446f45b1 - - - -] volume service is down. (host: rack08-server75@lvm-1)
2022-04-29 17:31:18.448 11 WARNING cinder.scheduler.host_manager [req-df832af7-b017-4667-9e45-e3dc983b83b6 35e7b0f1410d41138c5e9b28fafe4d14 - - - -] volume service is down. (host: rack08-server75@lvm-1)
2022-04-29 17:31:20.834 11 WARNING cinder.scheduler.host_manager [req-c365fea8-8a77-41da-b2aa-cf8885f9bdf6 35e7b0f1410d41138c5e9b28fafe4d14 - - - -] volume service is down. (host: rack08-server75@lvm-1)
2022-04-29 17:31:23.134 11 WARNING cinder.scheduler.host_manager [req-a6d2fad4-dfe1-44da-a170-2eb153046651 35e7b0f1410d41138c5e9b28fafe4d14 - - - -] volume service is down. (host: rack08-server75@lvm-1)
2022-04-29 17:31:26.910 11 WARNING cinder.scheduler.host_manager [req-08caf8f3-bb09-4f6a-9bff-ed3ffe7aa277 35e7b0f1410d41138c5e9b28fafe4d14 - - - -] volume service is down. (host: rack08-server75@lvm-1)
2022-04-29 17:31:29.246 11 WARNING cinder.scheduler.host_manager [req-76dba26d-4ae1-4159-ac7b-b993f16e9315 35e7b0f1410d41138c5e9b28fafe4d14 - - - -] volume service is down. (host: rack08-server75@lvm-1)
2022-04-29 17:31:31.778 11 WARNING cinder.scheduler.host_manager [req-f344ecf1-1ce1-4c53-b7d2-4b31cfbbc330 35e7b0f1410d41138c5e9b28fafe4d14 - - - -] volume service is down. (host: rack08-server75@lvm-1)
2022-04-29 17:31:38.130 11 WARNING cinder.scheduler.host_manager [req-457d8713-86a4-47ba-b7d2-23ac56959e04 675669966f98486db88ef46e520244f9 - - - -] volume service is down. (host: rack08-server75@lvm-1)
2022-04-29 17:31:39.926 11 WARNING cinder.scheduler.host_manager [req-121b4e81-9883-49c1-97c5-03d762387f2f 83768169498b4704b6a4d8ba0c6e08a2 - - - -] volume service is down. (host: rack08-server75@lvm-1)
2022-04-29 17:31:48.530 11 WARNING cinder.scheduler.host_manager [req-1b6cadea-be39-4cc7-a971-965ad6383f2c 314eb272839e43d299c3dc8edaf2bd94 - - - -] volume service is down. (host: rack08-server75@lvm-1)
2022-04-29 17:31:50.865 11 WARNING cinder.scheduler.host_manager [req-b46df8f3-0534-45f4-86a0-96bd16cfe157 540548ae1ef24b5198d4c934db059fc9 - - - -] volume service is down. (host: rack08-server75@lvm-1)
2022-04-29 17:31:53.762 11 WARNING cinder.scheduler.host_manager [req-debdbd4b-2ea7-4932-beed-5693785b9672 0d055466bbf14f99a204dd27b4743f8f - - - -] volume service is down. (host: rack08-server75@lvm-1)
2022-04-29 17:31:53.776 11 WARNING cinder.scheduler.host_manager [req-800d72e3-e060-479d-8a31-c17e4cf5e555 314eb272839e43d299c3dc8edaf2bd94 - - - -] volume service is down. (host: rack08-server75@lvm-1)
2022-04-29 17:31:56.029 11 WARNING cinder.scheduler.host_manager [req-0cf14d1a-9814-4224-8127-c3eab2725641 540548ae1ef24b5198d4c934db059fc9 - - - -] volume service is down. (host: rack08-server75@lvm-1)
2022-04-29 17:32:01.921 11 WARNING cinder.scheduler.host_manager [req-19bc2a25-dcd4-4107-a67e-a7aaa6d20fef 9fb0426eacc44fac86b35d1735add1be - - - -] volume service is down. (host: rack08-server75@lvm-1)
2022-04-29 17:32:05.418 11 WARNING cinder.scheduler.host_manager [req-94c1cc0e-307f-4943-8073-2941f4466958 ac1a323304924543a667f1b1b5d3db73 - - - -] volume service is down. (host: rack08-server75@lvm-1)
2022-04-29 17:33:53.761 11 WARNING cinder.scheduler.host_manager [req-e3b5411c-d6d4-4450-bfaa-792ca223adb2 6ba4aea572b84b9d8df3c71c9b7ca24b - - - -] volume service is down. (host: rack08-server75@lvm-1)
2022-04-29 17:33:59.895 11 WARNING cinder.scheduler.host_manager [req-260c60ff-aa82-4bfc-9936-9d2c1bcb4780 e6d7c03ab3a34111b8cc52acd88ed53f - - - -] volume service is down. (host: rack08-server75@lvm-1)
2022-04-29 17:34:02.262 11 WARNING cinder.scheduler.host_manager [req-7fdb6da4-6a85-4e64-8507-b13c33cc46ef e6d7c03ab3a34111b8cc52acd88ed53f - - - -] volume service is down. (host: rack08-server75@lvm-1)
2022-04-29 17:35:48.434 11 WARNING cinder.scheduler.host_manager [req-e960aea2-0e1c-4ff9-8681-a74d30c00a26 ac1a323304924543a667f1b1b5d3db73 - - - -] volume service is down. (host: rack08-server75@lvm-1)
2022-04-29 17:35:57.903 11 WARNING cinder.scheduler.host_manager [req-acae3c2b-32b6-4c75-8c71-d484066026ac fd227fce2d1b419eb01d86b520c08c1a - - - -] volume service is down. (host: rack08-server75@lvm-1)
2022-04-29 17:37:45.333 11 WARNING cinder.scheduler.host_manager [req-a6f3db63-19bf-4c47-a57e-d3d502581d7b fd227fce2d1b419eb01d86b520c08c1a - - - -] volume service is down. (host: rack08-server75@lvm-1)
2022-04-29 17:37:49.162 11 WARNING cinder.scheduler.host_manager [req-dd40044f-92d1-4139-8ba9-5a9366c802e3 fd227fce2d1b419eb01d86b520c08c1a - - - -] volume service is down. (host: rack08-server75@lvm-1)
2022-04-29 17:37:52.979 11 WARNING cinder.scheduler.host_manager [req-1f5f4e53-3f09-4a12-9000-d19a7f83143f fd227fce2d1b419eb01d86b520c08c1a - - - -] volume service is down. (host: rack08-server75@lvm-1)
2022-04-29 17:37:56.826 11 WARNING cinder.scheduler.host_manager [req-5cabf235-66ed-4906-b9ac-a558f1fddcb9 fd227fce2d1b419eb01d86b520c08c1a - - - -] volume service is down. (host: rack08-server75@lvm-1)
2022-04-29 17:38:00.635 11 WARNING cinder.scheduler.host_manager [req-61f4f52a-5779-409e-bb1b-4af9121928c7 fd227fce2d1b419eb01d86b520c08c1a - - - -] volume service is down. (host: rack08-server75@lvm-1)
2022-04-29 17:38:13.112 11 WARNING cinder.scheduler.host_manager [req-2d0d3544-1fa8-45b8-a3bd-0de47441f149 4a72c5256dc4486f9477f3e6dd43e0b4 - - - -] volume service is down. (host: rack08-server75@lvm-1)
2022-04-29 17:38:28.731 11 WARNING cinder.scheduler.host_manager [req-944f3402-8ef6-4f8a-a38d-728023290a76 4f1d6bfb41844e5a84bface929201c33 - - - -] volume service is down. (host: rack08-server75@lvm-1)
2022-04-29 17:38:31.115 11 WARNING cinder.scheduler.host_manager [req-60d8a908-1787-4775-8bc8-0aeb67c98451 4f1d6bfb41844e5a84bface929201c33 - - - -] volume service is down. (host: rack08-server75@lvm-1)
2022-04-29 17:38:39.494 11 WARNING cinder.scheduler.host_manager [req-32fbdd63-4d8e-4920-a3c5-eb42ea6a0b12 9b6d4470d2f44c8fb01a09100759b2a2 - - - -] volume service is down. (host: rack08-server75@lvm-1)
2022-04-29 17:38:42.117 11 WARNING cinder.scheduler.host_manager [req-20a88e23-7710-4cef-bf1e-9688cf3b58f7 9b6d4470d2f44c8fb01a09100759b2a2 - - - -] volume service is down. (host: rack08-server75@lvm-1)
2022-04-29 17:38:44.710 11 WARNING cinder.scheduler.host_manager [req-e417ca5b-8ef0-41ca-a362-b2d318de5568 9b6d4470d2f44c8fb01a09100759b2a2 - - - -] volume service is down. (host: rack08-server75@lvm-1)
2022-04-29 17:38:58.477 11 WARNING cinder.scheduler.host_manager [req-60b7d5f8-b156-4400-bda9-a28bcdcab1c5 42793c86b3dd432b9edffb96a9a39e5b - - - -] volume service is down. (host: rack08-server75@lvm-1)
2022-04-29 17:39:03.676 11 WARNING cinder.scheduler.host_manager [req-3016672d-5e47-4392-84c4-b368430492ea f07e68f3aaa847c9b57f0deb0c2f2edf - - - -] volume service is down. (host: rack08-server75@lvm-1)
2022-04-29 17:39:04.974 11 WARNING cinder.scheduler.host_manager [req-02bdd8a9-3751-4da5-ae92-d37bd1185ed3 e34b89d2069f43e1a39b2dfac516e19f - - - -] volume service is down. (host: rack08-server75@lvm-1)
2022-04-29 17:39:06.448 11 WARNING cinder.scheduler.host_manager [req-18b333c4-109d-4a09-8aca-9b8e1c73d802 f07e68f3aaa847c9b57f0deb0c2f2edf - - - -] volume service is down. (host: rack08-server75@lvm-1)
2022-04-29 17:39:11.335 11 WARNING cinder.scheduler.host_manager [req-fe1cc18b-c0c7-4a6f-b45b-08506a9be8b8 f07e68f3aaa847c9b57f0deb0c2f2edf - - - -] volume service is down. (host: rack08-server75@lvm-1)
2022-04-29 17:39:13.894 11 WARNING cinder.scheduler.host_manager [req-51800cfa-48e7-41bc-bccb-b72adc071e37 f07e68f3aaa847c9b57f0deb0c2f2edf - - - -] volume service is down. (host: rack08-server75@lvm-1)
2022-04-29 17:39:15.963 11 WARNING cinder.scheduler.host_manager [req-770268ff-a370-4e3a-a316-5814fac447f8 e34b89d2069f43e1a39b2dfac516e19f - - - -] volume service is down. (host: rack08-server75@lvm-1)
2022-04-29 17:39:17.663 11 WARNING cinder.scheduler.host_manager [req-1c10ef9b-9c57-4936-a375-8f57aaeb4b8d f07e68f3aaa847c9b57f0deb0c2f2edf - - - -] volume service is down. (host: rack08-server75@lvm-1)
2022-04-29 17:39:19.623 11 WARNING cinder.scheduler.host_manager [req-3de7f8dc-22ef-4dda-91f6-6b297e0d2b13 e34b89d2069f43e1a39b2dfac516e19f - - - -] volume service is down. (host: rack08-server75@lvm-1)
2022-04-29 17:39:22.237 11 WARNING cinder.scheduler.host_manager [req-41fec843-ae67-470e-9f94-3121ab651bbf e34b89d2069f43e1a39b2dfac516e19f - - - -] volume service is down. (host: rack08-server75@lvm-1)
2022-04-29 17:39:22.688 11 WARNING cinder.scheduler.host_manager [req-92684aa9-2702-4a90-89b1-8d3f58ef6f33 f07e68f3aaa847c9b57f0deb0c2f2edf - - - -] volume service is down. (host: rack08-server75@lvm-1)
2022-04-29 17:39:33.494 11 WARNING cinder.scheduler.host_manager [req-46b97b71-7f54-467c-ab0a-ef7c4a56c7dd f1efcd864f77437d86fce2969d81a29d - - - -] volume service is down. (host: rack08-server75@lvm-1)
2022-04-29 17:39:33.856 11 WARNING cinder.scheduler.host_manager [req-8772d7e8-3947-4c10-947e-f2b1b087fe3f f07e68f3aaa847c9b57f0deb0c2f2edf - - - -] volume service is down. (host: rack08-server75@lvm-1)
2022-04-29 17:39:40.556 11 WARNING cinder.scheduler.host_manager [req-32ae04a1-aa37-4a92-9ae9-461b1caaba77 b42a88dcb1c04ef999c8ab6c1af35968 - - - -] volume service is down. (host: rack08-server75@lvm-1)
2022-04-29 17:39:46.350 11 WARNING cinder.scheduler.host_manager [req-b076915d-0c7f-408b-8fdd-968c8f1320cc fa5c5440d4e14e559a7d81c9378854a5 - - - -] volume service is down. (host: rack08-server75@lvm-1)
2022-04-29 17:39:51.399 11 WARNING cinder.scheduler.host_manager [req-baf44e14-788a-4812-8fa1-2fb52ab0b14a b42a88dcb1c04ef999c8ab6c1af35968 - - - -] volume service is down. (host: rack08-server75@lvm-1)
2022-04-29 17:39:52.973 11 WARNING cinder.scheduler.host_manager [req-409de54d-b29d-44b1-878c-1c9e7ea3678f b42a88dcb1c04ef999c8ab6c1af35968 - - - -] volume service is down. (host: rack08-server75@lvm-1)
2022-04-29 17:39:55.358 11 WARNING cinder.scheduler.host_manager [req-81e1db96-76a5-4e39-9147-a180a3a61d2d b42a88dcb1c04ef999c8ab6c1af35968 - - - -] volume service is down. (host: rack08-server75@lvm-1)
2022-04-29 17:39:57.743 11 WARNING cinder.scheduler.host_manager [req-c446d184-dac9-4fc4-ae4c-45df55e88ead b42a88dcb1c04ef999c8ab6c1af35968 - - - -] volume service is down. (host: rack08-server75@lvm-1)
2022-04-29 17:40:05.992 11 WARNING cinder.scheduler.host_manager [req-6d1e8f5f-8e90-4eef-9c2a-97cd96f05d04 1cd7cb8d67644daa96fa359d2b9fab20 - - - -] volume service is down. (host: rack08-server75@lvm-1)
2022-04-29 17:40:08.348 11 WARNING cinder.scheduler.host_manager [req-45427b6d-1950-47b6-b5ae-7c66c1ac3a97 1cd7cb8d67644daa96fa359d2b9fab20 - - - -] volume service is down. (host: rack08-server75@lvm-1)
2022-04-29 17:41:46.974 11 WARNING cinder.scheduler.host_manager [req-e518b7ce-8fb7-4989-bd86-d2a273aa5fed fa5c5440d4e14e559a7d81c9378854a5 - - - -] volume service is down. (host: rack08-server75@lvm-1)
2022-04-29 17:41:53.899 11 WARNING cinder.scheduler.host_manager [req-9c512cdb-8987-41c5-b2df-50f6d79bb664 ff7bd0f9f83d49c4a05ca9c3f3d11217 - - - -] volume service is down. (host: rack08-server75@lvm-1)
2022-04-29 17:41:56.292 11 WARNING cinder.scheduler.host_manager [req-9f2c7e20-d72c-4d30-a0fb-65a560bb0a44 ff7bd0f9f83d49c4a05ca9c3f3d11217 - - - -] volume service is down. (host: rack08-server75@lvm-1)
2022-04-29 17:41:58.599 11 WARNING cinder.scheduler.host_manager [req-c041914a-7156-4464-b353-b76eae4e6dcf ff7bd0f9f83d49c4a05ca9c3f3d11217 - - - -] volume service is down. (host: rack08-server75@lvm-1)
2022-04-29 17:42:00.909 11 WARNING cinder.scheduler.host_manager [req-4f58237a-b8cf-4ec2-b5ab-f59fa9d92a82 ff7bd0f9f83d49c4a05ca9c3f3d11217 - - - -] volume service is down. (host: rack08-server75@lvm-1)
2022-04-29 17:42:55.643 11 WARNING cinder.scheduler.host_manager [req-e05a0fd0-5b5e-4ba5-9027-496b44bc97b4 fa5c5440d4e14e559a7d81c9378854a5 - - - -] volume service is down. (host: rack08-server75@lvm-1)
2022-04-29 17:42:57.965 11 WARNING cinder.scheduler.host_manager [req-b92dbbf1-685b-4b4e-b009-9b44caad8132 fa5c5440d4e14e559a7d81c9378854a5 - - - -] volume service is down. (host: rack08-server75@lvm-1)
2022-04-29 17:43:00.276 11 WARNING cinder.scheduler.host_manager [req-43e24062-6be9-4d0b-bb6b-de8f0f64d22c fa5c5440d4e14e559a7d81c9378854a5 - - - -] volume service is down. (host: rack08-server75@lvm-1)
2022-04-29 17:46:46.462 11 WARNING cinder.scheduler.host_manager [req-9c6a5e62-3c04-4d5e-910f-239ba785c7df fa5c5440d4e14e559a7d81c9378854a5 - - - -] volume service is down. (host: rack08-server75@lvm-1)
2022-04-29 17:46:50.032 11 WARNING cinder.scheduler.host_manager [req-efee23bf-8f3b-4853-801e-96ad4701481b fa5c5440d4e14e559a7d81c9378854a5 - - - -] volume service is down. (host: rack08-server75@lvm-1)
2022-04-29 17:50:53.166 11 WARNING cinder.scheduler.host_manager [req-dd9c2605-5a7a-4b4d-99ac-c0ab7a0fffc3 fa5c5440d4e14e559a7d81c9378854a5 - - - -] volume service is down. (host: rack08-server75@lvm-1)
2022-04-29 17:50:55.487 11 WARNING cinder.scheduler.host_manager [req-6a2cf224-d5a3-4626-afb1-058f10972ad9 fa5c5440d4e14e559a7d81c9378854a5 - - - -] volume service is down. (host: rack08-server75@lvm-1)
2022-04-29 17:54:45.039 11 WARNING cinder.scheduler.host_manager [req-e02221bd-8d13-43b6-b1c2-40ea00ba0c77 fa5c5440d4e14e559a7d81c9378854a5 - - - -] volume service is down. (host: rack08-server75@lvm-1)
2022-04-29 17:54:47.506 11 WARNING cinder.scheduler.host_manager [req-e3c6a565-f24d-4b98-9cae-425d97c748d8 fa5c5440d4e14e559a7d81c9378854a5 - - - -] volume service is down. (host: rack08-server75@lvm-1)
2022-04-29 17:54:50.104 11 WARNING cinder.scheduler.host_manager [req-fec179b0-06cd-40d9-831b-b34ddd2ffd05 fa5c5440d4e14e559a7d81c9378854a5 - - - -] volume service is down. (host: rack08-server75@lvm-1)
2022-04-29 17:54:53.902 11 WARNING cinder.scheduler.host_manager [req-b7a65a23-cfdc-4ace-a884-0aa785ba8ebf fa5c5440d4e14e559a7d81c9378854a5 - - - -] volume service is down. (host: rack08-server75@lvm-1)
2022-04-29 17:54:56.251 11 WARNING cinder.scheduler.host_manager [req-f43f71a5-a559-4d5a-bb9c-368938080c57 fa5c5440d4e14e559a7d81c9378854a5 - - - -] volume service is down. (host: rack08-server75@lvm-1)
2022-04-29 17:54:58.797 11 WARNING cinder.scheduler.host_manager [req-892ee595-c7b2-4afa-9df7-fb777ceb545e fa5c5440d4e14e559a7d81c9378854a5 - - - -] volume service is down. (host: rack08-server75@lvm-1)
2022-04-29 17:55:18.893 11 WARNING cinder.scheduler.host_manager [req-418a0d7a-460f-438b-98c3-9cc9cfdb78d0 c0cc334cd1eb4b4c99bd8d61e9d21e08 - - - -] volume service is down. (host: rack08-server75@lvm-1)
2022-04-29 17:55:19.575 11 WARNING cinder.scheduler.host_manager [req-1fd439a5-be4a-4c90-ac2a-ff45e32d1f04 fa5bc9ca97ba4fe9abad9897e2c4c061 - - - -] volume service is down. (host: rack08-server75@lvm-1)
2022-04-29 17:55:20.080 11 WARNING cinder.scheduler.host_manager [req-5a34f975-8470-4163-b6ec-7b793f4ae1be fa5bc9ca97ba4fe9abad9897e2c4c061 - - - -] volume service is down. (host: rack08-server75@lvm-1)
2022-04-29 17:55:20.581 11 WARNING cinder.scheduler.host_manager [req-12e6cc8a-b717-42df-a657-500a7c3d0527 fa5bc9ca97ba4fe9abad9897e2c4c061 - - - -] volume service is down. (host: rack08-server75@lvm-1)
2022-04-29 17:55:21.092 11 WARNING cinder.scheduler.host_manager [req-8504e427-e94d-4a8e-a7b4-7900402e4df1 fa5bc9ca97ba4fe9abad9897e2c4c061 - - - -] volume service is down. (host: rack08-server75@lvm-1)
2022-04-29 17:55:21.504 11 WARNING cinder.scheduler.host_manager [req-599e8b13-4efe-4173-8cfe-d163e55385eb c0cc334cd1eb4b4c99bd8d61e9d21e08 - - - -] volume service is down. (host: rack08-server75@lvm-1)
2022-04-29 17:55:21.602 11 WARNING cinder.scheduler.host_manager [req-7335f986-3ce7-4b08-973d-fc8906d06b09 fa5bc9ca97ba4fe9abad9897e2c4c061 - - - -] volume service is down. (host: rack08-server75@lvm-1)
2022-04-29 17:55:22.905 11 WARNING cinder.scheduler.host_manager [req-973c599b-5c1f-4d20-b1f8-59a0e019282e c0cc334cd1eb4b4c99bd8d61e9d21e08 - - - -] volume service is down. (host: rack08-server75@lvm-1)
