Build Started 27_04_2022_11_29_54
2022-04-27 14:31:55.190 11 WARNING cinder.scheduler.host_manager [req-f3060a9d-41d7-40d0-84d1-cb4031f72cfc 70d06166149c472a9be3333eae908755 - - - -] volume service is down. (host: rack08-server75@lvm-1)
2022-04-27 14:32:12.228 11 WARNING cinder.scheduler.host_manager [req-701c69cd-bab9-40cd-9979-30f39cb1f042 a78ab9b66b78444397653681ee8d100f - - - -] volume service is down. (host: rack08-server75@lvm-1)
2022-04-27 14:32:12.235 11 WARNING cinder.scheduler.host_manager [req-701c69cd-bab9-40cd-9979-30f39cb1f042 a78ab9b66b78444397653681ee8d100f - - - -] volume service is down. (host: rack08-server75@lvm-1)
2022-04-27 14:32:12.751 11 WARNING cinder.scheduler.host_manager [req-14a8b8d5-5658-4651-a7b0-4d73063f4f56 70d06166149c472a9be3333eae908755 - - - -] volume service is down. (host: rack08-server75@lvm-1)
2022-04-27 14:32:13.861 11 WARNING cinder.scheduler.host_manager [req-b07fa760-23b0-413a-8ec7-af0532c4021e a78ab9b66b78444397653681ee8d100f - - - -] volume service is down. (host: rack08-server75@lvm-1)
2022-04-27 14:32:16.248 11 WARNING cinder.scheduler.host_manager [req-d9acc31b-6680-4208-bde0-82fe99fa7be7 a78ab9b66b78444397653681ee8d100f - - - -] volume service is down. (host: rack08-server75@lvm-1)
2022-04-27 14:32:38.872 11 WARNING cinder.scheduler.host_manager [req-642babef-237d-4a3a-8d8e-e46ac16bcebb af2cabc3e8d840cca248e4b3017a9883 - - - -] volume service is down. (host: rack08-server75@lvm-1)
2022-04-27 14:32:44.733 11 WARNING cinder.scheduler.host_manager [req-3ca47d43-0ec2-4a1c-9d3b-271dbb9b08ea 0a0524d27e364136a89743e3b9fb54de - - - -] volume service is down. (host: rack08-server75@lvm-1)
2022-04-27 14:32:47.298 11 WARNING cinder.scheduler.host_manager [req-613967be-c361-4b83-b10b-d86cdb382633 0a0524d27e364136a89743e3b9fb54de - - - -] volume service is down. (host: rack08-server75@lvm-1)
2022-04-27 14:33:01.542 11 WARNING cinder.scheduler.host_manager [req-6dcb9c4a-45a0-4eba-b0d3-d33f11d746b6 94f03d6c33bc40a990539aa9f216b487 - - - -] volume service is down. (host: rack08-server75@lvm-1)
2022-04-27 14:33:03.064 11 WARNING cinder.scheduler.host_manager [req-13cee9c1-ada0-44d1-b28e-9b2699e5d6d2 94f03d6c33bc40a990539aa9f216b487 - - - -] volume service is down. (host: rack08-server75@lvm-1)
2022-04-27 14:33:05.630 11 WARNING cinder.scheduler.host_manager [req-8844359f-e5f7-4ac9-a819-308f27bf6bcc 94f03d6c33bc40a990539aa9f216b487 - - - -] volume service is down. (host: rack08-server75@lvm-1)
2022-04-27 14:33:08.451 11 WARNING cinder.scheduler.host_manager [req-36fad2d9-7954-41f1-a2e1-5a9de9d56a4e a9a6e91c865d48ac92d0ea029d7f7ded - - - -] volume service is down. (host: rack08-server75@lvm-1)
2022-04-27 14:33:22.648 11 WARNING cinder.scheduler.host_manager [req-1eb78d4e-47b1-49e1-a61a-cc50ba00bbc0 ffcadc31942c4c6a909d232a92e696b8 - - - -] volume service is down. (host: rack08-server75@lvm-1)
2022-04-27 14:33:29.840 11 WARNING cinder.scheduler.host_manager [req-9300141a-30b8-4f78-97a6-0b7c1c3ea9aa 3e5562a3bd70470ea4fedd565474d206 - - - -] volume service is down. (host: rack08-server75@lvm-1)
2022-04-27 14:33:32.208 11 WARNING cinder.scheduler.host_manager [req-03e091c7-0f7c-4bcf-acc3-05c3cd1e8c72 3e5562a3bd70470ea4fedd565474d206 - - - -] volume service is down. (host: rack08-server75@lvm-1)
2022-04-27 14:33:34.515 11 WARNING cinder.scheduler.host_manager [req-e2328cae-71db-4b61-b8a6-032f1f609be8 3e5562a3bd70470ea4fedd565474d206 - - - -] volume service is down. (host: rack08-server75@lvm-1)
2022-04-27 14:33:38.257 11 WARNING cinder.scheduler.host_manager [req-1db48a30-99ba-4d72-b7c8-7ef480d58fa6 3e5562a3bd70470ea4fedd565474d206 - - - -] volume service is down. (host: rack08-server75@lvm-1)
2022-04-27 14:33:40.627 11 WARNING cinder.scheduler.host_manager [req-b4cb6cc1-b87d-40e7-a8fb-3f7446357407 3e5562a3bd70470ea4fedd565474d206 - - - -] volume service is down. (host: rack08-server75@lvm-1)
2022-04-27 14:33:43.165 11 WARNING cinder.scheduler.host_manager [req-790940c0-23be-4e4f-9914-ca8577d620e9 3e5562a3bd70470ea4fedd565474d206 - - - -] volume service is down. (host: rack08-server75@lvm-1)
2022-04-27 14:33:51.346 11 WARNING cinder.scheduler.host_manager [req-7aaf6110-d2be-43a5-bd1d-efe5315257a1 46db439ac0b04ab2aec1adc54351e576 - - - -] volume service is down. (host: rack08-server75@lvm-1)
2022-04-27 14:33:58.540 11 WARNING cinder.scheduler.host_manager [req-29ba8210-85cd-48cf-b8c7-55349c75a1bc eaa7bdee01e64f9190541c58cd8910dc - - - -] volume service is down. (host: rack08-server75@lvm-1)
2022-04-27 14:34:08.435 11 WARNING cinder.scheduler.host_manager [req-930bd340-5151-4a36-ba28-0476392feedb aa37df5e41354aa881329e3ca24b76b7 - - - -] volume service is down. (host: rack08-server75@lvm-1)
2022-04-27 14:35:16.084 11 WARNING cinder.scheduler.host_manager [req-4180ac16-dd98-47c8-82e5-3ead6b713a40 70d06166149c472a9be3333eae908755 - - - -] volume service is down. (host: rack08-server75@lvm-1)
2022-04-27 14:38:16.534 11 WARNING cinder.scheduler.host_manager [req-125071fb-1a03-44dd-a17c-1ac956930513 d9fc0e242f5041d0902e001bd095e3b5 - - - -] volume service is down. (host: rack08-server75@lvm-1)
2022-04-27 14:38:19.102 11 WARNING cinder.scheduler.host_manager [req-bf255111-4bba-4952-9056-e1108f53a0ca d9fc0e242f5041d0902e001bd095e3b5 - - - -] volume service is down. (host: rack08-server75@lvm-1)
2022-04-27 14:38:20.613 11 WARNING cinder.scheduler.host_manager [req-ce614cd1-22f3-49d1-92ca-9027b8c61bd7 d9fc0e242f5041d0902e001bd095e3b5 - - - -] volume service is down. (host: rack08-server75@lvm-1)
2022-04-27 14:38:34.838 11 WARNING cinder.scheduler.host_manager [req-43f1bec6-f821-4b00-ba6a-3dbb1048c2b3 b835e8f6826e4132be19c29efe293035 - - - -] volume service is down. (host: rack08-server75@lvm-1)
2022-04-27 14:38:34.878 11 WARNING cinder.scheduler.host_manager [req-75818500-6ed2-4f43-b832-f476a6417509 b835e8f6826e4132be19c29efe293035 - - - -] volume service is down. (host: rack08-server75@lvm-1)
2022-04-27 14:38:40.288 11 WARNING cinder.scheduler.host_manager [req-cf3e3ad8-9216-41bb-b119-b9350adaf364 c43cac8eee13433a86262f94bac03187 - - - -] volume service is down. (host: rack08-server75@lvm-1)
2022-04-27 14:38:40.296 11 WARNING cinder.scheduler.host_manager [req-cf3e3ad8-9216-41bb-b119-b9350adaf364 c43cac8eee13433a86262f94bac03187 - - - -] volume service is down. (host: rack08-server75@lvm-1)
2022-04-27 14:38:42.226 11 WARNING cinder.scheduler.host_manager [req-7724fb3c-f9e5-4f39-a33c-d93fcd9d83fd c43cac8eee13433a86262f94bac03187 - - - -] volume service is down. (host: rack08-server75@lvm-1)
2022-04-27 14:38:47.008 11 WARNING cinder.scheduler.host_manager [req-6d604f05-901b-4044-8fe7-1b63e60fa943 c43cac8eee13433a86262f94bac03187 - - - -] volume service is down. (host: rack08-server75@lvm-1)
2022-04-27 14:38:51.936 11 WARNING cinder.scheduler.host_manager [req-b961c338-8b10-45d6-a7d7-07d22ec2339c c43cac8eee13433a86262f94bac03187 - - - -] volume service is down. (host: rack08-server75@lvm-1)
2022-04-27 14:38:51.943 11 WARNING cinder.scheduler.host_manager [req-b961c338-8b10-45d6-a7d7-07d22ec2339c c43cac8eee13433a86262f94bac03187 - - - -] volume service is down. (host: rack08-server75@lvm-1)
2022-04-27 14:38:53.835 11 WARNING cinder.scheduler.host_manager [req-efcf92a4-3570-40e5-8a8c-2d68113993ef c43cac8eee13433a86262f94bac03187 - - - -] volume service is down. (host: rack08-server75@lvm-1)
2022-04-27 14:38:56.476 11 WARNING cinder.scheduler.host_manager [req-f6a1ec5e-4be9-45fe-b257-bfcb8842233d c43cac8eee13433a86262f94bac03187 - - - -] volume service is down. (host: rack08-server75@lvm-1)
2022-04-27 14:39:08.824 11 WARNING cinder.scheduler.host_manager [req-1558fb29-fd35-4749-b882-b886a4cdf83c c43cac8eee13433a86262f94bac03187 - - - -] volume service is down. (host: rack08-server75@lvm-1)
2022-04-27 14:39:08.832 11 WARNING cinder.scheduler.host_manager [req-1558fb29-fd35-4749-b882-b886a4cdf83c c43cac8eee13433a86262f94bac03187 - - - -] volume service is down. (host: rack08-server75@lvm-1)
2022-04-27 14:39:10.409 11 WARNING cinder.scheduler.host_manager [req-138dcdad-181d-46ef-bdea-1685c6ef6a0d c43cac8eee13433a86262f94bac03187 - - - -] volume service is down. (host: rack08-server75@lvm-1)
2022-04-27 14:39:22.850 11 WARNING cinder.scheduler.host_manager [req-6eac0421-3aa3-42d9-bb80-79dc47ea4247 df472024a593489fb687bb7241369a92 - - - -] volume service is down. (host: rack08-server75@lvm-1)
2022-04-27 14:39:22.857 11 WARNING cinder.scheduler.host_manager [req-6eac0421-3aa3-42d9-bb80-79dc47ea4247 df472024a593489fb687bb7241369a92 - - - -] volume service is down. (host: rack08-server75@lvm-1)
2022-04-27 14:39:24.079 11 WARNING cinder.scheduler.host_manager [req-e226ba0a-9779-4f9a-966d-d8ca42739809 df472024a593489fb687bb7241369a92 - - - -] volume service is down. (host: rack08-server75@lvm-1)
2022-04-27 14:39:24.088 11 WARNING cinder.scheduler.host_manager [req-e226ba0a-9779-4f9a-966d-d8ca42739809 df472024a593489fb687bb7241369a92 - - - -] volume service is down. (host: rack08-server75@lvm-1)
2022-04-27 14:39:25.683 11 WARNING cinder.scheduler.host_manager [req-5027f498-69e5-458c-b212-1f56425fbd61 df472024a593489fb687bb7241369a92 - - - -] volume service is down. (host: rack08-server75@lvm-1)
2022-04-27 14:39:31.067 11 WARNING cinder.scheduler.host_manager [req-61d21f0a-5b21-44ef-9a42-ec2e5170f4f4 df472024a593489fb687bb7241369a92 - - - -] volume service is down. (host: rack08-server75@lvm-1)
2022-04-27 14:39:31.075 11 WARNING cinder.scheduler.host_manager [req-61d21f0a-5b21-44ef-9a42-ec2e5170f4f4 df472024a593489fb687bb7241369a92 - - - -] volume service is down. (host: rack08-server75@lvm-1)
2022-04-27 14:39:32.611 11 WARNING cinder.scheduler.host_manager [req-afefa05f-21ee-4957-8c45-b19350873cb5 df472024a593489fb687bb7241369a92 - - - -] volume service is down. (host: rack08-server75@lvm-1)
2022-04-27 14:39:35.218 11 WARNING cinder.scheduler.host_manager [req-28c626c6-1b27-4245-abcd-8c74d4afc520 df472024a593489fb687bb7241369a92 - - - -] volume service is down. (host: rack08-server75@lvm-1)
2022-04-27 14:39:46.067 11 WARNING cinder.scheduler.host_manager [req-cab60473-bc0f-4f35-93b1-b13be56b1e60 a9d6fc6175af447bba4ed6e88d8dc23d - - - -] volume service is down. (host: rack08-server75@lvm-1)
2022-04-27 14:39:46.073 11 WARNING cinder.scheduler.host_manager [req-cab60473-bc0f-4f35-93b1-b13be56b1e60 a9d6fc6175af447bba4ed6e88d8dc23d - - - -] volume service is down. (host: rack08-server75@lvm-1)
2022-04-27 14:39:57.514 11 WARNING cinder.scheduler.host_manager [req-92c66452-d191-4b0b-b95e-7e646148c43b 3d6a6cc34933449694072c33d5502323 - - - -] volume service is down. (host: rack08-server75@lvm-1)
2022-04-27 14:40:01.297 11 WARNING cinder.scheduler.host_manager [req-b450972c-67b7-4b3b-83b0-01625117532d 3d6a6cc34933449694072c33d5502323 - - - -] volume service is down. (host: rack08-server75@lvm-1)
2022-04-27 14:40:13.668 11 WARNING cinder.scheduler.host_manager [req-f29b08c1-1d17-4048-b812-c08272480c88 8c91aa3836d04a24ba2450d013aba984 - - - -] volume service is down. (host: rack08-server75@lvm-1)
2022-04-27 14:40:28.445 11 WARNING cinder.scheduler.host_manager [req-f6f655fb-baa9-4f46-b28e-2b5d0739c19a ead255d464bd44f981e31ce29c46b261 - - - -] volume service is down. (host: rack08-server75@lvm-1)
2022-04-27 14:40:30.796 11 WARNING cinder.scheduler.host_manager [req-afba952b-3f16-494c-a5b6-28f05ca95aec ead255d464bd44f981e31ce29c46b261 - - - -] volume service is down. (host: rack08-server75@lvm-1)
2022-04-27 14:40:55.118 11 WARNING cinder.scheduler.host_manager [req-6c7ecbab-f01d-4183-8fe3-d65f1442779a f28fee9bcd714882a4afbd2251f397f3 - - - -] volume service is down. (host: rack08-server75@lvm-1)
2022-04-27 14:41:13.825 11 WARNING cinder.scheduler.host_manager [req-eec2262e-caab-403a-9952-2350e070912a 8ff59cfe55044bcd9a91ffb9d0e6be4b - - - -] volume service is down. (host: rack08-server75@lvm-1)
2022-04-27 14:41:19.385 11 WARNING cinder.scheduler.host_manager [req-2c7a4b2d-74c7-49b5-b400-d5968fdf81c9 8ff59cfe55044bcd9a91ffb9d0e6be4b - - - -] volume service is down. (host: rack08-server75@lvm-1)
2022-04-27 14:41:30.589 11 WARNING cinder.scheduler.host_manager [req-7917521e-4383-4b61-b786-387abc2b6836 59f87f757a984b679e55163a1a05d198 - - - -] volume service is down. (host: rack08-server75@lvm-1)
2022-04-27 14:41:34.395 11 WARNING cinder.scheduler.host_manager [req-f5581c68-381d-4a7e-89f7-700a8fa182a9 f9390084ae2f4535b2bf35183210d7d0 - - - -] volume service is down. (host: rack08-server75@lvm-1)
2022-04-27 14:41:37.334 11 WARNING cinder.scheduler.host_manager [req-e92d5be5-9fa0-46b4-9515-536768bd82a2 f9390084ae2f4535b2bf35183210d7d0 - - - -] volume service is down. (host: rack08-server75@lvm-1)
2022-04-27 14:41:39.894 11 WARNING cinder.scheduler.host_manager [req-b9c82472-05d5-43fc-b83b-8a5ea4cecdcb f9390084ae2f4535b2bf35183210d7d0 - - - -] volume service is down. (host: rack08-server75@lvm-1)
2022-04-27 14:41:41.539 11 WARNING cinder.scheduler.host_manager [req-8414f80a-83c2-4505-9ab7-df2b3a1aad1b 59f87f757a984b679e55163a1a05d198 - - - -] volume service is down. (host: rack08-server75@lvm-1)
2022-04-27 14:41:51.531 11 WARNING cinder.scheduler.host_manager [req-0f79872d-d243-4e6b-a4e3-2eabab5a6954 510e539fdf7c46f28c6a94c23c8230f4 - - - -] volume service is down. (host: rack08-server75@lvm-1)
2022-04-27 14:41:55.764 11 WARNING cinder.scheduler.host_manager [req-95dd2821-b163-4d74-bc8c-e6462c9f80a7 59f87f757a984b679e55163a1a05d198 - - - -] volume service is down. (host: rack08-server75@lvm-1)
2022-04-27 14:41:58.275 11 WARNING cinder.scheduler.host_manager [req-15d00edf-3174-4218-ab74-713eef36d7c5 59f87f757a984b679e55163a1a05d198 - - - -] volume service is down. (host: rack08-server75@lvm-1)
2022-04-27 14:42:06.294 11 WARNING cinder.scheduler.host_manager [req-2ac08f9e-5bc6-4eff-83b9-58e81bac797f aa37df5e41354aa881329e3ca24b76b7 - - - -] volume service is down. (host: rack08-server75@lvm-1)
2022-04-27 14:42:09.679 11 WARNING cinder.scheduler.host_manager [req-4f21bb86-c6b2-422c-bee9-fe806e99e06e 2bc6396ad78d4116ae77151951c382fd - - - -] volume service is down. (host: rack08-server75@lvm-1)
2022-04-27 14:42:18.213 11 WARNING cinder.scheduler.host_manager [req-de107ae6-69a8-49bf-8626-88b9eac6ef47 3be04f2da74b40a3b307bf3b2349b330 - - - -] volume service is down. (host: rack08-server75@lvm-1)
2022-04-27 14:44:04.952 11 WARNING cinder.scheduler.host_manager [req-86ab9fc3-e1d1-421e-b95e-e4985b807e26 510e539fdf7c46f28c6a94c23c8230f4 - - - -] volume service is down. (host: rack08-server75@lvm-1)
2022-04-27 14:45:15.273 11 WARNING cinder.scheduler.host_manager [req-44462b7e-f89f-4458-bea6-9dc9cf200669 aa37df5e41354aa881329e3ca24b76b7 - - - -] volume service is down. (host: rack08-server75@lvm-1)
2022-04-27 14:45:16.716 11 WARNING cinder.scheduler.host_manager [req-833203fc-6e58-4662-8402-b2e444f3b5ff 510e539fdf7c46f28c6a94c23c8230f4 - - - -] volume service is down. (host: rack08-server75@lvm-1)
2022-04-27 14:45:22.130 11 WARNING cinder.scheduler.host_manager [req-bd0f8a22-7be7-442b-840f-a0e397793ee7 510e539fdf7c46f28c6a94c23c8230f4 - - - -] volume service is down. (host: rack08-server75@lvm-1)
2022-04-27 14:45:24.436 11 WARNING cinder.scheduler.host_manager [req-8200b764-59b0-4a6d-b8cf-3a8c346d65a3 510e539fdf7c46f28c6a94c23c8230f4 - - - -] volume service is down. (host: rack08-server75@lvm-1)
2022-04-27 14:46:16.511 11 WARNING cinder.scheduler.host_manager [req-3f3a7d8c-70e1-47be-abbc-57fbe4d2e544 3be04f2da74b40a3b307bf3b2349b330 - - - -] volume service is down. (host: rack08-server75@lvm-1)
2022-04-27 14:48:06.826 11 WARNING cinder.scheduler.host_manager [req-c15d22b2-ff5d-4333-9a84-acb0e8769df8 510e539fdf7c46f28c6a94c23c8230f4 - - - -] volume service is down. (host: rack08-server75@lvm-1)
2022-04-27 14:48:10.415 11 WARNING cinder.scheduler.host_manager [req-30f249bb-8655-4e64-9913-6285d17b8083 510e539fdf7c46f28c6a94c23c8230f4 - - - -] volume service is down. (host: rack08-server75@lvm-1)
2022-04-27 14:50:22.577 11 WARNING cinder.scheduler.host_manager [req-bb1d3074-1842-48c2-b71c-acd6a8538a14 04ccf4c1606e4b9cbd1ab599dbd34ae6 - - - -] volume service is down. (host: rack08-server75@lvm-1)
2022-04-27 14:50:33.429 11 WARNING cinder.scheduler.host_manager [req-09906852-50e3-4d9c-91d1-6d99b84a7199 04ccf4c1606e4b9cbd1ab599dbd34ae6 - - - -] volume service is down. (host: rack08-server75@lvm-1)
2022-04-27 14:50:35.098 11 WARNING cinder.scheduler.host_manager [req-22b502b0-6cfa-47f1-a6f9-6805bfae3b72 04ccf4c1606e4b9cbd1ab599dbd34ae6 - - - -] volume service is down. (host: rack08-server75@lvm-1)
2022-04-27 14:50:37.467 11 WARNING cinder.scheduler.host_manager [req-3478dca0-4870-4c76-ace5-b064f92acbe5 04ccf4c1606e4b9cbd1ab599dbd34ae6 - - - -] volume service is down. (host: rack08-server75@lvm-1)
2022-04-27 14:50:39.804 11 WARNING cinder.scheduler.host_manager [req-9ea1bc2b-7070-420f-8642-b215b5c26384 04ccf4c1606e4b9cbd1ab599dbd34ae6 - - - -] volume service is down. (host: rack08-server75@lvm-1)
2022-04-27 14:50:48.338 11 WARNING cinder.scheduler.host_manager [req-6c1bf41c-f078-49bd-bc12-90322ceb1866 e4f06028611a421fbd290a9907152912 - - - -] volume service is down. (host: rack08-server75@lvm-1)
2022-04-27 14:50:51.073 11 WARNING cinder.scheduler.host_manager [req-1523d786-98bd-45d8-897f-0246c2d8720d e4f06028611a421fbd290a9907152912 - - - -] volume service is down. (host: rack08-server75@lvm-1)
2022-04-27 14:50:55.933 11 WARNING cinder.scheduler.host_manager [req-c43e972d-9278-475c-b0c5-7f6fd7ea2209 e4f06028611a421fbd290a9907152912 - - - -] volume service is down. (host: rack08-server75@lvm-1)
2022-04-27 14:50:58.522 11 WARNING cinder.scheduler.host_manager [req-049f8ba8-1137-447e-810c-edd86b37d733 e4f06028611a421fbd290a9907152912 - - - -] volume service is down. (host: rack08-server75@lvm-1)
2022-04-27 14:51:02.352 11 WARNING cinder.scheduler.host_manager [req-c65ff874-d982-4348-833d-d61e84fe22f9 e4f06028611a421fbd290a9907152912 - - - -] volume service is down. (host: rack08-server75@lvm-1)
2022-04-27 14:51:07.411 11 WARNING cinder.scheduler.host_manager [req-32744f79-cfdc-486c-aa32-6acaf18368bc e4f06028611a421fbd290a9907152912 - - - -] volume service is down. (host: rack08-server75@lvm-1)
2022-04-27 14:51:16.701 11 WARNING cinder.scheduler.host_manager [req-d32877a1-3e5f-44c5-985d-7f89f3220d41 510e539fdf7c46f28c6a94c23c8230f4 - - - -] volume service is down. (host: rack08-server75@lvm-1)
2022-04-27 14:51:18.600 11 WARNING cinder.scheduler.host_manager [req-0684ea07-bc6e-4782-bd58-56984e36ef72 e4f06028611a421fbd290a9907152912 - - - -] volume service is down. (host: rack08-server75@lvm-1)
2022-04-27 14:51:19.026 11 WARNING cinder.scheduler.host_manager [req-11130988-8f79-4ac2-82be-d19ecb025eb8 510e539fdf7c46f28c6a94c23c8230f4 - - - -] volume service is down. (host: rack08-server75@lvm-1)
2022-04-27 14:52:02.019 11 WARNING cinder.scheduler.host_manager [req-92d7ec66-afa8-4ffd-91c1-eda7646a1e49 53f585078d714f7d92ac34d04b5ad708 - - - -] volume service is down. (host: rack08-server75@lvm-1)
2022-04-27 14:52:04.536 11 WARNING cinder.scheduler.host_manager [req-038570b4-cdc6-4828-9fe2-f1899a074159 53f585078d714f7d92ac34d04b5ad708 - - - -] volume service is down. (host: rack08-server75@lvm-1)
2022-04-27 14:52:11.725 11 WARNING cinder.scheduler.host_manager [req-6204eaf3-d2fb-432c-ab3b-d2e43ddbf435 b1a61398b8b0449e886b162f7c3619cd - - - -] volume service is down. (host: rack08-server75@lvm-1)
2022-04-27 14:52:25.562 11 WARNING cinder.scheduler.host_manager [req-060eda61-f6ec-4546-9781-118c80e550c2 d8f5498fa25d4f9f96b60daf749e809a - - - -] volume service is down. (host: rack08-server75@lvm-1)
2022-04-27 14:52:27.915 11 WARNING cinder.scheduler.host_manager [req-233fd789-3e1d-4de4-b4c8-083153fe402a d8f5498fa25d4f9f96b60daf749e809a - - - -] volume service is down. (host: rack08-server75@lvm-1)
2022-04-27 14:52:30.998 11 WARNING cinder.scheduler.host_manager [req-d037091a-a9a4-4606-96bb-3206810bebd1 d8f5498fa25d4f9f96b60daf749e809a - - - -] volume service is down. (host: rack08-server75@lvm-1)
2022-04-27 14:52:34.558 11 WARNING cinder.scheduler.host_manager [req-ac9d718d-1043-4ed2-8af8-fddc7552d18c d8f5498fa25d4f9f96b60daf749e809a - - - -] volume service is down. (host: rack08-server75@lvm-1)
2022-04-27 14:52:38.120 11 WARNING cinder.scheduler.host_manager [req-c5b41910-3c1e-4459-bc07-2772694d7c6e d8f5498fa25d4f9f96b60daf749e809a - - - -] volume service is down. (host: rack08-server75@lvm-1)
2022-04-27 14:52:41.705 11 WARNING cinder.scheduler.host_manager [req-ef3a41bd-3d07-461f-84bb-5e5ef125e564 d8f5498fa25d4f9f96b60daf749e809a - - - -] volume service is down. (host: rack08-server75@lvm-1)
2022-04-27 14:52:53.822 11 WARNING cinder.scheduler.host_manager [req-c8f9b6f8-9872-4000-af00-ea017d8519aa 8cc5b9442a7d427dadbb3b8b9d2459e2 - - - -] volume service is down. (host: rack08-server75@lvm-1)
2022-04-27 14:52:53.823 11 INFO cinder.scheduler.base_filter [req-c8f9b6f8-9872-4000-af00-ea017d8519aa 8cc5b9442a7d427dadbb3b8b9d2459e2 - - - -] Filtering removed all hosts for the request with volume ID '373750f0-eb8f-4af1-9cc8-19b4eb858f92'. Filter results: AvailabilityZoneFilter: (start: 1, end: 1), CapacityFilter: (start: 1, end: 1), CapabilitiesFilter: (start: 1, end: 0)
2022-04-27 14:52:53.824 11 WARNING cinder.scheduler.filter_scheduler [req-c8f9b6f8-9872-4000-af00-ea017d8519aa 8cc5b9442a7d427dadbb3b8b9d2459e2 - - - -] No weighed backend found for volume with properties: {'id': 'aa92a8f2-e60d-4909-9275-2aad38432ce9', 'name': 'tempest-UserMessagesTest-volume-type-747016368', 'description': None, 'is_public': True, 'projects': [], 'extra_specs': {'storage_protocol': 'tempest-storage_protocol-1060135321', 'vendor_name': 'tempest-vendor_name-882574'}, 'qos_specs_id': None, 'created_at': '2022-04-27T11:52:52.000000', 'updated_at': None, 'deleted_at': None, 'deleted': False}
2022-04-27 14:52:53.824 11 INFO cinder.message.api [req-c8f9b6f8-9872-4000-af00-ea017d8519aa 8cc5b9442a7d427dadbb3b8b9d2459e2 - - - -] Creating message record for request_id = req-c8f9b6f8-9872-4000-af00-ea017d8519aa
2022-04-27 14:52:53.830 11 ERROR cinder.scheduler.flows.create_volume [req-c8f9b6f8-9872-4000-af00-ea017d8519aa 8cc5b9442a7d427dadbb3b8b9d2459e2 - - - -] Failed to run task cinder.scheduler.flows.create_volume.ScheduleCreateVolumeTask;volume:create: No valid backend was found. No weighed backends available: cinder.exception.NoValidBackend: No valid backend was found. No weighed backends available
2022-04-27 14:52:55.629 11 WARNING cinder.scheduler.host_manager [req-49632bca-0950-445d-a292-c74dfb5b3ab0 8cc5b9442a7d427dadbb3b8b9d2459e2 - - - -] volume service is down. (host: rack08-server75@lvm-1)
2022-04-27 14:52:55.630 11 INFO cinder.scheduler.base_filter [req-49632bca-0950-445d-a292-c74dfb5b3ab0 8cc5b9442a7d427dadbb3b8b9d2459e2 - - - -] Filtering removed all hosts for the request with volume ID '09c48dc1-7f45-4b8d-818b-b50d4b6138a2'. Filter results: AvailabilityZoneFilter: (start: 1, end: 1), CapacityFilter: (start: 1, end: 1), CapabilitiesFilter: (start: 1, end: 0)
2022-04-27 14:52:55.631 11 WARNING cinder.scheduler.filter_scheduler [req-49632bca-0950-445d-a292-c74dfb5b3ab0 8cc5b9442a7d427dadbb3b8b9d2459e2 - - - -] No weighed backend found for volume with properties: {'id': 'd44d42b1-907b-4c46-bbc9-a56a5c72bcf3', 'name': 'tempest-UserMessagesTest-volume-type-1081214058', 'description': None, 'is_public': True, 'projects': [], 'extra_specs': {'storage_protocol': 'tempest-storage_protocol-1475275530', 'vendor_name': 'tempest-vendor_name-1203257201'}, 'qos_specs_id': None, 'created_at': '2022-04-27T11:52:55.000000', 'updated_at': None, 'deleted_at': None, 'deleted': False}
2022-04-27 14:52:55.631 11 INFO cinder.message.api [req-49632bca-0950-445d-a292-c74dfb5b3ab0 8cc5b9442a7d427dadbb3b8b9d2459e2 - - - -] Creating message record for request_id = req-49632bca-0950-445d-a292-c74dfb5b3ab0
2022-04-27 14:52:55.637 11 ERROR cinder.scheduler.flows.create_volume [req-49632bca-0950-445d-a292-c74dfb5b3ab0 8cc5b9442a7d427dadbb3b8b9d2459e2 - - - -] Failed to run task cinder.scheduler.flows.create_volume.ScheduleCreateVolumeTask;volume:create: No valid backend was found. No weighed backends available: cinder.exception.NoValidBackend: No valid backend was found. No weighed backends available
2022-04-27 14:53:11.535 11 WARNING cinder.scheduler.host_manager [req-a612456c-ca72-4acd-ab26-9bb0097cd074 a99c67c82a1d447a8ba664dc17c73836 - - - -] volume service is down. (host: rack08-server75@lvm-1)
2022-04-27 14:55:06.292 11 WARNING cinder.scheduler.host_manager [req-8d9b9bd3-81df-49f7-8106-edb0a5a09950 510e539fdf7c46f28c6a94c23c8230f4 - - - -] volume service is down. (host: rack08-server75@lvm-1)
2022-04-27 14:55:08.622 11 WARNING cinder.scheduler.host_manager [req-1cbb1be5-119a-4034-b572-65bfbf4fc549 510e539fdf7c46f28c6a94c23c8230f4 - - - -] volume service is down. (host: rack08-server75@lvm-1)
2022-04-27 14:55:11.180 11 WARNING cinder.scheduler.host_manager [req-068fa053-5754-4bfc-9ef3-612fa8f4844f 510e539fdf7c46f28c6a94c23c8230f4 - - - -] volume service is down. (host: rack08-server75@lvm-1)
2022-04-27 14:55:14.918 11 WARNING cinder.scheduler.host_manager [req-5d7fa82d-c372-4e3c-8413-91591f8ea676 510e539fdf7c46f28c6a94c23c8230f4 - - - -] volume service is down. (host: rack08-server75@lvm-1)
2022-04-27 14:55:17.262 11 WARNING cinder.scheduler.host_manager [req-a0dcc5ea-1c83-41d2-a957-cda5a8ecaab1 510e539fdf7c46f28c6a94c23c8230f4 - - - -] volume service is down. (host: rack08-server75@lvm-1)
2022-04-27 14:55:19.792 11 WARNING cinder.scheduler.host_manager [req-0be01a0f-c832-4401-84cb-cd9dd335f60a 510e539fdf7c46f28c6a94c23c8230f4 - - - -] volume service is down. (host: rack08-server75@lvm-1)
2022-04-27 14:55:34.366 11 WARNING cinder.scheduler.host_manager [req-f8568195-ca7a-4239-bb94-d02e6122611c 294bd76929f447319ba171129f571674 - - - -] volume service is down. (host: rack08-server75@lvm-1)
2022-04-27 14:55:36.731 11 WARNING cinder.scheduler.host_manager [req-fa3bf2a4-c280-404a-a0c2-3a2570286977 294bd76929f447319ba171129f571674 - - - -] volume service is down. (host: rack08-server75@lvm-1)
2022-04-27 14:56:11.726 11 WARNING cinder.scheduler.host_manager [req-8d6c0a50-6064-4d55-8c43-5da795e19bc8 bba9affb9d234a389a31ff0018a23a12 - - - -] volume service is down. (host: rack08-server75@lvm-1)
2022-04-27 14:57:13.015 11 WARNING cinder.scheduler.host_manager [req-a0db1a75-4a44-4f5b-a54f-5226ad170fcb bba9affb9d234a389a31ff0018a23a12 - - - -] volume service is down. (host: rack08-server75@lvm-1)
2022-04-27 14:57:15.795 11 WARNING cinder.scheduler.host_manager [req-67fa1a01-3753-4535-b450-d516a5db39b8 bba9affb9d234a389a31ff0018a23a12 - - - -] volume service is down. (host: rack08-server75@lvm-1)
2022-04-27 14:57:19.649 11 WARNING cinder.scheduler.host_manager [req-d049161d-9c67-4fe3-ba1e-81224b1bb806 bba9affb9d234a389a31ff0018a23a12 - - - -] volume service is down. (host: rack08-server75@lvm-1)
2022-04-27 14:57:23.448 11 WARNING cinder.scheduler.host_manager [req-3813e0e2-bcbb-4cdb-b9c7-fcb86dd2a8b0 bba9affb9d234a389a31ff0018a23a12 - - - -] volume service is down. (host: rack08-server75@lvm-1)
2022-04-27 14:57:27.236 11 WARNING cinder.scheduler.host_manager [req-28fcf086-fb1a-4ab7-8a65-6145bbd09759 bba9affb9d234a389a31ff0018a23a12 - - - -] volume service is down. (host: rack08-server75@lvm-1)
2022-04-27 14:57:39.093 11 WARNING cinder.scheduler.host_manager [req-283557e8-ab4c-4c0c-b052-516f2b34f50e 6304f77c57ee4187b8983210ed250058 - - - -] volume service is down. (host: rack08-server75@lvm-1)
2022-04-27 14:57:41.464 11 WARNING cinder.scheduler.host_manager [req-25c5508c-c3cc-46af-bd85-b6cdf8f1477f 6304f77c57ee4187b8983210ed250058 - - - -] volume service is down. (host: rack08-server75@lvm-1)
2022-04-27 14:57:56.442 11 WARNING cinder.scheduler.host_manager [req-46f0ecb0-2583-4746-a96d-f85b95f78da8 c0c7498b7a8c497780697d81059c2e33 - - - -] volume service is down. (host: rack08-server75@lvm-1)
2022-04-27 14:58:01.958 11 WARNING cinder.scheduler.host_manager [req-85975dc7-5250-44ff-a2b2-4bf57ac700b4 c0c7498b7a8c497780697d81059c2e33 - - - -] volume service is down. (host: rack08-server75@lvm-1)
2022-04-27 14:58:09.739 11 WARNING cinder.scheduler.host_manager [req-2137fbe3-0c00-4984-abd0-86a7bc35b55f 4264e7b9db524adaae026b1050b83913 - - - -] volume service is down. (host: rack08-server75@lvm-1)
2022-04-27 15:02:05.205 11 WARNING cinder.scheduler.host_manager [req-a7b59c36-bc04-4e73-bb25-3c79616428d1 80c445235e224826bcc2e5be8a772649 - - - -] volume service is down. (host: rack08-server75@lvm-1)
2022-04-27 15:02:07.567 11 WARNING cinder.scheduler.host_manager [req-1bdfef54-e537-49b6-b40b-525459788777 80c445235e224826bcc2e5be8a772649 - - - -] volume service is down. (host: rack08-server75@lvm-1)
2022-04-27 15:02:09.880 11 WARNING cinder.scheduler.host_manager [req-bfb4f955-9ff7-479d-af79-7c77055470c0 80c445235e224826bcc2e5be8a772649 - - - -] volume service is down. (host: rack08-server75@lvm-1)
2022-04-27 15:02:12.607 11 WARNING cinder.scheduler.host_manager [req-cc2deb61-b4f5-4881-9f9e-0bdf84ef544b 80c445235e224826bcc2e5be8a772649 - - - -] volume service is down. (host: rack08-server75@lvm-1)
2022-04-27 15:02:28.786 11 WARNING cinder.scheduler.host_manager [req-8c59d524-b9c1-4506-94f9-fa52c1f2be59 86d63799c9504be6ab4abd73781dfae1 - - - -] volume service is down. (host: rack08-server75@lvm-1)
2022-04-27 15:02:29.003 11 WARNING cinder.scheduler.host_manager [req-599c8262-6ed9-451d-ae38-79c6c68999e1 174b1dce0eaa4de7b90e2d5456332399 - - - -] volume service is down. (host: rack08-server75@lvm-1)
2022-04-27 15:02:29.528 11 WARNING cinder.scheduler.host_manager [req-8a2fa171-d541-4edd-adcc-93b36264d60a 174b1dce0eaa4de7b90e2d5456332399 - - - -] volume service is down. (host: rack08-server75@lvm-1)
2022-04-27 15:02:30.041 11 WARNING cinder.scheduler.host_manager [req-0154ce58-cf1c-4fe2-8005-964b8f23a76a 174b1dce0eaa4de7b90e2d5456332399 - - - -] volume service is down. (host: rack08-server75@lvm-1)
2022-04-27 15:02:30.505 11 WARNING cinder.scheduler.host_manager [req-623144cd-fd07-46f6-9955-322ffdc4fade 174b1dce0eaa4de7b90e2d5456332399 - - - -] volume service is down. (host: rack08-server75@lvm-1)
2022-04-27 15:02:31.009 11 WARNING cinder.scheduler.host_manager [req-76757864-5525-40fd-9ddf-652180eb72c4 174b1dce0eaa4de7b90e2d5456332399 - - - -] volume service is down. (host: rack08-server75@lvm-1)
2022-04-27 15:02:31.414 11 WARNING cinder.scheduler.host_manager [req-ff012e38-6187-4b0c-bbd2-aea533f68be2 86d63799c9504be6ab4abd73781dfae1 - - - -] volume service is down. (host: rack08-server75@lvm-1)
2022-04-27 15:02:33.804 11 WARNING cinder.scheduler.host_manager [req-9fa6c9a0-27e7-461d-8686-cf0823e81702 86d63799c9504be6ab4abd73781dfae1 - - - -] volume service is down. (host: rack08-server75@lvm-1)
