Build Started 27_10_2022_14_51_52
2022-10-27 14:53:55.307 7 WARNING cinder.scheduler.host_manager [None req-f96085be-2cad-4ea6-8e07-0ec614484516 542ccd5b407f4cd082f76a6b74fc58aa 19c7d1222c9f457faba5404ded7c5231 - - - -] volume service is down. (host: rack05-server64@lvm-1)
2022-10-27 14:53:56.342 7 WARNING cinder.scheduler.host_manager [req-024de3fd-4617-44ea-bda6-f8aa9c84bbb5 req-af9105e2-68b9-48f9-8a5f-8d10b7981b28 01f484f9acd341b09d3755701135bdcf 59cce824f1894b499314c458c618e52f - - - -] volume service is down. (host: rack05-server64@lvm-1)
2022-10-27 14:53:57.244 7 WARNING cinder.scheduler.host_manager [None req-5468f630-012d-44b5-b215-4e72e1408952 4dc55b1083834944b1af3eae8f613f30 8a9c49ca94754d52bc13f6057d1d5eac - - - -] volume service is down. (host: rack05-server64@lvm-1)
2022-10-27 14:53:57.251 7 WARNING cinder.scheduler.host_manager [None req-5468f630-012d-44b5-b215-4e72e1408952 4dc55b1083834944b1af3eae8f613f30 8a9c49ca94754d52bc13f6057d1d5eac - - - -] volume service is down. (host: rack05-server64@lvm-1)
2022-10-27 14:53:58.679 7 WARNING cinder.scheduler.host_manager [None req-e69e8b81-1680-4709-ab95-a47424d03015 4dc55b1083834944b1af3eae8f613f30 8a9c49ca94754d52bc13f6057d1d5eac - - - -] volume service is down. (host: rack05-server64@lvm-1)
2022-10-27 14:53:59.253 7 WARNING cinder.scheduler.host_manager [req-acb7d9e6-e61d-41a7-9dd3-d9d984ba91dd req-0fb93680-b562-42e8-87fe-d4ca9cb1cd33 01f484f9acd341b09d3755701135bdcf 59cce824f1894b499314c458c618e52f - - - -] volume service is down. (host: rack05-server64@lvm-1)
2022-10-27 14:54:03.445 7 WARNING cinder.scheduler.host_manager [None req-f6aeb4d9-9175-4b48-b453-399399d0e6b3 4dc55b1083834944b1af3eae8f613f30 8a9c49ca94754d52bc13f6057d1d5eac - - - -] volume service is down. (host: rack05-server64@lvm-1)
2022-10-27 14:54:06.623 7 WARNING cinder.scheduler.host_manager [req-d0ab8505-f3e8-41e3-b23a-ffd6b56623c0 req-5b8730e7-45db-497c-9ff3-b71226f2ec7f d58b40ba2404434bb45285f7c3912ec3 cf53f695366f4a43898d030780986d8e - - - -] volume service is down. (host: rack05-server64@lvm-1)
2022-10-27 14:54:10.290 7 WARNING cinder.scheduler.host_manager [None req-a41941b1-5282-4347-a92b-f1a0f3965c5e 4dc55b1083834944b1af3eae8f613f30 8a9c49ca94754d52bc13f6057d1d5eac - - - -] volume service is down. (host: rack05-server64@lvm-1)
2022-10-27 14:54:10.297 7 WARNING cinder.scheduler.host_manager [None req-a41941b1-5282-4347-a92b-f1a0f3965c5e 4dc55b1083834944b1af3eae8f613f30 8a9c49ca94754d52bc13f6057d1d5eac - - - -] volume service is down. (host: rack05-server64@lvm-1)
2022-10-27 14:54:11.732 7 WARNING cinder.scheduler.host_manager [None req-dd1eab8d-49ab-4c65-9a03-2a68cd49e43c 4dc55b1083834944b1af3eae8f613f30 8a9c49ca94754d52bc13f6057d1d5eac - - - -] volume service is down. (host: rack05-server64@lvm-1)
2022-10-27 14:54:12.109 7 WARNING cinder.scheduler.host_manager [None req-c931e6a8-2606-4f18-a93c-285dc5f99ade 6914fb8cbeb14aa2a1d6bdcf704368f3 d06f72dfc7d9443fafec8b4d682275f3 - - - -] volume service is down. (host: rack05-server64@lvm-1)
2022-10-27 14:54:14.232 7 WARNING cinder.scheduler.host_manager [None req-24e75e34-9ab0-4ae4-82f5-96fa558f3a49 4dc55b1083834944b1af3eae8f613f30 8a9c49ca94754d52bc13f6057d1d5eac - - - -] volume service is down. (host: rack05-server64@lvm-1)
2022-10-27 14:54:14.592 7 WARNING cinder.scheduler.host_manager [None req-32084016-152f-4de3-8a07-0560bb2e7999 6914fb8cbeb14aa2a1d6bdcf704368f3 d06f72dfc7d9443fafec8b4d682275f3 - - - -] volume service is down. (host: rack05-server64@lvm-1)
2022-10-27 14:54:17.086 7 WARNING cinder.scheduler.host_manager [None req-ed800b42-a05e-4a62-8b06-8096ad4e483c 6914fb8cbeb14aa2a1d6bdcf704368f3 d06f72dfc7d9443fafec8b4d682275f3 - - - -] volume service is down. (host: rack05-server64@lvm-1)
2022-10-27 14:54:25.338 7 WARNING cinder.scheduler.host_manager [None req-55589d78-5944-4602-976b-f7e98e6037d2 542ccd5b407f4cd082f76a6b74fc58aa 19c7d1222c9f457faba5404ded7c5231 - - - -] volume service is down. (host: rack05-server64@lvm-1)
2022-10-27 14:54:27.644 7 WARNING cinder.scheduler.host_manager [None req-53bbcdaf-b925-4c0d-ae56-545b6e7b9e35 4dc55b1083834944b1af3eae8f613f30 8a9c49ca94754d52bc13f6057d1d5eac - - - -] volume service is down. (host: rack05-server64@lvm-1)
2022-10-27 14:54:27.651 7 WARNING cinder.scheduler.host_manager [None req-53bbcdaf-b925-4c0d-ae56-545b6e7b9e35 4dc55b1083834944b1af3eae8f613f30 8a9c49ca94754d52bc13f6057d1d5eac - - - -] volume service is down. (host: rack05-server64@lvm-1)
2022-10-27 14:54:27.758 7 WARNING cinder.scheduler.host_manager [None req-64f46f8c-0404-4c9a-bded-4b932d7fc949 4ac4bd97f9ca4208a78efb704c0924e5 b5e7e8cb4eb0408d99b5971aff0bffd4 - - - -] volume service is down. (host: rack05-server64@lvm-1)
2022-10-27 14:54:27.802 7 WARNING cinder.scheduler.host_manager [None req-bff06382-d279-482c-ae65-438b308f50fa 4ac4bd97f9ca4208a78efb704c0924e5 b5e7e8cb4eb0408d99b5971aff0bffd4 - - - -] volume service is down. (host: rack05-server64@lvm-1)
2022-10-27 14:54:29.033 7 WARNING cinder.scheduler.host_manager [None req-fadb7f7b-b426-4c5a-8916-30f148fbe2e4 4dc55b1083834944b1af3eae8f613f30 8a9c49ca94754d52bc13f6057d1d5eac - - - -] volume service is down. (host: rack05-server64@lvm-1)
2022-10-27 14:54:37.770 7 WARNING cinder.scheduler.host_manager [None req-caa22b42-faec-4cd3-97fa-041bb4e9dcce 50367335bdb04cb38844a88b83b55894 9c6e418c154147ecbd0eada20947d2e2 - - - -] volume service is down. (host: rack05-server64@lvm-1)
2022-10-27 14:54:37.777 7 WARNING cinder.scheduler.host_manager [None req-caa22b42-faec-4cd3-97fa-041bb4e9dcce 50367335bdb04cb38844a88b83b55894 9c6e418c154147ecbd0eada20947d2e2 - - - -] volume service is down. (host: rack05-server64@lvm-1)
2022-10-27 14:54:39.185 7 WARNING cinder.scheduler.host_manager [None req-92695910-5670-44c6-b152-307ee4f26fb4 50367335bdb04cb38844a88b83b55894 9c6e418c154147ecbd0eada20947d2e2 - - - -] volume service is down. (host: rack05-server64@lvm-1)
2022-10-27 14:54:40.533 7 WARNING cinder.scheduler.host_manager [None req-051863db-570c-495a-aed2-ab7b4a045ea4 7647ded7e2644522b81c5ffbb08fa3a3 735bde71a58d4439a8e4f81c730456f7 - - - -] volume service is down. (host: rack05-server64@lvm-1)
2022-10-27 14:54:41.538 7 WARNING cinder.scheduler.host_manager [None req-05eaf9a3-7178-4a6b-92df-e6061c1f62df 50367335bdb04cb38844a88b83b55894 9c6e418c154147ecbd0eada20947d2e2 - - - -] volume service is down. (host: rack05-server64@lvm-1)
2022-10-27 14:54:42.872 7 WARNING cinder.scheduler.host_manager [None req-b4799079-3675-4aa7-b82a-2e116f639208 7647ded7e2644522b81c5ffbb08fa3a3 735bde71a58d4439a8e4f81c730456f7 - - - -] volume service is down. (host: rack05-server64@lvm-1)
2022-10-27 14:54:45.465 7 WARNING cinder.scheduler.host_manager [None req-0e3d2c93-1dcd-4950-871a-117f51ad9413 7647ded7e2644522b81c5ffbb08fa3a3 735bde71a58d4439a8e4f81c730456f7 - - - -] volume service is down. (host: rack05-server64@lvm-1)
2022-10-27 14:54:49.020 7 WARNING cinder.scheduler.host_manager [None req-3c9195b8-cc0c-434a-8938-3783d8fc286c 7647ded7e2644522b81c5ffbb08fa3a3 735bde71a58d4439a8e4f81c730456f7 - - - -] volume service is down. (host: rack05-server64@lvm-1)
2022-10-27 14:54:52.556 7 WARNING cinder.scheduler.host_manager [None req-9c45a9c7-a603-46a9-bd73-d747ae4d4278 7647ded7e2644522b81c5ffbb08fa3a3 735bde71a58d4439a8e4f81c730456f7 - - - -] volume service is down. (host: rack05-server64@lvm-1)
2022-10-27 14:54:56.162 7 WARNING cinder.scheduler.host_manager [None req-60c1ba64-f9dd-4e77-9612-ec29b3001035 7647ded7e2644522b81c5ffbb08fa3a3 735bde71a58d4439a8e4f81c730456f7 - - - -] volume service is down. (host: rack05-server64@lvm-1)
2022-10-27 14:55:01.495 7 WARNING cinder.scheduler.host_manager [None req-4cea2742-8a18-4294-83f1-eb0b35a03179 f93d1b104f7e45b988bd9df63e9c9437 98be0a9e4a094186843ce932020eef99 - - - -] volume service is down. (host: rack05-server64@lvm-1)
2022-10-27 14:55:04.087 7 WARNING cinder.scheduler.host_manager [None req-9f4f2bea-ecd9-41b5-9289-321c8c8957a0 f93d1b104f7e45b988bd9df63e9c9437 98be0a9e4a094186843ce932020eef99 - - - -] volume service is down. (host: rack05-server64@lvm-1)
2022-10-27 14:55:11.529 7 WARNING cinder.scheduler.host_manager [None req-ce8556b6-f3a4-437c-b280-41e0e410be71 e8b1ace098e646d2a4f6e78fec1c5f4f ce447235486f418db5dd4ec895154945 - - - -] volume service is down. (host: rack05-server64@lvm-1)
2022-10-27 14:55:16.673 7 WARNING cinder.scheduler.host_manager [None req-8404d8e4-e3ce-45fe-8335-dd440fca851d 59361a53588f421c96241744ec409e74 cc1c3c86a9ba44fda2559574cd578d2d - - - -] volume service is down. (host: rack05-server64@lvm-1)
2022-10-27 14:55:19.123 7 WARNING cinder.scheduler.host_manager [None req-3205f474-1e85-4bb3-a6b6-11312251f5b3 59361a53588f421c96241744ec409e74 cc1c3c86a9ba44fda2559574cd578d2d - - - -] volume service is down. (host: rack05-server64@lvm-1)
2022-10-27 14:55:26.726 7 WARNING cinder.scheduler.host_manager [None req-0639af07-cbd5-41d9-b27d-0a6f10932289 9e07039d97f6475fb7369692daf6c797 a4f7251d8921415e9555edee6fbb70e2 - - - -] volume service is down. (host: rack05-server64@lvm-1)
2022-10-27 14:55:30.522 7 WARNING cinder.scheduler.host_manager [None req-24b29b53-d2f7-481b-b088-dbf87bc59ae2 75cb255bc78b4b9d9cce6ed01c958429 4080e8f016c644979296e9a3db57db11 - - - -] volume service is down. (host: rack05-server64@lvm-1)
2022-10-27 14:55:36.385 7 WARNING cinder.scheduler.host_manager [None req-1dd1de47-574e-424f-a028-29374fd66aa3 75cb255bc78b4b9d9cce6ed01c958429 4080e8f016c644979296e9a3db57db11 - - - -] volume service is down. (host: rack05-server64@lvm-1)
2022-10-27 14:55:38.723 7 WARNING cinder.scheduler.host_manager [None req-31d84503-7487-49a5-93bb-bc82bd80a330 542ccd5b407f4cd082f76a6b74fc58aa 19c7d1222c9f457faba5404ded7c5231 - - - -] volume service is down. (host: rack05-server64@lvm-1)
2022-10-27 14:55:40.101 7 WARNING cinder.scheduler.host_manager [None req-1ad056d5-b906-47ef-91b9-dd532ca495df 75cb255bc78b4b9d9cce6ed01c958429 4080e8f016c644979296e9a3db57db11 - - - -] volume service is down. (host: rack05-server64@lvm-1)
2022-10-27 14:55:44.245 7 WARNING cinder.scheduler.host_manager [None req-836aa987-2fc3-4aa8-8a67-80adc5d0473b 75cb255bc78b4b9d9cce6ed01c958429 4080e8f016c644979296e9a3db57db11 - - - -] volume service is down. (host: rack05-server64@lvm-1)
2022-10-27 14:55:47.985 7 WARNING cinder.scheduler.host_manager [None req-b8c9472a-a7fb-45ae-916f-9b5db8368e49 75cb255bc78b4b9d9cce6ed01c958429 4080e8f016c644979296e9a3db57db11 - - - -] volume service is down. (host: rack05-server64@lvm-1)
2022-10-27 14:55:48.857 7 WARNING cinder.scheduler.host_manager [None req-bad3e346-c21e-4514-b24e-48cf1efc9c0f e075603b4f194c12897cd6a9940800d5 5443620e560a404a96b321c22c6c3a17 - - - -] volume service is down. (host: rack05-server64@lvm-1)
2022-10-27 14:55:51.182 7 WARNING cinder.scheduler.host_manager [None req-a5792c3b-7aa0-4e32-ad57-4e07c27f7d26 e075603b4f194c12897cd6a9940800d5 5443620e560a404a96b321c22c6c3a17 - - - -] volume service is down. (host: rack05-server64@lvm-1)
2022-10-27 14:55:51.654 7 WARNING cinder.scheduler.host_manager [None req-5f77ecef-07b9-4e0e-85f2-fadaae76ffe7 75cb255bc78b4b9d9cce6ed01c958429 4080e8f016c644979296e9a3db57db11 - - - -] volume service is down. (host: rack05-server64@lvm-1)
2022-10-27 14:55:57.345 7 WARNING cinder.scheduler.host_manager [req-38da46b9-0d46-43b0-b92b-7d55a41331b4 req-e76496bc-2e87-4889-a032-7a82c828cb1c 542ccd5b407f4cd082f76a6b74fc58aa 19c7d1222c9f457faba5404ded7c5231 - - - -] volume service is down. (host: rack05-server64@lvm-1)
2022-10-27 14:56:00.598 7 WARNING cinder.scheduler.host_manager [None req-edf756ac-5e5f-4655-99e4-bec877b078f2 9591fd11a4514616abbcff6994f5e190 e7991cc6a07f48b1a4fbb499795109b9 - - - -] volume service is down. (host: rack05-server64@lvm-1)
2022-10-27 14:56:00.713 7 WARNING cinder.scheduler.host_manager [None req-062507d4-57d3-4dcd-9429-b6f3190e5673 9201e88d8c8d4ab382975d1671527fe0 8d023e83b62c48a8a86185b0ffc7176f - - - -] volume service is down. (host: rack05-server64@lvm-1)
2022-10-27 14:56:07.430 7 WARNING cinder.scheduler.host_manager [None req-b8f892c7-b0e4-44e0-8085-5552e72f5efe a6dbf303f2ba4d9a8089369b61f1e346 4686edb542ce439d90fbb3a373200ca9 - - - -] volume service is down. (host: rack05-server64@lvm-1)
2022-10-27 14:56:17.215 7 WARNING cinder.scheduler.host_manager [None req-d0f90f2a-fef2-4c60-833d-031fd3c9fadb 3608c5e3663f4fc4831b36738df7dc00 f872d4adb67a48d7bcbfb39e9e3ca3f6 - - - -] volume service is down. (host: rack05-server64@lvm-1)
2022-10-27 14:56:19.385 7 WARNING cinder.scheduler.host_manager [None req-d34e63a3-9862-407d-af6e-1f14c9231388 c62f884d57f7456297613afa8d710a28 6a096329555d49d3a915c8872f784177 - - - -] volume service is down. (host: rack05-server64@lvm-1)
2022-10-27 14:56:21.007 7 WARNING cinder.scheduler.host_manager [None req-96a29465-2346-435c-8372-dad6c45723ae 3608c5e3663f4fc4831b36738df7dc00 f872d4adb67a48d7bcbfb39e9e3ca3f6 - - - -] volume service is down. (host: rack05-server64@lvm-1)
2022-10-27 14:56:21.714 7 WARNING cinder.scheduler.host_manager [None req-b42c82af-7790-4733-b09f-a3a30b1109b9 c62f884d57f7456297613afa8d710a28 6a096329555d49d3a915c8872f784177 - - - -] volume service is down. (host: rack05-server64@lvm-1)
2022-10-27 14:56:23.990 7 WARNING cinder.scheduler.host_manager [None req-27487691-314c-48d0-a6be-0169957e5afc c62f884d57f7456297613afa8d710a28 6a096329555d49d3a915c8872f784177 - - - -] volume service is down. (host: rack05-server64@lvm-1)
2022-10-27 14:56:27.639 7 WARNING cinder.scheduler.host_manager [None req-79114fca-ae10-45c0-ba71-809bbed7fecd c62f884d57f7456297613afa8d710a28 6a096329555d49d3a915c8872f784177 - - - -] volume service is down. (host: rack05-server64@lvm-1)
2022-10-27 14:56:28.279 7 WARNING cinder.scheduler.host_manager [None req-422e3a01-dda6-4e43-9eb0-64d45d723470 f3cd1552bd9240fd8eee4d8687b95d3a e3afb4fdce744bd4a3ff3d9f2afffdc5 - - - -] volume service is down. (host: rack05-server64@lvm-1)
2022-10-27 14:56:29.939 7 WARNING cinder.scheduler.host_manager [None req-c516b218-5a5c-4917-acaa-83ee5de0faa2 c62f884d57f7456297613afa8d710a28 6a096329555d49d3a915c8872f784177 - - - -] volume service is down. (host: rack05-server64@lvm-1)
2022-10-27 14:56:32.367 7 WARNING cinder.scheduler.host_manager [None req-0e604c8e-ce61-401c-a4d4-6b1358f9e75f c62f884d57f7456297613afa8d710a28 6a096329555d49d3a915c8872f784177 - - - -] volume service is down. (host: rack05-server64@lvm-1)
2022-10-27 14:56:33.240 7 WARNING cinder.scheduler.host_manager [None req-a3e70de5-0f7e-481c-9ea1-816b3cbab388 5576738ee33d4bee896750bf08213882 eeefd09aaaaa484f81f2b3146545e9a3 - - - -] volume service is down. (host: rack05-server64@lvm-1)
2022-10-27 14:56:33.246 7 WARNING cinder.scheduler.host_manager [None req-a3e70de5-0f7e-481c-9ea1-816b3cbab388 5576738ee33d4bee896750bf08213882 eeefd09aaaaa484f81f2b3146545e9a3 - - - -] volume service is down. (host: rack05-server64@lvm-1)
2022-10-27 14:56:34.449 7 WARNING cinder.scheduler.host_manager [None req-3c352ab2-1eb2-4be8-a41b-15199f7632dd 5576738ee33d4bee896750bf08213882 eeefd09aaaaa484f81f2b3146545e9a3 - - - -] volume service is down. (host: rack05-server64@lvm-1)
2022-10-27 14:56:34.456 7 WARNING cinder.scheduler.host_manager [None req-3c352ab2-1eb2-4be8-a41b-15199f7632dd 5576738ee33d4bee896750bf08213882 eeefd09aaaaa484f81f2b3146545e9a3 - - - -] volume service is down. (host: rack05-server64@lvm-1)
2022-10-27 14:56:35.904 7 WARNING cinder.scheduler.host_manager [None req-30cb48e3-60b3-4629-be7d-5212f7ec126f 5576738ee33d4bee896750bf08213882 eeefd09aaaaa484f81f2b3146545e9a3 - - - -] volume service is down. (host: rack05-server64@lvm-1)
2022-10-27 14:56:40.084 7 WARNING cinder.scheduler.host_manager [None req-10f81f1c-27d5-4508-b314-a70df5708a5f 2885ba37bb904c768788d1e28dc9e515 de5ed012b3a84fc7b4eabfd95102e053 - - - -] volume service is down. (host: rack05-server64@lvm-1)
2022-10-27 14:56:41.238 7 WARNING cinder.scheduler.host_manager [None req-ba151698-4dfb-464b-b3e9-2cec1a8b5f00 5576738ee33d4bee896750bf08213882 eeefd09aaaaa484f81f2b3146545e9a3 - - - -] volume service is down. (host: rack05-server64@lvm-1)
2022-10-27 14:56:41.249 7 WARNING cinder.scheduler.host_manager [None req-ba151698-4dfb-464b-b3e9-2cec1a8b5f00 5576738ee33d4bee896750bf08213882 eeefd09aaaaa484f81f2b3146545e9a3 - - - -] volume service is down. (host: rack05-server64@lvm-1)
2022-10-27 14:56:42.621 7 WARNING cinder.scheduler.host_manager [None req-1e517a61-99d8-4667-a925-fd1644c3e188 5576738ee33d4bee896750bf08213882 eeefd09aaaaa484f81f2b3146545e9a3 - - - -] volume service is down. (host: rack05-server64@lvm-1)
2022-10-27 14:56:42.719 7 WARNING cinder.scheduler.host_manager [None req-35a5e596-6829-4e7c-bbe2-ae686fe81a31 2885ba37bb904c768788d1e28dc9e515 de5ed012b3a84fc7b4eabfd95102e053 - - - -] volume service is down. (host: rack05-server64@lvm-1)
2022-10-27 14:56:44.045 7 WARNING cinder.scheduler.host_manager [None req-2f91afe0-dabb-47c8-b33c-590023579608 5576738ee33d4bee896750bf08213882 eeefd09aaaaa484f81f2b3146545e9a3 - - - -] volume service is down. (host: rack05-server64@lvm-1)
2022-10-27 14:56:46.447 7 WARNING cinder.scheduler.host_manager [None req-c788c166-9af1-4654-b560-4ec0e705ca91 2885ba37bb904c768788d1e28dc9e515 de5ed012b3a84fc7b4eabfd95102e053 - - - -] volume service is down. (host: rack05-server64@lvm-1)
2022-10-27 14:56:48.926 7 WARNING cinder.scheduler.host_manager [None req-7eef0042-4aeb-4e78-978f-6fb1a4854d15 2885ba37bb904c768788d1e28dc9e515 de5ed012b3a84fc7b4eabfd95102e053 - - - -] volume service is down. (host: rack05-server64@lvm-1)
2022-10-27 14:56:52.603 7 WARNING cinder.scheduler.host_manager [None req-8ba6e9ab-4b67-4ac2-a3db-1648afeb8d6c 2885ba37bb904c768788d1e28dc9e515 de5ed012b3a84fc7b4eabfd95102e053 - - - -] volume service is down. (host: rack05-server64@lvm-1)
2022-10-27 14:56:55.593 7 WARNING cinder.scheduler.host_manager [None req-778cc627-24dd-4b2b-8def-77524bb17b29 d086cf59bbd542efa661983b3105a8c3 2ef5d544ab6a46daaf7599575dcfbf29 - - - -] volume service is down. (host: rack05-server64@lvm-1)
2022-10-27 14:56:55.600 7 WARNING cinder.scheduler.host_manager [None req-778cc627-24dd-4b2b-8def-77524bb17b29 d086cf59bbd542efa661983b3105a8c3 2ef5d544ab6a46daaf7599575dcfbf29 - - - -] volume service is down. (host: rack05-server64@lvm-1)
2022-10-27 14:56:57.646 7 WARNING cinder.scheduler.host_manager [None req-1a0eaf90-eb8d-469e-9b44-c0b922340333 2885ba37bb904c768788d1e28dc9e515 de5ed012b3a84fc7b4eabfd95102e053 - - - -] volume service is down. (host: rack05-server64@lvm-1)
2022-10-27 14:57:03.397 7 WARNING cinder.scheduler.host_manager [None req-83f92689-49ec-4cbb-8f0d-44fee664d7d1 f9a94aa88ec04732a83efa4f625c13c2 4707e564456142149589b227076cbae7 - - - -] volume service is down. (host: rack05-server64@lvm-1)
2022-10-27 14:57:03.398 7 INFO cinder.scheduler.base_filter [None req-83f92689-49ec-4cbb-8f0d-44fee664d7d1 f9a94aa88ec04732a83efa4f625c13c2 4707e564456142149589b227076cbae7 - - - -] Filtering removed all hosts for the request with volume ID '27054995-6fd1-49ab-889a-6a3baa99c6e7'. Filter results: AvailabilityZoneFilter: (start: 1, end: 1), CapacityFilter: (start: 1, end: 1), CapabilitiesFilter: (start: 1, end: 0)
2022-10-27 14:57:03.398 7 WARNING cinder.scheduler.filter_scheduler [None req-83f92689-49ec-4cbb-8f0d-44fee664d7d1 f9a94aa88ec04732a83efa4f625c13c2 4707e564456142149589b227076cbae7 - - - -] No weighed backend found for volume with properties: {'id': '309450bb-ed93-4cae-af86-873d905e7723', 'name': 'tempest-UserMessagesTest-volume-type-1809372585', 'description': None, 'is_public': True, 'projects': [], 'extra_specs': {'storage_protocol': 'tempest-storage_protocol-1309972002', 'vendor_name': 'tempest-vendor_name-837284704'}, 'qos_specs_id': None, 'created_at': '2022-10-27T14:57:02.000000', 'updated_at': None, 'deleted_at': None, 'deleted': False}
2022-10-27 14:57:03.399 7 INFO cinder.message.api [None req-83f92689-49ec-4cbb-8f0d-44fee664d7d1 f9a94aa88ec04732a83efa4f625c13c2 4707e564456142149589b227076cbae7 - - - -] Creating message record for request_id = req-83f92689-49ec-4cbb-8f0d-44fee664d7d1
2022-10-27 14:57:03.404 7 ERROR cinder.scheduler.flows.create_volume [None req-83f92689-49ec-4cbb-8f0d-44fee664d7d1 f9a94aa88ec04732a83efa4f625c13c2 4707e564456142149589b227076cbae7 - - - -] Failed to run task cinder.scheduler.flows.create_volume.ScheduleCreateVolumeTask;volume:create: No valid backend was found. No weighed backends available: cinder.exception.NoValidBackend: No valid backend was found. No weighed backends available
2022-10-27 14:57:04.351 7 WARNING cinder.scheduler.host_manager [None req-b91c9952-0d6d-4d81-bf6c-2ee625c7ca4e 103d8d01e12649faab5f0de1cb77a2f5 54180886521b4a9084e84980d312ce01 - - - -] volume service is down. (host: rack05-server64@lvm-1)
2022-10-27 14:57:04.974 7 WARNING cinder.scheduler.host_manager [None req-0d0740c1-2751-44e3-be4b-60816937de74 f9a94aa88ec04732a83efa4f625c13c2 4707e564456142149589b227076cbae7 - - - -] volume service is down. (host: rack05-server64@lvm-1)
2022-10-27 14:57:04.975 7 INFO cinder.scheduler.base_filter [None req-0d0740c1-2751-44e3-be4b-60816937de74 f9a94aa88ec04732a83efa4f625c13c2 4707e564456142149589b227076cbae7 - - - -] Filtering removed all hosts for the request with volume ID '073cc1cc-07fb-40c6-b9be-f35a220e9562'. Filter results: AvailabilityZoneFilter: (start: 1, end: 1), CapacityFilter: (start: 1, end: 1), CapabilitiesFilter: (start: 1, end: 0)
2022-10-27 14:57:04.976 7 WARNING cinder.scheduler.filter_scheduler [None req-0d0740c1-2751-44e3-be4b-60816937de74 f9a94aa88ec04732a83efa4f625c13c2 4707e564456142149589b227076cbae7 - - - -] No weighed backend found for volume with properties: {'id': '477bc15e-8098-447d-9c01-21dc346dd3f2', 'name': 'tempest-UserMessagesTest-volume-type-238869990', 'description': None, 'is_public': True, 'projects': [], 'extra_specs': {'storage_protocol': 'tempest-storage_protocol-653659814', 'vendor_name': 'tempest-vendor_name-1621507222'}, 'qos_specs_id': None, 'created_at': '2022-10-27T14:57:04.000000', 'updated_at': None, 'deleted_at': None, 'deleted': False}
2022-10-27 14:57:04.976 7 INFO cinder.message.api [None req-0d0740c1-2751-44e3-be4b-60816937de74 f9a94aa88ec04732a83efa4f625c13c2 4707e564456142149589b227076cbae7 - - - -] Creating message record for request_id = req-0d0740c1-2751-44e3-be4b-60816937de74
2022-10-27 14:57:04.983 7 ERROR cinder.scheduler.flows.create_volume [None req-0d0740c1-2751-44e3-be4b-60816937de74 f9a94aa88ec04732a83efa4f625c13c2 4707e564456142149589b227076cbae7 - - - -] Failed to run task cinder.scheduler.flows.create_volume.ScheduleCreateVolumeTask;volume:create: No valid backend was found. No weighed backends available: cinder.exception.NoValidBackend: No valid backend was found. No weighed backends available
2022-10-27 14:57:09.753 7 WARNING cinder.scheduler.host_manager [None req-1a0e7eee-0bd4-4636-b4e1-38fce8287847 2885ba37bb904c768788d1e28dc9e515 de5ed012b3a84fc7b4eabfd95102e053 - - - -] volume service is down. (host: rack05-server64@lvm-1)
2022-10-27 14:57:16.273 7 WARNING cinder.scheduler.host_manager [None req-0dff0aee-2353-4864-8874-5e5d264e281a 103d8d01e12649faab5f0de1cb77a2f5 54180886521b4a9084e84980d312ce01 - - - -] volume service is down. (host: rack05-server64@lvm-1)
2022-10-27 14:57:17.740 7 WARNING cinder.scheduler.host_manager [None req-4ffdce74-f993-497c-b89b-c6c13a9e93f1 1c44e9563dcc4712b2b24f6067e39a89 da52d6b831de41578b5f45b0b368ee29 - - - -] volume service is down. (host: rack05-server64@lvm-1)
2022-10-27 14:57:18.738 7 WARNING cinder.scheduler.host_manager [None req-6d33ccfd-5daf-4f50-993f-241b1dfa3b9c 103d8d01e12649faab5f0de1cb77a2f5 54180886521b4a9084e84980d312ce01 - - - -] volume service is down. (host: rack05-server64@lvm-1)
2022-10-27 14:57:20.127 7 WARNING cinder.scheduler.host_manager [None req-435c1211-3383-48c1-9c23-97cbc0bb8f85 ec84dc782c1849efadaf7ed267ba796c 00e56adc4934414084a5e02122fe02da - - - -] volume service is down. (host: rack05-server64@lvm-1)
2022-10-27 14:57:20.187 7 WARNING cinder.scheduler.host_manager [None req-e967aef2-7ddf-4c35-93a0-fd31905efeb2 103d8d01e12649faab5f0de1cb77a2f5 54180886521b4a9084e84980d312ce01 - - - -] volume service is down. (host: rack05-server64@lvm-1)
2022-10-27 14:57:22.589 7 WARNING cinder.scheduler.host_manager [None req-35c8cbdf-df61-4d1f-b205-2409fa73b2ba ec84dc782c1849efadaf7ed267ba796c 00e56adc4934414084a5e02122fe02da - - - -] volume service is down. (host: rack05-server64@lvm-1)
2022-10-27 14:57:25.075 7 WARNING cinder.scheduler.host_manager [None req-220b4ea1-0bed-4bb9-8efa-25651855b989 ec84dc782c1849efadaf7ed267ba796c 00e56adc4934414084a5e02122fe02da - - - -] volume service is down. (host: rack05-server64@lvm-1)
2022-10-27 14:57:27.506 7 WARNING cinder.scheduler.host_manager [None req-d2ca77c0-0fb1-4d53-b055-98b8cd0293a8 eecf13154d5d446aac97956d6c8f469d d92e74156c1942d9a5d26caaf4a05855 - - - -] volume service is down. (host: rack05-server64@lvm-1)
2022-10-27 14:57:29.818 7 WARNING cinder.scheduler.host_manager [None req-69bbabe3-13de-4e3a-a128-9fc796818265 eecf13154d5d446aac97956d6c8f469d d92e74156c1942d9a5d26caaf4a05855 - - - -] volume service is down. (host: rack05-server64@lvm-1)
2022-10-27 14:57:30.923 7 WARNING cinder.scheduler.host_manager [None req-b3956084-db68-4b89-a8f2-152074bbe2f8 afd98e2080be4afb93ea6789bed19d06 46fdff7c3a874ab887382a27b2875841 - - - -] volume service is down. (host: rack05-server64@lvm-1)
2022-10-27 14:57:35.333 7 WARNING cinder.scheduler.host_manager [None req-f94b2afc-36ea-413e-8fc8-ffda21cac8f1 4b3a0191f36347dd9965c76d3582551e 44c97918ce404d8d8da450feaa896cce - - - -] volume service is down. (host: rack05-server64@lvm-1)
2022-10-27 14:57:38.807 7 WARNING cinder.scheduler.host_manager [None req-9db6bc8d-34bc-4982-89e5-37f883a4aada 1abbec9247f343ceaf6cc6e7140ecac4 6fb70d1c92ae409d93d2a39a27bdce6e - - - -] volume service is down. (host: rack05-server64@lvm-1)
2022-10-27 14:57:43.188 7 WARNING cinder.scheduler.host_manager [None req-fc4d573e-e2e1-4048-a3c0-cbddbbb45216 4b3a0191f36347dd9965c76d3582551e 44c97918ce404d8d8da450feaa896cce - - - -] volume service is down. (host: rack05-server64@lvm-1)
2022-10-27 14:57:46.240 7 WARNING cinder.scheduler.host_manager [None req-9c09dcb4-d6c8-4bdb-8565-a8f37db10693 2f428782094346f0b60b816596b2a6b2 65d6a78723734183a3947e4f009d6d6f - - - -] volume service is down. (host: rack05-server64@lvm-1)
2022-10-27 14:57:47.668 7 WARNING cinder.scheduler.host_manager [None req-6d4daa0b-3bc4-4f31-ac61-98bb69948286 2f428782094346f0b60b816596b2a6b2 65d6a78723734183a3947e4f009d6d6f - - - -] volume service is down. (host: rack05-server64@lvm-1)
2022-10-27 14:57:47.806 7 WARNING cinder.scheduler.host_manager [None req-35ad44f3-469f-4b4a-bba4-6401e3a1d975 1abbec9247f343ceaf6cc6e7140ecac4 6fb70d1c92ae409d93d2a39a27bdce6e - - - -] volume service is down. (host: rack05-server64@lvm-1)
2022-10-27 14:57:50.152 7 WARNING cinder.scheduler.host_manager [None req-7d5a2f40-67ed-4621-a18e-3988ff677501 2f428782094346f0b60b816596b2a6b2 65d6a78723734183a3947e4f009d6d6f - - - -] volume service is down. (host: rack05-server64@lvm-1)
2022-10-27 14:57:51.713 7 WARNING cinder.scheduler.host_manager [None req-0923c21c-f19a-417b-bf37-0d55e30be4fb c64b01eeea4f4990bf78a80e5a1b0820 28e937fe920d4455967303128f7d8116 - - - -] volume service is down. (host: rack05-server64@lvm-1)
2022-10-27 14:57:57.312 7 WARNING cinder.scheduler.host_manager [None req-0f584b11-ed29-455c-854f-1aef1c086242 0eb6bf47a6d04b83ba4b61887264b1dc 966ddbf86a8542c5a8644b5b39b7ee2e - - - -] volume service is down. (host: rack05-server64@lvm-1)
2022-10-27 14:57:57.629 7 WARNING cinder.scheduler.host_manager [None req-b7d3ed62-ba39-4767-90d7-0d8d2da4edcb 4b3a0191f36347dd9965c76d3582551e 44c97918ce404d8d8da450feaa896cce - - - -] volume service is down. (host: rack05-server64@lvm-1)
2022-10-27 14:57:59.887 7 WARNING cinder.scheduler.host_manager [None req-125cf1f3-d7f4-474d-8b73-1355387d2e84 4b3a0191f36347dd9965c76d3582551e 44c97918ce404d8d8da450feaa896cce - - - -] volume service is down. (host: rack05-server64@lvm-1)
2022-10-27 14:58:02.173 7 WARNING cinder.scheduler.host_manager [None req-727ddc2c-51f6-4f46-876b-edaea4f125d6 4b3a0191f36347dd9965c76d3582551e 44c97918ce404d8d8da450feaa896cce - - - -] volume service is down. (host: rack05-server64@lvm-1)
2022-10-27 14:58:08.736 7 WARNING cinder.scheduler.host_manager [None req-d4a6c436-af8c-4ce5-b396-1da34537b259 ccf3c70b466f4720b5fe621b0709c4cd adc1dbb93d454b65b8e7a4d62e9f35bd - - - -] volume service is down. (host: rack05-server64@lvm-1)
2022-10-27 14:58:11.428 7 WARNING cinder.scheduler.host_manager [None req-8305def0-b7e4-415d-9f3f-97538a1ead7e 4b3a0191f36347dd9965c76d3582551e 44c97918ce404d8d8da450feaa896cce - - - -] volume service is down. (host: rack05-server64@lvm-1)
2022-10-27 14:58:13.544 7 WARNING cinder.scheduler.host_manager [None req-1fe4395e-7a61-4d08-a1db-b24f0c602dad ccf3c70b466f4720b5fe621b0709c4cd adc1dbb93d454b65b8e7a4d62e9f35bd - - - -] volume service is down. (host: rack05-server64@lvm-1)
2022-10-27 14:58:14.948 7 WARNING cinder.scheduler.host_manager [None req-26b69977-5555-4889-96ed-7034432d73f8 4b3a0191f36347dd9965c76d3582551e 44c97918ce404d8d8da450feaa896cce - - - -] volume service is down. (host: rack05-server64@lvm-1)
2022-10-27 14:58:20.280 7 WARNING cinder.scheduler.host_manager [None req-c7538dbe-17bb-4f94-b8c3-31bf0bfd8502 d29fc514377c42fd99e0ba8bb20f2e64 51d0949651aa4eccbc3ad4b462b44808 - - - -] volume service is down. (host: rack05-server64@lvm-1)
2022-10-27 14:58:23.920 7 WARNING cinder.scheduler.host_manager [None req-01390ebd-d89e-4aa8-ad76-0636a4f04100 4b3a0191f36347dd9965c76d3582551e 44c97918ce404d8d8da450feaa896cce - - - -] volume service is down. (host: rack05-server64@lvm-1)
2022-10-27 14:58:26.218 7 WARNING cinder.scheduler.host_manager [None req-27aa8a43-3505-4c2a-b55c-f1d444437aee 4b3a0191f36347dd9965c76d3582551e 44c97918ce404d8d8da450feaa896cce - - - -] volume service is down. (host: rack05-server64@lvm-1)
2022-10-27 14:58:32.082 7 WARNING cinder.scheduler.host_manager [None req-b96c8651-4b94-4de0-9e72-7b0b237e3825 d29fc514377c42fd99e0ba8bb20f2e64 51d0949651aa4eccbc3ad4b462b44808 - - - -] volume service is down. (host: rack05-server64@lvm-1)
2022-10-27 14:58:33.533 7 WARNING cinder.scheduler.host_manager [None req-18e83a01-a120-49d7-9ced-781ab067be4d d29fc514377c42fd99e0ba8bb20f2e64 51d0949651aa4eccbc3ad4b462b44808 - - - -] volume service is down. (host: rack05-server64@lvm-1)
2022-10-27 14:58:35.683 7 WARNING cinder.scheduler.host_manager [None req-0aa04a76-9326-4118-9edd-79bf6868cd93 4b3a0191f36347dd9965c76d3582551e 44c97918ce404d8d8da450feaa896cce - - - -] volume service is down. (host: rack05-server64@lvm-1)
2022-10-27 14:58:35.841 7 WARNING cinder.scheduler.host_manager [None req-94b48d76-0eef-4983-a6b5-eba69ea11d90 d29fc514377c42fd99e0ba8bb20f2e64 51d0949651aa4eccbc3ad4b462b44808 - - - -] volume service is down. (host: rack05-server64@lvm-1)
2022-10-27 14:58:37.987 7 WARNING cinder.scheduler.host_manager [None req-f158ca03-0f8b-4eb5-872a-45fef48b178a 4b3a0191f36347dd9965c76d3582551e 44c97918ce404d8d8da450feaa896cce - - - -] volume service is down. (host: rack05-server64@lvm-1)
2022-10-27 14:58:38.093 7 WARNING cinder.scheduler.host_manager [None req-04c7561f-db3c-45ed-bc5f-e6d261e3a224 d29fc514377c42fd99e0ba8bb20f2e64 51d0949651aa4eccbc3ad4b462b44808 - - - -] volume service is down. (host: rack05-server64@lvm-1)
2022-10-27 14:58:40.401 7 WARNING cinder.scheduler.host_manager [None req-e3dc0955-142c-4835-8dc8-6579cf81f51d 4b3a0191f36347dd9965c76d3582551e 44c97918ce404d8d8da450feaa896cce - - - -] volume service is down. (host: rack05-server64@lvm-1)
2022-10-27 14:58:44.067 7 WARNING cinder.scheduler.host_manager [None req-ffc04702-7c78-4a13-b787-2def5796239b 4b3a0191f36347dd9965c76d3582551e 44c97918ce404d8d8da450feaa896cce - - - -] volume service is down. (host: rack05-server64@lvm-1)
2022-10-27 14:58:45.783 7 WARNING cinder.scheduler.host_manager [None req-7a6fa062-3075-42f4-a8e2-c42921e257dd b9108ab97e4048ba8cf9b69408743fe6 7f9faab1a8094d70ab80182db7ef5357 - - - -] volume service is down. (host: rack05-server64@lvm-1)
2022-10-27 14:58:46.391 7 WARNING cinder.scheduler.host_manager [None req-f3813600-2322-4681-8c68-c014180684e7 4b3a0191f36347dd9965c76d3582551e 44c97918ce404d8d8da450feaa896cce - - - -] volume service is down. (host: rack05-server64@lvm-1)
2022-10-27 14:58:48.009 7 WARNING cinder.scheduler.host_manager [None req-5cc0441e-b543-4b87-a708-21ccc1180611 b9108ab97e4048ba8cf9b69408743fe6 7f9faab1a8094d70ab80182db7ef5357 - - - -] volume service is down. (host: rack05-server64@lvm-1)
2022-10-27 14:58:48.833 7 WARNING cinder.scheduler.host_manager [None req-fd66fa8e-02f3-4f0b-b3c7-5b8645fa1cf9 4b3a0191f36347dd9965c76d3582551e 44c97918ce404d8d8da450feaa896cce - - - -] volume service is down. (host: rack05-server64@lvm-1)
2022-10-27 14:58:50.263 7 WARNING cinder.scheduler.host_manager [None req-b468e871-a2f0-4985-84bb-754b31545d0f b9108ab97e4048ba8cf9b69408743fe6 7f9faab1a8094d70ab80182db7ef5357 - - - -] volume service is down. (host: rack05-server64@lvm-1)
2022-10-27 14:58:52.514 7 WARNING cinder.scheduler.host_manager [None req-3500644f-6705-480a-98db-c6e103d93a93 b9108ab97e4048ba8cf9b69408743fe6 7f9faab1a8094d70ab80182db7ef5357 - - - -] volume service is down. (host: rack05-server64@lvm-1)
2022-10-27 14:59:02.871 7 WARNING cinder.scheduler.host_manager [None req-478ea887-c709-4bf1-96df-5c054afd31ca 4678acfe7c924b9b890906011eb88e59 a2431eb7bedc44b194ab708ae1eef103 - - - -] volume service is down. (host: rack05-server64@lvm-1)
2022-10-27 14:59:05.188 7 WARNING cinder.scheduler.host_manager [None req-47ffcd81-f336-4977-9bd8-a28fd3b6162b 4678acfe7c924b9b890906011eb88e59 a2431eb7bedc44b194ab708ae1eef103 - - - -] volume service is down. (host: rack05-server64@lvm-1)
2022-10-27 14:59:17.923 7 WARNING cinder.scheduler.host_manager [None req-d40def9a-e450-451c-a66b-7c7b1d7ba4eb 87438213762b414b8d4e69a94140ade7 6b0c11731af1489187b466207c735f16 - - - -] volume service is down. (host: rack05-server64@lvm-1)
2022-10-27 14:59:18.004 7 WARNING cinder.scheduler.host_manager [None req-70f0b88a-a6de-4f19-9661-0880ce341464 9305e0ad77564bf6ac45627e18a32ae4 4ebd9051aec74daeae39ad460c5b08d6 - - - -] volume service is down. (host: rack05-server64@lvm-1)
2022-10-27 14:59:18.013 7 WARNING cinder.scheduler.host_manager [None req-4873924e-071e-449d-96c5-da358a4ca87d edc2e5f109c04a55b59ac7c0be8a741b e186ba796e80453297b6312acf474ce1 - - - -] volume service is down. (host: rack05-server64@lvm-1)
2022-10-27 14:59:18.182 7 WARNING cinder.scheduler.host_manager [None req-07529db5-0102-47c2-84f1-45738f1a873d 9305e0ad77564bf6ac45627e18a32ae4 4ebd9051aec74daeae39ad460c5b08d6 - - - -] volume service is down. (host: rack05-server64@lvm-1)
2022-10-27 14:59:18.431 7 WARNING cinder.scheduler.host_manager [None req-39014e80-3c23-4da9-bee3-190d8a23b59f 9305e0ad77564bf6ac45627e18a32ae4 4ebd9051aec74daeae39ad460c5b08d6 - - - -] volume service is down. (host: rack05-server64@lvm-1)
2022-10-27 14:59:18.684 7 WARNING cinder.scheduler.host_manager [None req-1788fe25-0650-423e-ae92-615664dc8bdc 9305e0ad77564bf6ac45627e18a32ae4 4ebd9051aec74daeae39ad460c5b08d6 - - - -] volume service is down. (host: rack05-server64@lvm-1)
2022-10-27 14:59:18.963 7 WARNING cinder.scheduler.host_manager [None req-53bb16f5-93b6-4ca8-9f79-2753c3e940b0 9305e0ad77564bf6ac45627e18a32ae4 4ebd9051aec74daeae39ad460c5b08d6 - - - -] volume service is down. (host: rack05-server64@lvm-1)
2022-10-27 14:59:19.216 7 WARNING cinder.scheduler.host_manager [None req-c8f7b1bc-4e71-4772-b50f-0b747be8a446 edc2e5f109c04a55b59ac7c0be8a741b e186ba796e80453297b6312acf474ce1 - - - -] volume service is down. (host: rack05-server64@lvm-1)
2022-10-27 14:59:19.273 7 WARNING cinder.scheduler.host_manager [None req-74b20496-3b04-4076-83d1-dbc0323a701b 87438213762b414b8d4e69a94140ade7 6b0c11731af1489187b466207c735f16 - - - -] volume service is down. (host: rack05-server64@lvm-1)
2022-10-27 14:59:19.524 7 WARNING cinder.scheduler.host_manager [None req-7e910ae4-6958-4d97-a883-dee1d8439576 87438213762b414b8d4e69a94140ade7 6b0c11731af1489187b466207c735f16 - - - -] volume service is down. (host: rack05-server64@lvm-1)
2022-10-27 14:59:19.763 7 WARNING cinder.scheduler.host_manager [None req-87c824fb-0dbb-4271-b0d4-fd1fe1374e00 87438213762b414b8d4e69a94140ade7 6b0c11731af1489187b466207c735f16 - - - -] volume service is down. (host: rack05-server64@lvm-1)
2022-10-27 14:59:20.033 7 WARNING cinder.scheduler.host_manager [None req-3d77ebf2-643b-44ee-9476-b4a4c22ffa9a 87438213762b414b8d4e69a94140ade7 6b0c11731af1489187b466207c735f16 - - - -] volume service is down. (host: rack05-server64@lvm-1)
2022-10-27 14:59:20.280 7 WARNING cinder.scheduler.host_manager [None req-b25f0d61-8673-4e07-858f-9f8a09caa555 87438213762b414b8d4e69a94140ade7 6b0c11731af1489187b466207c735f16 - - - -] volume service is down. (host: rack05-server64@lvm-1)
2022-10-27 14:59:21.582 7 WARNING cinder.scheduler.host_manager [None req-2c8c2b88-8d51-45f2-978e-f9d6ddd2bb4f edc2e5f109c04a55b59ac7c0be8a741b e186ba796e80453297b6312acf474ce1 - - - -] volume service is down. (host: rack05-server64@lvm-1)
2022-10-27 14:59:21.849 7 WARNING cinder.scheduler.host_manager [None req-a79e72f0-58cd-4a60-8330-ebc3dfa7aba2 edc2e5f109c04a55b59ac7c0be8a741b e186ba796e80453297b6312acf474ce1 - - - -] volume service is down. (host: rack05-server64@lvm-1)
2022-10-27 14:59:22.123 7 WARNING cinder.scheduler.host_manager [None req-b4f7dcbb-43d9-408a-a6c0-23d16dcd5fe4 edc2e5f109c04a55b59ac7c0be8a741b e186ba796e80453297b6312acf474ce1 - - - -] volume service is down. (host: rack05-server64@lvm-1)
2022-10-27 14:59:22.402 7 WARNING cinder.scheduler.host_manager [None req-6cd268b7-85d7-4e86-b9e1-913b69cf2b9f edc2e5f109c04a55b59ac7c0be8a741b e186ba796e80453297b6312acf474ce1 - - - -] volume service is down. (host: rack05-server64@lvm-1)
2022-10-27 14:59:22.658 7 WARNING cinder.scheduler.host_manager [None req-daab98a3-ed90-45fc-b6a8-d5ad3bae1945 edc2e5f109c04a55b59ac7c0be8a741b e186ba796e80453297b6312acf474ce1 - - - -] volume service is down. (host: rack05-server64@lvm-1)
2022-10-27 14:59:29.119 7 WARNING cinder.scheduler.host_manager [None req-f1c30d0e-b9b4-4f93-a7c9-4382c0abd959 39f32f7680994f34bb1764cd9f4bc8e8 2a0cfe36ef8f44c4887a0ebe6c2c5205 - - - -] volume service is down. (host: rack05-server64@lvm-1)
2022-10-27 14:59:31.582 7 WARNING cinder.scheduler.host_manager [None req-c0f559b7-be28-42fd-930b-c38746ea3caa 39f32f7680994f34bb1764cd9f4bc8e8 2a0cfe36ef8f44c4887a0ebe6c2c5205 - - - -] volume service is down. (host: rack05-server64@lvm-1)
2022-10-27 14:59:33.964 7 WARNING cinder.scheduler.host_manager [None req-6a698ef1-3da9-4ade-8ad7-5d358ebbdfad 39f32f7680994f34bb1764cd9f4bc8e8 2a0cfe36ef8f44c4887a0ebe6c2c5205 - - - -] volume service is down. (host: rack05-server64@lvm-1)
