Build Started 14_01_2025_09_38_59
2025-01-14 09:40:06.760 7 WARNING cinder.scheduler.host_manager [None req-d24d3adb-3035-4b0f-96e1-2be8135332b2 dd5a81b302ec4d51a5d5d10a340410d4 c3741f585af9440cb258ef041c5d8e23 - - - -] volume service is down. (host: rack13-server67@lvm-1)
2025-01-14 09:40:07.202 7 WARNING cinder.scheduler.host_manager [req-00dcfad7-1fbc-4546-a3d4-e0b5e4fdc0e1 req-43661423-3e5d-4106-bd01-3d54e2f691c1 4533c7cee3084eedbd4f9f3ddbba3b02 ad5346a1bf8a4bc28da402960addca86 - - - -] volume service is down. (host: rack13-server67@lvm-1)
2025-01-14 09:40:08.898 7 WARNING cinder.scheduler.host_manager [req-89fadb6c-8bd2-4690-abe9-bb46a066e3ba req-0fc9206d-ca78-4384-89c0-a4e5d1e60109 4533c7cee3084eedbd4f9f3ddbba3b02 ad5346a1bf8a4bc28da402960addca86 - - - -] volume service is down. (host: rack13-server67@lvm-1)
2025-01-14 09:40:09.319 7 WARNING cinder.scheduler.host_manager [None req-eb02afde-97a4-4027-a9e2-0e6cdf979e0f dd5a81b302ec4d51a5d5d10a340410d4 c3741f585af9440cb258ef041c5d8e23 - - - -] volume service is down. (host: rack13-server67@lvm-1)
2025-01-14 09:40:11.860 7 WARNING cinder.scheduler.host_manager [None req-24a0e511-02f8-4f15-89d1-1890f171d1af dd5a81b302ec4d51a5d5d10a340410d4 c3741f585af9440cb258ef041c5d8e23 - - - -] volume service is down. (host: rack13-server67@lvm-1)
2025-01-14 09:40:13.343 7 WARNING cinder.scheduler.host_manager [None req-9811b478-15b6-435b-ae0a-b46d6ac94d16 e43c8e0d3c6040a88cfed8dec47e9f28 f88fadfc365a403ca4590f9acbbc5e6b - - - -] volume service is down. (host: rack13-server67@lvm-1)
2025-01-14 09:40:13.351 7 WARNING cinder.scheduler.host_manager [None req-9811b478-15b6-435b-ae0a-b46d6ac94d16 e43c8e0d3c6040a88cfed8dec47e9f28 f88fadfc365a403ca4590f9acbbc5e6b - - - -] volume service is down. (host: rack13-server67@lvm-1)
2025-01-14 09:40:14.783 7 WARNING cinder.scheduler.host_manager [None req-6b1b5d90-3d35-4a6d-89aa-b5af0c14965c e43c8e0d3c6040a88cfed8dec47e9f28 f88fadfc365a403ca4590f9acbbc5e6b - - - -] volume service is down. (host: rack13-server67@lvm-1)
2025-01-14 09:40:18.193 7 WARNING cinder.scheduler.host_manager [req-feb0665a-566a-4f78-b3a7-ced7f6d390a1 req-80605094-0c77-4570-b33a-3d0839c60207 11e6cb295cb14de69d9e14fdd22d3204 1b41585509194f10a3ac780c01b5a585 - - - -] volume service is down. (host: rack13-server67@lvm-1)
2025-01-14 09:40:19.552 7 WARNING cinder.scheduler.host_manager [None req-1279041e-c047-48d7-862e-a807e6437394 e43c8e0d3c6040a88cfed8dec47e9f28 f88fadfc365a403ca4590f9acbbc5e6b - - - -] volume service is down. (host: rack13-server67@lvm-1)
2025-01-14 09:40:24.021 7 WARNING cinder.scheduler.host_manager [None req-d274da66-5040-4170-9a79-4f6c54208474 55ca9e46773f41cda1c65925049bf799 aefa649ed02741d6a003ae82068d9e19 - - - -] volume service is down. (host: rack13-server67@lvm-1)
2025-01-14 09:40:24.028 7 WARNING cinder.scheduler.host_manager [None req-d274da66-5040-4170-9a79-4f6c54208474 55ca9e46773f41cda1c65925049bf799 aefa649ed02741d6a003ae82068d9e19 - - - -] volume service is down. (host: rack13-server67@lvm-1)
2025-01-14 09:40:25.467 7 WARNING cinder.scheduler.host_manager [None req-35df5a42-e5d6-4224-8ad4-2f8869377c5b 55ca9e46773f41cda1c65925049bf799 aefa649ed02741d6a003ae82068d9e19 - - - -] volume service is down. (host: rack13-server67@lvm-1)
2025-01-14 09:40:25.970 7 WARNING cinder.scheduler.host_manager [None req-c04f1f23-83ea-4fb7-a5c5-3cedbd45aac7 e43c8e0d3c6040a88cfed8dec47e9f28 f88fadfc365a403ca4590f9acbbc5e6b - - - -] volume service is down. (host: rack13-server67@lvm-1)
2025-01-14 09:40:25.978 7 WARNING cinder.scheduler.host_manager [None req-c04f1f23-83ea-4fb7-a5c5-3cedbd45aac7 e43c8e0d3c6040a88cfed8dec47e9f28 f88fadfc365a403ca4590f9acbbc5e6b - - - -] volume service is down. (host: rack13-server67@lvm-1)
2025-01-14 09:40:26.957 7 WARNING cinder.scheduler.host_manager [None req-60773596-a0fb-4f2a-8238-69bd4539b8f2 53ddc2f4a380450e9fece9f01b83cefd 3c20fd940ba54ae6b53b7362f8531be3 - - - -] volume service is down. (host: rack13-server67@lvm-1)
2025-01-14 09:40:27.381 7 WARNING cinder.scheduler.host_manager [None req-75341e73-caf8-4c31-a9a5-72eb37b8eb17 e43c8e0d3c6040a88cfed8dec47e9f28 f88fadfc365a403ca4590f9acbbc5e6b - - - -] volume service is down. (host: rack13-server67@lvm-1)
2025-01-14 09:40:27.481 7 WARNING cinder.scheduler.host_manager [None req-fe1191bd-32c4-4fe4-a4aa-b64935adc988 53ddc2f4a380450e9fece9f01b83cefd 3c20fd940ba54ae6b53b7362f8531be3 - - - -] volume service is down. (host: rack13-server67@lvm-1)
2025-01-14 09:40:29.953 7 WARNING cinder.scheduler.host_manager [None req-83409138-d2f5-4e41-8043-9afadaed3b23 e43c8e0d3c6040a88cfed8dec47e9f28 f88fadfc365a403ca4590f9acbbc5e6b - - - -] volume service is down. (host: rack13-server67@lvm-1)
2025-01-14 09:40:40.652 7 WARNING cinder.scheduler.host_manager [None req-a3840715-f9a9-4975-aa6d-7e356c6a5eba 10bc1999d3a946d49ba932a8057d4da5 7b4258c23be64b2f898dff14f2571690 - - - -] volume service is down. (host: rack13-server67@lvm-1)
2025-01-14 09:40:43.211 7 WARNING cinder.scheduler.host_manager [None req-7aebf825-8462-460d-966e-c3bedd422a58 e43c8e0d3c6040a88cfed8dec47e9f28 f88fadfc365a403ca4590f9acbbc5e6b - - - -] volume service is down. (host: rack13-server67@lvm-1)
2025-01-14 09:40:43.219 7 WARNING cinder.scheduler.host_manager [None req-7aebf825-8462-460d-966e-c3bedd422a58 e43c8e0d3c6040a88cfed8dec47e9f28 f88fadfc365a403ca4590f9acbbc5e6b - - - -] volume service is down. (host: rack13-server67@lvm-1)
2025-01-14 09:40:44.649 7 WARNING cinder.scheduler.host_manager [None req-84e37d48-3694-43c9-b14b-3f9b60070a1e e43c8e0d3c6040a88cfed8dec47e9f28 f88fadfc365a403ca4590f9acbbc5e6b - - - -] volume service is down. (host: rack13-server67@lvm-1)
2025-01-14 09:40:45.048 7 WARNING cinder.scheduler.host_manager [None req-a0278e57-08ac-405d-af7b-e7de9af7fa31 4f1caf6f677b4dcea99faf21e14e282d b6171d3fb9ab46b4825e0526081636ab - - - -] volume service is down. (host: rack13-server67@lvm-1)
2025-01-14 09:40:45.056 7 WARNING cinder.scheduler.host_manager [None req-a0278e57-08ac-405d-af7b-e7de9af7fa31 4f1caf6f677b4dcea99faf21e14e282d b6171d3fb9ab46b4825e0526081636ab - - - -] volume service is down. (host: rack13-server67@lvm-1)
2025-01-14 09:40:50.661 7 WARNING cinder.scheduler.host_manager [None req-11973d36-3d22-475f-8642-3c5ce9d5724a c1c593c2842240bc9e4c04d917cdd69e 24be01aec7b34401877eab811cfc1885 - - - -] volume service is down. (host: rack13-server67@lvm-1)
2025-01-14 09:40:54.452 7 WARNING cinder.scheduler.host_manager [None req-e8d2bc79-f258-474d-8b40-c7ea1994237a c1c593c2842240bc9e4c04d917cdd69e 24be01aec7b34401877eab811cfc1885 - - - -] volume service is down. (host: rack13-server67@lvm-1)
2025-01-14 09:40:57.767 7 WARNING cinder.scheduler.host_manager [None req-f0e0e4a5-b047-4e83-8521-f6b3e06f5691 03e2e114200a4baa8eb482f388e192a7 fbbf4d36c07b48e0aa6bc152d1ec1ac3 - - - -] volume service is down. (host: rack13-server67@lvm-1)
2025-01-14 09:40:57.773 7 WARNING cinder.scheduler.host_manager [None req-f0e0e4a5-b047-4e83-8521-f6b3e06f5691 03e2e114200a4baa8eb482f388e192a7 fbbf4d36c07b48e0aa6bc152d1ec1ac3 - - - -] volume service is down. (host: rack13-server67@lvm-1)
2025-01-14 09:40:58.963 7 WARNING cinder.scheduler.host_manager [None req-c85960a4-0619-443b-a664-27ae2b1842b2 03e2e114200a4baa8eb482f388e192a7 fbbf4d36c07b48e0aa6bc152d1ec1ac3 - - - -] volume service is down. (host: rack13-server67@lvm-1)
2025-01-14 09:40:58.971 7 WARNING cinder.scheduler.host_manager [None req-c85960a4-0619-443b-a664-27ae2b1842b2 03e2e114200a4baa8eb482f388e192a7 fbbf4d36c07b48e0aa6bc152d1ec1ac3 - - - -] volume service is down. (host: rack13-server67@lvm-1)
2025-01-14 09:41:00.396 7 WARNING cinder.scheduler.host_manager [None req-fb062b55-e66b-4595-a206-6b6b672d5ed9 03e2e114200a4baa8eb482f388e192a7 fbbf4d36c07b48e0aa6bc152d1ec1ac3 - - - -] volume service is down. (host: rack13-server67@lvm-1)
2025-01-14 09:41:00.726 7 WARNING cinder.scheduler.host_manager [None req-b63098b7-acca-4093-bd61-c9b0caf65ab6 de419ce225bd4bab8450c9aefa1b000a 98b8cf813d6e4cfe9a0fea78457e63c1 - - - -] volume service is down. (host: rack13-server67@lvm-1)
2025-01-14 09:41:03.060 7 WARNING cinder.scheduler.host_manager [None req-50e4b927-2a63-426f-a7cb-5ad323555a1a de419ce225bd4bab8450c9aefa1b000a 98b8cf813d6e4cfe9a0fea78457e63c1 - - - -] volume service is down. (host: rack13-server67@lvm-1)
2025-01-14 09:41:05.808 7 WARNING cinder.scheduler.host_manager [None req-14927545-ac95-4111-97a0-32bdba18ecc7 03e2e114200a4baa8eb482f388e192a7 fbbf4d36c07b48e0aa6bc152d1ec1ac3 - - - -] volume service is down. (host: rack13-server67@lvm-1)
2025-01-14 09:41:05.816 7 WARNING cinder.scheduler.host_manager [None req-14927545-ac95-4111-97a0-32bdba18ecc7 03e2e114200a4baa8eb482f388e192a7 fbbf4d36c07b48e0aa6bc152d1ec1ac3 - - - -] volume service is down. (host: rack13-server67@lvm-1)
2025-01-14 09:41:05.902 7 WARNING cinder.scheduler.host_manager [None req-4abe1f6b-6509-4a51-8e1e-863e17ec73cf de419ce225bd4bab8450c9aefa1b000a 98b8cf813d6e4cfe9a0fea78457e63c1 - - - -] volume service is down. (host: rack13-server67@lvm-1)
2025-01-14 09:41:07.222 7 WARNING cinder.scheduler.host_manager [None req-1c91e158-773c-4dfa-ba93-25919ae37969 03e2e114200a4baa8eb482f388e192a7 fbbf4d36c07b48e0aa6bc152d1ec1ac3 - - - -] volume service is down. (host: rack13-server67@lvm-1)
2025-01-14 09:41:09.493 7 WARNING cinder.scheduler.host_manager [None req-fbe45194-a23d-4e85-b239-72e3ebc406c8 de419ce225bd4bab8450c9aefa1b000a 98b8cf813d6e4cfe9a0fea78457e63c1 - - - -] volume service is down. (host: rack13-server67@lvm-1)
2025-01-14 09:41:09.757 7 WARNING cinder.scheduler.host_manager [None req-b50801c1-07a2-4c92-934e-81541d1f07e6 03e2e114200a4baa8eb482f388e192a7 fbbf4d36c07b48e0aa6bc152d1ec1ac3 - - - -] volume service is down. (host: rack13-server67@lvm-1)
2025-01-14 09:41:13.057 7 WARNING cinder.scheduler.host_manager [None req-dcd05388-4909-49d5-8d10-cfb1fd26c2e1 de419ce225bd4bab8450c9aefa1b000a 98b8cf813d6e4cfe9a0fea78457e63c1 - - - -] volume service is down. (host: rack13-server67@lvm-1)
2025-01-14 09:41:14.193 7 WARNING cinder.scheduler.host_manager [None req-a60911b3-bc69-46b5-80bd-e74d5e16e775 e6b32b70f54443d48930aed6f72581ce b62e4946d2f540729df08de9682b7d6a - - - -] volume service is down. (host: rack13-server67@lvm-1)
2025-01-14 09:41:16.541 7 WARNING cinder.scheduler.host_manager [None req-69775f8d-b219-442d-b31d-a55f7b9e5271 e6b32b70f54443d48930aed6f72581ce b62e4946d2f540729df08de9682b7d6a - - - -] volume service is down. (host: rack13-server67@lvm-1)
2025-01-14 09:41:16.627 7 WARNING cinder.scheduler.host_manager [None req-d56c9b92-27a2-42b7-b724-b3ad29ce0977 de419ce225bd4bab8450c9aefa1b000a 98b8cf813d6e4cfe9a0fea78457e63c1 - - - -] volume service is down. (host: rack13-server67@lvm-1)
2025-01-14 09:41:22.122 7 WARNING cinder.scheduler.host_manager [None req-ee57f46b-f687-4a2f-9d99-5b83e90e8a90 ba49b65dffbc4d9493f5facfe3f02914 22154d3c593d4192b269de2c311ca2fb - - - -] volume service is down. (host: rack13-server67@lvm-1)
2025-01-14 09:41:22.131 7 WARNING cinder.scheduler.host_manager [None req-ee57f46b-f687-4a2f-9d99-5b83e90e8a90 ba49b65dffbc4d9493f5facfe3f02914 22154d3c593d4192b269de2c311ca2fb - - - -] volume service is down. (host: rack13-server67@lvm-1)
2025-01-14 09:41:23.551 7 WARNING cinder.scheduler.host_manager [None req-ce6f1b37-546c-46e8-a865-f924362fb573 ba49b65dffbc4d9493f5facfe3f02914 22154d3c593d4192b269de2c311ca2fb - - - -] volume service is down. (host: rack13-server67@lvm-1)
2025-01-14 09:41:25.364 7 WARNING cinder.scheduler.host_manager [None req-a3c97998-686a-456b-a174-04a13cdd716a bc6270c8219a46bcbd014f0e5f3021f3 9a50474cec794e6ea436c08e411e90aa - - - -] volume service is down. (host: rack13-server67@lvm-1)
2025-01-14 09:41:25.920 7 WARNING cinder.scheduler.host_manager [None req-9dfbcbbf-f4f5-4d9f-b5f2-bb76e1fef8fd ba49b65dffbc4d9493f5facfe3f02914 22154d3c593d4192b269de2c311ca2fb - - - -] volume service is down. (host: rack13-server67@lvm-1)
2025-01-14 09:41:27.711 7 WARNING cinder.scheduler.host_manager [None req-f2b8eaee-c5e8-4be2-842e-4ecf02bc6869 bc6270c8219a46bcbd014f0e5f3021f3 9a50474cec794e6ea436c08e411e90aa - - - -] volume service is down. (host: rack13-server67@lvm-1)
2025-01-14 09:41:28.590 7 WARNING cinder.scheduler.host_manager [None req-b30acd27-efa4-4ec6-b834-1ce7124b6795 514f90d1b2524ea4ba4e3f5d3f9c6c0e 68e7fd487806485abd94e6975b8523ed - - - -] volume service is down. (host: rack13-server67@lvm-1)
2025-01-14 09:41:28.592 7 INFO cinder.scheduler.base_filter [None req-b30acd27-efa4-4ec6-b834-1ce7124b6795 514f90d1b2524ea4ba4e3f5d3f9c6c0e 68e7fd487806485abd94e6975b8523ed - - - -] Filtering removed all hosts for the request with volume ID '7d9ba566-0e2f-464e-ad89-5528b7ba36b8'. Filter results: AvailabilityZoneFilter: (start: 1, end: 1), CapacityFilter: (start: 1, end: 1), CapabilitiesFilter: (start: 1, end: 0)
2025-01-14 09:41:28.592 7 WARNING cinder.scheduler.filter_scheduler [None req-b30acd27-efa4-4ec6-b834-1ce7124b6795 514f90d1b2524ea4ba4e3f5d3f9c6c0e 68e7fd487806485abd94e6975b8523ed - - - -] No weighed backend found for volume with properties: {'id': 'a3c133e3-5c81-4cfc-a32c-9187cbf06623', 'name': 'tempest-UserMessagesTest-volume-type-1283565951', 'description': None, 'is_public': True, 'projects': [], 'extra_specs': {'storage_protocol': 'tempest-storage_protocol-621819687', 'vendor_name': 'tempest-vendor_name-1400182339'}, 'qos_specs_id': None, 'created_at': '2025-01-14T09:41:27.000000', 'updated_at': None, 'deleted_at': None, 'deleted': False}
2025-01-14 09:41:28.593 7 INFO cinder.message.api [None req-b30acd27-efa4-4ec6-b834-1ce7124b6795 514f90d1b2524ea4ba4e3f5d3f9c6c0e 68e7fd487806485abd94e6975b8523ed - - - -] Creating message record for request_id = req-b30acd27-efa4-4ec6-b834-1ce7124b6795
2025-01-14 09:41:28.598 7 ERROR cinder.scheduler.flows.create_volume [None req-b30acd27-efa4-4ec6-b834-1ce7124b6795 514f90d1b2524ea4ba4e3f5d3f9c6c0e 68e7fd487806485abd94e6975b8523ed - - - -] Failed to run task cinder.scheduler.flows.create_volume.ScheduleCreateVolumeTask;volume:create: No valid backend was found. No weighed backends available: cinder.exception.NoValidBackend: No valid backend was found. No weighed backends available
2025-01-14 09:41:30.001 7 WARNING cinder.scheduler.host_manager [None req-44f1dd33-5e63-43bb-b732-529304ea5a56 bc6270c8219a46bcbd014f0e5f3021f3 9a50474cec794e6ea436c08e411e90aa - - - -] volume service is down. (host: rack13-server67@lvm-1)
2025-01-14 09:41:30.475 7 WARNING cinder.scheduler.host_manager [None req-00942ed4-01ad-4f93-b37f-36ea87d589ae 514f90d1b2524ea4ba4e3f5d3f9c6c0e 68e7fd487806485abd94e6975b8523ed - - - -] volume service is down. (host: rack13-server67@lvm-1)
2025-01-14 09:41:30.477 7 INFO cinder.scheduler.base_filter [None req-00942ed4-01ad-4f93-b37f-36ea87d589ae 514f90d1b2524ea4ba4e3f5d3f9c6c0e 68e7fd487806485abd94e6975b8523ed - - - -] Filtering removed all hosts for the request with volume ID 'a7d83fb8-a73a-43d7-b777-b7ff5dc1b217'. Filter results: AvailabilityZoneFilter: (start: 1, end: 1), CapacityFilter: (start: 1, end: 1), CapabilitiesFilter: (start: 1, end: 0)
2025-01-14 09:41:30.477 7 WARNING cinder.scheduler.filter_scheduler [None req-00942ed4-01ad-4f93-b37f-36ea87d589ae 514f90d1b2524ea4ba4e3f5d3f9c6c0e 68e7fd487806485abd94e6975b8523ed - - - -] No weighed backend found for volume with properties: {'id': 'ed369c17-7121-4249-8fdf-b09c0a77ad6b', 'name': 'tempest-UserMessagesTest-volume-type-1519720933', 'description': None, 'is_public': True, 'projects': [], 'extra_specs': {'storage_protocol': 'tempest-storage_protocol-55657210', 'vendor_name': 'tempest-vendor_name-2135569919'}, 'qos_specs_id': None, 'created_at': '2025-01-14T09:41:30.000000', 'updated_at': None, 'deleted_at': None, 'deleted': False}
2025-01-14 09:41:30.478 7 INFO cinder.message.api [None req-00942ed4-01ad-4f93-b37f-36ea87d589ae 514f90d1b2524ea4ba4e3f5d3f9c6c0e 68e7fd487806485abd94e6975b8523ed - - - -] Creating message record for request_id = req-00942ed4-01ad-4f93-b37f-36ea87d589ae
2025-01-14 09:41:30.483 7 ERROR cinder.scheduler.flows.create_volume [None req-00942ed4-01ad-4f93-b37f-36ea87d589ae 514f90d1b2524ea4ba4e3f5d3f9c6c0e 68e7fd487806485abd94e6975b8523ed - - - -] Failed to run task cinder.scheduler.flows.create_volume.ScheduleCreateVolumeTask;volume:create: No valid backend was found. No weighed backends available: cinder.exception.NoValidBackend: No valid backend was found. No weighed backends available
2025-01-14 09:41:33.775 7 WARNING cinder.scheduler.host_manager [None req-fe6ecef0-f1c3-4cd7-aa2f-eec5f349ed34 bc6270c8219a46bcbd014f0e5f3021f3 9a50474cec794e6ea436c08e411e90aa - - - -] volume service is down. (host: rack13-server67@lvm-1)
2025-01-14 09:41:36.110 7 WARNING cinder.scheduler.host_manager [None req-f2e5ec6c-1cba-4597-b9ea-b5bea5f39e21 bc6270c8219a46bcbd014f0e5f3021f3 9a50474cec794e6ea436c08e411e90aa - - - -] volume service is down. (host: rack13-server67@lvm-1)
2025-01-14 09:41:38.450 7 WARNING cinder.scheduler.host_manager [None req-ac39acab-6151-4781-88d8-4b47eaccf1be 4983c855fe3d41b98be029924a94f9a3 d4097d06d4684d77ade504864f05b482 - - - -] volume service is down. (host: rack13-server67@lvm-1)
2025-01-14 09:41:38.626 7 WARNING cinder.scheduler.host_manager [None req-b166d03f-6eee-47dd-8074-79dacfd20cd8 bc6270c8219a46bcbd014f0e5f3021f3 9a50474cec794e6ea436c08e411e90aa - - - -] volume service is down. (host: rack13-server67@lvm-1)
2025-01-14 09:41:50.466 7 WARNING cinder.scheduler.host_manager [None req-397ab321-d8dd-43ba-b895-8717ac8907b9 79ebfd1c515e48b38d3d6aff99cb44e7 2b821b98d03c4a1f8bcd58f358ae7962 - - - -] volume service is down. (host: rack13-server67@lvm-1)
2025-01-14 09:41:51.389 7 WARNING cinder.scheduler.host_manager [None req-ff2d7f5b-2fa6-4385-bda8-57b27fb4c2fc e6718c8027e04f4a98b7e4d314c93821 2ccfc413cc51453b8284eeb7fa5f956d - - - -] volume service is down. (host: rack13-server67@lvm-1)
2025-01-14 09:41:53.865 7 WARNING cinder.scheduler.host_manager [None req-54a3f9b4-52ba-4a02-abfc-a101e2d89e3a e6718c8027e04f4a98b7e4d314c93821 2ccfc413cc51453b8284eeb7fa5f956d - - - -] volume service is down. (host: rack13-server67@lvm-1)
2025-01-14 09:41:56.181 7 WARNING cinder.scheduler.host_manager [None req-e564c08d-071a-443f-af53-f75f3631c42b 79ebfd1c515e48b38d3d6aff99cb44e7 2b821b98d03c4a1f8bcd58f358ae7962 - - - -] volume service is down. (host: rack13-server67@lvm-1)
2025-01-14 09:42:02.648 7 WARNING cinder.scheduler.host_manager [None req-0ce42d9e-53f0-4a6d-8db2-e5789e142183 634eb264cb91441694450eeb9e802304 03129cf2a1bd4e5e94f1a62ca250fc26 - - - -] volume service is down. (host: rack13-server67@lvm-1)
2025-01-14 09:42:02.697 7 WARNING cinder.scheduler.host_manager [None req-3834dbd3-0641-4892-9419-3f260f629634 acf834b1afb849ff8e9170a3288daffc 41fb3c353d5e4002b9df7d6e7f2a9efb - - - -] volume service is down. (host: rack13-server67@lvm-1)
2025-01-14 09:42:04.161 7 WARNING cinder.scheduler.host_manager [None req-aa20e390-9096-4eae-a5f9-8821cfac1894 417caa7cac9d4f148b3f3950e2c4c008 3f789046b4264a8c8129335d48856ac5 - - - -] volume service is down. (host: rack13-server67@lvm-1)
2025-01-14 09:42:05.245 7 WARNING cinder.scheduler.host_manager [None req-17539df7-9fce-4423-96fd-a873e9e3d8fc acf834b1afb849ff8e9170a3288daffc 41fb3c353d5e4002b9df7d6e7f2a9efb - - - -] volume service is down. (host: rack13-server67@lvm-1)
2025-01-14 09:42:07.777 7 WARNING cinder.scheduler.host_manager [None req-2ae5f8d0-4bb4-4d14-94d8-70bc92d65127 acf834b1afb849ff8e9170a3288daffc 41fb3c353d5e4002b9df7d6e7f2a9efb - - - -] volume service is down. (host: rack13-server67@lvm-1)
2025-01-14 09:42:10.663 7 WARNING cinder.scheduler.host_manager [None req-42b698a2-2a54-4c79-9e99-e010124839de 8cb8177ef78b4529aa63811cc5a5ee17 0f63c04a4581422c943e58d5daa062fb - - - -] volume service is down. (host: rack13-server67@lvm-1)
2025-01-14 09:42:14.124 7 WARNING cinder.scheduler.host_manager [None req-29d01fd3-d2d9-4af2-8908-17f7b150ad84 417caa7cac9d4f148b3f3950e2c4c008 3f789046b4264a8c8129335d48856ac5 - - - -] volume service is down. (host: rack13-server67@lvm-1)
2025-01-14 09:42:18.594 7 WARNING cinder.scheduler.host_manager [None req-e60f2e76-9767-4866-ab7f-f1c5fb3041ea 1482d955321147a694b1715b631ece8c f9adcc21f0fc453aa1313687ea414b87 - - - -] volume service is down. (host: rack13-server67@lvm-1)
2025-01-14 09:42:20.167 7 WARNING cinder.scheduler.host_manager [None req-69c7a55d-35a6-471e-a797-f990a48759d5 417caa7cac9d4f148b3f3950e2c4c008 3f789046b4264a8c8129335d48856ac5 - - - -] volume service is down. (host: rack13-server67@lvm-1)
2025-01-14 09:42:20.844 7 WARNING cinder.scheduler.host_manager [None req-9a09828c-e442-4392-88e5-ea002732dab0 fe7fe7bd9b064884a5b67a2ee4d5e2f7 71ec2c561e4e44b2b380ed501032d43d - - - -] volume service is down. (host: rack13-server67@lvm-1)
2025-01-14 09:42:20.932 7 WARNING cinder.scheduler.host_manager [None req-7bc51ef4-d54c-4a4f-80b3-ffdaf3f90fea 1482d955321147a694b1715b631ece8c f9adcc21f0fc453aa1313687ea414b87 - - - -] volume service is down. (host: rack13-server67@lvm-1)
2025-01-14 09:42:22.639 7 WARNING cinder.scheduler.host_manager [None req-f323a21f-786f-4209-9914-bf389a56e4d4 417caa7cac9d4f148b3f3950e2c4c008 3f789046b4264a8c8129335d48856ac5 - - - -] volume service is down. (host: rack13-server67@lvm-1)
2025-01-14 09:42:32.178 7 WARNING cinder.scheduler.host_manager [None req-07bcc3fd-241d-4ddb-bae0-b429802fbe31 82fad2deb2f54796bf8f15ed3245d0fa bd45c78e406843f6b242146b6d3e8f5a - - - -] volume service is down. (host: rack13-server67@lvm-1)
2025-01-14 09:42:40.056 7 WARNING cinder.scheduler.host_manager [None req-c0522c3c-a6b1-4232-b371-0f61dce82a2d 6f8d3a0840a748b0ac55a7af99fa7097 18b3eee8745745b5b179916f97a95a96 - - - -] volume service is down. (host: rack13-server67@lvm-1)
2025-01-14 09:42:42.928 7 WARNING cinder.scheduler.host_manager [None req-2e698ddd-a273-468d-8dac-fb3183bb51b2 5ae9d53dcfd64f3296d61856b2c7c959 6858d8b4c81f41e59ea9b06a31d6650a - - - -] volume service is down. (host: rack13-server67@lvm-1)
2025-01-14 09:42:46.524 7 WARNING cinder.scheduler.host_manager [None req-065207cb-6120-4d3a-817d-331b644fafb9 8b273e32b1dd4b7daba11bba4a22f29b 94ddef90fba44bf9b1b058572824f287 - - - -] volume service is down. (host: rack13-server67@lvm-1)
2025-01-14 09:42:51.106 7 WARNING cinder.scheduler.host_manager [None req-109efb83-4535-4813-9286-545b48664456 96de5c7e51de4eca8d4b7a3abb6d2889 60d224b599f843d1b2686fcd1c295414 - - - -] volume service is down. (host: rack13-server67@lvm-1)
2025-01-14 09:42:56.863 7 WARNING cinder.scheduler.host_manager [None req-a8d1a900-e852-4929-ba19-8547b07c9d7d 96de5c7e51de4eca8d4b7a3abb6d2889 60d224b599f843d1b2686fcd1c295414 - - - -] volume service is down. (host: rack13-server67@lvm-1)
2025-01-14 09:42:57.520 7 WARNING cinder.scheduler.host_manager [None req-5de45d10-2a41-4e2b-9c26-1ef880b7a451 edb793b810e6497cbcb0556acf82f200 79f151b7788e449aac92ae3d17b3ff94 - - - -] volume service is down. (host: rack13-server67@lvm-1)
2025-01-14 09:43:03.134 7 WARNING cinder.scheduler.host_manager [None req-277bf54d-483f-4db1-8de9-e40bc7165e1e edb793b810e6497cbcb0556acf82f200 79f151b7788e449aac92ae3d17b3ff94 - - - -] volume service is down. (host: rack13-server67@lvm-1)
2025-01-14 09:43:05.009 7 WARNING cinder.scheduler.host_manager [None req-8ec0a838-53d4-4c14-b4ad-83500ed1eda9 8640d4883c084bf8aac27a0fc666eaf6 66f2037ad1874bdd84cdaa47e411babe - - - -] volume service is down. (host: rack13-server67@lvm-1)
2025-01-14 09:43:11.348 7 WARNING cinder.scheduler.host_manager [None req-a7b4fd27-e6f9-4a50-8399-5a0ba53b1cce 3ca0e189749c4582bf351e32019ba80f f479263cff7e407da2b950535e38f443 - - - -] volume service is down. (host: rack13-server67@lvm-1)
2025-01-14 09:43:13.683 7 WARNING cinder.scheduler.host_manager [None req-a97d8cbf-56ff-4f79-97a8-b2746cedf171 f5a5de9ac7a949408feb3757de61c837 aef70aa1105e4c8f9a26779ef06cb1a1 - - - -] volume service is down. (host: rack13-server67@lvm-1)
2025-01-14 09:43:13.769 7 WARNING cinder.scheduler.host_manager [None req-36d95f41-1313-4572-a083-d783ef2dc46f 8640d4883c084bf8aac27a0fc666eaf6 66f2037ad1874bdd84cdaa47e411babe - - - -] volume service is down. (host: rack13-server67@lvm-1)
2025-01-14 09:43:13.893 7 WARNING cinder.scheduler.host_manager [None req-ad2adb24-1e47-49d4-b7f3-7ef4ad685795 3ca0e189749c4582bf351e32019ba80f f479263cff7e407da2b950535e38f443 - - - -] volume service is down. (host: rack13-server67@lvm-1)
2025-01-14 09:43:16.060 7 WARNING cinder.scheduler.host_manager [None req-7b724394-f1c4-405c-b4eb-e4fbb460ef14 f5a5de9ac7a949408feb3757de61c837 aef70aa1105e4c8f9a26779ef06cb1a1 - - - -] volume service is down. (host: rack13-server67@lvm-1)
2025-01-14 09:43:16.474 7 WARNING cinder.scheduler.host_manager [None req-57a91ea7-1977-4c3e-9df6-837b27a657a0 3ca0e189749c4582bf351e32019ba80f f479263cff7e407da2b950535e38f443 - - - -] volume service is down. (host: rack13-server67@lvm-1)
2025-01-14 09:43:16.527 7 WARNING cinder.scheduler.host_manager [None req-72f5ca3e-ed04-4d9f-a9b7-33d999173e7b 8640d4883c084bf8aac27a0fc666eaf6 66f2037ad1874bdd84cdaa47e411babe - - - -] volume service is down. (host: rack13-server67@lvm-1)
2025-01-14 09:43:18.368 7 WARNING cinder.scheduler.host_manager [None req-969c8571-43ba-4c9e-957a-e99ec98c14a6 f5a5de9ac7a949408feb3757de61c837 aef70aa1105e4c8f9a26779ef06cb1a1 - - - -] volume service is down. (host: rack13-server67@lvm-1)
2025-01-14 09:43:18.878 7 WARNING cinder.scheduler.host_manager [None req-32f5b32e-6928-430c-a0f2-d737f3b427ec 8640d4883c084bf8aac27a0fc666eaf6 66f2037ad1874bdd84cdaa47e411babe - - - -] volume service is down. (host: rack13-server67@lvm-1)
2025-01-14 09:43:20.655 7 WARNING cinder.scheduler.host_manager [None req-d79746b8-95fa-41f9-be26-44ceaa47c5fc f5a5de9ac7a949408feb3757de61c837 aef70aa1105e4c8f9a26779ef06cb1a1 - - - -] volume service is down. (host: rack13-server67@lvm-1)
2025-01-14 09:43:21.201 7 WARNING cinder.scheduler.host_manager [None req-19552bfa-2e5e-4ca5-aff0-dc60a07f427a 8640d4883c084bf8aac27a0fc666eaf6 66f2037ad1874bdd84cdaa47e411babe - - - -] volume service is down. (host: rack13-server67@lvm-1)
2025-01-14 09:43:27.884 7 WARNING cinder.scheduler.host_manager [None req-f55f77b4-8cf8-43d9-affe-eb6a8bffe486 ba5d6890c15d4c24a60bded490804193 d945c6824a4f4ba99a745c7389fa8fca - - - -] volume service is down. (host: rack13-server67@lvm-1)
2025-01-14 09:43:28.620 7 WARNING cinder.scheduler.host_manager [None req-0871f38b-4fbb-471c-a96e-31d27c56f039 b7fb1e70ca65468dbdabc190c7d63d28 c1009be9ebf74bc2ad4b0856f04d0cf7 - - - -] volume service is down. (host: rack13-server67@lvm-1)
2025-01-14 09:43:30.232 7 WARNING cinder.scheduler.host_manager [None req-5783f062-70c9-4ad7-8d52-541c432b9930 ba5d6890c15d4c24a60bded490804193 d945c6824a4f4ba99a745c7389fa8fca - - - -] volume service is down. (host: rack13-server67@lvm-1)
2025-01-14 09:43:31.395 7 WARNING cinder.scheduler.host_manager [None req-9d82b7fe-1965-463a-84a7-f38736913d9d b7fb1e70ca65468dbdabc190c7d63d28 c1009be9ebf74bc2ad4b0856f04d0cf7 - - - -] volume service is down. (host: rack13-server67@lvm-1)
2025-01-14 09:43:36.254 7 WARNING cinder.scheduler.host_manager [None req-e605fe28-1720-4a52-bdbe-56ffbb48964f b7fb1e70ca65468dbdabc190c7d63d28 c1009be9ebf74bc2ad4b0856f04d0cf7 - - - -] volume service is down. (host: rack13-server67@lvm-1)
2025-01-14 09:43:38.800 7 WARNING cinder.scheduler.host_manager [None req-8bbbf038-6349-4926-811b-51d9caf5b48d b7fb1e70ca65468dbdabc190c7d63d28 c1009be9ebf74bc2ad4b0856f04d0cf7 - - - -] volume service is down. (host: rack13-server67@lvm-1)
2025-01-14 09:43:42.595 7 WARNING cinder.scheduler.host_manager [None req-911e6012-3cc6-4330-9e83-3cb15eb07b63 b7fb1e70ca65468dbdabc190c7d63d28 c1009be9ebf74bc2ad4b0856f04d0cf7 - - - -] volume service is down. (host: rack13-server67@lvm-1)
2025-01-14 09:43:49.207 7 WARNING cinder.scheduler.host_manager [None req-4833f45b-46e6-4553-a33a-d3fa778e5aca b7fb1e70ca65468dbdabc190c7d63d28 c1009be9ebf74bc2ad4b0856f04d0cf7 - - - -] volume service is down. (host: rack13-server67@lvm-1)
2025-01-14 09:43:58.370 7 WARNING cinder.scheduler.host_manager [None req-5236c11e-0435-4ba6-bacd-de0c8eda624b b7fb1e70ca65468dbdabc190c7d63d28 c1009be9ebf74bc2ad4b0856f04d0cf7 - - - -] volume service is down. (host: rack13-server67@lvm-1)
2025-01-14 09:44:10.937 7 WARNING cinder.scheduler.host_manager [None req-0b45fe38-2243-49e7-810e-87e280fa50e7 f8ce2b9187964a49ae51fb3994debc64 7a864deee557496788be4821bd80b590 - - - -] volume service is down. (host: rack13-server67@lvm-1)
2025-01-14 09:44:11.067 7 WARNING cinder.scheduler.host_manager [None req-55baddc5-a8df-45a0-ac83-a7f8b50e06d9 80e3c53dce7340b4a073344a8424da4f 2f32acfcbf1d4614886839ee87daea9a - - - -] volume service is down. (host: rack13-server67@lvm-1)
2025-01-14 09:44:11.109 7 WARNING cinder.scheduler.host_manager [None req-75aefe62-9964-46c7-b28c-0452bb330b92 929e53f651ac4784bd0cfabe007d4a50 ed8aef476ec64dba8f18d988e69e8ad6 - - - -] volume service is down. (host: rack13-server67@lvm-1)
2025-01-14 09:44:11.306 7 WARNING cinder.scheduler.host_manager [None req-7658d8ef-c11b-49ac-ac4a-9dff07957ad5 80e3c53dce7340b4a073344a8424da4f 2f32acfcbf1d4614886839ee87daea9a - - - -] volume service is down. (host: rack13-server67@lvm-1)
2025-01-14 09:44:11.617 7 WARNING cinder.scheduler.host_manager [None req-370b483c-20cc-47ad-9611-f2a480e54280 80e3c53dce7340b4a073344a8424da4f 2f32acfcbf1d4614886839ee87daea9a - - - -] volume service is down. (host: rack13-server67@lvm-1)
2025-01-14 09:44:11.904 7 WARNING cinder.scheduler.host_manager [None req-5a06c9bd-d69f-40ed-aa20-3df6cb8bfa1d 80e3c53dce7340b4a073344a8424da4f 2f32acfcbf1d4614886839ee87daea9a - - - -] volume service is down. (host: rack13-server67@lvm-1)
2025-01-14 09:44:12.208 7 WARNING cinder.scheduler.host_manager [None req-8d90ee61-7450-4044-b6ae-1f5f266b428d 80e3c53dce7340b4a073344a8424da4f 2f32acfcbf1d4614886839ee87daea9a - - - -] volume service is down. (host: rack13-server67@lvm-1)
2025-01-14 09:44:13.349 7 WARNING cinder.scheduler.host_manager [None req-0b673fd9-74f2-4489-968f-f2a8754bae9b f8ce2b9187964a49ae51fb3994debc64 7a864deee557496788be4821bd80b590 - - - -] volume service is down. (host: rack13-server67@lvm-1)
2025-01-14 09:44:13.594 7 WARNING cinder.scheduler.host_manager [None req-ec4e8137-d1f7-4db6-91ed-00a5ebdd7bab 929e53f651ac4784bd0cfabe007d4a50 ed8aef476ec64dba8f18d988e69e8ad6 - - - -] volume service is down. (host: rack13-server67@lvm-1)
2025-01-14 09:44:13.893 7 WARNING cinder.scheduler.host_manager [None req-f316176c-35fc-4567-971e-34d2731cca9f 929e53f651ac4784bd0cfabe007d4a50 ed8aef476ec64dba8f18d988e69e8ad6 - - - -] volume service is down. (host: rack13-server67@lvm-1)
2025-01-14 09:44:14.181 7 WARNING cinder.scheduler.host_manager [None req-8694f790-7639-4555-a85b-7e0d74c2b25e 929e53f651ac4784bd0cfabe007d4a50 ed8aef476ec64dba8f18d988e69e8ad6 - - - -] volume service is down. (host: rack13-server67@lvm-1)
2025-01-14 09:44:14.752 7 WARNING cinder.scheduler.host_manager [None req-44e03d77-0bcb-463c-be5b-55f6bd8ce78e 929e53f651ac4784bd0cfabe007d4a50 ed8aef476ec64dba8f18d988e69e8ad6 - - - -] volume service is down. (host: rack13-server67@lvm-1)
2025-01-14 09:44:15.052 7 WARNING cinder.scheduler.host_manager [None req-1a106846-c15e-4feb-be12-7459fe1d6ecb 929e53f651ac4784bd0cfabe007d4a50 ed8aef476ec64dba8f18d988e69e8ad6 - - - -] volume service is down. (host: rack13-server67@lvm-1)
2025-01-14 09:44:15.791 7 WARNING cinder.scheduler.host_manager [None req-2ff32bc2-8875-4844-807f-760994177ddc f8ce2b9187964a49ae51fb3994debc64 7a864deee557496788be4821bd80b590 - - - -] volume service is down. (host: rack13-server67@lvm-1)
2025-01-14 09:44:16.090 7 WARNING cinder.scheduler.host_manager [None req-27492b2c-3336-4c22-a4a3-9a729f725550 f8ce2b9187964a49ae51fb3994debc64 7a864deee557496788be4821bd80b590 - - - -] volume service is down. (host: rack13-server67@lvm-1)
2025-01-14 09:44:16.372 7 WARNING cinder.scheduler.host_manager [None req-a3488141-3324-4341-ba31-d7d34ffc9324 f8ce2b9187964a49ae51fb3994debc64 7a864deee557496788be4821bd80b590 - - - -] volume service is down. (host: rack13-server67@lvm-1)
2025-01-14 09:44:16.642 7 WARNING cinder.scheduler.host_manager [None req-f73c256f-0b47-4002-94e2-884e67f05fe6 f8ce2b9187964a49ae51fb3994debc64 7a864deee557496788be4821bd80b590 - - - -] volume service is down. (host: rack13-server67@lvm-1)
2025-01-14 09:44:16.929 7 WARNING cinder.scheduler.host_manager [None req-c01ab4fa-f96b-4547-aae9-8036b6f260ad f8ce2b9187964a49ae51fb3994debc64 7a864deee557496788be4821bd80b590 - - - -] volume service is down. (host: rack13-server67@lvm-1)
2025-01-14 09:44:23.219 7 WARNING cinder.scheduler.host_manager [None req-d828f812-cc3d-4a2d-a606-b36d8204f4d2 502e99e8b5e546da961782036094670b 7602c16bfcf840a4ba3a70c524994fec - - - -] volume service is down. (host: rack13-server67@lvm-1)
2025-01-14 09:44:25.754 7 WARNING cinder.scheduler.host_manager [None req-8988170b-16f9-4656-8fbe-b1615164861a 502e99e8b5e546da961782036094670b 7602c16bfcf840a4ba3a70c524994fec - - - -] volume service is down. (host: rack13-server67@lvm-1)
2025-01-14 09:44:28.232 7 WARNING cinder.scheduler.host_manager [None req-88cbfd68-6e1a-46ce-8819-6bb6203d6613 502e99e8b5e546da961782036094670b 7602c16bfcf840a4ba3a70c524994fec - - - -] volume service is down. (host: rack13-server67@lvm-1)
