Build Started 31_08_2022_22_59_44
2022-09-01 02:02:12.175 7 WARNING cinder.scheduler.host_manager [req-0a2d8fdb-fc76-4e99-b0bb-4ac47ddb8466 req-2a6ed781-b3a0-4a76-aecd-b572f2aa0685 9e64114f44884402a43cf40ae668a72a 5bc3985511c5427fa641abc31302047b - - - -] volume service is down. (host: rack03-server59@lvm-1)
2022-09-01 02:02:12.238 7 WARNING cinder.scheduler.host_manager [None req-3ce695fc-99b4-49ed-9a86-d620002b1814 049f3827271141b49ed9b80204248e60 714514dc471842d18f98648385f1aca3 - - - -] volume service is down. (host: rack03-server59@lvm-1)
2022-09-01 02:02:13.886 7 WARNING cinder.scheduler.host_manager [req-32619b5b-32b9-47c2-bcdc-7f4ab59d145c req-2953e3d6-683e-4254-a78f-ca2d81f4fb53 9e64114f44884402a43cf40ae668a72a 5bc3985511c5427fa641abc31302047b - - - -] volume service is down. (host: rack03-server59@lvm-1)
2022-09-01 02:02:22.585 7 WARNING cinder.scheduler.host_manager [None req-7fb311ca-6c14-4ac0-8d38-bad257feee76 5bb218bd1e1f4564b3ed307d5d0c6c98 c0ceaeaae4cc49b1b80dcaac52a38fb2 - - - -] volume service is down. (host: rack03-server59@lvm-1)
2022-09-01 02:02:22.622 7 WARNING cinder.scheduler.host_manager [None req-5fd94307-f4df-497d-9204-b2e398b93c8c 5bb218bd1e1f4564b3ed307d5d0c6c98 c0ceaeaae4cc49b1b80dcaac52a38fb2 - - - -] volume service is down. (host: rack03-server59@lvm-1)
2022-09-01 02:02:27.993 7 WARNING cinder.scheduler.host_manager [None req-a703a1b8-4ac6-49cd-9cde-f277de868fba 02fab578f0dd40fd8247170bf53dc0aa dda5a6588a664f49899cc0fe5bd13e12 - - - -] volume service is down. (host: rack03-server59@lvm-1)
2022-09-01 02:02:28.003 7 WARNING cinder.scheduler.host_manager [None req-a703a1b8-4ac6-49cd-9cde-f277de868fba 02fab578f0dd40fd8247170bf53dc0aa dda5a6588a664f49899cc0fe5bd13e12 - - - -] volume service is down. (host: rack03-server59@lvm-1)
2022-09-01 02:02:28.320 7 WARNING cinder.scheduler.host_manager [None req-e4100350-3076-4aaf-8e4d-424a8fc76fc5 e00935956728427da11cc2e024b36f61 d873953f5bf94d4dbd7dd186f72ce98b - - - -] volume service is down. (host: rack03-server59@lvm-1)
2022-09-01 02:02:29.350 7 WARNING cinder.scheduler.host_manager [None req-9ae7469d-7b1c-446d-b20e-b653e12d0ad0 02fab578f0dd40fd8247170bf53dc0aa dda5a6588a664f49899cc0fe5bd13e12 - - - -] volume service is down. (host: rack03-server59@lvm-1)
2022-09-01 02:02:30.844 7 WARNING cinder.scheduler.host_manager [None req-963793a3-c6f3-4ce7-b677-ad00d782a7da e00935956728427da11cc2e024b36f61 d873953f5bf94d4dbd7dd186f72ce98b - - - -] volume service is down. (host: rack03-server59@lvm-1)
2022-09-01 02:02:34.031 7 WARNING cinder.scheduler.host_manager [None req-d724ccc2-e717-4d37-9ed6-67565e43f805 02fab578f0dd40fd8247170bf53dc0aa dda5a6588a664f49899cc0fe5bd13e12 - - - -] volume service is down. (host: rack03-server59@lvm-1)
2022-09-01 02:02:39.213 7 WARNING cinder.scheduler.host_manager [None req-cb895d96-62be-4b23-8eb3-8c80ac6b3d2e 049f3827271141b49ed9b80204248e60 714514dc471842d18f98648385f1aca3 - - - -] volume service is down. (host: rack03-server59@lvm-1)
2022-09-01 02:02:39.578 7 WARNING cinder.scheduler.host_manager [None req-1ea73c2e-ce37-421a-8533-da2212df95e7 02fab578f0dd40fd8247170bf53dc0aa dda5a6588a664f49899cc0fe5bd13e12 - - - -] volume service is down. (host: rack03-server59@lvm-1)
2022-09-01 02:02:39.586 7 WARNING cinder.scheduler.host_manager [None req-1ea73c2e-ce37-421a-8533-da2212df95e7 02fab578f0dd40fd8247170bf53dc0aa dda5a6588a664f49899cc0fe5bd13e12 - - - -] volume service is down. (host: rack03-server59@lvm-1)
2022-09-01 02:02:40.909 7 WARNING cinder.scheduler.host_manager [None req-414b817c-a789-445b-944e-18cb1a954b84 02fab578f0dd40fd8247170bf53dc0aa dda5a6588a664f49899cc0fe5bd13e12 - - - -] volume service is down. (host: rack03-server59@lvm-1)
2022-09-01 02:02:41.555 7 WARNING cinder.scheduler.host_manager [None req-e860b9c6-7fa4-422e-ab60-3f5285c6a12c 2749d0706fa34c47a245d8901b219cc3 0a31aafbc58d49f5be43f9ac03e66a17 - - - -] volume service is down. (host: rack03-server59@lvm-1)
2022-09-01 02:02:43.356 7 WARNING cinder.scheduler.host_manager [None req-165c4783-c581-4d23-ad0c-6371a865593d 02fab578f0dd40fd8247170bf53dc0aa dda5a6588a664f49899cc0fe5bd13e12 - - - -] volume service is down. (host: rack03-server59@lvm-1)
2022-09-01 02:02:43.906 7 WARNING cinder.scheduler.host_manager [None req-e96c496a-04b8-4ed6-96ba-0adc4d6d9db3 2749d0706fa34c47a245d8901b219cc3 0a31aafbc58d49f5be43f9ac03e66a17 - - - -] volume service is down. (host: rack03-server59@lvm-1)
2022-09-01 02:02:56.446 7 WARNING cinder.scheduler.host_manager [None req-4b46e5af-f9ee-4835-a518-c89b455e9365 02fab578f0dd40fd8247170bf53dc0aa dda5a6588a664f49899cc0fe5bd13e12 - - - -] volume service is down. (host: rack03-server59@lvm-1)
2022-09-01 02:02:56.454 7 WARNING cinder.scheduler.host_manager [None req-4b46e5af-f9ee-4835-a518-c89b455e9365 02fab578f0dd40fd8247170bf53dc0aa dda5a6588a664f49899cc0fe5bd13e12 - - - -] volume service is down. (host: rack03-server59@lvm-1)
2022-09-01 02:02:57.490 7 WARNING cinder.scheduler.host_manager [None req-d0526b15-5699-4fb2-9fcc-8fa90f907dca 7a0b3c1015ac4320ba83739b4e7b3571 26d7557a000341af99c15ac43976df21 - - - -] volume service is down. (host: rack03-server59@lvm-1)
2022-09-01 02:02:57.785 7 WARNING cinder.scheduler.host_manager [None req-b3d524a0-7495-43cd-9ae9-b518b7715558 02fab578f0dd40fd8247170bf53dc0aa dda5a6588a664f49899cc0fe5bd13e12 - - - -] volume service is down. (host: rack03-server59@lvm-1)
2022-09-01 02:02:58.722 7 WARNING cinder.scheduler.host_manager [None req-ab5460d0-c20c-47d1-a82f-2d5e782080bd 7a0b3c1015ac4320ba83739b4e7b3571 26d7557a000341af99c15ac43976df21 - - - -] volume service is down. (host: rack03-server59@lvm-1)
2022-09-01 02:03:10.745 7 WARNING cinder.scheduler.host_manager [None req-5ed2c271-9afd-4f56-a25a-52d1cdad6f2a 2a2ab55b75254355b06ccd384fa66555 70ac8dd14dec463e979a995b3b010ac9 - - - -] volume service is down. (host: rack03-server59@lvm-1)
2022-09-01 02:03:10.752 7 WARNING cinder.scheduler.host_manager [None req-5ed2c271-9afd-4f56-a25a-52d1cdad6f2a 2a2ab55b75254355b06ccd384fa66555 70ac8dd14dec463e979a995b3b010ac9 - - - -] volume service is down. (host: rack03-server59@lvm-1)
2022-09-01 02:03:11.907 7 WARNING cinder.scheduler.host_manager [None req-4aaf876d-db11-47c6-8a62-41158f0dbc9b 2a2ab55b75254355b06ccd384fa66555 70ac8dd14dec463e979a995b3b010ac9 - - - -] volume service is down. (host: rack03-server59@lvm-1)
2022-09-01 02:03:11.913 7 WARNING cinder.scheduler.host_manager [None req-4aaf876d-db11-47c6-8a62-41158f0dbc9b 2a2ab55b75254355b06ccd384fa66555 70ac8dd14dec463e979a995b3b010ac9 - - - -] volume service is down. (host: rack03-server59@lvm-1)
2022-09-01 02:03:13.267 7 WARNING cinder.scheduler.host_manager [None req-5c195971-eef9-4c84-97d6-c2eb1c56f044 2a2ab55b75254355b06ccd384fa66555 70ac8dd14dec463e979a995b3b010ac9 - - - -] volume service is down. (host: rack03-server59@lvm-1)
2022-09-01 02:03:15.072 7 WARNING cinder.scheduler.host_manager [None req-8e3b5fb7-246f-477d-9421-2ec9beb9bc3a ad24d35025d146a69e1abeeb7844fd9b 7f3df1cbf6e04f7eb193b81ac0690c8d - - - -] volume service is down. (host: rack03-server59@lvm-1)
2022-09-01 02:03:17.476 7 WARNING cinder.scheduler.host_manager [None req-6c28d154-d89c-4111-9606-b196ac646802 ad24d35025d146a69e1abeeb7844fd9b 7f3df1cbf6e04f7eb193b81ac0690c8d - - - -] volume service is down. (host: rack03-server59@lvm-1)
2022-09-01 02:03:18.668 7 WARNING cinder.scheduler.host_manager [None req-b3a67542-2370-42a1-ba7a-2030cb44a716 2a2ab55b75254355b06ccd384fa66555 70ac8dd14dec463e979a995b3b010ac9 - - - -] volume service is down. (host: rack03-server59@lvm-1)
2022-09-01 02:03:18.676 7 WARNING cinder.scheduler.host_manager [None req-b3a67542-2370-42a1-ba7a-2030cb44a716 2a2ab55b75254355b06ccd384fa66555 70ac8dd14dec463e979a995b3b010ac9 - - - -] volume service is down. (host: rack03-server59@lvm-1)
2022-09-01 02:03:19.887 7 WARNING cinder.scheduler.host_manager [None req-0f3c2e36-ee07-4cd9-87ae-c8eee2615213 ad24d35025d146a69e1abeeb7844fd9b 7f3df1cbf6e04f7eb193b81ac0690c8d - - - -] volume service is down. (host: rack03-server59@lvm-1)
2022-09-01 02:03:20.020 7 WARNING cinder.scheduler.host_manager [None req-1b8d39ae-19c7-41dd-b340-15eb435c4e86 2a2ab55b75254355b06ccd384fa66555 70ac8dd14dec463e979a995b3b010ac9 - - - -] volume service is down. (host: rack03-server59@lvm-1)
2022-09-01 02:03:22.447 7 WARNING cinder.scheduler.host_manager [None req-b58a2ee2-836a-41d7-bd86-bf6af3501c39 990253c912214e8294a6bddd153710ec eeaf97ad2eaa48318fae5ed0836a0ee0 - - - -] volume service is down. (host: rack03-server59@lvm-1)
2022-09-01 02:03:22.524 7 WARNING cinder.scheduler.host_manager [None req-896259a0-4783-4cb6-9370-f2dca49acdc1 2a2ab55b75254355b06ccd384fa66555 70ac8dd14dec463e979a995b3b010ac9 - - - -] volume service is down. (host: rack03-server59@lvm-1)
2022-09-01 02:03:34.409 7 WARNING cinder.scheduler.host_manager [None req-ddcba22e-2e2f-4605-b01d-494dafeeee82 ed9c198da9ba4bf585e645e883c5425c cbd1724f627a49a6933b0b67c76ff3e5 - - - -] volume service is down. (host: rack03-server59@lvm-1)
2022-09-01 02:03:34.416 7 WARNING cinder.scheduler.host_manager [None req-ddcba22e-2e2f-4605-b01d-494dafeeee82 ed9c198da9ba4bf585e645e883c5425c cbd1724f627a49a6933b0b67c76ff3e5 - - - -] volume service is down. (host: rack03-server59@lvm-1)
2022-09-01 02:03:35.761 7 WARNING cinder.scheduler.host_manager [None req-25cea4ca-39af-4be6-a97a-70a5bd781260 ed9c198da9ba4bf585e645e883c5425c cbd1724f627a49a6933b0b67c76ff3e5 - - - -] volume service is down. (host: rack03-server59@lvm-1)
2022-09-01 02:03:36.120 7 WARNING cinder.scheduler.host_manager [None req-e0844571-1029-4d59-9486-1e3640fd66d3 25d44c8e7fe5417383fb3161f7391f78 51b0a872297f4e059c2cf707594b816a - - - -] volume service is down. (host: rack03-server59@lvm-1)
2022-09-01 02:03:38.073 7 WARNING cinder.scheduler.host_manager [None req-2109655c-9e2b-42c2-b344-48e09a126148 ed9c198da9ba4bf585e645e883c5425c cbd1724f627a49a6933b0b67c76ff3e5 - - - -] volume service is down. (host: rack03-server59@lvm-1)
2022-09-01 02:03:43.075 7 WARNING cinder.scheduler.host_manager [None req-85a8f16b-4a9c-4aec-a29d-6990287e6185 bf9c2fa84d0e4fd4869cf18d90fad012 12135bd32e3d41e28420887c7d0f92e1 - - - -] volume service is down. (host: rack03-server59@lvm-1)
2022-09-01 02:03:49.963 7 WARNING cinder.scheduler.host_manager [None req-021d3486-2178-4ad2-b6a3-e419e3fc20c4 e0699566b3fb48cb9576fd6690d06b2b 7d92ebbc5a6440b79245e3ebbdfee5f5 - - - -] volume service is down. (host: rack03-server59@lvm-1)
2022-09-01 02:03:49.971 7 WARNING cinder.scheduler.host_manager [None req-021d3486-2178-4ad2-b6a3-e419e3fc20c4 e0699566b3fb48cb9576fd6690d06b2b 7d92ebbc5a6440b79245e3ebbdfee5f5 - - - -] volume service is down. (host: rack03-server59@lvm-1)
2022-09-01 02:03:52.304 7 WARNING cinder.scheduler.host_manager [None req-5bec8b34-b81a-4b6a-b7d3-c167ae00c0f6 049f3827271141b49ed9b80204248e60 714514dc471842d18f98648385f1aca3 - - - -] volume service is down. (host: rack03-server59@lvm-1)
2022-09-01 02:03:52.432 7 WARNING cinder.scheduler.host_manager [None req-dab83117-da5d-4b62-9a28-e4852c701e81 3d55c7e8ff204632a1ac07674398339b 2b7d5482ab2a4ddb884922125ee42901 - - - -] volume service is down. (host: rack03-server59@lvm-1)
2022-09-01 02:03:56.944 7 WARNING cinder.scheduler.host_manager [None req-63d3f8df-28f8-4f47-8e0b-2a6e65d87da0 3d55c7e8ff204632a1ac07674398339b 2b7d5482ab2a4ddb884922125ee42901 - - - -] volume service is down. (host: rack03-server59@lvm-1)
2022-09-01 02:04:06.453 7 WARNING cinder.scheduler.host_manager [None req-dc8fa699-5c01-4649-bcfe-ceb01dfe921e 6337ed7c22f04250a8e4000fc1c0f5c6 08f531b55ed44b91bd7cc8ae0edaf4ac - - - -] volume service is down. (host: rack03-server59@lvm-1)
2022-09-01 02:04:10.931 7 WARNING cinder.scheduler.host_manager [req-bfd202f4-b615-4983-b217-cb1a44fe31b4 req-cbbd8f59-40e6-4179-b9c9-92c587afbb59 049f3827271141b49ed9b80204248e60 714514dc471842d18f98648385f1aca3 - - - -] volume service is down. (host: rack03-server59@lvm-1)
2022-09-01 02:04:15.451 7 WARNING cinder.scheduler.host_manager [None req-85d2d272-5467-4afa-9549-ad8b222f8e93 6337ed7c22f04250a8e4000fc1c0f5c6 08f531b55ed44b91bd7cc8ae0edaf4ac - - - -] volume service is down. (host: rack03-server59@lvm-1)
2022-09-01 02:04:25.406 7 WARNING cinder.scheduler.host_manager [None req-f969cc11-9c5a-4740-9c8c-5f86fec779e6 fe04f3335a0d4919ab1f922604bffd99 9ea9b0d2bb8241ae8dbfc01dc2117056 - - - -] volume service is down. (host: rack03-server59@lvm-1)
2022-09-01 02:04:26.222 7 WARNING cinder.scheduler.host_manager [req-4e62fe57-018e-4211-b1d8-6b5a98f1933d req-a155f0bd-ca35-4643-95a5-8ec7e51eb8c5 d8d4d1e22ebe431dab7768047877ffe4 4e2d6dc860bf422bb3fb9b6ac2ee52ca - - - -] volume service is down. (host: rack03-server59@lvm-1)
2022-09-01 02:04:32.966 7 WARNING cinder.scheduler.host_manager [None req-f384646c-859e-454a-a921-dda35b256c77 3159c8565bba4907bdc4c0810c603dba 6b145bd0b8284ca6a8be1e3af86ac506 - - - -] volume service is down. (host: rack03-server59@lvm-1)
2022-09-01 02:04:35.407 7 WARNING cinder.scheduler.host_manager [None req-6bef82f7-9fb0-4cbb-8b32-cb24e5f0f73b 3159c8565bba4907bdc4c0810c603dba 6b145bd0b8284ca6a8be1e3af86ac506 - - - -] volume service is down. (host: rack03-server59@lvm-1)
2022-09-01 02:04:35.859 7 WARNING cinder.scheduler.host_manager [None req-746e98af-5f15-4209-8f5d-1190ae15079d a1b59be6f0214161b35bd4d470a44907 b51eee6f800048d2b15f8ac938ac2567 - - - -] volume service is down. (host: rack03-server59@lvm-1)
2022-09-01 02:04:36.786 7 WARNING cinder.scheduler.host_manager [None req-c842ad73-8b41-4f72-b8eb-7c07a314412b 3159c8565bba4907bdc4c0810c603dba 6b145bd0b8284ca6a8be1e3af86ac506 - - - -] volume service is down. (host: rack03-server59@lvm-1)
2022-09-01 02:04:37.143 7 WARNING cinder.scheduler.host_manager [None req-e8c00079-ac42-477f-99fa-7ab2a60bb3b4 fe04f3335a0d4919ab1f922604bffd99 9ea9b0d2bb8241ae8dbfc01dc2117056 - - - -] volume service is down. (host: rack03-server59@lvm-1)
2022-09-01 02:04:38.511 7 WARNING cinder.scheduler.host_manager [None req-e3006e29-e4b8-4885-a6b4-f803fbf4a895 fe04f3335a0d4919ab1f922604bffd99 9ea9b0d2bb8241ae8dbfc01dc2117056 - - - -] volume service is down. (host: rack03-server59@lvm-1)
2022-09-01 02:04:40.810 7 WARNING cinder.scheduler.host_manager [None req-8dc22e48-246f-4adb-b3d4-6becdbe4eb22 fe04f3335a0d4919ab1f922604bffd99 9ea9b0d2bb8241ae8dbfc01dc2117056 - - - -] volume service is down. (host: rack03-server59@lvm-1)
2022-09-01 02:04:43.028 7 WARNING cinder.scheduler.host_manager [None req-c22a5d44-e683-465d-a177-3f8e4ce9c3e0 fe04f3335a0d4919ab1f922604bffd99 9ea9b0d2bb8241ae8dbfc01dc2117056 - - - -] volume service is down. (host: rack03-server59@lvm-1)
2022-09-01 02:04:54.146 7 WARNING cinder.scheduler.host_manager [None req-8af27ff9-c66b-4bf9-aa29-b6b4c74d63dd bd913ce60ea8445c9adcd5061bdc622e d9695138eaa1429b8f14b154ffa153ed - - - -] volume service is down. (host: rack03-server59@lvm-1)
2022-09-01 02:05:02.149 7 WARNING cinder.scheduler.host_manager [None req-fb3d64ab-422d-4b27-a936-4e6ab959b33e bd913ce60ea8445c9adcd5061bdc622e d9695138eaa1429b8f14b154ffa153ed - - - -] volume service is down. (host: rack03-server59@lvm-1)
2022-09-01 02:05:07.497 7 WARNING cinder.scheduler.host_manager [None req-b029966b-5d2e-4f1c-a5ee-a01479d48835 b7174fc486bb419990b97d95153de884 9a95ef9c47fa4556b7d2365e1c0255f3 - - - -] volume service is down. (host: rack03-server59@lvm-1)
2022-09-01 02:05:09.765 7 WARNING cinder.scheduler.host_manager [None req-6d4c3c30-6a31-4244-b3a9-e4a1ef59e22c b7174fc486bb419990b97d95153de884 9a95ef9c47fa4556b7d2365e1c0255f3 - - - -] volume service is down. (host: rack03-server59@lvm-1)
2022-09-01 02:05:11.248 7 WARNING cinder.scheduler.host_manager [None req-7341a717-e5df-4f7c-9d72-92417f182658 65a05c5a9e064dd28eff67646ea2fe44 d8ef14868cce43ba8f42247a075ae827 - - - -] volume service is down. (host: rack03-server59@lvm-1)
2022-09-01 02:05:12.384 7 WARNING cinder.scheduler.host_manager [None req-29f8623b-1db0-462b-abd1-b706111df351 b7174fc486bb419990b97d95153de884 9a95ef9c47fa4556b7d2365e1c0255f3 - - - -] volume service is down. (host: rack03-server59@lvm-1)
2022-09-01 02:05:15.886 7 WARNING cinder.scheduler.host_manager [None req-f6e1aaea-ec1f-41d2-89e2-6381b21a2abc b7174fc486bb419990b97d95153de884 9a95ef9c47fa4556b7d2365e1c0255f3 - - - -] volume service is down. (host: rack03-server59@lvm-1)
2022-09-01 02:05:17.537 7 WARNING cinder.scheduler.host_manager [None req-52e302b4-1c20-496c-96a1-e97dd9b97b3a bd913ce60ea8445c9adcd5061bdc622e d9695138eaa1429b8f14b154ffa153ed - - - -] volume service is down. (host: rack03-server59@lvm-1)
2022-09-01 02:05:19.434 7 WARNING cinder.scheduler.host_manager [None req-f2e4ea54-8d16-47ac-8ca6-a52e4876c6a9 b7174fc486bb419990b97d95153de884 9a95ef9c47fa4556b7d2365e1c0255f3 - - - -] volume service is down. (host: rack03-server59@lvm-1)
2022-09-01 02:05:19.781 7 WARNING cinder.scheduler.host_manager [None req-ddf0b16d-0e9b-4215-9c9f-ba128cc38346 bd913ce60ea8445c9adcd5061bdc622e d9695138eaa1429b8f14b154ffa153ed - - - -] volume service is down. (host: rack03-server59@lvm-1)
2022-09-01 02:05:22.053 7 WARNING cinder.scheduler.host_manager [None req-cdc38928-5d9e-4b95-afd6-ee78e4724d95 bd913ce60ea8445c9adcd5061bdc622e d9695138eaa1429b8f14b154ffa153ed - - - -] volume service is down. (host: rack03-server59@lvm-1)
2022-09-01 02:05:23.011 7 WARNING cinder.scheduler.host_manager [None req-adee5cbf-af05-4ce3-90eb-1ece0a307417 b7174fc486bb419990b97d95153de884 9a95ef9c47fa4556b7d2365e1c0255f3 - - - -] volume service is down. (host: rack03-server59@lvm-1)
2022-09-01 02:05:23.162 7 WARNING cinder.scheduler.host_manager [None req-1cd79c6d-555a-464c-a45d-a93888c9e4c2 65a05c5a9e064dd28eff67646ea2fe44 d8ef14868cce43ba8f42247a075ae827 - - - -] volume service is down. (host: rack03-server59@lvm-1)
2022-09-01 02:05:29.814 7 WARNING cinder.scheduler.host_manager [None req-1c94863a-edb9-42a3-b10f-f7547883b448 65a05c5a9e064dd28eff67646ea2fe44 d8ef14868cce43ba8f42247a075ae827 - - - -] volume service is down. (host: rack03-server59@lvm-1)
2022-09-01 02:05:31.241 7 WARNING cinder.scheduler.host_manager [None req-79de781a-4638-4a5e-8dab-fed3f4fddb0f bd913ce60ea8445c9adcd5061bdc622e d9695138eaa1429b8f14b154ffa153ed - - - -] volume service is down. (host: rack03-server59@lvm-1)
2022-09-01 02:05:32.182 7 WARNING cinder.scheduler.host_manager [None req-576c5d5a-ca89-4a39-9766-54f266c5e36e 65a05c5a9e064dd28eff67646ea2fe44 d8ef14868cce43ba8f42247a075ae827 - - - -] volume service is down. (host: rack03-server59@lvm-1)
2022-09-01 02:05:34.724 7 WARNING cinder.scheduler.host_manager [None req-3fb40932-f31b-4162-bf13-ebd499de3abf 35996a851d1e42e0ad5a24550325bbb9 f3ea3c4f8b87457981160aa1a4cb9e1a - - - -] volume service is down. (host: rack03-server59@lvm-1)
2022-09-01 02:05:34.725 7 INFO cinder.scheduler.base_filter [None req-3fb40932-f31b-4162-bf13-ebd499de3abf 35996a851d1e42e0ad5a24550325bbb9 f3ea3c4f8b87457981160aa1a4cb9e1a - - - -] Filtering removed all hosts for the request with volume ID 'a085db60-27d6-45fe-a67d-55bcea0090c4'. Filter results: AvailabilityZoneFilter: (start: 1, end: 1), CapacityFilter: (start: 1, end: 1), CapabilitiesFilter: (start: 1, end: 0)
2022-09-01 02:05:34.725 7 WARNING cinder.scheduler.filter_scheduler [None req-3fb40932-f31b-4162-bf13-ebd499de3abf 35996a851d1e42e0ad5a24550325bbb9 f3ea3c4f8b87457981160aa1a4cb9e1a - - - -] No weighed backend found for volume with properties: {'id': 'e2105b15-adda-44a7-929c-122b9f33e627', 'name': 'tempest-UserMessagesTest-volume-type-32624754', 'description': None, 'is_public': True, 'projects': [], 'extra_specs': {'storage_protocol': 'tempest-storage_protocol-1223373827', 'vendor_name': 'tempest-vendor_name-480838928'}, 'qos_specs_id': None, 'created_at': '2022-08-31T23:05:34.000000', 'updated_at': None, 'deleted_at': None, 'deleted': False}
2022-09-01 02:05:34.726 7 INFO cinder.message.api [None req-3fb40932-f31b-4162-bf13-ebd499de3abf 35996a851d1e42e0ad5a24550325bbb9 f3ea3c4f8b87457981160aa1a4cb9e1a - - - -] Creating message record for request_id = req-3fb40932-f31b-4162-bf13-ebd499de3abf
2022-09-01 02:05:34.728 7 WARNING cinder.scheduler.host_manager [None req-269c1ea5-e3e2-46ee-9ce1-8f1ca7bd60ba bd913ce60ea8445c9adcd5061bdc622e d9695138eaa1429b8f14b154ffa153ed - - - -] volume service is down. (host: rack03-server59@lvm-1)
2022-09-01 02:05:34.733 7 ERROR cinder.scheduler.flows.create_volume [None req-3fb40932-f31b-4162-bf13-ebd499de3abf 35996a851d1e42e0ad5a24550325bbb9 f3ea3c4f8b87457981160aa1a4cb9e1a - - - -] Failed to run task cinder.scheduler.flows.create_volume.ScheduleCreateVolumeTask;volume:create: No valid backend was found. No weighed backends available: cinder.exception.NoValidBackend: No valid backend was found. No weighed backends available
2022-09-01 02:05:36.206 7 WARNING cinder.scheduler.host_manager [None req-538c9fa3-94b9-4f58-a706-5277623d59d1 35996a851d1e42e0ad5a24550325bbb9 f3ea3c4f8b87457981160aa1a4cb9e1a - - - -] volume service is down. (host: rack03-server59@lvm-1)
2022-09-01 02:05:36.207 7 INFO cinder.scheduler.base_filter [None req-538c9fa3-94b9-4f58-a706-5277623d59d1 35996a851d1e42e0ad5a24550325bbb9 f3ea3c4f8b87457981160aa1a4cb9e1a - - - -] Filtering removed all hosts for the request with volume ID '9001f67c-7e76-4142-b9f6-91106071489c'. Filter results: AvailabilityZoneFilter: (start: 1, end: 1), CapacityFilter: (start: 1, end: 1), CapabilitiesFilter: (start: 1, end: 0)
2022-09-01 02:05:36.207 7 WARNING cinder.scheduler.filter_scheduler [None req-538c9fa3-94b9-4f58-a706-5277623d59d1 35996a851d1e42e0ad5a24550325bbb9 f3ea3c4f8b87457981160aa1a4cb9e1a - - - -] No weighed backend found for volume with properties: {'id': 'd7f07d16-2aa4-4df2-8e51-f32a92276916', 'name': 'tempest-UserMessagesTest-volume-type-830552391', 'description': None, 'is_public': True, 'projects': [], 'extra_specs': {'storage_protocol': 'tempest-storage_protocol-8076422', 'vendor_name': 'tempest-vendor_name-940977953'}, 'qos_specs_id': None, 'created_at': '2022-08-31T23:05:35.000000', 'updated_at': None, 'deleted_at': None, 'deleted': False}
2022-09-01 02:05:36.208 7 INFO cinder.message.api [None req-538c9fa3-94b9-4f58-a706-5277623d59d1 35996a851d1e42e0ad5a24550325bbb9 f3ea3c4f8b87457981160aa1a4cb9e1a - - - -] Creating message record for request_id = req-538c9fa3-94b9-4f58-a706-5277623d59d1
2022-09-01 02:05:36.213 7 ERROR cinder.scheduler.flows.create_volume [None req-538c9fa3-94b9-4f58-a706-5277623d59d1 35996a851d1e42e0ad5a24550325bbb9 f3ea3c4f8b87457981160aa1a4cb9e1a - - - -] Failed to run task cinder.scheduler.flows.create_volume.ScheduleCreateVolumeTask;volume:create: No valid backend was found. No weighed backends available: cinder.exception.NoValidBackend: No valid backend was found. No weighed backends available
2022-09-01 02:05:43.078 7 WARNING cinder.scheduler.host_manager [None req-e0e4e667-0fe2-4546-9380-bd3a4cc59b4b dda0f1f4065e402091503c54f891ca0c 1a0adc4ab32542a0ad77f99d2c27b4dc - - - -] volume service is down. (host: rack03-server59@lvm-1)
2022-09-01 02:05:43.317 7 WARNING cinder.scheduler.host_manager [None req-56236a5d-580a-4f46-bf11-c5ea2308a499 f2bdc26ea5e3417f9bac053851f79ebe 074724e32c794c5fb79f83c4ea35f0a3 - - - -] volume service is down. (host: rack03-server59@lvm-1)
2022-09-01 02:05:43.763 7 WARNING cinder.scheduler.host_manager [None req-29ae127f-2639-4db6-8f41-1ff90ea9f7d4 bd913ce60ea8445c9adcd5061bdc622e d9695138eaa1429b8f14b154ffa153ed - - - -] volume service is down. (host: rack03-server59@lvm-1)
2022-09-01 02:05:46.017 7 WARNING cinder.scheduler.host_manager [None req-eee14af6-7918-4195-854d-ca51d027cc71 bd913ce60ea8445c9adcd5061bdc622e d9695138eaa1429b8f14b154ffa153ed - - - -] volume service is down. (host: rack03-server59@lvm-1)
2022-09-01 02:05:48.813 7 WARNING cinder.scheduler.host_manager [None req-ab30b07d-99c9-49c1-b62b-fbcce89d09df d338b0d289b949328b7531cb6bf7c480 84722ef6d7484711a3e640a1ed43e4b7 - - - -] volume service is down. (host: rack03-server59@lvm-1)
2022-09-01 02:05:49.862 7 WARNING cinder.scheduler.host_manager [None req-3a68c9bc-6e68-4299-a0f1-a846b357e850 27998abde0b4459c9438091bdde6003b 331d7b45e52249ee943ec6d3707dff7f - - - -] volume service is down. (host: rack03-server59@lvm-1)
2022-09-01 02:05:51.399 7 WARNING cinder.scheduler.host_manager [None req-7626d56b-0541-4d59-9213-fd2306d58080 27998abde0b4459c9438091bdde6003b 331d7b45e52249ee943ec6d3707dff7f - - - -] volume service is down. (host: rack03-server59@lvm-1)
2022-09-01 02:05:55.315 7 WARNING cinder.scheduler.host_manager [None req-65b9f522-23da-4a9b-96bc-c1790e388088 bd913ce60ea8445c9adcd5061bdc622e d9695138eaa1429b8f14b154ffa153ed - - - -] volume service is down. (host: rack03-server59@lvm-1)
2022-09-01 02:05:56.089 7 WARNING cinder.scheduler.host_manager [None req-bab32a3e-52af-44f2-bd19-182e7614afe4 27998abde0b4459c9438091bdde6003b 331d7b45e52249ee943ec6d3707dff7f - - - -] volume service is down. (host: rack03-server59@lvm-1)
2022-09-01 02:05:57.583 7 WARNING cinder.scheduler.host_manager [None req-995db23b-251b-4ff0-befc-412448ca5ffe bd913ce60ea8445c9adcd5061bdc622e d9695138eaa1429b8f14b154ffa153ed - - - -] volume service is down. (host: rack03-server59@lvm-1)
2022-09-01 02:05:58.510 7 WARNING cinder.scheduler.host_manager [None req-4df52747-e04f-465c-810b-f060fbc61782 27998abde0b4459c9438091bdde6003b 331d7b45e52249ee943ec6d3707dff7f - - - -] volume service is down. (host: rack03-server59@lvm-1)
2022-09-01 02:05:58.734 7 WARNING cinder.scheduler.host_manager [None req-1e27dae4-4409-4b7e-befe-cef3dca0c4c1 d66c2663ba2d416a88522ee0aae2206c 34d882ab27de4a5988f98c54bddb2202 - - - -] volume service is down. (host: rack03-server59@lvm-1)
2022-09-01 02:05:59.997 7 WARNING cinder.scheduler.host_manager [None req-9b337411-bb5c-46ef-986e-a43249526b44 bd913ce60ea8445c9adcd5061bdc622e d9695138eaa1429b8f14b154ffa153ed - - - -] volume service is down. (host: rack03-server59@lvm-1)
2022-09-01 02:06:02.166 7 WARNING cinder.scheduler.host_manager [None req-8dddcfa9-9f97-43fa-af2c-265da4142b1c 27998abde0b4459c9438091bdde6003b 331d7b45e52249ee943ec6d3707dff7f - - - -] volume service is down. (host: rack03-server59@lvm-1)
2022-09-01 02:06:03.546 7 WARNING cinder.scheduler.host_manager [None req-79bec82d-1f22-4df8-8dc8-9ec587233748 bd913ce60ea8445c9adcd5061bdc622e d9695138eaa1429b8f14b154ffa153ed - - - -] volume service is down. (host: rack03-server59@lvm-1)
2022-09-01 02:06:05.806 7 WARNING cinder.scheduler.host_manager [None req-408b721a-8e9e-4427-b533-f34506d81633 bd913ce60ea8445c9adcd5061bdc622e d9695138eaa1429b8f14b154ffa153ed - - - -] volume service is down. (host: rack03-server59@lvm-1)
2022-09-01 02:06:05.968 7 WARNING cinder.scheduler.host_manager [None req-9bdc8dbe-89b5-4b4b-87ac-f76d7741b189 27998abde0b4459c9438091bdde6003b 331d7b45e52249ee943ec6d3707dff7f - - - -] volume service is down. (host: rack03-server59@lvm-1)
2022-09-01 02:06:08.204 7 WARNING cinder.scheduler.host_manager [None req-54380bd2-8b7e-44ac-9a1e-75e2aaf7ffe0 bd913ce60ea8445c9adcd5061bdc622e d9695138eaa1429b8f14b154ffa153ed - - - -] volume service is down. (host: rack03-server59@lvm-1)
2022-09-01 02:06:10.951 7 WARNING cinder.scheduler.host_manager [None req-2106c3ad-3d84-4fe0-bc68-d522d7023e0f 8909f763b66f4b4db19782f76b642646 c0ea89b96bc24cc3ab38e7d07ddde9f7 - - - -] volume service is down. (host: rack03-server59@lvm-1)
2022-09-01 02:06:16.547 7 WARNING cinder.scheduler.host_manager [None req-b97f0443-dbaa-4bf1-90ac-c263d27a4cc4 8909f763b66f4b4db19782f76b642646 c0ea89b96bc24cc3ab38e7d07ddde9f7 - - - -] volume service is down. (host: rack03-server59@lvm-1)
2022-09-01 02:06:19.184 7 WARNING cinder.scheduler.host_manager [None req-a3904ef8-d783-463e-a3af-5812c530713c 27998abde0b4459c9438091bdde6003b 331d7b45e52249ee943ec6d3707dff7f - - - -] volume service is down. (host: rack03-server59@lvm-1)
2022-09-01 02:06:20.183 7 WARNING cinder.scheduler.host_manager [None req-559b3f20-cd76-4e45-89f0-204c5a9f8fe7 8909f763b66f4b4db19782f76b642646 c0ea89b96bc24cc3ab38e7d07ddde9f7 - - - -] volume service is down. (host: rack03-server59@lvm-1)
2022-09-01 02:06:22.449 7 WARNING cinder.scheduler.host_manager [None req-5afcd68f-96ac-4d38-aaed-2d965af22c6a 17dbe2b4b1594a97b2ec7800ba542416 b389dbe1a0944a3abfae05c18d0e7975 - - - -] volume service is down. (host: rack03-server59@lvm-1)
2022-09-01 02:06:23.689 7 WARNING cinder.scheduler.host_manager [None req-a0bc0628-dc61-4d74-b57c-dd8b78e68a06 17dbe2b4b1594a97b2ec7800ba542416 b389dbe1a0944a3abfae05c18d0e7975 - - - -] volume service is down. (host: rack03-server59@lvm-1)
2022-09-01 02:06:23.807 7 WARNING cinder.scheduler.host_manager [None req-5e8407ce-4cae-4cfa-bcb9-24fd1d0c31e3 8909f763b66f4b4db19782f76b642646 c0ea89b96bc24cc3ab38e7d07ddde9f7 - - - -] volume service is down. (host: rack03-server59@lvm-1)
2022-09-01 02:06:27.413 7 WARNING cinder.scheduler.host_manager [None req-67dd852c-1549-4753-a1c8-b5d614eba457 8909f763b66f4b4db19782f76b642646 c0ea89b96bc24cc3ab38e7d07ddde9f7 - - - -] volume service is down. (host: rack03-server59@lvm-1)
2022-09-01 02:06:28.193 7 WARNING cinder.scheduler.host_manager [None req-abc85155-307b-4777-953e-7c8f75363f3f a61b5e5be5424e0aa080c376ff3c0d0e eaa70a89dedc4c8488ad742bfea654fd - - - -] volume service is down. (host: rack03-server59@lvm-1)
2022-09-01 02:06:31.029 7 WARNING cinder.scheduler.host_manager [None req-996fe56c-c442-4bfa-a70d-01b1ededc4c5 8909f763b66f4b4db19782f76b642646 c0ea89b96bc24cc3ab38e7d07ddde9f7 - - - -] volume service is down. (host: rack03-server59@lvm-1)
2022-09-01 02:06:43.024 7 WARNING cinder.scheduler.host_manager [None req-b800bccd-d7d7-4791-8e87-4bf0c692ca58 c0eebea5df864f0d955f270d6dd8d3f7 1b075b88641147b483e762fff63f5fc8 - - - -] volume service is down. (host: rack03-server59@lvm-1)
2022-09-01 02:06:43.755 7 WARNING cinder.scheduler.host_manager [None req-b545f6b7-0060-4d11-8eab-265e07aca2bf 45d9277dc3cb4902825e8765dc8da084 f64ed29e7b5a4cd3ba3de35f1e696f3e - - - -] volume service is down. (host: rack03-server59@lvm-1)
2022-09-01 02:06:44.994 7 WARNING cinder.scheduler.host_manager [None req-50db7064-027c-44e2-84ac-0ad580b7c3ee 45d9277dc3cb4902825e8765dc8da084 f64ed29e7b5a4cd3ba3de35f1e696f3e - - - -] volume service is down. (host: rack03-server59@lvm-1)
2022-09-01 02:06:47.232 7 WARNING cinder.scheduler.host_manager [None req-cb025811-7463-45eb-9585-bf741379db6f 45d9277dc3cb4902825e8765dc8da084 f64ed29e7b5a4cd3ba3de35f1e696f3e - - - -] volume service is down. (host: rack03-server59@lvm-1)
2022-09-01 02:06:49.485 7 WARNING cinder.scheduler.host_manager [None req-6f45afd3-7bf1-42f8-b672-987613f24aec 45d9277dc3cb4902825e8765dc8da084 f64ed29e7b5a4cd3ba3de35f1e696f3e - - - -] volume service is down. (host: rack03-server59@lvm-1)
2022-09-01 02:06:59.378 7 WARNING cinder.scheduler.host_manager [None req-130d310a-9cdf-4aeb-b4f4-3b365dff9ed6 e043b8f06e2a4863b3a9fee33831903f e20677eb9c1e4e85bb92dd435911334a - - - -] volume service is down. (host: rack03-server59@lvm-1)
2022-09-01 02:07:01.930 7 WARNING cinder.scheduler.host_manager [None req-b5ff5251-8d1f-4cf8-a6e2-4772425dc2a8 e043b8f06e2a4863b3a9fee33831903f e20677eb9c1e4e85bb92dd435911334a - - - -] volume service is down. (host: rack03-server59@lvm-1)
2022-09-01 02:07:10.183 7 WARNING cinder.scheduler.host_manager [None req-dc926cb0-d62e-4e6e-abf5-f74c0d44907e 9a965d6a88754e09890c89881c64ebcf 67fda286eaf04a60bf4477368af24fc1 - - - -] volume service is down. (host: rack03-server59@lvm-1)
2022-09-01 02:07:12.483 7 WARNING cinder.scheduler.host_manager [None req-9a52d30a-ad26-4923-88d2-92920229197c 9a965d6a88754e09890c89881c64ebcf 67fda286eaf04a60bf4477368af24fc1 - - - -] volume service is down. (host: rack03-server59@lvm-1)
2022-09-01 02:07:14.739 7 WARNING cinder.scheduler.host_manager [None req-5081d00d-dd03-4fef-a02c-1d9251f30221 9a965d6a88754e09890c89881c64ebcf 67fda286eaf04a60bf4477368af24fc1 - - - -] volume service is down. (host: rack03-server59@lvm-1)
2022-09-01 02:07:18.366 7 WARNING cinder.scheduler.host_manager [None req-b11caa7e-7511-4cfe-97b2-e13dc31878e3 9a965d6a88754e09890c89881c64ebcf 67fda286eaf04a60bf4477368af24fc1 - - - -] volume service is down. (host: rack03-server59@lvm-1)
2022-09-01 02:07:20.653 7 WARNING cinder.scheduler.host_manager [None req-683e6d90-91f9-4977-b1e5-9d953b394396 9a965d6a88754e09890c89881c64ebcf 67fda286eaf04a60bf4477368af24fc1 - - - -] volume service is down. (host: rack03-server59@lvm-1)
2022-09-01 02:07:23.057 7 WARNING cinder.scheduler.host_manager [None req-ae5924da-f6a6-4a36-a835-3757cb9a6110 9a965d6a88754e09890c89881c64ebcf 67fda286eaf04a60bf4477368af24fc1 - - - -] volume service is down. (host: rack03-server59@lvm-1)
2022-09-01 02:07:33.210 7 WARNING cinder.scheduler.host_manager [None req-7d01cb7d-cdd1-4631-bf68-c681457f39a4 43896e6bac2a4ddbb87777b84f22af81 231755eaba4c4e3fadb3d1bc86e3bf8e - - - -] volume service is down. (host: rack03-server59@lvm-1)
2022-09-01 02:07:37.658 7 WARNING cinder.scheduler.host_manager [None req-d3f8564c-d647-469c-842d-1c0712cffb1a 43896e6bac2a4ddbb87777b84f22af81 231755eaba4c4e3fadb3d1bc86e3bf8e - - - -] volume service is down. (host: rack03-server59@lvm-1)
2022-09-01 02:07:45.202 7 WARNING cinder.scheduler.host_manager [None req-1ca4aa6f-4fb6-4ae1-b442-4882b5a9a319 fb5f55b153294da2b7b48ddc9f232008 aad4edf2073e4ceb98f05b6e389c4d45 - - - -] volume service is down. (host: rack03-server59@lvm-1)
2022-09-01 02:07:47.664 7 WARNING cinder.scheduler.host_manager [None req-2c4430c9-f2fd-41bb-a8c3-b00771b435d1 fb5f55b153294da2b7b48ddc9f232008 aad4edf2073e4ceb98f05b6e389c4d45 - - - -] volume service is down. (host: rack03-server59@lvm-1)
2022-09-01 02:07:50.085 7 WARNING cinder.scheduler.host_manager [None req-cb00f318-a2a8-4798-b576-6e1fb26ea729 fb5f55b153294da2b7b48ddc9f232008 aad4edf2073e4ceb98f05b6e389c4d45 - - - -] volume service is down. (host: rack03-server59@lvm-1)
2022-09-01 02:08:05.732 7 WARNING cinder.scheduler.host_manager [None req-403b9a27-d123-45f5-b3e3-36beafed8876 360e808d997543dba2be7fcb49afaf6c 6ca2c19fc7414b39b8a1f9e8e3f45fd6 - - - -] volume service is down. (host: rack03-server59@lvm-1)
2022-09-01 02:08:05.737 7 WARNING cinder.scheduler.host_manager [None req-29b7ebee-7cf0-44a2-8c61-7c799573c61f acba28f8964842db978bf9c9e15fe017 17d337fb4fd346e4890289830209fb21 - - - -] volume service is down. (host: rack03-server59@lvm-1)
2022-09-01 02:08:05.739 7 WARNING cinder.scheduler.host_manager [None req-de343e8f-f060-4098-b850-edccce8584cc b27c05459ccd4ad4b5fd0a535dcb3350 c6b8c69dda474c498bcb1e86f4c93ad6 - - - -] volume service is down. (host: rack03-server59@lvm-1)
2022-09-01 02:08:05.849 7 WARNING cinder.scheduler.host_manager [None req-0098d72e-d218-47b7-b62b-5791e82c7d40 acba28f8964842db978bf9c9e15fe017 17d337fb4fd346e4890289830209fb21 - - - -] volume service is down. (host: rack03-server59@lvm-1)
2022-09-01 02:08:06.076 7 WARNING cinder.scheduler.host_manager [None req-13ee9185-6254-45b1-96c1-b34ab5f54dc1 acba28f8964842db978bf9c9e15fe017 17d337fb4fd346e4890289830209fb21 - - - -] volume service is down. (host: rack03-server59@lvm-1)
2022-09-01 02:08:06.275 7 WARNING cinder.scheduler.host_manager [None req-da9cbc65-c3a5-4d7f-a645-ecb6aa18ce83 acba28f8964842db978bf9c9e15fe017 17d337fb4fd346e4890289830209fb21 - - - -] volume service is down. (host: rack03-server59@lvm-1)
2022-09-01 02:08:06.484 7 WARNING cinder.scheduler.host_manager [None req-09ab75ef-54d1-4f82-9a4e-e555db4bbaf0 acba28f8964842db978bf9c9e15fe017 17d337fb4fd346e4890289830209fb21 - - - -] volume service is down. (host: rack03-server59@lvm-1)
2022-09-01 02:08:07.039 7 WARNING cinder.scheduler.host_manager [None req-63b319f3-af46-4b38-a86c-90a76ad8e95a 360e808d997543dba2be7fcb49afaf6c 6ca2c19fc7414b39b8a1f9e8e3f45fd6 - - - -] volume service is down. (host: rack03-server59@lvm-1)
2022-09-01 02:08:07.089 7 WARNING cinder.scheduler.host_manager [None req-4b6bc00a-7c15-42a7-b661-829274fdc993 b27c05459ccd4ad4b5fd0a535dcb3350 c6b8c69dda474c498bcb1e86f4c93ad6 - - - -] volume service is down. (host: rack03-server59@lvm-1)
2022-09-01 02:08:09.224 7 WARNING cinder.scheduler.host_manager [None req-781d4c3d-adf4-4420-b63c-3665dcb7d002 360e808d997543dba2be7fcb49afaf6c 6ca2c19fc7414b39b8a1f9e8e3f45fd6 - - - -] volume service is down. (host: rack03-server59@lvm-1)
2022-09-01 02:08:09.313 7 WARNING cinder.scheduler.host_manager [None req-480debf6-be29-489b-9f15-d8c3bbb89855 b27c05459ccd4ad4b5fd0a535dcb3350 c6b8c69dda474c498bcb1e86f4c93ad6 - - - -] volume service is down. (host: rack03-server59@lvm-1)
2022-09-01 02:08:09.437 7 WARNING cinder.scheduler.host_manager [None req-c2d1f05f-5e1f-45a5-9070-4f39c8c4fe77 360e808d997543dba2be7fcb49afaf6c 6ca2c19fc7414b39b8a1f9e8e3f45fd6 - - - -] volume service is down. (host: rack03-server59@lvm-1)
2022-09-01 02:08:09.635 7 WARNING cinder.scheduler.host_manager [None req-353a7a24-72f5-4a30-82f8-73a893b230f7 360e808d997543dba2be7fcb49afaf6c 6ca2c19fc7414b39b8a1f9e8e3f45fd6 - - - -] volume service is down. (host: rack03-server59@lvm-1)
2022-09-01 02:08:09.833 7 WARNING cinder.scheduler.host_manager [None req-1fbf6b88-8401-47b6-873f-77630b702e80 360e808d997543dba2be7fcb49afaf6c 6ca2c19fc7414b39b8a1f9e8e3f45fd6 - - - -] volume service is down. (host: rack03-server59@lvm-1)
2022-09-01 02:08:10.026 7 WARNING cinder.scheduler.host_manager [None req-66babd14-c5ea-4986-80a4-3e6d1a8a80c3 360e808d997543dba2be7fcb49afaf6c 6ca2c19fc7414b39b8a1f9e8e3f45fd6 - - - -] volume service is down. (host: rack03-server59@lvm-1)
2022-09-01 02:08:16.843 7 WARNING cinder.scheduler.host_manager [None req-9af14681-42f4-432c-9572-3c2d7f5e6b7f a40ea306713f432297aadd7fd13d33a5 85e0943c457c481db4b0e0ba5298aaf6 - - - -] volume service is down. (host: rack03-server59@lvm-1)
2022-09-01 02:08:19.236 7 WARNING cinder.scheduler.host_manager [None req-0c0877b7-7da7-4ca9-bbd7-3480ab59d638 a40ea306713f432297aadd7fd13d33a5 85e0943c457c481db4b0e0ba5298aaf6 - - - -] volume service is down. (host: rack03-server59@lvm-1)
2022-09-01 02:08:19.424 7 WARNING cinder.scheduler.host_manager [None req-e694fe46-af8c-4ba2-a960-4e624e84cd6b a40ea306713f432297aadd7fd13d33a5 85e0943c457c481db4b0e0ba5298aaf6 - - - -] volume service is down. (host: rack03-server59@lvm-1)
2022-09-01 02:08:19.632 7 WARNING cinder.scheduler.host_manager [None req-5f1d11cb-181f-40be-8aa0-fa6a2ff2b9cf a40ea306713f432297aadd7fd13d33a5 85e0943c457c481db4b0e0ba5298aaf6 - - - -] volume service is down. (host: rack03-server59@lvm-1)
2022-09-01 02:08:19.849 7 WARNING cinder.scheduler.host_manager [None req-a74fe40a-c80a-4b90-8b62-0d108e8b4a28 a40ea306713f432297aadd7fd13d33a5 85e0943c457c481db4b0e0ba5298aaf6 - - - -] volume service is down. (host: rack03-server59@lvm-1)
2022-09-01 02:08:20.055 7 WARNING cinder.scheduler.host_manager [None req-2b8806fd-d309-4df5-9730-b9eef19e2186 a40ea306713f432297aadd7fd13d33a5 85e0943c457c481db4b0e0ba5298aaf6 - - - -] volume service is down. (host: rack03-server59@lvm-1)
