Build Started 29_05_2023_08_41_06
2023-05-29 08:43:33.346 7 WARNING cinder.scheduler.host_manager [None req-f416bd40-c3af-41c4-8b67-60d4fc2fdcf8 f5cea3edb5d74a7289b2a9ccdadcfd3b 3eef510998c543aaa646375ded10639c - - - -] volume service is down. (host: rack02-server70@lvm-1)
2023-05-29 08:43:34.890 7 WARNING cinder.scheduler.host_manager [None req-3df4fa3d-ec58-479d-b753-498a67909ba9 dc6f58a4531a482da11fb2b6d582060a 7f88f80f601a4d458d2e799c13d9a3a0 - - - -] volume service is down. (host: rack02-server70@lvm-1)
2023-05-29 08:43:34.920 7 WARNING cinder.scheduler.host_manager [None req-ad27afb7-7427-4f3b-bdae-fc436e2b8a45 dc6f58a4531a482da11fb2b6d582060a 7f88f80f601a4d458d2e799c13d9a3a0 - - - -] volume service is down. (host: rack02-server70@lvm-1)
2023-05-29 08:43:35.956 7 WARNING cinder.scheduler.host_manager [None req-22ff1b9a-c311-48f2-a214-324cef7e3b8c f5cea3edb5d74a7289b2a9ccdadcfd3b 3eef510998c543aaa646375ded10639c - - - -] volume service is down. (host: rack02-server70@lvm-1)
2023-05-29 08:43:36.105 7 WARNING cinder.scheduler.host_manager [req-12c73e47-5299-45d3-87a4-308172a54165 req-8f52b0d7-dff3-45db-801b-56d1c4f69897 97bd9fe3d64a438997c3fc06337ba17d 1746dfdb5d4746339154b9ffb152abb5 - - - -] volume service is down. (host: rack02-server70@lvm-1)
2023-05-29 08:43:38.499 7 WARNING cinder.scheduler.host_manager [req-e47f435f-e178-414e-8625-398515dca064 req-82446aba-3d3a-426e-b0f2-b8d3dc35adbf 97bd9fe3d64a438997c3fc06337ba17d 1746dfdb5d4746339154b9ffb152abb5 - - - -] volume service is down. (host: rack02-server70@lvm-1)
2023-05-29 08:43:38.598 7 WARNING cinder.scheduler.host_manager [None req-3fd303a6-44c9-4dfb-b228-abf5abffe353 f5cea3edb5d74a7289b2a9ccdadcfd3b 3eef510998c543aaa646375ded10639c - - - -] volume service is down. (host: rack02-server70@lvm-1)
2023-05-29 08:43:40.002 7 WARNING cinder.scheduler.host_manager [None req-37717298-9756-4f77-84f5-1fdfa9aff917 2ee12e27f26547dfa6017c88df15d19e 291c5ef1fddd4e82917df2bf130f1752 - - - -] volume service is down. (host: rack02-server70@lvm-1)
2023-05-29 08:43:42.251 7 WARNING cinder.scheduler.host_manager [None req-d8696bda-8778-4e9a-b73c-b7ff83789573 2ee12e27f26547dfa6017c88df15d19e 291c5ef1fddd4e82917df2bf130f1752 - - - -] volume service is down. (host: rack02-server70@lvm-1)
2023-05-29 08:43:44.737 7 WARNING cinder.scheduler.host_manager [None req-35005b76-a375-41bf-bd3a-03a70cbeb6fb 2ee12e27f26547dfa6017c88df15d19e 291c5ef1fddd4e82917df2bf130f1752 - - - -] volume service is down. (host: rack02-server70@lvm-1)
2023-05-29 08:43:46.249 7 WARNING cinder.scheduler.host_manager [req-c9352c19-a33e-475e-b2ff-b250bc5567f9 req-cfe76c2c-38cd-48d5-9b83-702d99ce5f21 53d65b787ebc4125937833dbd9e55a21 62ce552152b34896b9e234e423e43ecc - - - -] volume service is down. (host: rack02-server70@lvm-1)
2023-05-29 08:43:48.161 7 WARNING cinder.scheduler.host_manager [None req-bec1ce78-20b6-43b6-917c-41e74c08ab2b 2ee12e27f26547dfa6017c88df15d19e 291c5ef1fddd4e82917df2bf130f1752 - - - -] volume service is down. (host: rack02-server70@lvm-1)
2023-05-29 08:43:51.610 7 WARNING cinder.scheduler.host_manager [None req-08881d65-8ed2-45e7-b8a2-ddb90acb7d9b 2ee12e27f26547dfa6017c88df15d19e 291c5ef1fddd4e82917df2bf130f1752 - - - -] volume service is down. (host: rack02-server70@lvm-1)
2023-05-29 08:43:52.431 7 WARNING cinder.scheduler.host_manager [None req-bd0e82d8-c27e-4cd1-b877-487f469eb1aa b7b9cd8fb1a14eb99b7d32206e624457 6a25fffcbd0c4b058f9d56236d58d3d1 - - - -] volume service is down. (host: rack02-server70@lvm-1)
2023-05-29 08:43:52.437 7 WARNING cinder.scheduler.host_manager [None req-bd0e82d8-c27e-4cd1-b877-487f469eb1aa b7b9cd8fb1a14eb99b7d32206e624457 6a25fffcbd0c4b058f9d56236d58d3d1 - - - -] volume service is down. (host: rack02-server70@lvm-1)
2023-05-29 08:43:53.767 7 WARNING cinder.scheduler.host_manager [None req-4baae75d-6867-412f-9a77-0b3be17c33ce b7b9cd8fb1a14eb99b7d32206e624457 6a25fffcbd0c4b058f9d56236d58d3d1 - - - -] volume service is down. (host: rack02-server70@lvm-1)
2023-05-29 08:43:55.034 7 WARNING cinder.scheduler.host_manager [None req-638c6cbe-7fe5-441c-9083-0fdca801fec9 2ee12e27f26547dfa6017c88df15d19e 291c5ef1fddd4e82917df2bf130f1752 - - - -] volume service is down. (host: rack02-server70@lvm-1)
2023-05-29 08:43:58.309 7 WARNING cinder.scheduler.host_manager [None req-7e802e76-b7f3-4641-b5c7-c0c75a81a008 b7b9cd8fb1a14eb99b7d32206e624457 6a25fffcbd0c4b058f9d56236d58d3d1 - - - -] volume service is down. (host: rack02-server70@lvm-1)
2023-05-29 08:43:59.079 7 WARNING cinder.scheduler.host_manager [None req-145ada8e-0506-49f6-abac-8f125aec0588 607e05ec51b044ba991d81fe466961ce 03acc58141fd4be19c775383550754b8 - - - -] volume service is down. (host: rack02-server70@lvm-1)
2023-05-29 08:43:59.086 7 WARNING cinder.scheduler.host_manager [None req-145ada8e-0506-49f6-abac-8f125aec0588 607e05ec51b044ba991d81fe466961ce 03acc58141fd4be19c775383550754b8 - - - -] volume service is down. (host: rack02-server70@lvm-1)
2023-05-29 08:44:00.413 7 WARNING cinder.scheduler.host_manager [None req-fa05fed9-c77a-4fa4-8276-3e625faa0107 607e05ec51b044ba991d81fe466961ce 03acc58141fd4be19c775383550754b8 - - - -] volume service is down. (host: rack02-server70@lvm-1)
2023-05-29 08:44:04.673 7 WARNING cinder.scheduler.host_manager [None req-9e2da8ca-94db-4c9a-8607-3656994fd769 b7b9cd8fb1a14eb99b7d32206e624457 6a25fffcbd0c4b058f9d56236d58d3d1 - - - -] volume service is down. (host: rack02-server70@lvm-1)
2023-05-29 08:44:04.679 7 WARNING cinder.scheduler.host_manager [None req-9e2da8ca-94db-4c9a-8607-3656994fd769 b7b9cd8fb1a14eb99b7d32206e624457 6a25fffcbd0c4b058f9d56236d58d3d1 - - - -] volume service is down. (host: rack02-server70@lvm-1)
2023-05-29 08:44:06.013 7 WARNING cinder.scheduler.host_manager [None req-b5037ab2-223e-47bd-9eb6-b9b5c5dde16e d2c3a0e1e55243c0ae273e6063a0254e b5f1e2da477e467a913761064c880c91 - - - -] volume service is down. (host: rack02-server70@lvm-1)
2023-05-29 08:44:06.014 7 INFO cinder.scheduler.base_filter [None req-b5037ab2-223e-47bd-9eb6-b9b5c5dde16e d2c3a0e1e55243c0ae273e6063a0254e b5f1e2da477e467a913761064c880c91 - - - -] Filtering removed all hosts for the request with volume ID '8a83ed5a-002b-4476-990a-52641f910967'. Filter results: AvailabilityZoneFilter: (start: 1, end: 1), CapacityFilter: (start: 1, end: 1), CapabilitiesFilter: (start: 1, end: 0)
2023-05-29 08:44:06.014 7 WARNING cinder.scheduler.filter_scheduler [None req-b5037ab2-223e-47bd-9eb6-b9b5c5dde16e d2c3a0e1e55243c0ae273e6063a0254e b5f1e2da477e467a913761064c880c91 - - - -] No weighed backend found for volume with properties: {'id': 'ca6a60ff-53f2-4c60-9ac7-cc479ad3101a', 'name': 'tempest-UserMessagesTest-volume-type-1284384061', 'description': None, 'is_public': True, 'projects': [], 'extra_specs': {'storage_protocol': 'tempest-storage_protocol-887619404', 'vendor_name': 'tempest-vendor_name-1564083638'}, 'qos_specs_id': None, 'created_at': '2023-05-29T08:44:05.000000', 'updated_at': None, 'deleted_at': None, 'deleted': False}
2023-05-29 08:44:06.015 7 INFO cinder.message.api [None req-b5037ab2-223e-47bd-9eb6-b9b5c5dde16e d2c3a0e1e55243c0ae273e6063a0254e b5f1e2da477e467a913761064c880c91 - - - -] Creating message record for request_id = req-b5037ab2-223e-47bd-9eb6-b9b5c5dde16e
2023-05-29 08:44:06.028 7 ERROR cinder.scheduler.flows.create_volume [None req-b5037ab2-223e-47bd-9eb6-b9b5c5dde16e d2c3a0e1e55243c0ae273e6063a0254e b5f1e2da477e467a913761064c880c91 - - - -] Failed to run task cinder.scheduler.flows.create_volume.ScheduleCreateVolumeTask;volume:create: No valid backend was found. No weighed backends available: cinder.exception.NoValidBackend: No valid backend was found. No weighed backends available
2023-05-29 08:44:06.033 7 WARNING cinder.scheduler.host_manager [None req-df3ee173-2e73-4d1f-88f2-32a928f40183 b7b9cd8fb1a14eb99b7d32206e624457 6a25fffcbd0c4b058f9d56236d58d3d1 - - - -] volume service is down. (host: rack02-server70@lvm-1)
2023-05-29 08:44:07.461 7 WARNING cinder.scheduler.host_manager [None req-0c6f5d9b-495d-4fe9-bf02-841ccb94ceec d2c3a0e1e55243c0ae273e6063a0254e b5f1e2da477e467a913761064c880c91 - - - -] volume service is down. (host: rack02-server70@lvm-1)
2023-05-29 08:44:07.462 7 INFO cinder.scheduler.base_filter [None req-0c6f5d9b-495d-4fe9-bf02-841ccb94ceec d2c3a0e1e55243c0ae273e6063a0254e b5f1e2da477e467a913761064c880c91 - - - -] Filtering removed all hosts for the request with volume ID 'e9b1cfcb-4630-4fa5-b586-d276c26226ff'. Filter results: AvailabilityZoneFilter: (start: 1, end: 1), CapacityFilter: (start: 1, end: 1), CapabilitiesFilter: (start: 1, end: 0)
2023-05-29 08:44:07.463 7 WARNING cinder.scheduler.filter_scheduler [None req-0c6f5d9b-495d-4fe9-bf02-841ccb94ceec d2c3a0e1e55243c0ae273e6063a0254e b5f1e2da477e467a913761064c880c91 - - - -] No weighed backend found for volume with properties: {'id': '48d62cb4-e414-4366-89a1-cbfca56f56eb', 'name': 'tempest-UserMessagesTest-volume-type-421112062', 'description': None, 'is_public': True, 'projects': [], 'extra_specs': {'storage_protocol': 'tempest-storage_protocol-1817083112', 'vendor_name': 'tempest-vendor_name-1780032487'}, 'qos_specs_id': None, 'created_at': '2023-05-29T08:44:07.000000', 'updated_at': None, 'deleted_at': None, 'deleted': False}
2023-05-29 08:44:07.463 7 INFO cinder.message.api [None req-0c6f5d9b-495d-4fe9-bf02-841ccb94ceec d2c3a0e1e55243c0ae273e6063a0254e b5f1e2da477e467a913761064c880c91 - - - -] Creating message record for request_id = req-0c6f5d9b-495d-4fe9-bf02-841ccb94ceec
2023-05-29 08:44:07.468 7 ERROR cinder.scheduler.flows.create_volume [None req-0c6f5d9b-495d-4fe9-bf02-841ccb94ceec d2c3a0e1e55243c0ae273e6063a0254e b5f1e2da477e467a913761064c880c91 - - - -] Failed to run task cinder.scheduler.flows.create_volume.ScheduleCreateVolumeTask;volume:create: No valid backend was found. No weighed backends available: cinder.exception.NoValidBackend: No valid backend was found. No weighed backends available
2023-05-29 08:44:08.434 7 WARNING cinder.scheduler.host_manager [None req-f3bf0cb8-a9da-4177-b30a-0d7aa5c41296 b7b9cd8fb1a14eb99b7d32206e624457 6a25fffcbd0c4b058f9d56236d58d3d1 - - - -] volume service is down. (host: rack02-server70@lvm-1)
2023-05-29 08:44:14.392 7 WARNING cinder.scheduler.host_manager [None req-7ec9c821-9c5d-4687-a78d-ef5a671ef41a 9f999f3ff578419c8ff22cd9af95b06a 33ac35cc885e4aed9b688b0197ec7e81 - - - -] volume service is down. (host: rack02-server70@lvm-1)
2023-05-29 08:44:17.775 7 WARNING cinder.scheduler.host_manager [None req-ca51ff52-69cd-4ee2-b817-99a418af15d0 fd61119cfc52418696fc6adb1b9af196 cfbe6e80f9444fb697aa08805166012f - - - -] volume service is down. (host: rack02-server70@lvm-1)
2023-05-29 08:44:17.783 7 WARNING cinder.scheduler.host_manager [None req-ca51ff52-69cd-4ee2-b817-99a418af15d0 fd61119cfc52418696fc6adb1b9af196 cfbe6e80f9444fb697aa08805166012f - - - -] volume service is down. (host: rack02-server70@lvm-1)
2023-05-29 08:44:18.923 7 WARNING cinder.scheduler.host_manager [None req-9e6aded8-adfb-40f5-98a4-7a61230a9e15 fd61119cfc52418696fc6adb1b9af196 cfbe6e80f9444fb697aa08805166012f - - - -] volume service is down. (host: rack02-server70@lvm-1)
2023-05-29 08:44:18.930 7 WARNING cinder.scheduler.host_manager [None req-9e6aded8-adfb-40f5-98a4-7a61230a9e15 fd61119cfc52418696fc6adb1b9af196 cfbe6e80f9444fb697aa08805166012f - - - -] volume service is down. (host: rack02-server70@lvm-1)
2023-05-29 08:44:20.251 7 WARNING cinder.scheduler.host_manager [None req-e5897370-7a66-4be4-a9ae-e5643544c293 fd61119cfc52418696fc6adb1b9af196 cfbe6e80f9444fb697aa08805166012f - - - -] volume service is down. (host: rack02-server70@lvm-1)
2023-05-29 08:44:21.157 7 WARNING cinder.scheduler.host_manager [None req-4ff94419-7a36-46b5-8551-8ea93d292728 b7b9cd8fb1a14eb99b7d32206e624457 6a25fffcbd0c4b058f9d56236d58d3d1 - - - -] volume service is down. (host: rack02-server70@lvm-1)
2023-05-29 08:44:21.163 7 WARNING cinder.scheduler.host_manager [None req-4ff94419-7a36-46b5-8551-8ea93d292728 b7b9cd8fb1a14eb99b7d32206e624457 6a25fffcbd0c4b058f9d56236d58d3d1 - - - -] volume service is down. (host: rack02-server70@lvm-1)
2023-05-29 08:44:22.475 7 WARNING cinder.scheduler.host_manager [None req-a5d452db-70ec-416b-896a-6b7e66afe957 b7b9cd8fb1a14eb99b7d32206e624457 6a25fffcbd0c4b058f9d56236d58d3d1 - - - -] volume service is down. (host: rack02-server70@lvm-1)
2023-05-29 08:44:22.719 7 WARNING cinder.scheduler.host_manager [None req-e5bd7b52-2b24-4664-84ba-88780c6e0387 05090ef1237a4e1aba7e971e73699630 620f0211fdd447449fe6fa09e42e90ba - - - -] volume service is down. (host: rack02-server70@lvm-1)
2023-05-29 08:44:25.222 7 WARNING cinder.scheduler.host_manager [None req-bde1442d-0410-4208-8e61-1756570652b4 fd61119cfc52418696fc6adb1b9af196 cfbe6e80f9444fb697aa08805166012f - - - -] volume service is down. (host: rack02-server70@lvm-1)
2023-05-29 08:44:25.228 7 WARNING cinder.scheduler.host_manager [None req-bde1442d-0410-4208-8e61-1756570652b4 fd61119cfc52418696fc6adb1b9af196 cfbe6e80f9444fb697aa08805166012f - - - -] volume service is down. (host: rack02-server70@lvm-1)
2023-05-29 08:44:26.538 7 WARNING cinder.scheduler.host_manager [None req-8829540d-56e1-44ca-b233-1f9833213c3a fd61119cfc52418696fc6adb1b9af196 cfbe6e80f9444fb697aa08805166012f - - - -] volume service is down. (host: rack02-server70@lvm-1)
2023-05-29 08:44:28.938 7 WARNING cinder.scheduler.host_manager [None req-2c56e985-d6b4-404e-8d17-5ed517732a3d fd61119cfc52418696fc6adb1b9af196 cfbe6e80f9444fb697aa08805166012f - - - -] volume service is down. (host: rack02-server70@lvm-1)
2023-05-29 08:44:31.433 7 WARNING cinder.scheduler.host_manager [None req-c0ed98d5-4cc2-440f-8ef4-b4fa1e5fa00d c4fabce629d442409d8ea03279cb9905 3661811b932a4527bb1205d89df447cb - - - -] volume service is down. (host: rack02-server70@lvm-1)
2023-05-29 08:44:33.704 7 WARNING cinder.scheduler.host_manager [None req-efa59059-94d0-48fd-b60c-3ef8e7ffac78 c4fabce629d442409d8ea03279cb9905 3661811b932a4527bb1205d89df447cb - - - -] volume service is down. (host: rack02-server70@lvm-1)
2023-05-29 08:44:39.839 7 WARNING cinder.scheduler.host_manager [None req-780c6112-6fc8-4a54-9bc5-df602414ed43 04b3fce62c6d47c9a50d59b13a03f454 eaf3e80b0193469db814eec48f852025 - - - -] volume service is down. (host: rack02-server70@lvm-1)
2023-05-29 08:44:39.846 7 WARNING cinder.scheduler.host_manager [None req-780c6112-6fc8-4a54-9bc5-df602414ed43 04b3fce62c6d47c9a50d59b13a03f454 eaf3e80b0193469db814eec48f852025 - - - -] volume service is down. (host: rack02-server70@lvm-1)
2023-05-29 08:44:41.161 7 WARNING cinder.scheduler.host_manager [None req-0fe6bc4b-43c8-4f6a-ae6a-46dfa2ac1c80 04b3fce62c6d47c9a50d59b13a03f454 eaf3e80b0193469db814eec48f852025 - - - -] volume service is down. (host: rack02-server70@lvm-1)
2023-05-29 08:44:43.441 7 WARNING cinder.scheduler.host_manager [None req-d9d11147-bfac-4eae-8da6-01f1346235e2 04b3fce62c6d47c9a50d59b13a03f454 eaf3e80b0193469db814eec48f852025 - - - -] volume service is down. (host: rack02-server70@lvm-1)
2023-05-29 08:44:45.595 7 WARNING cinder.scheduler.host_manager [None req-b4672bf6-0055-45e7-a035-e3cabf03dc09 c9db2ac104ce41379652889a78967746 f1cad70c55894e2480e40ab7d0509f33 - - - -] volume service is down. (host: rack02-server70@lvm-1)
2023-05-29 08:44:49.157 7 WARNING cinder.scheduler.host_manager [None req-99ac84f3-f115-4d0f-99a5-1cb73189f768 4c389fa1b92d40f08c3fd51a5eb8dcb5 46e0a9ad7ccd412d98d67bfed89eeb7d - - - -] volume service is down. (host: rack02-server70@lvm-1)
2023-05-29 08:44:54.947 7 WARNING cinder.scheduler.host_manager [None req-4535a45d-48f8-4c30-864b-c69b4ca0efa3 b29ab13f9f5d4f49b20269cf42dd53cb e07be37f207848dc86f3297b7b176f24 - - - -] volume service is down. (host: rack02-server70@lvm-1)
2023-05-29 08:44:54.953 7 WARNING cinder.scheduler.host_manager [None req-4535a45d-48f8-4c30-864b-c69b4ca0efa3 b29ab13f9f5d4f49b20269cf42dd53cb e07be37f207848dc86f3297b7b176f24 - - - -] volume service is down. (host: rack02-server70@lvm-1)
2023-05-29 08:44:58.825 7 WARNING cinder.scheduler.host_manager [None req-5425d219-dda0-4484-afb8-83cdb8354994 132610744b114799a26e290ef9c73c5d 16ee1e371e344594853b96ee94a3dca2 - - - -] volume service is down. (host: rack02-server70@lvm-1)
2023-05-29 08:45:02.358 7 WARNING cinder.scheduler.host_manager [None req-84202021-4444-46f1-9b89-8968b8a9ed1e 132610744b114799a26e290ef9c73c5d 16ee1e371e344594853b96ee94a3dca2 - - - -] volume service is down. (host: rack02-server70@lvm-1)
2023-05-29 08:45:06.188 7 WARNING cinder.scheduler.host_manager [None req-5fe9f483-18e6-4c22-94c2-4bb2a52eef1e 1f09584d08504dff82480bed0bfa1de2 4a0edf4dfd484b91ad9704b1555cd220 - - - -] volume service is down. (host: rack02-server70@lvm-1)
2023-05-29 08:45:07.571 7 WARNING cinder.scheduler.host_manager [None req-661432de-9a83-4c08-bcd7-e3ceb64a99ea 491291e4979e4c3cbbe6d0da14ad0328 c5cc0bb05bed4ff9b79e8d2b825b8b32 - - - -] volume service is down. (host: rack02-server70@lvm-1)
2023-05-29 08:45:08.444 7 WARNING cinder.scheduler.host_manager [None req-7db3f0e5-f60a-4b4a-a252-ba2c68e14eb8 1f09584d08504dff82480bed0bfa1de2 4a0edf4dfd484b91ad9704b1555cd220 - - - -] volume service is down. (host: rack02-server70@lvm-1)
2023-05-29 08:45:09.894 7 WARNING cinder.scheduler.host_manager [None req-56a11753-2816-4c3b-abd4-dfcad710125d 491291e4979e4c3cbbe6d0da14ad0328 c5cc0bb05bed4ff9b79e8d2b825b8b32 - - - -] volume service is down. (host: rack02-server70@lvm-1)
2023-05-29 08:45:21.129 7 WARNING cinder.scheduler.host_manager [None req-f57e3056-17a6-43ee-bb53-e0c9f9da3e4b 9e25d2f05501433bb474f233331e4ebb a947c92254124b74b29f3a69f034adfe - - - -] volume service is down. (host: rack02-server70@lvm-1)
2023-05-29 08:45:26.788 7 WARNING cinder.scheduler.host_manager [None req-cdcc089c-575d-4e73-9fca-b4b7a3b6dea4 d16114b6d73f4da081e71b8d853b317c a81a136df77b478797532d1d689d6d27 - - - -] volume service is down. (host: rack02-server70@lvm-1)
2023-05-29 08:45:28.257 7 WARNING cinder.scheduler.host_manager [None req-2f1f0b51-b4ef-40d5-bdc3-77c65f05c224 9ae7fface3434a39b0cbd1cb8185163a 3741089487b44bd19964ee4249f0f172 - - - -] volume service is down. (host: rack02-server70@lvm-1)
2023-05-29 08:45:29.036 7 WARNING cinder.scheduler.host_manager [None req-8c063efd-84c9-43be-b7a1-b8a9bebbc65f d16114b6d73f4da081e71b8d853b317c a81a136df77b478797532d1d689d6d27 - - - -] volume service is down. (host: rack02-server70@lvm-1)
2023-05-29 08:45:30.643 7 WARNING cinder.scheduler.host_manager [None req-f472dfbf-77c8-4a9b-ab89-e8af6b5db36a 9ae7fface3434a39b0cbd1cb8185163a 3741089487b44bd19964ee4249f0f172 - - - -] volume service is down. (host: rack02-server70@lvm-1)
2023-05-29 08:45:31.372 7 WARNING cinder.scheduler.host_manager [None req-5b9b05be-5182-4a11-b808-5437fb07af57 d16114b6d73f4da081e71b8d853b317c a81a136df77b478797532d1d689d6d27 - - - -] volume service is down. (host: rack02-server70@lvm-1)
2023-05-29 08:45:33.035 7 WARNING cinder.scheduler.host_manager [None req-3f529317-6fba-4746-8bd8-9e036cbab212 9ae7fface3434a39b0cbd1cb8185163a 3741089487b44bd19964ee4249f0f172 - - - -] volume service is down. (host: rack02-server70@lvm-1)
2023-05-29 08:45:34.138 7 WARNING cinder.scheduler.host_manager [None req-0ddc44f6-8c5a-41bf-8c8b-787ba3f414b9 776a1526c88d49ddb6b8211b3246624e 27fdebb682ad42ce950349ac046c0354 - - - -] volume service is down. (host: rack02-server70@lvm-1)
2023-05-29 08:45:34.738 7 WARNING cinder.scheduler.host_manager [None req-ce89a939-b4b3-4635-b17e-b43263d03fff d16114b6d73f4da081e71b8d853b317c a81a136df77b478797532d1d689d6d27 - - - -] volume service is down. (host: rack02-server70@lvm-1)
2023-05-29 08:45:35.495 7 WARNING cinder.scheduler.host_manager [None req-43719c9e-b07c-4bdc-a375-ce97da11afc7 e4262158c8e645bdb8bd6e586c5d2796 6d568c18d87543ff801ac7def417bc31 - - - -] volume service is down. (host: rack02-server70@lvm-1)
2023-05-29 08:45:36.975 7 WARNING cinder.scheduler.host_manager [None req-f0fbbfec-ca26-47cb-91d3-e0c93a9fc4c0 d16114b6d73f4da081e71b8d853b317c a81a136df77b478797532d1d689d6d27 - - - -] volume service is down. (host: rack02-server70@lvm-1)
2023-05-29 08:45:39.322 7 WARNING cinder.scheduler.host_manager [None req-44a865c8-433f-4886-b36a-9952d4798037 d16114b6d73f4da081e71b8d853b317c a81a136df77b478797532d1d689d6d27 - - - -] volume service is down. (host: rack02-server70@lvm-1)
2023-05-29 08:45:39.654 7 WARNING cinder.scheduler.host_manager [None req-0c8389e1-7d9e-4710-b2ad-f2428a912a90 776a1526c88d49ddb6b8211b3246624e 27fdebb682ad42ce950349ac046c0354 - - - -] volume service is down. (host: rack02-server70@lvm-1)
2023-05-29 08:45:43.198 7 WARNING cinder.scheduler.host_manager [None req-0044b2f4-0d58-49a2-a146-552a1bdeb693 776a1526c88d49ddb6b8211b3246624e 27fdebb682ad42ce950349ac046c0354 - - - -] volume service is down. (host: rack02-server70@lvm-1)
2023-05-29 08:45:46.754 7 WARNING cinder.scheduler.host_manager [None req-c546e639-008d-4520-9965-3ed1abca5d9a 776a1526c88d49ddb6b8211b3246624e 27fdebb682ad42ce950349ac046c0354 - - - -] volume service is down. (host: rack02-server70@lvm-1)
2023-05-29 08:45:46.983 7 WARNING cinder.scheduler.host_manager [None req-c041a8b2-1b8b-4c5d-967c-78ee2414f4b2 cb6fde6434f34f9bb038bfcf6c04c680 8848d010aefe4ed7a3ab2c02716432f6 - - - -] volume service is down. (host: rack02-server70@lvm-1)
2023-05-29 08:45:47.279 7 WARNING cinder.scheduler.host_manager [None req-cbfe0fa4-43b5-4095-a942-55be3265b2e2 dc3749f2d06543ed9545f0384d3c5759 db0dbcd063be4ebb9f2976f7bda6b480 - - - -] volume service is down. (host: rack02-server70@lvm-1)
2023-05-29 08:45:49.290 7 WARNING cinder.scheduler.host_manager [None req-79b4bc88-80a8-4a86-8f44-15a470166861 776a1526c88d49ddb6b8211b3246624e 27fdebb682ad42ce950349ac046c0354 - - - -] volume service is down. (host: rack02-server70@lvm-1)
2023-05-29 08:45:52.846 7 WARNING cinder.scheduler.host_manager [None req-c21b82b1-2902-42f7-9316-d8ec18fff2ac 776a1526c88d49ddb6b8211b3246624e 27fdebb682ad42ce950349ac046c0354 - - - -] volume service is down. (host: rack02-server70@lvm-1)
2023-05-29 08:45:56.937 7 WARNING cinder.scheduler.host_manager [None req-ecf750ae-0874-442d-9f71-a0f49b8737a3 9d99804c25d740399511db43936cdf9f 22525b036d694cbdabffc976b9eb6cff - - - -] volume service is down. (host: rack02-server70@lvm-1)
2023-05-29 08:46:01.325 7 WARNING cinder.scheduler.host_manager [None req-e507da72-c68e-415c-a4bc-08e891c9438e 9d99804c25d740399511db43936cdf9f 22525b036d694cbdabffc976b9eb6cff - - - -] volume service is down. (host: rack02-server70@lvm-1)
2023-05-29 08:46:07.182 7 WARNING cinder.scheduler.host_manager [None req-3aa8349e-847f-4486-b41f-7dbc966431e8 5825e6afae624905b561d2ed4b5c052c d08f2d562180405e8711b06c065909ef - - - -] volume service is down. (host: rack02-server70@lvm-1)
2023-05-29 08:46:08.637 7 WARNING cinder.scheduler.host_manager [None req-726a15d4-2dcf-4436-8437-213ac257b3ba 7073849f1ff54acd95481c6018810bf2 2acceea731384cf79eb30f16413e8eee - - - -] volume service is down. (host: rack02-server70@lvm-1)
2023-05-29 08:46:11.563 7 WARNING cinder.scheduler.host_manager [None req-fbc8f4f9-4513-4e35-8410-d8114ea1f22f 5825e6afae624905b561d2ed4b5c052c d08f2d562180405e8711b06c065909ef - - - -] volume service is down. (host: rack02-server70@lvm-1)
2023-05-29 08:46:15.121 7 WARNING cinder.scheduler.host_manager [None req-a68b7512-fe53-48bd-953d-02d9e61e61c3 0a7d8579353f4488af1716c3906f39c6 536e5e84c7aa4906ad1f96ca6ec2c5e7 - - - -] volume service is down. (host: rack02-server70@lvm-1)
2023-05-29 08:46:20.468 7 WARNING cinder.scheduler.host_manager [None req-7d614b93-3e1e-4346-aa1e-79f848fd058d 94f8373913d842dbb92b0715831b4423 887c0d2452624f3d9106dd36001cce9a - - - -] volume service is down. (host: rack02-server70@lvm-1)
2023-05-29 08:46:22.291 7 WARNING cinder.scheduler.host_manager [None req-e0ff102a-6043-41d7-8535-702d21f52475 8f7732efb7fd478498e0619d982f8372 fd8baa31ae614f32944ae1cdf94a8916 - - - -] volume service is down. (host: rack02-server70@lvm-1)
2023-05-29 08:46:28.471 7 WARNING cinder.scheduler.host_manager [None req-633c36ca-4d06-4dac-89c5-66778a135235 6da4e97f264b474b930863c9e46f1e55 44eb8d03ca9f4ad381f4575ace4b600c - - - -] volume service is down. (host: rack02-server70@lvm-1)
2023-05-29 08:46:31.405 7 WARNING cinder.scheduler.host_manager [None req-f08bfd04-a4b6-4ea6-84bd-c331ad751636 94f8373913d842dbb92b0715831b4423 887c0d2452624f3d9106dd36001cce9a - - - -] volume service is down. (host: rack02-server70@lvm-1)
2023-05-29 08:46:34.094 7 WARNING cinder.scheduler.host_manager [None req-9c0f9367-69d1-4a03-82b8-b47fb92d148c 8f7732efb7fd478498e0619d982f8372 fd8baa31ae614f32944ae1cdf94a8916 - - - -] volume service is down. (host: rack02-server70@lvm-1)
2023-05-29 08:46:35.146 7 WARNING cinder.scheduler.host_manager [None req-6a3860c0-c050-448e-9f68-36bd86ba82b3 6da4e97f264b474b930863c9e46f1e55 44eb8d03ca9f4ad381f4575ace4b600c - - - -] volume service is down. (host: rack02-server70@lvm-1)
2023-05-29 08:46:40.815 7 WARNING cinder.scheduler.host_manager [None req-6dfd5ea0-e7fb-4f23-9e60-ed0c1bfe5324 e33c270c223f46b4b7f24e5719c408b7 f4de90b7cfdd4d3e94ba8e7afd228d01 - - - -] volume service is down. (host: rack02-server70@lvm-1)
2023-05-29 08:46:44.912 7 WARNING cinder.scheduler.host_manager [None req-b43cd438-dfa4-4d62-bb25-788c064279f9 8f7732efb7fd478498e0619d982f8372 fd8baa31ae614f32944ae1cdf94a8916 - - - -] volume service is down. (host: rack02-server70@lvm-1)
2023-05-29 08:46:46.234 7 WARNING cinder.scheduler.host_manager [None req-c1d603a7-c09a-488e-98a2-14492cc9e06b 8f7732efb7fd478498e0619d982f8372 fd8baa31ae614f32944ae1cdf94a8916 - - - -] volume service is down. (host: rack02-server70@lvm-1)
2023-05-29 08:46:49.671 7 WARNING cinder.scheduler.host_manager [None req-23d30ac7-7bae-45f4-86b4-ecb402658b12 6da4e97f264b474b930863c9e46f1e55 44eb8d03ca9f4ad381f4575ace4b600c - - - -] volume service is down. (host: rack02-server70@lvm-1)
2023-05-29 08:46:51.891 7 WARNING cinder.scheduler.host_manager [None req-e97e0b71-7c58-4b25-8de2-f6a298921ba6 6da4e97f264b474b930863c9e46f1e55 44eb8d03ca9f4ad381f4575ace4b600c - - - -] volume service is down. (host: rack02-server70@lvm-1)
2023-05-29 08:46:52.520 7 WARNING cinder.scheduler.host_manager [None req-b951cfac-f697-4133-b79e-bbaff7cb9841 e33c270c223f46b4b7f24e5719c408b7 f4de90b7cfdd4d3e94ba8e7afd228d01 - - - -] volume service is down. (host: rack02-server70@lvm-1)
2023-05-29 08:46:53.892 7 WARNING cinder.scheduler.host_manager [None req-83a1f606-50f9-4156-ba30-0ea6f0fad851 e33c270c223f46b4b7f24e5719c408b7 f4de90b7cfdd4d3e94ba8e7afd228d01 - - - -] volume service is down. (host: rack02-server70@lvm-1)
2023-05-29 08:46:54.100 7 WARNING cinder.scheduler.host_manager [None req-4f3e9109-6784-4498-b8d1-f5e4abbd8257 6da4e97f264b474b930863c9e46f1e55 44eb8d03ca9f4ad381f4575ace4b600c - - - -] volume service is down. (host: rack02-server70@lvm-1)
2023-05-29 08:46:56.132 7 WARNING cinder.scheduler.host_manager [None req-6a5d6cd3-9b6f-42e5-8f1e-5973d4543cf8 e33c270c223f46b4b7f24e5719c408b7 f4de90b7cfdd4d3e94ba8e7afd228d01 - - - -] volume service is down. (host: rack02-server70@lvm-1)
2023-05-29 08:46:57.118 7 WARNING cinder.scheduler.host_manager [None req-e52f826d-1d07-44b6-8126-fa4a77ee4ae1 0ec57f22166549ea812dde458028f5fb 878330b6c3754bc29eb4478159ef6daa - - - -] volume service is down. (host: rack02-server70@lvm-1)
2023-05-29 08:46:58.327 7 WARNING cinder.scheduler.host_manager [None req-634bccad-7ca4-4b34-8ee3-334b248e6f0f e33c270c223f46b4b7f24e5719c408b7 f4de90b7cfdd4d3e94ba8e7afd228d01 - - - -] volume service is down. (host: rack02-server70@lvm-1)
2023-05-29 08:46:59.654 7 WARNING cinder.scheduler.host_manager [None req-d2759887-8c23-4ef6-b74d-baa7486d4c7b 0ec57f22166549ea812dde458028f5fb 878330b6c3754bc29eb4478159ef6daa - - - -] volume service is down. (host: rack02-server70@lvm-1)
2023-05-29 08:47:03.133 7 WARNING cinder.scheduler.host_manager [None req-fa2c16b5-8115-4aed-97c1-f4af9258f61a 6da4e97f264b474b930863c9e46f1e55 44eb8d03ca9f4ad381f4575ace4b600c - - - -] volume service is down. (host: rack02-server70@lvm-1)
2023-05-29 08:47:04.289 7 WARNING cinder.scheduler.host_manager [None req-4f06f1fb-8977-404d-88b0-38ee2b5bef4e 0ec57f22166549ea812dde458028f5fb 878330b6c3754bc29eb4478159ef6daa - - - -] volume service is down. (host: rack02-server70@lvm-1)
2023-05-29 08:47:06.548 7 WARNING cinder.scheduler.host_manager [None req-698b61a2-c622-4171-9714-9e698dfe429c 6da4e97f264b474b930863c9e46f1e55 44eb8d03ca9f4ad381f4575ace4b600c - - - -] volume service is down. (host: rack02-server70@lvm-1)
2023-05-29 08:47:06.659 7 WARNING cinder.scheduler.host_manager [None req-7183b930-cd09-4f01-8ecf-3a56339efa85 0ec57f22166549ea812dde458028f5fb 878330b6c3754bc29eb4478159ef6daa - - - -] volume service is down. (host: rack02-server70@lvm-1)
2023-05-29 08:47:08.762 7 WARNING cinder.scheduler.host_manager [None req-bf5485c1-410f-40f3-b119-354d1c49803d 6781c846a6de4f4eb12234cdb01bb1ad 1564d370897e4dcea5088539d07648e7 - - - -] volume service is down. (host: rack02-server70@lvm-1)
2023-05-29 08:47:10.227 7 WARNING cinder.scheduler.host_manager [None req-bd9ec8fd-e610-4e54-bc65-06d865076ae7 0ec57f22166549ea812dde458028f5fb 878330b6c3754bc29eb4478159ef6daa - - - -] volume service is down. (host: rack02-server70@lvm-1)
2023-05-29 08:47:11.142 7 WARNING cinder.scheduler.host_manager [None req-08b8ffb3-2db0-49f5-98d7-ee1e266f0a0a 6781c846a6de4f4eb12234cdb01bb1ad 1564d370897e4dcea5088539d07648e7 - - - -] volume service is down. (host: rack02-server70@lvm-1)
2023-05-29 08:47:13.517 7 WARNING cinder.scheduler.host_manager [None req-e3f5e3b2-c723-48d9-8c11-d4510ed1353a 6781c846a6de4f4eb12234cdb01bb1ad 1564d370897e4dcea5088539d07648e7 - - - -] volume service is down. (host: rack02-server70@lvm-1)
2023-05-29 08:47:13.891 7 WARNING cinder.scheduler.host_manager [None req-7be037ca-3524-4e30-a850-bb08d9bba067 0ec57f22166549ea812dde458028f5fb 878330b6c3754bc29eb4478159ef6daa - - - -] volume service is down. (host: rack02-server70@lvm-1)
2023-05-29 08:47:15.316 7 WARNING cinder.scheduler.host_manager [None req-eeac8ed7-1723-4df3-adb7-6b44a9a21312 6da4e97f264b474b930863c9e46f1e55 44eb8d03ca9f4ad381f4575ace4b600c - - - -] volume service is down. (host: rack02-server70@lvm-1)
2023-05-29 08:47:17.536 7 WARNING cinder.scheduler.host_manager [None req-d488276f-d35d-482d-9099-320f3bedefde 6da4e97f264b474b930863c9e46f1e55 44eb8d03ca9f4ad381f4575ace4b600c - - - -] volume service is down. (host: rack02-server70@lvm-1)
2023-05-29 08:47:23.304 7 WARNING cinder.scheduler.host_manager [None req-34d95335-5dcc-4b39-8a31-47253daf4821 69a09e200eaa47ada856be77b28eef1d 8f8453d0b2364993a307e002d29b44ea - - - -] volume service is down. (host: rack02-server70@lvm-1)
2023-05-29 08:47:24.804 7 WARNING cinder.scheduler.host_manager [None req-56e766cd-eb45-421f-85e8-27cd8abe73ef 0ec57f22166549ea812dde458028f5fb 878330b6c3754bc29eb4478159ef6daa - - - -] volume service is down. (host: rack02-server70@lvm-1)
2023-05-29 08:47:25.610 7 WARNING cinder.scheduler.host_manager [None req-0afc61c3-be7d-41a3-b207-2cc08159ab74 69a09e200eaa47ada856be77b28eef1d 8f8453d0b2364993a307e002d29b44ea - - - -] volume service is down. (host: rack02-server70@lvm-1)
2023-05-29 08:47:26.698 7 WARNING cinder.scheduler.host_manager [None req-b1f14114-0c0b-4331-9cdd-632857f9f261 6da4e97f264b474b930863c9e46f1e55 44eb8d03ca9f4ad381f4575ace4b600c - - - -] volume service is down. (host: rack02-server70@lvm-1)
2023-05-29 08:47:28.935 7 WARNING cinder.scheduler.host_manager [None req-d47c8cbf-fde4-474a-9f8e-c9382512c6d3 6da4e97f264b474b930863c9e46f1e55 44eb8d03ca9f4ad381f4575ace4b600c - - - -] volume service is down. (host: rack02-server70@lvm-1)
2023-05-29 08:47:31.293 7 WARNING cinder.scheduler.host_manager [None req-b797a005-da4b-4858-82e8-160779100ba9 6da4e97f264b474b930863c9e46f1e55 44eb8d03ca9f4ad381f4575ace4b600c - - - -] volume service is down. (host: rack02-server70@lvm-1)
2023-05-29 08:47:33.403 7 WARNING cinder.scheduler.host_manager [None req-4a19ab07-a0d4-4637-95bd-9b050db60626 96fa6a99a7274909bfc650302b98fd99 1b0977951cdc4630ac0f23d3633a606b - - - -] volume service is down. (host: rack02-server70@lvm-1)
2023-05-29 08:47:34.595 7 WARNING cinder.scheduler.host_manager [None req-16c84c32-5c75-4554-9938-ac69ced3942f 96fa6a99a7274909bfc650302b98fd99 1b0977951cdc4630ac0f23d3633a606b - - - -] volume service is down. (host: rack02-server70@lvm-1)
2023-05-29 08:47:34.780 7 WARNING cinder.scheduler.host_manager [None req-a9e14ebf-fa53-4659-8e9f-8278df63d50f 6da4e97f264b474b930863c9e46f1e55 44eb8d03ca9f4ad381f4575ace4b600c - - - -] volume service is down. (host: rack02-server70@lvm-1)
2023-05-29 08:47:36.797 7 WARNING cinder.scheduler.host_manager [None req-76db40d1-f455-4000-8372-e05ed51abda7 96fa6a99a7274909bfc650302b98fd99 1b0977951cdc4630ac0f23d3633a606b - - - -] volume service is down. (host: rack02-server70@lvm-1)
2023-05-29 08:47:37.029 7 WARNING cinder.scheduler.host_manager [None req-e434f144-9577-4133-929f-2dfa4a8b8c6f 6da4e97f264b474b930863c9e46f1e55 44eb8d03ca9f4ad381f4575ace4b600c - - - -] volume service is down. (host: rack02-server70@lvm-1)
2023-05-29 08:47:39.005 7 WARNING cinder.scheduler.host_manager [None req-602a640a-d51d-4daa-9e93-2aa0cfaa76fa 96fa6a99a7274909bfc650302b98fd99 1b0977951cdc4630ac0f23d3633a606b - - - -] volume service is down. (host: rack02-server70@lvm-1)
2023-05-29 08:47:39.387 7 WARNING cinder.scheduler.host_manager [None req-0e75cae5-dc38-4536-a201-55c347eaf427 6da4e97f264b474b930863c9e46f1e55 44eb8d03ca9f4ad381f4575ace4b600c - - - -] volume service is down. (host: rack02-server70@lvm-1)
2023-05-29 08:47:58.626 7 WARNING cinder.scheduler.host_manager [None req-788d76dd-b35c-47c8-9ff0-6934a01a385f b3bd906453bc4d2b80e329ec56a324cd 4961f9877c74443887df38c12f72d04f - - - -] volume service is down. (host: rack02-server70@lvm-1)
2023-05-29 08:47:58.730 7 WARNING cinder.scheduler.host_manager [None req-cedbac7a-022b-4df6-9a07-b2e2dbdc47b5 47b4ac0874164c2f8c95f9a20d1911e9 13dbdc2891584ac380c1b87ee0a602f7 - - - -] volume service is down. (host: rack02-server70@lvm-1)
2023-05-29 08:47:58.754 7 WARNING cinder.scheduler.host_manager [None req-a2bcfd4b-8b64-4ca3-93cd-7d91b27e7c73 345b8328b4e94f598d79fb1b1d47066f f232c0844c22462e9715e0f9a8980746 - - - -] volume service is down. (host: rack02-server70@lvm-1)
2023-05-29 08:47:58.834 7 WARNING cinder.scheduler.host_manager [None req-88f915c3-695b-4069-9e2a-c5a2e4fb594f b3bd906453bc4d2b80e329ec56a324cd 4961f9877c74443887df38c12f72d04f - - - -] volume service is down. (host: rack02-server70@lvm-1)
2023-05-29 08:47:59.024 7 WARNING cinder.scheduler.host_manager [None req-d4c6e270-10a0-494b-bba5-42172cabab9f b3bd906453bc4d2b80e329ec56a324cd 4961f9877c74443887df38c12f72d04f - - - -] volume service is down. (host: rack02-server70@lvm-1)
2023-05-29 08:47:59.229 7 WARNING cinder.scheduler.host_manager [None req-fa06c11f-110f-44ac-befe-e8c2464850cf b3bd906453bc4d2b80e329ec56a324cd 4961f9877c74443887df38c12f72d04f - - - -] volume service is down. (host: rack02-server70@lvm-1)
2023-05-29 08:47:59.423 7 WARNING cinder.scheduler.host_manager [None req-64cff512-0a32-4233-90e6-a7dc8269766b b3bd906453bc4d2b80e329ec56a324cd 4961f9877c74443887df38c12f72d04f - - - -] volume service is down. (host: rack02-server70@lvm-1)
2023-05-29 08:47:59.876 7 WARNING cinder.scheduler.host_manager [None req-4109a438-91fb-4794-bc9b-67d55123b1e3 47b4ac0874164c2f8c95f9a20d1911e9 13dbdc2891584ac380c1b87ee0a602f7 - - - -] volume service is down. (host: rack02-server70@lvm-1)
2023-05-29 08:48:01.031 7 WARNING cinder.scheduler.host_manager [None req-c4412316-7f13-4c1b-9f0a-f4343d71e520 345b8328b4e94f598d79fb1b1d47066f f232c0844c22462e9715e0f9a8980746 - - - -] volume service is down. (host: rack02-server70@lvm-1)
2023-05-29 08:48:01.228 7 WARNING cinder.scheduler.host_manager [None req-415c3507-eb6d-454b-bf6c-b9c9c1a97072 345b8328b4e94f598d79fb1b1d47066f f232c0844c22462e9715e0f9a8980746 - - - -] volume service is down. (host: rack02-server70@lvm-1)
2023-05-29 08:48:01.435 7 WARNING cinder.scheduler.host_manager [None req-3b955317-5187-40bc-8d82-76bc0e9f9923 345b8328b4e94f598d79fb1b1d47066f f232c0844c22462e9715e0f9a8980746 - - - -] volume service is down. (host: rack02-server70@lvm-1)
2023-05-29 08:48:01.633 7 WARNING cinder.scheduler.host_manager [None req-31ce1f5b-85b4-45fc-81b4-ce636a8b5258 345b8328b4e94f598d79fb1b1d47066f f232c0844c22462e9715e0f9a8980746 - - - -] volume service is down. (host: rack02-server70@lvm-1)
2023-05-29 08:48:01.825 7 WARNING cinder.scheduler.host_manager [None req-d3a1efe1-1862-4474-be9f-c4c2d0ae5155 345b8328b4e94f598d79fb1b1d47066f f232c0844c22462e9715e0f9a8980746 - - - -] volume service is down. (host: rack02-server70@lvm-1)
2023-05-29 08:48:02.172 7 WARNING cinder.scheduler.host_manager [None req-4f76075f-24dd-4cf2-aa1d-6fe0c3bc5f3a 47b4ac0874164c2f8c95f9a20d1911e9 13dbdc2891584ac380c1b87ee0a602f7 - - - -] volume service is down. (host: rack02-server70@lvm-1)
2023-05-29 08:48:02.366 7 WARNING cinder.scheduler.host_manager [None req-a4761ebb-3b71-4a59-a60c-bd11ef6c4ab5 47b4ac0874164c2f8c95f9a20d1911e9 13dbdc2891584ac380c1b87ee0a602f7 - - - -] volume service is down. (host: rack02-server70@lvm-1)
2023-05-29 08:48:02.562 7 WARNING cinder.scheduler.host_manager [None req-0365d716-731d-4c0e-9b53-2d83e5f5ff47 47b4ac0874164c2f8c95f9a20d1911e9 13dbdc2891584ac380c1b87ee0a602f7 - - - -] volume service is down. (host: rack02-server70@lvm-1)
2023-05-29 08:48:02.755 7 WARNING cinder.scheduler.host_manager [None req-9f1d5318-0a56-4e0e-9e05-033fb71c318e 47b4ac0874164c2f8c95f9a20d1911e9 13dbdc2891584ac380c1b87ee0a602f7 - - - -] volume service is down. (host: rack02-server70@lvm-1)
2023-05-29 08:48:02.952 7 WARNING cinder.scheduler.host_manager [None req-a17f757a-770c-456a-b112-10876b067302 47b4ac0874164c2f8c95f9a20d1911e9 13dbdc2891584ac380c1b87ee0a602f7 - - - -] volume service is down. (host: rack02-server70@lvm-1)
2023-05-29 08:48:10.501 7 WARNING cinder.scheduler.host_manager [None req-4c5cbdc9-ffdc-4994-b8bc-0147f483a239 b20d2b9dcac84f839a542bba210f7089 79a1ce76dbe44946b205df1cbd20be79 - - - -] volume service is down. (host: rack02-server70@lvm-1)
2023-05-29 08:48:12.879 7 WARNING cinder.scheduler.host_manager [None req-28dce50d-2c25-4cfd-9278-e1dc12597eca b20d2b9dcac84f839a542bba210f7089 79a1ce76dbe44946b205df1cbd20be79 - - - -] volume service is down. (host: rack02-server70@lvm-1)
2023-05-29 08:48:15.178 7 WARNING cinder.scheduler.host_manager [None req-e90b49f3-d1d7-45fc-b4f0-aac2e21c46d5 b20d2b9dcac84f839a542bba210f7089 79a1ce76dbe44946b205df1cbd20be79 - - - -] volume service is down. (host: rack02-server70@lvm-1)
