Build Started 18_09_2024_16_11_59
2024-09-18 16:12:50.516 7 WARNING cinder.scheduler.host_manager [req-024a7672-62ad-4dc9-8a03-1e26e2e3f8a7 req-a673a019-c6fb-4656-9e6c-79f7de21fed8 7b6d9ae409e84e788caffe902ffe89f7 9d284a716a4248b29dce1ffb9240c507 - - - -] volume service is down. (host: rack04-server60@lvm-1)
2024-09-18 16:12:51.916 7 WARNING cinder.scheduler.host_manager [None req-27afe579-a56d-42ae-9258-d5ad4346c427 038d47c6ded143468b33a7e7831cc799 6b92c3b9a9be4b27a6827c4254a44929 - - - -] volume service is down. (host: rack04-server60@lvm-1)
2024-09-18 16:12:52.152 7 WARNING cinder.scheduler.host_manager [req-8172e04b-083d-4673-8cec-229bed522bfe req-b2feb0e9-c4ac-4767-9205-312e7ee3fd93 7b6d9ae409e84e788caffe902ffe89f7 9d284a716a4248b29dce1ffb9240c507 - - - -] volume service is down. (host: rack04-server60@lvm-1)
2024-09-18 16:12:52.440 7 WARNING cinder.scheduler.host_manager [None req-34435057-3544-417d-a36f-d72eaf89ffc5 038d47c6ded143468b33a7e7831cc799 6b92c3b9a9be4b27a6827c4254a44929 - - - -] volume service is down. (host: rack04-server60@lvm-1)
2024-09-18 16:12:59.936 7 WARNING cinder.scheduler.host_manager [None req-d7d2526e-c017-47eb-b0b9-23b9015f1d3a 92d7870bc06248bf932b5495115f2fbc 592c8ebc0b3048f8ba85e67ef6526db2 - - - -] volume service is down. (host: rack04-server60@lvm-1)
2024-09-18 16:12:59.945 7 WARNING cinder.scheduler.host_manager [None req-d7d2526e-c017-47eb-b0b9-23b9015f1d3a 92d7870bc06248bf932b5495115f2fbc 592c8ebc0b3048f8ba85e67ef6526db2 - - - -] volume service is down. (host: rack04-server60@lvm-1)
2024-09-18 16:13:00.447 7 WARNING cinder.scheduler.host_manager [req-56c2b106-a12e-47d7-9bba-86087f9f05cc req-aa638c6a-d7fa-407b-b411-95c1c09d1df2 410aeeb352644a2e98b2d869ca3d4d06 92f033ed4bbc4b0587e778bea1f85c84 - - - -] volume service is down. (host: rack04-server60@lvm-1)
2024-09-18 16:13:01.357 7 WARNING cinder.scheduler.host_manager [None req-f57ae9b6-ab31-4e0c-8879-b2b38cdf6282 92d7870bc06248bf932b5495115f2fbc 592c8ebc0b3048f8ba85e67ef6526db2 - - - -] volume service is down. (host: rack04-server60@lvm-1)
2024-09-18 16:13:01.772 7 WARNING cinder.scheduler.host_manager [None req-95e2f7ff-03ca-4790-8401-28a0380db749 7c1b80359e344054a1ad2085ab3e4420 6608ea7f13034ff7a697ce3f5f8ee694 - - - -] volume service is down. (host: rack04-server60@lvm-1)
2024-09-18 16:13:01.780 7 WARNING cinder.scheduler.host_manager [None req-95e2f7ff-03ca-4790-8401-28a0380db749 7c1b80359e344054a1ad2085ab3e4420 6608ea7f13034ff7a697ce3f5f8ee694 - - - -] volume service is down. (host: rack04-server60@lvm-1)
2024-09-18 16:13:02.992 7 WARNING cinder.scheduler.host_manager [None req-256c1bed-794b-4666-ac1a-25aaf42217ae 7c1b80359e344054a1ad2085ab3e4420 6608ea7f13034ff7a697ce3f5f8ee694 - - - -] volume service is down. (host: rack04-server60@lvm-1)
2024-09-18 16:13:03.001 7 WARNING cinder.scheduler.host_manager [None req-256c1bed-794b-4666-ac1a-25aaf42217ae 7c1b80359e344054a1ad2085ab3e4420 6608ea7f13034ff7a697ce3f5f8ee694 - - - -] volume service is down. (host: rack04-server60@lvm-1)
2024-09-18 16:13:04.394 7 WARNING cinder.scheduler.host_manager [None req-9ec1f3c4-bd3d-4484-9f20-fd0d12f91eb7 7c1b80359e344054a1ad2085ab3e4420 6608ea7f13034ff7a697ce3f5f8ee694 - - - -] volume service is down. (host: rack04-server60@lvm-1)
2024-09-18 16:13:05.053 7 WARNING cinder.scheduler.host_manager [None req-3c737f87-93ae-4437-aaec-add1c79d97b5 92d7870bc06248bf932b5495115f2fbc 592c8ebc0b3048f8ba85e67ef6526db2 - - - -] volume service is down. (host: rack04-server60@lvm-1)
2024-09-18 16:13:07.487 7 WARNING cinder.scheduler.host_manager [None req-24c2b7d8-a294-4f6a-8f60-29437f3d6bbb a365c63ad0154758b55b45cda8258f2f 5c087b7e649d4ea581f06824b24dc9f8 - - - -] volume service is down. (host: rack04-server60@lvm-1)
2024-09-18 16:13:08.950 7 WARNING cinder.scheduler.host_manager [None req-73a26536-5081-4865-80a4-2de1845b1c9c a365c63ad0154758b55b45cda8258f2f 5c087b7e649d4ea581f06824b24dc9f8 - - - -] volume service is down. (host: rack04-server60@lvm-1)
2024-09-18 16:13:09.939 7 WARNING cinder.scheduler.host_manager [None req-84712940-056d-4055-984e-6f40c78e8df9 7c1b80359e344054a1ad2085ab3e4420 6608ea7f13034ff7a697ce3f5f8ee694 - - - -] volume service is down. (host: rack04-server60@lvm-1)
2024-09-18 16:13:09.948 7 WARNING cinder.scheduler.host_manager [None req-84712940-056d-4055-984e-6f40c78e8df9 7c1b80359e344054a1ad2085ab3e4420 6608ea7f13034ff7a697ce3f5f8ee694 - - - -] volume service is down. (host: rack04-server60@lvm-1)
2024-09-18 16:13:11.358 7 WARNING cinder.scheduler.host_manager [None req-dcafb0c3-ef1e-4161-a086-b171279a45e6 7c1b80359e344054a1ad2085ab3e4420 6608ea7f13034ff7a697ce3f5f8ee694 - - - -] volume service is down. (host: rack04-server60@lvm-1)
2024-09-18 16:13:11.424 7 WARNING cinder.scheduler.host_manager [None req-8a3f0828-a8de-4edc-8371-6aea1b737aa0 92d7870bc06248bf932b5495115f2fbc 592c8ebc0b3048f8ba85e67ef6526db2 - - - -] volume service is down. (host: rack04-server60@lvm-1)
2024-09-18 16:13:11.432 7 WARNING cinder.scheduler.host_manager [None req-8a3f0828-a8de-4edc-8371-6aea1b737aa0 92d7870bc06248bf932b5495115f2fbc 592c8ebc0b3048f8ba85e67ef6526db2 - - - -] volume service is down. (host: rack04-server60@lvm-1)
2024-09-18 16:13:11.532 7 WARNING cinder.scheduler.host_manager [None req-116197e2-9b11-41c8-886f-4291a6e17ec7 a365c63ad0154758b55b45cda8258f2f 5c087b7e649d4ea581f06824b24dc9f8 - - - -] volume service is down. (host: rack04-server60@lvm-1)
2024-09-18 16:13:12.840 7 WARNING cinder.scheduler.host_manager [None req-528cd391-fb9e-42c4-a116-8411c87f9e85 92d7870bc06248bf932b5495115f2fbc 592c8ebc0b3048f8ba85e67ef6526db2 - - - -] volume service is down. (host: rack04-server60@lvm-1)
2024-09-18 16:13:13.931 7 WARNING cinder.scheduler.host_manager [None req-77e80202-9a3c-4e37-8d6a-10a05d26d5c0 7c1b80359e344054a1ad2085ab3e4420 6608ea7f13034ff7a697ce3f5f8ee694 - - - -] volume service is down. (host: rack04-server60@lvm-1)
2024-09-18 16:13:15.391 7 WARNING cinder.scheduler.host_manager [None req-92c8aa7f-a88b-45a2-8e96-5c9cca8fc32f 92d7870bc06248bf932b5495115f2fbc 592c8ebc0b3048f8ba85e67ef6526db2 - - - -] volume service is down. (host: rack04-server60@lvm-1)
2024-09-18 16:13:22.494 7 WARNING cinder.scheduler.host_manager [None req-662d9277-9d35-42b7-9258-754b6e6ef7f9 782138a633f84764903c9771d7d3a1ae a7af8656225344b886345d198fd54b3f - - - -] volume service is down. (host: rack04-server60@lvm-1)
2024-09-18 16:13:22.502 7 WARNING cinder.scheduler.host_manager [None req-662d9277-9d35-42b7-9258-754b6e6ef7f9 782138a633f84764903c9771d7d3a1ae a7af8656225344b886345d198fd54b3f - - - -] volume service is down. (host: rack04-server60@lvm-1)
2024-09-18 16:13:23.850 7 WARNING cinder.scheduler.host_manager [None req-85c10441-7b49-4120-9c66-7f06c915e9d7 782138a633f84764903c9771d7d3a1ae a7af8656225344b886345d198fd54b3f - - - -] volume service is down. (host: rack04-server60@lvm-1)
2024-09-18 16:13:25.781 7 WARNING cinder.scheduler.host_manager [None req-3dd18726-10a4-4d23-b6e9-87d6816ba5ae 7f44cf09a033412c9c9ae81e84742fe9 421a8e13a9cc4d67acdf9446fd9e7b82 - - - -] volume service is down. (host: rack04-server60@lvm-1)
2024-09-18 16:13:25.789 7 WARNING cinder.scheduler.host_manager [None req-3dd18726-10a4-4d23-b6e9-87d6816ba5ae 7f44cf09a033412c9c9ae81e84742fe9 421a8e13a9cc4d67acdf9446fd9e7b82 - - - -] volume service is down. (host: rack04-server60@lvm-1)
2024-09-18 16:13:27.160 7 WARNING cinder.scheduler.host_manager [None req-05a224d2-bfbc-4478-ae5e-552d0676fdc4 7f44cf09a033412c9c9ae81e84742fe9 421a8e13a9cc4d67acdf9446fd9e7b82 - - - -] volume service is down. (host: rack04-server60@lvm-1)
2024-09-18 16:13:28.779 7 WARNING cinder.scheduler.host_manager [None req-9ff93444-a950-4621-8ecf-ca3235812b4a 92d7870bc06248bf932b5495115f2fbc 592c8ebc0b3048f8ba85e67ef6526db2 - - - -] volume service is down. (host: rack04-server60@lvm-1)
2024-09-18 16:13:28.788 7 WARNING cinder.scheduler.host_manager [None req-9ff93444-a950-4621-8ecf-ca3235812b4a 92d7870bc06248bf932b5495115f2fbc 592c8ebc0b3048f8ba85e67ef6526db2 - - - -] volume service is down. (host: rack04-server60@lvm-1)
2024-09-18 16:13:29.549 7 WARNING cinder.scheduler.host_manager [None req-a294f26b-1591-4851-8b04-8b5a7e45d302 7f44cf09a033412c9c9ae81e84742fe9 421a8e13a9cc4d67acdf9446fd9e7b82 - - - -] volume service is down. (host: rack04-server60@lvm-1)
2024-09-18 16:13:30.179 7 WARNING cinder.scheduler.host_manager [None req-f6597c91-4379-4e0a-935c-032899be298c 92d7870bc06248bf932b5495115f2fbc 592c8ebc0b3048f8ba85e67ef6526db2 - - - -] volume service is down. (host: rack04-server60@lvm-1)
2024-09-18 16:13:42.903 7 WARNING cinder.scheduler.host_manager [None req-140bb48f-66cc-492b-8c95-2ed6f7ee5181 76ded69464fb48d5aa405b08e1426bfe b97878af29274bd48ac9c04081e451d0 - - - -] volume service is down. (host: rack04-server60@lvm-1)
2024-09-18 16:13:43.726 7 WARNING cinder.scheduler.host_manager [None req-1caa6880-f65a-42e7-b1c3-18e2f13ca94e e1414f963c0d4becba9fd0535bbc4b65 2234473d1a9a4348b056d433dbf90fc2 - - - -] volume service is down. (host: rack04-server60@lvm-1)
2024-09-18 16:13:45.381 7 WARNING cinder.scheduler.host_manager [None req-0dd60bb4-dbfe-4010-a494-29d8c826fccf 76ded69464fb48d5aa405b08e1426bfe b97878af29274bd48ac9c04081e451d0 - - - -] volume service is down. (host: rack04-server60@lvm-1)
2024-09-18 16:13:46.096 7 WARNING cinder.scheduler.host_manager [None req-9e9c651a-5311-4f29-b639-bbe5c80b4250 e1414f963c0d4becba9fd0535bbc4b65 2234473d1a9a4348b056d433dbf90fc2 - - - -] volume service is down. (host: rack04-server60@lvm-1)
2024-09-18 16:13:48.744 7 WARNING cinder.scheduler.host_manager [None req-fbe5b120-01d3-4b05-8304-15d841fcb071 e1414f963c0d4becba9fd0535bbc4b65 2234473d1a9a4348b056d433dbf90fc2 - - - -] volume service is down. (host: rack04-server60@lvm-1)
2024-09-18 16:13:49.139 7 WARNING cinder.scheduler.host_manager [None req-65040d15-02e9-457e-a6c8-f789499f4e1b 460ba07503c04599b80da9a52f9bbb4d 3094bb46c6eb48eb9c86b372e4c46248 - - - -] volume service is down. (host: rack04-server60@lvm-1)
2024-09-18 16:13:49.147 7 WARNING cinder.scheduler.host_manager [None req-65040d15-02e9-457e-a6c8-f789499f4e1b 460ba07503c04599b80da9a52f9bbb4d 3094bb46c6eb48eb9c86b372e4c46248 - - - -] volume service is down. (host: rack04-server60@lvm-1)
2024-09-18 16:13:52.349 7 WARNING cinder.scheduler.host_manager [None req-9f37e8b8-0703-43a1-841d-4576f183ad4e e1414f963c0d4becba9fd0535bbc4b65 2234473d1a9a4348b056d433dbf90fc2 - - - -] volume service is down. (host: rack04-server60@lvm-1)
2024-09-18 16:13:54.255 7 WARNING cinder.scheduler.host_manager [None req-bdb85839-6290-433b-a2c2-7bb66d2d4dbe 603fd6da3115489c866a623225695b1c 70db354a5db24871b6d828802f94b2b0 - - - -] volume service is down. (host: rack04-server60@lvm-1)
2024-09-18 16:13:55.957 7 WARNING cinder.scheduler.host_manager [None req-c4e6a400-74fb-4d52-bce5-24d90d358c60 e1414f963c0d4becba9fd0535bbc4b65 2234473d1a9a4348b056d433dbf90fc2 - - - -] volume service is down. (host: rack04-server60@lvm-1)
2024-09-18 16:13:57.656 7 WARNING cinder.scheduler.host_manager [None req-bac1e362-595a-472a-a88b-818386934298 bfa49486d72a492fbceab45258ef9369 5e974d4565d0479981f2f6b4a25cc04c - - - -] volume service is down. (host: rack04-server60@lvm-1)
2024-09-18 16:13:57.657 7 INFO cinder.scheduler.base_filter [None req-bac1e362-595a-472a-a88b-818386934298 bfa49486d72a492fbceab45258ef9369 5e974d4565d0479981f2f6b4a25cc04c - - - -] Filtering removed all hosts for the request with volume ID '62ab6239-0673-423c-ae7f-7277a6c297ad'. Filter results: AvailabilityZoneFilter: (start: 1, end: 1), CapacityFilter: (start: 1, end: 1), CapabilitiesFilter: (start: 1, end: 0)
2024-09-18 16:13:57.658 7 WARNING cinder.scheduler.filter_scheduler [None req-bac1e362-595a-472a-a88b-818386934298 bfa49486d72a492fbceab45258ef9369 5e974d4565d0479981f2f6b4a25cc04c - - - -] No weighed backend found for volume with properties: {'id': '18307b49-a055-42fd-bcd3-96e1b8e78b32', 'name': 'tempest-UserMessagesTest-volume-type-1590832123', 'description': None, 'is_public': True, 'projects': [], 'extra_specs': {'storage_protocol': 'tempest-storage_protocol-1588373177', 'vendor_name': 'tempest-vendor_name-691741783'}, 'qos_specs_id': None, 'created_at': '2024-09-18T16:13:57.000000', 'updated_at': None, 'deleted_at': None, 'deleted': False}
2024-09-18 16:13:57.659 7 INFO cinder.message.api [None req-bac1e362-595a-472a-a88b-818386934298 bfa49486d72a492fbceab45258ef9369 5e974d4565d0479981f2f6b4a25cc04c - - - -] Creating message record for request_id = req-bac1e362-595a-472a-a88b-818386934298
2024-09-18 16:13:57.665 7 ERROR cinder.scheduler.flows.create_volume [None req-bac1e362-595a-472a-a88b-818386934298 bfa49486d72a492fbceab45258ef9369 5e974d4565d0479981f2f6b4a25cc04c - - - -] Failed to run task cinder.scheduler.flows.create_volume.ScheduleCreateVolumeTask;volume:create: No valid backend was found. No weighed backends available: cinder.exception.NoValidBackend: No valid backend was found. No weighed backends available
2024-09-18 16:13:59.396 7 WARNING cinder.scheduler.host_manager [None req-eb293d6c-d2d3-4a5e-b7b2-6e2001064f3c bfa49486d72a492fbceab45258ef9369 5e974d4565d0479981f2f6b4a25cc04c - - - -] volume service is down. (host: rack04-server60@lvm-1)
2024-09-18 16:13:59.397 7 INFO cinder.scheduler.base_filter [None req-eb293d6c-d2d3-4a5e-b7b2-6e2001064f3c bfa49486d72a492fbceab45258ef9369 5e974d4565d0479981f2f6b4a25cc04c - - - -] Filtering removed all hosts for the request with volume ID '45af007c-6fbb-4105-ad22-1539a61ada7c'. Filter results: AvailabilityZoneFilter: (start: 1, end: 1), CapacityFilter: (start: 1, end: 1), CapabilitiesFilter: (start: 1, end: 0)
2024-09-18 16:13:59.398 7 WARNING cinder.scheduler.filter_scheduler [None req-eb293d6c-d2d3-4a5e-b7b2-6e2001064f3c bfa49486d72a492fbceab45258ef9369 5e974d4565d0479981f2f6b4a25cc04c - - - -] No weighed backend found for volume with properties: {'id': '7af00b96-d86b-46b0-817c-7609de878e18', 'name': 'tempest-UserMessagesTest-volume-type-1651685125', 'description': None, 'is_public': True, 'projects': [], 'extra_specs': {'storage_protocol': 'tempest-storage_protocol-111393321', 'vendor_name': 'tempest-vendor_name-248296243'}, 'qos_specs_id': None, 'created_at': '2024-09-18T16:13:59.000000', 'updated_at': None, 'deleted_at': None, 'deleted': False}
2024-09-18 16:13:59.398 7 INFO cinder.message.api [None req-eb293d6c-d2d3-4a5e-b7b2-6e2001064f3c bfa49486d72a492fbceab45258ef9369 5e974d4565d0479981f2f6b4a25cc04c - - - -] Creating message record for request_id = req-eb293d6c-d2d3-4a5e-b7b2-6e2001064f3c
2024-09-18 16:13:59.402 7 ERROR cinder.scheduler.flows.create_volume [None req-eb293d6c-d2d3-4a5e-b7b2-6e2001064f3c bfa49486d72a492fbceab45258ef9369 5e974d4565d0479981f2f6b4a25cc04c - - - -] Failed to run task cinder.scheduler.flows.create_volume.ScheduleCreateVolumeTask;volume:create: No valid backend was found. No weighed backends available: cinder.exception.NoValidBackend: No valid backend was found. No weighed backends available
2024-09-18 16:13:59.550 7 WARNING cinder.scheduler.host_manager [None req-92482697-7d4f-4993-aec4-2b826cda1da1 e1414f963c0d4becba9fd0535bbc4b65 2234473d1a9a4348b056d433dbf90fc2 - - - -] volume service is down. (host: rack04-server60@lvm-1)
2024-09-18 16:14:09.229 7 WARNING cinder.scheduler.host_manager [None req-be28f360-bb71-471e-9efa-0778fcf275cb afb5475545cd4a309dc1b7b6b66b2cd9 e223603949bb447980a8461855f8e1e3 - - - -] volume service is down. (host: rack04-server60@lvm-1)
2024-09-18 16:14:11.580 7 WARNING cinder.scheduler.host_manager [None req-07d71e36-ef5a-41b2-9165-2e73ab8cb9b3 afb5475545cd4a309dc1b7b6b66b2cd9 e223603949bb447980a8461855f8e1e3 - - - -] volume service is down. (host: rack04-server60@lvm-1)
2024-09-18 16:14:15.721 7 WARNING cinder.scheduler.host_manager [None req-d4aebc13-0e39-4e36-96f7-cd52c1d186d9 07326703804241af80e6ff3d31b45d4c 162d6c35bdd248d6942debb66971dd80 - - - -] volume service is down. (host: rack04-server60@lvm-1)
2024-09-18 16:14:16.578 7 WARNING cinder.scheduler.host_manager [None req-48991b14-5f00-402c-85d9-20c7dda74791 94815763b9704622a3549ee19504a0bd 181e5c70f31b45dbb336b2cc2b3fd4a1 - - - -] volume service is down. (host: rack04-server60@lvm-1)
2024-09-18 16:14:19.509 7 WARNING cinder.scheduler.host_manager [None req-f317493e-699f-48fd-a736-5b4bf179001e 07326703804241af80e6ff3d31b45d4c 162d6c35bdd248d6942debb66971dd80 - - - -] volume service is down. (host: rack04-server60@lvm-1)
2024-09-18 16:14:23.249 7 WARNING cinder.scheduler.host_manager [None req-91bf985f-96ea-4a65-88c8-952d9117e251 be1241082df744d9861fee6e87fc179c 8a926ea3fc9e4a9488a35787bed4077c - - - -] volume service is down. (host: rack04-server60@lvm-1)
2024-09-18 16:14:36.555 7 WARNING cinder.scheduler.host_manager [None req-50eb2646-d957-4614-945c-6800f0c5645a 287cad32c85141bc9eeb70fe8c63727c 4cccdbc1e1594827998a781726ed4e89 - - - -] volume service is down. (host: rack04-server60@lvm-1)
2024-09-18 16:14:39.058 7 WARNING cinder.scheduler.host_manager [None req-4d12362f-678a-4d88-b5c3-4637e9d3ee5d 287cad32c85141bc9eeb70fe8c63727c 4cccdbc1e1594827998a781726ed4e89 - - - -] volume service is down. (host: rack04-server60@lvm-1)
2024-09-18 16:14:40.516 7 WARNING cinder.scheduler.host_manager [None req-d9c305a9-0e22-4ff7-88e5-513e12715fe5 568f5238459040cfb9ca0e284f642a7a 87ba361f556648b4897511794263a5e4 - - - -] volume service is down. (host: rack04-server60@lvm-1)
2024-09-18 16:14:41.397 7 WARNING cinder.scheduler.host_manager [None req-b8237472-b4e5-441a-82e0-f90e02c75fac fbb7096b62e543cdab4545225e4ff63b 035d82b676d446c89f6d83c967a6a543 - - - -] volume service is down. (host: rack04-server60@lvm-1)
2024-09-18 16:14:41.602 7 WARNING cinder.scheduler.host_manager [None req-ab553968-7f00-4662-ae76-e00ed1a56808 287cad32c85141bc9eeb70fe8c63727c 4cccdbc1e1594827998a781726ed4e89 - - - -] volume service is down. (host: rack04-server60@lvm-1)
2024-09-18 16:14:42.869 7 WARNING cinder.scheduler.host_manager [None req-613294ea-402a-4599-a221-281781ef2fcd 568f5238459040cfb9ca0e284f642a7a 87ba361f556648b4897511794263a5e4 - - - -] volume service is down. (host: rack04-server60@lvm-1)
2024-09-18 16:14:44.314 7 WARNING cinder.scheduler.host_manager [None req-0e65eaea-77cc-45ca-a8be-84ffadb7e49d dcbad4fc4fe74467b7c7f091292c5f03 6898978eac30429cb348126d3b5df509 - - - -] volume service is down. (host: rack04-server60@lvm-1)
2024-09-18 16:14:51.664 7 WARNING cinder.scheduler.host_manager [None req-0ee4965f-f9fe-4b64-9535-5c2f6a404b54 17e417df37404cf5ad5709ea300db3ed 52bbe2075f2446d697ae162269e50b3c - - - -] volume service is down. (host: rack04-server60@lvm-1)
2024-09-18 16:14:57.606 7 WARNING cinder.scheduler.host_manager [None req-4d721a5f-180f-44ea-be35-d9411f04bb88 c121ccf3171249ef8d7c53dfdc318391 93b0387a7ecd44329326204419c3a817 - - - -] volume service is down. (host: rack04-server60@lvm-1)
2024-09-18 16:15:00.579 7 WARNING cinder.scheduler.host_manager [None req-5a1f5de7-40d7-4fa9-83ea-dd5b85559cb8 17e417df37404cf5ad5709ea300db3ed 52bbe2075f2446d697ae162269e50b3c - - - -] volume service is down. (host: rack04-server60@lvm-1)
2024-09-18 16:15:02.662 7 WARNING cinder.scheduler.host_manager [None req-fac35c04-b8c4-4cd2-a4f1-63e4a567c6e1 f3ffe90de67b4b99bd4b213a806973dc 8d7ee02d6f2648208bf7d79b435a2f82 - - - -] volume service is down. (host: rack04-server60@lvm-1)
2024-09-18 16:15:06.654 7 WARNING cinder.scheduler.host_manager [None req-a6a442b4-0f03-4c8d-832f-457a23cee8c0 17e417df37404cf5ad5709ea300db3ed 52bbe2075f2446d697ae162269e50b3c - - - -] volume service is down. (host: rack04-server60@lvm-1)
2024-09-18 16:15:08.972 7 WARNING cinder.scheduler.host_manager [None req-72aa257d-99ce-455c-8331-df6201d7ea37 7e9df13766044b2d89227ac365cd8272 7ee25afd35374a79a204d4e1acb29683 - - - -] volume service is down. (host: rack04-server60@lvm-1)
2024-09-18 16:15:09.142 7 WARNING cinder.scheduler.host_manager [None req-20ae2996-1bdb-4a88-95b8-26fb57b666dd 17e417df37404cf5ad5709ea300db3ed 52bbe2075f2446d697ae162269e50b3c - - - -] volume service is down. (host: rack04-server60@lvm-1)
2024-09-18 16:15:09.934 7 WARNING cinder.scheduler.host_manager [None req-8177507f-5026-4d96-bec7-da212c5bc09a f4027a8683ea405fb27f5cdcdafbb769 f266f96860614e64b238409d313554fb - - - -] volume service is down. (host: rack04-server60@lvm-1)
2024-09-18 16:15:12.286 7 WARNING cinder.scheduler.host_manager [None req-0239ca8f-a6c3-457d-9b82-e87a6877f1f7 f4027a8683ea405fb27f5cdcdafbb769 f266f96860614e64b238409d313554fb - - - -] volume service is down. (host: rack04-server60@lvm-1)
2024-09-18 16:15:14.075 7 WARNING cinder.scheduler.host_manager [None req-67bd744c-b8f3-41d6-b3b0-9db2da120d3f 7e9df13766044b2d89227ac365cd8272 7ee25afd35374a79a204d4e1acb29683 - - - -] volume service is down. (host: rack04-server60@lvm-1)
2024-09-18 16:15:14.523 7 WARNING cinder.scheduler.host_manager [None req-16ffbec6-90ff-433b-81ea-a3bf194f2b1c f4027a8683ea405fb27f5cdcdafbb769 f266f96860614e64b238409d313554fb - - - -] volume service is down. (host: rack04-server60@lvm-1)
2024-09-18 16:15:18.258 7 WARNING cinder.scheduler.host_manager [None req-af15c528-6a3d-4fed-9f33-18fe15918b85 f4027a8683ea405fb27f5cdcdafbb769 f266f96860614e64b238409d313554fb - - - -] volume service is down. (host: rack04-server60@lvm-1)
2024-09-18 16:15:18.521 7 WARNING cinder.scheduler.host_manager [None req-00be8d0d-708a-43c3-a684-d4dbcaff2fef 68554164301a4562a8b2208763a50bae d584b49d4cba4fff91b4459c8af51b54 - - - -] volume service is down. (host: rack04-server60@lvm-1)
2024-09-18 16:15:20.590 7 WARNING cinder.scheduler.host_manager [None req-a23e098e-7458-423f-a924-08bc5bda2411 f4027a8683ea405fb27f5cdcdafbb769 f266f96860614e64b238409d313554fb - - - -] volume service is down. (host: rack04-server60@lvm-1)
2024-09-18 16:15:21.915 7 WARNING cinder.scheduler.host_manager [None req-00b10fb2-9c63-47d2-8542-3b78be3d7803 f7203b51361744a0911d0fd2c0e68f2a ceae0a9ba26c4f46a8d5794f5dc7574b - - - -] volume service is down. (host: rack04-server60@lvm-1)
2024-09-18 16:15:23.039 7 WARNING cinder.scheduler.host_manager [None req-5df2c44c-e6ee-4ea6-97a0-ee293b390d5a f4027a8683ea405fb27f5cdcdafbb769 f266f96860614e64b238409d313554fb - - - -] volume service is down. (host: rack04-server60@lvm-1)
2024-09-18 16:15:24.642 7 WARNING cinder.scheduler.host_manager [None req-d65e0d46-12b3-40c1-9eec-0f8a35174ed6 f7203b51361744a0911d0fd2c0e68f2a ceae0a9ba26c4f46a8d5794f5dc7574b - - - -] volume service is down. (host: rack04-server60@lvm-1)
2024-09-18 16:15:25.736 7 WARNING cinder.scheduler.host_manager [None req-3e10b61a-a9ee-4d0c-8e12-0fe0e22eea5c 2fc92531210b44c5b65b6cd7436045b4 6d3d2fefdeac4fc38554896f49bb3911 - - - -] volume service is down. (host: rack04-server60@lvm-1)
2024-09-18 16:15:29.505 7 WARNING cinder.scheduler.host_manager [None req-73c13e86-01fd-4b0a-8139-cc54dfa12ce3 f7203b51361744a0911d0fd2c0e68f2a ceae0a9ba26c4f46a8d5794f5dc7574b - - - -] volume service is down. (host: rack04-server60@lvm-1)
2024-09-18 16:15:31.997 7 WARNING cinder.scheduler.host_manager [None req-24e241f0-1763-4b05-93a9-6256cb872af9 f7203b51361744a0911d0fd2c0e68f2a ceae0a9ba26c4f46a8d5794f5dc7574b - - - -] volume service is down. (host: rack04-server60@lvm-1)
2024-09-18 16:15:34.930 7 WARNING cinder.scheduler.host_manager [None req-c9017403-0251-4fec-afa7-7d6a2dabc579 2a2ce11adba246f3b963e86456c576ea d6ee25d87bf7496ca6621cf6120bcb0b - - - -] volume service is down. (host: rack04-server60@lvm-1)
2024-09-18 16:15:35.560 7 WARNING cinder.scheduler.host_manager [None req-f76e2318-05d1-4d00-ace4-f06114dc9fdd 2fc92531210b44c5b65b6cd7436045b4 6d3d2fefdeac4fc38554896f49bb3911 - - - -] volume service is down. (host: rack04-server60@lvm-1)
2024-09-18 16:15:35.842 7 WARNING cinder.scheduler.host_manager [None req-5bc95dec-9491-4876-bbbe-3dbd49420b7c f7203b51361744a0911d0fd2c0e68f2a ceae0a9ba26c4f46a8d5794f5dc7574b - - - -] volume service is down. (host: rack04-server60@lvm-1)
2024-09-18 16:15:38.252 7 WARNING cinder.scheduler.host_manager [None req-53553463-9295-4049-bde6-f21ba2fec7df 2fc92531210b44c5b65b6cd7436045b4 6d3d2fefdeac4fc38554896f49bb3911 - - - -] volume service is down. (host: rack04-server60@lvm-1)
2024-09-18 16:15:40.181 7 WARNING cinder.scheduler.host_manager [None req-88a335e0-e3c1-4f6c-8df9-73e2c76b8994 2a2ce11adba246f3b963e86456c576ea d6ee25d87bf7496ca6621cf6120bcb0b - - - -] volume service is down. (host: rack04-server60@lvm-1)
2024-09-18 16:15:40.646 7 WARNING cinder.scheduler.host_manager [None req-3b6ebaa9-5361-44a5-9977-82f016815879 2fc92531210b44c5b65b6cd7436045b4 6d3d2fefdeac4fc38554896f49bb3911 - - - -] volume service is down. (host: rack04-server60@lvm-1)
2024-09-18 16:15:42.144 7 WARNING cinder.scheduler.host_manager [None req-e7887b6a-0266-4b45-b29e-030c3e706b62 f7203b51361744a0911d0fd2c0e68f2a ceae0a9ba26c4f46a8d5794f5dc7574b - - - -] volume service is down. (host: rack04-server60@lvm-1)
2024-09-18 16:15:42.931 7 WARNING cinder.scheduler.host_manager [None req-f07fe060-8586-48ac-9abb-f06415d5305c 2fc92531210b44c5b65b6cd7436045b4 6d3d2fefdeac4fc38554896f49bb3911 - - - -] volume service is down. (host: rack04-server60@lvm-1)
2024-09-18 16:15:51.221 7 WARNING cinder.scheduler.host_manager [None req-f54bbbf2-d6e5-47ba-a658-14f3243f6253 f7203b51361744a0911d0fd2c0e68f2a ceae0a9ba26c4f46a8d5794f5dc7574b - - - -] volume service is down. (host: rack04-server60@lvm-1)
2024-09-18 16:15:51.361 7 WARNING cinder.scheduler.host_manager [None req-b27dbf85-e839-4a2b-bdaf-80bec00dabaf 81280ce1a2e84c93ab970cb1b664730f abed3f06e25443f8be76d5b5992454d7 - - - -] volume service is down. (host: rack04-server60@lvm-1)
2024-09-18 16:15:53.087 7 WARNING cinder.scheduler.host_manager [None req-c56d2a28-f425-4bbd-b967-a759c133b545 26437aeba0634aea9fb239bb315f0a3b 42bbc9ff3cd144a48d831c90bdf566f9 - - - -] volume service is down. (host: rack04-server60@lvm-1)
2024-09-18 16:15:55.471 7 WARNING cinder.scheduler.host_manager [None req-a118ec21-a219-45c1-a26c-5348f8b8f234 26437aeba0634aea9fb239bb315f0a3b 42bbc9ff3cd144a48d831c90bdf566f9 - - - -] volume service is down. (host: rack04-server60@lvm-1)
2024-09-18 16:15:56.675 7 WARNING cinder.scheduler.host_manager [None req-3368c995-aca3-455c-940e-fd1d2373a4a3 81280ce1a2e84c93ab970cb1b664730f abed3f06e25443f8be76d5b5992454d7 - - - -] volume service is down. (host: rack04-server60@lvm-1)
2024-09-18 16:15:59.442 7 WARNING cinder.scheduler.host_manager [None req-cd0b5e56-c708-40c0-9b9a-21c93c33f7d8 4b1afd02c2a6480ca1df9c780a29d8c3 e466c27385164326a73ca1a03eb23e3b - - - -] volume service is down. (host: rack04-server60@lvm-1)
2024-09-18 16:16:02.006 7 WARNING cinder.scheduler.host_manager [None req-0ef971a5-10c4-401f-a711-532059b4576f 4b1afd02c2a6480ca1df9c780a29d8c3 e466c27385164326a73ca1a03eb23e3b - - - -] volume service is down. (host: rack04-server60@lvm-1)
2024-09-18 16:16:04.540 7 WARNING cinder.scheduler.host_manager [None req-40f8794e-27c6-4c87-9e87-c78155c1c18e 4b1afd02c2a6480ca1df9c780a29d8c3 e466c27385164326a73ca1a03eb23e3b - - - -] volume service is down. (host: rack04-server60@lvm-1)
2024-09-18 16:16:04.664 7 WARNING cinder.scheduler.host_manager [None req-83b8202f-eed1-49b6-b1c2-9a809181e2df ebbb75411fc44b199e827b65ba52878e a0f574adbde34a5c8e8c146e61ec7495 - - - -] volume service is down. (host: rack04-server60@lvm-1)
2024-09-18 16:16:05.956 7 WARNING cinder.scheduler.host_manager [None req-bee8a9e2-6b49-42e4-94fd-8d498ae69ba4 ebbb75411fc44b199e827b65ba52878e a0f574adbde34a5c8e8c146e61ec7495 - - - -] volume service is down. (host: rack04-server60@lvm-1)
2024-09-18 16:16:08.227 7 WARNING cinder.scheduler.host_manager [None req-c0531aaf-d820-4b52-b49b-67584cbd9027 ebbb75411fc44b199e827b65ba52878e a0f574adbde34a5c8e8c146e61ec7495 - - - -] volume service is down. (host: rack04-server60@lvm-1)
2024-09-18 16:16:10.501 7 WARNING cinder.scheduler.host_manager [None req-dc0e5ebd-8786-4c37-9e8e-2eaa1e484794 ebbb75411fc44b199e827b65ba52878e a0f574adbde34a5c8e8c146e61ec7495 - - - -] volume service is down. (host: rack04-server60@lvm-1)
2024-09-18 16:16:14.871 7 WARNING cinder.scheduler.host_manager [None req-825e2c88-a330-4a0a-ac90-d11e0ccff644 f70a697c9d724ea7a1432450aa2b0537 e288c3395fdd4192871568ceb6cfb958 - - - -] volume service is down. (host: rack04-server60@lvm-1)
2024-09-18 16:16:37.251 7 WARNING cinder.scheduler.host_manager [None req-99159ada-1368-4042-9152-44f9dd9d357d fa03fde85fc1407d8ed1d484850e7880 3d7e3184def54fb28a2d050a7cfae119 - - - -] volume service is down. (host: rack04-server60@lvm-1)
2024-09-18 16:16:37.335 7 WARNING cinder.scheduler.host_manager [None req-8c5173cd-858a-42d0-8200-9eaed7ec988d 6069939995724aa6a91374b631aa9415 f80a5025d01c40049f2b1478f7ee1003 - - - -] volume service is down. (host: rack04-server60@lvm-1)
2024-09-18 16:16:37.348 7 WARNING cinder.scheduler.host_manager [None req-a8aee304-766d-4e47-b3f6-565c6b80f86c 167e924e01484337bab322c807edb0b6 fa7edb37cff849ed960e2b9ceaf2d7d4 - - - -] volume service is down. (host: rack04-server60@lvm-1)
2024-09-18 16:16:37.468 7 WARNING cinder.scheduler.host_manager [None req-da7957d8-93c0-49f1-b3a4-61d8769502c1 fa03fde85fc1407d8ed1d484850e7880 3d7e3184def54fb28a2d050a7cfae119 - - - -] volume service is down. (host: rack04-server60@lvm-1)
2024-09-18 16:16:37.735 7 WARNING cinder.scheduler.host_manager [None req-168e5872-a5ca-4f3a-a056-0fb95e199f12 fa03fde85fc1407d8ed1d484850e7880 3d7e3184def54fb28a2d050a7cfae119 - - - -] volume service is down. (host: rack04-server60@lvm-1)
2024-09-18 16:16:37.990 7 WARNING cinder.scheduler.host_manager [None req-f96a61ab-ca06-48e8-8ce4-3032fc48879f fa03fde85fc1407d8ed1d484850e7880 3d7e3184def54fb28a2d050a7cfae119 - - - -] volume service is down. (host: rack04-server60@lvm-1)
2024-09-18 16:16:38.251 7 WARNING cinder.scheduler.host_manager [None req-116e30bf-a682-491c-b6a7-9bf0239fa074 fa03fde85fc1407d8ed1d484850e7880 3d7e3184def54fb28a2d050a7cfae119 - - - -] volume service is down. (host: rack04-server60@lvm-1)
2024-09-18 16:16:39.639 7 WARNING cinder.scheduler.host_manager [None req-3c0f4d59-4094-47bb-96db-1b480a8cd3da 6069939995724aa6a91374b631aa9415 f80a5025d01c40049f2b1478f7ee1003 - - - -] volume service is down. (host: rack04-server60@lvm-1)
2024-09-18 16:16:39.773 7 WARNING cinder.scheduler.host_manager [None req-b63ab1df-bd78-4533-8065-06acca584b13 167e924e01484337bab322c807edb0b6 fa7edb37cff849ed960e2b9ceaf2d7d4 - - - -] volume service is down. (host: rack04-server60@lvm-1)
2024-09-18 16:16:40.025 7 WARNING cinder.scheduler.host_manager [None req-846edc14-34a1-48bd-a87f-9deab913a072 167e924e01484337bab322c807edb0b6 fa7edb37cff849ed960e2b9ceaf2d7d4 - - - -] volume service is down. (host: rack04-server60@lvm-1)
2024-09-18 16:16:40.266 7 WARNING cinder.scheduler.host_manager [None req-952a5f9c-4a33-4057-9e2d-c53d0bedb2e1 167e924e01484337bab322c807edb0b6 fa7edb37cff849ed960e2b9ceaf2d7d4 - - - -] volume service is down. (host: rack04-server60@lvm-1)
2024-09-18 16:16:40.538 7 WARNING cinder.scheduler.host_manager [None req-abb58ccf-ba3c-4278-9d09-cec9058f1ca0 167e924e01484337bab322c807edb0b6 fa7edb37cff849ed960e2b9ceaf2d7d4 - - - -] volume service is down. (host: rack04-server60@lvm-1)
2024-09-18 16:16:40.802 7 WARNING cinder.scheduler.host_manager [None req-ba4ca7d6-575a-466c-b15f-81f95171f2e5 167e924e01484337bab322c807edb0b6 fa7edb37cff849ed960e2b9ceaf2d7d4 - - - -] volume service is down. (host: rack04-server60@lvm-1)
2024-09-18 16:16:42.065 7 WARNING cinder.scheduler.host_manager [None req-cc30b602-57e1-4565-b909-906208c3b430 6069939995724aa6a91374b631aa9415 f80a5025d01c40049f2b1478f7ee1003 - - - -] volume service is down. (host: rack04-server60@lvm-1)
2024-09-18 16:16:42.333 7 WARNING cinder.scheduler.host_manager [None req-a16621ab-ccc1-4d73-bae0-55cc97bcad56 6069939995724aa6a91374b631aa9415 f80a5025d01c40049f2b1478f7ee1003 - - - -] volume service is down. (host: rack04-server60@lvm-1)
2024-09-18 16:16:42.612 7 WARNING cinder.scheduler.host_manager [None req-2eb9d5e4-8981-4081-b661-33cd0edfbdbd 6069939995724aa6a91374b631aa9415 f80a5025d01c40049f2b1478f7ee1003 - - - -] volume service is down. (host: rack04-server60@lvm-1)
2024-09-18 16:16:42.858 7 WARNING cinder.scheduler.host_manager [None req-f358554a-47b6-4adb-9684-00d48778be32 6069939995724aa6a91374b631aa9415 f80a5025d01c40049f2b1478f7ee1003 - - - -] volume service is down. (host: rack04-server60@lvm-1)
2024-09-18 16:16:43.142 7 WARNING cinder.scheduler.host_manager [None req-bdd21da1-9ec5-4e02-94a5-871a729427cb 6069939995724aa6a91374b631aa9415 f80a5025d01c40049f2b1478f7ee1003 - - - -] volume service is down. (host: rack04-server60@lvm-1)
2024-09-18 16:16:49.214 7 WARNING cinder.scheduler.host_manager [None req-8d4f0a46-c1ed-4dd6-88f9-d69ab3415749 c7f8fba9ab56488a81a04d6b44709c6a ed3c72383c244fd28460de1dcc2a0827 - - - -] volume service is down. (host: rack04-server60@lvm-1)
2024-09-18 16:16:51.751 7 WARNING cinder.scheduler.host_manager [None req-d272c5b3-32ac-4fcb-9d3d-27b371c3e25e c7f8fba9ab56488a81a04d6b44709c6a ed3c72383c244fd28460de1dcc2a0827 - - - -] volume service is down. (host: rack04-server60@lvm-1)
2024-09-18 16:16:54.198 7 WARNING cinder.scheduler.host_manager [None req-ddb19051-be64-43d0-818b-f78f598395ee c7f8fba9ab56488a81a04d6b44709c6a ed3c72383c244fd28460de1dcc2a0827 - - - -] volume service is down. (host: rack04-server60@lvm-1)
