Build Started 29_01_2025_21_34_12
2025-01-29 21:35:31.931 7 WARNING cinder.scheduler.host_manager [None req-fe2df9b8-0ff1-417d-9b54-99b39c458ca8 f348feac02ea40e0af054e98218d0329 f8dde4285f814f99adefcc3182540f7d - - - -] volume service is down. (host: rack02-server76@lvm-1)
2025-01-29 21:35:31.977 7 WARNING cinder.scheduler.host_manager [req-adcccfb3-e6d0-4a73-a3c3-337aa82fca34 req-f2b76761-026c-4f5e-9f18-d84b0778e473 d503a620976b471fa49b463aaea6595c d269a11d2a6a461db000bea9bc793b58 - - - -] volume service is down. (host: rack02-server76@lvm-1)
2025-01-29 21:35:32.087 7 WARNING cinder.scheduler.host_manager [req-73620c8a-8b3d-4bb0-92de-98218d03ccc3 req-22069d52-3729-46c7-b5d0-c5f3f3c298c2 59952592c7af4672b44b0773e76349c4 83a4c6b026814026aedb774bbdfe9901 - - - -] volume service is down. (host: rack02-server76@lvm-1)
2025-01-29 21:35:33.308 7 WARNING cinder.scheduler.host_manager [None req-a8efee92-f378-427d-b50d-03e20c673f0a f348feac02ea40e0af054e98218d0329 f8dde4285f814f99adefcc3182540f7d - - - -] volume service is down. (host: rack02-server76@lvm-1)
2025-01-29 21:35:34.517 7 WARNING cinder.scheduler.host_manager [req-342de211-f623-4a8d-a4e2-d72baf234cf7 req-9e315c87-461a-430f-8674-c30863384e3a 59952592c7af4672b44b0773e76349c4 83a4c6b026814026aedb774bbdfe9901 - - - -] volume service is down. (host: rack02-server76@lvm-1)
2025-01-29 21:35:35.692 7 WARNING cinder.scheduler.host_manager [None req-8bc3f134-c642-4a06-aa9c-970ea4b5ef31 f348feac02ea40e0af054e98218d0329 f8dde4285f814f99adefcc3182540f7d - - - -] volume service is down. (host: rack02-server76@lvm-1)
2025-01-29 21:35:42.595 7 WARNING cinder.scheduler.host_manager [None req-72ae3825-ed18-43dc-a889-14ee46076fcb b16f75d3a5bb465686135bf06270397c d4f7ff3a4c4f4ae7a50888aa67772c50 - - - -] volume service is down. (host: rack02-server76@lvm-1)
2025-01-29 21:35:43.060 7 WARNING cinder.scheduler.host_manager [None req-9585a927-18bb-4906-9ee9-8044f22a501d d7fcc55335e84acaa8e9ace621ffc144 b2f16cea124a44b5a29d76f96fb5b17a - - - -] volume service is down. (host: rack02-server76@lvm-1)
2025-01-29 21:35:43.065 7 WARNING cinder.scheduler.host_manager [None req-9585a927-18bb-4906-9ee9-8044f22a501d d7fcc55335e84acaa8e9ace621ffc144 b2f16cea124a44b5a29d76f96fb5b17a - - - -] volume service is down. (host: rack02-server76@lvm-1)
2025-01-29 21:35:43.120 7 WARNING cinder.scheduler.host_manager [None req-b22d88ed-e392-4c3f-9c3c-4d095d8c9c98 b16f75d3a5bb465686135bf06270397c d4f7ff3a4c4f4ae7a50888aa67772c50 - - - -] volume service is down. (host: rack02-server76@lvm-1)
2025-01-29 21:35:44.215 7 WARNING cinder.scheduler.host_manager [None req-08d80b8b-b236-43f2-a9b3-bbb0ba2531cd d7fcc55335e84acaa8e9ace621ffc144 b2f16cea124a44b5a29d76f96fb5b17a - - - -] volume service is down. (host: rack02-server76@lvm-1)
2025-01-29 21:35:44.222 7 WARNING cinder.scheduler.host_manager [None req-08d80b8b-b236-43f2-a9b3-bbb0ba2531cd d7fcc55335e84acaa8e9ace621ffc144 b2f16cea124a44b5a29d76f96fb5b17a - - - -] volume service is down. (host: rack02-server76@lvm-1)
2025-01-29 21:35:45.478 7 WARNING cinder.scheduler.host_manager [None req-cc928a7c-4dac-4659-a200-49744dce0034 d7fcc55335e84acaa8e9ace621ffc144 b2f16cea124a44b5a29d76f96fb5b17a - - - -] volume service is down. (host: rack02-server76@lvm-1)
2025-01-29 21:35:47.713 7 WARNING cinder.scheduler.host_manager [None req-f5aedf2c-29d1-432a-ac5e-1b4910011329 a21e3090d64a4288b9ad687f00428717 66cdb002b59e41748949fc295c222d3c - - - -] volume service is down. (host: rack02-server76@lvm-1)
2025-01-29 21:35:47.718 7 WARNING cinder.scheduler.host_manager [None req-f5aedf2c-29d1-432a-ac5e-1b4910011329 a21e3090d64a4288b9ad687f00428717 66cdb002b59e41748949fc295c222d3c - - - -] volume service is down. (host: rack02-server76@lvm-1)
2025-01-29 21:35:48.988 7 WARNING cinder.scheduler.host_manager [None req-ed4cbea9-ab70-4830-8409-a27be5e1bf0f a21e3090d64a4288b9ad687f00428717 66cdb002b59e41748949fc295c222d3c - - - -] volume service is down. (host: rack02-server76@lvm-1)
2025-01-29 21:35:50.652 7 WARNING cinder.scheduler.host_manager [None req-45b57dea-94ea-4570-a46f-90d921bdc544 d7fcc55335e84acaa8e9ace621ffc144 b2f16cea124a44b5a29d76f96fb5b17a - - - -] volume service is down. (host: rack02-server76@lvm-1)
2025-01-29 21:35:50.658 7 WARNING cinder.scheduler.host_manager [None req-45b57dea-94ea-4570-a46f-90d921bdc544 d7fcc55335e84acaa8e9ace621ffc144 b2f16cea124a44b5a29d76f96fb5b17a - - - -] volume service is down. (host: rack02-server76@lvm-1)
2025-01-29 21:35:51.941 7 WARNING cinder.scheduler.host_manager [None req-9f11c901-6e92-4d30-bd5f-167af76573dc d7fcc55335e84acaa8e9ace621ffc144 b2f16cea124a44b5a29d76f96fb5b17a - - - -] volume service is down. (host: rack02-server76@lvm-1)
2025-01-29 21:35:52.104 7 WARNING cinder.scheduler.host_manager [None req-117802e8-c9e0-4ad7-9ffd-60c8a75c056c b99df01a0a2c46e48d1c82b10bfd1958 d68c941866c044c1a25ca3cca13451fd - - - -] volume service is down. (host: rack02-server76@lvm-1)
2025-01-29 21:35:52.110 7 WARNING cinder.scheduler.host_manager [None req-117802e8-c9e0-4ad7-9ffd-60c8a75c056c b99df01a0a2c46e48d1c82b10bfd1958 d68c941866c044c1a25ca3cca13451fd - - - -] volume service is down. (host: rack02-server76@lvm-1)
2025-01-29 21:35:53.532 7 WARNING cinder.scheduler.host_manager [None req-50a4a4be-ef59-4e62-80d4-7387b88c2028 a21e3090d64a4288b9ad687f00428717 66cdb002b59e41748949fc295c222d3c - - - -] volume service is down. (host: rack02-server76@lvm-1)
2025-01-29 21:35:54.347 7 WARNING cinder.scheduler.host_manager [None req-e9baa6d3-002b-409b-85fe-71f770a54b7c d7fcc55335e84acaa8e9ace621ffc144 b2f16cea124a44b5a29d76f96fb5b17a - - - -] volume service is down. (host: rack02-server76@lvm-1)
2025-01-29 21:35:59.437 7 WARNING cinder.scheduler.host_manager [None req-71516e8a-bbb8-4522-84ef-adc03b58c0d7 a21e3090d64a4288b9ad687f00428717 66cdb002b59e41748949fc295c222d3c - - - -] volume service is down. (host: rack02-server76@lvm-1)
2025-01-29 21:35:59.442 7 WARNING cinder.scheduler.host_manager [None req-71516e8a-bbb8-4522-84ef-adc03b58c0d7 a21e3090d64a4288b9ad687f00428717 66cdb002b59e41748949fc295c222d3c - - - -] volume service is down. (host: rack02-server76@lvm-1)
2025-01-29 21:36:00.680 7 WARNING cinder.scheduler.host_manager [None req-e72227e6-b7a5-4b3b-92a3-d48cc7f2a5d7 a21e3090d64a4288b9ad687f00428717 66cdb002b59e41748949fc295c222d3c - - - -] volume service is down. (host: rack02-server76@lvm-1)
2025-01-29 21:36:03.068 7 WARNING cinder.scheduler.host_manager [None req-3c02677b-5aaf-46bf-981b-a84dc299dd76 a21e3090d64a4288b9ad687f00428717 66cdb002b59e41748949fc295c222d3c - - - -] volume service is down. (host: rack02-server76@lvm-1)
2025-01-29 21:36:03.204 7 WARNING cinder.scheduler.host_manager [None req-92842dae-da98-468e-8540-13151f3bbe2e 59e5099a16834457989a3366a5c17247 245c9efab6a944f09ff7ead83fe0a158 - - - -] volume service is down. (host: rack02-server76@lvm-1)
2025-01-29 21:36:05.502 7 WARNING cinder.scheduler.host_manager [None req-8a9690da-36a6-492f-b6ea-ddcacd977d82 59e5099a16834457989a3366a5c17247 245c9efab6a944f09ff7ead83fe0a158 - - - -] volume service is down. (host: rack02-server76@lvm-1)
2025-01-29 21:36:07.109 7 WARNING cinder.scheduler.host_manager [None req-3a650e96-c809-47cb-a1e1-bee63a48291d eb3352b0bcae4818bd23cdedac2467ef f901c26c18fc4dd1a2aec95743ba2073 - - - -] volume service is down. (host: rack02-server76@lvm-1)
2025-01-29 21:36:08.040 7 WARNING cinder.scheduler.host_manager [None req-f79b2b35-2406-4487-8e73-a25282017144 59e5099a16834457989a3366a5c17247 245c9efab6a944f09ff7ead83fe0a158 - - - -] volume service is down. (host: rack02-server76@lvm-1)
2025-01-29 21:36:11.508 7 WARNING cinder.scheduler.host_manager [None req-2781e806-beca-46f2-8bb4-ea97935defce 59e5099a16834457989a3366a5c17247 245c9efab6a944f09ff7ead83fe0a158 - - - -] volume service is down. (host: rack02-server76@lvm-1)
2025-01-29 21:36:12.795 7 WARNING cinder.scheduler.host_manager [None req-3a5beab2-552f-4fa2-8988-b480c4ea2dc5 49392c4a2eb44847baad86c331fdbd0f b9f948e568f14710828119fb468111b8 - - - -] volume service is down. (host: rack02-server76@lvm-1)
2025-01-29 21:36:14.985 7 WARNING cinder.scheduler.host_manager [None req-d836d854-14fe-4e7c-96e6-0449a87e34f0 59e5099a16834457989a3366a5c17247 245c9efab6a944f09ff7ead83fe0a158 - - - -] volume service is down. (host: rack02-server76@lvm-1)
2025-01-29 21:36:15.015 7 WARNING cinder.scheduler.host_manager [None req-4d7ce462-8552-4d44-bb43-c83d239031cd a21e3090d64a4288b9ad687f00428717 66cdb002b59e41748949fc295c222d3c - - - -] volume service is down. (host: rack02-server76@lvm-1)
2025-01-29 21:36:15.021 7 WARNING cinder.scheduler.host_manager [None req-4d7ce462-8552-4d44-bb43-c83d239031cd a21e3090d64a4288b9ad687f00428717 66cdb002b59e41748949fc295c222d3c - - - -] volume service is down. (host: rack02-server76@lvm-1)
2025-01-29 21:36:16.256 7 WARNING cinder.scheduler.host_manager [None req-5bdddb45-4be5-4fe1-94ff-bfe0fcedb6c1 a21e3090d64a4288b9ad687f00428717 66cdb002b59e41748949fc295c222d3c - - - -] volume service is down. (host: rack02-server76@lvm-1)
2025-01-29 21:36:16.373 7 WARNING cinder.scheduler.host_manager [None req-ed132a5f-9c80-4a65-adfe-4debb2594366 49392c4a2eb44847baad86c331fdbd0f b9f948e568f14710828119fb468111b8 - - - -] volume service is down. (host: rack02-server76@lvm-1)
2025-01-29 21:36:18.480 7 WARNING cinder.scheduler.host_manager [None req-da3fee79-8bcf-4011-a51e-d64f2a890f47 59e5099a16834457989a3366a5c17247 245c9efab6a944f09ff7ead83fe0a158 - - - -] volume service is down. (host: rack02-server76@lvm-1)
2025-01-29 21:36:25.540 7 WARNING cinder.scheduler.host_manager [None req-413eaef0-7dd0-4e47-a754-60af1081d69d f745e401504141628f027adb9bef28a9 d864594840c147f9900f9f0fd363ee2b - - - -] volume service is down. (host: rack02-server76@lvm-1)
2025-01-29 21:36:27.139 7 WARNING cinder.scheduler.host_manager [None req-ce7046a3-fbd7-420e-addd-ffb2caecfdee 1d7ec115eece45968c47e196e31e0f41 1746de5e97df44109f81d1814f15eb47 - - - -] volume service is down. (host: rack02-server76@lvm-1)
2025-01-29 21:36:27.145 7 WARNING cinder.scheduler.host_manager [None req-ce7046a3-fbd7-420e-addd-ffb2caecfdee 1d7ec115eece45968c47e196e31e0f41 1746de5e97df44109f81d1814f15eb47 - - - -] volume service is down. (host: rack02-server76@lvm-1)
2025-01-29 21:36:27.876 7 WARNING cinder.scheduler.host_manager [None req-4584f86d-d6a3-4f60-a35f-c423b32bad18 f745e401504141628f027adb9bef28a9 d864594840c147f9900f9f0fd363ee2b - - - -] volume service is down. (host: rack02-server76@lvm-1)
2025-01-29 21:36:28.395 7 WARNING cinder.scheduler.host_manager [None req-14488ba0-42db-4d9d-a3eb-5550e11fcbfd 1d7ec115eece45968c47e196e31e0f41 1746de5e97df44109f81d1814f15eb47 - - - -] volume service is down. (host: rack02-server76@lvm-1)
2025-01-29 21:36:31.825 7 WARNING cinder.scheduler.host_manager [None req-5be81bed-0573-46f5-88fa-f783fa975519 9fa6d59a91554771968036179f0c878a 951f8a4523cf40318665df65ffb5e1ff - - - -] volume service is down. (host: rack02-server76@lvm-1)
2025-01-29 21:36:34.087 7 WARNING cinder.scheduler.host_manager [None req-84dbec63-9f6f-4ca1-9d3a-14c0fdccb1f4 9fa6d59a91554771968036179f0c878a 951f8a4523cf40318665df65ffb5e1ff - - - -] volume service is down. (host: rack02-server76@lvm-1)
2025-01-29 21:36:39.368 7 WARNING cinder.scheduler.host_manager [None req-0cc98c1c-250f-4149-9017-20f2d0f36cb0 14781c9ce24a4e2bad1bcedfae731bc8 676aae6d8c8d4a888722a3943ffa5acf - - - -] volume service is down. (host: rack02-server76@lvm-1)
2025-01-29 21:36:39.372 7 WARNING cinder.scheduler.host_manager [None req-0cc98c1c-250f-4149-9017-20f2d0f36cb0 14781c9ce24a4e2bad1bcedfae731bc8 676aae6d8c8d4a888722a3943ffa5acf - - - -] volume service is down. (host: rack02-server76@lvm-1)
2025-01-29 21:36:40.658 7 WARNING cinder.scheduler.host_manager [None req-13f9ef1f-035d-4eee-8fbe-dae074a637a5 14781c9ce24a4e2bad1bcedfae731bc8 676aae6d8c8d4a888722a3943ffa5acf - - - -] volume service is down. (host: rack02-server76@lvm-1)
2025-01-29 21:36:42.115 7 WARNING cinder.scheduler.host_manager [None req-fc760ecb-fff6-4c45-b626-2bdcae7989d2 3d3f63303dcf4a45aff35ab8fe7d42e6 465a421a48ca4cb1af73af35cec9dc01 - - - -] volume service is down. (host: rack02-server76@lvm-1)
2025-01-29 21:36:42.999 7 WARNING cinder.scheduler.host_manager [None req-fd3f6c80-0d51-4784-a71a-3c1d904eea30 14781c9ce24a4e2bad1bcedfae731bc8 676aae6d8c8d4a888722a3943ffa5acf - - - -] volume service is down. (host: rack02-server76@lvm-1)
2025-01-29 21:36:47.879 7 WARNING cinder.scheduler.host_manager [None req-00daebb1-3407-486f-bae5-4c9c2a930074 58d368f800d2460d9e0096f0104e23e8 26accffddb764db181a6942b215dbf11 - - - -] volume service is down. (host: rack02-server76@lvm-1)
2025-01-29 21:36:53.593 7 WARNING cinder.scheduler.host_manager [None req-cb67865d-f747-4ea8-a171-9f8eafd9d1a9 49d0e7dc39e64dbcbda94875a66d45fd d9097f77f8f74603812d2a01de173dd7 - - - -] volume service is down. (host: rack02-server76@lvm-1)
2025-01-29 21:36:53.594 7 INFO cinder.scheduler.base_filter [None req-cb67865d-f747-4ea8-a171-9f8eafd9d1a9 49d0e7dc39e64dbcbda94875a66d45fd d9097f77f8f74603812d2a01de173dd7 - - - -] Filtering removed all hosts for the request with volume ID 'f24a860d-cff7-4d1d-86db-c8881908df65'. Filter results: AvailabilityZoneFilter: (start: 1, end: 1), CapacityFilter: (start: 1, end: 1), CapabilitiesFilter: (start: 1, end: 0)
2025-01-29 21:36:53.594 7 WARNING cinder.scheduler.filter_scheduler [None req-cb67865d-f747-4ea8-a171-9f8eafd9d1a9 49d0e7dc39e64dbcbda94875a66d45fd d9097f77f8f74603812d2a01de173dd7 - - - -] No weighed backend found for volume with properties: {'id': '32eabbf3-f9d9-42d2-a1ef-29042474fea8', 'name': 'tempest-UserMessagesTest-volume-type-1533858721', 'description': None, 'is_public': True, 'projects': [], 'extra_specs': {'storage_protocol': 'tempest-storage_protocol-1644989856', 'vendor_name': 'tempest-vendor_name-259502304'}, 'qos_specs_id': None, 'created_at': '2025-01-29T21:36:53.000000', 'updated_at': None, 'deleted_at': None, 'deleted': False}
2025-01-29 21:36:53.594 7 INFO cinder.message.api [None req-cb67865d-f747-4ea8-a171-9f8eafd9d1a9 49d0e7dc39e64dbcbda94875a66d45fd d9097f77f8f74603812d2a01de173dd7 - - - -] Creating message record for request_id = req-cb67865d-f747-4ea8-a171-9f8eafd9d1a9
2025-01-29 21:36:53.598 7 ERROR cinder.scheduler.flows.create_volume [None req-cb67865d-f747-4ea8-a171-9f8eafd9d1a9 49d0e7dc39e64dbcbda94875a66d45fd d9097f77f8f74603812d2a01de173dd7 - - - -] Failed to run task cinder.scheduler.flows.create_volume.ScheduleCreateVolumeTask;volume:create: No valid backend was found. No weighed backends available: cinder.exception.NoValidBackend: No valid backend was found. No weighed backends available
2025-01-29 21:36:54.091 7 WARNING cinder.scheduler.host_manager [None req-db255bbf-942b-4328-89ea-8c971ddcc2a7 7c77e55a7b314d268d1d6b49703a9bdf 1bc4ba06042d48cca09869f1a763b4cd - - - -] volume service is down. (host: rack02-server76@lvm-1)
2025-01-29 21:36:55.222 7 WARNING cinder.scheduler.host_manager [None req-e99b13e2-145a-4b07-8a81-3c70cff41fdf 49d0e7dc39e64dbcbda94875a66d45fd d9097f77f8f74603812d2a01de173dd7 - - - -] volume service is down. (host: rack02-server76@lvm-1)
2025-01-29 21:36:55.223 7 INFO cinder.scheduler.base_filter [None req-e99b13e2-145a-4b07-8a81-3c70cff41fdf 49d0e7dc39e64dbcbda94875a66d45fd d9097f77f8f74603812d2a01de173dd7 - - - -] Filtering removed all hosts for the request with volume ID '8b493e16-5ae0-45f3-8c5a-8d66c2285c9e'. Filter results: AvailabilityZoneFilter: (start: 1, end: 1), CapacityFilter: (start: 1, end: 1), CapabilitiesFilter: (start: 1, end: 0)
2025-01-29 21:36:55.223 7 WARNING cinder.scheduler.filter_scheduler [None req-e99b13e2-145a-4b07-8a81-3c70cff41fdf 49d0e7dc39e64dbcbda94875a66d45fd d9097f77f8f74603812d2a01de173dd7 - - - -] No weighed backend found for volume with properties: {'id': 'f464e1b4-7ea4-4b2f-99d5-efb4d52cd757', 'name': 'tempest-UserMessagesTest-volume-type-366244818', 'description': None, 'is_public': True, 'projects': [], 'extra_specs': {'storage_protocol': 'tempest-storage_protocol-683824679', 'vendor_name': 'tempest-vendor_name-1450327515'}, 'qos_specs_id': None, 'created_at': '2025-01-29T21:36:55.000000', 'updated_at': None, 'deleted_at': None, 'deleted': False}
2025-01-29 21:36:55.223 7 INFO cinder.message.api [None req-e99b13e2-145a-4b07-8a81-3c70cff41fdf 49d0e7dc39e64dbcbda94875a66d45fd d9097f77f8f74603812d2a01de173dd7 - - - -] Creating message record for request_id = req-e99b13e2-145a-4b07-8a81-3c70cff41fdf
2025-01-29 21:36:55.227 7 ERROR cinder.scheduler.flows.create_volume [None req-e99b13e2-145a-4b07-8a81-3c70cff41fdf 49d0e7dc39e64dbcbda94875a66d45fd d9097f77f8f74603812d2a01de173dd7 - - - -] Failed to run task cinder.scheduler.flows.create_volume.ScheduleCreateVolumeTask;volume:create: No valid backend was found. No weighed backends available: cinder.exception.NoValidBackend: No valid backend was found. No weighed backends available
2025-01-29 21:36:56.084 7 WARNING cinder.scheduler.host_manager [None req-d6c70aa0-b7c5-485e-86e1-204432fade68 dc36dce5511c44d8be8faab49673cacd 1aea124b59d440909ba052ab08b0285a - - - -] volume service is down. (host: rack02-server76@lvm-1)
2025-01-29 21:36:56.371 7 WARNING cinder.scheduler.host_manager [None req-8842b271-4e3d-4d09-abba-1c7904743cf4 7c77e55a7b314d268d1d6b49703a9bdf 1bc4ba06042d48cca09869f1a763b4cd - - - -] volume service is down. (host: rack02-server76@lvm-1)
2025-01-29 21:37:00.920 7 WARNING cinder.scheduler.host_manager [None req-063f4ef9-3cf8-4cbe-bb3a-a1d7b947dc7e dc36dce5511c44d8be8faab49673cacd 1aea124b59d440909ba052ab08b0285a - - - -] volume service is down. (host: rack02-server76@lvm-1)
2025-01-29 21:37:04.454 7 WARNING cinder.scheduler.host_manager [None req-5899364f-5828-4019-979f-242fc8290df9 9ed1d9d2f02445a6b257badf8e1c12f7 8fec4e89191a419c9e62ef4b3ce4f4ff - - - -] volume service is down. (host: rack02-server76@lvm-1)
2025-01-29 21:37:05.702 7 WARNING cinder.scheduler.host_manager [None req-185390c8-8290-48c4-ac70-d8069960e574 b9413ce543fb4da3b3400bfdac6f7787 4613a65487fb403fb3189e5f12891081 - - - -] volume service is down. (host: rack02-server76@lvm-1)
2025-01-29 21:37:07.221 7 WARNING cinder.scheduler.host_manager [None req-6a055cd1-de4d-4ed0-88bc-c9b0e7ce0f8d ef437fe3501f4c869d3a40c69198f530 8ff76bcb034044bcb54b4be3cd5739c3 - - - -] volume service is down. (host: rack02-server76@lvm-1)
2025-01-29 21:37:10.573 7 WARNING cinder.scheduler.host_manager [None req-e35203bd-4d98-469c-baf1-7458cfe1f7b9 b9413ce543fb4da3b3400bfdac6f7787 4613a65487fb403fb3189e5f12891081 - - - -] volume service is down. (host: rack02-server76@lvm-1)
2025-01-29 21:37:12.244 7 WARNING cinder.scheduler.host_manager [None req-0240eeaa-7166-4d28-9472-659e15fa6414 46177fb05d694f579b46b8c96b0ba51b b607eb0a42a944f4b867629e2298d136 - - - -] volume service is down. (host: rack02-server76@lvm-1)
2025-01-29 21:37:16.882 7 WARNING cinder.scheduler.host_manager [None req-e9018d53-bbb5-4d2c-a1a1-70fb072bfca9 613995fdde914f2a84269f5a4fe80b49 06fc7aedfcd545bd94d1aa4a8d5a5244 - - - -] volume service is down. (host: rack02-server76@lvm-1)
2025-01-29 21:37:17.982 7 WARNING cinder.scheduler.host_manager [None req-982af7d7-90df-4153-91c2-d9d6f6303a9e ef437fe3501f4c869d3a40c69198f530 8ff76bcb034044bcb54b4be3cd5739c3 - - - -] volume service is down. (host: rack02-server76@lvm-1)
2025-01-29 21:37:19.419 7 WARNING cinder.scheduler.host_manager [None req-6d018efc-59b4-4bab-849d-10b3bb3142a4 613995fdde914f2a84269f5a4fe80b49 06fc7aedfcd545bd94d1aa4a8d5a5244 - - - -] volume service is down. (host: rack02-server76@lvm-1)
2025-01-29 21:37:22.837 7 WARNING cinder.scheduler.host_manager [None req-61a1f450-c3bb-4851-bf3c-bc3513372bf7 76fa41c318704f27a4ccf63cf92d24fd 940334e4cf774dabb64a66fa684ed648 - - - -] volume service is down. (host: rack02-server76@lvm-1)
2025-01-29 21:37:24.036 7 WARNING cinder.scheduler.host_manager [None req-b07ecf1f-4579-4ee8-a26a-6b3ee60cbecf 613995fdde914f2a84269f5a4fe80b49 06fc7aedfcd545bd94d1aa4a8d5a5244 - - - -] volume service is down. (host: rack02-server76@lvm-1)
2025-01-29 21:37:24.851 7 WARNING cinder.scheduler.host_manager [None req-db92ed7f-9760-4257-b74a-d4283cb836ee ef437fe3501f4c869d3a40c69198f530 8ff76bcb034044bcb54b4be3cd5739c3 - - - -] volume service is down. (host: rack02-server76@lvm-1)
2025-01-29 21:37:25.211 7 WARNING cinder.scheduler.host_manager [None req-ca004d48-54db-4135-9229-daf722a89321 76fa41c318704f27a4ccf63cf92d24fd 940334e4cf774dabb64a66fa684ed648 - - - -] volume service is down. (host: rack02-server76@lvm-1)
2025-01-29 21:37:26.386 7 WARNING cinder.scheduler.host_manager [None req-4efe2c21-d657-4421-93b4-eea3587439da 613995fdde914f2a84269f5a4fe80b49 06fc7aedfcd545bd94d1aa4a8d5a5244 - - - -] volume service is down. (host: rack02-server76@lvm-1)
2025-01-29 21:37:27.199 7 WARNING cinder.scheduler.host_manager [None req-319997f5-9ba9-4496-897a-2a6ab862f063 ef437fe3501f4c869d3a40c69198f530 8ff76bcb034044bcb54b4be3cd5739c3 - - - -] volume service is down. (host: rack02-server76@lvm-1)
2025-01-29 21:37:27.560 7 WARNING cinder.scheduler.host_manager [None req-59676150-6a58-469a-a191-7f8bce9f0837 76fa41c318704f27a4ccf63cf92d24fd 940334e4cf774dabb64a66fa684ed648 - - - -] volume service is down. (host: rack02-server76@lvm-1)
2025-01-29 21:37:29.966 7 WARNING cinder.scheduler.host_manager [None req-5c26a064-fa4b-4c14-8507-cc526657d06d 613995fdde914f2a84269f5a4fe80b49 06fc7aedfcd545bd94d1aa4a8d5a5244 - - - -] volume service is down. (host: rack02-server76@lvm-1)
2025-01-29 21:37:30.043 7 WARNING cinder.scheduler.host_manager [None req-8212d177-99f5-4387-b7bf-e5546cc6c520 5f24a28fb9e34c5a9061cc4c9c585c87 6f1b52449ddf4a4798007b2b64bba01f - - - -] volume service is down. (host: rack02-server76@lvm-1)
2025-01-29 21:37:35.046 7 WARNING cinder.scheduler.host_manager [None req-ce927cd7-604a-4cec-aaff-faabc02ce938 b96d2223e6284771ac34e8bb14ee2269 85b940dee248433d9936a524e548e3b4 - - - -] volume service is down. (host: rack02-server76@lvm-1)
2025-01-29 21:37:35.864 7 WARNING cinder.scheduler.host_manager [None req-87fccda4-5ea0-47e0-9d30-5ffa4d5470aa 613995fdde914f2a84269f5a4fe80b49 06fc7aedfcd545bd94d1aa4a8d5a5244 - - - -] volume service is down. (host: rack02-server76@lvm-1)
2025-01-29 21:37:40.413 7 WARNING cinder.scheduler.host_manager [None req-88888f1e-82b9-4e78-9bcb-e94f85ad9f2e b0b39c1194e343cca28508beef19c0f2 0dc66949f9f14d058abdf67b709dbbb3 - - - -] volume service is down. (host: rack02-server76@lvm-1)
2025-01-29 21:37:40.660 7 WARNING cinder.scheduler.host_manager [None req-2e7b191b-cae1-4225-9bc4-ab0cbc2727d3 8950fc130af840de858b776dbc879cda 997fb938198f47a68cca170a5593ea10 - - - -] volume service is down. (host: rack02-server76@lvm-1)
2025-01-29 21:37:44.693 7 WARNING cinder.scheduler.host_manager [None req-0b468163-3a5d-43fe-b250-579d69d82fdb 613995fdde914f2a84269f5a4fe80b49 06fc7aedfcd545bd94d1aa4a8d5a5244 - - - -] volume service is down. (host: rack02-server76@lvm-1)
2025-01-29 21:37:49.218 7 WARNING cinder.scheduler.host_manager [None req-8de352f7-fa7b-49cf-9fcb-8f23c5b3a494 8950fc130af840de858b776dbc879cda 997fb938198f47a68cca170a5593ea10 - - - -] volume service is down. (host: rack02-server76@lvm-1)
2025-01-29 21:37:50.313 7 WARNING cinder.scheduler.host_manager [None req-9e539921-abcc-41c8-a284-9128a17ae855 f917c3380f9b4f6f8c58f8373d3f57da 20be34f8725e45f4957d4ee205eec085 - - - -] volume service is down. (host: rack02-server76@lvm-1)
2025-01-29 21:37:51.696 7 WARNING cinder.scheduler.host_manager [None req-12fc6222-7284-42f6-abdc-41004e1bd5d6 8950fc130af840de858b776dbc879cda 997fb938198f47a68cca170a5593ea10 - - - -] volume service is down. (host: rack02-server76@lvm-1)
2025-01-29 21:37:52.385 7 WARNING cinder.scheduler.host_manager [None req-ab42aa59-d3b8-409f-a085-b7fd3fe72451 408dc69aed074b739818d5e8c7bc80d9 1fc93ade8db0423bbc3994559b7b25fc - - - -] volume service is down. (host: rack02-server76@lvm-1)
2025-01-29 21:37:52.907 7 WARNING cinder.scheduler.host_manager [None req-d0a36e44-1cc5-488a-8cad-6752a3cd77e4 8950fc130af840de858b776dbc879cda 997fb938198f47a68cca170a5593ea10 - - - -] volume service is down. (host: rack02-server76@lvm-1)
2025-01-29 21:37:54.655 7 WARNING cinder.scheduler.host_manager [None req-22ad8ed1-b7e9-4f39-9666-31a462a17475 408dc69aed074b739818d5e8c7bc80d9 1fc93ade8db0423bbc3994559b7b25fc - - - -] volume service is down. (host: rack02-server76@lvm-1)
2025-01-29 21:37:55.129 7 WARNING cinder.scheduler.host_manager [None req-6ffbe963-4d6a-4989-921e-16e6cfa944e4 8950fc130af840de858b776dbc879cda 997fb938198f47a68cca170a5593ea10 - - - -] volume service is down. (host: rack02-server76@lvm-1)
2025-01-29 21:37:56.851 7 WARNING cinder.scheduler.host_manager [None req-4d702386-36ed-4c74-959e-e280fc6eabb0 408dc69aed074b739818d5e8c7bc80d9 1fc93ade8db0423bbc3994559b7b25fc - - - -] volume service is down. (host: rack02-server76@lvm-1)
2025-01-29 21:38:00.461 7 WARNING cinder.scheduler.host_manager [None req-1c79c18f-35a1-4d7e-86ca-12ba4ca67ce8 408dc69aed074b739818d5e8c7bc80d9 1fc93ade8db0423bbc3994559b7b25fc - - - -] volume service is down. (host: rack02-server76@lvm-1)
2025-01-29 21:38:00.835 7 WARNING cinder.scheduler.host_manager [None req-70c4e233-ebd3-4f3b-adb3-602d31eea74a 45746c09af8444c9954de67a69c6501c 83dc132401da4fd1a7513e07e411ec61 - - - -] volume service is down. (host: rack02-server76@lvm-1)
2025-01-29 21:38:02.718 7 WARNING cinder.scheduler.host_manager [None req-a6187333-e79e-42dd-9502-a7a1fb0b44c1 408dc69aed074b739818d5e8c7bc80d9 1fc93ade8db0423bbc3994559b7b25fc - - - -] volume service is down. (host: rack02-server76@lvm-1)
2025-01-29 21:38:03.253 7 WARNING cinder.scheduler.host_manager [None req-9df4a590-144b-44d8-9ffc-5c4b222b35c4 45746c09af8444c9954de67a69c6501c 83dc132401da4fd1a7513e07e411ec61 - - - -] volume service is down. (host: rack02-server76@lvm-1)
2025-01-29 21:38:05.035 7 WARNING cinder.scheduler.host_manager [None req-68f2bf7f-b203-4571-8865-56c6e83c17f0 408dc69aed074b739818d5e8c7bc80d9 1fc93ade8db0423bbc3994559b7b25fc - - - -] volume service is down. (host: rack02-server76@lvm-1)
2025-01-29 21:38:05.632 7 WARNING cinder.scheduler.host_manager [None req-9f3bee5b-e5ff-4e29-9518-93b06e4b347a 45746c09af8444c9954de67a69c6501c 83dc132401da4fd1a7513e07e411ec61 - - - -] volume service is down. (host: rack02-server76@lvm-1)
2025-01-29 21:38:14.390 7 WARNING cinder.scheduler.host_manager [None req-7304aa60-ba15-4dfe-bbe9-5f4551d1f143 ae8f8a52a69b4113a0771da9c3eda1cf 5e5330badecf42bdba6aa4a200237ad4 - - - -] volume service is down. (host: rack02-server76@lvm-1)
2025-01-29 21:38:15.331 7 WARNING cinder.scheduler.host_manager [None req-6a16f42c-7479-40c1-be2b-f4e708f66b34 8a003cc2e6524ebca1ac302de8bc518a 1af8f731aa0d4a009c0aa979a4537172 - - - -] volume service is down. (host: rack02-server76@lvm-1)
2025-01-29 21:38:17.587 7 WARNING cinder.scheduler.host_manager [None req-209c7d63-bcf8-4ded-8c9f-f7cf09e83a16 8a003cc2e6524ebca1ac302de8bc518a 1af8f731aa0d4a009c0aa979a4537172 - - - -] volume service is down. (host: rack02-server76@lvm-1)
2025-01-29 21:38:19.173 7 WARNING cinder.scheduler.host_manager [None req-dfb14b7c-1630-43ec-8dfa-ff585d67f0b6 ae8f8a52a69b4113a0771da9c3eda1cf 5e5330badecf42bdba6aa4a200237ad4 - - - -] volume service is down. (host: rack02-server76@lvm-1)
2025-01-29 21:38:27.868 7 WARNING cinder.scheduler.host_manager [None req-19c06c7c-18ac-40f1-8304-d874d9c09b51 eb071546779c45f1abe588dd27bfcc74 034942bc76ae4e6a80a8bb2331a3b778 - - - -] volume service is down. (host: rack02-server76@lvm-1)
2025-01-29 21:38:30.167 7 WARNING cinder.scheduler.host_manager [None req-f0f3d737-1ac5-4f2a-a2a7-9159183adda3 eb071546779c45f1abe588dd27bfcc74 034942bc76ae4e6a80a8bb2331a3b778 - - - -] volume service is down. (host: rack02-server76@lvm-1)
2025-01-29 21:38:32.361 7 WARNING cinder.scheduler.host_manager [None req-aecb9400-42da-4123-894a-5a2ccfe6e317 eb071546779c45f1abe588dd27bfcc74 034942bc76ae4e6a80a8bb2331a3b778 - - - -] volume service is down. (host: rack02-server76@lvm-1)
2025-01-29 21:38:34.569 7 WARNING cinder.scheduler.host_manager [None req-7a333181-4e00-49d4-8e9f-150195bb609c eb071546779c45f1abe588dd27bfcc74 034942bc76ae4e6a80a8bb2331a3b778 - - - -] volume service is down. (host: rack02-server76@lvm-1)
2025-01-29 21:38:48.056 7 WARNING cinder.scheduler.host_manager [None req-a3f4962a-d1a3-42e7-ab15-3840782800ae 5ce81904a1ab47d5bf6496517fe1727b 5583f03ed4354e60b5961d78057604c7 - - - -] volume service is down. (host: rack02-server76@lvm-1)
2025-01-29 21:38:48.092 7 WARNING cinder.scheduler.host_manager [None req-d2627c4d-6084-4cef-8126-b1bdff1d723a b1168848561a4d7891d0099f0e826d8b 27ab0b617881423492e6f3d648acfe3e - - - -] volume service is down. (host: rack02-server76@lvm-1)
2025-01-29 21:38:48.109 7 WARNING cinder.scheduler.host_manager [None req-d8433c85-b37f-43e5-a9a7-f180e0da72d5 202344738e3445bdbc7a7c716f62b8a9 e62ceda833a445cfa9ef35b9954ab6ca - - - -] volume service is down. (host: rack02-server76@lvm-1)
2025-01-29 21:38:48.202 7 WARNING cinder.scheduler.host_manager [None req-9fd97721-5756-4854-988d-cb732cb4dd59 5ce81904a1ab47d5bf6496517fe1727b 5583f03ed4354e60b5961d78057604c7 - - - -] volume service is down. (host: rack02-server76@lvm-1)
2025-01-29 21:38:48.341 7 WARNING cinder.scheduler.host_manager [None req-03905f69-9cde-4046-a086-b66ffebe325b 5ce81904a1ab47d5bf6496517fe1727b 5583f03ed4354e60b5961d78057604c7 - - - -] volume service is down. (host: rack02-server76@lvm-1)
2025-01-29 21:38:48.514 7 WARNING cinder.scheduler.host_manager [None req-e64e03b0-a467-45c7-8f0f-862e3bf5a47a 5ce81904a1ab47d5bf6496517fe1727b 5583f03ed4354e60b5961d78057604c7 - - - -] volume service is down. (host: rack02-server76@lvm-1)
2025-01-29 21:38:48.668 7 WARNING cinder.scheduler.host_manager [None req-4490097b-576a-4cb8-8794-2c09bcb2587e 5ce81904a1ab47d5bf6496517fe1727b 5583f03ed4354e60b5961d78057604c7 - - - -] volume service is down. (host: rack02-server76@lvm-1)
2025-01-29 21:38:49.458 7 WARNING cinder.scheduler.host_manager [None req-c7c3eb6f-c165-4f58-bcd2-4648ef0ece92 202344738e3445bdbc7a7c716f62b8a9 e62ceda833a445cfa9ef35b9954ab6ca - - - -] volume service is down. (host: rack02-server76@lvm-1)
2025-01-29 21:38:50.326 7 WARNING cinder.scheduler.host_manager [None req-1742d6b9-9ddf-44d3-9640-f9293126686b b1168848561a4d7891d0099f0e826d8b 27ab0b617881423492e6f3d648acfe3e - - - -] volume service is down. (host: rack02-server76@lvm-1)
2025-01-29 21:38:51.775 7 WARNING cinder.scheduler.host_manager [None req-906def5f-efd9-4698-90d8-d24abf2c17e9 202344738e3445bdbc7a7c716f62b8a9 e62ceda833a445cfa9ef35b9954ab6ca - - - -] volume service is down. (host: rack02-server76@lvm-1)
2025-01-29 21:38:52.609 7 WARNING cinder.scheduler.host_manager [None req-d8c209c4-078b-4cb2-971c-b9122192e0aa b1168848561a4d7891d0099f0e826d8b 27ab0b617881423492e6f3d648acfe3e - - - -] volume service is down. (host: rack02-server76@lvm-1)
2025-01-29 21:38:52.758 7 WARNING cinder.scheduler.host_manager [None req-d67e79ad-ece7-4689-9921-f5dce2102cb8 b1168848561a4d7891d0099f0e826d8b 27ab0b617881423492e6f3d648acfe3e - - - -] volume service is down. (host: rack02-server76@lvm-1)
2025-01-29 21:38:52.903 7 WARNING cinder.scheduler.host_manager [None req-314a1a5d-385f-4ff0-8bb0-fd7d3b2fb53d b1168848561a4d7891d0099f0e826d8b 27ab0b617881423492e6f3d648acfe3e - - - -] volume service is down. (host: rack02-server76@lvm-1)
2025-01-29 21:38:53.088 7 WARNING cinder.scheduler.host_manager [None req-c6c68b46-75ff-453d-ae90-a678af22eeff b1168848561a4d7891d0099f0e826d8b 27ab0b617881423492e6f3d648acfe3e - - - -] volume service is down. (host: rack02-server76@lvm-1)
2025-01-29 21:38:53.232 7 WARNING cinder.scheduler.host_manager [None req-19a11ad2-0ad0-4b16-9c3b-ab9eba6bf5c3 b1168848561a4d7891d0099f0e826d8b 27ab0b617881423492e6f3d648acfe3e - - - -] volume service is down. (host: rack02-server76@lvm-1)
2025-01-29 21:38:59.167 7 WARNING cinder.scheduler.host_manager [None req-87064f01-6aff-4558-ad57-12dc83700fa7 93b661e0f8da472cb9162089b542e805 ec199397585248d08dd7afd1d2942a43 - - - -] volume service is down. (host: rack02-server76@lvm-1)
2025-01-29 21:39:01.498 7 WARNING cinder.scheduler.host_manager [None req-d1d061c2-7608-4680-9434-014bc2234470 93b661e0f8da472cb9162089b542e805 ec199397585248d08dd7afd1d2942a43 - - - -] volume service is down. (host: rack02-server76@lvm-1)
2025-01-29 21:39:01.646 7 WARNING cinder.scheduler.host_manager [None req-431e2934-cdb3-4917-9bb5-3ce5384bb030 93b661e0f8da472cb9162089b542e805 ec199397585248d08dd7afd1d2942a43 - - - -] volume service is down. (host: rack02-server76@lvm-1)
2025-01-29 21:39:01.844 7 WARNING cinder.scheduler.host_manager [None req-53985ce8-0177-4498-8055-587ecd9fff8c 93b661e0f8da472cb9162089b542e805 ec199397585248d08dd7afd1d2942a43 - - - -] volume service is down. (host: rack02-server76@lvm-1)
2025-01-29 21:39:02.066 7 WARNING cinder.scheduler.host_manager [None req-b8a39ece-577f-4b21-b947-3cf1ae1ea960 93b661e0f8da472cb9162089b542e805 ec199397585248d08dd7afd1d2942a43 - - - -] volume service is down. (host: rack02-server76@lvm-1)
2025-01-29 21:39:02.232 7 WARNING cinder.scheduler.host_manager [None req-dfc253c7-71f6-4f93-87d4-bd87418cc8c8 93b661e0f8da472cb9162089b542e805 ec199397585248d08dd7afd1d2942a43 - - - -] volume service is down. (host: rack02-server76@lvm-1)
