Build Started 01_09_2022_10_54_43
2022-09-01 13:56:50.355 7 WARNING cinder.scheduler.host_manager [req-fb0b6aff-a24c-40b7-8f11-97f0a9519994 req-e19e92ef-83f7-4971-b296-6729ab4a405c d05bf581863649b3820cb294f5538e25 c1d038dc24e846dda97ed2135c6b8ff7 - - - -] volume service is down. (host: rack03-server59@lvm-1)
2022-09-01 13:56:50.466 7 WARNING cinder.scheduler.host_manager [None req-4d52a79e-e5d9-48c5-8e3f-19779fe5d170 562a2a905d9748cf9547bd7e63007371 790af3532ce94223ba12ac06f6d92a8c - - - -] volume service is down. (host: rack03-server59@lvm-1)
2022-09-01 13:56:51.991 7 WARNING cinder.scheduler.host_manager [None req-912a7dc6-fc08-4a73-9ea7-57a3bf7654b6 078582fb586f48eeb085334085be9ca0 735c791cb43d4b2295c99e9bba9dc6b7 - - - -] volume service is down. (host: rack03-server59@lvm-1)
2022-09-01 13:56:52.008 7 WARNING cinder.scheduler.host_manager [None req-912a7dc6-fc08-4a73-9ea7-57a3bf7654b6 078582fb586f48eeb085334085be9ca0 735c791cb43d4b2295c99e9bba9dc6b7 - - - -] volume service is down. (host: rack03-server59@lvm-1)
2022-09-01 13:56:52.017 7 WARNING cinder.scheduler.host_manager [req-b501f2fb-6832-4bab-bf40-09aebafbe6b0 req-8bd2518f-cb21-469b-b4f5-011d00a00d4a d05bf581863649b3820cb294f5538e25 c1d038dc24e846dda97ed2135c6b8ff7 - - - -] volume service is down. (host: rack03-server59@lvm-1)
2022-09-01 13:56:53.392 7 WARNING cinder.scheduler.host_manager [None req-f20567e0-6a32-43b4-9dc8-1a517bfe46d5 078582fb586f48eeb085334085be9ca0 735c791cb43d4b2295c99e9bba9dc6b7 - - - -] volume service is down. (host: rack03-server59@lvm-1)
2022-09-01 13:56:56.974 7 WARNING cinder.scheduler.host_manager [None req-aad933bc-7672-41a4-a148-247da676ab35 078582fb586f48eeb085334085be9ca0 735c791cb43d4b2295c99e9bba9dc6b7 - - - -] volume service is down. (host: rack03-server59@lvm-1)
2022-09-01 13:56:59.128 7 WARNING cinder.scheduler.host_manager [req-07c8f56b-1717-4e80-bc3c-58e2ce40ee96 req-c72449be-0f15-4680-afb4-1bb04592c26c 228243d94bcb4ec3835b93dd499fe727 17369a41df9f4c8e988672de2d24216c - - - -] volume service is down. (host: rack03-server59@lvm-1)
2022-09-01 13:57:03.573 7 WARNING cinder.scheduler.host_manager [None req-6b09e309-0251-4db3-81e2-7327e7d4df70 078582fb586f48eeb085334085be9ca0 735c791cb43d4b2295c99e9bba9dc6b7 - - - -] volume service is down. (host: rack03-server59@lvm-1)
2022-09-01 13:57:03.580 7 WARNING cinder.scheduler.host_manager [None req-6b09e309-0251-4db3-81e2-7327e7d4df70 078582fb586f48eeb085334085be9ca0 735c791cb43d4b2295c99e9bba9dc6b7 - - - -] volume service is down. (host: rack03-server59@lvm-1)
2022-09-01 13:57:04.921 7 WARNING cinder.scheduler.host_manager [None req-ee2c11df-bf09-4d76-aac6-5105aa715a00 078582fb586f48eeb085334085be9ca0 735c791cb43d4b2295c99e9bba9dc6b7 - - - -] volume service is down. (host: rack03-server59@lvm-1)
2022-09-01 13:57:05.006 7 WARNING cinder.scheduler.host_manager [None req-72d96021-6a4d-4c1f-8738-e778cffd2d19 7172088613b04832a4107e404b5c2e26 87bf1166fab5423dbff3f090d05dd166 - - - -] volume service is down. (host: rack03-server59@lvm-1)
2022-09-01 13:57:06.313 7 WARNING cinder.scheduler.host_manager [None req-cb665917-a49b-4231-bbbd-efb49b066d69 078582fb586f48eeb085334085be9ca0 735c791cb43d4b2295c99e9bba9dc6b7 - - - -] volume service is down. (host: rack03-server59@lvm-1)
2022-09-01 13:57:07.467 7 WARNING cinder.scheduler.host_manager [None req-bc8da20b-4610-4d42-af03-eb3d4d1b73f0 7172088613b04832a4107e404b5c2e26 87bf1166fab5423dbff3f090d05dd166 - - - -] volume service is down. (host: rack03-server59@lvm-1)
2022-09-01 13:57:09.905 7 WARNING cinder.scheduler.host_manager [None req-18b24b80-1f80-4807-a049-91ae5a736ef8 7172088613b04832a4107e404b5c2e26 87bf1166fab5423dbff3f090d05dd166 - - - -] volume service is down. (host: rack03-server59@lvm-1)
2022-09-01 13:57:16.472 7 WARNING cinder.scheduler.host_manager [None req-b8609d93-87fd-44ab-b069-b6d8532bdcb8 562a2a905d9748cf9547bd7e63007371 790af3532ce94223ba12ac06f6d92a8c - - - -] volume service is down. (host: rack03-server59@lvm-1)
2022-09-01 13:57:19.510 7 WARNING cinder.scheduler.host_manager [None req-1884cdc1-453e-43eb-af79-7c23b106ba41 078582fb586f48eeb085334085be9ca0 735c791cb43d4b2295c99e9bba9dc6b7 - - - -] volume service is down. (host: rack03-server59@lvm-1)
2022-09-01 13:57:19.517 7 WARNING cinder.scheduler.host_manager [None req-1884cdc1-453e-43eb-af79-7c23b106ba41 078582fb586f48eeb085334085be9ca0 735c791cb43d4b2295c99e9bba9dc6b7 - - - -] volume service is down. (host: rack03-server59@lvm-1)
2022-09-01 13:57:20.871 7 WARNING cinder.scheduler.host_manager [None req-d8c36bb0-4256-4783-a6f9-4f032d1bef9e 078582fb586f48eeb085334085be9ca0 735c791cb43d4b2295c99e9bba9dc6b7 - - - -] volume service is down. (host: rack03-server59@lvm-1)
2022-09-01 13:57:24.396 7 WARNING cinder.scheduler.host_manager [None req-bbe149a0-7c9d-49da-b9fc-6b5d3682d1f4 c0ca1eb81a3049159c269049db6e7173 be548790c8a04bd1b9a19b26df457556 - - - -] volume service is down. (host: rack03-server59@lvm-1)
2022-09-01 13:57:24.432 7 WARNING cinder.scheduler.host_manager [None req-9e846df5-8865-4880-84d5-76217f360231 c0ca1eb81a3049159c269049db6e7173 be548790c8a04bd1b9a19b26df457556 - - - -] volume service is down. (host: rack03-server59@lvm-1)
2022-09-01 13:57:29.955 7 WARNING cinder.scheduler.host_manager [None req-e48c4c27-1a03-4ce6-b15d-b85c20caa685 1a1634de3b8c4ed4aa9bdf21b2ba6d2d f2fd24b49a564f90a07ebd5bb5c8c17e - - - -] volume service is down. (host: rack03-server59@lvm-1)
2022-09-01 13:57:29.962 7 WARNING cinder.scheduler.host_manager [None req-e48c4c27-1a03-4ce6-b15d-b85c20caa685 1a1634de3b8c4ed4aa9bdf21b2ba6d2d f2fd24b49a564f90a07ebd5bb5c8c17e - - - -] volume service is down. (host: rack03-server59@lvm-1)
2022-09-01 13:57:33.035 7 WARNING cinder.scheduler.host_manager [None req-61ffb4d7-00cc-4439-ad11-44dbb4fc556c 2d568afdcb884c338633e665d4c9c895 06b3d8fc13614eabbe1650dd9f017e7a - - - -] volume service is down. (host: rack03-server59@lvm-1)
2022-09-01 13:57:33.043 7 WARNING cinder.scheduler.host_manager [None req-61ffb4d7-00cc-4439-ad11-44dbb4fc556c 2d568afdcb884c338633e665d4c9c895 06b3d8fc13614eabbe1650dd9f017e7a - - - -] volume service is down. (host: rack03-server59@lvm-1)
2022-09-01 13:57:34.203 7 WARNING cinder.scheduler.host_manager [None req-79871012-f200-4935-b187-73b64b9413d2 2d568afdcb884c338633e665d4c9c895 06b3d8fc13614eabbe1650dd9f017e7a - - - -] volume service is down. (host: rack03-server59@lvm-1)
2022-09-01 13:57:34.210 7 WARNING cinder.scheduler.host_manager [None req-79871012-f200-4935-b187-73b64b9413d2 2d568afdcb884c338633e665d4c9c895 06b3d8fc13614eabbe1650dd9f017e7a - - - -] volume service is down. (host: rack03-server59@lvm-1)
2022-09-01 13:57:35.575 7 WARNING cinder.scheduler.host_manager [None req-349f784a-5710-4007-8331-93b559ff8d03 2d568afdcb884c338633e665d4c9c895 06b3d8fc13614eabbe1650dd9f017e7a - - - -] volume service is down. (host: rack03-server59@lvm-1)
2022-09-01 13:57:38.059 7 WARNING cinder.scheduler.host_manager [None req-65a58214-446c-44a2-a8e6-679b64f25347 2a061dca94634f52b1d2c11081760b45 32ec90c9a8004f619935f0ab31b48786 - - - -] volume service is down. (host: rack03-server59@lvm-1)
2022-09-01 13:57:39.304 7 WARNING cinder.scheduler.host_manager [None req-81591e49-81e1-4d95-9020-a11f27a7540a 2a061dca94634f52b1d2c11081760b45 32ec90c9a8004f619935f0ab31b48786 - - - -] volume service is down. (host: rack03-server59@lvm-1)
2022-09-01 13:57:39.718 7 WARNING cinder.scheduler.host_manager [None req-41f2602f-ba25-4391-a489-55a362baba09 2d568afdcb884c338633e665d4c9c895 06b3d8fc13614eabbe1650dd9f017e7a - - - -] volume service is down. (host: rack03-server59@lvm-1)
2022-09-01 13:57:39.727 7 WARNING cinder.scheduler.host_manager [None req-41f2602f-ba25-4391-a489-55a362baba09 2d568afdcb884c338633e665d4c9c895 06b3d8fc13614eabbe1650dd9f017e7a - - - -] volume service is down. (host: rack03-server59@lvm-1)
2022-09-01 13:57:41.081 7 WARNING cinder.scheduler.host_manager [None req-48147f38-5ee9-4c95-bc45-56bef86a79e3 2d568afdcb884c338633e665d4c9c895 06b3d8fc13614eabbe1650dd9f017e7a - - - -] volume service is down. (host: rack03-server59@lvm-1)
2022-09-01 13:57:41.831 7 WARNING cinder.scheduler.host_manager [None req-d26a08a9-f124-4080-89cb-f8d85dd253cc 2a061dca94634f52b1d2c11081760b45 32ec90c9a8004f619935f0ab31b48786 - - - -] volume service is down. (host: rack03-server59@lvm-1)
2022-09-01 13:57:42.473 7 WARNING cinder.scheduler.host_manager [None req-cfee406e-08c4-483e-b9f7-299ad4d80707 2d568afdcb884c338633e665d4c9c895 06b3d8fc13614eabbe1650dd9f017e7a - - - -] volume service is down. (host: rack03-server59@lvm-1)
2022-09-01 13:57:45.335 7 WARNING cinder.scheduler.host_manager [None req-b7395afc-6594-4f73-93ea-11df9fbf20fc 2a061dca94634f52b1d2c11081760b45 32ec90c9a8004f619935f0ab31b48786 - - - -] volume service is down. (host: rack03-server59@lvm-1)
2022-09-01 13:57:48.869 7 WARNING cinder.scheduler.host_manager [None req-11a13247-536c-46e4-a73d-7eca07fbeb3d 2a061dca94634f52b1d2c11081760b45 32ec90c9a8004f619935f0ab31b48786 - - - -] volume service is down. (host: rack03-server59@lvm-1)
2022-09-01 13:57:52.354 7 WARNING cinder.scheduler.host_manager [None req-9ab8cfc1-d793-4d4d-81ee-2ad21c47ed50 2a061dca94634f52b1d2c11081760b45 32ec90c9a8004f619935f0ab31b48786 - - - -] volume service is down. (host: rack03-server59@lvm-1)
2022-09-01 13:57:59.816 7 WARNING cinder.scheduler.host_manager [None req-c0a42830-2ef3-455c-bf38-43e1530a2170 b455cf8f6b154b038bf1623ba9806ac5 6f910c48dccb479f8bf3e76a46fd7a51 - - - -] volume service is down. (host: rack03-server59@lvm-1)
2022-09-01 13:58:03.292 7 WARNING cinder.scheduler.host_manager [None req-5e25ba0f-e96d-4266-a7fc-d4fced69986a f3e7c777d58e41979566d30753aafa94 1881ed55ba95485983298fae5128e992 - - - -] volume service is down. (host: rack03-server59@lvm-1)
2022-09-01 13:58:09.451 7 WARNING cinder.scheduler.host_manager [None req-558a221b-ad9e-456a-a059-c48caec7596b 60d20475832e4704b72eedbebd48cb25 23b2a1a57d6c4b3680010971abb71e19 - - - -] volume service is down. (host: rack03-server59@lvm-1)
2022-09-01 13:58:15.225 7 WARNING cinder.scheduler.host_manager [None req-75dc898e-e3de-4e9b-a2b8-a69f20f58519 e9e26a1df18b47a68c76e3a4fb3b0df6 42db78256a6243159b25121db8b0d836 - - - -] volume service is down. (host: rack03-server59@lvm-1)
2022-09-01 13:58:17.602 7 WARNING cinder.scheduler.host_manager [None req-4002afb9-4b42-44ac-a3d9-224915b7c75f e9e26a1df18b47a68c76e3a4fb3b0df6 42db78256a6243159b25121db8b0d836 - - - -] volume service is down. (host: rack03-server59@lvm-1)
2022-09-01 13:58:26.483 7 WARNING cinder.scheduler.host_manager [None req-9798e718-0c89-4e9f-915b-e8d3bec8a882 59c23d2234c94bb89b62d6194fa54aaf 2b5f21c13eca4fef92f1f7015f418a1e - - - -] volume service is down. (host: rack03-server59@lvm-1)
2022-09-01 13:58:28.565 7 WARNING cinder.scheduler.host_manager [None req-1047468d-9b0e-484d-9160-7f212112b6b1 562a2a905d9748cf9547bd7e63007371 790af3532ce94223ba12ac06f6d92a8c - - - -] volume service is down. (host: rack03-server59@lvm-1)
2022-09-01 13:58:28.758 7 WARNING cinder.scheduler.host_manager [None req-601169b8-d42a-45ad-b748-3fc9728bbdfa 59c23d2234c94bb89b62d6194fa54aaf 2b5f21c13eca4fef92f1f7015f418a1e - - - -] volume service is down. (host: rack03-server59@lvm-1)
2022-09-01 13:58:41.806 7 WARNING cinder.scheduler.host_manager [None req-67574bdd-3859-45fb-9f28-41738d3b3e38 0a5bbfd47fa346b587164e37924ede9a 6294789e49c8462e8982c7b55774bf5a - - - -] volume service is down. (host: rack03-server59@lvm-1)
2022-09-01 13:58:43.158 7 WARNING cinder.scheduler.host_manager [None req-83fa859d-ec9f-46de-a0d7-cdf836d6df5d 0a5bbfd47fa346b587164e37924ede9a 6294789e49c8462e8982c7b55774bf5a - - - -] volume service is down. (host: rack03-server59@lvm-1)
2022-09-01 13:58:44.563 7 WARNING cinder.scheduler.host_manager [None req-94a92ad6-32f9-4447-bfea-073c61e56396 0a5bbfd47fa346b587164e37924ede9a 6294789e49c8462e8982c7b55774bf5a - - - -] volume service is down. (host: rack03-server59@lvm-1)
2022-09-01 13:58:46.141 7 WARNING cinder.scheduler.host_manager [req-5221aba6-734b-45b5-923e-b3f11a1f8c43 req-b3f42e40-1650-4e02-ab7d-07f89ff6b8bc 562a2a905d9748cf9547bd7e63007371 790af3532ce94223ba12ac06f6d92a8c - - - -] volume service is down. (host: rack03-server59@lvm-1)
2022-09-01 13:58:47.212 7 WARNING cinder.scheduler.host_manager [None req-0b3a1dff-a077-4b2a-807f-9b93376c4723 4ea4fb95c97146fb88459ec095804afd 8dd25e5abac94b07a2f8801c1b4f3094 - - - -] volume service is down. (host: rack03-server59@lvm-1)
2022-09-01 13:58:49.261 7 WARNING cinder.scheduler.host_manager [None req-16985b0b-0f84-46e8-a08a-c7726b6f216e 4c31c479c8bd4ebd9b0fa9d25a168cd2 cd5ff468c7664e25b00e7344a4458454 - - - -] volume service is down. (host: rack03-server59@lvm-1)
2022-09-01 13:58:53.765 7 WARNING cinder.scheduler.host_manager [None req-1bed7b9a-472c-4d38-951e-466eb1210987 4c31c479c8bd4ebd9b0fa9d25a168cd2 cd5ff468c7664e25b00e7344a4458454 - - - -] volume service is down. (host: rack03-server59@lvm-1)
2022-09-01 13:58:57.381 7 WARNING cinder.scheduler.host_manager [None req-fd98ce6e-33a6-4e12-b4ee-84cd772d6900 4c31c479c8bd4ebd9b0fa9d25a168cd2 cd5ff468c7664e25b00e7344a4458454 - - - -] volume service is down. (host: rack03-server59@lvm-1)
2022-09-01 13:58:58.652 7 WARNING cinder.scheduler.host_manager [None req-747e5936-1653-4adb-8d37-78dab18d01b2 92b53f62330c4aa199056db2a7c39cc2 1fb8782647f342e79ab66311873b2121 - - - -] volume service is down. (host: rack03-server59@lvm-1)
2022-09-01 13:58:59.929 7 WARNING cinder.scheduler.host_manager [None req-367a645d-4362-42df-b976-22b49bd467d6 92b53f62330c4aa199056db2a7c39cc2 1fb8782647f342e79ab66311873b2121 - - - -] volume service is down. (host: rack03-server59@lvm-1)
2022-09-01 13:58:59.948 7 WARNING cinder.scheduler.host_manager [None req-00c2382c-0967-4e47-99e1-9102f93c474a 4c31c479c8bd4ebd9b0fa9d25a168cd2 cd5ff468c7664e25b00e7344a4458454 - - - -] volume service is down. (host: rack03-server59@lvm-1)
2022-09-01 13:59:03.583 7 WARNING cinder.scheduler.host_manager [None req-3dfebb58-4371-4a74-b4d6-b62388f23987 4c31c479c8bd4ebd9b0fa9d25a168cd2 cd5ff468c7664e25b00e7344a4458454 - - - -] volume service is down. (host: rack03-server59@lvm-1)
2022-09-01 13:59:06.156 7 WARNING cinder.scheduler.host_manager [None req-72102aee-f18d-45b7-83c1-0937452a51ab 4c31c479c8bd4ebd9b0fa9d25a168cd2 cd5ff468c7664e25b00e7344a4458454 - - - -] volume service is down. (host: rack03-server59@lvm-1)
2022-09-01 13:59:09.987 7 WARNING cinder.scheduler.host_manager [None req-c005a6e9-8da9-4950-adb8-1fd6a08523c8 2e1aa31360bb44d6a3498832293e05da e7f6e3206ee343f39e6979d5211544cc - - - -] volume service is down. (host: rack03-server59@lvm-1)
2022-09-01 13:59:13.846 7 WARNING cinder.scheduler.host_manager [None req-f0e87d30-b006-4cc0-9126-b1def29df606 87111d4a65ae4c94ab5493c01e611008 a7bd1ff7da914904bfd226d16adcefe1 - - - -] volume service is down. (host: rack03-server59@lvm-1)
2022-09-01 13:59:20.336 7 WARNING cinder.scheduler.host_manager [None req-4708f31d-33e4-4942-9f90-87a03b933da8 ff9d36de462646d396ad1bd173483651 5ed1ecadb0b541b88fa785bdb41a9483 - - - -] volume service is down. (host: rack03-server59@lvm-1)
2022-09-01 13:59:23.963 7 WARNING cinder.scheduler.host_manager [None req-bd8fc5df-648f-47f7-b687-126d93ad1f8f ff9d36de462646d396ad1bd173483651 5ed1ecadb0b541b88fa785bdb41a9483 - - - -] volume service is down. (host: rack03-server59@lvm-1)
2022-09-01 13:59:24.368 7 WARNING cinder.scheduler.host_manager [None req-ae5ecfda-f4a7-4e50-aa83-a7b47a70f251 9552c87f3704402baf7b3137a6c5bd39 d93bd965f35c42579e4a4b85d67eecf7 - - - -] volume service is down. (host: rack03-server59@lvm-1)
2022-09-01 13:59:24.375 7 WARNING cinder.scheduler.host_manager [None req-ae5ecfda-f4a7-4e50-aa83-a7b47a70f251 9552c87f3704402baf7b3137a6c5bd39 d93bd965f35c42579e4a4b85d67eecf7 - - - -] volume service is down. (host: rack03-server59@lvm-1)
2022-09-01 13:59:25.778 7 WARNING cinder.scheduler.host_manager [None req-3f99e0ad-8893-4f5c-86f5-ae77940a1883 9552c87f3704402baf7b3137a6c5bd39 d93bd965f35c42579e4a4b85d67eecf7 - - - -] volume service is down. (host: rack03-server59@lvm-1)
2022-09-01 13:59:27.043 7 WARNING cinder.scheduler.host_manager [None req-3f878ade-cc9e-47c7-b0d0-07eb1e7f5aa9 9552c87f3704402baf7b3137a6c5bd39 d93bd965f35c42579e4a4b85d67eecf7 - - - -] volume service is down. (host: rack03-server59@lvm-1)
2022-09-01 13:59:33.641 7 WARNING cinder.scheduler.host_manager [None req-74054d8c-5702-4298-ab94-43dc09b038e2 6c8440855c114c55b339f38541bc3cd9 8617ae3f02994dc69675017e5953fffe - - - -] volume service is down. (host: rack03-server59@lvm-1)
2022-09-01 13:59:34.887 7 WARNING cinder.scheduler.host_manager [None req-5c9cc821-60a8-4b2c-bc78-7e1e1e004b24 9fdeb41b4a6a45a4b6cfc7dcb6ef4d72 5acc49ef850a4715bb6778ddd50bab29 - - - -] volume service is down. (host: rack03-server59@lvm-1)
2022-09-01 13:59:38.516 7 WARNING cinder.scheduler.host_manager [None req-f6c82f97-8aa1-4e1c-a546-6e3aff6f86de 9fdeb41b4a6a45a4b6cfc7dcb6ef4d72 5acc49ef850a4715bb6778ddd50bab29 - - - -] volume service is down. (host: rack03-server59@lvm-1)
2022-09-01 13:59:45.021 7 WARNING cinder.scheduler.host_manager [None req-8650f404-41b6-4634-9446-51eb70d5fcd6 08dea0a0ca954effa49b21b9a1acbe67 4c63d327155f42fea4e856a578a8190d - - - -] volume service is down. (host: rack03-server59@lvm-1)
2022-09-01 13:59:45.022 7 INFO cinder.scheduler.base_filter [None req-8650f404-41b6-4634-9446-51eb70d5fcd6 08dea0a0ca954effa49b21b9a1acbe67 4c63d327155f42fea4e856a578a8190d - - - -] Filtering removed all hosts for the request with volume ID 'baf27f3b-aefd-4a0e-a843-17b04ffe21a4'. Filter results: AvailabilityZoneFilter: (start: 1, end: 1), CapacityFilter: (start: 1, end: 1), CapabilitiesFilter: (start: 1, end: 0)
2022-09-01 13:59:45.022 7 WARNING cinder.scheduler.filter_scheduler [None req-8650f404-41b6-4634-9446-51eb70d5fcd6 08dea0a0ca954effa49b21b9a1acbe67 4c63d327155f42fea4e856a578a8190d - - - -] No weighed backend found for volume with properties: {'id': 'f8658fa2-602a-43cc-86cb-ae324d6d79d9', 'name': 'tempest-UserMessagesTest-volume-type-2038345240', 'description': None, 'is_public': True, 'projects': [], 'extra_specs': {'storage_protocol': 'tempest-storage_protocol-591906633', 'vendor_name': 'tempest-vendor_name-1295141583'}, 'qos_specs_id': None, 'created_at': '2022-09-01T10:59:44.000000', 'updated_at': None, 'deleted_at': None, 'deleted': False}
2022-09-01 13:59:45.023 7 INFO cinder.message.api [None req-8650f404-41b6-4634-9446-51eb70d5fcd6 08dea0a0ca954effa49b21b9a1acbe67 4c63d327155f42fea4e856a578a8190d - - - -] Creating message record for request_id = req-8650f404-41b6-4634-9446-51eb70d5fcd6
2022-09-01 13:59:45.028 7 ERROR cinder.scheduler.flows.create_volume [None req-8650f404-41b6-4634-9446-51eb70d5fcd6 08dea0a0ca954effa49b21b9a1acbe67 4c63d327155f42fea4e856a578a8190d - - - -] Failed to run task cinder.scheduler.flows.create_volume.ScheduleCreateVolumeTask;volume:create: No valid backend was found. No weighed backends available: cinder.exception.NoValidBackend: No valid backend was found. No weighed backends available
2022-09-01 13:59:45.559 7 WARNING cinder.scheduler.host_manager [None req-163eb994-9f8a-4112-8f00-5377cbc76dd0 6c8440855c114c55b339f38541bc3cd9 8617ae3f02994dc69675017e5953fffe - - - -] volume service is down. (host: rack03-server59@lvm-1)
2022-09-01 13:59:46.123 7 WARNING cinder.scheduler.host_manager [None req-6f3779b7-de4b-48e7-bb36-cd5e4313c207 8a57cd19f0ea488f90f0afbe2211872d 2c30786848144d3194fc9bbfea2f41cc - - - -] volume service is down. (host: rack03-server59@lvm-1)
2022-09-01 13:59:46.494 7 WARNING cinder.scheduler.host_manager [None req-d0f01362-43d3-49f3-94fe-6a3c2f88d1f8 08dea0a0ca954effa49b21b9a1acbe67 4c63d327155f42fea4e856a578a8190d - - - -] volume service is down. (host: rack03-server59@lvm-1)
2022-09-01 13:59:46.495 7 INFO cinder.scheduler.base_filter [None req-d0f01362-43d3-49f3-94fe-6a3c2f88d1f8 08dea0a0ca954effa49b21b9a1acbe67 4c63d327155f42fea4e856a578a8190d - - - -] Filtering removed all hosts for the request with volume ID 'f518e236-b2e4-404e-b584-dc07a1b0e292'. Filter results: AvailabilityZoneFilter: (start: 1, end: 1), CapacityFilter: (start: 1, end: 1), CapabilitiesFilter: (start: 1, end: 0)
2022-09-01 13:59:46.495 7 WARNING cinder.scheduler.filter_scheduler [None req-d0f01362-43d3-49f3-94fe-6a3c2f88d1f8 08dea0a0ca954effa49b21b9a1acbe67 4c63d327155f42fea4e856a578a8190d - - - -] No weighed backend found for volume with properties: {'id': 'c5c7d9d1-e538-49d5-ba28-9fd0030fbcc2', 'name': 'tempest-UserMessagesTest-volume-type-605183016', 'description': None, 'is_public': True, 'projects': [], 'extra_specs': {'storage_protocol': 'tempest-storage_protocol-964647537', 'vendor_name': 'tempest-vendor_name-1461926738'}, 'qos_specs_id': None, 'created_at': '2022-09-01T10:59:46.000000', 'updated_at': None, 'deleted_at': None, 'deleted': False}
2022-09-01 13:59:46.496 7 INFO cinder.message.api [None req-d0f01362-43d3-49f3-94fe-6a3c2f88d1f8 08dea0a0ca954effa49b21b9a1acbe67 4c63d327155f42fea4e856a578a8190d - - - -] Creating message record for request_id = req-d0f01362-43d3-49f3-94fe-6a3c2f88d1f8
2022-09-01 13:59:46.501 7 ERROR cinder.scheduler.flows.create_volume [None req-d0f01362-43d3-49f3-94fe-6a3c2f88d1f8 08dea0a0ca954effa49b21b9a1acbe67 4c63d327155f42fea4e856a578a8190d - - - -] Failed to run task cinder.scheduler.flows.create_volume.ScheduleCreateVolumeTask;volume:create: No valid backend was found. No weighed backends available: cinder.exception.NoValidBackend: No valid backend was found. No weighed backends available
2022-09-01 13:59:49.076 7 WARNING cinder.scheduler.host_manager [None req-4557e8e5-fbbc-44a9-ad27-10789d63ab79 6c8440855c114c55b339f38541bc3cd9 8617ae3f02994dc69675017e5953fffe - - - -] volume service is down. (host: rack03-server59@lvm-1)
2022-09-01 13:59:50.428 7 WARNING cinder.scheduler.host_manager [None req-cc0455d1-8d2c-4d70-8f87-5400b507322c 6c8440855c114c55b339f38541bc3cd9 8617ae3f02994dc69675017e5953fffe - - - -] volume service is down. (host: rack03-server59@lvm-1)
2022-09-01 13:59:56.149 7 WARNING cinder.scheduler.host_manager [None req-8f8c044c-6fd0-4242-b39d-0514f5a2651b 407d87f4ddd842dfa0d99d2f46f2915c b1aca8000c8844479a65265871c2a65f - - - -] volume service is down. (host: rack03-server59@lvm-1)
2022-09-01 13:59:58.648 7 WARNING cinder.scheduler.host_manager [None req-ab4de2f1-4f1d-4a4a-8918-978f2cc3c3b1 407d87f4ddd842dfa0d99d2f46f2915c b1aca8000c8844479a65265871c2a65f - - - -] volume service is down. (host: rack03-server59@lvm-1)
2022-09-01 14:00:02.555 7 WARNING cinder.scheduler.host_manager [None req-cafa9959-1802-4ab1-bac1-e845770e34d7 0fcb4f6345cb4a6eae9fa4b8e05c732d b861697ad16345c0b2f8079e4d4fb822 - - - -] volume service is down. (host: rack03-server59@lvm-1)
2022-09-01 14:00:11.629 7 WARNING cinder.scheduler.host_manager [None req-e66afc23-075d-4897-a73d-1bbcdfc93e28 0fcb4f6345cb4a6eae9fa4b8e05c732d b861697ad16345c0b2f8079e4d4fb822 - - - -] volume service is down. (host: rack03-server59@lvm-1)
2022-09-01 14:00:15.234 7 WARNING cinder.scheduler.host_manager [None req-ee155b9c-c871-46fd-84a8-76b11df74285 34b0f397e14a493ca97bc87418974f9f 6a08647288284292885526f954692799 - - - -] volume service is down. (host: rack03-server59@lvm-1)
2022-09-01 14:00:16.477 7 WARNING cinder.scheduler.host_manager [None req-a777c7ab-ea37-4b2f-a5b8-95e8169cbe86 34b0f397e14a493ca97bc87418974f9f 6a08647288284292885526f954692799 - - - -] volume service is down. (host: rack03-server59@lvm-1)
2022-09-01 14:00:18.719 7 WARNING cinder.scheduler.host_manager [None req-ea8c927c-3755-40c7-8b4f-2612246bbc9a 34b0f397e14a493ca97bc87418974f9f 6a08647288284292885526f954692799 - - - -] volume service is down. (host: rack03-server59@lvm-1)
2022-09-01 14:00:21.882 7 WARNING cinder.scheduler.host_manager [None req-3dedfcd4-7e78-4319-9ad3-1b29c07787a1 87ebcde0794d408c9645024938fd811d a352c7d2f5934bfaaf5f1874d0b47c35 - - - -] volume service is down. (host: rack03-server59@lvm-1)
2022-09-01 14:00:22.269 7 WARNING cinder.scheduler.host_manager [None req-b77779e8-93e7-4aa3-9474-bff3e732cdcd 34b0f397e14a493ca97bc87418974f9f 6a08647288284292885526f954692799 - - - -] volume service is down. (host: rack03-server59@lvm-1)
2022-09-01 14:00:24.556 7 WARNING cinder.scheduler.host_manager [None req-72ac029a-3a1b-4799-83bf-c7a8b0a3a70d 34b0f397e14a493ca97bc87418974f9f 6a08647288284292885526f954692799 - - - -] volume service is down. (host: rack03-server59@lvm-1)
2022-09-01 14:00:24.852 7 WARNING cinder.scheduler.host_manager [None req-0efc4efa-b75a-4dab-9476-c12a28601b87 60bca370db164d3882d44c78cfc2dcf7 f1ede54073e549e4bb4843a088c12ac3 - - - -] volume service is down. (host: rack03-server59@lvm-1)
2022-09-01 14:00:26.964 7 WARNING cinder.scheduler.host_manager [None req-5782ada6-a743-4769-b30a-c8ed3a8b454e 34b0f397e14a493ca97bc87418974f9f 6a08647288284292885526f954692799 - - - -] volume service is down. (host: rack03-server59@lvm-1)
2022-09-01 14:00:28.862 7 WARNING cinder.scheduler.host_manager [None req-d6e87a76-17dc-4389-aa1c-03b25bb85cca 87ebcde0794d408c9645024938fd811d a352c7d2f5934bfaaf5f1874d0b47c35 - - - -] volume service is down. (host: rack03-server59@lvm-1)
2022-09-01 14:00:34.002 7 WARNING cinder.scheduler.host_manager [None req-2cd215e7-2899-4201-8367-aa54ed15004c 3e9d6a722aec44fb84c3db8a854b90ce 8b7b0d1c4df64dcc830db50a954cca95 - - - -] volume service is down. (host: rack03-server59@lvm-1)
2022-09-01 14:00:36.619 7 WARNING cinder.scheduler.host_manager [None req-edba46fe-e9d4-481e-a854-6738855cecda 60bca370db164d3882d44c78cfc2dcf7 f1ede54073e549e4bb4843a088c12ac3 - - - -] volume service is down. (host: rack03-server59@lvm-1)
2022-09-01 14:00:38.030 7 WARNING cinder.scheduler.host_manager [None req-a0b136d4-a695-4cab-9f8c-569211fe6aa7 60bca370db164d3882d44c78cfc2dcf7 f1ede54073e549e4bb4843a088c12ac3 - - - -] volume service is down. (host: rack03-server59@lvm-1)
2022-09-01 14:00:40.182 7 WARNING cinder.scheduler.host_manager [None req-b284832b-f9e0-4e2e-9a0c-1c1b63a4f783 c2cff411a62f43b7ab71b78d8276a574 314a65cc7f884c0db99b6bce6e8cf1c8 - - - -] volume service is down. (host: rack03-server59@lvm-1)
2022-09-01 14:00:40.324 7 WARNING cinder.scheduler.host_manager [None req-012edb79-578c-430c-affb-959fe8c36a4c 60bca370db164d3882d44c78cfc2dcf7 f1ede54073e549e4bb4843a088c12ac3 - - - -] volume service is down. (host: rack03-server59@lvm-1)
2022-09-01 14:00:42.554 7 WARNING cinder.scheduler.host_manager [None req-887954f6-b1f9-4601-952a-6ca7a9ba556f 60bca370db164d3882d44c78cfc2dcf7 f1ede54073e549e4bb4843a088c12ac3 - - - -] volume service is down. (host: rack03-server59@lvm-1)
2022-09-01 14:00:43.187 7 WARNING cinder.scheduler.host_manager [None req-4d69eb9d-ed30-4d56-8afa-e4243c1695bb 87ebcde0794d408c9645024938fd811d a352c7d2f5934bfaaf5f1874d0b47c35 - - - -] volume service is down. (host: rack03-server59@lvm-1)
2022-09-01 14:00:45.433 7 WARNING cinder.scheduler.host_manager [None req-6914e3cc-aa98-4854-b643-cd095855d8f3 87ebcde0794d408c9645024938fd811d a352c7d2f5934bfaaf5f1874d0b47c35 - - - -] volume service is down. (host: rack03-server59@lvm-1)
2022-09-01 14:00:47.665 7 WARNING cinder.scheduler.host_manager [None req-96c61759-5f5a-4271-8e45-4eb92ccb8e35 87ebcde0794d408c9645024938fd811d a352c7d2f5934bfaaf5f1874d0b47c35 - - - -] volume service is down. (host: rack03-server59@lvm-1)
2022-09-01 14:00:48.966 7 WARNING cinder.scheduler.host_manager [None req-21156c02-0236-4178-ad46-0cf5e161c987 8a910111eb004e26b4e37d2c1b821a08 1141322b23e048b3b210654b32f0f6a2 - - - -] volume service is down. (host: rack03-server59@lvm-1)
2022-09-01 14:00:50.337 7 WARNING cinder.scheduler.host_manager [None req-ac41e872-66a0-43a3-a2ab-7ca058bcb826 8a910111eb004e26b4e37d2c1b821a08 1141322b23e048b3b210654b32f0f6a2 - - - -] volume service is down. (host: rack03-server59@lvm-1)
2022-09-01 14:00:50.519 7 WARNING cinder.scheduler.host_manager [None req-01ba6e27-4164-4fd6-b834-929463699c55 e1d6ea74df3347e2b1613cb830de585d 2ec24e1cf7b346eebf806b099f8b5b3d - - - -] volume service is down. (host: rack03-server59@lvm-1)
2022-09-01 14:00:51.740 7 WARNING cinder.scheduler.host_manager [None req-472f4bf2-1cc1-4b9a-bd9b-ff63e8b7d93d 8a910111eb004e26b4e37d2c1b821a08 1141322b23e048b3b210654b32f0f6a2 - - - -] volume service is down. (host: rack03-server59@lvm-1)
2022-09-01 14:00:53.102 7 WARNING cinder.scheduler.host_manager [None req-74044db9-2ddf-4c78-b654-9b70e1ed83d5 e1d6ea74df3347e2b1613cb830de585d 2ec24e1cf7b346eebf806b099f8b5b3d - - - -] volume service is down. (host: rack03-server59@lvm-1)
2022-09-01 14:00:56.900 7 WARNING cinder.scheduler.host_manager [None req-fe69d4ba-81b1-4f97-80c6-2e8e2f864c55 87ebcde0794d408c9645024938fd811d a352c7d2f5934bfaaf5f1874d0b47c35 - - - -] volume service is down. (host: rack03-server59@lvm-1)
2022-09-01 14:00:57.827 7 WARNING cinder.scheduler.host_manager [None req-1d7f6b9f-6445-40f4-b844-17236c029015 e1d6ea74df3347e2b1613cb830de585d 2ec24e1cf7b346eebf806b099f8b5b3d - - - -] volume service is down. (host: rack03-server59@lvm-1)
2022-09-01 14:00:59.186 7 WARNING cinder.scheduler.host_manager [None req-8a7bfcbc-e733-446b-9ba8-69ed303190b9 e1d6ea74df3347e2b1613cb830de585d 2ec24e1cf7b346eebf806b099f8b5b3d - - - -] volume service is down. (host: rack03-server59@lvm-1)
2022-09-01 14:01:00.385 7 WARNING cinder.scheduler.host_manager [None req-0cfcfdf0-700e-451d-b384-610d68a861af 87ebcde0794d408c9645024938fd811d a352c7d2f5934bfaaf5f1874d0b47c35 - - - -] volume service is down. (host: rack03-server59@lvm-1)
2022-09-01 14:01:02.120 7 WARNING cinder.scheduler.host_manager [None req-51d94047-5eca-492e-9a3f-c8ed3779b360 463188a35dee4354bb53bd3fd481b36b 46300fed8aca436e882b66131968e00c - - - -] volume service is down. (host: rack03-server59@lvm-1)
2022-09-01 14:01:02.821 7 WARNING cinder.scheduler.host_manager [None req-7b878e35-f036-4e36-8378-2451ae0ba7fb e1d6ea74df3347e2b1613cb830de585d 2ec24e1cf7b346eebf806b099f8b5b3d - - - -] volume service is down. (host: rack03-server59@lvm-1)
2022-09-01 14:01:04.414 7 WARNING cinder.scheduler.host_manager [None req-23341549-7c21-4789-a190-970640b5b3d6 463188a35dee4354bb53bd3fd481b36b 46300fed8aca436e882b66131968e00c - - - -] volume service is down. (host: rack03-server59@lvm-1)
2022-09-01 14:01:06.657 7 WARNING cinder.scheduler.host_manager [None req-055c8576-babe-49d9-8abb-5009ad6e58ee 463188a35dee4354bb53bd3fd481b36b 46300fed8aca436e882b66131968e00c - - - -] volume service is down. (host: rack03-server59@lvm-1)
2022-09-01 14:01:07.722 7 WARNING cinder.scheduler.host_manager [None req-ff316c5c-125c-4031-b968-38d32b13241a e1d6ea74df3347e2b1613cb830de585d 2ec24e1cf7b346eebf806b099f8b5b3d - - - -] volume service is down. (host: rack03-server59@lvm-1)
2022-09-01 14:01:08.896 7 WARNING cinder.scheduler.host_manager [None req-419aabb9-6f5d-42bf-a09f-683c9380f363 463188a35dee4354bb53bd3fd481b36b 46300fed8aca436e882b66131968e00c - - - -] volume service is down. (host: rack03-server59@lvm-1)
2022-09-01 14:01:09.480 7 WARNING cinder.scheduler.host_manager [None req-d8f93426-1773-4fcc-862e-90c6bb02b097 87ebcde0794d408c9645024938fd811d a352c7d2f5934bfaaf5f1874d0b47c35 - - - -] volume service is down. (host: rack03-server59@lvm-1)
2022-09-01 14:01:11.733 7 WARNING cinder.scheduler.host_manager [None req-fd621425-b2bf-4cbc-b5f1-06c0dcfa55ac 87ebcde0794d408c9645024938fd811d a352c7d2f5934bfaaf5f1874d0b47c35 - - - -] volume service is down. (host: rack03-server59@lvm-1)
2022-09-01 14:01:19.736 7 WARNING cinder.scheduler.host_manager [None req-d8698caa-4357-494e-b06a-fa6cc3ab8900 c476d13ea8954b65a8b3709c5065f116 ab1a28411442479b81f6faad2f8159fa - - - -] volume service is down. (host: rack03-server59@lvm-1)
2022-09-01 14:01:19.838 7 WARNING cinder.scheduler.host_manager [None req-a12fc837-053e-4e5b-8a32-85cd4b07fbe1 e1d6ea74df3347e2b1613cb830de585d 2ec24e1cf7b346eebf806b099f8b5b3d - - - -] volume service is down. (host: rack03-server59@lvm-1)
2022-09-01 14:01:20.974 7 WARNING cinder.scheduler.host_manager [None req-63981046-c637-472b-91cb-a98784a1576e c476d13ea8954b65a8b3709c5065f116 ab1a28411442479b81f6faad2f8159fa - - - -] volume service is down. (host: rack03-server59@lvm-1)
2022-09-01 14:01:21.096 7 WARNING cinder.scheduler.host_manager [None req-0f19c911-6874-4984-abc8-68171b7c78a0 87ebcde0794d408c9645024938fd811d a352c7d2f5934bfaaf5f1874d0b47c35 - - - -] volume service is down. (host: rack03-server59@lvm-1)
2022-09-01 14:01:22.295 7 WARNING cinder.scheduler.host_manager [None req-4a16e1f8-056f-4182-973a-42d06a5be6b6 87ebcde0794d408c9645024938fd811d a352c7d2f5934bfaaf5f1874d0b47c35 - - - -] volume service is down. (host: rack03-server59@lvm-1)
2022-09-01 14:01:24.677 7 WARNING cinder.scheduler.host_manager [None req-c3ad6cf9-cc8a-45c7-ac4f-0833bafe583a 87ebcde0794d408c9645024938fd811d a352c7d2f5934bfaaf5f1874d0b47c35 - - - -] volume service is down. (host: rack03-server59@lvm-1)
2022-09-01 14:01:27.190 7 WARNING cinder.scheduler.host_manager [None req-b9ba87be-9acd-4c67-9880-ef04583411b3 87ebcde0794d408c9645024938fd811d a352c7d2f5934bfaaf5f1874d0b47c35 - - - -] volume service is down. (host: rack03-server59@lvm-1)
2022-09-01 14:01:27.952 7 WARNING cinder.scheduler.host_manager [None req-2fe0ec6f-577a-49e5-a4d1-b7080d996e66 0af9141cfa5a459e9e12fa19f7d14744 8ced774748d8445bad715ade7d6f3aa1 - - - -] volume service is down. (host: rack03-server59@lvm-1)
2022-09-01 14:01:29.468 7 WARNING cinder.scheduler.host_manager [None req-a9809176-01e9-4d90-aa42-87a014791fae 87ebcde0794d408c9645024938fd811d a352c7d2f5934bfaaf5f1874d0b47c35 - - - -] volume service is down. (host: rack03-server59@lvm-1)
2022-09-01 14:01:31.844 7 WARNING cinder.scheduler.host_manager [None req-8c79ad20-3eef-4ced-b8de-c80dd43e8d53 87ebcde0794d408c9645024938fd811d a352c7d2f5934bfaaf5f1874d0b47c35 - - - -] volume service is down. (host: rack03-server59@lvm-1)
2022-09-01 14:01:50.161 7 WARNING cinder.scheduler.host_manager [None req-114da875-f2d8-46cd-9ebc-36aa5c231ae3 64a18a3ff48a48208afbd064bc13b1c4 791f3ded28ec43779b5c46e675010a8b - - - -] volume service is down. (host: rack03-server59@lvm-1)
2022-09-01 14:01:50.246 7 WARNING cinder.scheduler.host_manager [None req-75ea9dfd-f244-4ebc-9e5c-054838edc120 3adb2f01e4f34166938c9c04716bd3cc 07d94ea3990a42d7b1a597c3db287c8f - - - -] volume service is down. (host: rack03-server59@lvm-1)
2022-09-01 14:01:50.255 7 WARNING cinder.scheduler.host_manager [None req-61d67400-7ead-48a3-8b9b-5ff9c30f695a 962e6ca1f5154009a2cd3717f698c723 7790172db40749e18526774e5639a399 - - - -] volume service is down. (host: rack03-server59@lvm-1)
2022-09-01 14:01:50.369 7 WARNING cinder.scheduler.host_manager [None req-bae92505-6631-4ad1-9924-295af992d22c 64a18a3ff48a48208afbd064bc13b1c4 791f3ded28ec43779b5c46e675010a8b - - - -] volume service is down. (host: rack03-server59@lvm-1)
2022-09-01 14:01:50.582 7 WARNING cinder.scheduler.host_manager [None req-8e23e87a-b588-4e62-b6c0-d5555475efab 64a18a3ff48a48208afbd064bc13b1c4 791f3ded28ec43779b5c46e675010a8b - - - -] volume service is down. (host: rack03-server59@lvm-1)
2022-09-01 14:01:50.832 7 WARNING cinder.scheduler.host_manager [None req-ff9c6ec7-4c0c-4719-a935-a185c7e11a33 64a18a3ff48a48208afbd064bc13b1c4 791f3ded28ec43779b5c46e675010a8b - - - -] volume service is down. (host: rack03-server59@lvm-1)
2022-09-01 14:01:51.040 7 WARNING cinder.scheduler.host_manager [None req-e0982e5c-b22c-48b2-a470-75f2b31d05e3 64a18a3ff48a48208afbd064bc13b1c4 791f3ded28ec43779b5c46e675010a8b - - - -] volume service is down. (host: rack03-server59@lvm-1)
2022-09-01 14:01:51.393 7 WARNING cinder.scheduler.host_manager [None req-f94a993e-b0dd-4fd9-b75b-21a8caf53e76 3adb2f01e4f34166938c9c04716bd3cc 07d94ea3990a42d7b1a597c3db287c8f - - - -] volume service is down. (host: rack03-server59@lvm-1)
2022-09-01 14:01:51.512 7 WARNING cinder.scheduler.host_manager [None req-9c68b401-7e39-4b5d-a569-a6f0f90f0912 962e6ca1f5154009a2cd3717f698c723 7790172db40749e18526774e5639a399 - - - -] volume service is down. (host: rack03-server59@lvm-1)
2022-09-01 14:01:53.725 7 WARNING cinder.scheduler.host_manager [None req-578a49e8-c24d-407e-9a21-3c9adc581a8c 3adb2f01e4f34166938c9c04716bd3cc 07d94ea3990a42d7b1a597c3db287c8f - - - -] volume service is down. (host: rack03-server59@lvm-1)
2022-09-01 14:01:53.826 7 WARNING cinder.scheduler.host_manager [None req-47a832ac-8dab-4234-8a55-043c7f6595a6 962e6ca1f5154009a2cd3717f698c723 7790172db40749e18526774e5639a399 - - - -] volume service is down. (host: rack03-server59@lvm-1)
2022-09-01 14:01:53.932 7 WARNING cinder.scheduler.host_manager [None req-45bb66dc-b49b-4dcf-8038-0ff0eba36d5c 3adb2f01e4f34166938c9c04716bd3cc 07d94ea3990a42d7b1a597c3db287c8f - - - -] volume service is down. (host: rack03-server59@lvm-1)
2022-09-01 14:01:54.130 7 WARNING cinder.scheduler.host_manager [None req-85198b3f-bc39-4b62-867c-1292fbde4242 3adb2f01e4f34166938c9c04716bd3cc 07d94ea3990a42d7b1a597c3db287c8f - - - -] volume service is down. (host: rack03-server59@lvm-1)
2022-09-01 14:01:54.322 7 WARNING cinder.scheduler.host_manager [None req-b9546120-76b7-4108-af15-a758e280b882 3adb2f01e4f34166938c9c04716bd3cc 07d94ea3990a42d7b1a597c3db287c8f - - - -] volume service is down. (host: rack03-server59@lvm-1)
2022-09-01 14:01:54.520 7 WARNING cinder.scheduler.host_manager [None req-57056ea5-3806-47fd-ae1f-640d532da055 3adb2f01e4f34166938c9c04716bd3cc 07d94ea3990a42d7b1a597c3db287c8f - - - -] volume service is down. (host: rack03-server59@lvm-1)
2022-09-01 14:02:01.480 7 WARNING cinder.scheduler.host_manager [None req-3c6b3df7-d14d-4d86-9041-55b839c824a8 bac1225e60394add8dcf4d9bcc55659d 070baf0f6d7746d0a890b5124e5ca53f - - - -] volume service is down. (host: rack03-server59@lvm-1)
2022-09-01 14:02:03.893 7 WARNING cinder.scheduler.host_manager [None req-9cfc64c5-195b-48c4-be4a-a0325b346e96 bac1225e60394add8dcf4d9bcc55659d 070baf0f6d7746d0a890b5124e5ca53f - - - -] volume service is down. (host: rack03-server59@lvm-1)
2022-09-01 14:02:04.120 7 WARNING cinder.scheduler.host_manager [None req-ba472fe3-58b3-4b4e-a9b5-782a908ac8bf bac1225e60394add8dcf4d9bcc55659d 070baf0f6d7746d0a890b5124e5ca53f - - - -] volume service is down. (host: rack03-server59@lvm-1)
2022-09-01 14:02:04.328 7 WARNING cinder.scheduler.host_manager [None req-e9a1bcb2-5e39-4889-86b9-83c3270fab1e bac1225e60394add8dcf4d9bcc55659d 070baf0f6d7746d0a890b5124e5ca53f - - - -] volume service is down. (host: rack03-server59@lvm-1)
2022-09-01 14:02:04.543 7 WARNING cinder.scheduler.host_manager [None req-4cf6f89e-58e8-4341-8a63-fafbd3b3d584 bac1225e60394add8dcf4d9bcc55659d 070baf0f6d7746d0a890b5124e5ca53f - - - -] volume service is down. (host: rack03-server59@lvm-1)
2022-09-01 14:02:04.766 7 WARNING cinder.scheduler.host_manager [None req-bab33b76-970e-42f5-8677-312fb7bf3b23 bac1225e60394add8dcf4d9bcc55659d 070baf0f6d7746d0a890b5124e5ca53f - - - -] volume service is down. (host: rack03-server59@lvm-1)
