Build Started 22_05_2023_22_13_21
2023-05-22 22:15:21.170 7 WARNING cinder.scheduler.host_manager [req-5f05ec94-0f5a-489b-8fdc-1aa42f631765 req-cae442fb-f649-4b37-b060-029eccca30e2 f91980db60b447269f1ae30b02a6e27b 1d449be770df48bc8768bda72eee2bd8 - - - -] volume service is down. (host: rack02-server70@lvm-1)
2023-05-22 22:15:21.295 7 WARNING cinder.scheduler.host_manager [req-8a880de3-4ae7-4f9b-be29-4035ec6cffaa req-3082458c-5381-4cfe-ac02-c3acb253bd86 34310ef49a674ba28a501f284f56b2c7 5ccc5c2077994bbaa6c20290fd2772c0 - - - -] volume service is down. (host: rack02-server70@lvm-1)
2023-05-22 22:15:23.620 7 WARNING cinder.scheduler.host_manager [req-f35fd35e-c963-4234-8e1f-1d08d8969035 req-04a7a041-0a38-4d98-9cd6-8804d8d88a23 34310ef49a674ba28a501f284f56b2c7 5ccc5c2077994bbaa6c20290fd2772c0 - - - -] volume service is down. (host: rack02-server70@lvm-1)
2023-05-22 22:15:29.412 7 WARNING cinder.scheduler.host_manager [None req-1fc9b654-a55c-4b50-8460-f0acb43c6118 8ee6c1553df1431785f52ae467467681 8f3f63ea3bd74561b6a3d94b89ff491f - - - -] volume service is down. (host: rack02-server70@lvm-1)
2023-05-22 22:15:29.439 7 WARNING cinder.scheduler.host_manager [None req-943ee95b-b10a-46f4-b5bd-9ae87c61ba9d 8ee6c1553df1431785f52ae467467681 8f3f63ea3bd74561b6a3d94b89ff491f - - - -] volume service is down. (host: rack02-server70@lvm-1)
2023-05-22 22:15:31.453 7 WARNING cinder.scheduler.host_manager [None req-72b42a2f-b797-488f-a46d-6634235bc53c b17cef4246e749f19390df1478418cc6 8a25b42ba9de4b18912afb3f47f4a326 - - - -] volume service is down. (host: rack02-server70@lvm-1)
2023-05-22 22:15:33.185 7 WARNING cinder.scheduler.host_manager [None req-1fd4a652-29c2-4dd2-9d24-4ecd86dffe60 8944deeba27e495180d3f9aef01a01bc f504f7bad8474f939fed37728246d030 - - - -] volume service is down. (host: rack02-server70@lvm-1)
2023-05-22 22:15:33.191 7 WARNING cinder.scheduler.host_manager [None req-1fd4a652-29c2-4dd2-9d24-4ecd86dffe60 8944deeba27e495180d3f9aef01a01bc f504f7bad8474f939fed37728246d030 - - - -] volume service is down. (host: rack02-server70@lvm-1)
2023-05-22 22:15:33.828 7 WARNING cinder.scheduler.host_manager [None req-293f281a-f74e-4dae-80c7-c4a86b12d3fd b17cef4246e749f19390df1478418cc6 8a25b42ba9de4b18912afb3f47f4a326 - - - -] volume service is down. (host: rack02-server70@lvm-1)
2023-05-22 22:15:34.502 7 WARNING cinder.scheduler.host_manager [None req-7996f0f0-f0ec-4bd7-ae26-bbbb99ced1b7 4869ead29e344427b2a66b632beafdf7 2382b97fa0cd4a31acb277c202fa41ef - - - -] volume service is down. (host: rack02-server70@lvm-1)
2023-05-22 22:15:34.513 7 WARNING cinder.scheduler.host_manager [None req-7996f0f0-f0ec-4bd7-ae26-bbbb99ced1b7 4869ead29e344427b2a66b632beafdf7 2382b97fa0cd4a31acb277c202fa41ef - - - -] volume service is down. (host: rack02-server70@lvm-1)
2023-05-22 22:15:34.518 7 WARNING cinder.scheduler.host_manager [None req-7282323a-758e-474c-8117-5610e2644f9c 8944deeba27e495180d3f9aef01a01bc f504f7bad8474f939fed37728246d030 - - - -] volume service is down. (host: rack02-server70@lvm-1)
2023-05-22 22:15:35.652 7 WARNING cinder.scheduler.host_manager [None req-4b757aa2-e26a-4fc8-aa29-f478959f619d 4869ead29e344427b2a66b632beafdf7 2382b97fa0cd4a31acb277c202fa41ef - - - -] volume service is down. (host: rack02-server70@lvm-1)
2023-05-22 22:15:35.658 7 WARNING cinder.scheduler.host_manager [None req-4b757aa2-e26a-4fc8-aa29-f478959f619d 4869ead29e344427b2a66b632beafdf7 2382b97fa0cd4a31acb277c202fa41ef - - - -] volume service is down. (host: rack02-server70@lvm-1)
2023-05-22 22:15:36.227 7 WARNING cinder.scheduler.host_manager [None req-b69d29fe-f2e0-4927-898d-ec26a27fab4d b17cef4246e749f19390df1478418cc6 8a25b42ba9de4b18912afb3f47f4a326 - - - -] volume service is down. (host: rack02-server70@lvm-1)
2023-05-22 22:15:36.974 7 WARNING cinder.scheduler.host_manager [None req-7af969dd-4ad5-4e36-8dbc-26b7e4f09ad0 4869ead29e344427b2a66b632beafdf7 2382b97fa0cd4a31acb277c202fa41ef - - - -] volume service is down. (host: rack02-server70@lvm-1)
2023-05-22 22:15:41.950 7 WARNING cinder.scheduler.host_manager [None req-faacd265-8991-4248-ac59-fcd115c0efe0 4869ead29e344427b2a66b632beafdf7 2382b97fa0cd4a31acb277c202fa41ef - - - -] volume service is down. (host: rack02-server70@lvm-1)
2023-05-22 22:15:41.956 7 WARNING cinder.scheduler.host_manager [None req-faacd265-8991-4248-ac59-fcd115c0efe0 4869ead29e344427b2a66b632beafdf7 2382b97fa0cd4a31acb277c202fa41ef - - - -] volume service is down. (host: rack02-server70@lvm-1)
2023-05-22 22:15:43.268 7 WARNING cinder.scheduler.host_manager [None req-7e3473df-96e6-4a4f-8fcf-85736027b928 4869ead29e344427b2a66b632beafdf7 2382b97fa0cd4a31acb277c202fa41ef - - - -] volume service is down. (host: rack02-server70@lvm-1)
2023-05-22 22:15:45.676 7 WARNING cinder.scheduler.host_manager [None req-a0e808c1-eda5-4caa-b8f7-ee8be3b84670 4869ead29e344427b2a66b632beafdf7 2382b97fa0cd4a31acb277c202fa41ef - - - -] volume service is down. (host: rack02-server70@lvm-1)
2023-05-22 22:15:46.948 7 WARNING cinder.scheduler.host_manager [None req-5cdf803b-f263-40d9-a1fa-42732b80abc2 50443d40be024cd39e4b25bf3ef1f8cc 933842a77ebe4c23bb7dd31e627bc74d - - - -] volume service is down. (host: rack02-server70@lvm-1)
2023-05-22 22:15:46.954 7 WARNING cinder.scheduler.host_manager [None req-5cdf803b-f263-40d9-a1fa-42732b80abc2 50443d40be024cd39e4b25bf3ef1f8cc 933842a77ebe4c23bb7dd31e627bc74d - - - -] volume service is down. (host: rack02-server70@lvm-1)
2023-05-22 22:15:48.271 7 WARNING cinder.scheduler.host_manager [None req-61d7d65d-05ee-479f-abbc-a8280d7343ad 50443d40be024cd39e4b25bf3ef1f8cc 933842a77ebe4c23bb7dd31e627bc74d - - - -] volume service is down. (host: rack02-server70@lvm-1)
2023-05-22 22:15:51.865 7 WARNING cinder.scheduler.host_manager [None req-95952a66-356d-413c-a951-5d2dc923d431 d96ee32951874f9a96bb9cf1db58d98c 3bfcce27ac3446aa920e3ded4a0142c4 - - - -] volume service is down. (host: rack02-server70@lvm-1)
2023-05-22 22:15:51.871 7 WARNING cinder.scheduler.host_manager [None req-95952a66-356d-413c-a951-5d2dc923d431 d96ee32951874f9a96bb9cf1db58d98c 3bfcce27ac3446aa920e3ded4a0142c4 - - - -] volume service is down. (host: rack02-server70@lvm-1)
2023-05-22 22:15:52.801 7 WARNING cinder.scheduler.host_manager [None req-e41e90f6-e7ca-440b-a67f-b222b36e8060 50443d40be024cd39e4b25bf3ef1f8cc 933842a77ebe4c23bb7dd31e627bc74d - - - -] volume service is down. (host: rack02-server70@lvm-1)
2023-05-22 22:15:56.802 7 WARNING cinder.scheduler.host_manager [None req-26113b02-eb22-4a17-84cc-4d442bb1c8b6 e38a19d250864cd689b5fd065a685eea e9c07d8fd5f8470eb3d03cf7c50cd80b - - - -] volume service is down. (host: rack02-server70@lvm-1)
2023-05-22 22:15:56.808 7 WARNING cinder.scheduler.host_manager [None req-26113b02-eb22-4a17-84cc-4d442bb1c8b6 e38a19d250864cd689b5fd065a685eea e9c07d8fd5f8470eb3d03cf7c50cd80b - - - -] volume service is down. (host: rack02-server70@lvm-1)
2023-05-22 22:15:58.126 7 WARNING cinder.scheduler.host_manager [None req-39ba36e2-8782-4cdc-97a1-98d1ea79b234 e38a19d250864cd689b5fd065a685eea e9c07d8fd5f8470eb3d03cf7c50cd80b - - - -] volume service is down. (host: rack02-server70@lvm-1)
2023-05-22 22:15:59.140 7 WARNING cinder.scheduler.host_manager [None req-3d3ae80f-ceca-448c-9816-7925a8c8e6d0 50443d40be024cd39e4b25bf3ef1f8cc 933842a77ebe4c23bb7dd31e627bc74d - - - -] volume service is down. (host: rack02-server70@lvm-1)
2023-05-22 22:15:59.146 7 WARNING cinder.scheduler.host_manager [None req-3d3ae80f-ceca-448c-9816-7925a8c8e6d0 50443d40be024cd39e4b25bf3ef1f8cc 933842a77ebe4c23bb7dd31e627bc74d - - - -] volume service is down. (host: rack02-server70@lvm-1)
2023-05-22 22:15:59.290 7 WARNING cinder.scheduler.host_manager [None req-a7152c70-8a73-4a62-b1ee-96cb67cab0b3 fd113e189275495686a40b63b460c394 9816edda0c52484091392e63e8e8286f - - - -] volume service is down. (host: rack02-server70@lvm-1)
2023-05-22 22:16:00.395 7 WARNING cinder.scheduler.host_manager [None req-e56aff25-2b1c-4863-8743-53bff39bcadc e38a19d250864cd689b5fd065a685eea e9c07d8fd5f8470eb3d03cf7c50cd80b - - - -] volume service is down. (host: rack02-server70@lvm-1)
2023-05-22 22:16:00.470 7 WARNING cinder.scheduler.host_manager [None req-2de2fe40-c9a3-46a0-8d6b-746eb939cced 50443d40be024cd39e4b25bf3ef1f8cc 933842a77ebe4c23bb7dd31e627bc74d - - - -] volume service is down. (host: rack02-server70@lvm-1)
2023-05-22 22:16:02.866 7 WARNING cinder.scheduler.host_manager [None req-ccce370b-a1ce-4110-8063-5b04d7cbbc02 50443d40be024cd39e4b25bf3ef1f8cc 933842a77ebe4c23bb7dd31e627bc74d - - - -] volume service is down. (host: rack02-server70@lvm-1)
2023-05-22 22:16:04.480 7 WARNING cinder.scheduler.host_manager [None req-b89fe7a7-5682-4d35-9cfc-ee100dadfeba 6d125c3fe5a24f63813cd8ebc832aedc 4ee58328d7e94784bb0df367b7f6b29c - - - -] volume service is down. (host: rack02-server70@lvm-1)
2023-05-22 22:16:15.649 7 WARNING cinder.scheduler.host_manager [None req-445d7ac6-d25c-432e-a052-592ccbd3027e 50443d40be024cd39e4b25bf3ef1f8cc 933842a77ebe4c23bb7dd31e627bc74d - - - -] volume service is down. (host: rack02-server70@lvm-1)
2023-05-22 22:16:15.655 7 WARNING cinder.scheduler.host_manager [None req-445d7ac6-d25c-432e-a052-592ccbd3027e 50443d40be024cd39e4b25bf3ef1f8cc 933842a77ebe4c23bb7dd31e627bc74d - - - -] volume service is down. (host: rack02-server70@lvm-1)
2023-05-22 22:16:16.977 7 WARNING cinder.scheduler.host_manager [None req-02028572-aa4b-409f-bbdf-f767aa7b69fe 50443d40be024cd39e4b25bf3ef1f8cc 933842a77ebe4c23bb7dd31e627bc74d - - - -] volume service is down. (host: rack02-server70@lvm-1)
2023-05-22 22:16:17.594 7 WARNING cinder.scheduler.host_manager [None req-dd603466-9d64-4c8f-af3a-b12853d86049 581c09ba3b83414b84102865c4d39fab 407b1310ca464da69ac2546037ed6b90 - - - -] volume service is down. (host: rack02-server70@lvm-1)
2023-05-22 22:16:17.595 7 INFO cinder.scheduler.base_filter [None req-dd603466-9d64-4c8f-af3a-b12853d86049 581c09ba3b83414b84102865c4d39fab 407b1310ca464da69ac2546037ed6b90 - - - -] Filtering removed all hosts for the request with volume ID '5e24b627-0a15-48b1-b3ff-4148c3e4ba0b'. Filter results: AvailabilityZoneFilter: (start: 1, end: 1), CapacityFilter: (start: 1, end: 1), CapabilitiesFilter: (start: 1, end: 0)
2023-05-22 22:16:17.595 7 WARNING cinder.scheduler.filter_scheduler [None req-dd603466-9d64-4c8f-af3a-b12853d86049 581c09ba3b83414b84102865c4d39fab 407b1310ca464da69ac2546037ed6b90 - - - -] No weighed backend found for volume with properties: {'id': 'd773c926-4cbd-404a-8293-90dec6b1f92e', 'name': 'tempest-UserMessagesTest-volume-type-1081631530', 'description': None, 'is_public': True, 'projects': [], 'extra_specs': {'storage_protocol': 'tempest-storage_protocol-721752613', 'vendor_name': 'tempest-vendor_name-945604125'}, 'qos_specs_id': None, 'created_at': '2023-05-22T22:16:17.000000', 'updated_at': None, 'deleted_at': None, 'deleted': False}
2023-05-22 22:16:17.596 7 INFO cinder.message.api [None req-dd603466-9d64-4c8f-af3a-b12853d86049 581c09ba3b83414b84102865c4d39fab 407b1310ca464da69ac2546037ed6b90 - - - -] Creating message record for request_id = req-dd603466-9d64-4c8f-af3a-b12853d86049
2023-05-22 22:16:17.600 7 ERROR cinder.scheduler.flows.create_volume [None req-dd603466-9d64-4c8f-af3a-b12853d86049 581c09ba3b83414b84102865c4d39fab 407b1310ca464da69ac2546037ed6b90 - - - -] Failed to run task cinder.scheduler.flows.create_volume.ScheduleCreateVolumeTask;volume:create: No valid backend was found. No weighed backends available: cinder.exception.NoValidBackend: No valid backend was found. No weighed backends available
2023-05-22 22:16:18.704 7 WARNING cinder.scheduler.host_manager [None req-306285db-2e4a-455c-b94a-f80895a9f16a 5984f5db490b407aa231f02d9a87b9a3 97566920dfd440ac84bdb2905772cd12 - - - -] volume service is down. (host: rack02-server70@lvm-1)
2023-05-22 22:16:18.966 7 WARNING cinder.scheduler.host_manager [None req-ba9e1105-9b39-4809-b736-e3e5ea5ec13e 581c09ba3b83414b84102865c4d39fab 407b1310ca464da69ac2546037ed6b90 - - - -] volume service is down. (host: rack02-server70@lvm-1)
2023-05-22 22:16:18.967 7 INFO cinder.scheduler.base_filter [None req-ba9e1105-9b39-4809-b736-e3e5ea5ec13e 581c09ba3b83414b84102865c4d39fab 407b1310ca464da69ac2546037ed6b90 - - - -] Filtering removed all hosts for the request with volume ID 'ac3b1cd9-5f24-46a4-8fc4-8c0d90502857'. Filter results: AvailabilityZoneFilter: (start: 1, end: 1), CapacityFilter: (start: 1, end: 1), CapabilitiesFilter: (start: 1, end: 0)
2023-05-22 22:16:18.967 7 WARNING cinder.scheduler.filter_scheduler [None req-ba9e1105-9b39-4809-b736-e3e5ea5ec13e 581c09ba3b83414b84102865c4d39fab 407b1310ca464da69ac2546037ed6b90 - - - -] No weighed backend found for volume with properties: {'id': '2006e37d-8a98-4ad3-bce0-b7fce92d4c7a', 'name': 'tempest-UserMessagesTest-volume-type-455407092', 'description': None, 'is_public': True, 'projects': [], 'extra_specs': {'storage_protocol': 'tempest-storage_protocol-1254571363', 'vendor_name': 'tempest-vendor_name-144622991'}, 'qos_specs_id': None, 'created_at': '2023-05-22T22:16:18.000000', 'updated_at': None, 'deleted_at': None, 'deleted': False}
2023-05-22 22:16:18.968 7 INFO cinder.message.api [None req-ba9e1105-9b39-4809-b736-e3e5ea5ec13e 581c09ba3b83414b84102865c4d39fab 407b1310ca464da69ac2546037ed6b90 - - - -] Creating message record for request_id = req-ba9e1105-9b39-4809-b736-e3e5ea5ec13e
2023-05-22 22:16:18.972 7 ERROR cinder.scheduler.flows.create_volume [None req-ba9e1105-9b39-4809-b736-e3e5ea5ec13e 581c09ba3b83414b84102865c4d39fab 407b1310ca464da69ac2546037ed6b90 - - - -] Failed to run task cinder.scheduler.flows.create_volume.ScheduleCreateVolumeTask;volume:create: No valid backend was found. No weighed backends available: cinder.exception.NoValidBackend: No valid backend was found. No weighed backends available
2023-05-22 22:16:20.954 7 WARNING cinder.scheduler.host_manager [None req-3346de12-3aed-4a8e-b5c1-86f5d52efac7 5984f5db490b407aa231f02d9a87b9a3 97566920dfd440ac84bdb2905772cd12 - - - -] volume service is down. (host: rack02-server70@lvm-1)
2023-05-22 22:16:32.910 7 WARNING cinder.scheduler.host_manager [None req-a67f6d11-843c-43e7-bab2-0e1dbfbef5c8 bc9790d1dc6e45549f0dece7bf8e4ea0 ca9d71b084ba455bb0859f0d4de0b6fb - - - -] volume service is down. (host: rack02-server70@lvm-1)
2023-05-22 22:16:34.501 7 WARNING cinder.scheduler.host_manager [None req-130cbab7-f7f7-4237-a4fa-ef0430951e5c 2046ac59b27c4c69892175f2bc199c59 cde541995c6b4a0fbd1964918617d483 - - - -] volume service is down. (host: rack02-server70@lvm-1)
2023-05-22 22:16:36.450 7 WARNING cinder.scheduler.host_manager [None req-cd85cc46-f5bc-4e76-adc1-ee2c87531b68 bc9790d1dc6e45549f0dece7bf8e4ea0 ca9d71b084ba455bb0859f0d4de0b6fb - - - -] volume service is down. (host: rack02-server70@lvm-1)
2023-05-22 22:16:36.769 7 WARNING cinder.scheduler.host_manager [None req-f51db85f-7879-4803-bbef-dd8b04c59c56 2046ac59b27c4c69892175f2bc199c59 cde541995c6b4a0fbd1964918617d483 - - - -] volume service is down. (host: rack02-server70@lvm-1)
2023-05-22 22:16:37.457 7 WARNING cinder.scheduler.host_manager [None req-39057218-771b-4c74-8b00-a0e816a1cbdc c26ba9e358cd470eb313f10a96453c79 85f259b29c6947629d7bc388a8f7a767 - - - -] volume service is down. (host: rack02-server70@lvm-1)
2023-05-22 22:16:39.147 7 WARNING cinder.scheduler.host_manager [None req-d503ede8-99e2-4d3a-9034-84f223b0f3e4 2046ac59b27c4c69892175f2bc199c59 cde541995c6b4a0fbd1964918617d483 - - - -] volume service is down. (host: rack02-server70@lvm-1)
2023-05-22 22:16:42.574 7 WARNING cinder.scheduler.host_manager [None req-aabe7cae-6f62-4d43-8303-b4d74d46657b 2046ac59b27c4c69892175f2bc199c59 cde541995c6b4a0fbd1964918617d483 - - - -] volume service is down. (host: rack02-server70@lvm-1)
2023-05-22 22:16:42.876 7 WARNING cinder.scheduler.host_manager [None req-e25bd58a-f4b5-471a-b137-ef3028fa85eb c26ba9e358cd470eb313f10a96453c79 85f259b29c6947629d7bc388a8f7a767 - - - -] volume service is down. (host: rack02-server70@lvm-1)
2023-05-22 22:16:45.997 7 WARNING cinder.scheduler.host_manager [None req-9d2a8d5c-ba4b-49a7-83da-8cebfa20b6be 2046ac59b27c4c69892175f2bc199c59 cde541995c6b4a0fbd1964918617d483 - - - -] volume service is down. (host: rack02-server70@lvm-1)
2023-05-22 22:16:46.414 7 WARNING cinder.scheduler.host_manager [None req-8de25f9a-b067-4251-a8d7-4af2fe51dcae c26ba9e358cd470eb313f10a96453c79 85f259b29c6947629d7bc388a8f7a767 - - - -] volume service is down. (host: rack02-server70@lvm-1)
2023-05-22 22:16:46.581 7 WARNING cinder.scheduler.host_manager [None req-58d593d6-977c-45a3-b7fa-07c2f9d30c30 17185dc27fe34495a26deb41831747ea 2da5d4a6a29d4f21be5cbdb881d6a546 - - - -] volume service is down. (host: rack02-server70@lvm-1)
2023-05-22 22:16:49.424 7 WARNING cinder.scheduler.host_manager [None req-685ce1d2-06a1-4a55-b24d-822b32bc888d 2046ac59b27c4c69892175f2bc199c59 cde541995c6b4a0fbd1964918617d483 - - - -] volume service is down. (host: rack02-server70@lvm-1)
2023-05-22 22:16:49.989 7 WARNING cinder.scheduler.host_manager [None req-e883084d-a1d1-4630-8533-aa1139d32c72 c26ba9e358cd470eb313f10a96453c79 85f259b29c6947629d7bc388a8f7a767 - - - -] volume service is down. (host: rack02-server70@lvm-1)
2023-05-22 22:16:53.571 7 WARNING cinder.scheduler.host_manager [None req-5cc22a41-aa19-4412-9793-faf3ca88c550 c26ba9e358cd470eb313f10a96453c79 85f259b29c6947629d7bc388a8f7a767 - - - -] volume service is down. (host: rack02-server70@lvm-1)
2023-05-22 22:16:57.154 7 WARNING cinder.scheduler.host_manager [None req-ea225fd0-6e8e-468e-bda5-3f92de36fecc c26ba9e358cd470eb313f10a96453c79 85f259b29c6947629d7bc388a8f7a767 - - - -] volume service is down. (host: rack02-server70@lvm-1)
2023-05-22 22:17:05.263 7 WARNING cinder.scheduler.host_manager [None req-0c8b65e3-4bc1-4e85-b68c-d270a615038b aa59325b0dad4febb70201783ce71f33 9029a67e6f7849629b470b8ad751a2ad - - - -] volume service is down. (host: rack02-server70@lvm-1)
2023-05-22 22:17:05.327 7 WARNING cinder.scheduler.host_manager [None req-6e70b44c-95aa-4941-8565-729bd6fbe3fb 4faef960909e4b89b3f414ca01121c27 ea5cbed442f249b5b3693af1ceccdadc - - - -] volume service is down. (host: rack02-server70@lvm-1)
2023-05-22 22:17:06.643 7 WARNING cinder.scheduler.host_manager [None req-991c7ad9-4c0f-4b23-88f4-6b594f260066 cc4819aaab704f0e976525d5bde98e23 17f6b5baf57f47cb95452e9cfb00e70a - - - -] volume service is down. (host: rack02-server70@lvm-1)
2023-05-22 22:17:07.505 7 WARNING cinder.scheduler.host_manager [None req-316d5be8-c314-4690-a5d0-a0c44ffe0933 aa59325b0dad4febb70201783ce71f33 9029a67e6f7849629b470b8ad751a2ad - - - -] volume service is down. (host: rack02-server70@lvm-1)
2023-05-22 22:17:08.965 7 WARNING cinder.scheduler.host_manager [None req-d02387ca-5f0f-4381-83f2-1eede5ae5ab8 cc4819aaab704f0e976525d5bde98e23 17f6b5baf57f47cb95452e9cfb00e70a - - - -] volume service is down. (host: rack02-server70@lvm-1)
2023-05-22 22:17:12.019 7 WARNING cinder.scheduler.host_manager [None req-38c7a07a-c6f1-467e-8aa3-36f4823ed5c8 586b169256fe472bb4368117f3c872f6 bee8210429bd4a0eb02080a51ba41086 - - - -] volume service is down. (host: rack02-server70@lvm-1)
2023-05-22 22:17:18.916 7 WARNING cinder.scheduler.host_manager [None req-20c1df27-46e3-414f-a374-7c785f667901 6bcae4b24c804cd895095a98a2b1f1ae 4669592c3ea440a29c9ea6692b18f97f - - - -] volume service is down. (host: rack02-server70@lvm-1)
2023-05-22 22:17:21.478 7 WARNING cinder.scheduler.host_manager [None req-0d58e26a-cb12-4fe8-a4a9-1791a63cd954 9b383692d46640a9bb3f5184e219250f ba4fdec7044d4f2c958130716722aa40 - - - -] volume service is down. (host: rack02-server70@lvm-1)
2023-05-22 22:17:25.829 7 WARNING cinder.scheduler.host_manager [None req-e293c293-cad9-4d06-8af2-a90bd525d67b 9b383692d46640a9bb3f5184e219250f ba4fdec7044d4f2c958130716722aa40 - - - -] volume service is down. (host: rack02-server70@lvm-1)
2023-05-22 22:17:33.018 7 WARNING cinder.scheduler.host_manager [None req-5fdef2f8-7f7e-4d8b-bf1d-da0bdc566bb7 5c0f34d698314cd88211c86390e12244 9c424cd1f9894462b5c248efa892e9d6 - - - -] volume service is down. (host: rack02-server70@lvm-1)
2023-05-22 22:17:34.102 7 WARNING cinder.scheduler.host_manager [None req-aec39db7-1fd2-4e67-89c5-1b06a1de214e a50f35df92da467fbd605722355b6043 b0654457b7c149d4a7c28c790f4490a5 - - - -] volume service is down. (host: rack02-server70@lvm-1)
2023-05-22 22:17:36.475 7 WARNING cinder.scheduler.host_manager [None req-927cb2d7-5bfb-429e-bfc4-42116f2739df a50f35df92da467fbd605722355b6043 b0654457b7c149d4a7c28c790f4490a5 - - - -] volume service is down. (host: rack02-server70@lvm-1)
2023-05-22 22:17:38.876 7 WARNING cinder.scheduler.host_manager [None req-4702ba99-c99a-44c7-8d7d-c917dcf7243b a50f35df92da467fbd605722355b6043 b0654457b7c149d4a7c28c790f4490a5 - - - -] volume service is down. (host: rack02-server70@lvm-1)
2023-05-22 22:17:41.346 7 WARNING cinder.scheduler.host_manager [None req-52121aef-7a07-491b-8da5-fd691077edd8 125204a21622493189a9e20338cf0228 27e7c28c665546bba5a63f4065fd8c82 - - - -] volume service is down. (host: rack02-server70@lvm-1)
2023-05-22 22:17:41.436 7 WARNING cinder.scheduler.host_manager [None req-08dd1bc7-ba3c-43eb-8338-293cbe00bd67 1cc6af6e85f24503a9f9d3ae845d2a4a ec4cd47a6f5047689e99b08523538daf - - - -] volume service is down. (host: rack02-server70@lvm-1)
2023-05-22 22:17:51.167 7 WARNING cinder.scheduler.host_manager [None req-3dd96c76-ca16-4ac4-8f9b-ccc3fb1be92b 125204a21622493189a9e20338cf0228 27e7c28c665546bba5a63f4065fd8c82 - - - -] volume service is down. (host: rack02-server70@lvm-1)
2023-05-22 22:17:56.278 7 WARNING cinder.scheduler.host_manager [None req-57aa5357-b5b7-4e1a-8c90-31f9e2027015 1a247942133f406fa6460e1d724a45e0 6f5f15f0599940c89da333106d44edec - - - -] volume service is down. (host: rack02-server70@lvm-1)
2023-05-22 22:17:58.022 7 WARNING cinder.scheduler.host_manager [None req-41d86380-fdd4-46ae-8df2-30f4cd1d0f19 84a430be7b7c4bac8ec8f4e8aabf6786 878f35f5f11143cf83065d939916d186 - - - -] volume service is down. (host: rack02-server70@lvm-1)
2023-05-22 22:18:00.390 7 WARNING cinder.scheduler.host_manager [None req-8d5f4c6a-8709-401f-9737-e517c7256d7a 84a430be7b7c4bac8ec8f4e8aabf6786 878f35f5f11143cf83065d939916d186 - - - -] volume service is down. (host: rack02-server70@lvm-1)
2023-05-22 22:18:00.644 7 WARNING cinder.scheduler.host_manager [None req-27ec97d6-e3d3-452b-bf2b-85ec3d343a2c e0b49bc785ba45d099daedff9624885f 40d445b5b4de476bb9559246e6e47e60 - - - -] volume service is down. (host: rack02-server70@lvm-1)
2023-05-22 22:18:02.765 7 WARNING cinder.scheduler.host_manager [None req-b9e5e51d-d31e-435a-ad04-13298888c84b 84a430be7b7c4bac8ec8f4e8aabf6786 878f35f5f11143cf83065d939916d186 - - - -] volume service is down. (host: rack02-server70@lvm-1)
2023-05-22 22:18:12.228 7 WARNING cinder.scheduler.host_manager [None req-ecf3ee9c-721a-43b3-b586-63e7ee667eec c57540725b2547ab8933cb40f245701f a7f3323aaa1d4f42867c360aefef21b3 - - - -] volume service is down. (host: rack02-server70@lvm-1)
2023-05-22 22:18:12.300 7 WARNING cinder.scheduler.host_manager [None req-279c1cfd-073c-4d16-ae17-69525113ece9 e0b49bc785ba45d099daedff9624885f 40d445b5b4de476bb9559246e6e47e60 - - - -] volume service is down. (host: rack02-server70@lvm-1)
2023-05-22 22:18:12.405 7 WARNING cinder.scheduler.host_manager [None req-5f0ef183-31a8-409d-ab6b-495ff13bf102 ec3f928974c94568b0487043ba61d617 06a3eab5b131450fb358b293612dcd04 - - - -] volume service is down. (host: rack02-server70@lvm-1)
2023-05-22 22:18:13.660 7 WARNING cinder.scheduler.host_manager [None req-bff85cef-6aa9-4840-80fb-194964e90811 e0b49bc785ba45d099daedff9624885f 40d445b5b4de476bb9559246e6e47e60 - - - -] volume service is down. (host: rack02-server70@lvm-1)
2023-05-22 22:18:14.473 7 WARNING cinder.scheduler.host_manager [None req-c5fb4e63-9e03-497a-a8ab-2669a84e39b6 c57540725b2547ab8933cb40f245701f a7f3323aaa1d4f42867c360aefef21b3 - - - -] volume service is down. (host: rack02-server70@lvm-1)
2023-05-22 22:18:15.904 7 WARNING cinder.scheduler.host_manager [None req-6f64ea46-0648-46f3-a1f4-5ef299cc9591 e0b49bc785ba45d099daedff9624885f 40d445b5b4de476bb9559246e6e47e60 - - - -] volume service is down. (host: rack02-server70@lvm-1)
2023-05-22 22:18:16.676 7 WARNING cinder.scheduler.host_manager [None req-bd59a6f0-3101-48c5-983d-3feb6a94a00b c57540725b2547ab8933cb40f245701f a7f3323aaa1d4f42867c360aefef21b3 - - - -] volume service is down. (host: rack02-server70@lvm-1)
2023-05-22 22:18:18.095 7 WARNING cinder.scheduler.host_manager [None req-923b7962-d540-4cce-881d-aad469445421 e0b49bc785ba45d099daedff9624885f 40d445b5b4de476bb9559246e6e47e60 - - - -] volume service is down. (host: rack02-server70@lvm-1)
2023-05-22 22:18:20.151 7 WARNING cinder.scheduler.host_manager [None req-e63190f7-6ded-4f9e-91d0-1411b9b342c0 c57540725b2547ab8933cb40f245701f a7f3323aaa1d4f42867c360aefef21b3 - - - -] volume service is down. (host: rack02-server70@lvm-1)
2023-05-22 22:18:22.389 7 WARNING cinder.scheduler.host_manager [None req-72c66fda-0ef6-4a82-9a0f-4883bcd3f80a c57540725b2547ab8933cb40f245701f a7f3323aaa1d4f42867c360aefef21b3 - - - -] volume service is down. (host: rack02-server70@lvm-1)
2023-05-22 22:18:24.747 7 WARNING cinder.scheduler.host_manager [None req-32e5c6dc-ec37-4cd3-a9f2-a8509e9ba9c4 c57540725b2547ab8933cb40f245701f a7f3323aaa1d4f42867c360aefef21b3 - - - -] volume service is down. (host: rack02-server70@lvm-1)
2023-05-22 22:18:25.720 7 WARNING cinder.scheduler.host_manager [None req-d17c928c-01af-4175-b28f-8c0ed75ecee2 cb0255e56ff24d7eab175b83d01dec6c c7fdf6bf210b4c7580543a189223f420 - - - -] volume service is down. (host: rack02-server70@lvm-1)
2023-05-22 22:18:26.691 7 WARNING cinder.scheduler.host_manager [None req-232139dd-3054-4ce2-85e5-148b0511bf28 a58fd04f614148e9b79f72060222edcf eea8339a430a4fdda4e40330e032068c - - - -] volume service is down. (host: rack02-server70@lvm-1)
2023-05-22 22:18:28.229 7 WARNING cinder.scheduler.host_manager [None req-2bd7d62d-be1d-4b96-8bb5-0d1734828500 cb0255e56ff24d7eab175b83d01dec6c c7fdf6bf210b4c7580543a189223f420 - - - -] volume service is down. (host: rack02-server70@lvm-1)
2023-05-22 22:18:32.840 7 WARNING cinder.scheduler.host_manager [None req-1c721093-c517-4b44-8948-8de0312a3188 cb0255e56ff24d7eab175b83d01dec6c c7fdf6bf210b4c7580543a189223f420 - - - -] volume service is down. (host: rack02-server70@lvm-1)
2023-05-22 22:18:34.302 7 WARNING cinder.scheduler.host_manager [None req-710e93ee-3ed2-4058-ad6b-02f8839fe84e a58fd04f614148e9b79f72060222edcf eea8339a430a4fdda4e40330e032068c - - - -] volume service is down. (host: rack02-server70@lvm-1)
2023-05-22 22:18:35.186 7 WARNING cinder.scheduler.host_manager [None req-84d5bf6a-b6f5-4b29-a3ba-b83a402656c3 cb0255e56ff24d7eab175b83d01dec6c c7fdf6bf210b4c7580543a189223f420 - - - -] volume service is down. (host: rack02-server70@lvm-1)
2023-05-22 22:18:35.427 7 WARNING cinder.scheduler.host_manager [None req-ce93a030-eb57-4fa3-98be-c36c89b67f29 2341b339df1b4853a551bea83f8b1752 f343130966334c02b4fe7371044cacab - - - -] volume service is down. (host: rack02-server70@lvm-1)
2023-05-22 22:18:37.711 7 WARNING cinder.scheduler.host_manager [None req-c7d6827b-924f-4c13-bb48-520954d28d92 cb0255e56ff24d7eab175b83d01dec6c c7fdf6bf210b4c7580543a189223f420 - - - -] volume service is down. (host: rack02-server70@lvm-1)
2023-05-22 22:18:39.642 7 WARNING cinder.scheduler.host_manager [None req-9e718084-7899-494d-9650-f4f4ec3a6af2 2341b339df1b4853a551bea83f8b1752 f343130966334c02b4fe7371044cacab - - - -] volume service is down. (host: rack02-server70@lvm-1)
2023-05-22 22:18:41.381 7 WARNING cinder.scheduler.host_manager [None req-9f17b57d-04f8-4024-bdcb-613233cd7218 cb0255e56ff24d7eab175b83d01dec6c c7fdf6bf210b4c7580543a189223f420 - - - -] volume service is down. (host: rack02-server70@lvm-1)
2023-05-22 22:18:46.867 7 WARNING cinder.scheduler.host_manager [None req-316a876c-013f-47ce-849e-b7433ed497e2 b26c853bd5d2460d8c86526085ba0214 790ed4ed3daf4860ae4dd20853c81d26 - - - -] volume service is down. (host: rack02-server70@lvm-1)
2023-05-22 22:18:47.376 7 WARNING cinder.scheduler.host_manager [None req-3ec61880-2fa9-427e-9914-7e6a099b3fef a58fd04f614148e9b79f72060222edcf eea8339a430a4fdda4e40330e032068c - - - -] volume service is down. (host: rack02-server70@lvm-1)
2023-05-22 22:18:49.598 7 WARNING cinder.scheduler.host_manager [None req-c1383069-92fb-48be-9c56-f38c138f1161 a58fd04f614148e9b79f72060222edcf eea8339a430a4fdda4e40330e032068c - - - -] volume service is down. (host: rack02-server70@lvm-1)
2023-05-22 22:18:51.812 7 WARNING cinder.scheduler.host_manager [None req-09291c25-23bf-46a8-bb1e-08508dced805 a58fd04f614148e9b79f72060222edcf eea8339a430a4fdda4e40330e032068c - - - -] volume service is down. (host: rack02-server70@lvm-1)
2023-05-22 22:18:53.331 7 WARNING cinder.scheduler.host_manager [None req-7458d978-2207-44ca-983f-5df24d4ae5ff cb0255e56ff24d7eab175b83d01dec6c c7fdf6bf210b4c7580543a189223f420 - - - -] volume service is down. (host: rack02-server70@lvm-1)
2023-05-22 22:18:58.673 7 WARNING cinder.scheduler.host_manager [None req-f81aff63-8aa8-4c61-b34f-404de45690d2 b26c853bd5d2460d8c86526085ba0214 790ed4ed3daf4860ae4dd20853c81d26 - - - -] volume service is down. (host: rack02-server70@lvm-1)
2023-05-22 22:19:00.847 7 WARNING cinder.scheduler.host_manager [None req-ed7150aa-8513-4325-88df-de4e58004101 a58fd04f614148e9b79f72060222edcf eea8339a430a4fdda4e40330e032068c - - - -] volume service is down. (host: rack02-server70@lvm-1)
2023-05-22 22:19:02.123 7 WARNING cinder.scheduler.host_manager [None req-86c81e5b-0561-4e70-aa08-b73c52fa2691 b26c853bd5d2460d8c86526085ba0214 790ed4ed3daf4860ae4dd20853c81d26 - - - -] volume service is down. (host: rack02-server70@lvm-1)
2023-05-22 22:19:02.126 7 WARNING cinder.scheduler.host_manager [None req-67915bcc-ccba-4983-a47b-7a881ef6d4a7 07229487372e49b78129004fe37436c3 cde82401b46f4846a1e5cb5474cadf3f - - - -] volume service is down. (host: rack02-server70@lvm-1)
2023-05-22 22:19:04.271 7 WARNING cinder.scheduler.host_manager [None req-cb4268bf-f43b-428a-979b-53154cab6823 a58fd04f614148e9b79f72060222edcf eea8339a430a4fdda4e40330e032068c - - - -] volume service is down. (host: rack02-server70@lvm-1)
2023-05-22 22:19:04.333 7 WARNING cinder.scheduler.host_manager [None req-b2a0d4c6-8644-4579-b721-9c9c81089757 07229487372e49b78129004fe37436c3 cde82401b46f4846a1e5cb5474cadf3f - - - -] volume service is down. (host: rack02-server70@lvm-1)
2023-05-22 22:19:04.441 7 WARNING cinder.scheduler.host_manager [None req-e9ba4199-c885-4079-9acf-dc9e9ab8bb53 b26c853bd5d2460d8c86526085ba0214 790ed4ed3daf4860ae4dd20853c81d26 - - - -] volume service is down. (host: rack02-server70@lvm-1)
2023-05-22 22:19:13.041 7 WARNING cinder.scheduler.host_manager [None req-d3d03493-5b14-448e-81c3-26dab41db74d a58fd04f614148e9b79f72060222edcf eea8339a430a4fdda4e40330e032068c - - - -] volume service is down. (host: rack02-server70@lvm-1)
2023-05-22 22:19:15.251 7 WARNING cinder.scheduler.host_manager [None req-fa814a29-8b03-47ce-9b9a-35e31c884160 a58fd04f614148e9b79f72060222edcf eea8339a430a4fdda4e40330e032068c - - - -] volume service is down. (host: rack02-server70@lvm-1)
2023-05-22 22:19:24.367 7 WARNING cinder.scheduler.host_manager [None req-99c0ec39-f765-42f1-943b-4e56e4b59f02 a58fd04f614148e9b79f72060222edcf eea8339a430a4fdda4e40330e032068c - - - -] volume service is down. (host: rack02-server70@lvm-1)
2023-05-22 22:19:26.603 7 WARNING cinder.scheduler.host_manager [None req-51d69f26-8c86-42b8-b0b5-fb8b7e4990ab a58fd04f614148e9b79f72060222edcf eea8339a430a4fdda4e40330e032068c - - - -] volume service is down. (host: rack02-server70@lvm-1)
2023-05-22 22:19:28.964 7 WARNING cinder.scheduler.host_manager [None req-bfaf54e5-093f-4cf1-b3ed-4eacd51b95a8 a58fd04f614148e9b79f72060222edcf eea8339a430a4fdda4e40330e032068c - - - -] volume service is down. (host: rack02-server70@lvm-1)
2023-05-22 22:19:32.466 7 WARNING cinder.scheduler.host_manager [None req-b52e272e-e49c-4459-b5d8-9a3d677153b3 a58fd04f614148e9b79f72060222edcf eea8339a430a4fdda4e40330e032068c - - - -] volume service is down. (host: rack02-server70@lvm-1)
2023-05-22 22:19:34.701 7 WARNING cinder.scheduler.host_manager [None req-263d029c-d93d-4830-889f-997247b5fa8a a58fd04f614148e9b79f72060222edcf eea8339a430a4fdda4e40330e032068c - - - -] volume service is down. (host: rack02-server70@lvm-1)
2023-05-22 22:19:37.042 7 WARNING cinder.scheduler.host_manager [None req-1ba4b8ad-ec9d-4f46-90e8-295a50f02db1 a58fd04f614148e9b79f72060222edcf eea8339a430a4fdda4e40330e032068c - - - -] volume service is down. (host: rack02-server70@lvm-1)
2023-05-22 22:19:50.546 7 WARNING cinder.scheduler.host_manager [None req-0b666eb6-18a8-4ab1-90f2-013960199193 9b03eec25ffc4ca1ac4f520cb4af03b8 e185b24a381c4e4bbeba7ca09ca1a8b3 - - - -] volume service is down. (host: rack02-server70@lvm-1)
2023-05-22 22:19:52.793 7 WARNING cinder.scheduler.host_manager [None req-fd3b4931-edac-446a-a30f-bd968ffb48ae 9b03eec25ffc4ca1ac4f520cb4af03b8 e185b24a381c4e4bbeba7ca09ca1a8b3 - - - -] volume service is down. (host: rack02-server70@lvm-1)
2023-05-22 22:19:54.991 7 WARNING cinder.scheduler.host_manager [None req-85dcebf5-12b3-4c85-a7df-3070708c5101 9b03eec25ffc4ca1ac4f520cb4af03b8 e185b24a381c4e4bbeba7ca09ca1a8b3 - - - -] volume service is down. (host: rack02-server70@lvm-1)
2023-05-22 22:19:57.191 7 WARNING cinder.scheduler.host_manager [None req-1243fa00-6eb5-435a-8f68-db6f7af10da1 9b03eec25ffc4ca1ac4f520cb4af03b8 e185b24a381c4e4bbeba7ca09ca1a8b3 - - - -] volume service is down. (host: rack02-server70@lvm-1)
2023-05-22 22:20:12.660 7 WARNING cinder.scheduler.host_manager [None req-f38b226a-dbc9-4316-95b6-b4c806642a22 e7a23f3b83e94a3ebbee8347e4d6a1b7 1b24448ff5b641898cf6774885d78a15 - - - -] volume service is down. (host: rack02-server70@lvm-1)
2023-05-22 22:20:12.706 7 WARNING cinder.scheduler.host_manager [None req-c22c0b22-e64f-42c1-9f70-c9ced8a62fee 75efe0ad49e54e9980063f76fe9e50ed 45f40ccce74f446aaeb0698eb6642f8a - - - -] volume service is down. (host: rack02-server70@lvm-1)
2023-05-22 22:20:12.745 7 WARNING cinder.scheduler.host_manager [None req-e9a88867-e423-49ab-8ee8-23f2b475065a efcaf2707c7f46ba8f32ffb417cdaa98 7ab5ba3c83dd413b94cb97b822774c56 - - - -] volume service is down. (host: rack02-server70@lvm-1)
2023-05-22 22:20:12.830 7 WARNING cinder.scheduler.host_manager [None req-40e6e4c3-62e1-4d7e-a6e2-4c81d3d741c4 e7a23f3b83e94a3ebbee8347e4d6a1b7 1b24448ff5b641898cf6774885d78a15 - - - -] volume service is down. (host: rack02-server70@lvm-1)
2023-05-22 22:20:13.013 7 WARNING cinder.scheduler.host_manager [None req-2973d509-7e5d-4f32-ac04-02320d21be0d e7a23f3b83e94a3ebbee8347e4d6a1b7 1b24448ff5b641898cf6774885d78a15 - - - -] volume service is down. (host: rack02-server70@lvm-1)
2023-05-22 22:20:13.202 7 WARNING cinder.scheduler.host_manager [None req-c370e524-ca16-45a2-b881-69a5e0384221 e7a23f3b83e94a3ebbee8347e4d6a1b7 1b24448ff5b641898cf6774885d78a15 - - - -] volume service is down. (host: rack02-server70@lvm-1)
2023-05-22 22:20:13.407 7 WARNING cinder.scheduler.host_manager [None req-8d9f4d3a-0a01-4ccc-adef-f56b2ccdbe9f e7a23f3b83e94a3ebbee8347e4d6a1b7 1b24448ff5b641898cf6774885d78a15 - - - -] volume service is down. (host: rack02-server70@lvm-1)
2023-05-22 22:20:13.829 7 WARNING cinder.scheduler.host_manager [None req-ba866050-e9e4-4071-ac40-a24b02b518dd 75efe0ad49e54e9980063f76fe9e50ed 45f40ccce74f446aaeb0698eb6642f8a - - - -] volume service is down. (host: rack02-server70@lvm-1)
2023-05-22 22:20:14.977 7 WARNING cinder.scheduler.host_manager [None req-95cda54d-df4e-47c7-b015-191ad646ed14 efcaf2707c7f46ba8f32ffb417cdaa98 7ab5ba3c83dd413b94cb97b822774c56 - - - -] volume service is down. (host: rack02-server70@lvm-1)
2023-05-22 22:20:15.156 7 WARNING cinder.scheduler.host_manager [None req-1af73513-65ca-49b3-b4ae-c5fe3ea1fb10 efcaf2707c7f46ba8f32ffb417cdaa98 7ab5ba3c83dd413b94cb97b822774c56 - - - -] volume service is down. (host: rack02-server70@lvm-1)
2023-05-22 22:20:15.348 7 WARNING cinder.scheduler.host_manager [None req-e386c619-05b3-4edc-b207-9d56f358bb83 efcaf2707c7f46ba8f32ffb417cdaa98 7ab5ba3c83dd413b94cb97b822774c56 - - - -] volume service is down. (host: rack02-server70@lvm-1)
2023-05-22 22:20:15.528 7 WARNING cinder.scheduler.host_manager [None req-35bd098a-7ec4-45b1-aca3-c926a4256641 efcaf2707c7f46ba8f32ffb417cdaa98 7ab5ba3c83dd413b94cb97b822774c56 - - - -] volume service is down. (host: rack02-server70@lvm-1)
2023-05-22 22:20:15.712 7 WARNING cinder.scheduler.host_manager [None req-62fb80a2-c25e-4998-854f-a8d0d1a46b10 efcaf2707c7f46ba8f32ffb417cdaa98 7ab5ba3c83dd413b94cb97b822774c56 - - - -] volume service is down. (host: rack02-server70@lvm-1)
2023-05-22 22:20:16.119 7 WARNING cinder.scheduler.host_manager [None req-9a40e7df-c0b4-4a28-b503-3512afe02a08 75efe0ad49e54e9980063f76fe9e50ed 45f40ccce74f446aaeb0698eb6642f8a - - - -] volume service is down. (host: rack02-server70@lvm-1)
2023-05-22 22:20:16.304 7 WARNING cinder.scheduler.host_manager [None req-e6adf6eb-3022-4fd0-a851-b4e85adfa4da 75efe0ad49e54e9980063f76fe9e50ed 45f40ccce74f446aaeb0698eb6642f8a - - - -] volume service is down. (host: rack02-server70@lvm-1)
2023-05-22 22:20:16.487 7 WARNING cinder.scheduler.host_manager [None req-781f0663-7a6d-4793-adf6-b79bc60cba80 75efe0ad49e54e9980063f76fe9e50ed 45f40ccce74f446aaeb0698eb6642f8a - - - -] volume service is down. (host: rack02-server70@lvm-1)
2023-05-22 22:20:16.689 7 WARNING cinder.scheduler.host_manager [None req-2dc6a3d9-2c31-4c63-baf6-1df0293aac7f 75efe0ad49e54e9980063f76fe9e50ed 45f40ccce74f446aaeb0698eb6642f8a - - - -] volume service is down. (host: rack02-server70@lvm-1)
2023-05-22 22:20:17.157 7 WARNING cinder.scheduler.host_manager [None req-0bd58755-3240-4c12-a89f-392d21371641 75efe0ad49e54e9980063f76fe9e50ed 45f40ccce74f446aaeb0698eb6642f8a - - - -] volume service is down. (host: rack02-server70@lvm-1)
2023-05-22 22:20:23.364 7 WARNING cinder.scheduler.host_manager [None req-00a3edc5-aead-4054-834f-0afc62ea60e3 bc5ba9f368c846c59122df6f758e673b daee61b82c75497389c4ea723965357d - - - -] volume service is down. (host: rack02-server70@lvm-1)
2023-05-22 22:20:25.756 7 WARNING cinder.scheduler.host_manager [None req-54660a16-0e77-4649-bb3e-fa2d28505984 bc5ba9f368c846c59122df6f758e673b daee61b82c75497389c4ea723965357d - - - -] volume service is down. (host: rack02-server70@lvm-1)
2023-05-22 22:20:28.042 7 WARNING cinder.scheduler.host_manager [None req-36d360ed-4a99-45c9-a0a6-075e6662106f bc5ba9f368c846c59122df6f758e673b daee61b82c75497389c4ea723965357d - - - -] volume service is down. (host: rack02-server70@lvm-1)
