Build Started 04_08_2022_03_47_37
2022-08-04 06:50:15.813 7 WARNING cinder.scheduler.host_manager [req-2a73747f-750d-4d5b-9428-9b5ee6c3a46a ab1376cbc51b4b49be00abc8aaeaabde 2279666025ce4b2590b4a1b95eb293f1 - - -] volume service is down. (host: rack03-server59@lvm-1)
2022-08-04 06:50:15.907 7 WARNING cinder.scheduler.host_manager [req-5aabd5be-0c77-461e-98a9-d07d961fb889 9c9b9aa7758f40a6948e21015f970080 300c9a6ce69f4a6f9fe77d84a1233623 - - -] volume service is down. (host: rack03-server59@lvm-1)
2022-08-04 06:50:15.916 7 WARNING cinder.scheduler.host_manager [req-e1500117-5c49-45f4-b7da-35a27c5951af 921e1f7c27994d77a1afb06fcbc27e87 3dce240de4084b63862e747bae095e50 - - -] volume service is down. (host: rack03-server59@lvm-1)
2022-08-04 06:50:17.359 7 WARNING cinder.scheduler.host_manager [req-701e60dd-74c0-42f0-8aa3-8b445b4a0c6d ab1376cbc51b4b49be00abc8aaeaabde 2279666025ce4b2590b4a1b95eb293f1 - - -] volume service is down. (host: rack03-server59@lvm-1)
2022-08-04 06:50:21.776 7 WARNING cinder.scheduler.host_manager [req-bf39bb34-0581-4a73-8b6d-d5e715fc4406 159a23e317ab430cabfc0b5dadb2b316 ef708c9fc03044f280c599eca2ec1fd0 - - -] volume service is down. (host: rack03-server59@lvm-1)
2022-08-04 06:50:23.252 7 WARNING cinder.scheduler.host_manager [req-e589bbd1-23fd-45a4-bc1a-5f1d49ae3750 159a23e317ab430cabfc0b5dadb2b316 ef708c9fc03044f280c599eca2ec1fd0 - - -] volume service is down. (host: rack03-server59@lvm-1)
2022-08-04 06:50:25.806 7 WARNING cinder.scheduler.host_manager [req-3b5a8965-50ea-48f5-b10b-5cfbd215df66 159a23e317ab430cabfc0b5dadb2b316 ef708c9fc03044f280c599eca2ec1fd0 - - -] volume service is down. (host: rack03-server59@lvm-1)
2022-08-04 06:50:30.404 7 WARNING cinder.scheduler.host_manager [req-7a22f4f6-59e8-49a1-a586-87a610c822e8 3dd17a9a51ef4ced8a414e0bae33082b 792896754dea4444925e06ce41b8dfeb - - -] volume service is down. (host: rack03-server59@lvm-1)
2022-08-04 06:50:30.412 7 WARNING cinder.scheduler.host_manager [req-7a22f4f6-59e8-49a1-a586-87a610c822e8 3dd17a9a51ef4ced8a414e0bae33082b 792896754dea4444925e06ce41b8dfeb - - -] volume service is down. (host: rack03-server59@lvm-1)
2022-08-04 06:50:31.934 7 WARNING cinder.scheduler.host_manager [req-cb075ad2-fe15-457a-a81f-2a8580467361 3dd17a9a51ef4ced8a414e0bae33082b 792896754dea4444925e06ce41b8dfeb - - -] volume service is down. (host: rack03-server59@lvm-1)
2022-08-04 06:50:36.707 7 WARNING cinder.scheduler.host_manager [req-5a2ba0c5-4f59-41c6-bd8a-40171049625a 3dd17a9a51ef4ced8a414e0bae33082b 792896754dea4444925e06ce41b8dfeb - - -] volume service is down. (host: rack03-server59@lvm-1)
2022-08-04 06:50:41.469 7 WARNING cinder.scheduler.host_manager [req-2cf0da58-40f3-4b57-a21c-bbc783db0699 3dd17a9a51ef4ced8a414e0bae33082b 792896754dea4444925e06ce41b8dfeb - - -] volume service is down. (host: rack03-server59@lvm-1)
2022-08-04 06:50:41.477 7 WARNING cinder.scheduler.host_manager [req-2cf0da58-40f3-4b57-a21c-bbc783db0699 3dd17a9a51ef4ced8a414e0bae33082b 792896754dea4444925e06ce41b8dfeb - - -] volume service is down. (host: rack03-server59@lvm-1)
2022-08-04 06:50:42.758 7 WARNING cinder.scheduler.host_manager [req-894baf90-0e19-4b12-a513-0cf9b14c1106 526a11997c6a42dea7a321e012b4d4d8 2ac438ba1648461480231e20d5963099 - - -] volume service is down. (host: rack03-server59@lvm-1)
2022-08-04 06:50:42.765 7 WARNING cinder.scheduler.host_manager [req-894baf90-0e19-4b12-a513-0cf9b14c1106 526a11997c6a42dea7a321e012b4d4d8 2ac438ba1648461480231e20d5963099 - - -] volume service is down. (host: rack03-server59@lvm-1)
2022-08-04 06:50:42.976 7 WARNING cinder.scheduler.host_manager [req-653b4ef5-81e4-48f0-82fb-d69907b1ae4f 3dd17a9a51ef4ced8a414e0bae33082b 792896754dea4444925e06ce41b8dfeb - - -] volume service is down. (host: rack03-server59@lvm-1)
2022-08-04 06:50:45.811 7 WARNING cinder.scheduler.host_manager [req-f02f0242-a994-44d6-a64c-ddce70b24682 3dd17a9a51ef4ced8a414e0bae33082b 792896754dea4444925e06ce41b8dfeb - - -] volume service is down. (host: rack03-server59@lvm-1)
2022-08-04 06:50:57.715 7 WARNING cinder.scheduler.host_manager [req-53c14410-10fc-4fe5-8b01-aeff8be24e3a 2306859a124e450eae2594c4b0176d60 d5ca6e962fcc40b4b65ea2ce56a4c51b - - -] volume service is down. (host: rack03-server59@lvm-1)
2022-08-04 06:50:59.004 7 WARNING cinder.scheduler.host_manager [req-e8f539b6-0b40-475e-95b4-0385c87db491 2306859a124e450eae2594c4b0176d60 d5ca6e962fcc40b4b65ea2ce56a4c51b - - -] volume service is down. (host: rack03-server59@lvm-1)
2022-08-04 06:50:59.195 7 WARNING cinder.scheduler.host_manager [req-bdb59780-013f-47e2-b5b0-5a7adf3c3cd2 3dd17a9a51ef4ced8a414e0bae33082b 792896754dea4444925e06ce41b8dfeb - - -] volume service is down. (host: rack03-server59@lvm-1)
2022-08-04 06:50:59.204 7 WARNING cinder.scheduler.host_manager [req-bdb59780-013f-47e2-b5b0-5a7adf3c3cd2 3dd17a9a51ef4ced8a414e0bae33082b 792896754dea4444925e06ce41b8dfeb - - -] volume service is down. (host: rack03-server59@lvm-1)
2022-08-04 06:51:00.721 7 WARNING cinder.scheduler.host_manager [req-93a605ce-fd99-4382-aae6-ddbb9457eebd 3dd17a9a51ef4ced8a414e0bae33082b 792896754dea4444925e06ce41b8dfeb - - -] volume service is down. (host: rack03-server59@lvm-1)
2022-08-04 06:51:01.569 7 WARNING cinder.scheduler.host_manager [req-5db0f81b-4148-4f8c-8f66-23dc8bf41c73 2306859a124e450eae2594c4b0176d60 d5ca6e962fcc40b4b65ea2ce56a4c51b - - -] volume service is down. (host: rack03-server59@lvm-1)
2022-08-04 06:51:05.157 7 WARNING cinder.scheduler.host_manager [req-be0dfcd7-2b86-4bc6-b3d0-8f870e4f9797 2306859a124e450eae2594c4b0176d60 d5ca6e962fcc40b4b65ea2ce56a4c51b - - -] volume service is down. (host: rack03-server59@lvm-1)
2022-08-04 06:51:08.769 7 WARNING cinder.scheduler.host_manager [req-4f4b22cd-6799-49f3-b9a7-9759a1076f4c 2306859a124e450eae2594c4b0176d60 d5ca6e962fcc40b4b65ea2ce56a4c51b - - -] volume service is down. (host: rack03-server59@lvm-1)
2022-08-04 06:51:12.331 7 WARNING cinder.scheduler.host_manager [req-3b11f74d-cdd6-4c40-be35-a53359c92dc8 2306859a124e450eae2594c4b0176d60 d5ca6e962fcc40b4b65ea2ce56a4c51b - - -] volume service is down. (host: rack03-server59@lvm-1)
2022-08-04 06:51:15.738 7 WARNING cinder.scheduler.host_manager [req-6d4f265a-8f0c-4e62-9914-3ac245890ce0 921e1f7c27994d77a1afb06fcbc27e87 3dce240de4084b63862e747bae095e50 - - -] volume service is down. (host: rack03-server59@lvm-1)
2022-08-04 06:51:19.349 7 WARNING cinder.scheduler.host_manager [req-504c45d1-cdee-452f-bba4-bd5e6e45c44f bddc22afce7543328dc8fab27c73b027 a08c0b14b6684772a8aec00ce2be81c8 - - -] volume service is down. (host: rack03-server59@lvm-1)
2022-08-04 06:51:19.356 7 WARNING cinder.scheduler.host_manager [req-504c45d1-cdee-452f-bba4-bd5e6e45c44f bddc22afce7543328dc8fab27c73b027 a08c0b14b6684772a8aec00ce2be81c8 - - -] volume service is down. (host: rack03-server59@lvm-1)
2022-08-04 06:51:20.572 7 WARNING cinder.scheduler.host_manager [req-a5f07a53-f175-460d-a035-5e36b8889a75 bddc22afce7543328dc8fab27c73b027 a08c0b14b6684772a8aec00ce2be81c8 - - -] volume service is down. (host: rack03-server59@lvm-1)
2022-08-04 06:51:20.580 7 WARNING cinder.scheduler.host_manager [req-a5f07a53-f175-460d-a035-5e36b8889a75 bddc22afce7543328dc8fab27c73b027 a08c0b14b6684772a8aec00ce2be81c8 - - -] volume service is down. (host: rack03-server59@lvm-1)
2022-08-04 06:51:22.098 7 WARNING cinder.scheduler.host_manager [req-ee27dacf-c27d-4745-86b2-a1e404d7e872 bddc22afce7543328dc8fab27c73b027 a08c0b14b6684772a8aec00ce2be81c8 - - -] volume service is down. (host: rack03-server59@lvm-1)
2022-08-04 06:51:23.194 7 WARNING cinder.scheduler.host_manager [req-7a5552ff-40dd-4472-bb9e-928cce75ce79 ed195a78465842539fc001cea7a8835f a23394f4579e46e0bf5d745f1241144f - - -] volume service is down. (host: rack03-server59@lvm-1)
2022-08-04 06:51:26.340 7 WARNING cinder.scheduler.host_manager [req-6e81b0b2-91aa-422c-a4aa-dc9bb98dc494 bddc22afce7543328dc8fab27c73b027 a08c0b14b6684772a8aec00ce2be81c8 - - -] volume service is down. (host: rack03-server59@lvm-1)
2022-08-04 06:51:26.347 7 WARNING cinder.scheduler.host_manager [req-6e81b0b2-91aa-422c-a4aa-dc9bb98dc494 bddc22afce7543328dc8fab27c73b027 a08c0b14b6684772a8aec00ce2be81c8 - - -] volume service is down. (host: rack03-server59@lvm-1)
2022-08-04 06:51:27.847 7 WARNING cinder.scheduler.host_manager [req-be84845e-d2bb-414d-84d6-0a02eaaaed1f bddc22afce7543328dc8fab27c73b027 a08c0b14b6684772a8aec00ce2be81c8 - - -] volume service is down. (host: rack03-server59@lvm-1)
2022-08-04 06:51:28.805 7 WARNING cinder.scheduler.host_manager [req-26051f7a-4804-4200-ba28-429f3c3c2b40 905318d7b594425f9dbdb486e1c40ab5 8ee1c66cc03745d69aeb5d0a481d3c7a - - -] volume service is down. (host: rack03-server59@lvm-1)
2022-08-04 06:51:30.404 7 WARNING cinder.scheduler.host_manager [req-a58dda5e-f18b-42c6-9d0e-4cd078f0b38b bddc22afce7543328dc8fab27c73b027 a08c0b14b6684772a8aec00ce2be81c8 - - -] volume service is down. (host: rack03-server59@lvm-1)
2022-08-04 06:51:31.318 7 WARNING cinder.scheduler.host_manager [req-83e2d8df-fe8c-4c5e-b59c-f0c4d4b2beb4 905318d7b594425f9dbdb486e1c40ab5 8ee1c66cc03745d69aeb5d0a481d3c7a - - -] volume service is down. (host: rack03-server59@lvm-1)
2022-08-04 06:51:45.227 7 WARNING cinder.scheduler.host_manager [req-092091ee-7bba-46c0-bf3b-3bdc9090ce02 091ba64bc24f4bd7922aaa1a2f897424 424a832f2bde491daa71130ef186ce10 - - -] volume service is down. (host: rack03-server59@lvm-1)
2022-08-04 06:51:47.932 7 WARNING cinder.scheduler.host_manager [req-24060838-50f5-4ccc-98a3-8ff7190c2709 091ba64bc24f4bd7922aaa1a2f897424 424a832f2bde491daa71130ef186ce10 - - -] volume service is down. (host: rack03-server59@lvm-1)
2022-08-04 06:51:51.585 7 WARNING cinder.scheduler.host_manager [req-f7b8839d-3194-414c-96f9-195aa95a137f 268e40aebcce4eb69a3538da6b0cb56f 18b4a7154b6147d8990f5b10957ec483 - - -] volume service is down. (host: rack03-server59@lvm-1)
2022-08-04 06:51:54.157 7 WARNING cinder.scheduler.host_manager [req-a20c526b-2160-434d-ad6d-1e31b0106223 268e40aebcce4eb69a3538da6b0cb56f 18b4a7154b6147d8990f5b10957ec483 - - -] volume service is down. (host: rack03-server59@lvm-1)
2022-08-04 06:51:56.671 7 WARNING cinder.scheduler.host_manager [req-6d9e9e27-92f1-4b40-b7be-33b0a05d8eb2 268e40aebcce4eb69a3538da6b0cb56f 18b4a7154b6147d8990f5b10957ec483 - - -] volume service is down. (host: rack03-server59@lvm-1)
2022-08-04 06:51:59.475 7 WARNING cinder.scheduler.host_manager [req-8d279403-1f95-4fbf-a97e-ead208c8d03f 92f43391071e4a81a22befd0376e220a ff4d563dd3444470a75fd44cc359258e - - -] volume service is down. (host: rack03-server59@lvm-1)
2022-08-04 06:51:59.698 7 WARNING cinder.scheduler.host_manager [req-bd35f83b-8d98-4a80-810c-c821d12fc6e2 251baf6e3d464154bfa5057dea0ea542 1796cfe18ec140f2a10c1ba4104786a6 - - -] volume service is down. (host: rack03-server59@lvm-1)
2022-08-04 06:52:11.967 7 WARNING cinder.scheduler.host_manager [req-b793cb0d-2a9a-48ad-91bb-b445945942d0 ef6a6aacb89d4552ad95fc29ce3a9321 24550ead97734f3faf0eb775ec426321 - - -] volume service is down. (host: rack03-server59@lvm-1)
2022-08-04 06:52:14.369 7 WARNING cinder.scheduler.host_manager [req-dc22a36f-67e6-45af-bd34-e5c06cb1ea11 ef6a6aacb89d4552ad95fc29ce3a9321 24550ead97734f3faf0eb775ec426321 - - -] volume service is down. (host: rack03-server59@lvm-1)
2022-08-04 06:52:16.650 7 WARNING cinder.scheduler.host_manager [req-346ebc30-eac0-4e25-8d6b-42df6890f93c ef6a6aacb89d4552ad95fc29ce3a9321 24550ead97734f3faf0eb775ec426321 - - -] volume service is down. (host: rack03-server59@lvm-1)
2022-08-04 06:52:20.337 7 WARNING cinder.scheduler.host_manager [req-41d247ef-d538-4d80-af82-4c1b02e41019 ef6a6aacb89d4552ad95fc29ce3a9321 24550ead97734f3faf0eb775ec426321 - - -] volume service is down. (host: rack03-server59@lvm-1)
2022-08-04 06:52:23.020 7 WARNING cinder.scheduler.host_manager [req-6b991170-1b05-46c7-a71b-d973770050fd ef6a6aacb89d4552ad95fc29ce3a9321 24550ead97734f3faf0eb775ec426321 - - -] volume service is down. (host: rack03-server59@lvm-1)
2022-08-04 06:52:25.518 7 WARNING cinder.scheduler.host_manager [req-bca97952-a992-4b0e-8ccb-473c1c5d6b30 ef6a6aacb89d4552ad95fc29ce3a9321 24550ead97734f3faf0eb775ec426321 - - -] volume service is down. (host: rack03-server59@lvm-1)
2022-08-04 06:52:34.001 7 WARNING cinder.scheduler.host_manager [req-87692070-988a-485c-8dee-6be20f38ef1f 08f3d4e67ddf4c1fb5f224c922a1257b cb37e14338cc4a929e46f620c31e0946 - - -] volume service is down. (host: rack03-server59@lvm-1)
2022-08-04 06:52:44.450 7 WARNING cinder.scheduler.host_manager [req-0345e704-2cf3-4655-9a3f-1ede1b2d062c 0e72fca152714f36bfbba7c5d3c87196 858912b112ac447baed50346c0aab647 - - -] volume service is down. (host: rack03-server59@lvm-1)
2022-08-04 06:52:49.411 7 WARNING cinder.scheduler.host_manager [req-38264d70-d1f7-43d4-bdc3-dec2fec1aa74 0e72fca152714f36bfbba7c5d3c87196 858912b112ac447baed50346c0aab647 - - -] volume service is down. (host: rack03-server59@lvm-1)
2022-08-04 06:52:58.798 7 WARNING cinder.scheduler.host_manager [req-6de2f4d5-0afd-49c9-9a4e-cb220cff5d0d 241c537ad2ba42d2a67e749cb29d8fd1 f2bf89728b7d4e76b7510440669065cc - - -] volume service is down. (host: rack03-server59@lvm-1)
2022-08-04 06:55:10.670 7 WARNING cinder.scheduler.host_manager [req-425e147d-182d-49ba-8337-47b47b9f4597 50c7374bd3284c24a858d8109d6f1f86 700998f81bb44909b23d3f74177ce51a - - -] volume service is down. (host: rack03-server59@lvm-1)
2022-08-04 06:56:15.534 7 WARNING cinder.scheduler.host_manager [req-8a3bee8f-1946-47f6-95dc-a733a114e23d 50c7374bd3284c24a858d8109d6f1f86 700998f81bb44909b23d3f74177ce51a - - -] volume service is down. (host: rack03-server59@lvm-1)
2022-08-04 06:56:18.256 7 WARNING cinder.scheduler.host_manager [req-0daa71c5-dfae-4048-b8fc-bac9f3c1d69c 50c7374bd3284c24a858d8109d6f1f86 700998f81bb44909b23d3f74177ce51a - - -] volume service is down. (host: rack03-server59@lvm-1)
2022-08-04 06:56:22.014 7 WARNING cinder.scheduler.host_manager [req-b5f41259-b575-4955-8f19-2f17761afd60 50c7374bd3284c24a858d8109d6f1f86 700998f81bb44909b23d3f74177ce51a - - -] volume service is down. (host: rack03-server59@lvm-1)
2022-08-04 06:56:23.019 7 WARNING cinder.scheduler.host_manager [req-924769fc-3744-4bac-a354-d415c2715ccc 72251fa0a98e4d98ba4f5c08aea93521 013e20dc631746e09adb633267b5f6bf - - -] volume service is down. (host: rack03-server59@lvm-1)
2022-08-04 06:56:23.061 7 WARNING cinder.scheduler.host_manager [req-0e4d7778-d8b0-4f48-ac6f-3f3644578058 72251fa0a98e4d98ba4f5c08aea93521 013e20dc631746e09adb633267b5f6bf - - -] volume service is down. (host: rack03-server59@lvm-1)
2022-08-04 06:56:25.783 7 WARNING cinder.scheduler.host_manager [req-ef4e8b1c-6ab5-4df3-8be1-181506e99b91 50c7374bd3284c24a858d8109d6f1f86 700998f81bb44909b23d3f74177ce51a - - -] volume service is down. (host: rack03-server59@lvm-1)
2022-08-04 06:56:29.504 7 WARNING cinder.scheduler.host_manager [req-b2445a81-1c15-4ff7-a22f-b376089e309b 50c7374bd3284c24a858d8109d6f1f86 700998f81bb44909b23d3f74177ce51a - - -] volume service is down. (host: rack03-server59@lvm-1)
2022-08-04 06:56:33.319 7 WARNING cinder.scheduler.host_manager [req-bbb19345-3e72-4cce-895f-acdcb8d58e4d 9fb95146852e4cd39ce764beb02f8081 729aeb67295e41ef917f4cb6997d40ad - - -] volume service is down. (host: rack03-server59@lvm-1)
2022-08-04 06:56:33.326 7 WARNING cinder.scheduler.host_manager [req-bbb19345-3e72-4cce-895f-acdcb8d58e4d 9fb95146852e4cd39ce764beb02f8081 729aeb67295e41ef917f4cb6997d40ad - - -] volume service is down. (host: rack03-server59@lvm-1)
2022-08-04 06:56:34.879 7 WARNING cinder.scheduler.host_manager [req-7431bcb8-c07d-4f42-8b1f-cce9ee11de84 9fb95146852e4cd39ce764beb02f8081 729aeb67295e41ef917f4cb6997d40ad - - -] volume service is down. (host: rack03-server59@lvm-1)
2022-08-04 06:56:47.251 7 WARNING cinder.scheduler.host_manager [req-52ce45c5-7450-43b5-8d7a-440466a00146 4b2f5d34f51a4265bd50b25abbe168ef 5e144489c8114f4aa5b0ab994606e8a7 - - -] volume service is down. (host: rack03-server59@lvm-1)
2022-08-04 06:56:47.863 7 WARNING cinder.scheduler.host_manager [req-375a0524-e701-42dc-8d4b-5cb4dd01aa64 adc2e8b72c90425fbf93f457bebf656f 38444bbd5a234ed49659bb11f843974c - - -] volume service is down. (host: rack03-server59@lvm-1)
2022-08-04 06:56:47.870 7 WARNING cinder.scheduler.host_manager [req-375a0524-e701-42dc-8d4b-5cb4dd01aa64 adc2e8b72c90425fbf93f457bebf656f 38444bbd5a234ed49659bb11f843974c - - -] volume service is down. (host: rack03-server59@lvm-1)
2022-08-04 06:56:49.386 7 WARNING cinder.scheduler.host_manager [req-33d2236e-d6e1-4155-a407-ad27a81f7d4d adc2e8b72c90425fbf93f457bebf656f 38444bbd5a234ed49659bb11f843974c - - -] volume service is down. (host: rack03-server59@lvm-1)
2022-08-04 06:56:51.769 7 WARNING cinder.scheduler.host_manager [req-e6a3cca2-02b0-48f3-bc87-79e7d92de773 adc2e8b72c90425fbf93f457bebf656f 38444bbd5a234ed49659bb11f843974c - - -] volume service is down. (host: rack03-server59@lvm-1)
2022-08-04 06:56:52.181 7 WARNING cinder.scheduler.host_manager [req-8178fff4-daec-43d1-b111-af157ed70cf0 4b2f5d34f51a4265bd50b25abbe168ef 5e144489c8114f4aa5b0ab994606e8a7 - - -] volume service is down. (host: rack03-server59@lvm-1)
2022-08-04 06:56:58.669 7 WARNING cinder.scheduler.host_manager [req-85b874c3-303e-44e2-bc2a-75a3f91df93c 7657516a4acb4c5abf0c9efcf350439c 7e04cef8961e4692ad4c92e241f4721f - - -] volume service is down. (host: rack03-server59@lvm-1)
2022-08-04 06:57:04.166 7 WARNING cinder.scheduler.host_manager [req-6d129a7a-845a-4036-86d7-85d98ac54579 52310ad4d28e4e3ca37675b3197e4c4d deb7b6d6972546279686f5db63af27ac - - -] volume service is down. (host: rack03-server59@lvm-1)
2022-08-04 06:57:04.167 7 INFO cinder.scheduler.base_filter [req-6d129a7a-845a-4036-86d7-85d98ac54579 52310ad4d28e4e3ca37675b3197e4c4d deb7b6d6972546279686f5db63af27ac - - -] Filtering removed all hosts for the request with volume ID 'ae501171-a4fa-49eb-a053-503f1f05ec5d'. Filter results: AvailabilityZoneFilter: (start: 1, end: 1), CapacityFilter: (start: 1, end: 1), CapabilitiesFilter: (start: 1, end: 0)
2022-08-04 06:57:04.167 7 WARNING cinder.scheduler.filter_scheduler [req-6d129a7a-845a-4036-86d7-85d98ac54579 52310ad4d28e4e3ca37675b3197e4c4d deb7b6d6972546279686f5db63af27ac - - -] No weighed backend found for volume with properties: {'id': 'da5cfbf4-bdca-4f06-bdca-27acde6708b1', 'name': 'tempest-UserMessagesTest-volume-type-1664121261', 'description': None, 'is_public': True, 'projects': [], 'extra_specs': {'storage_protocol': 'tempest-storage_protocol-611277599', 'vendor_name': 'tempest-vendor_name-834324577'}, 'qos_specs_id': None, 'created_at': '2022-08-04T03:57:03.000000', 'updated_at': None, 'deleted_at': None, 'deleted': False}
2022-08-04 06:57:04.168 7 INFO cinder.message.api [req-6d129a7a-845a-4036-86d7-85d98ac54579 52310ad4d28e4e3ca37675b3197e4c4d deb7b6d6972546279686f5db63af27ac - - -] Creating message record for request_id = req-6d129a7a-845a-4036-86d7-85d98ac54579
2022-08-04 06:57:04.173 7 ERROR cinder.scheduler.flows.create_volume [req-6d129a7a-845a-4036-86d7-85d98ac54579 52310ad4d28e4e3ca37675b3197e4c4d deb7b6d6972546279686f5db63af27ac - - -] Failed to run task cinder.scheduler.flows.create_volume.ScheduleCreateVolumeTask;volume:create: No valid backend was found. No weighed backends available: cinder.exception.NoValidBackend: No valid backend was found. No weighed backends available
2022-08-04 06:57:05.219 7 WARNING cinder.scheduler.host_manager [req-35c19ee0-dcbd-41f7-91ed-8dfa09efc9d9 f404dbb1e8d54bbd90ab0ac2d1b6f5b9 3490de31ecd241988e4d0e3add395ac9 - - -] volume service is down. (host: rack03-server59@lvm-1)
2022-08-04 06:57:05.784 7 WARNING cinder.scheduler.host_manager [req-0bcb56ac-335a-4c2c-8718-6dd629a682ef 52310ad4d28e4e3ca37675b3197e4c4d deb7b6d6972546279686f5db63af27ac - - -] volume service is down. (host: rack03-server59@lvm-1)
2022-08-04 06:57:05.786 7 INFO cinder.scheduler.base_filter [req-0bcb56ac-335a-4c2c-8718-6dd629a682ef 52310ad4d28e4e3ca37675b3197e4c4d deb7b6d6972546279686f5db63af27ac - - -] Filtering removed all hosts for the request with volume ID '8422ac9b-6242-460a-af72-b77d5505f948'. Filter results: AvailabilityZoneFilter: (start: 1, end: 1), CapacityFilter: (start: 1, end: 1), CapabilitiesFilter: (start: 1, end: 0)
2022-08-04 06:57:05.786 7 WARNING cinder.scheduler.filter_scheduler [req-0bcb56ac-335a-4c2c-8718-6dd629a682ef 52310ad4d28e4e3ca37675b3197e4c4d deb7b6d6972546279686f5db63af27ac - - -] No weighed backend found for volume with properties: {'id': '2c478ae2-2c47-45de-a0dc-4a91fc13bbe8', 'name': 'tempest-UserMessagesTest-volume-type-27731029', 'description': None, 'is_public': True, 'projects': [], 'extra_specs': {'storage_protocol': 'tempest-storage_protocol-1981044880', 'vendor_name': 'tempest-vendor_name-1298181251'}, 'qos_specs_id': None, 'created_at': '2022-08-04T03:57:05.000000', 'updated_at': None, 'deleted_at': None, 'deleted': False}
2022-08-04 06:57:05.787 7 INFO cinder.message.api [req-0bcb56ac-335a-4c2c-8718-6dd629a682ef 52310ad4d28e4e3ca37675b3197e4c4d deb7b6d6972546279686f5db63af27ac - - -] Creating message record for request_id = req-0bcb56ac-335a-4c2c-8718-6dd629a682ef
2022-08-04 06:57:05.792 7 ERROR cinder.scheduler.flows.create_volume [req-0bcb56ac-335a-4c2c-8718-6dd629a682ef 52310ad4d28e4e3ca37675b3197e4c4d deb7b6d6972546279686f5db63af27ac - - -] Failed to run task cinder.scheduler.flows.create_volume.ScheduleCreateVolumeTask;volume:create: No valid backend was found. No weighed backends available: cinder.exception.NoValidBackend: No valid backend was found. No weighed backends available
2022-08-04 06:57:08.191 7 WARNING cinder.scheduler.host_manager [req-bcb01900-1ff0-4e59-a551-9dfc1f953cb3 f404dbb1e8d54bbd90ab0ac2d1b6f5b9 3490de31ecd241988e4d0e3add395ac9 - - -] volume service is down. (host: rack03-server59@lvm-1)
2022-08-04 06:57:13.031 7 WARNING cinder.scheduler.host_manager [req-fb51ade4-93cb-4fb2-ab0c-fe81070e87b5 f404dbb1e8d54bbd90ab0ac2d1b6f5b9 3490de31ecd241988e4d0e3add395ac9 - - -] volume service is down. (host: rack03-server59@lvm-1)
2022-08-04 06:57:15.569 7 WARNING cinder.scheduler.host_manager [req-e3a5866e-cb1f-402a-abe7-d60e7c3715b0 f404dbb1e8d54bbd90ab0ac2d1b6f5b9 3490de31ecd241988e4d0e3add395ac9 - - -] volume service is down. (host: rack03-server59@lvm-1)
2022-08-04 06:57:19.314 7 WARNING cinder.scheduler.host_manager [req-ca2cfa7b-6c46-4243-8049-4a3e5e6a7bc9 f404dbb1e8d54bbd90ab0ac2d1b6f5b9 3490de31ecd241988e4d0e3add395ac9 - - -] volume service is down. (host: rack03-server59@lvm-1)
2022-08-04 06:57:24.295 7 WARNING cinder.scheduler.host_manager [req-279ed364-b48f-4803-853e-5b0e86cf82f3 f404dbb1e8d54bbd90ab0ac2d1b6f5b9 3490de31ecd241988e4d0e3add395ac9 - - -] volume service is down. (host: rack03-server59@lvm-1)
2022-08-04 06:57:25.723 7 WARNING cinder.scheduler.host_manager [req-fcb2b96b-86e3-4ae4-b97f-fbafb3a7aca5 658eacf5f7344b779c6cef35cf8e850f c996499d7c7f475bb125076d1fc05d31 - - -] volume service is down. (host: rack03-server59@lvm-1)
2022-08-04 06:57:35.023 7 WARNING cinder.scheduler.host_manager [req-b561d0f9-a9d5-4868-bf60-e6a73d42ce51 7cf7d880014748e6afc3a15cf72b2eb1 cd0d336edd4142bbaffbe7bdd25157ac - - -] volume service is down. (host: rack03-server59@lvm-1)
2022-08-04 06:57:37.356 7 WARNING cinder.scheduler.host_manager [req-1ad6125c-4d94-4750-82f4-30ae3da7aaa3 7cf7d880014748e6afc3a15cf72b2eb1 cd0d336edd4142bbaffbe7bdd25157ac - - -] volume service is down. (host: rack03-server59@lvm-1)
2022-08-04 06:57:37.586 7 WARNING cinder.scheduler.host_manager [req-a82222d4-08a4-4815-b9ba-6f797664f0bc f404dbb1e8d54bbd90ab0ac2d1b6f5b9 3490de31ecd241988e4d0e3add395ac9 - - -] volume service is down. (host: rack03-server59@lvm-1)
2022-08-04 06:57:49.588 7 WARNING cinder.scheduler.host_manager [req-e4e1405b-c0bf-4224-87ce-58acd50853ab 58f24c6ca34544a1a77a48b34499aee7 9338516c83194cb2a134c421d3046428 - - -] volume service is down. (host: rack03-server59@lvm-1)
2022-08-04 06:57:51.050 7 WARNING cinder.scheduler.host_manager [req-8363930d-3f90-41f4-b3c1-77c1b090f180 58f24c6ca34544a1a77a48b34499aee7 9338516c83194cb2a134c421d3046428 - - -] volume service is down. (host: rack03-server59@lvm-1)
2022-08-04 06:57:53.598 7 WARNING cinder.scheduler.host_manager [req-865ec322-6fc4-450c-8708-a9ac4ef638b5 58f24c6ca34544a1a77a48b34499aee7 9338516c83194cb2a134c421d3046428 - - -] volume service is down. (host: rack03-server59@lvm-1)
2022-08-04 06:57:58.970 7 WARNING cinder.scheduler.host_manager [req-f029f1be-c86e-4c3a-84b8-49b22577bfc2 ab39aaeaeae648dd9bdae8bea45868b0 657d79188d634c70b8453a021920980e - - -] volume service is down. (host: rack03-server59@lvm-1)
2022-08-04 06:58:04.727 7 WARNING cinder.scheduler.host_manager [req-5e2cb08c-e1e7-43d7-8c48-312f63a0fdb3 826eeb32a6754d07b350576eb6289a4e 1afea3103a2d4d47968ab14c1c4c4a6f - - -] volume service is down. (host: rack03-server59@lvm-1)
2022-08-04 06:58:19.762 7 WARNING cinder.scheduler.host_manager [req-d87e66d5-8c37-4f2e-a970-64afed1f12a0 73a546adba5748429414cdd93be68599 07b3525fdebe4f4ba210acbdc81cc0b6 - - -] volume service is down. (host: rack03-server59@lvm-1)
2022-08-04 06:58:22.141 7 WARNING cinder.scheduler.host_manager [req-b8e2e4c9-1295-4f3b-b0db-8ca334dc715c 73a546adba5748429414cdd93be68599 07b3525fdebe4f4ba210acbdc81cc0b6 - - -] volume service is down. (host: rack03-server59@lvm-1)
2022-08-04 06:58:32.375 7 WARNING cinder.scheduler.host_manager [req-003c89d7-c9ed-4c9a-885f-a49d230cfb9d e70222b231b0401299a813f491dd45ec 8e8a457e2eef48118beeac599aa69be5 - - -] volume service is down. (host: rack03-server59@lvm-1)
2022-08-04 06:58:39.430 7 WARNING cinder.scheduler.host_manager [req-fa7497ad-db06-4ca7-bc3b-5e01f5e9d2c0 2ce6b3e11c0d42398f569bb6d7abdbe5 cfedc85d70a645c7a214904f8ec89e51 - - -] volume service is down. (host: rack03-server59@lvm-1)
2022-08-04 06:59:24.403 7 WARNING cinder.scheduler.host_manager [req-c9143587-f7d9-41ca-aa4f-fb4590239f44 8f5f3fdb6b234bbb82cb41a018f2079c 6b36b896a3af430bbeeb79adebb6823a - - -] volume service is down. (host: rack03-server59@lvm-1)
2022-08-04 06:59:26.762 7 WARNING cinder.scheduler.host_manager [req-053d3b28-2eac-49cd-8a16-1f680986a656 8f5f3fdb6b234bbb82cb41a018f2079c 6b36b896a3af430bbeeb79adebb6823a - - -] volume service is down. (host: rack03-server59@lvm-1)
2022-08-04 06:59:29.045 7 WARNING cinder.scheduler.host_manager [req-248b7af4-f22c-4eb3-95d1-1abbc004a7d5 8f5f3fdb6b234bbb82cb41a018f2079c 6b36b896a3af430bbeeb79adebb6823a - - -] volume service is down. (host: rack03-server59@lvm-1)
2022-08-04 06:59:31.334 7 WARNING cinder.scheduler.host_manager [req-72a42c22-3308-4d85-b467-08d474701090 8f5f3fdb6b234bbb82cb41a018f2079c 6b36b896a3af430bbeeb79adebb6823a - - -] volume service is down. (host: rack03-server59@lvm-1)
2022-08-04 07:01:20.290 7 WARNING cinder.scheduler.host_manager [req-cc62ccf0-66e9-4d09-bc75-73f729321898 4fc900f9917d40838711d03fdcf68271 3845385dd41c444bb9b37f825c5139f7 - - -] volume service is down. (host: rack03-server59@lvm-1)
2022-08-04 07:02:19.499 7 WARNING cinder.scheduler.host_manager [req-960a2a58-5e4c-4040-80b6-32f3b68c68c3 4fc900f9917d40838711d03fdcf68271 3845385dd41c444bb9b37f825c5139f7 - - -] volume service is down. (host: rack03-server59@lvm-1)
2022-08-04 07:03:35.848 7 WARNING cinder.scheduler.host_manager [req-81e08aa5-b3c1-46fd-9d33-fcb75725b5b0 339f3ac83eff4d748475b3cd7c4810ab 2382ca6a6bf447dc9e2dbd55e385d943 - - -] volume service is down. (host: rack03-server59@lvm-1)
2022-08-04 07:03:51.117 7 WARNING cinder.scheduler.host_manager [req-74ae450e-296f-4563-be4a-bf40300bb51e 339f3ac83eff4d748475b3cd7c4810ab 2382ca6a6bf447dc9e2dbd55e385d943 - - -] volume service is down. (host: rack03-server59@lvm-1)
2022-08-04 07:03:56.833 7 WARNING cinder.scheduler.host_manager [req-e88974f8-378b-4f25-9415-f77e9268e9d3 339f3ac83eff4d748475b3cd7c4810ab 2382ca6a6bf447dc9e2dbd55e385d943 - - -] volume service is down. (host: rack03-server59@lvm-1)
2022-08-04 07:03:59.381 7 WARNING cinder.scheduler.host_manager [req-28d8871a-9b41-4707-8f16-6d7fda427298 339f3ac83eff4d748475b3cd7c4810ab 2382ca6a6bf447dc9e2dbd55e385d943 - - -] volume service is down. (host: rack03-server59@lvm-1)
2022-08-04 07:04:10.694 7 WARNING cinder.scheduler.host_manager [req-cdf11228-b602-45d9-9379-e6abffa49f7a fb66c394fa4a4b8cbb9ed168f9a036ba 7096fe3ae8c54f2ab3eb3e7d54c829b3 - - -] volume service is down. (host: rack03-server59@lvm-1)
2022-08-04 07:04:26.817 7 WARNING cinder.scheduler.host_manager [req-8bc7e5a0-6868-40d3-a229-69479189fbfc fb66c394fa4a4b8cbb9ed168f9a036ba 7096fe3ae8c54f2ab3eb3e7d54c829b3 - - -] volume service is down. (host: rack03-server59@lvm-1)
2022-08-04 07:04:28.306 7 WARNING cinder.scheduler.host_manager [req-0f6e1bc9-e858-4601-8296-3f3de491bb27 fb66c394fa4a4b8cbb9ed168f9a036ba 7096fe3ae8c54f2ab3eb3e7d54c829b3 - - -] volume service is down. (host: rack03-server59@lvm-1)
2022-08-04 07:04:30.657 7 WARNING cinder.scheduler.host_manager [req-56d82fe7-a4a1-45e1-b59d-a51c6baa47b4 fb66c394fa4a4b8cbb9ed168f9a036ba 7096fe3ae8c54f2ab3eb3e7d54c829b3 - - -] volume service is down. (host: rack03-server59@lvm-1)
2022-08-04 07:04:32.973 7 WARNING cinder.scheduler.host_manager [req-d8273dd1-74c7-41b9-8e83-ef0cc562ea99 fb66c394fa4a4b8cbb9ed168f9a036ba 7096fe3ae8c54f2ab3eb3e7d54c829b3 - - -] volume service is down. (host: rack03-server59@lvm-1)
2022-08-04 07:04:41.187 7 WARNING cinder.scheduler.host_manager [req-15107a62-aec9-4852-9e56-82eaaccb5db5 a156aea625cb4eaca02b2309341d30c3 db54262588b94838af74407ee9987124 - - -] volume service is down. (host: rack03-server59@lvm-1)
2022-08-04 07:04:43.515 7 WARNING cinder.scheduler.host_manager [req-f9d53681-53bd-41ff-b244-6db8568fa268 a156aea625cb4eaca02b2309341d30c3 db54262588b94838af74407ee9987124 - - -] volume service is down. (host: rack03-server59@lvm-1)
2022-08-04 07:08:17.234 7 WARNING cinder.scheduler.host_manager [req-1e6b090d-16b2-4f62-812a-7bf5e6a27c45 4fc900f9917d40838711d03fdcf68271 3845385dd41c444bb9b37f825c5139f7 - - -] volume service is down. (host: rack03-server59@lvm-1)
2022-08-04 07:08:20.822 7 WARNING cinder.scheduler.host_manager [req-431ea572-7aef-4064-a2ff-b35dd7965a3c 4fc900f9917d40838711d03fdcf68271 3845385dd41c444bb9b37f825c5139f7 - - -] volume service is down. (host: rack03-server59@lvm-1)
2022-08-04 07:16:18.816 7 WARNING cinder.scheduler.host_manager [req-485ce4bb-6d85-4dbe-a850-f12490b31279 4fc900f9917d40838711d03fdcf68271 3845385dd41c444bb9b37f825c5139f7 - - -] volume service is down. (host: rack03-server59@lvm-1)
2022-08-04 07:16:21.361 7 WARNING cinder.scheduler.host_manager [req-50898c22-e15f-4977-91ba-702033261699 4fc900f9917d40838711d03fdcf68271 3845385dd41c444bb9b37f825c5139f7 - - -] volume service is down. (host: rack03-server59@lvm-1)
2022-08-04 07:16:23.894 7 WARNING cinder.scheduler.host_manager [req-fa4f0b4b-ef1a-42ef-b834-d65349191fa3 4fc900f9917d40838711d03fdcf68271 3845385dd41c444bb9b37f825c5139f7 - - -] volume service is down. (host: rack03-server59@lvm-1)
2022-08-04 07:16:27.597 7 WARNING cinder.scheduler.host_manager [req-18ecff89-d884-4ebf-9859-3d03114c241c 4fc900f9917d40838711d03fdcf68271 3845385dd41c444bb9b37f825c5139f7 - - -] volume service is down. (host: rack03-server59@lvm-1)
2022-08-04 07:16:29.937 7 WARNING cinder.scheduler.host_manager [req-6c5c1cf0-a5d5-4de6-8c5a-e3efed66d55e 4fc900f9917d40838711d03fdcf68271 3845385dd41c444bb9b37f825c5139f7 - - -] volume service is down. (host: rack03-server59@lvm-1)
2022-08-04 07:16:32.437 7 WARNING cinder.scheduler.host_manager [req-f3da998a-d6e1-45e2-bf35-7a66e4a3254a 4fc900f9917d40838711d03fdcf68271 3845385dd41c444bb9b37f825c5139f7 - - -] volume service is down. (host: rack03-server59@lvm-1)
2022-08-04 07:16:53.119 7 WARNING cinder.scheduler.host_manager [req-09be588b-982d-4337-847b-176387d6113e 78d9c496d3714f52927b0911c782b914 c1a7ad51eb9048768868bfd64f208539 - - -] volume service is down. (host: rack03-server59@lvm-1)
2022-08-04 07:16:53.126 7 WARNING cinder.scheduler.host_manager [req-12aea776-0b18-4863-b106-6c54e1ad3afa b2e80c97af2b4d5b9ebecf563c93ac15 cf3582591ad84c6f96cf1cf466b3aebb - - -] volume service is down. (host: rack03-server59@lvm-1)
2022-08-04 07:16:53.211 7 WARNING cinder.scheduler.host_manager [req-57db11c4-caf2-41cb-a657-689ac29d27bb 0e71b2227e80435aad0e98b09454ceb7 16a9b8ca35f64a55a752c9ad0850ab23 - - -] volume service is down. (host: rack03-server59@lvm-1)
2022-08-04 07:16:53.481 7 WARNING cinder.scheduler.host_manager [req-1764626f-a9a3-4a4e-bd4e-af5c198c8e59 0e71b2227e80435aad0e98b09454ceb7 16a9b8ca35f64a55a752c9ad0850ab23 - - -] volume service is down. (host: rack03-server59@lvm-1)
2022-08-04 07:16:53.814 7 WARNING cinder.scheduler.host_manager [req-09771678-cd9c-4f82-8460-9957364abd74 0e71b2227e80435aad0e98b09454ceb7 16a9b8ca35f64a55a752c9ad0850ab23 - - -] volume service is down. (host: rack03-server59@lvm-1)
2022-08-04 07:16:54.400 7 WARNING cinder.scheduler.host_manager [req-60cf10ad-3bac-443c-af71-cd3fbf2ed901 78d9c496d3714f52927b0911c782b914 c1a7ad51eb9048768868bfd64f208539 - - -] volume service is down. (host: rack03-server59@lvm-1)
2022-08-04 07:16:54.464 7 WARNING cinder.scheduler.host_manager [req-4362039b-4934-4662-aaa4-08105a010227 0e71b2227e80435aad0e98b09454ceb7 16a9b8ca35f64a55a752c9ad0850ab23 - - -] volume service is down. (host: rack03-server59@lvm-1)
2022-08-04 07:16:54.571 7 WARNING cinder.scheduler.host_manager [req-438d9bed-0cbd-4c18-92e1-a855b412d6e3 b2e80c97af2b4d5b9ebecf563c93ac15 cf3582591ad84c6f96cf1cf466b3aebb - - -] volume service is down. (host: rack03-server59@lvm-1)
2022-08-04 07:16:54.745 7 WARNING cinder.scheduler.host_manager [req-04b48469-2c7f-4a14-a1e0-6fca268458b0 0e71b2227e80435aad0e98b09454ceb7 16a9b8ca35f64a55a752c9ad0850ab23 - - -] volume service is down. (host: rack03-server59@lvm-1)
2022-08-04 07:16:56.802 7 WARNING cinder.scheduler.host_manager [req-978d4820-ae72-4a15-b5a1-a087fbf53b2f 78d9c496d3714f52927b0911c782b914 c1a7ad51eb9048768868bfd64f208539 - - -] volume service is down. (host: rack03-server59@lvm-1)
2022-08-04 07:16:56.976 7 WARNING cinder.scheduler.host_manager [req-1d0b846d-1734-458e-bb73-d3f2866b8cae b2e80c97af2b4d5b9ebecf563c93ac15 cf3582591ad84c6f96cf1cf466b3aebb - - -] volume service is down. (host: rack03-server59@lvm-1)
2022-08-04 07:16:57.102 7 WARNING cinder.scheduler.host_manager [req-2cc9c492-eca4-4fb2-bb19-e0ca83ac2acb 78d9c496d3714f52927b0911c782b914 c1a7ad51eb9048768868bfd64f208539 - - -] volume service is down. (host: rack03-server59@lvm-1)
2022-08-04 07:16:57.436 7 WARNING cinder.scheduler.host_manager [req-088e7b0f-528f-4848-a0c1-9a57f803f3f4 78d9c496d3714f52927b0911c782b914 c1a7ad51eb9048768868bfd64f208539 - - -] volume service is down. (host: rack03-server59@lvm-1)
2022-08-04 07:16:57.722 7 WARNING cinder.scheduler.host_manager [req-cfe5ebe6-2934-4285-b478-c66c47926706 78d9c496d3714f52927b0911c782b914 c1a7ad51eb9048768868bfd64f208539 - - -] volume service is down. (host: rack03-server59@lvm-1)
2022-08-04 07:16:58.275 7 WARNING cinder.scheduler.host_manager [req-d2aa19eb-47b3-4326-b87f-d7c7bee48c47 78d9c496d3714f52927b0911c782b914 c1a7ad51eb9048768868bfd64f208539 - - -] volume service is down. (host: rack03-server59@lvm-1)
2022-08-04 07:17:05.215 7 WARNING cinder.scheduler.host_manager [req-772f4e85-cc5e-4c6b-8246-1b46de45a535 d9c4955dc08e4df8b810585eb62897bb f6a61fae9897448f83bfb792e43839c9 - - -] volume service is down. (host: rack03-server59@lvm-1)
2022-08-04 07:17:06.984 7 WARNING cinder.scheduler.host_manager [req-690506f2-8f30-404d-93e9-787008b17743 d9c4955dc08e4df8b810585eb62897bb f6a61fae9897448f83bfb792e43839c9 - - -] volume service is down. (host: rack03-server59@lvm-1)
2022-08-04 07:17:07.306 7 WARNING cinder.scheduler.host_manager [req-2b91f017-88a7-40df-8f9d-973b432754ca d9c4955dc08e4df8b810585eb62897bb f6a61fae9897448f83bfb792e43839c9 - - -] volume service is down. (host: rack03-server59@lvm-1)
2022-08-04 07:17:07.628 7 WARNING cinder.scheduler.host_manager [req-2cbf1b67-a669-4186-a20d-7f82c55aa217 d9c4955dc08e4df8b810585eb62897bb f6a61fae9897448f83bfb792e43839c9 - - -] volume service is down. (host: rack03-server59@lvm-1)
2022-08-04 07:17:08.207 7 WARNING cinder.scheduler.host_manager [req-c5a2c423-d67c-4364-a677-56d8160582f2 d9c4955dc08e4df8b810585eb62897bb f6a61fae9897448f83bfb792e43839c9 - - -] volume service is down. (host: rack03-server59@lvm-1)
2022-08-04 07:17:08.532 7 WARNING cinder.scheduler.host_manager [req-f289a0cc-7286-4c82-8383-9e5a0f4c0b4d d9c4955dc08e4df8b810585eb62897bb f6a61fae9897448f83bfb792e43839c9 - - -] volume service is down. (host: rack03-server59@lvm-1)
