Build Started 01_03_2023_03_52_42
2023-03-01 03:54:33.077 7 WARNING cinder.scheduler.host_manager [req-ca38928e-6223-48c9-9413-efceb3155d28 req-8da134e0-7521-489a-a4b8-262042c4e27f 296124584bd74b68b93ababdf62955b8 7cd101d07f044cd890cabac243c250d6 - - - -] volume service is down. (host: rack09-server62@lvm-1)
2023-03-01 03:54:33.158 7 WARNING cinder.scheduler.host_manager [None req-7e4ca189-cc41-41b4-9ae8-d000d27be8c4 9376271d2f1a4f90b9ce5fd83f94c9a0 44b5e1077a094fe7a8e66172330b2112 - - - -] volume service is down. (host: rack09-server62@lvm-1)
2023-03-01 03:54:33.857 7 WARNING cinder.scheduler.host_manager [None req-e28192d8-ddd2-40c8-8b5b-d52e718f6b28 90fb451dba514b2cb9799c9ec26e4521 aedbfb9174954635b3ec56f47ec7ff72 - - - -] volume service is down. (host: rack09-server62@lvm-1)
2023-03-01 03:54:33.899 7 WARNING cinder.scheduler.host_manager [None req-b6d3913c-c737-4f46-83ae-5d0ea8eae38a 90fb451dba514b2cb9799c9ec26e4521 aedbfb9174954635b3ec56f47ec7ff72 - - - -] volume service is down. (host: rack09-server62@lvm-1)
2023-03-01 03:54:35.048 7 WARNING cinder.scheduler.host_manager [req-b098f613-6ec3-4771-9d34-d0ccbb11be8b req-faefe33d-28f4-437e-a49c-91a3978561d5 296124584bd74b68b93ababdf62955b8 7cd101d07f044cd890cabac243c250d6 - - - -] volume service is down. (host: rack09-server62@lvm-1)
2023-03-01 03:54:35.049 7 WARNING oslo_messaging.rpc.client [req-b098f613-6ec3-4771-9d34-d0ccbb11be8b req-faefe33d-28f4-437e-a49c-91a3978561d5 296124584bd74b68b93ababdf62955b8 7cd101d07f044cd890cabac243c250d6 - - - -] Using RPCClient manually to instantiate client. Please use get_rpc_client to obtain an RPC client instance.
2023-03-01 03:54:38.845 7 WARNING cinder.scheduler.host_manager [None req-e17cbac0-7fe7-465c-8ad1-0f2a82606e15 8e0ee227f77d4372b12802aea6173f5c 7fd271bf34c746f4a50a97ee7f5270e2 - - - -] volume service is down. (host: rack09-server62@lvm-1)
2023-03-01 03:54:38.854 7 WARNING cinder.scheduler.host_manager [None req-e17cbac0-7fe7-465c-8ad1-0f2a82606e15 8e0ee227f77d4372b12802aea6173f5c 7fd271bf34c746f4a50a97ee7f5270e2 - - - -] volume service is down. (host: rack09-server62@lvm-1)
2023-03-01 03:54:40.443 7 WARNING cinder.scheduler.host_manager [None req-2b9e8b9e-243f-4ab2-8180-0c8ce2a20107 8e0ee227f77d4372b12802aea6173f5c 7fd271bf34c746f4a50a97ee7f5270e2 - - - -] volume service is down. (host: rack09-server62@lvm-1)
2023-03-01 03:54:42.037 7 WARNING cinder.scheduler.host_manager [req-cc4fea0e-f65d-4950-9048-cbc95f3f96ca req-4d562d9f-26f3-4c99-91b1-d87caa774692 dae2ee0b581f4630887c4cb1f62463ef 70f1881346bf49eeae614e0644bcbf1b - - - -] volume service is down. (host: rack09-server62@lvm-1)
2023-03-01 03:54:45.331 7 WARNING cinder.scheduler.host_manager [None req-ffd14b86-a841-44e9-b8f9-6e636359da47 8e0ee227f77d4372b12802aea6173f5c 7fd271bf34c746f4a50a97ee7f5270e2 - - - -] volume service is down. (host: rack09-server62@lvm-1)
2023-03-01 03:54:48.828 7 WARNING cinder.scheduler.host_manager [None req-01ec5059-b617-4e55-b4aa-1bdaba000dec b86f8d358a974497912279e7f0942664 b75f239c986e46a5b6917d3b35374f66 - - - -] volume service is down. (host: rack09-server62@lvm-1)
2023-03-01 03:54:51.425 7 WARNING cinder.scheduler.host_manager [None req-495a6608-57d4-409d-8a93-997dcc204142 8e0ee227f77d4372b12802aea6173f5c 7fd271bf34c746f4a50a97ee7f5270e2 - - - -] volume service is down. (host: rack09-server62@lvm-1)
2023-03-01 03:54:51.431 7 WARNING cinder.scheduler.host_manager [None req-550ffbc0-d4a2-4c29-90f7-601abeafb59b b86f8d358a974497912279e7f0942664 b75f239c986e46a5b6917d3b35374f66 - - - -] volume service is down. (host: rack09-server62@lvm-1)
2023-03-01 03:54:51.436 7 WARNING cinder.scheduler.host_manager [None req-495a6608-57d4-409d-8a93-997dcc204142 8e0ee227f77d4372b12802aea6173f5c 7fd271bf34c746f4a50a97ee7f5270e2 - - - -] volume service is down. (host: rack09-server62@lvm-1)
2023-03-01 03:54:52.998 7 WARNING cinder.scheduler.host_manager [None req-928e7235-35eb-40c4-b206-b501987fd0ce 8e0ee227f77d4372b12802aea6173f5c 7fd271bf34c746f4a50a97ee7f5270e2 - - - -] volume service is down. (host: rack09-server62@lvm-1)
2023-03-01 03:54:54.067 7 WARNING cinder.scheduler.host_manager [None req-2ab3ee23-c591-43ed-a677-88b8fc57179b b86f8d358a974497912279e7f0942664 b75f239c986e46a5b6917d3b35374f66 - - - -] volume service is down. (host: rack09-server62@lvm-1)
2023-03-01 03:54:55.640 7 WARNING cinder.scheduler.host_manager [None req-12eade7f-b207-461f-a394-63343d3ddcb1 8e0ee227f77d4372b12802aea6173f5c 7fd271bf34c746f4a50a97ee7f5270e2 - - - -] volume service is down. (host: rack09-server62@lvm-1)
2023-03-01 03:55:03.140 7 WARNING cinder.scheduler.host_manager [None req-336669ba-4fa0-4115-877f-80d46b41677a 9376271d2f1a4f90b9ce5fd83f94c9a0 44b5e1077a094fe7a8e66172330b2112 - - - -] volume service is down. (host: rack09-server62@lvm-1)
2023-03-01 03:55:07.965 7 WARNING cinder.scheduler.host_manager [None req-391947ff-72cc-4ec5-bb97-e52a7961b157 797ab91eee1144a1a0e51adcc5e5338d 75341cb510684cb59a9cb8b664f8836a - - - -] volume service is down. (host: rack09-server62@lvm-1)
2023-03-01 03:55:07.974 7 WARNING cinder.scheduler.host_manager [None req-391947ff-72cc-4ec5-bb97-e52a7961b157 797ab91eee1144a1a0e51adcc5e5338d 75341cb510684cb59a9cb8b664f8836a - - - -] volume service is down. (host: rack09-server62@lvm-1)
2023-03-01 03:55:09.156 7 WARNING cinder.scheduler.host_manager [None req-56f5f045-1a40-4150-b69a-4aa02ec8ca61 8e0ee227f77d4372b12802aea6173f5c 7fd271bf34c746f4a50a97ee7f5270e2 - - - -] volume service is down. (host: rack09-server62@lvm-1)
2023-03-01 03:55:09.164 7 WARNING cinder.scheduler.host_manager [None req-56f5f045-1a40-4150-b69a-4aa02ec8ca61 8e0ee227f77d4372b12802aea6173f5c 7fd271bf34c746f4a50a97ee7f5270e2 - - - -] volume service is down. (host: rack09-server62@lvm-1)
2023-03-01 03:55:09.587 7 WARNING cinder.scheduler.host_manager [None req-10ac3d9b-7877-444a-b1db-e1dd7cc1c3c7 797ab91eee1144a1a0e51adcc5e5338d 75341cb510684cb59a9cb8b664f8836a - - - -] volume service is down. (host: rack09-server62@lvm-1)
2023-03-01 03:55:10.701 7 WARNING cinder.scheduler.host_manager [None req-eada9823-4bbf-47d7-b4b5-d110d38f6869 8e0ee227f77d4372b12802aea6173f5c 7fd271bf34c746f4a50a97ee7f5270e2 - - - -] volume service is down. (host: rack09-server62@lvm-1)
2023-03-01 03:55:10.938 7 WARNING cinder.scheduler.host_manager [None req-8bb62c3e-c31c-48e5-a480-0c3a91b68d8d 797ab91eee1144a1a0e51adcc5e5338d 75341cb510684cb59a9cb8b664f8836a - - - -] volume service is down. (host: rack09-server62@lvm-1)
2023-03-01 03:55:22.752 7 WARNING cinder.scheduler.host_manager [None req-0f476358-1823-402c-af8d-f0c2f4d0e6cb 809fe0d7bce3479aafd3671a122a43d8 f7dc05fb684845afb8665dba17f63b30 - - - -] volume service is down. (host: rack09-server62@lvm-1)
2023-03-01 03:55:22.758 7 WARNING cinder.scheduler.host_manager [None req-0f476358-1823-402c-af8d-f0c2f4d0e6cb 809fe0d7bce3479aafd3671a122a43d8 f7dc05fb684845afb8665dba17f63b30 - - - -] volume service is down. (host: rack09-server62@lvm-1)
2023-03-01 03:55:28.083 7 WARNING cinder.scheduler.host_manager [None req-c11affb1-065a-41f2-8ac2-9e3dcf03aaa2 947480a5434b4ed5a28d26a951d1ba87 b5c2117429b14534a7eb955b12dadb0e - - - -] volume service is down. (host: rack09-server62@lvm-1)
2023-03-01 03:55:28.089 7 WARNING cinder.scheduler.host_manager [None req-c11affb1-065a-41f2-8ac2-9e3dcf03aaa2 947480a5434b4ed5a28d26a951d1ba87 b5c2117429b14534a7eb955b12dadb0e - - - -] volume service is down. (host: rack09-server62@lvm-1)
2023-03-01 03:55:29.313 7 WARNING cinder.scheduler.host_manager [None req-7c4dc291-b3f8-451d-a2d5-7ed5674cd416 947480a5434b4ed5a28d26a951d1ba87 b5c2117429b14534a7eb955b12dadb0e - - - -] volume service is down. (host: rack09-server62@lvm-1)
2023-03-01 03:55:29.320 7 WARNING cinder.scheduler.host_manager [None req-7c4dc291-b3f8-451d-a2d5-7ed5674cd416 947480a5434b4ed5a28d26a951d1ba87 b5c2117429b14534a7eb955b12dadb0e - - - -] volume service is down. (host: rack09-server62@lvm-1)
2023-03-01 03:55:29.918 7 WARNING cinder.scheduler.host_manager [None req-fe2393ac-fb84-4962-b68c-e10f152e723a a7ec6fa2ac6d4b54b99291fcdf7a1ac3 7b233a0ffcdf42d1af5c46fbe7768223 - - - -] volume service is down. (host: rack09-server62@lvm-1)
2023-03-01 03:55:30.908 7 WARNING cinder.scheduler.host_manager [None req-f9057606-3c6a-4da6-8bb5-4573102d8f6f 947480a5434b4ed5a28d26a951d1ba87 b5c2117429b14534a7eb955b12dadb0e - - - -] volume service is down. (host: rack09-server62@lvm-1)
2023-03-01 03:55:35.608 7 WARNING cinder.scheduler.host_manager [None req-ea37953d-9dec-4711-90ca-322146e4eab2 226ed6bfdcee49a9a033e1ad08db1c0c 48f070c97e5d45259f287a6b34abd1bf - - - -] volume service is down. (host: rack09-server62@lvm-1)
2023-03-01 03:55:36.360 7 WARNING cinder.scheduler.host_manager [None req-39a13c66-dfbd-42a9-9297-c78822489e17 947480a5434b4ed5a28d26a951d1ba87 b5c2117429b14534a7eb955b12dadb0e - - - -] volume service is down. (host: rack09-server62@lvm-1)
2023-03-01 03:55:36.367 7 WARNING cinder.scheduler.host_manager [None req-39a13c66-dfbd-42a9-9297-c78822489e17 947480a5434b4ed5a28d26a951d1ba87 b5c2117429b14534a7eb955b12dadb0e - - - -] volume service is down. (host: rack09-server62@lvm-1)
2023-03-01 03:55:37.933 7 WARNING cinder.scheduler.host_manager [None req-47a6d019-78c8-48f3-8700-ed083ef3fae7 947480a5434b4ed5a28d26a951d1ba87 b5c2117429b14534a7eb955b12dadb0e - - - -] volume service is down. (host: rack09-server62@lvm-1)
2023-03-01 03:55:40.534 7 WARNING cinder.scheduler.host_manager [None req-add1f4bb-ed0f-4a47-9245-452de86ba186 947480a5434b4ed5a28d26a951d1ba87 b5c2117429b14534a7eb955b12dadb0e - - - -] volume service is down. (host: rack09-server62@lvm-1)
2023-03-01 03:55:51.276 7 WARNING cinder.scheduler.host_manager [None req-a400fc25-93a6-49e8-9c66-e48397c8215a c47bfe58d7184482a548eaddd988c442 ecb3a0496f01471b933f398de1289378 - - - -] volume service is down. (host: rack09-server62@lvm-1)
2023-03-01 03:55:57.077 7 WARNING cinder.scheduler.host_manager [None req-a45097db-d558-471a-b293-8980b1cf68c3 c47bfe58d7184482a548eaddd988c442 ecb3a0496f01471b933f398de1289378 - - - -] volume service is down. (host: rack09-server62@lvm-1)
2023-03-01 03:56:00.864 7 WARNING cinder.scheduler.host_manager [None req-2822b07f-8e6c-4eb4-912e-ecef7b565320 c47bfe58d7184482a548eaddd988c442 ecb3a0496f01471b933f398de1289378 - - - -] volume service is down. (host: rack09-server62@lvm-1)
2023-03-01 03:56:02.252 7 WARNING cinder.scheduler.host_manager [None req-80479946-fa7a-4661-911a-4ebc42cab1f9 6e76ed4e18ab4c6caa0edc3a5015c9a6 481707d7472e45c4ac2eb659760908b8 - - - -] volume service is down. (host: rack09-server62@lvm-1)
2023-03-01 03:56:03.625 7 WARNING cinder.scheduler.host_manager [None req-f2761d88-4415-4823-9521-2dc7aaf21083 c47bfe58d7184482a548eaddd988c442 ecb3a0496f01471b933f398de1289378 - - - -] volume service is down. (host: rack09-server62@lvm-1)
2023-03-01 03:56:06.072 7 WARNING cinder.scheduler.host_manager [None req-88a85a3c-a409-436f-86b0-b0de00bef4c4 6e76ed4e18ab4c6caa0edc3a5015c9a6 481707d7472e45c4ac2eb659760908b8 - - - -] volume service is down. (host: rack09-server62@lvm-1)
2023-03-01 03:56:07.375 7 WARNING cinder.scheduler.host_manager [None req-82f993c4-a033-4a44-b608-ca0855da9b8b c47bfe58d7184482a548eaddd988c442 ecb3a0496f01471b933f398de1289378 - - - -] volume service is down. (host: rack09-server62@lvm-1)
2023-03-01 03:56:11.160 7 WARNING cinder.scheduler.host_manager [None req-d7b47fbb-55d2-476c-8c08-139f7933b345 c47bfe58d7184482a548eaddd988c442 ecb3a0496f01471b933f398de1289378 - - - -] volume service is down. (host: rack09-server62@lvm-1)
2023-03-01 03:56:16.518 7 WARNING cinder.scheduler.host_manager [None req-8a827cbc-4cfc-4038-bd89-cfec6d0a8d12 9376271d2f1a4f90b9ce5fd83f94c9a0 44b5e1077a094fe7a8e66172330b2112 - - - -] volume service is down. (host: rack09-server62@lvm-1)
2023-03-01 03:56:18.451 7 WARNING cinder.scheduler.host_manager [None req-c99af098-9f3f-4ab5-a74b-8f3604a13b07 21c32ccfe50641efa60a1d998f1318b6 362438699fd74eee947398dbdec55c26 - - - -] volume service is down. (host: rack09-server62@lvm-1)
2023-03-01 03:56:22.085 7 WARNING cinder.scheduler.host_manager [None req-d4dd8f93-4c27-483c-a860-091ee04d292d 9eb8cdb7ae964d8fa6ef80b3efa4cdf6 65e7bfbd7b654aedaacb2e6bf4e1d64e - - - -] volume service is down. (host: rack09-server62@lvm-1)
2023-03-01 03:56:24.463 7 WARNING cinder.scheduler.host_manager [None req-6e42b358-fbc2-4f0e-a39c-9ce577b66554 9eb8cdb7ae964d8fa6ef80b3efa4cdf6 65e7bfbd7b654aedaacb2e6bf4e1d64e - - - -] volume service is down. (host: rack09-server62@lvm-1)
2023-03-01 03:56:24.464 7 WARNING oslo_messaging.rpc.client [None req-6e42b358-fbc2-4f0e-a39c-9ce577b66554 9eb8cdb7ae964d8fa6ef80b3efa4cdf6 65e7bfbd7b654aedaacb2e6bf4e1d64e - - - -] Using RPCClient manually to instantiate client. Please use get_rpc_client to obtain an RPC client instance.
2023-03-01 03:56:27.594 7 WARNING cinder.scheduler.host_manager [None req-32794d0b-10a9-4843-9291-a5c6d0318e73 26148d0b254548f292af0c88ca1d0112 275923693d5245bf8ae6b3c9c33a210b - - - -] volume service is down. (host: rack09-server62@lvm-1)
2023-03-01 03:56:29.992 7 WARNING cinder.scheduler.host_manager [None req-30e25918-efd6-4d72-b2de-e93301bda4ec 26148d0b254548f292af0c88ca1d0112 275923693d5245bf8ae6b3c9c33a210b - - - -] volume service is down. (host: rack09-server62@lvm-1)
2023-03-01 03:56:29.993 7 WARNING oslo_messaging.rpc.client [None req-30e25918-efd6-4d72-b2de-e93301bda4ec 26148d0b254548f292af0c88ca1d0112 275923693d5245bf8ae6b3c9c33a210b - - - -] Using RPCClient manually to instantiate client. Please use get_rpc_client to obtain an RPC client instance.
2023-03-01 03:56:34.005 7 WARNING cinder.scheduler.host_manager [None req-b5008cf8-2182-4c6e-9ace-3a4e0de4b3be 3baafea43f2b48a4b7ba0718d72fdb00 ec439e5a01d0481d9857291809de5d21 - - - -] volume service is down. (host: rack09-server62@lvm-1)
2023-03-01 03:56:34.647 7 WARNING cinder.scheduler.host_manager [req-6f15004e-e9f6-4948-b0c8-53ed26c4dc13 req-6d54a6be-19eb-4fe5-8f6e-449bca78cdd6 9376271d2f1a4f90b9ce5fd83f94c9a0 44b5e1077a094fe7a8e66172330b2112 - - - -] volume service is down. (host: rack09-server62@lvm-1)
2023-03-01 03:56:34.648 7 WARNING oslo_messaging.rpc.client [req-6f15004e-e9f6-4948-b0c8-53ed26c4dc13 req-6d54a6be-19eb-4fe5-8f6e-449bca78cdd6 9376271d2f1a4f90b9ce5fd83f94c9a0 44b5e1077a094fe7a8e66172330b2112 - - - -] Using RPCClient manually to instantiate client. Please use get_rpc_client to obtain an RPC client instance.
2023-03-01 03:56:40.758 7 WARNING cinder.scheduler.host_manager [None req-4b7c6741-e18a-4efd-8342-8fdb0c8985cf b2cdc68d29ae4e66a0ab147c5525b7bf 23a9691f55084a4a9a6178e2ac5f32d2 - - - -] volume service is down. (host: rack09-server62@lvm-1)
2023-03-01 03:56:50.548 7 WARNING cinder.scheduler.host_manager [None req-8d6bbf97-b6f7-4bd5-882a-dfed4ae32f61 c8224ec3e84c4664b56217e0f1167790 2a4dd61a69e84514b3f72ab6f77f7e73 - - - -] volume service is down. (host: rack09-server62@lvm-1)
2023-03-01 03:56:55.765 7 WARNING cinder.scheduler.host_manager [None req-54db842d-d4aa-4ea5-8991-d59cf2d90a93 c8224ec3e84c4664b56217e0f1167790 2a4dd61a69e84514b3f72ab6f77f7e73 - - - -] volume service is down. (host: rack09-server62@lvm-1)
2023-03-01 03:57:01.987 7 WARNING cinder.scheduler.host_manager [None req-5a8bf82c-0465-47d0-8f81-8e0e75e3a369 a010d387aed04d2c871ba3105aa2bb88 745882f819da4a99a31651cff2bfda0b - - - -] volume service is down. (host: rack09-server62@lvm-1)
2023-03-01 03:57:03.123 7 WARNING cinder.scheduler.host_manager [None req-d338f9ef-14f0-4ad6-a517-105d410631e4 b754b568972c482691e611fa97cd61b7 b64e2a25456440e8a41c23393396e14b - - - -] volume service is down. (host: rack09-server62@lvm-1)
2023-03-01 03:57:04.567 7 WARNING cinder.scheduler.host_manager [None req-98c4e363-491e-4745-852d-ad023b1a46e0 a010d387aed04d2c871ba3105aa2bb88 745882f819da4a99a31651cff2bfda0b - - - -] volume service is down. (host: rack09-server62@lvm-1)
2023-03-01 03:57:07.134 7 WARNING cinder.scheduler.host_manager [None req-4e84c207-dcc0-49fc-8428-7d5d924b0da9 a010d387aed04d2c871ba3105aa2bb88 745882f819da4a99a31651cff2bfda0b - - - -] volume service is down. (host: rack09-server62@lvm-1)
2023-03-01 03:57:10.054 7 WARNING cinder.scheduler.host_manager [None req-bb3f59a5-c21c-4fee-b1a0-fd453c7f6189 c4fb1c6eb8b447a18aaf305cb193f0d7 a088fb84e602427f9f1d2e51f7797b6c - - - -] volume service is down. (host: rack09-server62@lvm-1)
2023-03-01 03:57:12.779 7 WARNING cinder.scheduler.host_manager [None req-cee3731d-addb-442c-a923-0c0d8318c12a 33bb54af4035468ea970c29764e92fde 2b3996ebae8144a58bdc64118354d4f5 - - - -] volume service is down. (host: rack09-server62@lvm-1)
2023-03-01 03:57:15.149 7 WARNING cinder.scheduler.host_manager [None req-62bd5a44-276d-42b0-be57-c7c643963655 33bb54af4035468ea970c29764e92fde 2b3996ebae8144a58bdc64118354d4f5 - - - -] volume service is down. (host: rack09-server62@lvm-1)
2023-03-01 03:57:15.150 7 WARNING oslo_messaging.rpc.client [None req-62bd5a44-276d-42b0-be57-c7c643963655 33bb54af4035468ea970c29764e92fde 2b3996ebae8144a58bdc64118354d4f5 - - - -] Using RPCClient manually to instantiate client. Please use get_rpc_client to obtain an RPC client instance.
2023-03-01 03:57:15.207 7 WARNING cinder.scheduler.host_manager [None req-94a359ec-3fd6-42c3-b92c-c7d8d4edb751 b754b568972c482691e611fa97cd61b7 b64e2a25456440e8a41c23393396e14b - - - -] volume service is down. (host: rack09-server62@lvm-1)
2023-03-01 03:57:17.788 7 WARNING cinder.scheduler.host_manager [None req-6b8f55a1-fdbb-4624-a527-f57e8f228f7b b754b568972c482691e611fa97cd61b7 b64e2a25456440e8a41c23393396e14b - - - -] volume service is down. (host: rack09-server62@lvm-1)
2023-03-01 03:57:17.825 7 WARNING cinder.scheduler.host_manager [None req-e6a4324e-945f-4bc1-bfae-2c5f55f13659 33bb54af4035468ea970c29764e92fde 2b3996ebae8144a58bdc64118354d4f5 - - - -] volume service is down. (host: rack09-server62@lvm-1)
2023-03-01 03:57:17.826 7 WARNING oslo_messaging.rpc.client [None req-e6a4324e-945f-4bc1-bfae-2c5f55f13659 33bb54af4035468ea970c29764e92fde 2b3996ebae8144a58bdc64118354d4f5 - - - -] Using RPCClient manually to instantiate client. Please use get_rpc_client to obtain an RPC client instance.
2023-03-01 03:57:20.345 7 WARNING cinder.scheduler.host_manager [None req-54599385-74de-4aa3-8531-6e465da11989 b754b568972c482691e611fa97cd61b7 b64e2a25456440e8a41c23393396e14b - - - -] volume service is down. (host: rack09-server62@lvm-1)
2023-03-01 03:57:21.430 7 WARNING cinder.scheduler.host_manager [None req-b91bcc76-b607-4476-830c-df7016dfb4c9 33bb54af4035468ea970c29764e92fde 2b3996ebae8144a58bdc64118354d4f5 - - - -] volume service is down. (host: rack09-server62@lvm-1)
2023-03-01 03:57:21.431 7 WARNING oslo_messaging.rpc.client [None req-b91bcc76-b607-4476-830c-df7016dfb4c9 33bb54af4035468ea970c29764e92fde 2b3996ebae8144a58bdc64118354d4f5 - - - -] Using RPCClient manually to instantiate client. Please use get_rpc_client to obtain an RPC client instance.
2023-03-01 03:57:24.524 7 WARNING cinder.scheduler.host_manager [None req-4dac048d-dae3-4ca0-ab80-537c56a81c5b 42038b55dd854bb594a0db16ceddeb9e 7932cb0b85434c89b19884585411607e - - - -] volume service is down. (host: rack09-server62@lvm-1)
2023-03-01 03:57:25.056 7 WARNING cinder.scheduler.host_manager [None req-d9aa121e-8910-478b-b8ee-99ecdfd2fe74 33bb54af4035468ea970c29764e92fde 2b3996ebae8144a58bdc64118354d4f5 - - - -] volume service is down. (host: rack09-server62@lvm-1)
2023-03-01 03:57:25.056 7 WARNING oslo_messaging.rpc.client [None req-d9aa121e-8910-478b-b8ee-99ecdfd2fe74 33bb54af4035468ea970c29764e92fde 2b3996ebae8144a58bdc64118354d4f5 - - - -] Using RPCClient manually to instantiate client. Please use get_rpc_client to obtain an RPC client instance.
2023-03-01 03:57:28.644 7 WARNING cinder.scheduler.host_manager [None req-19ac3ad3-2e00-4a92-90b1-1929c8b27922 33bb54af4035468ea970c29764e92fde 2b3996ebae8144a58bdc64118354d4f5 - - - -] volume service is down. (host: rack09-server62@lvm-1)
2023-03-01 03:57:28.645 7 WARNING oslo_messaging.rpc.client [None req-19ac3ad3-2e00-4a92-90b1-1929c8b27922 33bb54af4035468ea970c29764e92fde 2b3996ebae8144a58bdc64118354d4f5 - - - -] Using RPCClient manually to instantiate client. Please use get_rpc_client to obtain an RPC client instance.
2023-03-01 03:57:29.664 7 WARNING cinder.scheduler.host_manager [None req-b4068e6f-b2c9-4a52-80ad-175e51924d0e 42038b55dd854bb594a0db16ceddeb9e 7932cb0b85434c89b19884585411607e - - - -] volume service is down. (host: rack09-server62@lvm-1)
2023-03-01 03:57:32.719 7 WARNING cinder.scheduler.host_manager [None req-bde232b7-9f35-4939-a414-0269cda92f1a 75d942c93c3040e19496ae1d3f643420 c7e533d2a61e4336bd55d3c51a87aefd - - - -] volume service is down. (host: rack09-server62@lvm-1)
2023-03-01 03:57:36.996 7 WARNING cinder.scheduler.host_manager [None req-342c140e-8515-4e26-9ea6-121db6a51830 e0613aef363f4ad9bfa5a7b8d10d5319 80d909c684bf4304bb95646c0f96b33e - - - -] volume service is down. (host: rack09-server62@lvm-1)
2023-03-01 03:57:39.612 7 WARNING cinder.scheduler.host_manager [None req-980f9c2f-07c9-4970-8e04-296273cda029 767b7bca7485498bb044f4cece9fa872 7a2cb13b861f4f6995ef1e04b3f84c96 - - - -] volume service is down. (host: rack09-server62@lvm-1)
2023-03-01 03:57:39.613 7 INFO cinder.scheduler.base_filter [None req-980f9c2f-07c9-4970-8e04-296273cda029 767b7bca7485498bb044f4cece9fa872 7a2cb13b861f4f6995ef1e04b3f84c96 - - - -] Filtering removed all hosts for the request with volume ID '1d361251-2dc7-4fb3-ae61-2623cee4f936'. Filter results: AvailabilityZoneFilter: (start: 1, end: 1), CapacityFilter: (start: 1, end: 1), CapabilitiesFilter: (start: 1, end: 0)
2023-03-01 03:57:39.613 7 WARNING cinder.scheduler.filter_scheduler [None req-980f9c2f-07c9-4970-8e04-296273cda029 767b7bca7485498bb044f4cece9fa872 7a2cb13b861f4f6995ef1e04b3f84c96 - - - -] No weighed backend found for volume with properties: {'id': 'ca8c8e78-2508-4adf-8d6b-06eccb8a3d42', 'name': 'tempest-UserMessagesTest-volume-type-1672618200', 'description': None, 'is_public': True, 'projects': [], 'extra_specs': {'storage_protocol': 'tempest-storage_protocol-1880320129', 'vendor_name': 'tempest-vendor_name-1777395504'}, 'qos_specs_id': None, 'created_at': '2023-03-01T03:57:38.000000', 'updated_at': None, 'deleted_at': None, 'deleted': False}
2023-03-01 03:57:39.614 7 INFO cinder.message.api [None req-980f9c2f-07c9-4970-8e04-296273cda029 767b7bca7485498bb044f4cece9fa872 7a2cb13b861f4f6995ef1e04b3f84c96 - - - -] Creating message record for request_id = req-980f9c2f-07c9-4970-8e04-296273cda029
2023-03-01 03:57:39.618 7 ERROR cinder.scheduler.flows.create_volume [None req-980f9c2f-07c9-4970-8e04-296273cda029 767b7bca7485498bb044f4cece9fa872 7a2cb13b861f4f6995ef1e04b3f84c96 - - - -] Failed to run task cinder.scheduler.flows.create_volume.ScheduleCreateVolumeTask;volume:create: No valid backend was found. No weighed backends available: cinder.exception.NoValidBackend: No valid backend was found. No weighed backends available
2023-03-01 03:57:41.441 7 WARNING cinder.scheduler.host_manager [None req-f0dc56a6-67d0-49cc-970d-15bc7dc8fbcc 767b7bca7485498bb044f4cece9fa872 7a2cb13b861f4f6995ef1e04b3f84c96 - - - -] volume service is down. (host: rack09-server62@lvm-1)
2023-03-01 03:57:41.442 7 INFO cinder.scheduler.base_filter [None req-f0dc56a6-67d0-49cc-970d-15bc7dc8fbcc 767b7bca7485498bb044f4cece9fa872 7a2cb13b861f4f6995ef1e04b3f84c96 - - - -] Filtering removed all hosts for the request with volume ID '20770f55-9dc7-47c3-aa2c-feb79c03d93a'. Filter results: AvailabilityZoneFilter: (start: 1, end: 1), CapacityFilter: (start: 1, end: 1), CapabilitiesFilter: (start: 1, end: 0)
2023-03-01 03:57:41.443 7 WARNING cinder.scheduler.filter_scheduler [None req-f0dc56a6-67d0-49cc-970d-15bc7dc8fbcc 767b7bca7485498bb044f4cece9fa872 7a2cb13b861f4f6995ef1e04b3f84c96 - - - -] No weighed backend found for volume with properties: {'id': '1e9128a9-dd85-4d31-a5b7-2f7e05412c8c', 'name': 'tempest-UserMessagesTest-volume-type-196389956', 'description': None, 'is_public': True, 'projects': [], 'extra_specs': {'storage_protocol': 'tempest-storage_protocol-505386158', 'vendor_name': 'tempest-vendor_name-813726275'}, 'qos_specs_id': None, 'created_at': '2023-03-01T03:57:40.000000', 'updated_at': None, 'deleted_at': None, 'deleted': False}
2023-03-01 03:57:41.443 7 INFO cinder.message.api [None req-f0dc56a6-67d0-49cc-970d-15bc7dc8fbcc 767b7bca7485498bb044f4cece9fa872 7a2cb13b861f4f6995ef1e04b3f84c96 - - - -] Creating message record for request_id = req-f0dc56a6-67d0-49cc-970d-15bc7dc8fbcc
2023-03-01 03:57:41.447 7 ERROR cinder.scheduler.flows.create_volume [None req-f0dc56a6-67d0-49cc-970d-15bc7dc8fbcc 767b7bca7485498bb044f4cece9fa872 7a2cb13b861f4f6995ef1e04b3f84c96 - - - -] Failed to run task cinder.scheduler.flows.create_volume.ScheduleCreateVolumeTask;volume:create: No valid backend was found. No weighed backends available: cinder.exception.NoValidBackend: No valid backend was found. No weighed backends available
2023-03-01 03:57:41.854 7 WARNING cinder.scheduler.host_manager [None req-f5a0baae-b0aa-49d2-98cc-3dcaf64d48ea 75d942c93c3040e19496ae1d3f643420 c7e533d2a61e4336bd55d3c51a87aefd - - - -] volume service is down. (host: rack09-server62@lvm-1)
2023-03-01 03:57:41.855 7 WARNING oslo_messaging.rpc.client [None req-f5a0baae-b0aa-49d2-98cc-3dcaf64d48ea 75d942c93c3040e19496ae1d3f643420 c7e533d2a61e4336bd55d3c51a87aefd - - - -] Using RPCClient manually to instantiate client. Please use get_rpc_client to obtain an RPC client instance.
2023-03-01 03:57:53.936 7 WARNING cinder.scheduler.host_manager [None req-bb969300-78e8-43f3-b868-af5565ceac99 a1db5afbab8642fc9cbad419c4b9a5d9 8f6bd693713f4b71a7a525f31d931648 - - - -] volume service is down. (host: rack09-server62@lvm-1)
2023-03-01 03:57:54.090 7 WARNING cinder.scheduler.host_manager [None req-a7ed7bbd-6ee9-4419-bc23-ca21ddf77661 9e1fe47c8f3e4e11888c2e6851f6fc0e c218966ff1f44bb3a9592a2d281112e9 - - - -] volume service is down. (host: rack09-server62@lvm-1)
2023-03-01 03:57:56.674 7 WARNING cinder.scheduler.host_manager [None req-d4bd8187-410e-44a4-b4f8-a5ba3e80dfdc 9e1fe47c8f3e4e11888c2e6851f6fc0e c218966ff1f44bb3a9592a2d281112e9 - - - -] volume service is down. (host: rack09-server62@lvm-1)
2023-03-01 03:57:56.675 7 WARNING oslo_messaging.rpc.client [None req-d4bd8187-410e-44a4-b4f8-a5ba3e80dfdc 9e1fe47c8f3e4e11888c2e6851f6fc0e c218966ff1f44bb3a9592a2d281112e9 - - - -] Using RPCClient manually to instantiate client. Please use get_rpc_client to obtain an RPC client instance.
2023-03-01 03:58:01.734 7 WARNING cinder.scheduler.host_manager [None req-90c3e151-ff3e-457a-af56-c586792123e8 a1db5afbab8642fc9cbad419c4b9a5d9 8f6bd693713f4b71a7a525f31d931648 - - - -] volume service is down. (host: rack09-server62@lvm-1)
2023-03-01 03:58:12.935 7 WARNING cinder.scheduler.host_manager [None req-a18cfe22-4dd9-4e1f-b3a9-5aa9291da45e 9489519344d64e4485e6920b88430a1e 4e776823b95f40e2981d1228dfccfb47 - - - -] volume service is down. (host: rack09-server62@lvm-1)
2023-03-01 03:58:13.492 7 WARNING cinder.scheduler.host_manager [None req-2f115162-ad4d-4e5d-9574-82fc90614ef3 3d0f8aa8cf9545a09c40a923c5157347 e8e1e92b1658418cb46b11297e7ed7ca - - - -] volume service is down. (host: rack09-server62@lvm-1)
2023-03-01 03:58:16.168 7 WARNING cinder.scheduler.host_manager [None req-3d0c9f06-05e2-49ed-99f9-d22fd2c8b752 a1db5afbab8642fc9cbad419c4b9a5d9 8f6bd693713f4b71a7a525f31d931648 - - - -] volume service is down. (host: rack09-server62@lvm-1)
2023-03-01 03:58:16.169 7 WARNING oslo_messaging.rpc.client [None req-3d0c9f06-05e2-49ed-99f9-d22fd2c8b752 a1db5afbab8642fc9cbad419c4b9a5d9 8f6bd693713f4b71a7a525f31d931648 - - - -] Using RPCClient manually to instantiate client. Please use get_rpc_client to obtain an RPC client instance.
2023-03-01 03:58:18.477 7 WARNING cinder.scheduler.host_manager [None req-21370a43-03b3-4db5-a8c0-cd2b321caa3a a1db5afbab8642fc9cbad419c4b9a5d9 8f6bd693713f4b71a7a525f31d931648 - - - -] volume service is down. (host: rack09-server62@lvm-1)
2023-03-01 03:58:18.478 7 WARNING oslo_messaging.rpc.client [None req-21370a43-03b3-4db5-a8c0-cd2b321caa3a a1db5afbab8642fc9cbad419c4b9a5d9 8f6bd693713f4b71a7a525f31d931648 - - - -] Using RPCClient manually to instantiate client. Please use get_rpc_client to obtain an RPC client instance.
2023-03-01 03:58:20.812 7 WARNING cinder.scheduler.host_manager [None req-83f0c334-3932-4cd5-b00c-79edc684905a a1db5afbab8642fc9cbad419c4b9a5d9 8f6bd693713f4b71a7a525f31d931648 - - - -] volume service is down. (host: rack09-server62@lvm-1)
2023-03-01 03:58:20.813 7 WARNING oslo_messaging.rpc.client [None req-83f0c334-3932-4cd5-b00c-79edc684905a a1db5afbab8642fc9cbad419c4b9a5d9 8f6bd693713f4b71a7a525f31d931648 - - - -] Using RPCClient manually to instantiate client. Please use get_rpc_client to obtain an RPC client instance.
2023-03-01 03:58:24.847 7 WARNING cinder.scheduler.host_manager [None req-c1837d3c-1444-45d2-a601-bf5ecfed479d 9489519344d64e4485e6920b88430a1e 4e776823b95f40e2981d1228dfccfb47 - - - -] volume service is down. (host: rack09-server62@lvm-1)
2023-03-01 03:58:24.848 7 WARNING oslo_messaging.rpc.client [None req-c1837d3c-1444-45d2-a601-bf5ecfed479d 9489519344d64e4485e6920b88430a1e 4e776823b95f40e2981d1228dfccfb47 - - - -] Using RPCClient manually to instantiate client. Please use get_rpc_client to obtain an RPC client instance.
2023-03-01 03:58:26.417 7 WARNING cinder.scheduler.host_manager [None req-6ce5b69e-38de-46fe-822c-6c99733100f5 9489519344d64e4485e6920b88430a1e 4e776823b95f40e2981d1228dfccfb47 - - - -] volume service is down. (host: rack09-server62@lvm-1)
2023-03-01 03:58:28.794 7 WARNING cinder.scheduler.host_manager [None req-666a61bc-d83c-4748-8e7e-f0f167837ecd 9489519344d64e4485e6920b88430a1e 4e776823b95f40e2981d1228dfccfb47 - - - -] volume service is down. (host: rack09-server62@lvm-1)
2023-03-01 03:58:28.795 7 WARNING oslo_messaging.rpc.client [None req-666a61bc-d83c-4748-8e7e-f0f167837ecd 9489519344d64e4485e6920b88430a1e 4e776823b95f40e2981d1228dfccfb47 - - - -] Using RPCClient manually to instantiate client. Please use get_rpc_client to obtain an RPC client instance.
2023-03-01 03:58:30.078 7 WARNING cinder.scheduler.host_manager [None req-ffd7cfc3-e92f-4513-a5fb-fd649122775c a1db5afbab8642fc9cbad419c4b9a5d9 8f6bd693713f4b71a7a525f31d931648 - - - -] volume service is down. (host: rack09-server62@lvm-1)
2023-03-01 03:58:30.079 7 WARNING oslo_messaging.rpc.client [None req-ffd7cfc3-e92f-4513-a5fb-fd649122775c a1db5afbab8642fc9cbad419c4b9a5d9 8f6bd693713f4b71a7a525f31d931648 - - - -] Using RPCClient manually to instantiate client. Please use get_rpc_client to obtain an RPC client instance.
2023-03-01 03:58:31.171 7 WARNING cinder.scheduler.host_manager [None req-0de9d49e-f0a9-4cec-a0ff-62b532ef126a 9489519344d64e4485e6920b88430a1e 4e776823b95f40e2981d1228dfccfb47 - - - -] volume service is down. (host: rack09-server62@lvm-1)
2023-03-01 03:58:31.172 7 WARNING oslo_messaging.rpc.client [None req-0de9d49e-f0a9-4cec-a0ff-62b532ef126a 9489519344d64e4485e6920b88430a1e 4e776823b95f40e2981d1228dfccfb47 - - - -] Using RPCClient manually to instantiate client. Please use get_rpc_client to obtain an RPC client instance.
2023-03-01 03:58:32.230 7 WARNING cinder.scheduler.host_manager [None req-8f521534-5879-44cd-a139-b54fcba5dedf 4489b0a26a9748e2a00ee3f537ffba29 99a0cbc140a347998459b3569a92e30b - - - -] volume service is down. (host: rack09-server62@lvm-1)
2023-03-01 03:58:33.643 7 WARNING cinder.scheduler.host_manager [None req-3a6d7e17-9cd1-40d8-9837-ccea669e0860 a1db5afbab8642fc9cbad419c4b9a5d9 8f6bd693713f4b71a7a525f31d931648 - - - -] volume service is down. (host: rack09-server62@lvm-1)
2023-03-01 03:58:33.644 7 WARNING oslo_messaging.rpc.client [None req-3a6d7e17-9cd1-40d8-9837-ccea669e0860 a1db5afbab8642fc9cbad419c4b9a5d9 8f6bd693713f4b71a7a525f31d931648 - - - -] Using RPCClient manually to instantiate client. Please use get_rpc_client to obtain an RPC client instance.
2023-03-01 03:58:34.622 7 WARNING cinder.scheduler.host_manager [None req-2416604c-ae81-413a-a1da-a1fd30c5bb1f 4489b0a26a9748e2a00ee3f537ffba29 99a0cbc140a347998459b3569a92e30b - - - -] volume service is down. (host: rack09-server62@lvm-1)
2023-03-01 03:58:34.624 7 WARNING oslo_messaging.rpc.client [None req-2416604c-ae81-413a-a1da-a1fd30c5bb1f 4489b0a26a9748e2a00ee3f537ffba29 99a0cbc140a347998459b3569a92e30b - - - -] Using RPCClient manually to instantiate client. Please use get_rpc_client to obtain an RPC client instance.
2023-03-01 03:58:36.927 7 WARNING cinder.scheduler.host_manager [None req-f00df2c1-1977-46ce-955b-18d01e873e2b 4489b0a26a9748e2a00ee3f537ffba29 99a0cbc140a347998459b3569a92e30b - - - -] volume service is down. (host: rack09-server62@lvm-1)
2023-03-01 03:58:36.928 7 WARNING oslo_messaging.rpc.client [None req-f00df2c1-1977-46ce-955b-18d01e873e2b 4489b0a26a9748e2a00ee3f537ffba29 99a0cbc140a347998459b3569a92e30b - - - -] Using RPCClient manually to instantiate client. Please use get_rpc_client to obtain an RPC client instance.
2023-03-01 03:58:38.784 7 WARNING cinder.scheduler.host_manager [None req-f68f18d4-3ae2-4642-ad28-f74f6329d105 7531539440064bab94cd3e2cf0e24b48 f93bb2a1ac0a4a56a0648e28e7281882 - - - -] volume service is down. (host: rack09-server62@lvm-1)
2023-03-01 03:58:40.682 7 WARNING cinder.scheduler.host_manager [None req-01f18a24-d5f9-4f4d-a017-143ac9b11f0b 4489b0a26a9748e2a00ee3f537ffba29 99a0cbc140a347998459b3569a92e30b - - - -] volume service is down. (host: rack09-server62@lvm-1)
2023-03-01 03:58:41.560 7 WARNING cinder.scheduler.host_manager [None req-32f8e5db-b007-4ccc-9ff8-e46bcf61bc91 7531539440064bab94cd3e2cf0e24b48 f93bb2a1ac0a4a56a0648e28e7281882 - - - -] volume service is down. (host: rack09-server62@lvm-1)
2023-03-01 03:58:42.597 7 WARNING cinder.scheduler.host_manager [None req-dff417b6-6bd7-434a-a940-5eb10c5b67b4 a1db5afbab8642fc9cbad419c4b9a5d9 8f6bd693713f4b71a7a525f31d931648 - - - -] volume service is down. (host: rack09-server62@lvm-1)
2023-03-01 03:58:42.598 7 WARNING oslo_messaging.rpc.client [None req-dff417b6-6bd7-434a-a940-5eb10c5b67b4 a1db5afbab8642fc9cbad419c4b9a5d9 8f6bd693713f4b71a7a525f31d931648 - - - -] Using RPCClient manually to instantiate client. Please use get_rpc_client to obtain an RPC client instance.
2023-03-01 03:58:43.383 7 WARNING cinder.scheduler.host_manager [None req-f8b7f39c-4166-481b-87fe-55d53ca40d25 4489b0a26a9748e2a00ee3f537ffba29 99a0cbc140a347998459b3569a92e30b - - - -] volume service is down. (host: rack09-server62@lvm-1)
2023-03-01 03:58:43.384 7 WARNING oslo_messaging.rpc.client [None req-f8b7f39c-4166-481b-87fe-55d53ca40d25 4489b0a26a9748e2a00ee3f537ffba29 99a0cbc140a347998459b3569a92e30b - - - -] Using RPCClient manually to instantiate client. Please use get_rpc_client to obtain an RPC client instance.
2023-03-01 03:58:44.946 7 WARNING cinder.scheduler.host_manager [None req-79656cd6-def3-4392-a894-1d2f1966c1cd a1db5afbab8642fc9cbad419c4b9a5d9 8f6bd693713f4b71a7a525f31d931648 - - - -] volume service is down. (host: rack09-server62@lvm-1)
2023-03-01 03:58:44.947 7 WARNING oslo_messaging.rpc.client [None req-79656cd6-def3-4392-a894-1d2f1966c1cd a1db5afbab8642fc9cbad419c4b9a5d9 8f6bd693713f4b71a7a525f31d931648 - - - -] Using RPCClient manually to instantiate client. Please use get_rpc_client to obtain an RPC client instance.
2023-03-01 03:58:46.302 7 WARNING cinder.scheduler.host_manager [None req-63a03b96-494a-49b8-bc98-332e1edf704e 4489b0a26a9748e2a00ee3f537ffba29 99a0cbc140a347998459b3569a92e30b - - - -] volume service is down. (host: rack09-server62@lvm-1)
2023-03-01 03:58:46.427 7 WARNING cinder.scheduler.host_manager [None req-cf6299c4-35e1-4f97-acf9-ca4a3b4aae9b 7531539440064bab94cd3e2cf0e24b48 f93bb2a1ac0a4a56a0648e28e7281882 - - - -] volume service is down. (host: rack09-server62@lvm-1)
2023-03-01 03:58:49.000 7 WARNING cinder.scheduler.host_manager [None req-217fc506-93af-445f-90e2-60fe96f0893e 7531539440064bab94cd3e2cf0e24b48 f93bb2a1ac0a4a56a0648e28e7281882 - - - -] volume service is down. (host: rack09-server62@lvm-1)
2023-03-01 03:58:52.783 7 WARNING cinder.scheduler.host_manager [None req-1933bfbe-00a7-434b-82fa-582ff970afb8 7531539440064bab94cd3e2cf0e24b48 f93bb2a1ac0a4a56a0648e28e7281882 - - - -] volume service is down. (host: rack09-server62@lvm-1)
2023-03-01 03:58:54.171 7 WARNING cinder.scheduler.host_manager [None req-5aaa57ac-8e43-4513-9010-4f77ee2574af 9f3f2e792e634d32aae85babf6e9159a 3c18807525454af8b80aa83b55663832 - - - -] volume service is down. (host: rack09-server62@lvm-1)
2023-03-01 03:58:54.842 7 WARNING cinder.scheduler.host_manager [None req-58fe22e2-2898-4fef-b5c8-ba5e7ade657d a1db5afbab8642fc9cbad419c4b9a5d9 8f6bd693713f4b71a7a525f31d931648 - - - -] volume service is down. (host: rack09-server62@lvm-1)
2023-03-01 03:58:57.205 7 WARNING cinder.scheduler.host_manager [None req-b4c5b993-3024-4f91-a7ac-78b9953ca170 a1db5afbab8642fc9cbad419c4b9a5d9 8f6bd693713f4b71a7a525f31d931648 - - - -] volume service is down. (host: rack09-server62@lvm-1)
2023-03-01 03:58:57.206 7 WARNING oslo_messaging.rpc.client [None req-b4c5b993-3024-4f91-a7ac-78b9953ca170 a1db5afbab8642fc9cbad419c4b9a5d9 8f6bd693713f4b71a7a525f31d931648 - - - -] Using RPCClient manually to instantiate client. Please use get_rpc_client to obtain an RPC client instance.
2023-03-01 03:58:57.828 7 WARNING cinder.scheduler.host_manager [None req-a1902e80-7aeb-4c5b-8e6f-ab7785e03278 7531539440064bab94cd3e2cf0e24b48 f93bb2a1ac0a4a56a0648e28e7281882 - - - -] volume service is down. (host: rack09-server62@lvm-1)
2023-03-01 03:58:59.747 7 WARNING cinder.scheduler.host_manager [None req-790518db-895c-4c9f-9d5c-a913b997ffa6 a1db5afbab8642fc9cbad419c4b9a5d9 8f6bd693713f4b71a7a525f31d931648 - - - -] volume service is down. (host: rack09-server62@lvm-1)
2023-03-01 03:59:00.669 7 WARNING cinder.scheduler.host_manager [None req-0e3606f1-d36d-40d5-8db4-db770d06850b db24562ff29d46e69d5791f45471ba3e 8e3feaccd9be4009afb62ee05588843a - - - -] volume service is down. (host: rack09-server62@lvm-1)
2023-03-01 03:59:03.484 7 WARNING cinder.scheduler.host_manager [None req-0da28bbb-35c2-443d-85d1-58fbf4bd188d a1db5afbab8642fc9cbad419c4b9a5d9 8f6bd693713f4b71a7a525f31d931648 - - - -] volume service is down. (host: rack09-server62@lvm-1)
2023-03-01 03:59:03.599 7 WARNING cinder.scheduler.host_manager [None req-c2b80863-fa55-465a-9d0f-b044eaf4bf89 db24562ff29d46e69d5791f45471ba3e 8e3feaccd9be4009afb62ee05588843a - - - -] volume service is down. (host: rack09-server62@lvm-1)
2023-03-01 03:59:05.846 7 WARNING cinder.scheduler.host_manager [None req-f9c04c29-b7aa-492f-8b88-152c37b60a8a a1db5afbab8642fc9cbad419c4b9a5d9 8f6bd693713f4b71a7a525f31d931648 - - - -] volume service is down. (host: rack09-server62@lvm-1)
2023-03-01 03:59:05.847 7 WARNING oslo_messaging.rpc.client [None req-f9c04c29-b7aa-492f-8b88-152c37b60a8a a1db5afbab8642fc9cbad419c4b9a5d9 8f6bd693713f4b71a7a525f31d931648 - - - -] Using RPCClient manually to instantiate client. Please use get_rpc_client to obtain an RPC client instance.
2023-03-01 03:59:06.180 7 WARNING cinder.scheduler.host_manager [None req-23449f76-dfd1-4321-89ec-7635f3e29b6a db24562ff29d46e69d5791f45471ba3e 8e3feaccd9be4009afb62ee05588843a - - - -] volume service is down. (host: rack09-server62@lvm-1)
2023-03-01 03:59:08.414 7 WARNING cinder.scheduler.host_manager [None req-92d3dbe2-412a-4b21-b789-7702307c3ff8 a1db5afbab8642fc9cbad419c4b9a5d9 8f6bd693713f4b71a7a525f31d931648 - - - -] volume service is down. (host: rack09-server62@lvm-1)
2023-03-01 03:59:10.059 7 WARNING cinder.scheduler.host_manager [None req-a588275f-fbc5-4b6d-b267-f7c4dbb6bcaf 7531539440064bab94cd3e2cf0e24b48 f93bb2a1ac0a4a56a0648e28e7281882 - - - -] volume service is down. (host: rack09-server62@lvm-1)
2023-03-01 03:59:17.376 7 WARNING cinder.scheduler.host_manager [None req-af403319-3e5e-4288-992c-49898fb53a02 6a96aaeb7ef14bd9b0d96b11ae346d74 4a3f29de2159489db78b6b45a19a288b - - - -] volume service is down. (host: rack09-server62@lvm-1)
2023-03-01 03:59:18.865 7 WARNING cinder.scheduler.host_manager [None req-19237ebe-ff62-409d-9160-87c8d81c2382 480de1a00337448e9853e35bf0d41cd5 7bcd29018f094f4fbd640c0f3b178ca5 - - - -] volume service is down. (host: rack09-server62@lvm-1)
2023-03-01 03:59:21.230 7 WARNING cinder.scheduler.host_manager [None req-7f2e5e5c-44e8-4abd-9536-e35065d96b0c 480de1a00337448e9853e35bf0d41cd5 7bcd29018f094f4fbd640c0f3b178ca5 - - - -] volume service is down. (host: rack09-server62@lvm-1)
2023-03-01 03:59:21.231 7 WARNING oslo_messaging.rpc.client [None req-7f2e5e5c-44e8-4abd-9536-e35065d96b0c 480de1a00337448e9853e35bf0d41cd5 7bcd29018f094f4fbd640c0f3b178ca5 - - - -] Using RPCClient manually to instantiate client. Please use get_rpc_client to obtain an RPC client instance.
2023-03-01 03:59:32.775 7 WARNING cinder.scheduler.host_manager [None req-f9cae6d8-87e9-41c2-8c14-0e69e4906c3d a9222627909f4fcaa58fe4f1c3792fca efff65d2a1e042c9ba2b21a7388870d6 - - - -] volume service is down. (host: rack09-server62@lvm-1)
2023-03-01 03:59:34.116 7 WARNING cinder.scheduler.host_manager [None req-a5d0e29a-0672-4e99-b409-91d65fd110d3 a9222627909f4fcaa58fe4f1c3792fca efff65d2a1e042c9ba2b21a7388870d6 - - - -] volume service is down. (host: rack09-server62@lvm-1)
2023-03-01 03:59:34.117 7 WARNING oslo_messaging.rpc.client [None req-a5d0e29a-0672-4e99-b409-91d65fd110d3 a9222627909f4fcaa58fe4f1c3792fca efff65d2a1e042c9ba2b21a7388870d6 - - - -] Using RPCClient manually to instantiate client. Please use get_rpc_client to obtain an RPC client instance.
2023-03-01 03:59:36.431 7 WARNING cinder.scheduler.host_manager [None req-541e5fcb-44ea-4f60-b657-c34681d7f48e a9222627909f4fcaa58fe4f1c3792fca efff65d2a1e042c9ba2b21a7388870d6 - - - -] volume service is down. (host: rack09-server62@lvm-1)
2023-03-01 03:59:36.432 7 WARNING oslo_messaging.rpc.client [None req-541e5fcb-44ea-4f60-b657-c34681d7f48e a9222627909f4fcaa58fe4f1c3792fca efff65d2a1e042c9ba2b21a7388870d6 - - - -] Using RPCClient manually to instantiate client. Please use get_rpc_client to obtain an RPC client instance.
2023-03-01 03:59:38.804 7 WARNING cinder.scheduler.host_manager [None req-76b5a45d-60d4-4a38-a796-2f61510e556f a9222627909f4fcaa58fe4f1c3792fca efff65d2a1e042c9ba2b21a7388870d6 - - - -] volume service is down. (host: rack09-server62@lvm-1)
2023-03-01 03:59:38.805 7 WARNING oslo_messaging.rpc.client [None req-76b5a45d-60d4-4a38-a796-2f61510e556f a9222627909f4fcaa58fe4f1c3792fca efff65d2a1e042c9ba2b21a7388870d6 - - - -] Using RPCClient manually to instantiate client. Please use get_rpc_client to obtain an RPC client instance.
2023-03-01 03:59:54.627 7 WARNING cinder.scheduler.host_manager [None req-0bb9eda2-26a6-4e22-8b5f-270f2d155d47 33b07ae62d6e4812ba370cd1cbcd12c8 bba336eac85e491faecf0cc787ea2816 - - - -] volume service is down. (host: rack09-server62@lvm-1)
2023-03-01 03:59:54.677 7 WARNING cinder.scheduler.host_manager [None req-fab46a20-77e1-4b2d-8161-42c48063cdd5 640d480e88ef493489cc09b714453b7a f79962d8d7e44832b9c29442e631b69d - - - -] volume service is down. (host: rack09-server62@lvm-1)
2023-03-01 03:59:54.712 7 WARNING cinder.scheduler.host_manager [None req-7e033088-9f55-4063-a224-052f0929a9a1 d5042887125247b7b44e0d89ec8d0ee2 ba72b0b8224747a7924438aec90e04d9 - - - -] volume service is down. (host: rack09-server62@lvm-1)
2023-03-01 03:59:55.019 7 WARNING cinder.scheduler.host_manager [None req-1ec80676-c9b0-4d79-be33-960c9784da31 d5042887125247b7b44e0d89ec8d0ee2 ba72b0b8224747a7924438aec90e04d9 - - - -] volume service is down. (host: rack09-server62@lvm-1)
2023-03-01 03:59:55.373 7 WARNING cinder.scheduler.host_manager [None req-1bc933bd-f367-4120-a06c-aa646dd18238 d5042887125247b7b44e0d89ec8d0ee2 ba72b0b8224747a7924438aec90e04d9 - - - -] volume service is down. (host: rack09-server62@lvm-1)
2023-03-01 03:59:55.730 7 WARNING cinder.scheduler.host_manager [None req-9a11d260-870c-416a-bfff-5ae60a0722df d5042887125247b7b44e0d89ec8d0ee2 ba72b0b8224747a7924438aec90e04d9 - - - -] volume service is down. (host: rack09-server62@lvm-1)
2023-03-01 03:59:56.103 7 WARNING cinder.scheduler.host_manager [None req-494a04b6-8f0a-4ff7-919d-cdb52d08c686 33b07ae62d6e4812ba370cd1cbcd12c8 bba336eac85e491faecf0cc787ea2816 - - - -] volume service is down. (host: rack09-server62@lvm-1)
2023-03-01 03:59:56.128 7 WARNING cinder.scheduler.host_manager [None req-5a231160-28d1-420d-81d0-eeea445711a6 d5042887125247b7b44e0d89ec8d0ee2 ba72b0b8224747a7924438aec90e04d9 - - - -] volume service is down. (host: rack09-server62@lvm-1)
2023-03-01 03:59:56.436 7 WARNING cinder.scheduler.host_manager [None req-9cc3399f-d41d-4934-ba0d-9ef0ca43f66c 33b07ae62d6e4812ba370cd1cbcd12c8 bba336eac85e491faecf0cc787ea2816 - - - -] volume service is down. (host: rack09-server62@lvm-1)
2023-03-01 03:59:56.805 7 WARNING cinder.scheduler.host_manager [None req-6ae7d59e-d3e4-4e70-a8e6-5facb0567b05 33b07ae62d6e4812ba370cd1cbcd12c8 bba336eac85e491faecf0cc787ea2816 - - - -] volume service is down. (host: rack09-server62@lvm-1)
2023-03-01 03:59:56.991 7 WARNING cinder.scheduler.host_manager [None req-e13b19fe-6a90-4f61-8bcb-b120878bfe68 640d480e88ef493489cc09b714453b7a f79962d8d7e44832b9c29442e631b69d - - - -] volume service is down. (host: rack09-server62@lvm-1)
2023-03-01 03:59:56.992 7 WARNING oslo_messaging.rpc.client [None req-e13b19fe-6a90-4f61-8bcb-b120878bfe68 640d480e88ef493489cc09b714453b7a f79962d8d7e44832b9c29442e631b69d - - - -] Using RPCClient manually to instantiate client. Please use get_rpc_client to obtain an RPC client instance.
2023-03-01 03:59:57.118 7 WARNING cinder.scheduler.host_manager [None req-0a0c595b-7158-4de1-9d9b-20e9114e2ae9 33b07ae62d6e4812ba370cd1cbcd12c8 bba336eac85e491faecf0cc787ea2816 - - - -] volume service is down. (host: rack09-server62@lvm-1)
2023-03-01 03:59:57.470 7 WARNING cinder.scheduler.host_manager [None req-fec0cb8b-9cbd-4839-b485-2f8188ef8e6a 33b07ae62d6e4812ba370cd1cbcd12c8 bba336eac85e491faecf0cc787ea2816 - - - -] volume service is down. (host: rack09-server62@lvm-1)
2023-03-01 03:59:59.463 7 WARNING cinder.scheduler.host_manager [None req-54496874-22b3-4817-8e42-bb1edcbc237d 640d480e88ef493489cc09b714453b7a f79962d8d7e44832b9c29442e631b69d - - - -] volume service is down. (host: rack09-server62@lvm-1)
2023-03-01 03:59:59.822 7 WARNING cinder.scheduler.host_manager [None req-7201c67c-4ea6-49db-8fcf-18e4cf1ab9f5 640d480e88ef493489cc09b714453b7a f79962d8d7e44832b9c29442e631b69d - - - -] volume service is down. (host: rack09-server62@lvm-1)
2023-03-01 04:00:00.163 7 WARNING cinder.scheduler.host_manager [None req-be92992b-c850-44bc-b2d8-53235ae4dada 640d480e88ef493489cc09b714453b7a f79962d8d7e44832b9c29442e631b69d - - - -] volume service is down. (host: rack09-server62@lvm-1)
2023-03-01 04:00:00.551 7 WARNING cinder.scheduler.host_manager [None req-716640e2-cfaa-4571-9cc8-0c084530005f 640d480e88ef493489cc09b714453b7a f79962d8d7e44832b9c29442e631b69d - - - -] volume service is down. (host: rack09-server62@lvm-1)
2023-03-01 04:00:00.898 7 WARNING cinder.scheduler.host_manager [None req-0c4c1d54-6efb-45b0-95c4-e1727c3de727 640d480e88ef493489cc09b714453b7a f79962d8d7e44832b9c29442e631b69d - - - -] volume service is down. (host: rack09-server62@lvm-1)
2023-03-01 04:00:06.252 7 WARNING cinder.scheduler.host_manager [None req-542d432b-390e-4eb9-b5ef-78e2abd38c41 3177407fda014285a49d55f2694884af f57d057b9ffe4fbb93166d88c378de24 - - - -] volume service is down. (host: rack09-server62@lvm-1)
2023-03-01 04:00:08.837 7 WARNING cinder.scheduler.host_manager [None req-7a49a17a-0764-4a52-9ea0-006a6c7731c4 3177407fda014285a49d55f2694884af f57d057b9ffe4fbb93166d88c378de24 - - - -] volume service is down. (host: rack09-server62@lvm-1)
2023-03-01 04:00:11.275 7 WARNING cinder.scheduler.host_manager [None req-72ff12e3-322d-4e65-9bcb-0cc01f7622d0 3177407fda014285a49d55f2694884af f57d057b9ffe4fbb93166d88c378de24 - - - -] volume service is down. (host: rack09-server62@lvm-1)
2023-03-01 04:00:11.276 7 WARNING oslo_messaging.rpc.client [None req-72ff12e3-322d-4e65-9bcb-0cc01f7622d0 3177407fda014285a49d55f2694884af f57d057b9ffe4fbb93166d88c378de24 - - - -] Using RPCClient manually to instantiate client. Please use get_rpc_client to obtain an RPC client instance.
