Build Started 01_09_2022_10_38_31
2022-09-01 13:40:43.695 7 WARNING cinder.scheduler.host_manager [None req-5a86f76a-ffa5-42f6-8fb7-337a763c9cd5 47ee04f8561a47d49204979432d3972e 0a524a0fbd564ee7b6b5c93a3403011d - - - -] volume service is down. (host: rack03-server59@lvm-1)
2022-09-01 13:40:43.795 7 WARNING cinder.scheduler.host_manager [None req-023c9387-4ce3-4103-9d58-3bb44768a24e ce6e34e51aca4a8eaac8ea79bd33f39e 5cc5fedda7784505824cb141041684ce - - - -] volume service is down. (host: rack03-server59@lvm-1)
2022-09-01 13:40:44.066 7 WARNING cinder.scheduler.host_manager [req-ad092504-fe9d-46e0-91b9-e4ce5c790572 req-6e07443f-897a-4268-8dc7-395ebb7f72e0 94da400d03714382927825ddef98a4a6 30e51d9a73474b1ca1d26f012de251da - - - -] volume service is down. (host: rack03-server59@lvm-1)
2022-09-01 13:40:45.178 7 WARNING cinder.scheduler.host_manager [None req-140326f5-40c6-4033-b10d-b61c3471d5db 47ee04f8561a47d49204979432d3972e 0a524a0fbd564ee7b6b5c93a3403011d - - - -] volume service is down. (host: rack03-server59@lvm-1)
2022-09-01 13:40:45.572 7 WARNING cinder.scheduler.host_manager [req-12f4d3f8-0f4e-4381-b7e9-823b7b2b7650 req-3b6c4af9-fb40-4381-9cc0-b32217545bc0 94da400d03714382927825ddef98a4a6 30e51d9a73474b1ca1d26f012de251da - - - -] volume service is down. (host: rack03-server59@lvm-1)
2022-09-01 13:40:46.561 7 WARNING cinder.scheduler.host_manager [None req-17b33ef5-c22a-4eda-b65f-621f7ee9ea09 47ee04f8561a47d49204979432d3972e 0a524a0fbd564ee7b6b5c93a3403011d - - - -] volume service is down. (host: rack03-server59@lvm-1)
2022-09-01 13:40:53.816 7 WARNING cinder.scheduler.host_manager [req-817d061e-74dc-4df4-9643-642ae926c488 req-2537b18e-1fe2-4c33-9c86-37e6e4c74379 58f9f24e18464b83ad58423d555311f8 d5b60ded76ba44f6aa6192c9646b4683 - - - -] volume service is down. (host: rack03-server59@lvm-1)
2022-09-01 13:40:56.945 7 WARNING cinder.scheduler.host_manager [None req-162a843e-9e32-41de-967a-ab0acd41f6c7 eb9c1640f92f4334b2cfa7de6399a205 0afbe72aacb7419d9a593424d119d431 - - - -] volume service is down. (host: rack03-server59@lvm-1)
2022-09-01 13:40:56.951 7 WARNING cinder.scheduler.host_manager [None req-162a843e-9e32-41de-967a-ab0acd41f6c7 eb9c1640f92f4334b2cfa7de6399a205 0afbe72aacb7419d9a593424d119d431 - - - -] volume service is down. (host: rack03-server59@lvm-1)
2022-09-01 13:40:58.142 7 WARNING cinder.scheduler.host_manager [None req-04df578c-9fe4-4c69-a40d-f4ecbdd83202 eb9c1640f92f4334b2cfa7de6399a205 0afbe72aacb7419d9a593424d119d431 - - - -] volume service is down. (host: rack03-server59@lvm-1)
2022-09-01 13:40:58.150 7 WARNING cinder.scheduler.host_manager [None req-04df578c-9fe4-4c69-a40d-f4ecbdd83202 eb9c1640f92f4334b2cfa7de6399a205 0afbe72aacb7419d9a593424d119d431 - - - -] volume service is down. (host: rack03-server59@lvm-1)
2022-09-01 13:40:59.544 7 WARNING cinder.scheduler.host_manager [None req-0584133d-6913-4827-993c-8c305ff439d9 eb9c1640f92f4334b2cfa7de6399a205 0afbe72aacb7419d9a593424d119d431 - - - -] volume service is down. (host: rack03-server59@lvm-1)
2022-09-01 13:41:03.664 7 WARNING cinder.scheduler.host_manager [None req-f6bef8b7-5929-4a9c-b77a-d1d3ca88c8e3 eb9c1640f92f4334b2cfa7de6399a205 0afbe72aacb7419d9a593424d119d431 - - - -] volume service is down. (host: rack03-server59@lvm-1)
2022-09-01 13:41:03.672 7 WARNING cinder.scheduler.host_manager [None req-f6bef8b7-5929-4a9c-b77a-d1d3ca88c8e3 eb9c1640f92f4334b2cfa7de6399a205 0afbe72aacb7419d9a593424d119d431 - - - -] volume service is down. (host: rack03-server59@lvm-1)
2022-09-01 13:41:05.017 7 WARNING cinder.scheduler.host_manager [None req-d3a9c290-1609-4343-b0d2-cf2f776fda29 eb9c1640f92f4334b2cfa7de6399a205 0afbe72aacb7419d9a593424d119d431 - - - -] volume service is down. (host: rack03-server59@lvm-1)
2022-09-01 13:41:06.406 7 WARNING cinder.scheduler.host_manager [None req-c9bd6a15-43c4-4c8c-ab78-d6ad3eb57e92 eb9c1640f92f4334b2cfa7de6399a205 0afbe72aacb7419d9a593424d119d431 - - - -] volume service is down. (host: rack03-server59@lvm-1)
2022-09-01 13:41:09.704 7 WARNING cinder.scheduler.host_manager [None req-59c5d465-2d31-48a1-852f-a95c42da4175 332f3f54fd4f4da893d018aaabad79f8 9d73f56707ba412e98426e21d5a288ce - - - -] volume service is down. (host: rack03-server59@lvm-1)
2022-09-01 13:41:09.712 7 WARNING cinder.scheduler.host_manager [None req-59c5d465-2d31-48a1-852f-a95c42da4175 332f3f54fd4f4da893d018aaabad79f8 9d73f56707ba412e98426e21d5a288ce - - - -] volume service is down. (host: rack03-server59@lvm-1)
2022-09-01 13:41:10.754 7 WARNING cinder.scheduler.host_manager [None req-6b0a63cb-ca0d-4db8-81c3-2161e9459cc8 ce6e34e51aca4a8eaac8ea79bd33f39e 5cc5fedda7784505824cb141041684ce - - - -] volume service is down. (host: rack03-server59@lvm-1)
2022-09-01 13:41:11.098 7 WARNING cinder.scheduler.host_manager [None req-3dd5491b-90bf-477e-973c-878a659d72cb 332f3f54fd4f4da893d018aaabad79f8 9d73f56707ba412e98426e21d5a288ce - - - -] volume service is down. (host: rack03-server59@lvm-1)
2022-09-01 13:41:14.650 7 WARNING cinder.scheduler.host_manager [None req-04adcc30-a8c5-4d38-b956-409f73a6cc07 332f3f54fd4f4da893d018aaabad79f8 9d73f56707ba412e98426e21d5a288ce - - - -] volume service is down. (host: rack03-server59@lvm-1)
2022-09-01 13:41:18.305 7 WARNING cinder.scheduler.host_manager [None req-700fdebf-1f33-4f64-9021-f4aaf8bb64b0 705221637a7d48ccb6be087b6ced576e d75cd50386454a5eb6710b7a3d036ba7 - - - -] volume service is down. (host: rack03-server59@lvm-1)
2022-09-01 13:41:18.313 7 WARNING cinder.scheduler.host_manager [None req-700fdebf-1f33-4f64-9021-f4aaf8bb64b0 705221637a7d48ccb6be087b6ced576e d75cd50386454a5eb6710b7a3d036ba7 - - - -] volume service is down. (host: rack03-server59@lvm-1)
2022-09-01 13:41:20.245 7 WARNING cinder.scheduler.host_manager [None req-7ffab4b2-b974-4568-bacc-40c8657b2809 332f3f54fd4f4da893d018aaabad79f8 9d73f56707ba412e98426e21d5a288ce - - - -] volume service is down. (host: rack03-server59@lvm-1)
2022-09-01 13:41:20.252 7 WARNING cinder.scheduler.host_manager [None req-7ffab4b2-b974-4568-bacc-40c8657b2809 332f3f54fd4f4da893d018aaabad79f8 9d73f56707ba412e98426e21d5a288ce - - - -] volume service is down. (host: rack03-server59@lvm-1)
2022-09-01 13:41:21.611 7 WARNING cinder.scheduler.host_manager [None req-55517efc-70e2-4539-bb8b-255e41a49e2f 332f3f54fd4f4da893d018aaabad79f8 9d73f56707ba412e98426e21d5a288ce - - - -] volume service is down. (host: rack03-server59@lvm-1)
2022-09-01 13:41:24.613 7 WARNING cinder.scheduler.host_manager [None req-fdb36712-a246-4669-a305-6fe58a46d296 332f3f54fd4f4da893d018aaabad79f8 9d73f56707ba412e98426e21d5a288ce - - - -] volume service is down. (host: rack03-server59@lvm-1)
2022-09-01 13:41:36.676 7 WARNING cinder.scheduler.host_manager [None req-db52c56b-3d7e-4a66-bfc2-ff93f03f0930 332f3f54fd4f4da893d018aaabad79f8 9d73f56707ba412e98426e21d5a288ce - - - -] volume service is down. (host: rack03-server59@lvm-1)
2022-09-01 13:41:36.683 7 WARNING cinder.scheduler.host_manager [None req-db52c56b-3d7e-4a66-bfc2-ff93f03f0930 332f3f54fd4f4da893d018aaabad79f8 9d73f56707ba412e98426e21d5a288ce - - - -] volume service is down. (host: rack03-server59@lvm-1)
2022-09-01 13:41:38.034 7 WARNING cinder.scheduler.host_manager [None req-8315040c-e948-4973-9c94-2d2984ce07d1 332f3f54fd4f4da893d018aaabad79f8 9d73f56707ba412e98426e21d5a288ce - - - -] volume service is down. (host: rack03-server59@lvm-1)
2022-09-01 13:41:41.212 7 WARNING cinder.scheduler.host_manager [None req-42350126-d4bc-4ed6-8e8d-c1b21409f6d6 c8a0c8551e5f49b9902cd1492675d2d0 583b772ea08444deaddf98879288eb21 - - - -] volume service is down. (host: rack03-server59@lvm-1)
2022-09-01 13:41:44.817 7 WARNING cinder.scheduler.host_manager [None req-67544009-6b6e-4f7b-8a03-f2e360c84ac7 c8a0c8551e5f49b9902cd1492675d2d0 583b772ea08444deaddf98879288eb21 - - - -] volume service is down. (host: rack03-server59@lvm-1)
2022-09-01 13:41:55.061 7 WARNING cinder.scheduler.host_manager [None req-8e939946-2496-4c97-bfe8-dda6b5fe19c0 8a39966c19ad4495a04e863a23c500aa dce70dc798a84959b346279a970b89d7 - - - -] volume service is down. (host: rack03-server59@lvm-1)
2022-09-01 13:41:55.068 7 WARNING cinder.scheduler.host_manager [None req-8e939946-2496-4c97-bfe8-dda6b5fe19c0 8a39966c19ad4495a04e863a23c500aa dce70dc798a84959b346279a970b89d7 - - - -] volume service is down. (host: rack03-server59@lvm-1)
2022-09-01 13:41:56.451 7 WARNING cinder.scheduler.host_manager [None req-ee390b7a-258f-43b6-9f69-0184d3e14a8b 8a39966c19ad4495a04e863a23c500aa dce70dc798a84959b346279a970b89d7 - - - -] volume service is down. (host: rack03-server59@lvm-1)
2022-09-01 13:41:57.690 7 WARNING cinder.scheduler.host_manager [None req-16a13372-805d-4aca-a2d6-53445a6c0b89 8a39966c19ad4495a04e863a23c500aa dce70dc798a84959b346279a970b89d7 - - - -] volume service is down. (host: rack03-server59@lvm-1)
2022-09-01 13:42:16.026 7 WARNING cinder.scheduler.host_manager [None req-f2c15d10-5612-4ad6-bd6d-51506f3f73db 350c89d1af5548ddbba21f7994b7ab20 a64ea6d99c8f47f3905f1c35b6549c07 - - - -] volume service is down. (host: rack03-server59@lvm-1)
2022-09-01 13:42:17.027 7 WARNING cinder.scheduler.host_manager [None req-0fa6d771-b79f-4a34-a6cc-3c5a3deea436 6291ede79f9044de8257d8b6494bd640 151e171e8dcd43cf951bba6ad9458106 - - - -] volume service is down. (host: rack03-server59@lvm-1)
2022-09-01 13:42:17.299 7 WARNING cinder.scheduler.host_manager [None req-faf17df4-d2c8-4bde-a7bf-19de67a4e203 350c89d1af5548ddbba21f7994b7ab20 a64ea6d99c8f47f3905f1c35b6549c07 - - - -] volume service is down. (host: rack03-server59@lvm-1)
2022-09-01 13:42:19.770 7 WARNING cinder.scheduler.host_manager [None req-38910884-c79e-455d-a1e7-672d2dd90b13 350c89d1af5548ddbba21f7994b7ab20 a64ea6d99c8f47f3905f1c35b6549c07 - - - -] volume service is down. (host: rack03-server59@lvm-1)
2022-09-01 13:42:21.572 7 WARNING cinder.scheduler.host_manager [None req-321f1e99-8567-4d05-9f6f-063fa2176a68 6291ede79f9044de8257d8b6494bd640 151e171e8dcd43cf951bba6ad9458106 - - - -] volume service is down. (host: rack03-server59@lvm-1)
2022-09-01 13:42:22.081 7 WARNING cinder.scheduler.host_manager [None req-07d3b501-13e1-4064-b1c0-bb5cb9c74abe ce6e34e51aca4a8eaac8ea79bd33f39e 5cc5fedda7784505824cb141041684ce - - - -] volume service is down. (host: rack03-server59@lvm-1)
2022-09-01 13:42:23.271 7 WARNING cinder.scheduler.host_manager [None req-00db8920-ff65-4b42-bde8-f85022b35724 350c89d1af5548ddbba21f7994b7ab20 a64ea6d99c8f47f3905f1c35b6549c07 - - - -] volume service is down. (host: rack03-server59@lvm-1)
2022-09-01 13:42:24.191 7 WARNING cinder.scheduler.host_manager [None req-c54f79f9-bbd4-4912-b59a-2d6d5aa53341 6291ede79f9044de8257d8b6494bd640 151e171e8dcd43cf951bba6ad9458106 - - - -] volume service is down. (host: rack03-server59@lvm-1)
2022-09-01 13:42:26.795 7 WARNING cinder.scheduler.host_manager [None req-19448732-7f47-48d6-a194-265e72be2e2b 350c89d1af5548ddbba21f7994b7ab20 a64ea6d99c8f47f3905f1c35b6549c07 - - - -] volume service is down. (host: rack03-server59@lvm-1)
2022-09-01 13:42:26.814 7 WARNING cinder.scheduler.host_manager [None req-431090b4-8b22-4d4e-adbe-ca9389aa48ed 6291ede79f9044de8257d8b6494bd640 151e171e8dcd43cf951bba6ad9458106 - - - -] volume service is down. (host: rack03-server59@lvm-1)
2022-09-01 13:42:29.358 7 WARNING cinder.scheduler.host_manager [None req-9e969114-26e3-487b-ace5-9fb4a4aad5d3 6291ede79f9044de8257d8b6494bd640 151e171e8dcd43cf951bba6ad9458106 - - - -] volume service is down. (host: rack03-server59@lvm-1)
2022-09-01 13:42:30.305 7 WARNING cinder.scheduler.host_manager [None req-f6e96be2-9f55-4fcd-b699-08a28cf005f9 350c89d1af5548ddbba21f7994b7ab20 a64ea6d99c8f47f3905f1c35b6549c07 - - - -] volume service is down. (host: rack03-server59@lvm-1)
2022-09-01 13:42:31.984 7 WARNING cinder.scheduler.host_manager [None req-c60ba22a-a04c-4e1f-ae56-7ec14a2976e5 6291ede79f9044de8257d8b6494bd640 151e171e8dcd43cf951bba6ad9458106 - - - -] volume service is down. (host: rack03-server59@lvm-1)
2022-09-01 13:42:39.606 7 WARNING cinder.scheduler.host_manager [req-a32a53cd-6c05-4894-b668-da599fe36bc3 req-eb5ba108-bf11-4174-b761-9bd13ae95101 ce6e34e51aca4a8eaac8ea79bd33f39e 5cc5fedda7784505824cb141041684ce - - - -] volume service is down. (host: rack03-server59@lvm-1)
2022-09-01 13:42:41.888 7 WARNING cinder.scheduler.host_manager [None req-76c2f85a-99dc-4509-9041-882c0ff7ff08 20c920f1bf5a49fc86432aab9a47236e 35dc2d491d79420b9a5b930befe93c59 - - - -] volume service is down. (host: rack03-server59@lvm-1)
2022-09-01 13:42:41.889 7 INFO cinder.scheduler.base_filter [None req-76c2f85a-99dc-4509-9041-882c0ff7ff08 20c920f1bf5a49fc86432aab9a47236e 35dc2d491d79420b9a5b930befe93c59 - - - -] Filtering removed all hosts for the request with volume ID '6196252a-efdd-4b05-b2ce-74d89fa3f41e'. Filter results: AvailabilityZoneFilter: (start: 1, end: 1), CapacityFilter: (start: 1, end: 1), CapabilitiesFilter: (start: 1, end: 0)
2022-09-01 13:42:41.890 7 WARNING cinder.scheduler.filter_scheduler [None req-76c2f85a-99dc-4509-9041-882c0ff7ff08 20c920f1bf5a49fc86432aab9a47236e 35dc2d491d79420b9a5b930befe93c59 - - - -] No weighed backend found for volume with properties: {'id': '39ca29d2-425c-4c17-ba5e-1dcea6a320c8', 'name': 'tempest-UserMessagesTest-volume-type-2000300805', 'description': None, 'is_public': True, 'projects': [], 'extra_specs': {'storage_protocol': 'tempest-storage_protocol-1195571579', 'vendor_name': 'tempest-vendor_name-458992875'}, 'qos_specs_id': None, 'created_at': '2022-09-01T10:42:41.000000', 'updated_at': None, 'deleted_at': None, 'deleted': False}
2022-09-01 13:42:41.890 7 INFO cinder.message.api [None req-76c2f85a-99dc-4509-9041-882c0ff7ff08 20c920f1bf5a49fc86432aab9a47236e 35dc2d491d79420b9a5b930befe93c59 - - - -] Creating message record for request_id = req-76c2f85a-99dc-4509-9041-882c0ff7ff08
2022-09-01 13:42:41.896 7 ERROR cinder.scheduler.flows.create_volume [None req-76c2f85a-99dc-4509-9041-882c0ff7ff08 20c920f1bf5a49fc86432aab9a47236e 35dc2d491d79420b9a5b930befe93c59 - - - -] Failed to run task cinder.scheduler.flows.create_volume.ScheduleCreateVolumeTask;volume:create: No valid backend was found. No weighed backends available: cinder.exception.NoValidBackend: No valid backend was found. No weighed backends available
2022-09-01 13:42:43.361 7 WARNING cinder.scheduler.host_manager [None req-30974b8f-8525-4484-ac66-256363c315c7 20c920f1bf5a49fc86432aab9a47236e 35dc2d491d79420b9a5b930befe93c59 - - - -] volume service is down. (host: rack03-server59@lvm-1)
2022-09-01 13:42:43.362 7 INFO cinder.scheduler.base_filter [None req-30974b8f-8525-4484-ac66-256363c315c7 20c920f1bf5a49fc86432aab9a47236e 35dc2d491d79420b9a5b930befe93c59 - - - -] Filtering removed all hosts for the request with volume ID '50fbdf80-b54e-482c-ba47-419038af09ea'. Filter results: AvailabilityZoneFilter: (start: 1, end: 1), CapacityFilter: (start: 1, end: 1), CapabilitiesFilter: (start: 1, end: 0)
2022-09-01 13:42:43.362 7 WARNING cinder.scheduler.filter_scheduler [None req-30974b8f-8525-4484-ac66-256363c315c7 20c920f1bf5a49fc86432aab9a47236e 35dc2d491d79420b9a5b930befe93c59 - - - -] No weighed backend found for volume with properties: {'id': '87ae39a9-a814-4c25-b96c-4b06bddadbce', 'name': 'tempest-UserMessagesTest-volume-type-343861065', 'description': None, 'is_public': True, 'projects': [], 'extra_specs': {'storage_protocol': 'tempest-storage_protocol-144890380', 'vendor_name': 'tempest-vendor_name-310673981'}, 'qos_specs_id': None, 'created_at': '2022-09-01T10:42:43.000000', 'updated_at': None, 'deleted_at': None, 'deleted': False}
2022-09-01 13:42:43.363 7 INFO cinder.message.api [None req-30974b8f-8525-4484-ac66-256363c315c7 20c920f1bf5a49fc86432aab9a47236e 35dc2d491d79420b9a5b930befe93c59 - - - -] Creating message record for request_id = req-30974b8f-8525-4484-ac66-256363c315c7
2022-09-01 13:42:43.367 7 ERROR cinder.scheduler.flows.create_volume [None req-30974b8f-8525-4484-ac66-256363c315c7 20c920f1bf5a49fc86432aab9a47236e 35dc2d491d79420b9a5b930befe93c59 - - - -] Failed to run task cinder.scheduler.flows.create_volume.ScheduleCreateVolumeTask;volume:create: No valid backend was found. No weighed backends available: cinder.exception.NoValidBackend: No valid backend was found. No weighed backends available
2022-09-01 13:42:50.252 7 WARNING cinder.scheduler.host_manager [None req-f52ed170-09c8-4250-91dd-02de5f4b0ac6 94325a7045b74694960fd940dc59fbe9 36e4680527ea469ba68814c37adca273 - - - -] volume service is down. (host: rack03-server59@lvm-1)
2022-09-01 13:42:50.329 7 WARNING cinder.scheduler.host_manager [None req-d624b8f4-b65d-410d-9e71-333d03531000 3a41b72f163a453b9f591567335fc424 5c2fcfb1fcdd440b9f7b50ae70d39d6b - - - -] volume service is down. (host: rack03-server59@lvm-1)
2022-09-01 13:42:55.991 7 WARNING cinder.scheduler.host_manager [None req-2bf21956-8e16-47bd-978e-f17af2739716 65b7e96155b14b62a140773b6ee761ac 79516432f6974c15936ff9129b68bd83 - - - -] volume service is down. (host: rack03-server59@lvm-1)
2022-09-01 13:42:56.208 7 WARNING cinder.scheduler.host_manager [None req-2980e801-fee1-4128-8185-465fb48dda19 8166cc64d6b848978aafb1a6a0ad3550 3c7517d0adc047eca6f6edc1ce98b688 - - - -] volume service is down. (host: rack03-server59@lvm-1)
2022-09-01 13:42:56.247 7 WARNING cinder.scheduler.host_manager [None req-a5af0181-cff0-4acc-95a2-687a830ca475 8166cc64d6b848978aafb1a6a0ad3550 3c7517d0adc047eca6f6edc1ce98b688 - - - -] volume service is down. (host: rack03-server59@lvm-1)
2022-09-01 13:42:56.301 7 WARNING cinder.scheduler.host_manager [None req-bc3e4389-c61e-4650-a3eb-dc196f5100b0 d8b5377fa22d429bb143aa1e4da47257 c7f9d0524f9e4955bba8dc6968f4e8ca - - - -] volume service is down. (host: rack03-server59@lvm-1)
2022-09-01 13:42:57.541 7 WARNING cinder.scheduler.host_manager [None req-99e4b9cc-acd7-4dda-aa1e-8b7e9910b8cd d8b5377fa22d429bb143aa1e4da47257 c7f9d0524f9e4955bba8dc6968f4e8ca - - - -] volume service is down. (host: rack03-server59@lvm-1)
2022-09-01 13:42:59.769 7 WARNING cinder.scheduler.host_manager [None req-44eeb88e-04db-4704-8758-eee6bfaf3978 d8b5377fa22d429bb143aa1e4da47257 c7f9d0524f9e4955bba8dc6968f4e8ca - - - -] volume service is down. (host: rack03-server59@lvm-1)
2022-09-01 13:43:03.298 7 WARNING cinder.scheduler.host_manager [None req-77d1ae90-f714-4070-878c-e244dffa1fd6 d8b5377fa22d429bb143aa1e4da47257 c7f9d0524f9e4955bba8dc6968f4e8ca - - - -] volume service is down. (host: rack03-server59@lvm-1)
2022-09-01 13:43:04.505 7 WARNING cinder.scheduler.host_manager [None req-6fe56b36-3071-4db5-bdcf-da3379d1248c d8b5377fa22d429bb143aa1e4da47257 c7f9d0524f9e4955bba8dc6968f4e8ca - - - -] volume service is down. (host: rack03-server59@lvm-1)
2022-09-01 13:43:06.903 7 WARNING cinder.scheduler.host_manager [None req-770131c3-1812-488f-8a4f-4b8cc0440cde d8b5377fa22d429bb143aa1e4da47257 c7f9d0524f9e4955bba8dc6968f4e8ca - - - -] volume service is down. (host: rack03-server59@lvm-1)
2022-09-01 13:43:12.456 7 WARNING cinder.scheduler.host_manager [None req-e292c1ee-7bd4-41a4-9aa3-bed7e0a3e20d 60e88c0673bb446194f891b2a3770ad1 97e242f0d1cc42b2acb9a7abcff4a08a - - - -] volume service is down. (host: rack03-server59@lvm-1)
2022-09-01 13:43:12.765 7 WARNING cinder.scheduler.host_manager [None req-4d14de60-a2b4-45eb-bc52-d9c1a7326cbb c16e436746964856887d5cf7dfada61a 8db8a95ca7094982b29d9148ffde1b0a - - - -] volume service is down. (host: rack03-server59@lvm-1)
2022-09-01 13:43:14.967 7 WARNING cinder.scheduler.host_manager [None req-cd04435c-e3c2-401e-ae29-d3ec97657e46 a82a8f231d4b469896f252dd9f82dd58 07012652cdaf47eb813287a79c339a3e - - - -] volume service is down. (host: rack03-server59@lvm-1)
2022-09-01 13:43:21.239 7 WARNING cinder.scheduler.host_manager [None req-1bde995b-41bb-494c-a63b-bafcdfd9d971 b8622189a71d427e9ffa639ca5e76b91 0eb88a14f33c4c31a04a33f6a3fa51a9 - - - -] volume service is down. (host: rack03-server59@lvm-1)
2022-09-01 13:43:23.618 7 WARNING cinder.scheduler.host_manager [None req-0180ee48-aafc-441f-92a5-b430ca4f9987 b8622189a71d427e9ffa639ca5e76b91 0eb88a14f33c4c31a04a33f6a3fa51a9 - - - -] volume service is down. (host: rack03-server59@lvm-1)
2022-09-01 13:43:26.860 7 WARNING cinder.scheduler.host_manager [None req-1bdc3f09-9503-478a-a8ec-4e6aad05ea82 a82a8f231d4b469896f252dd9f82dd58 07012652cdaf47eb813287a79c339a3e - - - -] volume service is down. (host: rack03-server59@lvm-1)
2022-09-01 13:43:29.306 7 WARNING cinder.scheduler.host_manager [None req-890210a3-af19-47eb-9d8d-21e968b53123 369b9a7f935c4704a0758e4e1dcb6c74 672168fe947146d38c69c325943e8b8c - - - -] volume service is down. (host: rack03-server59@lvm-1)
2022-09-01 13:43:30.324 7 WARNING cinder.scheduler.host_manager [None req-dc23a5a6-1694-4ed7-9c35-ed77cf8bc165 a82a8f231d4b469896f252dd9f82dd58 07012652cdaf47eb813287a79c339a3e - - - -] volume service is down. (host: rack03-server59@lvm-1)
2022-09-01 13:43:31.884 7 WARNING cinder.scheduler.host_manager [None req-25c2763b-57e0-4879-a90e-33b6397f163f 4c98620ee70f426cb40d24733a7b3677 3512171a25b541688461a09cd3924e7a - - - -] volume service is down. (host: rack03-server59@lvm-1)
2022-09-01 13:43:32.721 7 WARNING cinder.scheduler.host_manager [None req-d95003ae-e068-44f6-8b30-733987564592 a82a8f231d4b469896f252dd9f82dd58 07012652cdaf47eb813287a79c339a3e - - - -] volume service is down. (host: rack03-server59@lvm-1)
2022-09-01 13:43:33.091 7 WARNING cinder.scheduler.host_manager [None req-9459b7c2-3506-4f0b-afc3-c0d4b38eacf6 4c98620ee70f426cb40d24733a7b3677 3512171a25b541688461a09cd3924e7a - - - -] volume service is down. (host: rack03-server59@lvm-1)
2022-09-01 13:43:35.346 7 WARNING cinder.scheduler.host_manager [None req-ca09fe59-e18a-4059-aed8-54b7437f7ace 6f5e104f517e40af91129da6131d0b47 df53f166b3fe41d0a001f726900cbc56 - - - -] volume service is down. (host: rack03-server59@lvm-1)
2022-09-01 13:43:42.746 7 WARNING cinder.scheduler.host_manager [None req-77295778-ab5c-4c2e-9462-e2e273399d92 349f2df3efa04b5eab13722e3e03980d b95ce4afd0734975b8b090a654e363ae - - - -] volume service is down. (host: rack03-server59@lvm-1)
2022-09-01 13:43:49.443 7 WARNING cinder.scheduler.host_manager [None req-77b9c206-2bbd-46fb-9b25-3127657dde2e f599afef38014fceaafe6b456a163945 f849c775c97440609f98e8b1aa969fef - - - -] volume service is down. (host: rack03-server59@lvm-1)
2022-09-01 13:43:50.718 7 WARNING cinder.scheduler.host_manager [None req-69dfdab1-1e5d-49d5-90bd-a81fb1155537 d972a6f8d4284c23900c08d4d7fd944a cdf47b5e4e554f918d4f31e4e4ce96a3 - - - -] volume service is down. (host: rack03-server59@lvm-1)
2022-09-01 13:43:52.089 7 WARNING cinder.scheduler.host_manager [None req-2294243a-dfb8-40f0-9948-42186fd53c95 d972a6f8d4284c23900c08d4d7fd944a cdf47b5e4e554f918d4f31e4e4ce96a3 - - - -] volume service is down. (host: rack03-server59@lvm-1)
2022-09-01 13:43:53.471 7 WARNING cinder.scheduler.host_manager [None req-543a08f9-288d-48d8-8bd0-5cc6c8ec2c56 d972a6f8d4284c23900c08d4d7fd944a cdf47b5e4e554f918d4f31e4e4ce96a3 - - - -] volume service is down. (host: rack03-server59@lvm-1)
2022-09-01 13:43:56.170 7 WARNING cinder.scheduler.host_manager [None req-e8ecf8b3-97e5-4a32-99d6-f9e22a28686a 320a68e3878141e7acbc31c5c8b64c93 bc1f33cdb51147bdbe87a3e10ce9d5ad - - - -] volume service is down. (host: rack03-server59@lvm-1)
2022-09-01 13:43:56.331 7 WARNING cinder.scheduler.host_manager [None req-8ded7457-646c-4b5c-b774-fd8931890756 f599afef38014fceaafe6b456a163945 f849c775c97440609f98e8b1aa969fef - - - -] volume service is down. (host: rack03-server59@lvm-1)
2022-09-01 13:44:04.633 7 WARNING cinder.scheduler.host_manager [None req-92bc6b58-aa95-40f8-b781-41abce5f46ca 59647732a12d402e974adce3daf44c48 41b64bdfe9834abcb2c34af3dde50745 - - - -] volume service is down. (host: rack03-server59@lvm-1)
2022-09-01 13:44:05.883 7 WARNING cinder.scheduler.host_manager [None req-a3c90576-58fd-4c5d-9d9a-4fc86321bde4 59647732a12d402e974adce3daf44c48 41b64bdfe9834abcb2c34af3dde50745 - - - -] volume service is down. (host: rack03-server59@lvm-1)
2022-09-01 13:44:11.794 7 WARNING cinder.scheduler.host_manager [None req-95f23d01-dec2-4273-a806-58d82df055e8 f599afef38014fceaafe6b456a163945 f849c775c97440609f98e8b1aa969fef - - - -] volume service is down. (host: rack03-server59@lvm-1)
2022-09-01 13:44:12.556 7 WARNING cinder.scheduler.host_manager [None req-168eb1df-c3d0-4e73-a3e2-fb17138bcf06 1e9517c4e5f74719b3791fb7ea6a2751 3f2e184bb8404ef39e2ae495bea70028 - - - -] volume service is down. (host: rack03-server59@lvm-1)
2022-09-01 13:44:14.032 7 WARNING cinder.scheduler.host_manager [None req-8779a3ed-6d86-470c-b271-e1e18c9713be f599afef38014fceaafe6b456a163945 f849c775c97440609f98e8b1aa969fef - - - -] volume service is down. (host: rack03-server59@lvm-1)
2022-09-01 13:44:16.276 7 WARNING cinder.scheduler.host_manager [None req-34dfb980-ea83-4969-9e53-d3b429713da7 f599afef38014fceaafe6b456a163945 f849c775c97440609f98e8b1aa969fef - - - -] volume service is down. (host: rack03-server59@lvm-1)
2022-09-01 13:44:17.358 7 WARNING cinder.scheduler.host_manager [None req-913c1a7f-fdc2-466f-a67f-eab2feeba8ec fcea648efdf149b5811b57d3dd13b155 ab587024e5ef475eb1b70fee775f780c - - - -] volume service is down. (host: rack03-server59@lvm-1)
2022-09-01 13:44:20.799 7 WARNING cinder.scheduler.host_manager [None req-22e6138e-2213-44e3-956b-730177816a15 fcea648efdf149b5811b57d3dd13b155 ab587024e5ef475eb1b70fee775f780c - - - -] volume service is down. (host: rack03-server59@lvm-1)
2022-09-01 13:44:24.291 7 WARNING cinder.scheduler.host_manager [None req-4c0b4a79-9456-45fb-85d3-95f11b135950 1e9517c4e5f74719b3791fb7ea6a2751 3f2e184bb8404ef39e2ae495bea70028 - - - -] volume service is down. (host: rack03-server59@lvm-1)
2022-09-01 13:44:25.499 7 WARNING cinder.scheduler.host_manager [None req-c5c785c3-9071-4f33-a0b1-3e7c635e3a93 f599afef38014fceaafe6b456a163945 f849c775c97440609f98e8b1aa969fef - - - -] volume service is down. (host: rack03-server59@lvm-1)
2022-09-01 13:44:25.696 7 WARNING cinder.scheduler.host_manager [None req-63ce3bb5-0c4d-4cec-91d0-8090678f0377 1e9517c4e5f74719b3791fb7ea6a2751 3f2e184bb8404ef39e2ae495bea70028 - - - -] volume service is down. (host: rack03-server59@lvm-1)
2022-09-01 13:44:27.974 7 WARNING cinder.scheduler.host_manager [None req-07d2153d-34cb-439d-8a0a-218eecbf40c7 1e9517c4e5f74719b3791fb7ea6a2751 3f2e184bb8404ef39e2ae495bea70028 - - - -] volume service is down. (host: rack03-server59@lvm-1)
2022-09-01 13:44:28.977 7 WARNING cinder.scheduler.host_manager [None req-aa63ecec-c436-4b39-8e8d-7a65b474ec17 f599afef38014fceaafe6b456a163945 f849c775c97440609f98e8b1aa969fef - - - -] volume service is down. (host: rack03-server59@lvm-1)
2022-09-01 13:44:30.207 7 WARNING cinder.scheduler.host_manager [None req-f3522f6d-cdfe-4092-9253-2560ca9aa771 1e9517c4e5f74719b3791fb7ea6a2751 3f2e184bb8404ef39e2ae495bea70028 - - - -] volume service is down. (host: rack03-server59@lvm-1)
2022-09-01 13:44:31.613 7 WARNING cinder.scheduler.host_manager [None req-6e07d399-4a30-41ac-8f14-4e8b06a70cb4 601a8ccbfe234e7789d421498d4c3411 c3fd3cb3c1a247f4aaf05eeba1ecc84e - - - -] volume service is down. (host: rack03-server59@lvm-1)
2022-09-01 13:44:34.928 7 WARNING cinder.scheduler.host_manager [None req-67497589-edc0-4c02-b6a4-79aa94d82456 601a8ccbfe234e7789d421498d4c3411 c3fd3cb3c1a247f4aaf05eeba1ecc84e - - - -] volume service is down. (host: rack03-server59@lvm-1)
2022-09-01 13:44:37.919 7 WARNING cinder.scheduler.host_manager [None req-f71417ce-30b5-406c-a1be-2a0d03fb62cf f599afef38014fceaafe6b456a163945 f849c775c97440609f98e8b1aa969fef - - - -] volume service is down. (host: rack03-server59@lvm-1)
2022-09-01 13:44:38.187 7 WARNING cinder.scheduler.host_manager [None req-9d01c3b4-6dcf-4849-9673-c7144eeefacd e052027805f5477f9704b975a015e834 fe70e3f5f65f427e8783189d028a8250 - - - -] volume service is down. (host: rack03-server59@lvm-1)
2022-09-01 13:44:39.729 7 WARNING cinder.scheduler.host_manager [None req-7a1cf4c1-5d79-4319-a491-eb73437be6c0 e052027805f5477f9704b975a015e834 fe70e3f5f65f427e8783189d028a8250 - - - -] volume service is down. (host: rack03-server59@lvm-1)
2022-09-01 13:44:40.150 7 WARNING cinder.scheduler.host_manager [None req-e4d70dc2-b6cf-4158-9dcf-e43c2cf117df f599afef38014fceaafe6b456a163945 f849c775c97440609f98e8b1aa969fef - - - -] volume service is down. (host: rack03-server59@lvm-1)
2022-09-01 13:44:43.164 7 WARNING cinder.scheduler.host_manager [None req-1cffa9ec-2196-497f-9c26-439c7128a6bf e4e4fda847344202b310e615b8d837f9 f4e4ef71536b4951af720d0ff1acae4e - - - -] volume service is down. (host: rack03-server59@lvm-1)
2022-09-01 13:44:43.409 7 WARNING cinder.scheduler.host_manager [None req-377e8283-8d73-4a5d-a11d-c4a4d0721958 e052027805f5477f9704b975a015e834 fe70e3f5f65f427e8783189d028a8250 - - - -] volume service is down. (host: rack03-server59@lvm-1)
2022-09-01 13:44:44.761 7 WARNING cinder.scheduler.host_manager [None req-73af935b-8b80-4e10-949a-8fb8655db697 e052027805f5477f9704b975a015e834 fe70e3f5f65f427e8783189d028a8250 - - - -] volume service is down. (host: rack03-server59@lvm-1)
2022-09-01 13:44:47.331 7 WARNING cinder.scheduler.host_manager [None req-b657470b-c0c7-4239-a7dd-3b78a446064d e052027805f5477f9704b975a015e834 fe70e3f5f65f427e8783189d028a8250 - - - -] volume service is down. (host: rack03-server59@lvm-1)
2022-09-01 13:44:49.457 7 WARNING cinder.scheduler.host_manager [None req-d3417b33-2bf8-452c-a6c1-e43ea799bbe1 f599afef38014fceaafe6b456a163945 f849c775c97440609f98e8b1aa969fef - - - -] volume service is down. (host: rack03-server59@lvm-1)
2022-09-01 13:44:50.740 7 WARNING cinder.scheduler.host_manager [None req-a29d419d-fd13-4cba-a319-127e8d587560 f599afef38014fceaafe6b456a163945 f849c775c97440609f98e8b1aa969fef - - - -] volume service is down. (host: rack03-server59@lvm-1)
2022-09-01 13:44:51.137 7 WARNING cinder.scheduler.host_manager [None req-62cee4e9-b253-41ce-bf31-024832f0552f e4e4fda847344202b310e615b8d837f9 f4e4ef71536b4951af720d0ff1acae4e - - - -] volume service is down. (host: rack03-server59@lvm-1)
2022-09-01 13:44:51.201 7 WARNING cinder.scheduler.host_manager [None req-70a061f9-bbf1-4a80-bb60-54b27608f463 e052027805f5477f9704b975a015e834 fe70e3f5f65f427e8783189d028a8250 - - - -] volume service is down. (host: rack03-server59@lvm-1)
2022-09-01 13:44:53.130 7 WARNING cinder.scheduler.host_manager [None req-fe397516-e8ce-4715-82ea-7edfde70ec92 f599afef38014fceaafe6b456a163945 f849c775c97440609f98e8b1aa969fef - - - -] volume service is down. (host: rack03-server59@lvm-1)
2022-09-01 13:44:55.640 7 WARNING cinder.scheduler.host_manager [None req-cd4945a3-fbb7-417d-a62b-0ca3609619a0 f599afef38014fceaafe6b456a163945 f849c775c97440609f98e8b1aa969fef - - - -] volume service is down. (host: rack03-server59@lvm-1)
2022-09-01 13:44:57.910 7 WARNING cinder.scheduler.host_manager [None req-ece336a3-f1a6-47e9-8b53-13d5313b1ffc f599afef38014fceaafe6b456a163945 f849c775c97440609f98e8b1aa969fef - - - -] volume service is down. (host: rack03-server59@lvm-1)
2022-09-01 13:45:00.291 7 WARNING cinder.scheduler.host_manager [None req-f3cad76a-b22d-4847-8b0c-d92c62916229 f599afef38014fceaafe6b456a163945 f849c775c97440609f98e8b1aa969fef - - - -] volume service is down. (host: rack03-server59@lvm-1)
2022-09-01 13:45:03.225 7 WARNING cinder.scheduler.host_manager [None req-377e04e8-f9a5-4248-b5ba-a573da76cb63 e052027805f5477f9704b975a015e834 fe70e3f5f65f427e8783189d028a8250 - - - -] volume service is down. (host: rack03-server59@lvm-1)
2022-09-01 13:45:05.441 7 WARNING cinder.scheduler.host_manager [None req-08d60060-d73d-44dc-ae7a-84fad1d0eb64 f00a3a298d1f4b259a69d8f80b1aed26 13881dd4fb2a4de78963b537189d99b9 - - - -] volume service is down. (host: rack03-server59@lvm-1)
2022-09-01 13:45:06.819 7 WARNING cinder.scheduler.host_manager [None req-5cc4ff9a-04bc-4a9a-af1a-fd9866f3f13b f00a3a298d1f4b259a69d8f80b1aed26 13881dd4fb2a4de78963b537189d99b9 - - - -] volume service is down. (host: rack03-server59@lvm-1)
2022-09-01 13:45:08.197 7 WARNING cinder.scheduler.host_manager [None req-c44f32de-4858-42dc-93e5-b36c7a00d64c f00a3a298d1f4b259a69d8f80b1aed26 13881dd4fb2a4de78963b537189d99b9 - - - -] volume service is down. (host: rack03-server59@lvm-1)
2022-09-01 13:45:11.195 7 WARNING cinder.scheduler.host_manager [None req-d5743f9f-a074-4f60-abdf-1e40936eb989 d2a9ac22135444a782526615e62f99da 69ca56384eae4a4b936c03cf29e1675d - - - -] volume service is down. (host: rack03-server59@lvm-1)
2022-09-01 13:45:13.223 7 WARNING cinder.scheduler.host_manager [None req-a8dcc144-7df7-4ff6-81d8-f97b7a2292d3 e228f7aec7ee4dbab4804ad005429728 3367a4d321b448be921dd2de7fde958f - - - -] volume service is down. (host: rack03-server59@lvm-1)
2022-09-01 13:45:14.451 7 WARNING cinder.scheduler.host_manager [None req-a9d2fbd6-3e79-4203-b0c7-8b88880fae90 e228f7aec7ee4dbab4804ad005429728 3367a4d321b448be921dd2de7fde958f - - - -] volume service is down. (host: rack03-server59@lvm-1)
2022-09-01 13:45:25.574 7 WARNING cinder.scheduler.host_manager [None req-8bade67f-8465-491a-a904-d85511770ff2 d80deda07fa24778a0f707ec64bf0e01 8eae9749460c408396c4ffcc9804c9b8 - - - -] volume service is down. (host: rack03-server59@lvm-1)
2022-09-01 13:45:26.818 7 WARNING cinder.scheduler.host_manager [None req-f98f19df-87b6-47f6-aefa-ba2f5f0314dc d80deda07fa24778a0f707ec64bf0e01 8eae9749460c408396c4ffcc9804c9b8 - - - -] volume service is down. (host: rack03-server59@lvm-1)
2022-09-01 13:45:29.076 7 WARNING cinder.scheduler.host_manager [None req-26b1aa96-9238-467f-8601-5a66d83037b0 d80deda07fa24778a0f707ec64bf0e01 8eae9749460c408396c4ffcc9804c9b8 - - - -] volume service is down. (host: rack03-server59@lvm-1)
2022-09-01 13:45:31.315 7 WARNING cinder.scheduler.host_manager [None req-c68be07c-0293-4e2f-a8f5-a6738f703051 d80deda07fa24778a0f707ec64bf0e01 8eae9749460c408396c4ffcc9804c9b8 - - - -] volume service is down. (host: rack03-server59@lvm-1)
2022-09-01 13:45:47.156 7 WARNING cinder.scheduler.host_manager [None req-5966b9e5-c9b3-4225-9b7c-53e103f7162e 9266ae5e041a4ac3832d19a29f22f246 d560bbd331c94bd883dfdb925904f5ba - - - -] volume service is down. (host: rack03-server59@lvm-1)
2022-09-01 13:45:47.186 7 WARNING cinder.scheduler.host_manager [None req-b121d372-074d-44fa-b5cc-0614e1f271c6 3e4b5f4904e747948b000daba9b8faaa 83c6a289d56f427f8b1768db50a8c284 - - - -] volume service is down. (host: rack03-server59@lvm-1)
2022-09-01 13:45:47.257 7 WARNING cinder.scheduler.host_manager [None req-6303d9fc-6df2-408d-adf1-6f4cb4085854 48337fe26da849e1bb23e8ed7fcec77a 44ed2f08cd2e4655b8af2cd456f903c4 - - - -] volume service is down. (host: rack03-server59@lvm-1)
2022-09-01 13:45:47.334 7 WARNING cinder.scheduler.host_manager [None req-d9ce8289-f57c-4674-afdc-bfe8f95a45f4 3e4b5f4904e747948b000daba9b8faaa 83c6a289d56f427f8b1768db50a8c284 - - - -] volume service is down. (host: rack03-server59@lvm-1)
2022-09-01 13:45:47.549 7 WARNING cinder.scheduler.host_manager [None req-55702f1a-04a5-49ab-ad0f-59fd3e6ffd52 3e4b5f4904e747948b000daba9b8faaa 83c6a289d56f427f8b1768db50a8c284 - - - -] volume service is down. (host: rack03-server59@lvm-1)
2022-09-01 13:45:47.762 7 WARNING cinder.scheduler.host_manager [None req-aa6acfd6-1023-4dc7-92ca-12438e5781ed 3e4b5f4904e747948b000daba9b8faaa 83c6a289d56f427f8b1768db50a8c284 - - - -] volume service is down. (host: rack03-server59@lvm-1)
2022-09-01 13:45:47.960 7 WARNING cinder.scheduler.host_manager [None req-d48d899e-437a-4d09-8e5b-a4ef19867ff4 3e4b5f4904e747948b000daba9b8faaa 83c6a289d56f427f8b1768db50a8c284 - - - -] volume service is down. (host: rack03-server59@lvm-1)
2022-09-01 13:45:48.478 7 WARNING cinder.scheduler.host_manager [None req-48c4e46d-ea26-46e7-9d3e-6f51c586052e 9266ae5e041a4ac3832d19a29f22f246 d560bbd331c94bd883dfdb925904f5ba - - - -] volume service is down. (host: rack03-server59@lvm-1)
2022-09-01 13:45:49.499 7 WARNING cinder.scheduler.host_manager [None req-1db88378-ff56-4b91-b5d5-e5afb0e9044c 48337fe26da849e1bb23e8ed7fcec77a 44ed2f08cd2e4655b8af2cd456f903c4 - - - -] volume service is down. (host: rack03-server59@lvm-1)
2022-09-01 13:45:49.753 7 WARNING cinder.scheduler.host_manager [None req-fbfaddd1-24e2-4d19-b9ed-3c844182cd12 9266ae5e041a4ac3832d19a29f22f246 d560bbd331c94bd883dfdb925904f5ba - - - -] volume service is down. (host: rack03-server59@lvm-1)
2022-09-01 13:45:51.825 7 WARNING cinder.scheduler.host_manager [None req-461ee8ea-5d80-40b9-a9c2-7724f778b17a 48337fe26da849e1bb23e8ed7fcec77a 44ed2f08cd2e4655b8af2cd456f903c4 - - - -] volume service is down. (host: rack03-server59@lvm-1)
2022-09-01 13:45:52.027 7 WARNING cinder.scheduler.host_manager [None req-03611f38-dc77-41fe-8e7d-5adc1740ec69 48337fe26da849e1bb23e8ed7fcec77a 44ed2f08cd2e4655b8af2cd456f903c4 - - - -] volume service is down. (host: rack03-server59@lvm-1)
2022-09-01 13:45:52.237 7 WARNING cinder.scheduler.host_manager [None req-02e96206-cb64-46fa-8602-81a47e4cdfe8 48337fe26da849e1bb23e8ed7fcec77a 44ed2f08cd2e4655b8af2cd456f903c4 - - - -] volume service is down. (host: rack03-server59@lvm-1)
2022-09-01 13:45:52.441 7 WARNING cinder.scheduler.host_manager [None req-1b688e92-0805-47a0-9804-290fd72aa641 48337fe26da849e1bb23e8ed7fcec77a 44ed2f08cd2e4655b8af2cd456f903c4 - - - -] volume service is down. (host: rack03-server59@lvm-1)
2022-09-01 13:45:52.644 7 WARNING cinder.scheduler.host_manager [None req-f944abbf-f40a-40f6-a4db-7f102aff6b44 48337fe26da849e1bb23e8ed7fcec77a 44ed2f08cd2e4655b8af2cd456f903c4 - - - -] volume service is down. (host: rack03-server59@lvm-1)
2022-09-01 13:45:57.345 7 WARNING cinder.scheduler.host_manager [None req-64c8138f-7555-445b-a41a-b71adf898ac4 8cf501d3250542049b40d2d3c01bacd0 6567a355f966497f81249e97f209bc07 - - - -] volume service is down. (host: rack03-server59@lvm-1)
2022-09-01 13:45:58.683 7 WARNING cinder.scheduler.host_manager [None req-b079d4df-f596-4bad-86df-9ea957a59fd6 8cf501d3250542049b40d2d3c01bacd0 6567a355f966497f81249e97f209bc07 - - - -] volume service is down. (host: rack03-server59@lvm-1)
2022-09-01 13:45:58.930 7 WARNING cinder.scheduler.host_manager [None req-1f1af043-cea7-4bbe-a4c7-fe6760c712bf 8cf501d3250542049b40d2d3c01bacd0 6567a355f966497f81249e97f209bc07 - - - -] volume service is down. (host: rack03-server59@lvm-1)
2022-09-01 13:45:59.136 7 WARNING cinder.scheduler.host_manager [None req-6b51cd05-0557-4a36-8939-b7faa0d666e9 8cf501d3250542049b40d2d3c01bacd0 6567a355f966497f81249e97f209bc07 - - - -] volume service is down. (host: rack03-server59@lvm-1)
2022-09-01 13:45:59.346 7 WARNING cinder.scheduler.host_manager [None req-1aacdec5-9efa-4323-88b7-ad462c3523d9 8cf501d3250542049b40d2d3c01bacd0 6567a355f966497f81249e97f209bc07 - - - -] volume service is down. (host: rack03-server59@lvm-1)
2022-09-01 13:45:59.554 7 WARNING cinder.scheduler.host_manager [None req-efbe62be-9756-40f7-a1f8-d4800b9005be 8cf501d3250542049b40d2d3c01bacd0 6567a355f966497f81249e97f209bc07 - - - -] volume service is down. (host: rack03-server59@lvm-1)
