Build Started 03_08_2022_00_30_35
2022-08-03 03:33:07.813 7 WARNING cinder.scheduler.host_manager [req-97423f59-55cb-49e3-b0fc-05a21ce57bad 5f74f0c32405434c96254841d807a449 9110de02f43b4078af6f8706b5dcd676 - - -] volume service is down. (host: rack03-server59@lvm-1)
2022-08-03 03:33:07.842 7 WARNING cinder.scheduler.host_manager [req-4a9e093b-8deb-4b5b-94b0-bc6ed1d8d506 ab52301766d9481b87d8150eb83e8b81 2874a3a93f104f90983af537405730b6 - - -] volume service is down. (host: rack03-server59@lvm-1)
2022-08-03 03:33:07.941 7 WARNING cinder.scheduler.host_manager [req-1e1dd6b9-1753-4421-9630-5881f489a818 023fb28a565847cea6fd99ee4d829d32 76f5e403299e438bb373543338cca9b2 - - -] volume service is down. (host: rack03-server59@lvm-1)
2022-08-03 03:33:09.464 7 WARNING cinder.scheduler.host_manager [req-9e009c2c-0de9-4832-9f21-ed9bc859517b 5f74f0c32405434c96254841d807a449 9110de02f43b4078af6f8706b5dcd676 - - -] volume service is down. (host: rack03-server59@lvm-1)
2022-08-03 03:33:16.446 7 WARNING cinder.scheduler.host_manager [req-95575685-faca-4135-afe9-390be5bb7813 37282a8586ea4b5f89bda60b82a809be 6ed6104def9b4809a351ae33131b3a6c - - -] volume service is down. (host: rack03-server59@lvm-1)
2022-08-03 03:33:18.970 7 WARNING cinder.scheduler.host_manager [req-f36d2114-484a-4741-8969-addf659802ce 37282a8586ea4b5f89bda60b82a809be 6ed6104def9b4809a351ae33131b3a6c - - -] volume service is down. (host: rack03-server59@lvm-1)
2022-08-03 03:33:21.504 7 WARNING cinder.scheduler.host_manager [req-e2758b16-fb47-402f-9283-5652e4313913 37282a8586ea4b5f89bda60b82a809be 6ed6104def9b4809a351ae33131b3a6c - - -] volume service is down. (host: rack03-server59@lvm-1)
2022-08-03 03:33:21.666 7 WARNING cinder.scheduler.host_manager [req-f89c4993-1be7-43e8-b2d0-9ba6e055cc6b 6af58b52c63a4cd18a176af62a25cdfc 372b152b83094923b5f282b2402fe292 - - -] volume service is down. (host: rack03-server59@lvm-1)
2022-08-03 03:33:21.674 7 WARNING cinder.scheduler.host_manager [req-f89c4993-1be7-43e8-b2d0-9ba6e055cc6b 6af58b52c63a4cd18a176af62a25cdfc 372b152b83094923b5f282b2402fe292 - - -] volume service is down. (host: rack03-server59@lvm-1)
2022-08-03 03:33:23.178 7 WARNING cinder.scheduler.host_manager [req-4729ff78-0fb0-48a9-9b5b-8a5cc62b55ed 6af58b52c63a4cd18a176af62a25cdfc 372b152b83094923b5f282b2402fe292 - - -] volume service is down. (host: rack03-server59@lvm-1)
2022-08-03 03:33:27.943 7 WARNING cinder.scheduler.host_manager [req-07a6c5bc-b12c-44ae-85a0-5a7c7cfd987b 6af58b52c63a4cd18a176af62a25cdfc 372b152b83094923b5f282b2402fe292 - - -] volume service is down. (host: rack03-server59@lvm-1)
2022-08-03 03:33:33.687 7 WARNING cinder.scheduler.host_manager [req-bd24f7c4-c632-43a2-a4f4-89e86b00d1e2 6af58b52c63a4cd18a176af62a25cdfc 372b152b83094923b5f282b2402fe292 - - -] volume service is down. (host: rack03-server59@lvm-1)
2022-08-03 03:33:33.694 7 WARNING cinder.scheduler.host_manager [req-bd24f7c4-c632-43a2-a4f4-89e86b00d1e2 6af58b52c63a4cd18a176af62a25cdfc 372b152b83094923b5f282b2402fe292 - - -] volume service is down. (host: rack03-server59@lvm-1)
2022-08-03 03:33:35.131 7 WARNING cinder.scheduler.host_manager [req-7799edc6-c6a3-46ac-bcf2-28e8a9cfc25f 6af58b52c63a4cd18a176af62a25cdfc 372b152b83094923b5f282b2402fe292 - - -] volume service is down. (host: rack03-server59@lvm-1)
2022-08-03 03:33:36.106 7 WARNING cinder.scheduler.host_manager [req-72d73f93-22e6-44db-a12e-216cef72b308 3aeec991e3a14a44bd5fcd6b39117742 8c93f462fbda481d9a4db2e67e07de74 - - -] volume service is down. (host: rack03-server59@lvm-1)
2022-08-03 03:33:36.145 7 WARNING cinder.scheduler.host_manager [req-25ab3af0-ca48-483b-8dc3-472455057088 3aeec991e3a14a44bd5fcd6b39117742 8c93f462fbda481d9a4db2e67e07de74 - - -] volume service is down. (host: rack03-server59@lvm-1)
2022-08-03 03:33:37.676 7 WARNING cinder.scheduler.host_manager [req-1dadb59d-ddb7-4547-956e-5ca02465f766 6af58b52c63a4cd18a176af62a25cdfc 372b152b83094923b5f282b2402fe292 - - -] volume service is down. (host: rack03-server59@lvm-1)
2022-08-03 03:33:41.592 7 WARNING cinder.scheduler.host_manager [req-f60271f5-f6e7-4d51-ab0c-281baba6f6fc 512252de4a7f4c6c9fa69822b449b8ea 1c9e1e93d4064aa58899f8d5688c1568 - - -] volume service is down. (host: rack03-server59@lvm-1)
2022-08-03 03:33:41.600 7 WARNING cinder.scheduler.host_manager [req-f60271f5-f6e7-4d51-ab0c-281baba6f6fc 512252de4a7f4c6c9fa69822b449b8ea 1c9e1e93d4064aa58899f8d5688c1568 - - -] volume service is down. (host: rack03-server59@lvm-1)
2022-08-03 03:33:43.135 7 WARNING cinder.scheduler.host_manager [req-79445e3b-437b-4e03-9e3a-11fe636a3507 512252de4a7f4c6c9fa69822b449b8ea 1c9e1e93d4064aa58899f8d5688c1568 - - -] volume service is down. (host: rack03-server59@lvm-1)
2022-08-03 03:33:50.984 7 WARNING cinder.scheduler.host_manager [req-41f73f35-193b-4482-a32f-295d91060e87 6af58b52c63a4cd18a176af62a25cdfc 372b152b83094923b5f282b2402fe292 - - -] volume service is down. (host: rack03-server59@lvm-1)
2022-08-03 03:33:50.991 7 WARNING cinder.scheduler.host_manager [req-41f73f35-193b-4482-a32f-295d91060e87 6af58b52c63a4cd18a176af62a25cdfc 372b152b83094923b5f282b2402fe292 - - -] volume service is down. (host: rack03-server59@lvm-1)
2022-08-03 03:33:52.438 7 WARNING cinder.scheduler.host_manager [req-ff13585b-25d3-4e60-ba7a-0fd1909ad993 6af58b52c63a4cd18a176af62a25cdfc 372b152b83094923b5f282b2402fe292 - - -] volume service is down. (host: rack03-server59@lvm-1)
2022-08-03 03:33:53.145 7 WARNING cinder.scheduler.host_manager [req-b6f10abe-b27b-45a2-9dc5-f031be2ba321 023fb28a565847cea6fd99ee4d829d32 76f5e403299e438bb373543338cca9b2 - - -] volume service is down. (host: rack03-server59@lvm-1)
2022-08-03 03:34:01.321 7 WARNING cinder.scheduler.host_manager [req-155536b3-4297-41c1-9810-f4081022cc03 8c05476dbd4540428c130c2a5a9d3b1c 51f294a43daf4a159d4dc40b22710a81 - - -] volume service is down. (host: rack03-server59@lvm-1)
2022-08-03 03:34:01.330 7 WARNING cinder.scheduler.host_manager [req-155536b3-4297-41c1-9810-f4081022cc03 8c05476dbd4540428c130c2a5a9d3b1c 51f294a43daf4a159d4dc40b22710a81 - - -] volume service is down. (host: rack03-server59@lvm-1)
2022-08-03 03:34:09.591 7 WARNING cinder.scheduler.host_manager [req-ce3f0833-e045-4364-b2fd-ad7827dc4a31 20abf67d4aef41fa8ac0e8d18430eb31 f45941246d204d6aae5c7552e8e5c67c - - -] volume service is down. (host: rack03-server59@lvm-1)
2022-08-03 03:34:10.860 7 WARNING cinder.scheduler.host_manager [req-ac2e1ce4-28db-43f6-af33-ef4289dde0b6 20abf67d4aef41fa8ac0e8d18430eb31 f45941246d204d6aae5c7552e8e5c67c - - -] volume service is down. (host: rack03-server59@lvm-1)
2022-08-03 03:34:11.138 7 WARNING cinder.scheduler.host_manager [req-d226404d-43d2-4ecb-9b64-23acb55217d2 5387015a481242f28c973f85058bbfeb 0ae812c9cbc140bdae7287552a5b7fbf - - -] volume service is down. (host: rack03-server59@lvm-1)
2022-08-03 03:34:11.147 7 WARNING cinder.scheduler.host_manager [req-d226404d-43d2-4ecb-9b64-23acb55217d2 5387015a481242f28c973f85058bbfeb 0ae812c9cbc140bdae7287552a5b7fbf - - -] volume service is down. (host: rack03-server59@lvm-1)
2022-08-03 03:34:12.340 7 WARNING cinder.scheduler.host_manager [req-229a06a6-2c3c-480b-ad04-6d6a3de5c8c3 5387015a481242f28c973f85058bbfeb 0ae812c9cbc140bdae7287552a5b7fbf - - -] volume service is down. (host: rack03-server59@lvm-1)
2022-08-03 03:34:12.348 7 WARNING cinder.scheduler.host_manager [req-229a06a6-2c3c-480b-ad04-6d6a3de5c8c3 5387015a481242f28c973f85058bbfeb 0ae812c9cbc140bdae7287552a5b7fbf - - -] volume service is down. (host: rack03-server59@lvm-1)
2022-08-03 03:34:13.454 7 WARNING cinder.scheduler.host_manager [req-25580aed-bd1d-4fd3-864f-8eb84ad79e14 20abf67d4aef41fa8ac0e8d18430eb31 f45941246d204d6aae5c7552e8e5c67c - - -] volume service is down. (host: rack03-server59@lvm-1)
2022-08-03 03:34:13.873 7 WARNING cinder.scheduler.host_manager [req-0f8cede5-0ecc-45ba-8a13-0319b4f9ed96 5387015a481242f28c973f85058bbfeb 0ae812c9cbc140bdae7287552a5b7fbf - - -] volume service is down. (host: rack03-server59@lvm-1)
2022-08-03 03:34:16.989 7 WARNING cinder.scheduler.host_manager [req-5d6f5deb-ccb6-4157-9522-a1fc026c4f7a 20abf67d4aef41fa8ac0e8d18430eb31 f45941246d204d6aae5c7552e8e5c67c - - -] volume service is down. (host: rack03-server59@lvm-1)
2022-08-03 03:34:18.094 7 WARNING cinder.scheduler.host_manager [req-f9cdcdd7-1dd6-4485-9fe5-4a952453f88f 5387015a481242f28c973f85058bbfeb 0ae812c9cbc140bdae7287552a5b7fbf - - -] volume service is down. (host: rack03-server59@lvm-1)
2022-08-03 03:34:18.102 7 WARNING cinder.scheduler.host_manager [req-f9cdcdd7-1dd6-4485-9fe5-4a952453f88f 5387015a481242f28c973f85058bbfeb 0ae812c9cbc140bdae7287552a5b7fbf - - -] volume service is down. (host: rack03-server59@lvm-1)
2022-08-03 03:34:19.573 7 WARNING cinder.scheduler.host_manager [req-c283c457-1b55-41a8-87bb-8c1779ebb610 5387015a481242f28c973f85058bbfeb 0ae812c9cbc140bdae7287552a5b7fbf - - -] volume service is down. (host: rack03-server59@lvm-1)
2022-08-03 03:34:20.568 7 WARNING cinder.scheduler.host_manager [req-a98624e1-de12-43c1-9a62-1301966cbe90 20abf67d4aef41fa8ac0e8d18430eb31 f45941246d204d6aae5c7552e8e5c67c - - -] volume service is down. (host: rack03-server59@lvm-1)
2022-08-03 03:34:22.331 7 WARNING cinder.scheduler.host_manager [req-844e7efb-2294-4a0c-a022-8d3539221e4b 5387015a481242f28c973f85058bbfeb 0ae812c9cbc140bdae7287552a5b7fbf - - -] volume service is down. (host: rack03-server59@lvm-1)
2022-08-03 03:34:24.391 7 WARNING cinder.scheduler.host_manager [req-f8d77c9f-c220-409c-a51d-d6ccc1a626c1 20abf67d4aef41fa8ac0e8d18430eb31 f45941246d204d6aae5c7552e8e5c67c - - -] volume service is down. (host: rack03-server59@lvm-1)
2022-08-03 03:34:34.461 7 WARNING cinder.scheduler.host_manager [req-c046fbc4-9583-4cbc-ac10-3c9132badd86 f51d6fe5cf1a43f4ab915698ee53f11a 268f5dc10af9463892c72f5818388597 - - -] volume service is down. (host: rack03-server59@lvm-1)
2022-08-03 03:34:34.470 7 WARNING cinder.scheduler.host_manager [req-c046fbc4-9583-4cbc-ac10-3c9132badd86 f51d6fe5cf1a43f4ab915698ee53f11a 268f5dc10af9463892c72f5818388597 - - -] volume service is down. (host: rack03-server59@lvm-1)
2022-08-03 03:34:35.967 7 WARNING cinder.scheduler.host_manager [req-618eaa21-4315-4a83-a52d-9e834994430d f51d6fe5cf1a43f4ab915698ee53f11a 268f5dc10af9463892c72f5818388597 - - -] volume service is down. (host: rack03-server59@lvm-1)
2022-08-03 03:34:38.310 7 WARNING cinder.scheduler.host_manager [req-998bd6f7-91ec-4a01-b6b9-291af17e67f0 f51d6fe5cf1a43f4ab915698ee53f11a 268f5dc10af9463892c72f5818388597 - - -] volume service is down. (host: rack03-server59@lvm-1)
2022-08-03 03:34:42.902 7 WARNING cinder.scheduler.host_manager [req-54ceee09-0cb0-4f60-be26-7a66959bb6eb 0db312d78b504f0abefc2105b623cac9 c84cacf78f7c46769a1879cba5023302 - - -] volume service is down. (host: rack03-server59@lvm-1)
2022-08-03 03:34:45.372 7 WARNING cinder.scheduler.host_manager [req-9f5963ab-3ed3-47bc-a6b2-d60229edda8c 0db312d78b504f0abefc2105b623cac9 c84cacf78f7c46769a1879cba5023302 - - -] volume service is down. (host: rack03-server59@lvm-1)
2022-08-03 03:34:57.104 7 WARNING cinder.scheduler.host_manager [req-959e7050-467d-42fe-ab1c-d1e39a2e5d77 77e7eea0cb7b47e9a4448b0250ee8cfa 8f448fc63575486f88ff0586be25f62f - - -] volume service is down. (host: rack03-server59@lvm-1)
2022-08-03 03:34:57.105 7 INFO cinder.scheduler.base_filter [req-959e7050-467d-42fe-ab1c-d1e39a2e5d77 77e7eea0cb7b47e9a4448b0250ee8cfa 8f448fc63575486f88ff0586be25f62f - - -] Filtering removed all hosts for the request with volume ID '555e3863-ad0b-4e88-8489-4e51d63fa312'. Filter results: AvailabilityZoneFilter: (start: 1, end: 1), CapacityFilter: (start: 1, end: 1), CapabilitiesFilter: (start: 1, end: 0)
2022-08-03 03:34:57.106 7 WARNING cinder.scheduler.filter_scheduler [req-959e7050-467d-42fe-ab1c-d1e39a2e5d77 77e7eea0cb7b47e9a4448b0250ee8cfa 8f448fc63575486f88ff0586be25f62f - - -] No weighed backend found for volume with properties: {'id': 'bb820f37-bba6-4b95-aa88-8c41eb037df9', 'name': 'tempest-UserMessagesTest-volume-type-1157762557', 'description': None, 'is_public': True, 'projects': [], 'extra_specs': {'storage_protocol': 'tempest-storage_protocol-931264147', 'vendor_name': 'tempest-vendor_name-390701953'}, 'qos_specs_id': None, 'created_at': '2022-08-03T00:34:56.000000', 'updated_at': None, 'deleted_at': None, 'deleted': False}
2022-08-03 03:34:57.106 7 INFO cinder.message.api [req-959e7050-467d-42fe-ab1c-d1e39a2e5d77 77e7eea0cb7b47e9a4448b0250ee8cfa 8f448fc63575486f88ff0586be25f62f - - -] Creating message record for request_id = req-959e7050-467d-42fe-ab1c-d1e39a2e5d77
2022-08-03 03:34:57.112 7 ERROR cinder.scheduler.flows.create_volume [req-959e7050-467d-42fe-ab1c-d1e39a2e5d77 77e7eea0cb7b47e9a4448b0250ee8cfa 8f448fc63575486f88ff0586be25f62f - - -] Failed to run task cinder.scheduler.flows.create_volume.ScheduleCreateVolumeTask;volume:create: No valid backend was found. No weighed backends available: cinder.exception.NoValidBackend: No valid backend was found. No weighed backends available
2022-08-03 03:34:58.707 7 WARNING cinder.scheduler.host_manager [req-e76059b4-2429-4647-95e9-10699504505f 77e7eea0cb7b47e9a4448b0250ee8cfa 8f448fc63575486f88ff0586be25f62f - - -] volume service is down. (host: rack03-server59@lvm-1)
2022-08-03 03:34:58.708 7 INFO cinder.scheduler.base_filter [req-e76059b4-2429-4647-95e9-10699504505f 77e7eea0cb7b47e9a4448b0250ee8cfa 8f448fc63575486f88ff0586be25f62f - - -] Filtering removed all hosts for the request with volume ID 'f72135a0-f5c8-4f2e-a2c6-aa889144fd23'. Filter results: AvailabilityZoneFilter: (start: 1, end: 1), CapacityFilter: (start: 1, end: 1), CapabilitiesFilter: (start: 1, end: 0)
2022-08-03 03:34:58.709 7 WARNING cinder.scheduler.filter_scheduler [req-e76059b4-2429-4647-95e9-10699504505f 77e7eea0cb7b47e9a4448b0250ee8cfa 8f448fc63575486f88ff0586be25f62f - - -] No weighed backend found for volume with properties: {'id': '2ff220a3-ce15-4446-bb2a-1960f084767b', 'name': 'tempest-UserMessagesTest-volume-type-246899900', 'description': None, 'is_public': True, 'projects': [], 'extra_specs': {'storage_protocol': 'tempest-storage_protocol-1559811104', 'vendor_name': 'tempest-vendor_name-495618780'}, 'qos_specs_id': None, 'created_at': '2022-08-03T00:34:58.000000', 'updated_at': None, 'deleted_at': None, 'deleted': False}
2022-08-03 03:34:58.709 7 INFO cinder.message.api [req-e76059b4-2429-4647-95e9-10699504505f 77e7eea0cb7b47e9a4448b0250ee8cfa 8f448fc63575486f88ff0586be25f62f - - -] Creating message record for request_id = req-e76059b4-2429-4647-95e9-10699504505f
2022-08-03 03:34:58.715 7 ERROR cinder.scheduler.flows.create_volume [req-e76059b4-2429-4647-95e9-10699504505f 77e7eea0cb7b47e9a4448b0250ee8cfa 8f448fc63575486f88ff0586be25f62f - - -] Failed to run task cinder.scheduler.flows.create_volume.ScheduleCreateVolumeTask;volume:create: No valid backend was found. No weighed backends available: cinder.exception.NoValidBackend: No valid backend was found. No weighed backends available
2022-08-03 03:35:11.259 7 WARNING cinder.scheduler.host_manager [req-d37f36e1-8f2e-413d-bc4d-c386639113c9 85f6ac5bf6484e0d90bbd577906e23d8 6293e224fc1f4d06a0c7b7b99fa4751f - - -] volume service is down. (host: rack03-server59@lvm-1)
2022-08-03 03:35:18.324 7 WARNING cinder.scheduler.host_manager [req-bd74866d-99ce-429a-bae9-64cf4a7a4e92 91d3fd4d8bbf45deb22cb1fec6a5791e 9ae6204d851f4acebe0600c8a7d0120e - - -] volume service is down. (host: rack03-server59@lvm-1)
2022-08-03 03:35:19.533 7 WARNING cinder.scheduler.host_manager [req-f8a41034-7fcc-4865-aff5-2d6fc78b8caf a92bcda2f94d4d52917d8d182d30bb5a 356bf9bba8ae4703ac7ef500c1e3ea6a - - -] volume service is down. (host: rack03-server59@lvm-1)
2022-08-03 03:35:20.674 7 WARNING cinder.scheduler.host_manager [req-09eab955-ab1f-420d-8e1d-e411c6db403a 91d3fd4d8bbf45deb22cb1fec6a5791e 9ae6204d851f4acebe0600c8a7d0120e - - -] volume service is down. (host: rack03-server59@lvm-1)
2022-08-03 03:35:23.258 7 WARNING cinder.scheduler.host_manager [req-f571e38c-9522-4e87-8ecc-1800b54b612c a92bcda2f94d4d52917d8d182d30bb5a 356bf9bba8ae4703ac7ef500c1e3ea6a - - -] volume service is down. (host: rack03-server59@lvm-1)
2022-08-03 03:35:30.999 7 WARNING cinder.scheduler.host_manager [req-c1431f09-3453-4d7e-bcf4-d145fe174e41 40a340e604b942728f5f80e6198eecff 65922e8d44f5445da66acb891a08bb01 - - -] volume service is down. (host: rack03-server59@lvm-1)
2022-08-03 03:35:34.832 7 WARNING cinder.scheduler.host_manager [req-0497b375-d981-4d11-8d2e-49d346cb8bf1 c7d8833e0fb94dfb958db9743282c7f6 f3f4d38ee50f4febb5a68b0f09486d7b - - -] volume service is down. (host: rack03-server59@lvm-1)
2022-08-03 03:35:38.079 7 WARNING cinder.scheduler.host_manager [req-9c08d6e3-403a-4edc-9f42-9286bdc98896 96b27aad143249a0a700860df3d921af 81030201645744a296961abf96069d67 - - -] volume service is down. (host: rack03-server59@lvm-1)
2022-08-03 03:35:40.412 7 WARNING cinder.scheduler.host_manager [req-4f288533-7353-4cde-818f-ef8e336e8f9d 96b27aad143249a0a700860df3d921af 81030201645744a296961abf96069d67 - - -] volume service is down. (host: rack03-server59@lvm-1)
2022-08-03 03:35:42.692 7 WARNING cinder.scheduler.host_manager [req-9395a1ed-859f-4219-85d8-0e80cc8ef91d 96b27aad143249a0a700860df3d921af 81030201645744a296961abf96069d67 - - -] volume service is down. (host: rack03-server59@lvm-1)
2022-08-03 03:35:45.510 7 WARNING cinder.scheduler.host_manager [req-5a17ce04-9632-4bee-9eb5-bf7e56e5f825 e546d22cec5845cea8c9f43a139fb75f 28d13a325f0c463bab3a038b8b158ac2 - - -] volume service is down. (host: rack03-server59@lvm-1)
2022-08-03 03:35:46.377 7 WARNING cinder.scheduler.host_manager [req-7314bbf5-846f-48f1-95db-3656be74f348 96b27aad143249a0a700860df3d921af 81030201645744a296961abf96069d67 - - -] volume service is down. (host: rack03-server59@lvm-1)
2022-08-03 03:35:47.628 7 WARNING cinder.scheduler.host_manager [req-f8bd2dd4-bf25-4066-831f-6df0198e255c 96b27aad143249a0a700860df3d921af 81030201645744a296961abf96069d67 - - -] volume service is down. (host: rack03-server59@lvm-1)
2022-08-03 03:35:50.113 7 WARNING cinder.scheduler.host_manager [req-e9d3aaab-4427-4086-b22b-346968d4f869 96b27aad143249a0a700860df3d921af 81030201645744a296961abf96069d67 - - -] volume service is down. (host: rack03-server59@lvm-1)
2022-08-03 03:36:00.460 7 WARNING cinder.scheduler.host_manager [req-b5458578-6df7-4396-9c80-8e094e76269d a0b1f370068f4c43835e7823a29a30b5 4fc2c55007c448d694c638cada967301 - - -] volume service is down. (host: rack03-server59@lvm-1)
2022-08-03 03:36:01.408 7 WARNING cinder.scheduler.host_manager [req-0bcdc45a-9729-4fc1-9679-42429cb06674 91d5cb1f2a044c4bb30c01430be373da f4ebce4e19db4260b742c2fad5ccb479 - - -] volume service is down. (host: rack03-server59@lvm-1)
2022-08-03 03:36:01.751 7 WARNING cinder.scheduler.host_manager [req-a8212d2f-e36f-4fd0-8a0e-9b11e04bcfa2 a0b1f370068f4c43835e7823a29a30b5 4fc2c55007c448d694c638cada967301 - - -] volume service is down. (host: rack03-server59@lvm-1)
2022-08-03 03:36:06.212 7 WARNING cinder.scheduler.host_manager [req-6c3a199a-3f95-42de-b30f-1fa897615d19 91d5cb1f2a044c4bb30c01430be373da f4ebce4e19db4260b742c2fad5ccb479 - - -] volume service is down. (host: rack03-server59@lvm-1)
2022-08-03 03:36:12.734 7 WARNING cinder.scheduler.host_manager [req-66ed83f0-6cab-406b-8142-60a94092c8bd afe45f1af84a4346a736fa974f180514 8bf4530649ae4f2cb578f1432ec2e608 - - -] volume service is down. (host: rack03-server59@lvm-1)
2022-08-03 03:37:52.351 7 WARNING cinder.scheduler.host_manager [req-b302707f-7354-4991-ab27-9f2ddd08d310 bf9852050b2b4abda885e73d86462a6a 5fe7c73527ce43b49e106a4b8ca4abc1 - - -] volume service is down. (host: rack03-server59@lvm-1)
2022-08-03 03:38:51.523 7 WARNING cinder.scheduler.host_manager [req-60e84723-10d4-4cbd-8226-b48521e430fe bf9852050b2b4abda885e73d86462a6a 5fe7c73527ce43b49e106a4b8ca4abc1 - - -] volume service is down. (host: rack03-server59@lvm-1)
2022-08-03 03:38:55.274 7 WARNING cinder.scheduler.host_manager [req-bc3ade79-93d1-4372-be94-e8181414a71c bf9852050b2b4abda885e73d86462a6a 5fe7c73527ce43b49e106a4b8ca4abc1 - - -] volume service is down. (host: rack03-server59@lvm-1)
2022-08-03 03:38:59.024 7 WARNING cinder.scheduler.host_manager [req-777c825c-d52e-40fe-8694-99a4e69ae62a bf9852050b2b4abda885e73d86462a6a 5fe7c73527ce43b49e106a4b8ca4abc1 - - -] volume service is down. (host: rack03-server59@lvm-1)
2022-08-03 03:39:02.776 7 WARNING cinder.scheduler.host_manager [req-df558d65-b73e-41fd-89cc-b44890a80d53 bf9852050b2b4abda885e73d86462a6a 5fe7c73527ce43b49e106a4b8ca4abc1 - - -] volume service is down. (host: rack03-server59@lvm-1)
2022-08-03 03:39:06.504 7 WARNING cinder.scheduler.host_manager [req-669e47eb-0a46-4378-959b-e3fdc71fdd74 bf9852050b2b4abda885e73d86462a6a 5fe7c73527ce43b49e106a4b8ca4abc1 - - -] volume service is down. (host: rack03-server59@lvm-1)
2022-08-03 03:39:17.186 7 WARNING cinder.scheduler.host_manager [req-c6922838-7601-40d9-bb6c-29c2c2356056 3cbb0d2f2c484f4783f3c13b56d74ef6 f625eaafbbee4616b61f0905b1831c53 - - -] volume service is down. (host: rack03-server59@lvm-1)
2022-08-03 03:39:18.665 7 WARNING cinder.scheduler.host_manager [req-163c2920-a77e-41dc-9063-cbc491e71fdf 3cbb0d2f2c484f4783f3c13b56d74ef6 f625eaafbbee4616b61f0905b1831c53 - - -] volume service is down. (host: rack03-server59@lvm-1)
2022-08-03 03:39:21.205 7 WARNING cinder.scheduler.host_manager [req-80aca27c-5361-440b-9af0-f8ef1d590ea2 3cbb0d2f2c484f4783f3c13b56d74ef6 f625eaafbbee4616b61f0905b1831c53 - - -] volume service is down. (host: rack03-server59@lvm-1)
2022-08-03 03:39:23.990 7 WARNING cinder.scheduler.host_manager [req-c8e8f3db-6793-49ec-b2f0-513f65537f44 89990a8a70c347bea42ed1e88183e92f ae613797ce7f4d2887b845ea58e9a59d - - -] volume service is down. (host: rack03-server59@lvm-1)
2022-08-03 03:39:36.546 7 WARNING cinder.scheduler.host_manager [req-ab03e4bf-175a-42fe-92cf-17dedb92c0de 5308364641da467d91c6a9f5fc0e4a9d e993a3ab094d4bf4998049ac20a955fe - - -] volume service is down. (host: rack03-server59@lvm-1)
2022-08-03 03:40:00.380 7 WARNING cinder.scheduler.host_manager [req-8c2053c4-a4bf-4a3f-8ac3-c1c7a765c5e1 09ff7706e3bc4ff497bc48f66aea2191 e99bb9abda6b4d1980e8e6fe713bb714 - - -] volume service is down. (host: rack03-server59@lvm-1)
2022-08-03 03:40:10.839 7 WARNING cinder.scheduler.host_manager [req-97b87e4a-cd9a-4342-bd46-4728fc060d8c 45c55b749e1b4c6dbf8af84cf3b45767 629b3fd66a4444cca7d40204e5372f94 - - -] volume service is down. (host: rack03-server59@lvm-1)
2022-08-03 03:40:15.679 7 WARNING cinder.scheduler.host_manager [req-75eb077e-54d9-4455-a0f4-0677ad4111d9 45c55b749e1b4c6dbf8af84cf3b45767 629b3fd66a4444cca7d40204e5372f94 - - -] volume service is down. (host: rack03-server59@lvm-1)
2022-08-03 03:40:23.431 7 WARNING cinder.scheduler.host_manager [req-6e76e027-cd1b-4c41-bca6-298ad2be01a2 0b711c59a5424576928bdf5c2246f205 e23fba62ccf346a79b65950bbedeca10 - - -] volume service is down. (host: rack03-server59@lvm-1)
2022-08-03 03:40:39.726 7 WARNING cinder.scheduler.host_manager [req-6c3f2c35-58de-473a-9720-b7e7e018e7dd 0b711c59a5424576928bdf5c2246f205 e23fba62ccf346a79b65950bbedeca10 - - -] volume service is down. (host: rack03-server59@lvm-1)
2022-08-03 03:40:45.450 7 WARNING cinder.scheduler.host_manager [req-3fe1a6bf-d2c9-4415-a46d-8f08d24173e6 0b711c59a5424576928bdf5c2246f205 e23fba62ccf346a79b65950bbedeca10 - - -] volume service is down. (host: rack03-server59@lvm-1)
2022-08-03 03:40:46.891 7 WARNING cinder.scheduler.host_manager [req-d9b3e527-4f21-434c-a6a8-dd298191abaa 0b711c59a5424576928bdf5c2246f205 e23fba62ccf346a79b65950bbedeca10 - - -] volume service is down. (host: rack03-server59@lvm-1)
2022-08-03 03:40:58.145 7 WARNING cinder.scheduler.host_manager [req-dd1e1c5f-c86d-4e05-85f0-a77fb149076e ebbd4e36fa9c4d84924c166b60fb177c e2ad96142fc644a29c8a8273255b2e2d - - -] volume service is down. (host: rack03-server59@lvm-1)
2022-08-03 03:41:12.139 7 WARNING cinder.scheduler.host_manager [req-37632610-8f4f-44ed-ad5b-f1ac5cf7bd82 b34405253d064e668ccc3980c9f73666 aab641e454504745971dc72afbc35773 - - -] volume service is down. (host: rack03-server59@lvm-1)
2022-08-03 03:41:20.653 7 WARNING cinder.scheduler.host_manager [req-03b5c1d0-5516-40b3-8703-5831c863deac e8779dcf5e9849dbabaf25b85dd3185f 869f360dd2fe4789bf787017b309365c - - -] volume service is down. (host: rack03-server59@lvm-1)
2022-08-03 03:43:51.083 7 WARNING cinder.scheduler.host_manager [req-9ab02790-3b7c-4ab1-b0b6-e6a66acc87f8 ebbd4e36fa9c4d84924c166b60fb177c e2ad96142fc644a29c8a8273255b2e2d - - -] volume service is down. (host: rack03-server59@lvm-1)
2022-08-03 03:45:55.329 7 WARNING cinder.scheduler.host_manager [req-401f01ef-1197-40d5-861f-b61949376451 ed31d6f8891f4f62921f50f1ceda17ff f7aff48d059f4d149d1c3affddbcbca3 - - -] volume service is down. (host: rack03-server59@lvm-1)
2022-08-03 03:46:11.445 7 WARNING cinder.scheduler.host_manager [req-0948d6a1-bdc7-4853-932c-879242267efa ed31d6f8891f4f62921f50f1ceda17ff f7aff48d059f4d149d1c3affddbcbca3 - - -] volume service is down. (host: rack03-server59@lvm-1)
2022-08-03 03:46:12.912 7 WARNING cinder.scheduler.host_manager [req-1dc7bc71-dc65-46b9-91f4-9728f0cfa51d ed31d6f8891f4f62921f50f1ceda17ff f7aff48d059f4d149d1c3affddbcbca3 - - -] volume service is down. (host: rack03-server59@lvm-1)
2022-08-03 03:46:15.290 7 WARNING cinder.scheduler.host_manager [req-213c4b5d-7b86-4026-8208-112774b1bbbc ed31d6f8891f4f62921f50f1ceda17ff f7aff48d059f4d149d1c3affddbcbca3 - - -] volume service is down. (host: rack03-server59@lvm-1)
2022-08-03 03:46:17.586 7 WARNING cinder.scheduler.host_manager [req-9c1d9b8f-80c3-4759-9846-3f1ff3248bbe ed31d6f8891f4f62921f50f1ceda17ff f7aff48d059f4d149d1c3affddbcbca3 - - -] volume service is down. (host: rack03-server59@lvm-1)
2022-08-03 03:46:25.627 7 WARNING cinder.scheduler.host_manager [req-8222a2d8-b058-45c4-86fd-244057d08119 121168b47a0a4f9ca38c4d0e7081285b 50fb3a265dcc45bc8f0de0e66238ebf8 - - -] volume service is down. (host: rack03-server59@lvm-1)
2022-08-03 03:46:28.334 7 WARNING cinder.scheduler.host_manager [req-2bfc98ff-7fca-4d16-b452-0614fd061e5a 121168b47a0a4f9ca38c4d0e7081285b 50fb3a265dcc45bc8f0de0e66238ebf8 - - -] volume service is down. (host: rack03-server59@lvm-1)
2022-08-03 03:46:33.207 7 WARNING cinder.scheduler.host_manager [req-c2ec2ef8-a87f-4933-a9d9-a9fdf3975c87 121168b47a0a4f9ca38c4d0e7081285b 50fb3a265dcc45bc8f0de0e66238ebf8 - - -] volume service is down. (host: rack03-server59@lvm-1)
2022-08-03 03:46:35.722 7 WARNING cinder.scheduler.host_manager [req-14d27ffd-cb89-40a6-b717-098eedd59e31 121168b47a0a4f9ca38c4d0e7081285b 50fb3a265dcc45bc8f0de0e66238ebf8 - - -] volume service is down. (host: rack03-server59@lvm-1)
2022-08-03 03:46:39.704 7 WARNING cinder.scheduler.host_manager [req-db8e8ac9-0f9c-4686-b568-ad61a72016f6 121168b47a0a4f9ca38c4d0e7081285b 50fb3a265dcc45bc8f0de0e66238ebf8 - - -] volume service is down. (host: rack03-server59@lvm-1)
2022-08-03 03:46:44.669 7 WARNING cinder.scheduler.host_manager [req-b035b5d7-3797-4a12-aac2-6fafab30836f 121168b47a0a4f9ca38c4d0e7081285b 50fb3a265dcc45bc8f0de0e66238ebf8 - - -] volume service is down. (host: rack03-server59@lvm-1)
2022-08-03 03:46:51.004 7 WARNING cinder.scheduler.host_manager [req-486a680d-6f99-44c0-bacb-34fb899730f0 ebbd4e36fa9c4d84924c166b60fb177c e2ad96142fc644a29c8a8273255b2e2d - - -] volume service is down. (host: rack03-server59@lvm-1)
2022-08-03 03:46:54.552 7 WARNING cinder.scheduler.host_manager [req-68552b4b-d90b-4e16-8f71-653db8438a9d ebbd4e36fa9c4d84924c166b60fb177c e2ad96142fc644a29c8a8273255b2e2d - - -] volume service is down. (host: rack03-server59@lvm-1)
2022-08-03 03:47:01.145 7 WARNING cinder.scheduler.host_manager [req-da23fa5b-1bb2-4112-beb0-81b202e58eed 121168b47a0a4f9ca38c4d0e7081285b 50fb3a265dcc45bc8f0de0e66238ebf8 - - -] volume service is down. (host: rack03-server59@lvm-1)
2022-08-03 03:47:13.111 7 WARNING cinder.scheduler.host_manager [req-bf1d1cb2-1214-4151-905e-cccd06ca9e34 c7948061e85d47cfb9b7b2ffa9573b5f d78034f068b94772a05cc92d7e33c0be - - -] volume service is down. (host: rack03-server59@lvm-1)
2022-08-03 03:47:15.637 7 WARNING cinder.scheduler.host_manager [req-bd44dd20-3bc6-4ead-a966-62cc2d11b898 c7948061e85d47cfb9b7b2ffa9573b5f d78034f068b94772a05cc92d7e33c0be - - -] volume service is down. (host: rack03-server59@lvm-1)
2022-08-03 03:47:18.455 7 WARNING cinder.scheduler.host_manager [req-d60fde92-044d-4a7a-a137-5028fed34ad3 c7948061e85d47cfb9b7b2ffa9573b5f d78034f068b94772a05cc92d7e33c0be - - -] volume service is down. (host: rack03-server59@lvm-1)
2022-08-03 03:47:28.326 7 WARNING cinder.scheduler.host_manager [req-47871b23-98da-4135-a4c7-b95a11a1d24d e694471912e7437da3492159f869550b 6c5077efa69b489cb010988632bac10e - - -] volume service is down. (host: rack03-server59@lvm-1)
2022-08-03 03:51:51.885 7 WARNING cinder.scheduler.host_manager [req-aa07ae14-d56a-46e3-a564-d38bfdaba7a3 ebbd4e36fa9c4d84924c166b60fb177c e2ad96142fc644a29c8a8273255b2e2d - - -] volume service is down. (host: rack03-server59@lvm-1)
2022-08-03 03:51:54.252 7 WARNING cinder.scheduler.host_manager [req-4cde67ff-7652-4a51-8aa5-bdcbadbf1329 ebbd4e36fa9c4d84924c166b60fb177c e2ad96142fc644a29c8a8273255b2e2d - - -] volume service is down. (host: rack03-server59@lvm-1)
2022-08-03 03:51:56.763 7 WARNING cinder.scheduler.host_manager [req-6782dc5a-c91f-4485-bfde-c872c64f7341 ebbd4e36fa9c4d84924c166b60fb177c e2ad96142fc644a29c8a8273255b2e2d - - -] volume service is down. (host: rack03-server59@lvm-1)
2022-08-03 03:52:00.454 7 WARNING cinder.scheduler.host_manager [req-c67344f9-42ac-41e6-80b6-cbb736b1263b ebbd4e36fa9c4d84924c166b60fb177c e2ad96142fc644a29c8a8273255b2e2d - - -] volume service is down. (host: rack03-server59@lvm-1)
2022-08-03 03:52:02.760 7 WARNING cinder.scheduler.host_manager [req-f6370a9f-cea2-4200-b145-e2f653200ff8 ebbd4e36fa9c4d84924c166b60fb177c e2ad96142fc644a29c8a8273255b2e2d - - -] volume service is down. (host: rack03-server59@lvm-1)
2022-08-03 03:52:05.241 7 WARNING cinder.scheduler.host_manager [req-1d792027-5ffa-4121-93df-f1fd193393e4 ebbd4e36fa9c4d84924c166b60fb177c e2ad96142fc644a29c8a8273255b2e2d - - -] volume service is down. (host: rack03-server59@lvm-1)
2022-08-03 03:52:20.423 7 WARNING cinder.scheduler.host_manager [req-df68ed5f-f653-4512-8883-80308dbae71c 21fa0dea213d49f0aa6b05d00c4d1f1f 660a97e250644da18c7518e80954dfa8 - - -] volume service is down. (host: rack03-server59@lvm-1)
2022-08-03 03:52:22.764 7 WARNING cinder.scheduler.host_manager [req-4112cc96-706a-4091-b7f0-d0cebcc61c9c 21fa0dea213d49f0aa6b05d00c4d1f1f 660a97e250644da18c7518e80954dfa8 - - -] volume service is down. (host: rack03-server59@lvm-1)
2022-08-03 03:52:25.055 7 WARNING cinder.scheduler.host_manager [req-e3a8604f-1188-41c4-aa14-8212e24b6788 21fa0dea213d49f0aa6b05d00c4d1f1f 660a97e250644da18c7518e80954dfa8 - - -] volume service is down. (host: rack03-server59@lvm-1)
2022-08-03 03:52:27.348 7 WARNING cinder.scheduler.host_manager [req-bba8831b-4647-4cbc-b7d1-396c1370e510 21fa0dea213d49f0aa6b05d00c4d1f1f 660a97e250644da18c7518e80954dfa8 - - -] volume service is down. (host: rack03-server59@lvm-1)
2022-08-03 03:52:38.181 7 WARNING cinder.scheduler.host_manager [req-97fc95d4-fa88-4590-b91d-642093696c7a 3e8d6ac5e275400e83f8cf90842285b7 fb014aa952ff4a1c851f1bee7864a78e - - -] volume service is down. (host: rack03-server59@lvm-1)
2022-08-03 03:52:40.516 7 WARNING cinder.scheduler.host_manager [req-b55fe86c-fa8e-4fdf-9d76-e01f69742f76 3e8d6ac5e275400e83f8cf90842285b7 fb014aa952ff4a1c851f1bee7864a78e - - -] volume service is down. (host: rack03-server59@lvm-1)
2022-08-03 03:52:53.162 7 WARNING cinder.scheduler.host_manager [req-41edf5d0-aaf6-4bc9-b96e-1e9b72cc84a9 daf2dcc28296470cb3fe6a173e07d719 a035592dc6ce46b8bc0500bf85497826 - - -] volume service is down. (host: rack03-server59@lvm-1)
2022-08-03 03:52:53.196 7 WARNING cinder.scheduler.host_manager [req-abbf4a50-57c6-4740-8952-5f86e8caf575 fee9ab519f15416b8d4cfe72af326346 56fbb005434c48b49e95a716b62a48ef - - -] volume service is down. (host: rack03-server59@lvm-1)
2022-08-03 03:52:53.235 7 WARNING cinder.scheduler.host_manager [req-0eb91ac1-cec6-4ae1-bc20-cd4bf55ed3a9 7548193e6b274489b66de31f1f0ff622 1868698ab26e4eb5a02c0aa7232e5d7b - - -] volume service is down. (host: rack03-server59@lvm-1)
2022-08-03 03:52:53.471 7 WARNING cinder.scheduler.host_manager [req-46e4d6e2-24db-48a7-925c-fa8ae66c8133 daf2dcc28296470cb3fe6a173e07d719 a035592dc6ce46b8bc0500bf85497826 - - -] volume service is down. (host: rack03-server59@lvm-1)
2022-08-03 03:52:53.736 7 WARNING cinder.scheduler.host_manager [req-84670fa9-e617-4529-a6c3-de34415b044a daf2dcc28296470cb3fe6a173e07d719 a035592dc6ce46b8bc0500bf85497826 - - -] volume service is down. (host: rack03-server59@lvm-1)
2022-08-03 03:52:54.059 7 WARNING cinder.scheduler.host_manager [req-250ab114-a99e-48d2-88b8-d8e3265212e8 daf2dcc28296470cb3fe6a173e07d719 a035592dc6ce46b8bc0500bf85497826 - - -] volume service is down. (host: rack03-server59@lvm-1)
2022-08-03 03:52:54.357 7 WARNING cinder.scheduler.host_manager [req-e53b7e4e-d934-497b-b764-0d7fa38e0f98 daf2dcc28296470cb3fe6a173e07d719 a035592dc6ce46b8bc0500bf85497826 - - -] volume service is down. (host: rack03-server59@lvm-1)
2022-08-03 03:52:54.448 7 WARNING cinder.scheduler.host_manager [req-e0519582-87e2-41df-8ae2-b2edbc523045 7548193e6b274489b66de31f1f0ff622 1868698ab26e4eb5a02c0aa7232e5d7b - - -] volume service is down. (host: rack03-server59@lvm-1)
2022-08-03 03:52:54.570 7 WARNING cinder.scheduler.host_manager [req-ce599135-546d-4f64-a1e4-d4a74c740b23 fee9ab519f15416b8d4cfe72af326346 56fbb005434c48b49e95a716b62a48ef - - -] volume service is down. (host: rack03-server59@lvm-1)
2022-08-03 03:52:56.878 7 WARNING cinder.scheduler.host_manager [req-ce9c342e-a13d-4442-b77a-ae8960fd33eb 7548193e6b274489b66de31f1f0ff622 1868698ab26e4eb5a02c0aa7232e5d7b - - -] volume service is down. (host: rack03-server59@lvm-1)
2022-08-03 03:52:56.953 7 WARNING cinder.scheduler.host_manager [req-36e26489-b9a9-47d4-b829-559d189ec177 fee9ab519f15416b8d4cfe72af326346 56fbb005434c48b49e95a716b62a48ef - - -] volume service is down. (host: rack03-server59@lvm-1)
2022-08-03 03:52:57.171 7 WARNING cinder.scheduler.host_manager [req-2e1169dc-5958-44b5-a0bd-de9460a468f3 7548193e6b274489b66de31f1f0ff622 1868698ab26e4eb5a02c0aa7232e5d7b - - -] volume service is down. (host: rack03-server59@lvm-1)
2022-08-03 03:52:57.454 7 WARNING cinder.scheduler.host_manager [req-9b295a06-3ea8-40b9-928d-44655f016d2a 7548193e6b274489b66de31f1f0ff622 1868698ab26e4eb5a02c0aa7232e5d7b - - -] volume service is down. (host: rack03-server59@lvm-1)
2022-08-03 03:52:57.746 7 WARNING cinder.scheduler.host_manager [req-de2afda2-dde1-41a8-97f4-a647a74dfd57 7548193e6b274489b66de31f1f0ff622 1868698ab26e4eb5a02c0aa7232e5d7b - - -] volume service is down. (host: rack03-server59@lvm-1)
2022-08-03 03:52:58.035 7 WARNING cinder.scheduler.host_manager [req-5c599246-6633-491b-aff7-9c59455d9d43 7548193e6b274489b66de31f1f0ff622 1868698ab26e4eb5a02c0aa7232e5d7b - - -] volume service is down. (host: rack03-server59@lvm-1)
2022-08-03 03:53:04.806 7 WARNING cinder.scheduler.host_manager [req-0f153202-1819-4de1-9fcd-61d760112975 d46e345118a6412c9b546c0a0c884c50 3fa8fc29235645b48b735da56e220fc3 - - -] volume service is down. (host: rack03-server59@lvm-1)
2022-08-03 03:53:07.273 7 WARNING cinder.scheduler.host_manager [req-cef9e262-d09e-48cc-8f2d-635907b4a102 d46e345118a6412c9b546c0a0c884c50 3fa8fc29235645b48b735da56e220fc3 - - -] volume service is down. (host: rack03-server59@lvm-1)
2022-08-03 03:53:07.590 7 WARNING cinder.scheduler.host_manager [req-9cc6282e-3959-4744-8aea-40768b210c79 d46e345118a6412c9b546c0a0c884c50 3fa8fc29235645b48b735da56e220fc3 - - -] volume service is down. (host: rack03-server59@lvm-1)
2022-08-03 03:53:07.883 7 WARNING cinder.scheduler.host_manager [req-8ac2624b-8b6c-4cbe-a908-dd5866ca1d3f d46e345118a6412c9b546c0a0c884c50 3fa8fc29235645b48b735da56e220fc3 - - -] volume service is down. (host: rack03-server59@lvm-1)
2022-08-03 03:53:08.553 7 WARNING cinder.scheduler.host_manager [req-9208cba2-351d-4a51-a878-22bf997595c3 d46e345118a6412c9b546c0a0c884c50 3fa8fc29235645b48b735da56e220fc3 - - -] volume service is down. (host: rack03-server59@lvm-1)
2022-08-03 03:53:08.853 7 WARNING cinder.scheduler.host_manager [req-a1cd1448-a413-4eff-a923-03f43e74533d d46e345118a6412c9b546c0a0c884c50 3fa8fc29235645b48b735da56e220fc3 - - -] volume service is down. (host: rack03-server59@lvm-1)
