Build Started 20_08_2024_21_59_40
2024-08-20 22:01:13.837 7 WARNING cinder.scheduler.host_manager [None req-1059ff8f-22cd-4f70-98e0-d00de224b626 9b0da9909a574862a63c7b2b3f505249 599e906886bb46c0a93049e70b0e6248 - - - -] volume service is down. (host: rack04-server68@LIGHTOSboocrr)
2024-08-20 22:01:13.926 7 WARNING cinder.scheduler.host_manager [req-f68558cf-da21-43ec-902e-73b2ad5598c7 req-5c29fbfc-184f-4dbf-9d28-4e01d4c32081 ad393610b00046a59d8c4118daab2f8f c5b93e34194c490288a8554044a914e5 - - - -] volume service is down. (host: rack04-server68@LIGHTOSboocrr)
2024-08-20 22:01:15.538 7 WARNING cinder.scheduler.host_manager [req-ea3977e9-2ae6-4376-9098-3c42f89ba639 req-c9ca4096-03e4-4ac1-94aa-d247b8305d4f ad393610b00046a59d8c4118daab2f8f c5b93e34194c490288a8554044a914e5 - - - -] volume service is down. (host: rack04-server68@LIGHTOSboocrr)
2024-08-20 22:01:16.308 7 WARNING cinder.scheduler.host_manager [None req-aa6d39e9-aec1-4477-8a93-7812e4e1f955 9b0da9909a574862a63c7b2b3f505249 599e906886bb46c0a93049e70b0e6248 - - - -] volume service is down. (host: rack04-server68@LIGHTOSboocrr)
2024-08-20 22:01:17.563 7 WARNING cinder.scheduler.host_manager [None req-15110401-8c13-4e5b-b622-3583c2221fa3 5330e4706a1348c2b44cc854bcc38766 ca5af0aaf51b4e3f9a352175eb155697 - - - -] volume service is down. (host: rack04-server68@LIGHTOSboocrr)
2024-08-20 22:01:17.739 7 WARNING cinder.scheduler.host_manager [None req-f3783f7e-53dd-494b-ad92-6d62e5fd1c92 9b0da9909a574862a63c7b2b3f505249 599e906886bb46c0a93049e70b0e6248 - - - -] volume service is down. (host: rack04-server68@LIGHTOSboocrr)
2024-08-20 22:01:18.091 7 WARNING cinder.scheduler.host_manager [None req-7f07ea2e-9242-4873-a2d9-3fdaa0273ff1 5330e4706a1348c2b44cc854bcc38766 ca5af0aaf51b4e3f9a352175eb155697 - - - -] volume service is down. (host: rack04-server68@LIGHTOSboocrr)
2024-08-20 22:01:23.371 7 WARNING cinder.scheduler.host_manager [None req-1a08f1ac-0b17-4f7b-bc1d-b1730130703e dbfa6157c5914c9281578c9272778c8f 489400d311064f72947922d2594e168b - - - -] volume service is down. (host: rack04-server68@LIGHTOSboocrr)
2024-08-20 22:01:23.378 7 WARNING cinder.scheduler.host_manager [None req-1a08f1ac-0b17-4f7b-bc1d-b1730130703e dbfa6157c5914c9281578c9272778c8f 489400d311064f72947922d2594e168b - - - -] volume service is down. (host: rack04-server68@LIGHTOSboocrr)
2024-08-20 22:01:24.655 7 WARNING cinder.scheduler.host_manager [req-4de10daf-2ce9-4b2c-92ba-ebf9b6a6b01a req-a6897e65-3447-4a1c-a7f0-0b142deab860 73a9bf5359224417bc6bf02282ac540b 95105f8bf08a4fd8a8228caca61e2cc1 - - - -] volume service is down. (host: rack04-server68@LIGHTOSboocrr)
2024-08-20 22:01:24.764 7 WARNING cinder.scheduler.host_manager [None req-a8feef80-bf73-41a3-8cc1-779fd77d337e dbfa6157c5914c9281578c9272778c8f 489400d311064f72947922d2594e168b - - - -] volume service is down. (host: rack04-server68@LIGHTOSboocrr)
2024-08-20 22:01:30.565 7 WARNING cinder.scheduler.host_manager [None req-135817fa-47ae-4231-bfb0-efbadc5a0895 4eca746439044217ae214756729d35dd 8e774e6212d04bb18b15d72e8f84d907 - - - -] volume service is down. (host: rack04-server68@LIGHTOSboocrr)
2024-08-20 22:01:30.570 7 WARNING cinder.scheduler.host_manager [None req-135817fa-47ae-4231-bfb0-efbadc5a0895 4eca746439044217ae214756729d35dd 8e774e6212d04bb18b15d72e8f84d907 - - - -] volume service is down. (host: rack04-server68@LIGHTOSboocrr)
2024-08-20 22:01:31.648 7 WARNING cinder.scheduler.host_manager [None req-cde36d23-e729-4ec1-8d74-b4aa8faa6c39 b474ff1730fb490885a96d04741920ce 62637388bf7040dfa7a55599bc5d8b53 - - - -] volume service is down. (host: rack04-server68@LIGHTOSboocrr)
2024-08-20 22:01:31.655 7 WARNING cinder.scheduler.host_manager [None req-cde36d23-e729-4ec1-8d74-b4aa8faa6c39 b474ff1730fb490885a96d04741920ce 62637388bf7040dfa7a55599bc5d8b53 - - - -] volume service is down. (host: rack04-server68@LIGHTOSboocrr)
2024-08-20 22:01:31.995 7 WARNING cinder.scheduler.host_manager [None req-9553b6e1-8274-4d5a-99cc-af0b84c52456 4eca746439044217ae214756729d35dd 8e774e6212d04bb18b15d72e8f84d907 - - - -] volume service is down. (host: rack04-server68@LIGHTOSboocrr)
2024-08-20 22:01:33.020 7 WARNING cinder.scheduler.host_manager [None req-eda474c4-9b54-4cda-bd8e-85f35e315157 b474ff1730fb490885a96d04741920ce 62637388bf7040dfa7a55599bc5d8b53 - - - -] volume service is down. (host: rack04-server68@LIGHTOSboocrr)
2024-08-20 22:01:35.382 7 WARNING cinder.scheduler.host_manager [None req-a84cff00-c217-46ad-9564-9f699b6786ef b474ff1730fb490885a96d04741920ce 62637388bf7040dfa7a55599bc5d8b53 - - - -] volume service is down. (host: rack04-server68@LIGHTOSboocrr)
2024-08-20 22:01:35.680 7 WARNING cinder.scheduler.host_manager [None req-aee97370-2d04-463d-8bd0-4138290f9319 4eca746439044217ae214756729d35dd 8e774e6212d04bb18b15d72e8f84d907 - - - -] volume service is down. (host: rack04-server68@LIGHTOSboocrr)
2024-08-20 22:01:47.128 7 WARNING cinder.scheduler.host_manager [None req-507a14f8-a90f-469a-84ff-81f583d459f6 a4fbc94d935d441f8cdf172079932dd1 d6164de16e9d4289aba752f7a488190b - - - -] volume service is down. (host: rack04-server68@LIGHTOSboocrr)
2024-08-20 22:01:47.186 7 WARNING cinder.scheduler.host_manager [None req-daac4cca-aef8-43ae-a83e-29a38da80a95 4eca746439044217ae214756729d35dd 8e774e6212d04bb18b15d72e8f84d907 - - - -] volume service is down. (host: rack04-server68@LIGHTOSboocrr)
2024-08-20 22:01:47.191 7 WARNING cinder.scheduler.host_manager [None req-daac4cca-aef8-43ae-a83e-29a38da80a95 4eca746439044217ae214756729d35dd 8e774e6212d04bb18b15d72e8f84d907 - - - -] volume service is down. (host: rack04-server68@LIGHTOSboocrr)
2024-08-20 22:01:48.367 7 WARNING cinder.scheduler.host_manager [None req-21fd977f-3046-4c23-bf03-fd316e8c5e8d a4fbc94d935d441f8cdf172079932dd1 d6164de16e9d4289aba752f7a488190b - - - -] volume service is down. (host: rack04-server68@LIGHTOSboocrr)
2024-08-20 22:01:48.548 7 WARNING cinder.scheduler.host_manager [None req-6fedbf90-9fdd-4a23-ad0a-0f688961f3c4 4eca746439044217ae214756729d35dd 8e774e6212d04bb18b15d72e8f84d907 - - - -] volume service is down. (host: rack04-server68@LIGHTOSboocrr)
2024-08-20 22:01:49.949 7 WARNING cinder.scheduler.host_manager [None req-fe173853-287e-4340-b9c3-f6eea38b152b 4eca746439044217ae214756729d35dd 8e774e6212d04bb18b15d72e8f84d907 - - - -] volume service is down. (host: rack04-server68@LIGHTOSboocrr)
2024-08-20 22:01:51.252 7 WARNING cinder.scheduler.host_manager [None req-ba975540-003f-4f3e-8437-294502fe0d59 a4fbc94d935d441f8cdf172079932dd1 d6164de16e9d4289aba752f7a488190b - - - -] volume service is down. (host: rack04-server68@LIGHTOSboocrr)
2024-08-20 22:01:52.147 7 WARNING cinder.scheduler.host_manager [None req-a4e8c7bf-d9a1-476d-9192-2e08501eee84 b05e0a87b99b4d1bb89387dd1043d006 be14028db3324244b6cf05c00844c18a - - - -] volume service is down. (host: rack04-server68@LIGHTOSboocrr)
2024-08-20 22:01:56.099 7 WARNING cinder.scheduler.host_manager [None req-e33b94b4-7343-498f-b408-73318aa652a2 a4fbc94d935d441f8cdf172079932dd1 d6164de16e9d4289aba752f7a488190b - - - -] volume service is down. (host: rack04-server68@LIGHTOSboocrr)
2024-08-20 22:02:00.671 7 WARNING cinder.scheduler.host_manager [None req-c83b3b04-a95e-4c26-ad9b-81401b37b85c a4fbc94d935d441f8cdf172079932dd1 d6164de16e9d4289aba752f7a488190b - - - -] volume service is down. (host: rack04-server68@LIGHTOSboocrr)
2024-08-20 22:02:00.765 7 WARNING cinder.scheduler.host_manager [None req-c9ee9c5d-1925-442d-9778-ae398aa98e15 724ec3d9b75541a6a56747bfe46515b4 07d7d0c668484b68ac838d2add861674 - - - -] volume service is down. (host: rack04-server68@LIGHTOSboocrr)
2024-08-20 22:02:02.166 7 WARNING cinder.scheduler.host_manager [None req-3fb17372-07f3-4b0a-bbec-d6aadf58f140 724ec3d9b75541a6a56747bfe46515b4 07d7d0c668484b68ac838d2add861674 - - - -] volume service is down. (host: rack04-server68@LIGHTOSboocrr)
2024-08-20 22:02:05.231 7 WARNING cinder.scheduler.host_manager [None req-2b8d4ea0-aafb-465a-bcc2-cca5100e7826 a4fbc94d935d441f8cdf172079932dd1 d6164de16e9d4289aba752f7a488190b - - - -] volume service is down. (host: rack04-server68@LIGHTOSboocrr)
2024-08-20 22:02:07.538 7 WARNING cinder.scheduler.host_manager [None req-cd7ab86b-1640-4c9f-8174-3865f2ee83fc 4eca746439044217ae214756729d35dd 8e774e6212d04bb18b15d72e8f84d907 - - - -] volume service is down. (host: rack04-server68@LIGHTOSboocrr)
2024-08-20 22:02:07.544 7 WARNING cinder.scheduler.host_manager [None req-cd7ab86b-1640-4c9f-8174-3865f2ee83fc 4eca746439044217ae214756729d35dd 8e774e6212d04bb18b15d72e8f84d907 - - - -] volume service is down. (host: rack04-server68@LIGHTOSboocrr)
2024-08-20 22:02:08.893 7 WARNING cinder.scheduler.host_manager [None req-1b69c22b-3f23-485a-a02c-a19d3f267283 4eca746439044217ae214756729d35dd 8e774e6212d04bb18b15d72e8f84d907 - - - -] volume service is down. (host: rack04-server68@LIGHTOSboocrr)
2024-08-20 22:02:18.108 7 WARNING cinder.scheduler.host_manager [None req-240e4cfc-bec0-479e-a39e-04f7d0960d41 0c4c06c144f1482a99a233c9945c00e9 f3a2e39d5a6b419b8bc89b7379f66547 - - - -] volume service is down. (host: rack04-server68@LIGHTOSboocrr)
2024-08-20 22:02:18.109 7 INFO cinder.scheduler.base_filter [None req-240e4cfc-bec0-479e-a39e-04f7d0960d41 0c4c06c144f1482a99a233c9945c00e9 f3a2e39d5a6b419b8bc89b7379f66547 - - - -] Filtering removed all hosts for the request with volume ID 'ed0f8797-7070-41b3-a132-0198ceb2552d'. Filter results: AvailabilityZoneFilter: (start: 1, end: 1), CapacityFilter: (start: 1, end: 1), CapabilitiesFilter: (start: 1, end: 0)
2024-08-20 22:02:18.109 7 WARNING cinder.scheduler.filter_scheduler [None req-240e4cfc-bec0-479e-a39e-04f7d0960d41 0c4c06c144f1482a99a233c9945c00e9 f3a2e39d5a6b419b8bc89b7379f66547 - - - -] No weighed backend found for volume with properties: {'id': '612e4510-a36d-4d19-822e-4c35e5c4dea1', 'name': 'tempest-UserMessagesTest-volume-type-176785528', 'description': None, 'is_public': True, 'projects': [], 'extra_specs': {'storage_protocol': 'tempest-storage_protocol-1385570904', 'vendor_name': 'tempest-vendor_name-405224062'}, 'qos_specs_id': None, 'created_at': '2024-08-20T22:02:17.000000', 'updated_at': None, 'deleted_at': None, 'deleted': False}
2024-08-20 22:02:18.109 7 INFO cinder.message.api [None req-240e4cfc-bec0-479e-a39e-04f7d0960d41 0c4c06c144f1482a99a233c9945c00e9 f3a2e39d5a6b419b8bc89b7379f66547 - - - -] Creating message record for request_id = req-240e4cfc-bec0-479e-a39e-04f7d0960d41
2024-08-20 22:02:18.113 7 ERROR cinder.scheduler.flows.create_volume [None req-240e4cfc-bec0-479e-a39e-04f7d0960d41 0c4c06c144f1482a99a233c9945c00e9 f3a2e39d5a6b419b8bc89b7379f66547 - - - -] Failed to run task cinder.scheduler.flows.create_volume.ScheduleCreateVolumeTask;volume:create: No valid backend was found. No weighed backends available: cinder.exception.NoValidBackend: No valid backend was found. No weighed backends available
2024-08-20 22:02:19.973 7 WARNING cinder.scheduler.host_manager [None req-05ca1f16-56d8-406a-810a-2319658f34ba 0c4c06c144f1482a99a233c9945c00e9 f3a2e39d5a6b419b8bc89b7379f66547 - - - -] volume service is down. (host: rack04-server68@LIGHTOSboocrr)
2024-08-20 22:02:19.973 7 INFO cinder.scheduler.base_filter [None req-05ca1f16-56d8-406a-810a-2319658f34ba 0c4c06c144f1482a99a233c9945c00e9 f3a2e39d5a6b419b8bc89b7379f66547 - - - -] Filtering removed all hosts for the request with volume ID '80d4cad4-eace-49bc-bf20-e07f3d2bffa9'. Filter results: AvailabilityZoneFilter: (start: 1, end: 1), CapacityFilter: (start: 1, end: 1), CapabilitiesFilter: (start: 1, end: 0)
2024-08-20 22:02:19.974 7 WARNING cinder.scheduler.filter_scheduler [None req-05ca1f16-56d8-406a-810a-2319658f34ba 0c4c06c144f1482a99a233c9945c00e9 f3a2e39d5a6b419b8bc89b7379f66547 - - - -] No weighed backend found for volume with properties: {'id': '3ac5c1cb-5abb-4811-b1c7-3fb1fc72b9d5', 'name': 'tempest-UserMessagesTest-volume-type-81321926', 'description': None, 'is_public': True, 'projects': [], 'extra_specs': {'storage_protocol': 'tempest-storage_protocol-1823419599', 'vendor_name': 'tempest-vendor_name-1201481333'}, 'qos_specs_id': None, 'created_at': '2024-08-20T22:02:19.000000', 'updated_at': None, 'deleted_at': None, 'deleted': False}
2024-08-20 22:02:19.974 7 INFO cinder.message.api [None req-05ca1f16-56d8-406a-810a-2319658f34ba 0c4c06c144f1482a99a233c9945c00e9 f3a2e39d5a6b419b8bc89b7379f66547 - - - -] Creating message record for request_id = req-05ca1f16-56d8-406a-810a-2319658f34ba
2024-08-20 22:02:19.978 7 ERROR cinder.scheduler.flows.create_volume [None req-05ca1f16-56d8-406a-810a-2319658f34ba 0c4c06c144f1482a99a233c9945c00e9 f3a2e39d5a6b419b8bc89b7379f66547 - - - -] Failed to run task cinder.scheduler.flows.create_volume.ScheduleCreateVolumeTask;volume:create: No valid backend was found. No weighed backends available: cinder.exception.NoValidBackend: No valid backend was found. No weighed backends available
2024-08-20 22:02:22.234 7 WARNING cinder.scheduler.host_manager [None req-69a24893-5eda-49e6-9164-d1384fe233b7 a132828c56894a8996d30c8273f47738 f9e2fb050fc647d8b6a3d4b406f6bbce - - - -] volume service is down. (host: rack04-server68@LIGHTOSboocrr)
2024-08-20 22:02:23.485 7 WARNING cinder.scheduler.host_manager [None req-5033dbbc-d69f-42d0-92f8-e5b1d9a346d4 a132828c56894a8996d30c8273f47738 f9e2fb050fc647d8b6a3d4b406f6bbce - - - -] volume service is down. (host: rack04-server68@LIGHTOSboocrr)
2024-08-20 22:02:24.880 7 WARNING cinder.scheduler.host_manager [None req-eba9821a-479d-4c10-ab54-bfd57552e92a e6fb90c2382047e89f013b5e7662e00b e76eacc74e2b43d4b307d5926583e6bd - - - -] volume service is down. (host: rack04-server68@LIGHTOSboocrr)
2024-08-20 22:02:24.910 7 WARNING cinder.scheduler.host_manager [None req-81858ab0-4d9d-4222-a0e4-284a92edc745 224c5222f42742fdb588a615ba96150a d5e25cda279740e7b48a3144f57eaddd - - - -] volume service is down. (host: rack04-server68@LIGHTOSboocrr)
2024-08-20 22:02:24.916 7 WARNING cinder.scheduler.host_manager [None req-81858ab0-4d9d-4222-a0e4-284a92edc745 224c5222f42742fdb588a615ba96150a d5e25cda279740e7b48a3144f57eaddd - - - -] volume service is down. (host: rack04-server68@LIGHTOSboocrr)
2024-08-20 22:02:26.100 7 WARNING cinder.scheduler.host_manager [None req-7ebe0880-da6c-43a8-a477-daf98631f7f0 224c5222f42742fdb588a615ba96150a d5e25cda279740e7b48a3144f57eaddd - - - -] volume service is down. (host: rack04-server68@LIGHTOSboocrr)
2024-08-20 22:02:26.105 7 WARNING cinder.scheduler.host_manager [None req-7ebe0880-da6c-43a8-a477-daf98631f7f0 224c5222f42742fdb588a615ba96150a d5e25cda279740e7b48a3144f57eaddd - - - -] volume service is down. (host: rack04-server68@LIGHTOSboocrr)
2024-08-20 22:02:27.456 7 WARNING cinder.scheduler.host_manager [None req-beb46c00-52dd-4433-aa63-f3bdf915290b 224c5222f42742fdb588a615ba96150a d5e25cda279740e7b48a3144f57eaddd - - - -] volume service is down. (host: rack04-server68@LIGHTOSboocrr)
2024-08-20 22:02:31.196 7 WARNING cinder.scheduler.host_manager [None req-407b0e7f-4824-43e3-8c77-43e5238709b3 e4b74bbb6dfb4a63a44f7bb5cf180caa 4e8d3fbb872c4a14ba68a3d079ced878 - - - -] volume service is down. (host: rack04-server68@LIGHTOSboocrr)
2024-08-20 22:02:32.630 7 WARNING cinder.scheduler.host_manager [None req-b325348e-b2cb-499b-9fdd-20745df924cc a3943f43a70f4316a39dadaa94508b30 d31b694d238d44529db7929da2996432 - - - -] volume service is down. (host: rack04-server68@LIGHTOSboocrr)
2024-08-20 22:02:32.775 7 WARNING cinder.scheduler.host_manager [None req-35c2defe-285f-4aba-97bf-13b2dda8b644 224c5222f42742fdb588a615ba96150a d5e25cda279740e7b48a3144f57eaddd - - - -] volume service is down. (host: rack04-server68@LIGHTOSboocrr)
2024-08-20 22:02:32.781 7 WARNING cinder.scheduler.host_manager [None req-35c2defe-285f-4aba-97bf-13b2dda8b644 224c5222f42742fdb588a615ba96150a d5e25cda279740e7b48a3144f57eaddd - - - -] volume service is down. (host: rack04-server68@LIGHTOSboocrr)
2024-08-20 22:02:34.151 7 WARNING cinder.scheduler.host_manager [None req-bfd47d08-86e1-4a91-9a98-c5316d3ad93b 224c5222f42742fdb588a615ba96150a d5e25cda279740e7b48a3144f57eaddd - - - -] volume service is down. (host: rack04-server68@LIGHTOSboocrr)
2024-08-20 22:02:35.553 7 WARNING cinder.scheduler.host_manager [None req-b89b5f4a-456b-422b-8a83-97dd5254937e 224c5222f42742fdb588a615ba96150a d5e25cda279740e7b48a3144f57eaddd - - - -] volume service is down. (host: rack04-server68@LIGHTOSboocrr)
2024-08-20 22:02:36.156 7 WARNING cinder.scheduler.host_manager [None req-5f19668e-e495-4827-97ed-0a4b0fef2f38 e4b74bbb6dfb4a63a44f7bb5cf180caa 4e8d3fbb872c4a14ba68a3d079ced878 - - - -] volume service is down. (host: rack04-server68@LIGHTOSboocrr)
2024-08-20 22:02:38.372 7 WARNING cinder.scheduler.host_manager [None req-28b7c22e-1a37-439d-8ab2-e2baf7253c7b 96c0b733d07c482b8089d953714958a9 e29beee1cf844b7aa11e36c24c2e0b28 - - - -] volume service is down. (host: rack04-server68@LIGHTOSboocrr)
2024-08-20 22:02:46.038 7 WARNING cinder.scheduler.host_manager [None req-0bb344c9-586d-4d3d-bff7-6cdd5c90d367 96c0b733d07c482b8089d953714958a9 e29beee1cf844b7aa11e36c24c2e0b28 - - - -] volume service is down. (host: rack04-server68@LIGHTOSboocrr)
2024-08-20 22:02:47.732 7 WARNING cinder.scheduler.host_manager [None req-36ea271b-bebd-4c42-980c-3a549207b697 4227307299fa4c01a23e38f0d637f58f b88005fa82704de2a63596c604ab2251 - - - -] volume service is down. (host: rack04-server68@LIGHTOSboocrr)
2024-08-20 22:02:47.738 7 WARNING cinder.scheduler.host_manager [None req-36ea271b-bebd-4c42-980c-3a549207b697 4227307299fa4c01a23e38f0d637f58f b88005fa82704de2a63596c604ab2251 - - - -] volume service is down. (host: rack04-server68@LIGHTOSboocrr)
2024-08-20 22:02:49.860 7 WARNING cinder.scheduler.host_manager [None req-6ed52f44-8f12-4407-91b7-5910e05f192d c8f9853459464fb285ce04fe099dae36 cb778a51e27d480dbb54848973c0d650 - - - -] volume service is down. (host: rack04-server68@LIGHTOSboocrr)
2024-08-20 22:02:51.064 7 WARNING cinder.scheduler.host_manager [None req-29c08023-93d0-4a29-853f-93cba188a432 96c0b733d07c482b8089d953714958a9 e29beee1cf844b7aa11e36c24c2e0b28 - - - -] volume service is down. (host: rack04-server68@LIGHTOSboocrr)
2024-08-20 22:02:51.283 7 WARNING cinder.scheduler.host_manager [None req-f2de8d87-7331-47b9-80b6-9a71b49ad760 c8f9853459464fb285ce04fe099dae36 cb778a51e27d480dbb54848973c0d650 - - - -] volume service is down. (host: rack04-server68@LIGHTOSboocrr)
2024-08-20 22:02:52.312 7 WARNING cinder.scheduler.host_manager [None req-f824894a-ebd1-47b5-91e9-7b97a77c37c3 96c0b733d07c482b8089d953714958a9 e29beee1cf844b7aa11e36c24c2e0b28 - - - -] volume service is down. (host: rack04-server68@LIGHTOSboocrr)
2024-08-20 22:02:53.755 7 WARNING cinder.scheduler.host_manager [None req-7a08a4b1-dd53-40e1-a5e3-9119c21d321f c8f9853459464fb285ce04fe099dae36 cb778a51e27d480dbb54848973c0d650 - - - -] volume service is down. (host: rack04-server68@LIGHTOSboocrr)
2024-08-20 22:02:54.582 7 WARNING cinder.scheduler.host_manager [None req-01e43e5b-a184-47cb-8e37-4e213c3947e8 96c0b733d07c482b8089d953714958a9 e29beee1cf844b7aa11e36c24c2e0b28 - - - -] volume service is down. (host: rack04-server68@LIGHTOSboocrr)
2024-08-20 22:02:55.293 7 WARNING cinder.scheduler.host_manager [None req-ff3fa181-4629-4478-9e1c-58e815108175 71de5aa481944bc2bb435208ade8ccae da937e9c9747404d990eb5fdc515c57a - - - -] volume service is down. (host: rack04-server68@LIGHTOSboocrr)
2024-08-20 22:02:59.616 7 WARNING cinder.scheduler.host_manager [None req-40667103-2bb6-476f-b6e8-97fc5bee6ddd b7e6ab00ca264455add49f4444774671 e7ce1d03322f4cf88ac45d31c556170c - - - -] volume service is down. (host: rack04-server68@LIGHTOSboocrr)
2024-08-20 22:03:03.428 7 WARNING cinder.scheduler.host_manager [None req-9a183e53-5f77-44b3-bd47-a1adb7ea78b2 d4d897a5edd745bca342d381558bbb2f 34dcdc0740204a778d1ca206d4323b68 - - - -] volume service is down. (host: rack04-server68@LIGHTOSboocrr)
2024-08-20 22:03:04.953 7 WARNING cinder.scheduler.host_manager [None req-36e4b7c3-8e02-4b05-af85-5c0bc253dbdb d4d897a5edd745bca342d381558bbb2f 34dcdc0740204a778d1ca206d4323b68 - - - -] volume service is down. (host: rack04-server68@LIGHTOSboocrr)
2024-08-20 22:03:07.094 7 WARNING cinder.scheduler.host_manager [None req-08160299-5537-4f20-93a8-853a9e207093 19660c63e3d54063902866e45c760577 f594d92d25d140228022cfe60f825beb - - - -] volume service is down. (host: rack04-server68@LIGHTOSboocrr)
2024-08-20 22:03:08.364 7 WARNING cinder.scheduler.host_manager [None req-890422c9-b2db-4f04-b22b-194d10ccfe45 19660c63e3d54063902866e45c760577 f594d92d25d140228022cfe60f825beb - - - -] volume service is down. (host: rack04-server68@LIGHTOSboocrr)
2024-08-20 22:03:11.774 7 WARNING cinder.scheduler.host_manager [None req-5f0611f6-9fff-4e2d-8c54-6c228d4cc9f6 d4d897a5edd745bca342d381558bbb2f 34dcdc0740204a778d1ca206d4323b68 - - - -] volume service is down. (host: rack04-server68@LIGHTOSboocrr)
2024-08-20 22:03:13.127 7 WARNING cinder.scheduler.host_manager [None req-6c0e3a02-b7e3-456c-ad59-44c7cf674cb7 d4d897a5edd745bca342d381558bbb2f 34dcdc0740204a778d1ca206d4323b68 - - - -] volume service is down. (host: rack04-server68@LIGHTOSboocrr)
2024-08-20 22:03:14.199 7 WARNING cinder.scheduler.host_manager [None req-afa658ff-7e98-4f29-8d73-fda9db8b3499 ad56297722444a1da5f15721b8e69455 f7aa6dc780e649148e6ef9a8ddd6d11a - - - -] volume service is down. (host: rack04-server68@LIGHTOSboocrr)
2024-08-20 22:03:16.857 7 WARNING cinder.scheduler.host_manager [None req-4bbdb11c-bc19-4b09-a7e3-72d0ad8f188a d4d897a5edd745bca342d381558bbb2f 34dcdc0740204a778d1ca206d4323b68 - - - -] volume service is down. (host: rack04-server68@LIGHTOSboocrr)
2024-08-20 22:03:20.155 7 WARNING cinder.scheduler.host_manager [None req-7e9c8a7e-d68d-4899-8798-32fe302dc674 05c80b7605b846e3b867b9035b452977 39ce7fa56b0f4215b4d37cd026de18eb - - - -] volume service is down. (host: rack04-server68@LIGHTOSboocrr)
2024-08-20 22:03:21.469 7 WARNING cinder.scheduler.host_manager [None req-79f58e7b-ce50-4516-9c05-d29248323c0e 05c80b7605b846e3b867b9035b452977 39ce7fa56b0f4215b4d37cd026de18eb - - - -] volume service is down. (host: rack04-server68@LIGHTOSboocrr)
2024-08-20 22:03:23.753 7 WARNING cinder.scheduler.host_manager [None req-73c0448b-3676-4366-a996-e370bc42eacf 05c80b7605b846e3b867b9035b452977 39ce7fa56b0f4215b4d37cd026de18eb - - - -] volume service is down. (host: rack04-server68@LIGHTOSboocrr)
2024-08-20 22:03:24.969 7 WARNING cinder.scheduler.host_manager [None req-c5e1059b-ca7f-4ab0-bac9-5956344fe65f d4d897a5edd745bca342d381558bbb2f 34dcdc0740204a778d1ca206d4323b68 - - - -] volume service is down. (host: rack04-server68@LIGHTOSboocrr)
2024-08-20 22:03:27.309 7 WARNING cinder.scheduler.host_manager [None req-1240457e-ea3b-4a6a-8105-8d0f8a4a6416 6ed3d9a93c8f43e9a3ad4477758a68d1 b5f26103f0374b34bb09edeefe774781 - - - -] volume service is down. (host: rack04-server68@LIGHTOSboocrr)
2024-08-20 22:03:31.848 7 WARNING cinder.scheduler.host_manager [None req-35b75de7-d1db-4892-85e5-80af4fe5a48f d4d897a5edd745bca342d381558bbb2f 34dcdc0740204a778d1ca206d4323b68 - - - -] volume service is down. (host: rack04-server68@LIGHTOSboocrr)
2024-08-20 22:03:32.656 7 WARNING cinder.scheduler.host_manager [None req-f8a55620-6ed9-4f02-9425-26ccd973076a 05c80b7605b846e3b867b9035b452977 39ce7fa56b0f4215b4d37cd026de18eb - - - -] volume service is down. (host: rack04-server68@LIGHTOSboocrr)
2024-08-20 22:03:33.903 7 WARNING cinder.scheduler.host_manager [None req-aa7d43c1-6e80-4c66-b3a4-fe8483d70e78 05c80b7605b846e3b867b9035b452977 39ce7fa56b0f4215b4d37cd026de18eb - - - -] volume service is down. (host: rack04-server68@LIGHTOSboocrr)
2024-08-20 22:03:36.326 7 WARNING cinder.scheduler.host_manager [None req-afb44aef-878e-4ce1-8b23-9def7a671367 05c80b7605b846e3b867b9035b452977 39ce7fa56b0f4215b4d37cd026de18eb - - - -] volume service is down. (host: rack04-server68@LIGHTOSboocrr)
2024-08-20 22:03:40.769 7 WARNING cinder.scheduler.host_manager [None req-1942bcb4-4ed9-41f2-a6db-6a8c6465d4ad 59a8ffcf6e274f32a3c22e85c3c0b63e ba80bbe8c3f24bfa810f03b379a06182 - - - -] volume service is down. (host: rack04-server68@LIGHTOSboocrr)
2024-08-20 22:03:41.778 7 WARNING cinder.scheduler.host_manager [None req-194129dd-a25d-4a61-8a4c-cc92afccd1e4 43180c5a01004bdc8f18c65065f5b141 07cb3bc9872d452db4754935b64c33e8 - - - -] volume service is down. (host: rack04-server68@LIGHTOSboocrr)
2024-08-20 22:03:43.239 7 WARNING cinder.scheduler.host_manager [None req-8d9108bf-f8a9-4b0f-8624-1fe741442870 43180c5a01004bdc8f18c65065f5b141 07cb3bc9872d452db4754935b64c33e8 - - - -] volume service is down. (host: rack04-server68@LIGHTOSboocrr)
2024-08-20 22:03:44.670 7 WARNING cinder.scheduler.host_manager [None req-d08ca73b-4528-4dc2-8802-0cf82d6a1700 43180c5a01004bdc8f18c65065f5b141 07cb3bc9872d452db4754935b64c33e8 - - - -] volume service is down. (host: rack04-server68@LIGHTOSboocrr)
2024-08-20 22:03:45.961 7 WARNING cinder.scheduler.host_manager [None req-0fd94119-2eee-4f56-bc93-3ef9d3050c9d 59a8ffcf6e274f32a3c22e85c3c0b63e ba80bbe8c3f24bfa810f03b379a06182 - - - -] volume service is down. (host: rack04-server68@LIGHTOSboocrr)
2024-08-20 22:03:48.780 7 WARNING cinder.scheduler.host_manager [None req-dae11c50-1ef2-427d-b2c6-b3806de8db81 519626a5205f483cbcdcbf88e9842667 2e647cc373144c6591233cdfb144541e - - - -] volume service is down. (host: rack04-server68@LIGHTOSboocrr)
2024-08-20 22:03:55.584 7 WARNING cinder.scheduler.host_manager [None req-cac34f3d-4f3f-410f-8121-7cbdd08e5849 a2c1a9daa13d4dae8f90762861536f35 0358fae61c99472fb94bd8a0c905ac53 - - - -] volume service is down. (host: rack04-server68@LIGHTOSboocrr)
2024-08-20 22:03:56.364 7 WARNING cinder.scheduler.host_manager [None req-025ec4da-89cb-40ac-af79-9771c5c2d842 64c564d43ebf485c80950eb337a6383a 8abc2eb1efc04029996d6a007771134b - - - -] volume service is down. (host: rack04-server68@LIGHTOSboocrr)
2024-08-20 22:03:57.259 7 WARNING cinder.scheduler.host_manager [None req-d246fd3b-9e7a-40f5-8f35-89587b8120ea 8ced85f90c424c7a98422425638df6d8 e49285c09dcf4aae977489bb067e6e43 - - - -] volume service is down. (host: rack04-server68@LIGHTOSboocrr)
2024-08-20 22:04:00.972 7 WARNING cinder.scheduler.host_manager [None req-65d966c5-be4f-47e2-994a-8cd3806b2e1e a2c1a9daa13d4dae8f90762861536f35 0358fae61c99472fb94bd8a0c905ac53 - - - -] volume service is down. (host: rack04-server68@LIGHTOSboocrr)
2024-08-20 22:04:02.416 7 WARNING cinder.scheduler.host_manager [None req-fd6cff64-69e9-4cf7-bd33-e2c9fd0aa2a2 8ced85f90c424c7a98422425638df6d8 e49285c09dcf4aae977489bb067e6e43 - - - -] volume service is down. (host: rack04-server68@LIGHTOSboocrr)
2024-08-20 22:04:09.109 7 WARNING cinder.scheduler.host_manager [None req-60d98b42-8484-4e5a-88a0-4f118ae6a92e f18ca452147844259f8ea3924aeaa4ac a7d93cde467140279b3b189d82715abb - - - -] volume service is down. (host: rack04-server68@LIGHTOSboocrr)
2024-08-20 22:04:10.810 7 WARNING cinder.scheduler.host_manager [None req-fdc6b826-7b2d-498f-a3d5-ac51f9ca9a7b 631ee6bc0b3f48da8304ba02c7c962f0 2e6fcdbdfe164dc89d96fd2a4cc146f8 - - - -] volume service is down. (host: rack04-server68@LIGHTOSboocrr)
2024-08-20 22:04:12.055 7 WARNING cinder.scheduler.host_manager [None req-c22a7d3e-c2e0-4d46-83bd-4567a24c7f00 631ee6bc0b3f48da8304ba02c7c962f0 2e6fcdbdfe164dc89d96fd2a4cc146f8 - - - -] volume service is down. (host: rack04-server68@LIGHTOSboocrr)
2024-08-20 22:04:13.034 7 WARNING cinder.scheduler.host_manager [None req-b134c3db-f0e4-4bcb-b43e-6814f6df9a1c fac03a76dd964fb88e84de7417c0e16f 71231fc7228040dd9f9fd2d30baea131 - - - -] volume service is down. (host: rack04-server68@LIGHTOSboocrr)
2024-08-20 22:04:14.278 7 WARNING cinder.scheduler.host_manager [None req-b7793391-e3a2-4af1-b9a6-7b672e5aa800 fac03a76dd964fb88e84de7417c0e16f 71231fc7228040dd9f9fd2d30baea131 - - - -] volume service is down. (host: rack04-server68@LIGHTOSboocrr)
2024-08-20 22:04:15.697 7 WARNING cinder.scheduler.host_manager [None req-bb146508-481e-4942-980f-ea255c7dc9a7 f18ca452147844259f8ea3924aeaa4ac a7d93cde467140279b3b189d82715abb - - - -] volume service is down. (host: rack04-server68@LIGHTOSboocrr)
2024-08-20 22:04:16.515 7 WARNING cinder.scheduler.host_manager [None req-e7adbf0f-f0c5-4496-bab2-1cf8a7c704df fac03a76dd964fb88e84de7417c0e16f 71231fc7228040dd9f9fd2d30baea131 - - - -] volume service is down. (host: rack04-server68@LIGHTOSboocrr)
2024-08-20 22:04:18.786 7 WARNING cinder.scheduler.host_manager [None req-1c0e356b-3bc5-4745-8c20-b313ed6bada6 fac03a76dd964fb88e84de7417c0e16f 71231fc7228040dd9f9fd2d30baea131 - - - -] volume service is down. (host: rack04-server68@LIGHTOSboocrr)
2024-08-20 22:04:23.776 7 WARNING cinder.scheduler.host_manager [None req-d1198c2e-2108-4b44-bd38-0dc27b2dd270 f18ca452147844259f8ea3924aeaa4ac a7d93cde467140279b3b189d82715abb - - - -] volume service is down. (host: rack04-server68@LIGHTOSboocrr)
2024-08-20 22:04:25.148 7 WARNING cinder.scheduler.host_manager [None req-eef35308-b8e4-411b-9ceb-1d98615c4d63 f18ca452147844259f8ea3924aeaa4ac a7d93cde467140279b3b189d82715abb - - - -] volume service is down. (host: rack04-server68@LIGHTOSboocrr)
2024-08-20 22:04:40.812 7 WARNING cinder.scheduler.host_manager [None req-1d974cbb-f1c4-4c49-9693-66c3da2fe93f 446e8634b17840818f009a2adb803283 3cc4a983eda846fe9c201a14cd306d0b - - - -] volume service is down. (host: rack04-server68@LIGHTOSboocrr)
2024-08-20 22:04:40.859 7 WARNING cinder.scheduler.host_manager [None req-c56ae2b8-9fc2-45de-a4f7-8ba3fd632d41 8b9269be2389481093ad146e2baff0fd bfbeb81292054195b3f8a9ae3b3e2c72 - - - -] volume service is down. (host: rack04-server68@LIGHTOSboocrr)
2024-08-20 22:04:40.957 7 WARNING cinder.scheduler.host_manager [None req-81862d26-05dc-4ad5-a077-be8a51423cb3 5a39c1af81bb42939ffe6b2236e59cb8 56ef8e012a38489f86a2fc05f71a179a - - - -] volume service is down. (host: rack04-server68@LIGHTOSboocrr)
2024-08-20 22:04:41.156 7 WARNING cinder.scheduler.host_manager [None req-bcf05cd8-f120-4af7-b1aa-747611fa6f72 8b9269be2389481093ad146e2baff0fd bfbeb81292054195b3f8a9ae3b3e2c72 - - - -] volume service is down. (host: rack04-server68@LIGHTOSboocrr)
2024-08-20 22:04:41.404 7 WARNING cinder.scheduler.host_manager [None req-ae470bda-8fb2-4ddf-b702-f5f14a8f37d5 8b9269be2389481093ad146e2baff0fd bfbeb81292054195b3f8a9ae3b3e2c72 - - - -] volume service is down. (host: rack04-server68@LIGHTOSboocrr)
2024-08-20 22:04:41.658 7 WARNING cinder.scheduler.host_manager [None req-ead4a490-3fa4-46fe-9c7d-3a08552bc741 8b9269be2389481093ad146e2baff0fd bfbeb81292054195b3f8a9ae3b3e2c72 - - - -] volume service is down. (host: rack04-server68@LIGHTOSboocrr)
2024-08-20 22:04:42.125 7 WARNING cinder.scheduler.host_manager [None req-fa809cc9-1df6-43a3-aa4a-e5974340aeea 8b9269be2389481093ad146e2baff0fd bfbeb81292054195b3f8a9ae3b3e2c72 - - - -] volume service is down. (host: rack04-server68@LIGHTOSboocrr)
2024-08-20 22:04:43.110 7 WARNING cinder.scheduler.host_manager [None req-c22d180e-152c-48ff-a792-f4feb03e3213 446e8634b17840818f009a2adb803283 3cc4a983eda846fe9c201a14cd306d0b - - - -] volume service is down. (host: rack04-server68@LIGHTOSboocrr)
2024-08-20 22:04:43.366 7 WARNING cinder.scheduler.host_manager [None req-a733d5fa-3fd6-4701-865d-921507bb673f 5a39c1af81bb42939ffe6b2236e59cb8 56ef8e012a38489f86a2fc05f71a179a - - - -] volume service is down. (host: rack04-server68@LIGHTOSboocrr)
2024-08-20 22:04:43.595 7 WARNING cinder.scheduler.host_manager [None req-bac9111b-dba3-4656-983b-373a2045379d 5a39c1af81bb42939ffe6b2236e59cb8 56ef8e012a38489f86a2fc05f71a179a - - - -] volume service is down. (host: rack04-server68@LIGHTOSboocrr)
2024-08-20 22:04:43.838 7 WARNING cinder.scheduler.host_manager [None req-82742b92-e8f6-4852-b475-89913f2d85b6 5a39c1af81bb42939ffe6b2236e59cb8 56ef8e012a38489f86a2fc05f71a179a - - - -] volume service is down. (host: rack04-server68@LIGHTOSboocrr)
2024-08-20 22:04:44.080 7 WARNING cinder.scheduler.host_manager [None req-707db003-1e07-4830-b2d4-989a25beccb1 5a39c1af81bb42939ffe6b2236e59cb8 56ef8e012a38489f86a2fc05f71a179a - - - -] volume service is down. (host: rack04-server68@LIGHTOSboocrr)
2024-08-20 22:04:44.319 7 WARNING cinder.scheduler.host_manager [None req-3df3d1a4-16f2-49e7-94f6-5366bec99d1f 5a39c1af81bb42939ffe6b2236e59cb8 56ef8e012a38489f86a2fc05f71a179a - - - -] volume service is down. (host: rack04-server68@LIGHTOSboocrr)
2024-08-20 22:04:45.477 7 WARNING cinder.scheduler.host_manager [None req-f22b56b1-2640-4374-93bf-4669180ecb0b 446e8634b17840818f009a2adb803283 3cc4a983eda846fe9c201a14cd306d0b - - - -] volume service is down. (host: rack04-server68@LIGHTOSboocrr)
2024-08-20 22:04:45.681 7 WARNING cinder.scheduler.host_manager [None req-11133f7a-3065-4ef8-83f1-1f86a9610868 446e8634b17840818f009a2adb803283 3cc4a983eda846fe9c201a14cd306d0b - - - -] volume service is down. (host: rack04-server68@LIGHTOSboocrr)
2024-08-20 22:04:45.950 7 WARNING cinder.scheduler.host_manager [None req-5d77deca-276c-48b7-8d48-608c6c8e3f2e 446e8634b17840818f009a2adb803283 3cc4a983eda846fe9c201a14cd306d0b - - - -] volume service is down. (host: rack04-server68@LIGHTOSboocrr)
2024-08-20 22:04:46.192 7 WARNING cinder.scheduler.host_manager [None req-1db0f6d2-162a-42b8-8a7c-036a319f83a7 446e8634b17840818f009a2adb803283 3cc4a983eda846fe9c201a14cd306d0b - - - -] volume service is down. (host: rack04-server68@LIGHTOSboocrr)
2024-08-20 22:04:46.427 7 WARNING cinder.scheduler.host_manager [None req-81727a8b-24d6-4398-a814-def69f13da11 446e8634b17840818f009a2adb803283 3cc4a983eda846fe9c201a14cd306d0b - - - -] volume service is down. (host: rack04-server68@LIGHTOSboocrr)
2024-08-20 22:05:01.261 7 WARNING cinder.scheduler.host_manager [None req-497a0409-d66e-4ad2-94de-c36f77224cd4 bd8e6fa2353041b99fe6913207eace82 7c3ffcc71f894ef4a16385270b293d38 - - - -] volume service is down. (host: rack04-server68@LIGHTOSboocrr)
2024-08-20 22:05:03.755 7 WARNING cinder.scheduler.host_manager [None req-779d07a9-90c7-4054-9586-d3069a5cbcdc bd8e6fa2353041b99fe6913207eace82 7c3ffcc71f894ef4a16385270b293d38 - - - -] volume service is down. (host: rack04-server68@LIGHTOSboocrr)
2024-08-20 22:05:05.064 7 WARNING cinder.scheduler.host_manager [None req-be001618-d90d-4b5d-9f7e-12f31cc2dbb6 bd8e6fa2353041b99fe6913207eace82 7c3ffcc71f894ef4a16385270b293d38 - - - -] volume service is down. (host: rack04-server68@LIGHTOSboocrr)
