Build Started 20_03_2024_11_35_12
2024-03-20 13:37:02.203 7 WARNING cinder.scheduler.host_manager [req-eafceb32-857c-439c-8feb-67608cd892d3 req-0c63d544-b4f4-435b-bb67-474e4ecc1242 2bf5a24eea0c4cf5b368b23935c24380 a05e62933a9a4437923a53d97d97bfe8 - - - -] volume service is down. (host: rack01-server63@lvm-1)
2024-03-20 13:37:02.307 7 WARNING cinder.scheduler.host_manager [req-d991aebf-4a4c-4927-8ebe-de70cc7b4e0a req-bf1c8809-7815-4e07-a888-70462657219b 4d2506d3fa034f46b3374496abeda423 d53bda7138c340adb77174b8031f40de - - - -] volume service is down. (host: rack01-server63@lvm-1)
2024-03-20 13:37:04.856 7 WARNING cinder.scheduler.host_manager [req-d0b57fcf-68d4-4064-b1c7-4a9472d52c92 req-9bac03a7-f715-4756-9516-6b5cb2f06f7c 2bf5a24eea0c4cf5b368b23935c24380 a05e62933a9a4437923a53d97d97bfe8 - - - -] volume service is down. (host: rack01-server63@lvm-1)
2024-03-20 13:37:08.736 7 WARNING cinder.scheduler.host_manager [None req-0cccb9c5-1784-41ea-90f4-667fc3bfc023 dcc66f29f72f4898a9a3a12aec17419d 1b627ad20e8b49e49a09fecd1962a1cc - - - -] volume service is down. (host: rack01-server63@lvm-1)
2024-03-20 13:37:10.628 7 WARNING cinder.scheduler.host_manager [None req-118140ea-d7f5-43ee-b21a-8b6412fcb3eb d57195366b1142b3b6dbf33690c2f47d 4dcef3f866c14bacba1335bd9969a8b6 - - - -] volume service is down. (host: rack01-server63@lvm-1)
2024-03-20 13:37:10.637 7 WARNING cinder.scheduler.host_manager [None req-118140ea-d7f5-43ee-b21a-8b6412fcb3eb d57195366b1142b3b6dbf33690c2f47d 4dcef3f866c14bacba1335bd9969a8b6 - - - -] volume service is down. (host: rack01-server63@lvm-1)
2024-03-20 13:37:11.248 7 WARNING cinder.scheduler.host_manager [None req-0a7b6768-b55e-48d2-ba80-fd00acc6f04b dcc66f29f72f4898a9a3a12aec17419d 1b627ad20e8b49e49a09fecd1962a1cc - - - -] volume service is down. (host: rack01-server63@lvm-1)
2024-03-20 13:37:13.709 7 WARNING cinder.scheduler.host_manager [None req-cbef59ee-b574-438b-8a00-8ec8e0e3f04b dcc66f29f72f4898a9a3a12aec17419d 1b627ad20e8b49e49a09fecd1962a1cc - - - -] volume service is down. (host: rack01-server63@lvm-1)
2024-03-20 13:37:13.860 7 WARNING cinder.scheduler.host_manager [None req-f85435b1-5cab-4753-a19c-ebdd1ce832d8 a8e492aeee3c41c891dfc9b7d88bab68 4d22826d616f4aa0a1668fd707d29b69 - - - -] volume service is down. (host: rack01-server63@lvm-1)
2024-03-20 13:37:13.891 7 WARNING cinder.scheduler.host_manager [None req-d0938d08-1e0e-4955-95a7-f132a1ad5bf7 a8e492aeee3c41c891dfc9b7d88bab68 4d22826d616f4aa0a1668fd707d29b69 - - - -] volume service is down. (host: rack01-server63@lvm-1)
2024-03-20 13:37:20.078 7 WARNING cinder.scheduler.host_manager [None req-cd9a3534-efcd-440c-8c90-6a5f0e898684 88f3dd31b0764e938249e880a696fe01 b0db5bcae66e4d1ea2b295c5fe2f175b - - - -] volume service is down. (host: rack01-server63@lvm-1)
2024-03-20 13:37:20.086 7 WARNING cinder.scheduler.host_manager [None req-cd9a3534-efcd-440c-8c90-6a5f0e898684 88f3dd31b0764e938249e880a696fe01 b0db5bcae66e4d1ea2b295c5fe2f175b - - - -] volume service is down. (host: rack01-server63@lvm-1)
2024-03-20 13:37:21.524 7 WARNING cinder.scheduler.host_manager [None req-ceae0cc8-988f-4408-ac7d-fa8fa4b07f3c 870562654277453c97341e1ffeaa7aa2 db204f3d113446e29dd7be36e70e765a - - - -] volume service is down. (host: rack01-server63@lvm-1)
2024-03-20 13:37:21.553 7 WARNING cinder.scheduler.host_manager [None req-c1503c01-f11f-4644-b373-1fc92f68a273 88f3dd31b0764e938249e880a696fe01 b0db5bcae66e4d1ea2b295c5fe2f175b - - - -] volume service is down. (host: rack01-server63@lvm-1)
2024-03-20 13:37:25.195 7 WARNING cinder.scheduler.host_manager [None req-7a5e9975-e42a-4c8e-b24a-b58db402cc4f 870562654277453c97341e1ffeaa7aa2 db204f3d113446e29dd7be36e70e765a - - - -] volume service is down. (host: rack01-server63@lvm-1)
2024-03-20 13:37:29.357 7 WARNING cinder.scheduler.host_manager [None req-85cae9b5-c7a6-485e-b331-915cf6a16ae7 06014091add44d058ecc41f6d84fc094 3c2ec5a628f14c949bf40b021192537d - - - -] volume service is down. (host: rack01-server63@lvm-1)
2024-03-20 13:37:29.366 7 WARNING cinder.scheduler.host_manager [None req-85cae9b5-c7a6-485e-b331-915cf6a16ae7 06014091add44d058ecc41f6d84fc094 3c2ec5a628f14c949bf40b021192537d - - - -] volume service is down. (host: rack01-server63@lvm-1)
2024-03-20 13:37:30.744 7 WARNING cinder.scheduler.host_manager [None req-23c6464b-d3cf-466c-9658-631f7595cda2 06014091add44d058ecc41f6d84fc094 3c2ec5a628f14c949bf40b021192537d - - - -] volume service is down. (host: rack01-server63@lvm-1)
2024-03-20 13:37:33.953 7 WARNING cinder.scheduler.host_manager [None req-e943b27a-e5c6-4da4-81d2-9c25636d49db caee60ff9d9940618943d4a0e023664d 949da1146e5845a780c9a2e43ca9478f - - - -] volume service is down. (host: rack01-server63@lvm-1)
2024-03-20 13:37:35.501 7 WARNING cinder.scheduler.host_manager [None req-0a14d0f0-8432-4d53-97b2-0e5dd7612185 06014091add44d058ecc41f6d84fc094 3c2ec5a628f14c949bf40b021192537d - - - -] volume service is down. (host: rack01-server63@lvm-1)
2024-03-20 13:37:36.287 7 WARNING cinder.scheduler.host_manager [None req-6ebe3813-af3c-4879-9db1-75bff2e29a0c caee60ff9d9940618943d4a0e023664d 949da1146e5845a780c9a2e43ca9478f - - - -] volume service is down. (host: rack01-server63@lvm-1)
2024-03-20 13:37:36.665 7 WARNING cinder.scheduler.host_manager [None req-a01db1d0-138b-440e-b9fa-9bd529669570 8d53828731294f859dddb7e5d08e9a3f ea668eca488b4217ad27822a5c11f0f5 - - - -] volume service is down. (host: rack01-server63@lvm-1)
2024-03-20 13:37:38.031 7 WARNING cinder.scheduler.host_manager [None req-63d33928-7018-4408-93f8-308c97cc6598 8d53828731294f859dddb7e5d08e9a3f ea668eca488b4217ad27822a5c11f0f5 - - - -] volume service is down. (host: rack01-server63@lvm-1)
2024-03-20 13:37:39.048 7 WARNING cinder.scheduler.host_manager [None req-52466252-2c98-4808-9b75-bf2d397789e6 caee60ff9d9940618943d4a0e023664d 949da1146e5845a780c9a2e43ca9478f - - - -] volume service is down. (host: rack01-server63@lvm-1)
2024-03-20 13:37:41.270 7 WARNING cinder.scheduler.host_manager [None req-3e61b05f-d2fb-49ed-aea3-b51063ad5d33 06014091add44d058ecc41f6d84fc094 3c2ec5a628f14c949bf40b021192537d - - - -] volume service is down. (host: rack01-server63@lvm-1)
2024-03-20 13:37:41.280 7 WARNING cinder.scheduler.host_manager [None req-3e61b05f-d2fb-49ed-aea3-b51063ad5d33 06014091add44d058ecc41f6d84fc094 3c2ec5a628f14c949bf40b021192537d - - - -] volume service is down. (host: rack01-server63@lvm-1)
2024-03-20 13:37:42.643 7 WARNING cinder.scheduler.host_manager [None req-e8246f39-bc01-4dff-a711-d163aa531580 caee60ff9d9940618943d4a0e023664d 949da1146e5845a780c9a2e43ca9478f - - - -] volume service is down. (host: rack01-server63@lvm-1)
2024-03-20 13:37:42.666 7 WARNING cinder.scheduler.host_manager [None req-3eb5849d-5d93-4b2e-98ec-82294ff13611 06014091add44d058ecc41f6d84fc094 3c2ec5a628f14c949bf40b021192537d - - - -] volume service is down. (host: rack01-server63@lvm-1)
2024-03-20 13:37:45.170 7 WARNING cinder.scheduler.host_manager [None req-3d9422d6-f04a-4dca-bd73-e47ccbbe534b 06014091add44d058ecc41f6d84fc094 3c2ec5a628f14c949bf40b021192537d - - - -] volume service is down. (host: rack01-server63@lvm-1)
2024-03-20 13:37:46.276 7 WARNING cinder.scheduler.host_manager [None req-84523278-03ed-4c83-8174-f3c93984b8d4 caee60ff9d9940618943d4a0e023664d 949da1146e5845a780c9a2e43ca9478f - - - -] volume service is down. (host: rack01-server63@lvm-1)
2024-03-20 13:37:46.874 7 WARNING cinder.scheduler.host_manager [None req-e9568689-14c9-496d-a68f-7f28f5b08fa7 1e05f45b39cc49d78996f5b1583b9015 0c93316db658438a916ac0fa37538348 - - - -] volume service is down. (host: rack01-server63@lvm-1)
2024-03-20 13:37:49.839 7 WARNING cinder.scheduler.host_manager [None req-00980501-e54b-4a58-901d-04d16506aab9 caee60ff9d9940618943d4a0e023664d 949da1146e5845a780c9a2e43ca9478f - - - -] volume service is down. (host: rack01-server63@lvm-1)
2024-03-20 13:37:58.432 7 WARNING cinder.scheduler.host_manager [None req-1e87e330-0036-494c-840a-606a1f4ad540 06014091add44d058ecc41f6d84fc094 3c2ec5a628f14c949bf40b021192537d - - - -] volume service is down. (host: rack01-server63@lvm-1)
2024-03-20 13:37:58.442 7 WARNING cinder.scheduler.host_manager [None req-1e87e330-0036-494c-840a-606a1f4ad540 06014091add44d058ecc41f6d84fc094 3c2ec5a628f14c949bf40b021192537d - - - -] volume service is down. (host: rack01-server63@lvm-1)
2024-03-20 13:37:59.833 7 WARNING cinder.scheduler.host_manager [None req-b426b3f2-5823-45b1-b503-19cb58b8dc6e 06014091add44d058ecc41f6d84fc094 3c2ec5a628f14c949bf40b021192537d - - - -] volume service is down. (host: rack01-server63@lvm-1)
2024-03-20 13:38:14.540 7 WARNING cinder.scheduler.host_manager [None req-94fb1223-9bd6-43a5-bbf4-875d2e5ca624 4f76504430c040f1a7e7cbd8cb579794 30240980a19a4a088e7d6f11dc427d30 - - - -] volume service is down. (host: rack01-server63@lvm-1)
2024-03-20 13:38:15.806 7 WARNING cinder.scheduler.host_manager [None req-54a92d95-9223-44fb-8be4-57909f93189d 4f76504430c040f1a7e7cbd8cb579794 30240980a19a4a088e7d6f11dc427d30 - - - -] volume service is down. (host: rack01-server63@lvm-1)
2024-03-20 13:38:17.958 7 WARNING cinder.scheduler.host_manager [None req-a962adc8-8ac3-4306-932c-fbb84c6a2662 f092be966092424e9e95cb278e0cd99e f2a8e40a9464406b807db613434afa5f - - - -] volume service is down. (host: rack01-server63@lvm-1)
2024-03-20 13:38:19.003 7 WARNING cinder.scheduler.host_manager [None req-1c7986b9-8604-4665-b8bc-7fffe045b3bb 31d90f430fbb4460bf4246910f615eb6 a3061113fe34449ab942e17491f8140e - - - -] volume service is down. (host: rack01-server63@lvm-1)
2024-03-20 13:38:19.013 7 WARNING cinder.scheduler.host_manager [None req-1c7986b9-8604-4665-b8bc-7fffe045b3bb 31d90f430fbb4460bf4246910f615eb6 a3061113fe34449ab942e17491f8140e - - - -] volume service is down. (host: rack01-server63@lvm-1)
2024-03-20 13:38:20.205 7 WARNING cinder.scheduler.host_manager [None req-4a95e585-9ea3-44f4-aadc-b33a3d020e72 31d90f430fbb4460bf4246910f615eb6 a3061113fe34449ab942e17491f8140e - - - -] volume service is down. (host: rack01-server63@lvm-1)
2024-03-20 13:38:20.215 7 WARNING cinder.scheduler.host_manager [None req-4a95e585-9ea3-44f4-aadc-b33a3d020e72 31d90f430fbb4460bf4246910f615eb6 a3061113fe34449ab942e17491f8140e - - - -] volume service is down. (host: rack01-server63@lvm-1)
2024-03-20 13:38:21.660 7 WARNING cinder.scheduler.host_manager [None req-8ec60733-62d3-47d2-a909-f6169d0b599e 31d90f430fbb4460bf4246910f615eb6 a3061113fe34449ab942e17491f8140e - - - -] volume service is down. (host: rack01-server63@lvm-1)
2024-03-20 13:38:26.910 7 WARNING cinder.scheduler.host_manager [None req-b6d02f69-2ad3-4cd8-a86e-4bdee8086a97 31d90f430fbb4460bf4246910f615eb6 a3061113fe34449ab942e17491f8140e - - - -] volume service is down. (host: rack01-server63@lvm-1)
2024-03-20 13:38:26.920 7 WARNING cinder.scheduler.host_manager [None req-b6d02f69-2ad3-4cd8-a86e-4bdee8086a97 31d90f430fbb4460bf4246910f615eb6 a3061113fe34449ab942e17491f8140e - - - -] volume service is down. (host: rack01-server63@lvm-1)
2024-03-20 13:38:28.250 7 WARNING cinder.scheduler.host_manager [None req-e6e08e1e-3694-415c-8512-ca143bace1af 31d90f430fbb4460bf4246910f615eb6 a3061113fe34449ab942e17491f8140e - - - -] volume service is down. (host: rack01-server63@lvm-1)
2024-03-20 13:38:29.623 7 WARNING cinder.scheduler.host_manager [None req-bd4a8f31-04e7-4950-ad38-6ed9087c1d73 31d90f430fbb4460bf4246910f615eb6 a3061113fe34449ab942e17491f8140e - - - -] volume service is down. (host: rack01-server63@lvm-1)
2024-03-20 13:38:32.574 7 WARNING cinder.scheduler.host_manager [None req-57b86cb6-6702-4fa4-b593-ec4658d4d250 ed07990fe6cb4508b554ae0e15181038 de3116b804af41869f858ddab92e7167 - - - -] volume service is down. (host: rack01-server63@lvm-1)
2024-03-20 13:38:33.100 7 WARNING cinder.scheduler.host_manager [None req-423253eb-e0e4-4467-a1e9-3ecd51abd297 4bd3d4511d0f42f88e70d8df6a41e6d0 a7d7384bd9e54763a55e2f820af91358 - - - -] volume service is down. (host: rack01-server63@lvm-1)
2024-03-20 13:38:34.546 7 WARNING cinder.scheduler.host_manager [None req-79390b8c-4296-4e4b-9399-640a3def7b0d 4bd3d4511d0f42f88e70d8df6a41e6d0 a7d7384bd9e54763a55e2f820af91358 - - - -] volume service is down. (host: rack01-server63@lvm-1)
2024-03-20 13:38:34.903 7 WARNING cinder.scheduler.host_manager [None req-994bf59e-6388-4f9c-8793-452a282feb61 ed07990fe6cb4508b554ae0e15181038 de3116b804af41869f858ddab92e7167 - - - -] volume service is down. (host: rack01-server63@lvm-1)
2024-03-20 13:38:37.104 7 WARNING cinder.scheduler.host_manager [None req-0ab83c62-27db-4567-a0ca-f4a01ec510d0 4bd3d4511d0f42f88e70d8df6a41e6d0 a7d7384bd9e54763a55e2f820af91358 - - - -] volume service is down. (host: rack01-server63@lvm-1)
2024-03-20 13:38:37.199 7 WARNING cinder.scheduler.host_manager [None req-126a09ed-e86c-409f-ae57-4b89c4d53ebe ed07990fe6cb4508b554ae0e15181038 de3116b804af41869f858ddab92e7167 - - - -] volume service is down. (host: rack01-server63@lvm-1)
2024-03-20 13:38:38.879 7 WARNING cinder.scheduler.host_manager [None req-797ae4bb-fa42-4539-bd21-28573ccd5cdd 6592c40213024eb188ba671d70f7a5e2 7f355d111c464aeca9c55fbb1f2eaf2f - - - -] volume service is down. (host: rack01-server63@lvm-1)
2024-03-20 13:38:40.949 7 WARNING cinder.scheduler.host_manager [None req-a08a0932-ca82-4482-a12a-3f8414cf239e 34acd58e8fa94e2fa9a8ca1149f2c765 ffcbab63c2a24fc1b8ad94f69fc04da0 - - - -] volume service is down. (host: rack01-server63@lvm-1)
2024-03-20 13:38:40.960 7 WARNING cinder.scheduler.host_manager [None req-a08a0932-ca82-4482-a12a-3f8414cf239e 34acd58e8fa94e2fa9a8ca1149f2c765 ffcbab63c2a24fc1b8ad94f69fc04da0 - - - -] volume service is down. (host: rack01-server63@lvm-1)
2024-03-20 13:38:42.009 7 WARNING cinder.scheduler.host_manager [None req-e58f493b-d101-4bca-8491-c1a741424964 ed07990fe6cb4508b554ae0e15181038 de3116b804af41869f858ddab92e7167 - - - -] volume service is down. (host: rack01-server63@lvm-1)
2024-03-20 13:38:42.365 7 WARNING cinder.scheduler.host_manager [None req-e81447e0-821b-47e7-8656-522c57de387e 34acd58e8fa94e2fa9a8ca1149f2c765 ffcbab63c2a24fc1b8ad94f69fc04da0 - - - -] volume service is down. (host: rack01-server63@lvm-1)
2024-03-20 13:38:44.320 7 WARNING cinder.scheduler.host_manager [None req-fbc4fc31-f4ba-40d1-aedb-a1948c567c17 ed07990fe6cb4508b554ae0e15181038 de3116b804af41869f858ddab92e7167 - - - -] volume service is down. (host: rack01-server63@lvm-1)
2024-03-20 13:38:44.737 7 WARNING cinder.scheduler.host_manager [None req-39f521c8-eb00-45aa-90a5-1108414bd791 34acd58e8fa94e2fa9a8ca1149f2c765 ffcbab63c2a24fc1b8ad94f69fc04da0 - - - -] volume service is down. (host: rack01-server63@lvm-1)
2024-03-20 13:38:46.786 7 WARNING cinder.scheduler.host_manager [None req-9276ed9a-0b18-4376-8a90-71ad1e75e365 ed07990fe6cb4508b554ae0e15181038 de3116b804af41869f858ddab92e7167 - - - -] volume service is down. (host: rack01-server63@lvm-1)
2024-03-20 13:38:52.099 7 WARNING cinder.scheduler.host_manager [None req-a2e911b5-b164-4428-b62f-1886bbd113f1 a60deae6c61b4dcbaff1e79ac9aaedf1 1374980c06004d61a7eaca4cbcf5aa57 - - - -] volume service is down. (host: rack01-server63@lvm-1)
2024-03-20 13:38:54.364 7 WARNING cinder.scheduler.host_manager [None req-109c827c-d9e3-4f49-a986-7db6c4c0675f a60deae6c61b4dcbaff1e79ac9aaedf1 1374980c06004d61a7eaca4cbcf5aa57 - - - -] volume service is down. (host: rack01-server63@lvm-1)
2024-03-20 13:38:58.795 7 WARNING cinder.scheduler.host_manager [None req-23e48626-24b3-4d67-a67d-df4d75f000f5 c815f33d241b474fa49c2337df4dd411 c878c50089fc4f5b9a1c26a451a25d40 - - - -] volume service is down. (host: rack01-server63@lvm-1)
2024-03-20 13:39:03.410 7 WARNING cinder.scheduler.host_manager [None req-1f14c7b4-82c6-4b60-97bc-4e94cdda7bed c815f33d241b474fa49c2337df4dd411 c878c50089fc4f5b9a1c26a451a25d40 - - - -] volume service is down. (host: rack01-server63@lvm-1)
2024-03-20 13:39:04.712 7 WARNING cinder.scheduler.host_manager [None req-4e47b68c-5191-4b33-b4c0-3d46f3ca5d3a 480bf2eb899a4b7293e06498630b221c 6134b8d1e27f4ff9a702ddba9e7a2e89 - - - -] volume service is down. (host: rack01-server63@lvm-1)
2024-03-20 13:39:04.713 7 INFO cinder.scheduler.base_filter [None req-4e47b68c-5191-4b33-b4c0-3d46f3ca5d3a 480bf2eb899a4b7293e06498630b221c 6134b8d1e27f4ff9a702ddba9e7a2e89 - - - -] Filtering removed all hosts for the request with volume ID '81c29192-da56-413d-9ffd-6df838117d4e'. Filter results: AvailabilityZoneFilter: (start: 1, end: 1), CapacityFilter: (start: 1, end: 1), CapabilitiesFilter: (start: 1, end: 0)
2024-03-20 13:39:04.714 7 WARNING cinder.scheduler.filter_scheduler [None req-4e47b68c-5191-4b33-b4c0-3d46f3ca5d3a 480bf2eb899a4b7293e06498630b221c 6134b8d1e27f4ff9a702ddba9e7a2e89 - - - -] No weighed backend found for volume with properties: {'id': '4c7ad069-29aa-4bc9-8da4-e9271bba00b6', 'name': 'tempest-UserMessagesTest-volume-type-840775895', 'description': None, 'is_public': True, 'projects': [], 'extra_specs': {'storage_protocol': 'tempest-storage_protocol-1560614974', 'vendor_name': 'tempest-vendor_name-1831140001'}, 'qos_specs_id': None, 'created_at': '2024-03-20T11:39:04.000000', 'updated_at': None, 'deleted_at': None, 'deleted': False}
2024-03-20 13:39:04.715 7 INFO cinder.message.api [None req-4e47b68c-5191-4b33-b4c0-3d46f3ca5d3a 480bf2eb899a4b7293e06498630b221c 6134b8d1e27f4ff9a702ddba9e7a2e89 - - - -] Creating message record for request_id = req-4e47b68c-5191-4b33-b4c0-3d46f3ca5d3a
2024-03-20 13:39:04.720 7 ERROR cinder.scheduler.flows.create_volume [None req-4e47b68c-5191-4b33-b4c0-3d46f3ca5d3a 480bf2eb899a4b7293e06498630b221c 6134b8d1e27f4ff9a702ddba9e7a2e89 - - - -] Failed to run task cinder.scheduler.flows.create_volume.ScheduleCreateVolumeTask;volume:create: No valid backend was found. No weighed backends available: cinder.exception.NoValidBackend: No valid backend was found. No weighed backends available
2024-03-20 13:39:06.241 7 WARNING cinder.scheduler.host_manager [None req-808e8b8a-0f20-4505-9d0d-693225bec844 144b3917fb2a438381bbf7da2a019a03 85f9d65c04e24636a3cf7970566f1acb - - - -] volume service is down. (host: rack01-server63@lvm-1)
2024-03-20 13:39:06.473 7 WARNING cinder.scheduler.host_manager [None req-2aa66b8a-88d0-46d6-97b1-95553c119d41 480bf2eb899a4b7293e06498630b221c 6134b8d1e27f4ff9a702ddba9e7a2e89 - - - -] volume service is down. (host: rack01-server63@lvm-1)
2024-03-20 13:39:06.474 7 INFO cinder.scheduler.base_filter [None req-2aa66b8a-88d0-46d6-97b1-95553c119d41 480bf2eb899a4b7293e06498630b221c 6134b8d1e27f4ff9a702ddba9e7a2e89 - - - -] Filtering removed all hosts for the request with volume ID 'b5f243a9-63cf-46a9-8c83-2d6e75b64bf2'. Filter results: AvailabilityZoneFilter: (start: 1, end: 1), CapacityFilter: (start: 1, end: 1), CapabilitiesFilter: (start: 1, end: 0)
2024-03-20 13:39:06.475 7 WARNING cinder.scheduler.filter_scheduler [None req-2aa66b8a-88d0-46d6-97b1-95553c119d41 480bf2eb899a4b7293e06498630b221c 6134b8d1e27f4ff9a702ddba9e7a2e89 - - - -] No weighed backend found for volume with properties: {'id': '784c0c46-1914-45cb-a873-6f384a665ca9', 'name': 'tempest-UserMessagesTest-volume-type-1199821688', 'description': None, 'is_public': True, 'projects': [], 'extra_specs': {'storage_protocol': 'tempest-storage_protocol-936276512', 'vendor_name': 'tempest-vendor_name-481894821'}, 'qos_specs_id': None, 'created_at': '2024-03-20T11:39:06.000000', 'updated_at': None, 'deleted_at': None, 'deleted': False}
2024-03-20 13:39:06.475 7 INFO cinder.message.api [None req-2aa66b8a-88d0-46d6-97b1-95553c119d41 480bf2eb899a4b7293e06498630b221c 6134b8d1e27f4ff9a702ddba9e7a2e89 - - - -] Creating message record for request_id = req-2aa66b8a-88d0-46d6-97b1-95553c119d41
2024-03-20 13:39:06.481 7 ERROR cinder.scheduler.flows.create_volume [None req-2aa66b8a-88d0-46d6-97b1-95553c119d41 480bf2eb899a4b7293e06498630b221c 6134b8d1e27f4ff9a702ddba9e7a2e89 - - - -] Failed to run task cinder.scheduler.flows.create_volume.ScheduleCreateVolumeTask;volume:create: No valid backend was found. No weighed backends available: cinder.exception.NoValidBackend: No valid backend was found. No weighed backends available
2024-03-20 13:39:11.409 7 WARNING cinder.scheduler.host_manager [None req-5a3e264e-ef3d-46cb-852a-a28b1973568f 62e71bc1cafb400c89fb0c0ee2058580 8e7a08b4edee464f98ecc1bcdb91ac85 - - - -] volume service is down. (host: rack01-server63@lvm-1)
2024-03-20 13:39:13.598 7 WARNING cinder.scheduler.host_manager [None req-7350bdd8-9699-4b73-a181-cffea9a0012f cd1a5ff1782d46928f6480e2f5ef90dd 251f5ee035404545a54d3458600f78e5 - - - -] volume service is down. (host: rack01-server63@lvm-1)
2024-03-20 13:39:14.091 7 WARNING cinder.scheduler.host_manager [None req-56c07285-c17f-4cc4-b6b6-f93468e84b34 62e71bc1cafb400c89fb0c0ee2058580 8e7a08b4edee464f98ecc1bcdb91ac85 - - - -] volume service is down. (host: rack01-server63@lvm-1)
2024-03-20 13:39:17.657 7 WARNING cinder.scheduler.host_manager [None req-7470ce8d-85b5-4bc8-8de4-122204d6f74b 7e11e6dc03e148ddac8b1f887c4dc94d 0c670b7e9f2949e09bca49b73974529d - - - -] volume service is down. (host: rack01-server63@lvm-1)
2024-03-20 13:39:18.943 7 WARNING cinder.scheduler.host_manager [None req-dc2dfd84-2981-4f87-8c96-93ec3d6ad28c 62e71bc1cafb400c89fb0c0ee2058580 8e7a08b4edee464f98ecc1bcdb91ac85 - - - -] volume service is down. (host: rack01-server63@lvm-1)
2024-03-20 13:39:19.907 7 WARNING cinder.scheduler.host_manager [None req-c6d60c1f-30e8-4ea9-872e-d80f045a5dc5 268f47a7876c4225b25428a71be7c2d6 410a1ee7dbbd4ea98a275ecf0cb85b09 - - - -] volume service is down. (host: rack01-server63@lvm-1)
2024-03-20 13:39:21.440 7 WARNING cinder.scheduler.host_manager [None req-7ab1c2ea-da12-4a55-afa7-68a3f914109b 62e71bc1cafb400c89fb0c0ee2058580 8e7a08b4edee464f98ecc1bcdb91ac85 - - - -] volume service is down. (host: rack01-server63@lvm-1)
2024-03-20 13:39:22.332 7 WARNING cinder.scheduler.host_manager [None req-1864e2ad-95f7-4290-b080-45f84cc78d13 7e11e6dc03e148ddac8b1f887c4dc94d 0c670b7e9f2949e09bca49b73974529d - - - -] volume service is down. (host: rack01-server63@lvm-1)
2024-03-20 13:39:25.199 7 WARNING cinder.scheduler.host_manager [None req-74709f16-a993-42ce-92ee-6b3fd7a3090c 62e71bc1cafb400c89fb0c0ee2058580 8e7a08b4edee464f98ecc1bcdb91ac85 - - - -] volume service is down. (host: rack01-server63@lvm-1)
2024-03-20 13:39:30.296 7 WARNING cinder.scheduler.host_manager [None req-fdc03b45-c758-4b1d-ac43-b6e5dff3e312 62e71bc1cafb400c89fb0c0ee2058580 8e7a08b4edee464f98ecc1bcdb91ac85 - - - -] volume service is down. (host: rack01-server63@lvm-1)
2024-03-20 13:39:30.757 7 WARNING cinder.scheduler.host_manager [None req-33bb9659-bc0c-4b84-839d-c7a72f3c0d39 db28e3ef59494091a6629917d0a35351 db6cc559c0084404a472958296bed2b3 - - - -] volume service is down. (host: rack01-server63@lvm-1)
2024-03-20 13:39:38.325 7 WARNING cinder.scheduler.host_manager [None req-ca9d0169-533f-4371-9f8d-7fc9757ccbc6 62e71bc1cafb400c89fb0c0ee2058580 8e7a08b4edee464f98ecc1bcdb91ac85 - - - -] volume service is down. (host: rack01-server63@lvm-1)
2024-03-20 13:39:38.520 7 WARNING cinder.scheduler.host_manager [None req-5f844e95-c604-4215-be72-8f6926a8af12 db28e3ef59494091a6629917d0a35351 db6cc559c0084404a472958296bed2b3 - - - -] volume service is down. (host: rack01-server63@lvm-1)
2024-03-20 13:39:42.092 7 WARNING cinder.scheduler.host_manager [None req-498b8a9c-4725-4383-aeb4-2e2420e02a65 fb482a051d7c459cb464695935d5fb72 f5c030c2cca94f778b7f9c18dd4622d8 - - - -] volume service is down. (host: rack01-server63@lvm-1)
2024-03-20 13:39:45.636 7 WARNING cinder.scheduler.host_manager [None req-bfa07cf7-da63-4564-bf21-5d03a86e916d db28e3ef59494091a6629917d0a35351 db6cc559c0084404a472958296bed2b3 - - - -] volume service is down. (host: rack01-server63@lvm-1)
2024-03-20 13:39:48.115 7 WARNING cinder.scheduler.host_manager [None req-48e138e0-a680-4381-a64d-7391e62b0a02 db28e3ef59494091a6629917d0a35351 db6cc559c0084404a472958296bed2b3 - - - -] volume service is down. (host: rack01-server63@lvm-1)
2024-03-20 13:39:49.947 7 WARNING cinder.scheduler.host_manager [None req-46667f99-b136-44e8-a922-d10e44f0b001 8cb004e7b4344a6d83005c36d30bca03 930cfd8714984a9a8689fcaae8a673df - - - -] volume service is down. (host: rack01-server63@lvm-1)
2024-03-20 13:39:52.440 7 WARNING cinder.scheduler.host_manager [None req-da02cf83-ec5b-4af9-919f-2776a723c1f4 8cb004e7b4344a6d83005c36d30bca03 930cfd8714984a9a8689fcaae8a673df - - - -] volume service is down. (host: rack01-server63@lvm-1)
2024-03-20 13:39:53.866 7 WARNING cinder.scheduler.host_manager [None req-cad5ef46-7f9b-4cbb-9b8b-bf7228ce0dd1 398e533e6ca94aa69fcd7073074806bd 553ea1d3a042413e8a26ebdd7006506e - - - -] volume service is down. (host: rack01-server63@lvm-1)
2024-03-20 13:39:54.922 7 WARNING cinder.scheduler.host_manager [None req-b83aec91-7dca-46ef-8c13-77dda0d2b0c5 8cb004e7b4344a6d83005c36d30bca03 930cfd8714984a9a8689fcaae8a673df - - - -] volume service is down. (host: rack01-server63@lvm-1)
2024-03-20 13:39:57.434 7 WARNING cinder.scheduler.host_manager [None req-a31f198b-10eb-4f50-8b43-a0f7d656b3f4 53f954ee499744d6b74ea8c3731aeb27 535420899e98434e9f7b608851e8d1e6 - - - -] volume service is down. (host: rack01-server63@lvm-1)
2024-03-20 13:39:57.525 7 WARNING cinder.scheduler.host_manager [None req-f68fa239-1fe5-4a72-a2cc-db1c4ee00cac 398e533e6ca94aa69fcd7073074806bd 553ea1d3a042413e8a26ebdd7006506e - - - -] volume service is down. (host: rack01-server63@lvm-1)
2024-03-20 13:40:04.801 7 WARNING cinder.scheduler.host_manager [None req-f3ec7c76-9ece-4ac1-aa8e-70009c1dd8fb ba6c5d8d193f428da8dddc5bc3cc6a78 c6c83a1c73a04896991d01c127c960f8 - - - -] volume service is down. (host: rack01-server63@lvm-1)
2024-03-20 13:40:05.752 7 WARNING cinder.scheduler.host_manager [None req-eaa2b0f0-71b6-44af-92c5-968ba1e8c87c 26da1acde3b84ff7b3c10258d30be1e1 ca5dbaf38c1f4be1a0794a66f53e751d - - - -] volume service is down. (host: rack01-server63@lvm-1)
2024-03-20 13:40:06.067 7 WARNING cinder.scheduler.host_manager [None req-af4373ec-94dd-4d9c-bf78-082435af076e d2605bd95a334cfd93b007779bbb445b 81c024e7e6814ecbbcf951c1ff2c4f93 - - - -] volume service is down. (host: rack01-server63@lvm-1)
2024-03-20 13:40:08.078 7 WARNING cinder.scheduler.host_manager [None req-50e4145b-76dd-409e-9fef-db8b61805f2e 26da1acde3b84ff7b3c10258d30be1e1 ca5dbaf38c1f4be1a0794a66f53e751d - - - -] volume service is down. (host: rack01-server63@lvm-1)
2024-03-20 13:40:12.419 7 WARNING cinder.scheduler.host_manager [None req-9075c485-83e9-4750-90e5-60fae8d7d849 ba6c5d8d193f428da8dddc5bc3cc6a78 c6c83a1c73a04896991d01c127c960f8 - - - -] volume service is down. (host: rack01-server63@lvm-1)
2024-03-20 13:40:15.050 7 WARNING cinder.scheduler.host_manager [None req-90b5371f-c464-49c6-a80b-135ae427ae62 ba6c5d8d193f428da8dddc5bc3cc6a78 c6c83a1c73a04896991d01c127c960f8 - - - -] volume service is down. (host: rack01-server63@lvm-1)
2024-03-20 13:40:17.330 7 WARNING cinder.scheduler.host_manager [None req-f8ca8e62-3203-434b-a644-aa7847c19150 ba6c5d8d193f428da8dddc5bc3cc6a78 c6c83a1c73a04896991d01c127c960f8 - - - -] volume service is down. (host: rack01-server63@lvm-1)
2024-03-20 13:40:19.600 7 WARNING cinder.scheduler.host_manager [None req-38692130-c586-47a4-a3c1-cdbd42caa205 ba6c5d8d193f428da8dddc5bc3cc6a78 c6c83a1c73a04896991d01c127c960f8 - - - -] volume service is down. (host: rack01-server63@lvm-1)
2024-03-20 13:40:23.555 7 WARNING cinder.scheduler.host_manager [None req-7589ebff-d85d-4b89-b89c-4b7cc1607c19 f686459c744747da9867d2891dc15577 28f8aee043ca4dabb4f4b264f68106ca - - - -] volume service is down. (host: rack01-server63@lvm-1)
2024-03-20 13:40:25.898 7 WARNING cinder.scheduler.host_manager [None req-f36f6428-4c4a-4aff-af6a-a56564c682c9 f686459c744747da9867d2891dc15577 28f8aee043ca4dabb4f4b264f68106ca - - - -] volume service is down. (host: rack01-server63@lvm-1)
2024-03-20 13:40:28.167 7 WARNING cinder.scheduler.host_manager [None req-c02f956f-83ff-4a1f-ab98-098752bec500 f686459c744747da9867d2891dc15577 28f8aee043ca4dabb4f4b264f68106ca - - - -] volume service is down. (host: rack01-server63@lvm-1)
2024-03-20 13:40:30.436 7 WARNING cinder.scheduler.host_manager [None req-a975040f-e0b3-4feb-826d-64403b7c259f f686459c744747da9867d2891dc15577 28f8aee043ca4dabb4f4b264f68106ca - - - -] volume service is down. (host: rack01-server63@lvm-1)
2024-03-20 13:40:45.961 7 WARNING cinder.scheduler.host_manager [None req-5cb67aba-4794-46ab-9385-f568dafadbd9 951b219a071c4403bea3165f0514205a a7fb85df5c364304a23b23a267d6bb81 - - - -] volume service is down. (host: rack01-server63@lvm-1)
2024-03-20 13:40:46.061 7 WARNING cinder.scheduler.host_manager [None req-e30627eb-a624-42d8-b99a-8729b6a5aae0 c1379583b9ec4a8da3d571cd9af57dd7 2a2a3c9a6ff948ef9b57eecd609f70dc - - - -] volume service is down. (host: rack01-server63@lvm-1)
2024-03-20 13:40:46.090 7 WARNING cinder.scheduler.host_manager [None req-8a89715b-2a2e-40c0-a841-9cce5ea41e9c 68ff862bd89d4e2388ecdf22ac18e4cc 4f5ba66c500447fda33454e722c44696 - - - -] volume service is down. (host: rack01-server63@lvm-1)
2024-03-20 13:40:46.194 7 WARNING cinder.scheduler.host_manager [None req-80eb578b-2bed-4436-83e8-95a42d67ac53 c1379583b9ec4a8da3d571cd9af57dd7 2a2a3c9a6ff948ef9b57eecd609f70dc - - - -] volume service is down. (host: rack01-server63@lvm-1)
2024-03-20 13:40:46.431 7 WARNING cinder.scheduler.host_manager [None req-d84c3b26-891d-4b2b-a9ea-6a9488596446 c1379583b9ec4a8da3d571cd9af57dd7 2a2a3c9a6ff948ef9b57eecd609f70dc - - - -] volume service is down. (host: rack01-server63@lvm-1)
2024-03-20 13:40:46.672 7 WARNING cinder.scheduler.host_manager [None req-ed8415fb-2017-46b1-82e4-a72d7156a5fe c1379583b9ec4a8da3d571cd9af57dd7 2a2a3c9a6ff948ef9b57eecd609f70dc - - - -] volume service is down. (host: rack01-server63@lvm-1)
2024-03-20 13:40:46.932 7 WARNING cinder.scheduler.host_manager [None req-6452f227-d229-4851-857c-88909cd5e631 c1379583b9ec4a8da3d571cd9af57dd7 2a2a3c9a6ff948ef9b57eecd609f70dc - - - -] volume service is down. (host: rack01-server63@lvm-1)
2024-03-20 13:40:47.226 7 WARNING cinder.scheduler.host_manager [None req-93bb759c-6b88-4170-80bb-879bbd914494 951b219a071c4403bea3165f0514205a a7fb85df5c364304a23b23a267d6bb81 - - - -] volume service is down. (host: rack01-server63@lvm-1)
2024-03-20 13:40:47.510 7 WARNING cinder.scheduler.host_manager [None req-3dfbe5d7-6755-4338-a607-3dcb9ffdcbd0 68ff862bd89d4e2388ecdf22ac18e4cc 4f5ba66c500447fda33454e722c44696 - - - -] volume service is down. (host: rack01-server63@lvm-1)
2024-03-20 13:40:49.584 7 WARNING cinder.scheduler.host_manager [None req-3243b4d5-2841-4a45-8803-928bdbbc84f5 951b219a071c4403bea3165f0514205a a7fb85df5c364304a23b23a267d6bb81 - - - -] volume service is down. (host: rack01-server63@lvm-1)
2024-03-20 13:40:49.815 7 WARNING cinder.scheduler.host_manager [None req-43fc8129-deb6-41d1-8a1d-3b26caebbfaf 951b219a071c4403bea3165f0514205a a7fb85df5c364304a23b23a267d6bb81 - - - -] volume service is down. (host: rack01-server63@lvm-1)
2024-03-20 13:40:49.893 7 WARNING cinder.scheduler.host_manager [None req-6240cd37-7a6b-45b2-b78d-eefe943a428a 68ff862bd89d4e2388ecdf22ac18e4cc 4f5ba66c500447fda33454e722c44696 - - - -] volume service is down. (host: rack01-server63@lvm-1)
2024-03-20 13:40:50.010 7 WARNING cinder.scheduler.host_manager [None req-963dea4b-903b-4f68-a53b-5a8deb9e0fd3 951b219a071c4403bea3165f0514205a a7fb85df5c364304a23b23a267d6bb81 - - - -] volume service is down. (host: rack01-server63@lvm-1)
2024-03-20 13:40:50.211 7 WARNING cinder.scheduler.host_manager [None req-044abcec-5b41-4629-a33f-8f2b4cb07b5b 951b219a071c4403bea3165f0514205a a7fb85df5c364304a23b23a267d6bb81 - - - -] volume service is down. (host: rack01-server63@lvm-1)
2024-03-20 13:40:50.412 7 WARNING cinder.scheduler.host_manager [None req-5f0830f2-65ec-4d79-8038-abc64dacf55f 951b219a071c4403bea3165f0514205a a7fb85df5c364304a23b23a267d6bb81 - - - -] volume service is down. (host: rack01-server63@lvm-1)
2024-03-20 13:40:57.803 7 WARNING cinder.scheduler.host_manager [None req-37029447-6fac-4d4b-81d8-d2a4ab330cfd 9cf1d02367b9488aa213abc302b97eaf aab5b11a4db14a07b50d20972fc873c4 - - - -] volume service is down. (host: rack01-server63@lvm-1)
2024-03-20 13:41:00.263 7 WARNING cinder.scheduler.host_manager [None req-5e7d1e8b-61b0-4857-9e57-2375cd286792 9cf1d02367b9488aa213abc302b97eaf aab5b11a4db14a07b50d20972fc873c4 - - - -] volume service is down. (host: rack01-server63@lvm-1)
2024-03-20 13:41:00.504 7 WARNING cinder.scheduler.host_manager [None req-fded345d-6560-4b03-930d-3bee51529f31 9cf1d02367b9488aa213abc302b97eaf aab5b11a4db14a07b50d20972fc873c4 - - - -] volume service is down. (host: rack01-server63@lvm-1)
2024-03-20 13:41:00.747 7 WARNING cinder.scheduler.host_manager [None req-eae3f78c-5cc7-42b6-82cd-49a3b238487d 9cf1d02367b9488aa213abc302b97eaf aab5b11a4db14a07b50d20972fc873c4 - - - -] volume service is down. (host: rack01-server63@lvm-1)
2024-03-20 13:41:01.003 7 WARNING cinder.scheduler.host_manager [None req-55a03c0e-c414-4006-9999-c197992f6abf 9cf1d02367b9488aa213abc302b97eaf aab5b11a4db14a07b50d20972fc873c4 - - - -] volume service is down. (host: rack01-server63@lvm-1)
2024-03-20 13:41:01.251 7 WARNING cinder.scheduler.host_manager [None req-4af0b65f-3e70-4fc0-9faf-e0921c4f79d1 9cf1d02367b9488aa213abc302b97eaf aab5b11a4db14a07b50d20972fc873c4 - - - -] volume service is down. (host: rack01-server63@lvm-1)
