Build Started 16_07_2024_18_17_12
2024-07-16 18:18:33.450 7 WARNING cinder.scheduler.host_manager [req-f1f61de2-a66b-4f80-9322-be42649d1223 req-afc7ba29-b2d8-4208-ac19-d581bff540a6 816aa8d4ea274bec96bbb8887efcd62b b49befd8a5334d0192531df237c08745 - - - -] volume service is down. (host: rack11-server75@LIGHTOSxgzdqh)
2024-07-16 18:18:33.512 7 WARNING cinder.scheduler.host_manager [req-e3809997-c9c4-4ec7-8912-9c15661def22 req-304969ef-136b-4ad3-a52d-e3fe35051fb2 5fc8fa1fbe6d4ee4a754282c4976dc99 8072566b329f44cbad49e65da926f899 - - - -] volume service is down. (host: rack11-server75@LIGHTOSxgzdqh)
2024-07-16 18:18:34.826 7 WARNING cinder.scheduler.host_manager [req-3c0b6692-15c4-438e-9efe-10ca292a7777 req-4e29c9cf-c99d-4bf2-8ccf-2f6c7c8d6fb4 816aa8d4ea274bec96bbb8887efcd62b b49befd8a5334d0192531df237c08745 - - - -] volume service is down. (host: rack11-server75@LIGHTOSxgzdqh)
2024-07-16 18:18:38.659 7 WARNING cinder.scheduler.host_manager [None req-375fd9c1-fb24-4e9b-99ab-dde9ddeee541 699d74301b3a48d2addacfbe18c7aab0 501bc7d829aa4af9a2b141a5db2f08fb - - - -] volume service is down. (host: rack11-server75@LIGHTOSxgzdqh)
2024-07-16 18:18:39.182 7 WARNING cinder.scheduler.host_manager [None req-caf01d1f-a255-4907-acd6-3493e4d4821a 699d74301b3a48d2addacfbe18c7aab0 501bc7d829aa4af9a2b141a5db2f08fb - - - -] volume service is down. (host: rack11-server75@LIGHTOSxgzdqh)
2024-07-16 18:18:42.354 7 WARNING cinder.scheduler.host_manager [None req-81e20089-0263-40d2-9ad4-ef06ae20dde6 a7e6ba03a6744534b05f7d96bb47bca3 0c5f917045c2403f919c0e4ffb2b81fb - - - -] volume service is down. (host: rack11-server75@LIGHTOSxgzdqh)
2024-07-16 18:18:42.364 7 WARNING cinder.scheduler.host_manager [None req-81e20089-0263-40d2-9ad4-ef06ae20dde6 a7e6ba03a6744534b05f7d96bb47bca3 0c5f917045c2403f919c0e4ffb2b81fb - - - -] volume service is down. (host: rack11-server75@LIGHTOSxgzdqh)
2024-07-16 18:18:43.002 7 WARNING cinder.scheduler.host_manager [None req-2be1e259-2b8a-4519-a099-20f3f0c88c4e 20280ae6a88148d1b8b28589f061f346 cb8fffbbff2944609a18edb1b482cd77 - - - -] volume service is down. (host: rack11-server75@LIGHTOSxgzdqh)
2024-07-16 18:18:43.765 7 WARNING cinder.scheduler.host_manager [None req-874d1e91-f668-411e-8529-db28cec76155 a7e6ba03a6744534b05f7d96bb47bca3 0c5f917045c2403f919c0e4ffb2b81fb - - - -] volume service is down. (host: rack11-server75@LIGHTOSxgzdqh)
2024-07-16 18:18:44.449 7 WARNING cinder.scheduler.host_manager [None req-23794696-21bb-4f99-9c87-2cc622c34534 20280ae6a88148d1b8b28589f061f346 cb8fffbbff2944609a18edb1b482cd77 - - - -] volume service is down. (host: rack11-server75@LIGHTOSxgzdqh)
2024-07-16 18:18:45.907 7 WARNING cinder.scheduler.host_manager [None req-51b2a07e-8155-473a-a249-71dd32509c75 20280ae6a88148d1b8b28589f061f346 cb8fffbbff2944609a18edb1b482cd77 - - - -] volume service is down. (host: rack11-server75@LIGHTOSxgzdqh)
2024-07-16 18:18:56.457 7 WARNING cinder.scheduler.host_manager [None req-0b948441-b751-49a1-b5b0-87618fb08f5e 7966bdeba6f84ba790d92cdad5ca63d5 50bcbce992a74147bc392052a72ef82a - - - -] volume service is down. (host: rack11-server75@LIGHTOSxgzdqh)
2024-07-16 18:18:56.465 7 WARNING cinder.scheduler.host_manager [None req-0b948441-b751-49a1-b5b0-87618fb08f5e 7966bdeba6f84ba790d92cdad5ca63d5 50bcbce992a74147bc392052a72ef82a - - - -] volume service is down. (host: rack11-server75@LIGHTOSxgzdqh)
2024-07-16 18:18:58.688 7 WARNING cinder.scheduler.host_manager [None req-6a54c7c4-011c-4e92-b438-65ffca279917 b130823e6782401bb8cb302c0dbd8dd4 6e448f97999841f987cb68e41e432a64 - - - -] volume service is down. (host: rack11-server75@LIGHTOSxgzdqh)
2024-07-16 18:18:58.697 7 WARNING cinder.scheduler.host_manager [None req-6a54c7c4-011c-4e92-b438-65ffca279917 b130823e6782401bb8cb302c0dbd8dd4 6e448f97999841f987cb68e41e432a64 - - - -] volume service is down. (host: rack11-server75@LIGHTOSxgzdqh)
2024-07-16 18:18:59.884 7 WARNING cinder.scheduler.host_manager [None req-e3551ffb-0f77-4351-8db1-f1e0c4b77f19 b130823e6782401bb8cb302c0dbd8dd4 6e448f97999841f987cb68e41e432a64 - - - -] volume service is down. (host: rack11-server75@LIGHTOSxgzdqh)
2024-07-16 18:18:59.893 7 WARNING cinder.scheduler.host_manager [None req-e3551ffb-0f77-4351-8db1-f1e0c4b77f19 b130823e6782401bb8cb302c0dbd8dd4 6e448f97999841f987cb68e41e432a64 - - - -] volume service is down. (host: rack11-server75@LIGHTOSxgzdqh)
2024-07-16 18:18:59.915 7 WARNING cinder.scheduler.host_manager [None req-d11927e9-eeb4-4694-a33c-f31949bfb500 782951c5604647d3993982b5b8a8155c 74f91c7bb4b148b286ff30cce8cc126c - - - -] volume service is down. (host: rack11-server75@LIGHTOSxgzdqh)
2024-07-16 18:18:59.924 7 WARNING cinder.scheduler.host_manager [None req-d11927e9-eeb4-4694-a33c-f31949bfb500 782951c5604647d3993982b5b8a8155c 74f91c7bb4b148b286ff30cce8cc126c - - - -] volume service is down. (host: rack11-server75@LIGHTOSxgzdqh)
2024-07-16 18:19:01.318 7 WARNING cinder.scheduler.host_manager [None req-cbebfad9-366a-42b5-8bf3-816b73565ca0 b130823e6782401bb8cb302c0dbd8dd4 6e448f97999841f987cb68e41e432a64 - - - -] volume service is down. (host: rack11-server75@LIGHTOSxgzdqh)
2024-07-16 18:19:01.347 7 WARNING cinder.scheduler.host_manager [None req-6d3eedef-32f4-4dee-8cdf-6d8d4b18c532 782951c5604647d3993982b5b8a8155c 74f91c7bb4b148b286ff30cce8cc126c - - - -] volume service is down. (host: rack11-server75@LIGHTOSxgzdqh)
2024-07-16 18:19:03.858 7 WARNING cinder.scheduler.host_manager [None req-5385c85b-8d66-4889-83ec-44349867e5e9 782951c5604647d3993982b5b8a8155c 74f91c7bb4b148b286ff30cce8cc126c - - - -] volume service is down. (host: rack11-server75@LIGHTOSxgzdqh)
2024-07-16 18:19:06.668 7 WARNING cinder.scheduler.host_manager [None req-5ec30189-a704-4d86-85f6-a881ae159921 b130823e6782401bb8cb302c0dbd8dd4 6e448f97999841f987cb68e41e432a64 - - - -] volume service is down. (host: rack11-server75@LIGHTOSxgzdqh)
2024-07-16 18:19:06.676 7 WARNING cinder.scheduler.host_manager [None req-5ec30189-a704-4d86-85f6-a881ae159921 b130823e6782401bb8cb302c0dbd8dd4 6e448f97999841f987cb68e41e432a64 - - - -] volume service is down. (host: rack11-server75@LIGHTOSxgzdqh)
2024-07-16 18:19:08.067 7 WARNING cinder.scheduler.host_manager [None req-06b335f5-809e-4b78-8b58-4a93dd06accf b130823e6782401bb8cb302c0dbd8dd4 6e448f97999841f987cb68e41e432a64 - - - -] volume service is down. (host: rack11-server75@LIGHTOSxgzdqh)
2024-07-16 18:19:09.493 7 WARNING cinder.scheduler.host_manager [None req-52df8ba1-4541-485b-bc7f-6bccd44b7c6d b130823e6782401bb8cb302c0dbd8dd4 6e448f97999841f987cb68e41e432a64 - - - -] volume service is down. (host: rack11-server75@LIGHTOSxgzdqh)
2024-07-16 18:19:12.324 7 WARNING cinder.scheduler.host_manager [None req-1b7be57e-ab4e-40e0-8e9e-1216a19f47af 8ef1bc4ad50f41de8581d3fb9e085076 2882c971495447d290fb51055bd6d057 - - - -] volume service is down. (host: rack11-server75@LIGHTOSxgzdqh)
2024-07-16 18:19:13.428 7 WARNING cinder.scheduler.host_manager [None req-bf6f1a25-99be-4f19-8f7a-c7609260201a 782951c5604647d3993982b5b8a8155c 74f91c7bb4b148b286ff30cce8cc126c - - - -] volume service is down. (host: rack11-server75@LIGHTOSxgzdqh)
2024-07-16 18:19:13.437 7 WARNING cinder.scheduler.host_manager [None req-bf6f1a25-99be-4f19-8f7a-c7609260201a 782951c5604647d3993982b5b8a8155c 74f91c7bb4b148b286ff30cce8cc126c - - - -] volume service is down. (host: rack11-server75@LIGHTOSxgzdqh)
2024-07-16 18:19:13.550 7 WARNING cinder.scheduler.host_manager [None req-6c8474dd-2b55-483a-ad9b-2456f5b4e8b0 8ef1bc4ad50f41de8581d3fb9e085076 2882c971495447d290fb51055bd6d057 - - - -] volume service is down. (host: rack11-server75@LIGHTOSxgzdqh)
2024-07-16 18:19:14.818 7 WARNING cinder.scheduler.host_manager [None req-4681a88c-1d96-45bd-88f1-2684056536b3 782951c5604647d3993982b5b8a8155c 74f91c7bb4b148b286ff30cce8cc126c - - - -] volume service is down. (host: rack11-server75@LIGHTOSxgzdqh)
2024-07-16 18:19:15.123 7 WARNING cinder.scheduler.host_manager [None req-b75f1053-774f-4dca-8cbe-dc30dc1efcf6 8ef1bc4ad50f41de8581d3fb9e085076 2882c971495447d290fb51055bd6d057 - - - -] volume service is down. (host: rack11-server75@LIGHTOSxgzdqh)
2024-07-16 18:19:16.224 7 WARNING cinder.scheduler.host_manager [None req-2ea00894-4176-4bea-951f-50bf628270a5 782951c5604647d3993982b5b8a8155c 74f91c7bb4b148b286ff30cce8cc126c - - - -] volume service is down. (host: rack11-server75@LIGHTOSxgzdqh)
2024-07-16 18:19:17.624 7 WARNING cinder.scheduler.host_manager [None req-a406cedd-2275-4e76-a70f-7ac0608eca61 8ef1bc4ad50f41de8581d3fb9e085076 2882c971495447d290fb51055bd6d057 - - - -] volume service is down. (host: rack11-server75@LIGHTOSxgzdqh)
2024-07-16 18:19:20.195 7 WARNING cinder.scheduler.host_manager [None req-b3d68ca6-3a67-49f6-a3d7-032191ce4f01 8ef1bc4ad50f41de8581d3fb9e085076 2882c971495447d290fb51055bd6d057 - - - -] volume service is down. (host: rack11-server75@LIGHTOSxgzdqh)
2024-07-16 18:19:22.709 7 WARNING cinder.scheduler.host_manager [None req-1608d12f-f76b-489e-9b46-91023d291f5e cc40c1688464447c92025aa5bf24bd69 215d4c087bd941348a70294de30d1170 - - - -] volume service is down. (host: rack11-server75@LIGHTOSxgzdqh)
2024-07-16 18:19:22.716 7 WARNING cinder.scheduler.host_manager [None req-1608d12f-f76b-489e-9b46-91023d291f5e cc40c1688464447c92025aa5bf24bd69 215d4c087bd941348a70294de30d1170 - - - -] volume service is down. (host: rack11-server75@LIGHTOSxgzdqh)
2024-07-16 18:19:22.798 7 WARNING cinder.scheduler.host_manager [None req-8f7d33f3-875d-4240-a4fd-300eed048e2f 8ef1bc4ad50f41de8581d3fb9e085076 2882c971495447d290fb51055bd6d057 - - - -] volume service is down. (host: rack11-server75@LIGHTOSxgzdqh)
2024-07-16 18:19:24.106 7 WARNING cinder.scheduler.host_manager [None req-09d41239-3c9f-42eb-80bb-ac6905855dc3 cc40c1688464447c92025aa5bf24bd69 215d4c087bd941348a70294de30d1170 - - - -] volume service is down. (host: rack11-server75@LIGHTOSxgzdqh)
2024-07-16 18:19:25.424 7 WARNING cinder.scheduler.host_manager [None req-e64fd3e3-e200-4312-960e-e90409de09c5 cc40c1688464447c92025aa5bf24bd69 215d4c087bd941348a70294de30d1170 - - - -] volume service is down. (host: rack11-server75@LIGHTOSxgzdqh)
2024-07-16 18:19:30.768 7 WARNING cinder.scheduler.host_manager [None req-59eeab96-ae81-4c05-bc9c-620b76d0f35f 782951c5604647d3993982b5b8a8155c 74f91c7bb4b148b286ff30cce8cc126c - - - -] volume service is down. (host: rack11-server75@LIGHTOSxgzdqh)
2024-07-16 18:19:30.777 7 WARNING cinder.scheduler.host_manager [None req-59eeab96-ae81-4c05-bc9c-620b76d0f35f 782951c5604647d3993982b5b8a8155c 74f91c7bb4b148b286ff30cce8cc126c - - - -] volume service is down. (host: rack11-server75@LIGHTOSxgzdqh)
2024-07-16 18:19:32.168 7 WARNING cinder.scheduler.host_manager [None req-a4c74fc8-de62-44a4-b73a-8757bf8d8620 782951c5604647d3993982b5b8a8155c 74f91c7bb4b148b286ff30cce8cc126c - - - -] volume service is down. (host: rack11-server75@LIGHTOSxgzdqh)
2024-07-16 18:19:34.796 7 WARNING cinder.scheduler.host_manager [None req-cf8a1afd-3ac7-465b-8e58-b5dbab209267 6277e882a2ef4cb9b98b9a3ad29bb0af bb4c8a1d12684b829a80164c5fdcc754 - - - -] volume service is down. (host: rack11-server75@LIGHTOSxgzdqh)
2024-07-16 18:19:41.730 7 WARNING cinder.scheduler.host_manager [None req-a26cae00-a58a-4065-b732-f032b0736e8d bd778fe0995245808d7dde74527716d4 3f4ef7e99fff40e7a513d2b3e2575e2f - - - -] volume service is down. (host: rack11-server75@LIGHTOSxgzdqh)
2024-07-16 18:19:44.615 7 WARNING cinder.scheduler.host_manager [None req-73333704-ef5d-4dc1-a93b-6f442bf52f43 7cddb0891530488a8ec93686c93b4c03 abd8642e8a8243c288d2a5295a7960e4 - - - -] volume service is down. (host: rack11-server75@LIGHTOSxgzdqh)
2024-07-16 18:19:44.616 7 INFO cinder.scheduler.base_filter [None req-73333704-ef5d-4dc1-a93b-6f442bf52f43 7cddb0891530488a8ec93686c93b4c03 abd8642e8a8243c288d2a5295a7960e4 - - - -] Filtering removed all hosts for the request with volume ID '1e5781fd-ad4d-44d9-b079-353ff6a6fce2'. Filter results: AvailabilityZoneFilter: (start: 1, end: 1), CapacityFilter: (start: 1, end: 1), CapabilitiesFilter: (start: 1, end: 0)
2024-07-16 18:19:44.617 7 WARNING cinder.scheduler.filter_scheduler [None req-73333704-ef5d-4dc1-a93b-6f442bf52f43 7cddb0891530488a8ec93686c93b4c03 abd8642e8a8243c288d2a5295a7960e4 - - - -] No weighed backend found for volume with properties: {'id': '88918d6b-568b-46bc-8ad0-30bdde5859e3', 'name': 'tempest-UserMessagesTest-volume-type-2125891800', 'description': None, 'is_public': True, 'projects': [], 'extra_specs': {'storage_protocol': 'tempest-storage_protocol-170896729', 'vendor_name': 'tempest-vendor_name-1982578652'}, 'qos_specs_id': None, 'created_at': '2024-07-16T18:19:44.000000', 'updated_at': None, 'deleted_at': None, 'deleted': False}
2024-07-16 18:19:44.617 7 INFO cinder.message.api [None req-73333704-ef5d-4dc1-a93b-6f442bf52f43 7cddb0891530488a8ec93686c93b4c03 abd8642e8a8243c288d2a5295a7960e4 - - - -] Creating message record for request_id = req-73333704-ef5d-4dc1-a93b-6f442bf52f43
2024-07-16 18:19:44.622 7 ERROR cinder.scheduler.flows.create_volume [None req-73333704-ef5d-4dc1-a93b-6f442bf52f43 7cddb0891530488a8ec93686c93b4c03 abd8642e8a8243c288d2a5295a7960e4 - - - -] Failed to run task cinder.scheduler.flows.create_volume.ScheduleCreateVolumeTask;volume:create: No valid backend was found. No weighed backends available: cinder.exception.NoValidBackend: No valid backend was found. No weighed backends available
2024-07-16 18:19:46.404 7 WARNING cinder.scheduler.host_manager [None req-ed09ee6a-a92c-469b-9612-fc96f39d6b45 7cddb0891530488a8ec93686c93b4c03 abd8642e8a8243c288d2a5295a7960e4 - - - -] volume service is down. (host: rack11-server75@LIGHTOSxgzdqh)
2024-07-16 18:19:46.405 7 INFO cinder.scheduler.base_filter [None req-ed09ee6a-a92c-469b-9612-fc96f39d6b45 7cddb0891530488a8ec93686c93b4c03 abd8642e8a8243c288d2a5295a7960e4 - - - -] Filtering removed all hosts for the request with volume ID '05cf63ed-5fc2-4d67-96ad-bdae9bbe52b0'. Filter results: AvailabilityZoneFilter: (start: 1, end: 1), CapacityFilter: (start: 1, end: 1), CapabilitiesFilter: (start: 1, end: 0)
2024-07-16 18:19:46.405 7 WARNING cinder.scheduler.filter_scheduler [None req-ed09ee6a-a92c-469b-9612-fc96f39d6b45 7cddb0891530488a8ec93686c93b4c03 abd8642e8a8243c288d2a5295a7960e4 - - - -] No weighed backend found for volume with properties: {'id': '7048ae23-3856-46f8-a8c1-5ba33a9651b8', 'name': 'tempest-UserMessagesTest-volume-type-2014753494', 'description': None, 'is_public': True, 'projects': [], 'extra_specs': {'storage_protocol': 'tempest-storage_protocol-1446257872', 'vendor_name': 'tempest-vendor_name-842096955'}, 'qos_specs_id': None, 'created_at': '2024-07-16T18:19:46.000000', 'updated_at': None, 'deleted_at': None, 'deleted': False}
2024-07-16 18:19:46.406 7 INFO cinder.message.api [None req-ed09ee6a-a92c-469b-9612-fc96f39d6b45 7cddb0891530488a8ec93686c93b4c03 abd8642e8a8243c288d2a5295a7960e4 - - - -] Creating message record for request_id = req-ed09ee6a-a92c-469b-9612-fc96f39d6b45
2024-07-16 18:19:46.410 7 ERROR cinder.scheduler.flows.create_volume [None req-ed09ee6a-a92c-469b-9612-fc96f39d6b45 7cddb0891530488a8ec93686c93b4c03 abd8642e8a8243c288d2a5295a7960e4 - - - -] Failed to run task cinder.scheduler.flows.create_volume.ScheduleCreateVolumeTask;volume:create: No valid backend was found. No weighed backends available: cinder.exception.NoValidBackend: No valid backend was found. No weighed backends available
2024-07-16 18:19:49.124 7 WARNING cinder.scheduler.host_manager [None req-a0286b15-eed6-46ed-8140-9c226141e492 0a6adb19ec1241d6b12bcb88efbbc9c5 f14fcb440ec84bb0af67c8487451b29b - - - -] volume service is down. (host: rack11-server75@LIGHTOSxgzdqh)
2024-07-16 18:19:52.848 7 WARNING cinder.scheduler.host_manager [None req-4986ca8b-fd6b-4e43-9c8a-9038d450a464 0a6adb19ec1241d6b12bcb88efbbc9c5 f14fcb440ec84bb0af67c8487451b29b - - - -] volume service is down. (host: rack11-server75@LIGHTOSxgzdqh)
2024-07-16 18:20:05.195 7 WARNING cinder.scheduler.host_manager [None req-65cd825d-031e-4f25-87f1-ecf0ca553160 d86b3bf1aab34c3abb9168c5861cbb81 6269d2d8a7344ded85b126e85fa77446 - - - -] volume service is down. (host: rack11-server75@LIGHTOSxgzdqh)
2024-07-16 18:20:11.894 7 WARNING cinder.scheduler.host_manager [None req-71eb46ab-8f96-4b2e-b351-2549cd597a68 65ceb7af215d4d12bba0793a58f432a8 406b9cb99a144803a6760599f4255b99 - - - -] volume service is down. (host: rack11-server75@LIGHTOSxgzdqh)
2024-07-16 18:20:13.330 7 WARNING cinder.scheduler.host_manager [None req-ad98050a-fc60-446a-8c3d-0c13db55df43 65ceb7af215d4d12bba0793a58f432a8 406b9cb99a144803a6760599f4255b99 - - - -] volume service is down. (host: rack11-server75@LIGHTOSxgzdqh)
2024-07-16 18:20:14.821 7 WARNING cinder.scheduler.host_manager [None req-8048e275-b3ef-4c63-82c1-85d16562b9ce 65ceb7af215d4d12bba0793a58f432a8 406b9cb99a144803a6760599f4255b99 - - - -] volume service is down. (host: rack11-server75@LIGHTOSxgzdqh)
2024-07-16 18:20:15.681 7 WARNING cinder.scheduler.host_manager [None req-540378c6-cf60-4ef8-8f04-2819e35f2ada 300bc8e40eb34590a83d817102a9ccd3 7ae53c32747b4db3854da4cd2400d0c9 - - - -] volume service is down. (host: rack11-server75@LIGHTOSxgzdqh)
2024-07-16 18:20:16.409 7 WARNING cinder.scheduler.host_manager [None req-7e9aea1f-fc45-4d02-a3d1-011716210ad4 55a407c0f5e54d53b7353e11213ff0e3 349d74013d3d4c8e815b37c2dfed32a8 - - - -] volume service is down. (host: rack11-server75@LIGHTOSxgzdqh)
2024-07-16 18:20:17.025 7 WARNING cinder.scheduler.host_manager [None req-3cc374b8-b514-48d8-8966-1f27edbab2e6 300bc8e40eb34590a83d817102a9ccd3 7ae53c32747b4db3854da4cd2400d0c9 - - - -] volume service is down. (host: rack11-server75@LIGHTOSxgzdqh)
2024-07-16 18:20:18.180 7 WARNING cinder.scheduler.host_manager [None req-c5146fa1-ddbd-4bc3-8214-10adcaec0421 238b840c049149fab6936657cb54d55c 1539949875874e97ac634fe0a96762ca - - - -] volume service is down. (host: rack11-server75@LIGHTOSxgzdqh)
2024-07-16 18:20:19.440 7 WARNING cinder.scheduler.host_manager [None req-bafb6e91-5bc3-45b5-8c9e-b7fc33f018c1 238b840c049149fab6936657cb54d55c 1539949875874e97ac634fe0a96762ca - - - -] volume service is down. (host: rack11-server75@LIGHTOSxgzdqh)
2024-07-16 18:20:26.977 7 WARNING cinder.scheduler.host_manager [None req-62eedd43-2ca6-44ba-978d-ad20c11b8b9f 961771f5ce304bd8be4dcb8f9dfcacd7 d69b2eae71ee4f17b5bb0e066f47e38a - - - -] volume service is down. (host: rack11-server75@LIGHTOSxgzdqh)
2024-07-16 18:20:27.950 7 WARNING cinder.scheduler.host_manager [None req-39462c5e-d829-4266-8569-642c46086363 ecd561bfb98c4704a24dacbf1fa2fb66 73b6ace4362f43c8b1b46d05b10b7b22 - - - -] volume service is down. (host: rack11-server75@LIGHTOSxgzdqh)
2024-07-16 18:20:28.262 7 WARNING cinder.scheduler.host_manager [None req-1e4c686e-9cc3-4df7-97a6-0339c92aab5e 961771f5ce304bd8be4dcb8f9dfcacd7 d69b2eae71ee4f17b5bb0e066f47e38a - - - -] volume service is down. (host: rack11-server75@LIGHTOSxgzdqh)
2024-07-16 18:20:28.898 7 WARNING cinder.scheduler.host_manager [None req-5eaf50b2-7c76-4032-886d-d68fcc925f48 781a523c5163439a86b72512bcd376d2 e0ed8507f8c34c8898800447ba00b5be - - - -] volume service is down. (host: rack11-server75@LIGHTOSxgzdqh)
2024-07-16 18:20:29.183 7 WARNING cinder.scheduler.host_manager [None req-e5f82056-99b8-4948-9d2e-32f02400bc2b ecd561bfb98c4704a24dacbf1fa2fb66 73b6ace4362f43c8b1b46d05b10b7b22 - - - -] volume service is down. (host: rack11-server75@LIGHTOSxgzdqh)
2024-07-16 18:20:30.407 7 WARNING cinder.scheduler.host_manager [None req-7003a6f6-8c0c-48b8-8a7e-cde083ea66c0 ecd561bfb98c4704a24dacbf1fa2fb66 73b6ace4362f43c8b1b46d05b10b7b22 - - - -] volume service is down. (host: rack11-server75@LIGHTOSxgzdqh)
2024-07-16 18:20:35.272 7 WARNING cinder.scheduler.host_manager [None req-1589f7fc-ef7d-4edb-a075-a930880609cd ecd561bfb98c4704a24dacbf1fa2fb66 73b6ace4362f43c8b1b46d05b10b7b22 - - - -] volume service is down. (host: rack11-server75@LIGHTOSxgzdqh)
2024-07-16 18:20:36.528 7 WARNING cinder.scheduler.host_manager [None req-fdc43f94-798a-4a34-92cf-5c20398a785b ecd561bfb98c4704a24dacbf1fa2fb66 73b6ace4362f43c8b1b46d05b10b7b22 - - - -] volume service is down. (host: rack11-server75@LIGHTOSxgzdqh)
2024-07-16 18:20:37.935 7 WARNING cinder.scheduler.host_manager [None req-2f0eb50d-60e1-438f-a6d1-67ee1013d4f5 ecd561bfb98c4704a24dacbf1fa2fb66 73b6ace4362f43c8b1b46d05b10b7b22 - - - -] volume service is down. (host: rack11-server75@LIGHTOSxgzdqh)
2024-07-16 18:20:42.376 7 WARNING cinder.scheduler.host_manager [None req-5402bc90-faf8-4b14-954d-b709acf11968 58d4d462e6a444aab5aa3685b4dd7003 416da4302c7840d68742e500d2ff2549 - - - -] volume service is down. (host: rack11-server75@LIGHTOSxgzdqh)
2024-07-16 18:20:47.792 7 WARNING cinder.scheduler.host_manager [None req-caae374d-7eb2-4f1d-bc9d-3fd7a4e24570 b737d81e104a475f8041023206a46edc 417266c5fc354bae8d9f3201f654b0d0 - - - -] volume service is down. (host: rack11-server75@LIGHTOSxgzdqh)
2024-07-16 18:20:48.563 7 WARNING cinder.scheduler.host_manager [None req-9ba58d93-2d70-4195-84a6-4a856ca55f17 791bf198f82e4d5cb8705103bf19949d cc131d8006a6480981225e274fde697b - - - -] volume service is down. (host: rack11-server75@LIGHTOSxgzdqh)
2024-07-16 18:20:53.071 7 WARNING cinder.scheduler.host_manager [None req-fa4ec6af-0583-41a9-8dd0-2c9581ed7cda b737d81e104a475f8041023206a46edc 417266c5fc354bae8d9f3201f654b0d0 - - - -] volume service is down. (host: rack11-server75@LIGHTOSxgzdqh)
2024-07-16 18:20:53.245 7 WARNING cinder.scheduler.host_manager [None req-8d07de08-fdae-400c-ace4-01a1d62397c2 c74cd1b04fdb4ba2aa4a4ec70695297e 84dec8aee6a74d2399b10a5b7d3e4fa9 - - - -] volume service is down. (host: rack11-server75@LIGHTOSxgzdqh)
2024-07-16 18:20:58.645 7 WARNING cinder.scheduler.host_manager [None req-ba7eb867-3bd1-499b-9e6e-7eafcb19fbf1 c74cd1b04fdb4ba2aa4a4ec70695297e 84dec8aee6a74d2399b10a5b7d3e4fa9 - - - -] volume service is down. (host: rack11-server75@LIGHTOSxgzdqh)
2024-07-16 18:20:59.836 7 WARNING cinder.scheduler.host_manager [None req-3a3d1919-2b71-46e6-861e-5495e50f8339 38bb049313ef4d67b297e7db4955f654 1ca6b35950af43b28744d1eba223d2d8 - - - -] volume service is down. (host: rack11-server75@LIGHTOSxgzdqh)
2024-07-16 18:21:01.621 7 WARNING cinder.scheduler.host_manager [None req-70aa44c7-d1a5-4c82-a8c7-8f648b907913 e6ca29e9735e4f23b08730527b3db65b 9578ee6e8f20412a88ef2b59aee639ef - - - -] volume service is down. (host: rack11-server75@LIGHTOSxgzdqh)
2024-07-16 18:21:04.900 7 WARNING cinder.scheduler.host_manager [None req-3e6040c2-548a-45b5-9778-f9fb10f4a6e0 38bb049313ef4d67b297e7db4955f654 1ca6b35950af43b28744d1eba223d2d8 - - - -] volume service is down. (host: rack11-server75@LIGHTOSxgzdqh)
2024-07-16 18:21:06.226 7 WARNING cinder.scheduler.host_manager [None req-9df07297-a07d-4f7c-855e-efa5b4408f12 e6ca29e9735e4f23b08730527b3db65b 9578ee6e8f20412a88ef2b59aee639ef - - - -] volume service is down. (host: rack11-server75@LIGHTOSxgzdqh)
2024-07-16 18:21:06.473 7 WARNING cinder.scheduler.host_manager [None req-5f8f06dc-22d2-4897-88e6-ab79916d45c9 d16a2c6fd33a41949f599165748e6f35 5515279244274855a981d749473e2eb3 - - - -] volume service is down. (host: rack11-server75@LIGHTOSxgzdqh)
2024-07-16 18:21:10.894 7 WARNING cinder.scheduler.host_manager [None req-778c42fa-c6af-4da0-b4a7-a04eeccebccf d16a2c6fd33a41949f599165748e6f35 5515279244274855a981d749473e2eb3 - - - -] volume service is down. (host: rack11-server75@LIGHTOSxgzdqh)
2024-07-16 18:21:12.842 7 WARNING cinder.scheduler.host_manager [None req-33886143-85e6-4cd7-b493-c3ae0ce8b023 ecffd53a48464b0b86e6d5d616e3c581 1ca386e120f24d79b6c836a8b941d16b - - - -] volume service is down. (host: rack11-server75@LIGHTOSxgzdqh)
2024-07-16 18:21:13.349 7 WARNING cinder.scheduler.host_manager [None req-f4831b16-dfbd-4a1d-b43a-507e285c207a e6ca29e9735e4f23b08730527b3db65b 9578ee6e8f20412a88ef2b59aee639ef - - - -] volume service is down. (host: rack11-server75@LIGHTOSxgzdqh)
2024-07-16 18:21:14.528 7 WARNING cinder.scheduler.host_manager [None req-b9a2dc6d-8c36-4977-bab7-652d605612b8 ecffd53a48464b0b86e6d5d616e3c581 1ca386e120f24d79b6c836a8b941d16b - - - -] volume service is down. (host: rack11-server75@LIGHTOSxgzdqh)
2024-07-16 18:21:14.632 7 WARNING cinder.scheduler.host_manager [None req-50bc4874-49e4-451b-b835-128713d4688e d16a2c6fd33a41949f599165748e6f35 5515279244274855a981d749473e2eb3 - - - -] volume service is down. (host: rack11-server75@LIGHTOSxgzdqh)
2024-07-16 18:21:14.718 7 WARNING cinder.scheduler.host_manager [None req-089f8456-2a93-47bc-a43f-6dd66c8764b7 e6ca29e9735e4f23b08730527b3db65b 9578ee6e8f20412a88ef2b59aee639ef - - - -] volume service is down. (host: rack11-server75@LIGHTOSxgzdqh)
2024-07-16 18:21:15.913 7 WARNING cinder.scheduler.host_manager [None req-b171653d-e8cf-4a39-b173-320bcee0b29c d16a2c6fd33a41949f599165748e6f35 5515279244274855a981d749473e2eb3 - - - -] volume service is down. (host: rack11-server75@LIGHTOSxgzdqh)
2024-07-16 18:21:17.133 7 WARNING cinder.scheduler.host_manager [None req-94c1c24d-d228-48b0-b696-fe2b4631accb d16a2c6fd33a41949f599165748e6f35 5515279244274855a981d749473e2eb3 - - - -] volume service is down. (host: rack11-server75@LIGHTOSxgzdqh)
2024-07-16 18:21:20.484 7 WARNING cinder.scheduler.host_manager [None req-3179fe82-02f1-46ce-bd7f-93f8dc2f60be ecffd53a48464b0b86e6d5d616e3c581 1ca386e120f24d79b6c836a8b941d16b - - - -] volume service is down. (host: rack11-server75@LIGHTOSxgzdqh)
2024-07-16 18:21:21.909 7 WARNING cinder.scheduler.host_manager [None req-f3d1fb1d-9332-4736-a3b3-9e762de328ee ecffd53a48464b0b86e6d5d616e3c581 1ca386e120f24d79b6c836a8b941d16b - - - -] volume service is down. (host: rack11-server75@LIGHTOSxgzdqh)
2024-07-16 18:21:24.642 7 WARNING cinder.scheduler.host_manager [None req-ee7da42d-a67b-472b-ac98-1645b97ae284 ecffd53a48464b0b86e6d5d616e3c581 1ca386e120f24d79b6c836a8b941d16b - - - -] volume service is down. (host: rack11-server75@LIGHTOSxgzdqh)
2024-07-16 18:21:26.369 7 WARNING cinder.scheduler.host_manager [None req-047db0e3-00ad-424f-bd95-d813f10a5224 c93f5189e0454205848d9bbf2591a475 3d3f377fe7db4d759253746690f229e0 - - - -] volume service is down. (host: rack11-server75@LIGHTOSxgzdqh)
2024-07-16 18:21:29.082 7 WARNING cinder.scheduler.host_manager [None req-25f9e649-54e9-4484-8fdc-9d6d2e863450 d46b5e8cf1384b6f9cc8a049461cfc03 d86622a9e42749e798b5a0a085b30e91 - - - -] volume service is down. (host: rack11-server75@LIGHTOSxgzdqh)
2024-07-16 18:21:30.501 7 WARNING cinder.scheduler.host_manager [None req-b067b935-1113-4f46-87d5-41bce5e2ad49 d46b5e8cf1384b6f9cc8a049461cfc03 d86622a9e42749e798b5a0a085b30e91 - - - -] volume service is down. (host: rack11-server75@LIGHTOSxgzdqh)
2024-07-16 18:21:31.931 7 WARNING cinder.scheduler.host_manager [None req-ec1709f0-21d9-4a64-a095-a66298bf9389 d46b5e8cf1384b6f9cc8a049461cfc03 d86622a9e42749e798b5a0a085b30e91 - - - -] volume service is down. (host: rack11-server75@LIGHTOSxgzdqh)
2024-07-16 18:21:32.986 7 WARNING cinder.scheduler.host_manager [None req-6377e3cd-452e-4883-9a58-c42851e02c45 ecffd53a48464b0b86e6d5d616e3c581 1ca386e120f24d79b6c836a8b941d16b - - - -] volume service is down. (host: rack11-server75@LIGHTOSxgzdqh)
2024-07-16 18:21:33.661 7 WARNING cinder.scheduler.host_manager [None req-31b160b6-6c83-4ec9-8337-b54ccce4350d d4cdc70af6ab400aad937d4bd1d2bce5 a161594cd44f4ee884d2127651ef855f - - - -] volume service is down. (host: rack11-server75@LIGHTOSxgzdqh)
2024-07-16 18:21:34.968 7 WARNING cinder.scheduler.host_manager [None req-35e83035-8e50-4219-8e1c-31b0cc763e57 d4cdc70af6ab400aad937d4bd1d2bce5 a161594cd44f4ee884d2127651ef855f - - - -] volume service is down. (host: rack11-server75@LIGHTOSxgzdqh)
2024-07-16 18:21:37.808 7 WARNING cinder.scheduler.host_manager [None req-27ac4a7d-d3b3-4705-a0f2-411c44a5f480 ecffd53a48464b0b86e6d5d616e3c581 1ca386e120f24d79b6c836a8b941d16b - - - -] volume service is down. (host: rack11-server75@LIGHTOSxgzdqh)
2024-07-16 18:21:45.253 7 WARNING cinder.scheduler.host_manager [None req-1653bce5-54c1-4329-b896-c2699227f2d2 40a8061d350849ca981f2529674977b2 d810a8715f4842208762ffd9281fd7de - - - -] volume service is down. (host: rack11-server75@LIGHTOSxgzdqh)
2024-07-16 18:22:01.515 7 WARNING cinder.scheduler.host_manager [None req-70ab02f0-f08f-44b3-88ae-bace65e0a755 054e6e8c64544787adb34b448ce9fa41 4bf4f9608d394160bd31f6df03fd88e9 - - - -] volume service is down. (host: rack11-server75@LIGHTOSxgzdqh)
2024-07-16 18:22:02.785 7 WARNING cinder.scheduler.host_manager [None req-add3a312-64c6-4f45-8e69-9a7e4313122a 054e6e8c64544787adb34b448ce9fa41 4bf4f9608d394160bd31f6df03fd88e9 - - - -] volume service is down. (host: rack11-server75@LIGHTOSxgzdqh)
2024-07-16 18:22:04.030 7 WARNING cinder.scheduler.host_manager [None req-de45f163-ca2e-4d35-9237-62f35f9da279 054e6e8c64544787adb34b448ce9fa41 4bf4f9608d394160bd31f6df03fd88e9 - - - -] volume service is down. (host: rack11-server75@LIGHTOSxgzdqh)
2024-07-16 18:22:05.265 7 WARNING cinder.scheduler.host_manager [None req-d4835f0c-20ff-43db-9d26-49d50564dba8 054e6e8c64544787adb34b448ce9fa41 4bf4f9608d394160bd31f6df03fd88e9 - - - -] volume service is down. (host: rack11-server75@LIGHTOSxgzdqh)
2024-07-16 18:22:18.888 7 WARNING cinder.scheduler.host_manager [None req-08ee3cdb-92a2-4f05-972b-af3a70c896ce d7892d7075cf455290cf99b1f9eaab9d c60068c7341b4593864feebd980dbd86 - - - -] volume service is down. (host: rack11-server75@LIGHTOSxgzdqh)
2024-07-16 18:22:18.892 7 WARNING cinder.scheduler.host_manager [None req-2741ae09-f2b2-4014-b3d0-a6ce91d0aa2b 6192c4c190d04d30845d5b807a71a949 3097c70c1d6e41b29617602b90e007b9 - - - -] volume service is down. (host: rack11-server75@LIGHTOSxgzdqh)
2024-07-16 18:22:19.010 7 WARNING cinder.scheduler.host_manager [None req-32d77e1f-1a89-44d1-a7ba-47ba8cfc0145 69bbcc5d1d2c4e74ade4ae1e1b77b756 bb7374def687463eab8b2ad5ddebcda3 - - - -] volume service is down. (host: rack11-server75@LIGHTOSxgzdqh)
2024-07-16 18:22:19.065 7 WARNING cinder.scheduler.host_manager [None req-1088c566-f1f2-4baa-ae03-cff27efe8f12 d7892d7075cf455290cf99b1f9eaab9d c60068c7341b4593864feebd980dbd86 - - - -] volume service is down. (host: rack11-server75@LIGHTOSxgzdqh)
2024-07-16 18:22:19.279 7 WARNING cinder.scheduler.host_manager [None req-2e4a6d81-a0c2-47a3-8e45-d7a00eb6af8c d7892d7075cf455290cf99b1f9eaab9d c60068c7341b4593864feebd980dbd86 - - - -] volume service is down. (host: rack11-server75@LIGHTOSxgzdqh)
2024-07-16 18:22:19.517 7 WARNING cinder.scheduler.host_manager [None req-0593747e-2c1f-475f-b86f-201d375d0abb d7892d7075cf455290cf99b1f9eaab9d c60068c7341b4593864feebd980dbd86 - - - -] volume service is down. (host: rack11-server75@LIGHTOSxgzdqh)
2024-07-16 18:22:19.753 7 WARNING cinder.scheduler.host_manager [None req-7ec406e1-bf89-415d-8c4e-b66173a27957 d7892d7075cf455290cf99b1f9eaab9d c60068c7341b4593864feebd980dbd86 - - - -] volume service is down. (host: rack11-server75@LIGHTOSxgzdqh)
2024-07-16 18:22:20.195 7 WARNING cinder.scheduler.host_manager [None req-71d26635-5027-4b7c-8f61-569eed5ff054 6192c4c190d04d30845d5b807a71a949 3097c70c1d6e41b29617602b90e007b9 - - - -] volume service is down. (host: rack11-server75@LIGHTOSxgzdqh)
2024-07-16 18:22:20.294 7 WARNING cinder.scheduler.host_manager [None req-5dec5c5f-0ab0-4df0-884d-c35e1ead273c 69bbcc5d1d2c4e74ade4ae1e1b77b756 bb7374def687463eab8b2ad5ddebcda3 - - - -] volume service is down. (host: rack11-server75@LIGHTOSxgzdqh)
2024-07-16 18:22:20.390 7 WARNING cinder.scheduler.host_manager [None req-513de597-66ea-4bce-9802-7546b5d6176a 6192c4c190d04d30845d5b807a71a949 3097c70c1d6e41b29617602b90e007b9 - - - -] volume service is down. (host: rack11-server75@LIGHTOSxgzdqh)
2024-07-16 18:22:20.591 7 WARNING cinder.scheduler.host_manager [None req-fa782aac-9a27-48c3-921c-e2a960ad705c 6192c4c190d04d30845d5b807a71a949 3097c70c1d6e41b29617602b90e007b9 - - - -] volume service is down. (host: rack11-server75@LIGHTOSxgzdqh)
2024-07-16 18:22:20.841 7 WARNING cinder.scheduler.host_manager [None req-d80fde43-100e-4fa5-9ce9-7c6b55ce9ed8 6192c4c190d04d30845d5b807a71a949 3097c70c1d6e41b29617602b90e007b9 - - - -] volume service is down. (host: rack11-server75@LIGHTOSxgzdqh)
2024-07-16 18:22:21.070 7 WARNING cinder.scheduler.host_manager [None req-3e1379f4-faa1-4191-8083-c544084611cf 6192c4c190d04d30845d5b807a71a949 3097c70c1d6e41b29617602b90e007b9 - - - -] volume service is down. (host: rack11-server75@LIGHTOSxgzdqh)
2024-07-16 18:22:22.695 7 WARNING cinder.scheduler.host_manager [None req-674c50db-7294-4abd-8ead-8835357ca51d 69bbcc5d1d2c4e74ade4ae1e1b77b756 bb7374def687463eab8b2ad5ddebcda3 - - - -] volume service is down. (host: rack11-server75@LIGHTOSxgzdqh)
2024-07-16 18:22:22.928 7 WARNING cinder.scheduler.host_manager [None req-6eddfee0-7e28-4ddc-b156-5e942d223abb 69bbcc5d1d2c4e74ade4ae1e1b77b756 bb7374def687463eab8b2ad5ddebcda3 - - - -] volume service is down. (host: rack11-server75@LIGHTOSxgzdqh)
2024-07-16 18:22:23.178 7 WARNING cinder.scheduler.host_manager [None req-c61491c1-8871-444c-92a1-e66c56ffbadb 69bbcc5d1d2c4e74ade4ae1e1b77b756 bb7374def687463eab8b2ad5ddebcda3 - - - -] volume service is down. (host: rack11-server75@LIGHTOSxgzdqh)
2024-07-16 18:22:23.397 7 WARNING cinder.scheduler.host_manager [None req-72e18d9a-fe5f-4f1f-bde4-3fd461d9026b 69bbcc5d1d2c4e74ade4ae1e1b77b756 bb7374def687463eab8b2ad5ddebcda3 - - - -] volume service is down. (host: rack11-server75@LIGHTOSxgzdqh)
2024-07-16 18:22:23.598 7 WARNING cinder.scheduler.host_manager [None req-2c66c101-32cb-4f64-9d9c-a6a46cff894a 69bbcc5d1d2c4e74ade4ae1e1b77b756 bb7374def687463eab8b2ad5ddebcda3 - - - -] volume service is down. (host: rack11-server75@LIGHTOSxgzdqh)
2024-07-16 18:22:35.905 7 WARNING cinder.scheduler.host_manager [None req-48e4ee99-8179-49cf-a70a-e5aa282e9cb8 72e62468ffc643a5902e0839231074f1 1df43823cd55427eb5630d02850fb92e - - - -] volume service is down. (host: rack11-server75@LIGHTOSxgzdqh)
2024-07-16 18:22:37.406 7 WARNING cinder.scheduler.host_manager [None req-bd1ae52f-fe66-43e1-8c76-855152b14f02 72e62468ffc643a5902e0839231074f1 1df43823cd55427eb5630d02850fb92e - - - -] volume service is down. (host: rack11-server75@LIGHTOSxgzdqh)
2024-07-16 18:22:38.737 7 WARNING cinder.scheduler.host_manager [None req-971608f0-cd90-4e4a-af5a-8238f08d3544 72e62468ffc643a5902e0839231074f1 1df43823cd55427eb5630d02850fb92e - - - -] volume service is down. (host: rack11-server75@LIGHTOSxgzdqh)
