Build Started 22_05_2023_13_24_12
2023-05-22 13:26:56.999 7 WARNING cinder.scheduler.host_manager [req-06202740-a431-4b4f-a983-30cfb317c125 req-3c4b9ebd-b4fd-4e29-80c8-eecde7be4422 170c6f0ce50f4449af555b2cb3a0c1e8 3ab78acb311a4c84aa8593c80bc34c6f - - - -] volume service is down. (host: rack02-server70@lvm-1)
2023-05-22 13:26:57.140 7 WARNING cinder.scheduler.host_manager [req-998fce9e-9b6c-48d2-afa6-03555e789499 req-2f69cdec-4203-4df0-bdc1-cb2cd7ef75bd 8f957f59be6a4051a9c7150f808a3ad8 2f5792145ba14486ada63a7197fb5ee8 - - - -] volume service is down. (host: rack02-server70@lvm-1)
2023-05-22 13:26:59.466 7 WARNING cinder.scheduler.host_manager [req-9070fd8d-2899-4f51-a80c-23461f6cbce5 req-44287106-77bc-4989-878e-573927e4a029 8f957f59be6a4051a9c7150f808a3ad8 2f5792145ba14486ada63a7197fb5ee8 - - - -] volume service is down. (host: rack02-server70@lvm-1)
2023-05-22 13:27:05.965 7 WARNING cinder.scheduler.host_manager [None req-5678e125-f17b-45a2-b14a-2d326bd562e5 049f4e00742f418db9d7611dedebbedc 630849bc557348edbd4b84a476c34058 - - - -] volume service is down. (host: rack02-server70@lvm-1)
2023-05-22 13:27:05.972 7 WARNING cinder.scheduler.host_manager [None req-5678e125-f17b-45a2-b14a-2d326bd562e5 049f4e00742f418db9d7611dedebbedc 630849bc557348edbd4b84a476c34058 - - - -] volume service is down. (host: rack02-server70@lvm-1)
2023-05-22 13:27:07.077 7 WARNING cinder.scheduler.host_manager [None req-3c68dbfe-be17-4ebc-9534-dd0c70dd311d d3ec09a0d3af44cca48ea3c94a8de4d4 739d7e55731a4083b734d9502662d9bd - - - -] volume service is down. (host: rack02-server70@lvm-1)
2023-05-22 13:27:07.111 7 WARNING cinder.scheduler.host_manager [None req-d5e6b21f-74a8-4f19-925e-5ceed86c8a9e 5e27fb3dd8194e24825e8e1fa98bf3e9 bf52d6fc66cc46c3a0ed3ef4816ebc71 - - - -] volume service is down. (host: rack02-server70@lvm-1)
2023-05-22 13:27:07.134 7 WARNING cinder.scheduler.host_manager [None req-cdf2b297-0f69-4cf4-a503-f4b051a5edb4 049f4e00742f418db9d7611dedebbedc 630849bc557348edbd4b84a476c34058 - - - -] volume service is down. (host: rack02-server70@lvm-1)
2023-05-22 13:27:07.144 7 WARNING cinder.scheduler.host_manager [None req-cdf2b297-0f69-4cf4-a503-f4b051a5edb4 049f4e00742f418db9d7611dedebbedc 630849bc557348edbd4b84a476c34058 - - - -] volume service is down. (host: rack02-server70@lvm-1)
2023-05-22 13:27:07.153 7 WARNING cinder.scheduler.host_manager [None req-8e2840c1-b8d8-4702-80e3-7f7c2a6144f2 5e27fb3dd8194e24825e8e1fa98bf3e9 bf52d6fc66cc46c3a0ed3ef4816ebc71 - - - -] volume service is down. (host: rack02-server70@lvm-1)
2023-05-22 13:27:08.422 7 WARNING cinder.scheduler.host_manager [None req-4977f8d9-9db0-4f6f-bf8f-afe017d6b22e d3ec09a0d3af44cca48ea3c94a8de4d4 739d7e55731a4083b734d9502662d9bd - - - -] volume service is down. (host: rack02-server70@lvm-1)
2023-05-22 13:27:08.479 7 WARNING cinder.scheduler.host_manager [None req-7ffc4c20-470c-47b4-b6f8-0fe94b79bb2c 049f4e00742f418db9d7611dedebbedc 630849bc557348edbd4b84a476c34058 - - - -] volume service is down. (host: rack02-server70@lvm-1)
2023-05-22 13:27:09.750 7 WARNING cinder.scheduler.host_manager [None req-9f088d13-1006-4e00-9107-04ba877084ea d3ec09a0d3af44cca48ea3c94a8de4d4 739d7e55731a4083b734d9502662d9bd - - - -] volume service is down. (host: rack02-server70@lvm-1)
2023-05-22 13:27:12.337 7 WARNING cinder.scheduler.host_manager [None req-5230aae6-72a7-4a5d-92f9-3abe25224f4b 049f4e00742f418db9d7611dedebbedc 630849bc557348edbd4b84a476c34058 - - - -] volume service is down. (host: rack02-server70@lvm-1)
2023-05-22 13:27:12.343 7 WARNING cinder.scheduler.host_manager [None req-5230aae6-72a7-4a5d-92f9-3abe25224f4b 049f4e00742f418db9d7611dedebbedc 630849bc557348edbd4b84a476c34058 - - - -] volume service is down. (host: rack02-server70@lvm-1)
2023-05-22 13:27:13.658 7 WARNING cinder.scheduler.host_manager [None req-a966eb76-a431-419c-a8ce-e69689e54458 049f4e00742f418db9d7611dedebbedc 630849bc557348edbd4b84a476c34058 - - - -] volume service is down. (host: rack02-server70@lvm-1)
2023-05-22 13:27:16.063 7 WARNING cinder.scheduler.host_manager [None req-ccd19267-41c7-4fcd-8633-41aaecaf97fd 049f4e00742f418db9d7611dedebbedc 630849bc557348edbd4b84a476c34058 - - - -] volume service is down. (host: rack02-server70@lvm-1)
2023-05-22 13:27:20.701 7 WARNING cinder.scheduler.host_manager [None req-5d9424af-358a-4192-9836-053a1ec5dacc 25f377e5b50e4d19aaff2b7fda788e27 9b9d6479bbe24979b8bbeef7f82b6b57 - - - -] volume service is down. (host: rack02-server70@lvm-1)
2023-05-22 13:27:20.707 7 WARNING cinder.scheduler.host_manager [None req-5d9424af-358a-4192-9836-053a1ec5dacc 25f377e5b50e4d19aaff2b7fda788e27 9b9d6479bbe24979b8bbeef7f82b6b57 - - - -] volume service is down. (host: rack02-server70@lvm-1)
2023-05-22 13:27:22.036 7 WARNING cinder.scheduler.host_manager [None req-fcad12e4-77f4-47d0-920b-e7cd6345cb5d 25f377e5b50e4d19aaff2b7fda788e27 9b9d6479bbe24979b8bbeef7f82b6b57 - - - -] volume service is down. (host: rack02-server70@lvm-1)
2023-05-22 13:27:26.558 7 WARNING cinder.scheduler.host_manager [None req-8aa968c2-eee5-424f-a70b-28c94f6241eb 25f377e5b50e4d19aaff2b7fda788e27 9b9d6479bbe24979b8bbeef7f82b6b57 - - - -] volume service is down. (host: rack02-server70@lvm-1)
2023-05-22 13:27:27.194 7 WARNING cinder.scheduler.host_manager [None req-462f7a47-c5d2-4803-a630-2c41cefb1517 1c75a4c201d44076a699636a8739dc6c e8ad75ea3ffd460cbad0768a2deda60d - - - -] volume service is down. (host: rack02-server70@lvm-1)
2023-05-22 13:27:27.200 7 WARNING cinder.scheduler.host_manager [None req-462f7a47-c5d2-4803-a630-2c41cefb1517 1c75a4c201d44076a699636a8739dc6c e8ad75ea3ffd460cbad0768a2deda60d - - - -] volume service is down. (host: rack02-server70@lvm-1)
2023-05-22 13:27:28.499 7 WARNING cinder.scheduler.host_manager [None req-72bf5cb7-8324-44f3-950e-7b78e6063389 1c75a4c201d44076a699636a8739dc6c e8ad75ea3ffd460cbad0768a2deda60d - - - -] volume service is down. (host: rack02-server70@lvm-1)
2023-05-22 13:27:30.767 7 WARNING cinder.scheduler.host_manager [None req-ca91abac-c563-439b-b97f-a6dbfa0cebf7 1c75a4c201d44076a699636a8739dc6c e8ad75ea3ffd460cbad0768a2deda60d - - - -] volume service is down. (host: rack02-server70@lvm-1)
2023-05-22 13:27:32.926 7 WARNING cinder.scheduler.host_manager [None req-f2513716-2068-48d6-94eb-3b7ea9eb0ea1 25f377e5b50e4d19aaff2b7fda788e27 9b9d6479bbe24979b8bbeef7f82b6b57 - - - -] volume service is down. (host: rack02-server70@lvm-1)
2023-05-22 13:27:32.932 7 WARNING cinder.scheduler.host_manager [None req-f2513716-2068-48d6-94eb-3b7ea9eb0ea1 25f377e5b50e4d19aaff2b7fda788e27 9b9d6479bbe24979b8bbeef7f82b6b57 - - - -] volume service is down. (host: rack02-server70@lvm-1)
2023-05-22 13:27:34.242 7 WARNING cinder.scheduler.host_manager [None req-bcfc524b-b451-4eec-80d1-7f28e8e9e872 25f377e5b50e4d19aaff2b7fda788e27 9b9d6479bbe24979b8bbeef7f82b6b57 - - - -] volume service is down. (host: rack02-server70@lvm-1)
2023-05-22 13:27:36.102 7 WARNING cinder.scheduler.host_manager [None req-c3872b74-ef88-4e95-8592-3662c0fbffea 646a1f241ada4508a22a00929a76f5e7 0cd31e1fe653460d82353b41ceac3563 - - - -] volume service is down. (host: rack02-server70@lvm-1)
2023-05-22 13:27:36.637 7 WARNING cinder.scheduler.host_manager [None req-ae7b904e-a2f4-45e0-86ab-68e232a5d482 25f377e5b50e4d19aaff2b7fda788e27 9b9d6479bbe24979b8bbeef7f82b6b57 - - - -] volume service is down. (host: rack02-server70@lvm-1)
2023-05-22 13:27:39.590 7 WARNING cinder.scheduler.host_manager [None req-8d41c431-e3f1-4016-8601-07461a016a50 646a1f241ada4508a22a00929a76f5e7 0cd31e1fe653460d82353b41ceac3563 - - - -] volume service is down. (host: rack02-server70@lvm-1)
2023-05-22 13:27:41.998 7 WARNING cinder.scheduler.host_manager [None req-d9b02ba9-ab5e-42de-b63e-c715b712ccc6 1dbec1c5294f499785cad89095b572d5 6a729f3d729c40daa424769cce4f83aa - - - -] volume service is down. (host: rack02-server70@lvm-1)
2023-05-22 13:27:41.999 7 INFO cinder.scheduler.base_filter [None req-d9b02ba9-ab5e-42de-b63e-c715b712ccc6 1dbec1c5294f499785cad89095b572d5 6a729f3d729c40daa424769cce4f83aa - - - -] Filtering removed all hosts for the request with volume ID '58b3a60a-cc5b-44b3-b6ba-41ce2d6ff420'. Filter results: AvailabilityZoneFilter: (start: 1, end: 1), CapacityFilter: (start: 1, end: 1), CapabilitiesFilter: (start: 1, end: 0)
2023-05-22 13:27:41.999 7 WARNING cinder.scheduler.filter_scheduler [None req-d9b02ba9-ab5e-42de-b63e-c715b712ccc6 1dbec1c5294f499785cad89095b572d5 6a729f3d729c40daa424769cce4f83aa - - - -] No weighed backend found for volume with properties: {'id': '69adfa86-089d-4e61-9ef0-739d7aef3408', 'name': 'tempest-UserMessagesTest-volume-type-574004590', 'description': None, 'is_public': True, 'projects': [], 'extra_specs': {'storage_protocol': 'tempest-storage_protocol-388266720', 'vendor_name': 'tempest-vendor_name-1302322125'}, 'qos_specs_id': None, 'created_at': '2023-05-22T13:27:41.000000', 'updated_at': None, 'deleted_at': None, 'deleted': False}
2023-05-22 13:27:42.000 7 INFO cinder.message.api [None req-d9b02ba9-ab5e-42de-b63e-c715b712ccc6 1dbec1c5294f499785cad89095b572d5 6a729f3d729c40daa424769cce4f83aa - - - -] Creating message record for request_id = req-d9b02ba9-ab5e-42de-b63e-c715b712ccc6
2023-05-22 13:27:42.004 7 ERROR cinder.scheduler.flows.create_volume [None req-d9b02ba9-ab5e-42de-b63e-c715b712ccc6 1dbec1c5294f499785cad89095b572d5 6a729f3d729c40daa424769cce4f83aa - - - -] Failed to run task cinder.scheduler.flows.create_volume.ScheduleCreateVolumeTask;volume:create: No valid backend was found. No weighed backends available: cinder.exception.NoValidBackend: No valid backend was found. No weighed backends available
2023-05-22 13:27:43.387 7 WARNING cinder.scheduler.host_manager [None req-11b50d07-f809-40fa-8334-a7a264a3f05b 1dbec1c5294f499785cad89095b572d5 6a729f3d729c40daa424769cce4f83aa - - - -] volume service is down. (host: rack02-server70@lvm-1)
2023-05-22 13:27:43.388 7 INFO cinder.scheduler.base_filter [None req-11b50d07-f809-40fa-8334-a7a264a3f05b 1dbec1c5294f499785cad89095b572d5 6a729f3d729c40daa424769cce4f83aa - - - -] Filtering removed all hosts for the request with volume ID '36fc0492-8ad1-4fa8-a311-071780be8234'. Filter results: AvailabilityZoneFilter: (start: 1, end: 1), CapacityFilter: (start: 1, end: 1), CapabilitiesFilter: (start: 1, end: 0)
2023-05-22 13:27:43.388 7 WARNING cinder.scheduler.filter_scheduler [None req-11b50d07-f809-40fa-8334-a7a264a3f05b 1dbec1c5294f499785cad89095b572d5 6a729f3d729c40daa424769cce4f83aa - - - -] No weighed backend found for volume with properties: {'id': '62cae4b2-dc15-47ee-9ad2-c67aacc9ec92', 'name': 'tempest-UserMessagesTest-volume-type-1303499305', 'description': None, 'is_public': True, 'projects': [], 'extra_specs': {'storage_protocol': 'tempest-storage_protocol-63392915', 'vendor_name': 'tempest-vendor_name-1381724488'}, 'qos_specs_id': None, 'created_at': '2023-05-22T13:27:43.000000', 'updated_at': None, 'deleted_at': None, 'deleted': False}
2023-05-22 13:27:43.388 7 INFO cinder.message.api [None req-11b50d07-f809-40fa-8334-a7a264a3f05b 1dbec1c5294f499785cad89095b572d5 6a729f3d729c40daa424769cce4f83aa - - - -] Creating message record for request_id = req-11b50d07-f809-40fa-8334-a7a264a3f05b
2023-05-22 13:27:43.393 7 ERROR cinder.scheduler.flows.create_volume [None req-11b50d07-f809-40fa-8334-a7a264a3f05b 1dbec1c5294f499785cad89095b572d5 6a729f3d729c40daa424769cce4f83aa - - - -] Failed to run task cinder.scheduler.flows.create_volume.ScheduleCreateVolumeTask;volume:create: No valid backend was found. No weighed backends available: cinder.exception.NoValidBackend: No valid backend was found. No weighed backends available
2023-05-22 13:27:48.279 7 WARNING cinder.scheduler.host_manager [None req-1427a085-8607-4640-b129-8d42e60c32ef 25f377e5b50e4d19aaff2b7fda788e27 9b9d6479bbe24979b8bbeef7f82b6b57 - - - -] volume service is down. (host: rack02-server70@lvm-1)
2023-05-22 13:27:48.286 7 WARNING cinder.scheduler.host_manager [None req-1427a085-8607-4640-b129-8d42e60c32ef 25f377e5b50e4d19aaff2b7fda788e27 9b9d6479bbe24979b8bbeef7f82b6b57 - - - -] volume service is down. (host: rack02-server70@lvm-1)
2023-05-22 13:27:49.619 7 WARNING cinder.scheduler.host_manager [None req-f9a87e67-53c9-4f08-83a9-e1b0e8b2bd0b 0c7dcf476b1746d29e132e6fa6802c84 197a32f9c86e4b2d9a79a1bf230fa62c - - - -] volume service is down. (host: rack02-server70@lvm-1)
2023-05-22 13:27:49.622 7 WARNING cinder.scheduler.host_manager [None req-f8e9b361-a7d2-4e2a-acd5-b97efd239d5f 25f377e5b50e4d19aaff2b7fda788e27 9b9d6479bbe24979b8bbeef7f82b6b57 - - - -] volume service is down. (host: rack02-server70@lvm-1)
2023-05-22 13:27:49.989 7 WARNING cinder.scheduler.host_manager [None req-8dd5b545-95fb-4d2c-80e2-3f0cb1104cad d6b7de48fbb840afbcac51ba550adf7a a5e156788b194d7da0dd3586c623e064 - - - -] volume service is down. (host: rack02-server70@lvm-1)
2023-05-22 13:27:51.892 7 WARNING cinder.scheduler.host_manager [None req-1d75deb7-f14c-4912-bcf2-4ff9b9afd5e4 0c7dcf476b1746d29e132e6fa6802c84 197a32f9c86e4b2d9a79a1bf230fa62c - - - -] volume service is down. (host: rack02-server70@lvm-1)
2023-05-22 13:27:59.301 7 WARNING cinder.scheduler.host_manager [None req-abb559c8-3608-4c61-9381-e26a7b7b6d51 96c4bfd9da4f464f9f122bad182754f6 8b6ebe9557314e64b30fb74c60965aef - - - -] volume service is down. (host: rack02-server70@lvm-1)
2023-05-22 13:28:00.486 7 WARNING cinder.scheduler.host_manager [None req-f9ee9916-b5f2-4641-a6af-31d28fcd4f40 96c4bfd9da4f464f9f122bad182754f6 8b6ebe9557314e64b30fb74c60965aef - - - -] volume service is down. (host: rack02-server70@lvm-1)
2023-05-22 13:28:01.843 7 WARNING cinder.scheduler.host_manager [None req-399ad2ac-d00a-4f87-a628-823212523db0 4a9d575ccbae4cee8471c6a03ce3b067 70ae6eb5605e4916ae438a191cde42f1 - - - -] volume service is down. (host: rack02-server70@lvm-1)
2023-05-22 13:28:01.849 7 WARNING cinder.scheduler.host_manager [None req-399ad2ac-d00a-4f87-a628-823212523db0 4a9d575ccbae4cee8471c6a03ce3b067 70ae6eb5605e4916ae438a191cde42f1 - - - -] volume service is down. (host: rack02-server70@lvm-1)
2023-05-22 13:28:03.168 7 WARNING cinder.scheduler.host_manager [None req-948dacf2-f14d-40cc-b324-db81131a9c05 4a9d575ccbae4cee8471c6a03ce3b067 70ae6eb5605e4916ae438a191cde42f1 - - - -] volume service is down. (host: rack02-server70@lvm-1)
2023-05-22 13:28:15.507 7 WARNING cinder.scheduler.host_manager [None req-99b509db-786b-438f-9fd9-165ee715af57 57a11bcd528247719c155250cd61f6f4 c74a8bcf60c041928bf46277ce0b0bd9 - - - -] volume service is down. (host: rack02-server70@lvm-1)
2023-05-22 13:28:17.862 7 WARNING cinder.scheduler.host_manager [None req-c962a2b1-3475-4f6e-95e3-51afc0c6456f 57a11bcd528247719c155250cd61f6f4 c74a8bcf60c041928bf46277ce0b0bd9 - - - -] volume service is down. (host: rack02-server70@lvm-1)
2023-05-22 13:28:20.216 7 WARNING cinder.scheduler.host_manager [None req-62529364-d8db-4dc8-8484-6fb44efbecba 57a11bcd528247719c155250cd61f6f4 c74a8bcf60c041928bf46277ce0b0bd9 - - - -] volume service is down. (host: rack02-server70@lvm-1)
2023-05-22 13:28:20.487 7 WARNING cinder.scheduler.host_manager [None req-c2ec2e5b-ec98-4c63-9e77-2824d91c9730 620063df56a94e0697a15609e4c312cd baac5da7acfd46349beb24c1a8f8518f - - - -] volume service is down. (host: rack02-server70@lvm-1)
2023-05-22 13:28:20.493 7 WARNING cinder.scheduler.host_manager [None req-c2ec2e5b-ec98-4c63-9e77-2824d91c9730 620063df56a94e0697a15609e4c312cd baac5da7acfd46349beb24c1a8f8518f - - - -] volume service is down. (host: rack02-server70@lvm-1)
2023-05-22 13:28:21.105 7 WARNING cinder.scheduler.host_manager [None req-2b29fe88-8cf0-4cca-809f-e63b52e38ede 7c48b8b7546d4c9eb7e2502c4d1f41af e5444d3344424cc1b59362bbf795dd3a - - - -] volume service is down. (host: rack02-server70@lvm-1)
2023-05-22 13:28:22.679 7 WARNING cinder.scheduler.host_manager [None req-7b409472-af5f-489e-973e-b7076d97952e 37205a58b0da485d8b67a8b8cf2a12dd d07c33d65369454c956ab09cf0c3efbc - - - -] volume service is down. (host: rack02-server70@lvm-1)
2023-05-22 13:28:26.552 7 WARNING cinder.scheduler.host_manager [None req-041ec39f-4d14-4218-a9ee-e0c55b099a89 7c48b8b7546d4c9eb7e2502c4d1f41af e5444d3344424cc1b59362bbf795dd3a - - - -] volume service is down. (host: rack02-server70@lvm-1)
2023-05-22 13:28:28.059 7 WARNING cinder.scheduler.host_manager [None req-25f91fcb-28db-45e6-8e40-ca76957bd06b 6e0620bc253d451e9070e93aa986ebec 7b7615b77eb84de1b2ae74edb8ff51c6 - - - -] volume service is down. (host: rack02-server70@lvm-1)
2023-05-22 13:28:30.141 7 WARNING cinder.scheduler.host_manager [None req-05c60446-7fb3-4f8d-8724-cd4ce3e2a206 7c48b8b7546d4c9eb7e2502c4d1f41af e5444d3344424cc1b59362bbf795dd3a - - - -] volume service is down. (host: rack02-server70@lvm-1)
2023-05-22 13:28:30.563 7 WARNING cinder.scheduler.host_manager [None req-7c33aeb7-9dee-4dbb-a4ba-5e404bb503b7 6e0620bc253d451e9070e93aa986ebec 7b7615b77eb84de1b2ae74edb8ff51c6 - - - -] volume service is down. (host: rack02-server70@lvm-1)
2023-05-22 13:28:32.656 7 WARNING cinder.scheduler.host_manager [None req-936988e0-5767-4395-9249-56b4c9616b0b 7c48b8b7546d4c9eb7e2502c4d1f41af e5444d3344424cc1b59362bbf795dd3a - - - -] volume service is down. (host: rack02-server70@lvm-1)
2023-05-22 13:28:33.041 7 WARNING cinder.scheduler.host_manager [None req-6d78ad41-ff93-4db4-856f-b381f47f7e79 6e0620bc253d451e9070e93aa986ebec 7b7615b77eb84de1b2ae74edb8ff51c6 - - - -] volume service is down. (host: rack02-server70@lvm-1)
2023-05-22 13:28:34.365 7 WARNING cinder.scheduler.host_manager [None req-02a7f46d-6ee8-4a9d-bfbb-c78ab4489e75 05fe3108b41148cbaad4cf0835f2ba17 93f20cce3f3540d79aaf2739e11b3bf5 - - - -] volume service is down. (host: rack02-server70@lvm-1)
2023-05-22 13:28:35.549 7 WARNING cinder.scheduler.host_manager [None req-6833689d-a338-4fbb-a6fa-056c2cc12a03 05fe3108b41148cbaad4cf0835f2ba17 93f20cce3f3540d79aaf2739e11b3bf5 - - - -] volume service is down. (host: rack02-server70@lvm-1)
2023-05-22 13:28:36.199 7 WARNING cinder.scheduler.host_manager [None req-3c49652b-e909-4c1d-a5e7-60f6056ddcd6 7c48b8b7546d4c9eb7e2502c4d1f41af e5444d3344424cc1b59362bbf795dd3a - - - -] volume service is down. (host: rack02-server70@lvm-1)
2023-05-22 13:28:36.453 7 WARNING cinder.scheduler.host_manager [None req-0d927e2e-bfc7-4bf1-9362-63167b5d0dbd 6e0620bc253d451e9070e93aa986ebec 7b7615b77eb84de1b2ae74edb8ff51c6 - - - -] volume service is down. (host: rack02-server70@lvm-1)
2023-05-22 13:28:39.730 7 WARNING cinder.scheduler.host_manager [None req-88e9b135-eba6-45c6-8dbf-230eb289b29b 7c48b8b7546d4c9eb7e2502c4d1f41af e5444d3344424cc1b59362bbf795dd3a - - - -] volume service is down. (host: rack02-server70@lvm-1)
2023-05-22 13:28:39.866 7 WARNING cinder.scheduler.host_manager [None req-e32939f4-357c-4916-a820-8e60b06bdd1e 6e0620bc253d451e9070e93aa986ebec 7b7615b77eb84de1b2ae74edb8ff51c6 - - - -] volume service is down. (host: rack02-server70@lvm-1)
2023-05-22 13:28:43.295 7 WARNING cinder.scheduler.host_manager [None req-8e540b3e-1ea5-4964-b09d-0857b0af55f7 6e0620bc253d451e9070e93aa986ebec 7b7615b77eb84de1b2ae74edb8ff51c6 - - - -] volume service is down. (host: rack02-server70@lvm-1)
2023-05-22 13:28:47.880 7 WARNING cinder.scheduler.host_manager [None req-7e1dd880-05d8-4b5c-a9ef-77f67043041b 766353844ed24e5997bdb797987171b2 7790f484a6be40b9aa3a333b30607a3d - - - -] volume service is down. (host: rack02-server70@lvm-1)
2023-05-22 13:28:49.251 7 WARNING cinder.scheduler.host_manager [None req-49c837eb-125c-4121-a402-c4ccba1e5ad9 2d30f6a70fde432c8e015b353a721e3a d5f1d8cfd73c4d659848b177f8e4bb1f - - - -] volume service is down. (host: rack02-server70@lvm-1)
2023-05-22 13:28:50.128 7 WARNING cinder.scheduler.host_manager [None req-f8578234-f580-438b-bfab-1b0c3d741195 766353844ed24e5997bdb797987171b2 7790f484a6be40b9aa3a333b30607a3d - - - -] volume service is down. (host: rack02-server70@lvm-1)
2023-05-22 13:28:52.323 7 WARNING cinder.scheduler.host_manager [None req-bbcdc67a-d579-410d-b624-ff024125bce1 766353844ed24e5997bdb797987171b2 7790f484a6be40b9aa3a333b30607a3d - - - -] volume service is down. (host: rack02-server70@lvm-1)
2023-05-22 13:28:53.585 7 WARNING cinder.scheduler.host_manager [None req-8031ae34-9418-47ab-ae71-10fc329a1514 2d30f6a70fde432c8e015b353a721e3a d5f1d8cfd73c4d659848b177f8e4bb1f - - - -] volume service is down. (host: rack02-server70@lvm-1)
2023-05-22 13:28:53.820 7 WARNING cinder.scheduler.host_manager [None req-8f7efc80-801f-4cc2-823d-96609ea538f4 773ac6c6e9854a98832c34c56f184689 50e0cf884173427aad2207eecb49dc31 - - - -] volume service is down. (host: rack02-server70@lvm-1)
2023-05-22 13:28:56.135 7 WARNING cinder.scheduler.host_manager [None req-fd36853c-e48c-4c8e-a2ae-173e6ce2566d 766353844ed24e5997bdb797987171b2 7790f484a6be40b9aa3a333b30607a3d - - - -] volume service is down. (host: rack02-server70@lvm-1)
2023-05-22 13:28:58.355 7 WARNING cinder.scheduler.host_manager [None req-e42065c5-f088-47d2-bb1b-215185c385ed 766353844ed24e5997bdb797987171b2 7790f484a6be40b9aa3a333b30607a3d - - - -] volume service is down. (host: rack02-server70@lvm-1)
2023-05-22 13:28:59.168 7 WARNING cinder.scheduler.host_manager [None req-73ec9116-251b-4622-927e-53c60feb3442 a1b439a01a1d4f578f935c5ebd1a4eee 453fd055525044fcb449392c3ff9f50d - - - -] volume service is down. (host: rack02-server70@lvm-1)
2023-05-22 13:29:00.727 7 WARNING cinder.scheduler.host_manager [None req-38aed9f1-e785-47ac-adee-2f5ec6a6ce9c 490b273628084eb280f6e4eeba00348b 10f4a24bc04c452fbdfa15e9fd4b26fc - - - -] volume service is down. (host: rack02-server70@lvm-1)
2023-05-22 13:29:00.750 7 WARNING cinder.scheduler.host_manager [None req-275a95c0-93f5-4067-9f22-142aecbd3396 766353844ed24e5997bdb797987171b2 7790f484a6be40b9aa3a333b30607a3d - - - -] volume service is down. (host: rack02-server70@lvm-1)
2023-05-22 13:29:10.113 7 WARNING cinder.scheduler.host_manager [None req-08ee988a-9866-4401-8030-5870e89797c6 87feb05372074efe80e1dccddb66c605 5d97364296754add9f79fb6273dbc0c4 - - - -] volume service is down. (host: rack02-server70@lvm-1)
2023-05-22 13:29:13.522 7 WARNING cinder.scheduler.host_manager [None req-3a3296ec-7abc-441e-a684-ed05883f752d 490b273628084eb280f6e4eeba00348b 10f4a24bc04c452fbdfa15e9fd4b26fc - - - -] volume service is down. (host: rack02-server70@lvm-1)
2023-05-22 13:29:16.936 7 WARNING cinder.scheduler.host_manager [None req-b541b547-85f2-4a10-a6d4-f814bc5724bb 490b273628084eb280f6e4eeba00348b 10f4a24bc04c452fbdfa15e9fd4b26fc - - - -] volume service is down. (host: rack02-server70@lvm-1)
2023-05-22 13:29:19.293 7 WARNING cinder.scheduler.host_manager [None req-4af6091e-296d-4cd8-a2ae-5fbcccf765e5 490b273628084eb280f6e4eeba00348b 10f4a24bc04c452fbdfa15e9fd4b26fc - - - -] volume service is down. (host: rack02-server70@lvm-1)
2023-05-22 13:29:20.826 7 WARNING cinder.scheduler.host_manager [None req-7ff9fc62-f30d-41c0-8b25-8eb5911db883 34995636e9134afc8b45b950fda21ea3 a3075bb021ba4d249538e19654ab6289 - - - -] volume service is down. (host: rack02-server70@lvm-1)
2023-05-22 13:29:22.068 7 WARNING cinder.scheduler.host_manager [None req-67a1b9e7-2abe-4e50-aeee-d9f967533bdf 87feb05372074efe80e1dccddb66c605 5d97364296754add9f79fb6273dbc0c4 - - - -] volume service is down. (host: rack02-server70@lvm-1)
2023-05-22 13:29:30.250 7 WARNING cinder.scheduler.host_manager [None req-5817f46c-8b19-4489-b246-8e5bf6e352b3 f183217300af4bc6b8d3ce7b1849452f f45ea20f0fc34486b7524bbc03030530 - - - -] volume service is down. (host: rack02-server70@lvm-1)
2023-05-22 13:29:32.026 7 WARNING cinder.scheduler.host_manager [None req-774e8d1d-11b7-42be-9956-359f0de199f6 cd8c8b73a6fd43bba674ae5089cea9b8 efc1999667014863a0b57059945def19 - - - -] volume service is down. (host: rack02-server70@lvm-1)
2023-05-22 13:29:38.693 7 WARNING cinder.scheduler.host_manager [None req-2c046f11-a071-4211-a8a4-da73fe4fae41 7186e8d8277845e3a47d36339fb16d1f c94f65f7fc274c3289a2d45809e7503e - - - -] volume service is down. (host: rack02-server70@lvm-1)
2023-05-22 13:29:39.507 7 WARNING cinder.scheduler.host_manager [None req-603268ae-3770-44a5-aa3b-6251f68f1055 eae8ae7a033b4d76adcb94540630e470 3047bdfdca434cc7acb25fd9a69c2f03 - - - -] volume service is down. (host: rack02-server70@lvm-1)
2023-05-22 13:29:43.676 7 WARNING cinder.scheduler.host_manager [None req-18bd02e3-f970-4015-b811-dd16436a5e76 cd8c8b73a6fd43bba674ae5089cea9b8 efc1999667014863a0b57059945def19 - - - -] volume service is down. (host: rack02-server70@lvm-1)
2023-05-22 13:29:45.029 7 WARNING cinder.scheduler.host_manager [None req-02829409-8ad9-4fff-9cc4-fd16571e57c2 cd8c8b73a6fd43bba674ae5089cea9b8 efc1999667014863a0b57059945def19 - - - -] volume service is down. (host: rack02-server70@lvm-1)
2023-05-22 13:29:45.450 7 WARNING cinder.scheduler.host_manager [None req-ff43ca8d-0f9c-4e1e-9111-c337eeb25780 263d7ce9a22d43fe9388592a4bd54d1b 98a556531bc84b5e8fe372240cb965e0 - - - -] volume service is down. (host: rack02-server70@lvm-1)
2023-05-22 13:29:47.269 7 WARNING cinder.scheduler.host_manager [None req-1aa81f5f-d529-4f03-9995-d2982a92b0cb cd8c8b73a6fd43bba674ae5089cea9b8 efc1999667014863a0b57059945def19 - - - -] volume service is down. (host: rack02-server70@lvm-1)
2023-05-22 13:29:49.457 7 WARNING cinder.scheduler.host_manager [None req-312237a4-d917-41b1-82c2-c30ab552a7cd cd8c8b73a6fd43bba674ae5089cea9b8 efc1999667014863a0b57059945def19 - - - -] volume service is down. (host: rack02-server70@lvm-1)
2023-05-22 13:29:53.996 7 WARNING cinder.scheduler.host_manager [None req-5ba10bd0-8687-4c78-9e55-7c6ad4627654 787e924e8b204a47a989f78ec9069fca bc87306497be485797062e015d804389 - - - -] volume service is down. (host: rack02-server70@lvm-1)
2023-05-22 13:29:55.397 7 WARNING cinder.scheduler.host_manager [None req-6f8af373-05e6-4bd3-934f-43614c9a2807 b1286b65ebf348989561a6fde5ee96d3 6c1f228c047544e5af7bc0945cf89249 - - - -] volume service is down. (host: rack02-server70@lvm-1)
2023-05-22 13:29:57.154 7 WARNING cinder.scheduler.host_manager [None req-cf308102-47da-44d6-b857-fdc9b88dc356 096ac93136434505b04c77a538538dc5 8b6d5960cb954f979aae8c641a5aaacb - - - -] volume service is down. (host: rack02-server70@lvm-1)
2023-05-22 13:29:59.389 7 WARNING cinder.scheduler.host_manager [None req-df34537a-e3d1-49da-adfb-a48c20fbb6e6 096ac93136434505b04c77a538538dc5 8b6d5960cb954f979aae8c641a5aaacb - - - -] volume service is down. (host: rack02-server70@lvm-1)
2023-05-22 13:29:59.771 7 WARNING cinder.scheduler.host_manager [None req-54cf8c22-37df-42ae-b586-85fcf6435c46 b1286b65ebf348989561a6fde5ee96d3 6c1f228c047544e5af7bc0945cf89249 - - - -] volume service is down. (host: rack02-server70@lvm-1)
2023-05-22 13:30:01.704 7 WARNING cinder.scheduler.host_manager [None req-cfe69be8-adbb-4b99-843d-a4e4b41f4528 787e924e8b204a47a989f78ec9069fca bc87306497be485797062e015d804389 - - - -] volume service is down. (host: rack02-server70@lvm-1)
2023-05-22 13:30:06.933 7 WARNING cinder.scheduler.host_manager [None req-50af64de-3a51-4c52-892e-2826298bcce6 49c353695ac347d2945695675f3e3e5a ec57106a6afd49a18969c051a11fb2f1 - - - -] volume service is down. (host: rack02-server70@lvm-1)
2023-05-22 13:30:15.825 7 WARNING cinder.scheduler.host_manager [None req-4e35ab31-5642-4057-9693-2489e5715ddb 787e924e8b204a47a989f78ec9069fca bc87306497be485797062e015d804389 - - - -] volume service is down. (host: rack02-server70@lvm-1)
2023-05-22 13:30:18.044 7 WARNING cinder.scheduler.host_manager [None req-8bf2a85a-6cd1-4ebd-8504-ef608a05a0ac 787e924e8b204a47a989f78ec9069fca bc87306497be485797062e015d804389 - - - -] volume service is down. (host: rack02-server70@lvm-1)
2023-05-22 13:30:20.245 7 WARNING cinder.scheduler.host_manager [None req-52268452-a279-4476-a564-c64702ccc580 787e924e8b204a47a989f78ec9069fca bc87306497be485797062e015d804389 - - - -] volume service is down. (host: rack02-server70@lvm-1)
2023-05-22 13:30:29.331 7 WARNING cinder.scheduler.host_manager [None req-cdbe4f39-fab6-4ba9-9583-54387613f349 787e924e8b204a47a989f78ec9069fca bc87306497be485797062e015d804389 - - - -] volume service is down. (host: rack02-server70@lvm-1)
2023-05-22 13:30:33.054 7 WARNING cinder.scheduler.host_manager [None req-c3bde3f1-ecbc-4e94-873a-1d3f30642a36 787e924e8b204a47a989f78ec9069fca bc87306497be485797062e015d804389 - - - -] volume service is down. (host: rack02-server70@lvm-1)
2023-05-22 13:30:41.463 7 WARNING cinder.scheduler.host_manager [None req-7075ab26-82a6-42ec-af2e-84cb6e9cadd5 9f2a074d8a0b41eba8f0dfd9a92e1845 598e9da1feef4a279dad4ae4984fb904 - - - -] volume service is down. (host: rack02-server70@lvm-1)
2023-05-22 13:30:42.841 7 WARNING cinder.scheduler.host_manager [None req-434ad74d-4d3d-4f9e-b355-058d4e173256 787e924e8b204a47a989f78ec9069fca bc87306497be485797062e015d804389 - - - -] volume service is down. (host: rack02-server70@lvm-1)
2023-05-22 13:30:42.940 7 WARNING cinder.scheduler.host_manager [None req-ce80878f-1ef4-4fbe-9960-4d7d7442b2ae 9f2a074d8a0b41eba8f0dfd9a92e1845 598e9da1feef4a279dad4ae4984fb904 - - - -] volume service is down. (host: rack02-server70@lvm-1)
2023-05-22 13:30:45.054 7 WARNING cinder.scheduler.host_manager [None req-763fbbbc-d6bd-462c-b466-7188839cd75a 787e924e8b204a47a989f78ec9069fca bc87306497be485797062e015d804389 - - - -] volume service is down. (host: rack02-server70@lvm-1)
2023-05-22 13:30:47.566 7 WARNING cinder.scheduler.host_manager [None req-4c43806a-01d5-494b-941d-be8981d2916d 9f2a074d8a0b41eba8f0dfd9a92e1845 598e9da1feef4a279dad4ae4984fb904 - - - -] volume service is down. (host: rack02-server70@lvm-1)
2023-05-22 13:30:49.930 7 WARNING cinder.scheduler.host_manager [None req-7c72ba37-fe34-41a0-8bd6-973e405ec94d 9f2a074d8a0b41eba8f0dfd9a92e1845 598e9da1feef4a279dad4ae4984fb904 - - - -] volume service is down. (host: rack02-server70@lvm-1)
2023-05-22 13:30:53.483 7 WARNING cinder.scheduler.host_manager [None req-e30c5e56-18da-43d9-b043-938b7ab536fd 9f2a074d8a0b41eba8f0dfd9a92e1845 598e9da1feef4a279dad4ae4984fb904 - - - -] volume service is down. (host: rack02-server70@lvm-1)
2023-05-22 13:30:54.153 7 WARNING cinder.scheduler.host_manager [None req-2f572f66-5df5-4622-9c0c-f5dc83f87c63 787e924e8b204a47a989f78ec9069fca bc87306497be485797062e015d804389 - - - -] volume service is down. (host: rack02-server70@lvm-1)
2023-05-22 13:30:56.389 7 WARNING cinder.scheduler.host_manager [None req-3954bc49-1aee-4858-8989-dedf91ee82d4 787e924e8b204a47a989f78ec9069fca bc87306497be485797062e015d804389 - - - -] volume service is down. (host: rack02-server70@lvm-1)
2023-05-22 13:30:58.213 7 WARNING cinder.scheduler.host_manager [None req-bf6b44ba-1312-4ec6-8842-0af10f7c4e8a 9f2a074d8a0b41eba8f0dfd9a92e1845 598e9da1feef4a279dad4ae4984fb904 - - - -] volume service is down. (host: rack02-server70@lvm-1)
2023-05-22 13:30:58.760 7 WARNING cinder.scheduler.host_manager [None req-34493ef2-cd9d-45ea-8848-54c57aa070c9 787e924e8b204a47a989f78ec9069fca bc87306497be485797062e015d804389 - - - -] volume service is down. (host: rack02-server70@lvm-1)
2023-05-22 13:31:02.290 7 WARNING cinder.scheduler.host_manager [None req-39f57770-c854-4a95-b53e-542119fcb31a 787e924e8b204a47a989f78ec9069fca bc87306497be485797062e015d804389 - - - -] volume service is down. (host: rack02-server70@lvm-1)
2023-05-22 13:31:04.593 7 WARNING cinder.scheduler.host_manager [None req-d67b10d5-2c10-4a7b-8051-f08030a55ffc 787e924e8b204a47a989f78ec9069fca bc87306497be485797062e015d804389 - - - -] volume service is down. (host: rack02-server70@lvm-1)
2023-05-22 13:31:06.930 7 WARNING cinder.scheduler.host_manager [None req-c1d2e30c-3d22-4c1e-be65-41e406b13e28 787e924e8b204a47a989f78ec9069fca bc87306497be485797062e015d804389 - - - -] volume service is down. (host: rack02-server70@lvm-1)
2023-05-22 13:31:10.186 7 WARNING cinder.scheduler.host_manager [None req-57d24329-ecc3-49d3-a459-c03536a93dbf 9f2a074d8a0b41eba8f0dfd9a92e1845 598e9da1feef4a279dad4ae4984fb904 - - - -] volume service is down. (host: rack02-server70@lvm-1)
2023-05-22 13:31:18.363 7 WARNING cinder.scheduler.host_manager [None req-a365c54b-9dc7-46fd-95a4-704953640d9b baf584f090984f7696eb4577b4e36d21 cdab79d82606425bbaf344abfc3c8609 - - - -] volume service is down. (host: rack02-server70@lvm-1)
2023-05-22 13:31:20.736 7 WARNING cinder.scheduler.host_manager [None req-67ab3804-60a5-40aa-b70f-07bd1919a58e baf584f090984f7696eb4577b4e36d21 cdab79d82606425bbaf344abfc3c8609 - - - -] volume service is down. (host: rack02-server70@lvm-1)
2023-05-22 13:31:20.793 7 WARNING cinder.scheduler.host_manager [None req-63baec2d-319d-4697-a19e-135333575ad8 2d8ac662a3c344ee940b747d0e6e56de e3658723e0a1424884435c34b2025271 - - - -] volume service is down. (host: rack02-server70@lvm-1)
2023-05-22 13:31:22.990 7 WARNING cinder.scheduler.host_manager [None req-7fb16e02-d327-4478-af3d-280c43406418 2d8ac662a3c344ee940b747d0e6e56de e3658723e0a1424884435c34b2025271 - - - -] volume service is down. (host: rack02-server70@lvm-1)
2023-05-22 13:31:23.097 7 WARNING cinder.scheduler.host_manager [None req-1e556f16-f4ed-4efe-bb51-c60beb9f13c4 baf584f090984f7696eb4577b4e36d21 cdab79d82606425bbaf344abfc3c8609 - - - -] volume service is down. (host: rack02-server70@lvm-1)
2023-05-22 13:31:25.182 7 WARNING cinder.scheduler.host_manager [None req-8ce0dc07-fd8b-42ae-a670-627c09ece31e 2d8ac662a3c344ee940b747d0e6e56de e3658723e0a1424884435c34b2025271 - - - -] volume service is down. (host: rack02-server70@lvm-1)
2023-05-22 13:31:27.372 7 WARNING cinder.scheduler.host_manager [None req-abbcd2e4-eb9a-405b-833a-0e44919c3774 2d8ac662a3c344ee940b747d0e6e56de e3658723e0a1424884435c34b2025271 - - - -] volume service is down. (host: rack02-server70@lvm-1)
2023-05-22 13:31:42.881 7 WARNING cinder.scheduler.host_manager [None req-d721761c-4e73-4f92-8a40-3001abdfa888 8d46a6f7e97b4b588caeadaaa6b1371a 8138d82037d84192a3691f0b555d407b - - - -] volume service is down. (host: rack02-server70@lvm-1)
2023-05-22 13:31:42.973 7 WARNING cinder.scheduler.host_manager [None req-2f7dcebc-b7d3-4e1e-9ad3-93c1f9b33b14 cd9b7bd155624612b9f5ed8f1c99d980 1c99588ef4994c8a8aaab1298438e783 - - - -] volume service is down. (host: rack02-server70@lvm-1)
2023-05-22 13:31:42.975 7 WARNING cinder.scheduler.host_manager [None req-7197e024-2ff4-4c7e-80d0-bfd57e8ae43e 57ab2e6cada7489e929758f5ae9645a7 65aebf1ecc0746ed88c07dcbbfd5ff48 - - - -] volume service is down. (host: rack02-server70@lvm-1)
2023-05-22 13:31:43.084 7 WARNING cinder.scheduler.host_manager [None req-64ea5c03-c8d3-47e8-9e01-4564f3e3d144 cd9b7bd155624612b9f5ed8f1c99d980 1c99588ef4994c8a8aaab1298438e783 - - - -] volume service is down. (host: rack02-server70@lvm-1)
2023-05-22 13:31:43.281 7 WARNING cinder.scheduler.host_manager [None req-7e8a2bbe-83e3-4593-8fee-4fd9eab7b687 cd9b7bd155624612b9f5ed8f1c99d980 1c99588ef4994c8a8aaab1298438e783 - - - -] volume service is down. (host: rack02-server70@lvm-1)
2023-05-22 13:31:43.469 7 WARNING cinder.scheduler.host_manager [None req-36d9e8e8-ceb2-48c3-98d4-6b2511ae4269 cd9b7bd155624612b9f5ed8f1c99d980 1c99588ef4994c8a8aaab1298438e783 - - - -] volume service is down. (host: rack02-server70@lvm-1)
2023-05-22 13:31:43.654 7 WARNING cinder.scheduler.host_manager [None req-2fc7b553-b4e8-424b-8ca8-2a4347119ec4 cd9b7bd155624612b9f5ed8f1c99d980 1c99588ef4994c8a8aaab1298438e783 - - - -] volume service is down. (host: rack02-server70@lvm-1)
2023-05-22 13:31:44.064 7 WARNING cinder.scheduler.host_manager [None req-5abec9b7-385c-4702-bf91-354ef7e11a3d 8d46a6f7e97b4b588caeadaaa6b1371a 8138d82037d84192a3691f0b555d407b - - - -] volume service is down. (host: rack02-server70@lvm-1)
2023-05-22 13:31:44.217 7 WARNING cinder.scheduler.host_manager [None req-54503dcd-b7d4-46d8-9489-3f119d4a8f91 57ab2e6cada7489e929758f5ae9645a7 65aebf1ecc0746ed88c07dcbbfd5ff48 - - - -] volume service is down. (host: rack02-server70@lvm-1)
2023-05-22 13:31:46.346 7 WARNING cinder.scheduler.host_manager [None req-db35a712-eec0-46c8-9bc0-3ffe304d560d 8d46a6f7e97b4b588caeadaaa6b1371a 8138d82037d84192a3691f0b555d407b - - - -] volume service is down. (host: rack02-server70@lvm-1)
2023-05-22 13:31:46.499 7 WARNING cinder.scheduler.host_manager [None req-ca5ca5cc-cd95-4946-9391-87004075a0bf 57ab2e6cada7489e929758f5ae9645a7 65aebf1ecc0746ed88c07dcbbfd5ff48 - - - -] volume service is down. (host: rack02-server70@lvm-1)
2023-05-22 13:31:46.547 7 WARNING cinder.scheduler.host_manager [None req-4adc2551-1e27-40b6-b70f-5343eae05597 8d46a6f7e97b4b588caeadaaa6b1371a 8138d82037d84192a3691f0b555d407b - - - -] volume service is down. (host: rack02-server70@lvm-1)
2023-05-22 13:31:46.722 7 WARNING cinder.scheduler.host_manager [None req-085a358b-2ac9-4348-9c14-25c6c976ff62 8d46a6f7e97b4b588caeadaaa6b1371a 8138d82037d84192a3691f0b555d407b - - - -] volume service is down. (host: rack02-server70@lvm-1)
2023-05-22 13:31:46.903 7 WARNING cinder.scheduler.host_manager [None req-6112b650-beb0-4059-a5ea-b0919b4d1497 8d46a6f7e97b4b588caeadaaa6b1371a 8138d82037d84192a3691f0b555d407b - - - -] volume service is down. (host: rack02-server70@lvm-1)
2023-05-22 13:31:47.084 7 WARNING cinder.scheduler.host_manager [None req-452ac397-6362-44cf-8323-3369487e7e8b 8d46a6f7e97b4b588caeadaaa6b1371a 8138d82037d84192a3691f0b555d407b - - - -] volume service is down. (host: rack02-server70@lvm-1)
2023-05-22 13:31:54.649 7 WARNING cinder.scheduler.host_manager [None req-5d554572-7ed4-43d7-9476-6aee7102a3c1 2c56cc82f76747b0a0adb96eaad6b2b7 c77e26be96cb44c891be98ceccca7606 - - - -] volume service is down. (host: rack02-server70@lvm-1)
2023-05-22 13:31:56.974 7 WARNING cinder.scheduler.host_manager [None req-357a38fe-7c1b-43da-8c53-f2818d2a6704 2c56cc82f76747b0a0adb96eaad6b2b7 c77e26be96cb44c891be98ceccca7606 - - - -] volume service is down. (host: rack02-server70@lvm-1)
2023-05-22 13:31:57.168 7 WARNING cinder.scheduler.host_manager [None req-20fd0238-6f9f-4859-b7a5-39762282cd0d 2c56cc82f76747b0a0adb96eaad6b2b7 c77e26be96cb44c891be98ceccca7606 - - - -] volume service is down. (host: rack02-server70@lvm-1)
2023-05-22 13:31:57.370 7 WARNING cinder.scheduler.host_manager [None req-93078ec9-2348-443e-b5d4-aad7f4de8a66 2c56cc82f76747b0a0adb96eaad6b2b7 c77e26be96cb44c891be98ceccca7606 - - - -] volume service is down. (host: rack02-server70@lvm-1)
2023-05-22 13:31:57.550 7 WARNING cinder.scheduler.host_manager [None req-b17f7c43-5b2a-4394-96ad-d44838b0ec32 2c56cc82f76747b0a0adb96eaad6b2b7 c77e26be96cb44c891be98ceccca7606 - - - -] volume service is down. (host: rack02-server70@lvm-1)
2023-05-22 13:31:57.742 7 WARNING cinder.scheduler.host_manager [None req-8ef078c4-4175-4685-8cbc-ff2e4deb2eea 2c56cc82f76747b0a0adb96eaad6b2b7 c77e26be96cb44c891be98ceccca7606 - - - -] volume service is down. (host: rack02-server70@lvm-1)
